Lacerta_agilis_C9A	NC_086154.1	589	74	461	534	246422018	246422239	74.324	3.72e-28	125
Lacerta_agilis_C9A	NC_086154.1	589	78	279	356	246417626	246417859	69.231	9.64e-28	124
Lacerta_agilis_C9A	NC_086154.1	589	46	156	201	246415280	246415417	73.913	4.14e-15	84.7
Lacerta_agilis_C9A	NC_086154.1	589	55	100	154	246413325	246413489	61.818	1.51e-11	73.2
Lacerta_agilis_C9A	NC_086154.1	589	54	405	458	246419464	246419625	55.556	1.33e-09	67.0
Lacerta_agilis_C9A	NC_086154.1	589	46	540	584	246423706	246423843	63.043	6.80e-08	61.2
Lacerta_agilis_C9A	NC_086154.1	589	81	194	274	246416672	246416902	40.741	4.91e-07	58.5
Lacerta_agilis_C9A	NC_086154.1	589	58	470	527	245751509	245751336	44.828	1.79e-06	56.6
Lacerta_agilis_C9A	NC_086154.1	589	79	279	357	245689553	245689789	30.380	5.14e-06	55.1
Lacerta_agilis_C9A	NC_086154.1	589	56	53	107	246412260	246412427	48.214	6.86e-06	54.7
Lacerta_agilis_C9A	NC_086156.1	589	223	300	517	103218629	103219255	26.906	3.21e-10	68.9
Lacerta_agilis_C9A	NC_086156.1	589	224	299	517	103206535	103207164	27.679	7.73e-10	67.8
Lacerta_agilis_C9A	NC_086155.1	589	79	279	357	66344809	66345045	37.975	2.25e-09	66.2
Lacerta_agilis_C9A	NC_086155.1	589	84	279	362	66386767	66386516	28.571	5.05e-08	61.6
Zootoca_vivipara_C9A	NC_086154.1	589	78	279	356	246417626	246417859	70.513	3.00e-28	126
Zootoca_vivipara_C9A	NC_086154.1	589	74	461	534	246422018	246422239	74.324	5.96e-28	125
Zootoca_vivipara_C9A	NC_086154.1	589	46	156	201	246415280	246415417	73.913	4.51e-15	84.3
Zootoca_vivipara_C9A	NC_086154.1	589	55	100	154	246413325	246413489	61.818	2.11e-11	72.8
Zootoca_vivipara_C9A	NC_086154.1	589	54	405	458	246419464	246419625	57.407	3.35e-10	68.9
Zootoca_vivipara_C9A	NC_086154.1	589	46	540	584	246423706	246423843	63.043	6.09e-08	61.6
Zootoca_vivipara_C9A	NC_086154.1	589	58	470	527	245751509	245751336	43.103	3.14e-06	55.8
Zootoca_vivipara_C9A	NC_086154.1	589	79	279	357	245689553	245689789	30.380	3.95e-06	55.5
Zootoca_vivipara_C9A	NC_086154.1	589	81	194	274	246416672	246416902	43.210	3.98e-06	55.5
Zootoca_vivipara_C9A	NC_086154.1	589	56	53	107	246412260	246412427	48.214	7.41e-06	54.7
Zootoca_vivipara_C9A	NC_086156.1	589	224	299	517	103206535	103207164	25.446	4.37e-09	65.1
Zootoca_vivipara_C9A	NC_086156.1	589	225	300	517	103218629	103219255	25.778	4.37e-09	65.1
Zootoca_vivipara_C9A	NC_086156.1	589	223	300	516	105080497	105079898	23.318	2.44e-07	59.3
Zootoca_vivipara_C9A	NC_086155.1	589	79	279	357	66344809	66345045	37.975	4.48e-09	65.1
Zootoca_vivipara_C9A	NC_086155.1	589	84	279	362	66386767	66386516	28.571	6.80e-08	61.2
Zootoca_vivipara_C9A	NC_086155.1	589	80	447	525	66360016	66360255	36.250	7.04e-06	54.7
Podarcis_muralis_C9A	NC_086154.1	589	79	278	356	246417623	246417859	69.620	2.38e-28	126
Podarcis_muralis_C9A	NC_086154.1	589	74	461	534	246422018	246422239	72.973	1.34e-27	124
Podarcis_muralis_C9A	NC_086154.1	589	46	156	201	246415280	246415417	73.913	4.11e-15	84.7
Podarcis_muralis_C9A	NC_086154.1	589	55	100	154	246413325	246413489	61.818	1.55e-11	73.2
Podarcis_muralis_C9A	NC_086154.1	589	56	403	458	246419458	246419625	53.571	4.72e-09	65.1
Podarcis_muralis_C9A	NC_086154.1	589	46	540	584	246423706	246423843	63.043	6.74e-08	61.2
Podarcis_muralis_C9A	NC_086154.1	589	81	194	274	246416672	246416902	40.741	5.34e-07	58.5
Podarcis_muralis_C9A	NC_086154.1	589	60	470	529	245751509	245751330	41.667	1.08e-06	57.4
Podarcis_muralis_C9A	NC_086154.1	589	79	279	357	245689553	245689789	30.380	5.45e-06	55.1
Podarcis_muralis_C9A	NC_086154.1	589	56	53	107	246412260	246412427	48.214	5.74e-06	55.1
Podarcis_muralis_C9A	NC_086156.1	589	223	299	516	103206535	103207161	26.906	1.12e-08	63.9
Podarcis_muralis_C9A	NC_086156.1	589	224	300	516	103218629	103219252	25.893	1.41e-08	63.5
Podarcis_muralis_C9A	NC_086156.1	589	219	300	516	105080497	105079898	23.744	4.74e-07	58.5
Podarcis_muralis_C9A	NC_086155.1	589	79	279	357	66344809	66345045	36.709	1.35e-08	63.5
Podarcis_muralis_C9A	NC_086155.1	589	84	279	362	66386767	66386516	29.762	2.78e-08	62.4
Podarcis_muralis_C9A	NC_086155.1	589	80	447	525	66360016	66360255	36.250	1.92e-06	56.6
Anolis_carolinensis_C9A	NC_086154.1	591	81	457	537	246422000	246422242	65.432	1.28e-28	127
Anolis_carolinensis_C9A	NC_086154.1	591	79	280	358	246417623	246417859	62.025	1.46e-23	111
Anolis_carolinensis_C9A	NC_086154.1	591	46	157	202	246415280	246415417	71.739	3.10e-14	82.0
Anolis_carolinensis_C9A	NC_086154.1	591	50	538	587	246423694	246423843	56.000	7.58e-10	67.8
Anolis_carolinensis_C9A	NC_086154.1	591	50	106	155	246413340	246413489	60.000	5.40e-09	64.7
Anolis_carolinensis_C9A	NC_086154.1	591	60	408	467	246419467	246419646	48.333	1.38e-08	63.5
Anolis_carolinensis_C9A	NC_086154.1	591	79	281	359	245689553	245689789	35.443	4.78e-08	61.6
Anolis_carolinensis_C9A	NC_086154.1	591	92	281	372	245721963	245722235	31.522	3.99e-07	58.9
Anolis_carolinensis_C9A	NC_086154.1	591	68	461	528	245751539	245751339	39.706	1.01e-06	57.4
Anolis_carolinensis_C9A	NC_086154.1	591	54	25	78	246411547	246411705	44.444	1.20e-06	57.4
Anolis_carolinensis_C9A	NC_086154.1	591	38	542	579	245749809	245749696	57.895	1.93e-06	56.6
Anolis_carolinensis_C9A	NC_086156.1	591	223	301	518	103206535	103207161	27.803	1.54e-08	63.5
Anolis_carolinensis_C9A	NC_086156.1	591	228	302	518	103218629	103219252	27.632	1.72e-08	63.2
Anolis_carolinensis_C9A	NC_086155.1	591	79	281	359	66386767	66386531	34.177	1.92e-08	63.2
Anolis_carolinensis_C9A	NC_086155.1	591	80	449	527	66360016	66360255	32.500	3.05e-06	55.8
Anolis_carolinensis_C9A	NC_086170.1	591	55	540	591	4988002	4988166	43.636	4.32e-06	55.5
Pogona_vitticeps_C9A	NC_086154.1	576	68	444	511	246422018	246422221	79.412	1.61e-26	120
Pogona_vitticeps_C9A	NC_086154.1	576	84	262	345	246417626	246417877	61.905	2.07e-24	114
Pogona_vitticeps_C9A	NC_086154.1	576	50	157	206	246415280	246415429	72.000	2.17e-15	85.5
Pogona_vitticeps_C9A	NC_086154.1	576	48	524	571	246423700	246423843	75.000	1.46e-14	82.8
Pogona_vitticeps_C9A	NC_086154.1	576	50	106	155	246413340	246413489	62.000	6.23e-10	67.8
Pogona_vitticeps_C9A	NC_086154.1	576	68	381	448	246419443	246419646	47.059	8.93e-10	67.4
Pogona_vitticeps_C9A	NC_086154.1	576	47	26	72	246411550	246411687	59.574	7.55e-09	64.3
Pogona_vitticeps_C9A	NC_086154.1	576	49	524	571	245726989	245727135	63.265	7.88e-09	64.3
Pogona_vitticeps_C9A	NC_086154.1	576	79	262	340	245689553	245689789	37.975	3.19e-08	62.4
Pogona_vitticeps_C9A	NC_086154.1	576	58	515	571	245696479	245696652	50.000	1.22e-07	60.5
Pogona_vitticeps_C9A	NC_086154.1	576	50	526	575	245749809	245749660	52.000	4.49e-07	58.5
Pogona_vitticeps_C9A	NC_086154.1	576	70	443	512	245751536	245751330	42.857	1.02e-06	57.4
Pogona_vitticeps_C9A	NC_086156.1	576	233	282	507	103206535	103207185	28.326	1.84e-11	72.8
Pogona_vitticeps_C9A	NC_086156.1	576	224	283	499	103218629	103219252	29.018	1.60e-10	69.7
Pogona_vitticeps_C9A	NC_086156.1	576	215	287	501	105080485	105079892	22.791	8.84e-06	54.3
Pogona_vitticeps_C9A	NC_086155.1	576	85	256	340	66344791	66345045	36.471	8.30e-09	64.3
Pogona_vitticeps_C9A	NC_086155.1	576	46	520	565	66362818	66362955	58.696	3.66e-07	58.9
Pogona_vitticeps_C9A	NC_086155.1	576	80	430	508	66360016	66360255	33.750	6.00e-07	58.2
Pogona_vitticeps_C9A	NC_086155.1	576	79	262	340	66386767	66386531	29.114	4.63e-06	55.5
Pogona_vitticeps_C9A	NC_086170.1	576	65	514	575	4987972	4988166	40.000	2.92e-06	55.8
Gekko_japonicus_C9A	NC_086154.1	582	69	457	525	246422018	246422224	65.217	6.92e-22	106
Gekko_japonicus_C9A	NC_086154.1	582	78	295	372	246417626	246417859	56.410	3.31e-20	100
Gekko_japonicus_C9A	NC_086154.1	582	44	174	217	246415280	246415411	61.364	5.41e-10	68.2
Gekko_japonicus_C9A	NC_086154.1	582	51	122	172	246413340	246413489	62.745	5.79e-10	68.2
Gekko_japonicus_C9A	NC_086154.1	582	46	536	581	245749809	245749672	58.696	4.77e-09	65.1
Gekko_japonicus_C9A	NC_086154.1	582	50	532	581	246423694	246423843	60.000	8.17e-09	64.3
Gekko_japonicus_C9A	NC_086154.1	582	79	295	373	245689553	245689789	34.177	1.30e-08	63.5
Gekko_japonicus_C9A	NC_086154.1	582	67	457	523	245751533	245751336	46.269	3.48e-08	62.4
Gekko_japonicus_C9A	NC_086154.1	582	64	466	527	245694919	245695110	40.625	5.30e-06	55.1
Gekko_japonicus_C9A	NC_086154.1	582	128	287	407	245721939	245722319	26.562	7.78e-06	54.7
Gekko_japonicus_C9A	NC_086156.1	582	210	316	512	105080497	105079898	26.667	1.66e-08	63.2
Gekko_japonicus_C9A	NC_086155.1	582	79	295	373	66344809	66345045	34.177	9.13e-08	60.8
Gekko_japonicus_C9A	NC_086155.1	582	84	295	378	66386767	66386516	30.952	4.20e-07	58.5
Gekko_japonicus_C9A	NC_086155.1	582	67	456	521	66360055	66360255	38.806	1.11e-06	57.4
Crotalus_tigris_C9A	NC_086154.1	583	80	453	532	246422000	246422239	80.000	1.47e-32	139
Crotalus_tigris_C9A	NC_086154.1	583	78	276	353	246417623	246417856	80.769	1.34e-31	136
Crotalus_tigris_C9A	NC_086154.1	583	61	403	463	246419464	246419646	75.410	2.47e-19	98.2
Crotalus_tigris_C9A	NC_086154.1	583	50	107	156	246413340	246413489	88.000	1.42e-18	95.9
Crotalus_tigris_C9A	NC_086154.1	583	46	158	203	246415280	246415417	80.435	6.70e-16	87.0
Crotalus_tigris_C9A	NC_086154.1	583	50	534	583	246423694	246423843	64.000	1.74e-13	79.3
Crotalus_tigris_C9A	NC_086154.1	583	77	196	272	246416672	246416902	50.649	2.16e-12	75.9
Crotalus_tigris_C9A	NC_086154.1	583	47	26	72	246411550	246411687	63.830	6.03e-09	64.7
Crotalus_tigris_C9A	NC_086154.1	583	80	30	109	246412218	246412427	53.750	2.28e-08	62.8
Crotalus_tigris_C9A	NC_086154.1	583	126	443	549	245725781	245726155	32.540	5.32e-06	55.1
Crotalus_tigris_C9A	NC_086156.1	583	222	298	514	103218629	103219252	27.477	1.02e-10	70.5
Crotalus_tigris_C9A	NC_086156.1	583	224	297	514	103206535	103207161	27.232	9.56e-09	63.9
Crotalus_tigris_C9A	NC_086155.1	583	47	537	583	66362833	66362973	53.191	3.90e-08	62.0
Crotalus_tigris_C9A	NC_086155.1	583	77	277	353	66344809	66345039	36.364	1.04e-07	60.8
Crotalus_tigris_C9A	NC_086155.1	583	86	277	362	66386767	66386510	26.744	9.01e-06	54.3
Thamnophis_elegans_C9A	NC_086154.1	583	80	276	355	246417623	246417862	82.500	5.36e-33	140
Thamnophis_elegans_C9A	NC_086154.1	583	80	453	532	246422000	246422239	81.250	8.12e-33	140
Thamnophis_elegans_C9A	NC_086154.1	583	68	396	463	246419443	246419646	72.059	1.49e-21	105
Thamnophis_elegans_C9A	NC_086154.1	583	50	107	156	246413340	246413489	84.000	6.33e-17	90.5
Thamnophis_elegans_C9A	NC_086154.1	583	50	534	583	246423694	246423843	74.000	5.45e-16	87.4
Thamnophis_elegans_C9A	NC_086154.1	583	77	196	271	246416672	246416899	59.740	5.59e-16	87.4
Thamnophis_elegans_C9A	NC_086154.1	583	46	158	203	246415280	246415417	78.261	4.10e-15	84.7
Thamnophis_elegans_C9A	NC_086154.1	583	56	54	109	246412260	246412427	69.643	1.10e-10	70.5
Thamnophis_elegans_C9A	NC_086154.1	583	47	26	72	246411550	246411687	65.957	1.91e-10	69.7
Thamnophis_elegans_C9A	NC_086154.1	583	55	530	583	245696488	245696652	49.091	2.21e-08	62.8
Thamnophis_elegans_C9A	NC_086154.1	583	49	536	583	245726989	245727135	53.061	2.09e-07	59.7
Thamnophis_elegans_C9A	NC_086154.1	583	100	274	365	245689544	245689843	34.000	1.80e-06	56.6
Thamnophis_elegans_C9A	NC_086154.1	583	42	354	395	246418460	246418585	61.905	3.42e-06	55.8
Thamnophis_elegans_C9A	NC_086154.1	583	78	266	343	245721936	245722163	34.615	3.60e-06	55.8
Thamnophis_elegans_C9A	NC_086156.1	583	229	298	514	103218629	103219252	28.384	8.48e-09	64.3
Thamnophis_elegans_C9A	NC_086156.1	583	229	297	514	103206535	103207161	25.764	1.78e-07	60.1
Thamnophis_elegans_C9A	NC_086155.1	583	50	530	579	66374365	66374216	50.000	3.84e-08	62.0
Thamnophis_elegans_C9A	NC_086155.1	583	86	277	362	66386767	66386510	31.395	1.13e-07	60.5
Thamnophis_elegans_C9A	NC_086155.1	583	78	277	354	66344809	66345042	34.615	7.57e-07	57.8
Thamnophis_elegans_C9A	NC_086155.1	583	47	537	583	66362833	66362973	48.936	1.73e-06	56.6
Naja_naja_C9A	NC_086154.1	582	77	455	531	246422009	246422239	81.818	7.19e-32	137
Naja_naja_C9A	NC_086154.1	582	78	276	353	246417623	246417856	78.205	7.62e-31	134
Naja_naja_C9A	NC_086154.1	582	56	401	456	246419461	246419628	75.000	3.34e-18	94.4
Naja_naja_C9A	NC_086154.1	582	50	107	156	246413340	246413489	84.000	1.00e-17	92.8
Naja_naja_C9A	NC_086154.1	582	46	158	203	246415280	246415417	84.783	6.30e-17	90.5
Naja_naja_C9A	NC_086154.1	582	77	196	272	246416672	246416902	53.247	2.72e-13	78.6
Naja_naja_C9A	NC_086154.1	582	48	535	582	246423700	246423843	64.583	5.21e-13	77.8
Naja_naja_C9A	NC_086154.1	582	47	26	70	246411550	246411690	68.085	3.36e-09	65.5
Naja_naja_C9A	NC_086154.1	582	56	54	109	246412260	246412427	60.714	2.56e-07	59.3
Naja_naja_C9A	NC_086154.1	582	71	456	526	245751539	245751330	40.845	4.89e-07	58.5
Naja_naja_C9A	NC_086154.1	582	78	451	528	245725808	245726038	37.179	3.16e-06	55.8
Naja_naja_C9A	NC_086154.1	582	43	536	578	245749812	245749684	58.140	3.18e-06	55.8
Naja_naja_C9A	NC_086154.1	582	67	277	343	245689553	245689753	37.313	4.36e-06	55.5
Naja_naja_C9A	NC_086156.1	582	225	297	513	103206535	103207161	25.778	8.60e-09	64.3
Naja_naja_C9A	NC_086156.1	582	222	298	513	103218629	103219252	25.676	3.86e-08	62.0
Naja_naja_C9A	NC_086156.1	582	219	298	513	105080497	105079898	25.114	5.03e-08	61.6
Naja_naja_C9A	NC_086155.1	582	47	536	582	66362833	66362973	53.191	6.12e-08	61.2
Naja_naja_C9A	NC_086155.1	582	76	277	352	66344809	66345036	39.474	6.33e-08	61.2
Naja_naja_C9A	NC_086155.1	582	86	277	362	66386767	66386510	29.070	2.65e-07	59.3
Pseudonaja_textilis_C9A	NC_086154.1	583	78	276	353	246417623	246417856	82.051	4.05e-32	138
Pseudonaja_textilis_C9A	NC_086154.1	583	77	456	532	246422009	246422239	81.818	9.21e-32	137
Pseudonaja_textilis_C9A	NC_086154.1	583	56	402	457	246419461	246419628	78.571	4.39e-19	97.4
Pseudonaja_textilis_C9A	NC_086154.1	583	50	107	156	246413340	246413489	88.000	1.40e-18	95.9
Pseudonaja_textilis_C9A	NC_086154.1	583	46	158	203	246415280	246415417	84.783	6.07e-17	90.5
Pseudonaja_textilis_C9A	NC_086154.1	583	77	196	272	246416672	246416902	51.948	3.65e-13	78.2
Pseudonaja_textilis_C9A	NC_086154.1	583	48	536	583	246423700	246423843	66.667	4.60e-13	78.2
Pseudonaja_textilis_C9A	NC_086154.1	583	47	26	70	246411550	246411690	70.213	8.68e-10	67.4
Pseudonaja_textilis_C9A	NC_086154.1	583	56	54	109	246412260	246412427	62.500	1.34e-07	60.5
Pseudonaja_textilis_C9A	NC_086154.1	583	69	457	525	245751539	245751336	40.580	8.39e-07	57.8
Pseudonaja_textilis_C9A	NC_086154.1	583	47	537	583	245749812	245749672	55.319	2.05e-06	56.6
Pseudonaja_textilis_C9A	NC_086156.1	583	222	298	514	103218629	103219252	26.126	2.32e-09	65.9
Pseudonaja_textilis_C9A	NC_086156.1	583	225	297	514	103206535	103207161	25.778	1.14e-08	63.9
Pseudonaja_textilis_C9A	NC_086156.1	583	217	298	514	105080497	105079898	23.963	1.80e-07	60.1
Pseudonaja_textilis_C9A	NC_086155.1	583	76	277	352	66344809	66345036	39.474	3.29e-08	62.4
Pseudonaja_textilis_C9A	NC_086155.1	583	43	537	579	66362833	66362961	58.140	3.29e-08	62.4
Pseudonaja_textilis_C9A	NC_086155.1	583	86	277	362	66386767	66386510	27.907	1.01e-06	57.4
Python_bivittatus_C9A	NC_086154.1	582	80	453	532	246422000	246422239	88.750	4.70e-36	150
Python_bivittatus_C9A	NC_086154.1	582	81	274	354	246417617	246417859	81.481	2.99e-33	141
Python_bivittatus_C9A	NC_086154.1	582	78	196	273	246416672	246416905	65.385	1.99e-22	107
Python_bivittatus_C9A	NC_086154.1	582	62	396	457	246419443	246419628	79.032	5.71e-21	103
Python_bivittatus_C9A	NC_086154.1	582	50	107	156	246413340	246413489	90.000	1.98e-19	98.6
Python_bivittatus_C9A	NC_086154.1	582	46	158	203	246415280	246415417	89.130	3.34e-18	94.4
Python_bivittatus_C9A	NC_086154.1	582	49	534	582	246423697	246423843	71.429	3.73e-14	81.6
Python_bivittatus_C9A	NC_086154.1	582	42	354	395	246418460	246418585	80.952	1.46e-11	73.2
Python_bivittatus_C9A	NC_086154.1	582	56	54	109	246412260	246412427	71.429	7.64e-11	70.9
Python_bivittatus_C9A	NC_086154.1	582	47	26	70	246411550	246411690	70.213	3.32e-10	68.9
Python_bivittatus_C9A	NC_086154.1	582	55	529	582	245726971	245727135	50.909	6.26e-07	58.2
Python_bivittatus_C9A	NC_086154.1	582	69	457	525	245751539	245751336	40.580	3.38e-06	55.8
Python_bivittatus_C9A	NC_086154.1	582	39	536	574	245749812	245749696	61.538	4.95e-06	55.1
Python_bivittatus_C9A	NC_086156.1	582	222	298	514	103218629	103219252	27.027	6.01e-09	64.7
Python_bivittatus_C9A	NC_086156.1	582	229	297	514	103206535	103207161	26.201	2.82e-08	62.4
Python_bivittatus_C9A	NC_086155.1	582	41	536	576	66362833	66362955	60.976	1.97e-08	63.2
Python_bivittatus_C9A	NC_086155.1	582	86	277	362	66386767	66386510	32.558	4.17e-08	62.0
Python_bivittatus_C9A	NC_086155.1	582	79	277	355	66344809	66345045	36.709	6.06e-08	61.2
Notechis_scutatus_C9A	NC_086154.1	583	78	276	353	246417623	246417856	82.051	4.39e-32	137
Notechis_scutatus_C9A	NC_086154.1	583	77	456	532	246422009	246422239	79.221	1.20e-30	133
Notechis_scutatus_C9A	NC_086154.1	583	60	398	457	246419449	246419628	75.000	2.77e-19	97.8
Notechis_scutatus_C9A	NC_086154.1	583	50	107	156	246413340	246413489	86.000	5.95e-18	93.6
Notechis_scutatus_C9A	NC_086154.1	583	46	158	203	246415280	246415417	84.783	6.07e-17	90.5
Notechis_scutatus_C9A	NC_086154.1	583	77	196	272	246416672	246416902	53.247	2.57e-13	79.0
Notechis_scutatus_C9A	NC_086154.1	583	48	536	583	246423700	246423843	66.667	4.68e-13	78.2
Notechis_scutatus_C9A	NC_086154.1	583	67	1	64	246411466	246411666	53.731	1.19e-10	70.1
Notechis_scutatus_C9A	NC_086154.1	583	56	54	109	246412260	246412427	62.500	1.09e-07	60.5
Notechis_scutatus_C9A	NC_086154.1	583	69	457	525	245751539	245751336	40.580	1.45e-06	57.0
Notechis_scutatus_C9A	NC_086154.1	583	47	537	583	245749812	245749672	55.319	2.14e-06	56.2
Notechis_scutatus_C9A	NC_086156.1	583	222	298	514	103218629	103219252	26.126	1.79e-09	66.2
Notechis_scutatus_C9A	NC_086156.1	583	225	297	514	103206535	103207161	25.778	7.72e-09	64.3
Notechis_scutatus_C9A	NC_086156.1	583	217	298	514	105080497	105079898	23.041	2.57e-07	59.3
Notechis_scutatus_C9A	NC_086155.1	583	43	537	579	66362833	66362961	58.140	3.16e-08	62.4
Notechis_scutatus_C9A	NC_086155.1	583	76	277	352	66344809	66345036	39.474	3.26e-08	62.4
Notechis_scutatus_C9A	NC_086155.1	583	86	277	362	66386767	66386510	27.907	9.94e-07	57.4
Hydrophis_cyanocinctus_C9A	NC_086154.1	583	78	276	353	246417623	246417856	82.051	2.34e-32	138
Hydrophis_cyanocinctus_C9A	NC_086154.1	583	77	456	532	246422009	246422239	77.922	4.78e-30	131
Hydrophis_cyanocinctus_C9A	NC_086154.1	583	60	398	457	246419449	246419628	73.333	4.32e-18	94.4
Hydrophis_cyanocinctus_C9A	NC_086154.1	583	50	107	156	246413340	246413489	86.000	6.16e-18	93.6
Hydrophis_cyanocinctus_C9A	NC_086154.1	583	46	158	203	246415280	246415417	84.783	6.39e-17	90.5
Hydrophis_cyanocinctus_C9A	NC_086154.1	583	77	196	272	246416672	246416902	53.247	2.73e-13	78.6
Hydrophis_cyanocinctus_C9A	NC_086154.1	583	48	536	583	246423700	246423843	66.667	4.85e-13	77.8
Hydrophis_cyanocinctus_C9A	NC_086154.1	583	47	26	70	246411550	246411690	70.213	9.06e-10	67.4
Hydrophis_cyanocinctus_C9A	NC_086154.1	583	56	54	109	246412260	246412427	62.500	1.11e-07	60.5
Hydrophis_cyanocinctus_C9A	NC_086154.1	583	69	457	525	245751539	245751336	40.580	1.55e-06	57.0
Hydrophis_cyanocinctus_C9A	NC_086154.1	583	47	537	583	245749812	245749672	55.319	2.05e-06	56.6
Hydrophis_cyanocinctus_C9A	NC_086156.1	583	222	298	514	103218629	103219252	26.126	3.82e-10	68.6
Hydrophis_cyanocinctus_C9A	NC_086156.1	583	223	297	514	103206535	103207161	24.664	4.32e-09	65.1
Hydrophis_cyanocinctus_C9A	NC_086156.1	583	217	298	514	105080497	105079898	23.502	1.39e-07	60.1
Hydrophis_cyanocinctus_C9A	NC_086155.1	583	80	273	352	66344797	66345036	38.750	3.08e-08	62.4
Hydrophis_cyanocinctus_C9A	NC_086155.1	583	43	537	579	66362833	66362961	58.140	3.29e-08	62.4
Hydrophis_cyanocinctus_C9A	NC_086155.1	583	86	277	362	66386767	66386510	27.907	1.37e-06	57.0
Laticauda_colubrina_C9A	NC_086154.1	583	78	276	353	246417623	246417856	82.051	2.06e-32	139
Laticauda_colubrina_C9A	NC_086154.1	583	77	456	532	246422009	246422239	80.519	7.11e-31	134
Laticauda_colubrina_C9A	NC_086154.1	583	56	402	457	246419461	246419628	76.786	5.27e-19	97.1
Laticauda_colubrina_C9A	NC_086154.1	583	50	107	156	246413340	246413489	84.000	1.52e-17	92.4
Laticauda_colubrina_C9A	NC_086154.1	583	46	158	203	246415280	246415417	84.783	7.47e-17	90.1
Laticauda_colubrina_C9A	NC_086154.1	583	58	526	583	246423676	246423843	58.621	1.08e-12	76.6
Laticauda_colubrina_C9A	NC_086154.1	583	77	196	272	246416672	246416902	50.649	3.09e-12	75.5
Laticauda_colubrina_C9A	NC_086154.1	583	47	26	70	246411550	246411690	70.213	1.37e-09	66.6
Laticauda_colubrina_C9A	NC_086154.1	583	56	54	109	246412260	246412427	62.500	2.77e-07	59.3
Laticauda_colubrina_C9A	NC_086154.1	583	69	457	525	245751539	245751336	40.580	8.04e-07	57.8
Laticauda_colubrina_C9A	NC_086154.1	583	47	537	583	245749812	245749672	55.319	2.07e-06	56.6
Laticauda_colubrina_C9A	NC_086156.1	583	222	298	514	103218629	103219252	25.225	9.24e-09	63.9
Laticauda_colubrina_C9A	NC_086156.1	583	223	297	514	103206535	103207161	24.215	3.97e-08	62.0
Laticauda_colubrina_C9A	NC_086156.1	583	219	298	514	105080497	105079898	24.201	1.10e-06	57.4
Laticauda_colubrina_C9A	NC_086155.1	583	76	277	352	66344809	66345036	39.474	3.47e-08	62.4
Laticauda_colubrina_C9A	NC_086155.1	583	43	537	579	66362833	66362961	55.814	1.06e-07	60.5
Laticauda_colubrina_C9A	NC_086155.1	583	86	277	362	66386767	66386510	27.907	1.90e-06	56.6
Protobothrops_mucrosquamatus_C9A	NC_086154.1	583	80	453	532	246422000	246422239	85.000	1.61e-35	148
Protobothrops_mucrosquamatus_C9A	NC_086154.1	583	79	276	354	246417623	246417859	86.076	2.58e-34	144
Protobothrops_mucrosquamatus_C9A	NC_086154.1	583	74	199	272	246416681	246416902	64.865	1.89e-21	104
Protobothrops_mucrosquamatus_C9A	NC_086154.1	583	62	396	457	246419443	246419628	75.806	2.29e-20	101
Protobothrops_mucrosquamatus_C9A	NC_086154.1	583	50	107	156	246413340	246413489	88.000	8.81e-19	96.3
Protobothrops_mucrosquamatus_C9A	NC_086154.1	583	50	534	583	246423694	246423843	78.000	2.00e-17	92.0
Protobothrops_mucrosquamatus_C9A	NC_086154.1	583	46	158	203	246415280	246415417	84.783	2.30e-17	91.7
Protobothrops_mucrosquamatus_C9A	NC_086154.1	583	56	54	109	246412260	246412427	71.429	4.31e-10	68.6
Protobothrops_mucrosquamatus_C9A	NC_086154.1	583	47	26	72	246411550	246411687	65.957	5.29e-10	68.2
Protobothrops_mucrosquamatus_C9A	NC_086154.1	583	42	354	395	246418460	246418585	71.429	8.41e-09	64.3
Protobothrops_mucrosquamatus_C9A	NC_086154.1	583	100	274	365	245689544	245689843	34.000	8.78e-08	60.8
Protobothrops_mucrosquamatus_C9A	NC_086154.1	583	43	537	579	245749812	245749684	55.814	3.58e-07	58.9
Protobothrops_mucrosquamatus_C9A	NC_086154.1	583	111	266	376	245721936	245722259	27.928	8.83e-07	57.8
Protobothrops_mucrosquamatus_C9A	NC_086154.1	583	69	457	525	245751539	245751336	42.029	9.45e-07	57.4
Protobothrops_mucrosquamatus_C9A	NC_086154.1	583	49	536	583	245726989	245727135	55.102	1.79e-06	56.6
Protobothrops_mucrosquamatus_C9A	NC_086154.1	583	48	529	575	245696485	245696628	52.083	2.91e-06	55.8
Protobothrops_mucrosquamatus_C9A	NC_086156.1	583	232	298	514	103218629	103219252	28.879	9.74e-12	73.6
Protobothrops_mucrosquamatus_C9A	NC_086156.1	583	229	297	514	103206535	103207161	27.948	2.59e-11	72.4
Protobothrops_mucrosquamatus_C9A	NC_086155.1	583	43	537	579	66362833	66362961	58.140	9.64e-09	63.9
Protobothrops_mucrosquamatus_C9A	NC_086155.1	583	86	277	362	66386767	66386510	30.233	1.69e-08	63.2
Protobothrops_mucrosquamatus_C9A	NC_086155.1	583	79	277	355	66344809	66345045	36.709	1.72e-08	63.2
Protobothrops_mucrosquamatus_C9A	NC_086155.1	583	50	530	579	66374365	66374216	52.000	2.04e-07	59.7
Chrysopelea_ornata_C9A	NC_086154.1	584	80	454	533	246422000	246422239	81.250	1.05e-33	142
Chrysopelea_ornata_C9A	NC_086154.1	584	79	276	354	246417623	246417859	84.810	2.91e-32	138
Chrysopelea_ornata_C9A	NC_086154.1	584	77	196	272	246416672	246416902	68.831	1.49e-24	114
Chrysopelea_ornata_C9A	NC_086154.1	584	68	397	464	246419443	246419646	69.118	1.97e-20	101
Chrysopelea_ornata_C9A	NC_086154.1	584	50	107	156	246413340	246413489	92.000	1.14e-19	99.4
Chrysopelea_ornata_C9A	NC_086154.1	584	46	158	203	246415280	246415417	89.130	2.30e-18	95.1
Chrysopelea_ornata_C9A	NC_086154.1	584	50	535	584	246423694	246423843	68.000	5.04e-14	81.3
Chrysopelea_ornata_C9A	NC_086154.1	584	47	26	70	246411550	246411690	63.830	5.55e-09	64.7
Chrysopelea_ornata_C9A	NC_086154.1	584	56	54	109	246412260	246412427	64.286	1.96e-07	59.7
Chrysopelea_ornata_C9A	NC_086154.1	584	100	274	365	245689544	245689843	34.000	2.53e-07	59.3
Chrysopelea_ornata_C9A	NC_086154.1	584	56	530	584	245696485	245696652	46.429	1.12e-06	57.4
Chrysopelea_ornata_C9A	NC_086154.1	584	47	538	584	245749812	245749672	53.191	2.79e-06	55.8
Chrysopelea_ornata_C9A	NC_086154.1	584	107	266	372	245721936	245722247	30.841	2.94e-06	55.8
Chrysopelea_ornata_C9A	NC_086154.1	584	69	458	526	245751539	245751336	40.580	4.54e-06	55.5
Chrysopelea_ornata_C9A	NC_086156.1	584	228	298	515	103218629	103219252	26.754	2.53e-09	65.9
Chrysopelea_ornata_C9A	NC_086156.1	584	229	297	515	103206535	103207161	26.638	3.66e-09	65.5
Chrysopelea_ornata_C9A	NC_086155.1	584	79	277	355	66344809	66345045	39.241	1.21e-08	63.5
Chrysopelea_ornata_C9A	NC_086155.1	584	86	277	362	66386767	66386510	30.233	3.75e-08	62.0
Chrysopelea_ornata_C9A	NC_086155.1	584	50	531	580	66374365	66374216	52.000	1.20e-07	60.5
Chrysopelea_ornata_C9A	NC_086155.1	584	47	538	584	66362833	66362973	44.681	5.42e-06	55.1
Pituophis_catenifer_C9A	NC_086154.1	583	80	453	532	246422000	246422239	78.750	1.28e-32	139
Pituophis_catenifer_C9A	NC_086154.1	583	77	277	353	246417626	246417856	84.416	1.97e-32	139
Pituophis_catenifer_C9A	NC_086154.1	583	75	198	272	246416678	246416902	69.333	5.30e-25	115
Pituophis_catenifer_C9A	NC_086154.1	583	50	107	156	246413340	246413489	88.000	2.10e-19	98.2
Pituophis_catenifer_C9A	NC_086154.1	583	54	404	457	246419467	246419628	74.074	2.51e-17	91.7
Pituophis_catenifer_C9A	NC_086154.1	583	46	158	203	246415280	246415417	84.783	4.56e-17	90.9
Pituophis_catenifer_C9A	NC_086154.1	583	50	534	583	246423694	246423843	70.000	6.93e-15	84.0
Pituophis_catenifer_C9A	NC_086154.1	583	47	26	70	246411550	246411690	74.468	2.86e-11	72.4
Pituophis_catenifer_C9A	NC_086154.1	583	41	355	395	246418463	246418585	65.854	7.15e-08	61.2
Pituophis_catenifer_C9A	NC_086154.1	583	56	54	109	246412260	246412427	64.286	1.13e-07	60.5
Pituophis_catenifer_C9A	NC_086154.1	583	48	529	575	245696485	245696628	54.167	3.34e-07	58.9
Pituophis_catenifer_C9A	NC_086154.1	583	47	537	583	245749812	245749672	53.191	1.15e-06	57.4
Pituophis_catenifer_C9A	NC_086154.1	583	49	536	583	245726989	245727135	51.020	5.36e-06	55.1
Pituophis_catenifer_C9A	NC_086154.1	583	74	452	525	245725808	245726026	39.189	8.07e-06	54.7
Pituophis_catenifer_C9A	NC_086156.1	583	224	298	516	103218629	103219258	27.232	4.82e-10	68.2
Pituophis_catenifer_C9A	NC_086156.1	583	227	297	516	103206535	103207167	28.194	1.78e-09	66.2
Pituophis_catenifer_C9A	NC_086155.1	583	51	530	580	66374365	66374213	52.941	1.62e-08	63.2
Pituophis_catenifer_C9A	NC_086155.1	583	79	277	355	66344809	66345045	39.241	3.97e-08	62.0
Pituophis_catenifer_C9A	NC_086155.1	583	89	274	362	66386776	66386510	30.337	8.20e-08	60.8
Pituophis_catenifer_C9A	NC_086155.1	583	47	537	583	66362833	66362973	48.936	4.35e-07	58.5
Pituophis_catenifer_C9A	NC_086155.1	583	80	445	523	66360016	66360255	32.500	8.71e-06	54.3
Pantherophis_obsoletus_C9A	NC_086154.1	583	79	276	354	246417623	246417859	86.076	2.02e-34	145
Pantherophis_obsoletus_C9A	NC_086154.1	583	80	453	532	246422000	246422239	78.750	1.24e-32	139
Pantherophis_obsoletus_C9A	NC_086154.1	583	74	199	272	246416681	246416902	68.919	3.51e-23	110
Pantherophis_obsoletus_C9A	NC_086154.1	583	62	396	457	246419443	246419628	75.806	5.46e-21	103
Pantherophis_obsoletus_C9A	NC_086154.1	583	50	107	156	246413340	246413489	84.000	1.12e-17	92.8
Pantherophis_obsoletus_C9A	NC_086154.1	583	46	158	203	246415280	246415417	82.609	2.09e-16	89.0
Pantherophis_obsoletus_C9A	NC_086154.1	583	50	534	583	246423694	246423843	70.000	6.36e-15	84.0
Pantherophis_obsoletus_C9A	NC_086154.1	583	47	26	70	246411550	246411690	72.340	1.60e-10	69.7
Pantherophis_obsoletus_C9A	NC_086154.1	583	42	354	395	246418460	246418585	66.667	1.48e-08	63.5
Pantherophis_obsoletus_C9A	NC_086154.1	583	56	54	109	246412260	246412427	64.286	2.75e-08	62.4
Pantherophis_obsoletus_C9A	NC_086154.1	583	100	274	365	245689544	245689843	34.000	1.26e-07	60.5
Pantherophis_obsoletus_C9A	NC_086154.1	583	100	277	376	245721963	245722259	30.000	1.89e-07	59.7
Pantherophis_obsoletus_C9A	NC_086154.1	583	48	529	575	245696485	245696628	52.083	1.11e-06	57.4
Pantherophis_obsoletus_C9A	NC_086154.1	583	47	537	583	245749812	245749672	53.191	1.16e-06	57.4
Pantherophis_obsoletus_C9A	NC_086154.1	583	49	536	583	245726989	245727135	51.020	5.32e-06	55.1
Pantherophis_obsoletus_C9A	NC_086154.1	583	74	452	525	245725808	245726026	39.189	8.14e-06	54.7
Pantherophis_obsoletus_C9A	NC_086156.1	583	231	297	516	103206535	103207167	28.139	5.49e-11	71.2
Pantherophis_obsoletus_C9A	NC_086156.1	583	230	298	516	103218629	103219258	28.261	8.14e-11	70.9
Pantherophis_obsoletus_C9A	NC_086155.1	583	86	277	362	66386767	66386510	32.558	6.01e-10	67.8
Pantherophis_obsoletus_C9A	NC_086155.1	583	79	277	355	66344809	66345045	37.975	7.09e-09	64.3
Pantherophis_obsoletus_C9A	NC_086155.1	583	51	530	580	66374365	66374213	52.941	1.50e-08	63.5
Pantherophis_obsoletus_C9A	NC_086155.1	583	47	537	583	66362833	66362973	48.936	4.32e-07	58.5
Pantherophis_obsoletus_C9A	NC_086155.1	583	80	445	523	66360016	66360255	32.500	8.56e-06	54.3
Bothrops_jararaca_C9A	NC_086154.1	583	80	453	532	246422000	246422239	85.000	3.90e-35	147
Bothrops_jararaca_C9A	NC_086154.1	583	79	276	354	246417623	246417859	84.810	1.08e-33	142
Bothrops_jararaca_C9A	NC_086154.1	583	62	396	457	246419443	246419628	80.645	3.67e-23	110
Bothrops_jararaca_C9A	NC_086154.1	583	75	199	273	246416681	246416905	68.000	8.23e-22	105
Bothrops_jararaca_C9A	NC_086154.1	583	50	107	156	246413340	246413489	84.000	1.48e-17	92.4
Bothrops_jararaca_C9A	NC_086154.1	583	46	158	203	246415280	246415417	84.783	2.36e-17	91.7
Bothrops_jararaca_C9A	NC_086154.1	583	50	534	583	246423694	246423843	76.000	5.42e-17	90.5
Bothrops_jararaca_C9A	NC_086154.1	583	56	54	109	246412260	246412427	73.214	2.05e-10	69.3
Bothrops_jararaca_C9A	NC_086154.1	583	47	26	72	246411550	246411687	63.830	2.28e-09	66.2
Bothrops_jararaca_C9A	NC_086154.1	583	42	354	395	246418460	246418585	71.429	4.79e-09	65.1
Bothrops_jararaca_C9A	NC_086154.1	583	82	274	355	245689544	245689789	34.146	2.40e-07	59.3
Bothrops_jararaca_C9A	NC_086154.1	583	43	537	579	245749812	245749684	55.814	7.45e-07	57.8
Bothrops_jararaca_C9A	NC_086154.1	583	117	277	393	245721963	245722292	25.641	1.09e-06	57.4
Bothrops_jararaca_C9A	NC_086154.1	583	48	529	575	245696485	245696628	50.000	7.41e-06	54.7
Bothrops_jararaca_C9A	NC_086156.1	583	224	298	514	103218629	103219252	27.679	9.22e-10	67.4
Bothrops_jararaca_C9A	NC_086156.1	583	229	297	514	103206535	103207161	26.201	9.08e-09	63.9
Bothrops_jararaca_C9A	NC_086156.1	583	231	284	514	105080536	105079898	22.078	6.36e-06	54.7
Bothrops_jararaca_C9A	NC_086155.1	583	86	277	362	66386767	66386510	30.233	3.74e-08	62.0
Bothrops_jararaca_C9A	NC_086155.1	583	82	274	355	66344800	66345045	36.585	4.44e-08	62.0
Bothrops_jararaca_C9A	NC_086155.1	583	43	537	579	66362833	66362961	55.814	7.79e-08	61.2
Bothrops_jararaca_C9A	NC_086155.1	583	50	530	579	66374365	66374216	52.000	2.30e-07	59.7
Ptyas_mucosa_C9A	NC_086154.1	583	78	277	354	246417626	246417859	87.179	3.74e-34	144
Ptyas_mucosa_C9A	NC_086154.1	583	80	453	532	246422000	246422239	82.500	5.83e-34	143
Ptyas_mucosa_C9A	NC_086154.1	583	75	198	272	246416678	246416902	66.667	1.98e-23	110
Ptyas_mucosa_C9A	NC_086154.1	583	61	397	457	246419446	246419628	73.770	8.40e-20	99.8
Ptyas_mucosa_C9A	NC_086154.1	583	50	107	156	246413340	246413489	90.000	2.97e-19	97.8
Ptyas_mucosa_C9A	NC_086154.1	583	46	158	203	246415280	246415417	78.261	2.76e-15	85.1
Ptyas_mucosa_C9A	NC_086154.1	583	51	533	583	246423691	246423843	70.588	8.24e-15	83.6
Ptyas_mucosa_C9A	NC_086154.1	583	47	26	70	246411550	246411690	72.340	7.22e-11	70.9
Ptyas_mucosa_C9A	NC_086154.1	583	56	54	109	246412260	246412427	67.857	5.93e-09	64.7
Ptyas_mucosa_C9A	NC_086154.1	583	100	274	365	245689544	245689843	34.000	1.06e-07	60.5
Ptyas_mucosa_C9A	NC_086154.1	583	47	537	583	245749812	245749672	55.319	1.75e-07	60.1
Ptyas_mucosa_C9A	NC_086154.1	583	42	354	395	246418460	246418585	64.286	4.24e-07	58.5
Ptyas_mucosa_C9A	NC_086154.1	583	48	529	575	245696485	245696628	54.167	8.53e-07	57.8
Ptyas_mucosa_C9A	NC_086154.1	583	111	266	376	245721936	245722259	29.730	8.90e-07	57.8
Ptyas_mucosa_C9A	NC_086156.1	583	230	297	514	103206535	103207161	27.826	2.17e-09	66.2
Ptyas_mucosa_C9A	NC_086156.1	583	228	298	514	103218629	103219252	28.947	2.92e-09	65.9
Ptyas_mucosa_C9A	NC_086155.1	583	85	277	361	66386767	66386513	32.941	2.46e-09	65.9
Ptyas_mucosa_C9A	NC_086155.1	583	82	274	355	66344800	66345045	37.805	1.07e-08	63.9
Vipera_berus_C9A	NC_086154.1	583	80	453	532	246422000	246422239	83.750	4.89e-35	147
Vipera_berus_C9A	NC_086154.1	583	79	276	354	246417623	246417859	86.076	2.87e-34	144
Vipera_berus_C9A	NC_086154.1	583	62	396	457	246419443	246419628	79.032	1.57e-22	108
Vipera_berus_C9A	NC_086154.1	583	77	199	275	246416681	246416911	64.935	1.01e-21	105
Vipera_berus_C9A	NC_086154.1	583	50	107	156	246413340	246413489	86.000	1.05e-17	92.8
Vipera_berus_C9A	NC_086154.1	583	46	158	203	246415280	246415417	82.609	3.06e-17	91.3
Vipera_berus_C9A	NC_086154.1	583	50	534	583	246423694	246423843	74.000	1.20e-16	89.7
Vipera_berus_C9A	NC_086154.1	583	47	26	72	246411550	246411687	65.957	6.17e-10	67.8
Vipera_berus_C9A	NC_086154.1	583	56	54	109	246412260	246412427	69.643	9.40e-09	63.9
Vipera_berus_C9A	NC_086154.1	583	42	354	395	246418460	246418585	69.048	1.92e-08	63.2
Vipera_berus_C9A	NC_086154.1	583	82	274	355	245689544	245689789	35.366	6.40e-08	61.2
Vipera_berus_C9A	NC_086154.1	583	43	537	579	245749812	245749684	58.140	4.66e-07	58.5
Vipera_berus_C9A	NC_086154.1	583	69	457	525	245751539	245751336	40.580	1.26e-06	57.0
Vipera_berus_C9A	NC_086154.1	583	110	266	375	245721936	245722256	28.182	1.66e-06	56.6
Vipera_berus_C9A	NC_086156.1	583	237	285	514	103218596	103219252	27.848	4.77e-10	68.2
Vipera_berus_C9A	NC_086156.1	583	229	297	514	103206535	103207161	26.638	1.26e-09	67.0
Vipera_berus_C9A	NC_086155.1	583	89	274	362	66386776	66386510	31.461	7.34e-09	64.3
Vipera_berus_C9A	NC_086155.1	583	43	537	579	66362833	66362961	58.140	5.40e-08	61.6
Vipera_berus_C9A	NC_086155.1	583	79	277	355	66344809	66345045	35.443	1.86e-07	59.7
Vipera_berus_C9A	NC_086155.1	583	50	530	579	66374365	66374216	54.000	5.03e-07	58.5
Sceloporus_undulatus_C9A	NC_086154.1	591	75	463	537	246422018	246422242	77.333	2.70e-30	132
Sceloporus_undulatus_C9A	NC_086154.1	591	78	281	358	246417626	246417859	65.385	1.86e-24	114
Sceloporus_undulatus_C9A	NC_086154.1	591	46	157	202	246415280	246415417	69.565	9.04e-13	77.0
Sceloporus_undulatus_C9A	NC_086154.1	591	50	538	587	246423694	246423843	64.000	2.34e-12	75.9
Sceloporus_undulatus_C9A	NC_086154.1	591	68	400	467	246419443	246419646	45.588	2.07e-10	69.3
Sceloporus_undulatus_C9A	NC_086154.1	591	51	541	591	245749812	245749660	54.902	2.53e-09	65.9
Sceloporus_undulatus_C9A	NC_086154.1	591	61	528	587	245696470	245696652	49.180	1.77e-08	63.2
Sceloporus_undulatus_C9A	NC_086154.1	591	79	281	359	245689553	245689789	36.709	1.87e-08	63.2
Sceloporus_undulatus_C9A	NC_086154.1	591	50	106	155	246413340	246413489	58.000	2.66e-08	62.8
Sceloporus_undulatus_C9A	NC_086154.1	591	41	540	579	245726989	245727111	68.293	1.82e-07	60.1
Sceloporus_undulatus_C9A	NC_086154.1	591	96	277	372	245721951	245722235	30.208	2.96e-07	59.3
Sceloporus_undulatus_C9A	NC_086154.1	591	86	191	276	246416660	246416902	36.047	3.04e-07	59.3
Sceloporus_undulatus_C9A	NC_086154.1	591	48	25	72	246411547	246411687	52.083	4.49e-07	58.5
Sceloporus_undulatus_C9A	NC_086154.1	591	67	463	529	245751533	245751336	40.299	3.90e-06	55.5
Sceloporus_undulatus_C9A	NC_086156.1	591	223	301	518	103206535	103207161	27.354	3.96e-10	68.6
Sceloporus_undulatus_C9A	NC_086156.1	591	222	302	518	103218629	103219252	26.577	4.25e-09	65.1
Sceloporus_undulatus_C9A	NC_086155.1	591	51	534	584	66374365	66374213	50.980	3.18e-08	62.4
Sceloporus_undulatus_C9A	NC_086155.1	591	79	281	359	66386767	66386531	34.177	4.91e-08	61.6
Sceloporus_undulatus_C9A	NC_086155.1	591	47	541	587	66362833	66362973	53.191	2.05e-07	59.7
Sceloporus_undulatus_C9A	NC_086155.1	591	80	449	527	66360016	66360255	33.750	1.19e-06	57.4
Sceloporus_undulatus_C9A	NC_086170.1	591	62	534	591	4987984	4988166	43.548	5.92e-06	55.1
Anolis_carolinensis_C9B	NC_086154.1	538	67	463	529	246422018	246422218	71.642	9.55e-24	111
Anolis_carolinensis_C9B	NC_086154.1	538	78	280	357	246417623	246417856	65.385	1.03e-23	111
Anolis_carolinensis_C9B	NC_086154.1	538	46	157	202	246415280	246415417	65.217	9.49e-13	76.6
Anolis_carolinensis_C9B	NC_086154.1	538	53	408	460	246419467	246419625	54.717	1.75e-10	69.3
Anolis_carolinensis_C9B	NC_086154.1	538	119	281	388	245689553	245689909	32.773	2.17e-09	65.9
Anolis_carolinensis_C9B	NC_086154.1	538	50	106	155	246413340	246413489	62.000	5.21e-09	64.7
Anolis_carolinensis_C9B	NC_086154.1	538	68	462	529	245751536	245751336	42.647	7.02e-08	60.8
Anolis_carolinensis_C9B	NC_086154.1	538	94	185	276	246416636	246416902	37.234	2.13e-07	59.3
Anolis_carolinensis_C9B	NC_086154.1	538	92	281	372	245721963	245722235	31.522	4.34e-07	58.5
Anolis_carolinensis_C9B	NC_086154.1	538	48	25	72	246411547	246411687	47.917	1.48e-06	56.6
Anolis_carolinensis_C9B	NC_086156.1	538	223	301	518	103206535	103207161	27.354	1.67e-09	66.2
Anolis_carolinensis_C9B	NC_086156.1	538	224	302	518	103218629	103219252	28.571	7.85e-08	60.8
Anolis_carolinensis_C9B	NC_086156.1	538	217	306	518	105080485	105079898	23.963	2.45e-06	55.8
Anolis_carolinensis_C9B	NC_086155.1	538	136	245	356	66386932	66386540	33.088	2.69e-09	65.5
Anolis_carolinensis_C9B	NC_086155.1	538	75	281	355	66344809	66345033	37.333	5.62e-08	61.2
Hydrophis_cyanocinctus_C9B	NC_086154.1	582	79	275	353	246417623	246417859	86.076	6.33e-35	146
Hydrophis_cyanocinctus_C9B	NC_086154.1	582	80	452	531	246422000	246422239	75.000	4.99e-31	134
Hydrophis_cyanocinctus_C9B	NC_086154.1	582	89	185	271	246416636	246416902	61.798	6.51e-21	103
Hydrophis_cyanocinctus_C9B	NC_086154.1	582	50	106	155	246413340	246413489	90.000	1.72e-19	98.6
Hydrophis_cyanocinctus_C9B	NC_086154.1	582	60	397	456	246419449	246419628	73.333	4.56e-19	97.4
Hydrophis_cyanocinctus_C9B	NC_086154.1	582	46	157	202	246415280	246415417	73.913	2.34e-14	82.0
Hydrophis_cyanocinctus_C9B	NC_086154.1	582	50	533	582	246423694	246423843	68.000	4.28e-14	81.3
Hydrophis_cyanocinctus_C9B	NC_086154.1	582	56	53	108	246412260	246412427	67.857	2.75e-10	68.9
Hydrophis_cyanocinctus_C9B	NC_086154.1	582	100	273	364	245689544	245689843	34.000	1.35e-07	60.5
Hydrophis_cyanocinctus_C9B	NC_086154.1	582	38	25	62	246411550	246411663	71.053	4.06e-07	58.9
Hydrophis_cyanocinctus_C9B	NC_086154.1	582	69	456	524	245751539	245751336	42.029	5.37e-07	58.2
Hydrophis_cyanocinctus_C9B	NC_086154.1	582	48	535	582	245749815	245749672	52.083	1.36e-06	57.0
Hydrophis_cyanocinctus_C9B	NC_086154.1	582	90	439	524	245725760	245726026	35.556	4.51e-06	55.5
Hydrophis_cyanocinctus_C9B	NC_086154.1	582	55	529	582	245696488	245696652	45.455	6.40e-06	54.7
Hydrophis_cyanocinctus_C9B	NC_086154.1	582	43	353	395	246418460	246418585	62.791	9.06e-06	54.3
Hydrophis_cyanocinctus_C9B	NC_086155.1	582	86	276	361	66386767	66386510	33.721	1.55e-09	66.6
Hydrophis_cyanocinctus_C9B	NC_086155.1	582	79	276	354	66344809	66345045	35.443	1.34e-07	60.5
Hydrophis_cyanocinctus_C9B	NC_086155.1	582	50	529	578	66374365	66374216	48.000	1.08e-06	57.4
Hydrophis_cyanocinctus_C9B	NC_086155.1	582	47	536	582	66362833	66362973	46.809	2.97e-06	55.8
Hydrophis_cyanocinctus_C9B	NC_086156.1	582	229	296	513	103206535	103207161	27.511	2.54e-08	62.8
Hydrophis_cyanocinctus_C9B	NC_086156.1	582	228	297	513	103218629	103219252	27.193	4.24e-08	62.0
Bothrops_jararaca_C9B	NC_086154.1	583	80	453	532	246422000	246422239	85.000	4.68e-35	147
Bothrops_jararaca_C9B	NC_086154.1	583	79	276	354	246417623	246417859	84.810	1.21e-33	142
Bothrops_jararaca_C9B	NC_086154.1	583	78	196	273	246416672	246416905	66.667	6.62e-23	109
Bothrops_jararaca_C9B	NC_086154.1	583	62	396	457	246419443	246419628	79.032	9.66e-23	108
Bothrops_jararaca_C9B	NC_086154.1	583	50	107	156	246413340	246413489	90.000	2.56e-19	98.2
Bothrops_jararaca_C9B	NC_086154.1	583	46	158	203	246415280	246415417	86.957	7.59e-18	93.2
Bothrops_jararaca_C9B	NC_086154.1	583	50	534	583	246423694	246423843	76.000	6.61e-17	90.5
Bothrops_jararaca_C9B	NC_086154.1	583	56	54	109	246412260	246412427	73.214	1.77e-10	69.7
Bothrops_jararaca_C9B	NC_086154.1	583	70	1	67	246411466	246411675	51.429	2.25e-10	69.3
Bothrops_jararaca_C9B	NC_086154.1	583	42	354	395	246418460	246418585	71.429	1.16e-08	63.9
Bothrops_jararaca_C9B	NC_086154.1	583	100	274	365	245689544	245689843	34.000	1.10e-07	60.5
Bothrops_jararaca_C9B	NC_086154.1	583	115	277	391	245721963	245722295	26.957	1.93e-06	56.6
Bothrops_jararaca_C9B	NC_086154.1	583	43	537	579	245749812	245749684	53.488	2.62e-06	56.2
Bothrops_jararaca_C9B	NC_086154.1	583	48	529	575	245696485	245696628	50.000	9.98e-06	54.3
Bothrops_jararaca_C9B	NC_086156.1	583	232	298	514	103218629	103219252	27.586	7.84e-10	67.4
Bothrops_jararaca_C9B	NC_086156.1	583	229	297	514	103206535	103207161	26.638	1.99e-09	66.2
Bothrops_jararaca_C9B	NC_086155.1	583	82	274	355	66344800	66345045	36.585	4.25e-08	62.0
Bothrops_jararaca_C9B	NC_086155.1	583	86	277	362	66386767	66386510	30.233	4.79e-08	61.6
Bothrops_jararaca_C9B	NC_086155.1	583	43	537	579	66362833	66362961	55.814	1.02e-07	60.8
Bothrops_jararaca_C9B	NC_086155.1	583	50	530	579	66374365	66374216	52.000	2.28e-07	59.7
Laticauda_colubrina_C9B	NC_086154.1	583	91	276	366	246417623	246417886	74.725	8.53e-34	143
Laticauda_colubrina_C9B	NC_086154.1	583	80	453	532	246422000	246422239	78.750	1.49e-32	139
Laticauda_colubrina_C9B	NC_086154.1	583	60	398	457	246419449	246419628	75.000	9.65e-20	99.4
Laticauda_colubrina_C9B	NC_086154.1	583	73	199	271	246416681	246416899	64.384	7.72e-18	93.2
Laticauda_colubrina_C9B	NC_086154.1	583	45	158	202	246415280	246415414	84.444	5.33e-17	90.5
Laticauda_colubrina_C9B	NC_086154.1	583	50	107	156	246413340	246413489	82.000	6.22e-17	90.5
Laticauda_colubrina_C9B	NC_086154.1	583	50	534	583	246423694	246423843	68.000	1.07e-13	80.1
Laticauda_colubrina_C9B	NC_086154.1	583	56	54	109	246412260	246412427	66.071	1.35e-09	66.6
Laticauda_colubrina_C9B	NC_086154.1	583	66	1	63	246411466	246411663	51.515	1.51e-09	66.6
Laticauda_colubrina_C9B	NC_086154.1	583	79	277	355	245689553	245689789	35.443	6.13e-08	61.2
Laticauda_colubrina_C9B	NC_086154.1	583	69	457	525	245751539	245751336	42.029	3.32e-07	58.9
Laticauda_colubrina_C9B	NC_086154.1	583	87	257	343	245721945	245722163	33.333	1.76e-06	56.6
Laticauda_colubrina_C9B	NC_086154.1	583	56	529	583	245696485	245696652	48.214	2.19e-06	56.2
Laticauda_colubrina_C9B	NC_086156.1	583	222	298	514	103218629	103219252	26.577	1.94e-09	66.2
Laticauda_colubrina_C9B	NC_086156.1	583	223	297	514	103206535	103207161	26.009	2.85e-09	65.9
Laticauda_colubrina_C9B	NC_086155.1	583	89	274	362	66386776	66386510	31.461	5.44e-09	64.7
Laticauda_colubrina_C9B	NC_086155.1	583	79	277	355	66344809	66345045	32.911	1.16e-07	60.5
Laticauda_colubrina_C9B	NC_086155.1	583	50	530	579	66374365	66374216	48.000	1.79e-06	56.6
Pseudonaja_textilis_C9B	NC_086154.1	583	79	276	354	246417623	246417859	83.544	5.27e-34	144
Pseudonaja_textilis_C9B	NC_086154.1	583	80	453	532	246422000	246422239	78.750	4.59e-33	140
Pseudonaja_textilis_C9B	NC_086154.1	583	62	396	457	246419443	246419628	74.194	1.78e-19	98.6
Pseudonaja_textilis_C9B	NC_086154.1	583	50	107	156	246413340	246413489	90.000	2.06e-19	98.2
Pseudonaja_textilis_C9B	NC_086154.1	583	74	199	272	246416681	246416902	63.514	5.05e-18	94.0
Pseudonaja_textilis_C9B	NC_086154.1	583	46	158	203	246415280	246415417	78.261	1.79e-15	85.9
Pseudonaja_textilis_C9B	NC_086154.1	583	50	534	583	246423694	246423843	64.000	1.57e-12	76.3
Pseudonaja_textilis_C9B	NC_086154.1	583	66	1	63	246411466	246411663	54.545	9.17e-11	70.5
Pseudonaja_textilis_C9B	NC_086154.1	583	56	54	109	246412260	246412427	67.857	1.55e-10	69.7
Pseudonaja_textilis_C9B	NC_086154.1	583	97	277	365	245689553	245689843	32.990	1.84e-07	59.7
Pseudonaja_textilis_C9B	NC_086154.1	583	69	457	525	245751539	245751336	42.029	2.57e-07	59.3
Pseudonaja_textilis_C9B	NC_086154.1	583	48	536	583	245749815	245749672	52.083	4.50e-07	58.5
Pseudonaja_textilis_C9B	NC_086156.1	583	229	297	514	103206535	103207161	27.511	3.04e-10	68.9
Pseudonaja_textilis_C9B	NC_086156.1	583	228	298	514	103218629	103219252	27.632	4.96e-09	65.1
Pseudonaja_textilis_C9B	NC_086155.1	583	86	277	362	66386767	66386510	33.721	6.38e-10	67.8
Pseudonaja_textilis_C9B	NC_086155.1	583	107	277	379	66344809	66345129	29.907	5.26e-08	61.6
Pseudonaja_textilis_C9B	NC_086155.1	583	47	537	583	66362833	66362973	46.809	1.92e-07	59.7
Pseudonaja_textilis_C9B	NC_086155.1	583	50	530	579	66374365	66374216	50.000	5.82e-07	58.2
Notechis_scutatus_C9B	NC_086154.1	583	79	276	354	246417623	246417859	83.544	7.11e-34	143
Notechis_scutatus_C9B	NC_086154.1	583	82	451	532	246421994	246422239	78.049	6.53e-33	140
Notechis_scutatus_C9B	NC_086154.1	583	74	199	272	246416681	246416902	68.919	1.73e-21	105
Notechis_scutatus_C9B	NC_086154.1	583	50	107	156	246413340	246413489	90.000	1.81e-19	98.6
Notechis_scutatus_C9B	NC_086154.1	583	60	398	457	246419449	246419628	73.333	3.79e-19	97.4
Notechis_scutatus_C9B	NC_086154.1	583	46	158	203	246415280	246415417	78.261	1.53e-15	85.9
Notechis_scutatus_C9B	NC_086154.1	583	50	534	583	246423694	246423843	68.000	3.94e-14	81.6
Notechis_scutatus_C9B	NC_086154.1	583	56	54	109	246412260	246412427	67.857	2.69e-10	68.9
Notechis_scutatus_C9B	NC_086154.1	583	66	1	63	246411466	246411663	51.515	1.41e-09	66.6
Notechis_scutatus_C9B	NC_086154.1	583	97	277	365	245689553	245689843	34.021	1.63e-07	60.1
Notechis_scutatus_C9B	NC_086154.1	583	69	457	525	245751539	245751336	42.029	2.92e-07	59.3
Notechis_scutatus_C9B	NC_086154.1	583	48	536	583	245749815	245749672	52.083	1.41e-06	57.0
Notechis_scutatus_C9B	NC_086154.1	583	55	530	583	245696488	245696652	45.455	6.92e-06	54.7
Notechis_scutatus_C9B	NC_086154.1	583	79	277	355	245721963	245722199	30.380	7.16e-06	54.7
Notechis_scutatus_C9B	NC_086154.1	583	90	440	525	245725760	245726026	34.444	9.40e-06	54.3
Notechis_scutatus_C9B	NC_086155.1	583	88	274	361	66386776	66386513	32.955	1.29e-09	67.0
Notechis_scutatus_C9B	NC_086155.1	583	79	277	355	66344809	66345045	32.911	3.86e-07	58.9
Notechis_scutatus_C9B	NC_086155.1	583	50	530	579	66374365	66374216	48.000	1.22e-06	57.0
Notechis_scutatus_C9B	NC_086155.1	583	47	537	583	66362833	66362973	46.809	2.91e-06	55.8
Notechis_scutatus_C9B	NC_086156.1	583	223	297	514	103206535	103207161	26.906	8.70e-09	64.3
Notechis_scutatus_C9B	NC_086156.1	583	228	298	514	103218629	103219252	28.070	2.08e-08	62.8
Pituophis_catenifer_C9B	NC_086154.1	583	77	456	532	246422009	246422239	83.117	1.42e-34	145
Pituophis_catenifer_C9B	NC_086154.1	583	77	277	353	246417626	246417856	84.416	1.81e-32	139
Pituophis_catenifer_C9B	NC_086154.1	583	46	158	203	246415280	246415417	86.957	4.63e-18	94.0
Pituophis_catenifer_C9B	NC_086154.1	583	54	404	457	246419467	246419628	77.778	9.93e-18	93.2
Pituophis_catenifer_C9B	NC_086154.1	583	50	107	156	246413340	246413489	84.000	4.04e-17	90.9
Pituophis_catenifer_C9B	NC_086154.1	583	48	536	583	246423700	246423843	64.583	2.07e-12	75.9
Pituophis_catenifer_C9B	NC_086154.1	583	75	198	272	246416678	246416902	50.667	4.99e-12	74.7
Pituophis_catenifer_C9B	NC_086154.1	583	47	26	70	246411550	246411690	68.085	7.20e-10	67.8
Pituophis_catenifer_C9B	NC_086154.1	583	56	54	109	246412260	246412427	60.714	1.50e-06	57.0
Pituophis_catenifer_C9B	NC_086154.1	583	69	457	525	245751539	245751336	40.580	8.07e-06	54.7
Pituophis_catenifer_C9B	NC_086156.1	583	224	298	514	103218629	103219252	29.018	2.54e-10	69.3
Pituophis_catenifer_C9B	NC_086156.1	583	229	297	514	103206535	103207161	27.948	2.76e-10	68.9
Pituophis_catenifer_C9B	NC_086155.1	583	76	277	352	66344809	66345036	39.474	4.44e-08	62.0
Pituophis_catenifer_C9B	NC_086155.1	583	41	537	577	66362833	66362955	60.976	7.15e-08	61.2
Pituophis_catenifer_C9B	NC_086155.1	583	88	274	361	66386776	66386513	30.682	1.65e-07	60.1
Pituophis_catenifer_C9B	NC_086155.1	583	80	445	523	66360016	66360255	33.750	8.56e-06	54.3
Pantherophis_obsoletus_C9B	NC_086154.1	583	79	276	354	246417623	246417859	82.278	1.14e-32	139
Pantherophis_obsoletus_C9B	NC_086154.1	583	77	456	532	246422009	246422239	79.221	1.61e-31	136
Pantherophis_obsoletus_C9B	NC_086154.1	583	46	158	203	246415280	246415417	86.957	6.00e-18	93.6
Pantherophis_obsoletus_C9B	NC_086154.1	583	58	401	457	246419455	246419628	75.862	1.02e-17	92.8
Pantherophis_obsoletus_C9B	NC_086154.1	583	50	107	156	246413340	246413489	84.000	4.14e-17	90.9
Pantherophis_obsoletus_C9B	NC_086154.1	583	48	536	583	246423700	246423843	66.667	1.48e-12	76.3
Pantherophis_obsoletus_C9B	NC_086154.1	583	78	198	275	246416678	246416911	50.000	4.62e-12	74.7
Pantherophis_obsoletus_C9B	NC_086154.1	583	47	26	70	246411550	246411690	72.340	1.57e-10	69.7
Pantherophis_obsoletus_C9B	NC_086154.1	583	42	354	395	246418460	246418585	66.667	1.33e-08	63.5
Pantherophis_obsoletus_C9B	NC_086154.1	583	100	274	365	245689544	245689843	35.000	4.67e-08	61.6
Pantherophis_obsoletus_C9B	NC_086154.1	583	189	255	433	245721939	245722451	26.455	9.39e-08	60.8
Pantherophis_obsoletus_C9B	NC_086154.1	583	56	54	109	246412260	246412427	64.286	5.30e-07	58.5
Pantherophis_obsoletus_C9B	NC_086154.1	583	71	457	527	245751539	245751330	39.437	9.78e-07	57.4
Pantherophis_obsoletus_C9B	NC_086154.1	583	126	443	549	245725781	245726155	30.952	1.90e-06	56.6
Pantherophis_obsoletus_C9B	NC_086155.1	583	89	274	362	66386776	66386510	32.584	3.92e-10	68.6
Pantherophis_obsoletus_C9B	NC_086155.1	583	82	274	355	66344800	66345045	37.805	1.01e-08	63.9
Pantherophis_obsoletus_C9B	NC_086155.1	583	41	537	577	66362833	66362955	63.415	5.13e-08	61.6
Pantherophis_obsoletus_C9B	NC_086155.1	583	80	445	523	66360016	66360255	35.000	2.41e-06	56.2
Pantherophis_obsoletus_C9B	NC_086156.1	583	229	297	514	103206535	103207161	25.764	1.69e-09	66.6
Pantherophis_obsoletus_C9B	NC_086156.1	583	222	298	514	103218629	103219252	25.676	3.68e-09	65.5
Crotalus_tigris_C9B	NC_086154.1	583	80	453	532	246422000	246422239	78.750	1.42e-32	139
Crotalus_tigris_C9B	NC_086154.1	583	78	276	353	246417623	246417856	82.051	2.34e-32	138
Crotalus_tigris_C9B	NC_086154.1	583	61	403	463	246419464	246419646	75.410	2.27e-19	98.2
Crotalus_tigris_C9B	NC_086154.1	583	50	107	156	246413340	246413489	88.000	3.00e-18	94.7
Crotalus_tigris_C9B	NC_086154.1	583	46	158	203	246415280	246415417	80.435	7.24e-16	87.0
Crotalus_tigris_C9B	NC_086154.1	583	78	196	273	246416672	246416905	53.846	1.45e-14	82.8
Crotalus_tigris_C9B	NC_086154.1	583	50	534	583	246423694	246423843	66.000	3.10e-14	81.6
Crotalus_tigris_C9B	NC_086154.1	583	47	26	72	246411550	246411687	65.957	1.87e-09	66.2
Crotalus_tigris_C9B	NC_086154.1	583	80	30	109	246412218	246412427	55.000	1.12e-08	63.9
Crotalus_tigris_C9B	NC_086154.1	583	69	457	525	245751539	245751336	39.130	5.23e-06	55.1
Crotalus_tigris_C9B	NC_086154.1	583	88	443	530	245725781	245726041	35.227	9.40e-06	54.3
Crotalus_tigris_C9B	NC_086156.1	583	222	298	514	103218629	103219252	27.928	1.27e-10	70.1
Crotalus_tigris_C9B	NC_086156.1	583	224	297	514	103206535	103207161	27.679	7.09e-09	64.3
Crotalus_tigris_C9B	NC_086155.1	583	47	537	583	66362833	66362973	55.319	1.96e-08	63.2
Crotalus_tigris_C9B	NC_086155.1	583	74	277	350	66344809	66345030	37.838	1.38e-07	60.1
Crotalus_tigris_C9B	NC_086155.1	583	86	277	362	66386767	66386510	26.744	6.47e-06	54.7
Ptyas_mucosa_C9B	NC_086154.1	583	84	277	360	246417626	246417877	79.762	9.99e-33	139
Ptyas_mucosa_C9B	NC_086154.1	583	77	456	532	246422009	246422239	77.922	2.19e-30	132
Ptyas_mucosa_C9B	NC_086154.1	583	46	158	203	246415280	246415417	86.957	3.99e-18	94.4
Ptyas_mucosa_C9B	NC_086154.1	583	64	401	463	246419455	246419646	68.750	1.07e-16	89.7
Ptyas_mucosa_C9B	NC_086154.1	583	50	107	156	246413340	246413489	82.000	2.28e-16	88.6
Ptyas_mucosa_C9B	NC_086154.1	583	48	536	583	246423700	246423843	68.750	9.56e-14	80.1
Ptyas_mucosa_C9B	NC_086154.1	583	79	198	272	246416678	246416902	51.899	4.43e-12	74.7
Ptyas_mucosa_C9B	NC_086154.1	583	47	32	78	246411568	246411705	57.447	8.75e-07	57.8
Ptyas_mucosa_C9B	NC_086154.1	583	56	54	109	246412260	246412427	62.500	1.69e-06	56.6
Ptyas_mucosa_C9B	NC_086154.1	583	126	443	549	245725781	245726155	30.159	9.57e-06	54.3
Ptyas_mucosa_C9B	NC_086154.1	583	71	457	527	245751539	245751330	38.028	9.81e-06	54.3
Ptyas_mucosa_C9B	NC_086155.1	583	43	537	579	66362833	66362961	58.140	9.16e-09	63.9
Ptyas_mucosa_C9B	NC_086155.1	583	76	277	352	66344809	66345036	39.474	4.55e-08	62.0
Ptyas_mucosa_C9B	NC_086155.1	583	91	274	359	66386776	66386504	30.769	7.07e-07	57.8
Ptyas_mucosa_C9B	NC_086156.1	583	222	298	514	103218629	103219252	25.676	2.66e-08	62.8
Ptyas_mucosa_C9B	NC_086156.1	583	223	297	514	103206535	103207161	24.215	2.30e-07	59.7
