# Arizona_elegans DAB2/FYB1 anchors on JAKOOJ010000008.1:74590935-78686398 (sstart/send relative to region; add 74590934)
Anolis_carolinensis_DAB2	1980955	1981581	305
Anolis_carolinensis_DAB2	1986759	1987286	212
Anolis_carolinensis_DAB2	1974978	1975112	99.4
Anolis_carolinensis_DAB2	1971841	1971981	98.2
Anolis_carolinensis_DAB2	1973341	1973442	72.0
Anolis_carolinensis_DAB2	1984580	1984717	61.2
Anolis_carolinensis_DAB2	1989780	1989902	49.3
Anolis_carolinensis_FYB1	2140309	2141436	303
Anolis_carolinensis_FYB1	2181479	2181661	95.9
Anolis_carolinensis_FYB1	2167038	2167214	94.4
Anolis_carolinensis_FYB1	2170409	2170555	68.6
Anolis_carolinensis_FYB1	2176848	2177201	64.3
Anolis_carolinensis_FYB1	2174308	2174430	51.2
Thamnophis_elegans_DAB2	1980955	1981581	394
Thamnophis_elegans_DAB2	1986759	1987292	347
Thamnophis_elegans_DAB2	1971841	1971981	100
Thamnophis_elegans_DAB2	1974978	1975112	100
Thamnophis_elegans_DAB2	1984580	1984717	84.3
Thamnophis_elegans_DAB2	1973341	1973442	74.3
Thamnophis_elegans_DAB2	1989777	1989899	74.3
Thamnophis_elegans_DAB2	1979232	1979306	47.8
Thamnophis_elegans_FYB1	2140309	2141439	615
Thamnophis_elegans_FYB1	2167038	2167217	111
Thamnophis_elegans_FYB1	2181479	2181661	104
Thamnophis_elegans_FYB1	2174311	2174460	95.1
Thamnophis_elegans_FYB1	2170409	2170555	84.7
Thamnophis_elegans_FYB1	2177082	2177201	72.4
