# Hemorrhois_hippocrepis DAB2/FYB1 anchors on OZ203517.1:22519084-26615915 (sstart/send relative to region; add 22519083)
Anolis_carolinensis_DAB2	2122561	2121935	305
Anolis_carolinensis_DAB2	2115913	2115386	212
Anolis_carolinensis_DAB2	2128003	2127869	99.4
Anolis_carolinensis_DAB2	2130311	2130171	96.7
Anolis_carolinensis_DAB2	2118871	2118713	73.2
Anolis_carolinensis_DAB2	2129285	2129184	72.0
Anolis_carolinensis_FYB1	1961051	1959924	276
Anolis_carolinensis_FYB1	1927119	1926937	96.7
Anolis_carolinensis_FYB1	1941030	1940836	95.1
Anolis_carolinensis_FYB1	1938462	1938322	72.0
Anolis_carolinensis_FYB1	1931697	1931578	58.5
Anolis_carolinensis_FYB1	1934533	1934423	50.4
Anolis_carolinensis_FYB1	1931929	1931810	47.8
Thamnophis_elegans_DAB2	2122561	2121935	387
Thamnophis_elegans_DAB2	2115913	2115380	343
Thamnophis_elegans_DAB2	2128003	2127869	100
Thamnophis_elegans_DAB2	2130311	2130171	99.4
Thamnophis_elegans_DAB2	2118871	2118713	97.4
Thamnophis_elegans_DAB2	2113526	2113398	77.8
Thamnophis_elegans_DAB2	2129285	2129184	74.3
Thamnophis_elegans_DAB2	2111808	2111743	49.3
Thamnophis_elegans_FYB1	1961051	1959921	581
Thamnophis_elegans_FYB1	1941030	1940836	110
Thamnophis_elegans_FYB1	1927119	1926937	108
Thamnophis_elegans_FYB1	1934533	1934393	93.6
Thamnophis_elegans_FYB1	1938462	1938322	87.4
Thamnophis_elegans_FYB1	1931697	1931578	77.0
Thamnophis_elegans_FYB1	1948238	1948107	49.3
Thamnophis_elegans_FYB1	1931929	1931861	48.1
