# Laudakia_wui DAB2/FYB1 anchors on CM080059.1:20212512-24236597 (sstart/send relative to region; add 20212511)
Anolis_carolinensis_DAB2	2046642	2046016	317
Anolis_carolinensis_DAB2	2041599	2041060	266
Anolis_carolinensis_DAB2	2052330	2052193	100
Anolis_carolinensis_DAB2	2055116	2054928	96.3
Anolis_carolinensis_DAB2	2053458	2053357	73.9
Anolis_carolinensis_DAB2	2043752	2043591	65.5
Anolis_carolinensis_DAB2	2039320	2039198	55.5
Anolis_carolinensis_DAB2	2049748	2049668	47.0
Anolis_carolinensis_FYB1	1970460	1969339	351
Anolis_carolinensis_FYB1	1952565	1952410	105
Anolis_carolinensis_FYB1	1934542	1934273	95.1
Anolis_carolinensis_FYB1	1950595	1950455	79.0
Anolis_carolinensis_FYB1	1946206	1946039	47.0
Anolis_carolinensis_FYB1	1942879	1942814	46.6
Thamnophis_elegans_DAB2	2046642	2046022	290
Thamnophis_elegans_DAB2	2041599	2041057	221
Thamnophis_elegans_DAB2	2052330	2052193	99.4
Thamnophis_elegans_DAB2	2055116	2054928	92.4
Thamnophis_elegans_DAB2	2053458	2053357	72.0
Thamnophis_elegans_DAB2	2043752	2043591	64.3
Thamnophis_elegans_DAB2	2049748	2049668	47.0
Thamnophis_elegans_FYB1	1970460	1969342	220
Thamnophis_elegans_FYB1	1952565	1952398	94.4
Thamnophis_elegans_FYB1	1934536	1934273	91.3
Thamnophis_elegans_FYB1	1950610	1950455	81.3
Thamnophis_elegans_FYB1	1946188	1946051	62.0
