# Dopasia_gracilis DAB2/FYB1 anchors on CM125122.1:21116605-25142940 (sstart/send relative to region; add 21116604)
Anolis_carolinensis_DAB2	2042069	2041422	323
Anolis_carolinensis_DAB2	2036125	2035589	226
Anolis_carolinensis_DAB2	2048307	2048173	100
Anolis_carolinensis_DAB2	2050941	2050801	100
Anolis_carolinensis_DAB2	2049482	2049375	73.6
Anolis_carolinensis_DAB2	2039734	2039612	65.9
Anolis_carolinensis_DAB2	2034842	2034702	53.9
Anolis_carolinensis_FYB1	1959584	1959021	188
Anolis_carolinensis_FYB1	1959073	1958456	179
Anolis_carolinensis_FYB1	1939690	1939538	100
Anolis_carolinensis_FYB1	1922828	1922655	88.2
Anolis_carolinensis_FYB1	1934531	1934391	76.3
Anolis_carolinensis_FYB1	1929433	1929278	58.9
Anolis_carolinensis_FYB1	1925738	1925625	54.7
Anolis_carolinensis_FYB1	1926383	1926273	47.0
Thamnophis_elegans_DAB2	2042069	2041422	300
Thamnophis_elegans_DAB2	2036125	2035589	216
Thamnophis_elegans_DAB2	2048307	2048173	99.0
Thamnophis_elegans_DAB2	2050941	2050801	96.3
Thamnophis_elegans_DAB2	2049482	2049375	71.6
Thamnophis_elegans_DAB2	2039734	2039573	56.2
Thamnophis_elegans_DAB2	2043736	2043662	47.8
Thamnophis_elegans_DAB2	2034845	2034726	46.6
Thamnophis_elegans_FYB1	1959094	1958459	158
Thamnophis_elegans_FYB1	1959584	1959126	112
Thamnophis_elegans_FYB1	1922828	1922655	88.2
Thamnophis_elegans_FYB1	1939690	1939538	83.2
Thamnophis_elegans_FYB1	1934531	1934391	78.6
Thamnophis_elegans_FYB1	1929430	1929293	68.9
Thamnophis_elegans_FYB1	1925729	1925625	52.0
