Lacerta_agilis_C9A	NC_046322.1	589	82	275	356	17730937	17730692	98.780	9.39e-44	173
Lacerta_agilis_C9A	NC_046322.1	589	80	455	534	17726992	17726753	96.250	3.15e-41	165
Lacerta_agilis_C9A	NC_046322.1	589	75	201	275	17734095	17733871	100.000	2.48e-37	154
Lacerta_agilis_C9A	NC_046322.1	589	61	398	458	17728907	17728725	100.000	1.30e-28	127
Lacerta_agilis_C9A	NC_046322.1	589	63	527	589	17725635	17725447	90.476	3.84e-27	122
Lacerta_agilis_C9A	NC_046322.1	589	50	56	105	17736501	17736352	98.000	5.72e-23	109
Lacerta_agilis_C9A	NC_046322.1	589	50	105	154	17735218	17735069	100.000	8.02e-22	105
Lacerta_agilis_C9A	NC_046322.1	589	47	155	201	17734820	17734680	97.872	1.77e-20	101
Lacerta_agilis_C9A	NC_046322.1	589	45	353	397	17730038	17729904	95.556	1.83e-16	89.0
Lacerta_agilis_C9A	NC_046322.1	589	31	26	56	17738434	17738342	100.000	1.93e-10	69.3
Lacerta_agilis_C9A	NC_046322.1	589	60	470	529	18232068	18232247	48.333	4.04e-09	65.1
Lacerta_agilis_C9A	NC_046322.1	589	26	1	26	17739501	17739424	100.000	3.08e-06	55.8
Lacerta_agilis_C9A	NC_046325.1	589	221	304	516	13375366	13374761	27.602	3.10e-09	65.5
Lacerta_agilis_C9A	NC_046325.1	589	198	304	499	12009921	12010469	20.707	3.65e-06	55.5
Lacerta_agilis_C9A	NC_046317.1	589	81	279	359	37736138	37735896	35.802	2.73e-08	62.4
Lacerta_agilis_C9A	NC_046317.1	589	78	450	526	37726517	37726287	39.744	3.90e-08	62.0
Lacerta_agilis_C9A	NC_046317.1	589	43	540	581	37715834	37715962	62.791	4.98e-07	58.2
Lacerta_agilis_C9A	NC_046317.1	589	82	279	360	37705973	37706218	28.049	3.78e-06	55.5
Zootoca_vivipara_C9A	NC_046322.1	589	85	272	356	17730946	17730692	95.294	3.44e-43	171
Zootoca_vivipara_C9A	NC_046322.1	589	80	455	534	17726992	17726753	92.500	8.25e-40	161
Zootoca_vivipara_C9A	NC_046322.1	589	75	201	275	17734095	17733871	85.333	3.06e-30	132
Zootoca_vivipara_C9A	NC_046322.1	589	60	399	458	17728904	17728725	93.333	1.36e-25	117
Zootoca_vivipara_C9A	NC_046322.1	589	63	527	589	17725635	17725447	85.714	5.04e-25	115
Zootoca_vivipara_C9A	NC_046322.1	589	50	56	105	17736501	17736352	94.000	7.68e-22	105
Zootoca_vivipara_C9A	NC_046322.1	589	50	105	154	17735218	17735069	98.000	1.30e-21	105
Zootoca_vivipara_C9A	NC_046322.1	589	47	155	201	17734820	17734680	97.872	2.02e-20	101
Zootoca_vivipara_C9A	NC_046322.1	589	45	353	397	17730038	17729904	82.222	5.06e-12	74.7
Zootoca_vivipara_C9A	NC_046322.1	589	31	26	56	17738434	17738342	87.097	7.79e-09	64.3
Zootoca_vivipara_C9A	NC_046322.1	589	69	461	529	18232044	18232247	43.478	7.86e-09	64.3
Zootoca_vivipara_C9A	NC_046317.1	589	78	450	526	37726517	37726287	41.026	1.83e-08	63.2
Zootoca_vivipara_C9A	NC_046317.1	589	81	279	359	37736138	37735896	35.802	5.39e-08	61.6
Zootoca_vivipara_C9A	NC_046317.1	589	43	540	581	37715834	37715962	60.465	2.08e-06	56.2
Zootoca_vivipara_C9A	NC_046317.1	589	82	279	360	37705973	37706218	28.049	5.13e-06	55.1
Zootoca_vivipara_C9A	NC_046325.1	589	221	304	516	13375366	13374761	27.149	6.29e-08	61.2
Podarcis_muralis_C9A	NC_046322.1	589	85	272	356	17730946	17730692	92.941	4.75e-42	168
Podarcis_muralis_C9A	NC_046322.1	589	80	455	534	17726992	17726753	87.500	4.56e-37	153
Podarcis_muralis_C9A	NC_046322.1	589	75	201	275	17734095	17733871	88.000	2.30e-31	135
Podarcis_muralis_C9A	NC_046322.1	589	63	527	589	17725635	17725447	87.302	1.02e-26	121
Podarcis_muralis_C9A	NC_046322.1	589	61	398	458	17728907	17728725	85.246	1.08e-23	111
Podarcis_muralis_C9A	NC_046322.1	589	50	105	154	17735218	17735069	100.000	7.81e-22	105
Podarcis_muralis_C9A	NC_046322.1	589	50	56	105	17736501	17736352	92.000	2.90e-21	104
Podarcis_muralis_C9A	NC_046322.1	589	47	155	201	17734820	17734680	97.872	1.88e-20	101
Podarcis_muralis_C9A	NC_046322.1	589	45	353	397	17730038	17729904	82.222	2.34e-12	75.5
Podarcis_muralis_C9A	NC_046322.1	589	31	26	56	17738434	17738342	93.548	1.92e-09	66.2
Podarcis_muralis_C9A	NC_046322.1	589	60	470	529	18232068	18232247	45.000	6.14e-09	64.7
Podarcis_muralis_C9A	NC_046317.1	589	87	441	526	37726544	37726287	37.931	7.03e-09	64.3
Podarcis_muralis_C9A	NC_046317.1	589	81	279	359	37736138	37735896	34.568	1.45e-07	60.1
Podarcis_muralis_C9A	NC_046317.1	589	43	540	581	37715834	37715962	62.791	7.96e-07	57.8
Podarcis_muralis_C9A	NC_046317.1	589	82	279	360	37705973	37706218	29.268	2.06e-06	56.2
Podarcis_muralis_C9A	NC_046325.1	589	221	304	516	13375366	13374761	26.244	3.68e-08	62.0
Anolis_carolinensis_C9A	NC_046322.1	591	84	455	538	17726998	17726747	67.857	5.68e-31	134
Anolis_carolinensis_C9A	NC_046322.1	591	82	277	358	17730937	17730692	65.854	1.79e-27	123
Anolis_carolinensis_C9A	NC_046322.1	591	47	156	202	17734820	17734680	82.979	1.38e-17	92.4
Anolis_carolinensis_C9A	NC_046322.1	591	60	402	461	17728901	17728722	55.000	1.33e-13	79.7
Anolis_carolinensis_C9A	NC_046322.1	591	50	106	155	17735218	17735069	74.000	4.17e-13	78.2
Anolis_carolinensis_C9A	NC_046322.1	591	50	57	106	17736501	17736352	64.000	1.08e-12	76.6
Anolis_carolinensis_C9A	NC_046322.1	591	59	531	589	17725629	17725456	55.932	7.16e-11	70.9
Anolis_carolinensis_C9A	NC_046322.1	591	77	201	277	17734098	17733871	45.455	5.07e-09	64.7
Anolis_carolinensis_C9A	NC_046322.1	591	71	461	531	18232038	18232247	38.028	4.42e-08	61.6
Anolis_carolinensis_C9A	NC_046322.1	591	81	281	361	18261073	18260831	35.802	2.54e-07	59.3
Anolis_carolinensis_C9A	NC_046322.1	591	84	280	362	18224815	18225066	33.333	4.34e-07	58.5
Anolis_carolinensis_C9A	NC_046322.1	591	79	281	359	18284380	18284144	34.177	1.19e-06	57.0
Anolis_carolinensis_C9A	NC_046322.1	591	55	534	587	18278787	18278623	47.273	3.04e-06	55.8
Anolis_carolinensis_C9A	NC_046322.1	591	58	57	113	18265299	18265126	48.276	4.70e-06	55.1
Anolis_carolinensis_C9A	NC_046317.1	591	97	281	374	37705973	37706263	32.990	3.17e-09	65.5
Anolis_carolinensis_C9A	NC_046317.1	591	47	541	587	37725762	37725622	55.319	1.43e-07	60.1
Anolis_carolinensis_C9A	NC_046317.1	591	51	533	583	37715807	37715959	52.941	3.72e-07	58.9
Anolis_carolinensis_C9A	NC_046317.1	591	78	452	528	37726517	37726287	33.333	6.20e-07	58.2
Anolis_carolinensis_C9A	NC_046325.1	591	204	306	501	12009921	12010469	25.000	1.87e-06	56.6
Pogona_vitticeps_C9A	NC_046322.1	576	152	255	403	17730946	17730515	47.368	1.71e-29	129
Pogona_vitticeps_C9A	NC_046322.1	576	79	438	516	17726992	17726756	72.152	2.18e-29	129
Pogona_vitticeps_C9A	NC_046322.1	576	88	156	243	17734820	17734566	52.273	9.14e-18	92.8
Pogona_vitticeps_C9A	NC_046322.1	576	83	383	465	17728901	17728668	54.217	2.13e-14	82.0
Pogona_vitticeps_C9A	NC_046322.1	576	50	106	155	17735218	17735069	76.000	1.17e-13	79.7
Pogona_vitticeps_C9A	NC_046322.1	576	61	515	572	17725638	17725459	62.295	9.93e-13	76.6
Pogona_vitticeps_C9A	NC_046322.1	576	50	57	106	17736501	17736352	64.000	1.35e-12	76.3
Pogona_vitticeps_C9A	NC_046322.1	576	68	443	510	18232041	18232241	41.176	8.43e-08	60.8
Pogona_vitticeps_C9A	NC_046322.1	576	41	524	563	18256388	18256266	68.293	2.05e-07	59.7
Pogona_vitticeps_C9A	NC_046322.1	576	52	521	571	18278778	18278623	50.000	9.24e-07	57.4
Pogona_vitticeps_C9A	NC_046322.1	576	81	437	517	18258670	18258431	39.506	2.55e-06	55.8
Pogona_vitticeps_C9A	NC_046322.1	576	88	253	340	18261097	18260837	35.227	2.70e-06	55.8
Pogona_vitticeps_C9A	NC_046322.1	576	79	262	340	18284380	18284144	35.443	3.10e-06	55.8
Pogona_vitticeps_C9A	NC_046317.1	576	78	433	509	37726517	37726287	39.744	1.61e-09	66.2
Pogona_vitticeps_C9A	NC_046317.1	576	87	254	340	37705949	37706209	34.483	2.02e-09	66.2
Pogona_vitticeps_C9A	NC_046317.1	576	46	522	567	37715822	37715959	67.391	3.18e-09	65.5
Pogona_vitticeps_C9A	NC_046317.1	576	97	246	340	37736192	37735902	32.990	2.35e-08	62.8
Pogona_vitticeps_C9A	NC_046317.1	576	52	520	571	37725777	37725622	50.000	1.72e-06	56.6
Pogona_vitticeps_C9A	NC_046325.1	576	219	287	501	13375366	13374755	26.484	8.00e-09	63.9
Gekko_japonicus_C9A	NC_046322.1	582	85	288	372	17730946	17730692	64.706	8.42e-27	121
Gekko_japonicus_C9A	NC_046322.1	582	74	451	524	17726992	17726771	68.919	7.80e-24	112
Gekko_japonicus_C9A	NC_046322.1	582	45	173	217	17734820	17734686	77.778	1.25e-13	79.7
Gekko_japonicus_C9A	NC_046322.1	582	51	122	172	17735218	17735069	62.745	4.07e-10	68.2
Gekko_japonicus_C9A	NC_046322.1	582	53	71	123	17736498	17736349	58.491	9.17e-10	67.0
Gekko_japonicus_C9A	NC_046322.1	582	58	396	453	17728901	17728728	51.724	1.70e-09	66.2
Gekko_japonicus_C9A	NC_046322.1	582	67	457	523	18232044	18232241	43.284	9.51e-09	63.9
Gekko_japonicus_C9A	NC_046322.1	582	52	530	581	17725614	17725462	57.692	2.72e-08	62.4
Gekko_japonicus_C9A	NC_046322.1	582	79	295	373	18284380	18284144	32.911	9.01e-07	57.4
Gekko_japonicus_C9A	NC_046322.1	582	73	218	288	17734098	17733880	43.836	2.38e-06	56.2
Gekko_japonicus_C9A	NC_046322.1	582	85	291	375	18261085	18260831	30.588	2.63e-06	55.8
Gekko_japonicus_C9A	NC_046322.1	582	67	457	523	18258649	18258452	41.791	3.55e-06	55.5
Gekko_japonicus_C9A	NC_046322.1	582	74	457	528	18279762	18279544	37.838	5.96e-06	54.7
Gekko_japonicus_C9A	NC_046317.1	582	74	302	375	37736117	37735896	37.838	3.22e-08	62.0
Gekko_japonicus_C9A	NC_046317.1	582	47	535	581	37725762	37725622	51.064	2.95e-07	58.9
Gekko_japonicus_C9A	NC_046317.1	582	77	447	522	37726514	37726287	33.766	3.98e-07	58.5
Gekko_japonicus_C9A	NC_046317.1	582	82	295	376	37705973	37706218	32.927	5.14e-07	58.2
Gekko_japonicus_C9A	NC_046325.1	582	236	301	521	13375405	13374728	23.729	5.85e-08	61.2
Gekko_japonicus_C9A	NC_046325.1	582	207	320	512	12009921	12010517	22.705	2.51e-07	59.3
Crotalus_tigris_C9A	NC_046322.1	583	74	277	350	17730925	17730704	68.919	3.85e-27	122
Crotalus_tigris_C9A	NC_046322.1	583	82	453	534	17726992	17726747	62.195	4.98e-26	119
Crotalus_tigris_C9A	NC_046322.1	583	47	157	203	17734820	17734680	76.596	1.35e-15	85.9
Crotalus_tigris_C9A	NC_046322.1	583	63	107	169	17735218	17735033	65.079	4.22e-14	81.3
Crotalus_tigris_C9A	NC_046322.1	583	57	401	457	17728892	17728722	57.895	9.81e-11	70.5
Crotalus_tigris_C9A	NC_046322.1	583	51	57	107	17736501	17736352	58.824	1.95e-09	66.2
Crotalus_tigris_C9A	NC_046322.1	583	69	457	525	18232038	18232241	42.029	8.19e-09	63.9
Crotalus_tigris_C9A	NC_046322.1	583	54	530	583	17725620	17725462	51.852	7.14e-08	61.2
Crotalus_tigris_C9A	NC_046317.1	583	77	449	524	37726514	37726287	40.260	1.57e-08	63.2
Crotalus_tigris_C9A	NC_046317.1	583	74	277	350	37705973	37706194	35.135	9.51e-07	57.4
Crotalus_tigris_C9A	NC_046317.1	583	51	529	579	37715807	37715959	52.941	3.47e-06	55.5
Crotalus_tigris_C9A	NC_046325.1	583	223	296	514	13375384	13374761	24.215	1.55e-07	60.1
Crotalus_tigris_C9A	NC_046325.1	583	181	298	478	12019360	12019869	22.099	9.96e-06	53.9
Thamnophis_elegans_C9A	NC_046322.1	583	106	277	378	17730925	17730611	56.604	9.40e-29	127
Thamnophis_elegans_C9A	NC_046322.1	583	75	460	534	17726971	17726747	65.333	7.53e-24	112
Thamnophis_elegans_C9A	NC_046322.1	583	47	157	203	17734820	17734680	72.340	7.57e-14	80.5
Thamnophis_elegans_C9A	NC_046322.1	583	59	107	165	17735218	17735045	67.797	1.32e-13	79.7
Thamnophis_elegans_C9A	NC_046322.1	583	57	401	457	17728892	17728722	52.632	1.18e-10	70.1
Thamnophis_elegans_C9A	NC_046322.1	583	51	57	107	17736501	17736352	56.863	3.12e-09	65.5
Thamnophis_elegans_C9A	NC_046322.1	583	55	530	583	18278787	18278623	47.273	4.58e-08	61.6
Thamnophis_elegans_C9A	NC_046322.1	583	50	535	583	18256391	18256242	56.000	8.69e-08	60.8
Thamnophis_elegans_C9A	NC_046322.1	583	54	530	583	17725620	17725462	50.000	6.77e-07	57.8
Thamnophis_elegans_C9A	NC_046322.1	583	74	202	271	17734098	17733877	40.541	4.40e-06	55.1
Thamnophis_elegans_C9A	NC_046322.1	583	69	457	525	18232038	18232241	39.130	5.98e-06	54.7
Thamnophis_elegans_C9A	NC_046317.1	583	50	530	579	37715810	37715959	54.000	1.24e-07	60.5
Thamnophis_elegans_C9A	NC_046317.1	583	82	277	358	37705973	37706218	34.146	4.61e-07	58.5
Thamnophis_elegans_C9A	NC_046317.1	583	81	274	354	37736147	37735905	32.099	4.59e-06	55.1
Thamnophis_elegans_C9A	NC_046317.1	583	42	538	579	37725759	37725634	54.762	6.35e-06	54.7
Thamnophis_elegans_C9A	NC_046325.1	583	223	299	514	13375375	13374761	22.870	4.63e-06	55.1
Naja_naja_C9A	NC_046322.1	582	77	277	353	17730925	17730695	67.532	1.56e-27	123
Naja_naja_C9A	NC_046322.1	582	80	452	531	17726992	17726753	63.750	6.69e-25	115
Naja_naja_C9A	NC_046322.1	582	63	107	169	17735218	17735033	69.841	1.94e-15	85.5
Naja_naja_C9A	NC_046322.1	582	47	157	203	17734820	17734680	68.085	1.08e-13	79.7
Naja_naja_C9A	NC_046322.1	582	57	400	456	17728892	17728722	59.649	3.21e-11	72.0
Naja_naja_C9A	NC_046322.1	582	57	57	110	17736501	17736334	50.877	1.60e-08	63.2
Naja_naja_C9A	NC_046322.1	582	69	456	524	18232038	18232241	39.130	2.39e-08	62.8
Naja_naja_C9A	NC_046322.1	582	49	534	582	17725605	17725462	53.061	4.22e-07	58.5
Naja_naja_C9A	NC_046322.1	582	67	277	343	18261073	18260873	40.299	1.64e-06	56.6
Naja_naja_C9A	NC_046317.1	582	77	448	523	37726514	37726287	38.961	4.69e-08	61.6
Naja_naja_C9A	NC_046317.1	582	74	277	350	37705973	37706194	37.838	3.91e-07	58.5
Naja_naja_C9A	NC_046325.1	582	219	299	513	13375375	13374761	22.374	8.97e-06	54.3
Pseudonaja_textilis_C9A	NC_046322.1	583	77	277	353	17730925	17730695	67.532	7.60e-28	124
Pseudonaja_textilis_C9A	NC_046322.1	583	80	453	532	17726992	17726753	65.000	1.82e-25	117
Pseudonaja_textilis_C9A	NC_046322.1	583	63	107	169	17735218	17735033	66.667	1.26e-14	82.8
Pseudonaja_textilis_C9A	NC_046322.1	583	47	157	203	17734820	17734680	68.085	1.03e-13	80.1
Pseudonaja_textilis_C9A	NC_046322.1	583	57	401	457	17728892	17728722	54.386	1.32e-10	70.1
Pseudonaja_textilis_C9A	NC_046322.1	583	51	57	107	17736501	17736352	54.902	3.55e-09	65.5
Pseudonaja_textilis_C9A	NC_046322.1	583	71	457	527	18232038	18232247	39.437	2.72e-08	62.4
Pseudonaja_textilis_C9A	NC_046322.1	583	49	535	583	17725605	17725462	53.061	6.54e-07	57.8
Pseudonaja_textilis_C9A	NC_046322.1	583	67	277	343	18261073	18260873	38.806	5.73e-06	54.7
Pseudonaja_textilis_C9A	NC_046317.1	583	77	449	524	37726514	37726287	37.662	8.11e-08	60.8
Pseudonaja_textilis_C9A	NC_046317.1	583	74	277	350	37705973	37706194	36.486	4.13e-07	58.5
Pseudonaja_textilis_C9A	NC_046325.1	583	220	299	514	13375375	13374761	24.091	8.25e-08	60.8
Pseudonaja_textilis_C9A	NC_046325.1	583	178	298	475	12019360	12019860	23.034	9.39e-06	54.3
Python_bivittatus_C9A	NC_046322.1	582	82	453	534	17726992	17726747	68.293	4.03e-28	125
Python_bivittatus_C9A	NC_046322.1	582	117	277	389	17730925	17730590	52.991	6.64e-28	124
Python_bivittatus_C9A	NC_046322.1	582	47	157	203	17734820	17734680	68.085	2.95e-14	81.6
Python_bivittatus_C9A	NC_046322.1	582	60	107	166	17735218	17735042	66.667	7.28e-13	77.4
Python_bivittatus_C9A	NC_046322.1	582	57	401	457	17728892	17728722	56.140	5.37e-11	71.2
Python_bivittatus_C9A	NC_046322.1	582	45	538	582	17725593	17725462	68.889	8.35e-10	67.4
Python_bivittatus_C9A	NC_046322.1	582	69	457	525	18232038	18232241	40.580	1.59e-08	63.2
Python_bivittatus_C9A	NC_046322.1	582	51	57	107	17736501	17736352	54.902	2.23e-08	62.8
Python_bivittatus_C9A	NC_046322.1	582	81	198	272	17734107	17733874	45.679	5.99e-07	58.2
Python_bivittatus_C9A	NC_046317.1	582	77	449	524	37726514	37726287	40.260	6.54e-09	64.3
Python_bivittatus_C9A	NC_046317.1	582	79	277	355	37736138	37735902	34.177	2.19e-07	59.3
Python_bivittatus_C9A	NC_046317.1	582	81	277	357	37705973	37706215	33.333	2.62e-07	59.3
Python_bivittatus_C9A	NC_046317.1	582	51	528	578	37715807	37715959	54.902	6.98e-07	57.8
Python_bivittatus_C9A	NC_046325.1	582	226	296	514	13375384	13374761	23.894	2.41e-08	62.8
Notechis_scutatus_C9A	NC_046322.1	583	77	277	353	17730925	17730695	67.532	8.61e-28	124
Notechis_scutatus_C9A	NC_046322.1	583	80	453	532	17726992	17726753	65.000	1.50e-25	117
Notechis_scutatus_C9A	NC_046322.1	583	63	107	169	17735218	17735033	68.254	3.79e-15	84.7
Notechis_scutatus_C9A	NC_046322.1	583	47	157	203	17734820	17734680	68.085	1.02e-13	80.1
Notechis_scutatus_C9A	NC_046322.1	583	57	401	457	17728892	17728722	54.386	1.45e-10	69.7
Notechis_scutatus_C9A	NC_046322.1	583	51	57	107	17736501	17736352	54.902	4.66e-09	65.1
Notechis_scutatus_C9A	NC_046322.1	583	71	457	527	18232038	18232247	39.437	4.99e-08	61.6
Notechis_scutatus_C9A	NC_046322.1	583	59	525	583	17725635	17725462	45.763	2.61e-07	59.3
Notechis_scutatus_C9A	NC_046322.1	583	67	277	343	18261073	18260873	38.806	5.49e-06	55.1
Notechis_scutatus_C9A	NC_046325.1	583	220	299	514	13375375	13374761	24.091	5.44e-08	61.6
Notechis_scutatus_C9A	NC_046325.1	583	178	298	475	12019360	12019860	23.596	5.59e-06	55.1
Notechis_scutatus_C9A	NC_046317.1	583	77	449	524	37726514	37726287	37.662	8.11e-08	60.8
Notechis_scutatus_C9A	NC_046317.1	583	74	277	350	37705973	37706194	36.486	4.06e-07	58.5
Hydrophis_cyanocinctus_C9A	NC_046322.1	583	77	277	353	17730925	17730695	67.532	8.16e-28	124
Hydrophis_cyanocinctus_C9A	NC_046322.1	583	80	453	532	17726992	17726753	65.000	1.50e-25	117
Hydrophis_cyanocinctus_C9A	NC_046322.1	583	63	107	169	17735218	17735033	68.254	4.03e-15	84.3
Hydrophis_cyanocinctus_C9A	NC_046322.1	583	47	157	203	17734820	17734680	68.085	6.38e-14	80.5
Hydrophis_cyanocinctus_C9A	NC_046322.1	583	57	401	457	17728892	17728722	52.632	2.70e-09	65.9
Hydrophis_cyanocinctus_C9A	NC_046322.1	583	51	57	107	17736501	17736352	54.902	4.86e-09	64.7
Hydrophis_cyanocinctus_C9A	NC_046322.1	583	71	457	527	18232038	18232247	39.437	3.90e-08	62.0
Hydrophis_cyanocinctus_C9A	NC_046322.1	583	59	525	583	17725635	17725462	45.763	2.61e-07	59.3
Hydrophis_cyanocinctus_C9A	NC_046322.1	583	71	273	343	18261085	18260873	39.437	2.80e-06	55.8
Hydrophis_cyanocinctus_C9A	NC_046317.1	583	77	449	524	37726514	37726287	37.662	5.67e-08	61.2
Hydrophis_cyanocinctus_C9A	NC_046317.1	583	74	277	350	37705973	37706194	36.486	5.07e-07	58.2
Hydrophis_cyanocinctus_C9A	NC_046325.1	583	220	299	514	13375375	13374761	24.091	1.51e-07	60.1
Hydrophis_cyanocinctus_C9A	NC_046325.1	583	178	298	475	12019360	12019860	25.281	1.08e-06	57.4
Laticauda_colubrina_C9A	NC_046322.1	583	77	277	353	17730925	17730695	67.532	8.69e-28	124
Laticauda_colubrina_C9A	NC_046322.1	583	80	453	532	17726992	17726753	65.000	9.78e-26	118
Laticauda_colubrina_C9A	NC_046322.1	583	63	107	169	17735218	17735033	66.667	9.78e-15	83.2
Laticauda_colubrina_C9A	NC_046322.1	583	47	157	203	17734820	17734680	68.085	1.25e-13	79.7
Laticauda_colubrina_C9A	NC_046322.1	583	57	401	457	17728892	17728722	59.649	3.17e-11	72.0
Laticauda_colubrina_C9A	NC_046322.1	583	51	57	107	17736501	17736352	54.902	1.75e-08	63.2
Laticauda_colubrina_C9A	NC_046322.1	583	71	457	527	18232038	18232247	39.437	2.75e-08	62.4
Laticauda_colubrina_C9A	NC_046322.1	583	59	525	583	17725635	17725462	45.763	2.16e-07	59.3
Laticauda_colubrina_C9A	NC_046322.1	583	67	277	343	18261073	18260873	38.806	5.59e-06	55.1
Laticauda_colubrina_C9A	NC_046317.1	583	77	449	524	37726514	37726287	38.961	2.92e-08	62.4
Laticauda_colubrina_C9A	NC_046317.1	583	74	277	350	37705973	37706194	36.486	4.94e-07	58.2
Laticauda_colubrina_C9A	NC_046325.1	583	183	298	475	12019360	12019860	22.951	6.40e-06	54.7
Laticauda_colubrina_C9A	NC_046325.1	583	220	299	514	13375375	13374761	22.727	7.92e-06	54.3
Protobothrops_mucrosquamatus_C9A	NC_046322.1	583	78	277	354	17730925	17730692	73.077	5.59e-30	131
Protobothrops_mucrosquamatus_C9A	NC_046322.1	583	76	459	534	17726974	17726747	68.421	2.75e-27	122
Protobothrops_mucrosquamatus_C9A	NC_046322.1	583	47	157	203	17734820	17734680	74.468	8.75e-16	86.7
Protobothrops_mucrosquamatus_C9A	NC_046322.1	583	60	107	166	17735218	17735042	66.667	7.83e-13	77.0
Protobothrops_mucrosquamatus_C9A	NC_046322.1	583	57	57	110	17736501	17736334	54.386	3.27e-10	68.6
Protobothrops_mucrosquamatus_C9A	NC_046322.1	583	54	530	583	17725620	17725462	59.259	4.89e-10	68.2
Protobothrops_mucrosquamatus_C9A	NC_046322.1	583	54	404	457	17728883	17728722	55.556	1.24e-09	66.6
Protobothrops_mucrosquamatus_C9A	NC_046322.1	583	69	457	525	18232038	18232241	40.580	1.22e-08	63.5
Protobothrops_mucrosquamatus_C9A	NC_046322.1	583	70	274	343	18261082	18260873	37.143	1.68e-06	56.6
Protobothrops_mucrosquamatus_C9A	NC_046322.1	583	82	274	355	18284389	18284144	32.927	2.05e-06	56.2
Protobothrops_mucrosquamatus_C9A	NC_046322.1	583	42	535	575	18256391	18256266	64.286	3.81e-06	55.5
Protobothrops_mucrosquamatus_C9A	NC_046322.1	583	55	530	583	18278787	18278623	45.455	5.63e-06	55.1
Protobothrops_mucrosquamatus_C9A	NC_046322.1	583	139	148	272	17734290	17733874	31.655	7.72e-06	54.3
Protobothrops_mucrosquamatus_C9A	NC_046317.1	583	51	529	579	37715807	37715959	60.784	7.26e-09	64.3
Protobothrops_mucrosquamatus_C9A	NC_046317.1	583	79	277	355	37705973	37706209	34.177	4.87e-08	61.6
Protobothrops_mucrosquamatus_C9A	NC_046317.1	583	77	449	524	37726514	37726287	37.662	1.38e-07	60.1
Protobothrops_mucrosquamatus_C9A	NC_046317.1	583	82	274	355	37736147	37735902	32.927	1.41e-07	60.1
Protobothrops_mucrosquamatus_C9A	NC_046317.1	583	46	538	583	37725759	37725622	52.174	7.31e-07	57.8
Protobothrops_mucrosquamatus_C9A	NC_046325.1	583	227	296	514	13375384	13374761	25.551	2.82e-08	62.4
Chrysopelea_ornata_C9A	NC_046322.1	584	78	277	354	17730925	17730692	69.231	3.41e-28	125
Chrysopelea_ornata_C9A	NC_046322.1	584	84	452	535	17726998	17726747	63.095	9.73e-27	121
Chrysopelea_ornata_C9A	NC_046322.1	584	47	157	203	17734820	17734680	72.340	3.10e-15	84.7
Chrysopelea_ornata_C9A	NC_046322.1	584	63	107	169	17735218	17735033	63.492	2.51e-13	78.6
Chrysopelea_ornata_C9A	NC_046322.1	584	57	402	458	17728892	17728722	54.386	1.48e-10	69.7
Chrysopelea_ornata_C9A	NC_046322.1	584	69	458	526	18232038	18232241	42.029	2.17e-08	62.8
Chrysopelea_ornata_C9A	NC_046322.1	584	54	531	584	17725620	17725462	51.852	5.74e-08	61.2
Chrysopelea_ornata_C9A	NC_046322.1	584	51	57	107	17736501	17736352	49.020	8.25e-07	57.8
Chrysopelea_ornata_C9A	NC_046322.1	584	55	531	584	18278787	18278623	45.455	3.31e-06	55.5
Chrysopelea_ornata_C9A	NC_046322.1	584	70	274	343	18261082	18260873	37.143	4.19e-06	55.5
Chrysopelea_ornata_C9A	NC_046322.1	584	82	274	355	18284389	18284144	32.927	7.35e-06	54.7
Chrysopelea_ornata_C9A	NC_046317.1	584	111	277	384	37705973	37706287	32.432	5.89e-09	64.7
Chrysopelea_ornata_C9A	NC_046317.1	584	51	530	580	37715807	37715959	58.824	1.29e-08	63.5
Chrysopelea_ornata_C9A	NC_046317.1	584	84	274	357	37736147	37735896	35.714	3.71e-08	62.0
Chrysopelea_ornata_C9A	NC_046317.1	584	77	450	525	37726514	37726287	38.961	3.13e-07	58.9
Pituophis_catenifer_C9A	NC_046322.1	583	77	277	353	17730925	17730695	68.831	6.71e-28	124
Pituophis_catenifer_C9A	NC_046322.1	583	84	451	534	17726998	17726747	60.714	5.22e-25	115
Pituophis_catenifer_C9A	NC_046322.1	583	47	157	203	17734820	17734680	70.213	4.26e-14	81.3
Pituophis_catenifer_C9A	NC_046322.1	583	78	107	175	17735218	17734988	55.128	2.24e-13	79.0
Pituophis_catenifer_C9A	NC_046322.1	583	57	401	457	17728892	17728722	54.386	5.19e-10	68.2
Pituophis_catenifer_C9A	NC_046322.1	583	51	57	107	17736501	17736352	56.863	4.35e-09	65.1
Pituophis_catenifer_C9A	NC_046322.1	583	54	530	583	17725620	17725462	53.704	2.87e-08	62.4
Pituophis_catenifer_C9A	NC_046322.1	583	69	457	525	18232038	18232241	43.478	4.82e-08	61.6
Pituophis_catenifer_C9A	NC_046322.1	583	55	530	583	18278787	18278623	49.091	2.52e-07	59.3
Pituophis_catenifer_C9A	NC_046322.1	583	42	535	575	18256391	18256266	59.524	8.92e-06	54.3
Pituophis_catenifer_C9A	NC_046317.1	583	52	529	580	37715807	37715962	57.692	3.23e-08	62.0
Pituophis_catenifer_C9A	NC_046317.1	583	77	449	524	37726514	37726287	38.961	5.53e-08	61.2
Pituophis_catenifer_C9A	NC_046317.1	583	83	276	358	37705970	37706218	34.940	2.02e-07	59.7
Pituophis_catenifer_C9A	NC_046325.1	583	225	296	516	13375384	13374755	24.444	5.82e-08	61.2
Pantherophis_obsoletus_C9A	NC_046322.1	583	78	277	354	17730925	17730692	73.077	7.14e-31	134
Pantherophis_obsoletus_C9A	NC_046322.1	583	84	451	534	17726998	17726747	60.714	1.87e-25	117
Pantherophis_obsoletus_C9A	NC_046322.1	583	47	157	203	17734820	17734680	72.340	9.05e-15	83.6
Pantherophis_obsoletus_C9A	NC_046322.1	583	78	107	175	17735218	17734988	52.564	1.78e-12	75.9
Pantherophis_obsoletus_C9A	NC_046322.1	583	57	401	457	17728892	17728722	52.632	4.61e-10	68.2
Pantherophis_obsoletus_C9A	NC_046322.1	583	51	57	107	17736501	17736352	56.863	1.36e-09	66.6
Pantherophis_obsoletus_C9A	NC_046322.1	583	69	457	525	18232038	18232241	43.478	4.35e-08	61.6
Pantherophis_obsoletus_C9A	NC_046322.1	583	54	530	583	17725620	17725462	51.852	1.20e-07	60.5
Pantherophis_obsoletus_C9A	NC_046322.1	583	55	530	583	18278787	18278623	47.273	9.35e-07	57.4
Pantherophis_obsoletus_C9A	NC_046322.1	583	82	274	355	18284389	18284144	32.927	3.59e-06	55.5
Pantherophis_obsoletus_C9A	NC_046322.1	583	70	274	343	18261082	18260873	37.143	5.78e-06	54.7
Pantherophis_obsoletus_C9A	NC_046322.1	583	41	536	575	18256388	18256266	60.976	9.07e-06	54.3
Pantherophis_obsoletus_C9A	NC_046325.1	583	234	296	516	13375384	13374755	26.068	4.66e-09	65.1
Pantherophis_obsoletus_C9A	NC_046317.1	583	82	277	358	37705973	37706218	35.366	9.88e-09	63.9
Pantherophis_obsoletus_C9A	NC_046317.1	583	52	529	580	37715807	37715962	57.692	2.63e-08	62.4
Pantherophis_obsoletus_C9A	NC_046317.1	583	82	274	355	37736147	37735902	35.366	5.03e-08	61.6
Pantherophis_obsoletus_C9A	NC_046317.1	583	77	449	524	37726514	37726287	38.961	5.67e-08	61.2
Bothrops_jararaca_C9A	NC_046322.1	583	119	274	389	17730934	17730590	54.622	1.35e-29	130
Bothrops_jararaca_C9A	NC_046322.1	583	76	459	534	17726974	17726747	67.105	1.29e-26	120
Bothrops_jararaca_C9A	NC_046322.1	583	47	157	203	17734820	17734680	74.468	7.82e-16	86.7
Bothrops_jararaca_C9A	NC_046322.1	583	60	107	166	17735218	17735042	68.333	4.64e-13	77.8
Bothrops_jararaca_C9A	NC_046322.1	583	57	401	457	17728892	17728722	54.386	4.43e-11	71.6
Bothrops_jararaca_C9A	NC_046322.1	583	59	57	112	17736501	17736328	55.932	9.56e-11	70.5
Bothrops_jararaca_C9A	NC_046322.1	583	54	530	583	17725620	17725462	59.259	1.35e-09	66.6
Bothrops_jararaca_C9A	NC_046322.1	583	69	457	525	18232038	18232241	39.130	7.26e-08	60.8
Bothrops_jararaca_C9A	NC_046322.1	583	59	57	114	18265299	18265126	49.153	2.14e-06	56.2
Bothrops_jararaca_C9A	NC_046322.1	583	70	274	343	18261082	18260873	37.143	2.58e-06	55.8
Bothrops_jararaca_C9A	NC_046322.1	583	82	274	355	18284389	18284144	32.927	2.90e-06	55.8
Bothrops_jararaca_C9A	NC_046322.1	583	139	148	272	17734290	17733874	30.935	5.17e-06	55.1
Bothrops_jararaca_C9A	NC_046317.1	583	51	529	579	37715807	37715959	60.784	8.62e-09	63.9
Bothrops_jararaca_C9A	NC_046317.1	583	87	439	524	37726544	37726287	34.483	5.44e-08	61.6
Bothrops_jararaca_C9A	NC_046317.1	583	79	277	355	37705973	37706209	34.177	1.55e-07	60.1
Bothrops_jararaca_C9A	NC_046317.1	583	82	274	355	37736147	37735902	32.927	1.87e-07	59.7
Bothrops_jararaca_C9A	NC_046317.1	583	46	538	583	37725759	37725622	50.000	5.13e-06	55.1
Bothrops_jararaca_C9A	NC_046325.1	583	227	296	514	13375384	13374761	25.551	2.32e-08	62.8
Ptyas_mucosa_C9A	NC_046322.1	583	81	274	354	17730934	17730692	71.605	1.35e-30	133
Ptyas_mucosa_C9A	NC_046322.1	583	84	451	534	17726998	17726747	59.524	1.70e-25	117
Ptyas_mucosa_C9A	NC_046322.1	583	47	157	203	17734820	17734680	72.340	9.95e-15	83.2
Ptyas_mucosa_C9A	NC_046322.1	583	60	107	166	17735218	17735042	68.333	2.35e-14	82.0
Ptyas_mucosa_C9A	NC_046322.1	583	57	401	457	17728892	17728722	52.632	7.06e-10	67.4
Ptyas_mucosa_C9A	NC_046322.1	583	51	57	107	17736501	17736352	56.863	1.04e-09	67.0
Ptyas_mucosa_C9A	NC_046322.1	583	78	457	534	18232038	18232262	42.308	4.24e-09	65.1
Ptyas_mucosa_C9A	NC_046322.1	583	54	530	583	17725620	17725462	50.000	1.38e-06	57.0
Ptyas_mucosa_C9A	NC_046322.1	583	55	530	583	18278787	18278623	49.091	2.47e-06	56.2
Ptyas_mucosa_C9A	NC_046322.1	583	82	274	355	18284389	18284144	32.927	6.24e-06	54.7
Ptyas_mucosa_C9A	NC_046317.1	583	82	277	358	37705973	37706218	35.366	1.49e-08	63.2
Ptyas_mucosa_C9A	NC_046317.1	583	82	274	355	37736147	37735902	35.366	5.92e-08	61.2
Ptyas_mucosa_C9A	NC_046317.1	583	51	529	579	37715807	37715959	54.902	2.74e-07	59.3
Ptyas_mucosa_C9A	NC_046317.1	583	77	449	524	37726514	37726287	37.662	6.77e-07	57.8
Ptyas_mucosa_C9A	NC_046317.1	583	42	538	579	37725759	37725634	54.762	3.41e-06	55.5
Ptyas_mucosa_C9A	NC_046325.1	583	229	299	515	13375375	13374758	25.764	5.15e-07	58.2
Vipera_berus_C9A	NC_046322.1	583	81	274	354	17730934	17730692	65.432	1.05e-27	124
Vipera_berus_C9A	NC_046322.1	583	76	459	534	17726974	17726747	65.789	1.07e-26	121
Vipera_berus_C9A	NC_046322.1	583	47	157	203	17734820	17734680	76.596	5.04e-16	87.4
Vipera_berus_C9A	NC_046322.1	583	50	107	156	17735218	17735069	74.000	3.21e-13	78.6
Vipera_berus_C9A	NC_046322.1	583	57	401	457	17728892	17728722	56.140	2.56e-11	72.4
Vipera_berus_C9A	NC_046322.1	583	54	530	583	17725620	17725462	61.111	1.72e-10	69.7
Vipera_berus_C9A	NC_046322.1	583	57	57	110	17736501	17736334	57.895	3.39e-10	68.6
Vipera_berus_C9A	NC_046322.1	583	69	457	525	18232038	18232241	42.029	1.81e-09	66.2
Vipera_berus_C9A	NC_046322.1	583	70	274	343	18261082	18260873	38.571	5.81e-07	58.2
Vipera_berus_C9A	NC_046322.1	583	70	274	343	18284389	18284180	37.143	1.29e-06	57.0
Vipera_berus_C9A	NC_046322.1	583	59	57	114	18265299	18265126	47.458	3.59e-06	55.5
Vipera_berus_C9A	NC_046322.1	583	139	148	272	17734290	17733874	30.935	3.59e-06	55.5
Vipera_berus_C9A	NC_046317.1	583	51	529	579	37715807	37715959	60.784	8.54e-09	63.9
Vipera_berus_C9A	NC_046317.1	583	77	449	524	37726514	37726287	37.662	7.64e-08	60.8
Vipera_berus_C9A	NC_046317.1	583	81	277	357	37705973	37706215	34.568	1.79e-07	59.7
Vipera_berus_C9A	NC_046317.1	583	82	274	355	37736147	37735902	31.707	1.19e-06	57.0
Vipera_berus_C9A	NC_046317.1	583	46	538	583	37725759	37725622	50.000	5.49e-06	55.1
Vipera_berus_C9A	NC_046325.1	583	232	296	514	13375384	13374761	24.138	1.65e-06	56.6
Sceloporus_undulatus_C9A	NC_046322.1	591	84	455	538	17726998	17726747	69.048	5.84e-31	134
Sceloporus_undulatus_C9A	NC_046322.1	591	82	277	358	17730937	17730692	65.854	2.18e-27	123
Sceloporus_undulatus_C9A	NC_046322.1	591	60	402	461	17728901	17728722	63.333	3.83e-15	84.7
Sceloporus_undulatus_C9A	NC_046322.1	591	50	57	106	17736501	17736352	64.000	1.84e-12	75.9
Sceloporus_undulatus_C9A	NC_046322.1	591	47	156	202	17734820	17734680	65.957	2.75e-12	75.5
Sceloporus_undulatus_C9A	NC_046322.1	591	62	529	590	17725635	17725453	58.065	4.37e-12	74.7
Sceloporus_undulatus_C9A	NC_046322.1	591	50	106	155	17735218	17735069	70.000	6.99e-12	73.9
Sceloporus_undulatus_C9A	NC_046322.1	591	55	534	587	18278787	18278623	52.727	1.33e-08	63.5
Sceloporus_undulatus_C9A	NC_046322.1	591	78	201	277	17734098	17733871	44.872	3.43e-08	62.0
Sceloporus_undulatus_C9A	NC_046322.1	591	42	539	579	18256391	18256266	69.048	4.46e-08	61.6
Sceloporus_undulatus_C9A	NC_046322.1	591	85	277	361	18261085	18260831	34.118	1.74e-07	59.7
Sceloporus_undulatus_C9A	NC_046322.1	591	70	462	531	18232041	18232247	38.571	1.96e-07	59.7
Sceloporus_undulatus_C9A	NC_046322.1	591	79	281	359	18284380	18284144	34.177	1.25e-06	57.0
Sceloporus_undulatus_C9A	NC_046317.1	591	52	533	584	37715807	37715962	61.538	5.83e-11	71.2
Sceloporus_undulatus_C9A	NC_046317.1	591	98	281	367	37705973	37706266	34.694	5.21e-09	64.7
Sceloporus_undulatus_C9A	NC_046317.1	591	87	443	528	37726544	37726287	35.632	6.84e-09	64.3
Sceloporus_undulatus_C9A	NC_046317.1	591	46	542	587	37725759	37725622	52.174	1.59e-06	56.6
Sceloporus_undulatus_C9A	NC_046325.1	591	204	306	501	12009921	12010469	25.490	2.11e-06	56.2
Anolis_carolinensis_C9B	NC_046322.1	538	81	457	537	17726992	17726750	66.667	1.20e-27	123
Anolis_carolinensis_C9B	NC_046322.1	538	81	277	357	17730937	17730695	66.667	1.22e-26	120
Anolis_carolinensis_C9B	NC_046322.1	538	47	156	202	17734820	17734680	78.723	3.46e-16	87.4
Anolis_carolinensis_C9B	NC_046322.1	538	57	404	460	17728895	17728725	66.667	2.02e-15	85.1
Anolis_carolinensis_C9B	NC_046322.1	538	50	57	106	17736501	17736352	64.000	5.85e-13	77.4
Anolis_carolinensis_C9B	NC_046322.1	538	50	106	155	17735218	17735069	72.000	1.54e-12	75.9
Anolis_carolinensis_C9B	NC_046322.1	538	78	201	277	17734098	17733871	43.590	3.01e-09	65.5
Anolis_carolinensis_C9B	NC_046322.1	538	71	462	532	18232041	18232250	39.437	4.24e-09	64.7
Anolis_carolinensis_C9B	NC_046322.1	538	81	281	361	18261073	18260831	37.037	1.12e-07	60.1
Anolis_carolinensis_C9B	NC_046322.1	538	75	281	355	18284380	18284156	37.333	7.17e-07	57.8
Anolis_carolinensis_C9B	NC_046322.1	538	57	50	106	18292932	18292762	45.614	6.94e-06	54.3
Anolis_carolinensis_C9B	NC_046317.1	538	98	281	367	37705973	37706266	33.673	3.69e-09	65.1
Anolis_carolinensis_C9B	NC_046317.1	538	81	281	361	37736138	37735896	34.568	2.96e-08	62.0
Anolis_carolinensis_C9B	NC_046325.1	538	216	306	518	12009921	12010517	24.537	2.29e-08	62.4
Anolis_carolinensis_C9B	NC_046325.1	538	214	310	519	13375354	13374758	24.766	2.91e-06	55.5
Anolis_carolinensis_C9B	NC_046325.1	538	214	306	518	12019372	12019968	22.430	3.95e-06	55.1
Hydrophis_cyanocinctus_C9B	NC_046322.1	582	116	276	388	17730925	17730578	56.034	6.80e-31	134
Hydrophis_cyanocinctus_C9B	NC_046322.1	582	84	450	533	17726998	17726747	58.333	3.49e-24	113
Hydrophis_cyanocinctus_C9B	NC_046322.1	582	47	156	202	17734820	17734680	72.340	8.70e-15	83.6
Hydrophis_cyanocinctus_C9B	NC_046322.1	582	59	106	164	17735218	17735045	69.492	1.89e-14	82.4
Hydrophis_cyanocinctus_C9B	NC_046322.1	582	69	456	524	18232038	18232241	43.478	2.60e-09	65.9
Hydrophis_cyanocinctus_C9B	NC_046322.1	582	50	57	106	17736498	17736352	56.000	7.30e-09	64.3
Hydrophis_cyanocinctus_C9B	NC_046322.1	582	57	400	456	17728892	17728722	47.368	9.35e-09	63.9
Hydrophis_cyanocinctus_C9B	NC_046322.1	582	54	529	582	17725620	17725462	51.852	3.06e-07	58.9
Hydrophis_cyanocinctus_C9B	NC_046322.1	582	55	529	582	18278787	18278623	43.636	5.91e-06	54.7
Hydrophis_cyanocinctus_C9B	NC_046317.1	582	82	448	528	37726514	37726272	39.024	1.90e-08	62.8
Hydrophis_cyanocinctus_C9B	NC_046317.1	582	82	276	357	37705973	37706218	34.146	4.23e-08	61.6
Hydrophis_cyanocinctus_C9B	NC_046317.1	582	82	273	354	37736147	37735902	31.707	1.91e-06	56.2
Hydrophis_cyanocinctus_C9B	NC_046317.1	582	50	529	578	37715810	37715959	52.000	6.28e-06	54.7
Hydrophis_cyanocinctus_C9B	NC_046325.1	582	226	295	513	13375384	13374761	24.779	5.61e-08	61.2
Bothrops_jararaca_C9B	NC_046322.1	583	119	274	389	17730934	17730590	54.622	1.61e-29	129
Bothrops_jararaca_C9B	NC_046322.1	583	76	459	534	17726974	17726747	67.105	1.29e-26	120
Bothrops_jararaca_C9B	NC_046322.1	583	47	157	203	17734820	17734680	76.596	3.36e-16	87.8
Bothrops_jararaca_C9B	NC_046322.1	583	60	107	166	17735218	17735042	66.667	8.68e-13	77.0
Bothrops_jararaca_C9B	NC_046322.1	583	57	401	457	17728892	17728722	54.386	6.97e-11	70.9
Bothrops_jararaca_C9B	NC_046322.1	583	57	57	110	17736501	17736334	56.140	1.75e-10	69.7
Bothrops_jararaca_C9B	NC_046322.1	583	54	530	583	17725620	17725462	59.259	2.04e-09	66.2
Bothrops_jararaca_C9B	NC_046322.1	583	69	457	525	18232038	18232241	39.130	7.26e-08	60.8
Bothrops_jararaca_C9B	NC_046322.1	583	70	274	343	18261082	18260873	37.143	2.45e-06	56.2
Bothrops_jararaca_C9B	NC_046322.1	583	82	274	355	18284389	18284144	32.927	2.73e-06	55.8
Bothrops_jararaca_C9B	NC_046322.1	583	139	148	272	17734290	17733874	31.655	4.96e-06	55.1
Bothrops_jararaca_C9B	NC_046322.1	583	59	57	114	18265299	18265126	45.763	9.47e-06	54.3
Bothrops_jararaca_C9B	NC_046317.1	583	51	529	579	37715807	37715959	60.784	1.03e-08	63.9
Bothrops_jararaca_C9B	NC_046317.1	583	77	449	524	37726514	37726287	37.662	6.23e-08	61.2
Bothrops_jararaca_C9B	NC_046317.1	583	79	277	355	37705973	37706209	34.177	1.45e-07	60.1
Bothrops_jararaca_C9B	NC_046317.1	583	82	274	355	37736147	37735902	32.927	1.90e-07	59.7
Bothrops_jararaca_C9B	NC_046317.1	583	46	538	583	37725759	37725622	50.000	1.51e-06	56.6
Bothrops_jararaca_C9B	NC_046325.1	583	230	296	514	13375384	13374761	25.652	8.84e-08	60.8
Laticauda_colubrina_C9B	NC_046322.1	583	78	277	354	17730925	17730692	71.795	4.16e-30	131
Laticauda_colubrina_C9B	NC_046322.1	583	84	451	534	17726998	17726747	59.524	4.26e-25	116
Laticauda_colubrina_C9B	NC_046322.1	583	46	157	202	17734820	17734683	73.913	2.95e-15	85.1
Laticauda_colubrina_C9B	NC_046322.1	583	59	107	165	17735218	17735045	69.492	1.23e-14	82.8
Laticauda_colubrina_C9B	NC_046322.1	583	69	457	525	18232038	18232241	43.478	4.28e-09	65.1
Laticauda_colubrina_C9B	NC_046322.1	583	50	58	107	17736498	17736352	56.000	1.24e-08	63.5
Laticauda_colubrina_C9B	NC_046322.1	583	57	401	457	17728892	17728722	49.123	1.51e-08	63.2
Laticauda_colubrina_C9B	NC_046322.1	583	54	530	583	17725620	17725462	51.852	1.41e-07	60.1
Laticauda_colubrina_C9B	NC_046322.1	583	67	277	343	18261073	18260873	37.313	1.00e-06	57.4
Laticauda_colubrina_C9B	NC_046322.1	583	79	277	355	18284380	18284144	32.911	2.00e-06	56.2
Laticauda_colubrina_C9B	NC_046322.1	583	55	530	583	18278787	18278623	47.273	2.85e-06	55.8
Laticauda_colubrina_C9B	NC_046325.1	583	226	296	514	13375384	13374761	24.779	5.16e-08	61.6
Laticauda_colubrina_C9B	NC_046325.1	583	178	298	475	12019360	12019860	23.596	2.08e-06	56.2
Laticauda_colubrina_C9B	NC_046317.1	583	82	274	355	37705964	37706209	32.927	8.91e-08	60.8
Laticauda_colubrina_C9B	NC_046317.1	583	81	277	357	37736138	37735896	29.630	5.20e-07	58.2
Laticauda_colubrina_C9B	NC_046317.1	583	77	449	524	37726514	37726287	38.961	7.18e-07	57.8
Laticauda_colubrina_C9B	NC_046317.1	583	51	529	579	37715807	37715959	54.902	1.51e-06	56.6
Pseudonaja_textilis_C9B	NC_046322.1	583	116	277	389	17730925	17730578	57.759	3.13e-32	138
Pseudonaja_textilis_C9B	NC_046322.1	583	84	451	534	17726998	17726747	60.714	5.70e-25	115
Pseudonaja_textilis_C9B	NC_046322.1	583	78	107	175	17735218	17734988	58.974	5.73e-15	84.0
Pseudonaja_textilis_C9B	NC_046322.1	583	47	157	203	17734820	17734680	70.213	1.65e-14	82.4
Pseudonaja_textilis_C9B	NC_046322.1	583	69	457	525	18232038	18232241	43.478	1.26e-09	66.6
Pseudonaja_textilis_C9B	NC_046322.1	583	51	57	107	17736501	17736352	54.902	3.86e-09	65.1
Pseudonaja_textilis_C9B	NC_046322.1	583	57	401	457	17728892	17728722	50.877	6.07e-09	64.7
Pseudonaja_textilis_C9B	NC_046322.1	583	55	530	583	18278787	18278623	45.455	3.53e-06	55.5
Pseudonaja_textilis_C9B	NC_046317.1	583	85	274	358	37705964	37706218	34.118	1.81e-08	63.2
Pseudonaja_textilis_C9B	NC_046317.1	583	77	449	524	37726514	37726287	40.260	6.50e-08	61.2
Pseudonaja_textilis_C9B	NC_046317.1	583	79	277	355	37736138	37735902	31.646	5.15e-07	58.2
Pseudonaja_textilis_C9B	NC_046317.1	583	50	530	579	37715810	37715959	54.000	1.56e-06	56.6
Pseudonaja_textilis_C9B	NC_046325.1	583	223	299	514	13375375	13374761	24.215	1.73e-07	59.7
Notechis_scutatus_C9B	NC_046322.1	583	116	277	389	17730925	17730578	56.897	2.32e-31	135
Notechis_scutatus_C9B	NC_046322.1	583	82	453	534	17726992	17726747	60.976	1.02e-24	115
Notechis_scutatus_C9B	NC_046322.1	583	47	157	203	17734820	17734680	72.340	6.47e-15	84.0
Notechis_scutatus_C9B	NC_046322.1	583	78	107	175	17735218	17734988	57.692	1.34e-14	82.8
Notechis_scutatus_C9B	NC_046322.1	583	69	457	525	18232038	18232241	43.478	1.17e-09	67.0
Notechis_scutatus_C9B	NC_046322.1	583	57	401	457	17728892	17728722	47.368	4.99e-09	64.7
Notechis_scutatus_C9B	NC_046322.1	583	50	58	107	17736498	17736352	56.000	5.82e-09	64.7
Notechis_scutatus_C9B	NC_046322.1	583	54	530	583	17725620	17725462	51.852	3.63e-07	58.9
Notechis_scutatus_C9B	NC_046322.1	583	55	530	583	18278787	18278623	43.636	5.78e-06	54.7
Notechis_scutatus_C9B	NC_046325.1	583	226	296	514	13375384	13374761	25.221	1.14e-08	63.5
Notechis_scutatus_C9B	NC_046317.1	583	85	274	358	37705964	37706218	34.118	1.26e-08	63.5
Notechis_scutatus_C9B	NC_046317.1	583	82	449	529	37726514	37726272	39.024	2.07e-08	62.8
Notechis_scutatus_C9B	NC_046317.1	583	79	277	355	37736138	37735902	30.380	3.27e-06	55.8
Notechis_scutatus_C9B	NC_046317.1	583	50	530	579	37715810	37715959	52.000	6.35e-06	54.7
Pituophis_catenifer_C9B	NC_046322.1	583	127	277	399	17730925	17730560	50.394	1.62e-28	126
Pituophis_catenifer_C9B	NC_046322.1	583	80	453	532	17726992	17726753	65.000	3.79e-26	119
Pituophis_catenifer_C9B	NC_046322.1	583	47	157	203	17734820	17734680	72.340	2.46e-15	85.1
Pituophis_catenifer_C9B	NC_046322.1	583	63	107	169	17735218	17735033	66.667	5.49e-15	84.0
Pituophis_catenifer_C9B	NC_046322.1	583	57	401	457	17728892	17728722	54.386	7.56e-10	67.4
Pituophis_catenifer_C9B	NC_046322.1	583	69	457	525	18232038	18232241	43.478	2.91e-09	65.5
Pituophis_catenifer_C9B	NC_046322.1	583	51	57	107	17736501	17736352	52.941	6.84e-08	61.2
Pituophis_catenifer_C9B	NC_046322.1	583	54	530	583	17725620	17725462	51.852	9.87e-08	60.5
Pituophis_catenifer_C9B	NC_046317.1	583	77	449	524	37726514	37726287	38.961	2.52e-08	62.4
Pituophis_catenifer_C9B	NC_046317.1	583	83	276	358	37705970	37706218	34.940	3.23e-07	58.9
Pituophis_catenifer_C9B	NC_046317.1	583	51	529	579	37715807	37715959	52.941	2.25e-06	56.2
Pituophis_catenifer_C9B	NC_046325.1	583	224	296	514	13375384	13374761	25.446	4.27e-07	58.5
Pantherophis_obsoletus_C9B	NC_046322.1	583	81	274	354	17730934	17730692	67.901	2.22e-29	129
Pantherophis_obsoletus_C9B	NC_046322.1	583	80	453	532	17726992	17726753	63.750	5.08e-25	115
Pantherophis_obsoletus_C9B	NC_046322.1	583	47	157	203	17734820	17734680	72.340	3.25e-15	84.7
Pantherophis_obsoletus_C9B	NC_046322.1	583	63	107	169	17735218	17735033	66.667	6.14e-15	84.0
Pantherophis_obsoletus_C9B	NC_046322.1	583	57	401	457	17728892	17728722	56.140	3.25e-10	68.6
Pantherophis_obsoletus_C9B	NC_046322.1	583	51	57	107	17736501	17736352	54.902	2.70e-08	62.4
Pantherophis_obsoletus_C9B	NC_046322.1	583	45	539	583	17725593	17725462	60.000	1.20e-07	60.5
Pantherophis_obsoletus_C9B	NC_046322.1	583	69	457	525	18232038	18232241	36.232	3.28e-07	58.9
Pantherophis_obsoletus_C9B	NC_046322.1	583	82	274	355	18284389	18284144	34.146	2.83e-06	55.8
Pantherophis_obsoletus_C9B	NC_046322.1	583	70	274	343	18261082	18260873	38.571	3.44e-06	55.5
Pantherophis_obsoletus_C9B	NC_046317.1	583	82	277	358	37705973	37706218	35.366	5.25e-09	64.7
Pantherophis_obsoletus_C9B	NC_046317.1	583	82	274	355	37736147	37735902	35.366	7.08e-08	61.2
Pantherophis_obsoletus_C9B	NC_046317.1	583	77	449	524	37726514	37726287	36.364	1.35e-07	60.1
Pantherophis_obsoletus_C9B	NC_046317.1	583	50	530	579	37715810	37715959	54.000	8.33e-06	54.3
Pantherophis_obsoletus_C9B	NC_046325.1	583	220	299	514	13375375	13374761	22.727	1.46e-06	56.6
Crotalus_tigris_C9B	NC_046322.1	583	85	453	537	17726992	17726738	63.529	1.77e-27	123
Crotalus_tigris_C9B	NC_046322.1	583	74	277	350	17730925	17730704	68.919	4.36e-27	122
Crotalus_tigris_C9B	NC_046322.1	583	47	157	203	17734820	17734680	76.596	1.47e-15	85.9
Crotalus_tigris_C9B	NC_046322.1	583	63	107	169	17735218	17735033	65.079	3.49e-14	81.6
Crotalus_tigris_C9B	NC_046322.1	583	57	401	457	17728892	17728722	57.895	1.01e-10	70.5
Crotalus_tigris_C9B	NC_046322.1	583	51	57	107	17736501	17736352	58.824	1.72e-09	66.2
Crotalus_tigris_C9B	NC_046322.1	583	69	457	525	18232038	18232241	42.029	3.04e-09	65.5
Crotalus_tigris_C9B	NC_046322.1	583	54	530	583	17725620	17725462	50.000	6.83e-07	57.8
Crotalus_tigris_C9B	NC_046317.1	583	77	449	524	37726514	37726287	40.260	1.17e-08	63.5
Crotalus_tigris_C9B	NC_046317.1	583	74	277	350	37705973	37706194	35.135	1.11e-06	57.0
Crotalus_tigris_C9B	NC_046317.1	583	51	529	579	37715807	37715959	52.941	8.05e-06	54.3
Crotalus_tigris_C9B	NC_046325.1	583	223	296	514	13375384	13374761	24.215	2.89e-07	58.9
Ptyas_mucosa_C9B	NC_046322.1	583	77	277	353	17730925	17730695	68.831	6.89e-28	124
Ptyas_mucosa_C9B	NC_046322.1	583	80	453	532	17726992	17726753	62.500	3.78e-24	113
Ptyas_mucosa_C9B	NC_046322.1	583	47	157	203	17734820	17734680	72.340	2.24e-15	85.5
Ptyas_mucosa_C9B	NC_046322.1	583	60	107	166	17735218	17735042	70.000	8.23e-15	83.6
Ptyas_mucosa_C9B	NC_046322.1	583	57	401	457	17728892	17728722	54.386	4.82e-09	64.7
Ptyas_mucosa_C9B	NC_046322.1	583	51	57	107	17736501	17736352	50.980	4.62e-08	61.6
Ptyas_mucosa_C9B	NC_046322.1	583	45	539	583	17725593	17725462	57.778	8.37e-07	57.8
Ptyas_mucosa_C9B	NC_046322.1	583	58	468	525	18232068	18232241	37.931	3.32e-06	55.5
Ptyas_mucosa_C9B	NC_046317.1	583	77	274	350	37705964	37706194	36.364	5.34e-08	61.6
Ptyas_mucosa_C9B	NC_046317.1	583	87	439	524	37726544	37726287	32.184	1.23e-06	57.0
