Lacerta_agilis_C9A	NC_072797.1	589	86	275	360	24723071	24722814	76.744	2.35e-34	145
Lacerta_agilis_C9A	NC_072797.1	589	80	455	534	24715570	24715331	70.000	7.28e-29	128
Lacerta_agilis_C9A	NC_072797.1	589	47	155	201	24726722	24726582	76.596	5.61e-16	87.8
Lacerta_agilis_C9A	NC_072797.1	589	80	86	164	24728293	24728060	56.250	6.96e-16	87.8
Lacerta_agilis_C9A	NC_072797.1	589	72	400	468	24718044	24717832	63.889	2.27e-15	85.9
Lacerta_agilis_C9A	NC_072797.1	589	51	55	105	24729770	24729618	58.824	4.06e-11	72.4
Lacerta_agilis_C9A	NC_072797.1	589	47	539	584	24714553	24714413	74.468	5.67e-11	71.6
Lacerta_agilis_C9A	NC_072797.1	589	75	201	275	24724432	24724214	48.000	8.78e-11	71.2
Lacerta_agilis_C9A	NC_072797.1	589	60	470	529	25507297	25507476	45.000	2.72e-07	59.7
Lacerta_agilis_C9A	NC_072801.1	589	227	300	517	65313413	65314039	28.194	5.80e-13	78.2
Lacerta_agilis_C9A	NC_072801.1	589	221	304	518	65325032	65325628	25.792	6.44e-08	62.0
Lacerta_agilis_C9A	NC_072794.1	589	81	279	359	82356641	82356399	38.272	1.06e-08	64.3
Lacerta_agilis_C9A	NC_072794.1	589	51	535	584	82300496	82300648	52.941	1.99e-08	63.5
Lacerta_agilis_C9A	NC_072794.1	589	67	461	526	82337434	82337234	38.806	3.55e-06	56.2
Zootoca_vivipara_C9A	NC_072797.1	589	86	275	360	24723071	24722814	76.744	3.14e-34	145
Zootoca_vivipara_C9A	NC_072797.1	589	80	455	534	24715570	24715331	71.250	7.15e-29	128
Zootoca_vivipara_C9A	NC_072797.1	589	47	155	201	24726722	24726582	76.596	6.27e-16	87.8
Zootoca_vivipara_C9A	NC_072797.1	589	80	86	164	24728293	24728060	55.000	1.23e-15	87.0
Zootoca_vivipara_C9A	NC_072797.1	589	72	400	468	24718044	24717832	61.111	4.49e-14	82.0
Zootoca_vivipara_C9A	NC_072797.1	589	51	55	105	24729770	24729618	58.824	3.83e-11	72.4
Zootoca_vivipara_C9A	NC_072797.1	589	47	539	584	24714553	24714413	72.340	1.49e-10	70.5
Zootoca_vivipara_C9A	NC_072797.1	589	75	201	275	24724432	24724214	46.667	1.17e-09	67.4
Zootoca_vivipara_C9A	NC_072797.1	589	60	470	529	25507297	25507476	43.333	5.06e-07	58.9
Zootoca_vivipara_C9A	NC_072801.1	589	229	300	519	65313413	65314045	26.638	2.19e-11	73.2
Zootoca_vivipara_C9A	NC_072794.1	589	81	279	359	82356641	82356399	38.272	1.95e-08	63.5
Zootoca_vivipara_C9A	NC_072794.1	589	51	535	584	82300496	82300648	50.980	7.63e-08	61.6
Zootoca_vivipara_C9A	NC_072794.1	589	52	475	526	82337389	82337234	44.231	4.83e-06	55.8
Podarcis_muralis_C9A	NC_072797.1	589	86	275	360	24723071	24722814	76.744	6.37e-34	144
Podarcis_muralis_C9A	NC_072797.1	589	80	455	534	24715570	24715331	68.750	1.00e-27	125
Podarcis_muralis_C9A	NC_072797.1	589	47	155	201	24726722	24726582	76.596	5.91e-16	87.8
Podarcis_muralis_C9A	NC_072797.1	589	62	104	164	24728245	24728060	66.129	1.66e-15	86.3
Podarcis_muralis_C9A	NC_072797.1	589	72	400	468	24718044	24717832	56.944	4.93e-13	78.6
Podarcis_muralis_C9A	NC_072797.1	589	47	539	584	24714553	24714413	74.468	3.61e-11	72.4
Podarcis_muralis_C9A	NC_072797.1	589	51	55	105	24729770	24729618	58.824	1.06e-10	70.9
Podarcis_muralis_C9A	NC_072797.1	589	75	201	275	24724432	24724214	45.333	8.45e-10	68.2
Podarcis_muralis_C9A	NC_072797.1	589	60	470	529	25507297	25507476	41.667	3.30e-07	59.7
Podarcis_muralis_C9A	NC_072801.1	589	222	300	516	65313413	65314036	25.676	6.40e-11	71.6
Podarcis_muralis_C9A	NC_072794.1	589	55	531	584	82300484	82300648	49.091	2.16e-08	63.5
Podarcis_muralis_C9A	NC_072794.1	589	81	279	359	82356641	82356399	37.037	5.11e-08	62.4
Podarcis_muralis_C9A	NC_072794.1	589	52	475	526	82337389	82337234	44.231	4.25e-06	55.8
Anolis_carolinensis_C9A	NC_072797.1	591	83	277	359	24723071	24722823	72.289	7.13e-30	131
Anolis_carolinensis_C9A	NC_072797.1	591	81	457	537	24715570	24715328	71.605	5.59e-28	125
Anolis_carolinensis_C9A	NC_072797.1	591	47	156	202	24726722	24726582	78.723	2.05e-15	86.3
Anolis_carolinensis_C9A	NC_072797.1	591	50	538	587	24714562	24714413	66.000	2.43e-12	76.3
Anolis_carolinensis_C9A	NC_072797.1	591	53	105	155	24728245	24728090	69.811	6.12e-12	75.1
Anolis_carolinensis_C9A	NC_072797.1	591	62	400	461	24718050	24717865	54.839	1.15e-11	73.9
Anolis_carolinensis_C9A	NC_072797.1	591	52	56	107	24729770	24729615	61.538	2.00e-11	73.2
Anolis_carolinensis_C9A	NC_072797.1	591	79	281	359	25545873	25545637	36.709	1.15e-07	61.2
Anolis_carolinensis_C9A	NC_072797.1	591	48	10	57	24735147	24735004	56.250	2.66e-07	60.1
Anolis_carolinensis_C9A	NC_072797.1	591	50	542	591	25508444	25508593	50.000	8.13e-07	58.2
Anolis_carolinensis_C9A	NC_072797.1	591	72	460	531	25507264	25507476	34.722	8.77e-07	58.2
Anolis_carolinensis_C9A	NC_072797.1	591	77	201	277	24724435	24724214	44.156	3.12e-06	56.6
Anolis_carolinensis_C9A	NC_072797.1	591	78	281	358	25588900	25588667	33.333	4.49e-06	55.8
Anolis_carolinensis_C9A	NC_072794.1	591	49	539	587	82300502	82300648	57.143	1.64e-09	67.0
Anolis_carolinensis_C9A	NC_072794.1	591	103	257	359	82277940	82278221	33.981	1.51e-08	63.9
Anolis_carolinensis_C9A	NC_072794.1	591	78	281	358	82356641	82356408	35.897	7.36e-08	61.6
Anolis_carolinensis_C9A	NC_072794.1	591	70	460	528	82337443	82337234	37.143	3.32e-07	59.7
Anolis_carolinensis_C9A	NC_072801.1	591	257	302	552	65313413	65314141	23.735	2.83e-09	66.2
Anolis_carolinensis_C9A	NC_072801.1	591	221	302	518	67008660	67008058	25.792	4.45e-09	65.9
Anolis_carolinensis_C9A	NC_072801.1	591	248	306	550	65325032	65325721	26.210	1.22e-08	64.3
Pogona_vitticeps_C9A	NC_072797.1	576	88	253	340	24723086	24722823	65.909	9.22e-30	131
Pogona_vitticeps_C9A	NC_072797.1	576	78	438	515	24715570	24715337	70.513	1.02e-26	121
Pogona_vitticeps_C9A	NC_072797.1	576	54	156	209	24726722	24726561	72.222	1.10e-15	87.0
Pogona_vitticeps_C9A	NC_072797.1	576	55	519	573	24714571	24714407	70.909	1.47e-15	86.7
Pogona_vitticeps_C9A	NC_072797.1	576	61	381	441	24718050	24717868	63.934	2.88e-15	85.5
Pogona_vitticeps_C9A	NC_072797.1	576	70	87	155	24728293	24728090	61.429	2.91e-14	82.4
Pogona_vitticeps_C9A	NC_072797.1	576	52	56	107	24729770	24729615	55.769	7.81e-10	68.2
Pogona_vitticeps_C9A	NC_072797.1	576	42	16	57	24735129	24735004	66.667	9.47e-09	64.7
Pogona_vitticeps_C9A	NC_072797.1	576	66	510	575	25508408	25508593	48.485	6.68e-08	61.6
Pogona_vitticeps_C9A	NC_072797.1	576	42	521	561	25539171	25539046	69.048	2.02e-07	60.1
Pogona_vitticeps_C9A	NC_072797.1	576	44	519	561	25577282	25577151	61.364	3.87e-07	59.3
Pogona_vitticeps_C9A	NC_072797.1	576	70	441	510	25507264	25507470	38.571	9.54e-07	58.2
Pogona_vitticeps_C9A	NC_072797.1	576	91	427	512	25541238	25540969	38.462	1.04e-06	57.8
Pogona_vitticeps_C9A	NC_072797.1	576	88	253	340	25545900	25545637	31.818	1.66e-06	57.4
Pogona_vitticeps_C9A	NC_072797.1	576	83	257	339	25588915	25588667	32.530	4.57e-06	55.8
Pogona_vitticeps_C9A	NC_072801.1	576	335	249	555	65313278	65314231	26.269	1.96e-13	79.7
Pogona_vitticeps_C9A	NC_072801.1	576	221	283	501	67008660	67008052	24.887	6.20e-10	68.6
Pogona_vitticeps_C9A	NC_072801.1	576	193	294	484	65325053	65325580	27.461	3.77e-08	62.8
Pogona_vitticeps_C9A	NC_072794.1	576	52	520	571	82300493	82300648	55.769	4.08e-11	72.4
Pogona_vitticeps_C9A	NC_072794.1	576	70	441	509	82337443	82337234	40.000	4.67e-08	62.4
Pogona_vitticeps_C9A	NC_072794.1	576	84	257	340	82277970	82278221	34.524	4.75e-08	62.4
Pogona_vitticeps_C9A	NC_072794.1	576	83	257	339	82356656	82356408	34.940	8.06e-08	61.6
Pogona_vitticeps_C9A	NC_072794.1	576	52	520	571	82335824	82335669	48.077	2.56e-06	56.6
Gekko_japonicus_C9A	NC_072797.1	582	86	291	376	24723071	24722814	70.930	2.41e-30	133
Gekko_japonicus_C9A	NC_072797.1	582	71	455	525	24715558	24715346	74.648	4.83e-26	119
Gekko_japonicus_C9A	NC_072797.1	582	52	121	172	24728245	24728090	69.231	4.52e-16	88.2
Gekko_japonicus_C9A	NC_072797.1	582	59	394	452	24718050	24717874	64.407	6.39e-16	87.8
Gekko_japonicus_C9A	NC_072797.1	582	45	173	217	24726722	24726588	80.000	7.33e-15	84.3
Gekko_japonicus_C9A	NC_072797.1	582	52	530	581	24714568	24714413	71.154	7.76e-14	80.9
Gekko_japonicus_C9A	NC_072797.1	582	54	69	122	24729770	24729618	62.963	8.06e-11	71.2
Gekko_japonicus_C9A	NC_072797.1	582	40	30	69	24735126	24735007	77.500	2.88e-10	69.3
Gekko_japonicus_C9A	NC_072797.1	582	61	521	581	25508399	25508581	50.820	1.92e-09	67.0
Gekko_japonicus_C9A	NC_072797.1	582	71	218	288	24724435	24724223	46.479	8.21e-09	64.7
Gekko_japonicus_C9A	NC_072797.1	582	74	450	523	25507252	25507470	41.892	1.28e-08	64.3
Gekko_japonicus_C9A	NC_072797.1	582	83	291	373	25545885	25545637	31.325	1.46e-06	57.4
Gekko_japonicus_C9A	NC_072797.1	582	89	466	554	25541148	25540900	35.955	2.31e-06	57.0
Gekko_japonicus_C9A	NC_072794.1	582	68	456	522	82337437	82337234	36.765	1.50e-07	60.8
Gekko_japonicus_C9A	NC_072794.1	582	74	302	375	82356620	82356399	35.135	3.77e-07	59.3
Gekko_japonicus_C9A	NC_072794.1	582	47	535	581	82300508	82300648	51.064	4.87e-07	58.9
Crotalus_tigris_C9A	NC_072797.1	583	85	277	361	24723059	24722805	58.824	3.31e-24	114
Crotalus_tigris_C9A	NC_072797.1	583	80	453	532	24715570	24715331	56.250	1.88e-21	105
Crotalus_tigris_C9A	NC_072797.1	583	52	106	156	24728245	24728090	73.077	4.21e-15	85.1
Crotalus_tigris_C9A	NC_072797.1	583	47	157	203	24726722	24726582	70.213	2.66e-13	79.3
Crotalus_tigris_C9A	NC_072797.1	583	51	533	583	24714565	24714413	64.706	8.59e-12	74.3
Crotalus_tigris_C9A	NC_072797.1	583	56	402	457	24718032	24717865	57.143	2.05e-09	66.6
Crotalus_tigris_C9A	NC_072797.1	583	54	54	107	24729776	24729618	50.000	3.69e-08	62.8
Crotalus_tigris_C9A	NC_072797.1	583	70	456	525	25507264	25507470	37.143	5.01e-07	58.9
Crotalus_tigris_C9A	NC_072797.1	583	42	16	57	24735129	24735004	54.762	2.44e-06	56.6
Crotalus_tigris_C9A	NC_072801.1	583	260	262	514	65313308	65314036	24.615	1.06e-10	70.9
Crotalus_tigris_C9A	NC_072801.1	583	220	298	514	67008660	67008064	23.182	7.96e-09	64.7
Crotalus_tigris_C9A	NC_072801.1	583	209	309	516	65325053	65325628	25.359	2.60e-07	60.1
Crotalus_tigris_C9A	NC_072794.1	583	50	534	583	82300499	82300648	52.000	4.61e-08	62.4
Thamnophis_elegans_C9A	NC_072797.1	583	85	277	361	24723059	24722805	62.353	2.87e-25	117
Thamnophis_elegans_C9A	NC_072797.1	583	73	460	532	24715549	24715331	65.753	6.76e-21	103
Thamnophis_elegans_C9A	NC_072797.1	583	51	533	583	24714565	24714413	72.549	1.59e-15	86.7
Thamnophis_elegans_C9A	NC_072797.1	583	47	157	203	24726722	24726582	76.596	9.82e-14	80.9
Thamnophis_elegans_C9A	NC_072797.1	583	52	106	156	24728245	24728090	69.231	9.81e-13	77.4
Thamnophis_elegans_C9A	NC_072797.1	583	62	396	457	24718050	24717865	51.613	3.46e-10	69.3
Thamnophis_elegans_C9A	NC_072797.1	583	45	530	573	25577285	25577151	57.778	8.38e-08	61.6
Thamnophis_elegans_C9A	NC_072797.1	583	42	16	57	24735129	24735004	57.143	1.04e-07	61.2
Thamnophis_elegans_C9A	NC_072797.1	583	59	525	583	25508408	25508581	45.763	1.08e-06	57.8
Thamnophis_elegans_C9A	NC_072797.1	583	40	535	573	25539165	25539046	62.500	1.60e-06	57.4
Thamnophis_elegans_C9A	NC_072801.1	583	329	262	569	65313308	65314231	25.532	1.18e-12	77.4
Thamnophis_elegans_C9A	NC_072801.1	583	250	302	546	65325032	65325721	24.800	4.71e-06	55.8
Thamnophis_elegans_C9A	NC_072794.1	583	49	535	583	82300502	82300648	55.102	9.94e-11	70.9
Thamnophis_elegans_C9A	NC_072794.1	583	47	537	583	82335809	82335669	51.064	1.03e-06	58.2
Thamnophis_elegans_C9A	NC_072794.1	583	82	274	355	82356650	82356405	31.707	9.45e-06	54.7
Naja_naja_C9A	NC_072797.1	582	85	277	361	24723059	24722805	60.000	8.62e-25	115
Naja_naja_C9A	NC_072797.1	582	74	458	531	24715552	24715331	62.162	7.52e-21	103
Naja_naja_C9A	NC_072797.1	582	52	106	156	24728245	24728090	76.923	2.25e-15	85.9
Naja_naja_C9A	NC_072797.1	582	47	157	203	24726722	24726582	70.213	9.69e-13	77.4
Naja_naja_C9A	NC_072797.1	582	56	527	582	24714580	24714413	62.500	2.51e-12	76.3
Naja_naja_C9A	NC_072797.1	582	55	402	456	24718029	24717865	58.182	2.32e-09	66.6
Naja_naja_C9A	NC_072797.1	582	70	455	524	25507264	25507470	35.714	4.91e-07	58.9
Naja_naja_C9A	NC_072797.1	582	54	54	107	24729776	24729618	48.148	2.26e-06	57.0
Naja_naja_C9A	NC_072797.1	582	57	522	578	25508399	25508569	49.123	8.81e-06	55.1
Naja_naja_C9A	NC_072801.1	582	218	298	513	67008660	67008064	22.018	5.81e-10	68.6
Naja_naja_C9A	NC_072801.1	582	291	298	566	65313413	65314231	22.680	1.20e-08	64.3
Naja_naja_C9A	NC_072801.1	582	215	302	515	65325032	65325628	22.791	4.07e-07	59.3
Naja_naja_C9A	NC_072794.1	582	50	533	582	82300499	82300648	54.000	8.35e-09	64.7
Naja_naja_C9A	NC_072794.1	582	74	277	350	82277985	82278206	35.135	7.62e-06	55.1
Pseudonaja_textilis_C9A	NC_072797.1	583	85	277	361	24723059	24722805	57.647	4.88e-24	113
Pseudonaja_textilis_C9A	NC_072797.1	583	74	459	532	24715552	24715331	63.514	1.57e-21	105
Pseudonaja_textilis_C9A	NC_072797.1	583	52	106	156	24728245	24728090	73.077	1.28e-14	83.6
Pseudonaja_textilis_C9A	NC_072797.1	583	56	528	583	24714580	24714413	66.071	2.28e-13	79.7
Pseudonaja_textilis_C9A	NC_072797.1	583	47	157	203	24726722	24726582	70.213	9.01e-13	77.8
Pseudonaja_textilis_C9A	NC_072797.1	583	55	403	457	24718029	24717865	52.727	9.28e-09	64.7
Pseudonaja_textilis_C9A	NC_072797.1	583	42	16	57	24735129	24735004	59.524	5.61e-08	62.0
Pseudonaja_textilis_C9A	NC_072797.1	583	76	452	527	25507252	25507476	35.526	5.55e-07	58.9
Pseudonaja_textilis_C9A	NC_072797.1	583	54	54	107	24729776	24729618	50.000	1.50e-06	57.4
Pseudonaja_textilis_C9A	NC_072797.1	583	57	523	579	25508399	25508569	49.123	7.97e-06	55.1
Pseudonaja_textilis_C9A	NC_072801.1	583	325	262	567	65313308	65314231	23.077	1.12e-10	70.9
Pseudonaja_textilis_C9A	NC_072801.1	583	219	298	514	67008660	67008064	21.461	5.90e-09	65.1
Pseudonaja_textilis_C9A	NC_072801.1	583	216	302	516	65325032	65325628	21.759	3.02e-06	56.6
Pseudonaja_textilis_C9A	NC_072794.1	583	50	534	583	82300499	82300648	52.000	7.06e-09	65.1
Python_bivittatus_C9A	NC_072797.1	582	95	453	543	24715570	24715286	57.895	4.80e-25	116
Python_bivittatus_C9A	NC_072797.1	582	85	277	361	24723059	24722805	58.824	4.92e-24	113
Python_bivittatus_C9A	NC_072797.1	582	52	106	156	24728245	24728090	67.308	4.75e-13	78.6
Python_bivittatus_C9A	NC_072797.1	582	47	157	203	24726722	24726582	68.085	7.30e-13	77.8
Python_bivittatus_C9A	NC_072797.1	582	48	535	582	24714556	24714413	70.833	7.65e-12	74.7
Python_bivittatus_C9A	NC_072797.1	582	62	396	457	24718050	24717865	54.839	1.13e-09	67.4
Python_bivittatus_C9A	NC_072797.1	582	42	16	57	24735129	24735004	61.905	7.35e-08	61.6
Python_bivittatus_C9A	NC_072797.1	582	70	456	525	25507264	25507470	38.571	2.59e-07	60.1
Python_bivittatus_C9A	NC_072797.1	582	54	525	578	25508408	25508569	51.852	4.01e-07	59.3
Python_bivittatus_C9A	NC_072801.1	582	293	298	568	65313413	65314231	23.891	2.41e-11	73.2
Python_bivittatus_C9A	NC_072801.1	582	219	298	514	67008660	67008058	25.571	4.02e-10	68.9
Python_bivittatus_C9A	NC_072801.1	582	213	309	516	65325053	65325628	27.230	4.08e-09	65.9
Python_bivittatus_C9A	NC_072794.1	582	54	529	582	82300487	82300648	51.852	5.69e-09	65.5
Python_bivittatus_C9A	NC_072794.1	582	70	456	524	82337443	82337234	38.571	9.71e-07	58.2
Python_bivittatus_C9A	NC_072794.1	582	78	277	354	82356641	82356408	33.333	2.63e-06	56.6
Python_bivittatus_C9A	NC_072794.1	582	82	277	358	82277985	82278230	30.488	6.54e-06	55.5
Notechis_scutatus_C9A	NC_072797.1	583	85	277	361	24723059	24722805	57.647	5.33e-24	113
Notechis_scutatus_C9A	NC_072797.1	583	74	459	532	24715552	24715331	62.162	8.93e-22	106
Notechis_scutatus_C9A	NC_072797.1	583	52	106	156	24728245	24728090	75.000	4.24e-15	85.1
Notechis_scutatus_C9A	NC_072797.1	583	56	528	583	24714580	24714413	66.071	2.42e-13	79.3
Notechis_scutatus_C9A	NC_072797.1	583	47	157	203	24726722	24726582	70.213	9.01e-13	77.8
Notechis_scutatus_C9A	NC_072797.1	583	55	403	457	24718029	24717865	52.727	9.68e-09	64.7
Notechis_scutatus_C9A	NC_072797.1	583	42	16	57	24735129	24735004	61.905	4.23e-08	62.4
Notechis_scutatus_C9A	NC_072797.1	583	76	452	527	25507252	25507476	35.526	8.87e-07	58.2
Notechis_scutatus_C9A	NC_072797.1	583	54	54	107	24729776	24729618	50.000	1.56e-06	57.4
Notechis_scutatus_C9A	NC_072801.1	583	325	262	567	65313308	65314231	23.077	2.42e-10	69.7
Notechis_scutatus_C9A	NC_072801.1	583	219	298	514	67008660	67008064	21.461	1.43e-08	63.9
Notechis_scutatus_C9A	NC_072801.1	583	216	302	516	65325032	65325628	21.759	5.82e-06	55.5
Notechis_scutatus_C9A	NC_072794.1	583	50	534	583	82300499	82300648	52.000	7.00e-09	65.1
Hydrophis_cyanocinctus_C9A	NC_072797.1	583	85	277	361	24723059	24722805	57.647	5.28e-24	113
Hydrophis_cyanocinctus_C9A	NC_072797.1	583	74	459	532	24715552	24715331	62.162	1.12e-21	105
Hydrophis_cyanocinctus_C9A	NC_072797.1	583	52	106	156	24728245	24728090	75.000	4.79e-15	85.1
Hydrophis_cyanocinctus_C9A	NC_072797.1	583	56	528	583	24714580	24714413	66.071	2.38e-13	79.3
Hydrophis_cyanocinctus_C9A	NC_072797.1	583	47	157	203	24726722	24726582	72.340	3.88e-13	79.0
Hydrophis_cyanocinctus_C9A	NC_072797.1	583	54	404	457	24718026	24717865	53.704	1.51e-08	63.9
Hydrophis_cyanocinctus_C9A	NC_072797.1	583	42	16	57	24735129	24735004	59.524	5.76e-08	62.0
Hydrophis_cyanocinctus_C9A	NC_072797.1	583	72	456	527	25507264	25507476	36.111	9.10e-07	58.2
Hydrophis_cyanocinctus_C9A	NC_072797.1	583	54	54	107	24729776	24729618	50.000	1.64e-06	57.4
Hydrophis_cyanocinctus_C9A	NC_072801.1	583	325	262	567	65313308	65314231	23.077	1.84e-11	73.6
Hydrophis_cyanocinctus_C9A	NC_072801.1	583	219	298	514	67008660	67008064	21.918	1.22e-09	67.4
Hydrophis_cyanocinctus_C9A	NC_072801.1	583	216	302	516	65325032	65325628	22.222	1.49e-06	57.4
Hydrophis_cyanocinctus_C9A	NC_072794.1	583	50	534	583	82300499	82300648	52.000	7.31e-09	65.1
Laticauda_colubrina_C9A	NC_072797.1	583	77	277	353	24723059	24722829	62.338	6.30e-24	113
Laticauda_colubrina_C9A	NC_072797.1	583	74	459	532	24715552	24715331	63.514	4.92e-22	107
Laticauda_colubrina_C9A	NC_072797.1	583	52	106	156	24728245	24728090	73.077	1.11e-14	83.6
Laticauda_colubrina_C9A	NC_072797.1	583	56	528	583	24714580	24714413	64.286	5.86e-13	78.2
Laticauda_colubrina_C9A	NC_072797.1	583	47	157	203	24726722	24726582	70.213	1.03e-12	77.4
Laticauda_colubrina_C9A	NC_072797.1	583	55	403	457	24718029	24717865	58.182	2.23e-09	66.6
Laticauda_colubrina_C9A	NC_072797.1	583	42	16	57	24735129	24735004	59.524	7.96e-08	61.6
Laticauda_colubrina_C9A	NC_072797.1	583	72	456	527	25507264	25507476	36.111	5.32e-07	58.9
Laticauda_colubrina_C9A	NC_072797.1	583	54	54	107	24729776	24729618	50.000	3.13e-06	56.2
Laticauda_colubrina_C9A	NC_072801.1	583	219	298	514	67008660	67008064	22.374	1.24e-10	70.9
Laticauda_colubrina_C9A	NC_072801.1	583	325	262	567	65313308	65314231	23.077	2.26e-10	69.7
Laticauda_colubrina_C9A	NC_072801.1	583	216	302	516	65325032	65325628	22.685	7.25e-08	61.6
Laticauda_colubrina_C9A	NC_072794.1	583	50	534	583	82300499	82300648	52.000	6.77e-09	65.1
Protobothrops_mucrosquamatus_C9A	NC_072797.1	583	79	277	355	24723059	24722823	68.354	4.87e-27	122
Protobothrops_mucrosquamatus_C9A	NC_072797.1	583	74	459	532	24715552	24715331	70.270	1.28e-24	115
Protobothrops_mucrosquamatus_C9A	NC_072797.1	583	54	157	210	24726722	24726570	66.667	3.56e-14	82.0
Protobothrops_mucrosquamatus_C9A	NC_072797.1	583	56	528	583	24714580	24714413	67.857	3.81e-14	82.0
Protobothrops_mucrosquamatus_C9A	NC_072797.1	583	52	106	156	24728245	24728090	67.308	1.72e-13	80.1
Protobothrops_mucrosquamatus_C9A	NC_072797.1	583	54	404	457	24718026	24717865	59.259	1.82e-09	67.0
Protobothrops_mucrosquamatus_C9A	NC_072797.1	583	42	16	57	24735129	24735004	59.524	8.23e-08	61.6
Protobothrops_mucrosquamatus_C9A	NC_072797.1	583	86	456	530	25507264	25507518	37.209	8.30e-08	61.6
Protobothrops_mucrosquamatus_C9A	NC_072797.1	583	54	54	107	24729776	24729618	48.148	1.17e-07	60.8
Protobothrops_mucrosquamatus_C9A	NC_072797.1	583	57	523	579	25508399	25508569	49.123	3.98e-07	59.3
Protobothrops_mucrosquamatus_C9A	NC_072797.1	583	45	530	573	25577285	25577151	57.778	1.56e-06	57.4
Protobothrops_mucrosquamatus_C9A	NC_072797.1	583	93	263	355	25545909	25545637	33.333	1.60e-06	57.4
Protobothrops_mucrosquamatus_C9A	NC_072797.1	583	46	529	573	25539183	25539046	56.522	8.91e-06	55.1
Protobothrops_mucrosquamatus_C9A	NC_072801.1	583	264	298	548	65313413	65314141	26.515	2.16e-12	76.3
Protobothrops_mucrosquamatus_C9A	NC_072801.1	583	221	298	514	67008660	67008058	24.887	6.98e-10	68.2
Protobothrops_mucrosquamatus_C9A	NC_072801.1	583	188	309	493	65325053	65325556	28.191	2.56e-09	66.2
Protobothrops_mucrosquamatus_C9A	NC_072794.1	583	49	535	583	82300502	82300648	57.143	4.14e-10	68.9
Protobothrops_mucrosquamatus_C9A	NC_072794.1	583	81	274	354	82356650	82356408	32.099	1.75e-06	57.4
Protobothrops_mucrosquamatus_C9A	NC_072794.1	583	79	277	355	82277985	82278221	31.646	1.77e-06	57.4
Protobothrops_mucrosquamatus_C9A	NC_072794.1	583	70	456	524	82337443	82337234	37.143	2.51e-06	56.6
Protobothrops_mucrosquamatus_C9A	NC_072794.1	583	49	535	583	82335815	82335669	46.939	7.97e-06	55.1
Chrysopelea_ornata_C9A	NC_072797.1	584	85	277	361	24723059	24722805	62.353	1.32e-25	118
Chrysopelea_ornata_C9A	NC_072797.1	584	74	460	533	24715552	24715331	68.919	2.38e-23	111
Chrysopelea_ornata_C9A	NC_072797.1	584	54	157	210	24726722	24726570	68.519	2.27e-14	82.8
Chrysopelea_ornata_C9A	NC_072797.1	584	52	106	156	24728245	24728090	71.154	3.04e-14	82.4
Chrysopelea_ornata_C9A	NC_072797.1	584	51	534	584	24714565	24714413	62.745	4.13e-12	75.5
Chrysopelea_ornata_C9A	NC_072797.1	584	62	397	458	24718050	24717865	51.613	7.12e-10	68.2
Chrysopelea_ornata_C9A	NC_072797.1	584	70	457	526	25507264	25507470	37.143	5.48e-07	58.9
Chrysopelea_ornata_C9A	NC_072797.1	584	42	16	57	24735129	24735004	54.762	5.91e-07	58.9
Chrysopelea_ornata_C9A	NC_072797.1	584	61	524	584	25508399	25508581	45.902	1.83e-06	57.0
Chrysopelea_ornata_C9A	NC_072797.1	584	45	531	574	25577285	25577151	53.333	9.01e-06	55.1
Chrysopelea_ornata_C9A	NC_072801.1	584	264	298	550	65313413	65314144	25.000	1.10e-10	70.9
Chrysopelea_ornata_C9A	NC_072801.1	584	218	309	523	65325053	65325646	25.229	7.10e-06	55.1
Chrysopelea_ornata_C9A	NC_072794.1	584	49	536	584	82300502	82300648	53.061	1.89e-08	63.5
Chrysopelea_ornata_C9A	NC_072794.1	584	84	274	357	82356650	82356399	34.524	6.38e-07	58.5
Chrysopelea_ornata_C9A	NC_072794.1	584	49	536	584	82335815	82335669	44.898	8.71e-06	55.1
Chrysopelea_ornata_C9A	NC_072794.1	584	70	457	525	82337443	82337234	37.143	8.78e-06	55.1
Pituophis_catenifer_C9A	NC_072797.1	583	85	277	361	24723059	24722805	60.000	9.42e-25	115
Pituophis_catenifer_C9A	NC_072797.1	583	74	459	532	24715552	24715331	67.568	2.49e-23	111
Pituophis_catenifer_C9A	NC_072797.1	583	52	106	156	24728245	24728090	69.231	2.49e-13	79.3
Pituophis_catenifer_C9A	NC_072797.1	583	51	533	583	24714565	24714413	66.667	2.53e-13	79.3
Pituophis_catenifer_C9A	NC_072797.1	583	54	157	210	24726722	24726570	62.963	2.18e-12	76.3
Pituophis_catenifer_C9A	NC_072797.1	583	56	402	457	24718032	24717865	50.000	5.70e-09	65.5
Pituophis_catenifer_C9A	NC_072797.1	583	41	17	57	24735126	24735004	60.976	9.28e-08	61.2
Pituophis_catenifer_C9A	NC_072797.1	583	61	523	583	25508399	25508581	45.902	5.84e-07	58.9
Pituophis_catenifer_C9A	NC_072797.1	583	45	530	573	25577285	25577151	55.556	9.62e-07	58.2
Pituophis_catenifer_C9A	NC_072797.1	583	12	490	501	25577409	25577374	66.667	9.62e-07	19.2
Pituophis_catenifer_C9A	NC_072797.1	583	54	54	107	24729776	24729618	48.148	2.64e-06	56.6
Pituophis_catenifer_C9A	NC_072797.1	583	70	456	525	25507264	25507470	37.143	6.02e-06	55.5
Pituophis_catenifer_C9A	NC_072801.1	583	259	298	549	65313413	65314144	25.869	1.31e-12	77.0
Pituophis_catenifer_C9A	NC_072801.1	583	196	298	493	67008660	67008124	22.959	1.73e-07	60.5
Pituophis_catenifer_C9A	NC_072801.1	583	192	302	493	65325032	65325556	26.042	4.34e-07	59.3
Pituophis_catenifer_C9A	NC_072794.1	583	51	533	583	82300496	82300648	52.941	9.57e-10	67.8
Pituophis_catenifer_C9A	NC_072794.1	583	70	456	524	82337443	82337234	40.000	3.69e-07	59.3
Pituophis_catenifer_C9A	NC_072794.1	583	51	533	583	82335821	82335669	47.059	4.19e-07	59.3
Pantherophis_obsoletus_C9A	NC_072797.1	583	85	277	361	24723059	24722805	64.706	3.20e-28	126
Pantherophis_obsoletus_C9A	NC_072797.1	583	74	459	532	24715552	24715331	67.568	2.65e-23	111
Pantherophis_obsoletus_C9A	NC_072797.1	583	51	533	583	24714565	24714413	68.627	1.13e-13	80.5
Pantherophis_obsoletus_C9A	NC_072797.1	583	52	106	156	24728245	24728090	67.308	1.94e-13	79.7
Pantherophis_obsoletus_C9A	NC_072797.1	583	47	157	203	24726722	24726582	70.213	5.86e-13	78.2
Pantherophis_obsoletus_C9A	NC_072797.1	583	62	396	457	24718050	24717865	53.226	4.18e-10	68.9
Pantherophis_obsoletus_C9A	NC_072797.1	583	42	16	57	24735129	24735004	61.905	6.16e-08	62.0
Pantherophis_obsoletus_C9A	NC_072797.1	583	61	523	583	25508399	25508581	45.902	8.43e-07	58.2
Pantherophis_obsoletus_C9A	NC_072797.1	583	45	530	573	25577285	25577151	53.333	2.93e-06	56.2
Pantherophis_obsoletus_C9A	NC_072797.1	583	12	490	501	25577409	25577374	66.667	2.93e-06	19.2
Pantherophis_obsoletus_C9A	NC_072797.1	583	93	263	355	25545909	25545637	33.333	3.15e-06	56.2
Pantherophis_obsoletus_C9A	NC_072797.1	583	54	54	107	24729776	24729618	48.148	3.64e-06	56.2
Pantherophis_obsoletus_C9A	NC_072797.1	583	70	456	525	25507264	25507470	37.143	5.67e-06	55.5
Pantherophis_obsoletus_C9A	NC_072801.1	583	264	298	549	65313413	65314144	26.136	4.25e-12	75.5
Pantherophis_obsoletus_C9A	NC_072801.1	583	196	298	493	67008660	67008124	22.959	1.35e-08	63.9
Pantherophis_obsoletus_C9A	NC_072801.1	583	188	309	493	65325053	65325556	26.596	2.60e-08	63.2
Pantherophis_obsoletus_C9A	NC_072794.1	583	49	535	583	82300502	82300648	55.102	1.35e-09	67.4
Pantherophis_obsoletus_C9A	NC_072794.1	583	81	274	354	82356650	82356408	34.568	3.03e-07	59.7
Pantherophis_obsoletus_C9A	NC_072794.1	583	70	456	524	82337443	82337234	40.000	3.66e-07	59.3
Pantherophis_obsoletus_C9A	NC_072794.1	583	49	535	583	82335815	82335669	48.980	5.70e-07	58.9
Pantherophis_obsoletus_C9A	NC_072794.1	583	82	277	358	82277985	82278230	31.707	8.36e-07	58.2
Bothrops_jararaca_C9A	NC_072797.1	583	79	277	355	24723059	24722823	68.354	1.33e-26	121
Bothrops_jararaca_C9A	NC_072797.1	583	74	459	532	24715552	24715331	70.270	1.03e-24	115
Bothrops_jararaca_C9A	NC_072797.1	583	54	157	210	24726722	24726570	66.667	3.38e-14	82.0
Bothrops_jararaca_C9A	NC_072797.1	583	56	528	583	24714580	24714413	66.071	1.15e-13	80.5
Bothrops_jararaca_C9A	NC_072797.1	583	52	106	156	24728245	24728090	69.231	3.53e-13	79.0
Bothrops_jararaca_C9A	NC_072797.1	583	62	396	457	24718050	24717865	56.452	2.20e-11	73.2
Bothrops_jararaca_C9A	NC_072797.1	583	54	54	107	24729776	24729618	50.000	1.69e-08	63.9
Bothrops_jararaca_C9A	NC_072797.1	583	57	523	579	25508399	25508569	49.123	4.16e-07	59.3
Bothrops_jararaca_C9A	NC_072797.1	583	42	16	57	24735129	24735004	54.762	9.26e-07	58.2
Bothrops_jararaca_C9A	NC_072797.1	583	86	456	530	25507264	25507518	34.884	1.69e-06	57.4
Bothrops_jararaca_C9A	NC_072797.1	583	82	274	355	25545882	25545637	31.707	3.68e-06	56.2
Bothrops_jararaca_C9A	NC_072797.1	583	45	530	573	25577285	25577151	55.556	4.47e-06	55.8
Bothrops_jararaca_C9A	NC_072801.1	583	262	298	548	65313413	65314141	25.191	1.24e-10	70.9
Bothrops_jararaca_C9A	NC_072801.1	583	227	298	514	67008660	67008064	22.907	8.74e-09	64.7
Bothrops_jararaca_C9A	NC_072801.1	583	212	309	516	65325053	65325628	27.358	7.31e-08	61.6
Bothrops_jararaca_C9A	NC_072794.1	583	49	535	583	82300502	82300648	57.143	5.35e-10	68.6
Bothrops_jararaca_C9A	NC_072794.1	583	70	456	524	82337443	82337234	37.143	2.08e-06	57.0
Bothrops_jararaca_C9A	NC_072794.1	583	81	274	354	82356650	82356408	32.099	2.51e-06	56.6
Bothrops_jararaca_C9A	NC_072794.1	583	79	277	355	82277985	82278221	31.646	6.02e-06	55.5
Ptyas_mucosa_C9A	NC_072797.1	583	86	276	361	24723062	24722805	65.116	2.56e-28	126
Ptyas_mucosa_C9A	NC_072797.1	583	74	459	532	24715552	24715331	64.865	1.52e-22	108
Ptyas_mucosa_C9A	NC_072797.1	583	52	106	156	24728245	24728090	73.077	1.31e-14	83.6
Ptyas_mucosa_C9A	NC_072797.1	583	47	157	203	24726722	24726582	65.957	1.05e-11	74.3
Ptyas_mucosa_C9A	NC_072797.1	583	50	534	583	24714562	24714413	64.000	1.11e-11	73.9
Ptyas_mucosa_C9A	NC_072797.1	583	56	402	457	24718032	24717865	51.786	6.59e-09	65.1
Ptyas_mucosa_C9A	NC_072797.1	583	42	16	57	24735129	24735004	61.905	2.45e-08	63.2
Ptyas_mucosa_C9A	NC_072797.1	583	79	456	534	25507264	25507491	39.241	1.00e-07	61.2
Ptyas_mucosa_C9A	NC_072797.1	583	61	523	583	25508399	25508581	47.541	1.26e-07	60.8
Ptyas_mucosa_C9A	NC_072797.1	583	54	54	107	24729776	24729618	48.148	2.08e-06	57.0
Ptyas_mucosa_C9A	NC_072797.1	583	45	530	573	25577285	25577151	55.556	3.84e-06	56.2
Ptyas_mucosa_C9A	NC_072801.1	583	257	298	548	65313413	65314141	24.903	6.48e-11	71.6
Ptyas_mucosa_C9A	NC_072801.1	583	218	309	522	65325053	65325646	24.312	3.92e-07	59.3
Ptyas_mucosa_C9A	NC_072794.1	583	49	535	583	82300502	82300648	51.020	9.12e-08	61.2
Ptyas_mucosa_C9A	NC_072794.1	583	101	259	354	82356710	82356408	33.663	3.08e-07	59.7
Ptyas_mucosa_C9A	NC_072794.1	583	49	535	583	82335815	82335669	48.980	4.85e-07	58.9
Ptyas_mucosa_C9A	NC_072794.1	583	82	277	358	82277985	82278230	31.707	6.70e-07	58.5
Ptyas_mucosa_C9A	NC_072794.1	583	70	456	524	82337443	82337234	40.000	9.18e-07	58.2
Vipera_berus_C9A	NC_072797.1	583	79	277	355	24723059	24722823	64.557	4.85e-25	116
Vipera_berus_C9A	NC_072797.1	583	74	459	532	24715552	24715331	68.919	5.67e-24	113
Vipera_berus_C9A	NC_072797.1	583	47	157	203	24726722	24726582	70.213	5.34e-14	81.6
Vipera_berus_C9A	NC_072797.1	583	56	528	583	24714580	24714413	66.071	6.02e-14	81.3
Vipera_berus_C9A	NC_072797.1	583	52	106	156	24728245	24728090	65.385	2.65e-12	76.3
Vipera_berus_C9A	NC_072797.1	583	62	396	457	24718050	24717865	56.452	1.99e-11	73.2
Vipera_berus_C9A	NC_072797.1	583	86	456	530	25507264	25507518	38.372	1.28e-08	64.3
Vipera_berus_C9A	NC_072797.1	583	54	54	107	24729776	24729618	51.852	1.76e-08	63.5
Vipera_berus_C9A	NC_072797.1	583	42	16	57	24735129	24735004	57.143	3.54e-07	59.3
Vipera_berus_C9A	NC_072797.1	583	57	523	579	25508399	25508569	49.123	6.05e-07	58.5
Vipera_berus_C9A	NC_072797.1	583	82	274	355	25545882	25545637	34.146	6.31e-07	58.5
Vipera_berus_C9A	NC_072797.1	583	45	530	573	25577285	25577151	55.556	6.28e-06	55.5
Vipera_berus_C9A	NC_072801.1	583	261	262	514	65313308	65314036	24.521	4.32e-10	68.9
Vipera_berus_C9A	NC_072801.1	583	212	309	516	65325053	65325628	26.887	2.63e-08	63.2
Vipera_berus_C9A	NC_072801.1	583	223	298	514	67008660	67008064	24.664	3.34e-08	62.8
Vipera_berus_C9A	NC_072794.1	583	49	535	583	82300502	82300648	55.102	6.65e-09	65.1
Vipera_berus_C9A	NC_072794.1	583	70	456	524	82337443	82337234	37.143	2.22e-06	57.0
Vipera_berus_C9A	NC_072794.1	583	84	274	357	82277976	82278227	32.143	3.24e-06	56.2
Vipera_berus_C9A	NC_072794.1	583	81	274	354	82356650	82356408	32.099	5.08e-06	55.8
Sceloporus_undulatus_C9A	NC_072797.1	591	81	457	537	24715570	24715328	71.605	9.56e-29	128
Sceloporus_undulatus_C9A	NC_072797.1	591	83	277	359	24723071	24722823	68.675	1.83e-28	127
Sceloporus_undulatus_C9A	NC_072797.1	591	54	536	589	24714568	24714407	66.667	8.27e-14	80.9
Sceloporus_undulatus_C9A	NC_072797.1	591	62	400	461	24718050	24717865	54.839	8.53e-13	77.8
Sceloporus_undulatus_C9A	NC_072797.1	591	61	142	202	24726764	24726582	55.738	1.64e-12	76.6
Sceloporus_undulatus_C9A	NC_072797.1	591	51	56	106	24729770	24729618	58.824	6.72e-11	71.6
Sceloporus_undulatus_C9A	NC_072797.1	591	52	105	155	24728245	24728090	65.385	2.80e-10	69.7
Sceloporus_undulatus_C9A	NC_072797.1	591	63	529	591	25508408	25508593	49.206	8.65e-10	68.2
Sceloporus_undulatus_C9A	NC_072797.1	591	83	277	359	25545885	25545637	33.735	1.26e-07	60.8
Sceloporus_undulatus_C9A	NC_072797.1	591	41	17	57	24735126	24735004	63.415	2.36e-07	60.1
Sceloporus_undulatus_C9A	NC_072797.1	591	40	539	577	25539165	25539046	67.500	1.31e-06	57.8
Sceloporus_undulatus_C9A	NC_072797.1	591	40	539	577	25577270	25577151	65.000	1.92e-06	57.0
Sceloporus_undulatus_C9A	NC_072797.1	591	72	460	531	25507264	25507476	36.111	2.29e-06	57.0
Sceloporus_undulatus_C9A	NC_072797.1	591	81	201	277	24724435	24724214	40.741	4.49e-06	55.8
Sceloporus_undulatus_C9A	NC_072797.1	591	78	281	358	25588900	25588667	32.051	7.75e-06	55.1
Sceloporus_undulatus_C9A	NC_072794.1	591	49	539	587	82300502	82300648	55.102	5.99e-10	68.6
Sceloporus_undulatus_C9A	NC_072794.1	591	90	270	359	82277967	82278221	34.444	1.85e-07	60.5
Sceloporus_undulatus_C9A	NC_072794.1	591	47	541	587	82335809	82335669	51.064	4.18e-07	59.3
Sceloporus_undulatus_C9A	NC_072794.1	591	70	460	528	82337443	82337234	37.143	7.34e-07	58.5
Sceloporus_undulatus_C9A	NC_072794.1	591	79	280	358	82356644	82356408	32.911	6.21e-06	55.5
Sceloporus_undulatus_C9A	NC_072801.1	591	293	266	552	65313308	65314141	21.502	1.32e-08	64.3
Sceloporus_undulatus_C9A	NC_072801.1	591	244	313	550	65325053	65325721	26.230	3.72e-08	62.8
Sceloporus_undulatus_C9A	NC_072801.1	591	221	302	520	67008660	67008052	21.719	3.16e-07	59.7
Anolis_carolinensis_C9B	NC_072797.1	538	81	277	357	24723071	24722829	70.370	1.81e-27	123
Anolis_carolinensis_C9B	NC_072797.1	538	73	457	529	24715570	24715352	72.603	8.62e-25	115
Anolis_carolinensis_C9B	NC_072797.1	538	47	156	202	24726722	24726582	76.596	5.56e-15	84.3
Anolis_carolinensis_C9B	NC_072797.1	538	60	401	460	24718047	24717868	61.667	4.65e-14	81.6
Anolis_carolinensis_C9B	NC_072797.1	538	53	105	155	24728245	24728090	67.925	8.92e-12	73.9
Anolis_carolinensis_C9B	NC_072797.1	538	52	56	107	24729770	24729615	61.538	1.13e-11	73.9
Anolis_carolinensis_C9B	NC_072797.1	538	72	462	533	25507270	25507482	38.889	2.16e-08	63.2
Anolis_carolinensis_C9B	NC_072797.1	538	79	281	359	25545873	25545637	37.975	3.62e-08	62.4
Anolis_carolinensis_C9B	NC_072797.1	538	56	4	57	24735171	24735004	51.786	9.55e-07	57.8
Anolis_carolinensis_C9B	NC_072797.1	538	75	281	355	25588900	25588676	36.000	1.78e-06	57.0
Anolis_carolinensis_C9B	NC_072801.1	538	215	306	518	67008648	67008058	24.651	1.13e-09	67.4
Anolis_carolinensis_C9B	NC_072801.1	538	266	258	518	65313284	65314036	24.060	4.67e-09	65.5
Anolis_carolinensis_C9B	NC_072801.1	538	217	306	520	65325032	65325628	29.032	7.55e-08	61.6
Anolis_carolinensis_C9B	NC_072794.1	538	87	270	356	82277967	82278212	37.931	2.31e-09	66.2
Anolis_carolinensis_C9B	NC_072794.1	538	77	281	357	82356641	82356411	36.364	1.06e-07	60.8
Hydrophis_cyanocinctus_C9B	NC_072797.1	582	85	276	360	24723059	24722805	63.529	5.56e-27	122
Hydrophis_cyanocinctus_C9B	NC_072797.1	582	74	458	531	24715552	24715331	60.811	5.51e-20	100
Hydrophis_cyanocinctus_C9B	NC_072797.1	582	52	105	155	24728245	24728090	73.077	9.26e-15	84.0
Hydrophis_cyanocinctus_C9B	NC_072797.1	582	54	156	209	24726722	24726570	61.111	4.94e-12	75.1
Hydrophis_cyanocinctus_C9B	NC_072797.1	582	56	527	582	24714580	24714413	57.143	7.59e-12	74.7
Hydrophis_cyanocinctus_C9B	NC_072797.1	582	56	401	456	24718032	24717865	51.786	3.16e-08	62.8
Hydrophis_cyanocinctus_C9B	NC_072797.1	582	70	455	524	25507264	25507470	38.571	4.68e-08	62.4
Hydrophis_cyanocinctus_C9B	NC_072797.1	582	61	522	582	25508399	25508581	45.902	5.54e-07	58.9
Hydrophis_cyanocinctus_C9B	NC_072797.1	582	41	15	55	24735129	24735007	58.537	1.82e-06	57.0
Hydrophis_cyanocinctus_C9B	NC_072797.1	582	93	262	354	25545909	25545637	32.258	9.59e-06	54.7
Hydrophis_cyanocinctus_C9B	NC_072801.1	582	259	297	547	65313413	65314141	25.869	1.21e-10	70.9
Hydrophis_cyanocinctus_C9B	NC_072801.1	582	222	297	514	67008660	67008055	23.874	4.61e-10	68.9
Hydrophis_cyanocinctus_C9B	NC_072801.1	582	224	301	521	65325032	65325646	25.893	3.68e-09	65.9
Hydrophis_cyanocinctus_C9B	NC_072794.1	582	51	532	582	82300496	82300648	45.098	1.68e-07	60.5
Hydrophis_cyanocinctus_C9B	NC_072794.1	582	128	276	389	82277985	82278362	28.906	1.58e-06	57.4
Hydrophis_cyanocinctus_C9B	NC_072794.1	582	103	256	353	82356716	82356408	30.097	2.31e-06	57.0
Hydrophis_cyanocinctus_C9B	NC_072794.1	582	47	536	582	82335809	82335669	48.936	6.59e-06	55.5
Hydrophis_cyanocinctus_C9B	NC_072794.1	582	70	455	523	82337443	82337234	37.143	9.19e-06	54.7
Bothrops_jararaca_C9B	NC_072797.1	583	79	277	355	24723059	24722823	68.354	1.47e-26	121
Bothrops_jararaca_C9B	NC_072797.1	583	74	459	532	24715552	24715331	70.270	1.12e-24	115
Bothrops_jararaca_C9B	NC_072797.1	583	54	157	210	24726722	24726570	68.519	1.09e-14	84.0
Bothrops_jararaca_C9B	NC_072797.1	583	56	528	583	24714580	24714413	66.071	1.25e-13	80.5
Bothrops_jararaca_C9B	NC_072797.1	583	52	106	156	24728245	24728090	67.308	1.92e-13	79.7
Bothrops_jararaca_C9B	NC_072797.1	583	62	396	457	24718050	24717865	54.839	7.43e-11	71.2
Bothrops_jararaca_C9B	NC_072797.1	583	54	54	107	24729776	24729618	50.000	1.51e-08	63.9
Bothrops_jararaca_C9B	NC_072797.1	583	42	16	57	24735129	24735004	57.143	7.29e-07	58.5
Bothrops_jararaca_C9B	NC_072797.1	583	57	523	579	25508399	25508569	47.368	1.53e-06	57.4
Bothrops_jararaca_C9B	NC_072797.1	583	86	456	530	25507264	25507518	34.884	1.75e-06	57.4
Bothrops_jararaca_C9B	NC_072797.1	583	82	274	355	25545882	25545637	31.707	3.49e-06	56.2
Bothrops_jararaca_C9B	NC_072797.1	583	45	530	573	25577285	25577151	55.556	6.28e-06	55.5
Bothrops_jararaca_C9B	NC_072801.1	583	263	298	548	65313413	65314141	25.475	6.48e-11	71.6
Bothrops_jararaca_C9B	NC_072801.1	583	221	298	514	67008660	67008064	24.434	3.99e-09	65.9
Bothrops_jararaca_C9B	NC_072801.1	583	212	309	516	65325053	65325628	27.358	3.14e-08	62.8
Bothrops_jararaca_C9B	NC_072794.1	583	49	535	583	82300502	82300648	57.143	7.93e-10	68.2
Bothrops_jararaca_C9B	NC_072794.1	583	70	456	524	82337443	82337234	37.143	2.13e-06	57.0
Bothrops_jararaca_C9B	NC_072794.1	583	90	266	355	82277967	82278221	31.111	2.92e-06	56.6
Bothrops_jararaca_C9B	NC_072794.1	583	81	274	354	82356650	82356408	32.099	2.92e-06	56.6
Laticauda_colubrina_C9B	NC_072797.1	583	79	277	355	24723059	24722823	67.089	2.73e-27	123
Laticauda_colubrina_C9B	NC_072797.1	583	74	459	532	24715552	24715331	66.216	5.05e-22	107
Laticauda_colubrina_C9B	NC_072797.1	583	46	157	202	24726722	24726585	71.739	1.19e-13	80.5
Laticauda_colubrina_C9B	NC_072797.1	583	52	106	156	24728245	24728090	67.308	1.27e-12	77.0
Laticauda_colubrina_C9B	NC_072797.1	583	56	528	583	24714580	24714413	58.929	3.26e-12	75.9
Laticauda_colubrina_C9B	NC_072797.1	583	56	402	457	24718032	24717865	51.786	6.71e-08	62.0
Laticauda_colubrina_C9B	NC_072797.1	583	41	16	56	24735129	24735007	60.976	8.81e-08	61.6
Laticauda_colubrina_C9B	NC_072797.1	583	70	456	525	25507264	25507470	38.571	1.60e-07	60.5
Laticauda_colubrina_C9B	NC_072797.1	583	79	277	355	25545873	25545637	31.646	1.28e-06	57.8
Laticauda_colubrina_C9B	NC_072801.1	583	220	298	515	67008660	67008055	23.636	1.83e-11	73.6
Laticauda_colubrina_C9B	NC_072801.1	583	298	262	548	65313308	65314141	23.490	5.75e-11	71.6
Laticauda_colubrina_C9B	NC_072801.1	583	222	302	522	65325032	65325646	24.775	8.30e-09	64.7
Laticauda_colubrina_C9B	NC_072794.1	583	51	533	583	82300496	82300648	49.020	4.13e-08	62.4
Laticauda_colubrina_C9B	NC_072794.1	583	85	274	358	82277976	82278230	31.765	6.93e-07	58.5
Laticauda_colubrina_C9B	NC_072794.1	583	105	257	354	82356716	82356408	29.524	1.36e-06	57.4
Pseudonaja_textilis_C9B	NC_072797.1	583	85	277	361	24723059	24722805	64.706	9.03e-28	125
Pseudonaja_textilis_C9B	NC_072797.1	583	80	453	532	24715570	24715331	61.250	8.62e-22	106
Pseudonaja_textilis_C9B	NC_072797.1	583	52	106	156	24728245	24728090	71.154	2.95e-14	82.4
Pseudonaja_textilis_C9B	NC_072797.1	583	54	157	210	24726722	24726570	64.815	4.20e-13	78.6
Pseudonaja_textilis_C9B	NC_072797.1	583	51	533	583	24714565	24714413	54.902	1.12e-09	67.8
Pseudonaja_textilis_C9B	NC_072797.1	583	56	402	457	24718032	24717865	53.571	2.43e-08	63.2
Pseudonaja_textilis_C9B	NC_072797.1	583	70	456	525	25507264	25507470	38.571	2.56e-08	63.2
Pseudonaja_textilis_C9B	NC_072797.1	583	61	523	583	25508399	25508581	47.541	1.14e-07	61.2
Pseudonaja_textilis_C9B	NC_072797.1	583	42	16	57	24735129	24735004	59.524	1.14e-07	61.2
Pseudonaja_textilis_C9B	NC_072801.1	583	262	298	548	65313413	65314141	25.191	8.52e-11	71.2
Pseudonaja_textilis_C9B	NC_072801.1	583	224	302	522	65325032	65325646	26.786	4.63e-10	68.9
Pseudonaja_textilis_C9B	NC_072794.1	583	47	537	583	82300508	82300648	51.064	1.87e-08	63.5
Pseudonaja_textilis_C9B	NC_072794.1	583	78	277	354	82356641	82356408	32.051	1.24e-06	57.8
Pseudonaja_textilis_C9B	NC_072794.1	583	93	266	358	82277967	82278230	29.032	1.30e-06	57.8
Pseudonaja_textilis_C9B	NC_072794.1	583	47	537	583	82335809	82335669	46.809	1.45e-06	57.4
Pseudonaja_textilis_C9B	NC_072794.1	583	106	456	544	82337443	82337126	31.132	1.52e-06	57.4
Notechis_scutatus_C9B	NC_072797.1	583	85	277	361	24723059	24722805	63.529	2.61e-27	123
Notechis_scutatus_C9B	NC_072797.1	583	74	459	532	24715552	24715331	64.865	7.83e-22	106
Notechis_scutatus_C9B	NC_072797.1	583	52	106	156	24728245	24728090	73.077	9.71e-15	84.0
Notechis_scutatus_C9B	NC_072797.1	583	54	157	210	24726722	24726570	64.815	2.80e-13	79.3
Notechis_scutatus_C9B	NC_072797.1	583	51	533	583	24714565	24714413	60.784	1.18e-11	73.9
Notechis_scutatus_C9B	NC_072797.1	583	92	456	536	25507264	25507536	36.957	1.77e-09	67.0
Notechis_scutatus_C9B	NC_072797.1	583	56	402	457	24718032	24717865	51.786	2.05e-08	63.5
Notechis_scutatus_C9B	NC_072797.1	583	41	16	56	24735129	24735007	60.976	9.93e-08	61.2
Notechis_scutatus_C9B	NC_072797.1	583	61	523	583	25508399	25508581	45.902	8.72e-07	58.2
Notechis_scutatus_C9B	NC_072801.1	583	293	262	548	65313308	65314141	25.597	1.61e-12	76.6
Notechis_scutatus_C9B	NC_072801.1	583	224	302	522	65325032	65325646	26.339	4.79e-10	68.9
Notechis_scutatus_C9B	NC_072794.1	583	51	533	583	82300496	82300648	45.098	1.76e-07	60.5
Notechis_scutatus_C9B	NC_072794.1	583	70	456	524	82337443	82337234	38.571	2.10e-06	57.0
Notechis_scutatus_C9B	NC_072794.1	583	131	274	390	82277976	82278362	27.481	2.28e-06	57.0
Notechis_scutatus_C9B	NC_072794.1	583	47	537	583	82335809	82335669	48.936	7.39e-06	55.1
Pituophis_catenifer_C9B	NC_072797.1	583	85	277	361	24723059	24722805	60.000	2.09e-24	114
Pituophis_catenifer_C9B	NC_072797.1	583	80	453	532	24715570	24715331	63.750	1.01e-23	112
Pituophis_catenifer_C9B	NC_072797.1	583	52	106	156	24728245	24728090	76.923	4.50e-16	88.2
Pituophis_catenifer_C9B	NC_072797.1	583	47	157	203	24726722	24726582	72.340	4.61e-14	81.6
Pituophis_catenifer_C9B	NC_072797.1	583	51	533	583	24714565	24714413	64.706	1.45e-10	70.5
Pituophis_catenifer_C9B	NC_072797.1	583	54	404	457	24718026	24717865	55.556	9.20e-09	64.7
Pituophis_catenifer_C9B	NC_072797.1	583	70	456	525	25507264	25507470	40.000	1.02e-07	61.2
Pituophis_catenifer_C9B	NC_072797.1	583	42	16	57	24735129	24735004	54.762	9.58e-07	58.2
Pituophis_catenifer_C9B	NC_072801.1	583	259	298	549	65313413	65314144	25.483	4.34e-13	78.6
Pituophis_catenifer_C9B	NC_072801.1	583	218	309	522	65325053	65325646	25.688	1.28e-09	67.4
Pituophis_catenifer_C9B	NC_072794.1	583	50	534	583	82300499	82300648	56.000	1.30e-09	67.4
Pituophis_catenifer_C9B	NC_072794.1	583	70	456	524	82337443	82337234	41.429	1.73e-07	60.5
Pantherophis_obsoletus_C9B	NC_072797.1	583	85	277	361	24723059	24722805	64.706	2.75e-28	126
Pantherophis_obsoletus_C9B	NC_072797.1	583	80	453	532	24715570	24715331	56.250	1.91e-20	102
Pantherophis_obsoletus_C9B	NC_072797.1	583	52	106	156	24728245	24728090	76.923	5.89e-16	87.8
Pantherophis_obsoletus_C9B	NC_072797.1	583	47	157	203	24726722	24726582	72.340	5.16e-14	81.6
Pantherophis_obsoletus_C9B	NC_072797.1	583	56	528	583	24714580	24714413	64.286	5.60e-12	75.1
Pantherophis_obsoletus_C9B	NC_072797.1	583	56	402	457	24718032	24717865	55.357	4.81e-09	65.5
Pantherophis_obsoletus_C9B	NC_072797.1	583	42	16	57	24735129	24735004	61.905	5.61e-08	62.0
Pantherophis_obsoletus_C9B	NC_072797.1	583	54	54	107	24729776	24729618	50.000	6.00e-07	58.5
Pantherophis_obsoletus_C9B	NC_072797.1	583	93	442	529	25541238	25540963	35.484	2.06e-06	57.0
Pantherophis_obsoletus_C9B	NC_072797.1	583	70	456	525	25507264	25507470	34.286	2.10e-06	57.0
Pantherophis_obsoletus_C9B	NC_072797.1	583	82	274	355	25545882	25545637	32.927	3.35e-06	56.2
Pantherophis_obsoletus_C9B	NC_072801.1	583	223	298	514	65313413	65314036	26.009	3.00e-11	72.8
Pantherophis_obsoletus_C9B	NC_072801.1	583	219	298	514	67008660	67008058	21.918	6.16e-08	62.0
Pantherophis_obsoletus_C9B	NC_072801.1	583	183	309	488	65325053	65325541	25.683	7.43e-08	61.6
Pantherophis_obsoletus_C9B	NC_072794.1	583	50	534	583	82300499	82300648	60.000	3.43e-10	69.3
Pantherophis_obsoletus_C9B	NC_072794.1	583	85	274	358	82277976	82278230	31.765	2.39e-07	60.1
Pantherophis_obsoletus_C9B	NC_072794.1	583	103	257	354	82356716	82356408	32.039	2.67e-07	59.7
Pantherophis_obsoletus_C9B	NC_072794.1	583	70	456	524	82337443	82337234	35.714	6.78e-06	55.5
Crotalus_tigris_C9B	NC_072797.1	583	85	277	361	24723059	24722805	58.824	3.31e-24	114
Crotalus_tigris_C9B	NC_072797.1	583	95	453	544	24715570	24715286	52.632	8.26e-23	109
Crotalus_tigris_C9B	NC_072797.1	583	52	106	156	24728245	24728090	73.077	4.47e-15	85.1
Crotalus_tigris_C9B	NC_072797.1	583	47	157	203	24726722	24726582	70.213	2.75e-13	79.3
Crotalus_tigris_C9B	NC_072797.1	583	51	533	583	24714565	24714413	66.667	6.87e-12	74.7
Crotalus_tigris_C9B	NC_072797.1	583	56	402	457	24718032	24717865	57.143	2.17e-09	66.6
Crotalus_tigris_C9B	NC_072797.1	583	54	54	107	24729776	24729618	50.000	3.73e-08	62.8
Crotalus_tigris_C9B	NC_072797.1	583	70	456	525	25507264	25507470	37.143	1.91e-07	60.5
Crotalus_tigris_C9B	NC_072797.1	583	42	16	57	24735129	24735004	57.143	7.42e-07	58.5
Crotalus_tigris_C9B	NC_072801.1	583	224	298	514	65313413	65314036	25.893	2.20e-10	69.7
Crotalus_tigris_C9B	NC_072801.1	583	197	298	493	67008660	67008124	22.843	2.00e-08	63.5
Crotalus_tigris_C9B	NC_072801.1	583	185	309	493	65325053	65325556	26.486	1.47e-07	60.8
Crotalus_tigris_C9B	NC_072794.1	583	48	536	583	82300505	82300648	56.250	1.28e-08	64.3
Crotalus_tigris_C9B	NC_072794.1	583	70	456	524	82337443	82337234	37.143	8.76e-06	55.1
Crotalus_tigris_C9B	NC_072794.1	583	47	537	583	82335809	82335669	48.936	9.70e-06	54.7
Ptyas_mucosa_C9B	NC_072797.1	583	77	277	353	24723059	24722829	63.636	5.67e-24	113
Ptyas_mucosa_C9B	NC_072797.1	583	74	460	533	24715549	24715328	58.108	1.68e-19	99.4
Ptyas_mucosa_C9B	NC_072797.1	583	52	106	156	24728245	24728090	76.923	4.74e-16	88.2
Ptyas_mucosa_C9B	NC_072797.1	583	47	157	203	24726722	24726582	72.340	3.05e-14	82.4
Ptyas_mucosa_C9B	NC_072797.1	583	56	528	583	24714580	24714413	66.071	1.04e-12	77.4
Ptyas_mucosa_C9B	NC_072797.1	583	59	399	457	24718041	24717865	52.542	4.38e-08	62.4
Ptyas_mucosa_C9B	NC_072797.1	583	54	54	107	24729776	24729618	46.296	2.82e-06	56.6
Ptyas_mucosa_C9B	NC_072801.1	583	260	298	549	65313413	65314144	24.615	2.94e-10	69.3
Ptyas_mucosa_C9B	NC_072801.1	583	219	298	514	67008660	67008058	22.374	7.94e-07	58.2
Ptyas_mucosa_C9B	NC_072794.1	583	50	534	583	82300499	82300648	50.000	6.88e-08	61.6
