# Eublepharis_macularius_copy1 subject=NC_072797.1 region_offset=24699424 (add to sstart/send)
Lacerta_agilis_C9A	region	589	86	275	360	23648	23391	76.744	5.74e-39	145
Lacerta_agilis_C9A	region	589	80	455	534	16147	15908	70.000	1.78e-33	128
Lacerta_agilis_C9A	region	589	47	155	201	27299	27159	76.596	1.38e-20	87.8
Lacerta_agilis_C9A	region	589	80	86	164	28870	28637	56.250	1.71e-20	87.8
Lacerta_agilis_C9A	region	589	72	400	468	18621	18409	63.889	5.57e-20	85.9
Lacerta_agilis_C9A	region	589	51	55	105	30347	30195	58.824	1.00e-15	72.4
Lacerta_agilis_C9A	region	589	47	539	584	15130	14990	74.468	1.40e-15	71.6
Lacerta_agilis_C9A	region	589	75	201	275	25009	24791	48.000	2.16e-15	71.2
Lacerta_agilis_C9A	region	589	42	16	56	35706	35581	59.524	9.20e-10	52.8
Lacerta_agilis_C9A	region	589	39	1	39	41009	40893	48.718	6.60e-05	37.0
Lacerta_agilis_C9A	region	589	42	357	396	21682	21557	40.476	8.25e-04	33.5
Lacerta_agilis_C9A	region	589	34	39	72	35584	35685	29.412	0.84	23.5
Zootoca_vivipara_C9A	region	589	86	275	360	23648	23391	76.744	7.68e-39	145
Zootoca_vivipara_C9A	region	589	80	455	534	16147	15908	71.250	1.75e-33	128
Zootoca_vivipara_C9A	region	589	47	155	201	27299	27159	76.596	1.54e-20	87.8
Zootoca_vivipara_C9A	region	589	80	86	164	28870	28637	55.000	3.02e-20	87.0
Zootoca_vivipara_C9A	region	589	72	400	468	18621	18409	61.111	1.11e-18	82.0
Zootoca_vivipara_C9A	region	589	51	55	105	30347	30195	58.824	9.44e-16	72.4
Zootoca_vivipara_C9A	region	589	47	539	584	15130	14990	72.340	3.68e-15	70.5
Zootoca_vivipara_C9A	region	589	75	201	275	25009	24791	46.667	2.88e-14	67.4
Zootoca_vivipara_C9A	region	589	42	16	56	35706	35581	54.762	1.11e-08	49.3
Zootoca_vivipara_C9A	region	589	42	357	396	21682	21557	47.619	1.08e-05	39.7
Zootoca_vivipara_C9A	region	589	26	1	26	41009	40932	65.385	2.66e-05	38.5
Zootoca_vivipara_C9A	region	589	36	39	74	35584	35691	30.556	0.23	25.4
Podarcis_muralis_C9A	region	589	86	275	360	23648	23391	76.744	1.56e-38	144
Podarcis_muralis_C9A	region	589	80	455	534	16147	15908	68.750	2.46e-32	125
Podarcis_muralis_C9A	region	589	47	155	201	27299	27159	76.596	1.45e-20	87.8
Podarcis_muralis_C9A	region	589	62	104	164	28822	28637	66.129	4.09e-20	86.3
Podarcis_muralis_C9A	region	589	72	400	468	18621	18409	56.944	1.21e-17	78.6
Podarcis_muralis_C9A	region	589	47	539	584	15130	14990	74.468	8.89e-16	72.4
Podarcis_muralis_C9A	region	589	51	55	105	30347	30195	58.824	2.61e-15	70.9
Podarcis_muralis_C9A	region	589	75	201	275	25009	24791	45.333	2.08e-14	68.2
Podarcis_muralis_C9A	region	589	42	16	56	35706	35581	57.143	7.77e-09	50.1
Podarcis_muralis_C9A	region	589	42	357	396	21682	21557	45.238	4.74e-05	37.4
Podarcis_muralis_C9A	region	589	39	1	39	41009	40893	46.154	4.29e-04	34.3
Podarcis_muralis_C9A	region	589	36	39	74	35584	35691	27.778	0.42	24.6
Anolis_carolinensis_C9A	region	591	83	277	359	23648	23400	72.289	1.74e-34	131
Anolis_carolinensis_C9A	region	591	81	457	537	16147	15905	71.605	1.37e-32	125
Anolis_carolinensis_C9A	region	591	47	156	202	27299	27159	78.723	5.03e-20	86.3
Anolis_carolinensis_C9A	region	591	50	538	587	15139	14990	66.000	5.98e-17	76.3
Anolis_carolinensis_C9A	region	591	53	105	155	28822	28667	69.811	1.51e-16	75.1
Anolis_carolinensis_C9A	region	591	62	400	461	18627	18442	54.839	2.84e-16	73.9
Anolis_carolinensis_C9A	region	591	52	56	107	30347	30192	61.538	4.92e-16	73.2
Anolis_carolinensis_C9A	region	591	48	10	57	35724	35581	56.250	6.58e-12	60.1
Anolis_carolinensis_C9A	region	591	77	201	277	25012	24791	44.156	7.71e-11	56.6
Anolis_carolinensis_C9A	region	591	43	359	399	21682	21554	37.209	0.002	32.0
Pogona_vitticeps_C9A	region	576	88	253	340	23663	23400	65.909	2.25e-34	131
Pogona_vitticeps_C9A	region	576	78	438	515	16147	15914	70.513	2.49e-31	121
Pogona_vitticeps_C9A	region	576	54	156	209	27299	27138	72.222	2.69e-20	87.0
Pogona_vitticeps_C9A	region	576	55	519	573	15148	14984	70.909	3.61e-20	86.7
Pogona_vitticeps_C9A	region	576	61	381	441	18627	18445	63.934	7.09e-20	85.5
Pogona_vitticeps_C9A	region	576	70	87	155	28870	28667	61.429	7.15e-19	82.4
Pogona_vitticeps_C9A	region	576	52	56	107	30347	30192	55.769	1.93e-14	68.2
Pogona_vitticeps_C9A	region	576	42	16	57	35706	35581	66.667	2.34e-13	64.7
Pogona_vitticeps_C9A	region	576	26	1	26	41009	40932	53.846	0.20	25.8
Pogona_vitticeps_C9A	region	576	52	40	91	35584	35691	26.923	0.41	24.6
Gekko_japonicus_C9A	region	582	86	291	376	23648	23391	70.930	5.90e-35	133
Gekko_japonicus_C9A	region	582	71	455	525	16135	15923	74.648	1.18e-30	119
Gekko_japonicus_C9A	region	582	52	121	172	28822	28667	69.231	1.11e-20	88.2
Gekko_japonicus_C9A	region	582	59	394	452	18627	18451	64.407	1.57e-20	87.8
Gekko_japonicus_C9A	region	582	45	173	217	27299	27165	80.000	1.80e-19	84.3
Gekko_japonicus_C9A	region	582	52	530	581	15145	14990	71.154	1.91e-18	80.9
Gekko_japonicus_C9A	region	582	54	69	122	30347	30195	62.963	1.99e-15	71.2
Gekko_japonicus_C9A	region	582	40	30	69	35703	35584	77.500	7.11e-15	69.3
Gekko_japonicus_C9A	region	582	71	218	288	25012	24800	46.479	2.03e-13	64.7
Gekko_japonicus_C9A	region	582	21	373	393	21682	21620	57.143	0.010	30.0
Crotalus_tigris_C9A	region	583	85	277	361	23636	23382	58.824	8.09e-29	114
Crotalus_tigris_C9A	region	583	80	453	532	16147	15908	56.250	4.61e-26	105
Crotalus_tigris_C9A	region	583	52	106	156	28822	28667	73.077	1.03e-19	85.1
Crotalus_tigris_C9A	region	583	47	157	203	27299	27159	70.213	6.55e-18	79.3
Crotalus_tigris_C9A	region	583	51	533	583	15142	14990	64.706	2.12e-16	74.3
Crotalus_tigris_C9A	region	583	56	402	457	18609	18442	57.143	5.05e-14	66.6
Crotalus_tigris_C9A	region	583	54	54	107	30353	30195	50.000	9.13e-13	62.8
Crotalus_tigris_C9A	region	583	42	16	57	35706	35581	54.762	6.04e-11	56.6
Crotalus_tigris_C9A	region	583	26	1	26	41009	40932	65.385	5.29e-04	34.3
Crotalus_tigris_C9A	region	583	56	30	85	15151	14987	30.357	0.098	26.6
Thamnophis_elegans_C9A	region	583	85	277	361	23636	23382	62.353	7.03e-30	117
Thamnophis_elegans_C9A	region	583	73	460	532	16126	15908	65.753	1.66e-25	103
Thamnophis_elegans_C9A	region	583	51	533	583	15142	14990	72.549	3.90e-20	86.7
Thamnophis_elegans_C9A	region	583	47	157	203	27299	27159	76.596	2.42e-18	80.9
Thamnophis_elegans_C9A	region	583	52	106	156	28822	28667	69.231	2.42e-17	77.4
Thamnophis_elegans_C9A	region	583	62	396	457	18627	18442	51.613	8.54e-15	69.3
Thamnophis_elegans_C9A	region	583	42	16	57	35706	35581	57.143	2.56e-12	61.2
Thamnophis_elegans_C9A	region	583	54	54	107	30353	30195	44.444	3.61e-10	54.3
Thamnophis_elegans_C9A	region	583	63	202	264	25012	24824	38.095	8.04e-07	43.1
Thamnophis_elegans_C9A	region	583	29	1	29	41009	40923	62.069	5.80e-04	33.9
Naja_naja_C9A	region	582	85	277	361	23636	23382	60.000	2.11e-29	115
Naja_naja_C9A	region	582	74	458	531	16129	15908	62.162	1.84e-25	103
Naja_naja_C9A	region	582	52	106	156	28822	28667	76.923	5.53e-20	85.9
Naja_naja_C9A	region	582	47	157	203	27299	27159	70.213	2.39e-17	77.4
Naja_naja_C9A	region	582	56	527	582	15157	14990	62.500	6.19e-17	76.3
Naja_naja_C9A	region	582	55	402	456	18606	18442	58.182	5.73e-14	66.6
Naja_naja_C9A	region	582	54	54	107	30353	30195	48.148	5.58e-11	57.0
Naja_naja_C9A	region	582	32	26	57	35676	35581	68.750	4.16e-10	53.9
Naja_naja_C9A	region	582	76	202	273	25012	24791	31.579	1.41e-05	39.3
Naja_naja_C9A	region	582	26	1	26	41009	40932	46.154	0.43	24.6
Pseudonaja_textilis_C9A	region	583	85	277	361	23636	23382	57.647	1.19e-28	113
Pseudonaja_textilis_C9A	region	583	74	459	532	16129	15908	63.514	3.83e-26	105
Pseudonaja_textilis_C9A	region	583	52	106	156	28822	28667	73.077	3.14e-19	83.6
Pseudonaja_textilis_C9A	region	583	56	528	583	15157	14990	66.071	5.61e-18	79.7
Pseudonaja_textilis_C9A	region	583	47	157	203	27299	27159	70.213	2.22e-17	77.8
Pseudonaja_textilis_C9A	region	583	55	403	457	18606	18442	52.727	2.29e-13	64.7
Pseudonaja_textilis_C9A	region	583	42	16	57	35706	35581	59.524	1.39e-12	62.0
Pseudonaja_textilis_C9A	region	583	54	54	107	30353	30195	50.000	3.72e-11	57.4
Pseudonaja_textilis_C9A	region	583	76	202	273	25012	24791	31.579	1.69e-05	38.9
Pseudonaja_textilis_C9A	region	583	26	1	26	41009	40932	57.692	0.005	30.8
Pseudonaja_textilis_C9A	region	583	56	31	85	15148	14987	32.143	0.16	26.2
Python_bivittatus_C9A	region	582	95	453	543	16147	15863	57.895	1.18e-29	116
Python_bivittatus_C9A	region	582	85	277	361	23636	23382	58.824	1.20e-28	113
Python_bivittatus_C9A	region	582	52	106	156	28822	28667	67.308	1.17e-17	78.6
Python_bivittatus_C9A	region	582	47	157	203	27299	27159	68.085	1.80e-17	77.8
Python_bivittatus_C9A	region	582	48	535	582	15133	14990	70.833	1.89e-16	74.7
Python_bivittatus_C9A	region	582	62	396	457	18627	18442	54.839	2.79e-14	67.4
Python_bivittatus_C9A	region	582	42	16	57	35706	35581	61.905	1.82e-12	61.6
Python_bivittatus_C9A	region	582	54	54	107	30353	30195	46.296	3.22e-10	54.3
Python_bivittatus_C9A	region	582	72	203	272	25009	24794	36.111	6.37e-10	53.5
Python_bivittatus_C9A	region	582	29	1	29	41009	40923	68.966	3.81e-05	37.7
Python_bivittatus_C9A	region	582	43	44	85	15109	14987	34.884	0.49	24.3
Notechis_scutatus_C9A	region	583	85	277	361	23636	23382	57.647	1.30e-28	113
Notechis_scutatus_C9A	region	583	74	459	532	16129	15908	62.162	2.19e-26	106
Notechis_scutatus_C9A	region	583	52	106	156	28822	28667	75.000	1.04e-19	85.1
Notechis_scutatus_C9A	region	583	56	528	583	15157	14990	66.071	5.96e-18	79.3
Notechis_scutatus_C9A	region	583	47	157	203	27299	27159	70.213	2.22e-17	77.8
Notechis_scutatus_C9A	region	583	55	403	457	18606	18442	52.727	2.39e-13	64.7
Notechis_scutatus_C9A	region	583	42	16	57	35706	35581	61.905	1.05e-12	62.4
Notechis_scutatus_C9A	region	583	54	54	107	30353	30195	50.000	3.85e-11	57.4
Notechis_scutatus_C9A	region	583	76	202	273	25012	24791	31.579	1.62e-05	38.9
Notechis_scutatus_C9A	region	583	26	1	26	41009	40932	69.231	3.05e-04	35.0
Notechis_scutatus_C9A	region	583	56	31	85	15148	14987	33.929	0.074	26.9
Hydrophis_cyanocinctus_C9A	region	583	85	277	361	23636	23382	57.647	1.29e-28	113
Hydrophis_cyanocinctus_C9A	region	583	74	459	532	16129	15908	62.162	2.75e-26	105
Hydrophis_cyanocinctus_C9A	region	583	52	106	156	28822	28667	75.000	1.18e-19	85.1
Hydrophis_cyanocinctus_C9A	region	583	56	528	583	15157	14990	66.071	5.86e-18	79.3
Hydrophis_cyanocinctus_C9A	region	583	47	157	203	27299	27159	72.340	9.56e-18	79.0
Hydrophis_cyanocinctus_C9A	region	583	54	404	457	18603	18442	53.704	3.73e-13	63.9
Hydrophis_cyanocinctus_C9A	region	583	42	16	57	35706	35581	59.524	1.42e-12	62.0
Hydrophis_cyanocinctus_C9A	region	583	54	54	107	30353	30195	50.000	4.05e-11	57.4
Hydrophis_cyanocinctus_C9A	region	583	76	202	273	25012	24791	31.579	2.00e-05	38.9
Hydrophis_cyanocinctus_C9A	region	583	26	1	26	41009	40932	57.692	0.005	30.8
Hydrophis_cyanocinctus_C9A	region	583	56	31	85	15148	14987	33.929	0.071	26.9
Laticauda_colubrina_C9A	region	583	77	277	353	23636	23406	62.338	1.54e-28	113
Laticauda_colubrina_C9A	region	583	74	459	532	16129	15908	63.514	1.20e-26	107
Laticauda_colubrina_C9A	region	583	52	106	156	28822	28667	73.077	2.74e-19	83.6
Laticauda_colubrina_C9A	region	583	56	528	583	15157	14990	64.286	1.44e-17	78.2
Laticauda_colubrina_C9A	region	583	47	157	203	27299	27159	70.213	2.54e-17	77.4
Laticauda_colubrina_C9A	region	583	55	403	457	18606	18442	58.182	5.50e-14	66.6
Laticauda_colubrina_C9A	region	583	42	16	57	35706	35581	59.524	1.97e-12	61.6
Laticauda_colubrina_C9A	region	583	54	54	107	30353	30195	50.000	7.74e-11	56.2
Laticauda_colubrina_C9A	region	583	76	202	273	25012	24791	30.263	1.34e-04	36.2
Laticauda_colubrina_C9A	region	583	26	1	26	41009	40932	57.692	0.005	30.8
Laticauda_colubrina_C9A	region	583	18	354	371	21685	21632	44.444	0.55	24.3
Protobothrops_mucrosquamatus_C9A	region	583	79	277	355	23636	23400	68.354	1.19e-31	122
Protobothrops_mucrosquamatus_C9A	region	583	74	459	532	16129	15908	70.270	3.14e-29	115
Protobothrops_mucrosquamatus_C9A	region	583	54	157	210	27299	27147	66.667	8.76e-19	82.0
Protobothrops_mucrosquamatus_C9A	region	583	56	528	583	15157	14990	67.857	9.38e-19	82.0
Protobothrops_mucrosquamatus_C9A	region	583	52	106	156	28822	28667	67.308	4.23e-18	80.1
Protobothrops_mucrosquamatus_C9A	region	583	54	404	457	18603	18442	59.259	4.48e-14	67.0
Protobothrops_mucrosquamatus_C9A	region	583	42	16	57	35706	35581	59.524	2.03e-12	61.6
Protobothrops_mucrosquamatus_C9A	region	583	54	54	107	30353	30195	48.148	2.89e-12	60.8
Protobothrops_mucrosquamatus_C9A	region	583	72	203	272	25009	24794	33.333	4.22e-09	50.8
Protobothrops_mucrosquamatus_C9A	region	583	31	1	31	41009	40917	67.742	1.16e-05	39.7
Protobothrops_mucrosquamatus_C9A	region	583	49	37	85	15130	14987	30.612	0.29	25.0
Chrysopelea_ornata_C9A	region	584	85	277	361	23636	23382	62.353	3.22e-30	118
Chrysopelea_ornata_C9A	region	584	74	460	533	16129	15908	68.919	5.84e-28	111
Chrysopelea_ornata_C9A	region	584	54	157	210	27299	27147	68.519	5.58e-19	82.8
Chrysopelea_ornata_C9A	region	584	52	106	156	28822	28667	71.154	7.47e-19	82.4
Chrysopelea_ornata_C9A	region	584	51	534	584	15142	14990	62.745	1.02e-16	75.5
Chrysopelea_ornata_C9A	region	584	62	397	458	18627	18442	51.613	1.76e-14	68.2
Chrysopelea_ornata_C9A	region	584	42	16	57	35706	35581	54.762	1.46e-11	58.9
Chrysopelea_ornata_C9A	region	584	54	54	107	30353	30195	42.593	1.35e-09	52.4
Chrysopelea_ornata_C9A	region	584	75	202	272	25012	24794	38.667	1.69e-08	48.9
Chrysopelea_ornata_C9A	region	584	26	1	26	41009	40932	65.385	8.09e-04	33.5
Pituophis_catenifer_C9A	region	583	85	277	361	23636	23382	60.000	2.30e-29	115
Pituophis_catenifer_C9A	region	583	74	459	532	16129	15908	67.568	6.10e-28	111
Pituophis_catenifer_C9A	region	583	52	106	156	28822	28667	69.231	6.12e-18	79.3
Pituophis_catenifer_C9A	region	583	51	533	583	15142	14990	66.667	6.22e-18	79.3
Pituophis_catenifer_C9A	region	583	54	157	210	27299	27147	62.963	5.37e-17	76.3
Pituophis_catenifer_C9A	region	583	56	402	457	18609	18442	50.000	1.41e-13	65.5
Pituophis_catenifer_C9A	region	583	41	17	57	35703	35581	60.976	2.29e-12	61.2
Pituophis_catenifer_C9A	region	583	54	54	107	30353	30195	48.148	6.53e-11	56.6
Pituophis_catenifer_C9A	region	583	75	203	273	25009	24791	38.667	1.46e-09	52.4
Pituophis_catenifer_C9A	region	583	26	1	26	41009	40932	61.538	0.004	31.2
Pantherophis_obsoletus_C9A	region	583	85	277	361	23636	23382	64.706	7.83e-33	126
Pantherophis_obsoletus_C9A	region	583	74	459	532	16129	15908	67.568	6.49e-28	111
Pantherophis_obsoletus_C9A	region	583	51	533	583	15142	14990	68.627	2.77e-18	80.5
Pantherophis_obsoletus_C9A	region	583	52	106	156	28822	28667	67.308	4.77e-18	79.7
Pantherophis_obsoletus_C9A	region	583	47	157	203	27299	27159	70.213	1.44e-17	78.2
Pantherophis_obsoletus_C9A	region	583	62	396	457	18627	18442	53.226	1.03e-14	68.9
Pantherophis_obsoletus_C9A	region	583	42	16	57	35706	35581	61.905	1.52e-12	62.0
Pantherophis_obsoletus_C9A	region	583	54	54	107	30353	30195	48.148	9.02e-11	56.2
Pantherophis_obsoletus_C9A	region	583	74	203	272	25009	24794	40.541	3.62e-09	50.8
Pantherophis_obsoletus_C9A	region	583	29	1	29	41009	40923	62.069	6.16e-04	33.9
Pantherophis_obsoletus_C9A	region	583	56	31	85	15148	14987	33.929	0.16	25.8
Bothrops_jararaca_C9A	region	583	79	277	355	23636	23400	68.354	3.26e-31	121
Bothrops_jararaca_C9A	region	583	74	459	532	16129	15908	70.270	2.52e-29	115
Bothrops_jararaca_C9A	region	583	54	157	210	27299	27147	66.667	8.32e-19	82.0
Bothrops_jararaca_C9A	region	583	56	528	583	15157	14990	66.071	2.82e-18	80.5
Bothrops_jararaca_C9A	region	583	52	106	156	28822	28667	69.231	8.70e-18	79.0
Bothrops_jararaca_C9A	region	583	62	396	457	18627	18442	56.452	5.43e-16	73.2
Bothrops_jararaca_C9A	region	583	54	54	107	30353	30195	50.000	4.16e-13	63.9
Bothrops_jararaca_C9A	region	583	42	16	57	35706	35581	54.762	2.29e-11	58.2
Bothrops_jararaca_C9A	region	583	58	203	260	25009	24842	39.655	1.51e-08	48.9
Bothrops_jararaca_C9A	region	583	31	1	31	41009	40917	64.516	1.22e-04	36.2
Bothrops_jararaca_C9A	region	583	50	37	85	15130	14987	32.000	0.47	24.3
Bothrops_jararaca_C9A	region	583	38	355	390	21682	21569	31.579	0.93	23.5
Ptyas_mucosa_C9A	region	583	86	276	361	23639	23382	65.116	6.26e-33	126
Ptyas_mucosa_C9A	region	583	74	459	532	16129	15908	64.865	3.71e-27	108
Ptyas_mucosa_C9A	region	583	52	106	156	28822	28667	73.077	3.23e-19	83.6
Ptyas_mucosa_C9A	region	583	47	157	203	27299	27159	65.957	2.58e-16	74.3
Ptyas_mucosa_C9A	region	583	50	534	583	15139	14990	64.000	2.74e-16	73.9
Ptyas_mucosa_C9A	region	583	56	402	457	18609	18442	51.786	1.63e-13	65.1
Ptyas_mucosa_C9A	region	583	42	16	57	35706	35581	61.905	6.06e-13	63.2
Ptyas_mucosa_C9A	region	583	54	54	107	30353	30195	48.148	5.14e-11	57.0
Ptyas_mucosa_C9A	region	583	74	203	272	25009	24794	39.189	1.07e-08	49.3
Ptyas_mucosa_C9A	region	583	29	1	29	41009	40923	65.517	1.46e-04	35.8
Ptyas_mucosa_C9A	region	583	56	31	85	15148	14987	33.929	0.22	25.4
Ptyas_mucosa_C9A	region	583	36	40	75	35584	35691	22.222	0.88	23.5
Vipera_berus_C9A	region	583	79	277	355	23636	23400	64.557	1.19e-29	116
Vipera_berus_C9A	region	583	74	459	532	16129	15908	68.919	1.39e-28	113
Vipera_berus_C9A	region	583	47	157	203	27299	27159	70.213	1.31e-18	81.6
Vipera_berus_C9A	region	583	56	528	583	15157	14990	66.071	1.48e-18	81.3
Vipera_berus_C9A	region	583	52	106	156	28822	28667	65.385	6.54e-17	76.3
Vipera_berus_C9A	region	583	62	396	457	18627	18442	56.452	4.90e-16	73.2
Vipera_berus_C9A	region	583	54	54	107	30353	30195	51.852	4.35e-13	63.5
Vipera_berus_C9A	region	583	42	16	57	35706	35581	57.143	8.74e-12	59.3
Vipera_berus_C9A	region	583	74	203	272	25009	24794	41.892	6.39e-10	53.5
Vipera_berus_C9A	region	583	31	1	31	41009	40917	61.290	5.85e-04	33.9
Vipera_berus_C9A	region	583	38	355	390	21682	21569	34.211	0.23	25.4
Sceloporus_undulatus_C9A	region	591	81	457	537	16147	15905	71.605	2.34e-33	128
Sceloporus_undulatus_C9A	region	591	83	277	359	23648	23400	68.675	4.48e-33	127
Sceloporus_undulatus_C9A	region	591	54	536	589	15145	14984	66.667	2.03e-18	80.9
Sceloporus_undulatus_C9A	region	591	62	400	461	18627	18442	54.839	2.10e-17	77.8
Sceloporus_undulatus_C9A	region	591	61	142	202	27341	27159	55.738	4.03e-17	76.6
Sceloporus_undulatus_C9A	region	591	51	56	106	30347	30195	58.824	1.66e-15	71.6
Sceloporus_undulatus_C9A	region	591	52	105	155	28822	28667	65.385	6.91e-15	69.7
Sceloporus_undulatus_C9A	region	591	41	17	57	35703	35581	63.415	5.84e-12	60.1
Sceloporus_undulatus_C9A	region	591	81	201	277	25012	24791	40.741	1.11e-10	55.8
Sceloporus_undulatus_C9A	region	591	43	359	399	21682	21554	34.884	0.002	32.3
Sceloporus_undulatus_C9A	region	591	26	1	26	41009	40932	61.538	0.060	27.3
Anolis_carolinensis_C9B	region	538	81	277	357	23648	23406	70.370	4.43e-32	123
Anolis_carolinensis_C9B	region	538	73	457	529	16147	15929	72.603	2.11e-29	115
Anolis_carolinensis_C9B	region	538	47	156	202	27299	27159	76.596	1.37e-19	84.3
Anolis_carolinensis_C9B	region	538	60	401	460	18624	18445	61.667	1.14e-18	81.6
Anolis_carolinensis_C9B	region	538	53	105	155	28822	28667	67.925	2.20e-16	73.9
Anolis_carolinensis_C9B	region	538	52	56	107	30347	30192	61.538	2.78e-16	73.9
Anolis_carolinensis_C9B	region	538	56	4	57	35748	35581	51.786	2.36e-11	57.8
Anolis_carolinensis_C9B	region	538	77	201	277	25012	24791	35.065	4.65e-09	50.4
Anolis_carolinensis_C9B	region	538	45	358	400	21685	21551	31.111	0.010	29.6
Anolis_carolinensis_C9B	region	538	48	398	445	33073	33216	31.250	0.57	23.9
Hydrophis_cyanocinctus_C9B	region	582	85	276	360	23636	23382	63.529	1.36e-31	122
Hydrophis_cyanocinctus_C9B	region	582	74	458	531	16129	15908	60.811	1.35e-24	100
Hydrophis_cyanocinctus_C9B	region	582	52	105	155	28822	28667	73.077	2.28e-19	84.0
Hydrophis_cyanocinctus_C9B	region	582	54	156	209	27299	27147	61.111	1.22e-16	75.1
Hydrophis_cyanocinctus_C9B	region	582	56	527	582	15157	14990	57.143	1.87e-16	74.7
Hydrophis_cyanocinctus_C9B	region	582	56	401	456	18609	18442	51.786	7.80e-13	62.8
Hydrophis_cyanocinctus_C9B	region	582	41	15	55	35706	35584	58.537	4.51e-11	57.0
Hydrophis_cyanocinctus_C9B	region	582	54	53	106	30353	30195	46.296	4.10e-09	50.8
Hydrophis_cyanocinctus_C9B	region	582	72	202	271	25009	24794	36.111	2.38e-07	45.1
Hydrophis_cyanocinctus_C9B	region	582	23	6	28	40991	40923	69.565	0.003	31.6
Hydrophis_cyanocinctus_C9B	region	582	46	40	83	35587	35724	23.913	0.16	25.8
Bothrops_jararaca_C9B	region	583	79	277	355	23636	23400	68.354	3.59e-31	121
Bothrops_jararaca_C9B	region	583	74	459	532	16129	15908	70.270	2.75e-29	115
Bothrops_jararaca_C9B	region	583	54	157	210	27299	27147	68.519	2.67e-19	84.0
Bothrops_jararaca_C9B	region	583	56	528	583	15157	14990	66.071	3.08e-18	80.5
Bothrops_jararaca_C9B	region	583	52	106	156	28822	28667	67.308	4.73e-18	79.7
Bothrops_jararaca_C9B	region	583	62	396	457	18627	18442	54.839	1.83e-15	71.2
Bothrops_jararaca_C9B	region	583	54	54	107	30353	30195	50.000	3.73e-13	63.9
Bothrops_jararaca_C9B	region	583	42	16	57	35706	35581	57.143	1.80e-11	58.5
Bothrops_jararaca_C9B	region	583	74	203	272	25009	24794	36.486	3.56e-08	47.8
Bothrops_jararaca_C9B	region	583	31	1	31	41009	40917	64.516	1.74e-04	35.8
Bothrops_jararaca_C9B	region	583	50	37	85	15130	14987	32.000	0.45	24.6
Laticauda_colubrina_C9B	region	583	79	277	355	23636	23400	67.089	6.67e-32	123
Laticauda_colubrina_C9B	region	583	74	459	532	16129	15908	66.216	1.24e-26	107
Laticauda_colubrina_C9B	region	583	46	157	202	27299	27162	71.739	2.92e-18	80.5
Laticauda_colubrina_C9B	region	583	52	106	156	28822	28667	67.308	3.13e-17	77.0
Laticauda_colubrina_C9B	region	583	56	528	583	15157	14990	58.929	8.03e-17	75.9
Laticauda_colubrina_C9B	region	583	56	402	457	18609	18442	51.786	1.66e-12	62.0
Laticauda_colubrina_C9B	region	583	41	16	56	35706	35584	60.976	2.18e-12	61.6
Laticauda_colubrina_C9B	region	583	54	54	107	30353	30195	46.296	1.34e-09	52.4
Laticauda_colubrina_C9B	region	583	70	203	270	25009	24800	38.571	2.10e-07	45.1
Laticauda_colubrina_C9B	region	583	29	1	29	41009	40923	65.517	1.70e-04	35.8
Laticauda_colubrina_C9B	region	583	46	41	84	35587	35724	23.913	0.13	26.2
Laticauda_colubrina_C9B	region	583	17	355	371	21682	21632	47.059	0.57	24.3
Pseudonaja_textilis_C9B	region	583	85	277	361	23636	23382	64.706	2.21e-32	125
Pseudonaja_textilis_C9B	region	583	80	453	532	16147	15908	61.250	2.11e-26	106
Pseudonaja_textilis_C9B	region	583	52	106	156	28822	28667	71.154	7.25e-19	82.4
Pseudonaja_textilis_C9B	region	583	54	157	210	27299	27147	64.815	1.03e-17	78.6
Pseudonaja_textilis_C9B	region	583	51	533	583	15142	14990	54.902	2.76e-14	67.8
Pseudonaja_textilis_C9B	region	583	56	402	457	18609	18442	53.571	6.01e-13	63.2
Pseudonaja_textilis_C9B	region	583	42	16	57	35706	35581	59.524	2.81e-12	61.2
Pseudonaja_textilis_C9B	region	583	54	54	107	30353	30195	46.296	1.67e-09	52.0
Pseudonaja_textilis_C9B	region	583	74	203	272	25009	24794	36.486	2.19e-07	45.1
Pseudonaja_textilis_C9B	region	583	29	1	29	41009	40923	65.517	1.74e-04	35.8
Pseudonaja_textilis_C9B	region	583	46	41	84	35587	35724	23.913	0.35	25.0
Notechis_scutatus_C9B	region	583	85	277	361	23636	23382	63.529	6.38e-32	123
Notechis_scutatus_C9B	region	583	74	459	532	16129	15908	64.865	1.92e-26	106
Notechis_scutatus_C9B	region	583	52	106	156	28822	28667	73.077	2.39e-19	84.0
Notechis_scutatus_C9B	region	583	54	157	210	27299	27147	64.815	6.90e-18	79.3
Notechis_scutatus_C9B	region	583	51	533	583	15142	14990	60.784	2.91e-16	73.9
Notechis_scutatus_C9B	region	583	56	402	457	18609	18442	51.786	5.07e-13	63.5
Notechis_scutatus_C9B	region	583	41	16	56	35706	35584	60.976	2.45e-12	61.2
Notechis_scutatus_C9B	region	583	54	54	107	30353	30195	46.296	3.30e-09	51.2
Notechis_scutatus_C9B	region	583	74	203	272	25009	24794	40.541	5.40e-08	47.0
Notechis_scutatus_C9B	region	583	29	1	29	41009	40923	65.517	1.59e-04	35.8
Notechis_scutatus_C9B	region	583	46	41	84	35587	35724	23.913	0.17	25.8
Pituophis_catenifer_C9B	region	583	85	277	361	23636	23382	60.000	5.11e-29	114
Pituophis_catenifer_C9B	region	583	80	453	532	16147	15908	63.750	2.46e-28	112
Pituophis_catenifer_C9B	region	583	52	106	156	28822	28667	76.923	1.11e-20	88.2
Pituophis_catenifer_C9B	region	583	47	157	203	27299	27159	72.340	1.13e-18	81.6
Pituophis_catenifer_C9B	region	583	51	533	583	15142	14990	64.706	3.57e-15	70.5
Pituophis_catenifer_C9B	region	583	54	404	457	18603	18442	55.556	2.27e-13	64.7
Pituophis_catenifer_C9B	region	583	42	16	57	35706	35581	54.762	2.37e-11	58.2
Pituophis_catenifer_C9B	region	583	54	54	107	30353	30195	46.296	1.36e-09	52.4
Pituophis_catenifer_C9B	region	583	74	202	273	25012	24791	28.378	2.23e-04	35.4
Pituophis_catenifer_C9B	region	583	26	1	26	41009	40932	65.385	6.00e-04	33.9
Pantherophis_obsoletus_C9B	region	583	85	277	361	23636	23382	64.706	6.73e-33	126
Pantherophis_obsoletus_C9B	region	583	80	453	532	16147	15908	56.250	4.69e-25	102
Pantherophis_obsoletus_C9B	region	583	52	106	156	28822	28667	76.923	1.45e-20	87.8
Pantherophis_obsoletus_C9B	region	583	47	157	203	27299	27159	72.340	1.27e-18	81.6
Pantherophis_obsoletus_C9B	region	583	56	528	583	15157	14990	64.286	1.38e-16	75.1
Pantherophis_obsoletus_C9B	region	583	56	402	457	18609	18442	55.357	1.19e-13	65.5
Pantherophis_obsoletus_C9B	region	583	42	16	57	35706	35581	61.905	1.39e-12	62.0
Pantherophis_obsoletus_C9B	region	583	54	54	107	30353	30195	50.000	1.48e-11	58.5
Pantherophis_obsoletus_C9B	region	583	26	1	26	41009	40932	65.385	5.80e-04	33.9
Pantherophis_obsoletus_C9B	region	583	63	202	264	25012	24824	28.571	6.37e-04	33.9
Crotalus_tigris_C9B	region	583	85	277	361	23636	23382	58.824	8.09e-29	114
Crotalus_tigris_C9B	region	583	95	453	544	16147	15863	52.632	2.02e-27	109
Crotalus_tigris_C9B	region	583	52	106	156	28822	28667	73.077	1.10e-19	85.1
Crotalus_tigris_C9B	region	583	47	157	203	27299	27159	70.213	6.78e-18	79.3
Crotalus_tigris_C9B	region	583	51	533	583	15142	14990	66.667	1.69e-16	74.7
Crotalus_tigris_C9B	region	583	56	402	457	18609	18442	57.143	5.37e-14	66.6
Crotalus_tigris_C9B	region	583	54	54	107	30353	30195	50.000	9.21e-13	62.8
Crotalus_tigris_C9B	region	583	42	16	57	35706	35581	57.143	1.83e-11	58.5
Crotalus_tigris_C9B	region	583	26	1	26	41009	40932	65.385	5.33e-04	33.9
Crotalus_tigris_C9B	region	583	57	30	85	15151	14987	31.579	0.25	25.4
Ptyas_mucosa_C9B	region	583	77	277	353	23636	23406	63.636	1.39e-28	113
Ptyas_mucosa_C9B	region	583	74	460	533	16126	15905	58.108	4.12e-24	99.4
Ptyas_mucosa_C9B	region	583	52	106	156	28822	28667	76.923	1.17e-20	88.2
Ptyas_mucosa_C9B	region	583	47	157	203	27299	27159	72.340	7.50e-19	82.4
Ptyas_mucosa_C9B	region	583	56	528	583	15157	14990	66.071	2.57e-17	77.4
Ptyas_mucosa_C9B	region	583	59	399	457	18618	18442	52.542	1.08e-12	62.4
Ptyas_mucosa_C9B	region	583	54	54	107	30353	30195	46.296	6.99e-11	56.6
Ptyas_mucosa_C9B	region	583	42	16	57	35706	35581	42.857	4.80e-08	47.4
Ptyas_mucosa_C9B	region	583	74	202	273	25012	24791	29.730	7.98e-05	36.6
Ptyas_mucosa_C9B	region	583	24	1	24	41009	40938	70.833	4.62e-04	34.3
