# Acritoscincus_duperreyi_copy1 subject=CM084875.2 region_offset=16670142 (add to sstart/send)
Lacerta_agilis_C9A	region	589	83	277	359	21209	20961	80.723	1.02e-39	147
Lacerta_agilis_C9A	region	589	77	458	534	17036	16806	80.519	4.12e-36	136
Lacerta_agilis_C9A	region	589	46	155	200	24996	24859	93.478	4.16e-24	99.0
Lacerta_agilis_C9A	region	589	59	400	458	17803	17627	72.881	4.33e-22	92.4
Lacerta_agilis_C9A	region	589	68	100	163	26807	26604	69.118	7.54e-22	91.7
Lacerta_agilis_C9A	region	589	54	53	106	27356	27195	70.370	3.39e-21	89.7
Lacerta_agilis_C9A	region	589	84	201	275	22843	22592	46.429	2.12e-15	70.9
Lacerta_agilis_C9A	region	589	29	35	63	28002	27916	79.310	1.11e-10	55.5
Lacerta_agilis_C9A	region	589	56	530	584	15167	15000	60.714	4.56e-10	53.5
Lacerta_agilis_C9A	region	589	42	356	397	19494	19372	47.619	3.57e-05	37.7
Zootoca_vivipara_C9A	region	589	83	277	359	21209	20961	80.723	9.71e-40	147
Zootoca_vivipara_C9A	region	589	77	458	534	17036	16806	77.922	3.80e-35	133
Zootoca_vivipara_C9A	region	589	46	155	200	24996	24859	93.478	4.58e-24	98.6
Zootoca_vivipara_C9A	region	589	54	53	106	27356	27195	72.222	1.07e-21	91.3
Zootoca_vivipara_C9A	region	589	68	100	163	26807	26604	67.647	1.36e-21	90.9
Zootoca_vivipara_C9A	region	589	61	398	458	17809	17627	70.492	2.40e-21	90.1
Zootoca_vivipara_C9A	region	589	90	201	275	22843	22592	43.333	9.56e-17	75.1
Zootoca_vivipara_C9A	region	589	56	530	584	15167	15000	62.500	1.84e-10	54.7
Zootoca_vivipara_C9A	region	589	29	35	63	28002	27916	75.862	2.29e-10	54.7
Zootoca_vivipara_C9A	region	589	42	356	397	19494	19372	52.381	4.49e-07	43.9
Zootoca_vivipara_C9A	region	589	26	1	26	29157	29080	38.462	0.56	23.9
Zootoca_vivipara_C9A	region	589	38	476	513	8708	8595	28.947	0.72	23.5
Podarcis_muralis_C9A	region	589	83	277	359	21209	20961	83.133	7.62e-41	150
Podarcis_muralis_C9A	region	589	77	458	534	17036	16806	75.325	4.46e-35	133
Podarcis_muralis_C9A	region	589	46	155	200	24996	24859	93.478	4.27e-24	99.0
Podarcis_muralis_C9A	region	589	68	100	163	26807	26604	69.118	7.41e-22	91.7
Podarcis_muralis_C9A	region	589	54	53	106	27356	27195	70.370	4.88e-21	89.0
Podarcis_muralis_C9A	region	589	59	400	458	17803	17627	64.407	2.04e-19	84.0
Podarcis_muralis_C9A	region	589	98	201	283	22843	22568	41.837	1.25e-15	71.6
Podarcis_muralis_C9A	region	589	29	35	63	28002	27916	79.310	1.25e-10	55.5
Podarcis_muralis_C9A	region	589	46	540	584	15137	15000	69.565	4.16e-09	50.4
Podarcis_muralis_C9A	region	589	42	356	397	19494	19372	52.381	8.85e-07	42.7
Podarcis_muralis_C9A	region	589	26	1	26	29157	29080	38.462	0.44	24.3
Anolis_carolinensis_C9A	region	591	84	278	361	21212	20961	65.476	9.36e-33	125
Anolis_carolinensis_C9A	region	591	75	463	537	17027	16803	68.000	1.79e-30	119
Anolis_carolinensis_C9A	region	591	61	148	201	25041	24859	68.852	8.09e-22	91.7
Anolis_carolinensis_C9A	region	591	52	56	107	27350	27195	67.308	2.19e-18	80.5
Anolis_carolinensis_C9A	region	591	49	108	155	26783	26637	67.347	3.76e-16	73.2
Anolis_carolinensis_C9A	region	591	60	402	461	17803	17624	51.667	1.89e-15	70.9
Anolis_carolinensis_C9A	region	591	39	26	64	28032	27916	66.667	6.62e-13	62.8
Anolis_carolinensis_C9A	region	591	92	201	284	22846	22571	32.609	3.86e-11	57.0
Anolis_carolinensis_C9A	region	591	50	538	587	15149	15000	62.000	4.21e-10	53.5
Anolis_carolinensis_C9A	region	591	41	358	398	19494	19375	34.146	0.005	30.4
Anolis_carolinensis_C9A	region	591	17	548	564	27978	27928	47.059	0.79	23.5
Pogona_vitticeps_C9A	region	576	84	257	340	21218	20967	60.714	3.26e-29	114
Pogona_vitticeps_C9A	region	576	73	444	516	17027	16809	69.863	7.18e-29	113
Pogona_vitticeps_C9A	region	576	73	156	228	24996	24778	58.904	1.29e-20	87.4
Pogona_vitticeps_C9A	region	576	52	56	107	27350	27195	65.385	8.80e-18	78.6
Pogona_vitticeps_C9A	region	576	62	108	166	26783	26598	61.290	1.20e-17	78.2
Pogona_vitticeps_C9A	region	576	60	383	442	17803	17624	60.000	7.47e-17	75.5
Pogona_vitticeps_C9A	region	576	40	25	64	28035	27916	75.000	3.62e-14	66.6
Pogona_vitticeps_C9A	region	576	52	520	571	15155	15000	67.308	1.13e-11	58.5
Pogona_vitticeps_C9A	region	576	42	339	380	19494	19372	35.714	0.005	30.4
Gekko_japonicus_C9A	region	582	84	292	375	21212	20961	65.476	7.47e-31	120
Gekko_japonicus_C9A	region	582	69	455	523	17033	16827	76.812	2.07e-28	112
Gekko_japonicus_C9A	region	582	60	124	181	26783	26604	61.667	8.48e-19	81.6
Gekko_japonicus_C9A	region	582	45	173	217	24996	24862	77.778	1.38e-18	81.3
Gekko_japonicus_C9A	region	582	54	69	122	27350	27198	59.259	8.20e-16	72.0
Gekko_japonicus_C9A	region	582	39	39	77	28032	27916	64.103	1.22e-11	58.5
Gekko_japonicus_C9A	region	582	59	395	453	17806	17630	40.678	2.80e-10	54.3
Gekko_japonicus_C9A	region	582	90	218	296	22846	22577	33.333	5.84e-09	50.1
Gekko_japonicus_C9A	region	582	52	530	581	15155	15000	59.615	7.05e-08	46.2
Gekko_japonicus_C9A	region	582	14	372	385	19494	19453	64.286	0.16	25.4
Crotalus_tigris_C9A	region	583	75	276	350	21206	20982	65.333	4.78e-30	117
Crotalus_tigris_C9A	region	583	74	459	532	17027	16806	63.514	2.48e-27	108
Crotalus_tigris_C9A	region	583	46	157	202	24996	24859	76.087	1.89e-19	84.0
Crotalus_tigris_C9A	region	583	50	108	156	26786	26637	74.000	2.49e-19	83.6
Crotalus_tigris_C9A	region	583	56	402	457	17791	17624	51.786	9.11e-15	68.9
Crotalus_tigris_C9A	region	583	54	54	107	27356	27198	55.556	7.72e-14	65.9
Crotalus_tigris_C9A	region	583	92	203	281	22843	22568	32.609	5.63e-11	56.6
Crotalus_tigris_C9A	region	583	40	25	64	28035	27916	55.000	1.32e-10	55.1
Crotalus_tigris_C9A	region	583	56	528	583	15167	15000	58.929	2.06e-09	51.2
Crotalus_tigris_C9A	region	583	42	355	396	19491	19369	38.095	0.003	31.2
Thamnophis_elegans_C9A	region	583	79	276	354	21206	20970	64.557	4.70e-30	117
Thamnophis_elegans_C9A	region	583	73	460	532	17024	16806	67.123	8.48e-28	110
Thamnophis_elegans_C9A	region	583	46	157	202	24996	24859	76.087	2.12e-18	80.5
Thamnophis_elegans_C9A	region	583	62	108	166	26786	26601	59.677	7.80e-17	75.5
Thamnophis_elegans_C9A	region	583	59	399	457	17800	17624	45.763	4.80e-15	69.7
Thamnophis_elegans_C9A	region	583	54	54	107	27356	27198	53.704	1.04e-13	65.5
Thamnophis_elegans_C9A	region	583	97	198	280	22861	22571	40.206	2.17e-13	64.3
Thamnophis_elegans_C9A	region	583	40	25	64	28035	27916	57.500	2.28e-12	60.8
Thamnophis_elegans_C9A	region	583	50	534	583	15149	15000	62.000	1.01e-09	52.4
Thamnophis_elegans_C9A	region	583	42	354	395	19494	19372	38.095	1.68e-04	35.4
Naja_naja_C9A	region	582	78	276	353	21206	20973	62.821	1.04e-29	116
Naja_naja_C9A	region	582	74	458	531	17027	16806	64.865	5.06e-27	107
Naja_naja_C9A	region	582	60	108	164	26786	26607	70.000	1.40e-19	84.3
Naja_naja_C9A	region	582	46	157	202	24996	24859	71.739	2.83e-18	80.1
Naja_naja_C9A	region	582	55	402	456	17788	17624	54.545	9.01e-15	68.9
Naja_naja_C9A	region	582	60	54	110	27356	27180	50.000	1.16e-13	65.1
Naja_naja_C9A	region	582	40	25	64	28035	27916	62.500	2.32e-12	60.8
Naja_naja_C9A	region	582	92	202	280	22846	22571	35.870	7.08e-12	59.3
Naja_naja_C9A	region	582	56	527	582	15167	15000	58.929	3.59e-10	53.9
Naja_naja_C9A	region	582	16	355	370	19491	19444	43.750	0.99	23.1
Pseudonaja_textilis_C9A	region	583	78	276	353	21206	20973	64.103	2.96e-30	118
Pseudonaja_textilis_C9A	region	583	74	459	532	17027	16806	68.919	1.52e-28	112
Pseudonaja_textilis_C9A	region	583	60	108	164	26786	26607	66.667	6.03e-19	82.4
Pseudonaja_textilis_C9A	region	583	46	157	202	24996	24859	71.739	2.74e-18	80.1
Pseudonaja_textilis_C9A	region	583	55	403	457	17788	17624	54.545	3.56e-15	70.1
Pseudonaja_textilis_C9A	region	583	54	54	107	27356	27198	53.704	8.12e-14	65.9
Pseudonaja_textilis_C9A	region	583	40	25	64	28035	27916	65.000	6.14e-13	62.8
Pseudonaja_textilis_C9A	region	583	92	203	281	22843	22568	34.783	1.77e-11	58.2
Pseudonaja_textilis_C9A	region	583	56	528	583	15167	15000	57.143	1.81e-09	51.6
Pseudonaja_textilis_C9A	region	583	42	355	396	19491	19369	35.714	0.019	28.5
Python_bivittatus_C9A	region	582	80	276	355	21206	20967	61.250	1.38e-29	115
Python_bivittatus_C9A	region	582	77	456	532	17036	16806	63.636	9.43e-29	113
Python_bivittatus_C9A	region	582	46	157	202	24996	24859	73.913	4.26e-19	82.8
Python_bivittatus_C9A	region	582	60	108	164	26786	26607	63.333	2.24e-17	77.0
Python_bivittatus_C9A	region	582	59	399	457	17800	17624	47.458	1.60e-14	68.2
Python_bivittatus_C9A	region	582	54	54	107	27356	27198	57.407	6.48e-14	65.9
Python_bivittatus_C9A	region	582	40	25	64	28035	27916	67.500	6.77e-14	65.9
Python_bivittatus_C9A	region	582	114	203	291	22843	22502	32.456	8.39e-12	59.3
Python_bivittatus_C9A	region	582	47	536	582	15140	15000	72.340	7.24e-11	56.2
Python_bivittatus_C9A	region	582	42	354	395	19494	19372	47.619	3.81e-06	40.8
Python_bivittatus_C9A	region	582	26	1	26	29157	29080	53.846	0.027	28.1
Notechis_scutatus_C9A	region	583	78	276	353	21206	20973	64.103	2.99e-30	118
Notechis_scutatus_C9A	region	583	74	459	532	17027	16806	68.919	1.52e-28	112
Notechis_scutatus_C9A	region	583	60	108	164	26786	26607	68.333	2.28e-19	83.6
Notechis_scutatus_C9A	region	583	46	157	202	24996	24859	71.739	2.81e-18	80.1
Notechis_scutatus_C9A	region	583	55	403	457	17788	17624	54.545	3.56e-15	70.1
Notechis_scutatus_C9A	region	583	54	54	107	27356	27198	53.704	9.16e-14	65.5
Notechis_scutatus_C9A	region	583	40	25	64	28035	27916	65.000	6.25e-13	62.8
Notechis_scutatus_C9A	region	583	92	203	281	22843	22568	34.783	2.61e-11	57.4
Notechis_scutatus_C9A	region	583	56	528	583	15167	15000	57.143	1.11e-09	52.4
Notechis_scutatus_C9A	region	583	42	355	396	19491	19369	35.714	0.018	28.5
Notechis_scutatus_C9A	region	583	26	1	26	29157	29080	46.154	0.26	25.0
Hydrophis_cyanocinctus_C9A	region	583	78	276	353	21206	20973	64.103	2.09e-30	118
Hydrophis_cyanocinctus_C9A	region	583	74	459	532	17027	16806	68.919	1.31e-28	112
Hydrophis_cyanocinctus_C9A	region	583	50	108	156	26786	26637	76.000	2.85e-19	83.2
Hydrophis_cyanocinctus_C9A	region	583	46	157	202	24996	24859	71.739	3.17e-18	80.1
Hydrophis_cyanocinctus_C9A	region	583	54	404	457	17785	17624	53.704	2.82e-14	67.0
Hydrophis_cyanocinctus_C9A	region	583	54	54	107	27356	27198	53.704	8.92e-14	65.5
Hydrophis_cyanocinctus_C9A	region	583	40	25	64	28035	27916	65.000	6.86e-13	62.8
Hydrophis_cyanocinctus_C9A	region	583	93	202	281	22846	22568	34.409	1.65e-11	58.2
Hydrophis_cyanocinctus_C9A	region	583	56	528	583	15167	15000	57.143	1.13e-09	52.4
Hydrophis_cyanocinctus_C9A	region	583	41	355	395	19491	19372	36.585	0.030	28.1
Laticauda_colubrina_C9A	region	583	78	276	353	21206	20973	64.103	1.80e-30	119
Laticauda_colubrina_C9A	region	583	74	459	532	17027	16806	68.919	1.47e-28	112
Laticauda_colubrina_C9A	region	583	60	108	164	26786	26607	66.667	5.21e-19	82.4
Laticauda_colubrina_C9A	region	583	46	157	202	24996	24859	71.739	3.17e-18	80.1
Laticauda_colubrina_C9A	region	583	55	403	457	17788	17624	58.182	1.25e-15	71.6
Laticauda_colubrina_C9A	region	583	54	54	107	27356	27198	53.704	2.34e-13	64.3
Laticauda_colubrina_C9A	region	583	40	25	64	28035	27916	65.000	9.17e-13	62.4
Laticauda_colubrina_C9A	region	583	92	203	281	22843	22568	33.696	4.70e-11	56.6
Laticauda_colubrina_C9A	region	583	56	528	583	15167	15000	57.143	9.82e-10	52.4
Protobothrops_mucrosquamatus_C9A	region	583	82	274	355	21212	20967	69.512	7.16e-34	129
Protobothrops_mucrosquamatus_C9A	region	583	74	459	532	17027	16806	68.919	1.11e-28	113
Protobothrops_mucrosquamatus_C9A	region	583	46	157	202	24996	24859	76.087	6.77e-20	85.5
Protobothrops_mucrosquamatus_C9A	region	583	50	108	156	26786	26637	72.000	1.83e-18	80.9
Protobothrops_mucrosquamatus_C9A	region	583	54	404	457	17785	17624	51.852	1.32e-14	68.2
Protobothrops_mucrosquamatus_C9A	region	583	60	54	110	27356	27180	53.333	5.48e-14	66.2
Protobothrops_mucrosquamatus_C9A	region	583	40	25	64	28035	27916	60.000	4.26e-13	63.5
Protobothrops_mucrosquamatus_C9A	region	583	91	203	280	22843	22571	36.264	7.35e-13	62.8
Protobothrops_mucrosquamatus_C9A	region	583	56	528	583	15167	15000	60.714	2.36e-11	57.8
Protobothrops_mucrosquamatus_C9A	region	583	42	354	395	19494	19372	45.238	2.28e-04	35.0
Protobothrops_mucrosquamatus_C9A	region	583	26	1	26	29157	29080	50.000	0.023	28.5
Chrysopelea_ornata_C9A	region	584	84	274	357	21212	20961	63.095	2.72e-31	121
Chrysopelea_ornata_C9A	region	584	74	460	533	17027	16806	68.919	1.78e-28	112
Chrysopelea_ornata_C9A	region	584	46	157	202	24996	24859	76.087	7.67e-20	85.1
Chrysopelea_ornata_C9A	region	584	60	108	164	26786	26607	68.333	1.93e-19	84.0
Chrysopelea_ornata_C9A	region	584	59	400	458	17800	17624	47.458	1.36e-15	71.6
Chrysopelea_ornata_C9A	region	584	93	202	281	22846	22568	36.559	9.11e-14	65.5
Chrysopelea_ornata_C9A	region	584	54	54	107	27356	27198	53.704	2.98e-12	60.5
Chrysopelea_ornata_C9A	region	584	40	25	64	28035	27916	55.000	7.16e-11	56.2
Chrysopelea_ornata_C9A	region	584	56	529	584	15167	15000	53.571	8.61e-09	49.3
Chrysopelea_ornata_C9A	region	584	43	354	396	19494	19372	46.512	1.56e-04	35.4
Chrysopelea_ornata_C9A	region	584	21	149	169	22456	22518	52.381	0.68	23.5
Pituophis_catenifer_C9A	region	583	77	277	353	21203	20973	66.234	1.77e-30	119
Pituophis_catenifer_C9A	region	583	74	459	532	17027	16806	67.568	4.66e-28	111
Pituophis_catenifer_C9A	region	583	46	157	202	24996	24859	71.739	3.37e-18	79.7
Pituophis_catenifer_C9A	region	583	50	108	156	26786	26637	70.000	9.29e-18	78.6
Pituophis_catenifer_C9A	region	583	54	404	457	17785	17624	51.852	8.73e-15	68.9
Pituophis_catenifer_C9A	region	583	54	54	107	27356	27198	57.407	1.45e-14	68.2
Pituophis_catenifer_C9A	region	583	40	25	64	28035	27916	62.500	8.14e-13	62.4
Pituophis_catenifer_C9A	region	583	91	203	280	22843	22571	34.066	1.16e-12	62.0
Pituophis_catenifer_C9A	region	583	56	528	583	15167	15000	58.929	9.14e-11	55.8
Pituophis_catenifer_C9A	region	583	41	355	395	19491	19372	41.463	1.66e-05	38.5
Pituophis_catenifer_C9A	region	583	21	149	169	22456	22518	52.381	0.75	23.5
Pantherophis_obsoletus_C9A	region	583	82	274	355	21212	20967	68.293	5.98e-34	129
Pantherophis_obsoletus_C9A	region	583	74	459	532	17027	16806	67.568	4.42e-28	111
Pantherophis_obsoletus_C9A	region	583	46	157	202	24996	24859	73.913	6.87e-19	82.0
Pantherophis_obsoletus_C9A	region	583	50	108	156	26786	26637	66.000	3.23e-17	76.6
Pantherophis_obsoletus_C9A	region	583	59	399	457	17800	17624	45.763	3.32e-15	70.1
Pantherophis_obsoletus_C9A	region	583	54	54	107	27356	27198	57.407	1.02e-14	68.6
Pantherophis_obsoletus_C9A	region	583	97	198	280	22861	22571	37.113	2.87e-14	67.0
Pantherophis_obsoletus_C9A	region	583	40	25	64	28035	27916	65.000	6.09e-13	62.8
Pantherophis_obsoletus_C9A	region	583	56	528	583	15167	15000	57.143	4.16e-10	53.5
Pantherophis_obsoletus_C9A	region	583	42	354	395	19494	19372	42.857	3.54e-06	40.8
Pantherophis_obsoletus_C9A	region	583	21	149	169	22456	22518	52.381	0.81	23.1
Bothrops_jararaca_C9A	region	583	82	274	355	21212	20967	68.293	4.17e-33	127
Bothrops_jararaca_C9A	region	583	74	459	532	17027	16806	68.919	4.07e-29	114
Bothrops_jararaca_C9A	region	583	46	157	202	24996	24859	76.087	5.55e-20	85.5
Bothrops_jararaca_C9A	region	583	50	108	156	26786	26637	70.000	1.69e-17	77.8
Bothrops_jararaca_C9A	region	583	60	54	110	27356	27180	58.333	1.81e-15	70.9
Bothrops_jararaca_C9A	region	583	60	398	457	17803	17624	45.000	1.70e-14	67.8
Bothrops_jararaca_C9A	region	583	92	203	281	22843	22568	36.957	4.76e-13	63.2
Bothrops_jararaca_C9A	region	583	40	25	64	28035	27916	55.000	8.86e-12	58.9
Bothrops_jararaca_C9A	region	583	56	528	583	15167	15000	58.929	8.83e-11	55.8
Bothrops_jararaca_C9A	region	583	42	354	395	19494	19372	42.857	1.17e-04	35.8
Bothrops_jararaca_C9A	region	583	26	1	26	29157	29080	42.308	0.64	23.5
Ptyas_mucosa_C9A	region	583	79	277	355	21203	20967	69.620	7.60e-33	126
Ptyas_mucosa_C9A	region	583	74	459	532	17027	16806	66.216	5.65e-28	110
Ptyas_mucosa_C9A	region	583	50	108	156	26786	26637	74.000	6.19e-19	82.4
Ptyas_mucosa_C9A	region	583	46	157	202	24996	24859	73.913	7.88e-19	82.0
Ptyas_mucosa_C9A	region	583	54	54	107	27356	27198	57.407	7.30e-15	68.9
Ptyas_mucosa_C9A	region	583	59	399	457	17800	17624	45.763	8.23e-15	68.9
Ptyas_mucosa_C9A	region	583	40	25	64	28035	27916	65.000	3.78e-13	63.5
Ptyas_mucosa_C9A	region	583	91	203	280	22843	22571	34.066	3.21e-12	60.5
Ptyas_mucosa_C9A	region	583	50	534	583	15149	15000	64.000	5.37e-10	53.1
Ptyas_mucosa_C9A	region	583	42	354	395	19494	19372	45.238	2.39e-06	41.2
Ptyas_mucosa_C9A	region	583	18	149	166	22456	22509	61.111	0.92	23.1
Vipera_berus_C9A	region	583	82	274	355	21212	20967	64.634	3.05e-31	121
Vipera_berus_C9A	region	583	74	459	532	17027	16806	66.216	3.87e-28	111
Vipera_berus_C9A	region	583	46	157	202	24996	24859	73.913	8.47e-20	85.1
Vipera_berus_C9A	region	583	50	108	156	26786	26637	66.000	1.92e-16	74.3
Vipera_berus_C9A	region	583	60	398	457	17803	17624	48.333	7.00e-16	72.4
Vipera_berus_C9A	region	583	60	54	110	27356	27180	55.000	1.47e-14	68.2
Vipera_berus_C9A	region	583	91	203	280	22843	22571	37.363	2.05e-14	67.8
Vipera_berus_C9A	region	583	40	25	64	28035	27916	57.500	2.34e-12	60.8
Vipera_berus_C9A	region	583	56	528	583	15167	15000	58.929	1.26e-10	55.5
Vipera_berus_C9A	region	583	42	354	395	19494	19372	40.476	1.65e-04	35.4
Sceloporus_undulatus_C9A	region	591	85	278	362	21212	20958	65.882	1.33e-33	128
Sceloporus_undulatus_C9A	region	591	75	463	537	17027	16803	68.000	3.24e-30	118
Sceloporus_undulatus_C9A	region	591	54	54	107	27356	27195	62.963	6.25e-19	82.4
Sceloporus_undulatus_C9A	region	591	55	408	462	17785	17621	61.818	5.06e-17	76.3
Sceloporus_undulatus_C9A	region	591	62	140	201	25038	24859	53.226	6.38e-17	75.9
Sceloporus_undulatus_C9A	region	591	68	101	164	26807	26604	55.882	2.16e-14	67.8
Sceloporus_undulatus_C9A	region	591	39	26	64	28032	27916	71.795	3.29e-13	63.9
Sceloporus_undulatus_C9A	region	591	92	201	284	22846	22571	38.043	1.07e-12	62.0
Sceloporus_undulatus_C9A	region	591	50	538	587	15149	15000	66.000	3.60e-11	57.0
Sceloporus_undulatus_C9A	region	591	41	358	398	19494	19375	36.585	5.54e-04	33.5
Sceloporus_undulatus_C9A	region	591	26	1	26	29157	29080	53.846	0.056	26.9
Anolis_carolinensis_C9B	region	538	84	278	361	21212	20961	63.095	3.36e-30	117
Anolis_carolinensis_C9B	region	538	78	460	537	17036	16803	64.103	3.69e-28	110
Anolis_carolinensis_C9B	region	538	46	156	201	24996	24859	76.087	5.26e-20	85.5
Anolis_carolinensis_C9B	region	538	54	54	107	27356	27195	64.815	5.48e-19	82.0
Anolis_carolinensis_C9B	region	538	62	399	460	17812	17627	53.226	5.07e-17	75.9
Anolis_carolinensis_C9B	region	538	62	108	166	26783	26598	58.065	2.27e-16	73.6
Anolis_carolinensis_C9B	region	538	39	26	64	28032	27916	69.231	8.97e-14	65.5
Anolis_carolinensis_C9B	region	538	94	202	285	22843	22568	34.043	3.53e-12	60.1
Anolis_carolinensis_C9B	region	538	45	359	403	19491	19366	37.778	0.002	32.0
Hydrophis_cyanocinctus_C9B	region	582	82	273	354	21212	20967	64.634	1.94e-32	124
Hydrophis_cyanocinctus_C9B	region	582	74	458	531	17027	16806	64.865	3.23e-27	108
Hydrophis_cyanocinctus_C9B	region	582	50	107	155	26786	26637	74.000	4.04e-19	82.8
Hydrophis_cyanocinctus_C9B	region	582	46	156	201	24996	24859	73.913	6.66e-19	82.0
Hydrophis_cyanocinctus_C9B	region	582	56	401	456	17791	17624	42.857	1.95e-13	64.3
Hydrophis_cyanocinctus_C9B	region	582	54	53	106	27356	27198	55.556	2.77e-13	63.9
Hydrophis_cyanocinctus_C9B	region	582	114	202	290	22843	22502	33.333	2.66e-12	60.8
Hydrophis_cyanocinctus_C9B	region	582	56	527	582	15167	15000	58.929	1.67e-10	55.1
Hydrophis_cyanocinctus_C9B	region	582	39	24	62	28035	27919	53.846	1.20e-09	52.0
Hydrophis_cyanocinctus_C9B	region	582	43	353	395	19494	19372	41.860	1.97e-04	35.0
Hydrophis_cyanocinctus_C9B	region	582	21	148	168	22456	22518	52.381	0.78	23.5
Bothrops_jararaca_C9B	region	583	82	274	355	21212	20967	68.293	4.86e-33	126
Bothrops_jararaca_C9B	region	583	74	459	532	17027	16806	68.919	4.37e-29	114
Bothrops_jararaca_C9B	region	583	46	157	202	24996	24859	78.261	2.36e-20	86.7
Bothrops_jararaca_C9B	region	583	50	108	156	26786	26637	70.000	6.20e-18	79.0
Bothrops_jararaca_C9B	region	583	60	398	457	17803	17624	45.000	4.72e-15	69.7
Bothrops_jararaca_C9B	region	583	60	54	110	27356	27180	55.000	1.73e-14	67.8
Bothrops_jararaca_C9B	region	583	92	203	281	22843	22568	36.957	1.65e-13	64.7
Bothrops_jararaca_C9B	region	583	40	25	64	28035	27916	57.500	5.09e-12	59.7
Bothrops_jararaca_C9B	region	583	56	528	583	15167	15000	58.929	1.14e-10	55.5
Bothrops_jararaca_C9B	region	583	42	354	395	19494	19372	42.857	4.26e-04	33.9
Bothrops_jararaca_C9B	region	583	26	1	26	29157	29080	42.308	0.92	23.1
Laticauda_colubrina_C9B	region	583	82	276	357	21206	20961	64.634	2.61e-32	124
Laticauda_colubrina_C9B	region	583	74	459	532	17027	16806	64.865	1.49e-26	106
Laticauda_colubrina_C9B	region	583	46	157	202	24996	24859	73.913	1.85e-19	84.0
Laticauda_colubrina_C9B	region	583	50	108	156	26786	26637	66.000	9.26e-17	75.1
Laticauda_colubrina_C9B	region	583	56	402	457	17791	17624	44.643	1.55e-13	64.7
Laticauda_colubrina_C9B	region	583	54	54	107	27356	27198	55.556	4.40e-13	63.2
Laticauda_colubrina_C9B	region	583	99	196	280	22867	22571	34.343	4.83e-11	56.6
Laticauda_colubrina_C9B	region	583	39	25	63	28035	27919	56.410	1.08e-10	55.5
Laticauda_colubrina_C9B	region	583	56	528	583	15167	15000	55.357	5.47e-09	50.1
Laticauda_colubrina_C9B	region	583	21	149	169	22456	22518	57.143	0.080	26.6
Laticauda_colubrina_C9B	region	583	26	1	26	29157	29080	46.154	0.29	24.6
Pseudonaja_textilis_C9B	region	583	79	276	354	21206	20970	69.620	3.68e-33	127
Pseudonaja_textilis_C9B	region	583	74	459	532	17027	16806	64.865	3.17e-27	108
Pseudonaja_textilis_C9B	region	583	46	157	202	24996	24859	76.087	2.62e-19	83.6
Pseudonaja_textilis_C9B	region	583	60	108	164	26786	26607	66.667	8.74e-19	81.6
Pseudonaja_textilis_C9B	region	583	91	203	280	22843	22571	39.560	1.46e-14	68.2
Pseudonaja_textilis_C9B	region	583	54	54	107	27356	27198	55.556	1.12e-13	65.1
Pseudonaja_textilis_C9B	region	583	56	402	457	17791	17624	46.429	1.65e-13	64.7
Pseudonaja_textilis_C9B	region	583	39	25	63	28035	27919	58.974	4.47e-11	56.6
Pseudonaja_textilis_C9B	region	583	51	533	583	15152	15000	58.824	5.03e-09	50.1
Pseudonaja_textilis_C9B	region	583	42	354	395	19494	19375	40.476	0.002	32.0
Pseudonaja_textilis_C9B	region	583	26	1	26	29157	29080	46.154	0.26	25.0
Notechis_scutatus_C9B	region	583	80	276	355	21206	20967	67.500	8.09e-33	126
Notechis_scutatus_C9B	region	583	74	459	532	17027	16806	64.865	1.05e-26	107
Notechis_scutatus_C9B	region	583	50	108	156	26786	26637	74.000	4.20e-19	82.8
Notechis_scutatus_C9B	region	583	46	157	202	24996	24859	73.913	5.17e-19	82.4
Notechis_scutatus_C9B	region	583	56	402	457	17791	17624	42.857	1.06e-13	65.5
Notechis_scutatus_C9B	region	583	54	54	107	27356	27198	55.556	1.62e-13	64.7
Notechis_scutatus_C9B	region	583	92	203	281	22843	22568	36.957	6.36e-13	62.8
Notechis_scutatus_C9B	region	583	39	25	63	28035	27919	56.410	1.02e-10	55.5
Notechis_scutatus_C9B	region	583	56	528	583	15167	15000	58.929	4.27e-10	53.5
Notechis_scutatus_C9B	region	583	42	354	395	19494	19375	40.476	0.001	32.7
Notechis_scutatus_C9B	region	583	26	1	26	29157	29080	46.154	0.26	25.0
Notechis_scutatus_C9B	region	583	21	149	169	22456	22518	52.381	0.79	23.5
Pituophis_catenifer_C9B	region	583	77	277	353	21203	20973	66.234	1.82e-30	119
Pituophis_catenifer_C9B	region	583	77	456	532	17036	16806	66.234	6.74e-29	114
Pituophis_catenifer_C9B	region	583	50	108	156	26786	26637	78.000	2.90e-20	86.7
Pituophis_catenifer_C9B	region	583	46	157	202	24996	24859	73.913	2.04e-19	84.0
Pituophis_catenifer_C9B	region	583	51	404	454	17785	17633	56.863	2.02e-14	67.8
Pituophis_catenifer_C9B	region	583	54	54	107	27356	27198	53.704	5.59e-13	63.2
Pituophis_catenifer_C9B	region	583	91	203	280	22843	22571	37.363	3.27e-12	60.5
Pituophis_catenifer_C9B	region	583	40	25	64	28035	27916	55.000	3.58e-11	57.0
Pituophis_catenifer_C9B	region	583	56	528	583	15167	15000	57.143	3.02e-09	50.8
Pituophis_catenifer_C9B	region	583	41	355	395	19491	19372	36.585	2.48e-04	34.7
Pituophis_catenifer_C9B	region	583	21	6	26	29142	29080	52.381	0.62	23.5
Pituophis_catenifer_C9B	region	583	21	149	169	22456	22518	52.381	0.67	23.5
Pantherophis_obsoletus_C9B	region	583	82	274	355	21212	20967	65.854	1.28e-33	128
Pantherophis_obsoletus_C9B	region	583	77	456	532	17036	16806	61.039	1.70e-26	106
Pantherophis_obsoletus_C9B	region	583	50	108	156	26786	26637	78.000	3.90e-20	86.3
Pantherophis_obsoletus_C9B	region	583	46	157	202	24996	24859	73.913	2.62e-19	83.6
Pantherophis_obsoletus_C9B	region	583	51	404	454	17785	17633	56.863	2.22e-14	67.4
Pantherophis_obsoletus_C9B	region	583	54	54	107	27356	27198	55.556	1.72e-13	64.7
Pantherophis_obsoletus_C9B	region	583	40	25	64	28035	27916	62.500	9.02e-13	62.4
Pantherophis_obsoletus_C9B	region	583	92	202	280	22846	22571	35.870	1.93e-12	61.2
Pantherophis_obsoletus_C9B	region	583	56	528	583	15167	15000	60.714	1.69e-10	55.1
Pantherophis_obsoletus_C9B	region	583	42	354	395	19494	19372	42.857	3.79e-06	40.8
Pantherophis_obsoletus_C9B	region	583	21	6	26	29142	29080	52.381	0.60	23.9
Pantherophis_obsoletus_C9B	region	583	21	149	169	22456	22518	52.381	0.77	23.5
Crotalus_tigris_C9B	region	583	75	276	350	21206	20982	65.333	5.09e-30	117
Crotalus_tigris_C9B	region	583	74	459	532	17027	16806	63.514	1.84e-27	109
Crotalus_tigris_C9B	region	583	46	157	202	24996	24859	76.087	2.04e-19	84.0
Crotalus_tigris_C9B	region	583	50	108	156	26786	26637	74.000	2.13e-19	83.6
Crotalus_tigris_C9B	region	583	56	402	457	17791	17624	51.786	9.68e-15	68.6
Crotalus_tigris_C9B	region	583	54	54	107	27356	27198	57.407	4.95e-14	66.2
Crotalus_tigris_C9B	region	583	40	25	64	28035	27916	57.500	4.83e-11	56.6
Crotalus_tigris_C9B	region	583	91	203	280	22843	22571	32.967	5.08e-11	56.6
Crotalus_tigris_C9B	region	583	56	528	583	15167	15000	57.143	3.20e-09	50.8
Crotalus_tigris_C9B	region	583	42	355	396	19491	19369	38.095	0.003	31.2
Ptyas_mucosa_C9B	region	583	77	277	353	21203	20973	66.234	1.65e-30	119
Ptyas_mucosa_C9B	region	583	73	460	532	17024	16806	61.644	8.37e-26	104
Ptyas_mucosa_C9B	region	583	50	108	156	26786	26637	78.000	7.19e-20	85.1
Ptyas_mucosa_C9B	region	583	46	157	202	24996	24859	73.913	1.89e-19	84.0
Ptyas_mucosa_C9B	region	583	54	54	107	27356	27198	55.556	2.30e-13	64.3
Ptyas_mucosa_C9B	region	583	51	404	454	17785	17633	54.902	3.27e-13	63.5
Ptyas_mucosa_C9B	region	583	92	203	281	22843	22568	38.043	1.94e-12	61.2
Ptyas_mucosa_C9B	region	583	56	528	583	15167	15000	58.929	4.45e-10	53.5
Ptyas_mucosa_C9B	region	583	35	30	64	28020	27916	51.429	1.04e-08	48.9
Ptyas_mucosa_C9B	region	583	39	355	393	19491	19378	38.462	0.002	32.0
Ptyas_mucosa_C9B	region	583	24	1	24	29157	29086	50.000	0.16	25.4
Ptyas_mucosa_C9B	region	583	21	149	169	22456	22518	52.381	0.64	23.5
