Acritoscincus_duperreyi_C9A	CM084875.2	598	84	288	371	16691353	16691102	96.429	7.90e-44	174
Acritoscincus_duperreyi_C9A	CM084875.2	598	78	468	545	16687180	16686947	97.436	4.46e-40	162
Acritoscincus_duperreyi_C9A	CM084875.2	598	91	204	294	16692984	16692712	94.505	3.04e-33	141
Acritoscincus_duperreyi_C9A	CM084875.2	598	61	409	469	16687950	16687768	100.000	5.31e-28	125
Acritoscincus_duperreyi_C9A	CM084875.2	598	68	101	166	16696948	16696745	85.294	5.23e-25	116
Acritoscincus_duperreyi_C9A	CM084875.2	598	59	54	110	16697497	16697321	91.525	4.19e-24	113
Acritoscincus_duperreyi_C9A	CM084875.2	598	58	541	598	16685308	16685135	93.103	6.17e-24	112
Acritoscincus_duperreyi_C9A	CM084875.2	598	103	158	244	16695137	16694829	57.282	5.33e-21	103
Acritoscincus_duperreyi_C9A	CM084875.2	598	42	368	409	16689635	16689510	97.619	1.15e-15	86.7
Acritoscincus_duperreyi_C9A	CM084875.2	598	39	26	64	16698173	16698057	92.308	1.29e-13	80.1
Acritoscincus_duperreyi_C9A	CM084875.2	598	59	52	110	17302919	17302743	49.153	2.17e-08	63.2
Acritoscincus_duperreyi_C9A	CM084875.2	598	67	49	115	17338819	17338619	47.761	5.00e-08	61.6
Acritoscincus_duperreyi_C9A	CM084875.2	598	52	546	596	17289552	17289397	53.846	4.03e-07	58.9
Acritoscincus_duperreyi_C9A	CM084875.2	598	26	1	26	16699298	16699221	100.000	1.33e-06	57.0
Acritoscincus_duperreyi_C9A	CM084875.2	598	55	543	596	17318647	17318483	45.455	4.25e-06	55.5
Acritoscincus_duperreyi_C9A	CM084875.2	598	57	484	540	17268380	17268550	43.860	4.83e-06	55.5
Acritoscincus_duperreyi_C9A	CM084875.2	598	89	281	369	17324389	17324138	33.708	7.51e-06	54.7
Acritoscincus_duperreyi_C9A	CM084878.2	598	257	312	562	104066575	104067300	26.459	4.65e-14	81.3
Acritoscincus_duperreyi_C9A	CM084878.2	598	236	298	527	104082692	104083336	25.424	7.65e-11	70.9
Acritoscincus_duperreyi_C9A	CM084877.2	598	90	280	369	65035653	65035399	31.111	2.92e-08	62.4
Acritoscincus_duperreyi_C9A	CM084877.2	598	47	550	596	65009702	65009842	53.191	7.21e-08	61.2
Acritoscincus_duperreyi_C9A	CM084877.2	598	79	460	537	65008763	65008999	34.177	1.22e-07	60.5
Acritoscincus_duperreyi_C9A	CM084877.2	598	78	291	368	64993061	64993294	32.051	7.58e-06	54.7
