Lacerta_agilis_C9A	CM084875.2	589	83	277	359	16691350	16691102	80.723	3.83e-35	147
Lacerta_agilis_C9A	CM084875.2	589	77	458	534	16687177	16686947	80.519	1.55e-31	136
Lacerta_agilis_C9A	CM084875.2	589	46	155	200	16695137	16695000	93.478	1.56e-19	99.0
Lacerta_agilis_C9A	CM084875.2	589	59	400	458	16687944	16687768	72.881	1.62e-17	92.4
Lacerta_agilis_C9A	CM084875.2	589	68	100	163	16696948	16696745	69.118	2.82e-17	91.7
Lacerta_agilis_C9A	CM084875.2	589	54	53	106	16697497	16697336	70.370	1.27e-16	89.7
Lacerta_agilis_C9A	CM084875.2	589	84	201	275	16692984	16692733	46.429	7.88e-11	70.9
Lacerta_agilis_C9A	CM084875.2	589	60	470	529	17268371	17268550	48.333	3.05e-08	62.4
Lacerta_agilis_C9A	CM084875.2	589	29	35	63	16698143	16698057	79.310	4.11e-06	55.5
Lacerta_agilis_C9A	CM084878.2	589	222	300	516	104066575	104067192	27.928	1.01e-09	67.4
Lacerta_agilis_C9A	CM084878.2	589	210	286	495	104082692	104083270	26.190	1.18e-09	67.0
Lacerta_agilis_C9A	CM084878.2	589	267	296	555	106706313	106707056	22.472	7.03e-09	64.7
Lacerta_agilis_C9A	CM084878.2	589	265	296	555	106690202	106690945	22.642	1.15e-08	63.9
Lacerta_agilis_C9A	CM084877.2	589	88	279	366	64993061	64993324	30.682	7.82e-07	57.8
Lacerta_agilis_C9A	CM084877.2	589	90	268	357	65035653	65035399	27.778	1.38e-06	57.0
Lacerta_agilis_C9A	CM084877.2	589	67	461	526	65008799	65008999	37.313	6.08e-06	55.1
Zootoca_vivipara_C9A	CM084875.2	589	83	277	359	16691350	16691102	80.723	3.66e-35	147
Zootoca_vivipara_C9A	CM084875.2	589	77	458	534	16687177	16686947	77.922	1.43e-30	133
Zootoca_vivipara_C9A	CM084875.2	589	46	155	200	16695137	16695000	93.478	1.72e-19	98.6
Zootoca_vivipara_C9A	CM084875.2	589	54	53	106	16697497	16697336	72.222	4.02e-17	91.3
Zootoca_vivipara_C9A	CM084875.2	589	68	100	163	16696948	16696745	67.647	5.07e-17	90.9
Zootoca_vivipara_C9A	CM084875.2	589	61	398	458	16687950	16687768	70.492	8.98e-17	90.1
Zootoca_vivipara_C9A	CM084875.2	589	90	201	275	16692984	16692733	43.333	3.56e-12	75.1
Zootoca_vivipara_C9A	CM084875.2	589	60	470	529	17268371	17268550	46.667	5.88e-08	61.6
Zootoca_vivipara_C9A	CM084875.2	589	56	530	584	16685308	16685141	62.500	6.79e-06	54.7
Zootoca_vivipara_C9A	CM084875.2	589	29	35	63	16698143	16698057	75.862	8.47e-06	54.7
Zootoca_vivipara_C9A	CM084878.2	589	222	300	516	104066575	104067192	27.477	3.35e-09	65.5
Zootoca_vivipara_C9A	CM084878.2	589	229	296	518	106706313	106706942	24.454	1.16e-08	63.9
Zootoca_vivipara_C9A	CM084878.2	589	227	296	518	106690202	106690831	24.229	2.15e-08	62.8
Zootoca_vivipara_C9A	CM084877.2	589	78	279	356	64993061	64993294	33.333	1.52e-06	57.0
Zootoca_vivipara_C9A	CM084877.2	589	90	268	357	65035653	65035399	27.778	2.05e-06	56.6
Zootoca_vivipara_C9A	CM084877.2	589	67	461	526	65008799	65008999	38.806	2.47e-06	56.2
Podarcis_muralis_C9A	CM084875.2	589	83	277	359	16691350	16691102	83.133	2.87e-36	150
Podarcis_muralis_C9A	CM084875.2	589	77	458	534	16687177	16686947	75.325	1.68e-30	133
Podarcis_muralis_C9A	CM084875.2	589	46	155	200	16695137	16695000	93.478	1.60e-19	99.0
Podarcis_muralis_C9A	CM084875.2	589	68	100	163	16696948	16696745	69.118	2.77e-17	91.7
Podarcis_muralis_C9A	CM084875.2	589	54	53	106	16697497	16697336	70.370	1.82e-16	89.0
Podarcis_muralis_C9A	CM084875.2	589	59	400	458	16687944	16687768	64.407	7.62e-15	84.0
Podarcis_muralis_C9A	CM084875.2	589	98	201	283	16692984	16692709	41.837	4.64e-11	71.6
Podarcis_muralis_C9A	CM084875.2	589	60	470	529	17268371	17268550	45.000	3.52e-08	62.4
Podarcis_muralis_C9A	CM084875.2	589	29	35	63	16698143	16698057	79.310	4.63e-06	55.5
Podarcis_muralis_C9A	CM084878.2	589	226	300	516	104066575	104067192	27.876	1.21e-09	67.0
Podarcis_muralis_C9A	CM084878.2	589	265	296	555	106706313	106707056	22.642	2.19e-08	62.8
Podarcis_muralis_C9A	CM084878.2	589	227	296	518	106690202	106690831	24.229	4.44e-08	62.0
Podarcis_muralis_C9A	CM084877.2	589	90	268	357	65035653	65035399	28.889	8.03e-07	57.8
Podarcis_muralis_C9A	CM084877.2	589	97	439	526	65008709	65008999	32.990	1.33e-06	57.0
Podarcis_muralis_C9A	CM084877.2	589	88	279	366	64993061	64993324	29.545	3.62e-06	55.8
Anolis_carolinensis_C9A	CM084875.2	591	84	278	361	16691353	16691102	65.476	3.52e-28	125
Anolis_carolinensis_C9A	CM084875.2	591	75	463	537	16687168	16686944	68.000	6.73e-26	119
Anolis_carolinensis_C9A	CM084875.2	591	61	148	201	16695182	16695000	68.852	3.02e-17	91.7
Anolis_carolinensis_C9A	CM084875.2	591	52	56	107	16697491	16697336	67.308	8.17e-14	80.5
Anolis_carolinensis_C9A	CM084875.2	591	49	108	155	16696924	16696778	67.347	1.40e-11	73.2
Anolis_carolinensis_C9A	CM084875.2	591	60	402	461	16687944	16687765	51.667	7.04e-11	70.9
Anolis_carolinensis_C9A	CM084875.2	591	39	26	64	16698173	16698057	66.667	2.46e-08	62.8
Anolis_carolinensis_C9A	CM084875.2	591	71	461	531	17268341	17268550	39.437	1.26e-07	60.5
Anolis_carolinensis_C9A	CM084875.2	591	78	281	358	17297109	17296876	35.897	4.12e-07	58.9
Anolis_carolinensis_C9A	CM084875.2	591	79	281	359	17324374	17324138	34.177	5.32e-07	58.5
Anolis_carolinensis_C9A	CM084875.2	591	92	201	284	16692987	16692712	32.609	1.43e-06	57.0
Anolis_carolinensis_C9A	CM084875.2	591	55	534	587	17318647	17318483	45.455	6.95e-06	54.7
Anolis_carolinensis_C9A	CM084878.2	591	207	293	492	104082695	104083255	27.053	5.87e-09	64.7
Anolis_carolinensis_C9A	CM084878.2	591	222	302	518	104066575	104067192	25.676	1.11e-08	63.9
Anolis_carolinensis_C9A	CM084877.2	591	79	281	359	65035635	65035399	34.177	2.54e-08	62.8
Anolis_carolinensis_C9A	CM084877.2	591	84	451	533	65008763	65009014	33.333	1.04e-07	60.8
Pogona_vitticeps_C9A	CM084875.2	576	84	257	340	16691359	16691108	60.714	1.23e-24	114
Pogona_vitticeps_C9A	CM084875.2	576	73	444	516	16687168	16686950	69.863	2.69e-24	113
Pogona_vitticeps_C9A	CM084875.2	576	73	156	228	16695137	16694919	58.904	4.82e-16	87.4
Pogona_vitticeps_C9A	CM084875.2	576	52	56	107	16697491	16697336	65.385	3.28e-13	78.6
Pogona_vitticeps_C9A	CM084875.2	576	62	108	166	16696924	16696739	61.290	4.47e-13	78.2
Pogona_vitticeps_C9A	CM084875.2	576	60	383	442	16687944	16687765	60.000	2.78e-12	75.5
Pogona_vitticeps_C9A	CM084875.2	576	40	25	64	16698176	16698057	75.000	1.34e-09	66.6
Pogona_vitticeps_C9A	CM084875.2	576	50	524	572	17289543	17289394	64.000	4.01e-09	65.1
Pogona_vitticeps_C9A	CM084875.2	576	90	254	340	17324407	17324138	35.556	8.22e-08	60.8
Pogona_vitticeps_C9A	CM084875.2	576	68	443	510	17268344	17268544	42.647	1.52e-07	60.1
Pogona_vitticeps_C9A	CM084875.2	576	53	520	571	17318641	17318483	50.943	2.90e-07	59.3
Pogona_vitticeps_C9A	CM084875.2	576	52	520	571	16685296	16685141	67.308	4.19e-07	58.5
Pogona_vitticeps_C9A	CM084875.2	576	82	258	339	17297121	17296876	34.146	1.81e-06	56.6
Pogona_vitticeps_C9A	CM084878.2	576	223	283	499	104066575	104067192	29.148	1.36e-12	76.6
Pogona_vitticeps_C9A	CM084878.2	576	207	274	476	104082695	104083264	23.188	1.34e-07	60.5
Pogona_vitticeps_C9A	CM084878.2	576	225	279	499	106690202	106690825	24.000	4.10e-06	55.5
Pogona_vitticeps_C9A	CM084877.2	576	88	253	340	65035656	65035399	34.091	2.93e-08	62.4
Pogona_vitticeps_C9A	CM084877.2	576	97	422	509	65008709	65008999	32.990	4.15e-08	62.0
Pogona_vitticeps_C9A	CM084877.2	576	43	521	563	65009690	65009818	60.465	2.03e-07	59.7
Pogona_vitticeps_C9A	CM084877.2	576	78	262	339	64993061	64993294	32.051	1.65e-06	56.6
Gekko_japonicus_C9A	CM084875.2	582	84	292	375	16691353	16691102	65.476	2.81e-26	120
Gekko_japonicus_C9A	CM084875.2	582	69	455	523	16687174	16686968	76.812	7.77e-24	112
Gekko_japonicus_C9A	CM084875.2	582	60	124	181	16696924	16696745	61.667	3.16e-14	81.6
Gekko_japonicus_C9A	CM084875.2	582	45	173	217	16695137	16695003	77.778	5.16e-14	81.3
Gekko_japonicus_C9A	CM084875.2	582	54	69	122	16697491	16697339	59.259	3.05e-11	72.0
Gekko_japonicus_C9A	CM084875.2	582	67	457	523	17268347	17268544	44.776	7.62e-09	64.3
Gekko_japonicus_C9A	CM084875.2	582	39	39	77	16698173	16698057	64.103	4.52e-07	58.5
Gekko_japonicus_C9A	CM084875.2	582	79	295	373	17324374	17324138	31.646	1.42e-06	57.0
Gekko_japonicus_C9A	CM084875.2	582	121	403	523	17290309	17289974	24.793	2.09e-06	56.6
Gekko_japonicus_C9A	CM084875.2	582	82	291	372	17297121	17296876	31.707	2.30e-06	56.2
Gekko_japonicus_C9A	CM084878.2	582	208	316	512	104082734	104083336	26.923	2.28e-12	75.9
Gekko_japonicus_C9A	CM084878.2	582	212	316	513	104066575	104067195	28.302	1.24e-11	73.6
Gekko_japonicus_C9A	CM084878.2	582	227	311	521	106706310	106706969	25.991	2.88e-09	65.9
Gekko_japonicus_C9A	CM084878.2	582	227	311	521	106690199	106690858	25.110	9.93e-09	63.9
Gekko_japonicus_C9A	CM084878.2	582	50	536	581	683070	683219	52.000	1.01e-06	57.4
Gekko_japonicus_C9A	CM084878.2	582	49	535	581	680908	681054	55.102	9.44e-06	54.3
Gekko_japonicus_C9A	CM084877.2	582	68	456	522	65008796	65008999	38.235	2.00e-07	59.7
Gekko_japonicus_C9A	CM084877.2	582	81	302	382	64993082	64993324	32.099	6.92e-07	58.2
Gekko_japonicus_C9A	CM084877.2	582	99	275	373	65035683	65035399	31.313	4.66e-06	55.5
Crotalus_tigris_C9A	CM084875.2	583	75	276	350	16691347	16691123	65.333	1.80e-25	117
Crotalus_tigris_C9A	CM084875.2	583	74	459	532	16687168	16686947	63.514	9.31e-23	108
Crotalus_tigris_C9A	CM084875.2	583	46	157	202	16695137	16695000	76.087	7.04e-15	84.0
Crotalus_tigris_C9A	CM084875.2	583	50	108	156	16696927	16696778	74.000	9.27e-15	83.6
Crotalus_tigris_C9A	CM084875.2	583	56	402	457	16687932	16687765	51.786	3.39e-10	68.9
Crotalus_tigris_C9A	CM084875.2	583	54	54	107	16697497	16697339	55.556	2.87e-09	65.9
Crotalus_tigris_C9A	CM084875.2	583	92	203	281	16692984	16692709	32.609	2.08e-06	56.6
Crotalus_tigris_C9A	CM084875.2	583	40	25	64	16698176	16698057	55.000	4.88e-06	55.1
Crotalus_tigris_C9A	CM084875.2	583	69	457	525	17268341	17268544	37.681	5.54e-06	55.1
Crotalus_tigris_C9A	CM084878.2	583	222	298	514	104066575	104067192	26.577	5.30e-11	71.2
Crotalus_tigris_C9A	CM084878.2	583	215	284	493	104082692	104083270	28.372	2.27e-10	69.3
Crotalus_tigris_C9A	CM084877.2	583	103	251	350	65035707	65035414	32.039	3.53e-06	55.8
Crotalus_tigris_C9A	CM084877.2	583	79	447	524	65008763	65008999	34.177	4.56e-06	55.5
Crotalus_tigris_C9A	CM084877.2	583	47	537	583	65009702	65009842	48.936	4.84e-06	55.5
Thamnophis_elegans_C9A	CM084875.2	583	79	276	354	16691347	16691111	64.557	1.76e-25	117
Thamnophis_elegans_C9A	CM084875.2	583	73	460	532	16687165	16686947	67.123	3.18e-23	110
Thamnophis_elegans_C9A	CM084875.2	583	46	157	202	16695137	16695000	76.087	7.90e-14	80.5
Thamnophis_elegans_C9A	CM084875.2	583	62	108	166	16696927	16696742	59.677	2.91e-12	75.5
Thamnophis_elegans_C9A	CM084875.2	583	59	399	457	16687941	16687765	45.763	1.78e-10	69.7
Thamnophis_elegans_C9A	CM084875.2	583	54	54	107	16697497	16697339	53.704	3.86e-09	65.5
Thamnophis_elegans_C9A	CM084875.2	583	55	530	583	17318647	17318483	50.909	5.82e-09	64.7
Thamnophis_elegans_C9A	CM084875.2	583	97	198	280	16693002	16692712	40.206	8.05e-09	64.3
Thamnophis_elegans_C9A	CM084875.2	583	40	25	64	16698176	16698057	57.500	8.47e-08	60.8
Thamnophis_elegans_C9A	CM084875.2	583	50	535	583	17289546	17289397	54.000	1.27e-07	60.5
Thamnophis_elegans_C9A	CM084875.2	583	98	274	364	17324383	17324090	31.633	8.13e-06	54.7
Thamnophis_elegans_C9A	CM084878.2	583	227	298	514	104066575	104067192	28.634	1.32e-10	70.1
Thamnophis_elegans_C9A	CM084878.2	583	212	284	493	104082692	104083270	25.000	1.95e-07	59.7
Thamnophis_elegans_C9A	CM084877.2	583	43	537	579	65009702	65009830	53.488	2.39e-06	56.2
Naja_naja_C9A	CM084875.2	582	78	276	353	16691347	16691114	62.821	3.91e-25	116
Naja_naja_C9A	CM084875.2	582	74	458	531	16687168	16686947	64.865	1.90e-22	107
Naja_naja_C9A	CM084875.2	582	60	108	164	16696927	16696748	70.000	5.23e-15	84.3
Naja_naja_C9A	CM084875.2	582	46	157	202	16695137	16695000	71.739	1.05e-13	80.1
Naja_naja_C9A	CM084875.2	582	55	402	456	16687929	16687765	54.545	3.35e-10	68.9
Naja_naja_C9A	CM084875.2	582	60	54	110	16697497	16697321	50.000	4.30e-09	65.1
Naja_naja_C9A	CM084875.2	582	40	25	64	16698176	16698057	62.500	8.59e-08	60.8
Naja_naja_C9A	CM084875.2	582	92	202	280	16692987	16692712	35.870	2.62e-07	59.3
Naja_naja_C9A	CM084875.2	582	158	414	560	17290285	17289836	25.949	6.17e-06	55.1
Naja_naja_C9A	CM084875.2	582	69	456	524	17268341	17268544	36.232	6.39e-06	54.7
Naja_naja_C9A	CM084878.2	582	209	284	492	104082692	104083270	26.316	1.26e-11	73.6
Naja_naja_C9A	CM084878.2	582	222	298	513	104066575	104067192	23.874	2.01e-07	59.7
Naja_naja_C9A	CM084877.2	582	99	254	350	65035695	65035414	33.333	1.09e-06	57.4
Naja_naja_C9A	CM084877.2	582	47	536	582	65009702	65009842	51.064	1.97e-06	56.6
Naja_naja_C9A	CM084877.2	582	70	455	523	65008790	65008999	35.714	6.28e-06	55.1
Pseudonaja_textilis_C9A	CM084875.2	583	78	276	353	16691347	16691114	64.103	1.11e-25	118
Pseudonaja_textilis_C9A	CM084875.2	583	74	459	532	16687168	16686947	68.919	5.70e-24	112
Pseudonaja_textilis_C9A	CM084875.2	583	60	108	164	16696927	16696748	66.667	2.25e-14	82.4
Pseudonaja_textilis_C9A	CM084875.2	583	46	157	202	16695137	16695000	71.739	1.02e-13	80.1
Pseudonaja_textilis_C9A	CM084875.2	583	55	403	457	16687929	16687765	54.545	1.32e-10	70.1
Pseudonaja_textilis_C9A	CM084875.2	583	54	54	107	16697497	16697339	53.704	3.02e-09	65.9
Pseudonaja_textilis_C9A	CM084875.2	583	40	25	64	16698176	16698057	65.000	2.28e-08	62.8
Pseudonaja_textilis_C9A	CM084875.2	583	92	203	281	16692984	16692709	34.783	6.54e-07	58.2
Pseudonaja_textilis_C9A	CM084875.2	583	71	457	527	17268341	17268550	36.620	6.14e-06	55.1
Pseudonaja_textilis_C9A	CM084878.2	583	210	284	493	104082692	104083270	24.762	1.88e-10	69.7
Pseudonaja_textilis_C9A	CM084878.2	583	222	298	514	104066575	104067192	24.775	2.79e-09	65.9
Pseudonaja_textilis_C9A	CM084878.2	583	274	289	553	106706301	106707056	22.993	3.59e-06	55.8
Pseudonaja_textilis_C9A	CM084878.2	583	236	289	516	106690190	106690831	23.305	9.80e-06	54.3
Pseudonaja_textilis_C9A	CM084877.2	583	99	254	350	65035695	65035414	32.323	1.47e-06	57.0
Pseudonaja_textilis_C9A	CM084877.2	583	43	537	579	65009702	65009830	53.488	1.71e-06	56.6
Pseudonaja_textilis_C9A	CM084877.2	583	79	447	524	65008763	65008999	32.911	3.16e-06	55.8
Python_bivittatus_C9A	CM084875.2	582	80	276	355	16691347	16691108	61.250	5.20e-25	115
Python_bivittatus_C9A	CM084875.2	582	77	456	532	16687177	16686947	63.636	3.54e-24	113
Python_bivittatus_C9A	CM084875.2	582	46	157	202	16695137	16695000	73.913	1.59e-14	82.8
Python_bivittatus_C9A	CM084875.2	582	60	108	164	16696927	16696748	63.333	8.34e-13	77.0
Python_bivittatus_C9A	CM084875.2	582	59	399	457	16687941	16687765	47.458	5.93e-10	68.2
Python_bivittatus_C9A	CM084875.2	582	54	54	107	16697497	16697339	57.407	2.41e-09	65.9
Python_bivittatus_C9A	CM084875.2	582	40	25	64	16698176	16698057	67.500	2.51e-09	65.9
Python_bivittatus_C9A	CM084875.2	582	114	203	291	16692984	16692643	32.456	3.11e-07	59.3
Python_bivittatus_C9A	CM084875.2	582	69	457	525	17268341	17268544	40.580	3.56e-07	58.9
Python_bivittatus_C9A	CM084875.2	582	47	536	582	16685281	16685141	72.340	2.68e-06	56.2
Python_bivittatus_C9A	CM084878.2	582	236	288	514	104082692	104083336	28.814	2.97e-12	75.5
Python_bivittatus_C9A	CM084878.2	582	230	298	514	104066575	104067192	26.957	2.38e-10	69.3
Python_bivittatus_C9A	CM084878.2	582	244	294	522	106722607	106723281	24.590	4.88e-07	58.5
Python_bivittatus_C9A	CM084877.2	582	46	529	574	65009684	65009818	56.522	2.00e-07	59.7
Python_bivittatus_C9A	CM084877.2	582	97	437	524	65008709	65008999	34.021	6.86e-07	58.2
Notechis_scutatus_C9A	CM084875.2	583	78	276	353	16691347	16691114	64.103	1.12e-25	118
Notechis_scutatus_C9A	CM084875.2	583	74	459	532	16687168	16686947	68.919	5.70e-24	112
Notechis_scutatus_C9A	CM084875.2	583	60	108	164	16696927	16696748	68.333	8.51e-15	83.6
Notechis_scutatus_C9A	CM084875.2	583	46	157	202	16695137	16695000	71.739	1.05e-13	80.1
Notechis_scutatus_C9A	CM084875.2	583	55	403	457	16687929	16687765	54.545	1.32e-10	70.1
Notechis_scutatus_C9A	CM084875.2	583	54	54	107	16697497	16697339	53.704	3.40e-09	65.5
Notechis_scutatus_C9A	CM084875.2	583	40	25	64	16698176	16698057	65.000	2.32e-08	62.8
Notechis_scutatus_C9A	CM084875.2	583	92	203	281	16692984	16692709	34.783	9.68e-07	57.4
Notechis_scutatus_C9A	CM084875.2	583	182	391	561	17290351	17289836	24.725	1.68e-06	56.6
Notechis_scutatus_C9A	CM084878.2	583	210	284	493	104082692	104083270	24.762	3.42e-10	68.9
Notechis_scutatus_C9A	CM084878.2	583	222	298	514	104066575	104067192	24.775	2.11e-09	66.2
Notechis_scutatus_C9A	CM084878.2	583	274	289	553	106706301	106707056	22.993	2.83e-06	55.8
Notechis_scutatus_C9A	CM084878.2	583	236	289	516	106690190	106690831	23.305	7.66e-06	54.7
Notechis_scutatus_C9A	CM084877.2	583	99	254	350	65035695	65035414	32.323	1.34e-06	57.0
Notechis_scutatus_C9A	CM084877.2	583	43	537	579	65009702	65009830	53.488	1.70e-06	56.6
Notechis_scutatus_C9A	CM084877.2	583	79	447	524	65008763	65008999	32.911	4.08e-06	55.5
Hydrophis_cyanocinctus_C9A	CM084875.2	583	78	276	353	16691347	16691114	64.103	7.87e-26	118
Hydrophis_cyanocinctus_C9A	CM084875.2	583	74	459	532	16687168	16686947	68.919	4.91e-24	112
Hydrophis_cyanocinctus_C9A	CM084875.2	583	50	108	156	16696927	16696778	76.000	1.06e-14	83.2
Hydrophis_cyanocinctus_C9A	CM084875.2	583	46	157	202	16695137	16695000	71.739	1.18e-13	80.1
Hydrophis_cyanocinctus_C9A	CM084875.2	583	54	404	457	16687926	16687765	53.704	1.05e-09	67.0
Hydrophis_cyanocinctus_C9A	CM084875.2	583	54	54	107	16697497	16697339	53.704	3.31e-09	65.5
Hydrophis_cyanocinctus_C9A	CM084875.2	583	40	25	64	16698176	16698057	65.000	2.55e-08	62.8
Hydrophis_cyanocinctus_C9A	CM084875.2	583	93	202	281	16692987	16692709	34.409	6.11e-07	58.2
Hydrophis_cyanocinctus_C9A	CM084875.2	583	120	452	561	17290192	17289836	28.333	7.46e-06	54.7
Hydrophis_cyanocinctus_C9A	CM084878.2	583	210	284	493	104082692	104083270	24.286	6.02e-09	64.7
Hydrophis_cyanocinctus_C9A	CM084878.2	583	222	298	514	104066575	104067192	24.324	9.38e-09	63.9
Hydrophis_cyanocinctus_C9A	CM084878.2	583	274	289	553	106706301	106707056	22.993	2.56e-07	59.3
Hydrophis_cyanocinctus_C9A	CM084878.2	583	236	289	516	106690190	106690831	23.729	3.57e-07	58.9
Hydrophis_cyanocinctus_C9A	CM084877.2	583	99	254	350	65035695	65035414	32.323	1.40e-06	57.0
Hydrophis_cyanocinctus_C9A	CM084877.2	583	43	537	579	65009702	65009830	53.488	1.67e-06	56.6
Hydrophis_cyanocinctus_C9A	CM084877.2	583	79	447	524	65008763	65008999	32.911	2.45e-06	56.2
Laticauda_colubrina_C9A	CM084875.2	583	78	276	353	16691347	16691114	64.103	6.77e-26	119
Laticauda_colubrina_C9A	CM084875.2	583	74	459	532	16687168	16686947	68.919	5.50e-24	112
Laticauda_colubrina_C9A	CM084875.2	583	60	108	164	16696927	16696748	66.667	1.94e-14	82.4
Laticauda_colubrina_C9A	CM084875.2	583	46	157	202	16695137	16695000	71.739	1.18e-13	80.1
Laticauda_colubrina_C9A	CM084875.2	583	55	403	457	16687929	16687765	58.182	4.66e-11	71.6
Laticauda_colubrina_C9A	CM084875.2	583	54	54	107	16697497	16697339	53.704	8.69e-09	64.3
Laticauda_colubrina_C9A	CM084875.2	583	40	25	64	16698176	16698057	65.000	3.40e-08	62.4
Laticauda_colubrina_C9A	CM084875.2	583	92	203	281	16692984	16692709	33.696	1.74e-06	56.6
Laticauda_colubrina_C9A	CM084875.2	583	71	457	527	17268341	17268550	36.620	5.64e-06	55.1
Laticauda_colubrina_C9A	CM084875.2	583	158	415	561	17290285	17289836	24.684	7.21e-06	54.7
Laticauda_colubrina_C9A	CM084878.2	583	210	284	493	104082692	104083270	24.286	1.45e-09	66.6
Laticauda_colubrina_C9A	CM084878.2	583	222	298	514	104066575	104067192	23.423	1.40e-07	60.5
Laticauda_colubrina_C9A	CM084878.2	583	274	289	553	106706301	106707056	22.628	2.80e-06	56.2
Laticauda_colubrina_C9A	CM084878.2	583	274	289	553	106690190	106690945	21.898	9.55e-06	54.3
Laticauda_colubrina_C9A	CM084877.2	583	99	254	350	65035695	65035414	32.323	1.70e-06	56.6
Laticauda_colubrina_C9A	CM084877.2	583	43	537	579	65009702	65009830	53.488	3.21e-06	55.8
Laticauda_colubrina_C9A	CM084877.2	583	94	456	543	65008790	65009071	31.915	3.62e-06	55.8
Protobothrops_mucrosquamatus_C9A	CM084875.2	583	82	274	355	16691353	16691108	69.512	2.69e-29	129
Protobothrops_mucrosquamatus_C9A	CM084875.2	583	74	459	532	16687168	16686947	68.919	4.15e-24	113
Protobothrops_mucrosquamatus_C9A	CM084875.2	583	46	157	202	16695137	16695000	76.087	2.53e-15	85.5
Protobothrops_mucrosquamatus_C9A	CM084875.2	583	50	108	156	16696927	16696778	72.000	6.83e-14	80.9
Protobothrops_mucrosquamatus_C9A	CM084875.2	583	54	404	457	16687926	16687765	51.852	4.89e-10	68.2
Protobothrops_mucrosquamatus_C9A	CM084875.2	583	60	54	110	16697497	16697321	53.333	2.04e-09	66.2
Protobothrops_mucrosquamatus_C9A	CM084875.2	583	40	25	64	16698176	16698057	60.000	1.58e-08	63.5
Protobothrops_mucrosquamatus_C9A	CM084875.2	583	91	203	280	16692984	16692712	36.264	2.72e-08	62.8
Protobothrops_mucrosquamatus_C9A	CM084875.2	583	69	457	525	17268341	17268544	40.580	2.94e-07	59.3
Protobothrops_mucrosquamatus_C9A	CM084875.2	583	56	528	583	16685308	16685141	60.714	8.74e-07	57.8
Protobothrops_mucrosquamatus_C9A	CM084875.2	583	47	530	575	17318647	17318507	55.319	1.07e-06	57.4
Protobothrops_mucrosquamatus_C9A	CM084875.2	583	82	274	355	17324383	17324138	32.927	1.30e-06	57.0
Protobothrops_mucrosquamatus_C9A	CM084875.2	583	46	535	579	17289546	17289409	58.696	1.79e-06	56.6
Protobothrops_mucrosquamatus_C9A	CM084875.2	583	70	274	343	17297118	17296909	35.714	4.59e-06	55.5
Protobothrops_mucrosquamatus_C9A	CM084878.2	583	226	298	514	104066575	104067192	28.319	3.89e-11	71.6
Protobothrops_mucrosquamatus_C9A	CM084878.2	583	212	284	493	104082692	104083270	25.472	4.42e-11	71.6
Protobothrops_mucrosquamatus_C9A	CM084878.2	583	272	289	553	106706301	106707056	21.691	8.55e-06	54.3
Protobothrops_mucrosquamatus_C9A	CM084877.2	583	47	537	583	65009702	65009842	55.319	6.45e-08	61.2
Protobothrops_mucrosquamatus_C9A	CM084877.2	583	90	266	355	65035653	65035399	31.111	1.54e-07	60.1
Protobothrops_mucrosquamatus_C9A	CM084877.2	583	70	456	524	65008790	65008999	35.714	4.59e-06	55.5
Protobothrops_mucrosquamatus_C9A	CM084877.2	583	78	277	354	64993061	64993294	29.487	6.14e-06	55.1
Chrysopelea_ornata_C9A	CM084875.2	584	84	274	357	16691353	16691102	63.095	1.02e-26	121
Chrysopelea_ornata_C9A	CM084875.2	584	74	460	533	16687168	16686947	68.919	6.68e-24	112
Chrysopelea_ornata_C9A	CM084875.2	584	46	157	202	16695137	16695000	76.087	2.86e-15	85.1
Chrysopelea_ornata_C9A	CM084875.2	584	60	108	164	16696927	16696748	68.333	7.20e-15	84.0
Chrysopelea_ornata_C9A	CM084875.2	584	59	400	458	16687941	16687765	47.458	5.05e-11	71.6
Chrysopelea_ornata_C9A	CM084875.2	584	93	202	281	16692987	16692709	36.559	3.38e-09	65.5
Chrysopelea_ornata_C9A	CM084875.2	584	54	54	107	16697497	16697339	53.704	1.11e-07	60.5
Chrysopelea_ornata_C9A	CM084875.2	584	55	531	584	17318647	17318483	49.091	1.99e-07	59.7
Chrysopelea_ornata_C9A	CM084875.2	584	69	458	526	17268341	17268544	40.580	1.85e-06	56.6
Chrysopelea_ornata_C9A	CM084875.2	584	40	25	64	16698176	16698057	55.000	2.65e-06	56.2
Chrysopelea_ornata_C9A	CM084875.2	584	50	536	584	17289546	17289397	54.000	2.84e-06	55.8
Chrysopelea_ornata_C9A	CM084875.2	584	82	274	355	17324383	17324138	32.927	5.46e-06	55.1
Chrysopelea_ornata_C9A	CM084878.2	584	226	298	515	104066575	104067192	26.991	9.55e-10	67.4
Chrysopelea_ornata_C9A	CM084878.2	584	234	284	515	104082692	104083336	25.641	1.26e-08	63.5
Chrysopelea_ornata_C9A	CM084877.2	584	90	266	355	65035653	65035399	30.000	2.41e-06	56.2
Chrysopelea_ornata_C9A	CM084877.2	584	47	538	584	65009702	65009842	51.064	2.84e-06	55.8
Chrysopelea_ornata_C9A	CM084877.2	584	78	277	354	64993061	64993294	32.051	7.36e-06	54.7
Pituophis_catenifer_C9A	CM084875.2	583	77	277	353	16691344	16691114	66.234	6.65e-26	119
Pituophis_catenifer_C9A	CM084875.2	583	74	459	532	16687168	16686947	67.568	1.75e-23	111
Pituophis_catenifer_C9A	CM084875.2	583	46	157	202	16695137	16695000	71.739	1.26e-13	79.7
Pituophis_catenifer_C9A	CM084875.2	583	50	108	156	16696927	16696778	70.000	3.46e-13	78.6
Pituophis_catenifer_C9A	CM084875.2	583	54	404	457	16687926	16687765	51.852	3.25e-10	68.9
Pituophis_catenifer_C9A	CM084875.2	583	54	54	107	16697497	16697339	57.407	5.37e-10	68.2
Pituophis_catenifer_C9A	CM084875.2	583	40	25	64	16698176	16698057	62.500	3.02e-08	62.4
Pituophis_catenifer_C9A	CM084875.2	583	91	203	280	16692984	16692712	34.066	4.32e-08	62.0
Pituophis_catenifer_C9A	CM084875.2	583	55	530	583	17318647	17318483	49.091	8.54e-08	60.8
Pituophis_catenifer_C9A	CM084875.2	583	52	533	583	17289552	17289397	53.846	4.10e-07	58.9
Pituophis_catenifer_C9A	CM084875.2	583	56	528	583	16685308	16685141	58.929	3.38e-06	55.8
Pituophis_catenifer_C9A	CM084878.2	583	222	298	514	104066575	104067192	27.477	1.09e-11	73.6
Pituophis_catenifer_C9A	CM084878.2	583	210	284	493	104082692	104083270	27.143	7.24e-10	67.8
Pituophis_catenifer_C9A	CM084877.2	583	84	447	529	65008763	65009014	34.524	2.74e-07	59.3
Pituophis_catenifer_C9A	CM084877.2	583	47	537	583	65009702	65009842	51.064	9.60e-07	57.4
Pituophis_catenifer_C9A	CM084877.2	583	85	266	350	65035653	65035414	32.941	1.88e-06	56.6
Pantherophis_obsoletus_C9A	CM084875.2	583	82	274	355	16691353	16691108	68.293	2.25e-29	129
Pantherophis_obsoletus_C9A	CM084875.2	583	74	459	532	16687168	16686947	67.568	1.66e-23	111
Pantherophis_obsoletus_C9A	CM084875.2	583	46	157	202	16695137	16695000	73.913	2.56e-14	82.0
Pantherophis_obsoletus_C9A	CM084875.2	583	50	108	156	16696927	16696778	66.000	1.20e-12	76.6
Pantherophis_obsoletus_C9A	CM084875.2	583	59	399	457	16687941	16687765	45.763	1.24e-10	70.1
Pantherophis_obsoletus_C9A	CM084875.2	583	54	54	107	16697497	16697339	57.407	3.78e-10	68.6
Pantherophis_obsoletus_C9A	CM084875.2	583	97	198	280	16693002	16692712	37.113	1.06e-09	67.0
Pantherophis_obsoletus_C9A	CM084875.2	583	40	25	64	16698176	16698057	65.000	2.26e-08	62.8
Pantherophis_obsoletus_C9A	CM084875.2	583	55	530	583	17318647	17318483	49.091	1.42e-07	60.1
Pantherophis_obsoletus_C9A	CM084875.2	583	50	535	583	17289546	17289397	54.000	1.57e-06	57.0
Pantherophis_obsoletus_C9A	CM084875.2	583	82	274	355	17324383	17324138	32.927	2.58e-06	56.2
Pantherophis_obsoletus_C9A	CM084878.2	583	222	298	514	104066575	104067192	27.928	1.88e-11	72.8
Pantherophis_obsoletus_C9A	CM084878.2	583	214	284	493	104082692	104083270	26.168	1.93e-09	66.2
Pantherophis_obsoletus_C9A	CM084878.2	583	240	294	527	106734318	106734980	22.500	8.03e-07	57.8
Pantherophis_obsoletus_C9A	CM084877.2	583	79	277	355	65035635	65035399	31.646	2.54e-07	59.3
Pantherophis_obsoletus_C9A	CM084877.2	583	84	447	529	65008763	65009014	34.524	2.67e-07	59.3
Pantherophis_obsoletus_C9A	CM084877.2	583	47	537	583	65009702	65009842	51.064	9.43e-07	57.8
Pantherophis_obsoletus_C9A	CM084877.2	583	78	277	354	64993061	64993294	32.051	3.33e-06	55.8
Bothrops_jararaca_C9A	CM084875.2	583	82	274	355	16691353	16691108	68.293	1.57e-28	127
Bothrops_jararaca_C9A	CM084875.2	583	74	459	532	16687168	16686947	68.919	1.53e-24	114
Bothrops_jararaca_C9A	CM084875.2	583	46	157	202	16695137	16695000	76.087	2.07e-15	85.5
Bothrops_jararaca_C9A	CM084875.2	583	50	108	156	16696927	16696778	70.000	6.31e-13	77.8
Bothrops_jararaca_C9A	CM084875.2	583	60	54	110	16697497	16697321	58.333	6.73e-11	70.9
Bothrops_jararaca_C9A	CM084875.2	583	60	398	457	16687944	16687765	45.000	6.32e-10	67.8
Bothrops_jararaca_C9A	CM084875.2	583	92	203	281	16692984	16692709	36.957	1.76e-08	63.2
Bothrops_jararaca_C9A	CM084875.2	583	40	25	64	16698176	16698057	55.000	3.28e-07	58.9
Bothrops_jararaca_C9A	CM084875.2	583	82	274	355	17324383	17324138	32.927	2.10e-06	56.6
Bothrops_jararaca_C9A	CM084875.2	583	56	528	583	16685308	16685141	58.929	3.27e-06	55.8
Bothrops_jararaca_C9A	CM084875.2	583	47	530	575	17318647	17318507	53.191	3.56e-06	55.8
Bothrops_jararaca_C9A	CM084875.2	583	69	457	525	17268341	17268544	37.681	5.45e-06	55.1
Bothrops_jararaca_C9A	CM084875.2	583	70	274	343	17297118	17296909	35.714	7.09e-06	54.7
Bothrops_jararaca_C9A	CM084878.2	583	213	284	493	104082692	104083270	26.761	1.67e-10	69.7
Bothrops_jararaca_C9A	CM084878.2	583	226	298	514	104066575	104067192	27.434	1.48e-09	66.6
Bothrops_jararaca_C9A	CM084878.2	583	270	289	553	106706301	106707056	21.852	5.54e-06	55.1
Bothrops_jararaca_C9A	CM084878.2	583	239	299	523	104622519	104623133	23.849	8.70e-06	54.3
Bothrops_jararaca_C9A	CM084877.2	583	47	537	583	65009702	65009842	53.191	1.56e-07	60.1
Bothrops_jararaca_C9A	CM084877.2	583	92	266	357	65035653	65035393	31.522	4.57e-07	58.5
Bothrops_jararaca_C9A	CM084877.2	583	70	456	524	65008790	65008999	35.714	3.05e-06	55.8
Bothrops_jararaca_C9A	CM084877.2	583	81	274	354	64993052	64993294	29.630	8.48e-06	54.3
Ptyas_mucosa_C9A	CM084875.2	583	79	277	355	16691344	16691108	69.620	2.86e-28	126
Ptyas_mucosa_C9A	CM084875.2	583	74	459	532	16687168	16686947	66.216	2.12e-23	110
Ptyas_mucosa_C9A	CM084875.2	583	50	108	156	16696927	16696778	74.000	2.31e-14	82.4
Ptyas_mucosa_C9A	CM084875.2	583	46	157	202	16695137	16695000	73.913	2.94e-14	82.0
Ptyas_mucosa_C9A	CM084875.2	583	54	54	107	16697497	16697339	57.407	2.71e-10	68.9
Ptyas_mucosa_C9A	CM084875.2	583	59	399	457	16687941	16687765	45.763	3.06e-10	68.9
Ptyas_mucosa_C9A	CM084875.2	583	40	25	64	16698176	16698057	65.000	1.40e-08	63.5
Ptyas_mucosa_C9A	CM084875.2	583	55	530	583	17318647	17318483	50.909	1.95e-08	63.2
Ptyas_mucosa_C9A	CM084875.2	583	78	457	534	17268341	17268565	42.308	1.03e-07	60.8
Ptyas_mucosa_C9A	CM084875.2	583	91	203	280	16692984	16692712	34.066	1.19e-07	60.5
Ptyas_mucosa_C9A	CM084875.2	583	50	535	583	17289546	17289397	54.000	1.64e-06	56.6
Ptyas_mucosa_C9A	CM084875.2	583	82	274	355	17324383	17324138	32.927	4.18e-06	55.5
Ptyas_mucosa_C9A	CM084878.2	583	226	298	514	104066575	104067192	29.204	2.41e-11	72.4
Ptyas_mucosa_C9A	CM084878.2	583	235	284	514	104082692	104083336	26.809	7.52e-09	64.3
Ptyas_mucosa_C9A	CM084877.2	583	90	266	355	65035653	65035399	31.111	3.14e-07	59.3
Ptyas_mucosa_C9A	CM084877.2	583	102	437	529	65008709	65009014	29.412	2.51e-06	56.2
Ptyas_mucosa_C9A	CM084877.2	583	81	274	354	64993052	64993294	32.099	4.33e-06	55.5
Ptyas_mucosa_C9A	CM084877.2	583	43	537	579	65009702	65009830	53.488	4.48e-06	55.5
Vipera_berus_C9A	CM084875.2	583	82	274	355	16691353	16691108	64.634	1.14e-26	121
Vipera_berus_C9A	CM084875.2	583	74	459	532	16687168	16686947	66.216	1.45e-23	111
Vipera_berus_C9A	CM084875.2	583	46	157	202	16695137	16695000	73.913	3.16e-15	85.1
Vipera_berus_C9A	CM084875.2	583	50	108	156	16696927	16696778	66.000	7.14e-12	74.3
Vipera_berus_C9A	CM084875.2	583	60	398	457	16687944	16687765	48.333	2.60e-11	72.4
Vipera_berus_C9A	CM084875.2	583	60	54	110	16697497	16697321	55.000	5.47e-10	68.2
Vipera_berus_C9A	CM084875.2	583	91	203	280	16692984	16692712	37.363	7.63e-10	67.8
Vipera_berus_C9A	CM084875.2	583	40	25	64	16698176	16698057	57.500	8.69e-08	60.8
Vipera_berus_C9A	CM084875.2	583	69	457	525	17268341	17268544	37.681	1.34e-06	57.0
Vipera_berus_C9A	CM084875.2	583	70	274	343	17324383	17324174	37.143	1.40e-06	57.0
Vipera_berus_C9A	CM084875.2	583	70	274	343	17297118	17296909	37.143	1.56e-06	57.0
Vipera_berus_C9A	CM084875.2	583	56	528	583	16685308	16685141	58.929	4.67e-06	55.5
Vipera_berus_C9A	CM084875.2	583	47	530	575	17318647	17318507	53.191	6.74e-06	54.7
Vipera_berus_C9A	CM084878.2	583	213	284	493	104082692	104083270	25.822	9.31e-11	70.5
Vipera_berus_C9A	CM084878.2	583	222	298	514	104066575	104067192	26.577	5.15e-10	68.2
Vipera_berus_C9A	CM084877.2	583	47	537	583	65009702	65009842	53.191	1.42e-07	60.1
Vipera_berus_C9A	CM084877.2	583	70	456	524	65008790	65008999	37.143	1.77e-06	56.6
Vipera_berus_C9A	CM084877.2	583	90	266	355	65035653	65035399	30.000	3.81e-06	55.5
Sceloporus_undulatus_C9A	CM084875.2	591	85	278	362	16691353	16691099	65.882	4.99e-29	128
Sceloporus_undulatus_C9A	CM084875.2	591	75	463	537	16687168	16686944	68.000	1.22e-25	118
Sceloporus_undulatus_C9A	CM084875.2	591	54	54	107	16697497	16697336	62.963	2.33e-14	82.4
Sceloporus_undulatus_C9A	CM084875.2	591	55	408	462	16687926	16687762	61.818	1.89e-12	76.3
Sceloporus_undulatus_C9A	CM084875.2	591	62	140	201	16695179	16695000	53.226	2.38e-12	75.9
Sceloporus_undulatus_C9A	CM084875.2	591	68	101	164	16696948	16696745	55.882	8.03e-10	67.8
Sceloporus_undulatus_C9A	CM084875.2	591	55	534	587	17318647	17318483	52.727	5.43e-09	65.1
Sceloporus_undulatus_C9A	CM084875.2	591	39	26	64	16698173	16698057	71.795	1.22e-08	63.9
Sceloporus_undulatus_C9A	CM084875.2	591	51	539	588	17289546	17289394	58.824	1.89e-08	63.2
Sceloporus_undulatus_C9A	CM084875.2	591	92	201	284	16692987	16692712	38.043	3.96e-08	62.0
Sceloporus_undulatus_C9A	CM084875.2	591	70	462	531	17268344	17268550	40.000	3.92e-07	58.9
Sceloporus_undulatus_C9A	CM084875.2	591	83	277	359	17324386	17324138	32.530	5.84e-07	58.2
Sceloporus_undulatus_C9A	CM084875.2	591	78	281	358	17297109	17296876	34.615	1.27e-06	57.4
Sceloporus_undulatus_C9A	CM084875.2	591	50	538	587	16685290	16685141	66.000	1.33e-06	57.0
Sceloporus_undulatus_C9A	CM084878.2	591	269	293	551	104082695	104083438	26.394	1.36e-10	70.1
Sceloporus_undulatus_C9A	CM084878.2	591	222	302	518	104066575	104067192	26.577	3.42e-10	68.9
Sceloporus_undulatus_C9A	CM084878.2	591	238	298	527	106722607	106723260	23.109	9.65e-07	57.8
Sceloporus_undulatus_C9A	CM084877.2	591	90	270	359	65035653	65035399	34.444	2.16e-08	62.8
Sceloporus_undulatus_C9A	CM084877.2	591	86	444	528	65008742	65008999	33.721	7.70e-08	61.2
Sceloporus_undulatus_C9A	CM084877.2	591	47	541	587	65009702	65009842	53.191	2.03e-07	59.7
Anolis_carolinensis_C9B	CM084875.2	538	84	278	361	16691353	16691102	63.095	1.26e-25	117
Anolis_carolinensis_C9B	CM084875.2	538	78	460	537	16687177	16686944	64.103	1.38e-23	110
Anolis_carolinensis_C9B	CM084875.2	538	46	156	201	16695137	16695000	76.087	1.96e-15	85.5
Anolis_carolinensis_C9B	CM084875.2	538	54	54	107	16697497	16697336	64.815	2.04e-14	82.0
Anolis_carolinensis_C9B	CM084875.2	538	62	399	460	16687953	16687768	53.226	1.89e-12	75.9
Anolis_carolinensis_C9B	CM084875.2	538	62	108	166	16696924	16696739	58.065	8.45e-12	73.6
Anolis_carolinensis_C9B	CM084875.2	538	71	462	532	17268344	17268553	42.254	2.73e-09	65.5
Anolis_carolinensis_C9B	CM084875.2	538	39	26	64	16698173	16698057	69.231	3.33e-09	65.5
Anolis_carolinensis_C9B	CM084875.2	538	94	202	285	16692984	16692709	34.043	1.31e-07	60.1
Anolis_carolinensis_C9B	CM084875.2	538	75	281	355	17297109	17296885	38.667	1.66e-07	59.7
Anolis_carolinensis_C9B	CM084875.2	538	75	281	355	17324374	17324150	37.333	3.44e-07	58.9
Anolis_carolinensis_C9B	CM084878.2	538	222	302	518	104066575	104067192	27.477	6.90e-09	64.3
Anolis_carolinensis_C9B	CM084878.2	538	236	288	518	104082692	104083336	24.576	1.01e-08	63.9
Anolis_carolinensis_C9B	CM084878.2	538	229	298	520	106706313	106706942	22.707	1.38e-06	57.0
Anolis_carolinensis_C9B	CM084878.2	538	248	298	536	106734318	106734998	22.177	7.18e-06	54.7
Anolis_carolinensis_C9B	CM084877.2	538	87	270	356	65035653	65035408	36.782	3.45e-08	62.0
Anolis_carolinensis_C9B	CM084877.2	538	88	281	368	64993061	64993324	31.818	1.69e-07	59.7
Hydrophis_cyanocinctus_C9B	CM084875.2	582	82	273	354	16691353	16691108	64.634	7.28e-28	124
Hydrophis_cyanocinctus_C9B	CM084875.2	582	74	458	531	16687168	16686947	64.865	1.21e-22	108
Hydrophis_cyanocinctus_C9B	CM084875.2	582	50	107	155	16696927	16696778	74.000	1.51e-14	82.8
Hydrophis_cyanocinctus_C9B	CM084875.2	582	46	156	201	16695137	16695000	73.913	2.48e-14	82.0
Hydrophis_cyanocinctus_C9B	CM084875.2	582	56	401	456	16687932	16687765	42.857	7.24e-09	64.3
Hydrophis_cyanocinctus_C9B	CM084875.2	582	54	53	106	16697497	16697339	55.556	1.03e-08	63.9
Hydrophis_cyanocinctus_C9B	CM084875.2	582	114	202	290	16692984	16692643	33.333	9.84e-08	60.8
Hydrophis_cyanocinctus_C9B	CM084875.2	582	69	456	524	17268341	17268544	40.580	7.16e-07	58.2
Hydrophis_cyanocinctus_C9B	CM084875.2	582	55	529	582	17318647	17318483	43.636	2.46e-06	56.2
Hydrophis_cyanocinctus_C9B	CM084875.2	582	56	527	582	16685308	16685141	58.929	6.17e-06	55.1
Hydrophis_cyanocinctus_C9B	CM084875.2	582	52	532	582	17289552	17289397	50.000	6.61e-06	54.7
Hydrophis_cyanocinctus_C9B	CM084878.2	582	223	297	514	104066575	104067195	27.803	1.28e-10	70.1
Hydrophis_cyanocinctus_C9B	CM084878.2	582	209	287	487	104082692	104083255	29.187	1.49e-10	70.1
Hydrophis_cyanocinctus_C9B	CM084878.2	582	238	298	522	104622519	104623133	25.630	6.82e-08	61.2
Hydrophis_cyanocinctus_C9B	CM084878.2	582	232	288	515	106706301	106706942	24.138	3.67e-06	55.8
Hydrophis_cyanocinctus_C9B	CM084877.2	582	100	436	526	65008709	65009008	30.000	9.25e-07	57.8
Hydrophis_cyanocinctus_C9B	CM084877.2	582	106	251	354	65035701	65035399	28.302	1.31e-06	57.0
Bothrops_jararaca_C9B	CM084875.2	583	82	274	355	16691353	16691108	68.293	1.83e-28	126
Bothrops_jararaca_C9B	CM084875.2	583	74	459	532	16687168	16686947	68.919	1.64e-24	114
Bothrops_jararaca_C9B	CM084875.2	583	46	157	202	16695137	16695000	78.261	8.82e-16	86.7
Bothrops_jararaca_C9B	CM084875.2	583	50	108	156	16696927	16696778	70.000	2.31e-13	79.0
Bothrops_jararaca_C9B	CM084875.2	583	60	398	457	16687944	16687765	45.000	1.75e-10	69.7
Bothrops_jararaca_C9B	CM084875.2	583	60	54	110	16697497	16697321	55.000	6.43e-10	67.8
Bothrops_jararaca_C9B	CM084875.2	583	92	203	281	16692984	16692709	36.957	6.12e-09	64.7
Bothrops_jararaca_C9B	CM084875.2	583	40	25	64	16698176	16698057	57.500	1.89e-07	59.7
Bothrops_jararaca_C9B	CM084875.2	583	82	274	355	17324383	17324138	32.927	2.05e-06	56.6
Bothrops_jararaca_C9B	CM084875.2	583	56	528	583	16685308	16685141	58.929	4.22e-06	55.5
Bothrops_jararaca_C9B	CM084875.2	583	47	530	575	17318647	17318507	53.191	4.75e-06	55.5
Bothrops_jararaca_C9B	CM084875.2	583	69	457	525	17268341	17268544	37.681	5.54e-06	55.1
Bothrops_jararaca_C9B	CM084875.2	583	70	274	343	17297118	17296909	35.714	6.68e-06	54.7
Bothrops_jararaca_C9B	CM084878.2	583	212	284	493	104082692	104083270	25.943	8.70e-11	70.9
Bothrops_jararaca_C9B	CM084878.2	583	226	298	514	104066575	104067192	27.434	1.00e-09	67.4
Bothrops_jararaca_C9B	CM084877.2	583	47	537	583	65009702	65009842	53.191	1.78e-07	60.1
Bothrops_jararaca_C9B	CM084877.2	583	90	266	355	65035653	65035399	32.222	1.92e-07	59.7
Bothrops_jararaca_C9B	CM084877.2	583	70	456	524	65008790	65008999	35.714	3.47e-06	55.8
Bothrops_jararaca_C9B	CM084877.2	583	81	274	354	64993052	64993294	29.630	7.79e-06	54.7
Laticauda_colubrina_C9B	CM084875.2	583	82	276	357	16691347	16691102	64.634	9.79e-28	124
Laticauda_colubrina_C9B	CM084875.2	583	74	459	532	16687168	16686947	64.865	5.58e-22	106
Laticauda_colubrina_C9B	CM084875.2	583	46	157	202	16695137	16695000	73.913	6.92e-15	84.0
Laticauda_colubrina_C9B	CM084875.2	583	50	108	156	16696927	16696778	66.000	3.45e-12	75.1
Laticauda_colubrina_C9B	CM084875.2	583	56	402	457	16687932	16687765	44.643	5.77e-09	64.7
Laticauda_colubrina_C9B	CM084875.2	583	54	54	107	16697497	16697339	55.556	1.63e-08	63.2
Laticauda_colubrina_C9B	CM084875.2	583	55	530	583	17318647	17318483	47.273	9.68e-07	57.4
Laticauda_colubrina_C9B	CM084875.2	583	81	275	355	17324380	17324138	33.333	1.20e-06	57.4
Laticauda_colubrina_C9B	CM084875.2	583	99	196	280	16693008	16692712	34.343	1.79e-06	56.6
Laticauda_colubrina_C9B	CM084875.2	583	69	457	525	17268341	17268544	40.580	2.03e-06	56.6
Laticauda_colubrina_C9B	CM084875.2	583	67	277	343	17297109	17296909	35.821	3.68e-06	55.8
Laticauda_colubrina_C9B	CM084875.2	583	39	25	63	16698176	16698060	56.410	4.01e-06	55.5
Laticauda_colubrina_C9B	CM084875.2	583	52	533	583	17289552	17289397	51.923	7.15e-06	54.7
Laticauda_colubrina_C9B	CM084878.2	583	223	298	515	104066575	104067195	26.906	3.89e-11	71.6
Laticauda_colubrina_C9B	CM084878.2	583	233	284	515	104082692	104083339	26.180	6.65e-10	67.8
Laticauda_colubrina_C9B	CM084877.2	583	82	274	355	65035644	65035399	31.707	3.57e-07	58.9
Laticauda_colubrina_C9B	CM084877.2	583	79	447	524	65008763	65008999	34.177	9.80e-06	54.3
Pseudonaja_textilis_C9B	CM084875.2	583	79	276	354	16691347	16691111	69.620	1.38e-28	127
Pseudonaja_textilis_C9B	CM084875.2	583	74	459	532	16687168	16686947	64.865	1.19e-22	108
Pseudonaja_textilis_C9B	CM084875.2	583	46	157	202	16695137	16695000	76.087	9.77e-15	83.6
Pseudonaja_textilis_C9B	CM084875.2	583	60	108	164	16696927	16696748	66.667	3.26e-14	81.6
Pseudonaja_textilis_C9B	CM084875.2	583	91	203	280	16692984	16692712	39.560	5.42e-10	68.2
Pseudonaja_textilis_C9B	CM084875.2	583	54	54	107	16697497	16697339	55.556	4.17e-09	65.1
Pseudonaja_textilis_C9B	CM084875.2	583	56	402	457	16687932	16687765	46.429	6.12e-09	64.7
Pseudonaja_textilis_C9B	CM084875.2	583	69	457	525	17268341	17268544	40.580	3.57e-07	58.9
Pseudonaja_textilis_C9B	CM084875.2	583	39	25	63	16698176	16698060	58.974	1.65e-06	56.6
Pseudonaja_textilis_C9B	CM084875.2	583	55	530	583	17318647	17318483	45.455	1.95e-06	56.6
Pseudonaja_textilis_C9B	CM084875.2	583	78	277	354	17324374	17324141	32.051	9.00e-06	54.3
Pseudonaja_textilis_C9B	CM084878.2	583	227	298	515	104066575	104067195	28.194	7.33e-11	70.9
Pseudonaja_textilis_C9B	CM084878.2	583	206	284	488	104082692	104083255	29.126	1.62e-10	69.7
Pseudonaja_textilis_C9B	CM084878.2	583	238	299	523	104622519	104623133	24.790	4.20e-07	58.5
Pseudonaja_textilis_C9B	CM084878.2	583	234	289	516	106706301	106706942	24.786	6.19e-06	55.1
Pseudonaja_textilis_C9B	CM084877.2	583	105	252	354	65035701	65035402	28.571	2.59e-07	59.3
Pseudonaja_textilis_C9B	CM084877.2	583	97	437	524	65008709	65008999	30.928	8.81e-07	57.8
Pseudonaja_textilis_C9B	CM084877.2	583	47	537	583	65009702	65009842	46.809	2.33e-06	56.2
Pseudonaja_textilis_C9B	CM084877.2	583	78	277	354	64993061	64993294	29.487	9.47e-06	54.3
Notechis_scutatus_C9B	CM084875.2	583	80	276	355	16691347	16691108	67.500	3.04e-28	126
Notechis_scutatus_C9B	CM084875.2	583	74	459	532	16687168	16686947	64.865	3.93e-22	107
Notechis_scutatus_C9B	CM084875.2	583	50	108	156	16696927	16696778	74.000	1.57e-14	82.8
Notechis_scutatus_C9B	CM084875.2	583	46	157	202	16695137	16695000	73.913	1.93e-14	82.4
Notechis_scutatus_C9B	CM084875.2	583	56	402	457	16687932	16687765	42.857	3.93e-09	65.5
Notechis_scutatus_C9B	CM084875.2	583	54	54	107	16697497	16697339	55.556	6.02e-09	64.7
Notechis_scutatus_C9B	CM084875.2	583	92	203	281	16692984	16692709	36.957	2.36e-08	62.8
Notechis_scutatus_C9B	CM084875.2	583	69	457	525	17268341	17268544	40.580	3.83e-07	58.9
Notechis_scutatus_C9B	CM084875.2	583	55	530	583	17318647	17318483	43.636	2.37e-06	56.2
Notechis_scutatus_C9B	CM084875.2	583	39	25	63	16698176	16698060	56.410	3.78e-06	55.5
Notechis_scutatus_C9B	CM084875.2	583	52	533	583	17289552	17289397	50.000	6.68e-06	54.7
Notechis_scutatus_C9B	CM084878.2	583	209	284	488	104082692	104083255	30.622	4.16e-12	75.1
Notechis_scutatus_C9B	CM084878.2	583	227	298	515	104066575	104067195	28.634	3.20e-11	72.0
Notechis_scutatus_C9B	CM084878.2	583	238	299	523	104622519	104623133	24.370	3.48e-07	58.9
Notechis_scutatus_C9B	CM084878.2	583	232	289	516	106706301	106706942	24.138	4.18e-06	55.5
Notechis_scutatus_C9B	CM084877.2	583	97	437	524	65008709	65008999	30.928	1.33e-06	57.0
Notechis_scutatus_C9B	CM084877.2	583	82	274	355	65035644	65035399	29.268	2.05e-06	56.6
Pituophis_catenifer_C9B	CM084875.2	583	77	277	353	16691344	16691114	66.234	6.83e-26	119
Pituophis_catenifer_C9B	CM084875.2	583	77	456	532	16687177	16686947	66.234	2.53e-24	114
Pituophis_catenifer_C9B	CM084875.2	583	50	108	156	16696927	16696778	78.000	1.08e-15	86.7
Pituophis_catenifer_C9B	CM084875.2	583	46	157	202	16695137	16695000	73.913	7.61e-15	84.0
Pituophis_catenifer_C9B	CM084875.2	583	51	404	454	16687926	16687774	56.863	7.50e-10	67.8
Pituophis_catenifer_C9B	CM084875.2	583	54	54	107	16697497	16697339	53.704	2.07e-08	63.2
Pituophis_catenifer_C9B	CM084875.2	583	91	203	280	16692984	16692712	37.363	1.21e-07	60.5
Pituophis_catenifer_C9B	CM084875.2	583	69	457	525	17268341	17268544	42.029	2.56e-07	59.3
Pituophis_catenifer_C9B	CM084875.2	583	40	25	64	16698176	16698057	55.000	1.33e-06	57.0
Pituophis_catenifer_C9B	CM084878.2	583	222	298	514	104066575	104067192	27.027	2.31e-11	72.4
Pituophis_catenifer_C9B	CM084878.2	583	213	284	493	104082692	104083270	27.230	7.52e-11	70.9
Pituophis_catenifer_C9B	CM084877.2	583	75	456	529	65008790	65009014	38.667	1.63e-07	60.1
Pituophis_catenifer_C9B	CM084877.2	583	85	266	350	65035653	65035414	32.941	1.93e-06	56.6
Pituophis_catenifer_C9B	CM084877.2	583	39	537	575	65009702	65009818	56.410	4.79e-06	55.5
Pantherophis_obsoletus_C9B	CM084875.2	583	82	274	355	16691353	16691108	65.854	4.82e-29	128
Pantherophis_obsoletus_C9B	CM084875.2	583	77	456	532	16687177	16686947	61.039	6.37e-22	106
Pantherophis_obsoletus_C9B	CM084875.2	583	50	108	156	16696927	16696778	78.000	1.45e-15	86.3
Pantherophis_obsoletus_C9B	CM084875.2	583	46	157	202	16695137	16695000	73.913	9.77e-15	83.6
Pantherophis_obsoletus_C9B	CM084875.2	583	51	404	454	16687926	16687774	56.863	8.24e-10	67.4
Pantherophis_obsoletus_C9B	CM084875.2	583	54	54	107	16697497	16697339	55.556	6.39e-09	64.7
Pantherophis_obsoletus_C9B	CM084875.2	583	40	25	64	16698176	16698057	62.500	3.34e-08	62.4
Pantherophis_obsoletus_C9B	CM084875.2	583	92	202	280	16692987	16692712	35.870	7.14e-08	61.2
Pantherophis_obsoletus_C9B	CM084875.2	583	82	274	355	17324383	17324138	34.146	1.77e-06	56.6
Pantherophis_obsoletus_C9B	CM084875.2	583	81	274	354	17297118	17296876	33.333	5.09e-06	55.1
Pantherophis_obsoletus_C9B	CM084875.2	583	56	528	583	16685308	16685141	60.714	6.24e-06	55.1
Pantherophis_obsoletus_C9B	CM084878.2	583	205	284	488	104082692	104083255	27.805	1.54e-11	73.2
Pantherophis_obsoletus_C9B	CM084878.2	583	222	298	514	104066575	104067192	25.676	4.30e-10	68.6
Pantherophis_obsoletus_C9B	CM084878.2	583	228	293	516	106690199	106690831	22.368	8.26e-06	54.7
Pantherophis_obsoletus_C9B	CM084877.2	583	82	274	355	65035644	65035399	31.707	1.13e-07	60.5
Pantherophis_obsoletus_C9B	CM084877.2	583	81	274	354	64993052	64993294	32.099	4.29e-06	55.5
Pantherophis_obsoletus_C9B	CM084877.2	583	70	456	524	65008790	65008999	35.714	5.64e-06	55.1
Pantherophis_obsoletus_C9B	CM084877.2	583	39	537	575	65009702	65009818	53.846	6.51e-06	54.7
Crotalus_tigris_C9B	CM084875.2	583	75	276	350	16691347	16691123	65.333	1.91e-25	117
Crotalus_tigris_C9B	CM084875.2	583	74	459	532	16687168	16686947	63.514	6.90e-23	109
Crotalus_tigris_C9B	CM084875.2	583	46	157	202	16695137	16695000	76.087	7.61e-15	84.0
Crotalus_tigris_C9B	CM084875.2	583	50	108	156	16696927	16696778	74.000	7.94e-15	83.6
Crotalus_tigris_C9B	CM084875.2	583	56	402	457	16687932	16687765	51.786	3.60e-10	68.6
Crotalus_tigris_C9B	CM084875.2	583	54	54	107	16697497	16697339	57.407	1.84e-09	66.2
Crotalus_tigris_C9B	CM084875.2	583	40	25	64	16698176	16698057	57.500	1.79e-06	56.6
Crotalus_tigris_C9B	CM084875.2	583	69	457	525	17268341	17268544	37.681	1.80e-06	56.6
Crotalus_tigris_C9B	CM084875.2	583	91	203	280	16692984	16692712	32.967	1.88e-06	56.6
Crotalus_tigris_C9B	CM084878.2	583	222	298	514	104066575	104067192	27.027	6.96e-11	70.9
Crotalus_tigris_C9B	CM084878.2	583	215	284	493	104082692	104083270	28.372	1.38e-10	70.1
Crotalus_tigris_C9B	CM084877.2	583	49	535	583	65009696	65009842	48.980	1.27e-06	57.0
Crotalus_tigris_C9B	CM084877.2	583	79	447	524	65008763	65008999	34.177	2.78e-06	56.2
Crotalus_tigris_C9B	CM084877.2	583	103	251	350	65035707	65035414	32.039	2.88e-06	55.8
Ptyas_mucosa_C9B	CM084875.2	583	77	277	353	16691344	16691114	66.234	6.19e-26	119
Ptyas_mucosa_C9B	CM084875.2	583	73	460	532	16687165	16686947	61.644	3.14e-21	104
Ptyas_mucosa_C9B	CM084875.2	583	50	108	156	16696927	16696778	78.000	2.68e-15	85.1
Ptyas_mucosa_C9B	CM084875.2	583	46	157	202	16695137	16695000	73.913	7.04e-15	84.0
Ptyas_mucosa_C9B	CM084875.2	583	54	54	107	16697497	16697339	55.556	8.54e-09	64.3
Ptyas_mucosa_C9B	CM084875.2	583	51	404	454	16687926	16687774	54.902	1.21e-08	63.5
Ptyas_mucosa_C9B	CM084875.2	583	92	203	281	16692984	16692709	38.043	7.20e-08	61.2
Ptyas_mucosa_C9B	CM084878.2	583	222	298	514	104066575	104067192	26.126	2.43e-10	69.3
Ptyas_mucosa_C9B	CM084878.2	583	208	284	488	104082692	104083255	27.404	4.66e-09	65.1
Ptyas_mucosa_C9B	CM084877.2	583	47	537	583	65009702	65009842	48.936	1.56e-06	57.0
Ptyas_mucosa_C9B	CM084877.2	583	85	266	350	65035653	65035414	32.941	1.63e-06	57.0
