Lacerta_agilis_C9A	NW_020716626.1	589	78	279	356	11121189	11120956	73.077	1.39e-30	133
Lacerta_agilis_C9A	NW_020716626.1	589	93	279	371	11083107	11082838	59.140	1.62e-29	130
Lacerta_agilis_C9A	NW_020716626.1	589	74	461	534	11075948	11075727	68.919	3.28e-25	116
Lacerta_agilis_C9A	NW_020716626.1	589	74	461	534	11108423	11108202	64.865	4.24e-24	113
Lacerta_agilis_C9A	NW_020716626.1	589	49	154	202	11127725	11127579	69.388	4.21e-15	84.7
Lacerta_agilis_C9A	NW_020716626.1	589	55	100	154	11132141	11131977	69.091	3.07e-14	82.0
Lacerta_agilis_C9A	NW_020716626.1	589	56	403	458	11077327	11077160	55.357	1.19e-10	70.5
Lacerta_agilis_C9A	NW_020716626.1	589	51	56	105	11133194	11133042	54.902	4.15e-09	65.5
Lacerta_agilis_C9A	NW_020716626.1	589	56	403	458	11109843	11109676	48.214	1.74e-08	63.2
Lacerta_agilis_C9A	NW_020716626.1	589	52	534	584	11106649	11106494	53.846	3.27e-08	62.4
Lacerta_agilis_C9A	NW_020716626.1	589	90	470	551	11746189	11746458	36.667	5.09e-08	62.0
Lacerta_agilis_C9A	NW_020716626.1	589	70	519	584	11074887	11074678	44.286	6.60e-07	58.2
Lacerta_agilis_C9A	NW_020719678.1	589	55	100	154	4562	4398	70.909	5.15e-14	81.3
Lacerta_agilis_C9A	NW_020719678.1	589	47	155	201	2837	2697	68.085	9.82e-14	80.1
Lacerta_agilis_C9A	NW_020719678.1	589	52	56	106	6192	6037	53.846	2.73e-09	65.9
Lacerta_agilis_C9A	NW_020716624.1	589	81	279	359	9922253	9922495	37.037	2.38e-09	66.2
Lacerta_agilis_C9A	NW_020716624.1	589	78	279	356	9986511	9986278	29.487	3.75e-06	55.8
Lacerta_agilis_C9A	NW_020716962.1	589	230	297	518	30326	30940	23.478	3.42e-07	59.3
Lacerta_agilis_C9A	NW_020716808.1	589	224	301	517	740500	741123	23.661	6.43e-07	58.2
Zootoca_vivipara_C9A	NW_020716626.1	589	78	279	356	11121189	11120956	74.359	4.20e-31	135
Zootoca_vivipara_C9A	NW_020716626.1	589	93	279	371	11083107	11082838	59.140	3.28e-29	129
Zootoca_vivipara_C9A	NW_020716626.1	589	74	461	534	11075948	11075727	68.919	3.28e-25	116
Zootoca_vivipara_C9A	NW_020716626.1	589	74	461	534	11108423	11108202	64.865	5.29e-24	113
Zootoca_vivipara_C9A	NW_020716626.1	589	49	154	202	11127725	11127579	69.388	4.21e-15	84.7
Zootoca_vivipara_C9A	NW_020716626.1	589	55	100	154	11132141	11131977	69.091	3.90e-14	81.6
Zootoca_vivipara_C9A	NW_020716626.1	589	56	403	458	11077327	11077160	53.571	4.32e-10	68.6
Zootoca_vivipara_C9A	NW_020716626.1	589	51	56	105	11133194	11133042	54.902	2.24e-09	66.2
Zootoca_vivipara_C9A	NW_020716626.1	589	56	403	458	11109843	11109676	48.214	2.78e-08	62.8
Zootoca_vivipara_C9A	NW_020716626.1	589	52	534	584	11106649	11106494	53.846	5.63e-08	61.6
Zootoca_vivipara_C9A	NW_020716626.1	589	60	470	529	11746189	11746368	43.333	4.46e-07	58.9
Zootoca_vivipara_C9A	NW_020716626.1	589	49	537	584	11074824	11074678	53.061	3.53e-06	55.8
Zootoca_vivipara_C9A	NW_020716626.1	589	81	194	274	11125373	11125143	39.506	5.40e-06	55.1
Zootoca_vivipara_C9A	NW_020719678.1	589	55	100	154	4562	4398	70.909	7.27e-14	80.5
Zootoca_vivipara_C9A	NW_020719678.1	589	47	155	201	2837	2697	68.085	1.02e-13	80.1
Zootoca_vivipara_C9A	NW_020719678.1	589	52	56	106	6192	6037	53.846	1.62e-09	66.6
Zootoca_vivipara_C9A	NW_020716624.1	589	81	279	359	9922253	9922495	37.037	4.01e-09	65.5
Zootoca_vivipara_C9A	NW_020716624.1	589	78	279	356	9986511	9986278	29.487	4.84e-06	55.5
Zootoca_vivipara_C9A	NW_020716962.1	589	234	297	518	30326	30940	24.786	9.54e-08	60.8
Zootoca_vivipara_C9A	NW_020716808.1	589	224	301	517	740500	741123	22.321	7.46e-06	54.7
Podarcis_muralis_C9A	NW_020716626.1	589	79	278	356	11121192	11120956	73.418	2.91e-31	135
Podarcis_muralis_C9A	NW_020716626.1	589	94	278	371	11083110	11082838	57.447	7.15e-29	128
Podarcis_muralis_C9A	NW_020716626.1	589	74	461	534	11075948	11075727	66.216	3.20e-24	113
Podarcis_muralis_C9A	NW_020716626.1	589	74	461	534	11108423	11108202	62.162	3.84e-23	110
Podarcis_muralis_C9A	NW_020716626.1	589	49	154	202	11127725	11127579	69.388	4.10e-15	84.7
Podarcis_muralis_C9A	NW_020716626.1	589	55	100	154	11132141	11131977	69.091	3.40e-14	81.6
Podarcis_muralis_C9A	NW_020716626.1	589	51	56	105	11133194	11133042	56.863	1.48e-09	66.6
Podarcis_muralis_C9A	NW_020716626.1	589	90	470	551	11746189	11746458	34.444	2.83e-08	62.8
Podarcis_muralis_C9A	NW_020716626.1	589	54	405	458	11077321	11077160	51.852	3.44e-08	62.4
Podarcis_muralis_C9A	NW_020716626.1	589	52	534	584	11106649	11106494	53.846	6.08e-08	61.6
Podarcis_muralis_C9A	NW_020716626.1	589	70	519	584	11074887	11074678	44.286	5.29e-07	58.5
Podarcis_muralis_C9A	NW_020716626.1	589	56	403	458	11109843	11109676	44.643	1.41e-06	57.0
Podarcis_muralis_C9A	NW_020719678.1	589	55	100	154	4562	4398	70.909	5.15e-14	81.3
Podarcis_muralis_C9A	NW_020719678.1	589	47	155	201	2837	2697	68.085	9.82e-14	80.1
Podarcis_muralis_C9A	NW_020719678.1	589	52	56	106	6192	6037	55.769	1.94e-09	66.2
Podarcis_muralis_C9A	NW_020716624.1	589	81	279	359	9922253	9922495	35.802	1.17e-08	63.9
Podarcis_muralis_C9A	NW_020716624.1	589	78	279	356	9986511	9986278	30.769	1.82e-06	56.6
Podarcis_muralis_C9A	NW_020716962.1	589	231	297	518	30326	30940	22.944	4.77e-07	58.5
Anolis_carolinensis_C9A	NW_020716626.1	591	81	457	537	11108441	11108199	64.198	3.53e-27	122
Anolis_carolinensis_C9A	NW_020716626.1	591	81	457	537	11075966	11075724	61.728	5.20e-26	119
Anolis_carolinensis_C9A	NW_020716626.1	591	79	280	358	11121192	11120956	63.291	9.00e-26	118
Anolis_carolinensis_C9A	NW_020716626.1	591	107	280	381	11083110	11082799	50.467	8.29e-25	115
Anolis_carolinensis_C9A	NW_020716626.1	591	57	146	202	11127752	11127582	63.158	1.16e-14	83.2
Anolis_carolinensis_C9A	NW_020716626.1	591	50	106	155	11132126	11131977	64.000	2.29e-10	69.3
Anolis_carolinensis_C9A	NW_020716626.1	591	65	408	472	11077318	11077124	46.154	5.58e-09	65.1
Anolis_carolinensis_C9A	NW_020716626.1	591	52	536	587	11106649	11106494	48.077	3.07e-08	62.4
Anolis_carolinensis_C9A	NW_020716626.1	591	49	539	587	11074824	11074678	55.102	3.07e-08	62.4
Anolis_carolinensis_C9A	NW_020716626.1	591	71	461	531	11746159	11746368	39.437	2.02e-07	59.7
Anolis_carolinensis_C9A	NW_020716626.1	591	82	278	359	11850193	11849948	32.927	5.02e-07	58.5
Anolis_carolinensis_C9A	NW_020716626.1	591	54	408	461	11109834	11109673	51.852	6.15e-07	58.2
Anolis_carolinensis_C9A	NW_020716626.1	591	55	54	107	11133203	11133039	47.273	7.48e-07	58.2
Anolis_carolinensis_C9A	NW_020716626.1	591	79	281	359	11793912	11793676	32.911	1.54e-06	57.0
Anolis_carolinensis_C9A	NW_020716626.1	591	38	542	579	11749465	11749578	60.526	1.62e-06	57.0
Anolis_carolinensis_C9A	NW_020716626.1	591	82	195	276	11125373	11125143	36.585	2.11e-06	56.6
Anolis_carolinensis_C9A	NW_020719678.1	591	47	156	202	2837	2697	70.213	8.85e-14	80.5
Anolis_carolinensis_C9A	NW_020719678.1	591	50	106	155	4547	4398	66.000	1.06e-10	70.5
Anolis_carolinensis_C9A	NW_020719678.1	591	52	57	107	6192	6037	53.846	9.24e-09	64.3
Anolis_carolinensis_C9A	NW_020719678.1	591	53	12	64	6935	6789	49.057	1.08e-06	57.4
Anolis_carolinensis_C9A	NW_020716808.1	591	218	306	518	740509	741120	25.229	4.02e-07	58.9
Anolis_carolinensis_C9A	NW_020716624.1	591	75	454	527	9947121	9947345	33.333	2.68e-06	56.2
Anolis_carolinensis_C9A	NW_020716624.1	591	78	281	358	9986511	9986278	30.769	3.97e-06	55.8
Anolis_carolinensis_C9A	NW_020716624.1	591	45	543	587	9949636	9949770	51.111	8.53e-06	54.7
Pogona_vitticeps_C9A	NW_020716626.1	576	84	256	339	11121207	11120956	65.476	1.85e-27	123
Pogona_vitticeps_C9A	NW_020716626.1	576	78	438	515	11075966	11075733	64.103	4.15e-24	113
Pogona_vitticeps_C9A	NW_020716626.1	576	74	438	511	11108441	11108220	68.919	4.78e-24	113
Pogona_vitticeps_C9A	NW_020716626.1	576	90	262	351	11083107	11082847	54.444	1.95e-23	111
Pogona_vitticeps_C9A	NW_020716626.1	576	61	146	206	11127752	11127570	60.656	6.35e-16	87.4
Pogona_vitticeps_C9A	NW_020716626.1	576	71	501	571	11074890	11074678	53.521	8.31e-15	83.6
Pogona_vitticeps_C9A	NW_020716626.1	576	90	497	571	11106763	11106494	41.111	6.61e-12	74.3
Pogona_vitticeps_C9A	NW_020716626.1	576	50	106	155	11132126	11131977	68.000	1.61e-11	73.2
Pogona_vitticeps_C9A	NW_020716626.1	576	60	389	448	11077318	11077139	46.667	4.19e-09	65.5
Pogona_vitticeps_C9A	NW_020716626.1	576	42	523	563	11785979	11785854	71.429	1.37e-08	63.5
Pogona_vitticeps_C9A	NW_020716626.1	576	56	26	81	11137792	11137625	48.214	2.86e-08	62.4
Pogona_vitticeps_C9A	NW_020716626.1	576	53	389	441	11109834	11109676	54.717	5.19e-08	61.6
Pogona_vitticeps_C9A	NW_020716626.1	576	68	443	510	11746162	11746362	42.647	3.06e-07	59.3
Pogona_vitticeps_C9A	NW_020716626.1	576	79	262	340	11850184	11849948	36.709	2.06e-06	56.6
Pogona_vitticeps_C9A	NW_020716626.1	576	50	526	575	11749465	11749614	50.000	2.44e-06	56.2
Pogona_vitticeps_C9A	NW_020716626.1	576	60	513	571	11822618	11822448	50.000	4.51e-06	55.5
Pogona_vitticeps_C9A	NW_020716626.1	576	70	453	522	11840372	11840163	41.429	6.45e-06	55.1
Pogona_vitticeps_C9A	NW_020719678.1	576	48	156	203	2837	2694	70.833	2.20e-14	82.4
Pogona_vitticeps_C9A	NW_020719678.1	576	50	106	155	4547	4398	70.000	5.86e-12	74.3
Pogona_vitticeps_C9A	NW_020719678.1	576	62	3	64	6962	6789	48.387	2.91e-08	62.4
Pogona_vitticeps_C9A	NW_020716624.1	576	84	257	340	9922238	9922489	34.524	2.88e-08	62.4
Pogona_vitticeps_C9A	NW_020716624.1	576	52	520	571	9949615	9949770	51.923	1.63e-07	60.1
Pogona_vitticeps_C9A	NW_020716624.1	576	85	435	518	9947121	9947366	35.294	2.81e-07	59.3
Pogona_vitticeps_C9A	NW_020716808.1	576	220	287	499	740509	741120	26.364	5.94e-08	61.6
Gekko_japonicus_C9A	NW_020716626.1	582	78	295	372	11121189	11120956	58.974	3.02e-22	107
Gekko_japonicus_C9A	NW_020716626.1	582	74	295	368	11083107	11082886	58.108	4.14e-20	100
Gekko_japonicus_C9A	NW_020716626.1	582	81	457	536	11108423	11108181	55.556	1.82e-19	98.6
Gekko_japonicus_C9A	NW_020716626.1	582	68	457	524	11075948	11075745	61.765	2.17e-19	98.6
Gekko_japonicus_C9A	NW_020716626.1	582	62	122	183	11132126	11131944	58.065	3.26e-12	75.5
Gekko_japonicus_C9A	NW_020716626.1	582	51	531	581	11106646	11106494	56.863	3.71e-10	68.6
Gekko_japonicus_C9A	NW_020716626.1	582	52	530	581	11074833	11074678	63.462	5.22e-10	68.2
Gekko_japonicus_C9A	NW_020716626.1	582	47	171	217	11127728	11127588	59.574	7.48e-10	67.8
Gekko_japonicus_C9A	NW_020716626.1	582	46	536	581	11749465	11749602	54.348	4.69e-08	62.0
Gekko_japonicus_C9A	NW_020716626.1	582	82	292	373	11850193	11849948	34.146	1.00e-07	60.8
Gekko_japonicus_C9A	NW_020716626.1	582	67	457	523	11746165	11746362	43.284	1.07e-07	60.8
Gekko_japonicus_C9A	NW_020716626.1	582	67	466	530	11840372	11840172	40.299	1.19e-06	57.4
Gekko_japonicus_C9A	NW_020719678.1	582	51	122	172	4547	4398	64.706	6.67e-11	70.9
Gekko_japonicus_C9A	NW_020719678.1	582	45	173	217	2837	2703	60.000	1.24e-09	67.0
Gekko_japonicus_C9A	NW_020719678.1	582	52	71	122	6189	6040	57.692	2.38e-08	62.8
Gekko_japonicus_C9A	NW_020716624.1	582	81	295	375	9922253	9922495	35.802	3.17e-08	62.4
Gekko_japonicus_C9A	NW_020716624.1	582	67	456	521	9947145	9947345	38.806	1.12e-07	60.8
Gekko_japonicus_C9A	NW_020716962.1	582	216	313	514	30326	30940	25.000	5.06e-08	61.6
Crotalus_tigris_C9A	NW_020716626.1	583	94	274	367	11083116	11082844	76.596	1.58e-37	154
Crotalus_tigris_C9A	NW_020716626.1	583	80	274	353	11121198	11120959	78.750	1.81e-33	142
Crotalus_tigris_C9A	NW_020716626.1	583	80	453	532	11108441	11108202	80.000	3.39e-33	141
Crotalus_tigris_C9A	NW_020716626.1	583	80	453	532	11075966	11075727	81.250	3.77e-33	141
Crotalus_tigris_C9A	NW_020716626.1	583	73	396	468	11077342	11077124	72.603	1.81e-22	108
Crotalus_tigris_C9A	NW_020716626.1	583	51	533	583	11074830	11074678	82.353	2.89e-20	101
Crotalus_tigris_C9A	NW_020716626.1	583	50	107	156	11132126	11131977	92.000	1.71e-19	98.6
Crotalus_tigris_C9A	NW_020716626.1	583	57	147	203	11127752	11127582	71.930	1.59e-17	92.4
Crotalus_tigris_C9A	NW_020716626.1	583	57	401	457	11109843	11109673	73.684	1.72e-17	92.4
Crotalus_tigris_C9A	NW_020716626.1	583	51	57	107	11133194	11133042	72.549	9.60e-15	83.6
Crotalus_tigris_C9A	NW_020716626.1	583	52	532	583	11106649	11106494	59.615	2.79e-13	79.0
Crotalus_tigris_C9A	NW_020716626.1	583	77	196	272	11125373	11125143	51.948	6.00e-13	77.8
Crotalus_tigris_C9A	NW_020716626.1	583	44	355	398	11080690	11080559	63.636	2.87e-07	59.3
Crotalus_tigris_C9A	NW_020716626.1	583	45	26	70	11137792	11137658	55.556	8.38e-07	57.8
Crotalus_tigris_C9A	NW_020716626.1	583	53	527	579	11749432	11749590	47.170	3.03e-06	55.8
Crotalus_tigris_C9A	NW_020716626.1	583	69	457	525	11746159	11746362	39.130	5.09e-06	55.5
Crotalus_tigris_C9A	NW_020719678.1	583	79	195	273	1271	1035	74.684	1.90e-25	117
Crotalus_tigris_C9A	NW_020719678.1	583	50	107	156	4547	4398	92.000	2.73e-19	97.8
Crotalus_tigris_C9A	NW_020719678.1	583	47	157	203	2837	2697	87.234	4.99e-18	94.0
Crotalus_tigris_C9A	NW_020719678.1	583	98	13	107	6321	6040	52.041	8.05e-18	93.2
Crotalus_tigris_C9A	NW_020719678.1	583	41	26	66	6905	6783	75.610	1.75e-10	69.7
Crotalus_tigris_C9A	NW_020716808.1	583	221	299	514	740500	741120	25.339	1.74e-10	69.7
Crotalus_tigris_C9A	NW_020716624.1	583	103	277	379	9922253	9922558	31.068	1.49e-07	60.5
Crotalus_tigris_C9A	NW_020716624.1	583	46	538	583	9949633	9949770	52.174	2.83e-06	56.2
Crotalus_tigris_C9A	NW_020716624.1	583	51	529	579	9966032	9965880	47.059	5.18e-06	55.1
Crotalus_tigris_C9A	NW_020716962.1	583	222	298	516	30335	30940	25.225	3.00e-06	55.8
Thamnophis_elegans_C9A	NW_020716626.1	583	82	274	355	11121198	11120953	85.366	4.15e-37	153
Thamnophis_elegans_C9A	NW_020716626.1	583	92	276	367	11083110	11082844	68.478	5.09e-32	137
Thamnophis_elegans_C9A	NW_020716626.1	583	80	453	532	11108441	11108202	82.500	6.27e-32	137
Thamnophis_elegans_C9A	NW_020716626.1	583	80	453	532	11075966	11075727	75.000	1.32e-28	127
Thamnophis_elegans_C9A	NW_020716626.1	583	50	107	156	11132126	11131977	94.000	1.65e-20	102
Thamnophis_elegans_C9A	NW_020716626.1	583	60	398	457	11109852	11109673	76.667	5.75e-20	100
Thamnophis_elegans_C9A	NW_020716626.1	583	52	532	583	11106649	11106494	78.846	1.38e-19	99.0
Thamnophis_elegans_C9A	NW_020716626.1	583	72	397	468	11077339	11077124	65.278	1.38e-19	99.0
Thamnophis_elegans_C9A	NW_020716626.1	583	78	196	273	11125373	11125140	64.103	8.63e-19	96.7
Thamnophis_elegans_C9A	NW_020716626.1	583	51	57	107	11133194	11133042	82.353	3.10e-18	94.7
Thamnophis_elegans_C9A	NW_020716626.1	583	57	147	203	11127752	11127582	73.684	3.71e-18	94.4
Thamnophis_elegans_C9A	NW_020716626.1	583	51	533	583	11074830	11074678	64.706	8.24e-13	77.4
Thamnophis_elegans_C9A	NW_020716626.1	583	45	26	70	11137792	11137658	66.667	5.42e-10	68.2
Thamnophis_elegans_C9A	NW_020716626.1	583	46	351	395	11111527	11111390	67.391	9.39e-08	60.8
Thamnophis_elegans_C9A	NW_020716626.1	583	50	535	583	11822597	11822448	54.000	2.26e-07	59.7
Thamnophis_elegans_C9A	NW_020716626.1	583	50	535	583	11785979	11785830	52.000	3.04e-07	59.3
Thamnophis_elegans_C9A	NW_020719678.1	583	50	107	156	4547	4398	90.000	2.06e-18	95.1
Thamnophis_elegans_C9A	NW_020719678.1	583	54	54	107	6201	6040	72.222	3.06e-16	88.2
Thamnophis_elegans_C9A	NW_020719678.1	583	47	157	203	2837	2697	80.851	1.45e-15	86.3
Thamnophis_elegans_C9A	NW_020719678.1	583	81	195	271	1271	1041	44.444	7.28e-09	64.3
Thamnophis_elegans_C9A	NW_020719678.1	583	41	26	66	6905	6783	63.415	1.13e-08	63.9
Thamnophis_elegans_C9A	NW_020716624.1	583	50	530	579	9966029	9965880	52.000	3.07e-09	65.9
Thamnophis_elegans_C9A	NW_020716624.1	583	81	274	354	9922244	9922486	33.333	6.17e-07	58.2
Thamnophis_elegans_C9A	NW_020716624.1	583	82	277	358	9986511	9986266	31.707	7.44e-07	58.2
Thamnophis_elegans_C9A	NW_020716808.1	583	223	299	514	740500	741120	25.112	8.47e-09	64.3
Naja_naja_C9A	NW_020716626.1	582	94	274	367	11083116	11082844	84.043	5.57e-42	168
Naja_naja_C9A	NW_020716626.1	582	80	452	531	11075966	11075727	90.000	8.41e-37	152
Naja_naja_C9A	NW_020716626.1	582	80	452	531	11108441	11108202	83.750	4.27e-34	144
Naja_naja_C9A	NW_020716626.1	582	80	274	353	11121198	11120959	75.000	1.86e-31	136
Naja_naja_C9A	NW_020716626.1	582	72	396	467	11077339	11077124	79.167	6.30e-25	115
Naja_naja_C9A	NW_020716626.1	582	56	527	582	11074845	11074678	91.071	1.28e-24	114
Naja_naja_C9A	NW_020716626.1	582	50	107	156	11132126	11131977	94.000	1.74e-20	102
Naja_naja_C9A	NW_020716626.1	582	57	400	456	11109843	11109673	68.421	4.56e-17	90.9
Naja_naja_C9A	NW_020716626.1	582	85	147	231	11127752	11127498	51.765	1.81e-15	85.9
Naja_naja_C9A	NW_020716626.1	582	51	57	107	11133194	11133042	72.549	2.65e-15	85.5
Naja_naja_C9A	NW_020716626.1	582	77	196	272	11125373	11125143	57.143	1.14e-14	83.2
Naja_naja_C9A	NW_020716626.1	582	52	531	582	11106649	11106494	61.538	1.04e-13	80.1
Naja_naja_C9A	NW_020716626.1	582	46	355	399	11080690	11080553	73.913	4.89e-09	65.1
Naja_naja_C9A	NW_020716626.1	582	69	456	524	11746159	11746362	40.580	1.66e-07	60.1
Naja_naja_C9A	NW_020716626.1	582	45	26	70	11137792	11137658	57.778	4.37e-07	58.9
Naja_naja_C9A	NW_020719678.1	582	79	195	273	1271	1035	91.139	1.26e-35	148
Naja_naja_C9A	NW_020719678.1	582	54	54	107	6201	6040	88.889	9.47e-22	105
Naja_naja_C9A	NW_020719678.1	582	50	107	156	4547	4398	98.000	1.04e-21	105
Naja_naja_C9A	NW_020719678.1	582	47	157	203	2837	2697	97.872	1.04e-20	102
Naja_naja_C9A	NW_020719678.1	582	41	26	66	6905	6783	78.049	1.91e-11	72.8
Naja_naja_C9A	NW_020716808.1	582	220	299	513	740500	741120	25.000	6.16e-09	64.7
Naja_naja_C9A	NW_020716624.1	582	76	277	352	9922253	9922480	38.158	1.85e-07	60.1
Naja_naja_C9A	NW_020716624.1	582	46	537	582	9949633	9949770	52.174	4.66e-06	55.5
Naja_naja_C9A	NW_020716962.1	582	219	298	515	30335	30940	23.288	2.35e-07	59.7
Pseudonaja_textilis_C9A	NW_020716626.1	583	94	274	367	11083116	11082844	89.362	8.72e-45	176
Pseudonaja_textilis_C9A	NW_020716626.1	583	77	456	532	11075957	11075727	96.104	3.28e-38	156
Pseudonaja_textilis_C9A	NW_020716626.1	583	77	456	532	11108432	11108202	83.117	5.37e-33	140
Pseudonaja_textilis_C9A	NW_020716626.1	583	80	274	353	11121198	11120959	78.750	8.83e-33	140
Pseudonaja_textilis_C9A	NW_020716626.1	583	73	396	468	11077342	11077124	86.301	1.42e-27	124
Pseudonaja_textilis_C9A	NW_020716626.1	583	56	528	583	11074845	11074678	96.429	3.18e-26	119
Pseudonaja_textilis_C9A	NW_020716626.1	583	50	107	156	11132126	11131977	98.000	1.94e-21	104
Pseudonaja_textilis_C9A	NW_020716626.1	583	57	401	457	11109843	11109673	68.421	1.48e-17	92.4
Pseudonaja_textilis_C9A	NW_020716626.1	583	46	355	400	11080690	11080553	93.478	6.24e-16	87.4
Pseudonaja_textilis_C9A	NW_020716626.1	583	51	57	107	11133194	11133042	74.510	1.36e-15	86.3
Pseudonaja_textilis_C9A	NW_020716626.1	583	82	147	228	11127752	11127507	52.439	1.47e-15	86.3
Pseudonaja_textilis_C9A	NW_020716626.1	583	77	196	272	11125373	11125143	55.844	1.82e-14	82.8
Pseudonaja_textilis_C9A	NW_020716626.1	583	52	532	583	11106649	11106494	63.462	2.61e-14	82.0
Pseudonaja_textilis_C9A	NW_020716626.1	583	71	457	527	11746159	11746368	40.845	1.58e-07	60.1
Pseudonaja_textilis_C9A	NW_020716626.1	583	45	26	70	11137792	11137658	57.778	1.78e-07	60.1
Pseudonaja_textilis_C9A	NW_020716626.1	583	47	537	583	11749462	11749602	53.191	6.04e-06	55.1
Pseudonaja_textilis_C9A	NW_020719678.1	583	79	195	273	1271	1035	91.139	4.08e-35	147
Pseudonaja_textilis_C9A	NW_020719678.1	583	54	54	107	6201	6040	92.593	4.56e-23	109
Pseudonaja_textilis_C9A	NW_020719678.1	583	50	107	156	4547	4398	98.000	1.21e-21	105
Pseudonaja_textilis_C9A	NW_020719678.1	583	47	157	203	2837	2697	97.872	1.06e-20	102
Pseudonaja_textilis_C9A	NW_020719678.1	583	41	26	66	6905	6783	82.927	2.40e-12	75.9
Pseudonaja_textilis_C9A	NW_020716808.1	583	221	299	514	740500	741120	24.887	5.51e-10	68.2
Pseudonaja_textilis_C9A	NW_020716624.1	583	76	277	352	9922253	9922480	38.158	7.91e-08	61.2
Pseudonaja_textilis_C9A	NW_020716624.1	583	42	538	579	9949633	9949758	54.762	3.62e-06	55.8
Pseudonaja_textilis_C9A	NW_020716962.1	583	220	298	516	30335	30940	22.273	5.19e-07	58.5
Python_bivittatus_C9A	NW_020716626.1	582	79	276	354	11121192	11120956	83.544	2.95e-34	144
Python_bivittatus_C9A	NW_020716626.1	582	80	453	532	11108441	11108202	78.750	6.36e-32	137
Python_bivittatus_C9A	NW_020716626.1	582	92	276	367	11083110	11082844	67.391	8.56e-32	137
Python_bivittatus_C9A	NW_020716626.1	582	80	453	532	11075966	11075727	72.500	3.43e-28	125
Python_bivittatus_C9A	NW_020716626.1	582	50	107	156	11132126	11131977	92.000	5.42e-20	100
Python_bivittatus_C9A	NW_020716626.1	582	77	196	272	11125373	11125143	63.636	4.10e-19	97.4
Python_bivittatus_C9A	NW_020716626.1	582	72	397	468	11077339	11077124	65.278	5.95e-19	97.1
Python_bivittatus_C9A	NW_020716626.1	582	60	398	457	11109852	11109673	73.333	8.95e-18	93.2
Python_bivittatus_C9A	NW_020716626.1	582	48	535	582	11074821	11074678	77.083	1.69e-16	89.4
Python_bivittatus_C9A	NW_020716626.1	582	57	147	203	11127752	11127582	68.421	2.22e-16	89.0
Python_bivittatus_C9A	NW_020716626.1	582	53	55	107	11133200	11133042	62.264	4.82e-13	78.2
Python_bivittatus_C9A	NW_020716626.1	582	52	532	582	11106649	11106494	61.538	8.90e-12	73.9
Python_bivittatus_C9A	NW_020716626.1	582	45	26	70	11137792	11137658	60.000	2.47e-08	62.8
Python_bivittatus_C9A	NW_020716626.1	582	47	529	574	11785994	11785854	57.447	7.54e-07	58.2
Python_bivittatus_C9A	NW_020716626.1	582	67	459	525	11746165	11746362	41.791	8.08e-07	57.8
Python_bivittatus_C9A	NW_020716626.1	582	39	536	574	11749462	11749578	61.538	7.38e-06	54.7
Python_bivittatus_C9A	NW_020719678.1	582	50	107	156	4547	4398	90.000	5.22e-19	97.1
Python_bivittatus_C9A	NW_020719678.1	582	47	157	203	2837	2697	85.106	6.50e-18	93.6
Python_bivittatus_C9A	NW_020719678.1	582	78	195	272	1271	1038	51.282	4.88e-12	74.7
Python_bivittatus_C9A	NW_020719678.1	582	54	54	107	6201	6040	57.407	1.14e-11	73.6
Python_bivittatus_C9A	NW_020719678.1	582	41	26	66	6905	6783	63.415	2.87e-08	62.4
Python_bivittatus_C9A	NW_020716808.1	582	221	299	514	740500	741120	24.887	4.12e-09	65.5
Python_bivittatus_C9A	NW_020716624.1	582	79	277	355	9922253	9922489	35.443	5.47e-08	61.6
Python_bivittatus_C9A	NW_020716624.1	582	47	532	578	9949627	9949758	57.447	7.76e-08	61.2
Python_bivittatus_C9A	NW_020716624.1	582	75	450	523	9947121	9947345	36.000	2.71e-06	56.2
Notechis_scutatus_C9A	NW_020716626.1	583	94	274	367	11083116	11082844	89.362	1.12e-44	176
Notechis_scutatus_C9A	NW_020716626.1	583	77	456	532	11075957	11075727	98.701	9.46e-40	161
Notechis_scutatus_C9A	NW_020716626.1	583	80	274	353	11121198	11120959	78.750	1.05e-32	140
Notechis_scutatus_C9A	NW_020716626.1	583	77	456	532	11108432	11108202	80.519	7.51e-32	137
Notechis_scutatus_C9A	NW_020716626.1	583	73	396	468	11077342	11077124	87.671	2.38e-28	126
Notechis_scutatus_C9A	NW_020716626.1	583	56	528	583	11074845	11074678	96.429	3.50e-26	119
Notechis_scutatus_C9A	NW_020716626.1	583	50	107	156	11132126	11131977	96.000	9.36e-21	102
Notechis_scutatus_C9A	NW_020716626.1	583	60	398	457	11109852	11109673	66.667	6.31e-18	93.6
Notechis_scutatus_C9A	NW_020716626.1	583	42	355	396	11080690	11080565	100.000	8.23e-16	87.0
Notechis_scutatus_C9A	NW_020716626.1	583	85	147	231	11127752	11127498	51.765	1.36e-15	86.3
Notechis_scutatus_C9A	NW_020716626.1	583	51	57	107	11133194	11133042	74.510	1.39e-15	86.3
Notechis_scutatus_C9A	NW_020716626.1	583	77	196	272	11125373	11125143	57.143	1.34e-14	83.2
Notechis_scutatus_C9A	NW_020716626.1	583	52	532	583	11106649	11106494	63.462	2.77e-14	82.0
Notechis_scutatus_C9A	NW_020716626.1	583	45	26	70	11137792	11137658	57.778	1.70e-07	60.1
Notechis_scutatus_C9A	NW_020716626.1	583	71	457	527	11746159	11746368	40.845	2.65e-07	59.3
Notechis_scutatus_C9A	NW_020716626.1	583	47	537	583	11749462	11749602	53.191	6.19e-06	55.1
Notechis_scutatus_C9A	NW_020719678.1	583	79	195	273	1271	1035	93.671	5.88e-36	149
Notechis_scutatus_C9A	NW_020719678.1	583	54	54	107	6201	6040	94.444	2.53e-23	110
Notechis_scutatus_C9A	NW_020719678.1	583	50	107	156	4547	4398	100.000	5.03e-22	106
Notechis_scutatus_C9A	NW_020719678.1	583	47	157	203	2837	2697	97.872	1.06e-20	102
Notechis_scutatus_C9A	NW_020719678.1	583	41	26	66	6905	6783	82.927	2.40e-12	75.9
Notechis_scutatus_C9A	NW_020716808.1	583	221	299	514	740500	741120	24.887	6.27e-10	68.2
Notechis_scutatus_C9A	NW_020716624.1	583	76	277	352	9922253	9922480	38.158	8.69e-08	60.8
Notechis_scutatus_C9A	NW_020716624.1	583	42	538	579	9949633	9949758	54.762	3.59e-06	55.8
Notechis_scutatus_C9A	NW_020716962.1	583	220	298	516	30335	30940	24.545	5.37e-07	58.5
Hydrophis_cyanocinctus_C9A	NW_020716626.1	583	94	274	367	11083116	11082844	87.234	1.27e-43	172
Hydrophis_cyanocinctus_C9A	NW_020716626.1	583	77	456	532	11075957	11075727	97.403	4.41e-39	159
Hydrophis_cyanocinctus_C9A	NW_020716626.1	583	78	276	353	11121192	11120959	79.487	7.51e-33	140
Hydrophis_cyanocinctus_C9A	NW_020716626.1	583	77	456	532	11108432	11108202	79.221	3.17e-31	135
Hydrophis_cyanocinctus_C9A	NW_020716626.1	583	72	397	468	11077339	11077124	84.722	3.50e-26	119
Hydrophis_cyanocinctus_C9A	NW_020716626.1	583	56	528	583	11074845	11074678	96.429	3.83e-26	119
Hydrophis_cyanocinctus_C9A	NW_020716626.1	583	50	107	156	11132126	11131977	96.000	8.65e-21	102
Hydrophis_cyanocinctus_C9A	NW_020716626.1	583	60	398	457	11109852	11109673	63.333	2.05e-16	89.0
Hydrophis_cyanocinctus_C9A	NW_020716626.1	583	85	147	231	11127752	11127498	51.765	7.75e-16	87.0
Hydrophis_cyanocinctus_C9A	NW_020716626.1	583	51	57	107	11133194	11133042	74.510	1.61e-15	85.9
Hydrophis_cyanocinctus_C9A	NW_020716626.1	583	52	532	583	11106649	11106494	63.462	2.74e-14	82.0
Hydrophis_cyanocinctus_C9A	NW_020716626.1	583	77	196	272	11125373	11125143	57.143	2.94e-14	82.0
Hydrophis_cyanocinctus_C9A	NW_020716626.1	583	41	355	395	11080690	11080568	95.122	7.50e-14	80.5
Hydrophis_cyanocinctus_C9A	NW_020716626.1	583	45	26	70	11137792	11137658	57.778	1.72e-07	60.1
Hydrophis_cyanocinctus_C9A	NW_020716626.1	583	71	457	527	11746159	11746368	40.845	2.91e-07	59.3
Hydrophis_cyanocinctus_C9A	NW_020716626.1	583	47	537	583	11749462	11749602	53.191	6.04e-06	55.1
Hydrophis_cyanocinctus_C9A	NW_020719678.1	583	79	195	273	1271	1035	92.405	2.18e-35	147
Hydrophis_cyanocinctus_C9A	NW_020719678.1	583	54	54	107	6201	6040	94.444	2.59e-23	110
Hydrophis_cyanocinctus_C9A	NW_020719678.1	583	50	107	156	4547	4398	100.000	5.35e-22	106
Hydrophis_cyanocinctus_C9A	NW_020719678.1	583	47	157	203	2837	2697	95.745	3.28e-20	100
Hydrophis_cyanocinctus_C9A	NW_020719678.1	583	41	26	66	6905	6783	82.927	2.42e-12	75.9
Hydrophis_cyanocinctus_C9A	NW_020716808.1	583	221	299	514	740500	741120	24.887	4.69e-10	68.6
Hydrophis_cyanocinctus_C9A	NW_020716624.1	583	103	273	375	9922241	9922546	33.010	5.04e-08	61.6
Hydrophis_cyanocinctus_C9A	NW_020716624.1	583	42	538	579	9949633	9949758	54.762	3.56e-06	55.8
Hydrophis_cyanocinctus_C9A	NW_020716962.1	583	220	298	516	30335	30940	23.182	4.31e-07	58.9
Laticauda_colubrina_C9A	NW_020716626.1	583	94	274	367	11083116	11082844	88.298	4.35e-44	174
Laticauda_colubrina_C9A	NW_020716626.1	583	77	456	532	11075957	11075727	96.104	8.69e-39	158
Laticauda_colubrina_C9A	NW_020716626.1	583	80	274	353	11121198	11120959	78.750	5.77e-33	140
Laticauda_colubrina_C9A	NW_020716626.1	583	77	456	532	11108432	11108202	81.818	4.61e-32	137
Laticauda_colubrina_C9A	NW_020716626.1	583	72	397	468	11077339	11077124	81.944	5.32e-26	119
Laticauda_colubrina_C9A	NW_020716626.1	583	56	528	583	11074845	11074678	94.643	8.07e-26	118
Laticauda_colubrina_C9A	NW_020716626.1	583	50	107	156	11132126	11131977	94.000	2.16e-20	101
Laticauda_colubrina_C9A	NW_020716626.1	583	57	401	457	11109843	11109673	70.175	6.42e-18	93.6
Laticauda_colubrina_C9A	NW_020716626.1	583	73	147	219	11127752	11127534	56.164	1.88e-15	85.9
Laticauda_colubrina_C9A	NW_020716626.1	583	51	57	107	11133194	11133042	74.510	3.75e-15	84.7
Laticauda_colubrina_C9A	NW_020716626.1	583	52	532	583	11106649	11106494	61.538	9.71e-14	80.5
Laticauda_colubrina_C9A	NW_020716626.1	583	77	196	272	11125373	11125143	54.545	1.41e-13	79.7
Laticauda_colubrina_C9A	NW_020716626.1	583	46	355	400	11080690	11080553	78.261	4.06e-11	72.0
Laticauda_colubrina_C9A	NW_020716626.1	583	71	457	527	11746159	11746368	40.845	1.50e-07	60.1
Laticauda_colubrina_C9A	NW_020716626.1	583	45	26	70	11137792	11137658	57.778	2.68e-07	59.3
Laticauda_colubrina_C9A	NW_020716626.1	583	47	537	583	11749462	11749602	53.191	6.35e-06	55.1
Laticauda_colubrina_C9A	NW_020719678.1	583	79	195	273	1271	1035	91.139	4.56e-35	147
Laticauda_colubrina_C9A	NW_020719678.1	583	54	54	107	6201	6040	90.741	5.49e-22	106
Laticauda_colubrina_C9A	NW_020719678.1	583	50	107	156	4547	4398	98.000	1.19e-21	105
Laticauda_colubrina_C9A	NW_020719678.1	583	47	157	203	2837	2697	97.872	1.25e-20	102
Laticauda_colubrina_C9A	NW_020719678.1	583	41	26	66	6905	6783	80.488	8.27e-12	73.9
Laticauda_colubrina_C9A	NW_020716808.1	583	221	299	514	740500	741120	24.434	6.50e-09	64.7
Laticauda_colubrina_C9A	NW_020716624.1	583	76	277	352	9922253	9922480	38.158	8.19e-08	61.2
Laticauda_colubrina_C9A	NW_020716624.1	583	43	537	579	9949630	9949758	53.488	4.72e-06	55.5
Protobothrops_mucrosquamatus_C9A	NW_020716626.1	583	81	274	354	11121198	11120956	83.951	1.48e-35	148
Protobothrops_mucrosquamatus_C9A	NW_020716626.1	583	80	453	532	11108441	11108202	85.000	6.86e-35	146
Protobothrops_mucrosquamatus_C9A	NW_020716626.1	583	92	276	367	11083110	11082844	69.565	7.30e-33	140
Protobothrops_mucrosquamatus_C9A	NW_020716626.1	583	80	453	532	11075966	11075727	80.000	1.48e-32	139
Protobothrops_mucrosquamatus_C9A	NW_020716626.1	583	75	199	273	11125364	11125140	74.667	2.74e-25	117
Protobothrops_mucrosquamatus_C9A	NW_020716626.1	583	50	107	156	11132126	11131977	92.000	2.40e-20	101
Protobothrops_mucrosquamatus_C9A	NW_020716626.1	583	65	404	468	11077318	11077124	73.846	3.26e-20	100
Protobothrops_mucrosquamatus_C9A	NW_020716626.1	583	78	147	211	11127752	11127519	61.538	1.28e-19	99.0
Protobothrops_mucrosquamatus_C9A	NW_020716626.1	583	60	398	457	11109852	11109673	71.667	2.32e-18	95.1
Protobothrops_mucrosquamatus_C9A	NW_020716626.1	583	52	532	583	11106649	11106494	73.077	2.12e-17	92.0
Protobothrops_mucrosquamatus_C9A	NW_020716626.1	583	51	533	583	11074830	11074678	76.471	1.93e-16	89.0
Protobothrops_mucrosquamatus_C9A	NW_020716626.1	583	51	57	107	11133194	11133042	70.588	1.46e-14	82.8
Protobothrops_mucrosquamatus_C9A	NW_020716626.1	583	45	26	70	11137792	11137658	62.222	1.57e-08	63.5
Protobothrops_mucrosquamatus_C9A	NW_020716626.1	583	69	457	525	11746159	11746362	42.029	2.63e-07	59.3
Protobothrops_mucrosquamatus_C9A	NW_020716626.1	583	52	528	579	11749435	11749590	50.000	3.09e-07	59.3
Protobothrops_mucrosquamatus_C9A	NW_020716626.1	583	43	354	395	11111518	11111390	67.442	3.31e-07	59.3
Protobothrops_mucrosquamatus_C9A	NW_020716626.1	583	79	277	355	11850184	11849948	32.911	9.44e-07	57.8
Protobothrops_mucrosquamatus_C9A	NW_020716626.1	583	42	535	575	11785979	11785854	64.286	1.11e-06	57.4
Protobothrops_mucrosquamatus_C9A	NW_020716626.1	583	90	266	355	11793939	11793676	30.000	2.62e-06	56.2
Protobothrops_mucrosquamatus_C9A	NW_020719678.1	583	50	107	156	4547	4398	88.000	4.26e-19	97.4
Protobothrops_mucrosquamatus_C9A	NW_020719678.1	583	54	54	107	6201	6040	72.222	1.24e-16	89.4
Protobothrops_mucrosquamatus_C9A	NW_020719678.1	583	47	157	203	2837	2697	80.851	1.87e-16	89.0
Protobothrops_mucrosquamatus_C9A	NW_020719678.1	583	79	198	272	1262	1038	51.899	2.24e-11	72.4
Protobothrops_mucrosquamatus_C9A	NW_020719678.1	583	41	26	66	6905	6783	63.415	4.49e-08	62.0
Protobothrops_mucrosquamatus_C9A	NW_020716808.1	583	223	299	514	740500	741120	26.457	9.00e-12	73.9
Protobothrops_mucrosquamatus_C9A	NW_020716624.1	583	82	274	355	9922244	9922489	35.366	1.09e-08	63.9
Protobothrops_mucrosquamatus_C9A	NW_020716624.1	583	51	529	579	9966032	9965880	50.980	6.18e-08	61.6
Protobothrops_mucrosquamatus_C9A	NW_020716624.1	583	48	532	579	9949627	9949758	56.250	2.77e-07	59.3
Protobothrops_mucrosquamatus_C9A	NW_020716624.1	583	78	277	354	9986511	9986278	29.487	4.52e-06	55.5
Chrysopelea_ornata_C9A	NW_020716626.1	584	81	274	354	11121198	11120956	86.420	1.58e-35	148
Chrysopelea_ornata_C9A	NW_020716626.1	584	80	454	533	11108441	11108202	86.250	1.70e-35	148
Chrysopelea_ornata_C9A	NW_020716626.1	584	92	276	367	11083110	11082844	71.739	7.74e-33	140
Chrysopelea_ornata_C9A	NW_020716626.1	584	80	454	533	11075966	11075727	78.750	3.83e-32	138
Chrysopelea_ornata_C9A	NW_020716626.1	584	78	196	273	11125373	11125140	76.923	1.14e-27	124
Chrysopelea_ornata_C9A	NW_020716626.1	584	50	107	156	11132126	11131977	98.000	1.75e-22	108
Chrysopelea_ornata_C9A	NW_020716626.1	584	52	533	584	11106649	11106494	88.462	6.35e-22	106
Chrysopelea_ornata_C9A	NW_020716626.1	584	60	399	458	11109852	11109673	78.333	2.28e-20	101
Chrysopelea_ornata_C9A	NW_020716626.1	584	72	398	469	11077339	11077124	63.889	2.29e-19	98.2
Chrysopelea_ornata_C9A	NW_020716626.1	584	53	55	107	11133200	11133042	81.132	1.90e-18	95.5
Chrysopelea_ornata_C9A	NW_020716626.1	584	57	147	203	11127752	11127582	66.667	3.07e-15	85.1
Chrysopelea_ornata_C9A	NW_020716626.1	584	51	534	584	11074830	11074678	64.706	1.98e-12	76.3
Chrysopelea_ornata_C9A	NW_020716626.1	584	43	354	396	11111518	11111390	69.767	4.84e-09	65.1
Chrysopelea_ornata_C9A	NW_020716626.1	584	45	26	70	11137792	11137658	60.000	2.49e-08	62.8
Chrysopelea_ornata_C9A	NW_020716626.1	584	69	458	526	11746159	11746362	40.580	1.39e-06	57.0
Chrysopelea_ornata_C9A	NW_020716626.1	584	56	529	584	11749435	11749602	46.429	1.97e-06	56.6
Chrysopelea_ornata_C9A	NW_020716626.1	584	79	277	355	11850184	11849948	32.911	2.91e-06	56.2
Chrysopelea_ornata_C9A	NW_020716626.1	584	56	530	584	11822615	11822448	50.000	3.57e-06	55.8
Chrysopelea_ornata_C9A	NW_020719678.1	584	50	107	156	4547	4398	94.000	2.01e-20	101
Chrysopelea_ornata_C9A	NW_020719678.1	584	47	157	203	2837	2697	93.617	1.31e-19	99.0
Chrysopelea_ornata_C9A	NW_020719678.1	584	54	54	107	6201	6040	74.074	6.26e-17	90.5
Chrysopelea_ornata_C9A	NW_020719678.1	584	78	195	272	1271	1038	50.000	2.68e-13	79.0
Chrysopelea_ornata_C9A	NW_020719678.1	584	41	26	66	6905	6783	65.854	1.11e-08	63.9
Chrysopelea_ornata_C9A	NW_020716808.1	584	231	299	515	740500	741120	25.974	1.12e-10	70.5
Chrysopelea_ornata_C9A	NW_020716624.1	584	51	530	580	9966032	9965880	54.902	2.25e-09	66.2
Chrysopelea_ornata_C9A	NW_020716624.1	584	84	274	357	9922244	9922495	38.095	2.73e-09	65.9
Pituophis_catenifer_C9A	NW_020716626.1	583	94	274	367	11083116	11082844	84.043	3.70e-41	165
Pituophis_catenifer_C9A	NW_020716626.1	583	80	453	532	11108441	11108202	85.000	4.18e-34	144
Pituophis_catenifer_C9A	NW_020716626.1	583	77	277	353	11121189	11120959	83.117	1.57e-33	142
Pituophis_catenifer_C9A	NW_020716626.1	583	80	453	532	11075966	11075727	75.000	1.49e-29	130
Pituophis_catenifer_C9A	NW_020716626.1	583	75	198	272	11125367	11125143	78.667	2.07e-28	126
Pituophis_catenifer_C9A	NW_020716626.1	583	52	532	583	11106649	11106494	90.385	1.29e-22	108
Pituophis_catenifer_C9A	NW_020716626.1	583	50	107	156	11132126	11131977	96.000	4.41e-21	103
Pituophis_catenifer_C9A	NW_020716626.1	583	72	397	468	11077339	11077124	68.056	2.20e-20	101
Pituophis_catenifer_C9A	NW_020716626.1	583	57	147	203	11127752	11127582	77.193	3.65e-19	97.8
Pituophis_catenifer_C9A	NW_020716626.1	583	54	404	457	11109834	11109673	77.778	1.20e-17	92.8
Pituophis_catenifer_C9A	NW_020716626.1	583	51	57	107	11133194	11133042	74.510	6.86e-16	87.4
Pituophis_catenifer_C9A	NW_020716626.1	583	49	535	583	11074824	11074678	69.388	2.89e-13	79.0
Pituophis_catenifer_C9A	NW_020716626.1	583	45	26	70	11137792	11137658	66.667	7.50e-10	67.8
Pituophis_catenifer_C9A	NW_020716626.1	583	42	355	395	11111515	11111390	76.190	2.08e-08	63.2
Pituophis_catenifer_C9A	NW_020716626.1	583	56	528	583	11749435	11749602	48.214	2.24e-07	59.7
Pituophis_catenifer_C9A	NW_020716626.1	583	56	529	583	11822615	11822448	48.214	9.69e-07	57.8
Pituophis_catenifer_C9A	NW_020716626.1	583	50	535	583	11785979	11785830	52.000	6.52e-06	55.1
Pituophis_catenifer_C9A	NW_020719678.1	583	98	13	107	6321	6040	57.143	2.71e-21	104
Pituophis_catenifer_C9A	NW_020719678.1	583	50	107	156	4547	4398	92.000	8.95e-20	99.4
Pituophis_catenifer_C9A	NW_020719678.1	583	47	157	203	2837	2697	82.979	1.02e-16	89.7
Pituophis_catenifer_C9A	NW_020719678.1	583	76	198	273	1262	1035	48.684	1.42e-12	76.6
Pituophis_catenifer_C9A	NW_020719678.1	583	41	26	66	6905	6783	68.293	3.15e-09	65.5
Pituophis_catenifer_C9A	NW_020716624.1	583	52	529	580	9966032	9965877	57.692	1.31e-10	70.1
Pituophis_catenifer_C9A	NW_020716624.1	583	79	277	355	9922253	9922489	37.975	7.78e-08	61.2
Pituophis_catenifer_C9A	NW_020716624.1	583	75	450	523	9947121	9947345	34.667	2.67e-06	56.2
Pituophis_catenifer_C9A	NW_020716808.1	583	221	299	514	740500	741120	25.339	3.14e-10	68.9
Pantherophis_obsoletus_C9A	NW_020716626.1	583	81	274	354	11121198	11120956	91.358	1.25e-38	157
Pantherophis_obsoletus_C9A	NW_020716626.1	583	92	276	367	11083110	11082844	73.913	1.41e-35	148
Pantherophis_obsoletus_C9A	NW_020716626.1	583	80	453	532	11108441	11108202	85.000	3.58e-34	144
Pantherophis_obsoletus_C9A	NW_020716626.1	583	80	453	532	11075966	11075727	75.000	1.43e-29	130
Pantherophis_obsoletus_C9A	NW_020716626.1	583	75	199	273	11125364	11125140	81.333	8.55e-28	124
Pantherophis_obsoletus_C9A	NW_020716626.1	583	52	532	583	11106649	11106494	88.462	3.35e-22	107
Pantherophis_obsoletus_C9A	NW_020716626.1	583	60	398	457	11109852	11109673	81.667	8.06e-22	106
Pantherophis_obsoletus_C9A	NW_020716626.1	583	57	147	203	11127752	11127582	78.947	5.23e-20	100
Pantherophis_obsoletus_C9A	NW_020716626.1	583	50	107	156	11132126	11131977	90.000	7.67e-20	99.8
Pantherophis_obsoletus_C9A	NW_020716626.1	583	71	398	468	11077336	11077124	64.789	6.37e-19	97.1
Pantherophis_obsoletus_C9A	NW_020716626.1	583	51	57	107	11133194	11133042	72.549	8.81e-15	83.6
Pantherophis_obsoletus_C9A	NW_020716626.1	583	51	533	583	11074830	11074678	68.627	9.22e-14	80.5
Pantherophis_obsoletus_C9A	NW_020716626.1	583	45	26	70	11137792	11137658	71.111	1.58e-10	70.1
Pantherophis_obsoletus_C9A	NW_020716626.1	583	43	354	395	11111518	11111390	76.744	4.21e-09	65.5
Pantherophis_obsoletus_C9A	NW_020716626.1	583	56	528	583	11749435	11749602	46.429	7.63e-07	58.2
Pantherophis_obsoletus_C9A	NW_020716626.1	583	79	277	355	11850184	11849948	32.911	1.74e-06	56.6
Pantherophis_obsoletus_C9A	NW_020716626.1	583	56	529	583	11822615	11822448	48.214	2.95e-06	56.2
Pantherophis_obsoletus_C9A	NW_020716626.1	583	50	535	583	11785979	11785830	52.000	6.09e-06	55.1
Pantherophis_obsoletus_C9A	NW_020719678.1	583	98	13	107	6321	6040	58.163	2.20e-21	104
Pantherophis_obsoletus_C9A	NW_020719678.1	583	50	107	156	4547	4398	86.000	1.23e-18	95.9
Pantherophis_obsoletus_C9A	NW_020719678.1	583	47	157	203	2837	2697	80.851	6.07e-16	87.4
Pantherophis_obsoletus_C9A	NW_020719678.1	583	75	198	272	1262	1038	49.333	7.40e-12	74.3
Pantherophis_obsoletus_C9A	NW_020719678.1	583	41	26	66	6905	6783	65.854	2.23e-08	62.8
Pantherophis_obsoletus_C9A	NW_020716808.1	583	221	299	514	740500	741120	26.244	8.85e-12	73.9
Pantherophis_obsoletus_C9A	NW_020716624.1	583	52	529	580	9966032	9965877	57.692	1.02e-10	70.5
Pantherophis_obsoletus_C9A	NW_020716624.1	583	82	274	355	9922244	9922489	36.585	4.87e-09	65.1
Pantherophis_obsoletus_C9A	NW_020716624.1	583	75	450	523	9947121	9947345	34.667	2.69e-06	56.2
Pantherophis_obsoletus_C9A	NW_020716624.1	583	82	277	358	9986511	9986266	29.268	3.03e-06	55.8
Pantherophis_obsoletus_C9A	NW_020716624.1	583	55	529	583	9949618	9949770	47.273	5.31e-06	55.1
Bothrops_jararaca_C9A	NW_020716626.1	583	81	274	354	11121198	11120956	82.716	6.21e-35	146
Bothrops_jararaca_C9A	NW_020716626.1	583	80	453	532	11108441	11108202	85.000	1.90e-34	145
Bothrops_jararaca_C9A	NW_020716626.1	583	80	453	532	11075966	11075727	80.000	4.45e-32	138
Bothrops_jararaca_C9A	NW_020716626.1	583	92	276	367	11083110	11082844	69.565	5.88e-32	137
Bothrops_jararaca_C9A	NW_020716626.1	583	74	199	272	11125364	11125143	77.027	8.37e-25	115
Bothrops_jararaca_C9A	NW_020716626.1	583	70	400	469	11077330	11077121	67.143	2.65e-20	101
Bothrops_jararaca_C9A	NW_020716626.1	583	60	398	457	11109852	11109673	75.000	5.37e-20	100
Bothrops_jararaca_C9A	NW_020716626.1	583	78	147	211	11127752	11127519	61.538	1.27e-19	99.0
Bothrops_jararaca_C9A	NW_020716626.1	583	50	107	156	11132126	11131977	86.000	1.82e-18	95.5
Bothrops_jararaca_C9A	NW_020716626.1	583	52	532	583	11106649	11106494	73.077	1.88e-17	92.4
Bothrops_jararaca_C9A	NW_020716626.1	583	51	533	583	11074830	11074678	74.510	7.23e-16	87.0
Bothrops_jararaca_C9A	NW_020716626.1	583	51	57	107	11133194	11133042	74.510	1.35e-15	86.3
Bothrops_jararaca_C9A	NW_020716626.1	583	45	26	70	11137792	11137658	64.444	1.33e-09	67.0
Bothrops_jararaca_C9A	NW_020716626.1	583	43	354	395	11111518	11111390	72.093	3.40e-08	62.4
Bothrops_jararaca_C9A	NW_020716626.1	583	81	277	357	11850184	11849942	33.333	6.22e-07	58.2
Bothrops_jararaca_C9A	NW_020716626.1	583	52	528	579	11749435	11749590	48.077	8.38e-07	57.8
Bothrops_jararaca_C9A	NW_020716626.1	583	79	277	355	11793912	11793676	30.380	6.19e-06	55.1
Bothrops_jararaca_C9A	NW_020716626.1	583	69	457	525	11746159	11746362	39.130	6.19e-06	55.1
Bothrops_jararaca_C9A	NW_020716626.1	583	50	535	583	11785979	11785830	54.000	9.32e-06	54.3
Bothrops_jararaca_C9A	NW_020719678.1	583	50	107	156	4547	4398	84.000	7.51e-18	93.6
Bothrops_jararaca_C9A	NW_020719678.1	583	54	54	107	6201	6040	74.074	3.40e-17	91.3
Bothrops_jararaca_C9A	NW_020719678.1	583	47	157	203	2837	2697	80.851	1.69e-16	89.0
Bothrops_jararaca_C9A	NW_020719678.1	583	75	198	272	1262	1038	52.000	3.71e-11	72.0
Bothrops_jararaca_C9A	NW_020719678.1	583	41	26	66	6905	6783	60.976	1.67e-07	60.1
Bothrops_jararaca_C9A	NW_020716808.1	583	223	299	514	740500	741120	25.561	3.69e-10	68.6
Bothrops_jararaca_C9A	NW_020716624.1	583	82	274	355	9922244	9922489	35.366	1.65e-08	63.5
Bothrops_jararaca_C9A	NW_020716624.1	583	51	529	579	9966032	9965880	50.980	5.73e-08	61.6
Bothrops_jararaca_C9A	NW_020716624.1	583	48	532	579	9949627	9949758	54.167	7.70e-07	57.8
Ptyas_mucosa_C9A	NW_020716626.1	583	78	277	354	11121189	11120956	88.462	1.98e-35	148
Ptyas_mucosa_C9A	NW_020716626.1	583	80	453	532	11108441	11108202	83.750	4.57e-34	144
Ptyas_mucosa_C9A	NW_020716626.1	583	91	277	367	11083107	11082844	72.527	2.08e-33	142
Ptyas_mucosa_C9A	NW_020716626.1	583	80	453	532	11075966	11075727	76.250	1.34e-30	133
Ptyas_mucosa_C9A	NW_020716626.1	583	76	198	273	11125367	11125140	73.684	1.39e-25	117
Ptyas_mucosa_C9A	NW_020716626.1	583	60	398	457	11109852	11109673	85.000	6.89e-23	109
Ptyas_mucosa_C9A	NW_020716626.1	583	50	107	156	11132126	11131977	100.000	5.24e-22	106
Ptyas_mucosa_C9A	NW_020716626.1	583	98	496	583	11106769	11106494	55.102	5.44e-19	97.1
Ptyas_mucosa_C9A	NW_020716626.1	583	72	397	468	11077339	11077124	59.722	7.77e-18	93.6
Ptyas_mucosa_C9A	NW_020716626.1	583	57	147	203	11127752	11127582	70.175	5.36e-17	90.9
Ptyas_mucosa_C9A	NW_020716626.1	583	51	57	107	11133194	11133042	72.549	7.81e-15	84.0
Ptyas_mucosa_C9A	NW_020716626.1	583	49	535	583	11074824	11074678	69.388	1.46e-12	76.6
Ptyas_mucosa_C9A	NW_020716626.1	583	45	26	70	11137792	11137658	68.889	1.47e-10	70.1
Ptyas_mucosa_C9A	NW_020716626.1	583	43	354	395	11111518	11111390	72.093	3.49e-08	62.4
Ptyas_mucosa_C9A	NW_020716626.1	583	78	457	534	11746159	11746383	42.308	3.76e-07	58.9
Ptyas_mucosa_C9A	NW_020716626.1	583	48	536	583	11749459	11749602	52.083	6.66e-07	58.2
Ptyas_mucosa_C9A	NW_020719678.1	583	50	107	156	4547	4398	96.000	1.02e-20	102
Ptyas_mucosa_C9A	NW_020719678.1	583	54	54	107	6201	6040	83.333	2.31e-20	101
Ptyas_mucosa_C9A	NW_020719678.1	583	47	157	203	2837	2697	74.468	1.07e-14	83.2
Ptyas_mucosa_C9A	NW_020719678.1	583	75	198	272	1262	1038	49.333	3.82e-12	75.1
Ptyas_mucosa_C9A	NW_020719678.1	583	41	26	66	6905	6783	65.854	1.02e-08	63.9
Ptyas_mucosa_C9A	NW_020716808.1	583	223	299	514	740500	741120	26.009	2.62e-11	72.4
Ptyas_mucosa_C9A	NW_020716624.1	583	82	274	355	9922244	9922489	36.585	7.72e-09	64.3
Ptyas_mucosa_C9A	NW_020716624.1	583	51	529	579	9966032	9965880	50.980	7.38e-07	58.2
Vipera_berus_C9A	NW_020716626.1	583	80	453	532	11108441	11108202	85.000	4.95e-35	147
Vipera_berus_C9A	NW_020716626.1	583	81	274	354	11121198	11120956	81.481	2.61e-34	144
Vipera_berus_C9A	NW_020716626.1	583	80	453	532	11075966	11075727	80.000	9.75e-33	140
Vipera_berus_C9A	NW_020716626.1	583	92	276	367	11083110	11082844	68.478	1.99e-31	135
Vipera_berus_C9A	NW_020716626.1	583	78	199	276	11125364	11125131	76.923	4.15e-26	119
Vipera_berus_C9A	NW_020716626.1	583	69	400	468	11077330	11077124	71.014	5.89e-21	103
Vipera_berus_C9A	NW_020716626.1	583	60	398	457	11109852	11109673	75.000	3.21e-20	100
Vipera_berus_C9A	NW_020716626.1	583	57	147	203	11127752	11127582	75.439	2.28e-19	98.2
Vipera_berus_C9A	NW_020716626.1	583	50	107	156	11132126	11131977	88.000	8.78e-19	96.7
Vipera_berus_C9A	NW_020716626.1	583	52	532	583	11106649	11106494	71.154	4.79e-17	90.9
Vipera_berus_C9A	NW_020716626.1	583	51	533	583	11074830	11074678	72.549	4.16e-16	87.8
Vipera_berus_C9A	NW_020716626.1	583	53	55	107	11133200	11133042	71.698	3.33e-15	85.1
Vipera_berus_C9A	NW_020716626.1	583	45	26	70	11137792	11137658	62.222	1.08e-08	63.9
Vipera_berus_C9A	NW_020716626.1	583	43	354	395	11111518	11111390	72.093	7.08e-08	61.2
Vipera_berus_C9A	NW_020716626.1	583	69	457	525	11746159	11746362	40.580	4.39e-07	58.9
Vipera_berus_C9A	NW_020716626.1	583	52	528	579	11749435	11749590	50.000	8.38e-07	57.8
Vipera_berus_C9A	NW_020716626.1	583	81	275	355	11850190	11849948	33.333	1.37e-06	57.0
Vipera_berus_C9A	NW_020716626.1	583	90	266	355	11793939	11793676	31.111	7.34e-06	54.7
Vipera_berus_C9A	NW_020719678.1	583	50	107	156	4547	4398	84.000	1.77e-17	92.0
Vipera_berus_C9A	NW_020719678.1	583	54	54	107	6201	6040	75.926	2.47e-17	91.7
Vipera_berus_C9A	NW_020719678.1	583	47	157	203	2837	2697	78.723	2.56e-16	88.6
Vipera_berus_C9A	NW_020719678.1	583	74	199	272	1259	1038	52.703	1.19e-12	76.6
Vipera_berus_C9A	NW_020719678.1	583	41	26	66	6905	6783	63.415	5.46e-08	61.6
Vipera_berus_C9A	NW_020716808.1	583	223	299	514	740500	741120	25.561	2.47e-10	69.3
Vipera_berus_C9A	NW_020716624.1	583	51	529	579	9966032	9965880	52.941	6.29e-08	61.6
Vipera_berus_C9A	NW_020716624.1	583	79	277	355	9922253	9922489	34.177	1.58e-07	60.1
Vipera_berus_C9A	NW_020716624.1	583	48	532	579	9949627	9949758	54.167	9.69e-07	57.8
Vipera_berus_C9A	NW_020716624.1	583	81	274	354	9986520	9986278	29.630	6.80e-06	54.7
Sceloporus_undulatus_C9A	NW_020716626.1	591	78	281	358	11121189	11120956	66.667	1.21e-26	121
Sceloporus_undulatus_C9A	NW_020716626.1	591	81	457	537	11075966	11075724	66.667	1.27e-26	121
Sceloporus_undulatus_C9A	NW_020716626.1	591	78	460	537	11108432	11108199	65.385	1.73e-26	120
Sceloporus_undulatus_C9A	NW_020716626.1	591	94	280	373	11083110	11082838	55.319	2.38e-25	117
Sceloporus_undulatus_C9A	NW_020716626.1	591	50	538	587	11106643	11106494	58.000	1.49e-11	73.2
Sceloporus_undulatus_C9A	NW_020716626.1	591	65	408	472	11077318	11077124	49.231	4.04e-11	72.0
Sceloporus_undulatus_C9A	NW_020716626.1	591	48	155	202	11127725	11127582	58.333	5.74e-11	71.2
Sceloporus_undulatus_C9A	NW_020716626.1	591	50	106	155	11132126	11131977	64.000	3.51e-10	68.9
Sceloporus_undulatus_C9A	NW_020716626.1	591	57	405	461	11109843	11109673	52.632	3.86e-09	65.5
Sceloporus_undulatus_C9A	NW_020716626.1	591	49	539	587	11074824	11074678	53.061	1.76e-08	63.2
Sceloporus_undulatus_C9A	NW_020716626.1	591	51	541	591	11749462	11749614	52.941	2.30e-08	62.8
Sceloporus_undulatus_C9A	NW_020716626.1	591	42	539	579	11785979	11785854	69.048	4.24e-08	62.0
Sceloporus_undulatus_C9A	NW_020716626.1	591	82	281	362	11850184	11849939	34.146	2.25e-07	59.7
Sceloporus_undulatus_C9A	NW_020716626.1	591	69	463	531	11746165	11746368	40.580	7.05e-07	58.2
Sceloporus_undulatus_C9A	NW_020716626.1	591	61	528	587	11822630	11822448	45.902	8.80e-07	57.8
Sceloporus_undulatus_C9A	NW_020716626.1	591	53	55	106	11133200	11133042	47.170	9.42e-07	57.8
Sceloporus_undulatus_C9A	NW_020716626.1	591	82	195	276	11125373	11125143	36.585	1.84e-06	56.6
Sceloporus_undulatus_C9A	NW_020716626.1	591	83	277	359	11793924	11793676	30.120	8.24e-06	54.7
Sceloporus_undulatus_C9A	NW_020719678.1	591	47	156	202	2837	2697	61.702	1.37e-10	70.1
Sceloporus_undulatus_C9A	NW_020719678.1	591	50	106	155	4547	4398	66.000	1.92e-10	69.7
Sceloporus_undulatus_C9A	NW_020719678.1	591	81	31	107	6279	6037	39.506	1.80e-07	60.1
Sceloporus_undulatus_C9A	NW_020719678.1	591	40	25	64	6908	6789	60.000	3.59e-07	58.9
Sceloporus_undulatus_C9A	NW_020716624.1	591	52	533	584	9966032	9965877	48.077	2.50e-08	62.8
Sceloporus_undulatus_C9A	NW_020716624.1	591	53	535	587	9949615	9949770	52.830	8.65e-07	57.8
Sceloporus_undulatus_C9A	NW_020716624.1	591	75	454	527	9947121	9947345	34.667	1.40e-06	57.0
Sceloporus_undulatus_C9A	NW_020716808.1	591	223	303	518	740500	741120	25.561	2.64e-06	56.2
Sceloporus_undulatus_C9A	NW_020716850.1	591	56	540	591	178151	178318	46.429	6.89e-06	55.1
Anolis_carolinensis_C9B	NW_020716626.1	538	78	280	357	11121192	11120959	65.385	3.14e-25	116
Anolis_carolinensis_C9B	NW_020716626.1	538	92	280	371	11083110	11082844	57.609	3.55e-25	115
Anolis_carolinensis_C9B	NW_020716626.1	538	70	462	531	11075951	11075742	65.714	3.83e-22	106
Anolis_carolinensis_C9B	NW_020716626.1	538	68	462	529	11108426	11108223	64.706	8.26e-21	102
Anolis_carolinensis_C9B	NW_020716626.1	538	57	146	202	11127752	11127582	57.895	7.25e-13	77.4
Anolis_carolinensis_C9B	NW_020716626.1	538	73	400	472	11077342	11077124	47.945	9.06e-12	73.6
Anolis_carolinensis_C9B	NW_020716626.1	538	50	106	155	11132126	11131977	68.000	7.26e-11	70.9
Anolis_carolinensis_C9B	NW_020716626.1	538	56	405	460	11109843	11109676	53.571	4.84e-10	68.2
Anolis_carolinensis_C9B	NW_020716626.1	538	71	462	532	11746162	11746371	42.254	5.57e-09	64.7
Anolis_carolinensis_C9B	NW_020716626.1	538	82	195	276	11125373	11125143	41.463	1.85e-08	63.2
Anolis_carolinensis_C9B	NW_020716626.1	538	79	281	359	11850184	11849948	34.177	4.05e-07	58.5
Anolis_carolinensis_C9B	NW_020716626.1	538	75	281	355	11793912	11793688	34.667	5.71e-06	55.1
Anolis_carolinensis_C9B	NW_020716626.1	538	52	57	107	11133194	11133039	46.154	7.18e-06	54.7
Anolis_carolinensis_C9B	NW_020719678.1	538	47	156	202	2837	2697	65.957	1.59e-12	75.9
Anolis_carolinensis_C9B	NW_020719678.1	538	50	106	155	4547	4398	70.000	1.12e-11	73.2
Anolis_carolinensis_C9B	NW_020719678.1	538	97	18	107	6327	6037	36.082	6.10e-10	67.8
Anolis_carolinensis_C9B	NW_020719678.1	538	62	3	64	6962	6789	45.161	9.12e-08	60.8
Anolis_carolinensis_C9B	NW_020719678.1	538	87	191	277	1280	1035	35.632	4.25e-06	55.5
Anolis_carolinensis_C9B	NW_020716624.1	538	93	281	373	9922253	9922528	33.333	4.20e-08	62.0
Anolis_carolinensis_C9B	NW_020716624.1	538	77	281	357	9986511	9986281	32.468	1.46e-06	57.0
Anolis_carolinensis_C9B	NW_020716808.1	538	220	306	518	740509	741120	25.000	2.86e-06	55.8
Hydrophis_cyanocinctus_C9B	NW_020716626.1	582	81	273	353	11121198	11120956	91.358	2.90e-39	159
Hydrophis_cyanocinctus_C9B	NW_020716626.1	582	80	452	531	11108441	11108202	91.250	8.90e-38	155
Hydrophis_cyanocinctus_C9B	NW_020716626.1	582	92	275	366	11083110	11082844	69.565	4.80e-33	140
Hydrophis_cyanocinctus_C9B	NW_020716626.1	582	75	198	272	11125364	11125140	92.000	8.33e-33	140
Hydrophis_cyanocinctus_C9B	NW_020716626.1	582	80	452	531	11075966	11075727	80.000	1.51e-32	139
Hydrophis_cyanocinctus_C9B	NW_020716626.1	582	61	396	456	11109855	11109673	95.082	2.02e-26	120
Hydrophis_cyanocinctus_C9B	NW_020716626.1	582	52	531	582	11106649	11106494	100.000	8.89e-26	118
Hydrophis_cyanocinctus_C9B	NW_020716626.1	582	50	106	155	11132126	11131977	100.000	5.30e-23	109
Hydrophis_cyanocinctus_C9B	NW_020716626.1	582	50	57	106	11133191	11133042	98.000	2.40e-22	107
Hydrophis_cyanocinctus_C9B	NW_020716626.1	582	78	146	210	11127752	11127519	64.103	1.01e-20	102
Hydrophis_cyanocinctus_C9B	NW_020716626.1	582	71	397	467	11077336	11077124	60.563	2.19e-18	95.1
Hydrophis_cyanocinctus_C9B	NW_020716626.1	582	45	353	397	11111518	11111384	93.333	7.84e-16	87.0
Hydrophis_cyanocinctus_C9B	NW_020716626.1	582	49	534	582	11074824	11074678	65.306	1.24e-12	76.6
Hydrophis_cyanocinctus_C9B	NW_020716626.1	582	38	25	62	11137792	11137679	89.474	1.78e-11	73.2
Hydrophis_cyanocinctus_C9B	NW_020716626.1	582	69	456	524	11746159	11746362	42.029	1.87e-07	60.1
Hydrophis_cyanocinctus_C9B	NW_020716626.1	582	56	527	582	11749435	11749602	48.214	3.45e-07	58.9
Hydrophis_cyanocinctus_C9B	NW_020716626.1	582	74	456	529	11840402	11840184	39.189	9.86e-06	54.3
Hydrophis_cyanocinctus_C9B	NW_020719678.1	582	50	106	155	4547	4398	96.000	5.33e-21	103
Hydrophis_cyanocinctus_C9B	NW_020719678.1	582	80	30	106	6279	6040	55.000	7.43e-16	87.0
Hydrophis_cyanocinctus_C9B	NW_020719678.1	582	75	197	271	1262	1038	57.333	6.31e-14	80.9
Hydrophis_cyanocinctus_C9B	NW_020719678.1	582	47	156	202	2837	2697	72.340	8.31e-14	80.5
Hydrophis_cyanocinctus_C9B	NW_020716808.1	582	221	298	513	740500	741120	25.339	1.01e-10	70.5
Hydrophis_cyanocinctus_C9B	NW_020716624.1	582	50	529	578	9966029	9965880	52.000	4.20e-08	62.0
Hydrophis_cyanocinctus_C9B	NW_020716624.1	582	82	273	354	9922244	9922489	34.146	1.12e-07	60.8
Hydrophis_cyanocinctus_C9B	NW_020716624.1	582	82	276	357	9986511	9986266	29.268	4.28e-06	55.5
Hydrophis_cyanocinctus_C9B	NW_020716962.1	582	223	294	515	30326	30940	24.215	9.48e-07	57.8
Bothrops_jararaca_C9B	NW_020716626.1	583	81	274	354	11121198	11120956	82.716	6.62e-35	146
Bothrops_jararaca_C9B	NW_020716626.1	583	80	453	532	11108441	11108202	85.000	2.15e-34	145
Bothrops_jararaca_C9B	NW_020716626.1	583	92	276	367	11083110	11082844	69.565	1.89e-32	139
Bothrops_jararaca_C9B	NW_020716626.1	583	80	453	532	11075966	11075727	80.000	4.82e-32	137
Bothrops_jararaca_C9B	NW_020716626.1	583	77	196	272	11125373	11125143	74.026	2.47e-25	117
Bothrops_jararaca_C9B	NW_020716626.1	583	70	400	469	11077330	11077121	70.000	2.63e-21	104
Bothrops_jararaca_C9B	NW_020716626.1	583	60	398	457	11109852	11109673	78.333	6.71e-21	103
Bothrops_jararaca_C9B	NW_020716626.1	583	50	107	156	11132126	11131977	92.000	2.45e-20	101
Bothrops_jararaca_C9B	NW_020716626.1	583	57	147	203	11127752	11127582	77.193	9.46e-20	99.8
Bothrops_jararaca_C9B	NW_020716626.1	583	52	532	583	11106649	11106494	71.154	9.57e-17	90.1
Bothrops_jararaca_C9B	NW_020716626.1	583	51	57	107	11133194	11133042	74.510	1.12e-15	86.7
Bothrops_jararaca_C9B	NW_020716626.1	583	51	533	583	11074830	11074678	72.549	2.85e-15	85.1
Bothrops_jararaca_C9B	NW_020716626.1	583	45	26	70	11137792	11137658	66.667	9.45e-10	67.4
Bothrops_jararaca_C9B	NW_020716626.1	583	43	354	395	11111518	11111390	69.767	1.43e-07	60.5
Bothrops_jararaca_C9B	NW_020716626.1	583	79	277	355	11850184	11849948	32.911	1.38e-06	57.0
Bothrops_jararaca_C9B	NW_020716626.1	583	52	528	579	11749435	11749590	46.154	3.27e-06	55.8
Bothrops_jararaca_C9B	NW_020716626.1	583	79	277	355	11793912	11793676	30.380	6.46e-06	55.1
Bothrops_jararaca_C9B	NW_020716626.1	583	69	457	525	11746159	11746362	39.130	6.86e-06	54.7
Bothrops_jararaca_C9B	NW_020719678.1	583	50	107	156	4547	4398	88.000	5.16e-19	97.1
Bothrops_jararaca_C9B	NW_020719678.1	583	54	54	107	6201	6040	74.074	2.53e-17	91.7
Bothrops_jararaca_C9B	NW_020719678.1	583	47	157	203	2837	2697	82.979	6.51e-17	90.5
Bothrops_jararaca_C9B	NW_020719678.1	583	78	195	272	1271	1038	50.000	6.28e-12	74.3
Bothrops_jararaca_C9B	NW_020719678.1	583	41	26	66	6905	6783	63.415	1.19e-07	60.5
Bothrops_jararaca_C9B	NW_020716808.1	583	223	299	514	740500	741120	25.561	2.29e-10	69.3
Bothrops_jararaca_C9B	NW_020716624.1	583	82	274	355	9922244	9922489	35.366	1.61e-08	63.5
Bothrops_jararaca_C9B	NW_020716624.1	583	51	529	579	9966032	9965880	50.980	5.30e-08	61.6
Bothrops_jararaca_C9B	NW_020716624.1	583	48	532	579	9949627	9949758	54.167	9.44e-07	57.8
Laticauda_colubrina_C9B	NW_020716626.1	583	81	274	354	11121198	11120956	92.593	1.69e-39	160
Laticauda_colubrina_C9B	NW_020716626.1	583	80	453	532	11108441	11108202	92.500	3.59e-38	156
Laticauda_colubrina_C9B	NW_020716626.1	583	94	274	367	11083116	11082844	69.149	1.03e-33	143
Laticauda_colubrina_C9B	NW_020716626.1	583	80	453	532	11075966	11075727	78.750	3.61e-32	138
Laticauda_colubrina_C9B	NW_020716626.1	583	78	199	276	11125364	11125131	82.051	3.47e-28	125
Laticauda_colubrina_C9B	NW_020716626.1	583	52	532	583	11106649	11106494	94.231	2.31e-24	114
Laticauda_colubrina_C9B	NW_020716626.1	583	61	397	457	11109855	11109673	85.246	7.69e-24	112
Laticauda_colubrina_C9B	NW_020716626.1	583	50	58	107	11133191	11133042	96.000	1.04e-21	105
Laticauda_colubrina_C9B	NW_020716626.1	583	79	147	212	11127752	11127516	64.557	8.06e-21	102
Laticauda_colubrina_C9B	NW_020716626.1	583	50	107	156	11132126	11131977	90.000	5.75e-20	100
Laticauda_colubrina_C9B	NW_020716626.1	583	71	398	468	11077336	11077124	63.380	1.52e-18	95.9
Laticauda_colubrina_C9B	NW_020716626.1	583	38	26	63	11137792	11137679	92.105	1.78e-12	76.3
Laticauda_colubrina_C9B	NW_020716626.1	583	51	533	583	11074830	11074678	62.745	2.60e-12	75.9
Laticauda_colubrina_C9B	NW_020716626.1	583	42	354	395	11080693	11080568	85.714	1.25e-11	73.6
Laticauda_colubrina_C9B	NW_020716626.1	583	69	457	525	11746159	11746362	42.029	3.17e-07	59.3
Laticauda_colubrina_C9B	NW_020716626.1	583	81	275	355	11850190	11849948	34.568	5.07e-07	58.5
Laticauda_colubrina_C9B	NW_020716626.1	583	100	268	355	11793975	11793676	30.000	7.50e-07	58.2
Laticauda_colubrina_C9B	NW_020716626.1	583	56	529	583	11822615	11822448	50.000	5.94e-06	55.1
Laticauda_colubrina_C9B	NW_020716626.1	583	56	528	583	11749435	11749602	44.643	7.79e-06	54.7
Laticauda_colubrina_C9B	NW_020719678.1	583	50	107	156	4547	4398	88.000	1.28e-18	95.9
Laticauda_colubrina_C9B	NW_020719678.1	583	54	54	107	6201	6040	75.926	4.89e-17	90.9
Laticauda_colubrina_C9B	NW_020719678.1	583	46	157	202	2837	2700	78.261	5.21e-15	84.3
Laticauda_colubrina_C9B	NW_020719678.1	583	74	198	271	1262	1041	51.351	7.49e-11	70.9
Laticauda_colubrina_C9B	NW_020719678.1	583	38	26	63	6905	6792	63.158	2.41e-06	56.2
Laticauda_colubrina_C9B	NW_020716808.1	583	221	299	514	740500	741120	24.887	1.94e-10	69.7
Laticauda_colubrina_C9B	NW_020716624.1	583	51	529	579	9966032	9965880	52.941	3.07e-08	62.4
Laticauda_colubrina_C9B	NW_020716624.1	583	81	277	357	9922253	9922495	30.864	7.52e-08	61.2
Laticauda_colubrina_C9B	NW_020716624.1	583	81	274	354	9986520	9986278	30.864	7.57e-07	58.2
Pseudonaja_textilis_C9B	NW_020716626.1	583	81	274	354	11121198	11120956	96.296	5.11e-41	165
Pseudonaja_textilis_C9B	NW_020716626.1	583	80	453	532	11108441	11108202	93.750	1.62e-38	157
Pseudonaja_textilis_C9B	NW_020716626.1	583	94	274	367	11083116	11082844	71.277	3.26e-35	147
Pseudonaja_textilis_C9B	NW_020716626.1	583	80	453	532	11075966	11075727	77.500	2.01e-31	135
Pseudonaja_textilis_C9B	NW_020716626.1	583	75	199	273	11125364	11125140	81.333	5.33e-28	125
Pseudonaja_textilis_C9B	NW_020716626.1	583	60	398	457	11109852	11109673	90.000	1.70e-24	114
Pseudonaja_textilis_C9B	NW_020716626.1	583	51	57	107	11133194	11133042	98.039	5.68e-23	109
Pseudonaja_textilis_C9B	NW_020716626.1	583	50	107	156	11132126	11131977	98.000	1.73e-22	108
Pseudonaja_textilis_C9B	NW_020716626.1	583	52	532	583	11106649	11106494	88.462	1.03e-21	105
Pseudonaja_textilis_C9B	NW_020716626.1	583	78	147	211	11127752	11127519	65.385	1.50e-21	105
Pseudonaja_textilis_C9B	NW_020716626.1	583	71	398	468	11077336	11077124	63.380	1.60e-18	95.5
Pseudonaja_textilis_C9B	NW_020716626.1	583	45	354	398	11111518	11111384	84.444	8.25e-14	80.5
Pseudonaja_textilis_C9B	NW_020716626.1	583	45	26	70	11137792	11137658	75.556	3.20e-11	72.0
Pseudonaja_textilis_C9B	NW_020716626.1	583	48	536	583	11074821	11074678	60.417	2.21e-10	69.3
Pseudonaja_textilis_C9B	NW_020716626.1	583	69	457	525	11746159	11746362	42.029	9.07e-08	60.8
Pseudonaja_textilis_C9B	NW_020716626.1	583	54	530	583	11749441	11749602	48.148	2.04e-07	59.7
Pseudonaja_textilis_C9B	NW_020716626.1	583	78	277	354	11850184	11849951	32.051	5.74e-06	55.1
Pseudonaja_textilis_C9B	NW_020716626.1	583	54	531	583	11822603	11822448	50.000	8.78e-06	54.7
Pseudonaja_textilis_C9B	NW_020719678.1	583	50	107	156	4547	4398	94.000	1.63e-20	102
Pseudonaja_textilis_C9B	NW_020719678.1	583	54	54	107	6201	6040	72.222	5.52e-16	87.4
Pseudonaja_textilis_C9B	NW_020719678.1	583	47	157	203	2837	2697	76.596	2.95e-15	85.1
Pseudonaja_textilis_C9B	NW_020719678.1	583	75	198	272	1262	1038	48.000	1.08e-09	67.0
Pseudonaja_textilis_C9B	NW_020719678.1	583	38	26	63	6905	6792	68.421	1.98e-07	59.7
Pseudonaja_textilis_C9B	NW_020716808.1	583	221	299	514	740500	741120	25.339	1.25e-10	70.1
Pseudonaja_textilis_C9B	NW_020716624.1	583	50	530	579	9966029	9965880	54.000	2.66e-08	62.8
Pseudonaja_textilis_C9B	NW_020716624.1	583	78	277	354	9922253	9922486	33.333	6.85e-08	61.2
Pseudonaja_textilis_C9B	NW_020716624.1	583	78	277	354	9986511	9986278	29.487	1.26e-06	57.4
Pseudonaja_textilis_C9B	NW_020716624.1	583	46	538	583	9949633	9949770	45.652	4.19e-06	55.5
Pseudonaja_textilis_C9B	NW_020716962.1	583	223	295	516	30326	30940	23.767	1.01e-07	60.8
Notechis_scutatus_C9B	NW_020716626.1	583	81	274	354	11121198	11120956	100.000	6.44e-43	171
Notechis_scutatus_C9B	NW_020716626.1	583	85	448	532	11108456	11108202	92.941	1.07e-40	164
Notechis_scutatus_C9B	NW_020716626.1	583	75	199	273	11125364	11125140	96.000	9.52e-35	146
Notechis_scutatus_C9B	NW_020716626.1	583	94	274	367	11083116	11082844	69.149	6.75e-34	143
Notechis_scutatus_C9B	NW_020716626.1	583	98	435	532	11076020	11075727	66.327	1.22e-32	139
Notechis_scutatus_C9B	NW_020716626.1	583	61	397	457	11109855	11109673	98.361	3.47e-28	125
Notechis_scutatus_C9B	NW_020716626.1	583	52	532	583	11106649	11106494	100.000	8.21e-26	118
Notechis_scutatus_C9B	NW_020716626.1	583	50	107	156	11132126	11131977	100.000	5.25e-23	109
Notechis_scutatus_C9B	NW_020716626.1	583	50	58	107	11133191	11133042	100.000	8.00e-23	109
Notechis_scutatus_C9B	NW_020716626.1	583	78	147	211	11127752	11127519	66.667	4.40e-22	107
Notechis_scutatus_C9B	NW_020716626.1	583	71	398	468	11077336	11077124	60.563	1.10e-18	96.3
Notechis_scutatus_C9B	NW_020716626.1	583	45	354	398	11111518	11111384	95.556	7.29e-16	87.0
Notechis_scutatus_C9B	NW_020716626.1	583	49	535	583	11074824	11074678	65.306	1.20e-12	76.6
Notechis_scutatus_C9B	NW_020716626.1	583	38	26	63	11137792	11137679	92.105	1.71e-12	76.3
Notechis_scutatus_C9B	NW_020716626.1	583	69	457	525	11746159	11746362	42.029	9.96e-08	60.8
Notechis_scutatus_C9B	NW_020716626.1	583	56	528	583	11749435	11749602	48.214	6.17e-07	58.2
Notechis_scutatus_C9B	NW_020716626.1	583	100	268	355	11793975	11793676	29.000	2.47e-06	56.2
Notechis_scutatus_C9B	NW_020716626.1	583	79	277	355	11850184	11849948	31.646	9.16e-06	54.3
Notechis_scutatus_C9B	NW_020719678.1	583	50	107	156	4547	4398	96.000	5.75e-21	103
Notechis_scutatus_C9B	NW_020719678.1	583	54	54	107	6201	6040	72.222	8.42e-16	86.7
Notechis_scutatus_C9B	NW_020719678.1	583	47	157	203	2837	2697	76.596	3.88e-15	84.7
Notechis_scutatus_C9B	NW_020719678.1	583	75	198	272	1262	1038	54.667	1.99e-12	75.9
Notechis_scutatus_C9B	NW_020719678.1	583	38	26	63	6905	6792	63.158	2.47e-06	56.2
Notechis_scutatus_C9B	NW_020716808.1	583	221	299	514	740500	741120	25.339	1.99e-10	69.7
Notechis_scutatus_C9B	NW_020716624.1	583	50	530	579	9966029	9965880	52.000	4.75e-08	62.0
Notechis_scutatus_C9B	NW_020716624.1	583	85	274	358	9986520	9986266	30.588	1.26e-07	60.5
Notechis_scutatus_C9B	NW_020716624.1	583	79	277	355	9922253	9922489	31.646	2.68e-07	59.3
Notechis_scutatus_C9B	NW_020716962.1	583	223	295	516	30326	30940	23.318	3.96e-07	58.9
Pituophis_catenifer_C9B	NW_020716626.1	583	94	274	367	11083116	11082844	84.043	9.11e-41	164
Pituophis_catenifer_C9B	NW_020716626.1	583	77	456	532	11108432	11108202	89.610	4.40e-36	150
Pituophis_catenifer_C9B	NW_020716626.1	583	77	277	353	11121189	11120959	83.117	1.93e-33	142
Pituophis_catenifer_C9B	NW_020716626.1	583	80	453	532	11075966	11075727	78.750	7.64e-32	137
Pituophis_catenifer_C9B	NW_020716626.1	583	72	397	468	11077339	11077124	79.167	2.94e-24	114
Pituophis_catenifer_C9B	NW_020716626.1	583	51	533	583	11074830	11074678	86.275	2.40e-20	101
Pituophis_catenifer_C9B	NW_020716626.1	583	50	107	156	11132126	11131977	94.000	4.92e-20	100
Pituophis_catenifer_C9B	NW_020716626.1	583	54	404	457	11109834	11109673	72.222	8.34e-17	90.1
Pituophis_catenifer_C9B	NW_020716626.1	583	57	147	203	11127752	11127582	68.421	1.82e-15	85.9
Pituophis_catenifer_C9B	NW_020716626.1	583	53	55	107	11133200	11133042	69.811	2.77e-14	82.0
Pituophis_catenifer_C9B	NW_020716626.1	583	75	198	272	11125367	11125143	54.667	3.97e-13	78.2
Pituophis_catenifer_C9B	NW_020716626.1	583	52	532	583	11106649	11106494	57.692	5.12e-12	74.7
Pituophis_catenifer_C9B	NW_020716626.1	583	45	26	70	11137792	11137658	60.000	3.49e-08	62.4
Pituophis_catenifer_C9B	NW_020716626.1	583	42	355	395	11111515	11111390	71.429	1.10e-07	60.8
Pituophis_catenifer_C9B	NW_020716626.1	583	69	457	525	11746159	11746362	40.580	3.00e-06	55.8
Pituophis_catenifer_C9B	NW_020719678.1	583	76	198	273	1262	1035	73.684	1.25e-24	114
Pituophis_catenifer_C9B	NW_020719678.1	583	50	107	156	4547	4398	98.000	2.81e-21	104
Pituophis_catenifer_C9B	NW_020719678.1	583	54	54	107	6201	6040	81.481	7.84e-19	96.7
Pituophis_catenifer_C9B	NW_020719678.1	583	47	157	203	2837	2697	89.362	1.05e-18	96.3
Pituophis_catenifer_C9B	NW_020719678.1	583	41	26	66	6905	6783	70.732	1.17e-09	67.0
Pituophis_catenifer_C9B	NW_020716808.1	583	221	299	514	740500	741120	25.792	5.12e-11	71.6
Pituophis_catenifer_C9B	NW_020716624.1	583	76	277	352	9922253	9922480	38.158	9.39e-08	60.8
Pituophis_catenifer_C9B	NW_020716624.1	583	46	538	583	9949633	9949770	52.174	2.16e-06	56.6
Pituophis_catenifer_C9B	NW_020716624.1	583	75	450	523	9947121	9947345	36.000	2.90e-06	56.2
Pituophis_catenifer_C9B	NW_020716962.1	583	282	298	564	30335	31120	22.695	5.42e-07	58.5
Pantherophis_obsoletus_C9B	NW_020716626.1	583	81	274	354	11121198	11120956	86.420	8.85e-37	152
Pantherophis_obsoletus_C9B	NW_020716626.1	583	77	456	532	11075957	11075727	88.312	4.52e-36	150
Pantherophis_obsoletus_C9B	NW_020716626.1	583	92	276	367	11083110	11082844	71.739	3.01e-34	144
Pantherophis_obsoletus_C9B	NW_020716626.1	583	77	456	532	11108432	11108202	80.519	6.73e-33	140
Pantherophis_obsoletus_C9B	NW_020716626.1	583	72	397	468	11077339	11077124	79.167	3.10e-24	113
Pantherophis_obsoletus_C9B	NW_020716626.1	583	56	528	583	11074845	11074678	80.357	3.67e-21	103
Pantherophis_obsoletus_C9B	NW_020716626.1	583	50	107	156	11132126	11131977	94.000	5.96e-20	100
Pantherophis_obsoletus_C9B	NW_020716626.1	583	57	401	457	11109843	11109673	70.175	4.79e-17	90.9
Pantherophis_obsoletus_C9B	NW_020716626.1	583	57	147	203	11127752	11127582	68.421	2.50e-15	85.5
Pantherophis_obsoletus_C9B	NW_020716626.1	583	51	57	107	11133194	11133042	74.510	3.36e-15	85.1
Pantherophis_obsoletus_C9B	NW_020716626.1	583	82	198	275	11125367	11125134	56.098	8.99e-14	80.5
Pantherophis_obsoletus_C9B	NW_020716626.1	583	52	532	583	11106649	11106494	55.769	6.91e-12	74.3
Pantherophis_obsoletus_C9B	NW_020716626.1	583	45	26	70	11137792	11137658	66.667	1.99e-09	66.2
Pantherophis_obsoletus_C9B	NW_020716626.1	583	43	354	395	11111518	11111390	76.744	4.10e-09	65.5
Pantherophis_obsoletus_C9B	NW_020716626.1	583	69	457	525	11746159	11746362	39.130	3.64e-07	58.9
Pantherophis_obsoletus_C9B	NW_020716626.1	583	81	275	355	11850190	11849948	33.333	2.69e-06	56.2
Pantherophis_obsoletus_C9B	NW_020716626.1	583	73	457	529	11840402	11840187	39.726	2.83e-06	56.2
Pantherophis_obsoletus_C9B	NW_020719678.1	583	75	198	272	1262	1038	73.333	4.17e-24	113
Pantherophis_obsoletus_C9B	NW_020719678.1	583	50	107	156	4547	4398	98.000	3.78e-21	103
Pantherophis_obsoletus_C9B	NW_020719678.1	583	98	13	107	6321	6040	57.143	1.08e-20	102
Pantherophis_obsoletus_C9B	NW_020719678.1	583	47	157	203	2837	2697	89.362	1.30e-18	95.9
Pantherophis_obsoletus_C9B	NW_020719678.1	583	41	26	66	6905	6783	65.854	1.77e-08	63.2
Pantherophis_obsoletus_C9B	NW_020716808.1	583	221	299	514	740500	741120	25.792	1.01e-10	70.5
Pantherophis_obsoletus_C9B	NW_020716624.1	583	82	274	355	9922244	9922489	37.805	2.20e-09	66.2
Pantherophis_obsoletus_C9B	NW_020716624.1	583	47	537	583	9949630	9949770	51.064	1.43e-06	57.0
Pantherophis_obsoletus_C9B	NW_020716624.1	583	85	274	358	9986520	9986266	29.412	2.29e-06	56.2
Pantherophis_obsoletus_C9B	NW_020716624.1	583	75	450	523	9947121	9947345	36.000	3.39e-06	55.8
Crotalus_tigris_C9B	NW_020716626.1	583	94	274	367	11083116	11082844	76.596	3.02e-37	153
Crotalus_tigris_C9B	NW_020716626.1	583	80	453	532	11108441	11108202	80.000	2.93e-33	141
Crotalus_tigris_C9B	NW_020716626.1	583	80	453	532	11075966	11075727	81.250	3.30e-33	141
Crotalus_tigris_C9B	NW_020716626.1	583	78	274	351	11121198	11120965	80.769	3.54e-33	141
Crotalus_tigris_C9B	NW_020716626.1	583	73	396	468	11077342	11077124	72.603	2.01e-22	108
Crotalus_tigris_C9B	NW_020716626.1	583	51	533	583	11074830	11074678	84.314	1.74e-20	102
Crotalus_tigris_C9B	NW_020716626.1	583	50	107	156	11132126	11131977	92.000	1.55e-19	99.0
Crotalus_tigris_C9B	NW_020716626.1	583	57	147	203	11127752	11127582	71.930	1.62e-17	92.4
Crotalus_tigris_C9B	NW_020716626.1	583	57	401	457	11109843	11109673	73.684	1.72e-17	92.4
Crotalus_tigris_C9B	NW_020716626.1	583	51	57	107	11133194	11133042	74.510	6.08e-15	84.3
Crotalus_tigris_C9B	NW_020716626.1	583	77	196	272	11125373	11125143	54.545	3.68e-14	81.6
Crotalus_tigris_C9B	NW_020716626.1	583	52	532	583	11106649	11106494	57.692	1.23e-12	76.6
Crotalus_tigris_C9B	NW_020716626.1	583	45	26	70	11137792	11137658	57.778	2.38e-07	59.7
Crotalus_tigris_C9B	NW_020716626.1	583	44	355	398	11080690	11080559	63.636	3.15e-07	59.3
Crotalus_tigris_C9B	NW_020716626.1	583	69	457	525	11746159	11746362	39.130	1.76e-06	56.6
Crotalus_tigris_C9B	NW_020719678.1	583	78	195	272	1271	1038	75.641	1.26e-25	117
Crotalus_tigris_C9B	NW_020719678.1	583	50	107	156	4547	4398	92.000	2.64e-19	98.2
Crotalus_tigris_C9B	NW_020719678.1	583	47	157	203	2837	2697	87.234	5.08e-18	94.0
Crotalus_tigris_C9B	NW_020719678.1	583	98	13	107	6321	6040	52.041	1.87e-17	92.0
Crotalus_tigris_C9B	NW_020719678.1	583	41	26	66	6905	6783	78.049	5.45e-11	71.2
Crotalus_tigris_C9B	NW_020716808.1	583	221	299	514	740500	741120	25.792	1.65e-10	69.7
Crotalus_tigris_C9B	NW_020716624.1	583	103	277	379	9922253	9922558	31.068	2.38e-07	59.7
Crotalus_tigris_C9B	NW_020716624.1	583	46	538	583	9949633	9949770	52.174	3.08e-06	55.8
Crotalus_tigris_C9B	NW_020716962.1	583	222	298	516	30335	30940	25.225	3.00e-06	55.8
Ptyas_mucosa_C9B	NW_020716626.1	583	94	274	367	11083116	11082844	85.106	1.91e-41	166
Ptyas_mucosa_C9B	NW_020716626.1	583	77	456	532	11075957	11075727	87.013	5.78e-35	146
Ptyas_mucosa_C9B	NW_020716626.1	583	84	277	360	11121189	11120938	78.571	1.46e-33	142
Ptyas_mucosa_C9B	NW_020716626.1	583	77	456	532	11108432	11108202	79.221	9.49e-32	137
Ptyas_mucosa_C9B	NW_020716626.1	583	56	528	583	11074845	11074678	87.500	1.67e-23	111
Ptyas_mucosa_C9B	NW_020716626.1	583	72	397	468	11077339	11077124	76.389	4.36e-22	107
Ptyas_mucosa_C9B	NW_020716626.1	583	50	107	156	11132126	11131977	92.000	6.85e-20	100
Ptyas_mucosa_C9B	NW_020716626.1	583	53	55	107	11133200	11133042	79.245	1.48e-17	92.4
Ptyas_mucosa_C9B	NW_020716626.1	583	57	401	457	11109843	11109673	68.421	4.78e-16	87.8
Ptyas_mucosa_C9B	NW_020716626.1	583	57	147	203	11127752	11127582	68.421	7.35e-16	87.0
Ptyas_mucosa_C9B	NW_020716626.1	583	81	196	272	11125373	11125143	54.321	4.29e-13	78.2
Ptyas_mucosa_C9B	NW_020716626.1	583	52	532	583	11106649	11106494	59.615	1.15e-12	77.0
Ptyas_mucosa_C9B	NW_020716626.1	583	35	355	389	11080690	11080586	80.000	1.00e-06	57.8
Ptyas_mucosa_C9B	NW_020716626.1	583	70	460	529	11840393	11840187	41.429	3.88e-06	55.8
Ptyas_mucosa_C9B	NW_020716626.1	583	69	457	525	11746159	11746362	37.681	4.52e-06	55.5
Ptyas_mucosa_C9B	NW_020719678.1	583	76	198	273	1262	1035	75.000	2.86e-24	113
Ptyas_mucosa_C9B	NW_020719678.1	583	50	107	156	4547	4398	96.000	1.73e-20	101
Ptyas_mucosa_C9B	NW_020719678.1	583	47	157	203	2837	2697	89.362	1.04e-18	96.3
Ptyas_mucosa_C9B	NW_020719678.1	583	54	54	107	6201	6040	74.074	3.01e-16	88.2
Ptyas_mucosa_C9B	NW_020719678.1	583	42	27	66	6908	6783	61.905	4.81e-06	55.5
Ptyas_mucosa_C9B	NW_020716808.1	583	221	299	514	740500	741120	25.339	5.92e-09	64.7
Ptyas_mucosa_C9B	NW_020716624.1	583	76	277	352	9922253	9922480	38.158	9.47e-08	60.8
Ptyas_mucosa_C9B	NW_020716624.1	583	46	538	583	9949633	9949770	52.174	1.32e-06	57.4
Ptyas_mucosa_C9B	NW_020716962.1	583	221	298	516	30335	30940	23.077	8.62e-06	54.7
