# Notechis_scutatus_copy1 subject=NW_020716626.1 region_offset=11059675 (add to sstart/send)
Lacerta_agilis_C9A	region	589	93	279	371	23433	23164	59.140	3.61e-34	130
Lacerta_agilis_C9A	region	589	74	461	534	16274	16053	68.919	7.32e-30	116
Lacerta_agilis_C9A	region	589	56	403	458	17653	17486	55.357	2.68e-15	70.5
Lacerta_agilis_C9A	region	589	70	519	584	15213	15004	44.286	1.50e-11	58.2
Lacerta_agilis_C9A	region	589	36	356	391	21019	20912	38.889	0.058	26.9
Zootoca_vivipara_C9A	region	589	93	279	371	23433	23164	59.140	7.32e-34	129
Zootoca_vivipara_C9A	region	589	74	461	534	16274	16053	68.919	7.32e-30	116
Zootoca_vivipara_C9A	region	589	56	403	458	17653	17486	53.571	9.76e-15	68.6
Zootoca_vivipara_C9A	region	589	49	537	584	15150	15004	53.061	8.02e-11	55.8
Zootoca_vivipara_C9A	region	589	36	356	391	21019	20912	38.889	0.026	28.1
Podarcis_muralis_C9A	region	589	94	278	371	23436	23164	57.447	1.59e-33	128
Podarcis_muralis_C9A	region	589	74	461	534	16274	16053	66.216	7.15e-29	113
Podarcis_muralis_C9A	region	589	54	405	458	17647	17486	51.852	7.78e-13	62.4
Podarcis_muralis_C9A	region	589	70	519	584	15213	15004	44.286	1.20e-11	58.5
Podarcis_muralis_C9A	region	589	36	356	391	21019	20912	36.111	0.036	27.7
Anolis_carolinensis_C9A	region	591	81	457	537	16292	16050	61.728	1.16e-30	119
Anolis_carolinensis_C9A	region	591	107	280	381	23436	23125	50.467	1.85e-29	115
Anolis_carolinensis_C9A	region	591	65	408	472	17644	17450	46.154	1.26e-13	65.1
Anolis_carolinensis_C9A	region	591	49	539	587	15150	15004	55.102	6.95e-13	62.4
Anolis_carolinensis_C9A	region	591	35	358	392	21019	20915	31.429	0.68	23.5
Pogona_vitticeps_C9A	region	576	78	438	515	16292	16059	64.103	9.27e-29	113
Pogona_vitticeps_C9A	region	576	90	262	351	23433	23173	54.444	4.35e-28	111
Pogona_vitticeps_C9A	region	576	71	501	571	15216	15004	53.521	1.87e-19	83.6
Pogona_vitticeps_C9A	region	576	60	389	448	17644	17465	46.667	9.47e-14	65.5
Pogona_vitticeps_C9A	region	576	42	339	380	21019	20894	42.857	1.02e-04	35.8
Gekko_japonicus_C9A	region	582	74	295	368	23433	23212	58.108	9.27e-25	100
Gekko_japonicus_C9A	region	582	68	457	524	16274	16071	61.765	4.86e-24	98.6
Gekko_japonicus_C9A	region	582	52	530	581	15159	15004	63.462	1.18e-14	68.2
Gekko_japonicus_C9A	region	582	52	400	451	17650	17495	40.385	2.90e-09	50.8
Crotalus_tigris_C9A	region	583	94	274	367	23442	23170	76.596	3.51e-42	154
Crotalus_tigris_C9A	region	583	80	453	532	16292	16053	81.250	8.40e-38	141
Crotalus_tigris_C9A	region	583	73	396	468	17668	17450	72.603	4.05e-27	108
Crotalus_tigris_C9A	region	583	51	533	583	15156	15004	82.353	6.47e-25	101
Crotalus_tigris_C9A	region	583	44	355	398	21016	20885	63.636	6.50e-12	59.3
Thamnophis_elegans_C9A	region	583	92	276	367	23436	23170	68.478	1.13e-36	137
Thamnophis_elegans_C9A	region	583	80	453	532	16292	16053	75.000	2.95e-33	127
Thamnophis_elegans_C9A	region	583	72	397	468	17665	17450	65.278	3.08e-24	99.0
Thamnophis_elegans_C9A	region	583	51	533	583	15156	15004	64.706	1.86e-17	77.4
Thamnophis_elegans_C9A	region	583	36	354	389	21019	20912	52.778	1.83e-05	38.5
Naja_naja_C9A	region	582	94	274	367	23442	23170	84.043	1.24e-46	168
Naja_naja_C9A	region	582	80	452	531	16292	16053	90.000	1.87e-41	152
Naja_naja_C9A	region	582	72	396	467	17665	17450	79.167	1.41e-29	115
Naja_naja_C9A	region	582	56	527	582	15171	15004	91.071	2.86e-29	114
Naja_naja_C9A	region	582	46	355	399	21016	20879	73.913	1.11e-13	65.1
Pseudonaja_textilis_C9A	region	583	94	274	367	23442	23170	89.362	1.94e-49	176
Pseudonaja_textilis_C9A	region	583	77	456	532	16283	16053	96.104	7.29e-43	156
Pseudonaja_textilis_C9A	region	583	73	396	468	17668	17450	86.301	3.17e-32	124
Pseudonaja_textilis_C9A	region	583	56	528	583	15171	15004	96.429	7.09e-31	119
Pseudonaja_textilis_C9A	region	583	46	355	400	21016	20879	93.478	1.40e-20	87.4
Pseudonaja_textilis_C9A	region	583	77	67	139	2351	2572	27.273	0.51	23.9
Python_bivittatus_C9A	region	582	92	276	367	23436	23170	67.391	1.91e-36	137
Python_bivittatus_C9A	region	582	80	453	532	16292	16053	72.500	7.65e-33	125
Python_bivittatus_C9A	region	582	72	397	468	17665	17450	65.278	1.33e-23	97.1
Python_bivittatus_C9A	region	582	48	535	582	15147	15004	77.083	3.78e-21	89.4
Python_bivittatus_C9A	region	582	36	354	389	21019	20912	52.778	2.78e-07	44.3
Notechis_scutatus_C9A	region	583	94	274	367	23442	23170	89.362	2.49e-49	176
Notechis_scutatus_C9A	region	583	77	456	532	16283	16053	98.701	2.10e-44	161
Notechis_scutatus_C9A	region	583	73	396	468	17668	17450	87.671	5.32e-33	126
Notechis_scutatus_C9A	region	583	56	528	583	15171	15004	96.429	7.82e-31	119
Notechis_scutatus_C9A	region	583	42	355	396	21016	20891	100.000	1.85e-20	87.0
Notechis_scutatus_C9A	region	583	83	61	139	2333	2572	26.506	0.70	23.5
Hydrophis_cyanocinctus_C9A	region	583	94	274	367	23442	23170	87.234	2.82e-48	172
Hydrophis_cyanocinctus_C9A	region	583	77	456	532	16283	16053	97.403	9.82e-44	159
Hydrophis_cyanocinctus_C9A	region	583	72	397	468	17665	17450	84.722	7.82e-31	119
Hydrophis_cyanocinctus_C9A	region	583	56	528	583	15171	15004	96.429	8.54e-31	119
Hydrophis_cyanocinctus_C9A	region	583	41	355	395	21016	20894	95.122	1.69e-18	80.5
Hydrophis_cyanocinctus_C9A	region	583	77	67	139	2351	2572	27.273	0.65	23.5
Laticauda_colubrina_C9A	region	583	94	274	367	23442	23170	88.298	9.68e-49	174
Laticauda_colubrina_C9A	region	583	77	456	532	16283	16053	96.104	1.93e-43	158
Laticauda_colubrina_C9A	region	583	72	397	468	17665	17450	81.944	1.19e-30	119
Laticauda_colubrina_C9A	region	583	56	528	583	15171	15004	94.643	1.80e-30	118
Laticauda_colubrina_C9A	region	583	46	355	400	21016	20879	78.261	9.17e-16	72.0
Protobothrops_mucrosquamatus_C9A	region	583	92	276	367	23436	23170	69.565	1.63e-37	140
Protobothrops_mucrosquamatus_C9A	region	583	80	453	532	16292	16053	80.000	3.29e-37	139
Protobothrops_mucrosquamatus_C9A	region	583	65	404	468	17644	17450	73.846	7.31e-25	100
Protobothrops_mucrosquamatus_C9A	region	583	51	533	583	15156	15004	76.471	4.33e-21	89.0
Protobothrops_mucrosquamatus_C9A	region	583	36	354	389	21019	20912	52.778	1.73e-06	41.6
Chrysopelea_ornata_C9A	region	584	92	276	367	23436	23170	71.739	1.72e-37	140
Chrysopelea_ornata_C9A	region	584	80	454	533	16292	16053	78.750	8.53e-37	138
Chrysopelea_ornata_C9A	region	584	72	398	469	17665	17450	63.889	5.14e-24	98.2
Chrysopelea_ornata_C9A	region	584	51	534	584	15156	15004	64.706	4.47e-17	76.3
Chrysopelea_ornata_C9A	region	584	37	354	390	21019	20912	48.649	3.71e-05	37.4
Pituophis_catenifer_C9A	region	583	94	274	367	23442	23170	84.043	8.23e-46	165
Pituophis_catenifer_C9A	region	583	80	453	532	16292	16053	75.000	3.31e-34	130
Pituophis_catenifer_C9A	region	583	72	397	468	17665	17450	68.056	4.93e-25	101
Pituophis_catenifer_C9A	region	583	49	535	583	15150	15004	69.388	6.51e-18	79.0
Pituophis_catenifer_C9A	region	583	35	355	389	21016	20912	48.571	4.73e-05	37.0
Pantherophis_obsoletus_C9A	region	583	92	276	367	23436	23170	73.913	3.14e-40	148
Pantherophis_obsoletus_C9A	region	583	80	453	532	16292	16053	75.000	3.20e-34	130
Pantherophis_obsoletus_C9A	region	583	71	398	468	17662	17450	64.789	1.43e-23	97.1
Pantherophis_obsoletus_C9A	region	583	51	533	583	15156	15004	68.627	2.08e-18	80.5
Pantherophis_obsoletus_C9A	region	583	36	354	389	21019	20912	50.000	9.44e-06	39.3
Bothrops_jararaca_C9A	region	583	80	453	532	16292	16053	80.000	9.91e-37	138
Bothrops_jararaca_C9A	region	583	92	276	367	23436	23170	69.565	1.31e-36	137
Bothrops_jararaca_C9A	region	583	70	400	469	17656	17447	67.143	5.93e-25	101
Bothrops_jararaca_C9A	region	583	51	533	583	15156	15004	74.510	1.62e-20	87.0
Bothrops_jararaca_C9A	region	583	36	354	389	21019	20912	55.556	3.17e-07	43.9
Ptyas_mucosa_C9A	region	583	91	277	367	23433	23170	72.527	4.62e-38	142
Ptyas_mucosa_C9A	region	583	80	453	532	16292	16053	76.250	2.98e-35	133
Ptyas_mucosa_C9A	region	583	72	397	468	17665	17450	59.722	1.74e-22	93.6
Ptyas_mucosa_C9A	region	583	49	535	583	15150	15004	69.388	3.30e-17	76.6
Ptyas_mucosa_C9A	region	583	36	354	389	21019	20912	50.000	1.24e-05	38.9
Vipera_berus_C9A	region	583	80	453	532	16292	16053	80.000	2.17e-37	140
Vipera_berus_C9A	region	583	92	276	367	23436	23170	68.478	4.43e-36	135
Vipera_berus_C9A	region	583	69	400	468	17656	17450	71.014	1.32e-25	103
Vipera_berus_C9A	region	583	51	533	583	15156	15004	72.549	9.35e-21	87.8
Vipera_berus_C9A	region	583	36	354	389	21019	20912	52.778	1.40e-06	42.0
Sceloporus_undulatus_C9A	region	591	81	457	537	16292	16050	66.667	2.83e-31	121
Sceloporus_undulatus_C9A	region	591	94	280	373	23436	23164	55.319	5.32e-30	117
Sceloporus_undulatus_C9A	region	591	65	408	472	17644	17450	49.231	9.12e-16	72.0
Sceloporus_undulatus_C9A	region	591	49	539	587	15150	15004	53.061	3.99e-13	63.2
Sceloporus_undulatus_C9A	region	591	36	358	393	21019	20912	41.667	4.71e-04	33.9
Anolis_carolinensis_C9B	region	538	92	280	371	23436	23170	57.609	7.95e-30	115
Anolis_carolinensis_C9B	region	538	70	462	531	16277	16068	65.714	8.59e-27	106
Anolis_carolinensis_C9B	region	538	73	400	472	17668	17450	47.945	2.04e-16	73.6
Anolis_carolinensis_C9B	region	538	46	359	404	21016	20885	34.783	1.26e-04	35.4
Hydrophis_cyanocinctus_C9B	region	582	92	275	366	23436	23170	69.565	1.07e-37	140
Hydrophis_cyanocinctus_C9B	region	582	80	452	531	16292	16053	80.000	3.37e-37	139
Hydrophis_cyanocinctus_C9B	region	582	71	397	467	17662	17450	60.563	4.92e-23	95.1
Hydrophis_cyanocinctus_C9B	region	582	49	534	582	15150	15004	65.306	2.79e-17	76.6
Hydrophis_cyanocinctus_C9B	region	582	37	353	389	21019	20912	43.243	4.35e-04	33.9
Bothrops_jararaca_C9B	region	583	92	276	367	23436	23170	69.565	4.20e-37	139
Bothrops_jararaca_C9B	region	583	80	453	532	16292	16053	80.000	1.07e-36	137
Bothrops_jararaca_C9B	region	583	70	400	469	17656	17447	70.000	5.89e-26	104
Bothrops_jararaca_C9B	region	583	51	533	583	15156	15004	72.549	6.41e-20	85.1
Bothrops_jararaca_C9B	region	583	36	354	389	21019	20912	52.778	1.70e-06	41.6
Laticauda_colubrina_C9B	region	583	94	274	367	23442	23170	69.149	2.30e-38	143
Laticauda_colubrina_C9B	region	583	80	453	532	16292	16053	78.750	8.05e-37	138
Laticauda_colubrina_C9B	region	583	71	398	468	17662	17450	63.380	3.41e-23	95.9
Laticauda_colubrina_C9B	region	583	51	533	583	15156	15004	62.745	5.86e-17	75.9
Laticauda_colubrina_C9B	region	583	42	354	395	21019	20894	85.714	2.81e-16	73.6
Pseudonaja_textilis_C9B	region	583	94	274	367	23442	23170	71.277	7.25e-40	147
Pseudonaja_textilis_C9B	region	583	80	453	532	16292	16053	77.500	4.47e-36	135
Pseudonaja_textilis_C9B	region	583	71	398	468	17662	17450	63.380	3.59e-23	95.5
Pseudonaja_textilis_C9B	region	583	48	536	583	15147	15004	60.417	4.99e-15	69.3
Pseudonaja_textilis_C9B	region	583	37	354	390	21019	20912	43.243	5.21e-04	33.5
Notechis_scutatus_C9B	region	583	94	274	367	23442	23170	69.149	1.50e-38	143
Notechis_scutatus_C9B	region	583	98	435	532	16346	16053	66.327	2.72e-37	139
Notechis_scutatus_C9B	region	583	71	398	468	17662	17450	60.563	2.47e-23	96.3
Notechis_scutatus_C9B	region	583	49	535	583	15150	15004	65.306	2.71e-17	76.6
Notechis_scutatus_C9B	region	583	37	354	390	21019	20912	43.243	6.49e-04	33.1
Pituophis_catenifer_C9B	region	583	94	274	367	23442	23170	84.043	2.03e-45	164
Pituophis_catenifer_C9B	region	583	80	453	532	16292	16053	78.750	1.70e-36	137
Pituophis_catenifer_C9B	region	583	72	397	468	17665	17450	79.167	6.56e-29	114
Pituophis_catenifer_C9B	region	583	51	533	583	15156	15004	86.275	5.38e-25	101
Pituophis_catenifer_C9B	region	583	34	356	389	21013	20912	50.000	1.72e-04	35.0
Pantherophis_obsoletus_C9B	region	583	77	456	532	16283	16053	88.312	1.01e-40	150
Pantherophis_obsoletus_C9B	region	583	92	276	367	23436	23170	71.739	6.71e-39	144
Pantherophis_obsoletus_C9B	region	583	72	397	468	17665	17450	79.167	6.92e-29	113
Pantherophis_obsoletus_C9B	region	583	56	528	583	15171	15004	80.357	8.21e-26	103
Pantherophis_obsoletus_C9B	region	583	36	354	389	21019	20912	50.000	8.89e-06	39.3
Crotalus_tigris_C9B	region	583	94	274	367	23442	23170	76.596	6.71e-42	153
Crotalus_tigris_C9B	region	583	80	453	532	16292	16053	81.250	7.34e-38	141
Crotalus_tigris_C9B	region	583	73	396	468	17668	17450	72.603	4.50e-27	108
Crotalus_tigris_C9B	region	583	51	533	583	15156	15004	84.314	3.90e-25	102
Crotalus_tigris_C9B	region	583	44	355	398	21016	20885	63.636	7.14e-12	59.3
Ptyas_mucosa_C9B	region	583	94	274	367	23442	23170	85.106	4.24e-46	166
Ptyas_mucosa_C9B	region	583	77	456	532	16283	16053	87.013	1.29e-39	146
Ptyas_mucosa_C9B	region	583	56	528	583	15171	15004	87.500	3.73e-28	111
Ptyas_mucosa_C9B	region	583	72	397	468	17665	17450	76.389	9.76e-27	107
Ptyas_mucosa_C9B	region	583	35	355	389	21016	20912	80.000	2.27e-11	57.8
# Notechis_scutatus_copy3 subject=NW_020719678.1 region_offset=1 (add to sstart/send)
Lacerta_agilis_C9A	region	589	55	100	154	4562	4398	70.909	4.08e-19	81.3
Lacerta_agilis_C9A	region	589	47	155	201	2837	2697	68.085	7.77e-19	80.1
Lacerta_agilis_C9A	region	589	52	56	106	6192	6037	53.846	2.16e-14	65.9
Lacerta_agilis_C9A	region	589	41	26	65	6905	6783	48.780	8.11e-09	47.8
Lacerta_agilis_C9A	region	589	84	192	275	1274	1035	34.524	1.85e-08	46.6
Zootoca_vivipara_C9A	region	589	55	100	154	4562	4398	70.909	5.75e-19	80.5
Zootoca_vivipara_C9A	region	589	47	155	201	2837	2697	68.085	8.11e-19	80.1
Zootoca_vivipara_C9A	region	589	52	56	106	6192	6037	53.846	1.28e-14	66.6
Zootoca_vivipara_C9A	region	589	86	192	275	1274	1035	32.558	8.98e-09	47.8
Zootoca_vivipara_C9A	region	589	41	26	65	6905	6783	43.902	3.78e-08	45.4
Zootoca_vivipara_C9A	region	589	31	374	404	5817	5731	41.935	0.80	21.6
Podarcis_muralis_C9A	region	589	55	100	154	4562	4398	70.909	4.08e-19	81.3
Podarcis_muralis_C9A	region	589	47	155	201	2837	2697	68.085	7.77e-19	80.1
Podarcis_muralis_C9A	region	589	52	56	106	6192	6037	55.769	1.53e-14	66.2
Podarcis_muralis_C9A	region	589	41	26	65	6905	6783	48.780	9.95e-09	47.4
Podarcis_muralis_C9A	region	589	84	192	275	1274	1035	32.143	1.35e-07	43.9
Anolis_carolinensis_C9A	region	591	47	156	202	2837	2697	70.213	7.01e-19	80.5
Anolis_carolinensis_C9A	region	591	50	106	155	4547	4398	66.000	8.36e-16	70.5
Anolis_carolinensis_C9A	region	591	52	57	107	6192	6037	53.846	7.31e-14	64.3
Anolis_carolinensis_C9A	region	591	53	12	64	6935	6789	49.057	8.54e-12	57.4
Anolis_carolinensis_C9A	region	591	86	194	277	1271	1035	31.395	2.38e-08	46.2
Pogona_vitticeps_C9A	region	576	48	156	203	2837	2694	70.833	1.75e-19	82.4
Pogona_vitticeps_C9A	region	576	50	106	155	4547	4398	70.000	4.64e-17	74.3
Pogona_vitticeps_C9A	region	576	62	3	64	6962	6789	48.387	2.31e-13	62.4
Pogona_vitticeps_C9A	region	576	52	57	107	6192	6037	44.231	1.23e-10	53.5
Gekko_japonicus_C9A	region	582	51	122	172	4547	4398	64.706	5.28e-16	70.9
Gekko_japonicus_C9A	region	582	45	173	217	2837	2703	60.000	9.78e-15	67.0
Gekko_japonicus_C9A	region	582	52	71	122	6189	6040	57.692	1.88e-13	62.8
Gekko_japonicus_C9A	region	582	43	37	79	6911	6783	46.512	5.58e-09	48.1
Crotalus_tigris_C9A	region	583	79	195	273	1271	1035	74.684	1.51e-30	117
Crotalus_tigris_C9A	region	583	50	107	156	4547	4398	92.000	2.16e-24	97.8
Crotalus_tigris_C9A	region	583	47	157	203	2837	2697	87.234	3.95e-23	94.0
Crotalus_tigris_C9A	region	583	98	13	107	6321	6040	52.041	6.37e-23	93.2
Crotalus_tigris_C9A	region	583	41	26	66	6905	6783	75.610	1.38e-15	69.7
Crotalus_tigris_C9A	region	583	51	232	281	3080	3220	37.255	0.43	22.3
Thamnophis_elegans_C9A	region	583	50	107	156	4547	4398	90.000	1.63e-23	95.1
Thamnophis_elegans_C9A	region	583	54	54	107	6201	6040	72.222	2.43e-21	88.2
Thamnophis_elegans_C9A	region	583	47	157	203	2837	2697	80.851	1.15e-20	86.3
Thamnophis_elegans_C9A	region	583	81	195	271	1271	1041	44.444	5.76e-14	64.3
Thamnophis_elegans_C9A	region	583	41	26	66	6905	6783	63.415	8.98e-14	63.9
Naja_naja_C9A	region	582	79	195	273	1271	1035	91.139	9.95e-41	148
Naja_naja_C9A	region	582	54	54	107	6201	6040	88.889	7.50e-27	105
Naja_naja_C9A	region	582	50	107	156	4547	4398	98.000	8.26e-27	105
Naja_naja_C9A	region	582	47	157	203	2837	2697	97.872	8.20e-26	102
Naja_naja_C9A	region	582	41	26	66	6905	6783	78.049	1.51e-16	72.8
Pseudonaja_textilis_C9A	region	583	79	195	273	1271	1035	91.139	3.23e-40	147
Pseudonaja_textilis_C9A	region	583	54	54	107	6201	6040	92.593	3.61e-28	109
Pseudonaja_textilis_C9A	region	583	50	107	156	4547	4398	98.000	9.57e-27	105
Pseudonaja_textilis_C9A	region	583	47	157	203	2837	2697	97.872	8.41e-26	102
Pseudonaja_textilis_C9A	region	583	41	26	66	6905	6783	82.927	1.90e-17	75.9
Python_bivittatus_C9A	region	582	50	107	156	4547	4398	90.000	4.13e-24	97.1
Python_bivittatus_C9A	region	582	47	157	203	2837	2697	85.106	5.15e-23	93.6
Python_bivittatus_C9A	region	582	78	195	272	1271	1038	51.282	3.86e-17	74.7
Python_bivittatus_C9A	region	582	54	54	107	6201	6040	57.407	9.04e-17	73.6
Python_bivittatus_C9A	region	582	41	26	66	6905	6783	63.415	2.27e-13	62.4
Notechis_scutatus_C9A	region	583	79	195	273	1271	1035	93.671	4.66e-41	149
Notechis_scutatus_C9A	region	583	54	54	107	6201	6040	94.444	2.00e-28	110
Notechis_scutatus_C9A	region	583	50	107	156	4547	4398	100.000	3.98e-27	106
Notechis_scutatus_C9A	region	583	47	157	203	2837	2697	97.872	8.41e-26	102
Notechis_scutatus_C9A	region	583	41	26	66	6905	6783	82.927	1.90e-17	75.9
Hydrophis_cyanocinctus_C9A	region	583	79	195	273	1271	1035	92.405	1.73e-40	147
Hydrophis_cyanocinctus_C9A	region	583	54	54	107	6201	6040	94.444	2.05e-28	110
Hydrophis_cyanocinctus_C9A	region	583	50	107	156	4547	4398	100.000	4.23e-27	106
Hydrophis_cyanocinctus_C9A	region	583	47	157	203	2837	2697	95.745	2.60e-25	100
Hydrophis_cyanocinctus_C9A	region	583	41	26	66	6905	6783	82.927	1.92e-17	75.9
Laticauda_colubrina_C9A	region	583	79	195	273	1271	1035	91.139	3.61e-40	147
Laticauda_colubrina_C9A	region	583	54	54	107	6201	6040	90.741	4.35e-27	106
Laticauda_colubrina_C9A	region	583	50	107	156	4547	4398	98.000	9.41e-27	105
Laticauda_colubrina_C9A	region	583	47	157	203	2837	2697	97.872	9.93e-26	102
Laticauda_colubrina_C9A	region	583	41	26	66	6905	6783	80.488	6.55e-17	73.9
Protobothrops_mucrosquamatus_C9A	region	583	50	107	156	4547	4398	88.000	3.37e-24	97.4
Protobothrops_mucrosquamatus_C9A	region	583	54	54	107	6201	6040	72.222	9.78e-22	89.4
Protobothrops_mucrosquamatus_C9A	region	583	47	157	203	2837	2697	80.851	1.48e-21	89.0
Protobothrops_mucrosquamatus_C9A	region	583	79	198	272	1262	1038	51.899	1.77e-16	72.4
Protobothrops_mucrosquamatus_C9A	region	583	41	26	66	6905	6783	63.415	3.55e-13	62.0
Chrysopelea_ornata_C9A	region	584	50	107	156	4547	4398	94.000	1.59e-25	101
Chrysopelea_ornata_C9A	region	584	47	157	203	2837	2697	93.617	1.04e-24	99.0
Chrysopelea_ornata_C9A	region	584	54	54	107	6201	6040	74.074	4.96e-22	90.5
Chrysopelea_ornata_C9A	region	584	78	195	272	1271	1038	50.000	2.12e-18	79.0
Chrysopelea_ornata_C9A	region	584	41	26	66	6905	6783	65.854	8.78e-14	63.9
Pituophis_catenifer_C9A	region	583	98	13	107	6321	6040	57.143	2.14e-26	104
Pituophis_catenifer_C9A	region	583	50	107	156	4547	4398	92.000	7.09e-25	99.4
Pituophis_catenifer_C9A	region	583	47	157	203	2837	2697	82.979	8.08e-22	89.7
Pituophis_catenifer_C9A	region	583	76	198	273	1262	1035	48.684	1.13e-17	76.6
Pituophis_catenifer_C9A	region	583	41	26	66	6905	6783	68.293	2.49e-14	65.5
Pantherophis_obsoletus_C9A	region	583	98	13	107	6321	6040	58.163	1.74e-26	104
Pantherophis_obsoletus_C9A	region	583	50	107	156	4547	4398	86.000	9.75e-24	95.9
Pantherophis_obsoletus_C9A	region	583	47	157	203	2837	2697	80.851	4.80e-21	87.4
Pantherophis_obsoletus_C9A	region	583	75	198	272	1262	1038	49.333	5.86e-17	74.3
Pantherophis_obsoletus_C9A	region	583	41	26	66	6905	6783	65.854	1.76e-13	62.8
Bothrops_jararaca_C9A	region	583	50	107	156	4547	4398	84.000	5.95e-23	93.6
Bothrops_jararaca_C9A	region	583	54	54	107	6201	6040	74.074	2.69e-22	91.3
Bothrops_jararaca_C9A	region	583	47	157	203	2837	2697	80.851	1.34e-21	89.0
Bothrops_jararaca_C9A	region	583	75	198	272	1262	1038	52.000	2.94e-16	72.0
Bothrops_jararaca_C9A	region	583	41	26	66	6905	6783	60.976	1.32e-12	60.1
Ptyas_mucosa_C9A	region	583	50	107	156	4547	4398	96.000	8.05e-26	102
Ptyas_mucosa_C9A	region	583	54	54	107	6201	6040	83.333	1.83e-25	101
Ptyas_mucosa_C9A	region	583	47	157	203	2837	2697	74.468	8.51e-20	83.2
Ptyas_mucosa_C9A	region	583	75	198	272	1262	1038	49.333	3.02e-17	75.1
Ptyas_mucosa_C9A	region	583	41	26	66	6905	6783	65.854	8.04e-14	63.9
Vipera_berus_C9A	region	583	50	107	156	4547	4398	84.000	1.40e-22	92.0
Vipera_berus_C9A	region	583	54	54	107	6201	6040	75.926	1.95e-22	91.7
Vipera_berus_C9A	region	583	47	157	203	2837	2697	78.723	2.02e-21	88.6
Vipera_berus_C9A	region	583	74	199	272	1259	1038	52.703	9.41e-18	76.6
Vipera_berus_C9A	region	583	41	26	66	6905	6783	63.415	4.32e-13	61.6
Vipera_berus_C9A	region	583	27	71	97	2711	2785	40.741	0.75	21.6
Sceloporus_undulatus_C9A	region	591	47	156	202	2837	2697	61.702	1.08e-15	70.1
Sceloporus_undulatus_C9A	region	591	50	106	155	4547	4398	66.000	1.52e-15	69.7
Sceloporus_undulatus_C9A	region	591	81	31	107	6279	6037	39.506	1.43e-12	60.1
Sceloporus_undulatus_C9A	region	591	40	25	64	6908	6789	60.000	2.84e-12	58.9
Sceloporus_undulatus_C9A	region	591	84	194	277	1271	1035	30.952	1.38e-08	47.0
Anolis_carolinensis_C9B	region	538	47	156	202	2837	2697	65.957	1.26e-17	75.9
Anolis_carolinensis_C9B	region	538	50	106	155	4547	4398	70.000	8.84e-17	73.2
Anolis_carolinensis_C9B	region	538	97	18	107	6327	6037	36.082	4.83e-15	67.8
Anolis_carolinensis_C9B	region	538	62	3	64	6962	6789	45.161	7.22e-13	60.8
Anolis_carolinensis_C9B	region	538	87	191	277	1280	1035	35.632	3.36e-11	55.5
Hydrophis_cyanocinctus_C9B	region	582	50	106	155	4547	4398	96.000	4.22e-26	103
Hydrophis_cyanocinctus_C9B	region	582	80	30	106	6279	6040	55.000	5.88e-21	87.0
Hydrophis_cyanocinctus_C9B	region	582	75	197	271	1262	1038	57.333	4.99e-19	80.9
Hydrophis_cyanocinctus_C9B	region	582	47	156	202	2837	2697	72.340	6.58e-19	80.5
Hydrophis_cyanocinctus_C9B	region	582	38	25	62	6905	6792	60.526	2.39e-10	52.8
Bothrops_jararaca_C9B	region	583	50	107	156	4547	4398	88.000	4.09e-24	97.1
Bothrops_jararaca_C9B	region	583	54	54	107	6201	6040	74.074	2.00e-22	91.7
Bothrops_jararaca_C9B	region	583	47	157	203	2837	2697	82.979	5.15e-22	90.5
Bothrops_jararaca_C9B	region	583	78	195	272	1271	1038	50.000	4.98e-17	74.3
Bothrops_jararaca_C9B	region	583	41	26	66	6905	6783	63.415	9.40e-13	60.5
Laticauda_colubrina_C9B	region	583	50	107	156	4547	4398	88.000	1.01e-23	95.9
Laticauda_colubrina_C9B	region	583	54	54	107	6201	6040	75.926	3.87e-22	90.9
Laticauda_colubrina_C9B	region	583	46	157	202	2837	2700	78.261	4.12e-20	84.3
Laticauda_colubrina_C9B	region	583	74	198	271	1262	1041	51.351	5.93e-16	70.9
Laticauda_colubrina_C9B	region	583	38	26	63	6905	6792	63.158	1.91e-11	56.2
Pseudonaja_textilis_C9B	region	583	50	107	156	4547	4398	94.000	1.29e-25	102
Pseudonaja_textilis_C9B	region	583	54	54	107	6201	6040	72.222	4.37e-21	87.4
Pseudonaja_textilis_C9B	region	583	47	157	203	2837	2697	76.596	2.33e-20	85.1
Pseudonaja_textilis_C9B	region	583	75	198	272	1262	1038	48.000	8.56e-15	67.0
Pseudonaja_textilis_C9B	region	583	38	26	63	6905	6792	68.421	1.57e-12	59.7
Notechis_scutatus_C9B	region	583	50	107	156	4547	4398	96.000	4.56e-26	103
Notechis_scutatus_C9B	region	583	54	54	107	6201	6040	72.222	6.67e-21	86.7
Notechis_scutatus_C9B	region	583	47	157	203	2837	2697	76.596	3.07e-20	84.7
Notechis_scutatus_C9B	region	583	75	198	272	1262	1038	54.667	1.58e-17	75.9
Notechis_scutatus_C9B	region	583	38	26	63	6905	6792	63.158	1.96e-11	56.2
Pituophis_catenifer_C9B	region	583	76	198	273	1262	1035	73.684	9.93e-30	114
Pituophis_catenifer_C9B	region	583	50	107	156	4547	4398	98.000	2.22e-26	104
Pituophis_catenifer_C9B	region	583	54	54	107	6201	6040	81.481	6.20e-24	96.7
Pituophis_catenifer_C9B	region	583	47	157	203	2837	2697	89.362	8.34e-24	96.3
Pituophis_catenifer_C9B	region	583	41	26	66	6905	6783	70.732	9.25e-15	67.0
Pantherophis_obsoletus_C9B	region	583	75	198	272	1262	1038	73.333	3.31e-29	113
Pantherophis_obsoletus_C9B	region	583	50	107	156	4547	4398	98.000	2.99e-26	103
Pantherophis_obsoletus_C9B	region	583	98	13	107	6321	6040	57.143	8.55e-26	102
Pantherophis_obsoletus_C9B	region	583	47	157	203	2837	2697	89.362	1.03e-23	95.9
Pantherophis_obsoletus_C9B	region	583	41	26	66	6905	6783	65.854	1.40e-13	63.2
Crotalus_tigris_C9B	region	583	78	195	272	1271	1038	75.641	1.00e-30	117
Crotalus_tigris_C9B	region	583	50	107	156	4547	4398	92.000	2.09e-24	98.2
Crotalus_tigris_C9B	region	583	47	157	203	2837	2697	87.234	4.02e-23	94.0
Crotalus_tigris_C9B	region	583	98	13	107	6321	6040	52.041	1.48e-22	92.0
Crotalus_tigris_C9B	region	583	41	26	66	6905	6783	78.049	4.32e-16	71.2
Ptyas_mucosa_C9B	region	583	76	198	273	1262	1035	75.000	2.26e-29	113
Ptyas_mucosa_C9B	region	583	50	107	156	4547	4398	96.000	1.37e-25	101
Ptyas_mucosa_C9B	region	583	47	157	203	2837	2697	89.362	8.20e-24	96.3
Ptyas_mucosa_C9B	region	583	54	54	107	6201	6040	74.074	2.38e-21	88.2
Ptyas_mucosa_C9B	region	583	42	27	66	6908	6783	61.905	3.81e-11	55.5
