Notechis_scutatus_C9A	NW_020716626.1	585	81	274	354	11121198	11120956	100.000	6.03e-43	171
Notechis_scutatus_C9A	NW_020716626.1	585	85	449	533	11108456	11108202	92.941	1.00e-40	164
Notechis_scutatus_C9A	NW_020716626.1	585	75	199	273	11125364	11125140	96.000	9.79e-35	146
Notechis_scutatus_C9A	NW_020716626.1	585	94	274	367	11083116	11082844	69.149	6.40e-34	143
Notechis_scutatus_C9A	NW_020716626.1	585	98	436	533	11076020	11075727	66.327	1.26e-32	139
Notechis_scutatus_C9A	NW_020716626.1	585	62	397	458	11109858	11109673	98.387	9.70e-29	127
Notechis_scutatus_C9A	NW_020716626.1	585	53	533	585	11106649	11106491	100.000	6.82e-26	119
Notechis_scutatus_C9A	NW_020716626.1	585	50	107	156	11132126	11131977	100.000	5.19e-23	109
Notechis_scutatus_C9A	NW_020716626.1	585	50	58	107	11133191	11133042	100.000	8.13e-23	109
Notechis_scutatus_C9A	NW_020716626.1	585	78	147	211	11127752	11127519	66.667	4.63e-22	107
Notechis_scutatus_C9A	NW_020716626.1	585	71	399	469	11077336	11077124	60.563	1.18e-18	96.3
Notechis_scutatus_C9A	NW_020716626.1	585	43	354	396	11111518	11111390	100.000	2.34e-16	88.6
Notechis_scutatus_C9A	NW_020716626.1	585	50	536	585	11074824	11074675	66.000	9.77e-13	77.0
Notechis_scutatus_C9A	NW_020716626.1	585	38	26	63	11137792	11137679	92.105	1.72e-12	76.3
Notechis_scutatus_C9A	NW_020716626.1	585	69	458	526	11746159	11746362	42.029	9.77e-08	60.8
Notechis_scutatus_C9A	NW_020716626.1	585	56	529	584	11749435	11749602	48.214	6.26e-07	58.2
Notechis_scutatus_C9A	NW_020716626.1	585	100	268	355	11793975	11793676	29.000	2.51e-06	56.2
Notechis_scutatus_C9A	NW_020716626.1	585	79	277	355	11850184	11849948	31.646	9.45e-06	54.3
Notechis_scutatus_C9A	NW_020719678.1	585	50	107	156	4547	4398	96.000	5.78e-21	103
Notechis_scutatus_C9A	NW_020719678.1	585	54	54	107	6201	6040	72.222	8.58e-16	86.7
Notechis_scutatus_C9A	NW_020719678.1	585	47	157	203	2837	2697	76.596	4.09e-15	84.7
Notechis_scutatus_C9A	NW_020719678.1	585	75	198	272	1262	1038	54.667	1.89e-12	76.3
Notechis_scutatus_C9A	NW_020719678.1	585	38	26	63	6905	6792	63.158	2.45e-06	56.2
Notechis_scutatus_C9A	NW_020716808.1	585	222	299	515	740500	741120	26.126	1.10e-10	70.5
Notechis_scutatus_C9A	NW_020716624.1	585	50	531	580	9966029	9965880	52.000	4.77e-08	62.0
Notechis_scutatus_C9A	NW_020716624.1	585	85	274	358	9986520	9986266	30.588	1.21e-07	60.5
Notechis_scutatus_C9A	NW_020716624.1	585	79	277	355	9922253	9922489	31.646	2.72e-07	59.3
Notechis_scutatus_C9A	NW_020716962.1	585	224	295	517	30326	30940	23.214	4.13e-06	55.5
Notechis_scutatus_C9B	NW_020716626.1	584	81	274	354	11121198	11120956	100.000	5.93e-43	171
Notechis_scutatus_C9B	NW_020716626.1	584	85	449	533	11108456	11108202	92.941	9.88e-41	164
Notechis_scutatus_C9B	NW_020716626.1	584	75	199	273	11125364	11125140	96.000	9.65e-35	146
Notechis_scutatus_C9B	NW_020716626.1	584	94	274	367	11083116	11082844	69.149	6.31e-34	143
Notechis_scutatus_C9B	NW_020716626.1	584	98	436	533	11076020	11075727	66.327	1.24e-32	139
Notechis_scutatus_C9B	NW_020716626.1	584	62	397	458	11109858	11109673	98.387	9.59e-29	127
Notechis_scutatus_C9B	NW_020716626.1	584	52	533	584	11106649	11106494	100.000	8.74e-26	118
Notechis_scutatus_C9B	NW_020716626.1	584	50	107	156	11132126	11131977	100.000	5.15e-23	109
Notechis_scutatus_C9B	NW_020716626.1	584	50	58	107	11133191	11133042	100.000	8.07e-23	109
Notechis_scutatus_C9B	NW_020716626.1	584	78	147	211	11127752	11127519	66.667	4.59e-22	107
Notechis_scutatus_C9B	NW_020716626.1	584	71	399	469	11077336	11077124	60.563	1.18e-18	96.3
Notechis_scutatus_C9B	NW_020716626.1	584	43	354	396	11111518	11111390	100.000	2.32e-16	88.6
Notechis_scutatus_C9B	NW_020716626.1	584	49	536	584	11074824	11074678	65.306	1.25e-12	76.6
Notechis_scutatus_C9B	NW_020716626.1	584	38	26	63	11137792	11137679	92.105	1.71e-12	76.3
Notechis_scutatus_C9B	NW_020716626.1	584	69	458	526	11746159	11746362	42.029	9.74e-08	60.8
Notechis_scutatus_C9B	NW_020716626.1	584	56	529	584	11749435	11749602	48.214	6.24e-07	58.2
Notechis_scutatus_C9B	NW_020716626.1	584	100	268	355	11793975	11793676	29.000	2.50e-06	56.2
Notechis_scutatus_C9B	NW_020716626.1	584	79	277	355	11850184	11849948	31.646	9.42e-06	54.3
Notechis_scutatus_C9B	NW_020719678.1	584	50	107	156	4547	4398	96.000	5.74e-21	103
Notechis_scutatus_C9B	NW_020719678.1	584	54	54	107	6201	6040	72.222	8.54e-16	86.7
Notechis_scutatus_C9B	NW_020719678.1	584	47	157	203	2837	2697	76.596	4.07e-15	84.7
Notechis_scutatus_C9B	NW_020719678.1	584	75	198	272	1262	1038	54.667	1.88e-12	76.3
Notechis_scutatus_C9B	NW_020719678.1	584	38	26	63	6905	6792	63.158	2.44e-06	56.2
Notechis_scutatus_C9B	NW_020716808.1	584	222	299	515	740500	741120	26.126	1.10e-10	70.5
Notechis_scutatus_C9B	NW_020716624.1	584	50	531	580	9966029	9965880	52.000	4.76e-08	62.0
Notechis_scutatus_C9B	NW_020716624.1	584	85	274	358	9986520	9986266	30.588	1.21e-07	60.5
Notechis_scutatus_C9B	NW_020716624.1	584	79	277	355	9922253	9922489	31.646	2.71e-07	59.3
Notechis_scutatus_C9B	NW_020716962.1	584	224	295	517	30326	30940	23.214	4.12e-06	55.5
Notechis_scutatus_C9B_remnant	NW_020716626.1	309	92	1	92	11083110	11082844	89.130	4.13e-46	171
Notechis_scutatus_C9B_remnant	NW_020716626.1	309	78	181	258	11075957	11075724	97.436	7.12e-43	162
Notechis_scutatus_C9B_remnant	NW_020716626.1	309	78	1	78	11121192	11120959	79.487	4.76e-35	139
Notechis_scutatus_C9B_remnant	NW_020716626.1	309	77	181	257	11108432	11108202	80.519	1.49e-34	138
Notechis_scutatus_C9B_remnant	NW_020716626.1	309	73	121	193	11077342	11077124	87.671	1.55e-30	126
Notechis_scutatus_C9B_remnant	NW_020716626.1	309	57	253	309	11074845	11074675	96.491	1.33e-28	120
Notechis_scutatus_C9B_remnant	NW_020716626.1	309	60	123	182	11109852	11109673	66.667	2.55e-19	93.6
Notechis_scutatus_C9B_remnant	NW_020716626.1	309	42	80	121	11080690	11080565	100.000	4.47e-17	87.0
Notechis_scutatus_C9B_remnant	NW_020716626.1	309	53	257	309	11106649	11106491	64.151	1.21e-15	82.8
Notechis_scutatus_C9B_remnant	NW_020716626.1	309	71	182	252	11746159	11746368	40.845	5.70e-08	59.3
Notechis_scutatus_C9B_remnant	NW_020716626.1	309	47	262	308	11749462	11749602	53.191	1.15e-06	55.5
Notechis_scutatus_C9B_remnant	NW_020716808.1	309	221	24	239	740500	741120	24.887	7.60e-11	68.2
Notechis_scutatus_C9B_remnant	NW_020716624.1	309	76	2	77	9922253	9922480	38.158	1.47e-08	61.2
Notechis_scutatus_C9B_remnant	NW_020716624.1	309	43	262	304	9949630	9949758	53.488	7.46e-07	55.8
Notechis_scutatus_C9B_remnant	NW_020716624.1	309	50	255	304	9966029	9965880	46.000	4.16e-06	53.5
Notechis_scutatus_C9B_remnant	NW_020716962.1	309	220	23	241	30335	30940	24.545	1.28e-07	58.5
