Lacerta_agilis_C9A	CM123735.1	589	86	277	362	217098717	217098974	77.907	9.35e-35	146
Lacerta_agilis_C9A	CM123735.1	589	106	458	552	217101562	217101873	65.094	1.58e-32	139
Lacerta_agilis_C9A	CM123735.1	589	47	155	201	217094844	217094984	91.489	1.24e-19	99.0
Lacerta_agilis_C9A	CM123735.1	589	59	400	458	217100841	217101017	74.576	1.52e-17	92.4
Lacerta_agilis_C9A	CM123735.1	589	67	53	116	217093031	217093231	64.179	2.37e-17	91.7
Lacerta_agilis_C9A	CM123735.1	589	60	107	163	217093590	217093769	75.000	2.66e-16	88.6
Lacerta_agilis_C9A	CM123735.1	589	83	201	283	217096852	217097094	45.783	9.50e-11	70.5
Lacerta_agilis_C9A	CM123735.1	589	60	470	529	216533119	216532940	48.333	2.84e-08	62.4
Lacerta_agilis_C9A	CM123735.1	589	39	26	63	217092272	217092388	71.795	6.88e-07	57.8
Lacerta_agilis_C9A	CM123738.1	589	230	288	516	10115396	10114758	27.391	2.80e-11	72.4
Lacerta_agilis_C9A	CM123738.1	589	222	300	516	10129852	10129241	27.027	1.38e-09	66.6
Lacerta_agilis_C9A	CM123738.1	589	244	300	533	7621584	7620955	22.541	1.29e-06	57.0
Lacerta_agilis_C9A	CM123737.1	589	90	268	357	60068065	60067811	27.778	3.82e-07	58.9
Lacerta_agilis_C9A	CM123737.1	589	88	279	366	60026525	60026788	30.682	1.61e-06	56.6
Zootoca_vivipara_C9A	CM123735.1	589	86	277	362	217098717	217098974	77.907	9.96e-35	145
Zootoca_vivipara_C9A	CM123735.1	589	77	458	534	217101562	217101792	77.922	3.76e-31	135
Zootoca_vivipara_C9A	CM123735.1	589	47	155	201	217094844	217094984	91.489	1.39e-19	99.0
Zootoca_vivipara_C9A	CM123735.1	589	67	53	116	217093031	217093231	64.179	1.32e-17	92.4
Zootoca_vivipara_C9A	CM123735.1	589	61	398	458	217100835	217101017	70.492	2.09e-16	88.6
Zootoca_vivipara_C9A	CM123735.1	589	60	107	163	217093590	217093769	73.333	5.09e-16	87.4
Zootoca_vivipara_C9A	CM123735.1	589	83	201	283	217096852	217097094	46.988	9.52e-12	73.6
Zootoca_vivipara_C9A	CM123735.1	589	60	470	529	216533119	216532940	46.667	5.48e-08	61.6
Zootoca_vivipara_C9A	CM123735.1	589	29	35	63	217092302	217092388	75.862	6.67e-06	54.7
Zootoca_vivipara_C9A	CM123738.1	589	231	288	516	10115396	10114758	28.139	2.81e-10	68.9
Zootoca_vivipara_C9A	CM123738.1	589	222	300	516	10129852	10129241	26.577	9.63e-09	63.9
Zootoca_vivipara_C9A	CM123737.1	589	90	268	357	60068065	60067811	27.778	5.28e-07	58.2
Zootoca_vivipara_C9A	CM123737.1	589	88	279	366	60026525	60026788	30.682	3.02e-06	55.8
Zootoca_vivipara_C9A	CM123737.1	589	96	440	526	60041365	60041652	30.208	5.12e-06	55.1
Podarcis_muralis_C9A	CM123735.1	589	86	277	362	217098717	217098974	80.233	1.12e-35	149
Podarcis_muralis_C9A	CM123735.1	589	107	458	553	217101562	217101876	58.879	6.24e-30	131
Podarcis_muralis_C9A	CM123735.1	589	47	155	201	217094844	217094984	91.489	1.32e-19	99.0
Podarcis_muralis_C9A	CM123735.1	589	67	53	116	217093031	217093231	64.179	3.44e-17	91.3
Podarcis_muralis_C9A	CM123735.1	589	60	107	163	217093590	217093769	75.000	2.62e-16	88.6
Podarcis_muralis_C9A	CM123735.1	589	59	400	458	217100841	217101017	67.797	7.06e-16	87.0
Podarcis_muralis_C9A	CM123735.1	589	83	201	283	217096852	217097094	45.783	9.79e-10	67.4
Podarcis_muralis_C9A	CM123735.1	589	60	470	529	216533119	216532940	45.000	3.29e-08	62.4
Podarcis_muralis_C9A	CM123735.1	589	39	26	63	217092272	217092388	69.231	2.75e-06	55.8
Podarcis_muralis_C9A	CM123738.1	589	233	288	516	10115396	10114758	28.755	3.02e-11	72.0
Podarcis_muralis_C9A	CM123738.1	589	227	300	517	10129852	10129238	28.634	3.83e-10	68.6
Podarcis_muralis_C9A	CM123737.1	589	90	268	357	60068065	60067811	28.889	2.48e-07	59.3
Podarcis_muralis_C9A	CM123737.1	589	88	279	366	60026525	60026788	29.545	6.50e-06	54.7
Podarcis_muralis_C9A	CM123737.1	589	96	440	526	60041365	60041652	32.292	6.84e-06	54.7
Anolis_carolinensis_C9A	CM123735.1	591	101	463	554	217101571	217101873	57.426	2.73e-28	126
Anolis_carolinensis_C9A	CM123735.1	591	82	278	359	217098714	217098959	69.512	3.63e-28	125
Anolis_carolinensis_C9A	CM123735.1	591	81	140	219	217094802	217095038	58.025	1.68e-17	92.4
Anolis_carolinensis_C9A	CM123735.1	591	65	56	117	217093037	217093231	63.077	4.51e-15	84.3
Anolis_carolinensis_C9A	CM123735.1	591	60	108	164	217093590	217093769	61.667	3.43e-11	72.0
Anolis_carolinensis_C9A	CM123735.1	591	60	402	461	217100841	217101020	53.333	7.03e-11	70.9
Anolis_carolinensis_C9A	CM123735.1	591	39	26	64	217092272	217092388	66.667	1.21e-08	63.5
Anolis_carolinensis_C9A	CM123735.1	591	85	201	285	217096849	217097094	38.824	1.56e-08	63.2
Anolis_carolinensis_C9A	CM123735.1	591	71	461	531	216533149	216532940	39.437	1.18e-07	60.5
Anolis_carolinensis_C9A	CM123735.1	591	79	281	359	216483659	216483895	34.177	4.96e-07	58.5
Anolis_carolinensis_C9A	CM123735.1	591	123	250	362	216509762	216510130	30.081	2.20e-06	56.2
Anolis_carolinensis_C9A	CM123738.1	591	206	293	492	10115399	10114839	28.155	1.07e-09	67.0
Anolis_carolinensis_C9A	CM123738.1	591	218	306	518	10129840	10129235	25.688	1.75e-08	63.2
Anolis_carolinensis_C9A	CM123738.1	591	227	303	519	9609266	9608682	22.907	1.49e-06	57.0
Anolis_carolinensis_C9A	CM123737.1	591	79	281	359	60068047	60067811	34.177	8.04e-09	64.3
Anolis_carolinensis_C9A	CM123737.1	591	79	451	528	60041416	60041652	32.911	6.14e-07	58.2
Pogona_vitticeps_C9A	CM123735.1	576	96	257	352	217098708	217098995	58.333	3.11e-25	116
Pogona_vitticeps_C9A	CM123735.1	576	101	444	538	217101571	217101873	55.446	5.53e-25	115
Pogona_vitticeps_C9A	CM123735.1	576	65	140	204	217094802	217094990	63.077	2.82e-17	91.3
Pogona_vitticeps_C9A	CM123735.1	576	67	54	117	217093031	217093231	56.716	1.17e-13	79.7
Pogona_vitticeps_C9A	CM123735.1	576	60	108	164	217093590	217093769	65.000	1.24e-12	76.6
Pogona_vitticeps_C9A	CM123735.1	576	60	383	442	217100841	217101020	60.000	2.55e-12	75.5
Pogona_vitticeps_C9A	CM123735.1	576	40	25	64	217092269	217092388	75.000	6.72e-10	67.8
Pogona_vitticeps_C9A	CM123735.1	576	50	524	572	216513791	216513940	64.000	4.29e-09	65.1
Pogona_vitticeps_C9A	CM123735.1	576	53	520	571	216489700	216489858	50.943	3.21e-08	62.4
Pogona_vitticeps_C9A	CM123735.1	576	68	443	510	216533146	216532946	42.647	1.42e-07	60.1
Pogona_vitticeps_C9A	CM123735.1	576	79	262	340	216483659	216483895	35.443	1.21e-06	57.0
Pogona_vitticeps_C9A	CM123735.1	576	54	520	573	217103399	217103560	62.963	1.55e-06	56.6
Pogona_vitticeps_C9A	CM123738.1	576	219	287	499	10129840	10129235	29.680	1.84e-12	75.9
Pogona_vitticeps_C9A	CM123738.1	576	231	274	499	10115399	10114758	25.108	7.79e-09	64.3
Pogona_vitticeps_C9A	CM123737.1	576	95	253	347	60068068	60067790	31.579	2.28e-09	65.9
Pogona_vitticeps_C9A	CM123737.1	576	43	521	563	60042439	60042567	60.465	1.53e-07	60.1
Pogona_vitticeps_C9A	CM123737.1	576	96	423	509	60041365	60041652	31.250	4.52e-07	58.5
Pogona_vitticeps_C9A	CM123737.1	576	83	257	339	60026510	60026758	32.530	8.06e-07	57.8
Pogona_vitticeps_C9A	CM123737.1	576	59	520	574	91639030	91638854	44.068	7.89e-06	54.3
Gekko_japonicus_C9A	CM123735.1	582	87	292	378	217098714	217098974	64.368	7.95e-26	118
Gekko_japonicus_C9A	CM123735.1	582	105	455	549	217101565	217101876	55.238	6.45e-23	109
Gekko_japonicus_C9A	CM123735.1	582	45	173	217	217094844	217094978	77.778	5.03e-14	80.9
Gekko_japonicus_C9A	CM123735.1	582	60	124	181	217093590	217093769	63.333	5.72e-14	80.9
Gekko_japonicus_C9A	CM123735.1	582	68	69	133	217093037	217093231	57.353	1.04e-12	76.6
Gekko_japonicus_C9A	CM123735.1	582	67	457	523	216533143	216532946	44.776	7.11e-09	64.3
Gekko_japonicus_C9A	CM123735.1	582	68	39	101	217092272	217092469	45.588	5.00e-07	58.5
Gekko_japonicus_C9A	CM123735.1	582	85	288	372	216509864	216510118	31.765	1.05e-06	57.4
Gekko_japonicus_C9A	CM123735.1	582	79	295	373	216483659	216483895	31.646	1.32e-06	57.0
Gekko_japonicus_C9A	CM123735.1	582	59	395	453	217100844	217101014	47.458	2.42e-06	56.2
Gekko_japonicus_C9A	CM123735.1	582	72	454	523	216513167	216513382	36.111	9.76e-06	54.3
Gekko_japonicus_C9A	CM123738.1	582	218	309	512	10115381	10114758	27.982	1.56e-11	73.2
Gekko_japonicus_C9A	CM123738.1	582	220	316	513	10129852	10129232	27.727	1.11e-10	70.1
Gekko_japonicus_C9A	CM123738.1	582	211	317	521	9609266	9608652	24.171	5.13e-10	68.2
Gekko_japonicus_C9A	CM123738.1	582	50	536	581	108506158	108506009	52.000	3.43e-06	55.8
Gekko_japonicus_C9A	CM123737.1	582	68	456	522	60041449	60041652	38.235	3.08e-07	58.9
Gekko_japonicus_C9A	CM123737.1	582	98	295	392	60068047	60067757	29.592	3.50e-07	58.9
Gekko_japonicus_C9A	CM123737.1	582	102	289	382	60026483	60026788	29.412	1.28e-06	57.0
Crotalus_tigris_C9A	CM123735.1	583	93	276	368	217098720	217098998	54.839	2.34e-24	114
Crotalus_tigris_C9A	CM123735.1	583	101	459	550	217101571	217101873	51.485	8.06e-24	112
Crotalus_tigris_C9A	CM123735.1	583	47	157	203	217094844	217094984	74.468	5.30e-15	84.3
Crotalus_tigris_C9A	CM123735.1	583	60	108	164	217093587	217093766	66.667	4.88e-14	81.3
Crotalus_tigris_C9A	CM123735.1	583	68	54	118	217093031	217093231	51.471	1.66e-10	69.7
Crotalus_tigris_C9A	CM123735.1	583	58	400	457	217100847	217101020	51.724	3.91e-10	68.6
Crotalus_tigris_C9A	CM123735.1	583	40	25	64	217092269	217092388	55.000	2.06e-06	56.2
Crotalus_tigris_C9A	CM123735.1	583	69	457	525	216533149	216532946	37.681	5.17e-06	55.1
Crotalus_tigris_C9A	CM123738.1	583	232	286	514	10115396	10114758	27.586	1.67e-11	72.8
Crotalus_tigris_C9A	CM123738.1	583	222	298	514	10129852	10129235	25.676	7.43e-10	67.4
Crotalus_tigris_C9A	CM123738.1	583	203	289	488	7621608	7621054	26.601	3.87e-06	55.5
Crotalus_tigris_C9A	CM123737.1	583	85	266	350	60068065	60067826	31.765	1.19e-06	57.0
Crotalus_tigris_C9A	CM123737.1	583	47	537	583	60042451	60042591	48.936	1.75e-06	56.6
Thamnophis_elegans_C9A	CM123735.1	583	133	460	574	217101574	217101972	45.865	1.12e-24	114
Thamnophis_elegans_C9A	CM123735.1	583	93	276	368	217098720	217098998	56.989	1.17e-24	114
Thamnophis_elegans_C9A	CM123735.1	583	47	157	203	217094844	217094984	74.468	8.17e-14	80.5
Thamnophis_elegans_C9A	CM123735.1	583	62	108	166	217093587	217093772	59.677	1.35e-11	73.2
Thamnophis_elegans_C9A	CM123735.1	583	68	54	118	217093031	217093231	50.000	1.02e-10	70.5
Thamnophis_elegans_C9A	CM123735.1	583	56	402	457	217100853	217101020	48.214	4.30e-10	68.2
Thamnophis_elegans_C9A	CM123735.1	583	55	530	583	216489694	216489858	50.909	6.95e-09	64.3
Thamnophis_elegans_C9A	CM123735.1	583	77	198	271	217096834	217097064	46.753	2.79e-08	62.4
Thamnophis_elegans_C9A	CM123735.1	583	50	535	583	216513788	216513937	56.000	3.49e-08	62.0
Thamnophis_elegans_C9A	CM123735.1	583	40	25	64	217092269	217092388	57.500	4.62e-08	61.6
Thamnophis_elegans_C9A	CM123738.1	583	227	298	514	10129852	10129235	28.634	5.90e-10	67.8
Thamnophis_elegans_C9A	CM123738.1	583	234	286	514	10115396	10114758	27.778	1.16e-08	63.5
Thamnophis_elegans_C9A	CM123737.1	583	43	537	579	60042451	60042579	51.163	4.44e-06	55.5
Thamnophis_elegans_C9A	CM123737.1	583	85	266	350	60068065	60067826	30.588	5.73e-06	55.1
Naja_naja_C9A	CM123735.1	582	93	276	368	217098720	217098998	59.140	1.12e-26	121
Naja_naja_C9A	CM123735.1	582	101	458	549	217101571	217101873	53.465	8.65e-24	112
Naja_naja_C9A	CM123735.1	582	60	108	164	217093587	217093766	70.000	2.26e-14	82.0
Naja_naja_C9A	CM123735.1	582	47	157	203	217094844	217094984	70.213	8.14e-14	80.5
Naja_naja_C9A	CM123735.1	582	68	54	118	217093031	217093231	52.941	1.50e-11	73.2
Naja_naja_C9A	CM123735.1	582	55	402	456	217100856	217101020	56.364	4.28e-10	68.2
Naja_naja_C9A	CM123735.1	582	40	25	64	217092269	217092388	62.500	4.12e-08	62.0
Naja_naja_C9A	CM123735.1	582	69	456	524	216533149	216532946	36.232	5.96e-06	54.7
Naja_naja_C9A	CM123738.1	582	229	286	513	10115396	10114758	26.638	3.72e-13	78.2
Naja_naja_C9A	CM123738.1	582	222	298	513	10129852	10129235	22.973	4.70e-06	55.1
Naja_naja_C9A	CM123737.1	582	85	266	350	60068065	60067826	34.118	3.19e-07	58.9
Naja_naja_C9A	CM123737.1	582	47	536	582	60042451	60042591	51.064	8.93e-07	57.4
Pseudonaja_textilis_C9A	CM123735.1	583	93	276	368	217098720	217098998	59.140	1.14e-26	121
Pseudonaja_textilis_C9A	CM123735.1	583	101	459	550	217101571	217101873	56.436	2.59e-25	117
Pseudonaja_textilis_C9A	CM123735.1	583	47	157	203	217094844	217094984	70.213	8.24e-14	80.5
Pseudonaja_textilis_C9A	CM123735.1	583	60	108	164	217093587	217093766	66.667	9.87e-14	80.1
Pseudonaja_textilis_C9A	CM123735.1	583	68	54	118	217093031	217093231	52.941	2.15e-11	72.4
Pseudonaja_textilis_C9A	CM123735.1	583	55	403	457	217100856	217101020	54.545	2.66e-10	68.9
Pseudonaja_textilis_C9A	CM123735.1	583	40	25	64	217092269	217092388	65.000	9.95e-09	63.9
Pseudonaja_textilis_C9A	CM123735.1	583	71	457	527	216533149	216532940	36.620	5.73e-06	55.1
Pseudonaja_textilis_C9A	CM123738.1	583	230	286	514	10115396	10114758	24.783	1.03e-11	73.6
Pseudonaja_textilis_C9A	CM123738.1	583	222	298	514	10129852	10129235	23.423	2.00e-07	59.7
Pseudonaja_textilis_C9A	CM123737.1	583	85	266	350	60068065	60067826	32.941	3.39e-07	58.9
Pseudonaja_textilis_C9A	CM123737.1	583	43	537	579	60042451	60042579	55.814	4.73e-07	58.5
Python_bivittatus_C9A	CM123735.1	582	104	456	549	217101562	217101873	52.885	2.63e-25	117
Python_bivittatus_C9A	CM123735.1	582	93	276	368	217098720	217098998	55.914	6.10e-25	115
Python_bivittatus_C9A	CM123735.1	582	47	157	203	217094844	217094984	72.340	1.50e-14	82.8
Python_bivittatus_C9A	CM123735.1	582	60	108	164	217093587	217093766	63.333	2.61e-12	75.5
Python_bivittatus_C9A	CM123735.1	582	68	54	118	217093031	217093231	52.941	1.46e-10	69.7
Python_bivittatus_C9A	CM123735.1	582	56	402	457	217100853	217101020	51.786	5.73e-10	67.8
Python_bivittatus_C9A	CM123735.1	582	40	25	64	217092269	217092388	67.500	1.58e-09	66.6
Python_bivittatus_C9A	CM123735.1	582	69	457	525	216533149	216532946	40.580	3.33e-07	58.9
Python_bivittatus_C9A	CM123735.1	582	79	196	272	217096831	217097067	36.709	1.97e-06	56.6
Python_bivittatus_C9A	CM123738.1	582	235	289	514	10115387	10114758	28.511	5.58e-14	80.9
Python_bivittatus_C9A	CM123738.1	582	230	298	514	10129852	10129235	26.957	9.32e-10	67.4
Python_bivittatus_C9A	CM123737.1	582	45	530	574	60042436	60042567	55.556	3.65e-07	58.9
Python_bivittatus_C9A	CM123737.1	582	95	439	524	60041368	60041652	33.684	1.62e-06	56.6
Python_bivittatus_C9A	CM123737.1	582	90	266	355	60068065	60067811	28.889	3.26e-06	55.8
Notechis_scutatus_C9A	CM123735.1	583	93	276	368	217098720	217098998	59.140	1.19e-26	120
Notechis_scutatus_C9A	CM123735.1	583	101	459	550	217101571	217101873	55.446	4.25e-25	116
Notechis_scutatus_C9A	CM123735.1	583	60	108	164	217093587	217093766	68.333	4.04e-14	81.3
Notechis_scutatus_C9A	CM123735.1	583	47	157	203	217094844	217094984	70.213	8.24e-14	80.5
Notechis_scutatus_C9A	CM123735.1	583	68	54	118	217093031	217093231	52.941	2.29e-11	72.4
Notechis_scutatus_C9A	CM123735.1	583	55	403	457	217100856	217101020	54.545	2.64e-10	68.9
Notechis_scutatus_C9A	CM123735.1	583	40	25	64	217092269	217092388	65.000	1.05e-08	63.9
Notechis_scutatus_C9A	CM123738.1	583	230	286	514	10115396	10114758	24.783	2.21e-11	72.4
Notechis_scutatus_C9A	CM123738.1	583	222	298	514	10129852	10129235	23.423	1.85e-07	59.7
Notechis_scutatus_C9A	CM123737.1	583	85	266	350	60068065	60067826	32.941	3.69e-07	58.9
Notechis_scutatus_C9A	CM123737.1	583	43	537	579	60042451	60042579	55.814	4.53e-07	58.5
Hydrophis_cyanocinctus_C9A	CM123735.1	583	93	276	368	217098720	217098998	59.140	6.26e-27	122
Hydrophis_cyanocinctus_C9A	CM123735.1	583	101	459	550	217101571	217101873	55.446	5.16e-25	115
Hydrophis_cyanocinctus_C9A	CM123735.1	583	60	108	164	217093587	217093766	68.333	5.41e-14	80.9
Hydrophis_cyanocinctus_C9A	CM123735.1	583	47	157	203	217094844	217094984	70.213	9.22e-14	80.1
Hydrophis_cyanocinctus_C9A	CM123735.1	583	68	54	118	217093031	217093231	52.941	2.29e-11	72.4
Hydrophis_cyanocinctus_C9A	CM123735.1	583	54	404	457	217100859	217101020	53.704	1.48e-09	66.6
Hydrophis_cyanocinctus_C9A	CM123735.1	583	40	25	64	217092269	217092388	65.000	1.09e-08	63.9
Hydrophis_cyanocinctus_C9A	CM123738.1	583	230	286	514	10115396	10114758	24.348	1.94e-10	69.3
Hydrophis_cyanocinctus_C9A	CM123738.1	583	222	298	514	10129852	10129235	22.973	7.36e-07	57.8
Hydrophis_cyanocinctus_C9A	CM123738.1	583	203	289	488	7621608	7621054	25.616	1.37e-06	57.0
Hydrophis_cyanocinctus_C9A	CM123737.1	583	85	266	350	60068065	60067826	32.941	4.16e-07	58.5
Hydrophis_cyanocinctus_C9A	CM123737.1	583	43	537	579	60042451	60042579	55.814	4.53e-07	58.5
Laticauda_colubrina_C9A	CM123735.1	583	85	276	360	217098720	217098974	62.353	1.12e-26	121
Laticauda_colubrina_C9A	CM123735.1	583	101	459	550	217101571	217101873	56.436	2.31e-25	117
Laticauda_colubrina_C9A	CM123735.1	583	47	157	203	217094844	217094984	70.213	9.22e-14	80.1
Laticauda_colubrina_C9A	CM123735.1	583	60	108	164	217093587	217093766	66.667	9.96e-14	80.1
Laticauda_colubrina_C9A	CM123735.1	583	68	54	118	217093031	217093231	52.941	4.78e-11	71.2
Laticauda_colubrina_C9A	CM123735.1	583	55	403	457	217100856	217101020	60.000	5.81e-11	71.2
Laticauda_colubrina_C9A	CM123735.1	583	40	25	64	217092269	217092388	65.000	1.51e-08	63.2
Laticauda_colubrina_C9A	CM123735.1	583	71	457	527	216533149	216532940	36.620	5.26e-06	55.1
Laticauda_colubrina_C9A	CM123738.1	583	227	289	514	10115387	10114758	24.670	4.78e-11	71.2
Laticauda_colubrina_C9A	CM123738.1	583	203	289	488	7621608	7621054	25.123	7.85e-06	54.3
Laticauda_colubrina_C9A	CM123737.1	583	85	266	350	60068065	60067826	32.941	3.89e-07	58.9
Laticauda_colubrina_C9A	CM123737.1	583	43	537	579	60042451	60042579	53.488	1.64e-06	56.6
Protobothrops_mucrosquamatus_C9A	CM123735.1	583	80	276	355	217098720	217098959	70.000	3.81e-28	125
Protobothrops_mucrosquamatus_C9A	CM123735.1	583	101	459	550	217101571	217101873	56.436	1.30e-25	117
Protobothrops_mucrosquamatus_C9A	CM123735.1	583	47	157	203	217094844	217094984	74.468	1.95e-15	85.5
Protobothrops_mucrosquamatus_C9A	CM123735.1	583	60	108	164	217093587	217093766	65.000	3.04e-13	78.6
Protobothrops_mucrosquamatus_C9A	CM123735.1	583	66	54	116	217093031	217093225	53.030	1.86e-10	69.7
Protobothrops_mucrosquamatus_C9A	CM123735.1	583	54	404	457	217100859	217101020	53.704	5.19e-10	68.2
Protobothrops_mucrosquamatus_C9A	CM123735.1	583	40	25	64	217092269	217092388	60.000	9.45e-09	63.9
Protobothrops_mucrosquamatus_C9A	CM123735.1	583	72	203	272	217096852	217097067	43.056	5.34e-08	61.6
Protobothrops_mucrosquamatus_C9A	CM123735.1	583	69	457	525	216533149	216532946	40.580	2.74e-07	59.3
Protobothrops_mucrosquamatus_C9A	CM123735.1	583	82	274	355	216483650	216483895	32.927	1.22e-06	57.0
Protobothrops_mucrosquamatus_C9A	CM123735.1	583	70	274	343	216509876	216510085	35.714	3.71e-06	55.5
Protobothrops_mucrosquamatus_C9A	CM123735.1	583	46	535	579	216513788	216513925	56.522	5.40e-06	55.1
Protobothrops_mucrosquamatus_C9A	CM123735.1	583	47	530	575	216489694	216489834	53.191	6.13e-06	54.7
Protobothrops_mucrosquamatus_C9A	CM123738.1	583	232	286	514	10115396	10114758	26.724	1.61e-12	76.3
Protobothrops_mucrosquamatus_C9A	CM123738.1	583	226	298	514	10129852	10129235	27.876	1.86e-10	69.7
Protobothrops_mucrosquamatus_C9A	CM123737.1	583	47	537	583	60042451	60042591	57.447	2.36e-08	62.8
Protobothrops_mucrosquamatus_C9A	CM123737.1	583	90	266	355	60068065	60067811	31.111	5.20e-08	61.6
Chrysopelea_ornata_C9A	CM123735.1	584	93	276	368	217098720	217098998	59.140	3.37e-26	119
Chrysopelea_ornata_C9A	CM123735.1	584	105	460	555	217101571	217101885	54.286	5.21e-25	115
Chrysopelea_ornata_C9A	CM123735.1	584	47	157	203	217094844	217094984	74.468	2.39e-15	85.5
Chrysopelea_ornata_C9A	CM123735.1	584	60	108	164	217093587	217093766	68.333	2.98e-14	81.6
Chrysopelea_ornata_C9A	CM123735.1	584	56	403	458	217100853	217101020	51.786	7.10e-11	70.9
Chrysopelea_ornata_C9A	CM123735.1	584	90	196	281	217096831	217097094	42.222	7.45e-10	67.4
Chrysopelea_ornata_C9A	CM123735.1	584	68	54	118	217093031	217093231	50.000	1.23e-08	63.5
Chrysopelea_ornata_C9A	CM123735.1	584	55	531	584	216489694	216489858	47.273	9.95e-07	57.4
Chrysopelea_ornata_C9A	CM123735.1	584	40	25	64	217092269	217092388	55.000	1.42e-06	57.0
Chrysopelea_ornata_C9A	CM123735.1	584	69	458	526	216533149	216532946	40.580	1.73e-06	56.6
Chrysopelea_ornata_C9A	CM123735.1	584	82	274	355	216483650	216483895	32.927	5.10e-06	55.1
Chrysopelea_ornata_C9A	CM123735.1	584	50	536	584	216513788	216513937	52.000	9.49e-06	54.3
Chrysopelea_ornata_C9A	CM123738.1	584	231	286	515	10115396	10114758	28.139	1.26e-10	70.1
Chrysopelea_ornata_C9A	CM123738.1	584	226	298	515	10129852	10129235	26.549	3.77e-09	65.5
Chrysopelea_ornata_C9A	CM123737.1	584	90	266	355	60068065	60067811	30.000	4.95e-07	58.5
Chrysopelea_ornata_C9A	CM123737.1	584	43	538	580	60042451	60042579	53.488	2.12e-06	56.2
Chrysopelea_ornata_C9A	CM123737.1	584	109	277	385	60026525	60026851	27.523	3.28e-06	55.8
Pituophis_catenifer_C9A	CM123735.1	583	92	277	368	217098723	217098998	59.783	2.38e-26	120
Pituophis_catenifer_C9A	CM123735.1	583	105	459	554	217101571	217101885	52.381	3.71e-24	113
Pituophis_catenifer_C9A	CM123735.1	583	47	157	203	217094844	217094984	70.213	1.17e-13	79.7
Pituophis_catenifer_C9A	CM123735.1	583	60	108	164	217093587	217093766	63.333	1.55e-12	76.3
Pituophis_catenifer_C9A	CM123735.1	583	68	54	118	217093031	217093231	52.941	2.00e-11	72.8
Pituophis_catenifer_C9A	CM123735.1	583	81	203	281	217096852	217097094	40.741	2.69e-10	68.9
Pituophis_catenifer_C9A	CM123735.1	583	54	404	457	217100859	217101020	53.704	2.69e-10	68.9
Pituophis_catenifer_C9A	CM123735.1	583	40	25	64	217092269	217092388	62.500	1.65e-08	63.2
Pituophis_catenifer_C9A	CM123735.1	583	55	530	583	216489694	216489858	47.273	4.46e-07	58.5
Pituophis_catenifer_C9A	CM123735.1	583	52	533	583	216513782	216513937	51.923	1.26e-06	57.0
Pituophis_catenifer_C9A	CM123738.1	583	230	286	514	10115396	10114758	27.826	4.78e-11	71.2
Pituophis_catenifer_C9A	CM123738.1	583	222	298	514	10129852	10129235	26.577	9.31e-11	70.5
Pituophis_catenifer_C9A	CM123738.1	583	257	299	549	9609266	9608577	24.125	3.17e-09	65.5
Pituophis_catenifer_C9A	CM123737.1	583	85	266	350	60068065	60067826	32.941	4.46e-07	58.5
Pituophis_catenifer_C9A	CM123737.1	583	44	537	580	60042451	60042582	52.273	7.49e-07	57.8
Pituophis_catenifer_C9A	CM123737.1	583	79	447	524	60041416	60041652	34.177	1.94e-06	56.6
Pantherophis_obsoletus_C9A	CM123735.1	583	93	276	368	217098720	217098998	63.441	1.18e-29	130
Pantherophis_obsoletus_C9A	CM123735.1	583	105	459	554	217101571	217101885	52.381	3.36e-24	113
Pantherophis_obsoletus_C9A	CM123735.1	583	47	157	203	217094844	217094984	72.340	2.23e-14	82.0
Pantherophis_obsoletus_C9A	CM123735.1	583	60	108	164	217093587	217093766	60.000	4.02e-12	75.1
Pantherophis_obsoletus_C9A	CM123735.1	583	68	54	118	217093031	217093231	52.941	1.80e-11	72.8
Pantherophis_obsoletus_C9A	CM123735.1	583	56	402	457	217100853	217101020	50.000	1.30e-10	70.1
Pantherophis_obsoletus_C9A	CM123735.1	583	78	198	272	217096834	217097067	43.590	1.12e-09	67.0
Pantherophis_obsoletus_C9A	CM123735.1	583	40	25	64	217092269	217092388	65.000	1.19e-08	63.5
Pantherophis_obsoletus_C9A	CM123735.1	583	55	530	583	216489694	216489858	47.273	7.43e-07	57.8
Pantherophis_obsoletus_C9A	CM123735.1	583	82	274	355	216483650	216483895	32.927	2.40e-06	56.2
Pantherophis_obsoletus_C9A	CM123735.1	583	50	535	583	216513788	216513937	52.000	5.40e-06	55.1
Pantherophis_obsoletus_C9A	CM123735.1	583	81	274	354	216509876	216510118	32.099	9.07e-06	54.3
Pantherophis_obsoletus_C9A	CM123738.1	583	230	286	514	10115396	10114758	28.696	4.20e-11	71.6
Pantherophis_obsoletus_C9A	CM123738.1	583	222	298	514	10129852	10129235	27.928	5.38e-11	71.2
Pantherophis_obsoletus_C9A	CM123737.1	583	79	277	355	60068047	60067811	31.646	6.72e-08	61.2
Pantherophis_obsoletus_C9A	CM123737.1	583	44	537	580	60042451	60042582	52.273	6.82e-07	57.8
Pantherophis_obsoletus_C9A	CM123737.1	583	79	447	524	60041416	60041652	34.177	2.10e-06	56.2
Pantherophis_obsoletus_C9A	CM123737.1	583	78	277	354	60026525	60026758	32.051	6.24e-06	54.7
Bothrops_jararaca_C9A	CM123735.1	583	80	276	355	217098720	217098959	68.750	1.95e-27	123
Bothrops_jararaca_C9A	CM123735.1	583	109	459	558	217101571	217101897	54.128	7.42e-27	121
Bothrops_jararaca_C9A	CM123735.1	583	47	157	203	217094844	217094984	74.468	1.79e-15	85.9
Bothrops_jararaca_C9A	CM123735.1	583	60	108	164	217093587	217093766	63.333	2.73e-12	75.5
Bothrops_jararaca_C9A	CM123735.1	583	68	54	118	217093031	217093231	55.882	2.93e-11	72.0
Bothrops_jararaca_C9A	CM123735.1	583	56	402	457	217100853	217101020	50.000	5.90e-10	67.8
Bothrops_jararaca_C9A	CM123735.1	583	81	203	281	217096852	217097094	41.975	1.95e-08	62.8
Bothrops_jararaca_C9A	CM123735.1	583	40	25	64	217092269	217092388	55.000	1.66e-07	60.1
Bothrops_jararaca_C9A	CM123735.1	583	82	274	355	216483650	216483895	32.927	1.96e-06	56.6
Bothrops_jararaca_C9A	CM123735.1	583	69	457	525	216533149	216532946	37.681	5.08e-06	55.1
Bothrops_jararaca_C9A	CM123735.1	583	70	274	343	216509876	216510085	35.714	5.44e-06	55.1
Bothrops_jararaca_C9A	CM123738.1	583	235	285	514	10115399	10114758	27.234	8.55e-12	73.9
Bothrops_jararaca_C9A	CM123738.1	583	226	298	514	10129852	10129235	27.434	3.42e-09	65.5
Bothrops_jararaca_C9A	CM123738.1	583	261	299	553	9609266	9608565	22.222	1.90e-08	63.2
Bothrops_jararaca_C9A	CM123737.1	583	47	537	583	60042451	60042591	55.319	6.95e-08	61.2
Bothrops_jararaca_C9A	CM123737.1	583	92	266	357	60068065	60067805	31.522	7.51e-08	61.2
Bothrops_jararaca_C9A	CM123737.1	583	95	439	524	60041368	60041652	30.526	7.27e-06	54.7
Ptyas_mucosa_C9A	CM123735.1	583	84	277	360	217098723	217098974	65.476	2.13e-27	123
Ptyas_mucosa_C9A	CM123735.1	583	105	459	554	217101571	217101885	52.381	6.44e-25	115
Ptyas_mucosa_C9A	CM123735.1	583	47	157	203	217094844	217094984	72.340	2.43e-14	82.0
Ptyas_mucosa_C9A	CM123735.1	583	50	108	156	217093587	217093736	74.000	1.29e-13	79.7
Ptyas_mucosa_C9A	CM123735.1	583	68	54	118	217093031	217093231	52.941	1.36e-11	73.2
Ptyas_mucosa_C9A	CM123735.1	583	56	402	457	217100853	217101020	50.000	3.47e-10	68.6
Ptyas_mucosa_C9A	CM123735.1	583	81	203	281	217096852	217097094	40.741	3.42e-09	65.5
Ptyas_mucosa_C9A	CM123735.1	583	40	25	64	217092269	217092388	65.000	7.20e-09	64.3
Ptyas_mucosa_C9A	CM123735.1	583	78	457	534	216533149	216532925	42.308	9.61e-08	60.8
Ptyas_mucosa_C9A	CM123735.1	583	55	530	583	216489694	216489858	49.091	1.18e-07	60.5
Ptyas_mucosa_C9A	CM123735.1	583	82	274	355	216483650	216483895	32.927	3.90e-06	55.5
Ptyas_mucosa_C9A	CM123735.1	583	50	535	583	216513788	216513937	52.000	5.44e-06	55.1
Ptyas_mucosa_C9A	CM123738.1	583	230	286	514	10115396	10114758	28.261	4.65e-12	74.7
Ptyas_mucosa_C9A	CM123738.1	583	226	298	514	10129852	10129235	27.434	2.23e-10	69.3
Ptyas_mucosa_C9A	CM123738.1	583	233	299	523	9609266	9608652	23.605	3.93e-08	62.0
Ptyas_mucosa_C9A	CM123737.1	583	90	266	355	60068065	60067811	31.111	7.26e-08	61.2
Ptyas_mucosa_C9A	CM123737.1	583	43	537	579	60042451	60042579	53.488	3.10e-06	55.8
Ptyas_mucosa_C9A	CM123737.1	583	96	438	524	60041365	60041652	30.208	3.18e-06	55.8
Ptyas_mucosa_C9A	CM123737.1	583	81	274	354	60026516	60026758	32.099	7.91e-06	54.3
Vipera_berus_C9A	CM123735.1	583	81	275	355	217098717	217098959	66.667	2.08e-26	120
Vipera_berus_C9A	CM123735.1	583	105	459	554	217101571	217101885	53.333	1.69e-25	117
Vipera_berus_C9A	CM123735.1	583	47	157	203	217094844	217094984	72.340	2.48e-15	85.1
Vipera_berus_C9A	CM123735.1	583	68	54	118	217093031	217093231	54.412	1.90e-11	72.8
Vipera_berus_C9A	CM123735.1	583	56	402	457	217100853	217101020	53.571	3.54e-11	72.0
Vipera_berus_C9A	CM123735.1	583	50	108	156	217093587	217093736	66.000	3.60e-11	72.0
Vipera_berus_C9A	CM123735.1	583	72	203	272	217096852	217097067	43.056	3.23e-09	65.5
Vipera_berus_C9A	CM123735.1	583	40	25	64	217092269	217092388	57.500	4.50e-08	61.6
Vipera_berus_C9A	CM123735.1	583	70	274	343	216509876	216510085	37.143	1.11e-06	57.4
Vipera_berus_C9A	CM123735.1	583	69	457	525	216533149	216532946	37.681	1.25e-06	57.0
Vipera_berus_C9A	CM123735.1	583	70	274	343	216483650	216483859	37.143	1.30e-06	57.0
Vipera_berus_C9A	CM123738.1	583	235	285	514	10115399	10114758	28.085	1.81e-12	75.9
Vipera_berus_C9A	CM123738.1	583	222	298	514	10129852	10129235	26.577	2.27e-09	65.9
Vipera_berus_C9A	CM123737.1	583	47	537	583	60042451	60042591	53.191	1.07e-07	60.5
Vipera_berus_C9A	CM123737.1	583	82	274	355	60068056	60067811	30.488	9.51e-07	57.4
Vipera_berus_C9A	CM123737.1	583	95	439	524	60041368	60041652	31.579	4.36e-06	55.5
Sceloporus_undulatus_C9A	CM123735.1	591	95	278	372	217098714	217098998	65.263	4.26e-30	132
Sceloporus_undulatus_C9A	CM123735.1	591	101	463	554	217101571	217101873	57.426	1.23e-27	124
Sceloporus_undulatus_C9A	CM123735.1	591	67	54	117	217093031	217093231	59.701	2.76e-15	85.1
Sceloporus_undulatus_C9A	CM123735.1	591	63	140	202	217094802	217094984	52.381	5.98e-13	77.8
Sceloporus_undulatus_C9A	CM123735.1	591	54	408	461	217100859	217101020	64.815	1.40e-12	76.3
Sceloporus_undulatus_C9A	CM123735.1	591	60	108	164	217093590	217093769	60.000	2.27e-09	65.9
Sceloporus_undulatus_C9A	CM123735.1	591	39	26	64	217092272	217092388	71.795	7.44e-09	64.3
Sceloporus_undulatus_C9A	CM123735.1	591	55	534	587	216489694	216489858	52.727	1.90e-08	63.2
Sceloporus_undulatus_C9A	CM123735.1	591	51	539	588	216513788	216513940	58.824	2.04e-08	62.8
Sceloporus_undulatus_C9A	CM123735.1	591	84	201	284	217096849	217097091	40.476	8.02e-08	60.8
Sceloporus_undulatus_C9A	CM123735.1	591	70	462	531	216533146	216532940	40.000	3.65e-07	58.9
Sceloporus_undulatus_C9A	CM123735.1	591	82	277	358	216509873	216510118	34.146	5.31e-07	58.2
Sceloporus_undulatus_C9A	CM123735.1	591	79	281	359	216483659	216483895	34.177	5.64e-07	58.2
Sceloporus_undulatus_C9A	CM123735.1	591	52	538	589	217103405	217103560	63.462	6.80e-07	58.2
Sceloporus_undulatus_C9A	CM123738.1	591	293	293	567	10115399	10114578	26.621	1.16e-11	73.6
Sceloporus_undulatus_C9A	CM123738.1	591	222	302	518	10129852	10129235	26.126	7.25e-10	67.8
Sceloporus_undulatus_C9A	CM123738.1	591	259	303	551	9609266	9608583	24.324	2.05e-08	62.8
Sceloporus_undulatus_C9A	CM123737.1	591	90	270	359	60068065	60067811	34.444	4.27e-09	65.1
Sceloporus_undulatus_C9A	CM123737.1	591	47	541	587	60042451	60042591	51.064	5.05e-07	58.5
Sceloporus_undulatus_C9A	CM123737.1	591	86	444	528	60041395	60041652	31.395	1.19e-06	57.0
Anolis_carolinensis_C9B	CM123735.1	538	80	278	357	217098714	217098953	71.250	3.30e-27	122
Anolis_carolinensis_C9B	CM123735.1	538	78	460	537	217101562	217101795	64.103	3.93e-23	109
Anolis_carolinensis_C9B	CM123735.1	538	63	140	202	217094802	217094984	61.905	9.55e-16	86.3
Anolis_carolinensis_C9B	CM123735.1	538	67	54	117	217093031	217093231	58.209	5.47e-15	84.0
Anolis_carolinensis_C9B	CM123735.1	538	55	406	460	217100853	217101017	61.818	2.98e-12	75.1
Anolis_carolinensis_C9B	CM123735.1	538	60	108	164	217093590	217093769	61.667	2.14e-11	72.4
Anolis_carolinensis_C9B	CM123735.1	538	71	462	532	216533146	216532937	42.254	2.55e-09	65.5
Anolis_carolinensis_C9B	CM123735.1	538	39	26	64	217092272	217092388	69.231	2.85e-09	65.5
Anolis_carolinensis_C9B	CM123735.1	538	84	202	285	217096852	217097094	38.095	4.61e-08	61.6
Anolis_carolinensis_C9B	CM123735.1	538	75	281	355	216483659	216483883	37.333	3.21e-07	58.9
Anolis_carolinensis_C9B	CM123735.1	538	75	281	355	216509885	216510109	37.333	4.04e-07	58.5
Anolis_carolinensis_C9B	CM123738.1	538	227	293	518	10115387	10114758	25.991	2.41e-10	68.9
Anolis_carolinensis_C9B	CM123738.1	538	218	306	518	10129840	10129235	27.982	9.79e-09	63.5
Anolis_carolinensis_C9B	CM123738.1	538	241	293	527	9609287	9608652	23.651	3.06e-06	55.5
Anolis_carolinensis_C9B	CM123737.1	538	87	270	356	60068065	60067820	36.782	6.89e-09	64.3
Anolis_carolinensis_C9B	CM123737.1	538	88	281	368	60026525	60026788	31.818	2.64e-07	58.9
Hydrophis_cyanocinctus_C9B	CM123735.1	582	93	275	367	217098720	217098998	60.215	2.19e-27	123
Hydrophis_cyanocinctus_C9B	CM123735.1	582	105	458	553	217101571	217101885	50.476	3.25e-22	107
Hydrophis_cyanocinctus_C9B	CM123735.1	582	47	156	202	217094844	217094984	72.340	2.09e-14	82.4
Hydrophis_cyanocinctus_C9B	CM123735.1	582	60	107	163	217093587	217093766	66.667	8.07e-14	80.5
Hydrophis_cyanocinctus_C9B	CM123735.1	582	68	53	117	217093031	217093231	52.941	2.65e-10	68.9
Hydrophis_cyanocinctus_C9B	CM123735.1	582	56	401	456	217100853	217101020	44.643	5.32e-09	64.7
Hydrophis_cyanocinctus_C9B	CM123735.1	582	72	202	271	217096852	217097067	41.667	2.66e-07	59.3
Hydrophis_cyanocinctus_C9B	CM123735.1	582	69	456	524	216533149	216532946	40.580	6.69e-07	58.2
Hydrophis_cyanocinctus_C9B	CM123735.1	582	55	529	582	216489694	216489858	43.636	5.86e-06	55.1
Hydrophis_cyanocinctus_C9B	CM123735.1	582	56	527	582	217103387	217103554	57.143	6.60e-06	54.7
Hydrophis_cyanocinctus_C9B	CM123738.1	582	231	288	513	10115387	10114758	28.571	4.04e-10	68.6
Hydrophis_cyanocinctus_C9B	CM123738.1	582	223	297	514	10129852	10129232	26.009	6.70e-09	64.3
Hydrophis_cyanocinctus_C9B	CM123737.1	582	90	265	354	60068065	60067811	30.000	3.81e-07	58.9
Hydrophis_cyanocinctus_C9B	CM123737.1	582	96	437	523	60041365	60041652	30.208	2.63e-06	55.8
Bothrops_jararaca_C9B	CM123735.1	583	80	276	355	217098720	217098959	68.750	2.25e-27	123
Bothrops_jararaca_C9B	CM123735.1	583	109	459	558	217101571	217101897	54.128	6.85e-27	121
Bothrops_jararaca_C9B	CM123735.1	583	47	157	203	217094844	217094984	76.596	7.23e-16	87.0
Bothrops_jararaca_C9B	CM123735.1	583	60	108	164	217093587	217093766	63.333	1.01e-12	77.0
Bothrops_jararaca_C9B	CM123735.1	583	68	54	118	217093031	217093231	54.412	2.91e-11	72.0
Bothrops_jararaca_C9B	CM123735.1	583	56	402	457	217100853	217101020	50.000	2.34e-10	69.3
Bothrops_jararaca_C9B	CM123735.1	583	81	203	281	217096852	217097094	40.741	2.68e-08	62.4
Bothrops_jararaca_C9B	CM123735.1	583	40	25	64	217092269	217092388	57.500	1.02e-07	60.5
Bothrops_jararaca_C9B	CM123735.1	583	82	274	355	216483650	216483895	32.927	1.91e-06	56.6
Bothrops_jararaca_C9B	CM123735.1	583	69	457	525	216533149	216532946	37.681	5.17e-06	55.1
Bothrops_jararaca_C9B	CM123735.1	583	70	274	343	216509876	216510085	35.714	5.30e-06	55.1
Bothrops_jararaca_C9B	CM123738.1	583	233	285	514	10115399	10114758	26.180	8.69e-12	73.9
Bothrops_jararaca_C9B	CM123738.1	583	226	298	514	10129852	10129235	26.991	4.58e-09	65.1
Bothrops_jararaca_C9B	CM123737.1	583	90	266	355	60068065	60067811	32.222	5.03e-08	61.6
Bothrops_jararaca_C9B	CM123737.1	583	47	537	583	60042451	60042591	55.319	8.61e-08	60.8
Bothrops_jararaca_C9B	CM123737.1	583	95	439	524	60041368	60041652	30.526	8.40e-06	54.3
Laticauda_colubrina_C9B	CM123735.1	583	85	276	360	217098720	217098974	65.882	1.39e-28	127
Laticauda_colubrina_C9B	CM123735.1	583	105	459	554	217101571	217101885	51.429	6.44e-23	109
Laticauda_colubrina_C9B	CM123735.1	583	46	157	202	217094844	217094981	73.913	7.04e-15	84.0
Laticauda_colubrina_C9B	CM123735.1	583	60	108	164	217093587	217093766	60.000	1.43e-11	73.2
Laticauda_colubrina_C9B	CM123735.1	583	68	54	118	217093031	217093231	52.941	6.94e-10	67.8
Laticauda_colubrina_C9B	CM123735.1	583	56	402	457	217100853	217101020	46.429	3.57e-09	65.5
Laticauda_colubrina_C9B	CM123735.1	583	81	275	355	216483653	216483895	33.333	1.12e-06	57.4
Laticauda_colubrina_C9B	CM123735.1	583	77	198	271	217096834	217097064	40.260	1.71e-06	56.6
Laticauda_colubrina_C9B	CM123735.1	583	69	457	525	216533149	216532946	40.580	1.89e-06	56.6
Laticauda_colubrina_C9B	CM123735.1	583	39	25	63	217092269	217092385	56.410	2.06e-06	56.2
Laticauda_colubrina_C9B	CM123735.1	583	67	277	343	216509885	216510085	35.821	2.64e-06	55.8
Laticauda_colubrina_C9B	CM123735.1	583	55	530	583	216489694	216489858	45.455	5.49e-06	55.1
Laticauda_colubrina_C9B	CM123738.1	583	230	286	514	10115396	10114758	26.522	1.18e-10	70.1
Laticauda_colubrina_C9B	CM123738.1	583	223	298	515	10129852	10129232	25.112	1.99e-08	62.8
Laticauda_colubrina_C9B	CM123738.1	583	224	298	516	10173406	10174038	24.107	9.38e-06	54.3
Laticauda_colubrina_C9B	CM123737.1	583	86	274	358	60068056	60067799	32.558	8.11e-08	60.8
Pseudonaja_textilis_C9B	CM123735.1	583	93	276	368	217098720	217098998	61.290	6.17e-28	125
Pseudonaja_textilis_C9B	CM123735.1	583	74	459	532	217101571	217101792	66.216	3.45e-23	110
Pseudonaja_textilis_C9B	CM123735.1	583	47	157	203	217094844	217094984	74.468	8.36e-15	83.6
Pseudonaja_textilis_C9B	CM123735.1	583	60	108	164	217093587	217093766	66.667	9.79e-14	80.1
Pseudonaja_textilis_C9B	CM123735.1	583	68	54	118	217093031	217093231	52.941	1.12e-10	70.1
Pseudonaja_textilis_C9B	CM123735.1	583	81	203	281	217096852	217097094	43.210	2.90e-10	68.9
Pseudonaja_textilis_C9B	CM123735.1	583	56	402	457	217100853	217101020	48.214	5.96e-09	64.7
Pseudonaja_textilis_C9B	CM123735.1	583	69	457	525	216533149	216532946	40.580	3.33e-07	58.9
Pseudonaja_textilis_C9B	CM123735.1	583	39	25	63	217092269	217092385	58.974	8.88e-07	57.4
Pseudonaja_textilis_C9B	CM123735.1	583	78	277	354	216483659	216483892	32.051	8.40e-06	54.3
Pseudonaja_textilis_C9B	CM123738.1	583	231	286	514	10115396	10114758	28.571	3.60e-11	72.0
Pseudonaja_textilis_C9B	CM123738.1	583	223	298	515	10129852	10129232	26.009	2.79e-09	65.9
Pseudonaja_textilis_C9B	CM123737.1	583	89	266	354	60068065	60067814	30.337	1.16e-07	60.5
Pseudonaja_textilis_C9B	CM123737.1	583	59	525	583	60042418	60042591	42.373	1.85e-06	56.6
Pseudonaja_textilis_C9B	CM123737.1	583	96	438	524	60041365	60041652	30.208	2.42e-06	56.2
Notechis_scutatus_C9B	CM123735.1	583	93	276	368	217098720	217098998	60.215	1.13e-27	124
Notechis_scutatus_C9B	CM123735.1	583	105	459	554	217101571	217101885	52.381	1.93e-23	110
Notechis_scutatus_C9B	CM123735.1	583	47	157	203	217094844	217094984	72.340	1.71e-14	82.4
Notechis_scutatus_C9B	CM123735.1	583	60	108	164	217093587	217093766	66.667	8.03e-14	80.5
Notechis_scutatus_C9B	CM123735.1	583	68	54	118	217093031	217093231	52.941	1.72e-10	69.7
Notechis_scutatus_C9B	CM123735.1	583	56	402	457	217100853	217101020	44.643	3.31e-09	65.5
Notechis_scutatus_C9B	CM123735.1	583	81	203	281	217096852	217097094	39.506	2.75e-08	62.4
Notechis_scutatus_C9B	CM123735.1	583	69	457	525	216533149	216532946	40.580	3.57e-07	58.9
Notechis_scutatus_C9B	CM123735.1	583	39	25	63	217092269	217092385	56.410	1.94e-06	56.6
Notechis_scutatus_C9B	CM123735.1	583	55	530	583	216489694	216489858	43.636	5.78e-06	55.1
Notechis_scutatus_C9B	CM123738.1	583	234	286	514	10115396	10114758	29.060	7.08e-12	73.9
Notechis_scutatus_C9B	CM123738.1	583	256	299	544	9609266	9608592	25.000	4.12e-10	68.6
Notechis_scutatus_C9B	CM123738.1	583	223	298	515	10129852	10129232	27.354	5.06e-10	68.2
Notechis_scutatus_C9B	CM123737.1	583	82	274	355	60068056	60067811	29.268	3.99e-07	58.5
Notechis_scutatus_C9B	CM123737.1	583	96	438	524	60041365	60041652	31.250	4.36e-06	55.5
Pituophis_catenifer_C9B	CM123735.1	583	77	277	353	217098723	217098953	66.234	2.85e-25	116
Pituophis_catenifer_C9B	CM123735.1	583	104	456	550	217101562	217101873	52.885	5.61e-24	112
Pituophis_catenifer_C9B	CM123735.1	583	47	157	203	217094844	217094984	72.340	5.87e-15	84.0
Pituophis_catenifer_C9B	CM123735.1	583	60	108	164	217093587	217093766	68.333	6.03e-15	84.0
Pituophis_catenifer_C9B	CM123735.1	583	68	54	118	217093031	217093231	51.471	5.56e-10	68.2
Pituophis_catenifer_C9B	CM123735.1	583	51	404	454	217100859	217101011	58.824	9.12e-10	67.4
Pituophis_catenifer_C9B	CM123735.1	583	69	457	525	216533149	216532946	42.029	2.39e-07	59.3
Pituophis_catenifer_C9B	CM123735.1	583	86	202	281	217096849	217097094	36.047	3.63e-07	58.9
Pituophis_catenifer_C9B	CM123735.1	583	40	25	64	217092269	217092388	55.000	6.59e-07	58.2
Pituophis_catenifer_C9B	CM123738.1	583	233	286	514	10115396	10114758	27.897	5.11e-12	74.7
Pituophis_catenifer_C9B	CM123738.1	583	222	298	514	10129852	10129235	26.577	1.83e-10	69.7
Pituophis_catenifer_C9B	CM123738.1	583	231	299	523	9609266	9608652	22.944	1.00e-06	57.4
Pituophis_catenifer_C9B	CM123737.1	583	85	266	350	60068065	60067826	32.941	4.06e-07	58.5
Pituophis_catenifer_C9B	CM123737.1	583	70	456	524	60041443	60041652	38.571	1.05e-06	57.4
Pituophis_catenifer_C9B	CM123737.1	583	39	537	575	60042451	60042567	58.974	1.78e-06	56.6
Pantherophis_obsoletus_C9B	CM123735.1	583	93	276	368	217098720	217098998	61.290	2.58e-29	129
Pantherophis_obsoletus_C9B	CM123735.1	583	104	456	550	217101562	217101873	49.038	2.87e-22	107
Pantherophis_obsoletus_C9B	CM123735.1	583	60	108	164	217093587	217093766	68.333	7.67e-15	83.6
Pantherophis_obsoletus_C9B	CM123735.1	583	47	157	203	217094844	217094984	72.340	8.22e-15	83.6
Pantherophis_obsoletus_C9B	CM123735.1	583	68	54	118	217093031	217093231	52.941	6.02e-11	71.2
Pantherophis_obsoletus_C9B	CM123735.1	583	51	404	454	217100859	217101011	58.824	1.07e-09	67.0
Pantherophis_obsoletus_C9B	CM123735.1	583	40	25	64	217092269	217092388	62.500	2.05e-08	62.8
Pantherophis_obsoletus_C9B	CM123735.1	583	82	274	355	216483650	216483895	34.146	1.65e-06	56.6
Pantherophis_obsoletus_C9B	CM123735.1	583	81	274	354	216509876	216510118	33.333	5.44e-06	55.1
Pantherophis_obsoletus_C9B	CM123738.1	583	230	286	514	10115396	10114758	26.087	6.96e-11	70.9
Pantherophis_obsoletus_C9B	CM123738.1	583	222	298	514	10129852	10129235	25.225	1.45e-09	66.6
Pantherophis_obsoletus_C9B	CM123737.1	583	82	274	355	60068056	60067811	31.707	2.46e-08	62.8
Pantherophis_obsoletus_C9B	CM123737.1	583	39	537	575	60042451	60042567	56.410	2.47e-06	56.2
Pantherophis_obsoletus_C9B	CM123737.1	583	97	258	354	60026483	60026758	30.928	6.62e-06	54.7
Crotalus_tigris_C9B	CM123735.1	583	93	276	368	217098720	217098998	54.839	4.46e-24	113
Crotalus_tigris_C9B	CM123735.1	583	101	459	550	217101571	217101873	51.485	1.18e-23	111
Crotalus_tigris_C9B	CM123735.1	583	47	157	203	217094844	217094984	74.468	5.68e-15	84.0
Crotalus_tigris_C9B	CM123735.1	583	60	108	164	217093587	217093766	66.667	5.05e-14	80.9
Crotalus_tigris_C9B	CM123735.1	583	68	54	118	217093031	217093231	52.941	9.97e-11	70.5
Crotalus_tigris_C9B	CM123735.1	583	58	400	457	217100847	217101020	51.724	4.02e-10	68.6
Crotalus_tigris_C9B	CM123735.1	583	40	25	64	217092269	217092388	57.500	7.30e-07	57.8
Crotalus_tigris_C9B	CM123735.1	583	69	457	525	216533149	216532946	37.681	1.68e-06	56.6
Crotalus_tigris_C9B	CM123735.1	583	81	203	281	217096852	217097094	35.802	2.36e-06	56.2
Crotalus_tigris_C9B	CM123738.1	583	232	286	514	10115396	10114758	28.017	1.53e-11	73.2
Crotalus_tigris_C9B	CM123738.1	583	222	298	514	10129852	10129235	26.126	9.35e-10	67.4
Crotalus_tigris_C9B	CM123738.1	583	203	289	488	7621608	7621054	27.094	1.02e-06	57.4
Crotalus_tigris_C9B	CM123737.1	583	47	537	583	60042451	60042591	51.064	9.11e-07	57.4
Crotalus_tigris_C9B	CM123737.1	583	92	266	357	60068065	60067805	30.435	1.04e-06	57.4
Crotalus_tigris_C9B	CM123737.1	583	95	439	524	60041368	60041652	31.579	6.85e-06	54.7
Ptyas_mucosa_C9B	CM123735.1	583	92	277	368	217098723	217098998	59.783	4.63e-26	119
Ptyas_mucosa_C9B	CM123735.1	583	100	460	550	217101574	217101873	50.000	1.05e-21	105
Ptyas_mucosa_C9B	CM123735.1	583	47	157	203	217094844	217094984	72.340	6.03e-15	84.0
Ptyas_mucosa_C9B	CM123735.1	583	60	108	164	217093587	217093766	68.333	1.21e-14	83.2
Ptyas_mucosa_C9B	CM123735.1	583	68	54	118	217093031	217093231	52.941	2.45e-10	69.3
Ptyas_mucosa_C9B	CM123735.1	583	51	404	454	217100859	217101011	56.863	1.14e-08	63.5
Ptyas_mucosa_C9B	CM123735.1	583	86	202	281	217096849	217097094	37.209	2.91e-07	59.3
Ptyas_mucosa_C9B	CM123738.1	583	230	286	514	10115396	10114758	25.217	5.90e-10	67.8
Ptyas_mucosa_C9B	CM123738.1	583	222	298	514	10129852	10129235	25.225	6.39e-09	64.7
Ptyas_mucosa_C9B	CM123737.1	583	85	266	350	60068065	60067826	32.941	3.36e-07	58.9
Ptyas_mucosa_C9B	CM123737.1	583	47	537	583	60042451	60042591	51.064	4.34e-07	58.5
