# Cryptoblepharus_egeriae_copy1 subject=CM123735.1 region_offset=217077269 (add to sstart/send)
Lacerta_agilis_C9A	region	589	86	277	362	21449	21706	77.907	2.55e-39	146
Lacerta_agilis_C9A	region	589	106	458	552	24294	24605	65.094	4.30e-37	139
Lacerta_agilis_C9A	region	589	47	155	201	17576	17716	91.489	3.41e-24	99.0
Lacerta_agilis_C9A	region	589	59	400	458	23573	23749	74.576	4.19e-22	92.4
Lacerta_agilis_C9A	region	589	67	53	116	15763	15963	64.179	6.51e-22	91.7
Lacerta_agilis_C9A	region	589	60	107	163	16322	16501	75.000	7.33e-21	88.6
Lacerta_agilis_C9A	region	589	83	201	283	19584	19826	45.783	2.63e-15	70.5
Lacerta_agilis_C9A	region	589	39	26	63	15004	15120	71.795	1.91e-11	57.8
Lacerta_agilis_C9A	region	589	56	530	584	26119	26286	58.929	1.04e-08	48.9
Lacerta_agilis_C9A	region	589	42	356	397	22047	22169	47.619	5.49e-06	40.0
Lacerta_agilis_C9A	region	589	26	1	26	13811	13888	42.308	0.14	25.8
Zootoca_vivipara_C9A	region	589	86	277	362	21449	21706	77.907	2.72e-39	145
Zootoca_vivipara_C9A	region	589	77	458	534	24294	24524	77.922	1.03e-35	135
Zootoca_vivipara_C9A	region	589	47	155	201	17576	17716	91.489	3.82e-24	99.0
Zootoca_vivipara_C9A	region	589	67	53	116	15763	15963	64.179	3.62e-22	92.4
Zootoca_vivipara_C9A	region	589	61	398	458	23567	23749	70.492	5.76e-21	88.6
Zootoca_vivipara_C9A	region	589	60	107	163	16322	16501	73.333	1.40e-20	87.4
Zootoca_vivipara_C9A	region	589	83	201	283	19584	19826	46.988	2.63e-16	73.6
Zootoca_vivipara_C9A	region	589	29	35	63	15034	15120	75.862	1.85e-10	54.7
Zootoca_vivipara_C9A	region	589	42	356	397	22047	22169	52.381	7.18e-08	46.2
Zootoca_vivipara_C9A	region	589	56	530	584	26119	26286	58.929	1.25e-07	45.4
Zootoca_vivipara_C9A	region	589	57	1	56	13811	13972	35.088	0.024	28.1
Podarcis_muralis_C9A	region	589	86	277	362	21449	21706	80.233	3.05e-40	149
Podarcis_muralis_C9A	region	589	107	458	553	24294	24608	58.879	1.70e-34	131
Podarcis_muralis_C9A	region	589	47	155	201	17576	17716	91.489	3.63e-24	99.0
Podarcis_muralis_C9A	region	589	67	53	116	15763	15963	64.179	9.45e-22	91.3
Podarcis_muralis_C9A	region	589	60	107	163	16322	16501	75.000	7.21e-21	88.6
Podarcis_muralis_C9A	region	589	59	400	458	23573	23749	67.797	1.94e-20	87.0
Podarcis_muralis_C9A	region	589	83	201	283	19584	19826	45.783	2.71e-14	67.4
Podarcis_muralis_C9A	region	589	39	26	63	15004	15120	69.231	7.65e-11	55.8
Podarcis_muralis_C9A	region	589	56	530	584	26119	26286	57.143	7.00e-09	49.7
Podarcis_muralis_C9A	region	589	42	356	397	22047	22169	52.381	1.52e-07	45.1
Podarcis_muralis_C9A	region	589	57	1	56	13811	13972	36.842	0.034	27.7
Anolis_carolinensis_C9A	region	591	101	463	554	24303	24605	57.426	7.45e-33	126
Anolis_carolinensis_C9A	region	591	82	278	359	21446	21691	69.512	9.90e-33	125
Anolis_carolinensis_C9A	region	591	81	140	219	17534	17770	58.025	4.62e-22	92.4
Anolis_carolinensis_C9A	region	591	65	56	117	15769	15963	63.077	1.24e-19	84.3
Anolis_carolinensis_C9A	region	591	60	108	164	16322	16501	61.667	9.48e-16	72.0
Anolis_carolinensis_C9A	region	591	60	402	461	23573	23752	53.333	1.94e-15	70.9
Anolis_carolinensis_C9A	region	591	39	26	64	15004	15120	66.667	3.35e-13	63.5
Anolis_carolinensis_C9A	region	591	85	201	285	19581	19826	38.824	4.33e-13	63.2
Anolis_carolinensis_C9A	region	591	37	551	587	26176	26286	62.162	2.03e-09	51.2
Anolis_carolinensis_C9A	region	591	41	358	398	22047	22166	36.585	4.27e-04	33.9
Anolis_carolinensis_C9A	region	591	17	548	564	15058	15108	47.059	0.75	23.5
Pogona_vitticeps_C9A	region	576	96	257	352	21440	21727	58.333	8.50e-30	116
Pogona_vitticeps_C9A	region	576	101	444	538	24303	24605	55.446	1.51e-29	115
Pogona_vitticeps_C9A	region	576	65	140	204	17534	17722	63.077	7.74e-22	91.3
Pogona_vitticeps_C9A	region	576	67	54	117	15763	15963	56.716	3.22e-18	79.7
Pogona_vitticeps_C9A	region	576	60	108	164	16322	16501	65.000	3.42e-17	76.6
Pogona_vitticeps_C9A	region	576	60	383	442	23573	23752	60.000	7.04e-17	75.5
Pogona_vitticeps_C9A	region	576	40	25	64	15001	15120	75.000	1.86e-14	67.8
Pogona_vitticeps_C9A	region	576	54	520	573	26131	26292	62.963	4.31e-11	56.6
Pogona_vitticeps_C9A	region	576	42	339	380	22047	22169	35.714	0.007	30.0
Gekko_japonicus_C9A	region	582	87	292	378	21446	21706	64.368	2.17e-30	118
Gekko_japonicus_C9A	region	582	105	455	549	24297	24608	55.238	1.77e-27	109
Gekko_japonicus_C9A	region	582	45	173	217	17576	17710	77.778	1.39e-18	80.9
Gekko_japonicus_C9A	region	582	60	124	181	16322	16501	63.333	1.58e-18	80.9
Gekko_japonicus_C9A	region	582	68	69	133	15769	15963	57.353	2.88e-17	76.6
Gekko_japonicus_C9A	region	582	68	39	101	15004	15201	45.588	1.39e-11	58.5
Gekko_japonicus_C9A	region	582	59	395	453	23576	23746	47.458	6.72e-11	56.2
Gekko_japonicus_C9A	region	582	83	218	296	19581	19817	38.554	2.13e-09	51.2
Gekko_japonicus_C9A	region	582	48	530	577	26131	26274	58.333	2.93e-06	41.2
Gekko_japonicus_C9A	region	582	14	372	385	22047	22088	64.286	0.10	26.2
Crotalus_tigris_C9A	region	583	93	276	368	21452	21730	54.839	6.41e-29	114
Crotalus_tigris_C9A	region	583	101	459	550	24303	24605	51.485	2.21e-28	112
Crotalus_tigris_C9A	region	583	47	157	203	17576	17716	74.468	1.46e-19	84.3
Crotalus_tigris_C9A	region	583	60	108	164	16319	16498	66.667	1.35e-18	81.3
Crotalus_tigris_C9A	region	583	68	54	118	15763	15963	51.471	4.60e-15	69.7
Crotalus_tigris_C9A	region	583	58	400	457	23579	23752	51.724	1.08e-14	68.6
Crotalus_tigris_C9A	region	583	40	25	64	15001	15120	55.000	5.73e-11	56.2
Crotalus_tigris_C9A	region	583	83	203	281	19584	19826	34.940	5.80e-10	53.1
Crotalus_tigris_C9A	region	583	48	536	583	26143	26286	64.583	6.55e-08	46.6
Crotalus_tigris_C9A	region	583	43	355	396	22050	22172	39.535	0.004	30.8
Crotalus_tigris_C9A	region	583	26	1	26	13811	13888	46.154	0.018	28.5
Crotalus_tigris_C9A	region	583	15	207	221	24542	24586	53.333	0.81	23.1
Thamnophis_elegans_C9A	region	583	133	460	574	24306	24704	45.865	3.08e-29	114
Thamnophis_elegans_C9A	region	583	93	276	368	21452	21730	56.989	3.21e-29	114
Thamnophis_elegans_C9A	region	583	47	157	203	17576	17716	74.468	2.25e-18	80.5
Thamnophis_elegans_C9A	region	583	62	108	166	16319	16504	59.677	3.72e-16	73.2
Thamnophis_elegans_C9A	region	583	68	54	118	15763	15963	50.000	2.83e-15	70.5
Thamnophis_elegans_C9A	region	583	56	402	457	23585	23752	48.214	1.19e-14	68.2
Thamnophis_elegans_C9A	region	583	77	198	271	19566	19796	46.753	7.74e-13	62.4
Thamnophis_elegans_C9A	region	583	40	25	64	15001	15120	57.500	1.28e-12	61.6
Thamnophis_elegans_C9A	region	583	51	533	583	26134	26286	58.824	2.75e-09	50.8
Thamnophis_elegans_C9A	region	583	42	354	395	22047	22169	38.095	2.38e-04	34.7
Thamnophis_elegans_C9A	region	583	20	7	26	13829	13888	55.000	0.085	26.6
Naja_naja_C9A	region	582	93	276	368	21452	21730	59.140	3.05e-31	121
Naja_naja_C9A	region	582	101	458	549	24303	24605	53.465	2.37e-28	112
Naja_naja_C9A	region	582	60	108	164	16319	16498	70.000	6.23e-19	82.0
Naja_naja_C9A	region	582	47	157	203	17576	17716	70.213	2.24e-18	80.5
Naja_naja_C9A	region	582	68	54	118	15763	15963	52.941	4.14e-16	73.2
Naja_naja_C9A	region	582	55	402	456	23588	23752	56.364	1.19e-14	68.2
Naja_naja_C9A	region	582	40	25	64	15001	15120	62.500	1.14e-12	62.0
Naja_naja_C9A	region	582	87	196	280	19563	19823	33.333	8.78e-10	52.4
Naja_naja_C9A	region	582	48	535	582	26143	26286	62.500	6.99e-08	46.2
Naja_naja_C9A	region	582	26	1	26	13811	13888	50.000	0.025	28.1
Naja_naja_C9A	region	582	16	207	222	24542	24589	56.250	0.32	24.6
Naja_naja_C9A	region	582	15	355	369	22050	22094	46.667	0.98	23.1
Pseudonaja_textilis_C9A	region	583	93	276	368	21452	21730	59.140	3.11e-31	121
Pseudonaja_textilis_C9A	region	583	101	459	550	24303	24605	56.436	7.08e-30	117
Pseudonaja_textilis_C9A	region	583	47	157	203	17576	17716	70.213	2.27e-18	80.5
Pseudonaja_textilis_C9A	region	583	60	108	164	16319	16498	66.667	2.72e-18	80.1
Pseudonaja_textilis_C9A	region	583	68	54	118	15763	15963	52.941	5.95e-16	72.4
Pseudonaja_textilis_C9A	region	583	55	403	457	23588	23752	54.545	7.37e-15	68.9
Pseudonaja_textilis_C9A	region	583	40	25	64	15001	15120	65.000	2.76e-13	63.9
Pseudonaja_textilis_C9A	region	583	88	196	281	19563	19826	31.818	1.34e-09	52.0
Pseudonaja_textilis_C9A	region	583	48	536	583	26143	26286	60.417	3.02e-07	44.3
Pseudonaja_textilis_C9A	region	583	26	1	26	13811	13888	50.000	0.016	28.9
Pseudonaja_textilis_C9A	region	583	43	355	396	22050	22172	37.209	0.024	28.1
Pseudonaja_textilis_C9A	region	583	16	207	222	24542	24589	56.250	0.32	24.6
Python_bivittatus_C9A	region	582	104	456	549	24294	24605	52.885	7.20e-30	117
Python_bivittatus_C9A	region	582	93	276	368	21452	21730	55.914	1.67e-29	115
Python_bivittatus_C9A	region	582	47	157	203	17576	17716	72.340	4.12e-19	82.8
Python_bivittatus_C9A	region	582	60	108	164	16319	16498	63.333	7.21e-17	75.5
Python_bivittatus_C9A	region	582	68	54	118	15763	15963	52.941	4.04e-15	69.7
Python_bivittatus_C9A	region	582	56	402	457	23585	23752	51.786	1.59e-14	67.8
Python_bivittatus_C9A	region	582	40	25	64	15001	15120	67.500	4.38e-14	66.6
Python_bivittatus_C9A	region	582	79	196	272	19563	19799	36.709	5.47e-11	56.6
Python_bivittatus_C9A	region	582	48	535	582	26143	26286	68.750	6.46e-10	52.8
Python_bivittatus_C9A	region	582	42	354	395	22047	22169	45.238	2.66e-05	37.7
Python_bivittatus_C9A	region	582	26	1	26	13811	13888	53.846	0.012	29.3
Notechis_scutatus_C9A	region	583	93	276	368	21452	21730	59.140	3.25e-31	120
Notechis_scutatus_C9A	region	583	101	459	550	24303	24605	55.446	1.16e-29	116
Notechis_scutatus_C9A	region	583	60	108	164	16319	16498	68.333	1.11e-18	81.3
Notechis_scutatus_C9A	region	583	47	157	203	17576	17716	70.213	2.27e-18	80.5
Notechis_scutatus_C9A	region	583	68	54	118	15763	15963	52.941	6.32e-16	72.4
Notechis_scutatus_C9A	region	583	55	403	457	23588	23752	54.545	7.31e-15	68.9
Notechis_scutatus_C9A	region	583	40	25	64	15001	15120	65.000	2.90e-13	63.9
Notechis_scutatus_C9A	region	583	88	196	281	19563	19826	31.818	1.49e-09	51.6
Notechis_scutatus_C9A	region	583	56	528	583	26119	26286	55.357	4.18e-08	47.0
Notechis_scutatus_C9A	region	583	26	1	26	13811	13888	50.000	0.014	28.9
Notechis_scutatus_C9A	region	583	43	355	396	22050	22172	37.209	0.023	28.1
Notechis_scutatus_C9A	region	583	16	207	222	24542	24589	56.250	0.33	24.6
Hydrophis_cyanocinctus_C9A	region	583	93	276	368	21452	21730	59.140	1.71e-31	122
Hydrophis_cyanocinctus_C9A	region	583	101	459	550	24303	24605	55.446	1.41e-29	115
Hydrophis_cyanocinctus_C9A	region	583	60	108	164	16319	16498	68.333	1.49e-18	80.9
Hydrophis_cyanocinctus_C9A	region	583	47	157	203	17576	17716	70.213	2.54e-18	80.1
Hydrophis_cyanocinctus_C9A	region	583	68	54	118	15763	15963	52.941	6.32e-16	72.4
Hydrophis_cyanocinctus_C9A	region	583	54	404	457	23591	23752	53.704	4.11e-14	66.6
Hydrophis_cyanocinctus_C9A	region	583	40	25	64	15001	15120	65.000	3.03e-13	63.9
Hydrophis_cyanocinctus_C9A	region	583	88	196	281	19563	19826	31.818	2.13e-09	51.2
Hydrophis_cyanocinctus_C9A	region	583	56	528	583	26119	26286	55.357	4.11e-08	47.0
Hydrophis_cyanocinctus_C9A	region	583	26	1	26	13811	13888	50.000	0.016	28.9
Hydrophis_cyanocinctus_C9A	region	583	42	355	395	22050	22169	38.095	0.052	26.9
Hydrophis_cyanocinctus_C9A	region	583	16	207	222	24542	24589	56.250	0.33	24.6
Laticauda_colubrina_C9A	region	583	85	276	360	21452	21706	62.353	3.05e-31	121
Laticauda_colubrina_C9A	region	583	101	459	550	24303	24605	56.436	6.31e-30	117
Laticauda_colubrina_C9A	region	583	47	157	203	17576	17716	70.213	2.54e-18	80.1
Laticauda_colubrina_C9A	region	583	60	108	164	16319	16498	66.667	2.75e-18	80.1
Laticauda_colubrina_C9A	region	583	68	54	118	15763	15963	52.941	1.32e-15	71.2
Laticauda_colubrina_C9A	region	583	55	403	457	23588	23752	60.000	1.61e-15	71.2
Laticauda_colubrina_C9A	region	583	40	25	64	15001	15120	65.000	4.19e-13	63.2
Laticauda_colubrina_C9A	region	583	88	196	281	19563	19826	30.682	5.67e-09	50.1
Laticauda_colubrina_C9A	region	583	56	528	583	26119	26286	57.143	2.15e-08	48.1
Laticauda_colubrina_C9A	region	583	26	1	26	13811	13888	50.000	0.016	28.9
Laticauda_colubrina_C9A	region	583	42	355	395	22050	22169	33.333	0.073	26.6
Protobothrops_mucrosquamatus_C9A	region	583	80	276	355	21452	21691	70.000	1.04e-32	125
Protobothrops_mucrosquamatus_C9A	region	583	101	459	550	24303	24605	56.436	3.54e-30	117
Protobothrops_mucrosquamatus_C9A	region	583	47	157	203	17576	17716	74.468	5.37e-20	85.5
Protobothrops_mucrosquamatus_C9A	region	583	60	108	164	16319	16498	65.000	8.39e-18	78.6
Protobothrops_mucrosquamatus_C9A	region	583	66	54	116	15763	15957	53.030	5.15e-15	69.7
Protobothrops_mucrosquamatus_C9A	region	583	54	404	457	23591	23752	53.704	1.44e-14	68.2
Protobothrops_mucrosquamatus_C9A	region	583	40	25	64	15001	15120	60.000	2.62e-13	63.9
Protobothrops_mucrosquamatus_C9A	region	583	72	203	272	19584	19799	43.056	1.48e-12	61.6
Protobothrops_mucrosquamatus_C9A	region	583	56	528	583	26119	26286	57.143	2.46e-09	51.2
Protobothrops_mucrosquamatus_C9A	region	583	42	354	395	22047	22169	45.238	3.01e-04	34.3
Protobothrops_mucrosquamatus_C9A	region	583	26	1	26	13811	13888	50.000	0.004	30.8
Chrysopelea_ornata_C9A	region	584	93	276	368	21452	21730	59.140	9.20e-31	119
Chrysopelea_ornata_C9A	region	584	105	460	555	24303	24617	54.286	1.42e-29	115
Chrysopelea_ornata_C9A	region	584	47	157	203	17576	17716	74.468	6.58e-20	85.5
Chrysopelea_ornata_C9A	region	584	60	108	164	16319	16498	68.333	8.20e-19	81.6
Chrysopelea_ornata_C9A	region	584	56	403	458	23585	23752	51.786	1.96e-15	70.9
Chrysopelea_ornata_C9A	region	584	90	196	281	19563	19826	42.222	2.06e-14	67.4
Chrysopelea_ornata_C9A	region	584	68	54	118	15763	15963	50.000	3.39e-13	63.5
Chrysopelea_ornata_C9A	region	584	40	25	64	15001	15120	55.000	3.95e-11	57.0
Chrysopelea_ornata_C9A	region	584	56	529	584	26119	26286	51.786	2.31e-08	47.8
Chrysopelea_ornata_C9A	region	584	43	354	396	22047	22169	44.186	6.05e-04	33.5
Chrysopelea_ornata_C9A	region	584	26	1	26	13811	13888	46.154	0.025	28.1
Chrysopelea_ornata_C9A	region	584	21	149	169	19938	19876	52.381	0.84	23.1
Pituophis_catenifer_C9A	region	583	92	277	368	21455	21730	59.783	6.50e-31	120
Pituophis_catenifer_C9A	region	583	105	459	554	24303	24617	52.381	1.01e-28	113
Pituophis_catenifer_C9A	region	583	47	157	203	17576	17716	70.213	3.23e-18	79.7
Pituophis_catenifer_C9A	region	583	60	108	164	16319	16498	63.333	4.29e-17	76.3
Pituophis_catenifer_C9A	region	583	68	54	118	15763	15963	52.941	5.51e-16	72.8
Pituophis_catenifer_C9A	region	583	81	203	281	19584	19826	40.741	7.43e-15	68.9
Pituophis_catenifer_C9A	region	583	54	404	457	23591	23752	53.704	7.43e-15	68.9
Pituophis_catenifer_C9A	region	583	40	25	64	15001	15120	62.500	4.56e-13	63.2
Pituophis_catenifer_C9A	region	583	56	528	583	26119	26286	57.143	3.14e-10	53.9
Pituophis_catenifer_C9A	region	583	41	355	395	22050	22169	41.463	5.87e-05	36.6
Pituophis_catenifer_C9A	region	583	26	1	26	13811	13888	46.154	0.074	26.6
Pantherophis_obsoletus_C9A	region	583	93	276	368	21452	21730	63.441	3.23e-34	130
Pantherophis_obsoletus_C9A	region	583	105	459	554	24303	24617	52.381	9.20e-29	113
Pantherophis_obsoletus_C9A	region	583	47	157	203	17576	17716	72.340	6.15e-19	82.0
Pantherophis_obsoletus_C9A	region	583	60	108	164	16319	16498	60.000	1.11e-16	75.1
Pantherophis_obsoletus_C9A	region	583	68	54	118	15763	15963	52.941	4.97e-16	72.8
Pantherophis_obsoletus_C9A	region	583	56	402	457	23585	23752	50.000	3.59e-15	70.1
Pantherophis_obsoletus_C9A	region	583	78	198	272	19566	19799	43.590	3.10e-14	67.0
Pantherophis_obsoletus_C9A	region	583	40	25	64	15001	15120	65.000	3.30e-13	63.5
Pantherophis_obsoletus_C9A	region	583	56	528	583	26119	26286	55.357	1.27e-09	52.0
Pantherophis_obsoletus_C9A	region	583	42	354	395	22047	22169	42.857	1.11e-05	39.3
Pantherophis_obsoletus_C9A	region	583	26	1	26	13811	13888	50.000	0.029	28.1
Pantherophis_obsoletus_C9A	region	583	23	11	33	21433	21501	39.130	0.72	23.5
Bothrops_jararaca_C9A	region	583	80	276	355	21452	21691	68.750	5.33e-32	123
Bothrops_jararaca_C9A	region	583	109	459	558	24303	24629	54.128	2.03e-31	121
Bothrops_jararaca_C9A	region	583	47	157	203	17576	17716	74.468	4.92e-20	85.9
Bothrops_jararaca_C9A	region	583	60	108	164	16319	16498	63.333	7.55e-17	75.5
Bothrops_jararaca_C9A	region	583	68	54	118	15763	15963	55.882	8.10e-16	72.0
Bothrops_jararaca_C9A	region	583	56	402	457	23585	23752	50.000	1.63e-14	67.8
Bothrops_jararaca_C9A	region	583	81	203	281	19584	19826	41.975	5.41e-13	62.8
Bothrops_jararaca_C9A	region	583	40	25	64	15001	15120	55.000	4.60e-12	60.1
Bothrops_jararaca_C9A	region	583	56	528	583	26119	26286	55.357	8.89e-09	49.3
Bothrops_jararaca_C9A	region	583	42	354	395	22047	22169	42.857	1.64e-04	35.4
Bothrops_jararaca_C9A	region	583	26	1	26	13811	13888	46.154	0.031	27.7
Ptyas_mucosa_C9A	region	583	84	277	360	21455	21706	65.476	5.83e-32	123
Ptyas_mucosa_C9A	region	583	105	459	554	24303	24617	52.381	1.76e-29	115
Ptyas_mucosa_C9A	region	583	47	157	203	17576	17716	72.340	6.70e-19	82.0
Ptyas_mucosa_C9A	region	583	50	108	156	16319	16468	74.000	3.55e-18	79.7
Ptyas_mucosa_C9A	region	583	68	54	118	15763	15963	52.941	3.75e-16	73.2
Ptyas_mucosa_C9A	region	583	56	402	457	23585	23752	50.000	9.61e-15	68.6
Ptyas_mucosa_C9A	region	583	81	203	281	19584	19826	40.741	9.49e-14	65.5
Ptyas_mucosa_C9A	region	583	40	25	64	15001	15120	65.000	1.99e-13	64.3
Ptyas_mucosa_C9A	region	583	50	534	583	26137	26286	62.000	1.43e-09	52.0
Ptyas_mucosa_C9A	region	583	42	354	395	22047	22169	42.857	1.93e-05	38.5
Ptyas_mucosa_C9A	region	583	26	1	26	13811	13888	50.000	0.015	28.9
Vipera_berus_C9A	region	583	81	275	355	21449	21691	66.667	5.69e-31	120
Vipera_berus_C9A	region	583	105	459	554	24303	24617	53.333	4.62e-30	117
Vipera_berus_C9A	region	583	47	157	203	17576	17716	72.340	6.83e-20	85.1
Vipera_berus_C9A	region	583	68	54	118	15763	15963	54.412	5.24e-16	72.8
Vipera_berus_C9A	region	583	56	402	457	23585	23752	53.571	9.78e-16	72.0
Vipera_berus_C9A	region	583	50	108	156	16319	16468	66.000	9.95e-16	72.0
Vipera_berus_C9A	region	583	72	203	272	19584	19799	43.056	8.93e-14	65.5
Vipera_berus_C9A	region	583	40	25	64	15001	15120	57.500	1.25e-12	61.6
Vipera_berus_C9A	region	583	56	528	583	26119	26286	55.357	1.60e-08	48.5
Vipera_berus_C9A	region	583	42	354	395	22047	22169	40.476	2.72e-04	34.7
Vipera_berus_C9A	region	583	26	1	26	13811	13888	42.308	0.17	25.4
Sceloporus_undulatus_C9A	region	591	95	278	372	21446	21730	65.263	1.16e-34	132
Sceloporus_undulatus_C9A	region	591	101	463	554	24303	24605	57.426	3.36e-32	124
Sceloporus_undulatus_C9A	region	591	67	54	117	15763	15963	59.701	7.59e-20	85.1
Sceloporus_undulatus_C9A	region	591	63	140	202	17534	17716	52.381	1.65e-17	77.8
Sceloporus_undulatus_C9A	region	591	54	408	461	23591	23752	64.815	3.85e-17	76.3
Sceloporus_undulatus_C9A	region	591	60	108	164	16322	16501	60.000	6.30e-14	65.9
Sceloporus_undulatus_C9A	region	591	39	26	64	15004	15120	71.795	2.06e-13	64.3
Sceloporus_undulatus_C9A	region	591	84	201	284	19581	19823	40.476	2.23e-12	60.8
Sceloporus_undulatus_C9A	region	591	52	538	589	26137	26292	63.462	1.89e-11	58.2
Sceloporus_undulatus_C9A	region	591	41	358	398	22047	22166	36.585	8.11e-05	36.2
Anolis_carolinensis_C9B	region	538	80	278	357	21446	21685	71.250	9.04e-32	122
Anolis_carolinensis_C9B	region	538	78	460	537	24294	24527	64.103	1.08e-27	109
Anolis_carolinensis_C9B	region	538	63	140	202	17534	17716	61.905	2.63e-20	86.3
Anolis_carolinensis_C9B	region	538	67	54	117	15763	15963	58.209	1.51e-19	84.0
Anolis_carolinensis_C9B	region	538	55	406	460	23585	23749	61.818	8.24e-17	75.1
Anolis_carolinensis_C9B	region	538	60	108	164	16322	16501	61.667	5.92e-16	72.4
Anolis_carolinensis_C9B	region	538	39	26	64	15004	15120	69.231	7.90e-14	65.5
Anolis_carolinensis_C9B	region	538	84	202	285	19584	19826	38.095	1.28e-12	61.6
Anolis_carolinensis_C9B	region	538	45	359	403	22050	22175	40.000	3.60e-04	33.9
Hydrophis_cyanocinctus_C9B	region	582	93	275	367	21452	21730	60.215	5.98e-32	123
Hydrophis_cyanocinctus_C9B	region	582	105	458	553	24303	24617	50.476	8.90e-27	107
Hydrophis_cyanocinctus_C9B	region	582	47	156	202	17576	17716	72.340	5.76e-19	82.4
Hydrophis_cyanocinctus_C9B	region	582	60	107	163	16319	16498	66.667	2.22e-18	80.5
Hydrophis_cyanocinctus_C9B	region	582	68	53	117	15763	15963	52.941	7.34e-15	68.9
Hydrophis_cyanocinctus_C9B	region	582	56	401	456	23585	23752	44.643	1.47e-13	64.7
Hydrophis_cyanocinctus_C9B	region	582	72	202	271	19584	19799	41.667	7.39e-12	59.3
Hydrophis_cyanocinctus_C9B	region	582	56	527	582	26119	26286	57.143	1.83e-10	54.7
Hydrophis_cyanocinctus_C9B	region	582	39	24	62	15001	15117	53.846	6.19e-10	53.1
Hydrophis_cyanocinctus_C9B	region	582	43	353	395	22047	22169	44.186	2.13e-04	35.0
Hydrophis_cyanocinctus_C9B	region	582	21	5	25	13826	13888	52.381	0.093	26.2
Bothrops_jararaca_C9B	region	583	80	276	355	21452	21691	68.750	6.15e-32	123
Bothrops_jararaca_C9B	region	583	109	459	558	24303	24629	54.128	1.87e-31	121
Bothrops_jararaca_C9B	region	583	47	157	203	17576	17716	76.596	1.99e-20	87.0
Bothrops_jararaca_C9B	region	583	60	108	164	16319	16498	63.333	2.79e-17	77.0
Bothrops_jararaca_C9B	region	583	68	54	118	15763	15963	54.412	8.04e-16	72.0
Bothrops_jararaca_C9B	region	583	56	402	457	23585	23752	50.000	6.48e-15	69.3
Bothrops_jararaca_C9B	region	583	81	203	281	19584	19826	40.741	7.42e-13	62.4
Bothrops_jararaca_C9B	region	583	40	25	64	15001	15120	57.500	2.83e-12	60.5
Bothrops_jararaca_C9B	region	583	56	528	583	26119	26286	55.357	1.23e-08	48.9
Bothrops_jararaca_C9B	region	583	42	354	395	22047	22169	42.857	5.74e-04	33.5
Bothrops_jararaca_C9B	region	583	26	1	26	13811	13888	46.154	0.041	27.3
Laticauda_colubrina_C9B	region	583	85	276	360	21452	21706	65.882	3.79e-33	127
Laticauda_colubrina_C9B	region	583	105	459	554	24303	24617	51.429	1.76e-27	109
Laticauda_colubrina_C9B	region	583	46	157	202	17576	17713	73.913	1.94e-19	84.0
Laticauda_colubrina_C9B	region	583	60	108	164	16319	16498	60.000	3.95e-16	73.2
Laticauda_colubrina_C9B	region	583	68	54	118	15763	15963	52.941	1.92e-14	67.8
Laticauda_colubrina_C9B	region	583	56	402	457	23585	23752	46.429	9.90e-14	65.5
Laticauda_colubrina_C9B	region	583	77	198	271	19566	19796	40.260	4.75e-11	56.6
Laticauda_colubrina_C9B	region	583	39	25	63	15001	15117	56.410	5.73e-11	56.2
Laticauda_colubrina_C9B	region	583	56	528	583	26119	26286	53.571	2.47e-08	47.8
Laticauda_colubrina_C9B	region	583	43	354	395	22047	22169	34.884	0.012	29.3
Laticauda_colubrina_C9B	region	583	26	1	26	13811	13888	50.000	0.015	28.9
Laticauda_colubrina_C9B	region	583	21	149	169	19938	19876	52.381	0.69	23.5
Pseudonaja_textilis_C9B	region	583	93	276	368	21452	21730	61.290	1.69e-32	125
Pseudonaja_textilis_C9B	region	583	74	459	532	24303	24524	66.216	9.44e-28	110
Pseudonaja_textilis_C9B	region	583	47	157	203	17576	17716	74.468	2.30e-19	83.6
Pseudonaja_textilis_C9B	region	583	60	108	164	16319	16498	66.667	2.70e-18	80.1
Pseudonaja_textilis_C9B	region	583	68	54	118	15763	15963	52.941	3.11e-15	70.1
Pseudonaja_textilis_C9B	region	583	81	203	281	19584	19826	43.210	8.03e-15	68.9
Pseudonaja_textilis_C9B	region	583	56	402	457	23585	23752	48.214	1.65e-13	64.7
Pseudonaja_textilis_C9B	region	583	39	25	63	15001	15117	58.974	2.47e-11	57.4
Pseudonaja_textilis_C9B	region	583	51	533	583	26134	26286	56.863	1.61e-08	48.5
Pseudonaja_textilis_C9B	region	583	42	354	395	22047	22166	40.476	0.004	30.8
Pseudonaja_textilis_C9B	region	583	26	1	26	13811	13888	50.000	0.014	28.9
Notechis_scutatus_C9B	region	583	93	276	368	21452	21730	60.215	3.09e-32	124
Notechis_scutatus_C9B	region	583	105	459	554	24303	24617	52.381	5.28e-28	110
Notechis_scutatus_C9B	region	583	47	157	203	17576	17716	72.340	4.71e-19	82.4
Notechis_scutatus_C9B	region	583	60	108	164	16319	16498	66.667	2.21e-18	80.5
Notechis_scutatus_C9B	region	583	68	54	118	15763	15963	52.941	4.76e-15	69.7
Notechis_scutatus_C9B	region	583	56	402	457	23585	23752	44.643	9.17e-14	65.5
Notechis_scutatus_C9B	region	583	81	203	281	19584	19826	39.506	7.61e-13	62.4
Notechis_scutatus_C9B	region	583	39	25	63	15001	15117	56.410	5.40e-11	56.6
Notechis_scutatus_C9B	region	583	51	533	583	26134	26286	60.784	1.30e-09	52.0
Notechis_scutatus_C9B	region	583	42	354	395	22047	22166	42.857	0.001	32.7
Notechis_scutatus_C9B	region	583	26	1	26	13811	13888	50.000	0.014	28.9
Pituophis_catenifer_C9B	region	583	77	277	353	21455	21685	66.234	7.80e-30	116
Pituophis_catenifer_C9B	region	583	104	456	550	24294	24605	52.885	1.54e-28	112
Pituophis_catenifer_C9B	region	583	47	157	203	17576	17716	72.340	1.62e-19	84.0
Pituophis_catenifer_C9B	region	583	60	108	164	16319	16498	68.333	1.66e-19	84.0
Pituophis_catenifer_C9B	region	583	68	54	118	15763	15963	51.471	1.54e-14	68.2
Pituophis_catenifer_C9B	region	583	51	404	454	23591	23743	58.824	2.52e-14	67.4
Pituophis_catenifer_C9B	region	583	86	202	281	19581	19826	36.047	1.01e-11	58.9
Pituophis_catenifer_C9B	region	583	40	25	64	15001	15120	55.000	1.83e-11	58.2
Pituophis_catenifer_C9B	region	583	48	536	583	26143	26286	62.500	4.11e-08	47.0
Pituophis_catenifer_C9B	region	583	41	355	395	22050	22169	34.146	0.006	30.0
Pituophis_catenifer_C9B	region	583	26	1	26	13811	13888	50.000	0.008	29.6
Pituophis_catenifer_C9B	region	583	21	149	169	19938	19876	52.381	0.83	23.1
Pantherophis_obsoletus_C9B	region	583	93	276	368	21452	21730	61.290	7.05e-34	129
Pantherophis_obsoletus_C9B	region	583	104	456	550	24294	24605	49.038	7.86e-27	107
Pantherophis_obsoletus_C9B	region	583	60	108	164	16319	16498	68.333	2.11e-19	83.6
Pantherophis_obsoletus_C9B	region	583	47	157	203	17576	17716	72.340	2.26e-19	83.6
Pantherophis_obsoletus_C9B	region	583	68	54	118	15763	15963	52.941	1.66e-15	71.2
Pantherophis_obsoletus_C9B	region	583	51	404	454	23591	23743	58.824	2.97e-14	67.0
Pantherophis_obsoletus_C9B	region	583	40	25	64	15001	15120	62.500	5.70e-13	62.8
Pantherophis_obsoletus_C9B	region	583	86	202	281	19581	19826	34.884	4.61e-10	53.5
Pantherophis_obsoletus_C9B	region	583	48	536	583	26143	26286	64.583	3.18e-08	47.4
Pantherophis_obsoletus_C9B	region	583	42	354	395	22047	22169	42.857	1.37e-05	38.9
Pantherophis_obsoletus_C9B	region	583	26	1	26	13811	13888	50.000	0.008	29.6
Pantherophis_obsoletus_C9B	region	583	21	149	169	19938	19876	52.381	0.91	23.1
Crotalus_tigris_C9B	region	583	93	276	368	21452	21730	54.839	1.22e-28	113
Crotalus_tigris_C9B	region	583	101	459	550	24303	24605	51.485	3.22e-28	111
Crotalus_tigris_C9B	region	583	47	157	203	17576	17716	74.468	1.56e-19	84.0
Crotalus_tigris_C9B	region	583	60	108	164	16319	16498	66.667	1.39e-18	80.9
Crotalus_tigris_C9B	region	583	68	54	118	15763	15963	52.941	2.76e-15	70.5
Crotalus_tigris_C9B	region	583	58	400	457	23579	23752	51.724	1.11e-14	68.6
Crotalus_tigris_C9B	region	583	40	25	64	15001	15120	57.500	2.03e-11	57.8
Crotalus_tigris_C9B	region	583	81	203	281	19584	19826	35.802	6.57e-11	56.2
Crotalus_tigris_C9B	region	583	56	529	583	26119	26286	57.143	5.21e-08	46.6
Crotalus_tigris_C9B	region	583	43	355	396	22050	22172	39.535	0.004	30.8
Crotalus_tigris_C9B	region	583	26	1	26	13811	13888	46.154	0.018	28.5
Crotalus_tigris_C9B	region	583	16	207	222	24542	24589	56.250	0.24	25.0
Ptyas_mucosa_C9B	region	583	92	277	368	21455	21730	59.783	1.27e-30	119
Ptyas_mucosa_C9B	region	583	100	460	550	24306	24605	50.000	2.88e-26	105
Ptyas_mucosa_C9B	region	583	47	157	203	17576	17716	72.340	1.66e-19	84.0
Ptyas_mucosa_C9B	region	583	60	108	164	16319	16498	68.333	3.34e-19	83.2
Ptyas_mucosa_C9B	region	583	68	54	118	15763	15963	52.941	6.77e-15	69.3
Ptyas_mucosa_C9B	region	583	51	404	454	23591	23743	56.863	3.16e-13	63.5
Ptyas_mucosa_C9B	region	583	86	202	281	19581	19826	37.209	8.08e-12	59.3
Ptyas_mucosa_C9B	region	583	35	30	64	15016	15120	51.429	3.97e-09	50.4
Ptyas_mucosa_C9B	region	583	48	536	583	26143	26286	62.500	1.12e-07	45.8
Ptyas_mucosa_C9B	region	583	39	355	393	22050	22163	38.462	0.004	30.8
Ptyas_mucosa_C9B	region	583	21	1	21	13811	13873	61.905	0.006	30.4
Ptyas_mucosa_C9B	region	583	21	149	169	19938	19876	52.381	0.84	23.1
