Cryptoblepharus_egeriae_C9A	CM123735.1	590	87	277	363	217098714	217098974	94.253	1.63e-44	175
Cryptoblepharus_egeriae_C9A	CM123735.1	590	105	457	552	217101559	217101873	76.190	3.40e-40	162
Cryptoblepharus_egeriae_C9A	CM123735.1	590	81	204	284	217096852	217097094	91.358	1.20e-36	152
Cryptoblepharus_egeriae_C9A	CM123735.1	590	61	398	458	217100835	217101017	100.000	1.26e-27	124
Cryptoblepharus_egeriae_C9A	CM123735.1	590	61	530	590	217103387	217103569	93.443	2.59e-26	120
Cryptoblepharus_egeriae_C9A	CM123735.1	590	65	54	116	217093031	217093225	86.154	1.09e-24	115
Cryptoblepharus_egeriae_C9A	CM123735.1	590	63	106	166	217093581	217093769	90.476	5.35e-24	112
Cryptoblepharus_egeriae_C9A	CM123735.1	590	47	158	204	217094844	217094984	97.872	2.01e-20	101
Cryptoblepharus_egeriae_C9A	CM123735.1	590	42	357	398	217099315	217099440	97.619	4.98e-16	87.4
Cryptoblepharus_egeriae_C9A	CM123735.1	590	39	26	64	217092272	217092388	92.308	7.59e-14	80.5
Cryptoblepharus_egeriae_C9A	CM123735.1	590	48	535	581	216513782	216513925	56.250	2.15e-07	59.7
Cryptoblepharus_egeriae_C9A	CM123735.1	590	54	57	110	216504867	216505028	48.148	2.94e-07	59.3
Cryptoblepharus_egeriae_C9A	CM123735.1	590	67	49	115	216476567	216476767	44.776	5.92e-07	58.2
Cryptoblepharus_egeriae_C9A	CM123735.1	590	116	468	577	216489487	216489834	31.897	9.06e-07	57.4
Cryptoblepharus_egeriae_C9A	CM123735.1	590	26	1	26	217091079	217091156	100.000	1.40e-06	57.0
Cryptoblepharus_egeriae_C9A	CM123735.1	590	79	280	358	216483659	216483895	35.443	2.81e-06	55.8
Cryptoblepharus_egeriae_C9A	CM123735.1	590	95	266	360	216509858	216510127	34.737	3.78e-06	55.5
Cryptoblepharus_egeriae_C9A	CM123738.1	590	289	289	565	10115396	10114578	24.567	4.02e-11	71.6
Cryptoblepharus_egeriae_C9A	CM123738.1	590	221	301	517	10129852	10129232	25.339	9.03e-09	63.9
Cryptoblepharus_egeriae_C9A	CM123737.1	590	90	269	358	60068065	60067811	31.111	1.36e-08	63.5
Cryptoblepharus_egeriae_C9A	CM123737.1	590	51	539	589	60042451	60042603	43.137	1.24e-06	57.0
Cryptoblepharus_egeriae_C9A	CM123737.1	590	104	280	381	60026525	60026836	26.923	8.00e-06	54.3
