# Gekko_japonicus DAB2/FYB1 anchors on NW_015172005.1:1-3861014 (sstart/send relative to region; add 0)
Anolis_carolinensis_DAB2	1882950	1882243	279
Anolis_carolinensis_DAB2	1881001	1880453	253
Anolis_carolinensis_DAB2	1887642	1887502	100
Anolis_carolinensis_DAB2	1890632	1890444	97.8
Anolis_carolinensis_DAB2	1888834	1888733	72.8
Anolis_carolinensis_DAB2	1881327	1881163	66.2
Anolis_carolinensis_DAB2	1878744	1878613	45.8
Anolis_carolinensis_FYB1	1795817	1794672	339
Anolis_carolinensis_FYB1	1773523	1773260	107
Anolis_carolinensis_FYB1	1751168	1751004	93.2
Anolis_carolinensis_FYB1	1769289	1769155	74.7
Anolis_carolinensis_FYB1	1763102	1762965	54.3
Thamnophis_elegans_DAB2	1882881	1882243	260
Thamnophis_elegans_DAB2	1881001	1880453	214
Thamnophis_elegans_DAB2	1887642	1887502	99.4
Thamnophis_elegans_DAB2	1890632	1890492	94.4
Thamnophis_elegans_DAB2	1888834	1888733	70.9
Thamnophis_elegans_DAB2	1881327	1881163	59.7
Thamnophis_elegans_FYB1	1795817	1794690	226
Thamnophis_elegans_FYB1	1773523	1773359	89.7
Thamnophis_elegans_FYB1	1751168	1751004	82.4
Thamnophis_elegans_FYB1	1769289	1769155	76.6
Thamnophis_elegans_FYB1	1763117	1762980	61.2
