Lacerta_agilis_C9A	JAUDYJ010000002.1	589	78	279	356	262454981	262455214	71.795	1.52e-29	130
Lacerta_agilis_C9A	JAUDYJ010000002.1	589	77	279	355	262496834	262497064	67.532	2.23e-27	123
Lacerta_agilis_C9A	JAUDYJ010000002.1	589	74	461	534	262462300	262462521	66.216	5.08e-25	116
Lacerta_agilis_C9A	JAUDYJ010000002.1	589	74	461	534	262502352	262502573	67.568	8.04e-25	115
Lacerta_agilis_C9A	JAUDYJ010000002.1	589	47	155	201	262485057	262485197	70.213	4.32e-15	84.7
Lacerta_agilis_C9A	JAUDYJ010000002.1	589	55	100	154	262447131	262447295	65.455	1.15e-14	83.2
Lacerta_agilis_C9A	JAUDYJ010000002.1	589	47	155	201	262449255	262449395	72.340	1.90e-14	82.4
Lacerta_agilis_C9A	JAUDYJ010000002.1	589	50	105	154	262480151	262480300	76.000	2.33e-14	82.0
Lacerta_agilis_C9A	JAUDYJ010000002.1	589	56	403	458	262461155	262461322	57.143	3.49e-10	68.6
Lacerta_agilis_C9A	JAUDYJ010000002.1	589	56	403	458	262501034	262501192	57.143	7.47e-09	64.3
Lacerta_agilis_C9A	JAUDYJ010000002.1	589	52	56	106	262478151	262478306	53.846	1.03e-08	63.9
Lacerta_agilis_C9A	JAUDYJ010000002.1	589	61	56	115	262445668	262445850	47.541	3.97e-08	62.0
Lacerta_agilis_C9A	JAUDYJ010000002.1	589	60	470	529	261746846	261746667	45.000	2.82e-07	59.3
Lacerta_agilis_C9A	JAUDYJ010000002.1	589	52	534	584	262503417	262503572	51.923	3.96e-07	58.9
Lacerta_agilis_C9A	JAUDYJ010000002.1	589	52	534	584	262464085	262464240	51.923	4.17e-07	58.5
Lacerta_agilis_C9A	JAUDYJ010000002.1	589	81	194	274	262451166	262451396	35.802	4.29e-06	55.5
Lacerta_agilis_C9A	JAUDYJ010000003.1	589	81	279	359	149133284	149133042	33.333	1.07e-07	60.5
Lacerta_agilis_C9A	JAUDYJ010000003.1	589	78	279	356	149075051	149075284	28.205	1.39e-06	57.0
Zootoca_vivipara_C9A	JAUDYJ010000002.1	589	78	279	356	262454981	262455214	71.795	2.69e-29	129
Zootoca_vivipara_C9A	JAUDYJ010000002.1	589	77	279	355	262496834	262497064	67.532	4.70e-27	122
Zootoca_vivipara_C9A	JAUDYJ010000002.1	589	74	461	534	262462300	262462521	66.216	5.17e-25	115
Zootoca_vivipara_C9A	JAUDYJ010000002.1	589	74	461	534	262502352	262502573	67.568	7.10e-25	115
Zootoca_vivipara_C9A	JAUDYJ010000002.1	589	47	155	201	262485057	262485197	70.213	4.75e-15	84.3
Zootoca_vivipara_C9A	JAUDYJ010000002.1	589	55	100	154	262447131	262447295	65.455	1.39e-14	82.8
Zootoca_vivipara_C9A	JAUDYJ010000002.1	589	47	155	201	262449255	262449395	72.340	2.00e-14	82.4
Zootoca_vivipara_C9A	JAUDYJ010000002.1	589	50	105	154	262480151	262480300	76.000	3.46e-14	81.6
Zootoca_vivipara_C9A	JAUDYJ010000002.1	589	56	403	458	262461155	262461322	57.143	3.04e-10	68.9
Zootoca_vivipara_C9A	JAUDYJ010000002.1	589	51	56	105	262478151	262478303	56.863	2.36e-09	65.9
Zootoca_vivipara_C9A	JAUDYJ010000002.1	589	61	56	115	262445668	262445850	47.541	1.71e-08	63.2
Zootoca_vivipara_C9A	JAUDYJ010000002.1	589	56	403	458	262501034	262501192	55.357	2.55e-08	62.8
Zootoca_vivipara_C9A	JAUDYJ010000002.1	589	60	470	529	261746846	261746667	43.333	5.03e-07	58.5
Zootoca_vivipara_C9A	JAUDYJ010000002.1	589	81	194	274	262451166	262451396	37.037	5.38e-07	58.2
Zootoca_vivipara_C9A	JAUDYJ010000002.1	589	52	534	584	262464085	262464240	51.923	1.76e-06	56.6
Zootoca_vivipara_C9A	JAUDYJ010000002.1	589	52	534	584	262503417	262503572	51.923	2.81e-06	55.8
Zootoca_vivipara_C9A	JAUDYJ010000003.1	589	81	279	359	149133284	149133042	33.333	2.02e-07	59.7
Zootoca_vivipara_C9A	JAUDYJ010000003.1	589	78	279	356	149075051	149075284	28.205	1.88e-06	56.6
Podarcis_muralis_C9A	JAUDYJ010000002.1	589	79	278	356	262454978	262455214	70.886	2.37e-29	129
Podarcis_muralis_C9A	JAUDYJ010000002.1	589	77	279	355	262496834	262497064	66.234	1.71e-26	120
Podarcis_muralis_C9A	JAUDYJ010000002.1	589	74	461	534	262462300	262462521	64.865	1.76e-24	114
Podarcis_muralis_C9A	JAUDYJ010000002.1	589	74	461	534	262502352	262502573	66.216	2.24e-24	114
Podarcis_muralis_C9A	JAUDYJ010000002.1	589	47	155	201	262485057	262485197	70.213	4.14e-15	84.7
Podarcis_muralis_C9A	JAUDYJ010000002.1	589	55	100	154	262447131	262447295	65.455	1.22e-14	83.2
Podarcis_muralis_C9A	JAUDYJ010000002.1	589	47	155	201	262449255	262449395	72.340	1.95e-14	82.4
Podarcis_muralis_C9A	JAUDYJ010000002.1	589	50	105	154	262480151	262480300	76.000	2.33e-14	82.0
Podarcis_muralis_C9A	JAUDYJ010000002.1	589	52	56	106	262478151	262478306	55.769	4.15e-09	65.1
Podarcis_muralis_C9A	JAUDYJ010000002.1	589	56	403	458	262461155	262461322	53.571	1.13e-08	63.9
Podarcis_muralis_C9A	JAUDYJ010000002.1	589	61	56	115	262445668	262445850	49.180	2.42e-08	62.8
Podarcis_muralis_C9A	JAUDYJ010000002.1	589	60	470	529	261746846	261746667	41.667	3.07e-07	59.3
Podarcis_muralis_C9A	JAUDYJ010000002.1	589	55	404	458	262501037	262501192	54.545	3.37e-07	58.9
Podarcis_muralis_C9A	JAUDYJ010000002.1	589	52	534	584	262503417	262503572	51.923	4.14e-07	58.5
Podarcis_muralis_C9A	JAUDYJ010000002.1	589	70	519	584	262464031	262464240	44.286	5.07e-07	58.5
Podarcis_muralis_C9A	JAUDYJ010000002.1	589	86	194	279	262451166	262451411	36.047	6.30e-06	54.7
Podarcis_muralis_C9A	JAUDYJ010000003.1	589	81	279	359	149133284	149133042	32.099	5.86e-07	58.2
Podarcis_muralis_C9A	JAUDYJ010000003.1	589	78	279	356	149075051	149075284	29.487	8.45e-07	57.8
Anolis_carolinensis_C9A	JAUDYJ010000002.1	591	81	457	537	262462282	262462524	69.136	1.34e-29	130
Anolis_carolinensis_C9A	JAUDYJ010000002.1	591	81	457	537	262502334	262502576	61.728	2.69e-27	123
Anolis_carolinensis_C9A	JAUDYJ010000002.1	591	79	280	358	262454978	262455214	67.089	4.41e-26	119
Anolis_carolinensis_C9A	JAUDYJ010000002.1	591	74	281	354	262496834	262497055	67.568	1.33e-24	114
Anolis_carolinensis_C9A	JAUDYJ010000002.1	591	47	156	202	262485057	262485197	74.468	2.65e-15	85.1
Anolis_carolinensis_C9A	JAUDYJ010000002.1	591	47	156	202	262449255	262449395	68.085	2.94e-13	78.6
Anolis_carolinensis_C9A	JAUDYJ010000002.1	591	50	106	155	262480151	262480300	66.000	1.89e-11	72.8
Anolis_carolinensis_C9A	JAUDYJ010000002.1	591	50	106	155	262447146	262447295	62.000	2.72e-10	68.9
Anolis_carolinensis_C9A	JAUDYJ010000002.1	591	78	394	471	262461140	262461355	46.154	3.31e-10	68.9
Anolis_carolinensis_C9A	JAUDYJ010000002.1	591	52	536	587	262503417	262503572	57.692	4.58e-10	68.2
Anolis_carolinensis_C9A	JAUDYJ010000002.1	591	52	57	107	262478151	262478306	59.615	7.78e-09	64.3
Anolis_carolinensis_C9A	JAUDYJ010000002.1	591	65	408	472	262501043	262501228	46.154	1.18e-07	60.5
Anolis_carolinensis_C9A	JAUDYJ010000002.1	591	82	278	359	261653770	261654015	34.146	1.63e-07	60.1
Anolis_carolinensis_C9A	JAUDYJ010000002.1	591	71	461	531	261746876	261746667	39.437	2.27e-07	59.7
Anolis_carolinensis_C9A	JAUDYJ010000002.1	591	50	542	591	261745504	261745355	48.000	2.43e-07	59.3
Anolis_carolinensis_C9A	JAUDYJ010000002.1	591	40	25	64	262444156	262444275	57.500	2.45e-07	59.3
Anolis_carolinensis_C9A	JAUDYJ010000002.1	591	52	536	587	262464085	262464240	50.000	2.81e-07	59.3
Anolis_carolinensis_C9A	JAUDYJ010000002.1	591	61	57	116	262445668	262445850	45.902	2.32e-06	56.2
Anolis_carolinensis_C9A	JAUDYJ010000002.1	591	87	195	281	262451166	262451411	35.632	3.40e-06	55.8
Anolis_carolinensis_C9A	JAUDYJ010000002.1	591	81	281	361	261700075	261700317	30.864	4.82e-06	55.1
Anolis_carolinensis_C9A	JAUDYJ010000002.1	591	50	539	587	261666923	261667072	48.000	8.17e-06	54.7
Anolis_carolinensis_C9A	JAUDYJ010000003.1	591	78	281	358	149075051	149075284	33.333	4.39e-08	62.0
Anolis_carolinensis_C9A	JAUDYJ010000003.1	591	123	406	527	149116054	149115725	27.642	2.73e-06	56.2
Anolis_carolinensis_C9A	JAUDYJ010000003.1	591	46	542	587	149112954	149112817	50.000	8.31e-06	54.3
Anolis_carolinensis_C9A	JAUDYJ010000016.1	591	61	534	591	2291189	2291371	45.902	6.15e-07	58.2
Anolis_carolinensis_C9A	JAUDYJ010000001.1	591	51	542	588	230121801	230121953	52.941	7.57e-06	54.7
Pogona_vitticeps_C9A	JAUDYJ010000002.1	576	84	262	345	262454981	262455232	64.286	1.03e-26	121
Pogona_vitticeps_C9A	JAUDYJ010000002.1	576	78	438	515	262502334	262502567	67.949	1.04e-25	118
Pogona_vitticeps_C9A	JAUDYJ010000002.1	576	78	438	515	262462282	262462515	67.949	1.91e-25	117
Pogona_vitticeps_C9A	JAUDYJ010000002.1	576	77	262	338	262496834	262497064	64.935	9.09e-25	115
Pogona_vitticeps_C9A	JAUDYJ010000002.1	576	54	156	209	262449255	262449416	66.667	4.32e-15	84.3
Pogona_vitticeps_C9A	JAUDYJ010000002.1	576	51	156	206	262485057	262485209	68.627	8.32e-15	83.6
Pogona_vitticeps_C9A	JAUDYJ010000002.1	576	71	501	571	262503360	262503572	54.930	2.13e-14	82.4
Pogona_vitticeps_C9A	JAUDYJ010000002.1	576	50	106	155	262480151	262480300	70.000	1.19e-12	76.6
Pogona_vitticeps_C9A	JAUDYJ010000002.1	576	70	502	571	262464031	262464240	51.429	3.48e-12	75.1
Pogona_vitticeps_C9A	JAUDYJ010000002.1	576	68	381	448	262461140	262461343	50.000	5.17e-11	71.2
Pogona_vitticeps_C9A	JAUDYJ010000002.1	576	50	106	155	262447146	262447295	62.000	3.34e-10	68.6
Pogona_vitticeps_C9A	JAUDYJ010000002.1	576	41	524	563	261705844	261705966	73.171	1.16e-08	63.5
Pogona_vitticeps_C9A	JAUDYJ010000002.1	576	39	26	64	262444159	262444275	66.667	2.33e-08	62.8
Pogona_vitticeps_C9A	JAUDYJ010000002.1	576	62	387	448	262501037	262501213	48.387	2.93e-08	62.4
Pogona_vitticeps_C9A	JAUDYJ010000002.1	576	68	3	70	262476795	262476986	44.118	1.41e-07	60.1
Pogona_vitticeps_C9A	JAUDYJ010000002.1	576	55	521	575	261745519	261745355	43.636	2.33e-07	59.3
Pogona_vitticeps_C9A	JAUDYJ010000002.1	576	52	57	107	262478151	262478306	51.923	2.86e-07	59.3
Pogona_vitticeps_C9A	JAUDYJ010000002.1	576	68	443	510	261746873	261746673	42.647	4.05e-07	58.5
Pogona_vitticeps_C9A	JAUDYJ010000002.1	576	52	521	571	261666917	261667072	51.923	7.05e-07	57.8
Pogona_vitticeps_C9A	JAUDYJ010000002.1	576	82	259	340	261653770	261654015	36.585	1.31e-06	57.0
Pogona_vitticeps_C9A	JAUDYJ010000003.1	576	84	257	340	149133299	149133048	34.524	4.09e-08	62.0
Pogona_vitticeps_C9A	JAUDYJ010000003.1	576	52	520	571	149112972	149112817	51.923	2.21e-07	59.7
Gekko_japonicus_C9A	JAUDYJ010000002.1	582	78	295	372	262454981	262455214	62.821	7.90e-23	108
Gekko_japonicus_C9A	JAUDYJ010000002.1	582	69	457	525	262462300	262462506	66.667	5.00e-22	106
Gekko_japonicus_C9A	JAUDYJ010000002.1	582	74	295	368	262496834	262497055	62.162	4.63e-21	103
Gekko_japonicus_C9A	JAUDYJ010000002.1	582	73	457	529	262502352	262502570	58.904	3.67e-20	100
Gekko_japonicus_C9A	JAUDYJ010000002.1	582	51	122	172	262480151	262480300	64.706	1.43e-11	73.2
Gekko_japonicus_C9A	JAUDYJ010000002.1	582	74	122	193	262447146	262447364	50.000	1.94e-11	72.8
Gekko_japonicus_C9A	JAUDYJ010000002.1	582	45	173	217	262485057	262485191	62.222	1.32e-10	70.1
Gekko_japonicus_C9A	JAUDYJ010000002.1	582	45	173	217	262449255	262449389	62.222	1.33e-09	66.6
Gekko_japonicus_C9A	JAUDYJ010000002.1	582	46	536	581	261745504	261745367	52.174	7.69e-09	64.3
Gekko_japonicus_C9A	JAUDYJ010000002.1	582	52	71	122	262478154	262478303	55.769	1.62e-08	63.2
Gekko_japonicus_C9A	JAUDYJ010000002.1	582	51	531	581	262464088	262464240	58.824	1.78e-08	63.2
Gekko_japonicus_C9A	JAUDYJ010000002.1	582	67	457	523	261746870	261746673	44.776	4.98e-08	61.6
Gekko_japonicus_C9A	JAUDYJ010000002.1	582	82	292	373	261653770	261654015	35.366	7.89e-08	60.8
Gekko_japonicus_C9A	JAUDYJ010000002.1	582	62	71	132	262445671	262445850	46.774	2.41e-07	59.3
Gekko_japonicus_C9A	JAUDYJ010000002.1	582	47	531	577	262503420	262503560	57.447	5.01e-07	58.5
Gekko_japonicus_C9A	JAUDYJ010000002.1	582	64	466	527	261660162	261660353	40.625	1.99e-06	56.6
Gekko_japonicus_C9A	JAUDYJ010000002.1	582	93	291	383	261700063	261700341	27.957	5.67e-06	55.1
Gekko_japonicus_C9A	JAUDYJ010000003.1	582	81	295	375	149133284	149133042	33.333	5.10e-07	58.5
Gekko_japonicus_C9A	JAUDYJ010000003.1	582	93	437	521	149116003	149115725	32.258	5.72e-06	55.1
Crotalus_tigris_C9A	JAUDYJ010000002.1	583	87	274	360	262496825	262497085	82.759	9.77e-37	152
Crotalus_tigris_C9A	JAUDYJ010000002.1	583	80	453	532	262462282	262462521	83.750	4.59e-35	147
Crotalus_tigris_C9A	JAUDYJ010000002.1	583	80	453	532	262502334	262502573	78.750	1.07e-33	142
Crotalus_tigris_C9A	JAUDYJ010000002.1	583	77	276	352	262454978	262455208	79.221	1.03e-31	136
Crotalus_tigris_C9A	JAUDYJ010000002.1	583	79	195	273	262492743	262492979	67.089	2.08e-22	107
Crotalus_tigris_C9A	JAUDYJ010000002.1	583	52	532	583	262503417	262503572	84.615	2.36e-21	104
Crotalus_tigris_C9A	JAUDYJ010000002.1	583	79	401	479	262461155	262461370	62.025	1.69e-19	98.6
Crotalus_tigris_C9A	JAUDYJ010000002.1	583	54	54	107	262478142	262478303	81.481	2.33e-19	98.2
Crotalus_tigris_C9A	JAUDYJ010000002.1	583	72	397	468	262501022	262501228	72.222	3.79e-19	97.4
Crotalus_tigris_C9A	JAUDYJ010000002.1	583	50	107	156	262480151	262480300	90.000	3.16e-18	94.7
Crotalus_tigris_C9A	JAUDYJ010000002.1	583	61	57	117	262445668	262445850	67.213	1.43e-17	92.4
Crotalus_tigris_C9A	JAUDYJ010000002.1	583	47	157	203	262485057	262485197	80.851	8.80e-17	90.1
Crotalus_tigris_C9A	JAUDYJ010000002.1	583	50	107	156	262447146	262447295	82.000	4.62e-16	87.8
Crotalus_tigris_C9A	JAUDYJ010000002.1	583	52	532	583	262464085	262464240	65.385	1.96e-14	82.4
Crotalus_tigris_C9A	JAUDYJ010000002.1	583	47	157	203	262449255	262449395	74.468	4.33e-14	81.3
Crotalus_tigris_C9A	JAUDYJ010000002.1	583	77	196	272	262451166	262451396	41.558	5.44e-09	64.7
Crotalus_tigris_C9A	JAUDYJ010000002.1	583	45	26	70	262476852	262476986	62.222	2.26e-08	62.8
Crotalus_tigris_C9A	JAUDYJ010000002.1	583	39	26	64	262444159	262444275	69.231	3.32e-08	62.4
Crotalus_tigris_C9A	JAUDYJ010000002.1	583	41	355	395	262499609	262499731	68.293	9.80e-08	60.8
Crotalus_tigris_C9A	JAUDYJ010000002.1	583	69	457	525	261746876	261746673	39.130	6.69e-06	54.7
Crotalus_tigris_C9A	JAUDYJ010000003.1	583	77	277	353	149133284	149133054	37.662	1.44e-07	60.1
Crotalus_tigris_C9A	JAUDYJ010000003.1	583	47	537	583	149112957	149112817	53.191	1.72e-07	60.1
Thamnophis_elegans_C9A	JAUDYJ010000002.1	583	82	274	355	262454972	262455217	84.146	2.26e-36	150
Thamnophis_elegans_C9A	JAUDYJ010000002.1	583	80	453	532	262462282	262462521	86.250	2.00e-34	145
Thamnophis_elegans_C9A	JAUDYJ010000002.1	583	74	277	350	262496834	262497055	83.784	3.46e-31	135
Thamnophis_elegans_C9A	JAUDYJ010000002.1	583	80	453	532	262502334	262502573	75.000	5.57e-30	131
Thamnophis_elegans_C9A	JAUDYJ010000002.1	583	72	396	467	262461140	262461355	72.222	3.08e-23	110
Thamnophis_elegans_C9A	JAUDYJ010000002.1	583	50	107	156	262447146	262447295	96.000	9.06e-21	102
Thamnophis_elegans_C9A	JAUDYJ010000002.1	583	52	532	583	262464085	262464240	78.846	4.59e-18	94.0
Thamnophis_elegans_C9A	JAUDYJ010000002.1	583	61	57	117	262445668	262445850	68.852	1.61e-17	92.4
Thamnophis_elegans_C9A	JAUDYJ010000002.1	583	50	107	156	262480151	262480300	88.000	1.84e-17	92.0
Thamnophis_elegans_C9A	JAUDYJ010000002.1	583	69	400	468	262501031	262501228	63.768	1.60e-16	89.0
Thamnophis_elegans_C9A	JAUDYJ010000002.1	583	73	196	268	262451166	262451384	58.904	6.36e-16	87.0
Thamnophis_elegans_C9A	JAUDYJ010000002.1	583	47	157	203	262449255	262449395	78.723	1.08e-15	86.7
Thamnophis_elegans_C9A	JAUDYJ010000002.1	583	47	157	203	262485057	262485197	78.723	1.75e-15	85.9
Thamnophis_elegans_C9A	JAUDYJ010000002.1	583	54	54	107	262478142	262478303	74.074	7.49e-15	83.6
Thamnophis_elegans_C9A	JAUDYJ010000002.1	583	52	532	583	262503417	262503572	63.462	4.41e-13	78.2
Thamnophis_elegans_C9A	JAUDYJ010000002.1	583	77	195	271	262492743	262492973	50.649	1.05e-10	70.5
Thamnophis_elegans_C9A	JAUDYJ010000002.1	583	39	26	64	262444159	262444275	76.923	1.10e-10	70.5
Thamnophis_elegans_C9A	JAUDYJ010000002.1	583	45	351	395	262459260	262459394	68.889	5.44e-09	64.7
Thamnophis_elegans_C9A	JAUDYJ010000002.1	583	50	535	583	261666923	261667072	54.000	9.89e-09	63.9
Thamnophis_elegans_C9A	JAUDYJ010000002.1	583	45	26	70	262476852	262476986	55.556	5.93e-08	61.6
Thamnophis_elegans_C9A	JAUDYJ010000002.1	583	50	535	583	261705841	261705990	52.000	8.48e-08	60.8
Thamnophis_elegans_C9A	JAUDYJ010000002.1	583	54	530	583	261745528	261745367	46.296	2.59e-07	59.3
Thamnophis_elegans_C9A	JAUDYJ010000003.1	583	81	274	354	149133293	149133051	33.333	2.81e-06	55.8
Thamnophis_elegans_C9A	JAUDYJ010000003.1	583	82	277	358	149075051	149075296	29.268	5.36e-06	55.1
Naja_naja_C9A	JAUDYJ010000002.1	582	87	274	360	262496825	262497085	86.207	8.80e-38	155
Naja_naja_C9A	JAUDYJ010000002.1	582	80	452	531	262502334	262502573	88.750	2.32e-37	154
Naja_naja_C9A	JAUDYJ010000002.1	582	80	452	531	262462282	262462521	81.250	4.74e-33	140
Naja_naja_C9A	JAUDYJ010000002.1	582	77	276	352	262454978	262455208	80.519	3.69e-32	138
Naja_naja_C9A	JAUDYJ010000002.1	582	78	196	273	262492746	262492979	74.359	1.37e-26	120
Naja_naja_C9A	JAUDYJ010000002.1	582	56	527	582	262503405	262503572	82.143	2.95e-22	107
Naja_naja_C9A	JAUDYJ010000002.1	582	50	107	156	262480151	262480300	96.000	9.91e-21	102
Naja_naja_C9A	JAUDYJ010000002.1	582	72	396	467	262501022	262501228	73.611	9.84e-20	99.4
Naja_naja_C9A	JAUDYJ010000002.1	582	47	157	203	262485057	262485197	89.362	1.36e-18	95.9
Naja_naja_C9A	JAUDYJ010000002.1	582	63	400	462	262461155	262461343	65.079	2.54e-17	91.7
Naja_naja_C9A	JAUDYJ010000002.1	582	54	54	107	262478142	262478303	75.926	2.60e-17	91.7
Naja_naja_C9A	JAUDYJ010000002.1	582	50	107	156	262447146	262447295	84.000	4.27e-17	90.9
Naja_naja_C9A	JAUDYJ010000002.1	582	61	57	117	262445668	262445850	63.934	4.76e-16	87.4
Naja_naja_C9A	JAUDYJ010000002.1	582	56	527	582	262464073	262464240	67.857	7.92e-16	87.0
Naja_naja_C9A	JAUDYJ010000002.1	582	47	157	203	262449255	262449395	74.468	4.83e-14	81.3
Naja_naja_C9A	JAUDYJ010000002.1	582	77	196	272	262451166	262451396	42.857	9.06e-11	70.5
Naja_naja_C9A	JAUDYJ010000002.1	582	45	26	70	262476852	262476986	64.444	6.27e-09	64.7
Naja_naja_C9A	JAUDYJ010000002.1	582	39	26	64	262444159	262444275	69.231	4.73e-08	61.6
Naja_naja_C9A	JAUDYJ010000002.1	582	69	456	524	261746876	261746673	40.580	2.31e-07	59.7
Naja_naja_C9A	JAUDYJ010000002.1	582	48	535	582	261745510	261745367	52.083	1.54e-06	57.0
Naja_naja_C9A	JAUDYJ010000003.1	582	47	536	582	149112957	149112817	53.191	2.86e-07	59.3
Naja_naja_C9A	JAUDYJ010000003.1	582	76	277	352	149133284	149133057	38.158	4.57e-07	58.5
Pseudonaja_textilis_C9A	JAUDYJ010000002.1	583	105	274	378	262496825	262497115	76.190	3.67e-39	159
Pseudonaja_textilis_C9A	JAUDYJ010000002.1	583	80	453	532	262502334	262502573	87.500	8.84e-37	152
Pseudonaja_textilis_C9A	JAUDYJ010000002.1	583	77	276	352	262454978	262455208	81.818	2.08e-32	139
Pseudonaja_textilis_C9A	JAUDYJ010000002.1	583	77	456	532	262462291	262462521	80.519	6.36e-32	137
Pseudonaja_textilis_C9A	JAUDYJ010000002.1	583	79	195	273	262492743	262492979	69.620	3.89e-25	116
Pseudonaja_textilis_C9A	JAUDYJ010000002.1	583	56	528	583	262503405	262503572	83.929	1.43e-22	108
Pseudonaja_textilis_C9A	JAUDYJ010000002.1	583	50	107	156	262480151	262480300	96.000	1.25e-20	102
Pseudonaja_textilis_C9A	JAUDYJ010000002.1	583	72	397	468	262501022	262501228	75.000	1.76e-20	101
Pseudonaja_textilis_C9A	JAUDYJ010000002.1	583	47	157	203	262485057	262485197	89.362	1.34e-18	95.9
Pseudonaja_textilis_C9A	JAUDYJ010000002.1	583	50	107	156	262447146	262447295	88.000	4.83e-18	94.0
Pseudonaja_textilis_C9A	JAUDYJ010000002.1	583	63	401	463	262461155	262461343	65.079	1.03e-17	92.8
Pseudonaja_textilis_C9A	JAUDYJ010000002.1	583	54	54	107	262478142	262478303	75.926	1.98e-17	92.0
Pseudonaja_textilis_C9A	JAUDYJ010000002.1	583	56	528	583	262464073	262464240	69.643	2.61e-16	88.6
Pseudonaja_textilis_C9A	JAUDYJ010000002.1	583	61	57	117	262445668	262445850	65.574	2.85e-16	88.2
Pseudonaja_textilis_C9A	JAUDYJ010000002.1	583	47	157	203	262449255	262449395	74.468	5.42e-14	80.9
Pseudonaja_textilis_C9A	JAUDYJ010000002.1	583	77	196	272	262451166	262451396	44.156	7.99e-11	70.9
Pseudonaja_textilis_C9A	JAUDYJ010000002.1	583	39	26	64	262444159	262444275	71.795	9.15e-09	63.9
Pseudonaja_textilis_C9A	JAUDYJ010000002.1	583	45	26	70	262476852	262476986	62.222	2.53e-08	62.8
Pseudonaja_textilis_C9A	JAUDYJ010000002.1	583	41	355	395	262499609	262499731	78.049	3.13e-08	62.4
Pseudonaja_textilis_C9A	JAUDYJ010000002.1	583	71	457	527	261746876	261746667	42.254	9.97e-08	60.8
Pseudonaja_textilis_C9A	JAUDYJ010000002.1	583	48	536	583	261745510	261745367	50.000	1.48e-06	57.0
Pseudonaja_textilis_C9A	JAUDYJ010000003.1	583	76	277	352	149133284	149133057	38.158	2.07e-07	59.7
Pseudonaja_textilis_C9A	JAUDYJ010000003.1	583	43	537	579	149112957	149112829	55.814	2.84e-07	59.3
Python_bivittatus_C9A	JAUDYJ010000002.1	582	81	274	354	262454972	262455214	81.481	1.13e-34	145
Python_bivittatus_C9A	JAUDYJ010000002.1	582	80	453	532	262462282	262462521	78.750	9.60e-33	139
Python_bivittatus_C9A	JAUDYJ010000002.1	582	76	277	352	262496834	262497061	78.947	1.52e-30	133
Python_bivittatus_C9A	JAUDYJ010000002.1	582	80	453	532	262502334	262502573	75.000	7.54e-30	130
Python_bivittatus_C9A	JAUDYJ010000002.1	582	72	396	467	262461140	262461355	70.833	2.49e-21	104
Python_bivittatus_C9A	JAUDYJ010000002.1	582	50	107	156	262480151	262480300	88.000	5.47e-18	94.0
Python_bivittatus_C9A	JAUDYJ010000002.1	582	47	157	203	262485057	262485197	82.979	2.01e-17	92.0
Python_bivittatus_C9A	JAUDYJ010000002.1	582	68	401	468	262501034	262501228	69.118	6.58e-17	90.5
Python_bivittatus_C9A	JAUDYJ010000002.1	582	48	535	582	262503429	262503572	77.083	7.05e-17	90.1
Python_bivittatus_C9A	JAUDYJ010000002.1	582	50	107	156	262447146	262447295	82.000	1.62e-16	89.0
Python_bivittatus_C9A	JAUDYJ010000002.1	582	82	196	277	262451166	262451411	52.439	3.71e-16	87.8
Python_bivittatus_C9A	JAUDYJ010000002.1	582	47	157	203	262449255	262449395	76.596	5.71e-15	84.0
Python_bivittatus_C9A	JAUDYJ010000002.1	582	52	532	582	262464085	262464240	69.231	2.13e-13	79.0
Python_bivittatus_C9A	JAUDYJ010000002.1	582	54	54	107	262478142	262478303	62.963	9.84e-13	77.0
Python_bivittatus_C9A	JAUDYJ010000002.1	582	61	57	117	262445668	262445850	55.738	1.45e-11	73.2
Python_bivittatus_C9A	JAUDYJ010000002.1	582	78	195	272	262492743	262492976	47.436	2.73e-11	72.4
Python_bivittatus_C9A	JAUDYJ010000002.1	582	39	26	64	262444159	262444275	76.923	7.25e-11	70.9
Python_bivittatus_C9A	JAUDYJ010000002.1	582	45	26	70	262476852	262476986	55.556	9.77e-08	60.8
Python_bivittatus_C9A	JAUDYJ010000002.1	582	47	529	574	261705826	261705966	57.447	6.93e-07	57.8
Python_bivittatus_C9A	JAUDYJ010000002.1	582	67	459	525	261746870	261746673	41.791	1.47e-06	57.0
Python_bivittatus_C9A	JAUDYJ010000002.1	582	41	354	394	262459269	262459391	63.415	1.54e-06	57.0
Python_bivittatus_C9A	JAUDYJ010000002.1	582	40	535	574	261745510	261745391	57.500	2.21e-06	56.2
Python_bivittatus_C9A	JAUDYJ010000003.1	582	47	536	582	149112957	149112817	55.319	7.56e-09	64.3
Python_bivittatus_C9A	JAUDYJ010000003.1	582	79	277	355	149133284	149133048	35.443	1.56e-07	60.1
Notechis_scutatus_C9A	JAUDYJ010000002.1	583	105	274	378	262496825	262497115	76.190	3.99e-39	159
Notechis_scutatus_C9A	JAUDYJ010000002.1	583	80	453	532	262502334	262502573	86.250	4.73e-36	150
Notechis_scutatus_C9A	JAUDYJ010000002.1	583	77	276	352	262454978	262455208	81.818	2.27e-32	138
Notechis_scutatus_C9A	JAUDYJ010000002.1	583	77	456	532	262462291	262462521	79.221	5.43e-31	134
Notechis_scutatus_C9A	JAUDYJ010000002.1	583	79	195	273	262492743	262492979	72.152	5.53e-26	119
Notechis_scutatus_C9A	JAUDYJ010000002.1	583	56	528	583	262503405	262503572	83.929	1.58e-22	108
Notechis_scutatus_C9A	JAUDYJ010000002.1	583	50	107	156	262480151	262480300	98.000	5.00e-21	103
Notechis_scutatus_C9A	JAUDYJ010000002.1	583	72	397	468	262501022	262501228	75.000	2.11e-20	101
Notechis_scutatus_C9A	JAUDYJ010000002.1	583	47	157	203	262485057	262485197	89.362	1.37e-18	95.9
Notechis_scutatus_C9A	JAUDYJ010000002.1	583	82	398	479	262461146	262461370	54.878	5.13e-18	94.0
Notechis_scutatus_C9A	JAUDYJ010000002.1	583	54	54	107	262478142	262478303	77.778	1.12e-17	92.8
Notechis_scutatus_C9A	JAUDYJ010000002.1	583	50	107	156	262447146	262447295	86.000	2.04e-17	92.0
Notechis_scutatus_C9A	JAUDYJ010000002.1	583	61	57	117	262445668	262445850	67.213	1.73e-16	89.0
Notechis_scutatus_C9A	JAUDYJ010000002.1	583	56	528	583	262464073	262464240	69.643	2.22e-16	88.6
Notechis_scutatus_C9A	JAUDYJ010000002.1	583	47	157	203	262449255	262449395	74.468	4.89e-14	81.3
Notechis_scutatus_C9A	JAUDYJ010000002.1	583	77	196	272	262451166	262451396	42.857	8.71e-11	70.5
Notechis_scutatus_C9A	JAUDYJ010000002.1	583	39	26	64	262444159	262444275	71.795	9.23e-09	63.9
Notechis_scutatus_C9A	JAUDYJ010000002.1	583	45	26	70	262476852	262476986	62.222	2.61e-08	62.8
Notechis_scutatus_C9A	JAUDYJ010000002.1	583	41	355	395	262499609	262499731	78.049	3.00e-08	62.4
Notechis_scutatus_C9A	JAUDYJ010000002.1	583	71	457	527	261746876	261746667	42.254	1.73e-07	60.1
Notechis_scutatus_C9A	JAUDYJ010000002.1	583	48	536	583	261745510	261745367	50.000	1.53e-06	57.0
Notechis_scutatus_C9A	JAUDYJ010000003.1	583	76	277	352	149133284	149133057	38.158	2.00e-07	59.7
Notechis_scutatus_C9A	JAUDYJ010000003.1	583	43	537	579	149112957	149112829	55.814	2.82e-07	59.3
Hydrophis_cyanocinctus_C9A	JAUDYJ010000002.1	583	105	274	378	262496825	262497115	75.238	1.02e-38	158
Hydrophis_cyanocinctus_C9A	JAUDYJ010000002.1	583	80	453	532	262502334	262502573	85.000	1.99e-35	148
Hydrophis_cyanocinctus_C9A	JAUDYJ010000002.1	583	79	274	352	262454972	262455208	81.013	1.80e-32	139
Hydrophis_cyanocinctus_C9A	JAUDYJ010000002.1	583	77	456	532	262462291	262462521	77.922	2.31e-30	132
Hydrophis_cyanocinctus_C9A	JAUDYJ010000002.1	583	78	196	273	262492746	262492979	71.795	1.56e-25	117
Hydrophis_cyanocinctus_C9A	JAUDYJ010000002.1	583	56	528	583	262503405	262503572	83.929	1.67e-22	108
Hydrophis_cyanocinctus_C9A	JAUDYJ010000002.1	583	50	107	156	262480151	262480300	98.000	5.41e-21	103
Hydrophis_cyanocinctus_C9A	JAUDYJ010000002.1	583	72	397	468	262501022	262501228	75.000	1.86e-20	101
Hydrophis_cyanocinctus_C9A	JAUDYJ010000002.1	583	47	157	203	262485057	262485197	91.489	5.32e-19	97.1
Hydrophis_cyanocinctus_C9A	JAUDYJ010000002.1	583	54	54	107	262478142	262478303	77.778	1.04e-17	92.8
Hydrophis_cyanocinctus_C9A	JAUDYJ010000002.1	583	50	107	156	262447146	262447295	86.000	2.24e-17	92.0
Hydrophis_cyanocinctus_C9A	JAUDYJ010000002.1	583	66	398	463	262461146	262461343	62.121	6.96e-17	90.1
Hydrophis_cyanocinctus_C9A	JAUDYJ010000002.1	583	61	57	117	262445668	262445850	67.213	1.82e-16	89.0
Hydrophis_cyanocinctus_C9A	JAUDYJ010000002.1	583	56	528	583	262464073	262464240	69.643	2.50e-16	88.6
Hydrophis_cyanocinctus_C9A	JAUDYJ010000002.1	583	47	157	203	262449255	262449395	74.468	2.94e-14	82.0
Hydrophis_cyanocinctus_C9A	JAUDYJ010000002.1	583	42	355	396	262499609	262499734	83.333	1.63e-10	69.7
Hydrophis_cyanocinctus_C9A	JAUDYJ010000002.1	583	77	196	272	262451166	262451396	42.857	1.71e-10	69.7
Hydrophis_cyanocinctus_C9A	JAUDYJ010000002.1	583	39	26	64	262444159	262444275	71.795	9.31e-09	63.9
Hydrophis_cyanocinctus_C9A	JAUDYJ010000002.1	583	45	26	70	262476852	262476986	62.222	2.59e-08	62.8
Hydrophis_cyanocinctus_C9A	JAUDYJ010000002.1	583	71	457	527	261746876	261746667	42.254	1.73e-07	60.1
Hydrophis_cyanocinctus_C9A	JAUDYJ010000002.1	583	48	536	583	261745510	261745367	50.000	1.51e-06	57.0
Hydrophis_cyanocinctus_C9A	JAUDYJ010000003.1	583	80	273	352	149133296	149133057	37.500	1.27e-07	60.5
Hydrophis_cyanocinctus_C9A	JAUDYJ010000003.1	583	43	537	579	149112957	149112829	55.814	2.82e-07	59.3
Laticauda_colubrina_C9A	JAUDYJ010000002.1	583	97	274	370	262496825	262497103	82.474	3.17e-39	159
Laticauda_colubrina_C9A	JAUDYJ010000002.1	583	80	453	532	262502334	262502573	86.250	7.25e-36	149
Laticauda_colubrina_C9A	JAUDYJ010000002.1	583	77	276	352	262454978	262455208	81.818	1.24e-32	139
Laticauda_colubrina_C9A	JAUDYJ010000002.1	583	77	456	532	262462291	262462521	79.221	5.10e-31	134
Laticauda_colubrina_C9A	JAUDYJ010000002.1	583	79	195	273	262492743	262492979	70.886	1.53e-25	117
Laticauda_colubrina_C9A	JAUDYJ010000002.1	583	56	528	583	262503405	262503572	82.143	3.70e-22	107
Laticauda_colubrina_C9A	JAUDYJ010000002.1	583	72	397	468	262501022	262501228	76.389	8.60e-21	102
Laticauda_colubrina_C9A	JAUDYJ010000002.1	583	50	107	156	262480151	262480300	96.000	1.22e-20	102
Laticauda_colubrina_C9A	JAUDYJ010000002.1	583	47	157	203	262485057	262485197	89.362	1.69e-18	95.5
Laticauda_colubrina_C9A	JAUDYJ010000002.1	583	63	401	463	262461155	262461343	66.667	4.91e-18	94.0
Laticauda_colubrina_C9A	JAUDYJ010000002.1	583	50	107	156	262447146	262447295	86.000	2.36e-17	91.7
Laticauda_colubrina_C9A	JAUDYJ010000002.1	583	54	54	107	262478142	262478303	75.926	7.79e-17	90.1
Laticauda_colubrina_C9A	JAUDYJ010000002.1	583	56	528	583	262464073	262464240	67.857	6.15e-16	87.4
Laticauda_colubrina_C9A	JAUDYJ010000002.1	583	61	57	117	262445668	262445850	65.574	8.83e-16	86.7
Laticauda_colubrina_C9A	JAUDYJ010000002.1	583	47	157	203	262449255	262449395	74.468	5.91e-14	80.9
Laticauda_colubrina_C9A	JAUDYJ010000002.1	583	77	196	272	262451166	262451396	41.558	3.57e-10	68.6
Laticauda_colubrina_C9A	JAUDYJ010000002.1	583	39	26	64	262444159	262444275	71.795	1.59e-08	63.2
Laticauda_colubrina_C9A	JAUDYJ010000002.1	583	42	355	396	262499609	262499734	76.190	3.00e-08	62.4
Laticauda_colubrina_C9A	JAUDYJ010000002.1	583	45	26	70	262476852	262476986	62.222	3.87e-08	62.0
Laticauda_colubrina_C9A	JAUDYJ010000002.1	583	71	457	527	261746876	261746667	42.254	9.07e-08	60.8
Laticauda_colubrina_C9A	JAUDYJ010000002.1	583	48	536	583	261745510	261745367	50.000	1.59e-06	56.6
Laticauda_colubrina_C9A	JAUDYJ010000003.1	583	81	277	357	149133284	149133042	37.037	1.59e-07	60.1
Laticauda_colubrina_C9A	JAUDYJ010000003.1	583	43	537	579	149112957	149112829	55.814	3.86e-07	58.9
Protobothrops_mucrosquamatus_C9A	JAUDYJ010000002.1	583	81	274	354	262454972	262455214	87.654	1.40e-37	154
Protobothrops_mucrosquamatus_C9A	JAUDYJ010000002.1	583	80	453	532	262462282	262462521	87.500	9.95e-37	152
Protobothrops_mucrosquamatus_C9A	JAUDYJ010000002.1	583	80	453	532	262502334	262502573	77.500	9.13e-33	140
Protobothrops_mucrosquamatus_C9A	JAUDYJ010000002.1	583	76	277	352	262496834	262497061	81.579	1.46e-31	136
Protobothrops_mucrosquamatus_C9A	JAUDYJ010000002.1	583	72	396	467	262461140	262461355	66.667	1.56e-20	102
Protobothrops_mucrosquamatus_C9A	JAUDYJ010000002.1	583	74	199	272	262451175	262451396	63.514	6.87e-20	99.8
Protobothrops_mucrosquamatus_C9A	JAUDYJ010000002.1	583	69	400	468	262501031	262501228	71.014	4.03e-18	94.4
Protobothrops_mucrosquamatus_C9A	JAUDYJ010000002.1	583	50	107	156	262480151	262480300	86.000	4.79e-18	94.0
Protobothrops_mucrosquamatus_C9A	JAUDYJ010000002.1	583	52	532	583	262464085	262464240	78.846	5.85e-18	93.6
Protobothrops_mucrosquamatus_C9A	JAUDYJ010000002.1	583	54	54	107	262478142	262478303	75.926	1.10e-17	92.8
Protobothrops_mucrosquamatus_C9A	JAUDYJ010000002.1	583	50	107	156	262447146	262447295	82.000	8.35e-17	90.1
Protobothrops_mucrosquamatus_C9A	JAUDYJ010000002.1	583	47	157	203	262485057	262485197	80.851	1.18e-16	89.7
Protobothrops_mucrosquamatus_C9A	JAUDYJ010000002.1	583	47	157	203	262449255	262449395	82.979	1.19e-16	89.4
Protobothrops_mucrosquamatus_C9A	JAUDYJ010000002.1	583	61	57	117	262445668	262445850	65.574	1.85e-16	89.0
Protobothrops_mucrosquamatus_C9A	JAUDYJ010000002.1	583	52	532	583	262503417	262503572	73.077	2.98e-16	88.2
Protobothrops_mucrosquamatus_C9A	JAUDYJ010000002.1	583	75	198	272	262492752	262492976	54.667	9.39e-14	80.1
Protobothrops_mucrosquamatus_C9A	JAUDYJ010000002.1	583	39	26	64	262444159	262444275	74.359	2.76e-10	68.9
Protobothrops_mucrosquamatus_C9A	JAUDYJ010000002.1	583	42	354	395	262459269	262459394	66.667	7.65e-09	64.3
Protobothrops_mucrosquamatus_C9A	JAUDYJ010000002.1	583	45	26	70	262476852	262476986	55.556	2.48e-07	59.3
Protobothrops_mucrosquamatus_C9A	JAUDYJ010000002.1	583	69	457	525	261746876	261746673	42.029	3.90e-07	58.9
Protobothrops_mucrosquamatus_C9A	JAUDYJ010000002.1	583	54	530	583	261745528	261745367	44.444	4.28e-07	58.5
Protobothrops_mucrosquamatus_C9A	JAUDYJ010000002.1	583	79	277	355	261653779	261654015	34.177	4.43e-07	58.5
Protobothrops_mucrosquamatus_C9A	JAUDYJ010000002.1	583	42	535	575	261705841	261705966	66.667	8.45e-07	57.8
Protobothrops_mucrosquamatus_C9A	JAUDYJ010000002.1	583	91	266	355	261700048	261700311	32.967	2.12e-06	56.2
Protobothrops_mucrosquamatus_C9A	JAUDYJ010000002.1	583	56	529	583	261666911	261667072	50.000	6.80e-06	54.7
Protobothrops_mucrosquamatus_C9A	JAUDYJ010000003.1	583	79	277	355	149133284	149133048	34.177	5.68e-08	61.6
Protobothrops_mucrosquamatus_C9A	JAUDYJ010000003.1	583	47	537	583	149112957	149112817	53.191	1.31e-07	60.5
Protobothrops_mucrosquamatus_C9A	JAUDYJ010000003.1	583	78	277	354	149075051	149075284	29.487	1.12e-06	57.4
Chrysopelea_ornata_C9A	JAUDYJ010000002.1	584	81	274	354	262454972	262455214	91.358	3.78e-38	156
Chrysopelea_ornata_C9A	JAUDYJ010000002.1	584	80	454	533	262462282	262462521	90.000	4.17e-37	153
Chrysopelea_ornata_C9A	JAUDYJ010000002.1	584	80	454	533	262502334	262502573	78.750	2.96e-33	141
Chrysopelea_ornata_C9A	JAUDYJ010000002.1	584	76	277	352	262496834	262497061	85.526	4.00e-32	138
Chrysopelea_ornata_C9A	JAUDYJ010000002.1	584	72	397	468	262461140	262461355	81.944	1.65e-26	120
Chrysopelea_ornata_C9A	JAUDYJ010000002.1	584	77	196	272	262451166	262451396	68.831	2.30e-24	114
Chrysopelea_ornata_C9A	JAUDYJ010000002.1	584	61	57	117	262445668	262445850	78.689	1.06e-20	102
Chrysopelea_ornata_C9A	JAUDYJ010000002.1	584	52	533	584	262464085	262464240	88.462	1.41e-20	102
Chrysopelea_ornata_C9A	JAUDYJ010000002.1	584	47	157	203	262485057	262485197	93.617	3.50e-20	100
Chrysopelea_ornata_C9A	JAUDYJ010000002.1	584	50	107	156	262480151	262480300	92.000	1.85e-19	98.6
Chrysopelea_ornata_C9A	JAUDYJ010000002.1	584	69	107	173	262447146	262447352	66.667	1.31e-18	95.9
Chrysopelea_ornata_C9A	JAUDYJ010000002.1	584	65	405	469	262501043	262501228	69.231	5.64e-17	90.5
Chrysopelea_ornata_C9A	JAUDYJ010000002.1	584	54	54	107	262478142	262478303	74.074	1.19e-16	89.7
Chrysopelea_ornata_C9A	JAUDYJ010000002.1	584	78	195	272	262492743	262492976	55.128	9.76e-16	86.7
Chrysopelea_ornata_C9A	JAUDYJ010000002.1	584	47	157	203	262449255	262449395	74.468	5.17e-14	80.9
Chrysopelea_ornata_C9A	JAUDYJ010000002.1	584	52	533	584	262503417	262503572	57.692	2.46e-11	72.4
Chrysopelea_ornata_C9A	JAUDYJ010000002.1	584	45	26	70	262476852	262476986	68.889	5.19e-11	71.2
Chrysopelea_ornata_C9A	JAUDYJ010000002.1	584	39	26	64	262444159	262444275	71.795	3.88e-09	65.5
Chrysopelea_ornata_C9A	JAUDYJ010000002.1	584	54	531	584	261745528	261745367	50.000	4.37e-08	62.0
Chrysopelea_ornata_C9A	JAUDYJ010000002.1	584	53	346	396	262459239	262459394	64.151	1.15e-07	60.5
Chrysopelea_ornata_C9A	JAUDYJ010000002.1	584	50	536	584	261666923	261667072	54.000	1.86e-07	59.7
Chrysopelea_ornata_C9A	JAUDYJ010000002.1	584	69	458	526	261746876	261746673	40.580	1.84e-06	56.6
Chrysopelea_ornata_C9A	JAUDYJ010000002.1	584	79	277	355	261653779	261654015	34.177	2.50e-06	56.2
Chrysopelea_ornata_C9A	JAUDYJ010000002.1	584	50	536	584	261705841	261705990	50.000	4.61e-06	55.5
Chrysopelea_ornata_C9A	JAUDYJ010000003.1	584	81	277	357	149133284	149133042	35.802	1.47e-08	63.5
Pituophis_catenifer_C9A	JAUDYJ010000002.1	583	81	274	354	262496825	262497067	97.531	1.15e-41	167
Pituophis_catenifer_C9A	JAUDYJ010000002.1	583	80	453	532	262462282	262462521	90.000	2.85e-37	153
Pituophis_catenifer_C9A	JAUDYJ010000002.1	583	76	277	352	262454981	262455208	85.526	2.92e-33	141
Pituophis_catenifer_C9A	JAUDYJ010000002.1	583	80	453	532	262502334	262502573	75.000	6.45e-31	134
Pituophis_catenifer_C9A	JAUDYJ010000002.1	583	75	198	272	262451172	262451396	78.667	1.51e-26	120
Pituophis_catenifer_C9A	JAUDYJ010000002.1	583	64	404	467	262461164	262461355	81.250	2.47e-22	107
Pituophis_catenifer_C9A	JAUDYJ010000002.1	583	73	396	468	262501019	262501228	73.973	3.42e-22	107
Pituophis_catenifer_C9A	JAUDYJ010000002.1	583	52	532	583	262464085	262464240	90.385	2.53e-21	104
Pituophis_catenifer_C9A	JAUDYJ010000002.1	583	50	107	156	262480151	262480300	90.000	9.20e-19	96.3
Pituophis_catenifer_C9A	JAUDYJ010000002.1	583	54	54	107	262478142	262478303	81.481	2.14e-18	95.1
Pituophis_catenifer_C9A	JAUDYJ010000002.1	583	47	157	203	262449255	262449395	87.234	7.14e-18	93.6
Pituophis_catenifer_C9A	JAUDYJ010000002.1	583	50	107	156	262447146	262447295	88.000	1.04e-17	92.8
Pituophis_catenifer_C9A	JAUDYJ010000002.1	583	61	57	117	262445668	262445850	70.492	1.74e-17	92.0
Pituophis_catenifer_C9A	JAUDYJ010000002.1	583	47	157	203	262485057	262485197	82.979	7.02e-17	90.1
Pituophis_catenifer_C9A	JAUDYJ010000002.1	583	76	198	273	262492752	262492979	53.947	9.61e-15	83.6
Pituophis_catenifer_C9A	JAUDYJ010000002.1	583	52	532	583	262503417	262503572	59.615	3.14e-12	75.5
Pituophis_catenifer_C9A	JAUDYJ010000002.1	583	39	26	64	262444159	262444275	82.051	2.31e-11	72.4
Pituophis_catenifer_C9A	JAUDYJ010000002.1	583	41	355	395	262459272	262459394	75.610	2.82e-09	65.9
Pituophis_catenifer_C9A	JAUDYJ010000002.1	583	45	26	70	262476852	262476986	62.222	3.80e-09	65.5
Pituophis_catenifer_C9A	JAUDYJ010000002.1	583	54	530	583	261745528	261745367	51.852	5.21e-09	64.7
Pituophis_catenifer_C9A	JAUDYJ010000002.1	583	55	530	583	261666908	261667072	50.909	7.65e-08	61.2
Pituophis_catenifer_C9A	JAUDYJ010000002.1	583	50	535	583	261705841	261705990	52.000	2.00e-06	56.6
Pituophis_catenifer_C9A	JAUDYJ010000002.1	583	69	457	525	261660132	261660335	43.478	3.98e-06	55.5
Pituophis_catenifer_C9A	JAUDYJ010000003.1	583	79	277	355	149133284	149133048	37.975	1.25e-07	60.5
Pituophis_catenifer_C9A	JAUDYJ010000003.1	583	47	537	583	149112957	149112817	46.809	4.22e-06	55.5
Pituophis_catenifer_C9A	JAUDYJ010000003.1	583	103	433	523	149116033	149115725	31.068	6.46e-06	54.7
Pantherophis_obsoletus_C9A	JAUDYJ010000002.1	583	81	274	354	262454972	262455214	93.827	1.17e-39	160
Pantherophis_obsoletus_C9A	JAUDYJ010000002.1	583	80	453	532	262462282	262462521	90.000	2.70e-37	154
Pantherophis_obsoletus_C9A	JAUDYJ010000002.1	583	77	277	353	262496834	262497064	87.013	3.67e-34	144
Pantherophis_obsoletus_C9A	JAUDYJ010000002.1	583	80	453	532	262502334	262502573	75.000	5.68e-31	134
Pantherophis_obsoletus_C9A	JAUDYJ010000002.1	583	72	396	467	262461140	262461355	83.333	2.64e-27	123
Pantherophis_obsoletus_C9A	JAUDYJ010000002.1	583	74	199	272	262451175	262451396	78.378	9.27e-27	121
Pantherophis_obsoletus_C9A	JAUDYJ010000002.1	583	52	532	583	262464085	262464240	92.308	8.09e-22	105
Pantherophis_obsoletus_C9A	JAUDYJ010000002.1	583	54	54	107	262478142	262478303	85.185	1.85e-19	98.6
Pantherophis_obsoletus_C9A	JAUDYJ010000002.1	583	50	107	156	262480151	262480300	86.000	3.60e-18	94.4
Pantherophis_obsoletus_C9A	JAUDYJ010000002.1	583	47	157	203	262449255	262449395	87.234	5.22e-18	94.0
Pantherophis_obsoletus_C9A	JAUDYJ010000002.1	583	50	107	156	262447146	262447295	86.000	2.66e-17	91.7
Pantherophis_obsoletus_C9A	JAUDYJ010000002.1	583	65	404	468	262501043	262501228	69.231	8.80e-17	90.1
Pantherophis_obsoletus_C9A	JAUDYJ010000002.1	583	61	57	117	262445668	262445850	68.852	1.67e-16	89.0
Pantherophis_obsoletus_C9A	JAUDYJ010000002.1	583	47	157	203	262485057	262485197	80.851	3.51e-16	88.2
Pantherophis_obsoletus_C9A	JAUDYJ010000002.1	583	75	198	272	262492752	262492976	50.667	5.46e-13	77.8
Pantherophis_obsoletus_C9A	JAUDYJ010000002.1	583	52	532	583	262503417	262503572	61.538	1.14e-12	76.6
Pantherophis_obsoletus_C9A	JAUDYJ010000002.1	583	39	26	64	262444159	262444275	82.051	7.86e-11	70.9
Pantherophis_obsoletus_C9A	JAUDYJ010000002.1	583	42	354	395	262459269	262459394	76.190	6.17e-10	67.8
Pantherophis_obsoletus_C9A	JAUDYJ010000002.1	583	54	530	583	261745528	261745367	50.000	1.80e-08	63.2
Pantherophis_obsoletus_C9A	JAUDYJ010000002.1	583	45	26	70	262476852	262476986	57.778	9.71e-08	60.8
Pantherophis_obsoletus_C9A	JAUDYJ010000002.1	583	50	535	583	261666923	261667072	54.000	1.72e-07	60.1
Pantherophis_obsoletus_C9A	JAUDYJ010000002.1	583	79	277	355	261653779	261654015	34.177	1.37e-06	57.0
Pantherophis_obsoletus_C9A	JAUDYJ010000002.1	583	50	535	583	261705841	261705990	52.000	1.91e-06	56.6
Pantherophis_obsoletus_C9A	JAUDYJ010000002.1	583	69	457	525	261660132	261660335	43.478	3.85e-06	55.5
Pantherophis_obsoletus_C9A	JAUDYJ010000003.1	583	79	277	355	149133284	149133048	35.443	2.17e-08	62.8
Pantherophis_obsoletus_C9A	JAUDYJ010000003.1	583	82	277	358	149075051	149075296	29.268	8.45e-07	57.8
Pantherophis_obsoletus_C9A	JAUDYJ010000003.1	583	47	537	583	149112957	149112817	46.809	4.08e-06	55.5
Pantherophis_obsoletus_C9A	JAUDYJ010000003.1	583	103	433	523	149116033	149115725	31.068	6.74e-06	54.7
Bothrops_jararaca_C9A	JAUDYJ010000002.1	583	81	274	354	262454972	262455214	86.420	6.66e-37	152
Bothrops_jararaca_C9A	JAUDYJ010000002.1	583	80	453	532	262462282	262462521	87.500	3.47e-36	150
Bothrops_jararaca_C9A	JAUDYJ010000002.1	583	80	453	532	262502334	262502573	77.500	2.77e-32	138
Bothrops_jararaca_C9A	JAUDYJ010000002.1	583	76	277	352	262496834	262497061	81.579	4.54e-31	134
Bothrops_jararaca_C9A	JAUDYJ010000002.1	583	72	396	467	262461140	262461355	70.833	1.57e-22	108
Bothrops_jararaca_C9A	JAUDYJ010000002.1	583	75	199	273	262451175	262451399	64.000	1.44e-20	102
Bothrops_jararaca_C9A	JAUDYJ010000002.1	583	54	54	107	262478142	262478303	77.778	4.13e-18	94.4
Bothrops_jararaca_C9A	JAUDYJ010000002.1	583	52	532	583	262464085	262464240	78.846	5.75e-18	93.6
Bothrops_jararaca_C9A	JAUDYJ010000002.1	583	69	400	468	262501031	262501228	66.667	3.31e-17	91.3
Bothrops_jararaca_C9A	JAUDYJ010000002.1	583	51	57	107	262445668	262445820	76.471	5.56e-17	90.5
Bothrops_jararaca_C9A	JAUDYJ010000002.1	583	50	107	156	262480151	262480300	82.000	8.80e-17	90.1
Bothrops_jararaca_C9A	JAUDYJ010000002.1	583	47	157	203	262485057	262485197	80.851	1.08e-16	89.7
Bothrops_jararaca_C9A	JAUDYJ010000002.1	583	47	157	203	262449255	262449395	82.979	1.16e-16	89.7
Bothrops_jararaca_C9A	JAUDYJ010000002.1	583	52	532	583	262503417	262503572	71.154	1.06e-15	86.7
Bothrops_jararaca_C9A	JAUDYJ010000002.1	583	50	107	156	262447146	262447295	78.000	3.28e-15	84.7
Bothrops_jararaca_C9A	JAUDYJ010000002.1	583	75	198	272	262492752	262492976	56.000	7.71e-14	80.5
Bothrops_jararaca_C9A	JAUDYJ010000002.1	583	39	26	64	262444159	262444275	71.795	6.72e-10	67.8
Bothrops_jararaca_C9A	JAUDYJ010000002.1	583	42	354	395	262459269	262459394	69.048	2.92e-09	65.9
Bothrops_jararaca_C9A	JAUDYJ010000002.1	583	54	530	583	261745528	261745367	46.296	1.17e-07	60.5
Bothrops_jararaca_C9A	JAUDYJ010000002.1	583	79	277	355	261653779	261654015	34.177	7.50e-07	57.8
Bothrops_jararaca_C9A	JAUDYJ010000002.1	583	45	26	70	262476852	262476986	53.333	8.10e-07	57.8
Bothrops_jararaca_C9A	JAUDYJ010000002.1	583	42	535	575	261705841	261705966	61.905	4.80e-06	55.1
Bothrops_jararaca_C9A	JAUDYJ010000002.1	583	67	289	355	261700111	261700311	34.328	7.79e-06	54.7
Bothrops_jararaca_C9A	JAUDYJ010000002.1	583	69	457	525	261746876	261746673	39.130	9.01e-06	54.3
Bothrops_jararaca_C9A	JAUDYJ010000003.1	583	82	274	355	149133293	149133048	34.146	7.03e-08	61.2
Bothrops_jararaca_C9A	JAUDYJ010000003.1	583	47	537	583	149112957	149112817	51.064	3.93e-07	58.9
Bothrops_jararaca_C9A	JAUDYJ010000003.1	583	78	277	354	149075051	149075284	29.487	3.30e-06	55.8
Ptyas_mucosa_C9A	JAUDYJ010000002.1	583	81	274	354	262454972	262455214	91.358	5.91e-39	159
Ptyas_mucosa_C9A	JAUDYJ010000002.1	583	80	453	532	262462282	262462521	90.000	1.98e-37	154
Ptyas_mucosa_C9A	JAUDYJ010000002.1	583	76	277	352	262496834	262497061	85.526	9.47e-33	140
Ptyas_mucosa_C9A	JAUDYJ010000002.1	583	80	453	532	262502334	262502573	76.250	6.60e-32	137
Ptyas_mucosa_C9A	JAUDYJ010000002.1	583	75	198	272	262451172	262451396	78.667	1.89e-26	120
Ptyas_mucosa_C9A	JAUDYJ010000002.1	583	71	397	467	262461143	262461355	83.099	4.13e-26	119
Ptyas_mucosa_C9A	JAUDYJ010000002.1	583	50	107	156	262480151	262480300	94.000	1.03e-19	99.4
Ptyas_mucosa_C9A	JAUDYJ010000002.1	583	51	57	107	262478151	262478303	88.235	1.59e-19	98.6
Ptyas_mucosa_C9A	JAUDYJ010000002.1	583	47	157	203	262449255	262449395	91.489	2.41e-19	98.2
Ptyas_mucosa_C9A	JAUDYJ010000002.1	583	52	532	583	262464085	262464240	86.538	2.94e-19	97.8
Ptyas_mucosa_C9A	JAUDYJ010000002.1	583	50	107	156	262447146	262447295	90.000	1.11e-18	95.9
Ptyas_mucosa_C9A	JAUDYJ010000002.1	583	61	57	117	262445668	262445850	68.852	1.22e-16	89.4
Ptyas_mucosa_C9A	JAUDYJ010000002.1	583	65	404	468	262501043	262501228	64.615	9.14e-16	86.7
Ptyas_mucosa_C9A	JAUDYJ010000002.1	583	47	157	203	262485057	262485197	76.596	3.16e-15	85.1
Ptyas_mucosa_C9A	JAUDYJ010000002.1	583	75	198	272	262492752	262492976	54.667	2.05e-14	82.4
Ptyas_mucosa_C9A	JAUDYJ010000002.1	583	42	354	395	262459269	262459394	83.333	1.16e-11	73.6
Ptyas_mucosa_C9A	JAUDYJ010000002.1	583	52	532	583	262503417	262503572	59.615	5.78e-11	71.2
Ptyas_mucosa_C9A	JAUDYJ010000002.1	583	39	26	64	262444159	262444275	79.487	8.63e-11	70.5
Ptyas_mucosa_C9A	JAUDYJ010000002.1	583	54	530	583	261745528	261745367	51.852	4.28e-09	65.1
Ptyas_mucosa_C9A	JAUDYJ010000002.1	583	45	26	70	262476852	262476986	57.778	5.49e-08	61.6
Ptyas_mucosa_C9A	JAUDYJ010000002.1	583	78	457	534	261746876	261746652	42.308	5.12e-07	58.5
Ptyas_mucosa_C9A	JAUDYJ010000002.1	583	50	535	583	261666923	261667072	52.000	7.76e-07	57.8
Ptyas_mucosa_C9A	JAUDYJ010000002.1	583	50	535	583	261705841	261705990	52.000	7.16e-06	54.7
Ptyas_mucosa_C9A	JAUDYJ010000002.1	583	79	277	355	261653779	261654015	34.177	8.06e-06	54.3
Ptyas_mucosa_C9A	JAUDYJ010000003.1	583	82	274	355	149133293	149133048	35.366	3.74e-08	62.0
Ptyas_mucosa_C9A	JAUDYJ010000003.1	583	82	277	358	149075051	149075296	29.268	4.22e-06	55.5
Vipera_berus_C9A	JAUDYJ010000002.1	583	80	453	532	262462282	262462521	86.250	2.81e-36	150
Vipera_berus_C9A	JAUDYJ010000002.1	583	81	274	354	262454972	262455214	85.185	3.63e-35	147
Vipera_berus_C9A	JAUDYJ010000002.1	583	80	453	532	262502334	262502573	77.500	6.66e-33	140
Vipera_berus_C9A	JAUDYJ010000002.1	583	76	277	352	262496834	262497061	80.263	2.53e-30	132
Vipera_berus_C9A	JAUDYJ010000002.1	583	72	396	467	262461140	262461355	72.222	6.94e-24	112
Vipera_berus_C9A	JAUDYJ010000002.1	583	79	199	277	262451175	262451411	63.291	4.01e-22	107
Vipera_berus_C9A	JAUDYJ010000002.1	583	52	532	583	262464085	262464240	76.923	1.54e-18	95.5
Vipera_berus_C9A	JAUDYJ010000002.1	583	69	400	468	262501031	262501228	71.014	1.92e-18	95.1
Vipera_berus_C9A	JAUDYJ010000002.1	583	54	54	107	262478142	262478303	79.630	6.89e-18	93.6
Vipera_berus_C9A	JAUDYJ010000002.1	583	50	107	156	262447146	262447295	82.000	2.46e-17	91.7
Vipera_berus_C9A	JAUDYJ010000002.1	583	61	57	117	262445668	262445850	68.852	4.14e-17	90.9
Vipera_berus_C9A	JAUDYJ010000002.1	583	47	157	203	262449255	262449395	80.851	1.54e-16	89.4
Vipera_berus_C9A	JAUDYJ010000002.1	583	47	157	203	262485057	262485197	78.723	1.61e-16	89.0
Vipera_berus_C9A	JAUDYJ010000002.1	583	50	107	156	262480151	262480300	82.000	1.93e-16	89.0
Vipera_berus_C9A	JAUDYJ010000002.1	583	52	532	583	262503417	262503572	69.231	6.15e-16	87.4
Vipera_berus_C9A	JAUDYJ010000002.1	583	75	198	272	262492752	262492976	56.000	1.69e-15	85.9
Vipera_berus_C9A	JAUDYJ010000002.1	583	39	26	64	262444159	262444275	76.923	8.34e-11	70.9
Vipera_berus_C9A	JAUDYJ010000002.1	583	51	347	395	262459242	262459394	62.745	2.18e-09	66.2
Vipera_berus_C9A	JAUDYJ010000002.1	583	54	530	583	261745528	261745367	48.148	7.92e-08	60.8
Vipera_berus_C9A	JAUDYJ010000002.1	583	45	26	70	262476852	262476986	55.556	1.76e-07	60.1
Vipera_berus_C9A	JAUDYJ010000002.1	583	79	277	355	261653779	261654015	34.177	5.25e-07	58.5
Vipera_berus_C9A	JAUDYJ010000002.1	583	69	457	525	261746876	261746673	40.580	5.91e-07	58.2
Vipera_berus_C9A	JAUDYJ010000002.1	583	42	535	575	261705841	261705966	61.905	8.00e-06	54.7
Vipera_berus_C9A	JAUDYJ010000002.1	583	78	266	343	261700048	261700275	34.615	8.13e-06	54.3
Vipera_berus_C9A	JAUDYJ010000003.1	583	47	537	583	149112957	149112817	51.064	5.57e-07	58.2
Vipera_berus_C9A	JAUDYJ010000003.1	583	79	277	355	149133284	149133048	32.911	6.33e-07	58.2
Vipera_berus_C9A	JAUDYJ010000003.1	583	81	274	354	149075042	149075284	29.630	2.01e-06	56.6
Sceloporus_undulatus_C9A	JAUDYJ010000002.1	591	78	460	537	262462291	262462524	67.949	5.42e-28	125
Sceloporus_undulatus_C9A	JAUDYJ010000002.1	591	81	457	537	262502334	262502576	65.432	8.78e-27	121
Sceloporus_undulatus_C9A	JAUDYJ010000002.1	591	78	281	358	262454981	262455214	67.949	1.13e-26	121
Sceloporus_undulatus_C9A	JAUDYJ010000002.1	591	77	281	357	262496834	262497064	68.831	4.65e-26	119
Sceloporus_undulatus_C9A	JAUDYJ010000002.1	591	72	400	471	262461140	262461355	55.556	2.52e-14	82.0
Sceloporus_undulatus_C9A	JAUDYJ010000002.1	591	47	156	202	262485057	262485197	65.957	3.81e-12	75.1
Sceloporus_undulatus_C9A	JAUDYJ010000002.1	591	50	106	155	262480151	262480300	66.000	3.29e-11	72.0
Sceloporus_undulatus_C9A	JAUDYJ010000002.1	591	50	538	587	262464091	262464240	58.000	2.52e-10	69.3
Sceloporus_undulatus_C9A	JAUDYJ010000002.1	591	50	106	155	262447146	262447295	62.000	2.61e-10	68.9
Sceloporus_undulatus_C9A	JAUDYJ010000002.1	591	68	405	472	262501034	262501228	48.529	5.72e-10	68.2
Sceloporus_undulatus_C9A	JAUDYJ010000002.1	591	47	156	202	262449255	262449395	55.319	2.28e-09	66.2
Sceloporus_undulatus_C9A	JAUDYJ010000002.1	591	52	540	591	261745510	261745355	50.000	3.58e-09	65.5
Sceloporus_undulatus_C9A	JAUDYJ010000002.1	591	52	57	107	262478151	262478306	57.692	1.27e-08	63.5
Sceloporus_undulatus_C9A	JAUDYJ010000002.1	591	48	540	587	262503429	262503572	54.167	1.45e-08	63.5
Sceloporus_undulatus_C9A	JAUDYJ010000002.1	591	50	539	587	261666923	261667072	54.000	4.54e-08	62.0
Sceloporus_undulatus_C9A	JAUDYJ010000002.1	591	42	539	579	261705841	261705966	69.048	6.50e-08	61.2
Sceloporus_undulatus_C9A	JAUDYJ010000002.1	591	79	281	359	261653779	261654015	35.443	8.61e-08	60.8
Sceloporus_undulatus_C9A	JAUDYJ010000002.1	591	87	195	281	262451166	262451411	34.483	4.19e-07	58.5
Sceloporus_undulatus_C9A	JAUDYJ010000002.1	591	40	25	64	262444156	262444275	57.500	7.61e-07	57.8
Sceloporus_undulatus_C9A	JAUDYJ010000002.1	591	69	463	531	261746870	261746667	40.580	7.74e-07	57.8
Sceloporus_undulatus_C9A	JAUDYJ010000002.1	591	68	3	70	262476795	262476986	44.118	1.16e-06	57.4
Sceloporus_undulatus_C9A	JAUDYJ010000002.1	591	61	57	116	262445668	262445850	45.902	1.74e-06	56.6
Sceloporus_undulatus_C9A	JAUDYJ010000003.1	591	47	541	587	149112957	149112817	53.191	3.04e-07	59.3
Sceloporus_undulatus_C9A	JAUDYJ010000003.1	591	82	280	361	149133287	149133042	35.366	3.95e-07	58.9
Sceloporus_undulatus_C9A	JAUDYJ010000003.1	591	78	281	358	149075051	149075284	33.333	5.10e-07	58.5
Anolis_carolinensis_C9B	JAUDYJ010000002.1	538	75	280	354	262454978	262455202	70.667	1.93e-25	116
Anolis_carolinensis_C9B	JAUDYJ010000002.1	538	77	281	357	262496834	262497064	67.532	1.24e-24	114
Anolis_carolinensis_C9B	JAUDYJ010000002.1	538	68	462	529	262462297	262462500	69.118	9.31e-23	108
Anolis_carolinensis_C9B	JAUDYJ010000002.1	538	68	462	529	262502349	262502552	64.706	7.89e-22	105
Anolis_carolinensis_C9B	JAUDYJ010000002.1	538	47	156	202	262485057	262485197	70.213	4.57e-14	80.9
Anolis_carolinensis_C9B	JAUDYJ010000002.1	538	67	405	471	262461155	262461355	55.224	3.37e-13	78.2
Anolis_carolinensis_C9B	JAUDYJ010000002.1	538	50	106	155	262480151	262480300	70.000	2.03e-12	75.5
Anolis_carolinensis_C9B	JAUDYJ010000002.1	538	47	156	202	262449255	262449395	61.702	1.05e-11	73.2
Anolis_carolinensis_C9B	JAUDYJ010000002.1	538	50	106	155	262447146	262447295	66.000	3.78e-11	71.6
Anolis_carolinensis_C9B	JAUDYJ010000002.1	538	56	405	460	262501034	262501192	58.929	2.18e-10	68.9
Anolis_carolinensis_C9B	JAUDYJ010000002.1	538	71	462	532	261746873	261746664	42.254	5.67e-09	64.7
Anolis_carolinensis_C9B	JAUDYJ010000002.1	538	52	57	107	262478151	262478306	55.769	1.96e-08	62.8
Anolis_carolinensis_C9B	JAUDYJ010000002.1	538	79	281	359	261653779	261654015	35.443	1.53e-07	60.1
Anolis_carolinensis_C9B	JAUDYJ010000002.1	538	40	25	64	262444156	262444275	55.000	2.01e-07	59.7
Anolis_carolinensis_C9B	JAUDYJ010000002.1	538	87	195	281	262451166	262451411	34.483	1.44e-06	56.6
Anolis_carolinensis_C9B	JAUDYJ010000002.1	538	62	3	64	262476795	262476968	41.935	8.24e-06	54.3
Anolis_carolinensis_C9B	JAUDYJ010000003.1	538	77	281	357	149075051	149075281	35.065	1.16e-08	63.5
Anolis_carolinensis_C9B	JAUDYJ010000003.1	538	81	281	361	149133284	149133042	34.568	3.85e-07	58.5
Hydrophis_cyanocinctus_C9B	JAUDYJ010000002.1	582	81	273	353	262454972	262455214	86.420	2.04e-37	154
Hydrophis_cyanocinctus_C9B	JAUDYJ010000002.1	582	80	452	531	262462282	262462521	85.000	2.61e-34	144
Hydrophis_cyanocinctus_C9B	JAUDYJ010000002.1	582	80	452	531	262502334	262502573	78.750	2.66e-33	141
Hydrophis_cyanocinctus_C9B	JAUDYJ010000002.1	582	76	276	351	262496834	262497061	81.579	3.66e-32	138
Hydrophis_cyanocinctus_C9B	JAUDYJ010000002.1	582	105	397	501	262461146	262461433	56.190	2.70e-23	110
Hydrophis_cyanocinctus_C9B	JAUDYJ010000002.1	582	77	195	271	262451166	262451396	64.935	5.97e-21	103
Hydrophis_cyanocinctus_C9B	JAUDYJ010000002.1	582	50	106	155	262480151	262480300	94.000	5.44e-20	100
Hydrophis_cyanocinctus_C9B	JAUDYJ010000002.1	582	52	531	582	262464085	262464240	82.692	2.57e-19	98.2
Hydrophis_cyanocinctus_C9B	JAUDYJ010000002.1	582	50	106	155	262447146	262447295	90.000	8.31e-19	96.3
Hydrophis_cyanocinctus_C9B	JAUDYJ010000002.1	582	60	57	116	262445671	262445850	70.000	1.44e-16	89.4
Hydrophis_cyanocinctus_C9B	JAUDYJ010000002.1	582	47	156	202	262449255	262449395	80.851	2.74e-16	88.2
Hydrophis_cyanocinctus_C9B	JAUDYJ010000002.1	582	65	403	467	262501043	262501228	63.077	3.35e-15	84.7
Hydrophis_cyanocinctus_C9B	JAUDYJ010000002.1	582	47	156	202	262485057	262485197	72.340	2.69e-14	82.0
Hydrophis_cyanocinctus_C9B	JAUDYJ010000002.1	582	75	197	271	262492752	262492976	54.667	8.44e-14	80.5
Hydrophis_cyanocinctus_C9B	JAUDYJ010000002.1	582	50	57	106	262478154	262478303	68.000	3.44e-12	75.1
Hydrophis_cyanocinctus_C9B	JAUDYJ010000002.1	582	52	531	582	262503417	262503572	55.769	1.84e-11	72.8
Hydrophis_cyanocinctus_C9B	JAUDYJ010000002.1	582	54	529	582	261745528	261745367	51.852	1.15e-08	63.9
Hydrophis_cyanocinctus_C9B	JAUDYJ010000002.1	582	38	25	62	262444159	262444272	76.316	1.35e-08	63.5
Hydrophis_cyanocinctus_C9B	JAUDYJ010000002.1	582	45	353	397	262459269	262459400	71.111	1.60e-08	63.2
Hydrophis_cyanocinctus_C9B	JAUDYJ010000002.1	582	69	456	524	261746876	261746673	42.029	2.16e-07	59.7
Hydrophis_cyanocinctus_C9B	JAUDYJ010000002.1	582	55	529	582	261666908	261667072	47.273	7.42e-07	57.8
Hydrophis_cyanocinctus_C9B	JAUDYJ010000002.1	582	74	456	529	261660132	261660350	40.541	2.97e-06	55.8
Hydrophis_cyanocinctus_C9B	JAUDYJ010000002.1	582	79	276	354	261653779	261654015	32.911	9.29e-06	54.3
Hydrophis_cyanocinctus_C9B	JAUDYJ010000003.1	582	79	276	354	149133284	149133048	32.911	5.41e-07	58.2
Hydrophis_cyanocinctus_C9B	JAUDYJ010000003.1	582	82	276	357	149075051	149075296	30.488	9.26e-07	57.4
Bothrops_jararaca_C9B	JAUDYJ010000002.1	583	81	274	354	262454972	262455214	86.420	6.54e-37	152
Bothrops_jararaca_C9B	JAUDYJ010000002.1	583	80	453	532	262462282	262462521	87.500	3.47e-36	150
Bothrops_jararaca_C9B	JAUDYJ010000002.1	583	80	453	532	262502334	262502573	77.500	3.32e-32	138
Bothrops_jararaca_C9B	JAUDYJ010000002.1	583	76	277	352	262496834	262497061	81.579	4.97e-31	134
Bothrops_jararaca_C9B	JAUDYJ010000002.1	583	72	396	467	262461140	262461355	73.611	1.46e-23	111
Bothrops_jararaca_C9B	JAUDYJ010000002.1	583	78	196	273	262451166	262451399	61.538	5.00e-21	103
Bothrops_jararaca_C9B	JAUDYJ010000002.1	583	54	54	107	262478142	262478303	79.630	1.01e-18	96.3
Bothrops_jararaca_C9B	JAUDYJ010000002.1	583	69	400	468	262501031	262501228	71.014	2.01e-18	95.1
Bothrops_jararaca_C9B	JAUDYJ010000002.1	583	50	107	156	262480151	262480300	86.000	5.45e-18	94.0
Bothrops_jararaca_C9B	JAUDYJ010000002.1	583	52	532	583	262464085	262464240	76.923	2.07e-17	92.0
Bothrops_jararaca_C9B	JAUDYJ010000002.1	583	61	57	117	262445668	262445850	68.852	2.13e-17	92.0
Bothrops_jararaca_C9B	JAUDYJ010000002.1	583	47	157	203	262485057	262485197	80.851	7.73e-17	90.1
Bothrops_jararaca_C9B	JAUDYJ010000002.1	583	50	107	156	262447146	262447295	82.000	8.14e-17	90.1
Bothrops_jararaca_C9B	JAUDYJ010000002.1	583	47	157	203	262449255	262449395	80.851	4.54e-16	87.8
Bothrops_jararaca_C9B	JAUDYJ010000002.1	583	52	532	583	262503417	262503572	69.231	3.89e-15	84.7
Bothrops_jararaca_C9B	JAUDYJ010000002.1	583	78	195	272	262492743	262492976	53.846	1.17e-14	83.2
Bothrops_jararaca_C9B	JAUDYJ010000002.1	583	39	26	64	262444159	262444275	74.359	4.20e-10	68.6
Bothrops_jararaca_C9B	JAUDYJ010000002.1	583	42	354	395	262459269	262459394	66.667	1.19e-08	63.5
Bothrops_jararaca_C9B	JAUDYJ010000002.1	583	54	530	583	261745528	261745367	44.444	4.62e-07	58.5
Bothrops_jararaca_C9B	JAUDYJ010000002.1	583	45	26	70	262476852	262476986	55.556	6.44e-07	58.2
Bothrops_jararaca_C9B	JAUDYJ010000002.1	583	79	277	355	261653779	261654015	34.177	7.83e-07	57.8
Bothrops_jararaca_C9B	JAUDYJ010000002.1	583	42	535	575	261705841	261705966	61.905	6.04e-06	55.1
Bothrops_jararaca_C9B	JAUDYJ010000002.1	583	67	289	355	261700111	261700311	34.328	7.86e-06	54.7
Bothrops_jararaca_C9B	JAUDYJ010000002.1	583	69	457	525	261746876	261746673	39.130	9.56e-06	54.3
Bothrops_jararaca_C9B	JAUDYJ010000003.1	583	82	274	355	149133293	149133048	34.146	7.09e-08	61.2
Bothrops_jararaca_C9B	JAUDYJ010000003.1	583	47	537	583	149112957	149112817	51.064	4.78e-07	58.5
Bothrops_jararaca_C9B	JAUDYJ010000003.1	583	78	277	354	149075051	149075284	29.487	3.33e-06	55.8
Laticauda_colubrina_C9B	JAUDYJ010000002.1	583	79	276	354	262454978	262455214	87.342	7.19e-36	149
Laticauda_colubrina_C9B	JAUDYJ010000002.1	583	80	453	532	262462282	262462521	85.000	6.55e-35	146
Laticauda_colubrina_C9B	JAUDYJ010000002.1	583	80	453	532	262502334	262502573	78.750	2.67e-33	141
Laticauda_colubrina_C9B	JAUDYJ010000002.1	583	94	277	370	262496834	262497103	71.277	3.12e-32	138
Laticauda_colubrina_C9B	JAUDYJ010000002.1	583	70	398	467	262461146	262461355	77.143	1.72e-23	111
Laticauda_colubrina_C9B	JAUDYJ010000002.1	583	52	532	583	262464085	262464240	84.615	1.87e-19	98.6
Laticauda_colubrina_C9B	JAUDYJ010000002.1	583	50	107	156	262447146	262447295	88.000	1.51e-18	95.5
Laticauda_colubrina_C9B	JAUDYJ010000002.1	583	82	196	277	262451166	262451411	56.098	3.13e-18	94.7
Laticauda_colubrina_C9B	JAUDYJ010000002.1	583	60	58	117	262445671	262445850	73.333	7.85e-18	93.2
Laticauda_colubrina_C9B	JAUDYJ010000002.1	583	50	107	156	262480151	262480300	86.000	1.50e-17	92.4
Laticauda_colubrina_C9B	JAUDYJ010000002.1	583	46	157	202	262485057	262485194	82.609	4.93e-17	90.9
Laticauda_colubrina_C9B	JAUDYJ010000002.1	583	46	157	202	262449255	262449392	82.609	2.53e-16	88.6
Laticauda_colubrina_C9B	JAUDYJ010000002.1	583	65	404	468	262501043	262501228	67.692	9.06e-16	86.7
Laticauda_colubrina_C9B	JAUDYJ010000002.1	583	50	58	107	262478154	262478303	72.000	1.71e-13	79.3
Laticauda_colubrina_C9B	JAUDYJ010000002.1	583	52	532	583	262503417	262503572	57.692	2.16e-11	72.4
Laticauda_colubrina_C9B	JAUDYJ010000002.1	583	74	198	271	262492752	262492973	51.351	5.17e-11	71.2
Laticauda_colubrina_C9B	JAUDYJ010000002.1	583	38	26	63	262444159	262444272	78.947	8.17e-10	67.4
Laticauda_colubrina_C9B	JAUDYJ010000002.1	583	43	354	396	262499606	262499734	74.419	1.08e-08	63.9
Laticauda_colubrina_C9B	JAUDYJ010000002.1	583	54	530	583	261745528	261745367	48.148	1.53e-07	60.1
Laticauda_colubrina_C9B	JAUDYJ010000002.1	583	79	277	355	261653779	261654015	35.443	2.48e-07	59.3
Laticauda_colubrina_C9B	JAUDYJ010000002.1	583	69	457	525	261746876	261746673	42.029	4.17e-07	58.5
Laticauda_colubrina_C9B	JAUDYJ010000002.1	583	56	529	583	261666911	261667072	53.571	5.03e-07	58.5
Laticauda_colubrina_C9B	JAUDYJ010000002.1	583	38	26	63	262476852	262476959	65.789	4.30e-06	55.5
Laticauda_colubrina_C9B	JAUDYJ010000002.1	583	84	274	357	261700066	261700317	29.762	6.25e-06	54.7
Laticauda_colubrina_C9B	JAUDYJ010000003.1	583	81	274	354	149075042	149075284	32.099	1.45e-07	60.1
Laticauda_colubrina_C9B	JAUDYJ010000003.1	583	81	277	357	149133284	149133042	30.864	2.11e-07	59.7
Pseudonaja_textilis_C9B	JAUDYJ010000002.1	583	81	274	354	262454972	262455214	88.889	1.81e-37	154
Pseudonaja_textilis_C9B	JAUDYJ010000002.1	583	80	453	532	262462282	262462521	86.250	5.12e-35	147
Pseudonaja_textilis_C9B	JAUDYJ010000002.1	583	77	277	353	262496834	262497064	84.416	6.56e-34	143
Pseudonaja_textilis_C9B	JAUDYJ010000002.1	583	80	453	532	262502334	262502573	77.500	1.67e-32	139
Pseudonaja_textilis_C9B	JAUDYJ010000002.1	583	72	396	467	262461140	262461355	76.389	1.01e-23	112
Pseudonaja_textilis_C9B	JAUDYJ010000002.1	583	82	196	277	262451166	262451411	59.756	5.72e-20	100
Pseudonaja_textilis_C9B	JAUDYJ010000002.1	583	50	107	156	262480151	262480300	92.000	1.75e-19	98.6
Pseudonaja_textilis_C9B	JAUDYJ010000002.1	583	50	107	156	262447146	262447295	88.000	2.45e-18	94.7
Pseudonaja_textilis_C9B	JAUDYJ010000002.1	583	61	57	117	262445668	262445850	68.852	7.79e-17	90.1
Pseudonaja_textilis_C9B	JAUDYJ010000002.1	583	52	532	583	262464085	262464240	76.923	1.65e-16	89.0
Pseudonaja_textilis_C9B	JAUDYJ010000002.1	583	47	157	203	262449255	262449395	78.723	5.22e-16	87.4
Pseudonaja_textilis_C9B	JAUDYJ010000002.1	583	65	404	468	262501043	262501228	66.154	1.97e-15	85.5
Pseudonaja_textilis_C9B	JAUDYJ010000002.1	583	47	157	203	262485057	262485197	76.596	2.17e-15	85.5
Pseudonaja_textilis_C9B	JAUDYJ010000002.1	583	51	57	107	262478151	262478303	66.667	1.86e-12	75.9
Pseudonaja_textilis_C9B	JAUDYJ010000002.1	583	75	198	272	262492752	262492976	52.000	2.12e-11	72.8
Pseudonaja_textilis_C9B	JAUDYJ010000002.1	583	52	532	583	262503417	262503572	53.846	1.32e-10	70.1
Pseudonaja_textilis_C9B	JAUDYJ010000002.1	583	38	26	63	262444159	262444272	78.947	7.01e-10	67.8
Pseudonaja_textilis_C9B	JAUDYJ010000002.1	583	54	530	583	261745528	261745367	50.000	5.44e-09	64.7
Pseudonaja_textilis_C9B	JAUDYJ010000002.1	583	45	354	398	262459269	262459400	66.667	3.00e-08	62.4
Pseudonaja_textilis_C9B	JAUDYJ010000002.1	583	69	457	525	261746876	261746673	42.029	1.24e-07	60.5
Pseudonaja_textilis_C9B	JAUDYJ010000002.1	583	54	531	583	261666917	261667072	51.852	3.29e-07	58.9
Pseudonaja_textilis_C9B	JAUDYJ010000002.1	583	45	26	70	262476852	262476986	57.778	1.24e-06	57.0
Pseudonaja_textilis_C9B	JAUDYJ010000002.1	583	78	277	354	261653779	261654012	33.333	3.69e-06	55.5
Pseudonaja_textilis_C9B	JAUDYJ010000003.1	583	81	274	354	149075042	149075284	30.864	1.78e-07	59.7
Pseudonaja_textilis_C9B	JAUDYJ010000003.1	583	79	277	355	149133284	149133048	31.646	2.63e-07	59.3
Pseudonaja_textilis_C9B	JAUDYJ010000003.1	583	47	537	583	149112957	149112817	44.681	2.49e-06	56.2
Notechis_scutatus_C9B	JAUDYJ010000002.1	583	80	453	532	262462282	262462521	87.500	7.12e-36	149
Notechis_scutatus_C9B	JAUDYJ010000002.1	583	79	276	354	262454978	262455214	87.342	1.75e-35	148
Notechis_scutatus_C9B	JAUDYJ010000002.1	583	82	451	532	262502328	262502573	78.049	1.78e-33	142
Notechis_scutatus_C9B	JAUDYJ010000002.1	583	77	277	353	262496834	262497064	81.818	9.91e-33	139
Notechis_scutatus_C9B	JAUDYJ010000002.1	583	70	398	467	262461146	262461355	75.714	4.82e-23	109
Notechis_scutatus_C9B	JAUDYJ010000002.1	583	82	196	277	262451166	262451411	63.415	8.39e-23	108
Notechis_scutatus_C9B	JAUDYJ010000002.1	583	50	107	156	262480151	262480300	94.000	5.77e-20	100
Notechis_scutatus_C9B	JAUDYJ010000002.1	583	52	532	583	262464085	262464240	82.692	2.37e-19	98.2
Notechis_scutatus_C9B	JAUDYJ010000002.1	583	50	107	156	262447146	262447295	90.000	8.58e-19	96.3
Notechis_scutatus_C9B	JAUDYJ010000002.1	583	60	58	117	262445671	262445850	70.000	1.13e-16	89.7
Notechis_scutatus_C9B	JAUDYJ010000002.1	583	47	157	203	262449255	262449395	80.851	2.28e-16	88.6
Notechis_scutatus_C9B	JAUDYJ010000002.1	583	47	157	203	262485057	262485197	76.596	1.48e-15	85.9
Notechis_scutatus_C9B	JAUDYJ010000002.1	583	65	404	468	262501043	262501228	63.077	2.00e-15	85.5
Notechis_scutatus_C9B	JAUDYJ010000002.1	583	50	58	107	262478154	262478303	68.000	2.81e-12	75.5
Notechis_scutatus_C9B	JAUDYJ010000002.1	583	75	198	272	262492752	262492976	52.000	4.46e-12	74.7
Notechis_scutatus_C9B	JAUDYJ010000002.1	583	52	532	583	262503417	262503572	55.769	1.90e-11	72.8
Notechis_scutatus_C9B	JAUDYJ010000002.1	583	38	26	63	262444159	262444272	78.947	7.57e-10	67.4
Notechis_scutatus_C9B	JAUDYJ010000002.1	583	54	530	583	261745528	261745367	51.852	1.17e-08	63.5
Notechis_scutatus_C9B	JAUDYJ010000002.1	583	45	354	398	262459269	262459400	66.667	7.21e-08	61.2
Notechis_scutatus_C9B	JAUDYJ010000002.1	583	69	457	525	261746876	261746673	42.029	1.28e-07	60.5
Notechis_scutatus_C9B	JAUDYJ010000002.1	583	55	530	583	261666908	261667072	47.273	8.10e-07	57.8
Notechis_scutatus_C9B	JAUDYJ010000002.1	583	38	26	63	262476852	262476959	65.789	4.76e-06	55.1
Notechis_scutatus_C9B	JAUDYJ010000002.1	583	79	277	355	261653779	261654015	32.911	6.41e-06	54.7
Notechis_scutatus_C9B	JAUDYJ010000003.1	583	85	274	358	149075042	149075296	29.412	5.62e-07	58.2
Notechis_scutatus_C9B	JAUDYJ010000003.1	583	79	277	355	149133284	149133048	30.380	1.15e-06	57.4
Pituophis_catenifer_C9B	JAUDYJ010000002.1	583	81	274	354	262496825	262497067	97.531	1.24e-41	167
Pituophis_catenifer_C9B	JAUDYJ010000002.1	583	77	456	532	262462291	262462521	96.104	1.81e-39	160
Pituophis_catenifer_C9B	JAUDYJ010000002.1	583	76	277	352	262454981	262455208	85.526	3.17e-33	141
Pituophis_catenifer_C9B	JAUDYJ010000002.1	583	80	453	532	262502334	262502573	77.500	6.31e-33	140
Pituophis_catenifer_C9B	JAUDYJ010000002.1	583	76	198	273	262492752	262492979	88.158	2.46e-30	132
Pituophis_catenifer_C9B	JAUDYJ010000002.1	583	72	397	468	262501022	262501228	83.333	3.95e-24	113
Pituophis_catenifer_C9B	JAUDYJ010000002.1	583	52	532	583	262503417	262503572	92.308	4.30e-23	110
Pituophis_catenifer_C9B	JAUDYJ010000002.1	583	50	107	156	262480151	262480300	100.000	3.30e-22	107
Pituophis_catenifer_C9B	JAUDYJ010000002.1	583	47	157	203	262485057	262485197	93.617	2.45e-20	101
Pituophis_catenifer_C9B	JAUDYJ010000002.1	583	54	54	107	262478142	262478303	83.333	1.09e-18	95.9
Pituophis_catenifer_C9B	JAUDYJ010000002.1	583	69	107	173	262447146	262447352	66.667	1.28e-18	95.9
Pituophis_catenifer_C9B	JAUDYJ010000002.1	583	64	404	467	262461164	262461355	67.188	2.07e-17	92.0
Pituophis_catenifer_C9B	JAUDYJ010000002.1	583	47	157	203	262449255	262449395	78.723	3.73e-15	84.7
Pituophis_catenifer_C9B	JAUDYJ010000002.1	583	61	57	117	262445668	262445850	67.213	3.79e-15	84.7
Pituophis_catenifer_C9B	JAUDYJ010000002.1	583	52	532	583	262464085	262464240	65.385	3.44e-13	78.6
Pituophis_catenifer_C9B	JAUDYJ010000002.1	583	45	26	70	262476852	262476986	73.333	3.39e-12	75.1
Pituophis_catenifer_C9B	JAUDYJ010000002.1	583	75	198	272	262451172	262451396	44.000	7.47e-11	70.9
Pituophis_catenifer_C9B	JAUDYJ010000002.1	583	41	355	395	262459272	262459394	78.049	1.95e-10	69.3
Pituophis_catenifer_C9B	JAUDYJ010000002.1	583	39	26	64	262444159	262444275	71.795	3.29e-09	65.5
Pituophis_catenifer_C9B	JAUDYJ010000002.1	583	69	457	525	261660132	261660335	43.478	3.47e-06	55.8
Pituophis_catenifer_C9B	JAUDYJ010000002.1	583	69	457	525	261746876	261746673	40.580	3.88e-06	55.5
Pituophis_catenifer_C9B	JAUDYJ010000003.1	583	47	537	583	149112957	149112817	53.191	1.29e-07	60.5
Pituophis_catenifer_C9B	JAUDYJ010000003.1	583	76	277	352	149133284	149133057	38.158	1.44e-07	60.1
Pantherophis_obsoletus_C9B	JAUDYJ010000002.1	583	80	453	532	262502334	262502573	96.250	1.31e-40	164
Pantherophis_obsoletus_C9B	JAUDYJ010000002.1	583	81	274	354	262454972	262455214	92.593	7.03e-39	158
Pantherophis_obsoletus_C9B	JAUDYJ010000002.1	583	77	456	532	262462291	262462521	81.818	2.69e-33	141
Pantherophis_obsoletus_C9B	JAUDYJ010000002.1	583	77	277	353	262496834	262497064	84.416	1.53e-32	139
Pantherophis_obsoletus_C9B	JAUDYJ010000002.1	583	75	198	272	262492752	262492976	88.000	6.26e-30	131
Pantherophis_obsoletus_C9B	JAUDYJ010000002.1	583	73	396	468	262501019	262501228	82.192	6.13e-24	112
Pantherophis_obsoletus_C9B	JAUDYJ010000002.1	583	56	528	583	262503405	262503572	89.286	1.68e-23	111
Pantherophis_obsoletus_C9B	JAUDYJ010000002.1	583	50	107	156	262480151	262480300	100.000	4.38e-22	106
Pantherophis_obsoletus_C9B	JAUDYJ010000002.1	583	47	157	203	262485057	262485197	93.617	2.92e-20	100
Pantherophis_obsoletus_C9B	JAUDYJ010000002.1	583	51	57	107	262478151	262478303	88.235	1.01e-19	99.4
Pantherophis_obsoletus_C9B	JAUDYJ010000002.1	583	69	107	173	262447146	262447352	66.667	1.36e-18	95.9
Pantherophis_obsoletus_C9B	JAUDYJ010000002.1	583	61	57	117	262445668	262445850	72.131	2.12e-18	95.1
Pantherophis_obsoletus_C9B	JAUDYJ010000002.1	583	63	401	463	262461155	262461343	66.667	3.97e-17	90.9
Pantherophis_obsoletus_C9B	JAUDYJ010000002.1	583	47	157	203	262449255	262449395	78.723	4.70e-15	84.3
Pantherophis_obsoletus_C9B	JAUDYJ010000002.1	583	56	528	583	262464073	262464240	64.286	3.81e-14	81.6
Pantherophis_obsoletus_C9B	JAUDYJ010000002.1	583	80	198	277	262451172	262451411	42.500	4.74e-11	71.6
Pantherophis_obsoletus_C9B	JAUDYJ010000002.1	583	39	26	64	262444159	262444275	82.051	6.79e-11	70.9
Pantherophis_obsoletus_C9B	JAUDYJ010000002.1	583	42	354	395	262459269	262459394	76.190	6.11e-10	67.8
Pantherophis_obsoletus_C9B	JAUDYJ010000002.1	583	45	26	70	262476852	262476986	60.000	1.91e-08	63.2
Pantherophis_obsoletus_C9B	JAUDYJ010000002.1	583	69	457	525	261746876	261746673	39.130	4.78e-07	58.5
Pantherophis_obsoletus_C9B	JAUDYJ010000002.1	583	81	275	355	261653773	261654015	34.568	2.03e-06	56.6
Pantherophis_obsoletus_C9B	JAUDYJ010000002.1	583	73	457	529	261660132	261660347	38.356	8.56e-06	54.3
Pantherophis_obsoletus_C9B	JAUDYJ010000003.1	583	82	274	355	149133293	149133048	35.366	3.18e-08	62.4
Pantherophis_obsoletus_C9B	JAUDYJ010000003.1	583	47	537	583	149112957	149112817	55.319	9.55e-08	60.8
Pantherophis_obsoletus_C9B	JAUDYJ010000003.1	583	85	274	358	149075042	149075296	29.412	7.25e-07	57.8
Crotalus_tigris_C9B	JAUDYJ010000002.1	583	87	274	360	262496825	262497085	82.759	1.87e-36	151
Crotalus_tigris_C9B	JAUDYJ010000002.1	583	80	453	532	262462282	262462521	83.750	4.04e-35	147
Crotalus_tigris_C9B	JAUDYJ010000002.1	583	80	453	532	262502334	262502573	78.750	1.02e-33	142
Crotalus_tigris_C9B	JAUDYJ010000002.1	583	76	276	351	262454978	262455205	80.263	2.00e-31	135
Crotalus_tigris_C9B	JAUDYJ010000002.1	583	52	532	583	262503417	262503572	88.462	3.19e-22	107
Crotalus_tigris_C9B	JAUDYJ010000002.1	583	77	196	272	262492746	262492976	67.532	6.55e-22	106
Crotalus_tigris_C9B	JAUDYJ010000002.1	583	79	401	479	262461155	262461370	62.025	1.67e-19	98.6
Crotalus_tigris_C9B	JAUDYJ010000002.1	583	72	397	468	262501022	262501228	72.222	3.63e-19	97.4
Crotalus_tigris_C9B	JAUDYJ010000002.1	583	54	54	107	262478142	262478303	79.630	6.78e-19	96.7
Crotalus_tigris_C9B	JAUDYJ010000002.1	583	50	107	156	262480151	262480300	90.000	2.43e-18	95.1
Crotalus_tigris_C9B	JAUDYJ010000002.1	583	61	57	117	262445668	262445850	68.852	8.71e-18	93.2
Crotalus_tigris_C9B	JAUDYJ010000002.1	583	47	157	203	262485057	262485197	80.851	8.95e-17	90.1
Crotalus_tigris_C9B	JAUDYJ010000002.1	583	50	107	156	262447146	262447295	82.000	3.89e-16	87.8
Crotalus_tigris_C9B	JAUDYJ010000002.1	583	47	157	203	262449255	262449395	74.468	4.22e-14	81.3
Crotalus_tigris_C9B	JAUDYJ010000002.1	583	52	532	583	262464085	262464240	63.462	1.13e-13	80.1
Crotalus_tigris_C9B	JAUDYJ010000002.1	583	78	196	273	262451166	262451399	44.872	6.40e-11	71.2
Crotalus_tigris_C9B	JAUDYJ010000002.1	583	39	26	64	262444159	262444275	71.795	1.10e-08	63.9
Crotalus_tigris_C9B	JAUDYJ010000002.1	583	45	26	70	262476852	262476986	62.222	2.73e-08	62.4
Crotalus_tigris_C9B	JAUDYJ010000002.1	583	41	355	395	262499609	262499731	68.293	1.13e-07	60.5
Crotalus_tigris_C9B	JAUDYJ010000002.1	583	69	457	525	261746876	261746673	39.130	2.47e-06	56.2
Crotalus_tigris_C9B	JAUDYJ010000003.1	583	47	537	583	149112957	149112817	53.191	1.89e-07	59.7
Crotalus_tigris_C9B	JAUDYJ010000003.1	583	75	277	351	149133284	149133060	37.333	4.94e-07	58.5
Ptyas_mucosa_C9B	JAUDYJ010000002.1	583	81	274	354	262496825	262497067	97.531	1.03e-41	167
Ptyas_mucosa_C9B	JAUDYJ010000002.1	583	80	453	532	262502334	262502573	95.000	1.64e-39	160
Ptyas_mucosa_C9B	JAUDYJ010000002.1	583	76	277	352	262454981	262455208	85.526	2.74e-33	141
Ptyas_mucosa_C9B	JAUDYJ010000002.1	583	77	456	532	262462291	262462521	80.519	2.96e-32	138
Ptyas_mucosa_C9B	JAUDYJ010000002.1	583	76	198	273	262492752	262492979	88.158	2.87e-30	132
Ptyas_mucosa_C9B	JAUDYJ010000002.1	583	56	528	583	262503405	262503572	89.286	1.72e-24	114
Ptyas_mucosa_C9B	JAUDYJ010000002.1	583	50	107	156	262480151	262480300	98.000	2.23e-21	104
Ptyas_mucosa_C9B	JAUDYJ010000002.1	583	61	57	117	262445668	262445850	80.328	3.31e-21	103
Ptyas_mucosa_C9B	JAUDYJ010000002.1	583	47	157	203	262485057	262485197	95.745	4.46e-21	103
Ptyas_mucosa_C9B	JAUDYJ010000002.1	583	73	396	468	262501019	262501228	76.712	8.67e-21	102
Ptyas_mucosa_C9B	JAUDYJ010000002.1	583	69	107	173	262447146	262447352	65.217	8.56e-18	93.2
Ptyas_mucosa_C9B	JAUDYJ010000002.1	583	54	54	107	262478142	262478303	75.926	4.93e-17	90.9
Ptyas_mucosa_C9B	JAUDYJ010000002.1	583	57	401	457	262461155	262461325	70.175	4.78e-16	87.4
Ptyas_mucosa_C9B	JAUDYJ010000002.1	583	56	528	583	262464073	262464240	66.071	1.05e-14	83.2
Ptyas_mucosa_C9B	JAUDYJ010000002.1	583	47	157	203	262449255	262449395	76.596	1.85e-14	82.4
Ptyas_mucosa_C9B	JAUDYJ010000002.1	583	77	196	272	262451166	262451396	44.156	2.07e-11	72.8
Ptyas_mucosa_C9B	JAUDYJ010000002.1	583	39	355	393	262499609	262499725	87.179	2.07e-10	69.3
Ptyas_mucosa_C9B	JAUDYJ010000002.1	583	44	27	70	262476855	262476986	63.636	2.42e-09	65.9
Ptyas_mucosa_C9B	JAUDYJ010000002.1	583	33	32	64	262444177	262444275	72.727	4.43e-07	58.5
Ptyas_mucosa_C9B	JAUDYJ010000002.1	583	69	457	525	261746876	261746673	37.681	6.19e-06	54.7
Ptyas_mucosa_C9B	JAUDYJ010000002.1	583	48	536	583	261745510	261745367	45.833	9.48e-06	54.3
Ptyas_mucosa_C9B	JAUDYJ010000002.1	583	70	460	529	261660141	261660347	40.000	9.72e-06	54.3
Ptyas_mucosa_C9B	JAUDYJ010000003.1	583	47	537	583	149112957	149112817	53.191	8.55e-08	60.8
Ptyas_mucosa_C9B	JAUDYJ010000003.1	583	76	277	352	149133284	149133057	38.158	1.49e-07	60.1
