Masticophis_lateralis_C9A	JAUDYJ010000002.1	584	81	274	354	262454972	262455214	100.000	9.39e-43	170
Masticophis_lateralis_C9A	JAUDYJ010000002.1	584	80	453	532	262462282	262462521	96.250	2.04e-40	163
Masticophis_lateralis_C9A	JAUDYJ010000002.1	584	80	198	277	262451172	262451411	90.000	6.72e-36	149
Masticophis_lateralis_C9A	JAUDYJ010000002.1	584	80	453	532	262502334	262502573	80.000	1.06e-33	142
Masticophis_lateralis_C9A	JAUDYJ010000002.1	584	76	277	352	262496834	262497061	85.526	1.74e-32	139
Masticophis_lateralis_C9A	JAUDYJ010000002.1	584	72	396	467	262461140	262461355	88.889	1.20e-28	127
Masticophis_lateralis_C9A	JAUDYJ010000002.1	584	53	532	584	262464085	262464243	100.000	9.35e-26	118
Masticophis_lateralis_C9A	JAUDYJ010000002.1	584	61	57	117	262445668	262445850	85.246	4.57e-23	109
Masticophis_lateralis_C9A	JAUDYJ010000002.1	584	50	107	156	262447146	262447295	100.000	6.90e-22	106
Masticophis_lateralis_C9A	JAUDYJ010000002.1	584	47	157	203	262449255	262449395	97.872	6.05e-21	103
Masticophis_lateralis_C9A	JAUDYJ010000002.1	584	50	107	156	262480151	262480300	88.000	2.84e-18	94.7
Masticophis_lateralis_C9A	JAUDYJ010000002.1	584	65	404	468	262501043	262501228	66.154	2.49e-16	88.6
Masticophis_lateralis_C9A	JAUDYJ010000002.1	584	54	54	107	262478142	262478303	74.074	2.99e-16	88.2
Masticophis_lateralis_C9A	JAUDYJ010000002.1	584	56	341	395	262459227	262459394	78.571	4.93e-16	87.4
Masticophis_lateralis_C9A	JAUDYJ010000002.1	584	47	157	203	262485057	262485197	74.468	1.89e-14	82.4
Masticophis_lateralis_C9A	JAUDYJ010000002.1	584	53	532	584	262503417	262503575	64.151	8.73e-14	80.5
Masticophis_lateralis_C9A	JAUDYJ010000002.1	584	39	26	64	262444159	262444275	89.744	3.57e-13	78.2
Masticophis_lateralis_C9A	JAUDYJ010000002.1	584	75	198	272	262492752	262492976	44.000	2.22e-11	72.4
Masticophis_lateralis_C9A	JAUDYJ010000002.1	584	45	26	70	262476852	262476986	57.778	1.62e-07	60.1
Masticophis_lateralis_C9A	JAUDYJ010000002.1	584	54	530	583	261745528	261745367	48.148	3.03e-07	59.3
Masticophis_lateralis_C9A	JAUDYJ010000002.1	584	69	457	525	261746876	261746673	40.580	2.28e-06	56.2
Masticophis_lateralis_C9A	JAUDYJ010000002.1	584	50	535	583	261666923	261667072	52.000	2.31e-06	56.2
Masticophis_lateralis_C9A	JAUDYJ010000002.1	584	69	457	525	261660132	261660335	43.478	2.54e-06	56.2
Masticophis_lateralis_C9A	JAUDYJ010000002.1	584	49	536	583	261705844	261705990	53.061	6.32e-06	54.7
Masticophis_lateralis_C9A	JAUDYJ010000002.1	584	67	277	343	261653779	261653979	37.313	9.03e-06	54.3
Masticophis_lateralis_C9A	JAUDYJ010000003.1	584	79	277	355	149133284	149133048	35.443	1.85e-07	59.7
Masticophis_lateralis_C9A	JAUDYJ010000003.1	584	111	425	523	149116057	149115725	31.532	2.68e-06	56.2
Masticophis_lateralis_C9A	JAUDYJ010000003.1	584	97	277	373	149075051	149075314	27.835	5.33e-06	55.1
Masticophis_lateralis_C9B	JAUDYJ010000002.1	581	81	274	354	262496825	262497067	100.000	1.25e-42	169
Masticophis_lateralis_C9B	JAUDYJ010000002.1	581	80	450	529	262502334	262502573	97.500	6.62e-41	164
Masticophis_lateralis_C9B	JAUDYJ010000002.1	581	76	198	273	262492752	262492979	96.053	1.66e-35	148
Masticophis_lateralis_C9B	JAUDYJ010000002.1	581	77	453	529	262462291	262462521	83.117	1.38e-33	142
Masticophis_lateralis_C9B	JAUDYJ010000002.1	581	76	277	352	262454981	262455208	85.526	2.47e-32	138
Masticophis_lateralis_C9B	JAUDYJ010000002.1	581	57	525	581	262503405	262503575	96.491	5.01e-26	119
Masticophis_lateralis_C9B	JAUDYJ010000002.1	581	70	396	465	262501019	262501228	85.714	1.24e-25	117
Masticophis_lateralis_C9B	JAUDYJ010000002.1	581	54	54	107	262478142	262478303	94.444	5.37e-23	109
Masticophis_lateralis_C9B	JAUDYJ010000002.1	581	50	107	156	262480151	262480300	100.000	4.16e-22	107
Masticophis_lateralis_C9B	JAUDYJ010000002.1	581	47	157	203	262485057	262485197	97.872	5.72e-21	103
Masticophis_lateralis_C9B	JAUDYJ010000002.1	581	69	107	173	262447146	262447352	66.667	1.37e-18	95.9
Masticophis_lateralis_C9B	JAUDYJ010000002.1	581	60	404	460	262461164	262461343	68.333	6.75e-16	87.0
Masticophis_lateralis_C9B	JAUDYJ010000002.1	581	61	57	117	262445668	262445850	67.213	7.75e-16	87.0
Masticophis_lateralis_C9B	JAUDYJ010000002.1	581	41	355	395	262499609	262499731	100.000	2.78e-15	85.1
Masticophis_lateralis_C9B	JAUDYJ010000002.1	581	47	157	203	262449255	262449395	74.468	3.23e-14	81.6
Masticophis_lateralis_C9B	JAUDYJ010000002.1	581	57	525	581	262464073	262464243	63.158	3.46e-14	81.6
Masticophis_lateralis_C9B	JAUDYJ010000002.1	581	45	26	70	262476852	262476986	77.778	1.60e-13	79.3
Masticophis_lateralis_C9B	JAUDYJ010000002.1	581	77	196	272	262451166	262451396	44.156	1.27e-11	73.2
Masticophis_lateralis_C9B	JAUDYJ010000002.1	581	39	26	64	262444159	262444275	66.667	1.21e-07	60.5
Masticophis_lateralis_C9B	JAUDYJ010000002.1	581	69	454	522	261746876	261746673	40.580	2.06e-07	59.7
Masticophis_lateralis_C9B	JAUDYJ010000003.1	581	48	534	581	149112957	149112814	56.250	6.75e-08	61.2
