# Anolis_carolinensis DAB2/FYB1 anchors on NC_085842.1:300130991-304179912 (sstart/send relative to region; add 300130990)
Anolis_carolinensis_DAB2	1977375	1977989	413
Anolis_carolinensis_DAB2	1988343	1988888	357
Anolis_carolinensis_DAB2	1978875	1979036	106
Anolis_carolinensis_DAB2	1961032	1961172	102
Anolis_carolinensis_DAB2	1969650	1969784	100
Anolis_carolinensis_DAB2	1990980	1991129	83.6
Anolis_carolinensis_DAB2	1962253	1962354	73.9
Anolis_carolinensis_DAB2	1960154	1960252	65.9
Anolis_carolinensis_DAB2	1974058	1974147	48.9
Anolis_carolinensis_FYB1	2074294	2075412	732
Anolis_carolinensis_FYB1	2084782	2084949	119
Anolis_carolinensis_FYB1	2098634	2098855	115
Anolis_carolinensis_FYB1	2078168	2078341	108
Anolis_carolinensis_FYB1	2085324	2085515	102
Anolis_carolinensis_FYB1	2087932	2088054	84.0
Anolis_carolinensis_FYB1	2091842	2091913	51.6
Anolis_carolinensis_FYB1	2093745	2093834	47.4
Thamnophis_elegans_DAB2	1977375	1977989	295
Thamnophis_elegans_DAB2	1988343	1988867	214
Thamnophis_elegans_DAB2	1969650	1969784	99.0
Thamnophis_elegans_DAB2	1961032	1961172	97.1
Thamnophis_elegans_DAB2	1978875	1979036	73.9
Thamnophis_elegans_DAB2	1962253	1962354	72.0
Thamnophis_elegans_DAB2	1974058	1974147	46.6
Thamnophis_elegans_FYB1	2074294	2075409	265
Thamnophis_elegans_FYB1	2084782	2084949	90.9
Thamnophis_elegans_FYB1	2098634	2098855	89.7
Thamnophis_elegans_FYB1	2085324	2085491	78.2
Thamnophis_elegans_FYB1	2087932	2088024	47.4
