# Vipera_seoanei DAB2/FYB1 anchors on JBPPCB010000002.1:248344945-252398892 (sstart/send relative to region; add 248344944)
Anolis_carolinensis_DAB2	1982672	1983283	302
Anolis_carolinensis_DAB2	1988533	1989069	211
Anolis_carolinensis_DAB2	1974981	1975121	99.8
Anolis_carolinensis_DAB2	1978635	1978769	99.4
Anolis_carolinensis_DAB2	1986953	1987111	75.1
Anolis_carolinensis_DAB2	1977051	1977152	72.8
Anolis_carolinensis_DAB2	1981289	1981372	47.0
Anolis_carolinensis_DAB2	1990464	1990586	46.2
Anolis_carolinensis_FYB1	2081972	2083090	308
Anolis_carolinensis_FYB1	2105028	2105204	92.4
Anolis_carolinensis_FYB1	2119285	2119467	90.1
Anolis_carolinensis_FYB1	2107412	2107552	69.7
Anolis_carolinensis_FYB1	2112737	2112859	54.7
Anolis_carolinensis_FYB1	2116812	2116916	48.5
Thamnophis_elegans_DAB2	1982672	1983283	380
Thamnophis_elegans_DAB2	1988533	1989078	285
Thamnophis_elegans_DAB2	1974981	1975121	100
Thamnophis_elegans_DAB2	1978635	1978769	100
Thamnophis_elegans_DAB2	1986953	1987111	94.4
Thamnophis_elegans_DAB2	1977051	1977152	73.9
Thamnophis_elegans_DAB2	1990461	1990583	64.7
Thamnophis_elegans_DAB2	1981289	1981372	49.7
Thamnophis_elegans_DAB2	1991782	1991847	47.4
Thamnophis_elegans_FYB1	2081972	2083093	598
Thamnophis_elegans_FYB1	2105028	2105204	109
Thamnophis_elegans_FYB1	2119285	2119467	95.5
Thamnophis_elegans_FYB1	2107412	2107552	89.0
Thamnophis_elegans_FYB1	2112740	2112889	89.0
Thamnophis_elegans_FYB1	2116806	2116916	70.9
Thamnophis_elegans_FYB1	2116433	2116546	47.0
