# Gambelia_wislizenii DAB2/FYB1 anchors on JAUMIR010000002.1:414257838-418296519 (sstart/send relative to region; add 414257837)
Anolis_carolinensis_DAB2	1969243	1969869	372
Anolis_carolinensis_DAB2	1981142	1981669	282
Anolis_carolinensis_DAB2	1961857	1961994	100
Anolis_carolinensis_DAB2	1958648	1958788	100
Anolis_carolinensis_DAB2	1971038	1971205	95.5
Anolis_carolinensis_DAB2	1960208	1960309	73.9
Anolis_carolinensis_DAB2	1983844	1983981	63.9
Anolis_carolinensis_DAB2	1963445	1963597	60.8
Anolis_carolinensis_FYB1	2083798	2084916	509
Anolis_carolinensis_FYB1	2107310	2107582	108
Anolis_carolinensis_FYB1	2137184	2137414	101
Anolis_carolinensis_FYB1	2109698	2109889	90.1
Anolis_carolinensis_FYB1	2128133	2128285	70.9
Anolis_carolinensis_FYB1	2118205	2118348	70.5
Anolis_carolinensis_FYB1	2123332	2123415	50.1
Thamnophis_elegans_DAB2	1969243	1969869	300
Thamnophis_elegans_DAB2	1981142	1981669	224
Thamnophis_elegans_DAB2	1961857	1961994	99.4
Thamnophis_elegans_DAB2	1958648	1958788	96.3
Thamnophis_elegans_DAB2	1971038	1971205	73.9
Thamnophis_elegans_DAB2	1960208	1960309	72.0
Thamnophis_elegans_DAB2	1963445	1963531	57.8
Thamnophis_elegans_DAB2	1966742	1966816	47.8
Thamnophis_elegans_FYB1	2083798	2084913	265
Thamnophis_elegans_FYB1	2107310	2107477	94.7
Thamnophis_elegans_FYB1	2137184	2137357	94.0
Thamnophis_elegans_FYB1	2109698	2109838	78.2
Thamnophis_elegans_FYB1	2118208	2118336	60.5
Thamnophis_elegans_FYB1	2128112	2128285	59.7
