Lacerta_agilis_C9A	NC_041322.1	589	80	455	534	19613758	19613519	87.500	9.11e-37	152
Lacerta_agilis_C9A	NC_041322.1	589	57	300	356	19617389	19617219	98.246	5.79e-35	120
Lacerta_agilis_C9A	NC_041322.1	589	28	272	299	19617474	19617391	82.143	5.79e-35	51.6
Lacerta_agilis_C9A	NC_041322.1	589	75	201	275	19619256	19619032	88.000	8.79e-32	137
Lacerta_agilis_C9A	NC_041322.1	589	61	529	589	19612049	19611867	90.164	4.94e-27	122
Lacerta_agilis_C9A	NC_041322.1	589	61	398	458	19615075	19614893	85.246	4.73e-23	109
Lacerta_agilis_C9A	NC_041322.1	589	50	105	154	19622852	19622703	100.000	8.71e-22	105
Lacerta_agilis_C9A	NC_041322.1	589	50	56	105	19623835	19623686	92.000	1.27e-21	105
Lacerta_agilis_C9A	NC_041322.1	589	47	155	201	19622118	19621978	97.872	9.08e-21	102
Lacerta_agilis_C9A	NC_041322.1	589	42	356	397	19615951	19615826	85.714	1.20e-11	73.6
Lacerta_agilis_C9A	NC_041322.1	589	31	26	56	19625615	19625523	93.548	2.29e-09	66.2
Lacerta_agilis_C9A	NC_041322.1	589	60	470	529	20187955	20188134	46.667	1.04e-08	63.9
Lacerta_agilis_C9A	NC_041322.1	589	66	56	121	20227063	20226884	39.394	2.26e-06	56.2
Lacerta_agilis_C9A	NC_041324.1	589	218	304	516	40866371	40866976	27.064	2.72e-09	65.9
Lacerta_agilis_C9A	NC_041324.1	589	204	304	499	42199650	42199105	22.549	4.37e-07	58.5
Lacerta_agilis_C9A	NC_041324.1	589	227	295	516	42190645	42190022	22.467	4.28e-06	55.5
Lacerta_agilis_C9A	NC_041317.1	589	81	279	359	39036640	39036398	35.802	2.96e-08	62.4
Lacerta_agilis_C9A	NC_041317.1	589	78	450	526	39026818	39026588	39.744	5.71e-08	61.6
Zootoca_vivipara_C9A	NC_041322.1	589	80	455	534	19613758	19613519	90.000	1.82e-37	154
Zootoca_vivipara_C9A	NC_041322.1	589	57	300	356	19617389	19617219	100.000	2.15e-35	122
Zootoca_vivipara_C9A	NC_041322.1	589	28	272	299	19617474	19617391	82.143	2.15e-35	51.6
Zootoca_vivipara_C9A	NC_041322.1	589	75	201	275	19619256	19619032	82.667	1.23e-29	130
Zootoca_vivipara_C9A	NC_041322.1	589	61	529	589	19612049	19611867	86.885	3.05e-25	116
Zootoca_vivipara_C9A	NC_041322.1	589	60	399	458	19615072	19614893	86.667	7.09e-23	109
Zootoca_vivipara_C9A	NC_041322.1	589	50	56	105	19623835	19623686	94.000	2.69e-22	107
Zootoca_vivipara_C9A	NC_041322.1	589	50	105	154	19622852	19622703	98.000	1.41e-21	105
Zootoca_vivipara_C9A	NC_041322.1	589	47	155	201	19622118	19621978	97.872	1.02e-20	102
Zootoca_vivipara_C9A	NC_041322.1	589	42	356	397	19615951	19615826	92.857	9.10e-15	83.6
Zootoca_vivipara_C9A	NC_041322.1	589	31	26	56	19625615	19625523	93.548	9.85e-10	67.4
Zootoca_vivipara_C9A	NC_041322.1	589	60	470	529	20187955	20188134	45.000	1.90e-08	63.2
Zootoca_vivipara_C9A	NC_041322.1	589	66	56	121	20227063	20226884	39.394	1.91e-06	56.6
Zootoca_vivipara_C9A	NC_041322.1	589	92	272	363	20222469	20222194	28.261	4.17e-06	55.5
Zootoca_vivipara_C9A	NC_041317.1	589	78	450	526	39026818	39026588	41.026	2.54e-08	62.8
Zootoca_vivipara_C9A	NC_041317.1	589	81	279	359	39036640	39036398	35.802	5.86e-08	61.6
Zootoca_vivipara_C9A	NC_041324.1	589	218	304	516	40866371	40866976	26.606	5.52e-08	61.6
Zootoca_vivipara_C9A	NC_041324.1	589	204	304	499	42199650	42199105	22.059	8.97e-06	54.3
Podarcis_muralis_C9A	NC_041322.1	589	80	455	534	19613758	19613519	96.250	3.62e-41	165
Podarcis_muralis_C9A	NC_041322.1	589	75	201	275	19619256	19619032	100.000	6.27e-37	152
Podarcis_muralis_C9A	NC_041322.1	589	57	300	356	19617389	19617219	100.000	2.38e-36	122
Podarcis_muralis_C9A	NC_041322.1	589	28	272	299	19617474	19617391	89.286	2.38e-36	55.1
Podarcis_muralis_C9A	NC_041322.1	589	63	527	589	19612055	19611867	90.476	3.54e-28	125
Podarcis_muralis_C9A	NC_041322.1	589	61	398	458	19615075	19614893	100.000	3.57e-28	125
Podarcis_muralis_C9A	NC_041322.1	589	50	56	105	19623835	19623686	98.000	4.95e-23	109
Podarcis_muralis_C9A	NC_041322.1	589	50	105	154	19622852	19622703	100.000	8.49e-22	105
Podarcis_muralis_C9A	NC_041322.1	589	47	155	201	19622118	19621978	97.872	1.06e-20	102
Podarcis_muralis_C9A	NC_041322.1	589	42	356	397	19615951	19615826	100.000	3.24e-16	88.2
Podarcis_muralis_C9A	NC_041322.1	589	31	26	56	19625615	19625523	100.000	2.53e-10	69.3
Podarcis_muralis_C9A	NC_041322.1	589	60	470	529	20187955	20188134	43.333	1.34e-08	63.5
Podarcis_muralis_C9A	NC_041322.1	589	26	1	26	19626782	19626705	100.000	3.15e-06	55.8
Podarcis_muralis_C9A	NC_041322.1	589	66	56	121	20227063	20226884	39.394	9.44e-06	54.3
Podarcis_muralis_C9A	NC_041317.1	589	87	441	526	39026845	39026588	37.931	9.21e-09	63.9
Podarcis_muralis_C9A	NC_041317.1	589	81	279	359	39036640	39036398	34.568	1.57e-07	60.1
Podarcis_muralis_C9A	NC_041324.1	589	223	304	517	40866371	40866979	27.803	9.45e-09	63.9
Podarcis_muralis_C9A	NC_041324.1	589	198	304	499	42199650	42199105	22.222	3.37e-06	55.8
Anolis_carolinensis_C9A	NC_041322.1	591	84	455	538	19613764	19613513	65.476	1.90e-29	129
Anolis_carolinensis_C9A	NC_041322.1	591	57	302	358	19617389	19617219	70.175	3.06e-22	92.4
Anolis_carolinensis_C9A	NC_041322.1	591	25	277	301	19617465	19617391	60.000	3.06e-22	37.7
Anolis_carolinensis_C9A	NC_041322.1	591	47	156	202	19622118	19621978	82.979	8.53e-18	93.2
Anolis_carolinensis_C9A	NC_041322.1	591	50	106	155	19622852	19622703	74.000	4.53e-13	78.2
Anolis_carolinensis_C9A	NC_041322.1	591	50	57	106	19623835	19623686	64.000	1.45e-12	76.3
Anolis_carolinensis_C9A	NC_041322.1	591	59	531	589	19612049	19611876	55.932	1.59e-11	73.2
Anolis_carolinensis_C9A	NC_041322.1	591	58	408	465	19615051	19614878	51.724	4.50e-11	71.6
Anolis_carolinensis_C9A	NC_041322.1	591	92	274	365	20222469	20222194	35.870	1.88e-08	63.2
Anolis_carolinensis_C9A	NC_041322.1	591	71	461	531	20187925	20188134	38.028	2.27e-08	62.8
Anolis_carolinensis_C9A	NC_041322.1	591	77	201	277	19619259	19619032	44.156	3.60e-08	62.0
Anolis_carolinensis_C9A	NC_041322.1	591	58	57	113	20227063	20226890	48.276	3.77e-07	58.9
Anolis_carolinensis_C9A	NC_041322.1	591	50	539	587	20241151	20241002	52.000	4.75e-07	58.5
Anolis_carolinensis_C9A	NC_041322.1	591	79	281	359	20249285	20249049	34.177	1.30e-06	57.0
Anolis_carolinensis_C9A	NC_041322.1	591	80	280	358	20181466	20181705	33.750	2.09e-06	56.6
Anolis_carolinensis_C9A	NC_041317.1	591	47	541	587	39026077	39025937	59.574	1.30e-08	63.5
Anolis_carolinensis_C9A	NC_041317.1	591	79	281	359	39007023	39007259	34.177	2.25e-08	62.8
Anolis_carolinensis_C9A	NC_041317.1	591	78	452	528	39026818	39026588	33.333	7.27e-07	57.8
Anolis_carolinensis_C9A	NC_041324.1	591	219	306	519	40866371	40866979	24.201	3.42e-06	55.8
Anolis_carolinensis_C9A	NC_041324.1	591	203	306	501	42199650	42199105	21.675	8.14e-06	54.7
Pogona_vitticeps_C9A	NC_041322.1	576	73	438	510	19613758	19613540	75.342	5.41e-28	125
Pogona_vitticeps_C9A	NC_041322.1	576	57	283	339	19617389	19617219	64.912	3.39e-21	87.8
Pogona_vitticeps_C9A	NC_041322.1	576	28	255	282	19617474	19617391	57.143	3.39e-21	38.5
Pogona_vitticeps_C9A	NC_041322.1	576	54	156	209	19622118	19621957	74.074	1.95e-17	92.0
Pogona_vitticeps_C9A	NC_041322.1	576	50	106	155	19622852	19622703	76.000	1.27e-13	79.7
Pogona_vitticeps_C9A	NC_041322.1	576	65	383	447	19615069	19614875	56.923	1.48e-13	79.7
Pogona_vitticeps_C9A	NC_041322.1	576	61	515	572	19612058	19611879	62.295	2.26e-13	79.0
Pogona_vitticeps_C9A	NC_041322.1	576	50	57	106	19623835	19623686	64.000	3.58e-12	75.1
Pogona_vitticeps_C9A	NC_041322.1	576	96	443	531	20187928	20188212	34.375	3.84e-08	62.0
Pogona_vitticeps_C9A	NC_041322.1	576	52	521	571	20241157	20241002	51.923	1.30e-07	60.5
Pogona_vitticeps_C9A	NC_041322.1	576	41	524	563	20216074	20215952	68.293	2.22e-07	59.7
Pogona_vitticeps_C9A	NC_041322.1	576	87	254	340	20222472	20222212	33.333	1.05e-06	57.4
Pogona_vitticeps_C9A	NC_041322.1	576	79	262	340	20249285	20249049	35.443	3.36e-06	55.8
Pogona_vitticeps_C9A	NC_041322.1	576	76	442	517	20219310	20219086	40.789	8.65e-06	54.3
Pogona_vitticeps_C9A	NC_041317.1	576	102	254	352	39006999	39007304	34.314	4.23e-11	71.6
Pogona_vitticeps_C9A	NC_041317.1	576	78	433	509	39026818	39026588	39.744	1.85e-09	66.2
Pogona_vitticeps_C9A	NC_041317.1	576	85	256	340	39036658	39036404	34.118	6.45e-08	61.2
Pogona_vitticeps_C9A	NC_041317.1	576	48	520	567	39026092	39025949	56.250	1.30e-07	60.5
Pogona_vitticeps_C9A	NC_041317.1	576	53	526	574	9874291	9874449	49.057	6.16e-06	54.7
Pogona_vitticeps_C9A	NC_041324.1	576	220	287	501	40866371	40866982	28.182	3.03e-10	68.9
Gekko_japonicus_C9A	NC_041322.1	582	73	451	523	19613758	19613540	68.493	1.04e-23	112
Gekko_japonicus_C9A	NC_041322.1	582	57	316	372	19617389	19617219	70.175	6.19e-21	88.6
Gekko_japonicus_C9A	NC_041322.1	582	28	288	315	19617474	19617391	53.571	6.19e-21	37.0
Gekko_japonicus_C9A	NC_041322.1	582	45	173	217	19622118	19621984	77.778	5.81e-14	80.9
Gekko_japonicus_C9A	NC_041322.1	582	51	122	172	19622852	19622703	62.745	4.42e-10	68.2
Gekko_japonicus_C9A	NC_041322.1	582	58	524	581	19612046	19611882	56.897	1.27e-09	67.0
Gekko_japonicus_C9A	NC_041322.1	582	67	457	523	20187931	20188128	43.284	3.71e-09	65.5
Gekko_japonicus_C9A	NC_041322.1	582	76	50	123	19623901	19623683	48.684	5.05e-09	65.1
Gekko_japonicus_C9A	NC_041322.1	582	58	396	453	19615069	19614896	46.552	7.80e-09	64.3
Gekko_japonicus_C9A	NC_041322.1	582	92	288	379	20222469	20222194	29.348	6.50e-07	58.2
Gekko_japonicus_C9A	NC_041322.1	582	79	295	373	20249285	20249049	32.911	9.79e-07	57.4
Gekko_japonicus_C9A	NC_041322.1	582	73	457	527	20219304	20219089	41.096	3.14e-06	55.8
Gekko_japonicus_C9A	NC_041324.1	582	208	320	513	40866371	40866979	25.962	1.44e-08	63.5
Gekko_japonicus_C9A	NC_041324.1	582	218	320	521	42199650	42199024	23.394	1.83e-08	63.2
Gekko_japonicus_C9A	NC_041324.1	582	197	311	484	42181976	42181440	23.858	6.08e-07	58.2
Gekko_japonicus_C9A	NC_041324.1	582	211	316	512	42190630	42190022	23.697	2.41e-06	56.2
Gekko_japonicus_C9A	NC_041317.1	582	74	302	375	39036619	39036398	37.838	3.50e-08	62.0
Gekko_japonicus_C9A	NC_041317.1	582	47	535	581	39026077	39025937	53.191	7.10e-08	61.2
Gekko_japonicus_C9A	NC_041317.1	582	96	281	376	39006981	39007268	31.250	1.43e-07	60.1
Gekko_japonicus_C9A	NC_041317.1	582	77	447	522	39026815	39026588	33.766	5.68e-07	58.2
Gekko_japonicus_C9A	NC_041320.1	582	53	534	582	59585184	59585342	45.283	6.99e-06	54.7
Crotalus_tigris_C9A	NC_041322.1	583	82	453	534	19613758	19613513	60.976	4.50e-25	116
Crotalus_tigris_C9A	NC_041322.1	583	53	298	350	19617389	19617231	69.811	4.02e-21	88.6
Crotalus_tigris_C9A	NC_041322.1	583	22	276	297	19617456	19617391	59.091	4.02e-21	37.7
Crotalus_tigris_C9A	NC_041322.1	583	47	157	203	19622118	19621978	76.596	6.07e-16	87.4
Crotalus_tigris_C9A	NC_041322.1	583	50	107	156	19622852	19622703	74.000	6.75e-14	80.9
Crotalus_tigris_C9A	NC_041322.1	583	51	57	107	19623835	19623686	60.784	3.62e-10	68.6
Crotalus_tigris_C9A	NC_041322.1	583	66	396	461	19615072	19614878	51.515	3.92e-09	65.1
Crotalus_tigris_C9A	NC_041322.1	583	69	457	525	20187925	20188128	42.029	7.00e-09	64.3
Crotalus_tigris_C9A	NC_041322.1	583	54	530	583	19612040	19611882	51.852	7.43e-08	61.2
Crotalus_tigris_C9A	NC_041322.1	583	67	57	123	20227063	20226884	40.299	3.70e-06	55.5
Crotalus_tigris_C9A	NC_041324.1	583	227	294	515	40866347	40866979	25.551	8.59e-09	64.3
Crotalus_tigris_C9A	NC_041324.1	583	189	298	482	42181961	42181428	24.868	3.56e-07	58.9
Crotalus_tigris_C9A	NC_041317.1	583	77	449	524	39026815	39026588	40.260	2.18e-08	62.8
Crotalus_tigris_C9A	NC_041317.1	583	74	277	350	39007023	39007244	33.784	5.07e-06	55.1
Crotalus_tigris_C9A	NC_041317.1	583	41	539	579	39026071	39025949	56.098	7.96e-06	54.7
Thamnophis_elegans_C9A	NC_041322.1	583	75	460	534	19613737	19613513	64.000	5.43e-23	109
Thamnophis_elegans_C9A	NC_041322.1	583	85	298	378	19617389	19617138	51.765	4.09e-17	90.9
Thamnophis_elegans_C9A	NC_041322.1	583	47	157	203	19622118	19621978	72.340	6.99e-14	80.5
Thamnophis_elegans_C9A	NC_041322.1	583	50	107	156	19622852	19622703	72.000	8.80e-13	77.0
Thamnophis_elegans_C9A	NC_041322.1	583	51	57	107	19623835	19623686	58.824	4.08e-10	68.6
Thamnophis_elegans_C9A	NC_041322.1	583	60	402	461	19615057	19614878	50.000	2.05e-09	66.2
Thamnophis_elegans_C9A	NC_041322.1	583	55	530	583	20241166	20241002	47.273	7.89e-08	60.8
Thamnophis_elegans_C9A	NC_041322.1	583	50	535	583	20216077	20215928	56.000	9.43e-08	60.8
Thamnophis_elegans_C9A	NC_041322.1	583	86	499	583	19612136	19611882	39.535	2.67e-07	59.3
Thamnophis_elegans_C9A	NC_041322.1	583	90	254	343	20222475	20222248	34.444	3.93e-06	55.5
Thamnophis_elegans_C9A	NC_041322.1	583	69	457	525	20187925	20188128	39.130	6.22e-06	54.7
Thamnophis_elegans_C9A	NC_041324.1	583	226	299	515	40866362	40866979	25.221	1.85e-07	59.7
Thamnophis_elegans_C9A	NC_041317.1	583	46	538	583	39026074	39025937	54.348	9.09e-07	57.8
Thamnophis_elegans_C9A	NC_041317.1	583	107	252	358	39006957	39007268	30.841	3.23e-06	55.8
Thamnophis_elegans_C9A	NC_041317.1	583	81	274	354	39036649	39036407	32.099	4.99e-06	55.1
Naja_naja_C9A	NC_041322.1	582	82	452	533	19613758	19613513	60.976	3.24e-24	113
Naja_naja_C9A	NC_041322.1	582	56	298	353	19617389	19617222	67.857	2.68e-21	90.1
Naja_naja_C9A	NC_041322.1	582	22	276	297	19617456	19617391	59.091	2.68e-21	36.6
Naja_naja_C9A	NC_041322.1	582	50	107	156	19622852	19622703	78.000	4.26e-14	81.3
Naja_naja_C9A	NC_041322.1	582	47	157	203	19622118	19621978	68.085	6.78e-14	80.5
Naja_naja_C9A	NC_041322.1	582	89	368	456	19615156	19614890	40.449	1.58e-09	66.6
Naja_naja_C9A	NC_041322.1	582	57	57	110	19623835	19623668	54.386	1.61e-09	66.6
Naja_naja_C9A	NC_041322.1	582	69	456	524	20187925	20188128	39.130	2.28e-08	62.8
Naja_naja_C9A	NC_041322.1	582	49	534	582	19612025	19611882	53.061	2.66e-07	59.3
Naja_naja_C9A	NC_041322.1	582	67	277	343	20222448	20222248	38.806	6.79e-07	58.2
Naja_naja_C9A	NC_041317.1	582	77	448	523	39026815	39026588	38.961	6.46e-08	61.2
Naja_naja_C9A	NC_041317.1	582	74	277	350	39007023	39007244	36.486	1.54e-06	57.0
Naja_naja_C9A	NC_041324.1	582	226	294	514	40866347	40866979	24.336	2.40e-07	59.3
Naja_naja_C9A	NC_041324.1	582	174	298	471	42181961	42181476	24.138	5.95e-06	55.1
Pseudonaja_textilis_C9A	NC_041322.1	583	82	453	534	19613758	19613513	60.976	3.53e-24	113
Pseudonaja_textilis_C9A	NC_041322.1	583	56	298	353	19617389	19617222	67.857	1.76e-21	90.5
Pseudonaja_textilis_C9A	NC_041322.1	583	22	276	297	19617456	19617391	59.091	1.76e-21	37.0
Pseudonaja_textilis_C9A	NC_041322.1	583	47	157	203	19622118	19621978	68.085	6.25e-14	80.9
Pseudonaja_textilis_C9A	NC_041322.1	583	50	107	156	19622852	19622703	74.000	2.01e-13	79.3
Pseudonaja_textilis_C9A	NC_041322.1	583	51	57	107	19623835	19623686	56.863	1.57e-09	66.6
Pseudonaja_textilis_C9A	NC_041322.1	583	67	391	457	19615087	19614890	47.761	8.09e-09	64.3
Pseudonaja_textilis_C9A	NC_041322.1	583	71	457	527	20187925	20188134	39.437	3.06e-08	62.4
Pseudonaja_textilis_C9A	NC_041322.1	583	49	535	583	19612025	19611882	53.061	2.81e-07	59.3
Pseudonaja_textilis_C9A	NC_041322.1	583	67	277	343	20222448	20222248	37.313	3.61e-06	55.5
Pseudonaja_textilis_C9A	NC_041324.1	583	227	294	515	40866347	40866979	25.551	2.39e-09	65.9
Pseudonaja_textilis_C9A	NC_041317.1	583	77	449	524	39026815	39026588	37.662	1.07e-07	60.5
Pseudonaja_textilis_C9A	NC_041317.1	583	74	277	350	39007023	39007244	35.135	1.77e-06	56.6
Python_bivittatus_C9A	NC_041322.1	582	82	453	534	19613758	19613513	67.073	2.87e-27	123
Python_bivittatus_C9A	NC_041322.1	582	57	298	354	19617389	19617219	64.912	1.81e-21	88.6
Python_bivittatus_C9A	NC_041322.1	582	22	276	297	19617456	19617391	68.182	1.81e-21	38.9
Python_bivittatus_C9A	NC_041322.1	582	47	157	203	19622118	19621978	68.085	2.20e-14	82.4
Python_bivittatus_C9A	NC_041322.1	582	50	107	156	19622852	19622703	72.000	8.99e-13	77.0
Python_bivittatus_C9A	NC_041322.1	582	45	538	582	19612013	19611882	68.889	1.85e-10	69.7
Python_bivittatus_C9A	NC_041322.1	582	56	402	457	19615057	19614890	53.571	1.69e-09	66.6
Python_bivittatus_C9A	NC_041322.1	582	51	57	107	19623835	19623686	54.902	4.79e-09	65.1
Python_bivittatus_C9A	NC_041322.1	582	67	459	525	20187931	20188128	41.791	1.43e-08	63.5
Python_bivittatus_C9A	NC_041322.1	582	84	193	272	19619286	19619035	44.048	1.24e-06	57.0
Python_bivittatus_C9A	NC_041324.1	582	228	299	515	40866362	40866979	25.439	9.46e-10	67.4
Python_bivittatus_C9A	NC_041324.1	582	191	298	486	42181961	42181440	26.178	4.89e-06	55.1
Python_bivittatus_C9A	NC_041317.1	582	77	449	524	39026815	39026588	40.260	8.14e-09	64.3
Python_bivittatus_C9A	NC_041317.1	582	79	277	355	39036640	39036404	34.177	2.38e-07	59.3
Python_bivittatus_C9A	NC_041317.1	582	91	277	364	39007023	39007295	31.868	7.71e-07	57.8
Python_bivittatus_C9A	NC_041317.1	582	64	523	578	39026140	39025949	40.625	5.65e-06	55.1
Notechis_scutatus_C9A	NC_041322.1	583	82	453	534	19613758	19613513	60.976	3.15e-24	113
Notechis_scutatus_C9A	NC_041322.1	583	56	298	353	19617389	19617222	67.857	1.91e-21	90.5
Notechis_scutatus_C9A	NC_041322.1	583	22	276	297	19617456	19617391	59.091	1.91e-21	37.0
Notechis_scutatus_C9A	NC_041322.1	583	47	157	203	19622118	19621978	68.085	6.30e-14	80.9
Notechis_scutatus_C9A	NC_041322.1	583	50	107	156	19622852	19622703	76.000	7.55e-14	80.5
Notechis_scutatus_C9A	NC_041322.1	583	51	57	107	19623835	19623686	56.863	1.80e-09	66.2
Notechis_scutatus_C9A	NC_041322.1	583	67	391	457	19615087	19614890	47.761	9.60e-09	63.9
Notechis_scutatus_C9A	NC_041322.1	583	71	457	527	20187925	20188134	39.437	5.15e-08	61.6
Notechis_scutatus_C9A	NC_041322.1	583	57	527	583	19612049	19611882	47.368	2.83e-07	59.3
Notechis_scutatus_C9A	NC_041322.1	583	67	277	343	20222448	20222248	37.313	3.67e-06	55.5
Notechis_scutatus_C9A	NC_041324.1	583	227	294	515	40866347	40866979	25.551	1.88e-09	66.2
Notechis_scutatus_C9A	NC_041324.1	583	179	298	475	42181961	42181461	24.022	2.32e-06	56.2
Notechis_scutatus_C9A	NC_041317.1	583	77	449	524	39026815	39026588	37.662	1.13e-07	60.5
Notechis_scutatus_C9A	NC_041317.1	583	74	277	350	39007023	39007244	35.135	1.74e-06	56.6
Hydrophis_cyanocinctus_C9A	NC_041322.1	583	82	453	534	19613758	19613513	60.976	2.94e-24	113
Hydrophis_cyanocinctus_C9A	NC_041322.1	583	56	298	353	19617389	19617222	67.857	1.28e-21	90.1
Hydrophis_cyanocinctus_C9A	NC_041322.1	583	25	273	297	19617465	19617391	52.000	1.28e-21	37.4
Hydrophis_cyanocinctus_C9A	NC_041322.1	583	47	157	203	19622118	19621978	68.085	4.13e-14	81.3
Hydrophis_cyanocinctus_C9A	NC_041322.1	583	50	107	156	19622852	19622703	76.000	7.95e-14	80.5
Hydrophis_cyanocinctus_C9A	NC_041322.1	583	51	57	107	19623835	19623686	56.863	1.86e-09	66.2
Hydrophis_cyanocinctus_C9A	NC_041322.1	583	71	457	527	20187925	20188134	39.437	4.42e-08	62.0
Hydrophis_cyanocinctus_C9A	NC_041322.1	583	57	527	583	19612049	19611882	47.368	2.86e-07	59.3
Hydrophis_cyanocinctus_C9A	NC_041322.1	583	54	404	457	19615051	19614890	50.000	4.33e-07	58.5
Hydrophis_cyanocinctus_C9A	NC_041322.1	583	71	273	343	20222460	20222248	38.028	1.87e-06	56.6
Hydrophis_cyanocinctus_C9A	NC_041324.1	583	226	295	515	40866350	40866979	25.664	5.51e-09	64.7
Hydrophis_cyanocinctus_C9A	NC_041324.1	583	179	298	475	42181961	42181461	24.581	7.82e-08	61.2
Hydrophis_cyanocinctus_C9A	NC_041324.1	583	178	298	475	42190630	42190130	25.281	1.59e-06	56.6
Hydrophis_cyanocinctus_C9A	NC_041324.1	583	201	299	497	42199659	42199105	22.388	3.52e-06	55.8
Hydrophis_cyanocinctus_C9A	NC_041317.1	583	77	449	524	39026815	39026588	37.662	7.62e-08	61.2
Hydrophis_cyanocinctus_C9A	NC_041317.1	583	74	277	350	39007023	39007244	35.135	2.13e-06	56.2
Laticauda_colubrina_C9A	NC_041322.1	583	82	453	534	19613758	19613513	60.976	1.96e-24	114
Laticauda_colubrina_C9A	NC_041322.1	583	56	298	353	19617389	19617222	67.857	1.23e-21	90.5
Laticauda_colubrina_C9A	NC_041322.1	583	22	276	297	19617456	19617391	59.091	1.23e-21	37.4
Laticauda_colubrina_C9A	NC_041322.1	583	47	157	203	19622118	19621978	68.085	7.48e-14	80.5
Laticauda_colubrina_C9A	NC_041322.1	583	50	107	156	19622852	19622703	74.000	1.83e-13	79.3
Laticauda_colubrina_C9A	NC_041322.1	583	51	57	107	19623835	19623686	56.863	7.37e-09	64.3
Laticauda_colubrina_C9A	NC_041322.1	583	55	403	457	19615054	19614890	56.364	8.30e-09	64.3
Laticauda_colubrina_C9A	NC_041322.1	583	71	457	527	20187925	20188134	39.437	2.79e-08	62.4
Laticauda_colubrina_C9A	NC_041322.1	583	57	527	583	19612049	19611882	47.368	2.19e-07	59.7
Laticauda_colubrina_C9A	NC_041322.1	583	67	277	343	20222448	20222248	37.313	3.83e-06	55.5
Laticauda_colubrina_C9A	NC_041317.1	583	77	449	524	39026815	39026588	38.961	3.89e-08	62.0
Laticauda_colubrina_C9A	NC_041317.1	583	74	277	350	39007023	39007244	35.135	8.07e-07	57.8
Laticauda_colubrina_C9A	NC_041324.1	583	227	294	515	40866347	40866979	23.789	8.71e-07	57.8
Laticauda_colubrina_C9A	NC_041324.1	583	175	298	472	42181961	42181476	24.000	1.05e-06	57.4
Protobothrops_mucrosquamatus_C9A	NC_041322.1	583	76	459	534	19613740	19613513	67.105	3.53e-26	119
Protobothrops_mucrosquamatus_C9A	NC_041322.1	583	57	298	354	19617389	19617219	75.439	2.57e-19	98.2
Protobothrops_mucrosquamatus_C9A	NC_041322.1	583	47	157	203	19622118	19621978	74.468	4.68e-16	87.8
Protobothrops_mucrosquamatus_C9A	NC_041322.1	583	50	107	156	19622852	19622703	72.000	9.18e-13	77.0
Protobothrops_mucrosquamatus_C9A	NC_041322.1	583	57	57	110	19623835	19623668	54.386	2.34e-10	69.3
Protobothrops_mucrosquamatus_C9A	NC_041322.1	583	54	530	583	19612040	19611882	59.259	4.08e-10	68.6
Protobothrops_mucrosquamatus_C9A	NC_041322.1	583	69	457	525	20187925	20188128	42.029	2.76e-09	65.9
Protobothrops_mucrosquamatus_C9A	NC_041322.1	583	54	404	457	19615051	19614890	53.704	8.59e-09	64.3
Protobothrops_mucrosquamatus_C9A	NC_041322.1	583	70	274	343	20222457	20222248	37.143	2.23e-07	59.7
Protobothrops_mucrosquamatus_C9A	NC_041322.1	583	55	530	583	20241166	20241002	47.273	1.17e-06	57.4
Protobothrops_mucrosquamatus_C9A	NC_041322.1	583	82	274	355	20249294	20249049	32.927	2.22e-06	56.2
Protobothrops_mucrosquamatus_C9A	NC_041322.1	583	42	535	575	20216077	20215952	64.286	4.14e-06	55.5
Protobothrops_mucrosquamatus_C9A	NC_041324.1	583	229	299	515	40866362	40866979	26.638	2.77e-10	68.9
Protobothrops_mucrosquamatus_C9A	NC_041317.1	583	42	538	579	39026074	39025949	57.143	1.47e-07	60.1
Protobothrops_mucrosquamatus_C9A	NC_041317.1	583	82	274	355	39036649	39036404	32.927	1.53e-07	60.1
Protobothrops_mucrosquamatus_C9A	NC_041317.1	583	77	449	524	39026815	39026588	37.662	1.70e-07	60.1
Protobothrops_mucrosquamatus_C9A	NC_041317.1	583	79	277	355	39007023	39007259	32.911	2.51e-07	59.3
Chrysopelea_ornata_C9A	NC_041322.1	584	84	452	535	19613764	19613513	61.905	7.32e-26	118
Chrysopelea_ornata_C9A	NC_041322.1	584	57	298	354	19617389	19617219	68.421	2.21e-22	91.7
Chrysopelea_ornata_C9A	NC_041322.1	584	24	274	297	19617462	19617391	62.500	2.21e-22	38.5
Chrysopelea_ornata_C9A	NC_041322.1	584	47	157	203	19622118	19621978	72.340	2.36e-15	85.5
Chrysopelea_ornata_C9A	NC_041322.1	584	50	107	156	19622852	19622703	72.000	3.10e-13	78.6
Chrysopelea_ornata_C9A	NC_041322.1	584	56	403	458	19615057	19614890	51.786	8.77e-09	64.3
Chrysopelea_ornata_C9A	NC_041322.1	584	54	531	584	19612040	19611882	51.852	1.78e-08	63.2
Chrysopelea_ornata_C9A	NC_041322.1	584	69	458	526	20187925	20188128	42.029	2.30e-08	62.8
Chrysopelea_ornata_C9A	NC_041322.1	584	51	57	107	19623835	19623686	50.980	3.25e-07	58.9
Chrysopelea_ornata_C9A	NC_041322.1	584	91	274	364	20222457	20222185	31.868	5.91e-07	58.2
Chrysopelea_ornata_C9A	NC_041322.1	584	55	531	584	20241166	20241002	45.455	2.83e-06	55.8
Chrysopelea_ornata_C9A	NC_041322.1	584	82	274	355	20249294	20249049	32.927	7.99e-06	54.7
Chrysopelea_ornata_C9A	NC_041317.1	584	84	274	357	39036649	39036398	35.714	4.03e-08	62.0
Chrysopelea_ornata_C9A	NC_041317.1	584	77	450	525	39026815	39026588	38.961	4.38e-07	58.5
Chrysopelea_ornata_C9A	NC_041317.1	584	82	277	358	39007023	39007268	31.707	2.90e-06	55.8
Chrysopelea_ornata_C9A	NC_041317.1	584	46	539	584	39026074	39025937	50.000	8.19e-06	54.3
Chrysopelea_ornata_C9A	NC_041324.1	584	226	299	516	40866362	40866979	25.221	5.44e-08	61.6
Pituophis_catenifer_C9A	NC_041322.1	583	84	451	534	19613764	19613513	59.524	4.99e-24	112
Pituophis_catenifer_C9A	NC_041322.1	583	56	298	353	19617389	19617222	69.643	1.81e-21	90.9
Pituophis_catenifer_C9A	NC_041322.1	583	21	277	297	19617453	19617391	61.905	1.81e-21	36.2
Pituophis_catenifer_C9A	NC_041322.1	583	47	157	203	19622118	19621978	70.213	3.11e-14	81.6
Pituophis_catenifer_C9A	NC_041322.1	583	50	107	156	19622852	19622703	70.000	1.90e-12	75.9
Pituophis_catenifer_C9A	NC_041322.1	583	51	57	107	19623835	19623686	60.784	3.91e-10	68.6
Pituophis_catenifer_C9A	NC_041322.1	583	56	402	457	19615057	19614890	53.571	9.36e-09	63.9
Pituophis_catenifer_C9A	NC_041322.1	583	54	530	583	19612040	19611882	53.704	1.55e-08	63.2
Pituophis_catenifer_C9A	NC_041322.1	583	69	457	525	20187925	20188128	42.029	1.14e-07	60.5
Pituophis_catenifer_C9A	NC_041322.1	583	55	530	583	20241166	20241002	49.091	2.03e-07	59.7
Pituophis_catenifer_C9A	NC_041322.1	583	42	535	575	20216077	20215952	59.524	9.69e-06	54.3
Pituophis_catenifer_C9A	NC_041324.1	583	227	295	516	40866350	40866982	25.991	2.47e-09	65.9
Pituophis_catenifer_C9A	NC_041317.1	583	77	449	524	39026815	39026588	38.961	7.00e-08	61.2
Pituophis_catenifer_C9A	NC_041317.1	583	85	274	358	39007014	39007268	34.118	8.94e-07	57.8
Pituophis_catenifer_C9A	NC_041317.1	583	46	538	583	39026074	39025937	52.174	9.90e-07	57.4
Pantherophis_obsoletus_C9A	NC_041322.1	583	57	298	354	19617389	19617219	71.930	7.16e-25	97.1
Pantherophis_obsoletus_C9A	NC_041322.1	583	24	274	297	19617462	19617391	66.667	7.16e-25	41.6
Pantherophis_obsoletus_C9A	NC_041322.1	583	84	451	534	19613764	19613513	59.524	1.89e-24	114
Pantherophis_obsoletus_C9A	NC_041322.1	583	47	157	203	19622118	19621978	72.340	6.67e-15	84.0
Pantherophis_obsoletus_C9A	NC_041322.1	583	50	107	156	19622852	19622703	66.000	8.68e-12	73.9
Pantherophis_obsoletus_C9A	NC_041322.1	583	51	57	107	19623835	19623686	60.784	1.09e-10	70.5
Pantherophis_obsoletus_C9A	NC_041322.1	583	56	402	457	19615057	19614890	50.000	2.98e-08	62.4
Pantherophis_obsoletus_C9A	NC_041322.1	583	54	530	583	19612040	19611882	51.852	4.73e-08	61.6
Pantherophis_obsoletus_C9A	NC_041322.1	583	69	457	525	20187925	20188128	42.029	1.09e-07	60.5
Pantherophis_obsoletus_C9A	NC_041322.1	583	82	274	355	20222457	20222212	32.927	6.47e-07	58.2
Pantherophis_obsoletus_C9A	NC_041322.1	583	55	530	583	20241166	20241002	47.273	7.54e-07	57.8
Pantherophis_obsoletus_C9A	NC_041322.1	583	82	274	355	20249294	20249049	32.927	3.90e-06	55.5
Pantherophis_obsoletus_C9A	NC_041322.1	583	41	536	575	20216074	20215952	60.976	9.85e-06	54.3
Pantherophis_obsoletus_C9A	NC_041324.1	583	230	296	516	40866353	40866982	26.522	2.08e-09	66.2
Pantherophis_obsoletus_C9A	NC_041317.1	583	82	277	358	39007023	39007268	34.146	5.11e-08	61.6
Pantherophis_obsoletus_C9A	NC_041317.1	583	82	274	355	39036649	39036404	35.366	5.47e-08	61.6
Pantherophis_obsoletus_C9A	NC_041317.1	583	77	449	524	39026815	39026588	38.961	7.30e-08	61.2
Pantherophis_obsoletus_C9A	NC_041317.1	583	46	538	583	39026074	39025937	52.174	1.02e-06	57.4
Bothrops_jararaca_C9A	NC_041322.1	583	76	459	534	19613740	19613513	65.789	1.92e-25	117
Bothrops_jararaca_C9A	NC_041322.1	583	57	298	354	19617389	19617219	75.439	1.68e-24	97.8
Bothrops_jararaca_C9A	NC_041322.1	583	24	274	297	19617462	19617391	62.500	1.68e-24	39.3
Bothrops_jararaca_C9A	NC_041322.1	583	47	157	203	19622118	19621978	74.468	4.11e-16	87.8
Bothrops_jararaca_C9A	NC_041322.1	583	50	107	156	19622852	19622703	74.000	5.58e-13	77.8
Bothrops_jararaca_C9A	NC_041322.1	583	59	57	112	19623835	19623662	55.932	9.45e-11	70.5
Bothrops_jararaca_C9A	NC_041322.1	583	54	530	583	19612040	19611882	59.259	4.25e-10	68.6
Bothrops_jararaca_C9A	NC_041322.1	583	56	402	457	19615057	19614890	53.571	1.32e-09	66.6
Bothrops_jararaca_C9A	NC_041322.1	583	69	457	525	20187925	20188128	39.130	7.69e-08	61.2
Bothrops_jararaca_C9A	NC_041322.1	583	55	57	110	20227063	20226902	50.909	2.60e-07	59.3
Bothrops_jararaca_C9A	NC_041322.1	583	70	274	343	20222457	20222248	37.143	3.36e-07	58.9
Bothrops_jararaca_C9A	NC_041322.1	583	82	274	355	20249294	20249049	32.927	3.15e-06	55.8
Bothrops_jararaca_C9A	NC_041324.1	583	225	296	515	40866353	40866979	27.556	3.32e-10	68.9
Bothrops_jararaca_C9A	NC_041317.1	583	87	439	524	39026845	39026588	34.483	7.00e-08	61.2
Bothrops_jararaca_C9A	NC_041317.1	583	82	274	355	39036649	39036404	32.927	2.03e-07	59.7
Bothrops_jararaca_C9A	NC_041317.1	583	79	277	355	39007023	39007259	32.911	2.88e-07	59.3
Bothrops_jararaca_C9A	NC_041317.1	583	42	538	579	39026074	39025949	54.762	9.57e-07	57.4
Ptyas_mucosa_C9A	NC_041322.1	583	84	451	534	19613764	19613513	58.333	1.31e-24	114
Ptyas_mucosa_C9A	NC_041322.1	583	57	298	354	19617389	19617219	71.930	2.03e-23	95.1
Ptyas_mucosa_C9A	NC_041322.1	583	24	274	297	19617462	19617391	62.500	2.03e-23	38.9
Ptyas_mucosa_C9A	NC_041322.1	583	47	157	203	19622118	19621978	72.340	8.34e-15	83.6
Ptyas_mucosa_C9A	NC_041322.1	583	50	107	156	19622852	19622703	74.000	1.51e-13	79.7
Ptyas_mucosa_C9A	NC_041322.1	583	51	57	107	19623835	19623686	60.784	8.53e-11	70.5
Ptyas_mucosa_C9A	NC_041322.1	583	78	457	534	20187925	20188149	42.308	5.56e-09	64.7
Ptyas_mucosa_C9A	NC_041322.1	583	56	402	457	19615057	19614890	50.000	4.73e-08	61.6
Ptyas_mucosa_C9A	NC_041322.1	583	49	535	583	19612025	19611882	53.061	6.36e-07	58.2
Ptyas_mucosa_C9A	NC_041322.1	583	55	530	583	20241166	20241002	49.091	2.02e-06	56.6
Ptyas_mucosa_C9A	NC_041322.1	583	70	274	343	20222457	20222248	35.714	3.37e-06	55.8
Ptyas_mucosa_C9A	NC_041322.1	583	82	274	355	20249294	20249049	32.927	6.78e-06	54.7
Ptyas_mucosa_C9A	NC_041317.1	583	82	274	355	39036649	39036404	35.366	6.43e-08	61.2
Ptyas_mucosa_C9A	NC_041317.1	583	82	277	358	39007023	39007268	34.146	7.43e-08	61.2
Ptyas_mucosa_C9A	NC_041317.1	583	46	538	583	39026074	39025937	54.348	6.25e-07	58.2
Ptyas_mucosa_C9A	NC_041317.1	583	77	449	524	39026815	39026588	37.662	9.02e-07	57.8
Ptyas_mucosa_C9A	NC_041324.1	583	226	299	515	40866362	40866979	26.106	1.01e-07	60.8
Vipera_berus_C9A	NC_041322.1	583	76	459	534	19613740	19613513	64.474	1.44e-25	117
Vipera_berus_C9A	NC_041322.1	583	57	298	354	19617389	19617219	70.175	4.76e-23	93.6
Vipera_berus_C9A	NC_041322.1	583	24	274	297	19617462	19617391	62.500	4.76e-23	39.3
Vipera_berus_C9A	NC_041322.1	583	47	157	203	19622118	19621978	76.596	2.49e-16	88.6
Vipera_berus_C9A	NC_041322.1	583	50	107	156	19622852	19622703	74.000	3.48e-13	78.6
Vipera_berus_C9A	NC_041322.1	583	54	530	583	19612040	19611882	61.111	7.12e-11	70.9
Vipera_berus_C9A	NC_041322.1	583	57	57	110	19623835	19623668	57.895	3.41e-10	68.6
Vipera_berus_C9A	NC_041322.1	583	56	402	457	19615057	19614890	53.571	1.11e-09	67.0
Vipera_berus_C9A	NC_041322.1	583	69	457	525	20187925	20188128	42.029	1.70e-09	66.6
Vipera_berus_C9A	NC_041322.1	583	70	274	343	20222457	20222248	38.571	8.16e-08	60.8
Vipera_berus_C9A	NC_041322.1	583	59	57	114	20227063	20226890	47.458	1.77e-07	60.1
Vipera_berus_C9A	NC_041322.1	583	70	274	343	20249294	20249085	37.143	1.40e-06	57.0
Vipera_berus_C9A	NC_041324.1	583	229	296	515	40866353	40866979	24.454	6.06e-08	61.2
Vipera_berus_C9A	NC_041317.1	583	77	449	524	39026815	39026588	37.662	1.04e-07	60.5
Vipera_berus_C9A	NC_041317.1	583	91	277	364	39007023	39007295	32.967	2.21e-07	59.7
Vipera_berus_C9A	NC_041317.1	583	82	274	355	39036649	39036404	31.707	1.29e-06	57.0
Vipera_berus_C9A	NC_041317.1	583	42	538	579	39026074	39025949	54.762	1.29e-06	57.0
Sceloporus_undulatus_C9A	NC_041322.1	591	84	455	538	19613764	19613513	67.857	1.78e-29	130
Sceloporus_undulatus_C9A	NC_041322.1	591	57	302	358	19617389	19617219	68.421	7.25e-22	90.1
Sceloporus_undulatus_C9A	NC_041322.1	591	25	277	301	19617465	19617391	64.000	7.25e-22	38.5
Sceloporus_undulatus_C9A	NC_041322.1	591	58	408	465	19615051	19614878	62.069	1.22e-13	79.7
Sceloporus_undulatus_C9A	NC_041322.1	591	50	57	106	19623835	19623686	66.000	7.26e-13	77.4
Sceloporus_undulatus_C9A	NC_041322.1	591	47	156	202	19622118	19621978	65.957	1.77e-12	76.3
Sceloporus_undulatus_C9A	NC_041322.1	591	60	531	590	19612049	19611873	60.000	2.12e-12	75.9
Sceloporus_undulatus_C9A	NC_041322.1	591	50	106	155	19622852	19622703	70.000	7.59e-12	73.9
Sceloporus_undulatus_C9A	NC_041322.1	591	55	534	587	20241166	20241002	54.545	2.05e-09	66.2
Sceloporus_undulatus_C9A	NC_041322.1	591	95	274	368	20222469	20222185	34.737	1.66e-08	63.2
Sceloporus_undulatus_C9A	NC_041322.1	591	42	539	579	20216077	20215952	69.048	4.84e-08	61.6
Sceloporus_undulatus_C9A	NC_041322.1	591	70	462	531	20187928	20188134	38.571	1.58e-07	60.1
Sceloporus_undulatus_C9A	NC_041322.1	591	93	190	277	19619304	19619032	38.710	5.35e-07	58.5
Sceloporus_undulatus_C9A	NC_041322.1	591	79	281	359	20249285	20249049	34.177	1.35e-06	57.0
Sceloporus_undulatus_C9A	NC_041317.1	591	87	443	528	39026845	39026588	35.632	7.68e-09	64.3
Sceloporus_undulatus_C9A	NC_041317.1	591	79	281	359	39007023	39007259	37.975	2.33e-08	62.8
Sceloporus_undulatus_C9A	NC_041317.1	591	69	527	587	39026140	39025937	42.029	4.51e-07	58.5
Sceloporus_undulatus_C9A	NC_041324.1	591	220	306	520	40866371	40866982	25.000	5.65e-08	61.6
Sceloporus_undulatus_C9A	NC_041324.1	591	220	302	518	42190630	42190022	25.000	1.87e-06	56.6
Sceloporus_undulatus_C9A	NC_041324.1	591	203	306	501	42199650	42199105	25.123	2.60e-06	56.2
Anolis_carolinensis_C9B	NC_041322.1	538	81	457	537	19613758	19613516	65.432	2.87e-27	122
Anolis_carolinensis_C9B	NC_041322.1	538	56	302	357	19617389	19617222	69.643	3.72e-21	87.4
Anolis_carolinensis_C9B	NC_041322.1	538	30	272	301	19617480	19617391	60.000	3.72e-21	38.5
Anolis_carolinensis_C9B	NC_041322.1	538	47	156	202	19622118	19621978	78.723	1.82e-16	88.6
Anolis_carolinensis_C9B	NC_041322.1	538	55	406	460	19615057	19614893	65.455	4.29e-14	80.9
Anolis_carolinensis_C9B	NC_041322.1	538	50	57	106	19623835	19623686	64.000	7.42e-13	77.0
Anolis_carolinensis_C9B	NC_041322.1	538	50	106	155	19622852	19622703	72.000	1.67e-12	75.9
Anolis_carolinensis_C9B	NC_041322.1	538	71	462	532	20187928	20188137	40.845	8.87e-10	67.0
Anolis_carolinensis_C9B	NC_041322.1	538	104	262	365	20222496	20222194	36.538	3.98e-09	65.1
Anolis_carolinensis_C9B	NC_041322.1	538	78	201	277	19619259	19619032	41.026	2.46e-07	59.3
Anolis_carolinensis_C9B	NC_041322.1	538	75	281	355	20249285	20249061	37.333	7.78e-07	57.8
Anolis_carolinensis_C9B	NC_041322.1	538	66	57	122	20227063	20226884	39.394	7.47e-06	54.3
Anolis_carolinensis_C9B	NC_041317.1	538	76	281	356	39007023	39007250	36.842	9.69e-09	63.9
Anolis_carolinensis_C9B	NC_041317.1	538	81	281	361	39036640	39036398	34.568	3.21e-08	62.0
Anolis_carolinensis_C9B	NC_041324.1	538	198	306	501	42199650	42199105	24.747	2.40e-08	62.4
Anolis_carolinensis_C9B	NC_041324.1	538	215	310	519	40866383	40866979	26.512	3.40e-07	58.9
Anolis_carolinensis_C9B	NC_041324.1	538	214	306	518	42190618	42190022	23.364	4.62e-07	58.2
Hydrophis_cyanocinctus_C9B	NC_041322.1	582	79	297	372	19617389	19617153	59.494	1.10e-24	99.0
Hydrophis_cyanocinctus_C9B	NC_041322.1	582	24	273	296	19617462	19617391	62.500	1.10e-24	39.3
Hydrophis_cyanocinctus_C9B	NC_041322.1	582	84	450	533	19613764	19613513	58.333	1.35e-24	114
Hydrophis_cyanocinctus_C9B	NC_041322.1	582	47	156	202	19622118	19621978	72.340	6.20e-15	84.0
Hydrophis_cyanocinctus_C9B	NC_041322.1	582	50	106	155	19622852	19622703	74.000	1.24e-13	79.7
Hydrophis_cyanocinctus_C9B	NC_041322.1	582	50	57	106	19623832	19623686	58.000	2.04e-09	66.2
Hydrophis_cyanocinctus_C9B	NC_041322.1	582	69	456	524	20187925	20188128	43.478	2.34e-09	65.9
Hydrophis_cyanocinctus_C9B	NC_041322.1	582	54	529	582	19612040	19611882	51.852	3.02e-07	59.3
Hydrophis_cyanocinctus_C9B	NC_041322.1	582	60	401	460	19615057	19614878	43.333	4.95e-07	58.5
Hydrophis_cyanocinctus_C9B	NC_041322.1	582	70	273	342	20222457	20222248	35.714	4.45e-06	55.5
Hydrophis_cyanocinctus_C9B	NC_041322.1	582	55	529	582	20241166	20241002	43.636	4.49e-06	55.5
Hydrophis_cyanocinctus_C9B	NC_041317.1	582	82	448	528	39026815	39026573	39.024	2.42e-08	62.8
Hydrophis_cyanocinctus_C9B	NC_041317.1	582	82	276	357	39007023	39007268	32.927	2.19e-07	59.7
Hydrophis_cyanocinctus_C9B	NC_041317.1	582	82	273	354	39036649	39036404	31.707	2.07e-06	56.2
Hydrophis_cyanocinctus_C9B	NC_041317.1	582	46	537	582	39026074	39025937	52.174	4.77e-06	55.1
Hydrophis_cyanocinctus_C9B	NC_041324.1	582	225	298	513	40866362	40866976	25.333	9.30e-07	57.4
Bothrops_jararaca_C9B	NC_041322.1	583	76	459	534	19613740	19613513	65.789	2.14e-25	117
Bothrops_jararaca_C9B	NC_041322.1	583	57	298	354	19617389	19617219	75.439	1.83e-24	97.8
Bothrops_jararaca_C9B	NC_041322.1	583	24	274	297	19617462	19617391	62.500	1.83e-24	39.3
Bothrops_jararaca_C9B	NC_041322.1	583	47	157	203	19622118	19621978	76.596	1.76e-16	89.0
Bothrops_jararaca_C9B	NC_041322.1	583	50	107	156	19622852	19622703	72.000	1.04e-12	77.0
Bothrops_jararaca_C9B	NC_041322.1	583	57	57	110	19623835	19623668	56.140	1.38e-10	70.1
Bothrops_jararaca_C9B	NC_041322.1	583	54	530	583	19612040	19611882	59.259	8.79e-10	67.4
Bothrops_jararaca_C9B	NC_041322.1	583	56	402	457	19615057	19614890	51.786	3.25e-09	65.5
Bothrops_jararaca_C9B	NC_041322.1	583	69	457	525	20187925	20188128	39.130	7.56e-08	61.2
Bothrops_jararaca_C9B	NC_041322.1	583	70	274	343	20222457	20222248	37.143	3.27e-07	58.9
Bothrops_jararaca_C9B	NC_041322.1	583	59	57	114	20227063	20226890	45.763	1.24e-06	57.0
Bothrops_jararaca_C9B	NC_041322.1	583	82	274	355	20249294	20249049	32.927	2.97e-06	55.8
Bothrops_jararaca_C9B	NC_041324.1	583	232	296	515	40866353	40866979	25.862	3.25e-09	65.5
Bothrops_jararaca_C9B	NC_041317.1	583	77	449	524	39026815	39026588	37.662	7.62e-08	61.2
Bothrops_jararaca_C9B	NC_041317.1	583	82	274	355	39036649	39036404	32.927	2.07e-07	59.7
Bothrops_jararaca_C9B	NC_041317.1	583	42	538	579	39026074	39025949	54.762	2.78e-07	59.3
Bothrops_jararaca_C9B	NC_041317.1	583	79	277	355	39007023	39007259	32.911	8.21e-07	57.8
Laticauda_colubrina_C9B	NC_041322.1	583	57	298	354	19617389	19617219	71.930	5.54e-24	96.3
Laticauda_colubrina_C9B	NC_041322.1	583	23	275	297	19617459	19617391	65.217	5.54e-24	39.7
Laticauda_colubrina_C9B	NC_041322.1	583	84	451	534	19613764	19613513	57.143	1.81e-23	111
Laticauda_colubrina_C9B	NC_041322.1	583	46	157	202	19622118	19621981	73.913	2.63e-15	85.1
Laticauda_colubrina_C9B	NC_041322.1	583	50	107	156	19622852	19622703	74.000	6.93e-14	80.5
Laticauda_colubrina_C9B	NC_041322.1	583	50	58	107	19623832	19623686	58.000	3.14e-09	65.5
Laticauda_colubrina_C9B	NC_041322.1	583	69	457	525	20187925	20188128	43.478	4.19e-09	65.1
Laticauda_colubrina_C9B	NC_041322.1	583	54	530	583	19612040	19611882	51.852	6.77e-08	61.2
Laticauda_colubrina_C9B	NC_041322.1	583	112	253	364	20222478	20222185	31.250	7.95e-08	60.8
Laticauda_colubrina_C9B	NC_041322.1	583	56	402	457	19615057	19614890	46.429	7.67e-07	57.8
Laticauda_colubrina_C9B	NC_041322.1	583	79	277	355	20249285	20249049	32.911	2.17e-06	56.2
Laticauda_colubrina_C9B	NC_041322.1	583	55	530	583	20241166	20241002	47.273	2.30e-06	56.2
Laticauda_colubrina_C9B	NC_041324.1	583	224	299	514	40866362	40866976	25.000	6.77e-08	61.2
Laticauda_colubrina_C9B	NC_041324.1	583	178	298	475	42181961	42181461	23.034	9.19e-08	60.8
Laticauda_colubrina_C9B	NC_041324.1	583	219	298	515	42190630	42190019	23.288	1.30e-06	57.0
Laticauda_colubrina_C9B	NC_041324.1	583	221	299	515	42199659	42199054	23.982	2.40e-06	56.2
Laticauda_colubrina_C9B	NC_041317.1	583	99	274	369	39007014	39007310	30.303	9.12e-08	60.8
Laticauda_colubrina_C9B	NC_041317.1	583	81	277	357	39036640	39036398	29.630	5.64e-07	58.2
Laticauda_colubrina_C9B	NC_041317.1	583	77	449	524	39026815	39026588	38.961	9.98e-07	57.4
Laticauda_colubrina_C9B	NC_041317.1	583	47	537	583	39026077	39025937	51.064	3.07e-06	55.8
Pseudonaja_textilis_C9B	NC_041322.1	583	79	298	373	19617389	19617153	59.494	2.40e-25	99.0
Pseudonaja_textilis_C9B	NC_041322.1	583	22	276	297	19617456	19617391	72.727	2.40e-25	41.2
Pseudonaja_textilis_C9B	NC_041322.1	583	84	451	534	19613764	19613513	58.333	1.57e-23	111
Pseudonaja_textilis_C9B	NC_041322.1	583	47	157	203	19622118	19621978	70.213	1.25e-14	83.2
Pseudonaja_textilis_C9B	NC_041322.1	583	50	107	156	19622852	19622703	76.000	4.03e-14	81.3
Pseudonaja_textilis_C9B	NC_041322.1	583	51	57	107	19623835	19623686	56.863	1.06e-09	67.0
Pseudonaja_textilis_C9B	NC_041322.1	583	69	457	525	20187925	20188128	43.478	1.14e-09	67.0
Pseudonaja_textilis_C9B	NC_041322.1	583	56	402	457	19615057	19614890	48.214	2.93e-07	59.3
Pseudonaja_textilis_C9B	NC_041322.1	583	89	255	343	20222472	20222248	33.708	1.69e-06	56.6
Pseudonaja_textilis_C9B	NC_041322.1	583	55	530	583	20241166	20241002	45.455	3.32e-06	55.8
Pseudonaja_textilis_C9B	NC_041317.1	583	77	449	524	39026815	39026588	40.260	8.66e-08	60.8
Pseudonaja_textilis_C9B	NC_041317.1	583	82	277	358	39007023	39007268	32.927	1.00e-07	60.8
Pseudonaja_textilis_C9B	NC_041317.1	583	79	277	355	39036640	39036404	31.646	5.60e-07	58.2
Pseudonaja_textilis_C9B	NC_041317.1	583	46	538	583	39026074	39025937	50.000	1.12e-06	57.4
Pseudonaja_textilis_C9B	NC_041324.1	583	228	299	514	40866362	40866976	25.439	1.90e-07	59.7
Notechis_scutatus_C9B	NC_041322.1	583	79	298	373	19617389	19617153	59.494	3.02e-25	98.6
Notechis_scutatus_C9B	NC_041322.1	583	22	276	297	19617456	19617391	72.727	3.02e-25	41.2
Notechis_scutatus_C9B	NC_041322.1	583	76	459	534	19613740	19613513	61.842	1.92e-23	111
Notechis_scutatus_C9B	NC_041322.1	583	47	157	203	19622118	19621978	72.340	4.53e-15	84.3
Notechis_scutatus_C9B	NC_041322.1	583	50	107	156	19622852	19622703	74.000	1.13e-13	80.1
Notechis_scutatus_C9B	NC_041322.1	583	69	457	525	20187925	20188128	43.478	1.07e-09	67.0
Notechis_scutatus_C9B	NC_041322.1	583	50	58	107	19623832	19623686	58.000	1.38e-09	66.6
Notechis_scutatus_C9B	NC_041322.1	583	54	530	583	19612040	19611882	51.852	3.47e-07	58.9
Notechis_scutatus_C9B	NC_041322.1	583	56	402	457	19615057	19614890	44.643	5.94e-07	58.2
Notechis_scutatus_C9B	NC_041322.1	583	55	530	583	20241166	20241002	43.636	4.50e-06	55.5
Notechis_scutatus_C9B	NC_041322.1	583	67	277	343	20222448	20222248	35.821	7.07e-06	54.7
Notechis_scutatus_C9B	NC_041317.1	583	82	449	529	39026815	39026573	39.024	3.01e-08	62.4
Notechis_scutatus_C9B	NC_041317.1	583	82	277	358	39007023	39007268	31.707	3.08e-07	58.9
Notechis_scutatus_C9B	NC_041317.1	583	79	277	355	39036640	39036404	30.380	3.55e-06	55.8
Notechis_scutatus_C9B	NC_041317.1	583	46	538	583	39026074	39025937	52.174	5.39e-06	55.1
Notechis_scutatus_C9B	NC_041324.1	583	228	299	514	40866362	40866976	26.316	3.11e-08	62.4
Pituophis_catenifer_C9B	NC_041322.1	583	80	453	532	19613758	19613519	63.750	3.74e-25	116
Pituophis_catenifer_C9B	NC_041322.1	583	56	298	353	19617389	19617222	69.643	1.84e-21	90.9
Pituophis_catenifer_C9B	NC_041322.1	583	21	277	297	19617453	19617391	61.905	1.84e-21	36.2
Pituophis_catenifer_C9B	NC_041322.1	583	47	157	203	19622118	19621978	72.340	1.74e-15	85.9
Pituophis_catenifer_C9B	NC_041322.1	583	50	107	156	19622852	19622703	76.000	7.08e-15	84.0
Pituophis_catenifer_C9B	NC_041322.1	583	69	457	525	20187925	20188128	43.478	3.19e-09	65.5
Pituophis_catenifer_C9B	NC_041322.1	583	51	57	107	19623835	19623686	56.863	6.77e-09	64.3
Pituophis_catenifer_C9B	NC_041322.1	583	45	539	583	19612013	19611882	60.000	2.88e-08	62.4
Pituophis_catenifer_C9B	NC_041322.1	583	56	402	457	19615057	19614890	51.786	5.19e-08	61.6
Pituophis_catenifer_C9B	NC_041324.1	583	231	294	515	40866347	40866979	26.407	4.05e-09	65.1
Pituophis_catenifer_C9B	NC_041317.1	583	77	449	524	39026815	39026588	38.961	3.25e-08	62.4
Pituophis_catenifer_C9B	NC_041317.1	583	85	274	358	39007014	39007268	34.118	1.52e-06	57.0
Pantherophis_obsoletus_C9B	NC_041322.1	583	82	453	534	19613758	19613513	60.976	2.66e-24	114
Pantherophis_obsoletus_C9B	NC_041322.1	583	57	298	354	19617389	19617219	68.421	3.13e-23	92.8
Pantherophis_obsoletus_C9B	NC_041322.1	583	24	274	297	19617462	19617391	62.500	3.13e-23	40.4
Pantherophis_obsoletus_C9B	NC_041322.1	583	47	157	203	19622118	19621978	72.340	2.23e-15	85.5
Pantherophis_obsoletus_C9B	NC_041322.1	583	50	107	156	19622852	19622703	76.000	8.20e-15	83.6
Pantherophis_obsoletus_C9B	NC_041322.1	583	51	57	107	19623835	19623686	58.824	3.66e-09	65.5
Pantherophis_obsoletus_C9B	NC_041322.1	583	45	539	583	19612013	19611882	60.000	2.31e-08	62.8
Pantherophis_obsoletus_C9B	NC_041322.1	583	54	404	457	19615051	19614890	51.852	1.49e-07	60.1
Pantherophis_obsoletus_C9B	NC_041322.1	583	82	274	355	20222457	20222212	34.146	2.71e-07	59.3
Pantherophis_obsoletus_C9B	NC_041322.1	583	69	457	525	20187925	20188128	36.232	2.83e-07	59.3
Pantherophis_obsoletus_C9B	NC_041322.1	583	82	274	355	20249294	20249049	34.146	3.07e-06	55.8
Pantherophis_obsoletus_C9B	NC_041317.1	583	82	277	358	39007023	39007268	34.146	2.63e-08	62.8
Pantherophis_obsoletus_C9B	NC_041317.1	583	82	274	355	39036649	39036404	35.366	7.69e-08	61.2
Pantherophis_obsoletus_C9B	NC_041317.1	583	77	449	524	39026815	39026588	36.364	1.88e-07	59.7
Pantherophis_obsoletus_C9B	NC_041324.1	583	222	299	515	40866362	40866979	23.874	1.95e-07	59.7
Crotalus_tigris_C9B	NC_041322.1	583	85	453	537	19613758	19613504	62.353	1.57e-26	120
Crotalus_tigris_C9B	NC_041322.1	583	53	298	350	19617389	19617231	69.811	4.73e-21	88.2
Crotalus_tigris_C9B	NC_041322.1	583	22	276	297	19617456	19617391	59.091	4.73e-21	37.4
Crotalus_tigris_C9B	NC_041322.1	583	47	157	203	19622118	19621978	76.596	6.97e-16	87.0
Crotalus_tigris_C9B	NC_041322.1	583	50	107	156	19622852	19622703	74.000	5.63e-14	80.9
Crotalus_tigris_C9B	NC_041322.1	583	51	57	107	19623835	19623686	58.824	9.74e-10	67.4
Crotalus_tigris_C9B	NC_041322.1	583	69	457	525	20187925	20188128	42.029	2.78e-09	65.9
Crotalus_tigris_C9B	NC_041322.1	583	66	396	461	19615072	19614878	51.515	3.99e-09	65.1
Crotalus_tigris_C9B	NC_041322.1	583	45	539	583	19612013	19611882	57.778	3.62e-07	58.9
Crotalus_tigris_C9B	NC_041322.1	583	67	57	123	20227063	20226884	40.299	4.35e-06	55.5
Crotalus_tigris_C9B	NC_041324.1	583	265	256	515	40866245	40866979	25.660	9.36e-09	63.9
Crotalus_tigris_C9B	NC_041324.1	583	189	298	486	42181961	42181440	24.868	1.02e-06	57.4
Crotalus_tigris_C9B	NC_041317.1	583	77	449	524	39026815	39026588	40.260	1.62e-08	63.2
Crotalus_tigris_C9B	NC_041317.1	583	74	277	350	39007023	39007244	33.784	5.39e-06	55.1
Ptyas_mucosa_C9B	NC_041322.1	583	82	453	534	19613758	19613513	59.756	2.29e-23	110
Ptyas_mucosa_C9B	NC_041322.1	583	56	298	353	19617389	19617222	69.643	1.89e-21	90.9
Ptyas_mucosa_C9B	NC_041322.1	583	21	277	297	19617453	19617391	61.905	1.89e-21	36.2
Ptyas_mucosa_C9B	NC_041322.1	583	47	157	203	19622118	19621978	72.340	1.61e-15	85.9
Ptyas_mucosa_C9B	NC_041322.1	583	50	107	156	19622852	19622703	76.000	1.00e-14	83.2
Ptyas_mucosa_C9B	NC_041322.1	583	51	57	107	19623835	19623686	52.941	2.18e-08	62.8
Ptyas_mucosa_C9B	NC_041322.1	583	54	404	457	19615051	19614890	53.704	4.89e-08	61.6
Ptyas_mucosa_C9B	NC_041322.1	583	45	539	583	19612013	19611882	57.778	2.19e-07	59.7
Ptyas_mucosa_C9B	NC_041322.1	583	59	467	525	20187952	20188128	37.288	2.80e-06	55.8
Ptyas_mucosa_C9B	NC_041324.1	583	226	295	515	40866350	40866979	26.106	5.19e-08	61.6
Ptyas_mucosa_C9B	NC_041317.1	583	87	439	524	39026845	39026588	32.184	1.50e-06	57.0
Ptyas_mucosa_C9B	NC_041317.1	583	77	274	350	39007014	39007244	35.065	1.58e-06	56.6
