# Masticophis_lateralis DAB2/FYB1 anchors on JAUDYJ010000002.1:260440194-264503582 (sstart/send relative to region; add 260440193)
Anolis_carolinensis_DAB2	1979238	1979864	301
Anolis_carolinensis_DAB2	1985506	1986033	213
Anolis_carolinensis_DAB2	1973781	1973915	99.4
Anolis_carolinensis_DAB2	1971334	1971474	97.4
Anolis_carolinensis_DAB2	1972387	1972488	72.4
Anolis_carolinensis_DAB2	1982879	1983037	71.6
Anolis_carolinensis_FYB1	2097443	2098570	282
Anolis_carolinensis_FYB1	2117401	2117577	94.4
Anolis_carolinensis_FYB1	2132364	2132546	94.4
Anolis_carolinensis_FYB1	2120959	2121099	71.2
Anolis_carolinensis_FYB1	2128092	2128439	62.8
Anolis_carolinensis_FYB1	2125229	2125348	51.2
Thamnophis_elegans_DAB2	1979238	1979864	390
Thamnophis_elegans_DAB2	1985506	1986039	316
Thamnophis_elegans_DAB2	1973781	1973915	100
Thamnophis_elegans_DAB2	1971334	1971474	99.8
Thamnophis_elegans_DAB2	1982879	1983037	97.1
Thamnophis_elegans_DAB2	1988539	1988667	79.3
Thamnophis_elegans_DAB2	1972387	1972488	74.7
Thamnophis_elegans_DAB2	1990203	1990268	50.1
Thamnophis_elegans_DAB2	1977611	1977685	47.8
Thamnophis_elegans_FYB1	2097443	2098573	579
Thamnophis_elegans_FYB1	2117401	2117580	111
Thamnophis_elegans_FYB1	2132364	2132546	103
Thamnophis_elegans_FYB1	2125229	2125378	94.7
Thamnophis_elegans_FYB1	2120959	2121099	93.2
Thamnophis_elegans_FYB1	2128320	2128439	76.3
