# Ptyas_mucosa DAB2/FYB1 anchors on WNWU01000002.1:53857087-57914863 (sstart/send relative to region; add 53857086)
Anolis_carolinensis_DAB2	1977581	1978207	304
Anolis_carolinensis_DAB2	1983426	1983953	213
Anolis_carolinensis_DAB2	1971886	1972020	99.4
Anolis_carolinensis_DAB2	1968360	1968500	96.7
Anolis_carolinensis_DAB2	1969357	1969458	72.8
Anolis_carolinensis_DAB2	1981208	1981366	69.3
Anolis_carolinensis_FYB1	2095385	2096512	306
Anolis_carolinensis_FYB1	2132844	2133026	97.1
Anolis_carolinensis_FYB1	2117999	2118151	92.4
Anolis_carolinensis_FYB1	2120769	2121032	69.3
Anolis_carolinensis_FYB1	2127955	2128314	60.8
Anolis_carolinensis_FYB1	2125401	2125520	51.2
Thamnophis_elegans_DAB2	1977581	1978207	392
Thamnophis_elegans_DAB2	1983426	1983959	350
Thamnophis_elegans_DAB2	1971886	1972020	100
Thamnophis_elegans_DAB2	1968360	1968500	99.4
Thamnophis_elegans_DAB2	1981208	1981366	96.7
Thamnophis_elegans_DAB2	1986718	1986846	77.8
Thamnophis_elegans_DAB2	1969357	1969458	74.7
Thamnophis_elegans_DAB2	1988359	1988424	48.9
Thamnophis_elegans_DAB2	1975734	1975808	47.8
Thamnophis_elegans_FYB1	2095385	2096515	624
Thamnophis_elegans_FYB1	2117999	2118163	108
Thamnophis_elegans_FYB1	2132844	2133026	106
Thamnophis_elegans_FYB1	2125401	2125550	95.5
Thamnophis_elegans_FYB1	2120892	2121032	94.4
Thamnophis_elegans_FYB1	2128195	2128314	75.5
Thamnophis_elegans_FYB1	2127955	2128023	48.1
