Lacerta_agilis_C9A	CM033585.1	589	78	279	356	308064738	308064971	71.795	4.24e-30	132
Lacerta_agilis_C9A	CM033585.1	589	93	279	371	308109642	308109911	59.140	1.93e-29	130
Lacerta_agilis_C9A	CM033585.1	589	74	461	534	308121125	308121346	68.919	3.21e-25	117
Lacerta_agilis_C9A	CM033585.1	589	74	461	534	308074413	308074634	63.514	3.47e-23	110
Lacerta_agilis_C9A	CM033585.1	589	55	100	154	308050641	308050805	69.091	6.48e-15	84.3
Lacerta_agilis_C9A	CM033585.1	589	47	155	201	308054554	308054694	72.340	1.09e-14	83.6
Lacerta_agilis_C9A	CM033585.1	589	55	100	154	308101978	308102142	70.909	6.60e-14	81.3
Lacerta_agilis_C9A	CM033585.1	589	47	155	201	308103697	308103837	68.085	8.18e-14	80.9
Lacerta_agilis_C9A	CM033585.1	589	51	56	105	308100352	308100504	54.902	2.19e-09	66.6
Lacerta_agilis_C9A	CM033585.1	589	56	403	458	308119736	308119903	53.571	3.79e-09	65.9
Lacerta_agilis_C9A	CM033585.1	589	51	56	105	308049587	308049739	54.902	7.24e-09	64.7
Lacerta_agilis_C9A	CM033585.1	589	63	403	465	308073142	308073330	44.444	2.45e-08	63.2
Lacerta_agilis_C9A	CM033585.1	589	52	534	584	308076188	308076343	53.846	3.88e-08	62.4
Lacerta_agilis_C9A	CM033585.1	589	90	470	551	307240602	307240333	36.667	6.31e-08	61.6
Lacerta_agilis_C9A	CM033585.1	589	70	519	584	308122210	308122419	44.286	7.85e-07	58.2
Lacerta_agilis_C9A	CM033586.1	589	81	279	359	81692716	81692958	37.037	2.67e-09	66.2
Lacerta_agilis_C9A	CM033586.1	589	78	279	356	81764489	81764256	29.487	4.46e-06	55.8
Lacerta_agilis_C9A	CM033601.1	589	222	301	517	62643232	62643855	23.874	5.06e-08	62.0
Lacerta_agilis_C9A	CM033601.1	589	230	297	518	18050939	18051553	23.043	7.21e-07	58.2
Zootoca_vivipara_C9A	CM033585.1	589	78	279	356	308064738	308064971	73.077	1.30e-30	134
Zootoca_vivipara_C9A	CM033585.1	589	93	279	371	308109642	308109911	59.140	3.91e-29	129
Zootoca_vivipara_C9A	CM033585.1	589	74	461	534	308121125	308121346	68.919	3.12e-25	117
Zootoca_vivipara_C9A	CM033585.1	589	74	461	534	308074413	308074634	63.514	4.64e-23	110
Zootoca_vivipara_C9A	CM033585.1	589	55	100	154	308050641	308050805	69.091	8.31e-15	84.0
Zootoca_vivipara_C9A	CM033585.1	589	47	155	201	308054554	308054694	72.340	1.08e-14	83.6
Zootoca_vivipara_C9A	CM033585.1	589	47	155	201	308103697	308103837	68.085	7.84e-14	80.9
Zootoca_vivipara_C9A	CM033585.1	589	55	100	154	308101978	308102142	70.909	9.31e-14	80.5
Zootoca_vivipara_C9A	CM033585.1	589	51	56	105	308100352	308100504	54.902	1.44e-09	67.0
Zootoca_vivipara_C9A	CM033585.1	589	51	56	105	308049587	308049739	54.902	3.88e-09	65.9
Zootoca_vivipara_C9A	CM033585.1	589	56	403	458	308119736	308119903	51.786	1.42e-08	63.9
Zootoca_vivipara_C9A	CM033585.1	589	63	403	465	308073142	308073330	44.444	2.14e-08	63.2
Zootoca_vivipara_C9A	CM033585.1	589	52	534	584	308076188	308076343	53.846	6.70e-08	61.6
Zootoca_vivipara_C9A	CM033585.1	589	60	470	529	307240602	307240423	43.333	5.00e-07	58.9
Zootoca_vivipara_C9A	CM033585.1	589	49	537	584	308122273	308122419	53.061	4.20e-06	55.8
Zootoca_vivipara_C9A	CM033585.1	589	83	194	274	308056754	308056984	37.349	5.19e-06	55.5
Zootoca_vivipara_C9A	CM033586.1	589	81	279	359	81692716	81692958	37.037	4.69e-09	65.5
Zootoca_vivipara_C9A	CM033586.1	589	78	279	356	81764489	81764256	29.487	5.75e-06	55.5
Zootoca_vivipara_C9A	CM033601.1	589	234	297	518	18050939	18051553	24.786	5.40e-07	58.5
Zootoca_vivipara_C9A	CM033601.1	589	222	301	517	62643232	62643855	22.523	9.97e-07	57.8
Podarcis_muralis_C9A	CM033585.1	589	79	278	356	308064735	308064971	72.152	1.07e-30	134
Podarcis_muralis_C9A	CM033585.1	589	94	278	371	308109639	308109911	57.447	5.11e-29	129
Podarcis_muralis_C9A	CM033585.1	589	74	461	534	308121125	308121346	66.216	3.05e-24	114
Podarcis_muralis_C9A	CM033585.1	589	74	461	534	308074413	308074634	63.514	1.13e-23	112
Podarcis_muralis_C9A	CM033585.1	589	55	100	154	308050641	308050805	69.091	6.59e-15	84.3
Podarcis_muralis_C9A	CM033585.1	589	47	155	201	308054554	308054694	72.340	1.07e-14	83.6
Podarcis_muralis_C9A	CM033585.1	589	55	100	154	308101978	308102142	70.909	6.60e-14	81.3
Podarcis_muralis_C9A	CM033585.1	589	47	155	201	308103697	308103837	68.085	8.05e-14	80.9
Podarcis_muralis_C9A	CM033585.1	589	51	56	105	308100352	308100504	56.863	1.55e-09	67.0
Podarcis_muralis_C9A	CM033585.1	589	51	56	105	308049587	308049739	56.863	2.98e-09	66.2
Podarcis_muralis_C9A	CM033585.1	589	117	443	551	307240671	307240333	31.624	3.39e-08	62.8
Podarcis_muralis_C9A	CM033585.1	589	52	534	584	308076188	308076343	53.846	7.23e-08	61.6
Podarcis_muralis_C9A	CM033585.1	589	70	519	584	308122210	308122419	44.286	6.29e-07	58.5
Podarcis_muralis_C9A	CM033585.1	589	53	406	458	308119745	308119903	50.943	7.40e-07	58.2
Podarcis_muralis_C9A	CM033585.1	589	55	404	458	308073145	308073309	45.455	1.24e-06	57.4
Podarcis_muralis_C9A	CM033586.1	589	81	279	359	81692716	81692958	35.802	1.23e-08	63.9
Podarcis_muralis_C9A	CM033586.1	589	78	279	356	81764489	81764256	30.769	2.16e-06	56.6
Podarcis_muralis_C9A	CM033586.1	589	66	461	525	81720612	81720809	39.394	8.65e-06	54.7
Podarcis_muralis_C9A	CM033601.1	589	231	297	518	18050939	18051553	22.511	1.29e-06	57.4
Anolis_carolinensis_C9A	CM033585.1	591	82	457	538	308074395	308074640	60.976	3.86e-26	120
Anolis_carolinensis_C9A	CM033585.1	591	81	457	537	308121107	308121349	61.728	5.22e-26	119
Anolis_carolinensis_C9A	CM033585.1	591	79	280	358	308064735	308064971	64.557	1.17e-25	118
Anolis_carolinensis_C9A	CM033585.1	591	107	280	381	308109639	308109950	50.467	1.34e-24	115
Anolis_carolinensis_C9A	CM033585.1	591	47	156	202	308054554	308054694	72.340	5.28e-14	81.6
Anolis_carolinensis_C9A	CM033585.1	591	47	156	202	308103697	308103837	72.340	5.33e-14	81.3
Anolis_carolinensis_C9A	CM033585.1	591	55	101	155	308050641	308050805	60.000	1.64e-11	73.6
Anolis_carolinensis_C9A	CM033585.1	591	50	106	155	308101993	308102142	66.000	3.00e-11	72.4
Anolis_carolinensis_C9A	CM033585.1	591	52	57	107	308100352	308100507	53.846	8.57e-09	64.7
Anolis_carolinensis_C9A	CM033585.1	591	65	408	472	308119745	308119939	46.154	1.40e-08	63.9
Anolis_carolinensis_C9A	CM033585.1	591	52	536	587	308076188	308076343	48.077	3.65e-08	62.4
Anolis_carolinensis_C9A	CM033585.1	591	49	539	587	308122273	308122419	55.102	3.65e-08	62.4
Anolis_carolinensis_C9A	CM033585.1	591	60	408	467	308073151	308073330	50.000	5.88e-08	62.0
Anolis_carolinensis_C9A	CM033585.1	591	71	461	531	307240632	307240423	39.437	2.48e-07	59.7
Anolis_carolinensis_C9A	CM033585.1	591	82	278	359	307123184	307123429	32.927	5.16e-07	58.9
Anolis_carolinensis_C9A	CM033585.1	591	93	281	372	307169437	307169715	32.258	6.17e-07	58.5
Anolis_carolinensis_C9A	CM033585.1	591	55	54	107	308049578	308049742	49.091	1.05e-06	57.8
Anolis_carolinensis_C9A	CM033585.1	591	53	12	64	308099610	308099756	49.057	1.35e-06	57.4
Anolis_carolinensis_C9A	CM033585.1	591	82	195	276	308056754	308056984	36.585	1.48e-06	57.4
Anolis_carolinensis_C9A	CM033585.1	591	38	542	579	307237322	307237209	60.526	1.93e-06	57.0
Anolis_carolinensis_C9A	CM033585.1	591	42	539	579	307177516	307177641	59.524	6.46e-06	55.1
Anolis_carolinensis_C9A	CM033601.1	591	219	306	518	62643241	62643852	26.484	3.16e-09	65.9
Anolis_carolinensis_C9A	CM033586.1	591	75	454	527	81720585	81720809	33.333	1.87e-06	57.0
Anolis_carolinensis_C9A	CM033586.1	591	78	281	358	81764489	81764256	30.769	4.72e-06	55.8
Pogona_vitticeps_C9A	CM033585.1	576	84	256	339	308064720	308064971	65.476	7.78e-26	119
Pogona_vitticeps_C9A	CM033585.1	576	78	438	515	308121107	308121340	64.103	2.52e-24	114
Pogona_vitticeps_C9A	CM033585.1	576	90	262	351	308109642	308109902	54.444	2.31e-23	111
Pogona_vitticeps_C9A	CM033585.1	576	73	438	510	308074395	308074613	65.753	1.00e-22	108
Pogona_vitticeps_C9A	CM033585.1	576	51	156	206	308054554	308054706	68.627	4.51e-15	84.7
Pogona_vitticeps_C9A	CM033585.1	576	51	156	206	308103697	308103849	70.588	5.09e-15	84.7
Pogona_vitticeps_C9A	CM033585.1	576	71	501	571	308122207	308122419	53.521	1.50e-14	83.2
Pogona_vitticeps_C9A	CM033585.1	576	55	101	155	308050641	308050805	63.636	1.53e-12	76.6
Pogona_vitticeps_C9A	CM033585.1	576	50	106	155	308101993	308102142	70.000	7.47e-12	74.3
Pogona_vitticeps_C9A	CM033585.1	576	86	501	571	308076086	308076343	41.860	2.75e-11	72.8
Pogona_vitticeps_C9A	CM033585.1	576	60	389	448	308119745	308119924	46.667	9.28e-09	64.3
Pogona_vitticeps_C9A	CM033585.1	576	42	523	563	307177516	307177641	69.048	1.22e-08	63.9
Pogona_vitticeps_C9A	CM033585.1	576	60	389	448	308073151	308073330	50.000	2.39e-08	63.2
Pogona_vitticeps_C9A	CM033585.1	576	62	3	64	308099583	308099756	48.387	3.67e-08	62.4
Pogona_vitticeps_C9A	CM033585.1	576	68	443	510	307240629	307240429	42.647	3.92e-07	59.3
Pogona_vitticeps_C9A	CM033585.1	576	45	26	70	308038548	308038682	55.556	7.19e-07	58.2
Pogona_vitticeps_C9A	CM033585.1	576	79	262	340	307123193	307123429	36.709	1.56e-06	57.0
Pogona_vitticeps_C9A	CM033585.1	576	50	526	575	307237322	307237173	50.000	2.90e-06	56.2
Pogona_vitticeps_C9A	CM033585.1	576	70	453	522	307134452	307134661	41.429	4.19e-06	55.8
Pogona_vitticeps_C9A	CM033601.1	576	220	287	499	62643241	62643852	25.455	6.94e-09	64.7
Pogona_vitticeps_C9A	CM033586.1	576	84	257	340	81692701	81692952	34.524	3.80e-08	62.4
Pogona_vitticeps_C9A	CM033586.1	576	52	520	571	81723391	81723546	51.923	1.98e-07	60.1
Pogona_vitticeps_C9A	CM033586.1	576	85	435	518	81720585	81720830	35.294	2.11e-07	60.1
Gekko_japonicus_C9A	CM033585.1	582	78	295	372	308064738	308064971	56.410	2.58e-21	104
Gekko_japonicus_C9A	CM033585.1	582	74	295	368	308109642	308109863	58.108	4.92e-20	100
Gekko_japonicus_C9A	CM033585.1	582	68	457	524	308121125	308121328	61.765	2.32e-19	98.6
Gekko_japonicus_C9A	CM033585.1	582	81	457	536	308074413	308074655	54.321	3.47e-18	94.7
Gekko_japonicus_C9A	CM033585.1	582	67	117	183	308050641	308050838	55.224	1.23e-12	77.0
Gekko_japonicus_C9A	CM033585.1	582	51	122	172	308101993	308102142	64.706	8.47e-11	70.9
Gekko_japonicus_C9A	CM033585.1	582	51	531	581	308076191	308076343	56.863	4.41e-10	68.6
Gekko_japonicus_C9A	CM033585.1	582	52	530	581	308122264	308122419	63.462	6.21e-10	68.2
Gekko_japonicus_C9A	CM033585.1	582	45	173	217	308054554	308054688	62.222	9.52e-10	67.8
Gekko_japonicus_C9A	CM033585.1	582	45	173	217	308103697	308103831	60.000	1.90e-09	66.6
Gekko_japonicus_C9A	CM033585.1	582	52	71	122	308100355	308100504	57.692	3.21e-08	62.8
Gekko_japonicus_C9A	CM033585.1	582	46	536	581	307237322	307237185	54.348	5.58e-08	62.0
Gekko_japonicus_C9A	CM033585.1	582	67	457	523	307240626	307240429	43.284	1.23e-07	60.8
Gekko_japonicus_C9A	CM033585.1	582	82	292	373	307123184	307123429	32.927	3.31e-07	59.3
Gekko_japonicus_C9A	CM033585.1	582	67	466	530	307134452	307134652	40.299	1.36e-06	57.4
Gekko_japonicus_C9A	CM033586.1	582	81	295	375	81692716	81692958	35.802	3.93e-08	62.4
Gekko_japonicus_C9A	CM033586.1	582	67	456	521	81720609	81720809	38.806	3.09e-07	59.3
Gekko_japonicus_C9A	CM033601.1	582	216	313	514	18050939	18051553	25.463	5.39e-08	62.0
Crotalus_tigris_C9A	CM033585.1	583	94	274	367	308109633	308109905	76.596	2.54e-37	154
Crotalus_tigris_C9A	CM033585.1	583	82	453	534	308074395	308074640	79.268	6.40e-34	144
Crotalus_tigris_C9A	CM033585.1	583	80	453	532	308121107	308121346	80.000	1.55e-32	139
Crotalus_tigris_C9A	CM033585.1	583	78	276	353	308064735	308064968	78.205	2.89e-32	139
Crotalus_tigris_C9A	CM033585.1	583	78	196	273	308105259	308105492	74.359	7.27e-24	112
Crotalus_tigris_C9A	CM033585.1	583	73	396	468	308119721	308119939	71.233	1.62e-21	105
Crotalus_tigris_C9A	CM033585.1	583	55	102	156	308050641	308050805	85.455	7.25e-21	103
Crotalus_tigris_C9A	CM033585.1	583	51	533	583	308122267	308122419	82.353	3.43e-20	101
Crotalus_tigris_C9A	CM033585.1	583	50	107	156	308101993	308102142	92.000	3.55e-19	97.8
Crotalus_tigris_C9A	CM033585.1	583	47	157	203	308103697	308103837	87.234	3.85e-18	94.7
Crotalus_tigris_C9A	CM033585.1	583	54	54	107	308100343	308100504	74.074	7.90e-18	93.6
Crotalus_tigris_C9A	CM033585.1	583	63	401	463	308073142	308073330	68.254	8.62e-18	93.6
Crotalus_tigris_C9A	CM033585.1	583	47	157	203	308054554	308054694	78.723	2.48e-15	85.5
Crotalus_tigris_C9A	CM033585.1	583	51	57	107	308049587	308049739	72.549	1.52e-14	83.2
Crotalus_tigris_C9A	CM033585.1	583	77	196	272	308056754	308056984	53.247	3.13e-14	82.0
Crotalus_tigris_C9A	CM033585.1	583	52	532	583	308076188	308076343	59.615	3.32e-13	79.0
Crotalus_tigris_C9A	CM033585.1	583	41	26	66	308099640	308099762	75.610	2.22e-10	69.7
Crotalus_tigris_C9A	CM033585.1	583	41	355	395	308112064	308112186	70.732	6.25e-08	61.6
Crotalus_tigris_C9A	CM033585.1	583	53	527	579	307237355	307237197	47.170	3.60e-06	55.8
Crotalus_tigris_C9A	CM033585.1	583	69	457	525	307240632	307240429	39.130	7.75e-06	55.1
Crotalus_tigris_C9A	CM033601.1	583	223	299	514	62643232	62643852	26.906	1.42e-11	73.6
Crotalus_tigris_C9A	CM033586.1	583	103	277	379	81692716	81693021	31.068	1.41e-07	60.5
Crotalus_tigris_C9A	CM033586.1	583	46	538	583	81723409	81723546	52.174	4.31e-06	55.8
Crotalus_tigris_C9A	CM033586.1	583	51	529	579	81746920	81746768	47.059	6.16e-06	55.1
Thamnophis_elegans_C9A	CM033585.1	583	82	274	355	308064729	308064974	86.585	3.34e-38	157
Thamnophis_elegans_C9A	CM033585.1	583	94	274	367	308109633	308109905	68.085	1.10e-32	140
Thamnophis_elegans_C9A	CM033585.1	583	82	453	534	308074395	308074640	79.268	2.26e-31	135
Thamnophis_elegans_C9A	CM033585.1	583	80	453	532	308121107	308121346	73.750	6.06e-28	125
Thamnophis_elegans_C9A	CM033585.1	583	58	99	156	308050632	308050805	84.483	3.39e-21	104
Thamnophis_elegans_C9A	CM033585.1	583	66	398	463	308073133	308073330	71.212	2.44e-20	101
Thamnophis_elegans_C9A	CM033585.1	583	52	532	583	308076188	308076343	78.846	1.64e-19	99.0
Thamnophis_elegans_C9A	CM033585.1	583	78	196	273	308056754	308056987	65.385	3.78e-19	97.8
Thamnophis_elegans_C9A	CM033585.1	583	71	398	468	308119727	308119939	64.789	1.85e-18	95.5
Thamnophis_elegans_C9A	CM033585.1	583	50	107	156	308101993	308102142	90.000	2.67e-18	95.1
Thamnophis_elegans_C9A	CM033585.1	583	51	57	107	308049587	308049739	80.392	1.30e-17	92.8
Thamnophis_elegans_C9A	CM033585.1	583	54	54	107	308100343	308100504	72.222	1.90e-16	89.4
Thamnophis_elegans_C9A	CM033585.1	583	47	157	203	308054554	308054694	80.851	2.12e-16	89.0
Thamnophis_elegans_C9A	CM033585.1	583	47	157	203	308103697	308103837	80.851	1.21e-15	86.7
Thamnophis_elegans_C9A	CM033585.1	583	51	533	583	308122267	308122419	64.706	9.80e-13	77.4
Thamnophis_elegans_C9A	CM033585.1	583	45	26	70	308038548	308038682	64.444	7.48e-09	64.7
Thamnophis_elegans_C9A	CM033585.1	583	41	26	66	308099640	308099762	63.415	1.43e-08	63.9
Thamnophis_elegans_C9A	CM033585.1	583	46	351	395	308071469	308071606	71.739	2.76e-08	62.8
Thamnophis_elegans_C9A	CM033585.1	583	80	196	271	308105259	308105486	45.000	5.05e-08	62.0
Thamnophis_elegans_C9A	CM033585.1	583	50	535	583	307177516	307177665	54.000	5.84e-08	62.0
Thamnophis_elegans_C9A	CM033585.1	583	50	535	583	307139637	307139786	52.000	7.21e-07	58.2
Thamnophis_elegans_C9A	CM033601.1	583	227	299	514	62643232	62643852	24.229	9.55e-10	67.8
Thamnophis_elegans_C9A	CM033586.1	583	50	530	579	81746917	81746768	52.000	3.65e-09	65.9
Thamnophis_elegans_C9A	CM033586.1	583	119	277	395	81764489	81764148	27.731	1.17e-07	60.8
Thamnophis_elegans_C9A	CM033586.1	583	81	274	354	81692707	81692949	33.333	8.55e-07	58.2
Naja_naja_C9A	CM033585.1	582	94	274	367	308109633	308109905	84.043	8.57e-42	167
Naja_naja_C9A	CM033585.1	582	80	452	531	308121107	308121346	88.750	3.62e-36	150
Naja_naja_C9A	CM033585.1	582	79	195	273	308105256	308105492	89.873	3.09e-34	144
Naja_naja_C9A	CM033585.1	582	80	452	531	308074395	308074634	82.500	3.26e-34	144
Naja_naja_C9A	CM033585.1	582	78	276	353	308064735	308064968	75.641	8.31e-31	134
Naja_naja_C9A	CM033585.1	582	56	527	582	308122252	308122419	91.071	1.52e-24	114
Naja_naja_C9A	CM033585.1	582	72	396	467	308119724	308119939	76.389	1.82e-23	111
Naja_naja_C9A	CM033585.1	582	54	54	107	308100343	308100504	88.889	6.30e-22	106
Naja_naja_C9A	CM033585.1	582	55	102	156	308050641	308050805	87.273	1.22e-21	105
Naja_naja_C9A	CM033585.1	582	50	107	156	308101993	308102142	98.000	1.36e-21	105
Naja_naja_C9A	CM033585.1	582	47	157	203	308103697	308103837	95.745	4.59e-20	100
Naja_naja_C9A	CM033585.1	582	63	400	462	308073142	308073330	63.492	4.49e-17	91.3
Naja_naja_C9A	CM033585.1	582	77	196	272	308056754	308056984	58.442	5.70e-16	87.8
Naja_naja_C9A	CM033585.1	582	51	57	107	308049587	308049739	72.549	4.08e-15	85.1
Naja_naja_C9A	CM033585.1	582	47	157	203	308054554	308054694	72.340	1.09e-13	80.5
Naja_naja_C9A	CM033585.1	582	52	531	582	308076188	308076343	61.538	1.24e-13	80.1
Naja_naja_C9A	CM033585.1	582	41	26	66	308099640	308099762	78.049	2.43e-11	72.8
Naja_naja_C9A	CM033585.1	582	42	355	395	308112064	308112189	76.190	5.77e-08	62.0
Naja_naja_C9A	CM033585.1	582	69	456	524	307240632	307240429	40.580	2.42e-07	59.7
Naja_naja_C9A	CM033585.1	582	45	26	70	308038548	308038682	55.556	6.98e-06	55.1
Naja_naja_C9A	CM033601.1	582	220	299	513	62643232	62643852	25.455	1.31e-09	67.0
Naja_naja_C9A	CM033601.1	582	219	298	515	18050948	18051553	23.288	7.52e-08	61.6
Naja_naja_C9A	CM033586.1	582	76	277	352	81692716	81692943	38.158	2.24e-07	60.1
Naja_naja_C9A	CM033586.1	582	47	536	582	81723406	81723546	51.064	7.80e-06	55.1
Pseudonaja_textilis_C9A	CM033585.1	583	94	274	367	308109633	308109905	87.234	1.85e-43	172
Pseudonaja_textilis_C9A	CM033585.1	583	77	456	532	308121116	308121346	94.805	1.35e-37	155
Pseudonaja_textilis_C9A	CM033585.1	583	78	196	273	308105259	308105492	91.026	1.02e-33	143
Pseudonaja_textilis_C9A	CM033585.1	583	80	453	532	308074395	308074634	80.000	5.00e-33	141
Pseudonaja_textilis_C9A	CM033585.1	583	78	276	353	308064735	308064968	79.487	4.15e-32	138
Pseudonaja_textilis_C9A	CM033585.1	583	56	528	583	308122252	308122419	96.429	3.78e-26	119
Pseudonaja_textilis_C9A	CM033585.1	583	73	396	468	308119721	308119939	83.562	3.91e-26	119
Pseudonaja_textilis_C9A	CM033585.1	583	54	54	107	308100343	308100504	92.593	3.14e-23	110
Pseudonaja_textilis_C9A	CM033585.1	583	55	102	156	308050641	308050805	90.909	9.11e-23	109
Pseudonaja_textilis_C9A	CM033585.1	583	50	107	156	308101993	308102142	98.000	1.58e-21	105
Pseudonaja_textilis_C9A	CM033585.1	583	47	157	203	308103697	308103837	95.745	4.83e-20	100
Pseudonaja_textilis_C9A	CM033585.1	583	63	401	463	308073142	308073330	63.492	1.32e-17	92.8
Pseudonaja_textilis_C9A	CM033585.1	583	77	196	272	308056754	308056984	58.442	7.55e-16	87.4
Pseudonaja_textilis_C9A	CM033585.1	583	51	57	107	308049587	308049739	74.510	2.32e-15	85.9
Pseudonaja_textilis_C9A	CM033585.1	583	52	532	583	308076188	308076343	63.462	3.10e-14	82.0
Pseudonaja_textilis_C9A	CM033585.1	583	47	157	203	308054554	308054694	72.340	1.15e-13	80.5
Pseudonaja_textilis_C9A	CM033585.1	583	41	355	395	308112064	308112186	95.122	1.93e-13	79.7
Pseudonaja_textilis_C9A	CM033585.1	583	41	26	66	308099640	308099762	82.927	3.07e-12	75.9
Pseudonaja_textilis_C9A	CM033585.1	583	71	457	527	307240632	307240423	40.845	2.36e-07	59.7
Pseudonaja_textilis_C9A	CM033585.1	583	45	26	70	308038548	308038682	55.556	2.77e-06	56.2
Pseudonaja_textilis_C9A	CM033585.1	583	47	537	583	307237325	307237185	53.191	7.18e-06	55.1
Pseudonaja_textilis_C9A	CM033601.1	583	221	299	514	62643232	62643852	24.887	6.79e-10	68.2
Pseudonaja_textilis_C9A	CM033601.1	583	220	298	516	18050948	18051553	22.273	1.89e-07	60.1
Pseudonaja_textilis_C9A	CM033586.1	583	76	277	352	81692716	81692943	38.158	1.10e-07	60.8
Pseudonaja_textilis_C9A	CM033586.1	583	43	537	579	81723406	81723534	53.488	6.37e-06	55.1
Python_bivittatus_C9A	CM033585.1	582	81	274	354	308064729	308064971	88.889	4.91e-38	156
Python_bivittatus_C9A	CM033585.1	582	94	274	367	308109633	308109905	65.957	7.04e-32	137
Python_bivittatus_C9A	CM033585.1	582	84	453	536	308074395	308074646	72.619	6.18e-31	134
Python_bivittatus_C9A	CM033585.1	582	80	453	532	308121107	308121346	71.250	1.73e-27	124
Python_bivittatus_C9A	CM033585.1	582	102	102	200	308050641	308050946	53.922	3.19e-21	104
Python_bivittatus_C9A	CM033585.1	582	77	196	272	308056754	308056984	63.636	4.50e-19	97.8
Python_bivittatus_C9A	CM033585.1	582	50	107	156	308101993	308102142	90.000	6.78e-19	97.1
Python_bivittatus_C9A	CM033585.1	582	60	398	457	308073133	308073312	73.333	6.55e-18	94.0
Python_bivittatus_C9A	CM033585.1	582	71	398	468	308119727	308119939	64.789	7.08e-18	94.0
Python_bivittatus_C9A	CM033585.1	582	47	157	203	308103697	308103837	85.106	9.93e-18	93.2
Python_bivittatus_C9A	CM033585.1	582	48	535	582	308122276	308122419	77.083	2.00e-16	89.4
Python_bivittatus_C9A	CM033585.1	582	47	157	203	308054554	308054694	76.596	6.55e-15	84.3
Python_bivittatus_C9A	CM033585.1	582	53	55	107	308049581	308049739	60.377	1.92e-12	76.3
Python_bivittatus_C9A	CM033585.1	582	54	54	107	308100343	308100504	57.407	9.80e-12	73.9
Python_bivittatus_C9A	CM033585.1	582	52	532	582	308076188	308076343	61.538	1.06e-11	73.9
Python_bivittatus_C9A	CM033585.1	582	77	196	272	308105259	308105489	51.948	2.33e-11	72.8
Python_bivittatus_C9A	CM033585.1	582	41	26	66	308099640	308099762	63.415	3.61e-08	62.4
Python_bivittatus_C9A	CM033585.1	582	47	529	574	307177501	307177641	59.574	1.42e-07	60.5
Python_bivittatus_C9A	CM033585.1	582	45	26	70	308038548	308038682	57.778	4.10e-07	58.9
Python_bivittatus_C9A	CM033585.1	582	67	459	525	307240626	307240429	41.791	1.17e-06	57.8
Python_bivittatus_C9A	CM033585.1	582	39	536	574	307237325	307237209	61.538	8.78e-06	54.7
Python_bivittatus_C9A	CM033601.1	582	227	299	514	62643232	62643852	25.110	2.06e-10	69.7
Python_bivittatus_C9A	CM033586.1	582	79	277	355	81692716	81692952	35.443	7.52e-08	61.6
Python_bivittatus_C9A	CM033586.1	582	51	532	582	81723403	81723546	54.902	1.07e-07	60.8
Python_bivittatus_C9A	CM033586.1	582	75	450	523	81720585	81720809	36.000	2.10e-06	56.6
Notechis_scutatus_C9A	CM033585.1	583	94	274	367	308109633	308109905	87.234	1.97e-43	172
Notechis_scutatus_C9A	CM033585.1	583	77	456	532	308121116	308121346	97.403	3.61e-39	159
Notechis_scutatus_C9A	CM033585.1	583	78	196	273	308105259	308105492	93.590	1.37e-34	145
Notechis_scutatus_C9A	CM033585.1	583	80	453	532	308074395	308074634	80.000	1.92e-32	139
Notechis_scutatus_C9A	CM033585.1	583	78	276	353	308064735	308064968	79.487	4.18e-32	138
Notechis_scutatus_C9A	CM033585.1	583	73	396	468	308119721	308119939	84.932	6.38e-27	122
Notechis_scutatus_C9A	CM033585.1	583	56	528	583	308122252	308122419	96.429	4.16e-26	119
Notechis_scutatus_C9A	CM033585.1	583	54	54	107	308100343	308100504	94.444	1.58e-23	111
Notechis_scutatus_C9A	CM033585.1	583	55	102	156	308050641	308050805	89.091	3.53e-22	107
Notechis_scutatus_C9A	CM033585.1	583	50	107	156	308101993	308102142	100.000	6.57e-22	106
Notechis_scutatus_C9A	CM033585.1	583	47	157	203	308103697	308103837	95.745	4.74e-20	100
Notechis_scutatus_C9A	CM033585.1	583	66	398	463	308073133	308073330	62.121	6.25e-18	94.0
Notechis_scutatus_C9A	CM033585.1	583	77	196	272	308056754	308056984	59.740	5.03e-16	87.8
Notechis_scutatus_C9A	CM033585.1	583	51	57	107	308049587	308049739	74.510	2.46e-15	85.9
Notechis_scutatus_C9A	CM033585.1	583	52	532	583	308076188	308076343	63.462	3.29e-14	82.0
Notechis_scutatus_C9A	CM033585.1	583	75	157	231	308054554	308054778	53.333	9.64e-14	80.5
Notechis_scutatus_C9A	CM033585.1	583	41	355	395	308112064	308112186	95.122	1.90e-13	79.7
Notechis_scutatus_C9A	CM033585.1	583	41	26	66	308099640	308099762	82.927	3.07e-12	75.9
Notechis_scutatus_C9A	CM033585.1	583	71	457	527	307240632	307240423	40.845	4.22e-07	58.9
Notechis_scutatus_C9A	CM033585.1	583	45	26	70	308038548	308038682	55.556	2.77e-06	56.2
Notechis_scutatus_C9A	CM033585.1	583	47	537	583	307237325	307237185	53.191	7.37e-06	55.1
Notechis_scutatus_C9A	CM033601.1	583	221	299	514	62643232	62643852	24.887	5.77e-10	68.2
Notechis_scutatus_C9A	CM033601.1	583	220	298	516	18050948	18051553	22.273	2.44e-07	59.7
Notechis_scutatus_C9A	CM033586.1	583	76	277	352	81692716	81692943	38.158	1.08e-07	60.8
Notechis_scutatus_C9A	CM033586.1	583	43	537	579	81723406	81723534	53.488	6.21e-06	55.1
Hydrophis_cyanocinctus_C9A	CM033585.1	583	94	274	367	308109633	308109905	89.362	1.42e-44	176
Hydrophis_cyanocinctus_C9A	CM033585.1	583	77	456	532	308121116	308121346	98.701	1.21e-39	161
Hydrophis_cyanocinctus_C9A	CM033585.1	583	79	195	273	308105256	308105492	93.671	3.60e-35	147
Hydrophis_cyanocinctus_C9A	CM033585.1	583	80	274	353	308064729	308064968	78.750	3.37e-32	138
Hydrophis_cyanocinctus_C9A	CM033585.1	583	80	453	532	308074395	308074634	78.750	9.09e-32	137
Hydrophis_cyanocinctus_C9A	CM033585.1	583	72	397	468	308119724	308119939	87.500	4.55e-28	125
Hydrophis_cyanocinctus_C9A	CM033585.1	583	56	528	583	308122252	308122419	96.429	4.55e-26	119
Hydrophis_cyanocinctus_C9A	CM033585.1	583	54	54	107	308100343	308100504	94.444	1.83e-23	111
Hydrophis_cyanocinctus_C9A	CM033585.1	583	55	102	156	308050641	308050805	89.091	3.92e-22	107
Hydrophis_cyanocinctus_C9A	CM033585.1	583	50	107	156	308101993	308102142	100.000	6.99e-22	106
Hydrophis_cyanocinctus_C9A	CM033585.1	583	47	157	203	308103697	308103837	97.872	1.95e-20	102
Hydrophis_cyanocinctus_C9A	CM033585.1	583	66	398	463	308073133	308073330	59.091	2.09e-16	89.0
Hydrophis_cyanocinctus_C9A	CM033585.1	583	42	355	396	308112064	308112189	100.000	1.03e-15	87.0
Hydrophis_cyanocinctus_C9A	CM033585.1	583	77	196	272	308056754	308056984	59.740	1.04e-15	87.0
Hydrophis_cyanocinctus_C9A	CM033585.1	583	51	57	107	308049587	308049739	74.510	2.53e-15	85.5
Hydrophis_cyanocinctus_C9A	CM033585.1	583	52	532	583	308076188	308076343	63.462	3.26e-14	82.0
Hydrophis_cyanocinctus_C9A	CM033585.1	583	75	157	231	308054554	308054778	53.333	5.47e-14	81.3
Hydrophis_cyanocinctus_C9A	CM033585.1	583	41	26	66	308099640	308099762	82.927	3.09e-12	75.9
Hydrophis_cyanocinctus_C9A	CM033585.1	583	71	457	527	307240632	307240423	40.845	4.22e-07	58.9
Hydrophis_cyanocinctus_C9A	CM033585.1	583	45	26	70	308038548	308038682	55.556	2.82e-06	56.2
Hydrophis_cyanocinctus_C9A	CM033585.1	583	47	537	583	307237325	307237185	53.191	7.18e-06	55.1
Hydrophis_cyanocinctus_C9A	CM033601.1	583	221	299	514	62643232	62643852	24.887	2.33e-10	69.7
Hydrophis_cyanocinctus_C9A	CM033601.1	583	220	298	516	18050948	18051553	22.727	4.55e-07	58.9
Hydrophis_cyanocinctus_C9A	CM033586.1	583	103	273	375	81692704	81693009	33.010	5.14e-08	62.0
Hydrophis_cyanocinctus_C9A	CM033586.1	583	43	537	579	81723406	81723534	53.488	6.21e-06	55.1
Laticauda_colubrina_C9A	CM033585.1	583	94	274	367	308109633	308109905	88.298	7.09e-44	174
Laticauda_colubrina_C9A	CM033585.1	583	77	456	532	308121116	308121346	94.805	2.88e-38	157
Laticauda_colubrina_C9A	CM033585.1	583	79	195	273	308105256	308105492	89.873	1.56e-33	142
Laticauda_colubrina_C9A	CM033585.1	583	78	276	353	308064735	308064968	79.487	2.50e-32	139
Laticauda_colubrina_C9A	CM033585.1	583	80	453	532	308074395	308074634	78.750	3.86e-32	138
Laticauda_colubrina_C9A	CM033585.1	583	56	528	583	308122252	308122419	94.643	9.60e-26	118
Laticauda_colubrina_C9A	CM033585.1	583	72	397	468	308119724	308119939	79.167	1.42e-24	115
Laticauda_colubrina_C9A	CM033585.1	583	54	54	107	308100343	308100504	90.741	3.88e-22	107
Laticauda_colubrina_C9A	CM033585.1	583	55	102	156	308050641	308050805	87.273	9.26e-22	106
Laticauda_colubrina_C9A	CM033585.1	583	50	107	156	308101993	308102142	98.000	1.55e-21	105
Laticauda_colubrina_C9A	CM033585.1	583	47	157	203	308103697	308103837	95.745	5.36e-20	100
Laticauda_colubrina_C9A	CM033585.1	583	63	401	463	308073142	308073330	65.079	6.70e-18	94.0
Laticauda_colubrina_C9A	CM033585.1	583	77	196	272	308056754	308056984	57.143	5.68e-15	84.3
Laticauda_colubrina_C9A	CM033585.1	583	51	57	107	308049587	308049739	74.510	5.78e-15	84.3
Laticauda_colubrina_C9A	CM033585.1	583	52	532	583	308076188	308076343	61.538	1.15e-13	80.5
Laticauda_colubrina_C9A	CM033585.1	583	47	157	203	308054554	308054694	72.340	1.23e-13	80.1
Laticauda_colubrina_C9A	CM033585.1	583	42	355	396	308112064	308112189	85.714	7.80e-12	74.3
Laticauda_colubrina_C9A	CM033585.1	583	41	26	66	308099640	308099762	80.488	1.05e-11	73.9
Laticauda_colubrina_C9A	CM033585.1	583	71	457	527	307240632	307240423	40.845	2.10e-07	60.1
Laticauda_colubrina_C9A	CM033585.1	583	45	26	70	308038548	308038682	55.556	4.17e-06	55.8
Laticauda_colubrina_C9A	CM033585.1	583	47	537	583	307237325	307237185	53.191	7.56e-06	55.1
Laticauda_colubrina_C9A	CM033601.1	583	221	299	514	62643232	62643852	24.434	7.78e-10	67.8
Laticauda_colubrina_C9A	CM033601.1	583	220	298	516	18050948	18051553	21.818	3.54e-06	56.2
Laticauda_colubrina_C9A	CM033586.1	583	76	277	352	81692716	81692943	38.158	1.07e-07	60.8
Laticauda_colubrina_C9A	CM033586.1	583	47	537	583	81723406	81723546	51.064	8.59e-06	54.7
Protobothrops_mucrosquamatus_C9A	CM033585.1	583	81	274	354	308064729	308064971	88.889	2.21e-38	157
Protobothrops_mucrosquamatus_C9A	CM033585.1	583	82	453	534	308074395	308074640	80.488	3.36e-34	144
Protobothrops_mucrosquamatus_C9A	CM033585.1	583	94	274	367	308109633	308109905	69.149	1.60e-33	142
Protobothrops_mucrosquamatus_C9A	CM033585.1	583	80	453	532	308121107	308121346	78.750	6.94e-32	137
Protobothrops_mucrosquamatus_C9A	CM033585.1	583	75	199	273	308056763	308056987	73.333	3.55e-24	113
Protobothrops_mucrosquamatus_C9A	CM033585.1	583	55	102	156	308050641	308050805	85.455	1.71e-21	105
Protobothrops_mucrosquamatus_C9A	CM033585.1	583	69	400	468	308119733	308119939	71.014	2.38e-20	101
Protobothrops_mucrosquamatus_C9A	CM033585.1	583	50	107	156	308101993	308102142	88.000	5.54e-19	97.4
Protobothrops_mucrosquamatus_C9A	CM033585.1	583	66	398	463	308073133	308073330	66.667	1.43e-18	95.9
Protobothrops_mucrosquamatus_C9A	CM033585.1	583	68	157	211	308054554	308054757	64.706	2.07e-17	92.4
Protobothrops_mucrosquamatus_C9A	CM033585.1	583	52	532	583	308076188	308076343	73.077	2.52e-17	92.0
Protobothrops_mucrosquamatus_C9A	CM033585.1	583	54	54	107	308100343	308100504	72.222	1.05e-16	90.1
Protobothrops_mucrosquamatus_C9A	CM033585.1	583	47	157	203	308103697	308103837	80.851	1.41e-16	89.7
Protobothrops_mucrosquamatus_C9A	CM033585.1	583	51	533	583	308122267	308122419	76.471	2.29e-16	89.0
Protobothrops_mucrosquamatus_C9A	CM033585.1	583	51	57	107	308049587	308049739	70.588	2.27e-14	82.4
Protobothrops_mucrosquamatus_C9A	CM033585.1	583	74	203	272	308105280	308105489	52.703	5.34e-10	68.6
Protobothrops_mucrosquamatus_C9A	CM033585.1	583	41	26	66	308099640	308099762	63.415	5.64e-08	62.0
Protobothrops_mucrosquamatus_C9A	CM033585.1	583	45	26	70	308038548	308038682	60.000	2.85e-07	59.7
Protobothrops_mucrosquamatus_C9A	CM033585.1	583	52	528	579	307237352	307237197	50.000	3.68e-07	59.3
Protobothrops_mucrosquamatus_C9A	CM033585.1	583	69	457	525	307240632	307240429	42.029	4.04e-07	58.9
Protobothrops_mucrosquamatus_C9A	CM033585.1	583	43	354	395	308071478	308071606	65.116	5.40e-07	58.5
Protobothrops_mucrosquamatus_C9A	CM033585.1	583	50	535	583	307177516	307177665	56.000	6.57e-07	58.5
Protobothrops_mucrosquamatus_C9A	CM033585.1	583	79	277	355	307123193	307123429	32.911	7.72e-07	58.2
Protobothrops_mucrosquamatus_C9A	CM033585.1	583	90	266	355	307169410	307169673	30.000	3.67e-06	55.8
Protobothrops_mucrosquamatus_C9A	CM033601.1	583	223	299	514	62643232	62643852	27.354	1.53e-11	73.6
Protobothrops_mucrosquamatus_C9A	CM033586.1	583	82	274	355	81692707	81692952	35.366	1.51e-08	63.9
Protobothrops_mucrosquamatus_C9A	CM033586.1	583	51	529	579	81746920	81746768	50.980	7.35e-08	61.6
Protobothrops_mucrosquamatus_C9A	CM033586.1	583	52	532	583	81723403	81723546	53.846	3.65e-07	59.3
Protobothrops_mucrosquamatus_C9A	CM033586.1	583	78	277	354	81764489	81764256	29.487	5.38e-06	55.5
Chrysopelea_ornata_C9A	CM033585.1	584	81	274	354	308064729	308064971	90.123	3.15e-37	154
Chrysopelea_ornata_C9A	CM033585.1	584	82	454	535	308074395	308074640	82.927	8.82e-35	146
Chrysopelea_ornata_C9A	CM033585.1	584	94	274	367	308109633	308109905	71.277	2.19e-33	142
Chrysopelea_ornata_C9A	CM033585.1	584	80	454	533	308121107	308121346	77.500	1.67e-31	136
Chrysopelea_ornata_C9A	CM033585.1	584	78	196	273	308056754	308056987	78.205	4.56e-28	125
Chrysopelea_ornata_C9A	CM033585.1	584	58	99	156	308050632	308050805	87.931	3.88e-23	110
Chrysopelea_ornata_C9A	CM033585.1	584	52	533	584	308076188	308076343	88.462	7.56e-22	106
Chrysopelea_ornata_C9A	CM033585.1	584	66	399	464	308073133	308073330	72.727	4.63e-21	103
Chrysopelea_ornata_C9A	CM033585.1	584	50	107	156	308101993	308102142	94.000	2.61e-20	101
Chrysopelea_ornata_C9A	CM033585.1	584	47	157	203	308103697	308103837	91.489	5.52e-19	97.4
Chrysopelea_ornata_C9A	CM033585.1	584	71	399	469	308119727	308119939	63.380	3.06e-18	95.1
Chrysopelea_ornata_C9A	CM033585.1	584	53	55	107	308049581	308049739	81.132	3.11e-18	95.1
Chrysopelea_ornata_C9A	CM033585.1	584	54	54	107	308100343	308100504	74.074	7.17e-17	90.5
Chrysopelea_ornata_C9A	CM033585.1	584	47	157	203	308054554	308054694	72.340	9.60e-14	80.5
Chrysopelea_ornata_C9A	CM033585.1	584	51	534	584	308122267	308122419	64.706	2.36e-12	76.3
Chrysopelea_ornata_C9A	CM033585.1	584	78	195	272	308105256	308105489	50.000	2.95e-12	75.9
Chrysopelea_ornata_C9A	CM033585.1	584	41	26	66	308099640	308099762	65.854	1.40e-08	63.9
Chrysopelea_ornata_C9A	CM033585.1	584	43	354	396	308071478	308071606	69.767	1.67e-08	63.5
Chrysopelea_ornata_C9A	CM033585.1	584	45	26	70	308038548	308038682	57.778	3.69e-07	59.3
Chrysopelea_ornata_C9A	CM033585.1	584	69	458	526	307240632	307240429	40.580	1.96e-06	57.0
Chrysopelea_ornata_C9A	CM033585.1	584	56	529	584	307237352	307237185	46.429	2.34e-06	56.6
Chrysopelea_ornata_C9A	CM033585.1	584	79	277	355	307123193	307123429	32.911	2.51e-06	56.6
Chrysopelea_ornata_C9A	CM033585.1	584	50	536	584	307177516	307177665	50.000	5.12e-06	55.5
Chrysopelea_ornata_C9A	CM033601.1	584	224	299	515	62643232	62643852	29.018	1.31e-12	77.0
Chrysopelea_ornata_C9A	CM033586.1	584	51	530	580	81746920	81746768	54.902	2.67e-09	66.2
Chrysopelea_ornata_C9A	CM033586.1	584	84	274	357	81692707	81692958	38.095	3.19e-09	65.9
Pituophis_catenifer_C9A	CM033585.1	583	94	274	367	308109633	308109905	82.979	1.78e-40	163
Pituophis_catenifer_C9A	CM033585.1	583	77	277	353	308064738	308064968	83.117	4.83e-33	141
Pituophis_catenifer_C9A	CM033585.1	583	82	453	534	308074395	308074640	81.707	6.05e-33	140
Pituophis_catenifer_C9A	CM033585.1	583	80	453	532	308121107	308121346	73.750	4.95e-29	129
Pituophis_catenifer_C9A	CM033585.1	583	75	198	272	308056760	308056984	76.000	1.35e-26	121
Pituophis_catenifer_C9A	CM033585.1	583	52	532	583	308076188	308076343	90.385	1.53e-22	108
Pituophis_catenifer_C9A	CM033585.1	583	55	102	156	308050641	308050805	89.091	3.32e-22	107
Pituophis_catenifer_C9A	CM033585.1	583	54	54	107	308100343	308100504	83.333	5.58e-21	103
Pituophis_catenifer_C9A	CM033585.1	583	72	397	468	308119724	308119939	68.056	3.12e-20	101
Pituophis_catenifer_C9A	CM033585.1	583	50	107	156	308101993	308102142	92.000	1.16e-19	99.4
Pituophis_catenifer_C9A	CM033585.1	583	60	404	463	308073151	308073330	73.333	9.74e-19	96.7
Pituophis_catenifer_C9A	CM033585.1	583	47	157	203	308054554	308054694	85.106	2.68e-17	92.0
Pituophis_catenifer_C9A	CM033585.1	583	47	157	203	308103697	308103837	82.979	8.05e-17	90.5
Pituophis_catenifer_C9A	CM033585.1	583	51	57	107	308049587	308049739	74.510	1.14e-15	86.7
Pituophis_catenifer_C9A	CM033585.1	583	49	535	583	308122273	308122419	69.388	3.44e-13	79.0
Pituophis_catenifer_C9A	CM033585.1	583	76	198	273	308105265	308105492	48.684	1.59e-11	73.6
Pituophis_catenifer_C9A	CM033585.1	583	41	26	66	308099640	308099762	68.293	3.98e-09	65.5
Pituophis_catenifer_C9A	CM033585.1	583	45	26	70	308038548	308038682	64.444	1.13e-08	64.3
Pituophis_catenifer_C9A	CM033585.1	583	42	355	395	308071481	308071606	71.429	1.32e-07	60.8
Pituophis_catenifer_C9A	CM033585.1	583	56	528	583	307237352	307237185	48.214	2.66e-07	59.7
Pituophis_catenifer_C9A	CM033585.1	583	42	535	575	307177516	307177641	61.905	7.15e-07	58.2
Pituophis_catenifer_C9A	CM033585.1	583	56	529	583	307139619	307139786	46.429	7.82e-06	55.1
Pituophis_catenifer_C9A	CM033601.1	583	223	299	514	62643232	62643852	27.354	8.14e-12	74.3
Pituophis_catenifer_C9A	CM033586.1	583	52	529	580	81746920	81746765	57.692	1.56e-10	70.1
Pituophis_catenifer_C9A	CM033586.1	583	79	277	355	81692716	81692952	37.975	1.09e-07	60.8
Pituophis_catenifer_C9A	CM033586.1	583	75	450	523	81720585	81720809	34.667	2.24e-06	56.6
Pantherophis_obsoletus_C9A	CM033585.1	583	81	274	354	308064729	308064971	91.358	1.83e-39	160
Pantherophis_obsoletus_C9A	CM033585.1	583	94	274	367	308109633	308109905	73.404	3.35e-36	150
Pantherophis_obsoletus_C9A	CM033585.1	583	82	453	534	308074395	308074640	81.707	1.93e-33	142
Pantherophis_obsoletus_C9A	CM033585.1	583	80	453	532	308121107	308121346	73.750	5.18e-29	129
Pantherophis_obsoletus_C9A	CM033585.1	583	75	199	273	308056763	308056987	78.667	6.16e-26	119
Pantherophis_obsoletus_C9A	CM033585.1	583	66	398	463	308073133	308073330	75.758	1.64e-22	108
Pantherophis_obsoletus_C9A	CM033585.1	583	52	532	583	308076188	308076343	88.462	3.99e-22	107
Pantherophis_obsoletus_C9A	CM033585.1	583	54	54	107	308100343	308100504	85.185	6.09e-21	103
Pantherophis_obsoletus_C9A	CM033585.1	583	55	102	156	308050641	308050805	83.636	8.56e-21	103
Pantherophis_obsoletus_C9A	CM033585.1	583	50	107	156	308101993	308102142	86.000	1.60e-18	95.9
Pantherophis_obsoletus_C9A	CM033585.1	583	65	404	468	308119745	308119939	67.692	6.20e-18	94.0
Pantherophis_obsoletus_C9A	CM033585.1	583	47	157	203	308054554	308054694	87.234	6.42e-18	94.0
Pantherophis_obsoletus_C9A	CM033585.1	583	47	157	203	308103697	308103837	80.851	4.66e-16	88.2
Pantherophis_obsoletus_C9A	CM033585.1	583	51	57	107	308049587	308049739	72.549	1.60e-14	83.2
Pantherophis_obsoletus_C9A	CM033585.1	583	51	533	583	308122267	308122419	68.627	1.10e-13	80.5
Pantherophis_obsoletus_C9A	CM033585.1	583	75	198	272	308105265	308105489	49.333	1.34e-10	70.5
Pantherophis_obsoletus_C9A	CM033585.1	583	45	26	70	308038548	308038682	68.889	2.55e-09	66.2
Pantherophis_obsoletus_C9A	CM033585.1	583	43	354	395	308071478	308071606	72.093	2.81e-08	62.8
Pantherophis_obsoletus_C9A	CM033585.1	583	41	26	66	308099640	308099762	65.854	2.81e-08	62.8
Pantherophis_obsoletus_C9A	CM033585.1	583	42	535	575	307177516	307177641	61.905	7.09e-07	58.2
Pantherophis_obsoletus_C9A	CM033585.1	583	56	528	583	307237352	307237185	46.429	9.08e-07	58.2
Pantherophis_obsoletus_C9A	CM033585.1	583	79	277	355	307123193	307123429	32.911	1.59e-06	57.0
Pantherophis_obsoletus_C9A	CM033601.1	583	227	299	514	62643232	62643852	25.991	9.23e-13	77.4
Pantherophis_obsoletus_C9A	CM033586.1	583	52	529	580	81746920	81746765	57.692	1.22e-10	70.5
Pantherophis_obsoletus_C9A	CM033586.1	583	82	274	355	81692707	81692952	36.585	6.52e-09	65.1
Pantherophis_obsoletus_C9A	CM033586.1	583	75	450	523	81720585	81720809	34.667	2.16e-06	56.6
Pantherophis_obsoletus_C9A	CM033586.1	583	78	277	354	81764489	81764256	29.487	4.38e-06	55.8
Pantherophis_obsoletus_C9A	CM033586.1	583	55	529	583	81723394	81723546	47.273	4.46e-06	55.8
Bothrops_jararaca_C9A	CM033585.1	583	81	274	354	308064729	308064971	87.654	8.79e-38	155
Bothrops_jararaca_C9A	CM033585.1	583	82	453	534	308074395	308074640	80.488	1.33e-33	142
Bothrops_jararaca_C9A	CM033585.1	583	94	274	367	308109633	308109905	70.213	8.38e-33	140
Bothrops_jararaca_C9A	CM033585.1	583	80	453	532	308121107	308121346	78.750	2.06e-31	136
Bothrops_jararaca_C9A	CM033585.1	583	74	199	272	308056763	308056984	75.676	7.66e-24	112
Bothrops_jararaca_C9A	CM033585.1	583	76	390	463	308073103	308073330	65.789	3.17e-20	101
Bothrops_jararaca_C9A	CM033585.1	583	55	102	156	308050641	308050805	80.000	1.51e-19	99.0
Bothrops_jararaca_C9A	CM033585.1	583	70	400	469	308119733	308119942	65.714	3.31e-19	98.2
Bothrops_jararaca_C9A	CM033585.1	583	50	107	156	308101993	308102142	84.000	9.73e-18	93.6
Bothrops_jararaca_C9A	CM033585.1	583	68	157	211	308054554	308054757	64.706	1.80e-17	92.4
Bothrops_jararaca_C9A	CM033585.1	583	52	532	583	308076188	308076343	73.077	2.24e-17	92.4
Bothrops_jararaca_C9A	CM033585.1	583	54	54	107	308100343	308100504	74.074	2.83e-17	92.0
Bothrops_jararaca_C9A	CM033585.1	583	47	157	203	308103697	308103837	80.851	1.33e-16	89.7
Bothrops_jararaca_C9A	CM033585.1	583	51	533	583	308122267	308122419	74.510	8.60e-16	87.0
Bothrops_jararaca_C9A	CM033585.1	583	51	57	107	308049587	308049739	74.510	2.24e-15	85.9
Bothrops_jararaca_C9A	CM033585.1	583	70	203	272	308105280	308105489	52.857	9.88e-10	67.8
Bothrops_jararaca_C9A	CM033585.1	583	45	26	70	308038548	308038682	62.222	2.23e-08	63.2
Bothrops_jararaca_C9A	CM033585.1	583	43	354	395	308071478	308071606	67.442	1.91e-07	60.1
Bothrops_jararaca_C9A	CM033585.1	583	41	26	66	308099640	308099762	60.976	2.10e-07	60.1
Bothrops_jararaca_C9A	CM033585.1	583	81	277	357	307123193	307123435	33.333	5.44e-07	58.5
Bothrops_jararaca_C9A	CM033585.1	583	52	528	579	307237352	307237197	48.077	9.97e-07	57.8
Bothrops_jararaca_C9A	CM033585.1	583	50	535	583	307177516	307177665	52.000	4.61e-06	55.8
Bothrops_jararaca_C9A	CM033585.1	583	79	277	355	307169437	307169673	30.380	7.30e-06	55.1
Bothrops_jararaca_C9A	CM033585.1	583	69	457	525	307240632	307240429	39.130	9.43e-06	54.7
Bothrops_jararaca_C9A	CM033601.1	583	221	299	514	62643232	62643852	24.887	2.50e-11	72.8
Bothrops_jararaca_C9A	CM033586.1	583	82	274	355	81692707	81692952	35.366	2.37e-08	63.2
Bothrops_jararaca_C9A	CM033586.1	583	51	529	579	81746920	81746768	50.980	6.81e-08	61.6
Bothrops_jararaca_C9A	CM033586.1	583	52	532	583	81723403	81723546	51.923	9.55e-07	57.8
Ptyas_mucosa_C9A	CM033585.1	583	81	274	354	308064729	308064971	87.654	7.53e-38	155
Ptyas_mucosa_C9A	CM033585.1	583	94	274	367	308109633	308109905	71.277	6.07e-34	144
Ptyas_mucosa_C9A	CM033585.1	583	82	453	534	308074395	308074640	80.488	4.03e-33	141
Ptyas_mucosa_C9A	CM033585.1	583	80	453	532	308121107	308121346	75.000	6.41e-30	131
Ptyas_mucosa_C9A	CM033585.1	583	76	198	273	308056760	308056987	71.053	7.59e-24	112
Ptyas_mucosa_C9A	CM033585.1	583	66	398	463	308073133	308073330	78.788	1.24e-23	112
Ptyas_mucosa_C9A	CM033585.1	583	55	102	156	308050641	308050805	92.727	2.75e-23	110
Ptyas_mucosa_C9A	CM033585.1	583	50	107	156	308101993	308102142	96.000	1.33e-20	102
Ptyas_mucosa_C9A	CM033585.1	583	54	54	107	308100343	308100504	83.333	1.62e-20	102
Ptyas_mucosa_C9A	CM033585.1	583	62	524	583	308076158	308076343	72.581	7.06e-19	97.1
Ptyas_mucosa_C9A	CM033585.1	583	65	404	468	308119745	308119939	63.077	6.11e-17	90.9
Ptyas_mucosa_C9A	CM033585.1	583	47	157	203	308054554	308054694	80.851	1.71e-16	89.4
Ptyas_mucosa_C9A	CM033585.1	583	47	157	203	308103697	308103837	74.468	8.59e-15	84.0
Ptyas_mucosa_C9A	CM033585.1	583	51	57	107	308049587	308049739	72.549	1.33e-14	83.2
Ptyas_mucosa_C9A	CM033585.1	583	49	535	583	308122273	308122419	69.388	1.74e-12	76.6
Ptyas_mucosa_C9A	CM033585.1	583	75	198	272	308105265	308105489	49.333	3.29e-11	72.4
Ptyas_mucosa_C9A	CM033585.1	583	45	26	70	308038548	308038682	66.667	2.21e-09	66.6
Ptyas_mucosa_C9A	CM033585.1	583	41	26	66	308099640	308099762	65.854	1.28e-08	63.9
Ptyas_mucosa_C9A	CM033585.1	583	43	354	395	308071478	308071606	72.093	1.06e-07	60.8
Ptyas_mucosa_C9A	CM033585.1	583	78	457	534	307240632	307240408	42.308	5.35e-07	58.5
Ptyas_mucosa_C9A	CM033585.1	583	48	536	583	307237328	307237185	52.083	7.92e-07	58.2
Ptyas_mucosa_C9A	CM033601.1	583	224	299	514	62643232	62643852	27.232	2.50e-12	75.9
Ptyas_mucosa_C9A	CM033586.1	583	82	274	355	81692707	81692952	36.585	1.07e-08	64.3
Ptyas_mucosa_C9A	CM033586.1	583	51	529	579	81746920	81746768	50.980	8.77e-07	58.2
Vipera_berus_C9A	CM033585.1	583	81	274	354	308064729	308064971	86.420	1.05e-35	149
Vipera_berus_C9A	CM033585.1	583	82	453	534	308074395	308074640	80.488	2.14e-34	145
Vipera_berus_C9A	CM033585.1	583	80	453	532	308121107	308121346	78.750	3.89e-32	138
Vipera_berus_C9A	CM033585.1	583	94	274	367	308109633	308109905	68.085	4.42e-32	138
Vipera_berus_C9A	CM033585.1	583	78	199	276	308056763	308056996	75.641	4.90e-25	116
Vipera_berus_C9A	CM033585.1	583	76	390	463	308073103	308073330	65.789	1.28e-20	102
Vipera_berus_C9A	CM033585.1	583	55	102	156	308050641	308050805	81.818	5.90e-20	100
Vipera_berus_C9A	CM033585.1	583	69	400	468	308119733	308119939	69.565	6.27e-20	100
Vipera_berus_C9A	CM033585.1	583	54	54	107	308100343	308100504	75.926	2.07e-17	92.4
Vipera_berus_C9A	CM033585.1	583	50	107	156	308101993	308102142	84.000	2.30e-17	92.0
Vipera_berus_C9A	CM033585.1	583	47	157	203	308054554	308054694	82.979	3.25e-17	91.7
Vipera_berus_C9A	CM033585.1	583	52	532	583	308076188	308076343	71.154	5.70e-17	90.9
Vipera_berus_C9A	CM033585.1	583	47	157	203	308103697	308103837	78.723	2.00e-16	89.4
Vipera_berus_C9A	CM033585.1	583	51	533	583	308122267	308122419	72.549	4.95e-16	87.8
Vipera_berus_C9A	CM033585.1	583	53	55	107	308049581	308049739	71.698	5.04e-15	84.7
Vipera_berus_C9A	CM033585.1	583	70	203	272	308105280	308105489	54.286	1.51e-11	73.6
Vipera_berus_C9A	CM033585.1	583	41	26	66	308099640	308099762	63.415	6.87e-08	61.6
Vipera_berus_C9A	CM033585.1	583	45	26	70	308038548	308038682	60.000	1.94e-07	60.1
Vipera_berus_C9A	CM033585.1	583	43	354	395	308071478	308071606	67.442	4.55e-07	58.9
Vipera_berus_C9A	CM033585.1	583	69	457	525	307240632	307240429	40.580	6.68e-07	58.5
Vipera_berus_C9A	CM033585.1	583	52	528	579	307237352	307237197	50.000	9.97e-07	57.8
Vipera_berus_C9A	CM033585.1	583	81	275	355	307123187	307123429	33.333	1.14e-06	57.8
Vipera_berus_C9A	CM033585.1	583	78	266	343	307169410	307169637	34.615	8.23e-06	54.7
Vipera_berus_C9A	CM033601.1	583	223	299	514	62643232	62643852	26.009	2.41e-10	69.7
Vipera_berus_C9A	CM033586.1	583	51	529	579	81746920	81746768	52.941	7.48e-08	61.6
Vipera_berus_C9A	CM033586.1	583	79	277	355	81692716	81692952	34.177	2.19e-07	60.1
Vipera_berus_C9A	CM033586.1	583	52	532	583	81723403	81723546	51.923	1.32e-06	57.4
Vipera_berus_C9A	CM033586.1	583	81	274	354	81764498	81764256	29.630	8.09e-06	54.7
Sceloporus_undulatus_C9A	CM033585.1	591	78	281	358	308064738	308064971	67.949	1.66e-26	121
Sceloporus_undulatus_C9A	CM033585.1	591	81	457	537	308121107	308121349	65.432	5.13e-26	119
Sceloporus_undulatus_C9A	CM033585.1	591	94	280	373	308109639	308109911	55.319	2.19e-25	117
Sceloporus_undulatus_C9A	CM033585.1	591	82	457	538	308074395	308074640	60.976	2.84e-25	117
Sceloporus_undulatus_C9A	CM033585.1	591	50	538	587	308076194	308076343	58.000	1.77e-11	73.2
Sceloporus_undulatus_C9A	CM033585.1	591	55	101	155	308050641	308050805	60.000	4.89e-11	72.0
Sceloporus_undulatus_C9A	CM033585.1	591	47	156	202	308103697	308103837	63.830	7.62e-11	71.2
Sceloporus_undulatus_C9A	CM033585.1	591	65	408	472	308119745	308119939	49.231	8.59e-11	71.2
Sceloporus_undulatus_C9A	CM033585.1	591	47	156	202	308054554	308054694	59.574	1.36e-10	70.5
Sceloporus_undulatus_C9A	CM033585.1	591	63	405	467	308073142	308073330	52.381	1.52e-10	70.1
Sceloporus_undulatus_C9A	CM033585.1	591	50	106	155	308101993	308102142	66.000	2.44e-10	69.7
Sceloporus_undulatus_C9A	CM033585.1	591	49	539	587	308122273	308122419	53.061	9.99e-09	64.3
Sceloporus_undulatus_C9A	CM033585.1	591	51	541	591	307237325	307237173	52.941	2.73e-08	62.8
Sceloporus_undulatus_C9A	CM033585.1	591	42	539	579	307177516	307177641	66.667	3.84e-08	62.4
Sceloporus_undulatus_C9A	CM033585.1	591	82	281	362	307123193	307123438	34.146	2.04e-07	60.1
Sceloporus_undulatus_C9A	CM033585.1	591	51	57	106	308100352	308100504	50.980	2.11e-07	60.1
Sceloporus_undulatus_C9A	CM033585.1	591	40	25	64	308099637	308099756	60.000	4.50e-07	58.9
Sceloporus_undulatus_C9A	CM033585.1	591	82	195	276	308056754	308056984	37.805	4.70e-07	58.9
Sceloporus_undulatus_C9A	CM033585.1	591	69	463	531	307240626	307240423	40.580	8.90e-07	58.2
Sceloporus_undulatus_C9A	CM033585.1	591	54	54	106	308049578	308049739	46.296	1.96e-06	57.0
Sceloporus_undulatus_C9A	CM033585.1	591	61	528	587	307139604	307139786	44.262	2.39e-06	56.6
Sceloporus_undulatus_C9A	CM033585.1	591	83	277	359	307169425	307169673	30.120	5.27e-06	55.5
Sceloporus_undulatus_C9A	CM033601.1	591	222	303	518	62643232	62643852	26.126	3.91e-09	65.9
Sceloporus_undulatus_C9A	CM033601.1	591	63	533	591	85478429	85478617	42.857	1.18e-06	57.8
Sceloporus_undulatus_C9A	CM033601.1	591	209	313	518	18050981	18051547	23.445	6.04e-06	55.5
Sceloporus_undulatus_C9A	CM033586.1	591	52	533	584	81746920	81746765	48.077	2.97e-08	62.8
Sceloporus_undulatus_C9A	CM033586.1	591	53	535	587	81723391	81723546	52.830	9.86e-07	57.8
Sceloporus_undulatus_C9A	CM033586.1	591	75	454	527	81720585	81720809	34.667	1.08e-06	57.8
Anolis_carolinensis_C9B	CM033585.1	538	92	280	371	308109639	308109905	57.609	5.53e-25	115
Anolis_carolinensis_C9B	CM033585.1	538	75	280	354	308064735	308064959	68.000	8.42e-25	115
Anolis_carolinensis_C9B	CM033585.1	538	70	462	531	308121122	308121331	65.714	3.82e-22	107
Anolis_carolinensis_C9B	CM033585.1	538	68	462	529	308074410	308074613	61.765	4.06e-20	100
Anolis_carolinensis_C9B	CM033585.1	538	47	156	202	308103697	308103837	68.085	8.70e-13	77.0
Anolis_carolinensis_C9B	CM033585.1	538	47	156	202	308054554	308054694	65.957	2.25e-12	75.9
Anolis_carolinensis_C9B	CM033585.1	538	50	106	155	308101993	308102142	70.000	3.28e-12	75.5
Anolis_carolinensis_C9B	CM033585.1	538	55	101	155	308050641	308050805	63.636	5.01e-12	74.7
Anolis_carolinensis_C9B	CM033585.1	538	65	408	472	308119745	308119939	52.308	2.28e-11	72.8
Anolis_carolinensis_C9B	CM033585.1	538	56	405	460	308073142	308073309	55.357	3.05e-10	68.9
Anolis_carolinensis_C9B	CM033585.1	538	52	57	107	308100352	308100507	53.846	5.68e-09	65.1
Anolis_carolinensis_C9B	CM033585.1	538	71	462	532	307240629	307240420	42.254	6.92e-09	64.7
Anolis_carolinensis_C9B	CM033585.1	538	82	195	276	308056754	308056984	40.244	8.34e-08	61.2
Anolis_carolinensis_C9B	CM033585.1	538	62	3	64	308099583	308099756	45.161	1.14e-07	60.8
Anolis_carolinensis_C9B	CM033585.1	538	79	281	359	307123193	307123429	34.177	3.36e-07	59.3
Anolis_carolinensis_C9B	CM033585.1	538	75	281	355	307169437	307169661	34.667	3.40e-06	55.8
Anolis_carolinensis_C9B	CM033585.1	538	87	191	277	308105247	308105492	36.782	8.77e-06	54.7
Anolis_carolinensis_C9B	CM033586.1	538	93	281	373	81692716	81692991	33.333	4.43e-08	62.0
Anolis_carolinensis_C9B	CM033586.1	538	77	281	357	81764489	81764259	32.468	1.73e-06	57.0
Anolis_carolinensis_C9B	CM033601.1	538	220	306	518	62643241	62643852	25.455	6.29e-08	61.6
Hydrophis_cyanocinctus_C9B	CM033585.1	582	81	273	353	308064729	308064971	100.000	1.82e-43	172
Hydrophis_cyanocinctus_C9B	CM033585.1	582	85	452	536	308074395	308074649	91.765	3.08e-41	166
Hydrophis_cyanocinctus_C9B	CM033585.1	582	75	198	272	308056763	308056987	96.000	1.27e-34	145
Hydrophis_cyanocinctus_C9B	CM033585.1	582	94	273	366	308109633	308109905	69.149	1.06e-33	143
Hydrophis_cyanocinctus_C9B	CM033585.1	582	80	452	531	308121107	308121346	78.750	7.04e-32	137
Hydrophis_cyanocinctus_C9B	CM033585.1	582	68	395	462	308073127	308073330	89.706	3.90e-28	125
Hydrophis_cyanocinctus_C9B	CM033585.1	582	52	531	582	308076188	308076343	100.000	1.06e-25	118
Hydrophis_cyanocinctus_C9B	CM033585.1	582	58	98	155	308050632	308050805	89.655	1.11e-23	112
Hydrophis_cyanocinctus_C9B	CM033585.1	582	50	57	106	308049590	308049739	100.000	8.13e-23	109
Hydrophis_cyanocinctus_C9B	CM033585.1	582	50	106	155	308101993	308102142	96.000	6.95e-21	103
Hydrophis_cyanocinctus_C9B	CM033585.1	582	68	156	210	308054554	308054757	73.529	1.61e-20	102
Hydrophis_cyanocinctus_C9B	CM033585.1	582	71	397	467	308119727	308119939	57.746	8.97e-17	90.1
Hydrophis_cyanocinctus_C9B	CM033585.1	582	45	353	397	308071478	308071612	97.778	1.90e-16	89.4
Hydrophis_cyanocinctus_C9B	CM033585.1	582	54	53	106	308100343	308100504	72.222	8.70e-16	87.0
Hydrophis_cyanocinctus_C9B	CM033585.1	582	47	156	202	308103697	308103837	72.340	6.52e-14	81.3
Hydrophis_cyanocinctus_C9B	CM033585.1	582	70	202	271	308105280	308105489	60.000	1.13e-12	77.0
Hydrophis_cyanocinctus_C9B	CM033585.1	582	49	534	582	308122273	308122419	65.306	1.47e-12	76.6
Hydrophis_cyanocinctus_C9B	CM033585.1	582	38	25	62	308038548	308038661	92.105	2.34e-12	76.3
Hydrophis_cyanocinctus_C9B	CM033585.1	582	69	456	524	307240632	307240429	42.029	2.75e-07	59.7
Hydrophis_cyanocinctus_C9B	CM033585.1	582	56	527	582	307237352	307237185	48.214	4.10e-07	58.9
Hydrophis_cyanocinctus_C9B	CM033585.1	582	55	529	582	307139622	307139786	47.273	3.30e-06	56.2
Hydrophis_cyanocinctus_C9B	CM033601.1	582	228	298	513	62643232	62643852	26.316	9.38e-12	74.3
Hydrophis_cyanocinctus_C9B	CM033601.1	582	223	294	515	18050939	18051553	24.215	2.12e-06	56.6
Hydrophis_cyanocinctus_C9B	CM033586.1	582	50	529	578	81746917	81746768	52.000	4.99e-08	62.0
Hydrophis_cyanocinctus_C9B	CM033586.1	582	82	273	354	81692707	81692952	34.146	1.62e-07	60.5
Hydrophis_cyanocinctus_C9B	CM033586.1	582	78	276	353	81764489	81764256	29.487	6.47e-06	55.1
Bothrops_jararaca_C9B	CM033585.1	583	81	274	354	308064729	308064971	87.654	9.63e-38	155
Bothrops_jararaca_C9B	CM033585.1	583	82	453	534	308074395	308074640	80.488	1.49e-33	142
Bothrops_jararaca_C9B	CM033585.1	583	94	274	367	308109633	308109905	70.213	2.58e-33	142
Bothrops_jararaca_C9B	CM033585.1	583	80	453	532	308121107	308121346	78.750	2.32e-31	135
Bothrops_jararaca_C9B	CM033585.1	583	77	196	272	308056754	308056984	72.727	2.50e-24	114
Bothrops_jararaca_C9B	CM033585.1	583	55	102	156	308050641	308050805	85.455	1.49e-21	105
Bothrops_jararaca_C9B	CM033585.1	583	66	398	463	308073133	308073330	72.727	3.07e-21	104
Bothrops_jararaca_C9B	CM033585.1	583	70	400	469	308119733	308119942	68.571	2.26e-20	101
Bothrops_jararaca_C9B	CM033585.1	583	50	107	156	308101993	308102142	88.000	6.70e-19	97.1
Bothrops_jararaca_C9B	CM033585.1	583	47	157	203	308054554	308054694	85.106	1.61e-17	92.8
Bothrops_jararaca_C9B	CM033585.1	583	54	54	107	308100343	308100504	74.074	2.12e-17	92.4
Bothrops_jararaca_C9B	CM033585.1	583	47	157	203	308103697	308103837	82.979	5.00e-17	91.3
Bothrops_jararaca_C9B	CM033585.1	583	52	532	583	308076188	308076343	71.154	1.14e-16	90.1
Bothrops_jararaca_C9B	CM033585.1	583	51	57	107	308049587	308049739	74.510	1.70e-15	86.3
Bothrops_jararaca_C9B	CM033585.1	583	51	533	583	308122267	308122419	72.549	3.39e-15	85.1
Bothrops_jararaca_C9B	CM033585.1	583	77	196	272	308105259	308105489	49.351	1.84e-10	70.1
Bothrops_jararaca_C9B	CM033585.1	583	45	26	70	308038548	308038682	64.444	1.52e-08	63.9
Bothrops_jararaca_C9B	CM033585.1	583	41	26	66	308099640	308099762	63.415	1.49e-07	60.5
Bothrops_jararaca_C9B	CM033585.1	583	43	354	395	308071478	308071606	65.116	8.12e-07	58.2
Bothrops_jararaca_C9B	CM033585.1	583	79	277	355	307123193	307123429	32.911	1.28e-06	57.4
Bothrops_jararaca_C9B	CM033585.1	583	52	528	579	307237352	307237197	46.154	3.89e-06	55.8
Bothrops_jararaca_C9B	CM033585.1	583	79	277	355	307169437	307169673	30.380	7.24e-06	55.1
Bothrops_jararaca_C9B	CM033585.1	583	42	535	575	307177516	307177641	59.524	7.69e-06	55.1
Bothrops_jararaca_C9B	CM033601.1	583	223	299	514	62643232	62643852	25.112	5.58e-10	68.6
Bothrops_jararaca_C9B	CM033586.1	583	82	274	355	81692707	81692952	35.366	2.31e-08	63.2
Bothrops_jararaca_C9B	CM033586.1	583	51	529	579	81746920	81746768	50.980	6.31e-08	61.6
Bothrops_jararaca_C9B	CM033586.1	583	52	532	583	81723403	81723546	51.923	1.23e-06	57.4
Laticauda_colubrina_C9B	CM033585.1	583	79	276	354	308064735	308064971	93.671	1.75e-39	160
Laticauda_colubrina_C9B	CM033585.1	583	82	453	534	308074395	308074640	87.805	4.68e-37	153
Laticauda_colubrina_C9B	CM033585.1	583	92	276	367	308109639	308109905	69.565	1.77e-33	142
Laticauda_colubrina_C9B	CM033585.1	583	80	453	532	308121107	308121346	77.500	1.43e-31	136
Laticauda_colubrina_C9B	CM033585.1	583	78	199	276	308056763	308056996	83.333	1.80e-28	127
Laticauda_colubrina_C9B	CM033585.1	583	67	397	463	308073130	308073330	82.090	2.33e-25	117
Laticauda_colubrina_C9B	CM033585.1	583	52	532	583	308076188	308076343	94.231	2.75e-24	114
Laticauda_colubrina_C9B	CM033585.1	583	50	58	107	308049590	308049739	94.000	4.07e-21	103
Laticauda_colubrina_C9B	CM033585.1	583	58	99	156	308050632	308050805	81.034	1.43e-20	102
Laticauda_colubrina_C9B	CM033585.1	583	68	157	211	308054554	308054757	69.118	3.34e-19	98.2
Laticauda_colubrina_C9B	CM033585.1	583	50	107	156	308101993	308102142	88.000	1.66e-18	95.9
Laticauda_colubrina_C9B	CM033585.1	583	71	398	468	308119727	308119939	63.380	2.79e-18	95.1
Laticauda_colubrina_C9B	CM033585.1	583	54	54	107	308100343	308100504	75.926	4.07e-17	91.3
Laticauda_colubrina_C9B	CM033585.1	583	46	157	202	308103697	308103834	78.261	3.96e-15	85.1
Laticauda_colubrina_C9B	CM033585.1	583	51	533	583	308122267	308122419	62.745	3.09e-12	75.9
Laticauda_colubrina_C9B	CM033585.1	583	43	354	396	308112061	308112189	83.721	3.26e-12	75.5
Laticauda_colubrina_C9B	CM033585.1	583	45	26	70	308038548	308038682	77.778	2.46e-11	72.8
Laticauda_colubrina_C9B	CM033585.1	583	69	203	271	308105280	308105486	53.623	6.67e-10	68.2
Laticauda_colubrina_C9B	CM033585.1	583	69	457	525	307240632	307240429	42.029	4.55e-07	58.9
Laticauda_colubrina_C9B	CM033585.1	583	81	275	355	307123187	307123429	34.568	4.59e-07	58.9
Laticauda_colubrina_C9B	CM033585.1	583	100	268	355	307169374	307169673	30.000	1.27e-06	57.4
Laticauda_colubrina_C9B	CM033585.1	583	56	529	583	307139619	307139786	50.000	1.37e-06	57.4
Laticauda_colubrina_C9B	CM033585.1	583	38	26	63	308099640	308099753	63.158	3.01e-06	56.2
Laticauda_colubrina_C9B	CM033585.1	583	56	528	583	307237352	307237185	44.643	9.27e-06	54.7
Laticauda_colubrina_C9B	CM033601.1	583	221	299	514	62643232	62643852	23.982	5.74e-11	71.6
Laticauda_colubrina_C9B	CM033586.1	583	51	529	579	81746920	81746768	52.941	3.65e-08	62.4
Laticauda_colubrina_C9B	CM033586.1	583	81	277	357	81692716	81692958	30.864	9.74e-08	61.2
Laticauda_colubrina_C9B	CM033586.1	583	81	274	354	81764498	81764256	30.864	9.00e-07	58.2
Pseudonaja_textilis_C9B	CM033585.1	583	81	274	354	308064729	308064971	92.593	3.03e-40	163
Pseudonaja_textilis_C9B	CM033585.1	583	82	453	534	308074395	308074640	89.024	2.11e-37	154
Pseudonaja_textilis_C9B	CM033585.1	583	92	276	367	308109639	308109905	71.739	6.27e-35	147
Pseudonaja_textilis_C9B	CM033585.1	583	80	453	532	308121107	308121346	76.250	7.97e-31	134
Pseudonaja_textilis_C9B	CM033585.1	583	75	199	273	308056763	308056987	80.000	2.00e-27	124
Pseudonaja_textilis_C9B	CM033585.1	583	66	398	463	308073133	308073330	86.364	5.02e-26	119
Pseudonaja_textilis_C9B	CM033585.1	583	58	99	156	308050632	308050805	87.931	3.78e-23	110
Pseudonaja_textilis_C9B	CM033585.1	583	51	57	107	308049587	308049739	96.078	2.62e-22	107
Pseudonaja_textilis_C9B	CM033585.1	583	52	532	583	308076188	308076343	88.462	1.23e-21	105
Pseudonaja_textilis_C9B	CM033585.1	583	50	107	156	308101993	308102142	94.000	2.12e-20	102
Pseudonaja_textilis_C9B	CM033585.1	583	82	157	225	308054554	308054799	60.976	5.45e-20	100
Pseudonaja_textilis_C9B	CM033585.1	583	71	398	468	308119727	308119939	60.563	6.43e-17	90.9
Pseudonaja_textilis_C9B	CM033585.1	583	54	54	107	308100343	308100504	72.222	4.50e-16	88.2
Pseudonaja_textilis_C9B	CM033585.1	583	47	157	203	308103697	308103837	76.596	4.28e-15	85.1
Pseudonaja_textilis_C9B	CM033585.1	583	45	354	398	308071478	308071612	84.444	2.32e-13	79.3
Pseudonaja_textilis_C9B	CM033585.1	583	48	536	583	308122276	308122419	60.417	2.63e-10	69.3
Pseudonaja_textilis_C9B	CM033585.1	583	45	26	70	308038548	308038682	73.333	3.83e-10	68.9
Pseudonaja_textilis_C9B	CM033585.1	583	70	203	272	308105280	308105489	50.000	1.36e-08	63.9
Pseudonaja_textilis_C9B	CM033585.1	583	69	457	525	307240632	307240429	42.029	1.31e-07	60.8
Pseudonaja_textilis_C9B	CM033585.1	583	54	530	583	307237346	307237185	48.148	2.42e-07	59.7
Pseudonaja_textilis_C9B	CM033585.1	583	38	26	63	308099640	308099753	68.421	2.49e-07	59.7
Pseudonaja_textilis_C9B	CM033585.1	583	54	531	583	307139631	307139786	50.000	2.54e-06	56.6
Pseudonaja_textilis_C9B	CM033585.1	583	78	277	354	307123193	307123426	32.051	5.20e-06	55.5
Pseudonaja_textilis_C9B	CM033601.1	583	228	299	514	62643232	62643852	26.316	5.88e-12	74.7
Pseudonaja_textilis_C9B	CM033601.1	583	223	295	516	18050939	18051553	23.767	1.89e-07	60.1
Pseudonaja_textilis_C9B	CM033586.1	583	50	530	579	81746917	81746768	54.000	3.16e-08	62.8
Pseudonaja_textilis_C9B	CM033586.1	583	78	277	354	81692716	81692949	33.333	8.94e-08	61.2
Pseudonaja_textilis_C9B	CM033586.1	583	78	277	354	81764489	81764256	29.487	1.50e-06	57.4
Pseudonaja_textilis_C9B	CM033586.1	583	47	537	583	81723406	81723546	44.681	4.24e-06	55.8
Notechis_scutatus_C9B	CM033585.1	583	79	276	354	308064735	308064971	93.671	2.97e-39	160
Notechis_scutatus_C9B	CM033585.1	583	88	449	536	308074383	308074646	86.364	7.10e-39	159
Notechis_scutatus_C9B	CM033585.1	583	92	276	367	308109639	308109905	69.565	1.05e-33	143
Notechis_scutatus_C9B	CM033585.1	583	75	199	273	308056763	308056987	92.000	1.06e-32	140
Notechis_scutatus_C9B	CM033585.1	583	98	435	532	308121053	308121346	65.306	5.79e-32	137
Notechis_scutatus_C9B	CM033585.1	583	67	397	463	308073130	308073330	88.060	8.48e-27	122
Notechis_scutatus_C9B	CM033585.1	583	52	532	583	308076188	308076343	100.000	9.77e-26	118
Notechis_scutatus_C9B	CM033585.1	583	58	99	156	308050632	308050805	89.655	1.03e-23	112
Notechis_scutatus_C9B	CM033585.1	583	50	58	107	308049590	308049739	98.000	3.06e-22	107
Notechis_scutatus_C9B	CM033585.1	583	50	107	156	308101993	308102142	96.000	7.51e-21	103
Notechis_scutatus_C9B	CM033585.1	583	82	157	225	308054554	308054799	62.195	2.36e-20	101
Notechis_scutatus_C9B	CM033585.1	583	71	398	468	308119727	308119939	57.746	4.00e-17	91.3
Notechis_scutatus_C9B	CM033585.1	583	54	54	107	308100343	308100504	72.222	7.23e-16	87.4
Notechis_scutatus_C9B	CM033585.1	583	47	157	203	308103697	308103837	76.596	2.95e-15	85.5
Notechis_scutatus_C9B	CM033585.1	583	45	354	398	308071478	308071612	91.111	4.46e-15	84.7
Notechis_scutatus_C9B	CM033585.1	583	49	535	583	308122273	308122419	65.306	1.43e-12	76.6
Notechis_scutatus_C9B	CM033585.1	583	45	26	70	308038548	308038682	77.778	2.31e-11	72.8
Notechis_scutatus_C9B	CM033585.1	583	70	203	272	308105280	308105489	57.143	2.75e-11	72.8
Notechis_scutatus_C9B	CM033585.1	583	69	457	525	307240632	307240429	42.029	1.50e-07	60.5
Notechis_scutatus_C9B	CM033585.1	583	56	528	583	307237352	307237185	48.214	7.34e-07	58.2
Notechis_scutatus_C9B	CM033585.1	583	38	26	63	308099640	308099753	63.158	3.09e-06	56.2
Notechis_scutatus_C9B	CM033585.1	583	55	530	583	307139622	307139786	47.273	3.31e-06	56.2
Notechis_scutatus_C9B	CM033585.1	583	100	268	355	307169374	307169673	29.000	4.06e-06	55.8
Notechis_scutatus_C9B	CM033585.1	583	79	277	355	307123193	307123429	31.646	7.62e-06	55.1
Notechis_scutatus_C9B	CM033601.1	583	228	299	514	62643232	62643852	27.193	1.73e-12	76.6
Notechis_scutatus_C9B	CM033601.1	583	223	295	516	18050939	18051553	23.318	9.31e-07	57.8
Notechis_scutatus_C9B	CM033586.1	583	50	530	579	81746917	81746768	52.000	5.64e-08	62.0
Notechis_scutatus_C9B	CM033586.1	583	81	274	354	81764498	81764256	30.864	1.86e-07	60.1
Notechis_scutatus_C9B	CM033586.1	583	79	277	355	81692716	81692952	31.646	3.74e-07	59.3
Pituophis_catenifer_C9B	CM033585.1	583	94	274	367	308109633	308109905	82.979	4.22e-40	162
Pituophis_catenifer_C9B	CM033585.1	583	80	453	532	308074395	308074634	85.000	1.08e-34	146
Pituophis_catenifer_C9B	CM033585.1	583	77	277	353	308064738	308064968	83.117	5.78e-33	140
Pituophis_catenifer_C9B	CM033585.1	583	77	456	532	308121116	308121346	79.221	3.42e-31	135
Pituophis_catenifer_C9B	CM033585.1	583	72	397	468	308119724	308119939	77.778	1.20e-23	112
Pituophis_catenifer_C9B	CM033585.1	583	76	198	273	308105265	308105492	72.368	3.00e-23	110
Pituophis_catenifer_C9B	CM033585.1	583	55	102	156	308050641	308050805	87.273	3.07e-21	104
Pituophis_catenifer_C9B	CM033585.1	583	50	107	156	308101993	308102142	98.000	3.66e-21	104
Pituophis_catenifer_C9B	CM033585.1	583	51	533	583	308122267	308122419	86.275	2.86e-20	101
Pituophis_catenifer_C9B	CM033585.1	583	54	54	107	308100343	308100504	81.481	7.44e-19	97.1
Pituophis_catenifer_C9B	CM033585.1	583	47	157	203	308103697	308103837	89.362	8.33e-19	96.7
Pituophis_catenifer_C9B	CM033585.1	583	60	404	463	308073151	308073330	66.667	7.65e-17	90.5
Pituophis_catenifer_C9B	CM033585.1	583	75	198	272	308056760	308056984	57.333	1.00e-14	83.6
Pituophis_catenifer_C9B	CM033585.1	583	53	55	107	308049581	308049739	69.811	4.56e-14	81.6
Pituophis_catenifer_C9B	CM033585.1	583	47	157	203	308054554	308054694	74.468	4.93e-14	81.6
Pituophis_catenifer_C9B	CM033585.1	583	52	532	583	308076188	308076343	57.692	6.09e-12	74.7
Pituophis_catenifer_C9B	CM033585.1	583	41	26	66	308099640	308099762	70.732	1.48e-09	67.0
Pituophis_catenifer_C9B	CM033585.1	583	45	26	70	308038548	308038682	57.778	5.35e-07	58.5
Pituophis_catenifer_C9B	CM033585.1	583	42	355	395	308071481	308071606	66.667	7.21e-07	58.2
Pituophis_catenifer_C9B	CM033585.1	583	69	457	525	307240632	307240429	40.580	4.20e-06	55.8
Pituophis_catenifer_C9B	CM033601.1	583	224	299	514	62643232	62643852	29.018	9.15e-13	77.4
Pituophis_catenifer_C9B	CM033601.1	583	282	298	564	18050948	18051733	22.695	8.85e-07	58.2
Pituophis_catenifer_C9B	CM033586.1	583	76	277	352	81692716	81692943	38.158	1.18e-07	60.8
Pituophis_catenifer_C9B	CM033586.1	583	75	450	523	81720585	81720809	36.000	2.48e-06	56.6
Pituophis_catenifer_C9B	CM033586.1	583	46	538	583	81723409	81723546	52.174	3.40e-06	56.2
Pantherophis_obsoletus_C9B	CM033585.1	583	81	274	354	308064729	308064971	85.185	3.84e-36	150
Pantherophis_obsoletus_C9B	CM033585.1	583	77	456	532	308121116	308121346	87.013	1.94e-35	148
Pantherophis_obsoletus_C9B	CM033585.1	583	94	274	367	308109633	308109905	72.340	4.73e-35	147
Pantherophis_obsoletus_C9B	CM033585.1	583	80	453	532	308074395	308074634	78.750	2.93e-33	142
Pantherophis_obsoletus_C9B	CM033585.1	583	72	397	468	308119724	308119939	77.778	1.14e-23	112
Pantherophis_obsoletus_C9B	CM033585.1	583	75	198	272	308105265	308105489	72.000	1.08e-22	108
Pantherophis_obsoletus_C9B	CM033585.1	583	55	102	156	308050641	308050805	87.273	3.66e-21	104
Pantherophis_obsoletus_C9B	CM033585.1	583	56	528	583	308122252	308122419	80.357	4.36e-21	103
Pantherophis_obsoletus_C9B	CM033585.1	583	50	107	156	308101993	308102142	98.000	4.93e-21	103
Pantherophis_obsoletus_C9B	CM033585.1	583	54	54	107	308100343	308100504	83.333	4.46e-20	100
Pantherophis_obsoletus_C9B	CM033585.1	583	47	157	203	308103697	308103837	89.362	9.49e-19	96.7
Pantherophis_obsoletus_C9B	CM033585.1	583	68	396	463	308073127	308073330	61.765	3.54e-17	91.7
Pantherophis_obsoletus_C9B	CM033585.1	583	78	198	275	308056760	308056993	57.692	2.22e-15	85.9
Pantherophis_obsoletus_C9B	CM033585.1	583	51	57	107	308049587	308049739	74.510	6.19e-15	84.3
Pantherophis_obsoletus_C9B	CM033585.1	583	47	157	203	308054554	308054694	74.468	6.38e-14	81.3
Pantherophis_obsoletus_C9B	CM033585.1	583	52	532	583	308076188	308076343	55.769	8.21e-12	74.3
Pantherophis_obsoletus_C9B	CM033585.1	583	41	26	66	308099640	308099762	65.854	2.23e-08	63.2
Pantherophis_obsoletus_C9B	CM033585.1	583	43	354	395	308071478	308071606	72.093	2.78e-08	62.8
Pantherophis_obsoletus_C9B	CM033585.1	583	45	26	70	308038548	308038682	64.444	2.98e-08	62.8
Pantherophis_obsoletus_C9B	CM033585.1	583	69	457	525	307240632	307240429	39.130	5.13e-07	58.9
Pantherophis_obsoletus_C9B	CM033585.1	583	81	275	355	307123187	307123429	33.333	2.40e-06	56.6
Pantherophis_obsoletus_C9B	CM033585.1	583	73	457	529	307134422	307134637	39.726	3.86e-06	55.8
Pantherophis_obsoletus_C9B	CM033601.1	583	223	299	514	62643232	62643852	27.803	5.13e-12	75.1
Pantherophis_obsoletus_C9B	CM033586.1	583	82	274	355	81692707	81692952	37.805	2.97e-09	65.9
Pantherophis_obsoletus_C9B	CM033586.1	583	47	537	583	81723406	81723546	51.064	2.26e-06	56.6
Pantherophis_obsoletus_C9B	CM033586.1	583	75	450	523	81720585	81720809	36.000	2.44e-06	56.6
Pantherophis_obsoletus_C9B	CM033586.1	583	81	274	354	81764498	81764256	29.630	3.64e-06	55.8
Crotalus_tigris_C9B	CM033585.1	583	94	274	367	308109633	308109905	76.596	5.17e-37	153
Crotalus_tigris_C9B	CM033585.1	583	83	453	535	308074395	308074643	78.313	2.99e-34	144
Crotalus_tigris_C9B	CM033585.1	583	80	453	532	308121107	308121346	80.000	1.51e-32	139
Crotalus_tigris_C9B	CM033585.1	583	78	276	353	308064735	308064968	78.205	5.90e-32	137
Crotalus_tigris_C9B	CM033585.1	583	77	196	272	308105259	308105489	77.922	3.32e-25	117
Crotalus_tigris_C9B	CM033585.1	583	73	396	468	308119721	308119939	71.233	1.69e-21	105
Crotalus_tigris_C9B	CM033585.1	583	55	102	156	308050641	308050805	85.455	6.19e-21	103
Crotalus_tigris_C9B	CM033585.1	583	51	533	583	308122267	308122419	84.314	2.07e-20	102
Crotalus_tigris_C9B	CM033585.1	583	50	107	156	308101993	308102142	92.000	3.43e-19	98.2
Crotalus_tigris_C9B	CM033585.1	583	47	157	203	308103697	308103837	87.234	3.81e-18	94.7
Crotalus_tigris_C9B	CM033585.1	583	63	401	463	308073142	308073330	68.254	8.69e-18	93.6
Crotalus_tigris_C9B	CM033585.1	583	54	54	107	308100343	308100504	74.074	1.55e-17	92.8
Crotalus_tigris_C9B	CM033585.1	583	77	196	272	308056754	308056984	55.844	1.99e-15	85.9
Crotalus_tigris_C9B	CM033585.1	583	47	157	203	308054554	308054694	78.723	2.66e-15	85.5
Crotalus_tigris_C9B	CM033585.1	583	51	57	107	308049587	308049739	74.510	9.95e-15	83.6
Crotalus_tigris_C9B	CM033585.1	583	52	532	583	308076188	308076343	57.692	1.47e-12	76.6
Crotalus_tigris_C9B	CM033585.1	583	41	26	66	308099640	308099762	78.049	6.92e-11	71.2
Crotalus_tigris_C9B	CM033585.1	583	41	355	395	308112064	308112186	70.732	6.75e-08	61.6
Crotalus_tigris_C9B	CM033585.1	583	69	457	525	307240632	307240429	39.130	2.59e-06	56.6
Crotalus_tigris_C9B	CM033585.1	583	45	26	70	308038548	308038682	55.556	3.64e-06	55.8
Crotalus_tigris_C9B	CM033601.1	583	223	299	514	62643232	62643852	27.354	1.85e-11	73.2
Crotalus_tigris_C9B	CM033586.1	583	103	277	379	81692716	81693021	31.068	2.30e-07	60.1
Crotalus_tigris_C9B	CM033586.1	583	46	538	583	81723409	81723546	52.174	4.90e-06	55.5
Ptyas_mucosa_C9B	CM033585.1	583	94	274	367	308109633	308109905	84.043	8.30e-41	164
Ptyas_mucosa_C9B	CM033585.1	583	77	456	532	308121116	308121346	85.714	2.43e-34	145
Ptyas_mucosa_C9B	CM033585.1	583	84	277	360	308064738	308064989	78.571	4.57e-33	141
Ptyas_mucosa_C9B	CM033585.1	583	80	453	532	308074395	308074634	77.500	6.57e-32	137
Ptyas_mucosa_C9B	CM033585.1	583	56	528	583	308122252	308122419	87.500	1.99e-23	111
Ptyas_mucosa_C9B	CM033585.1	583	76	198	273	308105265	308105492	73.684	5.57e-23	110
Ptyas_mucosa_C9B	CM033585.1	583	72	397	468	308119724	308119939	75.000	1.87e-21	105
Ptyas_mucosa_C9B	CM033585.1	583	58	99	156	308050632	308050805	82.759	1.69e-20	102
Ptyas_mucosa_C9B	CM033585.1	583	50	107	156	308101993	308102142	96.000	2.26e-20	101
Ptyas_mucosa_C9B	CM033585.1	583	47	157	203	308103697	308103837	89.362	7.00e-19	97.1
Ptyas_mucosa_C9B	CM033585.1	583	53	55	107	308049581	308049739	79.245	2.40e-17	92.0
Ptyas_mucosa_C9B	CM033585.1	583	54	54	107	308100343	308100504	74.074	3.24e-16	88.6
Ptyas_mucosa_C9B	CM033585.1	583	57	401	457	308073142	308073312	68.421	6.14e-16	87.8
Ptyas_mucosa_C9B	CM033585.1	583	75	198	272	308056760	308056984	58.667	1.82e-14	82.8
Ptyas_mucosa_C9B	CM033585.1	583	47	157	203	308054554	308054694	74.468	2.16e-14	82.8
Ptyas_mucosa_C9B	CM033585.1	583	52	532	583	308076188	308076343	59.615	1.37e-12	77.0
Ptyas_mucosa_C9B	CM033585.1	583	35	355	389	308112064	308112168	82.857	2.49e-07	59.7
Ptyas_mucosa_C9B	CM033585.1	583	70	460	529	307134431	307134637	41.429	5.20e-06	55.5
Ptyas_mucosa_C9B	CM033585.1	583	42	27	66	308099637	308099762	61.905	6.01e-06	55.5
Ptyas_mucosa_C9B	CM033585.1	583	69	457	525	307240632	307240429	37.681	6.06e-06	55.5
Ptyas_mucosa_C9B	CM033601.1	583	221	299	514	62643232	62643852	25.339	8.19e-10	67.8
Ptyas_mucosa_C9B	CM033586.1	583	76	277	352	81692716	81692943	38.158	1.24e-07	60.8
Ptyas_mucosa_C9B	CM033586.1	583	47	537	583	81723406	81723546	51.064	2.13e-06	56.6
