Hydrophis_cyanocinctus_C9A	CM033585.1	584	81	273	353	308064729	308064971	100.000	1.73e-43	172
Hydrophis_cyanocinctus_C9A	CM033585.1	584	85	453	537	308074395	308074649	91.765	3.31e-41	166
Hydrophis_cyanocinctus_C9A	CM033585.1	584	75	198	272	308056763	308056987	96.000	1.25e-34	145
Hydrophis_cyanocinctus_C9A	CM033585.1	584	94	273	366	308109633	308109905	69.149	1.13e-33	143
Hydrophis_cyanocinctus_C9A	CM033585.1	584	80	453	532	308121107	308121346	78.750	7.02e-32	137
Hydrophis_cyanocinctus_C9A	CM033585.1	584	68	396	463	308073127	308073330	91.176	9.71e-29	127
Hydrophis_cyanocinctus_C9A	CM033585.1	584	53	532	584	308076188	308076346	100.000	8.26e-26	119
Hydrophis_cyanocinctus_C9A	CM033585.1	584	58	98	155	308050632	308050805	89.655	1.11e-23	112
Hydrophis_cyanocinctus_C9A	CM033585.1	584	50	57	106	308049590	308049739	100.000	8.26e-23	109
Hydrophis_cyanocinctus_C9A	CM033585.1	584	50	106	155	308101993	308102142	96.000	7.05e-21	103
Hydrophis_cyanocinctus_C9A	CM033585.1	584	68	156	210	308054554	308054757	73.529	1.63e-20	102
Hydrophis_cyanocinctus_C9A	CM033585.1	584	71	398	468	308119727	308119939	57.746	9.30e-17	90.1
Hydrophis_cyanocinctus_C9A	CM033585.1	584	43	353	395	308071478	308071606	100.000	3.28e-16	88.6
Hydrophis_cyanocinctus_C9A	CM033585.1	584	54	53	106	308100343	308100504	72.222	8.57e-16	87.0
Hydrophis_cyanocinctus_C9A	CM033585.1	584	47	156	202	308103697	308103837	72.340	6.63e-14	81.3
Hydrophis_cyanocinctus_C9A	CM033585.1	584	70	202	271	308105280	308105489	60.000	1.14e-12	77.0
Hydrophis_cyanocinctus_C9A	CM033585.1	584	50	535	584	308122273	308122422	66.000	1.14e-12	77.0
Hydrophis_cyanocinctus_C9A	CM033585.1	584	38	25	62	308038548	308038661	92.105	2.40e-12	76.3
Hydrophis_cyanocinctus_C9A	CM033585.1	584	69	457	525	307240632	307240429	42.029	2.76e-07	59.7
Hydrophis_cyanocinctus_C9A	CM033585.1	584	56	528	583	307237352	307237185	48.214	3.82e-07	59.3
Hydrophis_cyanocinctus_C9A	CM033585.1	584	55	530	583	307139622	307139786	47.273	3.35e-06	56.2
Hydrophis_cyanocinctus_C9A	CM033601.1	584	224	298	514	62643232	62643852	27.232	3.65e-12	75.5
Hydrophis_cyanocinctus_C9A	CM033586.1	584	50	530	579	81746917	81746768	52.000	5.11e-08	62.0
Hydrophis_cyanocinctus_C9A	CM033586.1	584	82	273	354	81692707	81692952	34.146	1.63e-07	60.5
Hydrophis_cyanocinctus_C9A	CM033586.1	584	78	276	353	81764489	81764256	29.487	6.50e-06	55.1
Hydrophis_cyanocinctus_C9B	CM033585.1	584	94	274	367	308109633	308109905	89.362	1.45e-44	176
Hydrophis_cyanocinctus_C9B	CM033585.1	584	77	456	532	308121116	308121346	98.701	1.23e-39	161
Hydrophis_cyanocinctus_C9B	CM033585.1	584	79	195	273	308105256	308105492	93.671	3.66e-35	147
Hydrophis_cyanocinctus_C9B	CM033585.1	584	80	274	353	308064729	308064968	78.750	3.41e-32	138
Hydrophis_cyanocinctus_C9B	CM033585.1	584	80	453	532	308074395	308074634	78.750	9.21e-32	137
Hydrophis_cyanocinctus_C9B	CM033585.1	584	72	397	468	308119724	308119939	87.500	4.60e-28	125
Hydrophis_cyanocinctus_C9B	CM033585.1	584	57	528	584	308122252	308122422	96.491	3.55e-26	120
Hydrophis_cyanocinctus_C9B	CM033585.1	584	54	54	107	308100343	308100504	94.444	1.85e-23	111
Hydrophis_cyanocinctus_C9B	CM033585.1	584	55	102	156	308050641	308050805	89.091	3.95e-22	107
Hydrophis_cyanocinctus_C9B	CM033585.1	584	50	107	156	308101993	308102142	100.000	7.04e-22	106
Hydrophis_cyanocinctus_C9B	CM033585.1	584	47	157	203	308103697	308103837	97.872	1.96e-20	102
Hydrophis_cyanocinctus_C9B	CM033585.1	584	66	398	463	308073133	308073330	59.091	2.10e-16	89.0
Hydrophis_cyanocinctus_C9B	CM033585.1	584	42	355	396	308112064	308112189	100.000	1.04e-15	87.0
Hydrophis_cyanocinctus_C9B	CM033585.1	584	77	196	272	308056754	308056984	59.740	1.04e-15	87.0
Hydrophis_cyanocinctus_C9B	CM033585.1	584	51	57	107	308049587	308049739	74.510	2.54e-15	85.5
Hydrophis_cyanocinctus_C9B	CM033585.1	584	53	532	584	308076188	308076346	64.151	2.55e-14	82.4
Hydrophis_cyanocinctus_C9B	CM033585.1	584	75	157	231	308054554	308054778	53.333	5.49e-14	81.3
Hydrophis_cyanocinctus_C9B	CM033585.1	584	41	26	66	308099640	308099762	82.927	3.10e-12	75.9
Hydrophis_cyanocinctus_C9B	CM033585.1	584	71	457	527	307240632	307240423	40.845	4.23e-07	58.9
Hydrophis_cyanocinctus_C9B	CM033585.1	584	45	26	70	308038548	308038682	55.556	2.82e-06	56.2
Hydrophis_cyanocinctus_C9B	CM033585.1	584	47	537	583	307237325	307237185	53.191	7.20e-06	55.1
Hydrophis_cyanocinctus_C9B	CM033601.1	584	221	299	514	62643232	62643852	24.887	2.34e-10	69.7
Hydrophis_cyanocinctus_C9B	CM033601.1	584	220	298	516	18050948	18051553	22.727	4.57e-07	58.9
Hydrophis_cyanocinctus_C9B	CM033586.1	584	103	273	375	81692704	81693009	33.010	5.15e-08	62.0
Hydrophis_cyanocinctus_C9B	CM033586.1	584	48	537	584	81723406	81723549	52.083	4.91e-06	55.5
