Lacerta_agilis_C9A	CM121144.1	589	83	275	357	23750236	23749988	72.289	2.95e-31	135
Lacerta_agilis_C9A	CM121144.1	589	80	455	534	23745603	23745364	68.750	1.03e-27	125
Lacerta_agilis_C9A	CM121144.1	589	109	155	243	23753885	23753562	45.872	1.00e-16	90.1
Lacerta_agilis_C9A	CM121144.1	589	56	100	154	23758909	23758742	75.000	6.03e-16	87.8
Lacerta_agilis_C9A	CM121144.1	589	82	40	119	23760211	23759966	48.780	7.17e-14	81.3
Lacerta_agilis_C9A	CM121144.1	589	59	400	458	23747001	23746825	62.712	1.96e-13	79.7
Lacerta_agilis_C9A	CM121144.1	589	52	539	589	23743560	23743405	69.231	4.63e-12	75.1
Lacerta_agilis_C9A	CM121144.1	589	90	194	275	23751631	23751362	45.556	3.79e-10	68.9
Lacerta_agilis_C9A	CM121144.1	589	60	470	529	24561181	24561360	46.667	4.07e-08	62.4
Lacerta_agilis_C9A	CM121144.1	589	92	275	366	24596299	24596024	26.087	9.31e-06	54.7
Lacerta_agilis_C9A	CM121152.1	589	226	300	516	34838007	34838630	26.991	1.44e-10	70.5
Lacerta_agilis_C9A	CM121152.1	589	217	304	518	34844981	34845577	23.963	2.26e-07	60.1
Lacerta_agilis_C9A	CM121142.1	589	82	275	356	82578217	82577972	36.585	5.88e-08	62.0
Lacerta_agilis_C9A	CM121142.1	589	93	268	360	82519748	82520011	29.032	1.19e-06	57.8
Lacerta_agilis_C9A	CM121142.1	589	67	461	526	82553008	82552808	40.299	1.67e-06	57.4
Zootoca_vivipara_C9A	CM121144.1	589	83	275	357	23750236	23749988	72.289	2.62e-31	135
Zootoca_vivipara_C9A	CM121144.1	589	80	455	534	23745603	23745364	71.250	1.43e-28	127
Zootoca_vivipara_C9A	CM121144.1	589	109	155	243	23753885	23753562	45.872	1.58e-16	89.7
Zootoca_vivipara_C9A	CM121144.1	589	56	100	154	23758909	23758742	73.214	1.07e-15	87.0
Zootoca_vivipara_C9A	CM121144.1	589	66	40	105	23760211	23760014	53.030	9.74e-13	77.4
Zootoca_vivipara_C9A	CM121144.1	589	59	400	458	23747001	23746825	59.322	3.15e-12	75.9
Zootoca_vivipara_C9A	CM121144.1	589	52	539	589	23743560	23743405	67.308	1.36e-11	73.6
Zootoca_vivipara_C9A	CM121144.1	589	90	194	275	23751631	23751362	41.111	5.43e-10	68.6
Zootoca_vivipara_C9A	CM121144.1	589	60	470	529	24561181	24561360	45.000	7.65e-08	61.6
Zootoca_vivipara_C9A	CM121144.1	589	92	275	366	24596299	24596024	26.087	7.34e-06	55.1
Zootoca_vivipara_C9A	CM121152.1	589	226	300	516	34838007	34838630	24.779	4.04e-09	65.9
Zootoca_vivipara_C9A	CM121142.1	589	82	275	356	82578217	82577972	36.585	1.04e-07	61.2
Zootoca_vivipara_C9A	CM121142.1	589	67	461	526	82553008	82552808	40.299	1.73e-06	57.0
Zootoca_vivipara_C9A	CM121142.1	589	93	268	360	82519748	82520011	29.032	1.79e-06	57.0
Podarcis_muralis_C9A	CM121144.1	589	83	275	357	23750236	23749988	72.289	6.44e-31	134
Podarcis_muralis_C9A	CM121144.1	589	80	455	534	23745603	23745364	68.750	1.44e-27	124
Podarcis_muralis_C9A	CM121144.1	589	47	155	201	23753885	23753745	78.723	1.62e-16	89.7
Podarcis_muralis_C9A	CM121144.1	589	56	100	154	23758909	23758742	75.000	7.88e-16	87.4
Podarcis_muralis_C9A	CM121144.1	589	52	539	589	23743560	23743405	71.154	9.41e-13	77.4
Podarcis_muralis_C9A	CM121144.1	589	66	40	105	23760211	23760014	53.030	1.46e-12	77.0
Podarcis_muralis_C9A	CM121144.1	589	59	400	458	23747001	23746825	54.237	1.10e-10	70.9
Podarcis_muralis_C9A	CM121144.1	589	90	194	275	23751631	23751362	44.444	2.73e-09	66.2
Podarcis_muralis_C9A	CM121144.1	589	60	470	529	24561181	24561360	43.333	4.79e-08	62.4
Podarcis_muralis_C9A	CM121152.1	589	226	300	516	34838007	34838630	25.664	6.17e-10	68.2
Podarcis_muralis_C9A	CM121142.1	589	78	279	356	82578205	82577972	35.897	4.13e-07	59.3
Podarcis_muralis_C9A	CM121142.1	589	67	461	526	82553008	82552808	40.299	1.56e-06	57.4
Podarcis_muralis_C9A	CM121142.1	589	93	268	360	82519748	82520011	27.957	5.00e-06	55.5
Anolis_carolinensis_C9A	CM121144.1	591	83	277	359	23750236	23749988	69.880	2.58e-30	133
Anolis_carolinensis_C9A	CM121144.1	591	83	455	537	23745609	23745361	67.470	8.11e-28	125
Anolis_carolinensis_C9A	CM121144.1	591	47	156	202	23753885	23753745	76.596	1.33e-15	86.7
Anolis_carolinensis_C9A	CM121144.1	591	57	532	588	23743587	23743417	61.404	5.83e-14	81.3
Anolis_carolinensis_C9A	CM121144.1	591	52	56	107	23760166	23760011	61.538	3.87e-12	75.5
Anolis_carolinensis_C9A	CM121144.1	591	56	101	155	23758909	23758742	66.071	1.88e-11	73.2
Anolis_carolinensis_C9A	CM121144.1	591	62	400	461	23747007	23746822	53.226	3.17e-10	69.3
Anolis_carolinensis_C9A	CM121144.1	591	119	453	561	24561127	24561474	31.092	4.06e-08	62.4
Anolis_carolinensis_C9A	CM121144.1	591	88	281	368	24596287	24596024	34.091	4.90e-08	62.0
Anolis_carolinensis_C9A	CM121144.1	591	47	17	63	23764276	23764136	55.319	1.04e-06	57.8
Anolis_carolinensis_C9A	CM121144.1	591	78	281	358	24629532	24629299	32.051	4.35e-06	55.8
Anolis_carolinensis_C9A	CM121142.1	591	110	257	366	82519721	82520020	35.455	4.43e-09	65.5
Anolis_carolinensis_C9A	CM121142.1	591	78	281	358	82578205	82577972	34.615	8.50e-07	58.2
Anolis_carolinensis_C9A	CM121142.1	591	82	460	540	82553017	82552781	32.927	8.97e-06	54.7
Anolis_carolinensis_C9A	CM121152.1	591	223	302	519	34838007	34838633	24.215	7.38e-09	64.7
Anolis_carolinensis_C9A	CM121152.1	591	187	306	492	34844981	34845490	24.599	6.95e-08	61.6
Pogona_vitticeps_C9A	CM121144.1	576	85	256	340	23750242	23749988	68.235	9.35e-31	134
Pogona_vitticeps_C9A	CM121144.1	576	74	438	511	23745603	23745382	71.622	2.61e-25	117
Pogona_vitticeps_C9A	CM121144.1	576	49	156	204	23753885	23753739	79.592	1.28e-16	89.7
Pogona_vitticeps_C9A	CM121144.1	576	52	525	576	23743560	23743405	71.154	2.03e-14	82.8
Pogona_vitticeps_C9A	CM121144.1	576	70	87	155	23758945	23758742	62.857	2.11e-13	79.3
Pogona_vitticeps_C9A	CM121144.1	576	61	381	441	23747007	23746825	55.738	1.20e-11	73.9
Pogona_vitticeps_C9A	CM121144.1	576	54	54	107	23760172	23760011	55.556	5.38e-11	71.6
Pogona_vitticeps_C9A	CM121144.1	576	48	16	63	23764279	23764136	58.333	1.83e-08	63.5
Pogona_vitticeps_C9A	CM121144.1	576	70	441	510	24561148	24561354	40.000	1.17e-07	60.8
Pogona_vitticeps_C9A	CM121144.1	576	42	521	561	24589010	24588885	66.667	9.33e-07	58.2
Pogona_vitticeps_C9A	CM121144.1	576	42	521	561	24624314	24624189	59.524	1.59e-06	57.4
Pogona_vitticeps_C9A	CM121144.1	576	87	253	339	24629559	24629299	32.184	2.08e-06	57.0
Pogona_vitticeps_C9A	CM121144.1	576	93	257	349	24596302	24596024	29.032	2.42e-06	56.6
Pogona_vitticeps_C9A	CM121144.1	576	80	433	512	24591192	24590956	40.000	8.90e-06	54.7
Pogona_vitticeps_C9A	CM121152.1	576	298	283	569	34838007	34838843	23.826	2.43e-11	72.8
Pogona_vitticeps_C9A	CM121152.1	576	192	287	478	34844981	34845505	25.000	1.94e-08	63.5
Pogona_vitticeps_C9A	CM121142.1	576	83	257	339	82519751	82519999	37.349	1.62e-08	63.5
Pogona_vitticeps_C9A	CM121142.1	576	78	262	339	82578205	82577972	35.897	1.56e-07	60.5
Pogona_vitticeps_C9A	CM121142.1	576	89	483	571	82551144	82550911	38.202	3.08e-07	59.7
Pogona_vitticeps_C9A	CM121142.1	576	70	441	509	82553017	82552808	37.143	7.60e-07	58.2
Gekko_japonicus_C9A	CM121144.1	582	83	291	373	23750236	23749988	75.904	1.28e-32	140
Gekko_japonicus_C9A	CM121144.1	582	84	442	525	23745630	23745379	69.048	2.64e-28	126
Gekko_japonicus_C9A	CM121144.1	582	47	173	219	23753885	23753745	78.723	1.95e-15	86.3
Gekko_japonicus_C9A	CM121144.1	582	54	69	122	23760166	23760014	72.222	4.82e-15	84.7
Gekko_japonicus_C9A	CM121144.1	582	60	394	453	23747007	23746828	60.000	7.49e-15	84.3
Gekko_japonicus_C9A	CM121144.1	582	56	117	172	23758909	23758742	66.071	8.45e-15	84.0
Gekko_japonicus_C9A	CM121144.1	582	51	531	581	23743572	23743420	72.549	1.98e-14	82.8
Gekko_japonicus_C9A	CM121144.1	582	38	32	69	23764270	23764157	78.947	4.55e-10	68.9
Gekko_japonicus_C9A	CM121144.1	582	67	457	523	24561157	24561354	43.284	5.10e-08	62.0
Gekko_japonicus_C9A	CM121144.1	582	92	291	382	24596299	24596024	28.261	6.69e-07	58.5
Gekko_japonicus_C9A	CM121152.1	582	214	320	514	34844981	34845577	26.168	5.79e-11	71.6
Gekko_japonicus_C9A	CM121142.1	582	71	302	372	82578184	82577972	36.620	2.45e-07	59.7
Gekko_japonicus_C9A	CM121142.1	582	68	456	522	82553011	82552808	36.765	2.78e-07	59.7
Gekko_japonicus_C9A	CM121142.1	582	82	295	376	82519766	82520011	31.707	7.32e-06	55.1
Crotalus_tigris_C9A	CM121144.1	583	82	277	358	23750224	23749979	59.756	8.55e-24	112
Crotalus_tigris_C9A	CM121144.1	583	80	453	532	23745603	23745364	55.000	3.74e-21	104
Crotalus_tigris_C9A	CM121144.1	583	56	102	156	23758909	23758742	67.857	6.25e-14	81.3
Crotalus_tigris_C9A	CM121144.1	583	47	157	203	23753885	23753745	65.957	1.62e-12	76.6
Crotalus_tigris_C9A	CM121144.1	583	83	41	121	23760211	23759966	46.988	1.60e-11	73.6
Crotalus_tigris_C9A	CM121144.1	583	56	528	583	23743587	23743420	57.143	7.14e-11	71.2
Crotalus_tigris_C9A	CM121144.1	583	70	456	525	24561148	24561354	40.000	4.74e-08	62.4
Crotalus_tigris_C9A	CM121144.1	583	62	398	457	23747007	23746822	50.000	1.95e-07	60.1
Crotalus_tigris_C9A	CM121152.1	583	224	298	514	34838007	34838630	26.786	3.60e-11	72.4
Crotalus_tigris_C9A	CM121152.1	583	222	299	516	34844972	34845577	24.775	1.76e-08	63.5
Thamnophis_elegans_C9A	CM121144.1	583	78	277	354	23750224	23749991	66.667	3.67e-25	117
Thamnophis_elegans_C9A	CM121144.1	583	76	458	533	23745588	23745361	60.526	4.68e-20	100
Thamnophis_elegans_C9A	CM121144.1	583	47	157	203	23753885	23753745	70.213	8.58e-13	77.4
Thamnophis_elegans_C9A	CM121144.1	583	59	99	156	23758918	23758742	62.712	5.20e-12	75.1
Thamnophis_elegans_C9A	CM121144.1	583	47	537	583	23743560	23743420	63.830	4.16e-11	72.0
Thamnophis_elegans_C9A	CM121144.1	583	70	54	121	23760172	23759966	47.143	6.39e-09	65.1
Thamnophis_elegans_C9A	CM121144.1	583	62	396	457	23747007	23746822	43.548	3.54e-07	59.3
Thamnophis_elegans_C9A	CM121144.1	583	40	535	573	24589004	24588885	65.000	3.99e-07	59.3
Thamnophis_elegans_C9A	CM121144.1	583	56	8	63	23764297	23764136	46.429	7.50e-07	58.2
Thamnophis_elegans_C9A	CM121144.1	583	45	530	573	24624323	24624189	53.333	7.56e-07	58.2
Thamnophis_elegans_C9A	CM121144.1	583	70	456	525	24561148	24561354	38.571	9.97e-06	54.7
Thamnophis_elegans_C9A	CM121152.1	583	264	298	549	34838007	34838738	26.136	1.22e-10	70.5
Thamnophis_elegans_C9A	CM121152.1	583	222	299	516	34844972	34845577	26.126	1.09e-07	60.8
Thamnophis_elegans_C9A	CM121142.1	583	47	537	583	82551051	82550911	51.064	2.18e-07	60.1
Thamnophis_elegans_C9A	CM121142.1	583	81	274	354	82578214	82577972	33.333	2.53e-06	56.6
Naja_naja_C9A	CM121144.1	582	82	277	358	23750224	23749979	58.537	4.03e-23	110
Naja_naja_C9A	CM121144.1	582	76	457	532	23745588	23745361	57.895	2.80e-20	101
Naja_naja_C9A	CM121144.1	582	52	106	156	23758897	23758742	75.000	6.55e-14	81.3
Naja_naja_C9A	CM121144.1	582	47	157	203	23753885	23753745	63.830	9.43e-12	74.3
Naja_naja_C9A	CM121144.1	582	56	527	582	23743587	23743420	57.143	3.56e-11	72.4
Naja_naja_C9A	CM121144.1	582	70	54	121	23760172	23759966	52.857	7.95e-11	71.2
Naja_naja_C9A	CM121144.1	582	70	455	524	24561148	24561354	38.571	6.82e-08	61.6
Naja_naja_C9A	CM121144.1	582	56	401	456	23746989	23746822	51.786	1.25e-07	60.8
Naja_naja_C9A	CM121144.1	582	38	26	63	23764249	23764136	63.158	5.94e-07	58.5
Naja_naja_C9A	CM121144.1	582	82	269	343	24629577	24629332	36.585	4.62e-06	55.8
Naja_naja_C9A	CM121152.1	582	224	298	513	34838007	34838630	23.661	1.80e-08	63.5
Naja_naja_C9A	CM121152.1	582	194	299	492	34844972	34845505	24.227	2.19e-08	63.2
Naja_naja_C9A	CM121142.1	582	74	277	350	82519766	82519987	37.838	2.44e-06	56.6
Pseudonaja_textilis_C9A	CM121144.1	583	82	277	358	23750224	23749979	57.317	8.23e-23	109
Pseudonaja_textilis_C9A	CM121144.1	583	83	451	533	23745609	23745361	54.217	3.84e-21	104
Pseudonaja_textilis_C9A	CM121144.1	583	56	102	156	23758909	23758742	67.857	2.31e-13	79.3
Pseudonaja_textilis_C9A	CM121144.1	583	47	157	203	23753885	23753745	63.830	9.07e-12	74.3
Pseudonaja_textilis_C9A	CM121144.1	583	56	528	583	23743587	23743420	58.929	2.21e-11	73.2
Pseudonaja_textilis_C9A	CM121144.1	583	83	41	121	23760211	23759966	49.398	7.20e-11	71.2
Pseudonaja_textilis_C9A	CM121144.1	583	72	456	527	24561148	24561360	38.889	5.08e-08	62.0
Pseudonaja_textilis_C9A	CM121144.1	583	56	8	63	23764297	23764136	48.214	3.48e-07	59.3
Pseudonaja_textilis_C9A	CM121144.1	583	56	402	457	23746989	23746822	48.214	3.99e-07	59.3
Pseudonaja_textilis_C9A	CM121152.1	583	222	298	514	34838007	34838630	24.324	5.28e-10	68.6
Pseudonaja_textilis_C9A	CM121152.1	583	219	299	516	34844972	34845577	21.918	4.65e-07	58.9
Python_bivittatus_C9A	CM121144.1	582	80	453	532	23745603	23745364	63.750	3.44e-24	114
Python_bivittatus_C9A	CM121144.1	582	82	277	358	23750224	23749979	57.317	4.18e-23	110
Python_bivittatus_C9A	CM121144.1	582	71	91	156	23758954	23758742	52.113	1.85e-12	76.6
Python_bivittatus_C9A	CM121144.1	582	47	157	203	23753885	23753745	61.702	6.81e-12	74.7
Python_bivittatus_C9A	CM121144.1	582	47	536	582	23743560	23743420	65.957	1.93e-10	70.1
Python_bivittatus_C9A	CM121144.1	582	70	456	525	24561148	24561354	40.000	3.36e-08	62.8
Python_bivittatus_C9A	CM121144.1	582	62	396	457	23747007	23746822	48.387	6.59e-08	61.6
Python_bivittatus_C9A	CM121144.1	582	83	41	121	23760211	23759966	42.169	6.76e-08	61.6
Python_bivittatus_C9A	CM121144.1	582	42	16	57	23764279	23764154	57.143	2.09e-06	57.0
Python_bivittatus_C9A	CM121152.1	582	222	298	514	34838007	34838630	23.874	4.91e-10	68.6
Python_bivittatus_C9A	CM121152.1	582	224	299	516	34844972	34845577	26.786	9.17e-10	67.8
Python_bivittatus_C9A	CM121142.1	582	70	456	524	82553017	82552808	38.571	3.47e-07	59.3
Python_bivittatus_C9A	CM121142.1	582	78	277	354	82578205	82577972	34.615	4.88e-07	58.9
Python_bivittatus_C9A	CM121142.1	582	81	277	357	82519766	82520008	33.333	3.26e-06	56.2
Notechis_scutatus_C9A	CM121144.1	583	82	277	358	23750224	23749979	57.317	9.81e-23	109
Notechis_scutatus_C9A	CM121144.1	583	83	451	533	23745609	23745361	53.012	2.39e-21	104
Notechis_scutatus_C9A	CM121144.1	583	56	102	156	23758909	23758742	69.643	9.12e-14	80.9
Notechis_scutatus_C9A	CM121144.1	583	83	41	121	23760211	23759966	51.807	3.98e-12	75.5
Notechis_scutatus_C9A	CM121144.1	583	47	157	203	23753885	23753745	63.830	9.71e-12	74.3
Notechis_scutatus_C9A	CM121144.1	583	56	528	583	23743587	23743420	58.929	1.18e-11	73.9
Notechis_scutatus_C9A	CM121144.1	583	72	456	527	24561148	24561360	38.889	8.25e-08	61.2
Notechis_scutatus_C9A	CM121144.1	583	56	402	457	23746989	23746822	48.214	3.76e-07	59.3
Notechis_scutatus_C9A	CM121144.1	583	56	8	63	23764297	23764136	50.000	5.71e-07	58.5
Notechis_scutatus_C9A	CM121152.1	583	222	298	514	34838007	34838630	24.324	4.68e-10	68.6
Notechis_scutatus_C9A	CM121152.1	583	224	299	516	34844972	34845577	22.768	7.76e-07	58.2
Hydrophis_cyanocinctus_C9A	CM121144.1	583	82	277	358	23750224	23749979	57.317	9.14e-23	109
Hydrophis_cyanocinctus_C9A	CM121144.1	583	83	451	533	23745609	23745361	53.012	3.20e-21	104
Hydrophis_cyanocinctus_C9A	CM121144.1	583	56	102	156	23758909	23758742	69.643	9.12e-14	80.9
Hydrophis_cyanocinctus_C9A	CM121144.1	583	83	41	121	23760211	23759966	51.807	4.05e-12	75.5
Hydrophis_cyanocinctus_C9A	CM121144.1	583	47	157	203	23753885	23753745	65.957	4.41e-12	75.1
Hydrophis_cyanocinctus_C9A	CM121144.1	583	56	528	583	23743587	23743420	58.929	1.23e-11	73.9
Hydrophis_cyanocinctus_C9A	CM121144.1	583	72	456	527	24561148	24561360	38.889	8.54e-08	61.2
Hydrophis_cyanocinctus_C9A	CM121144.1	583	56	8	63	23764297	23764136	48.214	3.79e-07	59.3
Hydrophis_cyanocinctus_C9A	CM121144.1	583	56	402	457	23746989	23746822	48.214	8.10e-07	58.2
Hydrophis_cyanocinctus_C9A	CM121152.1	583	222	298	514	34838007	34838630	24.324	8.25e-11	71.2
Hydrophis_cyanocinctus_C9A	CM121152.1	583	219	299	516	34844972	34845577	22.374	3.37e-07	59.3
Hydrophis_cyanocinctus_C9A	CM121142.1	583	78	273	350	82578217	82577984	34.615	4.64e-06	55.8
Laticauda_colubrina_C9A	CM121144.1	583	77	277	353	23750224	23749994	59.740	1.90e-22	108
Laticauda_colubrina_C9A	CM121144.1	583	81	453	533	23745603	23745361	55.556	1.89e-21	105
Laticauda_colubrina_C9A	CM121144.1	583	56	102	156	23758909	23758742	67.857	2.10e-13	79.7
Laticauda_colubrina_C9A	CM121144.1	583	83	41	121	23760211	23759966	50.602	4.27e-12	75.5
Laticauda_colubrina_C9A	CM121144.1	583	47	157	203	23753885	23753745	63.830	1.04e-11	73.9
Laticauda_colubrina_C9A	CM121144.1	583	56	528	583	23743587	23743420	57.143	4.09e-11	72.0
Laticauda_colubrina_C9A	CM121144.1	583	72	456	527	24561148	24561360	38.889	5.21e-08	62.0
Laticauda_colubrina_C9A	CM121144.1	583	56	402	457	23746989	23746822	51.786	1.01e-07	61.2
Laticauda_colubrina_C9A	CM121144.1	583	56	8	63	23764297	23764136	48.214	5.47e-07	58.9
Laticauda_colubrina_C9A	CM121152.1	583	222	298	514	34838007	34838630	23.874	2.77e-09	66.2
Laticauda_colubrina_C9A	CM121152.1	583	219	299	516	34844972	34845577	23.288	7.32e-09	64.7
Laticauda_colubrina_C9A	CM121142.1	583	74	277	350	82519766	82519987	36.486	9.80e-06	54.7
Protobothrops_mucrosquamatus_C9A	CM121144.1	583	79	277	355	23750224	23749988	64.557	6.01e-26	119
Protobothrops_mucrosquamatus_C9A	CM121144.1	583	76	458	533	23745588	23745361	64.474	1.58e-23	111
Protobothrops_mucrosquamatus_C9A	CM121144.1	583	47	157	203	23753885	23753745	65.957	3.76e-13	78.6
Protobothrops_mucrosquamatus_C9A	CM121144.1	583	56	528	583	23743587	23743420	62.500	1.03e-12	77.4
Protobothrops_mucrosquamatus_C9A	CM121144.1	583	56	102	156	23758909	23758742	64.286	1.65e-12	76.6
Protobothrops_mucrosquamatus_C9A	CM121144.1	583	54	54	107	23760172	23760014	53.704	2.77e-09	66.2
Protobothrops_mucrosquamatus_C9A	CM121144.1	583	70	456	525	24561148	24561354	42.857	8.61e-09	64.7
Protobothrops_mucrosquamatus_C9A	CM121144.1	583	81	381	457	23747064	23746822	43.210	6.56e-08	61.6
Protobothrops_mucrosquamatus_C9A	CM121144.1	583	50	8	57	23764297	23764154	52.000	1.74e-06	57.0
Protobothrops_mucrosquamatus_C9A	CM121144.1	583	91	274	364	24596296	24596024	28.571	3.94e-06	55.8
Protobothrops_mucrosquamatus_C9A	CM121144.1	583	46	529	573	24589022	24588885	54.348	8.27e-06	55.1
Protobothrops_mucrosquamatus_C9A	CM121152.1	583	228	298	514	34838007	34838630	27.632	3.45e-11	72.4
Protobothrops_mucrosquamatus_C9A	CM121152.1	583	198	299	493	34844972	34845505	26.263	5.01e-10	68.6
Protobothrops_mucrosquamatus_C9A	CM121142.1	583	81	274	354	82578214	82577972	33.333	2.63e-07	59.7
Protobothrops_mucrosquamatus_C9A	CM121142.1	583	78	277	354	82519766	82519999	33.333	1.49e-06	57.4
Protobothrops_mucrosquamatus_C9A	CM121142.1	583	47	537	583	82551051	82550911	51.064	1.80e-06	57.0
Chrysopelea_ornata_C9A	CM121144.1	584	79	277	355	23750224	23749988	63.291	1.23e-24	115
Chrysopelea_ornata_C9A	CM121144.1	584	82	452	533	23745609	23745364	60.976	5.99e-23	110
Chrysopelea_ornata_C9A	CM121144.1	584	47	157	203	23753885	23753745	68.085	2.52e-13	79.3
Chrysopelea_ornata_C9A	CM121144.1	584	59	99	156	23758918	23758742	64.407	4.45e-13	78.6
Chrysopelea_ornata_C9A	CM121144.1	584	56	529	584	23743587	23743420	53.571	4.54e-10	68.9
Chrysopelea_ornata_C9A	CM121144.1	584	70	54	121	23760172	23759966	48.571	4.59e-09	65.5
Chrysopelea_ornata_C9A	CM121144.1	584	70	457	526	24561148	24561354	40.000	5.05e-08	62.0
Chrysopelea_ornata_C9A	CM121144.1	584	62	397	458	23747007	23746822	46.774	2.38e-07	60.1
Chrysopelea_ornata_C9A	CM121144.1	584	50	8	57	23764297	23764154	52.000	6.91e-07	58.5
Chrysopelea_ornata_C9A	CM121144.1	584	91	274	364	24596296	24596024	29.670	1.26e-06	57.4
Chrysopelea_ornata_C9A	CM121152.1	584	228	298	515	34838007	34838630	25.877	1.10e-09	67.4
Chrysopelea_ornata_C9A	CM121152.1	584	220	299	517	34844972	34845577	24.091	5.87e-07	58.5
Chrysopelea_ornata_C9A	CM121142.1	584	81	274	354	82578214	82577972	35.802	2.26e-07	60.1
Chrysopelea_ornata_C9A	CM121142.1	584	78	277	354	82519766	82519999	33.333	8.51e-06	54.7
Chrysopelea_ornata_C9A	CM121142.1	584	47	538	584	82551051	82550911	46.809	8.88e-06	54.7
Pituophis_catenifer_C9A	CM121144.1	583	77	277	353	23750224	23749994	62.338	1.99e-23	111
Pituophis_catenifer_C9A	CM121144.1	583	82	451	532	23745609	23745364	57.317	2.37e-21	105
Pituophis_catenifer_C9A	CM121144.1	583	56	102	156	23758909	23758742	64.286	2.02e-12	76.3
Pituophis_catenifer_C9A	CM121144.1	583	47	157	203	23753885	23753745	61.702	2.31e-11	72.8
Pituophis_catenifer_C9A	CM121144.1	583	50	534	583	23743569	23743420	62.000	3.09e-11	72.4
Pituophis_catenifer_C9A	CM121144.1	583	83	41	121	23760211	23759966	48.193	3.48e-11	72.4
Pituophis_catenifer_C9A	CM121144.1	583	92	370	457	23747097	23746822	38.043	1.62e-07	60.5
Pituophis_catenifer_C9A	CM121144.1	583	70	456	525	24561148	24561354	40.000	4.94e-07	58.9
Pituophis_catenifer_C9A	CM121144.1	583	56	8	63	23764297	23764136	48.214	8.38e-07	58.2
Pituophis_catenifer_C9A	CM121144.1	583	45	530	573	24624323	24624189	53.333	5.50e-06	55.5
Pituophis_catenifer_C9A	CM121144.1	583	46	529	573	24589022	24588885	50.000	5.83e-06	55.5
Pituophis_catenifer_C9A	CM121152.1	583	258	298	549	34838007	34838738	25.194	9.15e-11	70.9
Pituophis_catenifer_C9A	CM121152.1	583	219	299	496	34844972	34845577	26.484	8.25e-09	64.7
Pituophis_catenifer_C9A	CM121142.1	583	47	537	583	82551051	82550911	51.064	5.11e-07	58.9
Pituophis_catenifer_C9A	CM121142.1	583	70	456	524	82553017	82552808	37.143	2.60e-06	56.6
Pituophis_catenifer_C9A	CM121142.1	583	75	276	350	82519763	82519987	36.000	3.59e-06	56.2
Pantherophis_obsoletus_C9A	CM121144.1	583	79	277	355	23750224	23749988	65.823	7.18e-27	122
Pantherophis_obsoletus_C9A	CM121144.1	583	82	451	532	23745609	23745364	57.317	2.48e-21	104
Pantherophis_obsoletus_C9A	CM121144.1	583	47	157	203	23753885	23753745	63.830	4.61e-12	75.1
Pantherophis_obsoletus_C9A	CM121144.1	583	83	41	121	23760211	23759966	48.193	4.77e-12	75.1
Pantherophis_obsoletus_C9A	CM121144.1	583	56	102	156	23758909	23758742	60.714	9.38e-12	74.3
Pantherophis_obsoletus_C9A	CM121144.1	583	56	528	583	23743587	23743420	57.143	2.43e-11	72.8
Pantherophis_obsoletus_C9A	CM121144.1	583	92	370	457	23747097	23746822	36.957	2.42e-07	60.1
Pantherophis_obsoletus_C9A	CM121144.1	583	53	17	63	23764294	23764136	52.830	3.31e-07	59.3
Pantherophis_obsoletus_C9A	CM121144.1	583	70	456	525	24561148	24561354	40.000	4.86e-07	58.9
Pantherophis_obsoletus_C9A	CM121144.1	583	91	274	364	24596296	24596024	28.571	2.81e-06	56.6
Pantherophis_obsoletus_C9A	CM121152.1	583	264	298	549	34838007	34838738	25.379	5.96e-11	71.6
Pantherophis_obsoletus_C9A	CM121152.1	583	219	299	496	34844972	34845577	26.484	2.54e-09	66.2
Pantherophis_obsoletus_C9A	CM121142.1	583	81	274	354	82578214	82577972	35.802	8.05e-08	61.6
Pantherophis_obsoletus_C9A	CM121142.1	583	82	277	358	82519766	82520011	35.366	1.10e-07	60.8
Pantherophis_obsoletus_C9A	CM121142.1	583	47	537	583	82551051	82550911	51.064	5.20e-07	58.9
Pantherophis_obsoletus_C9A	CM121142.1	583	70	456	524	82553017	82552808	37.143	2.49e-06	56.6
Bothrops_jararaca_C9A	CM121144.1	583	79	277	355	23750224	23749988	64.557	1.42e-25	118
Bothrops_jararaca_C9A	CM121144.1	583	76	458	533	23745588	23745361	64.474	1.07e-23	112
Bothrops_jararaca_C9A	CM121144.1	583	47	157	203	23753885	23753745	65.957	3.34e-13	79.0
Bothrops_jararaca_C9A	CM121144.1	583	56	102	156	23758909	23758742	67.857	6.19e-13	78.2
Bothrops_jararaca_C9A	CM121144.1	583	56	528	583	23743587	23743420	60.714	3.92e-12	75.5
Bothrops_jararaca_C9A	CM121144.1	583	75	49	121	23760187	23759966	46.667	1.36e-10	70.5
Bothrops_jararaca_C9A	CM121144.1	583	81	381	457	23747064	23746822	43.210	3.61e-09	65.9
Bothrops_jararaca_C9A	CM121144.1	583	70	456	525	24561148	24561354	40.000	1.62e-07	60.5
Bothrops_jararaca_C9A	CM121144.1	583	91	274	364	24596296	24596024	28.571	1.57e-06	57.4
Bothrops_jararaca_C9A	CM121152.1	583	222	298	514	34838007	34838630	27.027	3.03e-10	69.3
Bothrops_jararaca_C9A	CM121152.1	583	222	299	516	34844972	34845577	26.126	9.87e-09	64.3
Bothrops_jararaca_C9A	CM121142.1	583	81	274	354	82578214	82577972	33.333	3.93e-07	59.3
Bothrops_jararaca_C9A	CM121142.1	583	78	277	354	82519766	82519999	33.333	5.22e-06	55.5
Ptyas_mucosa_C9A	CM121144.1	583	80	276	355	23750227	23749988	67.500	1.77e-27	124
Ptyas_mucosa_C9A	CM121144.1	583	82	451	532	23745609	23745364	57.317	4.56e-22	107
Ptyas_mucosa_C9A	CM121144.1	583	56	102	156	23758909	23758742	67.857	1.80e-13	79.7
Ptyas_mucosa_C9A	CM121144.1	583	47	157	203	23753885	23753745	63.830	5.38e-12	75.1
Ptyas_mucosa_C9A	CM121144.1	583	83	41	121	23760211	23759966	48.193	1.93e-11	73.2
Ptyas_mucosa_C9A	CM121144.1	583	56	528	583	23743587	23743420	55.357	6.39e-11	71.6
Ptyas_mucosa_C9A	CM121144.1	583	79	456	534	24561148	24561375	41.772	1.01e-08	64.3
Ptyas_mucosa_C9A	CM121144.1	583	50	8	57	23764297	23764154	54.000	3.45e-07	59.3
Ptyas_mucosa_C9A	CM121144.1	583	55	403	457	23746986	23746822	45.455	4.72e-06	55.8
Ptyas_mucosa_C9A	CM121152.1	583	228	298	514	34838007	34838630	27.193	3.85e-10	68.9
Ptyas_mucosa_C9A	CM121152.1	583	222	299	516	34844972	34845577	23.423	5.53e-08	62.0
Ptyas_mucosa_C9A	CM121142.1	583	81	274	354	82578214	82577972	35.802	1.07e-07	61.2
Ptyas_mucosa_C9A	CM121142.1	583	82	277	358	82519766	82520011	35.366	1.34e-07	60.8
Ptyas_mucosa_C9A	CM121142.1	583	47	537	583	82551051	82550911	51.064	5.29e-07	58.9
Ptyas_mucosa_C9A	CM121142.1	583	70	456	524	82553017	82552808	37.143	4.05e-06	55.8
Vipera_berus_C9A	CM121144.1	583	79	277	355	23750224	23749988	60.759	3.86e-24	113
Vipera_berus_C9A	CM121144.1	583	75	458	532	23745588	23745364	62.667	1.05e-22	109
Vipera_berus_C9A	CM121144.1	583	47	157	203	23753885	23753745	68.085	2.25e-13	79.3
Vipera_berus_C9A	CM121144.1	583	56	528	583	23743587	23743420	60.714	2.09e-12	76.3
Vipera_berus_C9A	CM121144.1	583	56	102	156	23758909	23758742	62.500	1.02e-11	73.9
Vipera_berus_C9A	CM121144.1	583	70	456	525	24561148	24561354	44.286	1.21e-09	67.4
Vipera_berus_C9A	CM121144.1	583	54	54	107	23760172	23760014	55.556	1.31e-09	67.4
Vipera_berus_C9A	CM121144.1	583	81	381	457	23747064	23746822	43.210	6.33e-09	65.1
Vipera_berus_C9A	CM121144.1	583	91	274	364	24596296	24596024	30.769	3.43e-07	59.3
Vipera_berus_C9A	CM121144.1	583	56	8	63	23764297	23764136	48.214	1.61e-06	57.4
Vipera_berus_C9A	CM121144.1	583	70	274	343	24629541	24629332	34.286	5.27e-06	55.5
Vipera_berus_C9A	CM121152.1	583	228	298	514	34838007	34838630	27.193	1.43e-10	70.5
Vipera_berus_C9A	CM121152.1	583	219	299	516	34844972	34845577	25.571	6.33e-09	65.1
Vipera_berus_C9A	CM121142.1	583	81	274	354	82578214	82577972	33.333	1.02e-06	57.8
Vipera_berus_C9A	CM121142.1	583	84	274	357	82519757	82520008	33.333	4.92e-06	55.5
Sceloporus_undulatus_C9A	CM121144.1	591	83	277	359	23750236	23749988	71.084	2.24e-30	133
Sceloporus_undulatus_C9A	CM121144.1	591	83	455	537	23745609	23745361	63.855	2.18e-26	120
Sceloporus_undulatus_C9A	CM121144.1	591	54	536	589	23743575	23743414	62.963	1.72e-13	79.7
Sceloporus_undulatus_C9A	CM121144.1	591	53	54	106	23760172	23760014	56.604	6.09e-12	74.7
Sceloporus_undulatus_C9A	CM121144.1	591	47	156	202	23753885	23753745	65.957	9.92e-12	74.3
Sceloporus_undulatus_C9A	CM121144.1	591	62	400	461	23747007	23746822	54.839	2.52e-11	72.8
Sceloporus_undulatus_C9A	CM121144.1	591	56	101	155	23758909	23758742	62.500	5.56e-10	68.6
Sceloporus_undulatus_C9A	CM121144.1	591	92	277	368	24596299	24596024	31.522	1.29e-08	63.9
Sceloporus_undulatus_C9A	CM121144.1	591	40	539	577	24589004	24588885	70.000	7.76e-08	61.6
Sceloporus_undulatus_C9A	CM121144.1	591	72	460	531	24561148	24561360	37.500	2.96e-07	59.7
Sceloporus_undulatus_C9A	CM121144.1	591	41	17	57	23764276	23764154	60.976	3.85e-07	59.3
Sceloporus_undulatus_C9A	CM121144.1	591	45	534	577	24624323	24624189	60.000	1.35e-06	57.4
Sceloporus_undulatus_C9A	CM121144.1	591	78	281	358	24629532	24629299	32.051	3.02e-06	56.2
Sceloporus_undulatus_C9A	CM121144.1	591	84	201	277	23751613	23751362	42.857	9.77e-06	54.7
Sceloporus_undulatus_C9A	CM121152.1	591	223	302	519	34838007	34838633	22.422	2.68e-08	63.2
Sceloporus_undulatus_C9A	CM121152.1	591	249	306	550	34844981	34845670	24.900	8.31e-08	61.6
Sceloporus_undulatus_C9A	CM121142.1	591	57	531	587	82551078	82550911	50.877	1.95e-07	60.1
Sceloporus_undulatus_C9A	CM121142.1	591	89	270	358	82519748	82519999	34.831	3.33e-07	59.3
Sceloporus_undulatus_C9A	CM121142.1	591	83	460	541	82553017	82552778	33.735	1.64e-06	57.4
Sceloporus_undulatus_C9A	CM121142.1	591	82	277	358	82578217	82577972	34.146	2.24e-06	56.6
Sceloporus_undulatus_C9A	CM121151.1	591	55	541	591	46896946	46897110	47.273	5.76e-06	55.5
Anolis_carolinensis_C9B	CM121144.1	538	81	277	357	23750236	23749994	65.432	4.32e-25	115
Anolis_carolinensis_C9B	CM121144.1	538	73	457	529	23745603	23745385	68.493	2.95e-24	113
Anolis_carolinensis_C9B	CM121144.1	538	47	156	202	23753885	23753745	78.723	2.15e-15	85.5
Anolis_carolinensis_C9B	CM121144.1	538	54	54	107	23760172	23760011	62.963	3.88e-13	78.6
Anolis_carolinensis_C9B	CM121144.1	538	56	101	155	23758909	23758742	64.286	2.67e-11	72.4
Anolis_carolinensis_C9B	CM121144.1	538	62	399	460	23747010	23746825	51.613	9.70e-11	70.9
Anolis_carolinensis_C9B	CM121144.1	538	73	462	534	24561154	24561369	41.096	2.22e-09	66.2
Anolis_carolinensis_C9B	CM121144.1	538	88	281	368	24596287	24596024	35.227	2.36e-08	63.2
Anolis_carolinensis_C9B	CM121144.1	538	97	259	355	24629553	24629308	31.959	1.31e-06	57.4
Anolis_carolinensis_C9B	CM121144.1	538	56	3	57	23764321	23764154	48.214	5.23e-06	55.5
Anolis_carolinensis_C9B	CM121142.1	538	87	270	356	82519748	82519993	37.931	3.69e-09	65.5
Anolis_carolinensis_C9B	CM121142.1	538	76	281	356	82578205	82577978	38.158	6.27e-08	61.6
Anolis_carolinensis_C9B	CM121152.1	538	226	302	519	34838007	34838633	24.336	3.56e-08	62.4
Anolis_carolinensis_C9B	CM121152.1	538	217	306	520	34844981	34845577	26.728	7.57e-08	61.2
Hydrophis_cyanocinctus_C9B	CM121144.1	582	79	276	354	23750224	23749988	62.025	9.06e-25	115
Hydrophis_cyanocinctus_C9B	CM121144.1	582	82	450	531	23745609	23745364	56.098	7.16e-21	103
Hydrophis_cyanocinctus_C9B	CM121144.1	582	59	98	155	23758918	23758742	66.102	1.75e-13	79.7
Hydrophis_cyanocinctus_C9B	CM121144.1	582	47	156	202	23753885	23753745	63.830	3.87e-12	75.5
Hydrophis_cyanocinctus_C9B	CM121144.1	582	50	533	582	23743569	23743420	58.000	2.77e-10	69.3
Hydrophis_cyanocinctus_C9B	CM121144.1	582	70	455	524	24561148	24561354	41.429	4.09e-09	65.5
Hydrophis_cyanocinctus_C9B	CM121144.1	582	70	53	120	23760172	23759966	45.714	2.45e-07	59.7
Hydrophis_cyanocinctus_C9B	CM121152.1	582	266	297	547	34838007	34838735	25.188	1.86e-09	66.6
Hydrophis_cyanocinctus_C9B	CM121152.1	582	221	298	515	34844972	34845577	25.792	2.78e-09	66.2
Hydrophis_cyanocinctus_C9B	CM121142.1	582	82	276	357	82519766	82520011	34.146	1.86e-07	60.1
Hydrophis_cyanocinctus_C9B	CM121142.1	582	81	273	353	82578214	82577972	32.099	3.32e-06	56.2
Hydrophis_cyanocinctus_C9B	CM121142.1	582	47	536	582	82551051	82550911	48.936	6.44e-06	55.1
Bothrops_jararaca_C9B	CM121144.1	583	79	277	355	23750224	23749988	64.557	1.55e-25	118
Bothrops_jararaca_C9B	CM121144.1	583	75	458	532	23745588	23745364	65.333	1.23e-23	112
Bothrops_jararaca_C9B	CM121144.1	583	47	157	203	23753885	23753745	68.085	1.26e-13	80.1
Bothrops_jararaca_C9B	CM121144.1	583	56	102	156	23758909	23758742	64.286	1.75e-12	76.6
Bothrops_jararaca_C9B	CM121144.1	583	56	528	583	23743587	23743420	60.714	4.61e-12	75.1
Bothrops_jararaca_C9B	CM121144.1	583	54	54	107	23760172	23760014	55.556	5.19e-10	68.6
Bothrops_jararaca_C9B	CM121144.1	583	62	396	457	23747007	23746822	46.774	4.58e-08	62.4
Bothrops_jararaca_C9B	CM121144.1	583	70	456	525	24561148	24561354	40.000	1.79e-07	60.5
Bothrops_jararaca_C9B	CM121144.1	583	91	274	364	24596296	24596024	28.571	2.60e-06	56.6
Bothrops_jararaca_C9B	CM121152.1	583	228	298	514	34838007	34838630	27.632	7.56e-10	68.2
Bothrops_jararaca_C9B	CM121152.1	583	222	299	516	34844972	34845577	26.126	4.28e-09	65.5
Bothrops_jararaca_C9B	CM121142.1	583	81	274	354	82578214	82577972	33.333	3.83e-07	59.3
Bothrops_jararaca_C9B	CM121142.1	583	47	537	583	82551051	82550911	48.936	1.55e-06	57.4
Bothrops_jararaca_C9B	CM121142.1	583	89	266	354	82519748	82519999	32.584	2.43e-06	56.6
Laticauda_colubrina_C9B	CM121144.1	583	79	277	355	23750224	23749988	63.291	7.78e-26	119
Laticauda_colubrina_C9B	CM121144.1	583	82	451	532	23745609	23745364	59.756	4.00e-22	107
Laticauda_colubrina_C9B	CM121144.1	583	46	157	202	23753885	23753748	65.217	1.24e-12	77.0
Laticauda_colubrina_C9B	CM121144.1	583	59	99	156	23758918	23758742	61.017	3.56e-12	75.5
Laticauda_colubrina_C9B	CM121144.1	583	47	537	583	23743560	23743420	63.830	1.43e-10	70.5
Laticauda_colubrina_C9B	CM121144.1	583	70	54	121	23760172	23759966	48.571	5.57e-09	65.1
Laticauda_colubrina_C9B	CM121144.1	583	70	456	525	24561148	24561354	41.429	1.65e-08	63.5
Laticauda_colubrina_C9B	CM121144.1	583	88	277	364	24596287	24596024	29.545	2.04e-07	60.1
Laticauda_colubrina_C9B	CM121144.1	583	41	16	56	23764279	23764157	58.537	1.47e-06	57.4
Laticauda_colubrina_C9B	CM121152.1	583	222	298	514	34838007	34838630	26.126	4.65e-11	72.0
Laticauda_colubrina_C9B	CM121152.1	583	221	299	516	34844972	34845577	24.434	9.68e-10	67.8
Laticauda_colubrina_C9B	CM121142.1	583	78	277	354	82578205	82577972	32.051	8.97e-07	58.2
Laticauda_colubrina_C9B	CM121142.1	583	81	274	354	82519757	82519999	34.568	2.69e-06	56.6
Pseudonaja_textilis_C9B	CM121144.1	583	78	277	354	23750224	23749991	64.103	2.36e-25	117
Pseudonaja_textilis_C9B	CM121144.1	583	82	451	532	23745609	23745364	60.976	1.69e-22	108
Pseudonaja_textilis_C9B	CM121144.1	583	59	99	156	23758918	23758742	64.407	4.36e-13	78.6
Pseudonaja_textilis_C9B	CM121144.1	583	47	157	203	23753885	23753745	63.830	4.98e-12	75.1
Pseudonaja_textilis_C9B	CM121144.1	583	70	456	525	24561148	24561354	41.429	2.43e-09	66.2
Pseudonaja_textilis_C9B	CM121144.1	583	48	536	583	23743563	23743420	58.333	3.15e-09	65.9
Pseudonaja_textilis_C9B	CM121144.1	583	70	54	121	23760172	23759966	45.714	9.87e-08	61.2
Pseudonaja_textilis_C9B	CM121144.1	583	42	16	57	23764279	23764154	57.143	1.82e-06	57.0
Pseudonaja_textilis_C9B	CM121152.1	583	262	298	548	34838007	34838735	25.573	6.21e-10	68.2
Pseudonaja_textilis_C9B	CM121152.1	583	221	299	516	34844972	34845577	25.339	1.10e-08	64.3
Pseudonaja_textilis_C9B	CM121142.1	583	85	274	358	82519757	82520011	34.118	2.14e-07	60.1
Pseudonaja_textilis_C9B	CM121142.1	583	78	277	354	82578205	82577972	33.333	3.76e-07	59.3
Pseudonaja_textilis_C9B	CM121142.1	583	50	534	583	82551057	82550911	50.000	1.68e-06	57.0
Notechis_scutatus_C9B	CM121144.1	583	79	277	355	23750224	23749988	62.025	5.52e-25	116
Notechis_scutatus_C9B	CM121144.1	583	75	458	532	23745588	23745364	64.000	2.72e-22	107
Notechis_scutatus_C9B	CM121144.1	583	59	99	156	23758918	23758742	66.102	1.72e-13	79.7
Notechis_scutatus_C9B	CM121144.1	583	47	157	203	23753885	23753745	63.830	3.11e-12	75.9
Notechis_scutatus_C9B	CM121144.1	583	50	534	583	23743569	23743420	58.000	3.11e-10	69.3
Notechis_scutatus_C9B	CM121144.1	583	70	456	525	24561148	24561354	41.429	2.54e-09	66.2
Notechis_scutatus_C9B	CM121144.1	583	70	54	121	23760172	23759966	45.714	1.72e-07	60.5
Notechis_scutatus_C9B	CM121144.1	583	41	16	56	23764279	23764157	58.537	1.71e-06	57.0
Notechis_scutatus_C9B	CM121152.1	583	257	298	548	34838007	34838735	26.459	2.53e-11	72.8
Notechis_scutatus_C9B	CM121152.1	583	221	299	516	34844972	34845577	26.244	3.16e-10	69.3
Notechis_scutatus_C9B	CM121142.1	583	85	274	358	82519757	82520011	32.941	8.10e-07	58.2
Notechis_scutatus_C9B	CM121142.1	583	78	277	354	82578205	82577972	30.769	5.83e-06	55.5
Notechis_scutatus_C9B	CM121142.1	583	47	537	583	82551051	82550911	48.936	6.92e-06	55.1
Pituophis_catenifer_C9B	CM121144.1	583	77	277	353	23750224	23749994	62.338	1.79e-23	111
Pituophis_catenifer_C9B	CM121144.1	583	80	453	532	23745603	23745364	61.250	4.52e-23	110
Pituophis_catenifer_C9B	CM121144.1	583	56	102	156	23758909	23758742	69.643	9.33e-15	84.0
Pituophis_catenifer_C9B	CM121144.1	583	47	157	203	23753885	23753745	65.957	3.76e-13	78.6
Pituophis_catenifer_C9B	CM121144.1	583	70	54	121	23760172	23759966	52.857	3.75e-10	68.9
Pituophis_catenifer_C9B	CM121144.1	583	47	537	583	23743560	23743420	63.830	1.21e-09	67.4
Pituophis_catenifer_C9B	CM121144.1	583	70	456	525	24561148	24561354	42.857	9.96e-09	64.3
Pituophis_catenifer_C9B	CM121144.1	583	92	370	457	23747097	23746822	39.130	1.90e-07	60.1
Pituophis_catenifer_C9B	CM121144.1	583	48	16	63	23764279	23764136	50.000	1.18e-06	57.8
Pituophis_catenifer_C9B	CM121152.1	583	228	298	514	34838007	34838630	26.316	5.81e-11	71.6
Pituophis_catenifer_C9B	CM121152.1	583	222	299	516	34844972	34845577	24.324	5.53e-09	65.1
Pituophis_catenifer_C9B	CM121142.1	583	70	456	524	82553017	82552808	38.571	7.50e-07	58.2
Pituophis_catenifer_C9B	CM121142.1	583	78	273	350	82519754	82519987	35.897	2.58e-06	56.6
Pantherophis_obsoletus_C9B	CM121144.1	583	79	277	355	23750224	23749988	65.823	7.58e-27	122
Pantherophis_obsoletus_C9B	CM121144.1	583	81	453	533	23745603	23745361	54.321	1.37e-20	102
Pantherophis_obsoletus_C9B	CM121144.1	583	56	102	156	23758909	23758742	69.643	1.04e-14	83.6
Pantherophis_obsoletus_C9B	CM121144.1	583	47	157	203	23753885	23753745	65.957	4.55e-13	78.6
Pantherophis_obsoletus_C9B	CM121144.1	583	83	41	121	23760211	23759966	49.398	9.93e-13	77.4
Pantherophis_obsoletus_C9B	CM121144.1	583	56	528	583	23743587	23743420	60.714	1.68e-11	73.6
Pantherophis_obsoletus_C9B	CM121144.1	583	70	456	525	24561148	24561354	35.714	2.22e-07	60.1
Pantherophis_obsoletus_C9B	CM121144.1	583	92	370	457	23747097	23746822	39.130	4.31e-07	58.9
Pantherophis_obsoletus_C9B	CM121144.1	583	48	16	63	23764279	23764136	52.083	9.12e-07	58.2
Pantherophis_obsoletus_C9B	CM121144.1	583	91	274	364	24596296	24596024	29.670	1.66e-06	57.0
Pantherophis_obsoletus_C9B	CM121152.1	583	222	298	514	34838007	34838630	25.225	2.38e-10	69.7
Pantherophis_obsoletus_C9B	CM121152.1	583	190	299	488	34844972	34845490	26.316	8.76e-09	64.7
Pantherophis_obsoletus_C9B	CM121142.1	583	81	274	354	82578214	82577972	35.802	1.02e-07	61.2
Pantherophis_obsoletus_C9B	CM121142.1	583	85	274	358	82519757	82520011	35.294	1.50e-07	60.5
Pantherophis_obsoletus_C9B	CM121142.1	583	70	456	524	82553017	82552808	35.714	4.41e-06	55.8
Pantherophis_obsoletus_C9B	CM121151.1	583	59	529	583	46896934	46897098	49.153	7.86e-06	55.1
Crotalus_tigris_C9B	CM121144.1	583	82	277	358	23750224	23749979	59.756	4.99e-24	113
Crotalus_tigris_C9B	CM121144.1	583	80	453	532	23745603	23745364	57.500	2.67e-22	107
Crotalus_tigris_C9B	CM121144.1	583	56	102	156	23758909	23758742	67.857	6.58e-14	81.3
Crotalus_tigris_C9B	CM121144.1	583	47	157	203	23753885	23753745	65.957	1.66e-12	76.6
Crotalus_tigris_C9B	CM121144.1	583	83	41	121	23760211	23759966	46.988	1.53e-11	73.6
Crotalus_tigris_C9B	CM121144.1	583	56	528	583	23743587	23743420	58.929	5.11e-11	72.0
Crotalus_tigris_C9B	CM121144.1	583	70	456	525	24561148	24561354	40.000	1.69e-08	63.5
Crotalus_tigris_C9B	CM121144.1	583	62	398	457	23747007	23746822	50.000	2.04e-07	60.1
Crotalus_tigris_C9B	CM121144.1	583	56	8	63	23764297	23764136	46.429	6.30e-06	55.5
Crotalus_tigris_C9B	CM121152.1	583	224	298	514	34838007	34838630	27.232	3.92e-11	72.0
Crotalus_tigris_C9B	CM121152.1	583	198	299	493	34844972	34845505	25.758	1.13e-08	64.3
Ptyas_mucosa_C9B	CM121144.1	583	77	277	353	23750224	23749994	62.338	1.66e-23	111
Ptyas_mucosa_C9B	CM121144.1	583	81	453	533	23745603	23745361	53.086	1.59e-19	99.0
Ptyas_mucosa_C9B	CM121144.1	583	59	99	156	23758918	23758742	67.797	3.01e-14	82.4
Ptyas_mucosa_C9B	CM121144.1	583	47	157	203	23753885	23753745	65.957	2.91e-13	79.0
Ptyas_mucosa_C9B	CM121144.1	583	56	528	583	23743587	23743420	60.714	7.45e-12	74.7
Ptyas_mucosa_C9B	CM121144.1	583	70	54	121	23760172	23759966	52.857	5.29e-11	71.6
Ptyas_mucosa_C9B	CM121144.1	583	70	456	525	24561148	24561354	34.286	2.49e-06	56.6
Ptyas_mucosa_C9B	CM121144.1	583	54	404	457	23746983	23746822	50.000	6.63e-06	55.1
Ptyas_mucosa_C9B	CM121152.1	583	222	298	514	34838007	34838630	24.775	1.23e-09	67.4
Ptyas_mucosa_C9B	CM121152.1	583	190	299	488	34844972	34845490	23.684	1.70e-06	57.0
Ptyas_mucosa_C9B	CM121142.1	583	78	273	350	82519754	82519987	35.897	4.56e-06	55.8
