# Teratoscincus_roborowskii_copy1 subject=CM121144.1 region_offset=23728431 (add to sstart/send)
Lacerta_agilis_C9A	region	589	83	275	357	21806	21558	72.289	7.89e-36	135
Lacerta_agilis_C9A	region	589	80	455	534	17173	16934	68.750	2.76e-32	125
Lacerta_agilis_C9A	region	589	109	155	243	25455	25132	45.872	2.69e-21	90.1
Lacerta_agilis_C9A	region	589	56	100	154	30479	30312	75.000	1.62e-20	87.8
Lacerta_agilis_C9A	region	589	82	40	119	31781	31536	48.780	1.93e-18	81.3
Lacerta_agilis_C9A	region	589	59	400	458	18571	18395	62.712	5.28e-18	79.7
Lacerta_agilis_C9A	region	589	52	539	589	15130	14975	69.231	1.25e-16	75.1
Lacerta_agilis_C9A	region	589	90	194	275	23201	22932	45.556	1.03e-14	68.9
Lacerta_agilis_C9A	region	589	48	16	62	35849	35706	50.000	3.59e-08	47.8
Lacerta_agilis_C9A	region	589	62	342	398	20509	20324	40.323	7.12e-07	43.5
Lacerta_agilis_C9A	region	589	26	1	26	41986	41909	57.692	1.68e-04	35.8
Lacerta_agilis_C9A	region	589	44	40	83	15118	14990	36.364	0.36	25.0
Zootoca_vivipara_C9A	region	589	83	275	357	21806	21558	72.289	7.02e-36	135
Zootoca_vivipara_C9A	region	589	80	455	534	17173	16934	71.250	3.84e-33	127
Zootoca_vivipara_C9A	region	589	109	155	243	25455	25132	45.872	4.26e-21	89.7
Zootoca_vivipara_C9A	region	589	56	100	154	30479	30312	73.214	2.89e-20	87.0
Zootoca_vivipara_C9A	region	589	66	40	105	31781	31584	53.030	2.63e-17	77.4
Zootoca_vivipara_C9A	region	589	59	400	458	18571	18395	59.322	8.51e-17	75.9
Zootoca_vivipara_C9A	region	589	52	539	589	15130	14975	67.308	3.68e-16	73.6
Zootoca_vivipara_C9A	region	589	90	194	275	23201	22932	41.111	1.47e-14	68.6
Zootoca_vivipara_C9A	region	589	60	343	398	20503	20324	43.333	6.84e-09	50.1
Zootoca_vivipara_C9A	region	589	28	35	62	35789	35706	64.286	1.01e-07	46.2
Zootoca_vivipara_C9A	region	589	26	1	26	41986	41909	61.538	6.95e-05	37.0
Zootoca_vivipara_C9A	region	589	49	40	87	15118	14978	36.735	0.17	25.8
Podarcis_muralis_C9A	region	589	83	275	357	21806	21558	72.289	1.73e-35	134
Podarcis_muralis_C9A	region	589	80	455	534	17173	16934	68.750	3.87e-32	124
Podarcis_muralis_C9A	region	589	47	155	201	25455	25315	78.723	4.37e-21	89.7
Podarcis_muralis_C9A	region	589	56	100	154	30479	30312	75.000	2.12e-20	87.4
Podarcis_muralis_C9A	region	589	52	539	589	15130	14975	71.154	2.54e-17	77.4
Podarcis_muralis_C9A	region	589	66	40	105	31781	31584	53.030	3.93e-17	77.0
Podarcis_muralis_C9A	region	589	59	400	458	18571	18395	54.237	2.97e-15	70.9
Podarcis_muralis_C9A	region	589	90	194	275	23201	22932	44.444	7.38e-14	66.2
Podarcis_muralis_C9A	region	589	60	343	398	20503	20324	43.333	1.32e-08	49.3
Podarcis_muralis_C9A	region	589	28	35	62	35789	35706	67.857	5.92e-08	47.0
Podarcis_muralis_C9A	region	589	26	1	26	41986	41909	57.692	3.82e-04	34.7
Podarcis_muralis_C9A	region	589	48	40	87	15118	14978	35.417	0.15	26.2
Anolis_carolinensis_C9A	region	591	83	277	359	21806	21558	69.880	6.92e-35	133
Anolis_carolinensis_C9A	region	591	83	455	537	17179	16931	67.470	2.17e-32	125
Anolis_carolinensis_C9A	region	591	47	156	202	25455	25315	76.596	3.59e-20	86.7
Anolis_carolinensis_C9A	region	591	57	532	588	15157	14987	61.404	1.57e-18	81.3
Anolis_carolinensis_C9A	region	591	52	56	107	31736	31581	61.538	1.04e-16	75.5
Anolis_carolinensis_C9A	region	591	56	101	155	30479	30312	66.071	5.09e-16	73.2
Anolis_carolinensis_C9A	region	591	62	400	461	18577	18392	53.226	8.56e-15	69.3
Anolis_carolinensis_C9A	region	591	47	17	63	35846	35706	55.319	2.83e-11	57.8
Anolis_carolinensis_C9A	region	591	89	197	277	23195	22932	40.449	1.15e-08	49.3
Anolis_carolinensis_C9A	region	591	42	345	382	20503	20378	38.095	0.002	32.7
Pogona_vitticeps_C9A	region	576	85	256	340	21812	21558	68.235	2.50e-35	134
Pogona_vitticeps_C9A	region	576	74	438	511	17173	16952	71.622	7.01e-30	117
Pogona_vitticeps_C9A	region	576	49	156	204	25455	25309	79.592	3.44e-21	89.7
Pogona_vitticeps_C9A	region	576	52	525	576	15130	14975	71.154	5.47e-19	82.8
Pogona_vitticeps_C9A	region	576	70	87	155	30515	30312	62.857	5.69e-18	79.3
Pogona_vitticeps_C9A	region	576	61	381	441	18577	18395	55.738	3.25e-16	73.9
Pogona_vitticeps_C9A	region	576	54	54	107	31742	31581	55.556	1.45e-15	71.6
Pogona_vitticeps_C9A	region	576	48	16	63	35849	35706	58.333	4.96e-13	63.5
Pogona_vitticeps_C9A	region	576	58	326	379	20503	20330	34.483	4.89e-05	37.4
Pogona_vitticeps_C9A	region	576	26	1	26	41986	41909	53.846	0.055	27.3
Gekko_japonicus_C9A	region	582	83	291	373	21806	21558	75.904	3.43e-37	140
Gekko_japonicus_C9A	region	582	84	442	525	17200	16949	69.048	7.08e-33	126
Gekko_japonicus_C9A	region	582	47	173	219	25455	25315	78.723	5.26e-20	86.3
Gekko_japonicus_C9A	region	582	54	69	122	31736	31584	72.222	1.30e-19	84.7
Gekko_japonicus_C9A	region	582	60	394	453	18577	18398	60.000	2.02e-19	84.3
Gekko_japonicus_C9A	region	582	56	117	172	30479	30312	66.071	2.28e-19	84.0
Gekko_japonicus_C9A	region	582	51	531	581	15142	14990	72.549	5.34e-19	82.8
Gekko_japonicus_C9A	region	582	38	32	69	35840	35727	78.947	1.23e-14	68.9
Gekko_japonicus_C9A	region	582	88	214	291	23195	22932	37.500	6.65e-10	53.5
Gekko_japonicus_C9A	region	582	30	359	384	20503	20414	46.667	0.082	26.9
Crotalus_tigris_C9A	region	583	82	277	358	21794	21549	59.756	2.29e-28	112
Crotalus_tigris_C9A	region	583	80	453	532	17173	16934	55.000	1.01e-25	104
Crotalus_tigris_C9A	region	583	56	102	156	30479	30312	67.857	1.69e-18	81.3
Crotalus_tigris_C9A	region	583	47	157	203	25455	25315	65.957	4.37e-17	76.6
Crotalus_tigris_C9A	region	583	83	41	121	31781	31536	46.988	4.31e-16	73.6
Crotalus_tigris_C9A	region	583	56	528	583	15157	14990	57.143	1.93e-15	71.2
Crotalus_tigris_C9A	region	583	62	398	457	18577	18392	50.000	5.29e-12	60.1
Crotalus_tigris_C9A	region	583	56	8	63	35867	35706	44.643	5.82e-10	53.5
Crotalus_tigris_C9A	region	583	26	1	26	41986	41909	57.692	0.004	31.2
Crotalus_tigris_C9A	region	583	34	44	77	15109	15011	41.176	0.34	25.0
Thamnophis_elegans_C9A	region	583	78	277	354	21794	21561	66.667	9.85e-30	117
Thamnophis_elegans_C9A	region	583	76	458	533	17158	16931	60.526	1.26e-24	100
Thamnophis_elegans_C9A	region	583	47	157	203	25455	25315	70.213	2.32e-17	77.4
Thamnophis_elegans_C9A	region	583	59	99	156	30488	30312	62.712	1.40e-16	75.1
Thamnophis_elegans_C9A	region	583	47	537	583	15130	14990	63.830	1.12e-15	72.0
Thamnophis_elegans_C9A	region	583	70	54	121	31742	31536	47.143	1.73e-13	65.1
Thamnophis_elegans_C9A	region	583	62	396	457	18577	18392	43.548	9.60e-12	59.3
Thamnophis_elegans_C9A	region	583	56	8	63	35867	35706	46.429	2.03e-11	58.2
Thamnophis_elegans_C9A	region	583	89	196	272	23201	22935	33.708	2.23e-08	48.5
Thamnophis_elegans_C9A	region	583	26	1	26	41986	41909	57.692	0.007	30.4
Thamnophis_elegans_C9A	region	583	53	341	389	20503	20345	33.962	0.040	28.1
Thamnophis_elegans_C9A	region	583	28	524	551	10498	10415	32.143	0.35	25.0
Thamnophis_elegans_C9A	region	583	46	44	88	15109	14978	36.957	0.92	23.5
Naja_naja_C9A	region	582	82	277	358	21794	21549	58.537	1.08e-27	110
Naja_naja_C9A	region	582	76	457	532	17158	16931	57.895	7.53e-25	101
Naja_naja_C9A	region	582	52	106	156	30467	30312	75.000	1.77e-18	81.3
Naja_naja_C9A	region	582	47	157	203	25455	25315	63.830	2.55e-16	74.3
Naja_naja_C9A	region	582	56	527	582	15157	14990	57.143	9.61e-16	72.4
Naja_naja_C9A	region	582	70	54	121	31742	31536	52.857	2.15e-15	71.2
Naja_naja_C9A	region	582	56	401	456	18559	18392	51.786	3.38e-12	60.8
Naja_naja_C9A	region	582	38	26	63	35819	35706	63.158	1.61e-11	58.5
Naja_naja_C9A	region	582	44	199	242	23192	23061	31.818	0.041	28.1
Naja_naja_C9A	region	582	26	1	26	41986	41909	46.154	0.15	26.2
Pseudonaja_textilis_C9A	region	583	82	277	358	21794	21549	57.317	2.21e-27	109
Pseudonaja_textilis_C9A	region	583	83	451	533	17179	16931	54.217	1.03e-25	104
Pseudonaja_textilis_C9A	region	583	56	102	156	30479	30312	67.857	6.22e-18	79.3
Pseudonaja_textilis_C9A	region	583	47	157	203	25455	25315	63.830	2.45e-16	74.3
Pseudonaja_textilis_C9A	region	583	56	528	583	15157	14990	58.929	5.97e-16	73.2
Pseudonaja_textilis_C9A	region	583	83	41	121	31781	31536	49.398	1.95e-15	71.2
Pseudonaja_textilis_C9A	region	583	56	8	63	35867	35706	48.214	9.44e-12	59.3
Pseudonaja_textilis_C9A	region	583	56	402	457	18559	18392	48.214	1.08e-11	59.3
Pseudonaja_textilis_C9A	region	583	26	1	26	41986	41909	53.846	0.016	29.3
Pseudonaja_textilis_C9A	region	583	44	199	242	23192	23061	31.818	0.047	27.7
Pseudonaja_textilis_C9A	region	583	44	41	84	15118	14990	34.091	0.56	24.3
Python_bivittatus_C9A	region	582	80	453	532	17173	16934	63.750	9.24e-29	114
Python_bivittatus_C9A	region	582	82	277	358	21794	21549	57.317	1.12e-27	110
Python_bivittatus_C9A	region	582	71	91	156	30524	30312	52.113	4.99e-17	76.6
Python_bivittatus_C9A	region	582	47	157	203	25455	25315	61.702	1.84e-16	74.7
Python_bivittatus_C9A	region	582	47	536	582	15130	14990	65.957	5.23e-15	70.1
Python_bivittatus_C9A	region	582	62	396	457	18577	18392	48.387	1.79e-12	61.6
Python_bivittatus_C9A	region	582	83	41	121	31781	31536	42.169	1.83e-12	61.6
Python_bivittatus_C9A	region	582	42	16	57	35849	35724	57.143	5.68e-11	57.0
Python_bivittatus_C9A	region	582	98	199	296	23192	22899	27.551	2.73e-07	44.7
Python_bivittatus_C9A	region	582	26	1	26	41986	41909	65.385	5.79e-04	33.9
Python_bivittatus_C9A	region	582	45	41	84	15118	14990	35.556	0.065	27.3
Python_bivittatus_C9A	region	582	58	341	394	20503	20330	27.586	0.42	24.6
Notechis_scutatus_C9A	region	583	82	277	358	21794	21549	57.317	2.63e-27	109
Notechis_scutatus_C9A	region	583	83	451	533	17179	16931	53.012	6.43e-26	104
Notechis_scutatus_C9A	region	583	56	102	156	30479	30312	69.643	2.46e-18	80.9
Notechis_scutatus_C9A	region	583	83	41	121	31781	31536	51.807	1.08e-16	75.5
Notechis_scutatus_C9A	region	583	47	157	203	25455	25315	63.830	2.62e-16	74.3
Notechis_scutatus_C9A	region	583	56	528	583	15157	14990	58.929	3.19e-16	73.9
Notechis_scutatus_C9A	region	583	56	402	457	18559	18392	48.214	1.02e-11	59.3
Notechis_scutatus_C9A	region	583	56	8	63	35867	35706	50.000	1.55e-11	58.5
Notechis_scutatus_C9A	region	583	26	1	26	41986	41909	61.538	0.006	30.4
Notechis_scutatus_C9A	region	583	44	199	242	23192	23061	31.818	0.038	28.1
Notechis_scutatus_C9A	region	583	44	41	84	15118	14990	34.091	0.60	24.3
Hydrophis_cyanocinctus_C9A	region	583	82	277	358	21794	21549	57.317	2.45e-27	109
Hydrophis_cyanocinctus_C9A	region	583	83	451	533	17179	16931	53.012	8.59e-26	104
Hydrophis_cyanocinctus_C9A	region	583	56	102	156	30479	30312	69.643	2.46e-18	80.9
Hydrophis_cyanocinctus_C9A	region	583	83	41	121	31781	31536	51.807	1.09e-16	75.5
Hydrophis_cyanocinctus_C9A	region	583	47	157	203	25455	25315	65.957	1.19e-16	75.1
Hydrophis_cyanocinctus_C9A	region	583	56	528	583	15157	14990	58.929	3.33e-16	73.9
Hydrophis_cyanocinctus_C9A	region	583	56	8	63	35867	35706	48.214	1.03e-11	59.3
Hydrophis_cyanocinctus_C9A	region	583	56	402	457	18559	18392	48.214	2.19e-11	58.2
Hydrophis_cyanocinctus_C9A	region	583	26	1	26	41986	41909	53.846	0.016	29.3
Hydrophis_cyanocinctus_C9A	region	583	44	199	242	23192	23061	31.818	0.040	28.1
Hydrophis_cyanocinctus_C9A	region	583	60	341	396	20503	20324	23.333	0.34	25.0
Hydrophis_cyanocinctus_C9A	region	583	44	41	84	15118	14990	34.091	0.59	24.3
Laticauda_colubrina_C9A	region	583	77	277	353	21794	21564	59.740	5.09e-27	108
Laticauda_colubrina_C9A	region	583	81	453	533	17173	16931	55.556	5.08e-26	105
Laticauda_colubrina_C9A	region	583	56	102	156	30479	30312	67.857	5.66e-18	79.7
Laticauda_colubrina_C9A	region	583	83	41	121	31781	31536	50.602	1.15e-16	75.5
Laticauda_colubrina_C9A	region	583	47	157	203	25455	25315	63.830	2.81e-16	73.9
Laticauda_colubrina_C9A	region	583	56	528	583	15157	14990	57.143	1.11e-15	72.0
Laticauda_colubrina_C9A	region	583	56	402	457	18559	18392	51.786	2.74e-12	61.2
Laticauda_colubrina_C9A	region	583	56	8	63	35867	35706	48.214	1.48e-11	58.9
Laticauda_colubrina_C9A	region	583	26	1	26	41986	41909	53.846	0.017	29.3
Laticauda_colubrina_C9A	region	583	60	341	396	20503	20324	23.333	0.10	26.6
Laticauda_colubrina_C9A	region	583	44	199	242	23192	23061	29.545	0.36	24.6
Laticauda_colubrina_C9A	region	583	37	41	77	15118	15011	37.838	0.58	24.3
Protobothrops_mucrosquamatus_C9A	region	583	79	277	355	21794	21558	64.557	1.61e-30	119
Protobothrops_mucrosquamatus_C9A	region	583	76	458	533	17158	16931	64.474	4.25e-28	111
Protobothrops_mucrosquamatus_C9A	region	583	47	157	203	25455	25315	65.957	1.02e-17	78.6
Protobothrops_mucrosquamatus_C9A	region	583	56	528	583	15157	14990	62.500	2.77e-17	77.4
Protobothrops_mucrosquamatus_C9A	region	583	56	102	156	30479	30312	64.286	4.45e-17	76.6
Protobothrops_mucrosquamatus_C9A	region	583	54	54	107	31742	31584	53.704	7.49e-14	66.2
Protobothrops_mucrosquamatus_C9A	region	583	81	381	457	18634	18392	43.210	1.78e-12	61.6
Protobothrops_mucrosquamatus_C9A	region	583	50	8	57	35867	35724	52.000	4.72e-11	57.0
Protobothrops_mucrosquamatus_C9A	region	583	85	198	270	23195	22941	28.235	2.47e-06	41.6
Protobothrops_mucrosquamatus_C9A	region	583	44	41	84	15118	14990	36.364	0.008	30.4
Protobothrops_mucrosquamatus_C9A	region	583	26	1	26	41986	41909	57.692	0.016	29.3
Protobothrops_mucrosquamatus_C9A	region	583	60	341	396	20503	20324	26.667	0.51	24.3
Protobothrops_mucrosquamatus_C9A	region	583	26	20	45	21335	21264	50.000	0.60	24.3
Chrysopelea_ornata_C9A	region	584	79	277	355	21794	21558	63.291	3.31e-29	115
Chrysopelea_ornata_C9A	region	584	82	452	533	17179	16934	60.976	1.61e-27	110
Chrysopelea_ornata_C9A	region	584	47	157	203	25455	25315	68.085	6.81e-18	79.3
Chrysopelea_ornata_C9A	region	584	59	99	156	30488	30312	64.407	1.20e-17	78.6
Chrysopelea_ornata_C9A	region	584	56	529	584	15157	14990	53.571	1.23e-14	68.9
Chrysopelea_ornata_C9A	region	584	70	54	121	31742	31536	48.571	1.24e-13	65.5
Chrysopelea_ornata_C9A	region	584	62	397	458	18577	18392	46.774	6.45e-12	60.1
Chrysopelea_ornata_C9A	region	584	50	8	57	35867	35724	52.000	1.87e-11	58.5
Chrysopelea_ornata_C9A	region	584	98	199	296	23192	22899	27.551	5.50e-07	43.9
Chrysopelea_ornata_C9A	region	584	26	1	26	41986	41909	57.692	0.007	30.4
Pituophis_catenifer_C9A	region	583	77	277	353	21794	21564	62.338	5.35e-28	111
Pituophis_catenifer_C9A	region	583	82	451	532	17179	16934	57.317	6.37e-26	105
Pituophis_catenifer_C9A	region	583	56	102	156	30479	30312	64.286	5.46e-17	76.3
Pituophis_catenifer_C9A	region	583	47	157	203	25455	25315	61.702	6.23e-16	72.8
Pituophis_catenifer_C9A	region	583	50	534	583	15139	14990	62.000	8.34e-16	72.4
Pituophis_catenifer_C9A	region	583	83	41	121	31781	31536	48.193	9.40e-16	72.4
Pituophis_catenifer_C9A	region	583	92	370	457	18667	18392	38.043	4.38e-12	60.5
Pituophis_catenifer_C9A	region	583	56	8	63	35867	35706	48.214	2.27e-11	58.2
Pituophis_catenifer_C9A	region	583	84	199	270	23192	22941	30.952	4.92e-07	43.9
Pituophis_catenifer_C9A	region	583	26	1	26	41986	41909	57.692	0.005	30.8
Pantherophis_obsoletus_C9A	region	583	79	277	355	21794	21558	65.823	1.93e-31	122
Pantherophis_obsoletus_C9A	region	583	82	451	532	17179	16934	57.317	6.66e-26	104
Pantherophis_obsoletus_C9A	region	583	47	157	203	25455	25315	63.830	1.24e-16	75.1
Pantherophis_obsoletus_C9A	region	583	83	41	121	31781	31536	48.193	1.29e-16	75.1
Pantherophis_obsoletus_C9A	region	583	56	102	156	30479	30312	60.714	2.53e-16	74.3
Pantherophis_obsoletus_C9A	region	583	56	528	583	15157	14990	57.143	6.56e-16	72.8
Pantherophis_obsoletus_C9A	region	583	92	370	457	18667	18392	36.957	6.54e-12	60.1
Pantherophis_obsoletus_C9A	region	583	53	17	63	35864	35706	52.830	8.97e-12	59.3
Pantherophis_obsoletus_C9A	region	583	99	198	296	23195	22899	28.283	1.90e-07	45.4
Pantherophis_obsoletus_C9A	region	583	26	1	26	41986	41909	57.692	0.008	30.4
Pantherophis_obsoletus_C9A	region	583	49	41	88	15118	14978	34.694	0.15	26.2
Pantherophis_obsoletus_C9A	region	583	58	341	394	20503	20330	25.862	0.77	23.9
Bothrops_jararaca_C9A	region	583	79	277	355	21794	21558	64.557	3.81e-30	118
Bothrops_jararaca_C9A	region	583	76	458	533	17158	16931	64.474	2.88e-28	112
Bothrops_jararaca_C9A	region	583	47	157	203	25455	25315	65.957	9.01e-18	79.0
Bothrops_jararaca_C9A	region	583	56	102	156	30479	30312	67.857	1.67e-17	78.2
Bothrops_jararaca_C9A	region	583	56	528	583	15157	14990	60.714	1.06e-16	75.5
Bothrops_jararaca_C9A	region	583	75	49	121	31757	31536	46.667	3.66e-15	70.5
Bothrops_jararaca_C9A	region	583	81	381	457	18634	18392	43.210	9.76e-14	65.9
Bothrops_jararaca_C9A	region	583	56	8	63	35867	35706	46.429	3.67e-10	54.3
Bothrops_jararaca_C9A	region	583	99	198	296	23195	22899	26.263	1.11e-05	39.7
Bothrops_jararaca_C9A	region	583	26	1	26	41986	41909	61.538	0.007	30.4
Bothrops_jararaca_C9A	region	583	28	74	101	36989	36906	39.286	0.059	27.3
Bothrops_jararaca_C9A	region	583	44	41	84	15118	14990	31.818	0.25	25.4
Bothrops_jararaca_C9A	region	583	58	341	394	20503	20330	27.586	0.30	25.0
Bothrops_jararaca_C9A	region	583	33	258	290	48203	48105	39.394	0.35	25.0
Bothrops_jararaca_C9A	region	583	41	81	115	8958	8836	34.146	0.50	24.3
Bothrops_jararaca_C9A	region	583	20	26	45	21323	21264	45.000	0.62	24.3
Ptyas_mucosa_C9A	region	583	80	276	355	21797	21558	67.500	4.75e-32	124
Ptyas_mucosa_C9A	region	583	82	451	532	17179	16934	57.317	1.23e-26	107
Ptyas_mucosa_C9A	region	583	56	102	156	30479	30312	67.857	4.85e-18	79.7
Ptyas_mucosa_C9A	region	583	47	157	203	25455	25315	63.830	1.45e-16	75.1
Ptyas_mucosa_C9A	region	583	83	41	121	31781	31536	48.193	5.20e-16	73.2
Ptyas_mucosa_C9A	region	583	56	528	583	15157	14990	55.357	1.73e-15	71.6
Ptyas_mucosa_C9A	region	583	50	8	57	35867	35724	54.000	9.36e-12	59.3
Ptyas_mucosa_C9A	region	583	55	403	457	18556	18392	45.455	1.28e-10	55.8
Ptyas_mucosa_C9A	region	583	110	199	296	23192	22899	27.273	1.08e-05	39.7
Ptyas_mucosa_C9A	region	583	26	1	26	41986	41909	57.692	0.008	30.4
Vipera_berus_C9A	region	583	79	277	355	21794	21558	60.759	1.04e-28	113
Vipera_berus_C9A	region	583	75	458	532	17158	16934	62.667	2.82e-27	109
Vipera_berus_C9A	region	583	47	157	203	25455	25315	68.085	6.07e-18	79.3
Vipera_berus_C9A	region	583	56	528	583	15157	14990	60.714	5.65e-17	76.3
Vipera_berus_C9A	region	583	56	102	156	30479	30312	62.500	2.76e-16	73.9
Vipera_berus_C9A	region	583	54	54	107	31742	31584	55.556	3.53e-14	67.4
Vipera_berus_C9A	region	583	81	381	457	18634	18392	43.210	1.71e-13	65.1
Vipera_berus_C9A	region	583	56	8	63	35867	35706	48.214	4.37e-11	57.4
Vipera_berus_C9A	region	583	99	198	296	23195	22899	29.293	3.16e-07	44.7
Vipera_berus_C9A	region	583	26	1	26	41986	41909	57.692	0.042	27.7
Vipera_berus_C9A	region	583	58	341	394	20503	20330	29.310	0.073	26.9
Sceloporus_undulatus_C9A	region	591	83	277	359	21806	21558	71.084	5.99e-35	133
Sceloporus_undulatus_C9A	region	591	83	455	537	17179	16931	63.855	5.84e-31	120
Sceloporus_undulatus_C9A	region	591	54	536	589	15145	14984	62.963	4.64e-18	79.7
Sceloporus_undulatus_C9A	region	591	53	54	106	31742	31584	56.604	1.64e-16	74.7
Sceloporus_undulatus_C9A	region	591	47	156	202	25455	25315	65.957	2.68e-16	74.3
Sceloporus_undulatus_C9A	region	591	62	400	461	18577	18392	54.839	6.81e-16	72.8
Sceloporus_undulatus_C9A	region	591	56	101	155	30479	30312	62.500	1.50e-14	68.6
Sceloporus_undulatus_C9A	region	591	41	17	57	35846	35724	60.976	1.04e-11	59.3
Sceloporus_undulatus_C9A	region	591	84	201	277	23183	22932	42.857	2.65e-10	54.7
Sceloporus_undulatus_C9A	region	591	59	345	399	20503	20327	32.203	9.07e-05	36.6
Sceloporus_undulatus_C9A	region	591	26	1	26	41986	41909	61.538	0.004	31.6
Anolis_carolinensis_C9B	region	538	81	277	357	21806	21564	65.432	1.16e-29	115
Anolis_carolinensis_C9B	region	538	73	457	529	17173	16955	68.493	7.92e-29	113
Anolis_carolinensis_C9B	region	538	47	156	202	25455	25315	78.723	5.79e-20	85.5
Anolis_carolinensis_C9B	region	538	54	54	107	31742	31581	62.963	1.05e-17	78.6
Anolis_carolinensis_C9B	region	538	56	101	155	30479	30312	64.286	7.22e-16	72.4
Anolis_carolinensis_C9B	region	538	62	399	460	18580	18395	51.613	2.62e-15	70.9
Anolis_carolinensis_C9B	region	538	56	3	57	35891	35724	48.214	1.42e-10	55.5
Anolis_carolinensis_C9B	region	538	88	197	277	23195	22932	35.227	2.83e-09	51.2
Anolis_carolinensis_C9B	region	538	58	345	398	20503	20330	32.759	8.72e-04	33.1
Anolis_carolinensis_C9B	region	538	70	7	74	15220	15020	32.857	0.61	23.9
Hydrophis_cyanocinctus_C9B	region	582	79	276	354	21794	21558	62.025	2.43e-29	115
Hydrophis_cyanocinctus_C9B	region	582	82	450	531	17179	16934	56.098	1.92e-25	103
Hydrophis_cyanocinctus_C9B	region	582	59	98	155	30488	30312	66.102	4.71e-18	79.7
Hydrophis_cyanocinctus_C9B	region	582	47	156	202	25455	25315	63.830	1.04e-16	75.5
Hydrophis_cyanocinctus_C9B	region	582	50	533	582	15139	14990	58.000	7.49e-15	69.3
Hydrophis_cyanocinctus_C9B	region	582	70	53	120	31742	31536	45.714	6.64e-12	59.7
Hydrophis_cyanocinctus_C9B	region	582	31	25	55	35819	35727	67.742	1.05e-09	52.8
Hydrophis_cyanocinctus_C9B	region	582	55	402	456	18556	18392	41.818	1.14e-09	52.8
Hydrophis_cyanocinctus_C9B	region	582	101	195	295	23201	22899	25.743	2.88e-05	38.1
Hydrophis_cyanocinctus_C9B	region	582	20	6	25	41968	41909	65.000	0.040	28.1
Bothrops_jararaca_C9B	region	583	79	277	355	21794	21558	64.557	4.17e-30	118
Bothrops_jararaca_C9B	region	583	75	458	532	17158	16934	65.333	3.29e-28	112
Bothrops_jararaca_C9B	region	583	47	157	203	25455	25315	68.085	3.41e-18	80.1
Bothrops_jararaca_C9B	region	583	56	102	156	30479	30312	64.286	4.72e-17	76.6
Bothrops_jararaca_C9B	region	583	56	528	583	15157	14990	60.714	1.24e-16	75.1
Bothrops_jararaca_C9B	region	583	54	54	107	31742	31584	55.556	1.40e-14	68.6
Bothrops_jararaca_C9B	region	583	62	396	457	18577	18392	46.774	1.24e-12	62.4
Bothrops_jararaca_C9B	region	583	56	8	63	35867	35706	48.214	2.73e-10	54.7
Bothrops_jararaca_C9B	region	583	101	196	296	23201	22899	25.743	4.82e-06	40.8
Bothrops_jararaca_C9B	region	583	26	1	26	41986	41909	61.538	0.009	30.0
Bothrops_jararaca_C9B	region	583	44	41	84	15118	14990	31.818	0.24	25.4
Bothrops_jararaca_C9B	region	583	28	74	101	36989	36906	35.714	0.26	25.4
Bothrops_jararaca_C9B	region	583	20	26	45	21323	21264	50.000	0.45	24.6
Bothrops_jararaca_C9B	region	583	33	258	290	48203	48105	39.394	0.50	24.3
Bothrops_jararaca_C9B	region	583	58	341	394	20503	20330	27.586	0.73	23.9
Laticauda_colubrina_C9B	region	583	79	277	355	21794	21558	63.291	2.09e-30	119
Laticauda_colubrina_C9B	region	583	82	451	532	17179	16934	59.756	1.07e-26	107
Laticauda_colubrina_C9B	region	583	46	157	202	25455	25318	65.217	3.35e-17	77.0
Laticauda_colubrina_C9B	region	583	59	99	156	30488	30312	61.017	9.62e-17	75.5
Laticauda_colubrina_C9B	region	583	47	537	583	15130	14990	63.830	3.86e-15	70.5
Laticauda_colubrina_C9B	region	583	70	54	121	31742	31536	48.571	1.51e-13	65.1
Laticauda_colubrina_C9B	region	583	41	16	56	35849	35727	58.537	3.98e-11	57.4
Laticauda_colubrina_C9B	region	583	55	403	457	18556	18392	45.455	9.78e-10	52.8
Laticauda_colubrina_C9B	region	583	26	1	26	41986	41909	61.538	0.006	30.4
Laticauda_colubrina_C9B	region	583	63	341	399	20503	20315	22.222	0.025	28.5
Laticauda_colubrina_C9B	region	583	26	20	45	21335	21264	53.846	0.48	24.3
Pseudonaja_textilis_C9B	region	583	78	277	354	21794	21561	64.103	6.32e-30	117
Pseudonaja_textilis_C9B	region	583	82	451	532	17179	16934	60.976	4.54e-27	108
Pseudonaja_textilis_C9B	region	583	59	99	156	30488	30312	64.407	1.18e-17	78.6
Pseudonaja_textilis_C9B	region	583	47	157	203	25455	25315	63.830	1.34e-16	75.1
Pseudonaja_textilis_C9B	region	583	48	536	583	15133	14990	58.333	8.51e-14	65.9
Pseudonaja_textilis_C9B	region	583	70	54	121	31742	31536	45.714	2.67e-12	61.2
Pseudonaja_textilis_C9B	region	583	42	16	57	35849	35724	57.143	4.93e-11	57.0
Pseudonaja_textilis_C9B	region	583	55	403	457	18556	18392	43.636	1.47e-09	52.4
Pseudonaja_textilis_C9B	region	583	101	196	296	23201	22899	27.723	1.31e-05	39.3
Pseudonaja_textilis_C9B	region	583	26	1	26	41986	41909	61.538	0.006	30.4
Pseudonaja_textilis_C9B	region	583	26	20	45	21335	21264	53.846	0.58	24.3
Pseudonaja_textilis_C9B	region	583	28	524	551	10498	10415	32.143	0.98	23.5
Notechis_scutatus_C9B	region	583	79	277	355	21794	21558	62.025	1.48e-29	116
Notechis_scutatus_C9B	region	583	75	458	532	17158	16934	64.000	7.30e-27	107
Notechis_scutatus_C9B	region	583	59	99	156	30488	30312	66.102	4.65e-18	79.7
Notechis_scutatus_C9B	region	583	47	157	203	25455	25315	63.830	8.39e-17	75.9
Notechis_scutatus_C9B	region	583	50	534	583	15139	14990	58.000	8.40e-15	69.3
Notechis_scutatus_C9B	region	583	70	54	121	31742	31536	45.714	4.65e-12	60.5
Notechis_scutatus_C9B	region	583	41	16	56	35849	35727	58.537	4.64e-11	57.0
Notechis_scutatus_C9B	region	583	55	403	457	18556	18392	41.818	7.70e-10	53.1
Notechis_scutatus_C9B	region	583	101	196	296	23201	22899	27.723	9.42e-06	39.7
Notechis_scutatus_C9B	region	583	26	1	26	41986	41909	61.538	0.006	30.8
Notechis_scutatus_C9B	region	583	26	20	45	21335	21264	53.846	0.50	24.3
Pituophis_catenifer_C9B	region	583	77	277	353	21794	21564	62.338	4.81e-28	111
Pituophis_catenifer_C9B	region	583	80	453	532	17173	16934	61.250	1.21e-27	110
Pituophis_catenifer_C9B	region	583	56	102	156	30479	30312	69.643	2.51e-19	84.0
Pituophis_catenifer_C9B	region	583	47	157	203	25455	25315	65.957	1.02e-17	78.6
Pituophis_catenifer_C9B	region	583	70	54	121	31742	31536	52.857	1.01e-14	68.9
Pituophis_catenifer_C9B	region	583	47	537	583	15130	14990	63.830	3.27e-14	67.4
Pituophis_catenifer_C9B	region	583	92	370	457	18667	18392	39.130	5.16e-12	60.1
Pituophis_catenifer_C9B	region	583	48	16	63	35849	35706	50.000	3.19e-11	57.8
Pituophis_catenifer_C9B	region	583	26	1	26	41986	41909	61.538	0.004	31.2
Pituophis_catenifer_C9B	region	583	45	199	243	23192	23058	28.889	0.040	28.1
Pantherophis_obsoletus_C9B	region	583	79	277	355	21794	21558	65.823	2.03e-31	122
Pantherophis_obsoletus_C9B	region	583	81	453	533	17173	16931	54.321	3.67e-25	102
Pantherophis_obsoletus_C9B	region	583	56	102	156	30479	30312	69.643	2.81e-19	83.6
Pantherophis_obsoletus_C9B	region	583	47	157	203	25455	25315	65.957	1.23e-17	78.6
Pantherophis_obsoletus_C9B	region	583	83	41	121	31781	31536	49.398	2.68e-17	77.4
Pantherophis_obsoletus_C9B	region	583	56	528	583	15157	14990	60.714	4.54e-16	73.6
Pantherophis_obsoletus_C9B	region	583	92	370	457	18667	18392	39.130	1.17e-11	58.9
Pantherophis_obsoletus_C9B	region	583	48	16	63	35849	35706	52.083	2.47e-11	58.2
Pantherophis_obsoletus_C9B	region	583	26	1	26	41986	41909	61.538	0.004	31.2
Pantherophis_obsoletus_C9B	region	583	45	199	243	23192	23058	28.889	0.033	28.1
Pantherophis_obsoletus_C9B	region	583	35	44	77	15109	15011	42.857	0.21	25.4
Pantherophis_obsoletus_C9B	region	583	58	341	394	20503	20330	25.862	0.78	23.9
Crotalus_tigris_C9B	region	583	82	277	358	21794	21549	59.756	1.34e-28	113
Crotalus_tigris_C9B	region	583	80	453	532	17173	16934	57.500	7.17e-27	107
Crotalus_tigris_C9B	region	583	56	102	156	30479	30312	67.857	1.77e-18	81.3
Crotalus_tigris_C9B	region	583	47	157	203	25455	25315	65.957	4.48e-17	76.6
Crotalus_tigris_C9B	region	583	83	41	121	31781	31536	46.988	4.13e-16	73.6
Crotalus_tigris_C9B	region	583	56	528	583	15157	14990	58.929	1.38e-15	72.0
Crotalus_tigris_C9B	region	583	62	398	457	18577	18392	50.000	5.52e-12	60.1
Crotalus_tigris_C9B	region	583	56	8	63	35867	35706	46.429	1.71e-10	55.5
Crotalus_tigris_C9B	region	583	26	1	26	41986	41909	57.692	0.005	31.2
Crotalus_tigris_C9B	region	583	99	198	296	23195	22899	23.232	0.027	28.5
Crotalus_tigris_C9B	region	583	37	41	77	15118	15011	37.838	0.41	24.6
Crotalus_tigris_C9B	region	583	58	341	394	20503	20330	22.414	0.80	23.9
Ptyas_mucosa_C9B	region	583	77	277	353	21794	21564	62.338	4.44e-28	111
Ptyas_mucosa_C9B	region	583	81	453	533	17173	16931	53.086	4.26e-24	99.0
Ptyas_mucosa_C9B	region	583	59	99	156	30488	30312	67.797	8.11e-19	82.4
Ptyas_mucosa_C9B	region	583	47	157	203	25455	25315	65.957	7.85e-18	79.0
Ptyas_mucosa_C9B	region	583	56	528	583	15157	14990	60.714	2.01e-16	74.7
Ptyas_mucosa_C9B	region	583	70	54	121	31742	31536	52.857	1.43e-15	71.6
Ptyas_mucosa_C9B	region	583	54	404	457	18553	18392	50.000	1.80e-10	55.1
Ptyas_mucosa_C9B	region	583	50	8	57	35867	35724	40.000	1.54e-07	45.8
Ptyas_mucosa_C9B	region	583	48	196	243	23201	23058	29.167	0.005	30.8
Ptyas_mucosa_C9B	region	583	21	1	21	41986	41924	61.905	0.14	26.2
