# Anniella_stebbinsi DAB2/FYB1 anchors on CM119773.1:342580503-346616391 (sstart/send relative to region; add 342580502)
Anolis_carolinensis_DAB2	1985159	1985806	325
Anolis_carolinensis_DAB2	1989392	1989934	229
Anolis_carolinensis_DAB2	1976851	1976991	100
Anolis_carolinensis_DAB2	1979394	1979528	100
Anolis_carolinensis_DAB2	1978196	1978303	73.6
Anolis_carolinensis_DAB2	1987489	1987650	73.6
Anolis_carolinensis_DAB2	1990653	1990748	52.8
Anolis_carolinensis_DAB2	1975668	1975766	49.7
Anolis_carolinensis_FYB1	2076800	2077936	327
Anolis_carolinensis_FYB1	2115463	2115636	93.6
Anolis_carolinensis_FYB1	2096830	2096982	90.9
Anolis_carolinensis_FYB1	2098860	2099000	78.6
Anolis_carolinensis_FYB1	2104819	2104974	59.3
Anolis_carolinensis_FYB1	2111253	2111372	57.8
Thamnophis_elegans_DAB2	1985159	1985806	291
Thamnophis_elegans_DAB2	1989392	1989934	202
Thamnophis_elegans_DAB2	1979394	1979528	99.0
Thamnophis_elegans_DAB2	1976851	1976991	95.9
Thamnophis_elegans_DAB2	1978196	1978303	71.6
Thamnophis_elegans_DAB2	1987489	1987650	64.3
Thamnophis_elegans_DAB2	1975668	1975769	48.9
Thamnophis_elegans_DAB2	1983509	1983571	46.6
Thamnophis_elegans_FYB1	2076800	2077933	235
Thamnophis_elegans_FYB1	2115463	2115636	94.0
Thamnophis_elegans_FYB1	2096830	2096985	82.0
Thamnophis_elegans_FYB1	2098860	2099000	81.3
Thamnophis_elegans_FYB1	2104822	2104959	70.1
Thamnophis_elegans_FYB1	2111253	2111372	58.9
