Lacerta_agilis_C9A	NW_020769310.1	589	78	279	356	11171546	11171313	74.359	1.52e-31	136
Lacerta_agilis_C9A	NW_020769310.1	589	93	279	371	11138285	11138016	59.140	2.11e-29	129
Lacerta_agilis_C9A	NW_020769310.1	589	74	461	534	11132091	11131870	68.919	2.18e-25	117
Lacerta_agilis_C9A	NW_020769310.1	589	74	461	534	11164529	11164308	64.865	7.99e-24	112
Lacerta_agilis_C9A	NW_020769310.1	589	55	100	154	11182913	11182749	70.909	5.38e-15	84.3
Lacerta_agilis_C9A	NW_020769310.1	589	49	154	202	11180196	11180050	67.347	8.79e-15	83.6
Lacerta_agilis_C9A	NW_020769310.1	589	47	155	201	11145204	11145064	68.085	8.72e-14	80.5
Lacerta_agilis_C9A	NW_020769310.1	589	50	105	154	11146912	11146763	74.000	4.31e-13	78.2
Lacerta_agilis_C9A	NW_020769310.1	589	56	403	458	11133469	11133302	55.357	2.33e-10	69.3
Lacerta_agilis_C9A	NW_020769310.1	589	52	56	106	11148537	11148382	53.846	2.41e-09	66.2
Lacerta_agilis_C9A	NW_020769310.1	589	51	56	105	11183971	11183819	54.902	3.96e-09	65.5
Lacerta_agilis_C9A	NW_020769310.1	589	56	403	458	11165955	11165788	51.786	7.64e-09	64.3
Lacerta_agilis_C9A	NW_020769310.1	589	60	470	529	11776863	11777042	45.000	2.21e-07	59.7
Lacerta_agilis_C9A	NW_020769310.1	589	83	194	274	11177887	11177657	40.964	3.44e-07	58.9
Lacerta_agilis_C9A	NW_020769310.1	589	70	519	584	11131027	11130818	44.286	6.31e-07	58.2
Lacerta_agilis_C9A	NW_020769310.1	589	52	534	584	11162731	11162576	48.077	9.98e-07	57.4
Lacerta_agilis_C9A	NW_020769342.1	589	81	279	359	11101827	11102069	35.802	1.25e-08	63.5
Lacerta_agilis_C9A	NW_020769342.1	589	78	279	356	11148767	11148534	29.487	2.99e-06	55.8
Lacerta_agilis_C9A	NW_020769463.1	589	223	300	517	277171	277797	24.215	8.59e-08	60.8
Lacerta_agilis_C9A	NW_020769450.1	589	225	297	518	377985	378599	22.222	8.63e-07	57.8
Zootoca_vivipara_C9A	NW_020769310.1	589	78	279	356	11171546	11171313	74.359	3.06e-31	135
Zootoca_vivipara_C9A	NW_020769310.1	589	93	279	371	11138285	11138016	59.140	4.10e-29	129
Zootoca_vivipara_C9A	NW_020769310.1	589	74	461	534	11132091	11131870	68.919	2.08e-25	117
Zootoca_vivipara_C9A	NW_020769310.1	589	74	461	534	11164529	11164308	64.865	1.18e-23	112
Zootoca_vivipara_C9A	NW_020769310.1	589	55	100	154	11182913	11182749	70.909	6.56e-15	84.0
Zootoca_vivipara_C9A	NW_020769310.1	589	49	154	202	11180196	11180050	67.347	8.94e-15	83.6
Zootoca_vivipara_C9A	NW_020769310.1	589	47	155	201	11145204	11145064	68.085	8.80e-14	80.5
Zootoca_vivipara_C9A	NW_020769310.1	589	50	105	154	11146912	11146763	74.000	5.81e-13	77.8
Zootoca_vivipara_C9A	NW_020769310.1	589	56	403	458	11133469	11133302	53.571	8.45e-10	67.4
Zootoca_vivipara_C9A	NW_020769310.1	589	52	56	106	11148537	11148382	53.846	1.52e-09	66.6
Zootoca_vivipara_C9A	NW_020769310.1	589	51	56	105	11183971	11183819	54.902	2.14e-09	66.2
Zootoca_vivipara_C9A	NW_020769310.1	589	56	403	458	11165955	11165788	51.786	6.61e-09	64.7
Zootoca_vivipara_C9A	NW_020769310.1	589	83	194	274	11177887	11177657	39.759	3.56e-07	58.9
Zootoca_vivipara_C9A	NW_020769310.1	589	60	470	529	11776863	11777042	43.333	4.26e-07	58.9
Zootoca_vivipara_C9A	NW_020769310.1	589	52	534	584	11162731	11162576	48.077	1.87e-06	56.6
Zootoca_vivipara_C9A	NW_020769310.1	589	49	537	584	11130964	11130818	53.061	3.37e-06	55.8
Zootoca_vivipara_C9A	NW_020769342.1	589	81	279	359	11101827	11102069	35.802	2.46e-08	62.8
Zootoca_vivipara_C9A	NW_020769342.1	589	78	279	356	11148767	11148534	28.205	8.52e-06	54.7
Zootoca_vivipara_C9A	NW_020769463.1	589	223	300	517	277171	277797	22.870	6.35e-07	58.2
Zootoca_vivipara_C9A	NW_020769450.1	589	236	297	518	377985	378599	22.034	2.94e-06	55.8
Podarcis_muralis_C9A	NW_020769310.1	589	79	278	356	11171549	11171313	73.418	2.16e-31	135
Podarcis_muralis_C9A	NW_020769310.1	589	94	278	371	11138288	11138016	57.447	8.85e-29	127
Podarcis_muralis_C9A	NW_020769310.1	589	74	461	534	11132091	11131870	66.216	2.35e-24	114
Podarcis_muralis_C9A	NW_020769310.1	589	74	461	534	11164529	11164308	62.162	8.59e-23	109
Podarcis_muralis_C9A	NW_020769310.1	589	55	100	154	11182913	11182749	70.909	5.67e-15	84.3
Podarcis_muralis_C9A	NW_020769310.1	589	49	154	202	11180196	11180050	67.347	8.42e-15	83.6
Podarcis_muralis_C9A	NW_020769310.1	589	47	155	201	11145204	11145064	68.085	8.36e-14	80.5
Podarcis_muralis_C9A	NW_020769310.1	589	50	105	154	11146912	11146763	74.000	4.31e-13	78.2
Podarcis_muralis_C9A	NW_020769310.1	589	51	56	105	11183971	11183819	56.863	1.41e-09	66.6
Podarcis_muralis_C9A	NW_020769310.1	589	52	56	106	11148537	11148382	55.769	1.78e-09	66.6
Podarcis_muralis_C9A	NW_020769310.1	589	54	405	458	11133463	11133302	51.852	6.22e-08	61.6
Podarcis_muralis_C9A	NW_020769310.1	589	90	470	551	11776863	11777132	33.333	1.67e-07	60.1
Podarcis_muralis_C9A	NW_020769310.1	589	55	404	458	11165952	11165788	49.091	3.27e-07	59.3
Podarcis_muralis_C9A	NW_020769310.1	589	70	519	584	11131027	11130818	44.286	5.05e-07	58.5
Podarcis_muralis_C9A	NW_020769310.1	589	87	194	274	11177887	11177657	43.678	1.27e-06	57.4
Podarcis_muralis_C9A	NW_020769310.1	589	52	534	584	11162731	11162576	48.077	1.61e-06	57.0
Podarcis_muralis_C9A	NW_020769342.1	589	81	279	359	11101827	11102069	34.568	6.89e-08	61.2
Podarcis_muralis_C9A	NW_020769342.1	589	78	279	356	11148767	11148534	29.487	3.37e-06	55.8
Podarcis_muralis_C9A	NW_020769463.1	589	224	300	516	277171	277794	23.214	6.71e-06	54.7
Anolis_carolinensis_C9A	NW_020769310.1	591	81	457	537	11132109	11131867	62.963	4.36e-27	122
Anolis_carolinensis_C9A	NW_020769310.1	591	81	457	537	11164547	11164305	64.198	1.01e-26	121
Anolis_carolinensis_C9A	NW_020769310.1	591	79	280	358	11171549	11171313	64.557	2.23e-26	120
Anolis_carolinensis_C9A	NW_020769310.1	591	107	280	381	11138288	11137977	49.533	2.90e-24	114
Anolis_carolinensis_C9A	NW_020769310.1	591	57	146	202	11180223	11180053	63.158	1.35e-14	83.2
Anolis_carolinensis_C9A	NW_020769310.1	591	47	156	202	11145204	11145064	70.213	7.54e-14	80.5
Anolis_carolinensis_C9A	NW_020769310.1	591	50	106	155	11182898	11182749	66.000	7.45e-11	70.9
Anolis_carolinensis_C9A	NW_020769310.1	591	50	106	155	11146912	11146763	64.000	3.24e-10	68.9
Anolis_carolinensis_C9A	NW_020769310.1	591	73	395	467	11165967	11165767	47.945	6.82e-09	64.7
Anolis_carolinensis_C9A	NW_020769310.1	591	52	57	107	11148537	11148382	51.923	1.77e-08	63.2
Anolis_carolinensis_C9A	NW_020769310.1	591	65	408	472	11133460	11133266	46.154	2.51e-08	62.8
Anolis_carolinensis_C9A	NW_020769310.1	591	49	539	587	11130964	11130818	55.102	2.93e-08	62.4
Anolis_carolinensis_C9A	NW_020769310.1	591	71	461	531	11776833	11777042	39.437	1.93e-07	59.7
Anolis_carolinensis_C9A	NW_020769310.1	591	52	536	587	11162731	11162576	44.231	3.41e-07	58.9
Anolis_carolinensis_C9A	NW_020769310.1	591	55	54	107	11183980	11183816	47.273	7.14e-07	58.2
Anolis_carolinensis_C9A	NW_020769310.1	591	53	12	64	11149284	11149138	49.057	1.08e-06	57.4
Anolis_carolinensis_C9A	NW_020769310.1	591	82	278	359	11870700	11870455	31.707	1.42e-06	57.0
Anolis_carolinensis_C9A	NW_020769310.1	591	79	281	359	11821607	11821371	32.911	1.49e-06	57.0
Anolis_carolinensis_C9A	NW_020769310.1	591	38	542	579	11780148	11780261	60.526	1.55e-06	57.0
Anolis_carolinensis_C9A	NW_020769310.1	591	107	195	301	11177887	11177588	32.710	3.88e-06	55.5
Anolis_carolinensis_C9A	NW_020769463.1	591	246	284	518	277123	277794	26.016	2.12e-08	63.2
Anolis_carolinensis_C9A	NW_020769342.1	591	78	281	358	11148767	11148534	32.051	4.40e-07	58.5
Anolis_carolinensis_C9A	NW_020769342.1	591	75	454	527	11121870	11122094	33.333	2.86e-06	56.2
Pogona_vitticeps_C9A	NW_020769310.1	576	78	262	339	11171546	11171313	67.949	3.81e-27	122
Pogona_vitticeps_C9A	NW_020769310.1	576	78	438	515	11132109	11131876	65.385	1.97e-24	114
Pogona_vitticeps_C9A	NW_020769310.1	576	74	438	511	11164547	11164326	68.919	7.75e-24	112
Pogona_vitticeps_C9A	NW_020769310.1	576	77	262	338	11138285	11138055	62.338	2.24e-23	110
Pogona_vitticeps_C9A	NW_020769310.1	576	61	146	206	11180223	11180041	60.656	7.27e-16	87.0
Pogona_vitticeps_C9A	NW_020769310.1	576	51	156	206	11145204	11145052	68.627	9.03e-15	83.6
Pogona_vitticeps_C9A	NW_020769310.1	576	71	501	571	11131030	11130818	53.521	1.20e-14	83.2
Pogona_vitticeps_C9A	NW_020769310.1	576	50	106	155	11182898	11182749	70.000	6.26e-12	74.3
Pogona_vitticeps_C9A	NW_020769310.1	576	50	106	155	11146912	11146763	68.000	2.01e-11	72.8
Pogona_vitticeps_C9A	NW_020769310.1	576	86	501	571	11162833	11162576	38.372	1.17e-09	67.0
Pogona_vitticeps_C9A	NW_020769310.1	576	50	523	571	11814478	11814329	62.000	7.71e-09	64.3
Pogona_vitticeps_C9A	NW_020769310.1	576	60	389	448	11165946	11165767	50.000	1.08e-08	63.9
Pogona_vitticeps_C9A	NW_020769310.1	576	60	389	448	11133460	11133281	46.667	1.50e-08	63.5
Pogona_vitticeps_C9A	NW_020769310.1	576	56	26	81	11187923	11187756	50.000	2.09e-08	62.8
Pogona_vitticeps_C9A	NW_020769310.1	576	62	3	64	11149311	11149138	48.387	2.75e-08	62.4
Pogona_vitticeps_C9A	NW_020769310.1	576	68	443	510	11776836	11777036	42.647	2.92e-07	59.3
Pogona_vitticeps_C9A	NW_020769310.1	576	50	526	575	11780148	11780297	50.000	2.33e-06	56.2
Pogona_vitticeps_C9A	NW_020769310.1	576	60	513	571	11850064	11849894	50.000	2.89e-06	55.8
Pogona_vitticeps_C9A	NW_020769310.1	576	79	262	340	11870691	11870455	35.443	5.80e-06	55.1
Pogona_vitticeps_C9A	NW_020769463.1	576	242	265	499	277123	277794	28.099	8.15e-10	67.4
Pogona_vitticeps_C9A	NW_020769342.1	576	84	257	340	11101812	11102063	34.524	3.40e-08	62.4
Pogona_vitticeps_C9A	NW_020769342.1	576	85	435	518	11121870	11122115	35.294	2.40e-07	59.7
Pogona_vitticeps_C9A	NW_020769342.1	576	46	526	571	11124730	11124867	56.522	3.02e-07	59.3
Gekko_japonicus_C9A	NW_020769310.1	582	78	295	372	11171546	11171313	58.974	1.81e-22	108
Gekko_japonicus_C9A	NW_020769310.1	582	84	457	539	11132091	11131840	53.571	1.58e-20	102
Gekko_japonicus_C9A	NW_020769310.1	582	74	295	368	11138285	11138064	58.108	4.24e-20	100
Gekko_japonicus_C9A	NW_020769310.1	582	81	457	536	11164529	11164287	54.321	7.38e-19	96.7
Gekko_japonicus_C9A	NW_020769310.1	582	51	122	172	11182898	11182749	66.667	2.11e-11	72.8
Gekko_japonicus_C9A	NW_020769310.1	582	51	122	172	11146912	11146763	66.667	2.25e-11	72.8
Gekko_japonicus_C9A	NW_020769310.1	582	51	531	581	11162728	11162576	58.824	6.74e-11	71.2
Gekko_japonicus_C9A	NW_020769310.1	582	47	171	217	11180199	11180059	61.702	3.14e-10	68.9
Gekko_japonicus_C9A	NW_020769310.1	582	52	530	581	11130973	11130818	63.462	4.99e-10	68.2
Gekko_japonicus_C9A	NW_020769310.1	582	47	173	219	11145204	11145064	57.447	1.66e-09	66.6
Gekko_japonicus_C9A	NW_020769310.1	582	46	536	581	11780148	11780285	54.348	4.48e-08	62.0
Gekko_japonicus_C9A	NW_020769310.1	582	52	71	122	11148534	11148385	55.769	7.93e-08	61.2
Gekko_japonicus_C9A	NW_020769310.1	582	67	457	523	11776839	11777036	43.284	1.02e-07	60.8
Gekko_japonicus_C9A	NW_020769310.1	582	82	292	373	11870700	11870455	32.927	2.82e-07	59.3
Gekko_japonicus_C9A	NW_020769310.1	582	67	466	530	11855165	11854965	38.806	4.77e-06	55.5
Gekko_japonicus_C9A	NW_020769450.1	582	216	313	514	377985	378599	25.463	7.77e-10	67.8
Gekko_japonicus_C9A	NW_020769342.1	582	81	295	375	11101827	11102069	34.568	2.13e-07	59.7
Gekko_japonicus_C9A	NW_020769342.1	582	67	456	521	11121894	11122094	38.806	4.47e-07	58.5
Gekko_japonicus_C9A	NW_020769462.1	582	49	535	581	683120	682974	55.102	7.11e-06	54.7
Crotalus_tigris_C9A	NW_020769310.1	583	94	274	367	11138294	11138022	76.596	2.63e-37	154
Crotalus_tigris_C9A	NW_020769310.1	583	80	453	532	11132109	11131870	81.250	6.75e-34	143
Crotalus_tigris_C9A	NW_020769310.1	583	78	276	353	11171549	11171316	79.487	6.14e-33	140
Crotalus_tigris_C9A	NW_020769310.1	583	80	453	532	11164547	11164308	78.750	1.13e-32	139
Crotalus_tigris_C9A	NW_020769310.1	583	79	195	273	11143614	11143378	72.152	1.92e-24	114
Crotalus_tigris_C9A	NW_020769310.1	583	73	396	468	11133484	11133266	72.603	3.29e-22	107
Crotalus_tigris_C9A	NW_020769310.1	583	51	533	583	11130970	11130818	82.353	2.76e-20	101
Crotalus_tigris_C9A	NW_020769310.1	583	50	107	156	11182898	11182749	90.000	5.52e-19	97.1
Crotalus_tigris_C9A	NW_020769310.1	583	63	401	463	11165955	11165767	73.016	8.31e-19	96.7
Crotalus_tigris_C9A	NW_020769310.1	583	50	107	156	11146912	11146763	90.000	1.04e-18	96.3
Crotalus_tigris_C9A	NW_020769310.1	583	47	157	203	11145204	11145064	87.234	3.09e-18	94.7
Crotalus_tigris_C9A	NW_020769310.1	583	54	54	107	11148546	11148385	74.074	9.37e-18	93.2
Crotalus_tigris_C9A	NW_020769310.1	583	57	147	203	11180223	11180053	70.175	3.44e-17	91.3
Crotalus_tigris_C9A	NW_020769310.1	583	51	57	107	11183971	11183819	72.549	9.17e-15	83.6
Crotalus_tigris_C9A	NW_020769310.1	583	102	196	297	11177887	11177588	43.137	4.81e-11	71.6
Crotalus_tigris_C9A	NW_020769310.1	583	52	532	583	11162731	11162576	53.846	6.71e-11	71.2
Crotalus_tigris_C9A	NW_020769310.1	583	41	26	66	11149254	11149132	75.610	1.78e-10	69.7
Crotalus_tigris_C9A	NW_020769310.1	583	47	26	72	11187923	11187783	57.447	4.13e-08	62.0
Crotalus_tigris_C9A	NW_020769310.1	583	42	355	396	11135866	11135741	66.667	4.26e-07	58.5
Crotalus_tigris_C9A	NW_020769310.1	583	53	527	579	11780115	11780273	47.170	3.26e-06	55.8
Crotalus_tigris_C9A	NW_020769310.1	583	69	457	525	11776833	11777036	39.130	4.86e-06	55.5
Crotalus_tigris_C9A	NW_020769463.1	583	240	280	514	277123	277794	25.000	3.15e-10	68.9
Crotalus_tigris_C9A	NW_020769342.1	583	103	277	379	11101827	11102132	31.068	1.03e-07	60.8
Crotalus_tigris_C9A	NW_020769342.1	583	51	529	579	11126736	11126584	47.059	4.95e-06	55.1
Crotalus_tigris_C9A	NW_020769342.1	583	46	538	583	11124730	11124867	52.174	6.33e-06	55.1
Thamnophis_elegans_C9A	NW_020769310.1	583	82	274	355	11171555	11171310	85.366	2.49e-37	154
Thamnophis_elegans_C9A	NW_020769310.1	583	80	453	532	11164547	11164308	82.500	1.60e-32	139
Thamnophis_elegans_C9A	NW_020769310.1	583	92	276	367	11138288	11138022	68.478	8.06e-32	137
Thamnophis_elegans_C9A	NW_020769310.1	583	80	453	532	11132109	11131870	76.250	1.22e-29	130
Thamnophis_elegans_C9A	NW_020769310.1	583	67	397	463	11165967	11165767	70.149	4.57e-20	100
Thamnophis_elegans_C9A	NW_020769310.1	583	50	107	156	11182898	11182749	92.000	3.45e-19	97.8
Thamnophis_elegans_C9A	NW_020769310.1	583	69	400	468	11133472	11133266	66.667	5.24e-19	97.1
Thamnophis_elegans_C9A	NW_020769310.1	583	50	107	156	11146912	11146763	92.000	5.62e-19	97.1
Thamnophis_elegans_C9A	NW_020769310.1	583	102	196	297	11177887	11177588	54.902	1.48e-18	95.9
Thamnophis_elegans_C9A	NW_020769310.1	583	51	57	107	11183971	11183819	82.353	2.96e-18	94.7
Thamnophis_elegans_C9A	NW_020769310.1	583	57	147	203	11180223	11180053	71.930	7.95e-18	93.2
Thamnophis_elegans_C9A	NW_020769310.1	583	52	532	583	11162731	11162576	69.231	3.64e-16	88.2
Thamnophis_elegans_C9A	NW_020769310.1	583	54	54	107	11148546	11148385	70.370	5.33e-16	87.4
Thamnophis_elegans_C9A	NW_020769310.1	583	47	157	203	11145204	11145064	80.851	1.40e-15	86.3
Thamnophis_elegans_C9A	NW_020769310.1	583	51	533	583	11130970	11130818	64.706	7.87e-13	77.4
Thamnophis_elegans_C9A	NW_020769310.1	583	47	26	72	11187923	11187783	68.085	2.62e-11	72.4
Thamnophis_elegans_C9A	NW_020769310.1	583	82	194	271	11143617	11143384	42.683	8.52e-09	64.3
Thamnophis_elegans_C9A	NW_020769310.1	583	41	26	66	11149254	11149132	63.415	1.15e-08	63.9
Thamnophis_elegans_C9A	NW_020769310.1	583	50	535	583	11850043	11849894	54.000	1.42e-07	60.5
Thamnophis_elegans_C9A	NW_020769310.1	583	50	535	583	11814478	11814329	52.000	3.03e-07	59.3
Thamnophis_elegans_C9A	NW_020769310.1	583	50	351	399	11168850	11168701	60.000	5.64e-07	58.2
Thamnophis_elegans_C9A	NW_020769342.1	583	50	530	579	11126733	11126584	52.000	2.93e-09	65.9
Thamnophis_elegans_C9A	NW_020769342.1	583	81	274	354	11101818	11102060	33.333	1.73e-07	60.1
Thamnophis_elegans_C9A	NW_020769342.1	583	82	277	358	11148767	11148522	30.488	1.22e-06	57.4
Thamnophis_elegans_C9A	NW_020769463.1	583	222	298	514	277171	277794	23.874	8.08e-08	61.2
Naja_naja_C9A	NW_020769310.1	582	94	274	367	11138294	11138022	84.043	8.58e-42	167
Naja_naja_C9A	NW_020769310.1	582	80	452	531	11132109	11131870	92.500	3.83e-38	156
Naja_naja_C9A	NW_020769310.1	582	80	194	273	11143617	11143378	87.500	1.06e-34	145
Naja_naja_C9A	NW_020769310.1	582	80	452	531	11164547	11164308	82.500	1.40e-33	142
Naja_naja_C9A	NW_020769310.1	582	78	276	353	11171549	11171316	78.205	2.60e-32	138
Naja_naja_C9A	NW_020769310.1	582	72	396	467	11133481	11133266	80.556	2.89e-25	117
Naja_naja_C9A	NW_020769310.1	582	56	527	582	11130985	11130818	91.071	1.22e-24	114
Naja_naja_C9A	NW_020769310.1	582	54	54	107	11148546	11148385	88.889	7.71e-22	106
Naja_naja_C9A	NW_020769310.1	582	50	107	156	11146912	11146763	96.000	3.30e-21	103
Naja_naja_C9A	NW_020769310.1	582	47	157	203	11145204	11145064	97.872	7.13e-21	103
Naja_naja_C9A	NW_020769310.1	582	50	107	156	11182898	11182749	92.000	5.60e-20	100
Naja_naja_C9A	NW_020769310.1	582	57	400	456	11165955	11165785	71.930	1.69e-17	92.4
Naja_naja_C9A	NW_020769310.1	582	57	147	203	11180223	11180053	66.667	1.18e-15	86.3
Naja_naja_C9A	NW_020769310.1	582	51	57	107	11183971	11183819	72.549	2.53e-15	85.5
Naja_naja_C9A	NW_020769310.1	582	102	196	297	11177887	11177588	47.059	6.83e-13	77.4
Naja_naja_C9A	NW_020769310.1	582	41	26	66	11149254	11149132	78.049	1.95e-11	72.8
Naja_naja_C9A	NW_020769310.1	582	52	531	582	11162731	11162576	55.769	2.22e-11	72.8
Naja_naja_C9A	NW_020769310.1	582	41	355	394	11135866	11135744	80.488	4.92e-09	65.1
Naja_naja_C9A	NW_020769310.1	582	47	26	72	11187923	11187783	59.574	2.55e-08	62.8
Naja_naja_C9A	NW_020769310.1	582	69	456	524	11776833	11777036	40.580	1.58e-07	60.1
Naja_naja_C9A	NW_020769463.1	582	239	280	513	277123	277794	24.686	1.30e-08	63.5
Naja_naja_C9A	NW_020769450.1	582	219	298	515	377994	378599	22.374	1.18e-07	60.5
Naja_naja_C9A	NW_020769342.1	582	76	277	352	11101827	11102054	38.158	1.38e-07	60.5
Naja_naja_C9A	NW_020769342.1	582	46	537	582	11124730	11124867	52.174	9.02e-06	54.3
Pseudonaja_textilis_C9A	NW_020769310.1	583	94	274	367	11138294	11138022	89.362	1.59e-44	175
Pseudonaja_textilis_C9A	NW_020769310.1	583	77	456	532	11132100	11131870	98.701	1.60e-39	160
Pseudonaja_textilis_C9A	NW_020769310.1	583	79	195	273	11143614	11143378	93.671	3.84e-36	150
Pseudonaja_textilis_C9A	NW_020769310.1	583	78	276	353	11171549	11171316	82.051	1.12e-33	142
Pseudonaja_textilis_C9A	NW_020769310.1	583	77	456	532	11164538	11164308	81.818	2.12e-32	139
Pseudonaja_textilis_C9A	NW_020769310.1	583	73	396	468	11133484	11133266	87.671	6.13e-28	125
Pseudonaja_textilis_C9A	NW_020769310.1	583	56	528	583	11130985	11130818	96.429	3.03e-26	119
Pseudonaja_textilis_C9A	NW_020769310.1	583	54	54	107	11148546	11148385	94.444	1.32e-23	111
Pseudonaja_textilis_C9A	NW_020769310.1	583	50	107	156	11146912	11146763	100.000	3.65e-22	107
Pseudonaja_textilis_C9A	NW_020769310.1	583	50	107	156	11182898	11182749	96.000	6.08e-21	103
Pseudonaja_textilis_C9A	NW_020769310.1	583	47	157	203	11145204	11145064	97.872	7.31e-21	103
Pseudonaja_textilis_C9A	NW_020769310.1	583	57	401	457	11165955	11165785	71.930	8.82e-18	93.2
Pseudonaja_textilis_C9A	NW_020769310.1	583	42	355	396	11135866	11135741	100.000	1.07e-15	86.7
Pseudonaja_textilis_C9A	NW_020769310.1	583	57	147	203	11180223	11180053	66.667	1.15e-15	86.3
Pseudonaja_textilis_C9A	NW_020769310.1	583	51	57	107	11183971	11183819	74.510	1.30e-15	86.3
Pseudonaja_textilis_C9A	NW_020769310.1	583	102	196	297	11177887	11177588	45.098	1.76e-12	76.3
Pseudonaja_textilis_C9A	NW_020769310.1	583	41	26	66	11149254	11149132	82.927	2.46e-12	75.9
Pseudonaja_textilis_C9A	NW_020769310.1	583	52	532	583	11162731	11162576	57.692	6.21e-12	74.3
Pseudonaja_textilis_C9A	NW_020769310.1	583	47	26	72	11187923	11187783	59.574	9.68e-09	63.9
Pseudonaja_textilis_C9A	NW_020769310.1	583	71	457	527	11776833	11777042	40.845	1.51e-07	60.1
Pseudonaja_textilis_C9A	NW_020769310.1	583	47	537	583	11780145	11780285	53.191	5.76e-06	55.1
Pseudonaja_textilis_C9A	NW_020769463.1	583	240	280	514	277123	277794	24.583	1.01e-09	67.4
Pseudonaja_textilis_C9A	NW_020769342.1	583	76	277	352	11101827	11102054	38.158	7.00e-08	61.2
Pseudonaja_textilis_C9A	NW_020769342.1	583	42	538	579	11124730	11124855	54.762	8.38e-06	54.7
Pseudonaja_textilis_C9A	NW_020769450.1	583	220	298	516	377994	378599	22.273	1.94e-06	56.6
Python_bivittatus_C9A	NW_020769310.1	582	80	275	354	11171552	11171313	86.250	2.93e-36	150
Python_bivittatus_C9A	NW_020769310.1	582	80	453	532	11164547	11164308	78.750	6.18e-32	137
Python_bivittatus_C9A	NW_020769310.1	582	92	276	367	11138288	11138022	67.391	1.47e-31	136
Python_bivittatus_C9A	NW_020769310.1	582	80	453	532	11132109	11131870	75.000	1.76e-29	130
Python_bivittatus_C9A	NW_020769310.1	582	50	107	156	11182898	11182749	94.000	1.97e-20	101
Python_bivittatus_C9A	NW_020769310.1	582	61	397	457	11165967	11165785	78.689	6.33e-20	100
Python_bivittatus_C9A	NW_020769310.1	582	50	107	156	11146912	11146763	92.000	1.05e-19	99.4
Python_bivittatus_C9A	NW_020769310.1	582	69	400	468	11133472	11133266	66.667	2.86e-18	94.7
Python_bivittatus_C9A	NW_020769310.1	582	47	157	203	11145204	11145064	85.106	6.09e-18	93.6
Python_bivittatus_C9A	NW_020769310.1	582	57	147	203	11180223	11180053	70.175	8.41e-17	90.1
Python_bivittatus_C9A	NW_020769310.1	582	48	535	582	11130961	11130818	77.083	1.61e-16	89.4
Python_bivittatus_C9A	NW_020769310.1	582	102	196	297	11177887	11177588	49.020	9.70e-16	86.7
Python_bivittatus_C9A	NW_020769310.1	582	53	55	107	11183977	11183819	62.264	4.60e-13	78.2
Python_bivittatus_C9A	NW_020769310.1	582	79	194	272	11143617	11143381	49.367	7.09e-12	74.3
Python_bivittatus_C9A	NW_020769310.1	582	54	54	107	11148546	11148385	57.407	1.17e-11	73.6
Python_bivittatus_C9A	NW_020769310.1	582	52	532	582	11162731	11162576	55.769	1.05e-09	67.0
Python_bivittatus_C9A	NW_020769310.1	582	47	26	72	11187923	11187783	61.702	1.15e-09	67.0
Python_bivittatus_C9A	NW_020769310.1	582	41	26	66	11149254	11149132	63.415	2.90e-08	62.4
Python_bivittatus_C9A	NW_020769310.1	582	55	529	582	11814493	11814329	50.909	6.02e-07	58.2
Python_bivittatus_C9A	NW_020769310.1	582	67	459	525	11776839	11777036	41.791	7.71e-07	57.8
Python_bivittatus_C9A	NW_020769310.1	582	39	536	574	11780145	11780261	61.538	7.05e-06	54.7
Python_bivittatus_C9A	NW_020769310.1	582	47	354	399	11168841	11168701	57.447	9.50e-06	54.3
Python_bivittatus_C9A	NW_020769463.1	582	222	298	514	277171	277794	25.225	1.55e-08	63.5
Python_bivittatus_C9A	NW_020769342.1	582	79	277	355	11101827	11102063	35.443	6.41e-08	61.2
Python_bivittatus_C9A	NW_020769342.1	582	51	532	582	11124724	11124867	54.902	1.39e-07	60.5
Python_bivittatus_C9A	NW_020769342.1	582	75	450	523	11121870	11122094	36.000	4.93e-06	55.1
Notechis_scutatus_C9A	NW_020769310.1	583	94	274	367	11138294	11138022	89.362	1.61e-44	175
Notechis_scutatus_C9A	NW_020769310.1	583	77	456	532	11132100	11131870	96.104	1.76e-38	157
Notechis_scutatus_C9A	NW_020769310.1	583	79	195	273	11143614	11143378	91.139	4.90e-35	147
Notechis_scutatus_C9A	NW_020769310.1	583	78	276	353	11171549	11171316	82.051	1.21e-33	142
Notechis_scutatus_C9A	NW_020769310.1	583	77	456	532	11164538	11164308	79.221	3.14e-31	135
Notechis_scutatus_C9A	NW_020769310.1	583	73	396	468	11133484	11133266	86.301	2.60e-27	123
Notechis_scutatus_C9A	NW_020769310.1	583	56	528	583	11130985	11130818	96.429	3.34e-26	119
Notechis_scutatus_C9A	NW_020769310.1	583	54	54	107	11148546	11148385	92.593	3.62e-23	110
Notechis_scutatus_C9A	NW_020769310.1	583	50	107	156	11146912	11146763	98.000	1.66e-21	105
Notechis_scutatus_C9A	NW_020769310.1	583	47	157	203	11145204	11145064	97.872	7.24e-21	103
Notechis_scutatus_C9A	NW_020769310.1	583	50	107	156	11182898	11182749	94.000	2.62e-20	101
Notechis_scutatus_C9A	NW_020769310.1	583	60	398	457	11165964	11165785	70.000	4.48e-18	94.4
Notechis_scutatus_C9A	NW_020769310.1	583	42	355	396	11135866	11135741	100.000	1.02e-15	86.7
Notechis_scutatus_C9A	NW_020769310.1	583	57	147	203	11180223	11180053	66.667	1.08e-15	86.7
Notechis_scutatus_C9A	NW_020769310.1	583	51	57	107	11183971	11183819	74.510	1.33e-15	86.3
Notechis_scutatus_C9A	NW_020769310.1	583	102	196	297	11177887	11177588	46.078	1.23e-12	76.6
Notechis_scutatus_C9A	NW_020769310.1	583	41	26	66	11149254	11149132	82.927	2.46e-12	75.9
Notechis_scutatus_C9A	NW_020769310.1	583	52	532	583	11162731	11162576	57.692	6.48e-12	74.3
Notechis_scutatus_C9A	NW_020769310.1	583	47	26	72	11187923	11187783	59.574	1.00e-08	63.9
Notechis_scutatus_C9A	NW_020769310.1	583	71	457	527	11776833	11777042	40.845	2.53e-07	59.3
Notechis_scutatus_C9A	NW_020769310.1	583	47	537	583	11780145	11780285	53.191	5.91e-06	55.1
Notechis_scutatus_C9A	NW_020769463.1	583	240	280	514	277123	277794	24.583	1.25e-09	67.0
Notechis_scutatus_C9A	NW_020769342.1	583	76	277	352	11101827	11102054	38.158	6.82e-08	61.2
Notechis_scutatus_C9A	NW_020769342.1	583	42	538	579	11124730	11124855	54.762	7.70e-06	54.7
Notechis_scutatus_C9A	NW_020769450.1	583	220	298	516	377994	378599	24.545	1.81e-06	56.6
Hydrophis_cyanocinctus_C9A	NW_020769310.1	583	94	274	367	11138294	11138022	87.234	2.19e-43	172
Hydrophis_cyanocinctus_C9A	NW_020769310.1	583	77	456	532	11132100	11131870	94.805	8.55e-38	155
Hydrophis_cyanocinctus_C9A	NW_020769310.1	583	79	195	273	11143614	11143378	89.873	1.90e-34	145
Hydrophis_cyanocinctus_C9A	NW_020769310.1	583	78	276	353	11171549	11171316	82.051	6.51e-34	143
Hydrophis_cyanocinctus_C9A	NW_020769310.1	583	77	456	532	11164538	11164308	77.922	1.33e-30	133
Hydrophis_cyanocinctus_C9A	NW_020769310.1	583	56	528	583	11130985	11130818	96.429	3.65e-26	119
Hydrophis_cyanocinctus_C9A	NW_020769310.1	583	72	397	468	11133481	11133266	83.333	3.45e-25	116
Hydrophis_cyanocinctus_C9A	NW_020769310.1	583	54	54	107	11148546	11148385	92.593	3.62e-23	110
Hydrophis_cyanocinctus_C9A	NW_020769310.1	583	50	107	156	11146912	11146763	98.000	1.80e-21	105
Hydrophis_cyanocinctus_C9A	NW_020769310.1	583	47	157	203	11145204	11145064	95.745	2.38e-20	101
Hydrophis_cyanocinctus_C9A	NW_020769310.1	583	50	107	156	11182898	11182749	94.000	2.59e-20	101
Hydrophis_cyanocinctus_C9A	NW_020769310.1	583	62	396	457	11165970	11165785	64.516	1.73e-16	89.0
Hydrophis_cyanocinctus_C9A	NW_020769310.1	583	57	147	203	11180223	11180053	66.667	1.11e-15	86.7
Hydrophis_cyanocinctus_C9A	NW_020769310.1	583	51	57	107	11183971	11183819	74.510	1.54e-15	85.9
Hydrophis_cyanocinctus_C9A	NW_020769310.1	583	41	355	395	11135866	11135744	95.122	7.94e-14	80.5
Hydrophis_cyanocinctus_C9A	NW_020769310.1	583	41	26	66	11149254	11149132	82.927	2.48e-12	75.9
Hydrophis_cyanocinctus_C9A	NW_020769310.1	583	102	196	297	11177887	11177588	46.078	3.75e-12	75.1
Hydrophis_cyanocinctus_C9A	NW_020769310.1	583	52	532	583	11162731	11162576	57.692	6.71e-12	74.3
Hydrophis_cyanocinctus_C9A	NW_020769310.1	583	47	26	72	11187923	11187783	59.574	1.01e-08	63.9
Hydrophis_cyanocinctus_C9A	NW_020769310.1	583	71	457	527	11776833	11777042	40.845	2.78e-07	59.3
Hydrophis_cyanocinctus_C9A	NW_020769310.1	583	47	537	583	11780145	11780285	53.191	5.76e-06	55.1
Hydrophis_cyanocinctus_C9A	NW_020769463.1	583	249	271	514	277096	277794	24.096	9.17e-10	67.4
Hydrophis_cyanocinctus_C9A	NW_020769342.1	583	103	273	375	11101815	11102120	33.010	3.42e-08	62.4
Hydrophis_cyanocinctus_C9A	NW_020769342.1	583	42	538	579	11124730	11124855	54.762	7.63e-06	54.7
Hydrophis_cyanocinctus_C9A	NW_020769450.1	583	220	298	516	377994	378599	22.727	6.89e-06	54.7
Laticauda_colubrina_C9A	NW_020769310.1	583	94	274	367	11138294	11138022	88.298	7.51e-44	173
Laticauda_colubrina_C9A	NW_020769310.1	583	77	456	532	11132100	11131870	97.403	1.24e-38	157
Laticauda_colubrina_C9A	NW_020769310.1	583	79	195	273	11143614	11143378	88.608	6.05e-34	143
Laticauda_colubrina_C9A	NW_020769310.1	583	78	276	353	11171549	11171316	82.051	7.52e-34	143
Laticauda_colubrina_C9A	NW_020769310.1	583	77	456	532	11164538	11164308	80.519	1.75e-31	136
Laticauda_colubrina_C9A	NW_020769310.1	583	72	397	468	11133481	11133266	83.333	2.16e-26	120
Laticauda_colubrina_C9A	NW_020769310.1	583	56	528	583	11130985	11130818	94.643	7.70e-26	118
Laticauda_colubrina_C9A	NW_020769310.1	583	54	54	107	11148546	11148385	90.741	4.59e-22	106
Laticauda_colubrina_C9A	NW_020769310.1	583	50	107	156	11146912	11146763	96.000	4.21e-21	103
Laticauda_colubrina_C9A	NW_020769310.1	583	47	157	203	11145204	11145064	97.872	8.55e-21	102
Laticauda_colubrina_C9A	NW_020769310.1	583	50	107	156	11182898	11182749	92.000	6.15e-20	100
Laticauda_colubrina_C9A	NW_020769310.1	583	57	401	457	11165955	11165785	73.684	3.90e-18	94.4
Laticauda_colubrina_C9A	NW_020769310.1	583	57	147	203	11180223	11180053	66.667	1.36e-15	86.3
Laticauda_colubrina_C9A	NW_020769310.1	583	51	57	107	11183971	11183819	74.510	3.58e-15	84.7
Laticauda_colubrina_C9A	NW_020769310.1	583	102	196	297	11177887	11177588	46.078	1.12e-12	76.6
Laticauda_colubrina_C9A	NW_020769310.1	583	41	26	66	11149254	11149132	80.488	8.45e-12	73.9
Laticauda_colubrina_C9A	NW_020769310.1	583	52	532	583	11162731	11162576	55.769	2.22e-11	72.8
Laticauda_colubrina_C9A	NW_020769310.1	583	41	355	395	11135866	11135744	85.366	5.80e-11	71.2
Laticauda_colubrina_C9A	NW_020769310.1	583	47	26	72	11187923	11187783	59.574	1.59e-08	63.5
Laticauda_colubrina_C9A	NW_020769310.1	583	71	457	527	11776833	11777042	40.845	1.43e-07	60.1
Laticauda_colubrina_C9A	NW_020769310.1	583	47	537	583	11780145	11780285	53.191	6.07e-06	55.1
Laticauda_colubrina_C9A	NW_020769463.1	583	222	298	514	277171	277794	24.324	1.26e-08	63.5
Laticauda_colubrina_C9A	NW_020769342.1	583	76	277	352	11101827	11102054	38.158	6.71e-08	61.2
Protobothrops_mucrosquamatus_C9A	NW_020769310.1	583	81	274	354	11171555	11171313	85.185	1.11e-36	152
Protobothrops_mucrosquamatus_C9A	NW_020769310.1	583	80	453	532	11164547	11164308	83.750	2.36e-34	144
Protobothrops_mucrosquamatus_C9A	NW_020769310.1	583	80	453	532	11132109	11131870	82.500	6.57e-34	143
Protobothrops_mucrosquamatus_C9A	NW_020769310.1	583	92	276	367	11138288	11138022	69.565	1.05e-32	139
Protobothrops_mucrosquamatus_C9A	NW_020769310.1	583	50	107	156	11182898	11182749	94.000	9.33e-21	102
Protobothrops_mucrosquamatus_C9A	NW_020769310.1	583	99	199	297	11177878	11177588	56.566	2.42e-20	101
Protobothrops_mucrosquamatus_C9A	NW_020769310.1	583	65	404	468	11133460	11133266	73.846	1.14e-19	99.4
Protobothrops_mucrosquamatus_C9A	NW_020769310.1	583	50	107	156	11146912	11146763	90.000	1.37e-19	99.0
Protobothrops_mucrosquamatus_C9A	NW_020769310.1	583	57	147	203	11180223	11180053	75.439	4.07e-19	97.4
Protobothrops_mucrosquamatus_C9A	NW_020769310.1	583	61	397	457	11165967	11165785	73.770	5.34e-19	97.1
Protobothrops_mucrosquamatus_C9A	NW_020769310.1	583	54	54	107	11148546	11148385	72.222	9.96e-17	89.7
Protobothrops_mucrosquamatus_C9A	NW_020769310.1	583	47	157	203	11145204	11145064	80.851	1.37e-16	89.4
Protobothrops_mucrosquamatus_C9A	NW_020769310.1	583	51	533	583	11130970	11130818	76.471	1.84e-16	89.0
Protobothrops_mucrosquamatus_C9A	NW_020769310.1	583	52	532	583	11162731	11162576	69.231	2.39e-15	85.5
Protobothrops_mucrosquamatus_C9A	NW_020769310.1	583	51	57	107	11183971	11183819	70.588	1.40e-14	82.8
Protobothrops_mucrosquamatus_C9A	NW_020769310.1	583	78	199	272	11143602	11143381	51.282	3.50e-11	72.0
Protobothrops_mucrosquamatus_C9A	NW_020769310.1	583	47	26	72	11187923	11187783	63.830	6.46e-10	67.8
Protobothrops_mucrosquamatus_C9A	NW_020769310.1	583	45	354	397	11168841	11168707	64.444	3.17e-08	62.4
Protobothrops_mucrosquamatus_C9A	NW_020769310.1	583	41	26	66	11149254	11149132	63.415	4.53e-08	62.0
Protobothrops_mucrosquamatus_C9A	NW_020769310.1	583	69	457	525	11776833	11777036	42.029	2.51e-07	59.3
Protobothrops_mucrosquamatus_C9A	NW_020769310.1	583	50	535	583	11814478	11814329	56.000	5.32e-07	58.5
Protobothrops_mucrosquamatus_C9A	NW_020769310.1	583	43	537	579	11780145	11780273	55.814	1.86e-06	56.6
Protobothrops_mucrosquamatus_C9A	NW_020769310.1	583	86	277	359	11870691	11870434	31.395	2.18e-06	56.2
Protobothrops_mucrosquamatus_C9A	NW_020769310.1	583	90	266	355	11821634	11821371	30.000	2.63e-06	56.2
Protobothrops_mucrosquamatus_C9A	NW_020769463.1	583	224	298	514	277171	277794	25.893	1.43e-10	70.1
Protobothrops_mucrosquamatus_C9A	NW_020769342.1	583	82	274	355	11101818	11102063	35.366	1.42e-08	63.5
Protobothrops_mucrosquamatus_C9A	NW_020769342.1	583	51	529	579	11126736	11126584	50.980	5.90e-08	61.6
Protobothrops_mucrosquamatus_C9A	NW_020769342.1	583	51	529	579	11124715	11124855	54.902	4.05e-07	58.9
Protobothrops_mucrosquamatus_C9A	NW_020769342.1	583	78	277	354	11148767	11148534	28.205	7.19e-06	54.7
Chrysopelea_ornata_C9A	NW_020769310.1	584	81	274	354	11171555	11171313	90.123	1.54e-37	154
Chrysopelea_ornata_C9A	NW_020769310.1	584	80	454	533	11164547	11164308	85.000	6.02e-35	146
Chrysopelea_ornata_C9A	NW_020769310.1	584	80	454	533	11132109	11131870	80.000	3.25e-33	141
Chrysopelea_ornata_C9A	NW_020769310.1	584	92	276	367	11138288	11138022	71.739	1.33e-32	139
Chrysopelea_ornata_C9A	NW_020769310.1	584	102	196	297	11177887	11177588	64.706	1.35e-27	124
Chrysopelea_ornata_C9A	NW_020769310.1	584	61	398	458	11165967	11165785	80.328	1.83e-21	105
Chrysopelea_ornata_C9A	NW_020769310.1	584	50	107	156	11182898	11182749	96.000	3.07e-21	104
Chrysopelea_ornata_C9A	NW_020769310.1	584	50	107	156	11146912	11146763	96.000	5.51e-21	103
Chrysopelea_ornata_C9A	NW_020769310.1	584	47	157	203	11145204	11145064	93.617	1.01e-19	99.4
Chrysopelea_ornata_C9A	NW_020769310.1	584	52	533	584	11162731	11162576	80.769	5.61e-19	97.1
Chrysopelea_ornata_C9A	NW_020769310.1	584	69	401	469	11133472	11133266	65.217	9.04e-19	96.3
Chrysopelea_ornata_C9A	NW_020769310.1	584	53	55	107	11183977	11183819	81.132	1.81e-18	95.5
Chrysopelea_ornata_C9A	NW_020769310.1	584	54	54	107	11148546	11148385	72.222	9.93e-17	89.7
Chrysopelea_ornata_C9A	NW_020769310.1	584	57	147	203	11180223	11180053	66.667	2.09e-15	85.5
Chrysopelea_ornata_C9A	NW_020769310.1	584	79	194	272	11143617	11143381	48.101	4.26e-13	78.2
Chrysopelea_ornata_C9A	NW_020769310.1	584	51	534	584	11130970	11130818	64.706	1.89e-12	76.3
Chrysopelea_ornata_C9A	NW_020769310.1	584	47	354	400	11168841	11168701	68.085	2.08e-10	69.3
Chrysopelea_ornata_C9A	NW_020769310.1	584	41	26	66	11149254	11149132	65.854	1.12e-08	63.9
Chrysopelea_ornata_C9A	NW_020769310.1	584	47	26	72	11187923	11187783	57.447	1.22e-08	63.9
Chrysopelea_ornata_C9A	NW_020769310.1	584	69	458	526	11776833	11777036	40.580	1.33e-06	57.0
Chrysopelea_ornata_C9A	NW_020769310.1	584	56	530	584	11850061	11849894	50.000	2.49e-06	56.2
Chrysopelea_ornata_C9A	NW_020769310.1	584	79	277	355	11870691	11870455	31.646	7.99e-06	54.7
Chrysopelea_ornata_C9A	NW_020769463.1	584	223	298	515	277171	277794	25.112	2.28e-10	69.3
Chrysopelea_ornata_C9A	NW_020769342.1	584	51	530	580	11126736	11126584	54.902	2.14e-09	66.2
Chrysopelea_ornata_C9A	NW_020769342.1	584	84	274	357	11101818	11102069	38.095	2.94e-09	65.9
Pituophis_catenifer_C9A	NW_020769310.1	583	94	274	367	11138294	11138022	84.043	6.08e-41	164
Pituophis_catenifer_C9A	NW_020769310.1	583	77	277	353	11171546	11171316	85.714	1.47e-34	145
Pituophis_catenifer_C9A	NW_020769310.1	583	80	453	532	11164547	11164308	83.750	1.22e-33	142
Pituophis_catenifer_C9A	NW_020769310.1	583	80	453	532	11132109	11131870	76.250	9.01e-31	134
Pituophis_catenifer_C9A	NW_020769310.1	583	100	198	297	11177881	11177588	61.000	1.58e-24	114
Pituophis_catenifer_C9A	NW_020769310.1	583	54	54	107	11148546	11148385	83.333	7.31e-21	103
Pituophis_catenifer_C9A	NW_020769310.1	583	50	107	156	11182898	11182749	94.000	1.34e-20	102
Pituophis_catenifer_C9A	NW_020769310.1	583	50	107	156	11146912	11146763	94.000	2.62e-20	101
Pituophis_catenifer_C9A	NW_020769310.1	583	72	397	468	11133481	11133266	68.056	4.01e-20	100
Pituophis_catenifer_C9A	NW_020769310.1	583	52	532	583	11162731	11162576	84.615	4.53e-20	100
Pituophis_catenifer_C9A	NW_020769310.1	583	57	147	203	11180223	11180053	75.439	9.15e-19	96.3
Pituophis_catenifer_C9A	NW_020769310.1	583	54	404	457	11165946	11165785	81.481	2.18e-18	95.1
Pituophis_catenifer_C9A	NW_020769310.1	583	47	157	203	11145204	11145064	82.979	8.98e-17	90.1
Pituophis_catenifer_C9A	NW_020769310.1	583	51	57	107	11183971	11183819	74.510	6.55e-16	87.4
Pituophis_catenifer_C9A	NW_020769310.1	583	49	535	583	11130964	11130818	69.388	2.76e-13	79.0
Pituophis_catenifer_C9A	NW_020769310.1	583	76	198	273	11143605	11143378	47.368	2.73e-12	75.5
Pituophis_catenifer_C9A	NW_020769310.1	583	47	26	72	11187923	11187783	68.085	3.65e-11	72.0
Pituophis_catenifer_C9A	NW_020769310.1	583	41	26	66	11149254	11149132	68.293	3.19e-09	65.5
Pituophis_catenifer_C9A	NW_020769310.1	583	42	355	395	11168838	11168713	71.429	3.14e-08	62.4
Pituophis_catenifer_C9A	NW_020769310.1	583	56	528	583	11780118	11780285	48.214	2.01e-07	59.7
Pituophis_catenifer_C9A	NW_020769310.1	583	56	529	583	11850061	11849894	48.214	1.68e-06	56.6
Pituophis_catenifer_C9A	NW_020769310.1	583	50	535	583	11814478	11814329	52.000	6.72e-06	54.7
Pituophis_catenifer_C9A	NW_020769342.1	583	52	529	580	11126736	11126581	57.692	1.25e-10	70.1
Pituophis_catenifer_C9A	NW_020769342.1	583	79	277	355	11101827	11102063	37.975	6.26e-08	61.6
Pituophis_catenifer_C9A	NW_020769342.1	583	75	450	523	11121870	11122094	34.667	3.26e-06	55.8
Pituophis_catenifer_C9A	NW_020769463.1	583	240	280	514	277123	277794	25.000	4.18e-10	68.6
Pituophis_catenifer_C9A	NW_020769389.1	583	59	529	583	2860823	2860993	47.458	2.15e-06	56.6
Pantherophis_obsoletus_C9A	NW_020769310.1	583	81	274	354	11171555	11171313	95.062	1.22e-40	164
Pantherophis_obsoletus_C9A	NW_020769310.1	583	92	276	367	11138288	11138022	73.913	2.84e-35	147
Pantherophis_obsoletus_C9A	NW_020769310.1	583	80	453	532	11164547	11164308	83.750	1.12e-33	142
Pantherophis_obsoletus_C9A	NW_020769310.1	583	80	453	532	11132109	11131870	76.250	8.77e-31	134
Pantherophis_obsoletus_C9A	NW_020769310.1	583	99	199	297	11177878	11177588	62.626	7.21e-24	112
Pantherophis_obsoletus_C9A	NW_020769310.1	583	61	397	457	11165967	11165785	83.607	6.82e-23	109
Pantherophis_obsoletus_C9A	NW_020769310.1	583	54	54	107	11148546	11148385	83.333	1.20e-20	102
Pantherophis_obsoletus_C9A	NW_020769310.1	583	57	147	203	11180223	11180053	77.193	1.07e-19	99.4
Pantherophis_obsoletus_C9A	NW_020769310.1	583	52	532	583	11162731	11162576	82.692	1.09e-19	99.4
Pantherophis_obsoletus_C9A	NW_020769310.1	583	50	107	156	11182898	11182749	88.000	2.59e-19	98.2
Pantherophis_obsoletus_C9A	NW_020769310.1	583	50	107	156	11146912	11146763	88.000	4.41e-19	97.4
Pantherophis_obsoletus_C9A	NW_020769310.1	583	69	400	468	11133472	11133266	65.217	2.30e-18	95.1
Pantherophis_obsoletus_C9A	NW_020769310.1	583	47	157	203	11145204	11145064	80.851	4.68e-16	87.8
Pantherophis_obsoletus_C9A	NW_020769310.1	583	51	57	107	11183971	11183819	72.549	8.41e-15	83.6
Pantherophis_obsoletus_C9A	NW_020769310.1	583	51	533	583	11130970	11130818	68.627	8.81e-14	80.5
Pantherophis_obsoletus_C9A	NW_020769310.1	583	74	199	272	11143602	11143381	48.649	1.40e-11	73.2
Pantherophis_obsoletus_C9A	NW_020769310.1	583	47	26	72	11187923	11187783	70.213	1.61e-11	73.2
Pantherophis_obsoletus_C9A	NW_020769310.1	583	43	354	395	11168841	11168713	72.093	6.59e-09	64.7
Pantherophis_obsoletus_C9A	NW_020769310.1	583	41	26	66	11149254	11149132	65.854	2.25e-08	62.8
Pantherophis_obsoletus_C9A	NW_020769310.1	583	79	277	355	11870691	11870455	31.646	4.54e-06	55.5
Pantherophis_obsoletus_C9A	NW_020769310.1	583	56	528	583	11780118	11780285	46.429	5.67e-06	55.1
Pantherophis_obsoletus_C9A	NW_020769310.1	583	56	529	583	11850061	11849894	48.214	5.76e-06	55.1
Pantherophis_obsoletus_C9A	NW_020769310.1	583	50	535	583	11814478	11814329	52.000	6.78e-06	54.7
Pantherophis_obsoletus_C9A	NW_020769463.1	583	222	298	514	277171	277794	26.126	1.33e-11	73.2
Pantherophis_obsoletus_C9A	NW_020769342.1	583	52	529	580	11126736	11126581	57.692	9.77e-11	70.5
Pantherophis_obsoletus_C9A	NW_020769342.1	583	82	274	355	11101818	11102063	36.585	5.37e-09	65.1
Pantherophis_obsoletus_C9A	NW_020769342.1	583	75	450	523	11121870	11122094	34.667	2.94e-06	55.8
Pantherophis_obsoletus_C9A	NW_020769342.1	583	82	277	358	11148767	11148522	28.049	3.07e-06	55.8
Pantherophis_obsoletus_C9A	NW_020769389.1	583	59	529	583	2860823	2860993	47.458	4.50e-06	55.5
Bothrops_jararaca_C9A	NW_020769310.1	583	81	274	354	11171555	11171313	83.951	5.18e-36	150
Bothrops_jararaca_C9A	NW_020769310.1	583	80	453	532	11164547	11164308	83.750	6.69e-34	143
Bothrops_jararaca_C9A	NW_020769310.1	583	80	453	532	11132109	11131870	82.500	2.06e-33	142
Bothrops_jararaca_C9A	NW_020769310.1	583	92	276	367	11138288	11138022	69.565	1.16e-31	136
Bothrops_jararaca_C9A	NW_020769310.1	583	61	397	457	11165967	11165785	77.049	1.41e-20	102
Bothrops_jararaca_C9A	NW_020769310.1	583	70	400	469	11133472	11133263	67.143	7.58e-20	99.8
Bothrops_jararaca_C9A	NW_020769310.1	583	74	199	272	11177878	11177657	66.216	1.17e-19	99.4
Bothrops_jararaca_C9A	NW_020769310.1	583	57	147	203	11180223	11180053	75.439	3.83e-19	97.4
Bothrops_jararaca_C9A	NW_020769310.1	583	50	107	156	11182898	11182749	88.000	6.75e-19	96.7
Bothrops_jararaca_C9A	NW_020769310.1	583	50	107	156	11146912	11146763	86.000	2.28e-18	95.1
Bothrops_jararaca_C9A	NW_020769310.1	583	54	54	107	11148546	11148385	74.074	3.04e-17	91.7
Bothrops_jararaca_C9A	NW_020769310.1	583	47	157	203	11145204	11145064	80.851	1.27e-16	89.4
Bothrops_jararaca_C9A	NW_020769310.1	583	51	533	583	11130970	11130818	74.510	6.90e-16	87.0
Bothrops_jararaca_C9A	NW_020769310.1	583	51	57	107	11183971	11183819	74.510	1.28e-15	86.3
Bothrops_jararaca_C9A	NW_020769310.1	583	52	532	583	11162731	11162576	67.308	5.66e-15	84.3
Bothrops_jararaca_C9A	NW_020769310.1	583	47	26	72	11187923	11187783	65.957	6.43e-11	71.2
Bothrops_jararaca_C9A	NW_020769310.1	583	74	199	272	11143602	11143381	51.351	6.82e-11	70.9
Bothrops_jararaca_C9A	NW_020769310.1	583	43	354	395	11168841	11168713	67.442	1.09e-07	60.5
Bothrops_jararaca_C9A	NW_020769310.1	583	41	26	66	11149254	11149132	60.976	1.68e-07	60.1
Bothrops_jararaca_C9A	NW_020769310.1	583	81	277	357	11870691	11870449	32.099	1.53e-06	57.0
Bothrops_jararaca_C9A	NW_020769310.1	583	43	537	579	11780145	11780273	53.488	4.99e-06	55.1
Bothrops_jararaca_C9A	NW_020769310.1	583	50	535	583	11814478	11814329	54.000	5.25e-06	55.1
Bothrops_jararaca_C9A	NW_020769310.1	583	69	457	525	11776833	11777036	39.130	5.91e-06	55.1
Bothrops_jararaca_C9A	NW_020769310.1	583	79	277	355	11821607	11821371	30.380	6.55e-06	54.7
Bothrops_jararaca_C9A	NW_020769463.1	583	242	280	514	277123	277794	24.793	1.49e-09	66.6
Bothrops_jararaca_C9A	NW_020769342.1	583	82	274	355	11101818	11102063	35.366	2.12e-08	62.8
Bothrops_jararaca_C9A	NW_020769342.1	583	51	529	579	11126736	11126584	50.980	5.47e-08	61.6
Bothrops_jararaca_C9A	NW_020769342.1	583	51	529	579	11124715	11124855	52.941	1.12e-06	57.4
Ptyas_mucosa_C9A	NW_020769310.1	583	81	274	354	11171555	11171313	88.889	1.88e-37	154
Ptyas_mucosa_C9A	NW_020769310.1	583	80	453	532	11164547	11164308	82.500	2.19e-33	142
Ptyas_mucosa_C9A	NW_020769310.1	583	91	277	367	11138285	11138022	72.527	4.09e-33	141
Ptyas_mucosa_C9A	NW_020769310.1	583	80	453	532	11132109	11131870	77.500	1.19e-31	136
Ptyas_mucosa_C9A	NW_020769310.1	583	61	397	457	11165967	11165785	86.885	4.93e-24	113
Ptyas_mucosa_C9A	NW_020769310.1	583	100	198	297	11177881	11177588	61.000	2.17e-23	110
Ptyas_mucosa_C9A	NW_020769310.1	583	50	107	156	11182898	11182749	98.000	1.43e-21	105
Ptyas_mucosa_C9A	NW_020769310.1	583	50	107	156	11146912	11146763	98.000	2.94e-21	104
Ptyas_mucosa_C9A	NW_020769310.1	583	54	54	107	11148546	11148385	81.481	3.52e-20	100
Ptyas_mucosa_C9A	NW_020769310.1	583	69	400	468	11133472	11133266	60.870	1.62e-17	92.4
Ptyas_mucosa_C9A	NW_020769310.1	583	57	147	203	11180223	11180053	68.421	1.28e-16	89.4
Ptyas_mucosa_C9A	NW_020769310.1	583	56	530	583	11162743	11162576	73.214	3.37e-16	88.2
Ptyas_mucosa_C9A	NW_020769310.1	583	51	57	107	11183971	11183819	72.549	7.45e-15	84.0
Ptyas_mucosa_C9A	NW_020769310.1	583	47	157	203	11145204	11145064	74.468	9.65e-15	83.6
Ptyas_mucosa_C9A	NW_020769310.1	583	49	535	583	11130964	11130818	69.388	1.40e-12	76.6
Ptyas_mucosa_C9A	NW_020769310.1	583	75	198	272	11143605	11143381	50.667	1.99e-12	75.9
Ptyas_mucosa_C9A	NW_020769310.1	583	47	26	72	11187923	11187783	70.213	7.96e-12	73.9
Ptyas_mucosa_C9A	NW_020769310.1	583	41	26	66	11149254	11149132	65.854	1.03e-08	63.9
Ptyas_mucosa_C9A	NW_020769310.1	583	43	354	395	11168841	11168713	72.093	4.42e-08	62.0
Ptyas_mucosa_C9A	NW_020769310.1	583	78	457	534	11776833	11777057	42.308	3.59e-07	58.9
Ptyas_mucosa_C9A	NW_020769310.1	583	48	536	583	11780142	11780285	52.083	6.36e-07	58.2
Ptyas_mucosa_C9A	NW_020769463.1	583	222	298	514	277171	277794	25.676	6.05e-11	71.2
Ptyas_mucosa_C9A	NW_020769342.1	583	82	274	355	11101818	11102063	36.585	9.60e-09	63.9
Vipera_berus_C9A	NW_020769310.1	583	80	453	532	11164547	11164308	83.750	1.61e-34	145
Vipera_berus_C9A	NW_020769310.1	583	80	453	532	11132109	11131870	82.500	3.64e-34	144
Vipera_berus_C9A	NW_020769310.1	583	79	276	354	11171549	11171313	83.544	5.19e-34	144
Vipera_berus_C9A	NW_020769310.1	583	92	276	367	11138288	11138022	68.478	3.35e-31	135
Vipera_berus_C9A	NW_020769310.1	583	78	199	276	11177878	11177645	66.667	4.68e-21	103
Vipera_berus_C9A	NW_020769310.1	583	61	397	457	11165967	11165785	77.049	6.19e-21	103
Vipera_berus_C9A	NW_020769310.1	583	69	400	468	11133472	11133266	71.014	2.03e-20	101
Vipera_berus_C9A	NW_020769310.1	583	50	107	156	11182898	11182749	90.000	3.08e-19	97.8
Vipera_berus_C9A	NW_020769310.1	583	57	147	203	11180223	11180053	73.684	5.20e-19	97.1
Vipera_berus_C9A	NW_020769310.1	583	50	107	156	11146912	11146763	86.000	5.29e-18	94.0
Vipera_berus_C9A	NW_020769310.1	583	54	54	107	11148546	11148385	75.926	2.15e-17	92.0
Vipera_berus_C9A	NW_020769310.1	583	47	157	203	11145204	11145064	78.723	1.94e-16	89.0
Vipera_berus_C9A	NW_020769310.1	583	51	533	583	11130970	11130818	72.549	3.97e-16	87.8
Vipera_berus_C9A	NW_020769310.1	583	53	55	107	11183977	11183819	71.698	3.18e-15	85.1
Vipera_berus_C9A	NW_020769310.1	583	52	532	583	11162731	11162576	65.385	1.48e-14	82.8
Vipera_berus_C9A	NW_020769310.1	583	74	199	272	11143602	11143381	51.351	1.90e-12	76.3
Vipera_berus_C9A	NW_020769310.1	583	47	26	72	11187923	11187783	61.702	1.27e-09	67.0
Vipera_berus_C9A	NW_020769310.1	583	41	26	66	11149254	11149132	63.415	5.51e-08	61.6
Vipera_berus_C9A	NW_020769310.1	583	43	354	395	11168841	11168713	69.767	1.37e-07	60.5
Vipera_berus_C9A	NW_020769310.1	583	69	457	525	11776833	11777036	40.580	4.19e-07	58.9
Vipera_berus_C9A	NW_020769310.1	583	43	537	579	11780145	11780273	55.814	3.64e-06	55.8
Vipera_berus_C9A	NW_020769310.1	583	81	275	355	11870697	11870455	32.099	3.70e-06	55.8
Vipera_berus_C9A	NW_020769310.1	583	90	266	355	11821634	11821371	31.111	6.95e-06	54.7
Vipera_berus_C9A	NW_020769310.1	583	50	535	583	11814478	11814329	54.000	7.13e-06	54.7
Vipera_berus_C9A	NW_020769463.1	583	240	280	514	277123	277794	24.583	4.43e-10	68.6
Vipera_berus_C9A	NW_020769342.1	583	51	529	579	11126736	11126584	52.941	6.00e-08	61.6
Vipera_berus_C9A	NW_020769342.1	583	79	277	355	11101827	11102063	34.177	1.93e-07	59.7
Vipera_berus_C9A	NW_020769342.1	583	51	529	579	11124715	11124855	52.941	1.69e-06	56.6
Sceloporus_undulatus_C9A	NW_020769310.1	591	81	457	537	11132109	11131867	67.901	9.44e-28	124
Sceloporus_undulatus_C9A	NW_020769310.1	591	78	281	358	11171546	11171313	67.949	2.97e-27	123
Sceloporus_undulatus_C9A	NW_020769310.1	591	78	460	537	11164538	11164305	65.385	2.84e-26	120
Sceloporus_undulatus_C9A	NW_020769310.1	591	94	280	373	11138288	11138016	55.319	3.05e-25	117
Sceloporus_undulatus_C9A	NW_020769310.1	591	65	155	219	11180196	11180002	46.154	6.39e-11	71.2
Sceloporus_undulatus_C9A	NW_020769310.1	591	67	401	467	11165967	11165767	52.239	8.33e-11	70.9
Sceloporus_undulatus_C9A	NW_020769310.1	591	47	156	202	11145204	11145064	61.702	1.13e-10	70.5
Sceloporus_undulatus_C9A	NW_020769310.1	591	68	405	472	11133469	11133266	47.059	1.99e-10	69.7
Sceloporus_undulatus_C9A	NW_020769310.1	591	50	538	587	11162725	11162576	54.000	5.45e-10	68.2
Sceloporus_undulatus_C9A	NW_020769310.1	591	50	106	155	11146912	11146763	64.000	5.64e-10	68.2
Sceloporus_undulatus_C9A	NW_020769310.1	591	50	106	155	11182898	11182749	62.000	1.03e-09	67.4
Sceloporus_undulatus_C9A	NW_020769310.1	591	49	539	587	11130964	11130818	53.061	8.02e-09	64.3
Sceloporus_undulatus_C9A	NW_020769310.1	591	51	541	591	11780145	11780297	52.941	2.19e-08	62.8
Sceloporus_undulatus_C9A	NW_020769310.1	591	50	539	587	11814478	11814329	60.000	2.58e-08	62.8
Sceloporus_undulatus_C9A	NW_020769310.1	591	52	57	107	11148537	11148382	50.000	2.44e-07	59.7
Sceloporus_undulatus_C9A	NW_020769310.1	591	40	25	64	11149257	11149138	60.000	3.62e-07	58.9
Sceloporus_undulatus_C9A	NW_020769310.1	591	82	281	362	11870691	11870446	32.927	6.23e-07	58.2
Sceloporus_undulatus_C9A	NW_020769310.1	591	69	463	531	11776839	11777042	40.580	6.73e-07	58.2
Sceloporus_undulatus_C9A	NW_020769310.1	591	53	55	106	11183977	11183819	47.170	8.99e-07	57.8
Sceloporus_undulatus_C9A	NW_020769310.1	591	56	533	587	11850061	11849894	48.214	9.07e-07	57.8
Sceloporus_undulatus_C9A	NW_020769310.1	591	107	195	301	11177887	11177588	32.710	1.87e-06	56.6
Sceloporus_undulatus_C9A	NW_020769310.1	591	48	25	72	11187926	11187783	47.917	2.33e-06	56.2
Sceloporus_undulatus_C9A	NW_020769310.1	591	83	277	359	11821619	11821371	30.120	7.60e-06	54.7
Sceloporus_undulatus_C9A	NW_020769342.1	591	52	533	584	11126736	11126581	48.077	2.39e-08	62.8
Sceloporus_undulatus_C9A	NW_020769342.1	591	53	535	587	11124712	11124867	54.717	5.87e-07	58.2
Sceloporus_undulatus_C9A	NW_020769342.1	591	75	454	527	11121870	11122094	34.667	1.22e-06	57.4
Sceloporus_undulatus_C9A	NW_020769342.1	591	78	281	358	11148767	11148534	32.051	2.60e-06	56.2
Sceloporus_undulatus_C9A	NW_020769463.1	591	240	284	518	277123	277794	25.833	4.83e-07	58.5
Anolis_carolinensis_C9B	NW_020769310.1	538	78	280	357	11171549	11171316	66.667	6.53e-26	118
Anolis_carolinensis_C9B	NW_020769310.1	538	92	280	371	11138288	11138022	57.609	5.21e-25	115
Anolis_carolinensis_C9B	NW_020769310.1	538	70	462	531	11132094	11131885	67.143	1.77e-22	107
Anolis_carolinensis_C9B	NW_020769310.1	538	68	462	529	11164532	11164329	64.706	1.54e-20	101
Anolis_carolinensis_C9B	NW_020769310.1	538	57	146	202	11180223	11180053	57.895	9.04e-13	77.0
Anolis_carolinensis_C9B	NW_020769310.1	538	47	156	202	11145204	11145064	65.957	1.34e-12	76.3
Anolis_carolinensis_C9B	NW_020769310.1	538	73	400	472	11133484	11133266	47.945	2.10e-11	72.4
Anolis_carolinensis_C9B	NW_020769310.1	538	56	405	460	11165955	11165788	58.929	2.98e-11	72.0
Anolis_carolinensis_C9B	NW_020769310.1	538	50	106	155	11146912	11146763	68.000	4.00e-11	71.6
Anolis_carolinensis_C9B	NW_020769310.1	538	50	106	155	11182898	11182749	66.000	2.19e-10	69.3
Anolis_carolinensis_C9B	NW_020769310.1	538	71	462	532	11776836	11777045	42.254	5.32e-09	64.7
Anolis_carolinensis_C9B	NW_020769310.1	538	52	57	107	11148537	11148382	51.923	1.10e-08	63.5
Anolis_carolinensis_C9B	NW_020769310.1	538	62	3	64	11149311	11149138	45.161	6.25e-08	61.2
Anolis_carolinensis_C9B	NW_020769310.1	538	107	195	301	11177887	11177588	37.383	1.32e-07	60.1
Anolis_carolinensis_C9B	NW_020769310.1	538	79	281	359	11870691	11870455	32.911	1.21e-06	57.0
Anolis_carolinensis_C9B	NW_020769310.1	538	75	281	355	11821607	11821383	34.667	5.64e-06	55.1
Anolis_carolinensis_C9B	NW_020769310.1	538	52	57	107	11183971	11183816	46.154	6.86e-06	54.7
Anolis_carolinensis_C9B	NW_020769342.1	538	93	281	373	11101827	11102102	33.333	9.59e-08	60.5
Anolis_carolinensis_C9B	NW_020769342.1	538	77	281	357	11148767	11148537	33.766	1.70e-07	59.7
Anolis_carolinensis_C9B	NW_020769463.1	538	245	281	518	277108	277794	25.306	1.28e-06	57.0
Hydrophis_cyanocinctus_C9B	NW_020769310.1	582	81	273	353	11171555	11171313	92.593	2.67e-40	162
Hydrophis_cyanocinctus_C9B	NW_020769310.1	582	80	452	531	11164547	11164308	90.000	4.69e-37	153
Hydrophis_cyanocinctus_C9B	NW_020769310.1	582	80	452	531	11132109	11131870	80.000	2.50e-33	141
Hydrophis_cyanocinctus_C9B	NW_020769310.1	582	92	275	366	11138288	11138022	69.565	7.74e-33	140
Hydrophis_cyanocinctus_C9B	NW_020769310.1	582	99	198	296	11177878	11177588	67.677	6.40e-28	125
Hydrophis_cyanocinctus_C9B	NW_020769310.1	582	60	397	456	11165964	11165785	93.333	4.06e-26	119
Hydrophis_cyanocinctus_C9B	NW_020769310.1	582	50	57	106	11183968	11183819	98.000	2.29e-22	107
Hydrophis_cyanocinctus_C9B	NW_020769310.1	582	52	531	582	11162731	11162576	88.462	6.52e-22	106
Hydrophis_cyanocinctus_C9B	NW_020769310.1	582	50	106	155	11182898	11182749	98.000	9.18e-22	105
Hydrophis_cyanocinctus_C9B	NW_020769310.1	582	50	106	155	11146912	11146763	98.000	1.60e-21	105
Hydrophis_cyanocinctus_C9B	NW_020769310.1	582	57	146	202	11180223	11180053	78.947	8.37e-20	99.8
Hydrophis_cyanocinctus_C9B	NW_020769310.1	582	69	399	467	11133472	11133266	60.870	6.09e-18	93.6
Hydrophis_cyanocinctus_C9B	NW_020769310.1	582	54	53	106	11148546	11148385	72.222	8.82e-16	86.7
Hydrophis_cyanocinctus_C9B	NW_020769310.1	582	45	353	397	11168841	11168707	86.667	3.84e-14	81.6
Hydrophis_cyanocinctus_C9B	NW_020769310.1	582	47	156	202	11145204	11145064	72.340	6.38e-14	80.9
Hydrophis_cyanocinctus_C9B	NW_020769310.1	582	74	198	271	11143602	11143381	56.757	1.39e-13	79.7
Hydrophis_cyanocinctus_C9B	NW_020769310.1	582	49	534	582	11130964	11130818	65.306	1.18e-12	76.6
Hydrophis_cyanocinctus_C9B	NW_020769310.1	582	47	25	71	11187923	11187783	70.213	1.98e-10	69.7
Hydrophis_cyanocinctus_C9B	NW_020769310.1	582	69	456	524	11776833	11777036	42.029	1.78e-07	60.1
Hydrophis_cyanocinctus_C9B	NW_020769310.1	582	56	527	582	11780118	11780285	48.214	2.61e-07	59.3
Hydrophis_cyanocinctus_C9B	NW_020769310.1	582	55	529	582	11850058	11849894	47.273	8.72e-06	54.3
Hydrophis_cyanocinctus_C9B	NW_020769463.1	582	222	297	513	277171	277794	25.225	2.43e-10	69.3
Hydrophis_cyanocinctus_C9B	NW_020769342.1	582	50	529	578	11126733	11126584	52.000	4.01e-08	62.0
Hydrophis_cyanocinctus_C9B	NW_020769342.1	582	82	273	354	11101818	11102063	34.146	1.34e-07	60.5
Hydrophis_cyanocinctus_C9B	NW_020769342.1	582	82	276	357	11148767	11148522	28.049	8.72e-06	54.3
Bothrops_jararaca_C9B	NW_020769310.1	583	81	274	354	11171555	11171313	83.951	5.00e-36	150
Bothrops_jararaca_C9B	NW_020769310.1	583	80	453	532	11164547	11164308	83.750	7.13e-34	143
Bothrops_jararaca_C9B	NW_020769310.1	583	80	453	532	11132109	11131870	82.500	2.21e-33	142
Bothrops_jararaca_C9B	NW_020769310.1	583	92	276	367	11138288	11138022	69.565	3.33e-32	138
Bothrops_jararaca_C9B	NW_020769310.1	583	61	397	457	11165967	11165785	80.328	1.40e-21	105
Bothrops_jararaca_C9B	NW_020769310.1	583	71	400	470	11133472	11133260	69.014	7.77e-21	102
Bothrops_jararaca_C9B	NW_020769310.1	583	50	107	156	11182898	11182749	94.000	9.58e-21	102
Bothrops_jararaca_C9B	NW_020769310.1	583	77	196	272	11177887	11177657	63.636	3.68e-20	100
Bothrops_jararaca_C9B	NW_020769310.1	583	50	107	156	11146912	11146763	90.000	1.52e-19	99.0
Bothrops_jararaca_C9B	NW_020769310.1	583	57	147	203	11180223	11180053	75.439	1.94e-19	98.6
Bothrops_jararaca_C9B	NW_020769310.1	583	54	54	107	11148546	11148385	74.074	2.29e-17	92.0
Bothrops_jararaca_C9B	NW_020769310.1	583	47	157	203	11145204	11145064	82.979	5.03e-17	90.9
Bothrops_jararaca_C9B	NW_020769310.1	583	51	57	107	11183971	11183819	74.510	1.07e-15	86.7
Bothrops_jararaca_C9B	NW_020769310.1	583	51	533	583	11130970	11130818	72.549	2.72e-15	85.1
Bothrops_jararaca_C9B	NW_020769310.1	583	52	532	583	11162731	11162576	65.385	2.73e-14	82.0
Bothrops_jararaca_C9B	NW_020769310.1	583	79	194	272	11143617	11143381	48.101	1.31e-11	73.6
Bothrops_jararaca_C9B	NW_020769310.1	583	47	26	72	11187923	11187783	68.085	4.34e-11	71.6
Bothrops_jararaca_C9B	NW_020769310.1	583	43	354	395	11168841	11168713	69.767	2.67e-08	62.8
Bothrops_jararaca_C9B	NW_020769310.1	583	41	26	66	11149254	11149132	63.415	1.20e-07	60.5
Bothrops_jararaca_C9B	NW_020769310.1	583	86	277	359	11870691	11870434	31.395	3.32e-06	55.8
Bothrops_jararaca_C9B	NW_020769310.1	583	50	535	583	11814478	11814329	54.000	6.28e-06	55.1
Bothrops_jararaca_C9B	NW_020769310.1	583	69	457	525	11776833	11777036	39.130	6.55e-06	54.7
Bothrops_jararaca_C9B	NW_020769310.1	583	79	277	355	11821607	11821371	30.380	6.78e-06	54.7
Bothrops_jararaca_C9B	NW_020769463.1	583	242	280	514	277123	277794	24.793	9.17e-10	67.4
Bothrops_jararaca_C9B	NW_020769342.1	583	82	274	355	11101818	11102063	35.366	2.16e-08	62.8
Bothrops_jararaca_C9B	NW_020769342.1	583	51	529	579	11126736	11126584	50.980	5.06e-08	61.6
Bothrops_jararaca_C9B	NW_020769342.1	583	51	529	579	11124715	11124855	52.941	1.57e-06	57.0
Laticauda_colubrina_C9B	NW_020769310.1	583	81	274	354	11171555	11171313	95.062	5.56e-40	162
Laticauda_colubrina_C9B	NW_020769310.1	583	80	453	532	11164547	11164308	91.250	1.25e-37	154
Laticauda_colubrina_C9B	NW_020769310.1	583	80	453	532	11132109	11131870	81.250	1.44e-33	142
Laticauda_colubrina_C9B	NW_020769310.1	583	94	274	367	11138294	11138022	69.149	1.57e-33	142
Laticauda_colubrina_C9B	NW_020769310.1	583	99	199	297	11177878	11177588	65.657	1.08e-24	115
Laticauda_colubrina_C9B	NW_020769310.1	583	60	398	457	11165964	11165785	91.667	1.47e-24	114
Laticauda_colubrina_C9B	NW_020769310.1	583	50	58	107	11183968	11183819	96.000	9.92e-22	105
Laticauda_colubrina_C9B	NW_020769310.1	583	52	532	583	11162731	11162576	86.538	3.13e-21	104
Laticauda_colubrina_C9B	NW_020769310.1	583	50	107	156	11182898	11182749	92.000	1.01e-19	99.4
Laticauda_colubrina_C9B	NW_020769310.1	583	56	147	202	11180223	11180056	80.357	1.40e-19	99.0
Laticauda_colubrina_C9B	NW_020769310.1	583	50	107	156	11146912	11146763	90.000	4.15e-19	97.4
Laticauda_colubrina_C9B	NW_020769310.1	583	66	403	468	11133463	11133266	66.667	6.07e-18	93.6
Laticauda_colubrina_C9B	NW_020769310.1	583	54	54	107	11148546	11148385	75.926	4.50e-17	90.9
Laticauda_colubrina_C9B	NW_020769310.1	583	46	157	202	11145204	11145067	78.261	4.11e-15	84.7
Laticauda_colubrina_C9B	NW_020769310.1	583	51	533	583	11130970	11130818	62.745	2.48e-12	75.9
Laticauda_colubrina_C9B	NW_020769310.1	583	42	354	395	11135869	11135744	85.714	1.19e-11	73.6
Laticauda_colubrina_C9B	NW_020769310.1	583	47	26	72	11187923	11187783	72.340	1.81e-11	72.8
Laticauda_colubrina_C9B	NW_020769310.1	583	73	199	271	11143602	11143384	50.685	1.23e-10	70.1
Laticauda_colubrina_C9B	NW_020769310.1	583	69	457	525	11776833	11777036	42.029	3.03e-07	59.3
Laticauda_colubrina_C9B	NW_020769310.1	583	81	275	355	11870697	11870455	33.333	1.42e-06	57.0
Laticauda_colubrina_C9B	NW_020769310.1	583	100	268	355	11821670	11821371	29.000	1.44e-06	57.0
Laticauda_colubrina_C9B	NW_020769310.1	583	38	26	63	11149254	11149141	63.158	2.42e-06	56.2
Laticauda_colubrina_C9B	NW_020769310.1	583	56	529	583	11850061	11849894	50.000	4.21e-06	55.5
Laticauda_colubrina_C9B	NW_020769310.1	583	56	528	583	11780118	11780285	44.643	6.89e-06	54.7
Laticauda_colubrina_C9B	NW_020769463.1	583	222	298	514	277171	277794	24.775	3.07e-10	68.9
Laticauda_colubrina_C9B	NW_020769342.1	583	51	529	579	11126736	11126584	52.941	2.93e-08	62.4
Laticauda_colubrina_C9B	NW_020769342.1	583	81	277	357	11101827	11102069	30.864	8.59e-08	60.8
Laticauda_colubrina_C9B	NW_020769342.1	583	81	274	354	11148776	11148534	29.630	7.80e-07	57.8
Laticauda_colubrina_C9B	NW_020769389.1	583	59	529	583	2860823	2860993	49.153	8.60e-06	54.3
Pseudonaja_textilis_C9B	NW_020769310.1	583	81	274	354	11171555	11171313	100.000	7.82e-43	170
Pseudonaja_textilis_C9B	NW_020769310.1	583	80	453	532	11164547	11164308	96.250	3.09e-40	162
Pseudonaja_textilis_C9B	NW_020769310.1	583	94	274	367	11138294	11138022	71.277	4.90e-35	147
Pseudonaja_textilis_C9B	NW_020769310.1	583	99	199	297	11177878	11177588	79.798	1.05e-34	145
Pseudonaja_textilis_C9B	NW_020769310.1	583	80	453	532	11132109	11131870	80.000	8.66e-33	140
Pseudonaja_textilis_C9B	NW_020769310.1	583	61	397	457	11165967	11165785	98.361	7.88e-28	124
Pseudonaja_textilis_C9B	NW_020769310.1	583	52	532	583	11162731	11162576	100.000	3.11e-26	119
Pseudonaja_textilis_C9B	NW_020769310.1	583	51	57	107	11183971	11183819	98.039	5.42e-23	109
Pseudonaja_textilis_C9B	NW_020769310.1	583	50	107	156	11182898	11182749	100.000	3.31e-22	107
Pseudonaja_textilis_C9B	NW_020769310.1	583	57	147	203	11180223	11180053	84.211	2.26e-21	104
Pseudonaja_textilis_C9B	NW_020769310.1	583	50	107	156	11146912	11146763	96.000	4.89e-21	103
Pseudonaja_textilis_C9B	NW_020769310.1	583	66	403	468	11133463	11133266	66.667	4.15e-18	94.4
Pseudonaja_textilis_C9B	NW_020769310.1	583	45	354	398	11168841	11168707	95.556	2.34e-16	88.6
Pseudonaja_textilis_C9B	NW_020769310.1	583	54	54	107	11148546	11148385	72.222	4.89e-16	87.8
Pseudonaja_textilis_C9B	NW_020769310.1	583	47	157	203	11145204	11145064	76.596	2.25e-15	85.5
Pseudonaja_textilis_C9B	NW_020769310.1	583	47	26	72	11187923	11187783	76.596	1.62e-12	76.3
Pseudonaja_textilis_C9B	NW_020769310.1	583	48	536	583	11130961	11130818	60.417	2.11e-10	69.3
Pseudonaja_textilis_C9B	NW_020769310.1	583	74	199	272	11143602	11143381	47.297	1.91e-09	66.2
Pseudonaja_textilis_C9B	NW_020769310.1	583	69	457	525	11776833	11777036	42.029	8.66e-08	60.8
Pseudonaja_textilis_C9B	NW_020769310.1	583	54	530	583	11780124	11780285	48.148	1.57e-07	60.1
Pseudonaja_textilis_C9B	NW_020769310.1	583	38	26	63	11149254	11149141	68.421	2.00e-07	59.7
Pseudonaja_textilis_C9B	NW_020769310.1	583	54	531	583	11850049	11849894	50.000	5.12e-06	55.1
Pseudonaja_textilis_C9B	NW_020769463.1	583	222	298	514	277171	277794	25.225	2.63e-10	69.3
Pseudonaja_textilis_C9B	NW_020769342.1	583	50	530	579	11126733	11126584	54.000	2.54e-08	62.8
Pseudonaja_textilis_C9B	NW_020769342.1	583	78	277	354	11101827	11102060	33.333	8.02e-08	61.2
Pseudonaja_textilis_C9B	NW_020769342.1	583	78	277	354	11148767	11148534	28.205	1.26e-06	57.4
Pseudonaja_textilis_C9B	NW_020769342.1	583	46	538	583	11124730	11124867	45.652	7.83e-06	54.7
Notechis_scutatus_C9B	NW_020769310.1	583	81	274	354	11171555	11171313	96.296	1.97e-40	163
Notechis_scutatus_C9B	NW_020769310.1	583	85	448	532	11164562	11164308	90.588	4.14e-39	159
Notechis_scutatus_C9B	NW_020769310.1	583	98	435	532	11132163	11131870	68.367	5.24e-34	144
Notechis_scutatus_C9B	NW_020769310.1	583	94	274	367	11138294	11138022	69.149	9.70e-34	143
Notechis_scutatus_C9B	NW_020769310.1	583	99	199	297	11177878	11177588	68.687	3.14e-28	126
Notechis_scutatus_C9B	NW_020769310.1	583	60	398	457	11165964	11165785	90.000	6.40e-25	115
Notechis_scutatus_C9B	NW_020769310.1	583	50	58	107	11183968	11183819	100.000	7.64e-23	109
Notechis_scutatus_C9B	NW_020769310.1	583	52	532	583	11162731	11162576	88.462	5.86e-22	106
Notechis_scutatus_C9B	NW_020769310.1	583	50	107	156	11182898	11182749	98.000	9.50e-22	105
Notechis_scutatus_C9B	NW_020769310.1	583	50	107	156	11146912	11146763	98.000	1.69e-21	105
Notechis_scutatus_C9B	NW_020769310.1	583	57	147	203	11180223	11180053	82.456	4.10e-21	103
Notechis_scutatus_C9B	NW_020769310.1	583	69	400	468	11133472	11133266	60.870	3.34e-18	94.7
Notechis_scutatus_C9B	NW_020769310.1	583	54	54	107	11148546	11148385	72.222	8.06e-16	87.0
Notechis_scutatus_C9B	NW_020769310.1	583	47	157	203	11145204	11145064	76.596	3.43e-15	85.1
Notechis_scutatus_C9B	NW_020769310.1	583	45	354	398	11168841	11168707	84.444	8.29e-14	80.5
Notechis_scutatus_C9B	NW_020769310.1	583	49	535	583	11130964	11130818	65.306	1.15e-12	76.6
Notechis_scutatus_C9B	NW_020769310.1	583	74	199	272	11143602	11143381	54.054	3.50e-12	75.1
Notechis_scutatus_C9B	NW_020769310.1	583	47	26	72	11187923	11187783	72.340	1.83e-11	72.8
Notechis_scutatus_C9B	NW_020769310.1	583	69	457	525	11776833	11777036	42.029	9.51e-08	60.8
Notechis_scutatus_C9B	NW_020769310.1	583	56	528	583	11780118	11780285	48.214	5.64e-07	58.2
Notechis_scutatus_C9B	NW_020769310.1	583	38	26	63	11149254	11149141	63.158	2.48e-06	56.2
Notechis_scutatus_C9B	NW_020769310.1	583	100	268	355	11821670	11821371	28.000	4.54e-06	55.5
Notechis_scutatus_C9B	NW_020769310.1	583	55	530	583	11850058	11849894	47.273	8.75e-06	54.3
Notechis_scutatus_C9B	NW_020769463.1	583	222	298	514	277171	277794	25.225	4.83e-10	68.2
Notechis_scutatus_C9B	NW_020769342.1	583	50	530	579	11126733	11126584	52.000	4.53e-08	62.0
Notechis_scutatus_C9B	NW_020769342.1	583	85	274	358	11148776	11148522	29.412	2.51e-07	59.3
Notechis_scutatus_C9B	NW_020769342.1	583	79	277	355	11101827	11102063	31.646	3.50e-07	58.9
Notechis_scutatus_C9B	NW_020769450.1	583	223	295	516	377985	378599	22.422	5.43e-06	55.1
Pituophis_catenifer_C9B	NW_020769310.1	583	94	274	367	11138294	11138022	84.043	1.57e-40	163
Pituophis_catenifer_C9B	NW_020769310.1	583	77	456	532	11164538	11164308	90.909	1.40e-36	151
Pituophis_catenifer_C9B	NW_020769310.1	583	77	277	353	11171546	11171316	85.714	1.75e-34	145
Pituophis_catenifer_C9B	NW_020769310.1	583	77	456	532	11132100	11131870	80.519	9.66e-33	140
Pituophis_catenifer_C9B	NW_020769310.1	583	72	397	468	11133481	11133266	79.167	5.68e-24	112
Pituophis_catenifer_C9B	NW_020769310.1	583	76	198	273	11143605	11143378	71.053	1.05e-23	112
Pituophis_catenifer_C9B	NW_020769310.1	583	50	107	156	11146912	11146763	96.000	1.04e-20	102
Pituophis_catenifer_C9B	NW_020769310.1	583	51	533	583	11130970	11130818	86.275	2.30e-20	101
Pituophis_catenifer_C9B	NW_020769310.1	583	50	107	156	11182898	11182749	92.000	1.54e-19	99.0
Pituophis_catenifer_C9B	NW_020769310.1	583	47	157	203	11145204	11145064	89.362	8.39e-19	96.7
Pituophis_catenifer_C9B	NW_020769310.1	583	54	54	107	11148546	11148385	79.630	1.23e-18	95.9
Pituophis_catenifer_C9B	NW_020769310.1	583	54	404	457	11165946	11165785	75.926	4.23e-17	90.9
Pituophis_catenifer_C9B	NW_020769310.1	583	78	147	223	11180223	11179990	55.128	4.41e-15	84.7
Pituophis_catenifer_C9B	NW_020769310.1	583	53	55	107	11183977	11183819	69.811	2.64e-14	82.0
Pituophis_catenifer_C9B	NW_020769310.1	583	100	198	297	11177881	11177588	48.000	9.75e-13	77.0
Pituophis_catenifer_C9B	NW_020769310.1	583	52	532	583	11162731	11162576	55.769	2.13e-11	72.8
Pituophis_catenifer_C9B	NW_020769310.1	583	41	26	66	11149254	11149132	70.732	1.19e-09	67.0
Pituophis_catenifer_C9B	NW_020769310.1	583	47	26	72	11187923	11187783	61.702	1.88e-09	66.2
Pituophis_catenifer_C9B	NW_020769310.1	583	42	355	395	11168838	11168713	71.429	1.36e-08	63.5
Pituophis_catenifer_C9B	NW_020769310.1	583	69	457	525	11776833	11777036	40.580	2.87e-06	55.8
Pituophis_catenifer_C9B	NW_020769463.1	583	222	298	514	277171	277794	25.676	6.37e-11	71.2
Pituophis_catenifer_C9B	NW_020769342.1	583	76	277	352	11101827	11102054	38.158	7.06e-08	61.2
Pituophis_catenifer_C9B	NW_020769342.1	583	75	450	523	11121870	11122094	36.000	2.66e-06	56.2
Pituophis_catenifer_C9B	NW_020769342.1	583	46	538	583	11124730	11124867	52.174	4.21e-06	55.5
Pituophis_catenifer_C9B	NW_020769342.1	583	51	529	579	11126736	11126584	47.059	9.85e-06	54.3
Pantherophis_obsoletus_C9B	NW_020769310.1	583	79	276	354	11171549	11171313	91.139	1.68e-37	154
Pantherophis_obsoletus_C9B	NW_020769310.1	583	77	456	532	11132100	11131870	89.610	4.85e-37	153
Pantherophis_obsoletus_C9B	NW_020769310.1	583	92	276	367	11138288	11138022	71.739	5.38e-34	144
Pantherophis_obsoletus_C9B	NW_020769310.1	583	77	456	532	11164538	11164308	79.221	2.73e-32	138
Pantherophis_obsoletus_C9B	NW_020769310.1	583	72	397	468	11133481	11133266	79.167	4.98e-24	112
Pantherophis_obsoletus_C9B	NW_020769310.1	583	75	198	272	11143605	11143381	70.667	3.20e-23	110
Pantherophis_obsoletus_C9B	NW_020769310.1	583	56	528	583	11130985	11130818	80.357	3.50e-21	103
Pantherophis_obsoletus_C9B	NW_020769310.1	583	50	107	156	11146912	11146763	96.000	1.21e-20	102
Pantherophis_obsoletus_C9B	NW_020769310.1	583	54	54	107	11148546	11148385	83.333	5.45e-20	100
Pantherophis_obsoletus_C9B	NW_020769310.1	583	50	107	156	11182898	11182749	92.000	1.83e-19	98.6
Pantherophis_obsoletus_C9B	NW_020769310.1	583	47	157	203	11145204	11145064	89.362	1.02e-18	96.3
Pantherophis_obsoletus_C9B	NW_020769310.1	583	57	401	457	11165955	11165785	73.684	2.89e-17	91.7
Pantherophis_obsoletus_C9B	NW_020769310.1	583	51	57	107	11183971	11183819	74.510	3.20e-15	85.1
Pantherophis_obsoletus_C9B	NW_020769310.1	583	78	147	223	11180223	11179990	55.128	5.47e-15	84.3
Pantherophis_obsoletus_C9B	NW_020769310.1	583	100	198	297	11177881	11177588	50.000	1.05e-13	80.1
Pantherophis_obsoletus_C9B	NW_020769310.1	583	52	532	583	11162731	11162576	55.769	1.16e-11	73.6
Pantherophis_obsoletus_C9B	NW_020769310.1	583	47	26	72	11187923	11187783	65.957	1.89e-10	69.7
Pantherophis_obsoletus_C9B	NW_020769310.1	583	43	354	395	11168841	11168713	72.093	6.32e-09	64.7
Pantherophis_obsoletus_C9B	NW_020769310.1	583	41	26	66	11149254	11149132	65.854	1.79e-08	63.2
Pantherophis_obsoletus_C9B	NW_020769310.1	583	69	457	525	11776833	11777036	39.130	3.47e-07	58.9
Pantherophis_obsoletus_C9B	NW_020769310.1	583	81	275	355	11870697	11870455	32.099	8.03e-06	54.7
Pantherophis_obsoletus_C9B	NW_020769463.1	583	222	298	514	277171	277794	25.676	1.35e-10	70.1
Pantherophis_obsoletus_C9B	NW_020769342.1	583	82	274	355	11101818	11102063	37.805	2.39e-09	65.9
Pantherophis_obsoletus_C9B	NW_020769342.1	583	85	274	358	11148776	11148522	28.235	2.02e-06	56.6
Pantherophis_obsoletus_C9B	NW_020769342.1	583	47	537	583	11124727	11124867	51.064	3.02e-06	55.8
Pantherophis_obsoletus_C9B	NW_020769342.1	583	75	450	523	11121870	11122094	36.000	3.77e-06	55.5
Crotalus_tigris_C9B	NW_020769310.1	583	94	274	367	11138294	11138022	76.596	5.61e-37	152
Crotalus_tigris_C9B	NW_020769310.1	583	80	453	532	11132109	11131870	81.250	6.28e-34	143
Crotalus_tigris_C9B	NW_020769310.1	583	80	453	532	11164547	11164308	80.000	5.13e-33	140
Crotalus_tigris_C9B	NW_020769310.1	583	76	276	351	11171549	11171322	81.579	1.21e-32	139
Crotalus_tigris_C9B	NW_020769310.1	583	78	195	272	11143614	11143381	73.077	1.30e-24	114
Crotalus_tigris_C9B	NW_020769310.1	583	73	396	468	11133484	11133266	72.603	3.40e-22	107
Crotalus_tigris_C9B	NW_020769310.1	583	51	533	583	11130970	11130818	84.314	1.66e-20	102
Crotalus_tigris_C9B	NW_020769310.1	583	50	107	156	11182898	11182749	90.000	4.72e-19	97.4
Crotalus_tigris_C9B	NW_020769310.1	583	63	401	463	11165955	11165767	73.016	7.82e-19	96.7
Crotalus_tigris_C9B	NW_020769310.1	583	50	107	156	11146912	11146763	90.000	8.17e-19	96.7
Crotalus_tigris_C9B	NW_020769310.1	583	47	157	203	11145204	11145064	87.234	3.17e-18	94.7
Crotalus_tigris_C9B	NW_020769310.1	583	54	54	107	11148546	11148385	74.074	1.65e-17	92.4
Crotalus_tigris_C9B	NW_020769310.1	583	57	147	203	11180223	11180053	70.175	3.47e-17	91.3
Crotalus_tigris_C9B	NW_020769310.1	583	51	57	107	11183971	11183819	74.510	5.81e-15	84.3
Crotalus_tigris_C9B	NW_020769310.1	583	102	196	297	11177887	11177588	45.098	2.52e-12	75.9
Crotalus_tigris_C9B	NW_020769310.1	583	41	26	66	11149254	11149132	78.049	5.56e-11	71.2
Crotalus_tigris_C9B	NW_020769310.1	583	52	532	583	11162731	11162576	53.846	7.56e-11	70.9
Crotalus_tigris_C9B	NW_020769310.1	583	47	26	72	11187923	11187783	59.574	1.28e-08	63.5
Crotalus_tigris_C9B	NW_020769310.1	583	42	355	396	11135866	11135741	66.667	4.37e-07	58.5
Crotalus_tigris_C9B	NW_020769310.1	583	69	457	525	11776833	11777036	39.130	1.68e-06	56.6
Crotalus_tigris_C9B	NW_020769463.1	583	249	271	514	277096	277794	24.900	2.36e-10	69.3
Crotalus_tigris_C9B	NW_020769342.1	583	103	277	379	11101827	11102132	31.068	1.55e-07	60.1
Crotalus_tigris_C9B	NW_020769342.1	583	46	538	583	11124730	11124867	52.174	6.60e-06	54.7
Ptyas_mucosa_C9B	NW_020769310.1	583	94	274	367	11138294	11138022	85.106	2.73e-41	166
Ptyas_mucosa_C9B	NW_020769310.1	583	77	456	532	11132100	11131870	88.312	6.05e-36	149
Ptyas_mucosa_C9B	NW_020769310.1	583	77	277	353	11171546	11171316	85.714	1.67e-34	145
Ptyas_mucosa_C9B	NW_020769310.1	583	77	456	532	11164538	11164308	77.922	2.77e-31	135
Ptyas_mucosa_C9B	NW_020769310.1	583	56	528	583	11130985	11130818	87.500	1.59e-23	111
Ptyas_mucosa_C9B	NW_020769310.1	583	79	195	273	11143614	11143378	69.620	2.21e-23	110
Ptyas_mucosa_C9B	NW_020769310.1	583	72	397	468	11133481	11133266	76.389	6.35e-22	106
Ptyas_mucosa_C9B	NW_020769310.1	583	50	107	156	11146912	11146763	94.000	6.15e-20	100
Ptyas_mucosa_C9B	NW_020769310.1	583	47	157	203	11145204	11145064	89.362	8.17e-19	96.7
Ptyas_mucosa_C9B	NW_020769310.1	583	50	107	156	11182898	11182749	90.000	9.55e-19	96.3
Ptyas_mucosa_C9B	NW_020769310.1	583	53	55	107	11183977	11183819	79.245	1.41e-17	92.4
Ptyas_mucosa_C9B	NW_020769310.1	583	57	401	457	11165955	11165785	71.930	2.84e-16	88.6
Ptyas_mucosa_C9B	NW_020769310.1	583	54	54	107	11148546	11148385	72.222	4.68e-16	87.8
Ptyas_mucosa_C9B	NW_020769310.1	583	57	147	203	11180223	11180053	66.667	2.08e-15	85.5
Ptyas_mucosa_C9B	NW_020769310.1	583	102	196	297	11177887	11177588	48.039	3.36e-13	78.6
Ptyas_mucosa_C9B	NW_020769310.1	583	52	532	583	11162731	11162576	57.692	6.43e-12	74.3
Ptyas_mucosa_C9B	NW_020769310.1	583	35	355	389	11135866	11135762	80.000	9.57e-07	57.8
Ptyas_mucosa_C9B	NW_020769310.1	583	49	26	72	11187929	11187783	55.102	1.80e-06	56.6
Ptyas_mucosa_C9B	NW_020769310.1	583	69	457	525	11776833	11777036	37.681	4.32e-06	55.5
Ptyas_mucosa_C9B	NW_020769310.1	583	42	27	66	11149257	11149132	61.905	4.82e-06	55.5
Ptyas_mucosa_C9B	NW_020769463.1	583	222	298	514	277171	277794	25.225	1.20e-08	63.9
Ptyas_mucosa_C9B	NW_020769342.1	583	76	277	352	11101827	11102054	38.158	7.95e-08	61.2
Ptyas_mucosa_C9B	NW_020769342.1	583	46	538	583	11124730	11124867	52.174	2.70e-06	56.2
