Pseudonaja_textilis_C9A	NW_020769310.1	585	81	274	354	11171555	11171313	100.000	8.48e-43	170
Pseudonaja_textilis_C9A	NW_020769310.1	585	80	454	533	11164547	11164308	96.250	3.22e-40	162
Pseudonaja_textilis_C9A	NW_020769310.1	585	94	274	367	11138294	11138022	71.277	5.18e-35	147
Pseudonaja_textilis_C9A	NW_020769310.1	585	99	199	297	11177878	11177588	79.798	1.06e-34	145
Pseudonaja_textilis_C9A	NW_020769310.1	585	80	454	533	11132109	11131870	80.000	8.58e-33	140
Pseudonaja_textilis_C9A	NW_020769310.1	585	61	398	458	11165967	11165785	98.361	8.19e-28	124
Pseudonaja_textilis_C9A	NW_020769310.1	585	53	533	585	11162731	11162573	100.000	2.48e-26	120
Pseudonaja_textilis_C9A	NW_020769310.1	585	51	57	107	11183971	11183819	98.039	5.27e-23	109
Pseudonaja_textilis_C9A	NW_020769310.1	585	50	107	156	11182898	11182749	100.000	3.28e-22	107
Pseudonaja_textilis_C9A	NW_020769310.1	585	57	147	203	11180223	11180053	84.211	2.25e-21	104
Pseudonaja_textilis_C9A	NW_020769310.1	585	50	107	156	11146912	11146763	96.000	5.09e-21	103
Pseudonaja_textilis_C9A	NW_020769310.1	585	66	404	469	11133463	11133266	66.667	4.30e-18	94.4
Pseudonaja_textilis_C9A	NW_020769310.1	585	45	354	398	11168841	11168707	95.556	7.63e-17	90.1
Pseudonaja_textilis_C9A	NW_020769310.1	585	54	54	107	11148546	11148385	72.222	4.98e-16	87.8
Pseudonaja_textilis_C9A	NW_020769310.1	585	47	157	203	11145204	11145064	76.596	2.31e-15	85.5
Pseudonaja_textilis_C9A	NW_020769310.1	585	47	26	72	11187923	11187783	76.596	1.57e-12	76.3
Pseudonaja_textilis_C9A	NW_020769310.1	585	49	537	585	11130961	11130815	61.224	1.63e-10	69.7
Pseudonaja_textilis_C9A	NW_020769310.1	585	74	199	272	11143602	11143381	47.297	1.94e-09	66.2
Pseudonaja_textilis_C9A	NW_020769310.1	585	69	458	526	11776833	11777036	42.029	8.86e-08	60.8
Pseudonaja_textilis_C9A	NW_020769310.1	585	54	531	584	11780124	11780285	48.148	1.58e-07	60.1
Pseudonaja_textilis_C9A	NW_020769310.1	585	38	26	63	11149254	11149141	68.421	2.01e-07	59.7
Pseudonaja_textilis_C9A	NW_020769310.1	585	54	532	584	11850049	11849894	50.000	5.28e-06	55.1
Pseudonaja_textilis_C9A	NW_020769463.1	585	223	298	515	277171	277794	25.561	2.81e-10	68.9
Pseudonaja_textilis_C9A	NW_020769342.1	585	50	531	580	11126733	11126584	54.000	2.51e-08	62.8
Pseudonaja_textilis_C9A	NW_020769342.1	585	78	277	354	11101827	11102060	33.333	7.80e-08	61.2
Pseudonaja_textilis_C9A	NW_020769342.1	585	78	277	354	11148767	11148534	28.205	1.25e-06	57.4
Pseudonaja_textilis_C9A	NW_020769342.1	585	47	539	585	11124730	11124870	46.809	6.26e-06	55.1
Pseudonaja_textilis_C9B	NW_020769310.1	584	94	274	367	11138294	11138022	89.362	1.62e-44	175
Pseudonaja_textilis_C9B	NW_020769310.1	584	77	456	532	11132100	11131870	98.701	1.62e-39	160
Pseudonaja_textilis_C9B	NW_020769310.1	584	79	195	273	11143614	11143378	93.671	3.89e-36	150
Pseudonaja_textilis_C9B	NW_020769310.1	584	78	276	353	11171549	11171316	82.051	1.14e-33	142
Pseudonaja_textilis_C9B	NW_020769310.1	584	77	456	532	11164538	11164308	81.818	2.15e-32	139
Pseudonaja_textilis_C9B	NW_020769310.1	584	73	396	468	11133484	11133266	87.671	6.20e-28	125
Pseudonaja_textilis_C9B	NW_020769310.1	584	57	528	584	11130985	11130815	96.491	2.37e-26	120
Pseudonaja_textilis_C9B	NW_020769310.1	584	54	54	107	11148546	11148385	94.444	1.34e-23	111
Pseudonaja_textilis_C9B	NW_020769310.1	584	50	107	156	11146912	11146763	100.000	3.68e-22	107
Pseudonaja_textilis_C9B	NW_020769310.1	584	50	107	156	11182898	11182749	96.000	6.12e-21	103
Pseudonaja_textilis_C9B	NW_020769310.1	584	47	157	203	11145204	11145064	97.872	7.36e-21	103
Pseudonaja_textilis_C9B	NW_020769310.1	584	57	401	457	11165955	11165785	71.930	8.87e-18	93.2
Pseudonaja_textilis_C9B	NW_020769310.1	584	42	355	396	11135866	11135741	100.000	1.08e-15	86.7
Pseudonaja_textilis_C9B	NW_020769310.1	584	57	147	203	11180223	11180053	66.667	1.15e-15	86.3
Pseudonaja_textilis_C9B	NW_020769310.1	584	51	57	107	11183971	11183819	74.510	1.30e-15	86.3
Pseudonaja_textilis_C9B	NW_020769310.1	584	102	196	297	11177887	11177588	45.098	1.77e-12	76.3
Pseudonaja_textilis_C9B	NW_020769310.1	584	41	26	66	11149254	11149132	82.927	2.47e-12	75.9
Pseudonaja_textilis_C9B	NW_020769310.1	584	53	532	584	11162731	11162573	58.491	4.86e-12	74.7
Pseudonaja_textilis_C9B	NW_020769310.1	584	47	26	72	11187923	11187783	59.574	9.71e-09	63.9
Pseudonaja_textilis_C9B	NW_020769310.1	584	71	457	527	11776833	11777042	40.845	1.51e-07	60.1
Pseudonaja_textilis_C9B	NW_020769310.1	584	47	537	583	11780145	11780285	53.191	5.78e-06	55.1
Pseudonaja_textilis_C9B	NW_020769463.1	584	240	280	514	277123	277794	24.583	1.01e-09	67.4
Pseudonaja_textilis_C9B	NW_020769342.1	584	76	277	352	11101827	11102054	38.158	7.02e-08	61.2
Pseudonaja_textilis_C9B	NW_020769342.1	584	42	538	579	11124730	11124855	54.762	8.40e-06	54.7
Pseudonaja_textilis_C9B	NW_020769450.1	584	220	298	516	377994	378599	22.273	1.94e-06	56.6
