Lacerta_agilis_C9A	CM090396.1	589	227	300	517	28505982	28506608	27.313	2.18e-12	75.9
Lacerta_agilis_C9A	CM090381.1	589	78	279	356	76955659	76955892	35.897	6.78e-08	61.6
Lacerta_agilis_C9A	CM090381.1	589	100	428	526	76975473	76975766	32.000	1.83e-06	57.0
Lacerta_agilis_C9A	CM090385.1	589	60	470	529	105182552	105182373	43.333	3.68e-06	55.8
Lacerta_agilis_C9A	CM090385.1	589	92	275	366	105144525	105144800	27.174	9.69e-06	54.3
Zootoca_vivipara_C9A	CM090396.1	589	227	300	517	28505982	28506608	26.432	4.21e-11	72.0
Zootoca_vivipara_C9A	CM090381.1	589	78	279	356	76955659	76955892	35.897	1.22e-07	60.5
Zootoca_vivipara_C9A	CM090381.1	589	100	428	526	76975473	76975766	32.000	2.01e-06	56.6
Zootoca_vivipara_C9A	CM090385.1	589	92	275	366	105144525	105144800	27.174	6.61e-06	55.1
Zootoca_vivipara_C9A	CM090385.1	589	60	470	529	105182552	105182373	41.667	7.51e-06	54.7
Podarcis_muralis_C9A	CM090396.1	589	226	300	516	28505982	28506605	26.549	1.54e-10	70.1
Podarcis_muralis_C9A	CM090381.1	589	78	279	356	76955659	76955892	34.615	3.14e-07	59.3
Podarcis_muralis_C9A	CM090381.1	589	100	428	526	76975473	76975766	32.000	8.22e-07	57.8
Podarcis_muralis_C9A	CM090385.1	589	60	470	529	105182552	105182373	40.000	4.55e-06	55.5
Anolis_carolinensis_C9A	CM090396.1	591	222	302	518	28505982	28506605	25.676	3.63e-09	65.5
Anolis_carolinensis_C9A	CM090396.1	591	208	286	492	28513683	28514252	23.558	3.65e-07	58.9
Anolis_carolinensis_C9A	CM090385.1	591	88	281	368	105144537	105144800	32.955	1.73e-08	63.5
Anolis_carolinensis_C9A	CM090385.1	591	78	281	358	105112230	105112463	33.333	3.16e-07	59.3
Anolis_carolinensis_C9A	CM090385.1	591	80	452	531	105182609	105182373	32.500	5.95e-06	55.1
Anolis_carolinensis_C9A	CM090381.1	591	78	281	358	76955659	76955892	35.897	1.99e-07	60.1
Anolis_carolinensis_C9A	CM090381.1	591	78	281	358	77005168	77004935	34.615	2.86e-06	56.2
Anolis_carolinensis_C9A	CM090381.1	591	46	542	587	76977190	76977327	52.174	7.42e-06	54.7
Pogona_vitticeps_C9A	CM090396.1	576	225	283	499	28505982	28506605	28.000	1.34e-12	76.6
Pogona_vitticeps_C9A	CM090396.1	576	210	267	476	28513683	28514261	24.286	2.02e-08	63.2
Pogona_vitticeps_C9A	CM090385.1	576	52	521	571	105152252	105152407	61.538	4.88e-08	62.0
Pogona_vitticeps_C9A	CM090385.1	576	88	252	339	105112200	105112463	31.818	3.65e-07	58.9
Pogona_vitticeps_C9A	CM090385.1	576	42	521	561	105117956	105118081	61.905	6.97e-07	58.2
Pogona_vitticeps_C9A	CM090385.1	576	82	258	339	105144525	105144770	31.707	3.42e-06	55.8
Pogona_vitticeps_C9A	CM090385.1	576	78	433	510	105182609	105182379	34.615	9.59e-06	54.3
Pogona_vitticeps_C9A	CM090381.1	576	83	257	339	76955644	76955892	36.145	8.20e-08	61.2
Pogona_vitticeps_C9A	CM090381.1	576	52	520	571	76977172	76977327	51.923	6.45e-07	58.2
Pogona_vitticeps_C9A	CM090381.1	576	70	441	509	76975557	76975766	38.571	1.63e-06	57.0
Gekko_japonicus_C9A	CM090396.1	582	220	316	512	28505982	28506605	27.727	4.55e-11	71.6
Gekko_japonicus_C9A	CM090381.1	582	86	438	522	76975509	76975766	36.047	2.43e-08	62.8
Gekko_japonicus_C9A	CM090381.1	582	78	295	372	76955659	76955892	33.333	1.04e-07	60.8
Gekko_japonicus_C9A	CM090385.1	582	67	457	523	105182576	105182379	41.791	2.21e-07	59.7
Gekko_japonicus_C9A	CM090385.1	582	92	291	382	105144525	105144800	29.348	4.92e-07	58.5
Gekko_japonicus_C9A	CM090385.1	582	82	291	372	105112218	105112463	29.268	2.11e-06	56.6
Crotalus_tigris_C9A	CM090396.1	583	224	298	514	28505982	28506605	27.232	9.87e-11	70.5
Crotalus_tigris_C9A	CM090396.1	583	213	282	491	28513683	28514261	24.413	2.74e-08	62.8
Crotalus_tigris_C9A	CM090385.1	583	78	448	525	105182609	105182379	34.615	4.21e-06	55.5
Crotalus_tigris_C9A	CM090381.1	583	47	537	583	76977187	76977327	48.936	6.78e-06	55.1
Crotalus_tigris_C9A	CM090381.1	583	70	456	524	76975557	76975766	37.143	9.78e-06	54.3
Thamnophis_elegans_C9A	CM090396.1	583	228	298	514	28505982	28506605	27.632	1.33e-10	70.1
Thamnophis_elegans_C9A	CM090396.1	583	213	282	491	28513683	28514261	24.883	1.09e-06	57.4
Thamnophis_elegans_C9A	CM090385.1	583	49	536	583	105152261	105152407	59.184	3.82e-07	58.9
Thamnophis_elegans_C9A	CM090385.1	583	40	535	573	105117962	105118081	60.000	1.48e-06	57.0
Thamnophis_elegans_C9A	CM090381.1	583	47	537	583	76977187	76977327	51.064	1.65e-06	57.0
Thamnophis_elegans_C9A	CM090381.1	583	81	274	354	76955650	76955892	33.333	5.72e-06	55.1
Thamnophis_elegans_C9A	CM090391.1	583	61	97	154	77931938	77931759	44.262	2.73e-06	56.2
Naja_naja_C9A	CM090396.1	582	210	281	490	28513680	28514261	23.810	5.31e-09	65.1
Naja_naja_C9A	CM090396.1	582	224	298	513	28505982	28506605	23.214	3.36e-08	62.4
Naja_naja_C9A	CM090381.1	582	74	277	350	76955659	76955880	36.486	2.59e-06	56.2
Naja_naja_C9A	CM090385.1	582	78	447	524	105182609	105182379	33.333	3.28e-06	55.8
Naja_naja_C9A	CM090393.1	582	59	528	582	40470026	40470190	47.458	5.42e-06	55.1
Pseudonaja_textilis_C9A	CM090396.1	583	222	298	514	28505982	28506605	22.973	1.02e-08	63.9
Pseudonaja_textilis_C9A	CM090396.1	583	210	282	491	28513683	28514261	23.810	1.13e-07	60.8
Pseudonaja_textilis_C9A	CM090393.1	583	59	529	583	40470026	40470190	49.153	4.63e-06	55.5
Pseudonaja_textilis_C9A	CM090385.1	583	80	448	527	105182609	105182373	33.750	4.87e-06	55.5
Pseudonaja_textilis_C9A	CM090381.1	583	74	277	350	76955659	76955880	35.135	4.99e-06	55.5
Python_bivittatus_C9A	CM090396.1	582	228	298	514	28505982	28506605	25.877	7.20e-10	67.8
Python_bivittatus_C9A	CM090396.1	582	223	270	488	28513644	28514252	25.112	8.00e-09	64.3
Python_bivittatus_C9A	CM090381.1	582	78	277	354	76955659	76955892	34.615	4.83e-07	58.5
Python_bivittatus_C9A	CM090381.1	582	70	456	524	76975557	76975766	38.571	3.86e-06	55.8
Python_bivittatus_C9A	CM090381.1	582	47	536	582	76977187	76977327	48.936	5.66e-06	55.1
Python_bivittatus_C9A	CM090385.1	582	78	448	525	105182609	105182379	35.897	1.66e-06	57.0
Notechis_scutatus_C9A	CM090396.1	583	222	298	514	28505982	28506605	22.973	7.31e-09	64.7
Notechis_scutatus_C9A	CM090396.1	583	210	282	491	28513683	28514261	24.286	9.05e-08	60.8
Notechis_scutatus_C9A	CM090381.1	583	74	277	350	76955659	76955880	35.135	4.75e-06	55.5
Notechis_scutatus_C9A	CM090385.1	583	80	448	527	105182609	105182373	33.750	8.18e-06	54.7
Hydrophis_cyanocinctus_C9A	CM090396.1	583	222	298	514	28505982	28506605	23.423	9.58e-10	67.4
Hydrophis_cyanocinctus_C9A	CM090396.1	583	210	282	491	28513683	28514261	22.857	3.37e-08	62.4
Hydrophis_cyanocinctus_C9A	CM090381.1	583	78	273	350	76955647	76955880	34.615	4.25e-06	55.5
Hydrophis_cyanocinctus_C9A	CM090385.1	583	80	448	527	105182609	105182373	33.750	8.25e-06	54.7
Laticauda_colubrina_C9A	CM090396.1	583	210	282	491	28513683	28514261	23.333	1.70e-09	66.6
Laticauda_colubrina_C9A	CM090396.1	583	222	298	514	28505982	28506605	22.523	8.82e-08	61.2
Laticauda_colubrina_C9A	CM090385.1	583	80	448	527	105182609	105182373	33.750	4.11e-06	55.5
Laticauda_colubrina_C9A	CM090381.1	583	74	277	350	76955659	76955880	35.135	4.95e-06	55.5
Protobothrops_mucrosquamatus_C9A	CM090396.1	583	228	298	514	28505982	28506605	28.509	1.46e-12	76.6
Protobothrops_mucrosquamatus_C9A	CM090396.1	583	213	282	491	28513683	28514261	24.883	9.10e-10	67.4
Protobothrops_mucrosquamatus_C9A	CM090381.1	583	78	277	354	76955659	76955892	33.333	4.68e-07	58.5
Protobothrops_mucrosquamatus_C9A	CM090381.1	583	47	537	583	76977187	76977327	51.064	1.98e-06	56.6
Protobothrops_mucrosquamatus_C9A	CM090385.1	583	78	448	525	105182609	105182379	37.179	6.70e-07	58.2
Protobothrops_mucrosquamatus_C9A	CM090385.1	583	81	274	354	105144528	105144770	32.099	1.86e-06	56.6
Protobothrops_mucrosquamatus_C9A	CM090385.1	583	49	526	573	105152231	105152377	55.102	4.25e-06	55.5
Protobothrops_mucrosquamatus_C9A	CM090385.1	583	89	266	354	105112203	105112463	30.337	8.04e-06	54.7
Protobothrops_mucrosquamatus_C9A	CM090393.1	583	51	537	583	40470038	40470190	50.980	5.48e-06	55.1
Chrysopelea_ornata_C9A	CM090396.1	584	228	298	515	28505982	28506605	27.193	1.03e-10	70.5
Chrysopelea_ornata_C9A	CM090381.1	584	78	277	354	76955659	76955892	35.897	3.58e-07	58.9
Chrysopelea_ornata_C9A	CM090385.1	584	84	274	357	105144528	105144779	33.333	2.37e-06	56.6
Chrysopelea_ornata_C9A	CM090385.1	584	78	449	526	105182609	105182379	34.615	5.50e-06	55.1
Pituophis_catenifer_C9A	CM090396.1	583	228	298	514	28505982	28506605	27.193	2.76e-11	72.4
Pituophis_catenifer_C9A	CM090396.1	583	210	282	491	28513683	28514261	26.667	5.76e-09	65.1
Pituophis_catenifer_C9A	CM090381.1	583	47	537	583	76977187	76977327	51.064	6.99e-07	58.2
Pituophis_catenifer_C9A	CM090381.1	583	70	456	524	76975557	76975766	38.571	2.32e-06	56.6
Pituophis_catenifer_C9A	CM090385.1	583	59	526	583	105152231	105152407	47.458	9.91e-07	57.8
Pantherophis_obsoletus_C9A	CM090396.1	583	228	298	514	28505982	28506605	27.193	8.83e-12	73.9
Pantherophis_obsoletus_C9A	CM090396.1	583	210	282	491	28513683	28514261	26.190	3.28e-09	65.9
Pantherophis_obsoletus_C9A	CM090381.1	583	78	277	354	76955659	76955892	35.897	9.20e-08	60.8
Pantherophis_obsoletus_C9A	CM090381.1	583	47	537	583	76977187	76977327	51.064	6.59e-07	58.2
Pantherophis_obsoletus_C9A	CM090381.1	583	70	456	524	76975557	76975766	38.571	2.30e-06	56.6
Pantherophis_obsoletus_C9A	CM090385.1	583	91	274	364	105144528	105144800	30.769	2.49e-06	56.2
Pantherophis_obsoletus_C9A	CM090385.1	583	59	526	583	105152231	105152407	47.458	3.15e-06	55.8
Bothrops_jararaca_C9A	CM090396.1	583	222	298	514	28505982	28506605	27.477	1.43e-10	70.1
Bothrops_jararaca_C9A	CM090396.1	583	226	270	491	28513644	28514261	24.779	5.86e-08	61.6
Bothrops_jararaca_C9A	CM090381.1	583	81	274	354	76955650	76955892	33.333	8.15e-07	57.8
Bothrops_jararaca_C9A	CM090381.1	583	72	456	524	76975557	76975766	38.889	8.91e-06	54.7
Bothrops_jararaca_C9A	CM090385.1	583	81	274	354	105144528	105144770	32.099	2.40e-06	56.2
Ptyas_mucosa_C9A	CM090396.1	583	223	298	514	28505982	28506605	27.803	2.88e-11	72.4
Ptyas_mucosa_C9A	CM090396.1	583	213	282	491	28513683	28514261	22.535	1.88e-07	60.1
Ptyas_mucosa_C9A	CM090381.1	583	81	274	354	76955650	76955892	35.802	1.41e-07	60.5
Ptyas_mucosa_C9A	CM090381.1	583	47	537	583	76977187	76977327	51.064	7.23e-07	58.2
Ptyas_mucosa_C9A	CM090381.1	583	70	456	524	76975557	76975766	38.571	3.58e-06	55.8
Ptyas_mucosa_C9A	CM090385.1	583	87	448	534	105182609	105182358	36.782	7.68e-07	58.2
Ptyas_mucosa_C9A	CM090385.1	583	49	536	583	105152261	105152407	57.143	5.04e-06	55.5
Vipera_berus_C9A	CM090396.1	583	228	298	514	28505982	28506605	26.316	1.30e-09	67.0
Vipera_berus_C9A	CM090396.1	583	210	282	491	28513683	28514261	25.238	5.02e-09	65.1
Vipera_berus_C9A	CM090385.1	583	78	448	525	105182609	105182379	38.462	9.52e-08	60.8
Vipera_berus_C9A	CM090385.1	583	81	274	354	105144528	105144770	33.333	1.22e-06	57.4
Vipera_berus_C9A	CM090385.1	583	81	274	354	105112221	105112463	32.099	5.67e-06	55.1
Vipera_berus_C9A	CM090381.1	583	78	277	354	76955659	76955892	33.333	1.71e-06	57.0
Vipera_berus_C9A	CM090393.1	583	51	537	583	40470038	40470190	49.020	3.15e-06	55.8
Sceloporus_undulatus_C9A	CM090396.1	591	222	302	518	28505982	28506605	22.973	1.50e-08	63.5
Sceloporus_undulatus_C9A	CM090396.1	591	195	302	495	28513731	28514261	25.128	5.09e-07	58.5
Sceloporus_undulatus_C9A	CM090385.1	591	92	277	368	105144525	105144800	31.522	4.02e-08	62.4
Sceloporus_undulatus_C9A	CM090385.1	591	78	281	358	105112230	105112463	32.051	7.66e-07	58.2
Sceloporus_undulatus_C9A	CM090385.1	591	55	534	587	105117947	105118111	54.545	7.92e-07	58.2
Sceloporus_undulatus_C9A	CM090385.1	591	59	530	587	105152231	105152407	50.847	8.48e-07	57.8
Sceloporus_undulatus_C9A	CM090381.1	591	47	541	587	76977187	76977327	53.191	1.49e-07	60.5
Sceloporus_undulatus_C9A	CM090381.1	591	79	280	358	76955656	76955892	34.177	5.19e-06	55.5
Sceloporus_undulatus_C9A	CM090393.1	591	55	541	591	40470038	40470202	47.273	2.26e-06	56.6
Anolis_carolinensis_C9B	CM090381.1	538	77	281	357	76955659	76955889	37.662	1.65e-08	63.2
Anolis_carolinensis_C9B	CM090381.1	538	87	270	356	77005186	77004941	36.782	5.68e-07	58.2
Anolis_carolinensis_C9B	CM090396.1	538	222	302	518	28505982	28506605	24.324	3.88e-08	62.0
Anolis_carolinensis_C9B	CM090396.1	538	210	286	495	28513683	28514261	25.238	4.45e-08	62.0
Anolis_carolinensis_C9B	CM090385.1	538	88	281	368	105144537	105144800	32.955	5.80e-08	61.6
Anolis_carolinensis_C9B	CM090385.1	538	75	281	355	105112230	105112454	36.000	1.28e-07	60.5
Anolis_carolinensis_C9B	CM090385.1	538	82	452	533	105182609	105182367	35.366	2.11e-07	59.7
Hydrophis_cyanocinctus_C9B	CM090396.1	582	226	297	513	28505982	28506605	26.549	1.65e-09	66.6
Hydrophis_cyanocinctus_C9B	CM090396.1	582	209	281	487	28513683	28514252	25.837	6.69e-09	64.7
Hydrophis_cyanocinctus_C9B	CM090385.1	582	78	447	524	105182609	105182379	35.897	4.48e-07	58.9
Hydrophis_cyanocinctus_C9B	CM090381.1	582	78	276	353	76955659	76955892	32.051	2.79e-06	56.2
Hydrophis_cyanocinctus_C9B	CM090381.1	582	70	455	523	76975557	76975766	38.571	3.67e-06	55.8
Hydrophis_cyanocinctus_C9B	CM090381.1	582	47	536	582	76977187	76977327	48.936	7.69e-06	54.7
Bothrops_jararaca_C9B	CM090396.1	583	228	298	514	28505982	28506605	28.070	2.04e-10	69.7
Bothrops_jararaca_C9B	CM090396.1	583	226	270	491	28513644	28514261	24.779	2.72e-08	62.8
Bothrops_jararaca_C9B	CM090381.1	583	81	274	354	76955650	76955892	33.333	7.61e-07	58.2
Bothrops_jararaca_C9B	CM090381.1	583	47	537	583	76977187	76977327	46.809	4.07e-06	55.8
Bothrops_jararaca_C9B	CM090381.1	583	72	456	524	76975557	76975766	38.889	9.45e-06	54.3
Bothrops_jararaca_C9B	CM090385.1	583	81	274	354	105144528	105144770	32.099	2.36e-06	56.6
Laticauda_colubrina_C9B	CM090396.1	583	222	298	514	28505982	28506605	24.775	3.04e-09	65.9
Laticauda_colubrina_C9B	CM090396.1	583	207	282	488	28513683	28514252	24.155	6.32e-09	64.7
Laticauda_colubrina_C9B	CM090381.1	583	99	264	354	76955596	76955892	30.303	7.74e-07	58.2
Laticauda_colubrina_C9B	CM090385.1	583	78	448	525	105182609	105182379	35.897	1.57e-06	57.0
Laticauda_colubrina_C9B	CM090385.1	583	78	277	354	105144537	105144770	32.051	1.65e-06	57.0
Laticauda_colubrina_C9B	CM090385.1	583	78	277	354	105112230	105112463	30.769	5.53e-06	55.1
Pseudonaja_textilis_C9B	CM090396.1	583	227	298	514	28505982	28506605	26.872	2.54e-09	66.2
Pseudonaja_textilis_C9B	CM090396.1	583	209	282	488	28513683	28514252	24.880	3.86e-08	62.4
Pseudonaja_textilis_C9B	CM090385.1	583	78	448	525	105182609	105182379	35.897	2.67e-07	59.7
Pseudonaja_textilis_C9B	CM090385.1	583	78	277	354	105144537	105144770	30.769	7.64e-06	54.7
Pseudonaja_textilis_C9B	CM090381.1	583	78	277	354	76955659	76955892	33.333	4.12e-07	58.9
Pseudonaja_textilis_C9B	CM090381.1	583	47	537	583	76977187	76977327	46.809	2.26e-06	56.6
Pseudonaja_textilis_C9B	CM090381.1	583	70	456	524	76975557	76975766	38.571	4.99e-06	55.5
Notechis_scutatus_C9B	CM090396.1	583	222	298	514	28505982	28506605	27.928	2.42e-11	72.8
Notechis_scutatus_C9B	CM090396.1	583	222	270	488	28513644	28514252	25.676	8.72e-10	67.4
Notechis_scutatus_C9B	CM090385.1	583	78	448	525	105182609	105182379	35.897	2.98e-07	59.3
Notechis_scutatus_C9B	CM090381.1	583	70	456	524	76975557	76975766	38.571	5.53e-06	55.1
Notechis_scutatus_C9B	CM090381.1	583	78	277	354	76955659	76955892	30.769	6.78e-06	55.1
Notechis_scutatus_C9B	CM090381.1	583	47	537	583	76977187	76977327	48.936	8.32e-06	54.7
Pituophis_catenifer_C9B	CM090396.1	583	228	298	514	28505982	28506605	26.754	1.21e-11	73.6
Pituophis_catenifer_C9B	CM090396.1	583	213	282	491	28513683	28514261	23.944	1.04e-08	63.9
Pituophis_catenifer_C9B	CM090381.1	583	70	456	524	76975557	76975766	40.000	6.70e-07	58.2
Pituophis_catenifer_C9B	CM090381.1	583	47	537	583	76977187	76977327	51.064	8.68e-06	54.7
Pituophis_catenifer_C9B	CM090385.1	583	78	448	525	105182609	105182379	37.179	7.42e-07	58.2
Pantherophis_obsoletus_C9B	CM090396.1	583	228	298	514	28505982	28506605	25.877	7.76e-11	70.9
Pantherophis_obsoletus_C9B	CM090396.1	583	207	282	488	28513683	28514252	25.121	1.18e-08	63.9
Pantherophis_obsoletus_C9B	CM090381.1	583	81	274	354	76955650	76955892	35.802	1.27e-07	60.5
Pantherophis_obsoletus_C9B	CM090381.1	583	47	537	583	76977187	76977327	53.191	5.77e-06	55.1
Pantherophis_obsoletus_C9B	CM090381.1	583	117	475	583	115065416	115065114	32.479	6.45e-06	55.1
Pantherophis_obsoletus_C9B	CM090385.1	583	91	274	364	105144528	105144800	31.868	1.32e-06	57.4
Pantherophis_obsoletus_C9B	CM090385.1	583	78	448	525	105182609	105182379	33.333	5.77e-06	55.1
Pantherophis_obsoletus_C9B	CM090393.1	583	59	529	583	40470026	40470190	49.153	1.53e-06	57.0
Crotalus_tigris_C9B	CM090396.1	583	224	298	514	28505982	28506605	27.232	1.29e-10	70.1
Crotalus_tigris_C9B	CM090396.1	583	213	282	491	28513683	28514261	24.883	1.27e-08	63.9
Crotalus_tigris_C9B	CM090385.1	583	78	448	525	105182609	105182379	34.615	1.71e-06	57.0
Crotalus_tigris_C9B	CM090381.1	583	47	537	583	76977187	76977327	51.064	3.41e-06	55.8
Crotalus_tigris_C9B	CM090381.1	583	70	456	524	76975557	76975766	37.143	5.82e-06	55.1
Ptyas_mucosa_C9B	CM090396.1	583	222	298	514	28505982	28506605	23.423	3.20e-08	62.4
Ptyas_mucosa_C9B	CM090393.1	583	59	529	583	40470026	40470190	49.153	3.18e-06	55.8
Ptyas_mucosa_C9B	CM090381.1	583	47	537	583	76977187	76977327	48.936	6.84e-06	55.1
