Lacerta_agilis_C9A	CM131961.1	589	80	455	534	63666395	63666634	67.500	8.98e-30	130
Lacerta_agilis_C9A	CM131961.1	589	81	277	357	63660935	63661177	66.667	8.27e-28	125
Lacerta_agilis_C9A	CM131961.1	589	59	400	458	63665280	63665456	72.881	1.42e-18	95.9
Lacerta_agilis_C9A	CM131961.1	589	47	155	201	63658367	63658507	87.234	1.95e-17	92.4
Lacerta_agilis_C9A	CM131961.1	589	55	100	154	63657482	63657646	74.545	4.33e-16	87.8
Lacerta_agilis_C9A	CM131961.1	589	50	56	105	63655596	63655745	68.000	2.69e-12	75.9
Lacerta_agilis_C9A	CM131961.1	589	49	538	585	63667861	63668007	63.265	1.57e-09	66.6
Lacerta_agilis_C9A	CM131961.1	589	60	470	529	63022693	63022514	45.000	7.30e-08	61.2
Lacerta_agilis_C9A	CM131961.1	589	77	201	275	63659729	63659941	46.753	1.31e-06	57.4
Lacerta_agilis_C9A	CM131955.1	589	223	300	517	167877400	167878026	24.215	7.42e-10	67.8
Lacerta_agilis_C9A	CM131955.1	589	81	279	359	90547820	90547578	37.037	1.29e-08	63.9
Zootoca_vivipara_C9A	CM131961.1	589	80	455	534	63666395	63666634	67.500	1.91e-29	130
Zootoca_vivipara_C9A	CM131961.1	589	81	277	357	63660935	63661177	66.667	8.34e-28	125
Zootoca_vivipara_C9A	CM131961.1	589	59	400	458	63665280	63665456	71.186	1.02e-17	93.2
Zootoca_vivipara_C9A	CM131961.1	589	47	155	201	63658367	63658507	87.234	2.28e-17	92.0
Zootoca_vivipara_C9A	CM131961.1	589	55	100	154	63657482	63657646	72.727	7.72e-16	87.0
Zootoca_vivipara_C9A	CM131961.1	589	50	56	105	63655596	63655745	68.000	3.33e-12	75.5
Zootoca_vivipara_C9A	CM131961.1	589	49	538	585	63667861	63668007	65.306	1.59e-09	66.6
Zootoca_vivipara_C9A	CM131961.1	589	60	470	529	63022693	63022514	43.333	1.22e-07	60.5
Zootoca_vivipara_C9A	CM131961.1	589	75	201	275	63659729	63659941	45.333	2.77e-06	56.2
Zootoca_vivipara_C9A	CM131955.1	589	223	300	517	167877400	167878026	23.767	2.49e-08	62.8
Zootoca_vivipara_C9A	CM131955.1	589	81	279	359	90547820	90547578	37.037	2.62e-08	62.8
Podarcis_muralis_C9A	CM131961.1	589	81	277	357	63660935	63661177	67.901	2.81e-28	126
Podarcis_muralis_C9A	CM131961.1	589	80	455	534	63666395	63666634	62.500	1.48e-26	120
Podarcis_muralis_C9A	CM131961.1	589	47	155	201	63658367	63658507	87.234	2.02e-17	92.0
Podarcis_muralis_C9A	CM131961.1	589	55	100	154	63657482	63657646	74.545	3.91e-16	88.2
Podarcis_muralis_C9A	CM131961.1	589	59	400	458	63665280	63665456	66.102	4.89e-16	87.8
Podarcis_muralis_C9A	CM131961.1	589	50	56	105	63655596	63655745	66.000	8.41e-12	73.9
Podarcis_muralis_C9A	CM131961.1	589	49	538	585	63667861	63668007	65.306	3.78e-10	68.9
Podarcis_muralis_C9A	CM131961.1	589	60	470	529	63022693	63022514	41.667	6.76e-08	61.6
Podarcis_muralis_C9A	CM131961.1	589	77	201	275	63659729	63659941	48.052	1.49e-07	60.5
Podarcis_muralis_C9A	CM131955.1	589	222	300	516	167877400	167878023	23.423	2.47e-08	62.8
Podarcis_muralis_C9A	CM131955.1	589	81	279	359	90547820	90547578	35.802	7.62e-08	61.2
Podarcis_muralis_C9A	CM131955.1	589	67	461	526	90530699	90530499	38.806	8.80e-06	54.7
Anolis_carolinensis_C9A	CM131961.1	591	86	457	542	63666395	63666652	67.442	3.05e-30	132
Anolis_carolinensis_C9A	CM131961.1	591	82	278	359	63660932	63661177	64.634	3.31e-26	120
Anolis_carolinensis_C9A	CM131961.1	591	47	156	202	63658367	63658507	80.851	3.68e-16	88.2
Anolis_carolinensis_C9A	CM131961.1	591	62	400	461	63665274	63665459	59.677	4.38e-14	81.6
Anolis_carolinensis_C9A	CM131961.1	591	54	538	591	63667855	63668016	61.111	9.53e-13	77.0
Anolis_carolinensis_C9A	CM131961.1	591	51	105	155	63657494	63657646	68.627	2.17e-12	75.9
Anolis_carolinensis_C9A	CM131961.1	591	51	57	107	63655596	63655748	62.745	2.81e-11	72.4
Anolis_carolinensis_C9A	CM131961.1	591	100	260	359	62980501	62980785	32.000	1.07e-07	60.8
Anolis_carolinensis_C9A	CM131961.1	591	67	462	528	63022720	63022523	35.821	5.21e-07	58.5
Anolis_carolinensis_C9A	CM131955.1	591	223	302	518	167877400	167878023	25.112	4.01e-08	62.4
Anolis_carolinensis_C9A	CM131955.1	591	69	519	587	90528061	90527855	39.130	9.32e-08	60.8
Anolis_carolinensis_C9A	CM131955.1	591	79	281	359	90494343	90494579	34.177	1.26e-07	60.5
Anolis_carolinensis_C9A	CM131955.1	591	81	281	361	90547820	90547578	32.099	2.24e-07	59.7
Anolis_carolinensis_C9A	CM131955.1	591	56	528	583	90506908	90507075	46.429	1.39e-06	57.4
Pogona_vitticeps_C9A	CM131961.1	576	79	438	516	63666395	63666631	65.823	2.74e-25	117
Pogona_vitticeps_C9A	CM131961.1	576	82	259	340	63660932	63661177	54.878	1.19e-21	105
Pogona_vitticeps_C9A	CM131961.1	576	62	381	442	63665274	63665459	69.355	3.58e-18	94.4
Pogona_vitticeps_C9A	CM131961.1	576	49	156	204	63658367	63658513	69.388	1.96e-14	82.4
Pogona_vitticeps_C9A	CM131961.1	576	51	105	155	63657494	63657646	74.510	3.34e-14	81.6
Pogona_vitticeps_C9A	CM131961.1	576	52	524	575	63667861	63668016	67.308	8.90e-13	77.0
Pogona_vitticeps_C9A	CM131961.1	576	51	57	107	63655596	63655748	52.941	7.38e-08	61.2
Pogona_vitticeps_C9A	CM131961.1	576	68	443	510	63022720	63022520	39.706	2.72e-07	59.3
Pogona_vitticeps_C9A	CM131961.1	576	89	252	340	62980525	62980785	32.584	4.58e-07	58.5
Pogona_vitticeps_C9A	CM131961.1	576	61	25	79	63654864	63655046	45.902	8.97e-07	57.8
Pogona_vitticeps_C9A	CM131955.1	576	222	283	499	167877400	167878023	25.225	3.55e-10	68.9
Pogona_vitticeps_C9A	CM131955.1	576	48	520	567	90506932	90507075	58.333	5.20e-09	65.1
Pogona_vitticeps_C9A	CM131955.1	576	52	520	571	90528010	90527855	51.923	1.31e-08	63.5
Pogona_vitticeps_C9A	CM131955.1	576	87	254	340	90494319	90494579	33.333	1.65e-07	60.1
Pogona_vitticeps_C9A	CM131955.1	576	88	253	340	90547847	90547584	34.091	2.33e-07	59.7
Pogona_vitticeps_C9A	CM131955.1	576	78	437	514	90530717	90530484	35.897	5.66e-07	58.5
Gekko_japonicus_C9A	CM131961.1	582	82	292	373	63660932	63661177	54.878	1.60e-20	102
Gekko_japonicus_C9A	CM131961.1	582	89	457	539	63666413	63666679	52.809	9.10e-20	99.8
Gekko_japonicus_C9A	CM131961.1	582	52	531	582	63667852	63668007	65.385	1.61e-12	76.3
Gekko_japonicus_C9A	CM131961.1	582	48	173	220	63658367	63658510	66.667	7.39e-12	74.3
Gekko_japonicus_C9A	CM131961.1	582	56	117	172	63657482	63657646	58.929	1.11e-11	73.6
Gekko_japonicus_C9A	CM131961.1	582	64	390	453	63665262	63665453	46.875	1.49e-10	70.1
Gekko_japonicus_C9A	CM131961.1	582	52	71	122	63655599	63655745	59.615	8.67e-10	67.4
Gekko_japonicus_C9A	CM131961.1	582	67	457	523	63022717	63022520	41.791	3.05e-08	62.4
Gekko_japonicus_C9A	CM131961.1	582	101	273	373	62980495	62980785	27.723	2.19e-06	56.6
Gekko_japonicus_C9A	CM131961.1	582	125	415	528	62986174	62986548	27.200	6.30e-06	55.1
Gekko_japonicus_C9A	CM131955.1	582	46	536	581	90527992	90527855	45.652	1.53e-06	57.0
Gekko_japonicus_C9A	CM131955.1	582	207	316	512	169645153	169644548	24.155	1.63e-06	57.0
Gekko_japonicus_C9A	CM131955.1	582	81	295	375	90547820	90547578	32.099	2.14e-06	56.6
Gekko_japonicus_C9A	CM131955.1	582	67	457	522	90530699	90530499	37.313	3.39e-06	55.8
Gekko_japonicus_C9A	CM131956.1	582	61	526	582	101156661	101156843	40.984	2.98e-06	56.2
Crotalus_tigris_C9A	CM131961.1	583	86	453	538	63666395	63666652	56.977	1.52e-24	114
Crotalus_tigris_C9A	CM131961.1	583	74	277	350	63660941	63661162	62.162	1.80e-22	108
Crotalus_tigris_C9A	CM131961.1	583	51	106	156	63657494	63657646	72.549	2.71e-15	85.5
Crotalus_tigris_C9A	CM131961.1	583	47	157	203	63658367	63658507	65.957	1.49e-12	76.6
Crotalus_tigris_C9A	CM131961.1	583	56	402	457	63665292	63665459	57.143	1.98e-10	69.7
Crotalus_tigris_C9A	CM131961.1	583	55	53	107	63655590	63655745	58.182	1.39e-09	67.0
Crotalus_tigris_C9A	CM131961.1	583	51	533	583	63667852	63668004	50.980	9.55e-07	57.8
Crotalus_tigris_C9A	CM131961.1	583	68	458	525	63022720	63022520	36.765	1.62e-06	57.0
Crotalus_tigris_C9A	CM131955.1	583	222	298	514	167877400	167878023	24.324	6.73e-10	67.8
Crotalus_tigris_C9A	CM131955.1	583	69	515	583	90528061	90527855	37.681	1.20e-06	57.4
Crotalus_tigris_C9A	CM131955.1	583	56	524	579	90506908	90507075	48.214	2.20e-06	56.6
Thamnophis_elegans_C9A	CM131961.1	583	74	277	350	63660941	63661162	59.459	5.00e-21	103
Thamnophis_elegans_C9A	CM131961.1	583	86	453	538	63666395	63666652	53.488	9.71e-21	102
Thamnophis_elegans_C9A	CM131961.1	583	51	106	156	63657494	63657646	68.627	5.33e-13	77.8
Thamnophis_elegans_C9A	CM131961.1	583	47	157	203	63658367	63658507	68.085	2.12e-12	75.9
Thamnophis_elegans_C9A	CM131961.1	583	62	396	457	63665274	63665459	53.226	3.71e-11	72.0
Thamnophis_elegans_C9A	CM131961.1	583	51	533	583	63667852	63668004	58.824	9.35e-11	70.9
Thamnophis_elegans_C9A	CM131961.1	583	84	260	343	62980498	62980749	34.524	4.98e-06	55.5
Thamnophis_elegans_C9A	CM131955.1	583	57	524	580	90506908	90507078	52.632	2.98e-08	62.8
Thamnophis_elegans_C9A	CM131955.1	583	284	298	566	167877400	167878209	23.239	2.51e-07	59.7
Thamnophis_elegans_C9A	CM131955.1	583	47	537	583	90527995	90527855	46.809	1.41e-06	57.0
Thamnophis_elegans_C9A	CM131955.1	583	78	277	354	90547820	90547587	33.333	3.04e-06	56.2
Thamnophis_elegans_C9A	CM131956.1	583	57	531	583	101156670	101156840	42.105	4.31e-06	55.5
Naja_naja_C9A	CM131961.1	582	86	452	537	63666395	63666652	55.814	1.73e-23	111
Naja_naja_C9A	CM131961.1	582	74	277	350	63660941	63661162	56.757	1.39e-20	102
Naja_naja_C9A	CM131961.1	582	51	106	156	63657494	63657646	76.471	2.03e-15	85.9
Naja_naja_C9A	CM131961.1	582	47	157	203	63658367	63658507	65.957	1.11e-12	77.0
Naja_naja_C9A	CM131961.1	582	64	393	456	63665277	63665459	51.562	7.96e-10	67.8
Naja_naja_C9A	CM131961.1	582	61	53	110	63655590	63655763	54.098	2.97e-08	62.8
Naja_naja_C9A	CM131961.1	582	55	528	582	63667840	63668004	49.091	3.31e-07	59.3
Naja_naja_C9A	CM131961.1	582	67	458	524	63022717	63022520	35.821	5.12e-07	58.5
Naja_naja_C9A	CM131955.1	582	224	298	513	167877400	167878023	23.214	3.15e-09	65.9
Naja_naja_C9A	CM131955.1	582	56	523	578	90506908	90507075	50.000	1.11e-06	57.4
Naja_naja_C9A	CM131955.1	582	69	514	582	90528061	90527855	37.681	3.06e-06	56.2
Naja_naja_C9A	CM131955.1	582	74	277	350	90494343	90494564	35.135	8.63e-06	54.7
Pseudonaja_textilis_C9A	CM131961.1	583	86	453	538	63666395	63666652	59.302	5.89e-25	115
Pseudonaja_textilis_C9A	CM131961.1	583	74	277	350	63660941	63661162	60.811	2.67e-22	107
Pseudonaja_textilis_C9A	CM131961.1	583	51	106	156	63657494	63657646	72.549	8.11e-15	84.0
Pseudonaja_textilis_C9A	CM131961.1	583	47	157	203	63658367	63658507	65.957	1.06e-12	77.0
Pseudonaja_textilis_C9A	CM131961.1	583	55	403	457	63665295	63665459	52.727	2.32e-09	66.2
Pseudonaja_textilis_C9A	CM131961.1	583	55	53	107	63655590	63655745	56.364	1.99e-07	60.1
Pseudonaja_textilis_C9A	CM131961.1	583	69	459	527	63022717	63022514	36.232	5.45e-07	58.5
Pseudonaja_textilis_C9A	CM131961.1	583	55	529	583	63667840	63668004	49.091	6.29e-07	58.2
Pseudonaja_textilis_C9A	CM131955.1	583	224	298	514	167877400	167878023	24.107	1.72e-09	66.6
Pseudonaja_textilis_C9A	CM131955.1	583	56	524	579	90506908	90507075	51.786	4.44e-07	58.9
Pseudonaja_textilis_C9A	CM131955.1	583	69	515	583	90528061	90527855	36.232	6.16e-06	55.1
Python_bivittatus_C9A	CM131961.1	582	82	453	534	63666395	63666640	62.195	3.44e-26	119
Python_bivittatus_C9A	CM131961.1	582	82	277	358	63660941	63661186	56.098	2.35e-22	107
Python_bivittatus_C9A	CM131961.1	582	51	106	156	63657494	63657646	66.667	2.77e-13	79.0
Python_bivittatus_C9A	CM131961.1	582	47	157	203	63658367	63658507	61.702	2.19e-12	75.9
Python_bivittatus_C9A	CM131961.1	582	62	396	457	63665274	63665459	51.613	1.25e-10	70.5
Python_bivittatus_C9A	CM131961.1	582	67	459	525	63022717	63022520	40.299	1.69e-07	60.1
Python_bivittatus_C9A	CM131961.1	582	45	538	582	63667870	63668004	62.222	1.69e-07	60.1
Python_bivittatus_C9A	CM131955.1	582	225	298	514	167877400	167878023	27.111	1.05e-09	67.4
Python_bivittatus_C9A	CM131955.1	582	84	274	357	90547829	90547578	34.524	5.49e-08	61.6
Python_bivittatus_C9A	CM131955.1	582	45	538	582	90527989	90527855	48.889	5.05e-06	55.5
Notechis_scutatus_C9A	CM131961.1	583	86	453	538	63666395	63666652	58.140	1.08e-24	115
Notechis_scutatus_C9A	CM131961.1	583	74	277	350	63660941	63661162	60.811	2.79e-22	107
Notechis_scutatus_C9A	CM131961.1	583	51	106	156	63657494	63657646	74.510	3.25e-15	85.1
Notechis_scutatus_C9A	CM131961.1	583	47	157	203	63658367	63658507	65.957	1.03e-12	77.0
Notechis_scutatus_C9A	CM131961.1	583	55	403	457	63665295	63665459	52.727	2.32e-09	66.2
Notechis_scutatus_C9A	CM131961.1	583	55	53	107	63655590	63655745	56.364	1.88e-07	60.1
Notechis_scutatus_C9A	CM131961.1	583	55	529	583	63667840	63668004	49.091	3.65e-07	58.9
Notechis_scutatus_C9A	CM131961.1	583	69	459	527	63022717	63022514	36.232	9.63e-07	57.8
Notechis_scutatus_C9A	CM131955.1	583	224	298	514	167877400	167878023	24.107	1.15e-09	67.0
Hydrophis_cyanocinctus_C9A	CM131961.1	583	86	453	538	63666395	63666652	58.140	1.34e-24	114
Hydrophis_cyanocinctus_C9A	CM131961.1	583	74	277	350	63660941	63661162	60.811	2.92e-22	107
Hydrophis_cyanocinctus_C9A	CM131961.1	583	51	106	156	63657494	63657646	74.510	3.31e-15	85.1
Hydrophis_cyanocinctus_C9A	CM131961.1	583	47	157	203	63658367	63658507	65.957	6.90e-13	77.8
Hydrophis_cyanocinctus_C9A	CM131961.1	583	54	404	457	63665298	63665459	53.704	2.76e-09	65.9
Hydrophis_cyanocinctus_C9A	CM131961.1	583	55	53	107	63655590	63655745	56.364	1.99e-07	60.1
Hydrophis_cyanocinctus_C9A	CM131961.1	583	55	529	583	63667840	63668004	49.091	3.87e-07	58.9
Hydrophis_cyanocinctus_C9A	CM131961.1	583	69	459	527	63022717	63022514	36.232	9.00e-07	57.8
Hydrophis_cyanocinctus_C9A	CM131955.1	583	222	298	514	167877400	167878023	22.973	5.74e-09	65.1
Hydrophis_cyanocinctus_C9A	CM131955.1	583	121	277	389	90494343	90494705	28.099	3.67e-06	55.8
Laticauda_colubrina_C9A	CM131961.1	583	86	453	538	63666395	63666652	59.302	5.34e-25	116
Laticauda_colubrina_C9A	CM131961.1	583	74	277	350	63660941	63661162	60.811	2.77e-22	107
Laticauda_colubrina_C9A	CM131961.1	583	51	106	156	63657494	63657646	72.549	7.12e-15	84.0
Laticauda_colubrina_C9A	CM131961.1	583	47	157	203	63658367	63658507	65.957	1.27e-12	76.6
Laticauda_colubrina_C9A	CM131961.1	583	64	394	457	63665277	63665459	51.562	7.46e-10	67.8
Laticauda_colubrina_C9A	CM131961.1	583	55	53	107	63655590	63655745	58.182	8.72e-09	64.3
Laticauda_colubrina_C9A	CM131961.1	583	69	459	527	63022717	63022514	36.232	5.13e-07	58.5
Laticauda_colubrina_C9A	CM131961.1	583	55	529	583	63667840	63668004	47.273	1.03e-06	57.8
Laticauda_colubrina_C9A	CM131955.1	583	224	298	514	167877400	167878023	23.214	2.23e-08	63.2
Laticauda_colubrina_C9A	CM131955.1	583	69	515	583	90528061	90527855	36.232	8.96e-06	54.7
Protobothrops_mucrosquamatus_C9A	CM131961.1	583	86	453	538	63666395	63666652	56.977	3.36e-24	113
Protobothrops_mucrosquamatus_C9A	CM131961.1	583	79	277	355	63660941	63661177	62.025	6.87e-24	112
Protobothrops_mucrosquamatus_C9A	CM131961.1	583	51	106	156	63657494	63657646	66.667	1.21e-13	80.1
Protobothrops_mucrosquamatus_C9A	CM131961.1	583	47	157	203	63658367	63658507	63.830	9.98e-13	77.0
Protobothrops_mucrosquamatus_C9A	CM131961.1	583	54	404	457	63665298	63665459	55.556	1.79e-10	69.7
Protobothrops_mucrosquamatus_C9A	CM131961.1	583	51	533	583	63667852	63668004	60.784	3.34e-10	68.9
Protobothrops_mucrosquamatus_C9A	CM131961.1	583	61	53	110	63655590	63655763	52.459	1.73e-08	63.5
Protobothrops_mucrosquamatus_C9A	CM131961.1	583	96	260	355	62980498	62980785	32.292	3.71e-07	58.9
Protobothrops_mucrosquamatus_C9A	CM131961.1	583	67	459	525	63022717	63022520	38.806	4.22e-07	58.9
Protobothrops_mucrosquamatus_C9A	CM131955.1	583	222	298	514	167877400	167878023	24.775	2.78e-09	65.9
Protobothrops_mucrosquamatus_C9A	CM131955.1	583	69	515	583	90528061	90527855	39.130	2.83e-08	62.8
Protobothrops_mucrosquamatus_C9A	CM131955.1	583	56	524	579	90506908	90507075	53.571	3.39e-08	62.4
Protobothrops_mucrosquamatus_C9A	CM131955.1	583	79	277	355	90547820	90547584	34.177	9.66e-08	60.8
Protobothrops_mucrosquamatus_C9A	CM131955.1	583	79	277	355	90494343	90494579	31.646	2.42e-06	56.2
Chrysopelea_ornata_C9A	CM131961.1	584	95	454	548	63666395	63666676	55.789	3.30e-24	113
Chrysopelea_ornata_C9A	CM131961.1	584	79	277	355	63660941	63661177	56.962	2.04e-21	104
Chrysopelea_ornata_C9A	CM131961.1	584	51	106	156	63657494	63657646	70.588	1.04e-14	83.6
Chrysopelea_ornata_C9A	CM131961.1	584	47	157	203	63658367	63658507	70.213	3.14e-14	82.0
Chrysopelea_ornata_C9A	CM131961.1	584	62	397	458	63665274	63665459	56.452	4.02e-12	75.1
Chrysopelea_ornata_C9A	CM131961.1	584	51	534	584	63667852	63668004	52.941	6.83e-08	61.2
Chrysopelea_ornata_C9A	CM131961.1	584	68	459	526	63022720	63022520	38.235	4.30e-07	58.9
Chrysopelea_ornata_C9A	CM131961.1	584	89	267	355	62980519	62980785	32.584	1.10e-06	57.4
Chrysopelea_ornata_C9A	CM131961.1	584	54	54	107	63655587	63655745	44.444	8.18e-06	54.7
Chrysopelea_ornata_C9A	CM131955.1	584	81	277	357	90547820	90547578	37.037	1.62e-08	63.5
Chrysopelea_ornata_C9A	CM131955.1	584	57	525	581	90506908	90507078	50.877	3.76e-08	62.4
Chrysopelea_ornata_C9A	CM131955.1	584	225	298	515	167877400	167878023	25.333	1.13e-07	60.8
Chrysopelea_ornata_C9A	CM131955.1	584	69	516	584	90528061	90527855	34.783	1.32e-06	57.4
Pituophis_catenifer_C9A	CM131961.1	583	74	277	350	63660941	63661162	62.162	9.07e-23	108
Pituophis_catenifer_C9A	CM131961.1	583	95	453	547	63666395	63666676	51.579	1.02e-21	105
Pituophis_catenifer_C9A	CM131961.1	583	51	106	156	63657494	63657646	68.627	6.12e-14	80.9
Pituophis_catenifer_C9A	CM131961.1	583	47	157	203	63658367	63658507	63.830	2.79e-12	75.5
Pituophis_catenifer_C9A	CM131961.1	583	54	404	457	63665298	63665459	61.111	1.36e-11	73.6
Pituophis_catenifer_C9A	CM131961.1	583	51	533	583	63667852	63668004	52.941	2.53e-08	62.8
Pituophis_catenifer_C9A	CM131961.1	583	51	57	107	63655596	63655745	52.941	1.28e-07	60.5
Pituophis_catenifer_C9A	CM131955.1	583	222	298	514	167877400	167878023	25.676	1.15e-11	73.6
Pituophis_catenifer_C9A	CM131955.1	583	56	524	579	90506908	90507075	51.786	5.23e-08	61.6
Pituophis_catenifer_C9A	CM131955.1	583	69	515	583	90528061	90527855	34.783	1.47e-07	60.5
Pituophis_catenifer_C9A	CM131955.1	583	82	276	357	90547823	90547578	32.927	5.80e-06	55.1
Pantherophis_obsoletus_C9A	CM131961.1	583	79	277	355	63660941	63661177	59.494	6.81e-24	112
Pantherophis_obsoletus_C9A	CM131961.1	583	95	453	547	63666395	63666676	51.579	3.60e-22	107
Pantherophis_obsoletus_C9A	CM131961.1	583	51	106	156	63657494	63657646	66.667	7.21e-14	80.9
Pantherophis_obsoletus_C9A	CM131961.1	583	47	157	203	63658367	63658507	63.830	2.03e-12	76.3
Pantherophis_obsoletus_C9A	CM131961.1	583	62	396	457	63665274	63665459	54.839	1.26e-11	73.6
Pantherophis_obsoletus_C9A	CM131961.1	583	51	533	583	63667852	63668004	54.902	8.50e-09	64.3
Pantherophis_obsoletus_C9A	CM131961.1	583	57	51	107	63655584	63655745	52.632	8.29e-08	61.2
Pantherophis_obsoletus_C9A	CM131961.1	583	89	267	355	62980519	62980785	33.708	1.23e-07	60.5
Pantherophis_obsoletus_C9A	CM131955.1	583	222	298	514	167877400	167878023	25.676	2.12e-10	69.7
Pantherophis_obsoletus_C9A	CM131955.1	583	81	277	357	90547820	90547578	35.802	3.33e-08	62.4
Pantherophis_obsoletus_C9A	CM131955.1	583	56	524	579	90506908	90507075	51.786	1.15e-07	60.8
Pantherophis_obsoletus_C9A	CM131955.1	583	69	515	583	90528061	90527855	34.783	4.22e-07	58.9
Pantherophis_obsoletus_C9A	CM131955.1	583	79	277	355	90494343	90494579	31.646	3.28e-06	55.8
Bothrops_jararaca_C9A	CM131961.1	583	86	453	538	63666395	63666652	58.140	6.49e-25	115
Bothrops_jararaca_C9A	CM131961.1	583	79	277	355	63660941	63661177	62.025	2.72e-23	110
Bothrops_jararaca_C9A	CM131961.1	583	51	106	156	63657494	63657646	66.667	5.20e-13	78.2
Bothrops_jararaca_C9A	CM131961.1	583	47	157	203	63658367	63658507	63.830	1.03e-12	77.0
Bothrops_jararaca_C9A	CM131961.1	583	62	396	457	63665274	63665459	51.613	3.15e-11	72.4
Bothrops_jararaca_C9A	CM131961.1	583	51	533	583	63667852	63668004	58.824	1.14e-09	67.0
Bothrops_jararaca_C9A	CM131961.1	583	61	53	110	63655590	63655763	55.738	2.69e-09	65.9
Bothrops_jararaca_C9A	CM131961.1	583	96	260	355	62980498	62980785	32.292	5.26e-07	58.5
Bothrops_jararaca_C9A	CM131961.1	583	67	459	525	63022717	63022520	35.821	8.81e-06	54.7
Bothrops_jararaca_C9A	CM131955.1	583	69	515	583	90528061	90527855	39.130	2.41e-08	62.8
Bothrops_jararaca_C9A	CM131955.1	583	222	298	514	167877400	167878023	24.324	3.41e-08	62.4
Bothrops_jararaca_C9A	CM131955.1	583	56	524	579	90506908	90507075	53.571	3.62e-08	62.4
Bothrops_jararaca_C9A	CM131955.1	583	79	277	355	90547820	90547584	34.177	2.01e-07	60.1
Bothrops_jararaca_C9A	CM131955.1	583	79	277	355	90494343	90494579	31.646	7.75e-06	54.7
Ptyas_mucosa_C9A	CM131961.1	583	79	277	355	63660941	63661177	59.494	1.62e-23	111
Ptyas_mucosa_C9A	CM131961.1	583	86	453	538	63666395	63666652	53.488	3.48e-22	107
Ptyas_mucosa_C9A	CM131961.1	583	51	106	156	63657494	63657646	72.549	5.69e-15	84.3
Ptyas_mucosa_C9A	CM131961.1	583	47	157	203	63658367	63658507	65.957	7.45e-13	77.4
Ptyas_mucosa_C9A	CM131961.1	583	56	402	457	63665292	63665459	57.143	3.02e-11	72.4
Ptyas_mucosa_C9A	CM131961.1	583	50	534	583	63667855	63668004	58.000	1.98e-09	66.2
Ptyas_mucosa_C9A	CM131961.1	583	77	458	534	63022720	63022499	38.961	2.66e-07	59.3
Ptyas_mucosa_C9A	CM131961.1	583	51	57	107	63655596	63655745	50.980	2.95e-07	59.3
Ptyas_mucosa_C9A	CM131961.1	583	89	267	355	62980519	62980785	32.584	1.38e-06	57.0
Ptyas_mucosa_C9A	CM131955.1	583	224	298	514	167877400	167878023	26.339	2.79e-10	69.3
Ptyas_mucosa_C9A	CM131955.1	583	81	277	357	90547820	90547578	35.802	6.70e-08	61.6
Ptyas_mucosa_C9A	CM131955.1	583	69	515	583	90528061	90527855	37.681	1.10e-07	60.8
Ptyas_mucosa_C9A	CM131955.1	583	86	277	362	90494343	90494600	30.233	7.92e-07	57.8
Ptyas_mucosa_C9A	CM131955.1	583	56	524	579	90506908	90507075	50.000	2.96e-06	56.2
Ptyas_mucosa_C9A	CM131956.1	583	57	531	583	101156670	101156840	45.614	4.31e-06	55.5
Vipera_berus_C9A	CM131961.1	583	86	453	538	63666395	63666652	58.140	4.84e-25	116
Vipera_berus_C9A	CM131961.1	583	79	277	355	63660941	63661177	58.228	1.01e-21	105
Vipera_berus_C9A	CM131961.1	583	47	157	203	63658367	63658507	65.957	6.44e-13	77.8
Vipera_berus_C9A	CM131961.1	583	51	106	156	63657494	63657646	62.745	3.49e-12	75.5
Vipera_berus_C9A	CM131961.1	583	62	396	457	63665274	63665459	53.226	6.47e-12	74.3
Vipera_berus_C9A	CM131961.1	583	51	533	583	63667852	63668004	58.824	3.13e-09	65.9
Vipera_berus_C9A	CM131961.1	583	60	54	110	63655587	63655763	51.667	9.91e-09	64.3
Vipera_berus_C9A	CM131961.1	583	67	459	525	63022717	63022520	38.806	1.85e-07	60.1
Vipera_berus_C9A	CM131961.1	583	89	267	355	62980519	62980785	32.584	8.06e-07	57.8
Vipera_berus_C9A	CM131955.1	583	222	298	514	167877400	167878023	25.225	2.06e-09	66.2
Vipera_berus_C9A	CM131955.1	583	56	524	579	90506908	90507075	53.571	1.31e-08	63.9
Vipera_berus_C9A	CM131955.1	583	69	515	583	90528061	90527855	37.681	6.47e-08	61.6
Vipera_berus_C9A	CM131955.1	583	81	277	357	90547820	90547578	32.099	7.53e-07	58.2
Sceloporus_undulatus_C9A	CM131961.1	591	86	457	542	63666395	63666652	65.116	6.18e-29	128
Sceloporus_undulatus_C9A	CM131961.1	591	82	278	359	63660932	63661177	67.073	2.19e-27	123
Sceloporus_undulatus_C9A	CM131961.1	591	62	400	461	63665274	63665459	66.129	2.61e-16	88.6
Sceloporus_undulatus_C9A	CM131961.1	591	56	536	591	63667849	63668016	67.857	2.70e-15	85.5
Sceloporus_undulatus_C9A	CM131961.1	591	47	156	202	63658367	63658507	68.085	2.11e-12	76.3
Sceloporus_undulatus_C9A	CM131961.1	591	51	105	155	63657494	63657646	66.667	7.58e-12	74.3
Sceloporus_undulatus_C9A	CM131961.1	591	50	57	106	63655596	63655745	60.000	1.45e-10	70.1
Sceloporus_undulatus_C9A	CM131961.1	591	70	462	531	63022720	63022514	37.143	6.89e-07	58.2
Sceloporus_undulatus_C9A	CM131961.1	591	85	281	364	62980549	62980803	30.588	9.69e-07	57.8
Sceloporus_undulatus_C9A	CM131955.1	591	56	528	583	90506908	90507075	48.214	1.12e-08	63.9
Sceloporus_undulatus_C9A	CM131955.1	591	222	302	518	167877400	167878023	22.523	2.32e-07	59.7
Sceloporus_undulatus_C9A	CM131955.1	591	81	281	361	90547820	90547578	34.568	2.46e-07	59.7
Sceloporus_undulatus_C9A	CM131955.1	591	69	519	587	90528061	90527855	36.232	4.74e-07	58.5
Sceloporus_undulatus_C9A	CM131955.1	591	79	281	359	90494343	90494579	32.911	2.45e-06	56.2
Anolis_carolinensis_C9B	CM131961.1	538	81	457	537	63666395	63666637	64.198	1.53e-24	114
Anolis_carolinensis_C9B	CM131961.1	538	80	278	357	63660932	63661171	62.500	6.81e-23	108
Anolis_carolinensis_C9B	CM131961.1	538	47	156	202	63658367	63658507	76.596	8.24e-15	83.6
Anolis_carolinensis_C9B	CM131961.1	538	55	406	460	63665292	63665456	67.273	1.49e-14	82.8
Anolis_carolinensis_C9B	CM131961.1	538	51	105	155	63657494	63657646	68.627	2.17e-12	75.9
Anolis_carolinensis_C9B	CM131961.1	538	51	57	107	63655596	63655748	66.667	2.82e-12	75.5
Anolis_carolinensis_C9B	CM131961.1	538	71	462	532	63022720	63022511	39.437	3.77e-09	65.5
Anolis_carolinensis_C9B	CM131961.1	538	115	242	355	62980474	62980773	31.304	5.47e-07	58.2
Anolis_carolinensis_C9B	CM131961.1	538	66	49	111	62972877	62973074	45.455	1.76e-06	56.6
Anolis_carolinensis_C9B	CM131955.1	538	76	281	356	90494343	90494570	36.842	3.90e-08	62.0
Anolis_carolinensis_C9B	CM131955.1	538	81	281	361	90547820	90547578	33.333	4.21e-08	62.0
Anolis_carolinensis_C9B	CM131955.1	538	226	302	518	167877400	167878023	25.221	3.19e-07	58.9
Hydrophis_cyanocinctus_C9B	CM131961.1	582	79	276	354	63660941	63661177	59.494	2.67e-23	110
Hydrophis_cyanocinctus_C9B	CM131961.1	582	97	452	548	63666395	63666682	50.515	8.38e-22	106
Hydrophis_cyanocinctus_C9B	CM131961.1	582	51	105	155	63657494	63657646	72.549	4.26e-15	84.7
Hydrophis_cyanocinctus_C9B	CM131961.1	582	47	156	202	63658367	63658507	65.957	1.89e-12	76.3
Hydrophis_cyanocinctus_C9B	CM131961.1	582	56	401	456	63665292	63665459	51.786	1.12e-09	67.4
Hydrophis_cyanocinctus_C9B	CM131961.1	582	68	457	524	63022720	63022520	38.235	8.40e-08	61.2
Hydrophis_cyanocinctus_C9B	CM131961.1	582	51	532	582	63667852	63668004	52.941	2.16e-07	59.7
Hydrophis_cyanocinctus_C9B	CM131961.1	582	101	254	354	62980483	62980785	28.713	9.09e-06	54.7
Hydrophis_cyanocinctus_C9B	CM131955.1	582	228	297	513	167877400	167878023	27.193	4.11e-08	62.0
Hydrophis_cyanocinctus_C9B	CM131955.1	582	79	276	354	90547820	90547584	32.911	9.94e-07	57.8
Hydrophis_cyanocinctus_C9B	CM131955.1	582	79	276	354	90494343	90494579	32.911	2.56e-06	56.2
Hydrophis_cyanocinctus_C9B	CM131955.1	582	67	516	582	90528055	90527855	32.836	3.75e-06	55.8
Hydrophis_cyanocinctus_C9B	CM131955.1	582	50	529	578	90506926	90507075	50.000	6.80e-06	55.1
Bothrops_jararaca_C9B	CM131961.1	583	86	453	538	63666395	63666652	58.140	6.84e-25	115
Bothrops_jararaca_C9B	CM131961.1	583	79	277	355	63660941	63661177	62.025	2.81e-23	110
Bothrops_jararaca_C9B	CM131961.1	583	51	106	156	63657494	63657646	64.706	3.56e-13	78.6
Bothrops_jararaca_C9B	CM131961.1	583	47	157	203	63658367	63658507	65.957	4.02e-13	78.2
Bothrops_jararaca_C9B	CM131961.1	583	62	396	457	63665274	63665459	54.839	8.58e-12	73.9
Bothrops_jararaca_C9B	CM131961.1	583	51	533	583	63667852	63668004	58.824	1.25e-09	67.0
Bothrops_jararaca_C9B	CM131961.1	583	61	53	110	63655590	63655763	54.098	3.27e-09	65.9
Bothrops_jararaca_C9B	CM131961.1	583	96	260	355	62980498	62980785	31.250	1.03e-06	57.8
Bothrops_jararaca_C9B	CM131961.1	583	67	459	525	63022717	63022520	35.821	8.66e-06	54.7
Bothrops_jararaca_C9B	CM131955.1	583	69	515	583	90528061	90527855	39.130	3.85e-08	62.4
Bothrops_jararaca_C9B	CM131955.1	583	56	524	579	90506908	90507075	53.571	5.32e-08	61.6
Bothrops_jararaca_C9B	CM131955.1	583	222	298	514	167877400	167878023	24.324	5.65e-08	61.6
Bothrops_jararaca_C9B	CM131955.1	583	79	277	355	90547820	90547584	34.177	2.04e-07	59.7
Bothrops_jararaca_C9B	CM131955.1	583	79	277	355	90494343	90494579	31.646	8.09e-06	54.7
Laticauda_colubrina_C9B	CM131961.1	583	79	277	355	63660941	63661177	59.494	2.07e-23	111
Laticauda_colubrina_C9B	CM131961.1	583	80	453	532	63666395	63666634	58.750	2.20e-22	107
Laticauda_colubrina_C9B	CM131961.1	583	66	157	216	63658367	63658564	56.061	8.56e-14	80.5
Laticauda_colubrina_C9B	CM131961.1	583	51	106	156	63657494	63657646	66.667	4.19e-13	78.2
Laticauda_colubrina_C9B	CM131961.1	583	56	402	457	63665292	63665459	53.571	8.55e-10	67.8
Laticauda_colubrina_C9B	CM131961.1	583	51	533	583	63667852	63668004	52.941	6.31e-08	61.6
Laticauda_colubrina_C9B	CM131961.1	583	68	458	525	63022720	63022520	38.235	2.25e-07	59.7
Laticauda_colubrina_C9B	CM131961.1	583	89	267	355	62980519	62980785	30.337	2.99e-06	56.2
Laticauda_colubrina_C9B	CM131955.1	583	225	298	514	167877400	167878023	25.778	6.25e-09	64.7
Laticauda_colubrina_C9B	CM131955.1	583	81	277	357	90547820	90547578	32.099	6.42e-08	61.6
Laticauda_colubrina_C9B	CM131955.1	583	87	275	361	90494337	90494597	32.184	1.06e-06	57.4
Laticauda_colubrina_C9B	CM131955.1	583	56	524	579	90506908	90507075	48.214	1.76e-06	57.0
Laticauda_colubrina_C9B	CM131955.1	583	67	517	583	90528055	90527855	32.836	4.50e-06	55.5
Pseudonaja_textilis_C9B	CM131961.1	583	78	277	354	63660941	63661174	60.256	1.59e-23	111
Pseudonaja_textilis_C9B	CM131961.1	583	97	453	549	63666395	63666682	53.608	8.02e-23	109
Pseudonaja_textilis_C9B	CM131961.1	583	51	106	156	63657494	63657646	70.588	1.37e-14	83.2
Pseudonaja_textilis_C9B	CM131961.1	583	47	157	203	63658367	63658507	63.830	3.61e-12	75.1
Pseudonaja_textilis_C9B	CM131961.1	583	56	402	457	63665292	63665459	55.357	7.09e-10	67.8
Pseudonaja_textilis_C9B	CM131961.1	583	68	458	525	63022720	63022520	38.235	4.08e-08	62.0
Pseudonaja_textilis_C9B	CM131961.1	583	51	533	583	63667852	63668004	50.980	6.68e-07	58.2
Pseudonaja_textilis_C9B	CM131955.1	583	227	298	514	167877400	167878023	26.432	1.15e-08	63.9
Pseudonaja_textilis_C9B	CM131955.1	583	81	277	357	90547820	90547578	32.099	3.21e-07	59.3
Pseudonaja_textilis_C9B	CM131955.1	583	67	517	583	90528055	90527855	34.328	3.27e-07	59.3
Pseudonaja_textilis_C9B	CM131955.1	583	56	524	579	90506908	90507075	48.214	8.34e-07	57.8
Pseudonaja_textilis_C9B	CM131955.1	583	78	277	354	90494343	90494576	33.333	1.30e-06	57.4
Notechis_scutatus_C9B	CM131961.1	583	79	277	355	63660941	63661177	58.228	3.39e-23	110
Notechis_scutatus_C9B	CM131961.1	583	97	453	549	63666395	63666682	52.577	3.57e-23	110
Notechis_scutatus_C9B	CM131961.1	583	51	106	156	63657494	63657646	72.549	4.51e-15	84.7
Notechis_scutatus_C9B	CM131961.1	583	47	157	203	63658367	63658507	65.957	1.36e-12	76.6
Notechis_scutatus_C9B	CM131961.1	583	56	402	457	63665292	63665459	50.000	6.25e-09	64.7
Notechis_scutatus_C9B	CM131961.1	583	68	458	525	63022720	63022520	38.235	4.26e-08	62.0
Notechis_scutatus_C9B	CM131961.1	583	51	533	583	63667852	63668004	52.941	2.26e-07	59.7
Notechis_scutatus_C9B	CM131955.1	583	230	298	514	167877400	167878023	26.522	4.19e-09	65.5
Notechis_scutatus_C9B	CM131955.1	583	57	524	580	90506908	90507078	47.368	1.06e-06	57.4
Notechis_scutatus_C9B	CM131955.1	583	79	277	355	90547820	90547584	31.646	1.90e-06	56.6
Notechis_scutatus_C9B	CM131955.1	583	79	277	355	90494343	90494579	31.646	3.99e-06	55.8
Notechis_scutatus_C9B	CM131955.1	583	67	517	583	90528055	90527855	32.836	6.88e-06	55.1
Pituophis_catenifer_C9B	CM131961.1	583	86	453	538	63666395	63666652	56.977	1.21e-23	112
Pituophis_catenifer_C9B	CM131961.1	583	74	277	350	63660941	63661162	62.162	9.32e-23	108
Pituophis_catenifer_C9B	CM131961.1	583	51	106	156	63657494	63657646	74.510	3.16e-16	88.2
Pituophis_catenifer_C9B	CM131961.1	583	47	157	203	63658367	63658507	70.213	2.52e-14	82.4
Pituophis_catenifer_C9B	CM131961.1	583	54	404	457	63665298	63665459	55.556	1.72e-09	66.6
Pituophis_catenifer_C9B	CM131961.1	583	54	54	107	63655587	63655745	50.000	4.71e-07	58.5
Pituophis_catenifer_C9B	CM131961.1	583	68	458	525	63022720	63022520	38.235	7.66e-07	58.2
Pituophis_catenifer_C9B	CM131961.1	583	51	533	583	63667852	63668004	52.941	1.35e-06	57.4
Pituophis_catenifer_C9B	CM131955.1	583	224	298	514	167877400	167878023	26.786	3.04e-12	75.5
Pituophis_catenifer_C9B	CM131955.1	583	69	515	583	90528061	90527855	37.681	2.40e-06	56.2
Pituophis_catenifer_C9B	CM131955.1	583	56	524	579	90506908	90507075	50.000	2.46e-06	56.2
Pituophis_catenifer_C9B	CM131955.1	583	75	276	350	90547823	90547599	34.667	4.54e-06	55.5
Pantherophis_obsoletus_C9B	CM131961.1	583	86	453	538	63666395	63666652	55.814	5.41e-24	112
Pantherophis_obsoletus_C9B	CM131961.1	583	79	277	355	63660941	63661177	56.962	8.76e-23	109
Pantherophis_obsoletus_C9B	CM131961.1	583	51	106	156	63657494	63657646	74.510	3.86e-16	88.2
Pantherophis_obsoletus_C9B	CM131961.1	583	47	157	203	63658367	63658507	70.213	2.90e-14	82.0
Pantherophis_obsoletus_C9B	CM131961.1	583	56	402	457	63665292	63665459	55.357	9.00e-10	67.4
Pantherophis_obsoletus_C9B	CM131961.1	583	57	51	107	63655584	63655745	52.632	1.49e-08	63.5
Pantherophis_obsoletus_C9B	CM131961.1	583	55	529	583	63667840	63668004	50.909	2.15e-07	59.7
Pantherophis_obsoletus_C9B	CM131961.1	583	67	459	525	63022717	63022520	35.821	7.34e-07	58.2
Pantherophis_obsoletus_C9B	CM131961.1	583	82	274	355	62980540	62980785	34.146	9.55e-07	57.8
Pantherophis_obsoletus_C9B	CM131955.1	583	223	298	514	167877400	167878023	25.112	1.79e-10	69.7
Pantherophis_obsoletus_C9B	CM131955.1	583	81	277	357	90547820	90547578	35.802	5.79e-08	61.6
Pantherophis_obsoletus_C9B	CM131955.1	583	81	275	355	90494337	90494579	32.099	7.92e-07	57.8
Pantherophis_obsoletus_C9B	CM131955.1	583	56	524	579	90506908	90507075	51.786	1.66e-06	57.0
Pantherophis_obsoletus_C9B	CM131955.1	583	45	539	583	90527989	90527855	51.111	6.88e-06	55.1
Crotalus_tigris_C9B	CM131961.1	583	86	453	538	63666395	63666652	59.302	5.87e-26	119
Crotalus_tigris_C9B	CM131961.1	583	74	277	350	63660941	63661162	62.162	1.93e-22	108
Crotalus_tigris_C9B	CM131961.1	583	51	106	156	63657494	63657646	72.549	2.49e-15	85.5
Crotalus_tigris_C9B	CM131961.1	583	47	157	203	63658367	63658507	65.957	1.66e-12	76.3
Crotalus_tigris_C9B	CM131961.1	583	56	402	457	63665292	63665459	57.143	2.09e-10	69.7
Crotalus_tigris_C9B	CM131961.1	583	55	53	107	63655590	63655745	58.182	1.19e-09	67.0
Crotalus_tigris_C9B	CM131961.1	583	51	533	583	63667852	63668004	52.941	4.18e-07	58.9
Crotalus_tigris_C9B	CM131961.1	583	68	458	525	63022720	63022520	36.765	5.59e-07	58.5
Crotalus_tigris_C9B	CM131955.1	583	222	298	514	167877400	167878023	24.775	7.27e-10	67.8
Crotalus_tigris_C9B	CM131955.1	583	69	515	583	90528061	90527855	37.681	8.48e-07	57.8
Crotalus_tigris_C9B	CM131955.1	583	56	524	579	90506908	90507075	50.000	2.28e-06	56.6
Ptyas_mucosa_C9B	CM131961.1	583	86	453	538	63666395	63666652	55.814	4.82e-23	110
Ptyas_mucosa_C9B	CM131961.1	583	74	277	350	63660941	63661162	62.162	9.73e-23	108
Ptyas_mucosa_C9B	CM131961.1	583	51	106	156	63657494	63657646	74.510	1.19e-15	86.7
Ptyas_mucosa_C9B	CM131961.1	583	47	157	203	63658367	63658507	70.213	2.24e-14	82.4
Ptyas_mucosa_C9B	CM131961.1	583	59	399	457	63665283	63665459	52.542	9.83e-09	64.3
Ptyas_mucosa_C9B	CM131961.1	583	55	529	583	63667840	63668004	52.727	1.43e-07	60.5
Ptyas_mucosa_C9B	CM131961.1	583	54	54	107	63655587	63655745	46.296	4.25e-07	58.9
Ptyas_mucosa_C9B	CM131961.1	583	58	468	525	63022693	63022520	36.207	3.92e-06	55.8
Ptyas_mucosa_C9B	CM131955.1	583	223	298	514	167877400	167878023	23.318	2.31e-08	62.8
Ptyas_mucosa_C9B	CM131955.1	583	56	524	579	90506908	90507075	51.786	1.30e-06	57.4
Ptyas_mucosa_C9B	CM131955.1	583	122	276	389	90494340	90494705	28.689	3.86e-06	55.8
Ptyas_mucosa_C9B	CM131955.1	583	75	276	350	90547823	90547599	34.667	4.85e-06	55.5
