# Aspidoscelis_tigris_copy1 subject=CM131961.1 region_offset=63639864 (add to sstart/send)
Lacerta_agilis_C9A	region	589	80	455	534	26532	26771	67.500	2.19e-34	130
Lacerta_agilis_C9A	region	589	81	277	357	21072	21314	66.667	2.02e-32	125
Lacerta_agilis_C9A	region	589	59	400	458	25417	25593	72.881	3.48e-23	95.9
Lacerta_agilis_C9A	region	589	47	155	201	18504	18644	87.234	4.78e-22	92.4
Lacerta_agilis_C9A	region	589	55	100	154	17619	17783	74.545	1.06e-20	87.8
Lacerta_agilis_C9A	region	589	50	56	105	15733	15882	68.000	6.63e-17	75.9
Lacerta_agilis_C9A	region	589	49	538	585	27998	28144	63.265	3.88e-14	66.6
Lacerta_agilis_C9A	region	589	77	201	275	19866	20078	46.753	3.24e-11	57.4
Lacerta_agilis_C9A	region	589	43	25	66	15001	15129	44.186	1.08e-06	42.4
Lacerta_agilis_C9A	region	589	45	356	400	22723	22854	44.444	1.76e-05	38.5
Lacerta_agilis_C9A	region	589	44	41	83	28016	28141	36.364	0.12	25.8
Zootoca_vivipara_C9A	region	589	80	455	534	26532	26771	67.500	4.65e-34	130
Zootoca_vivipara_C9A	region	589	81	277	357	21072	21314	66.667	2.03e-32	125
Zootoca_vivipara_C9A	region	589	59	400	458	25417	25593	71.186	2.49e-22	93.2
Zootoca_vivipara_C9A	region	589	47	155	201	18504	18644	87.234	5.58e-22	92.0
Zootoca_vivipara_C9A	region	589	55	100	154	17619	17783	72.727	1.90e-20	87.0
Zootoca_vivipara_C9A	region	589	50	56	105	15733	15882	68.000	8.21e-17	75.5
Zootoca_vivipara_C9A	region	589	49	538	585	27998	28144	65.306	3.92e-14	66.6
Zootoca_vivipara_C9A	region	589	75	201	275	19866	20078	45.333	6.86e-11	56.2
Zootoca_vivipara_C9A	region	589	42	26	66	15004	15129	45.238	1.16e-06	42.4
Zootoca_vivipara_C9A	region	589	41	356	396	22723	22845	46.341	1.27e-05	38.9
Zootoca_vivipara_C9A	region	589	44	41	83	28016	28141	38.636	0.057	26.9
Podarcis_muralis_C9A	region	589	81	277	357	21072	21314	67.901	6.85e-33	126
Podarcis_muralis_C9A	region	589	80	455	534	26532	26771	62.500	3.60e-31	120
Podarcis_muralis_C9A	region	589	47	155	201	18504	18644	87.234	4.94e-22	92.0
Podarcis_muralis_C9A	region	589	55	100	154	17619	17783	74.545	9.59e-21	88.2
Podarcis_muralis_C9A	region	589	59	400	458	25417	25593	66.102	1.20e-20	87.8
Podarcis_muralis_C9A	region	589	50	56	105	15733	15882	66.000	2.07e-16	73.9
Podarcis_muralis_C9A	region	589	49	538	585	27998	28144	65.306	9.32e-15	68.9
Podarcis_muralis_C9A	region	589	77	201	275	19866	20078	48.052	3.69e-12	60.5
Podarcis_muralis_C9A	region	589	42	26	66	15004	15129	45.238	1.94e-06	41.6
Podarcis_muralis_C9A	region	589	45	356	400	22723	22854	42.222	2.29e-04	35.0
Podarcis_muralis_C9A	region	589	45	40	83	28013	28141	35.556	0.089	26.6
Anolis_carolinensis_C9A	region	591	86	457	542	26532	26789	67.442	7.43e-35	132
Anolis_carolinensis_C9A	region	591	82	278	359	21069	21314	64.634	8.09e-31	120
Anolis_carolinensis_C9A	region	591	47	156	202	18504	18644	80.851	9.04e-21	88.2
Anolis_carolinensis_C9A	region	591	62	400	461	25411	25596	59.677	1.08e-18	81.6
Anolis_carolinensis_C9A	region	591	54	538	591	27992	28153	61.111	2.35e-17	77.0
Anolis_carolinensis_C9A	region	591	51	105	155	17631	17783	68.627	5.34e-17	75.9
Anolis_carolinensis_C9A	region	591	51	57	107	15733	15885	62.745	6.92e-16	72.4
Anolis_carolinensis_C9A	region	591	42	26	67	15004	15129	45.238	4.34e-09	50.4
Anolis_carolinensis_C9A	region	591	81	201	277	19863	20078	32.099	1.74e-04	35.4
Anolis_carolinensis_C9A	region	591	42	358	399	22723	22848	35.714	3.23e-04	34.3
Anolis_carolinensis_C9A	region	591	34	44	75	28013	28114	44.118	0.92	23.1
Pogona_vitticeps_C9A	region	576	79	438	516	26532	26768	65.823	6.69e-30	117
Pogona_vitticeps_C9A	region	576	82	259	340	21069	21314	54.878	2.91e-26	105
Pogona_vitticeps_C9A	region	576	62	381	442	25411	25596	69.355	8.77e-23	94.4
Pogona_vitticeps_C9A	region	576	49	156	204	18504	18650	69.388	4.81e-19	82.4
Pogona_vitticeps_C9A	region	576	51	105	155	17631	17783	74.510	8.21e-19	81.6
Pogona_vitticeps_C9A	region	576	52	524	575	27998	28153	67.308	2.19e-17	77.0
Pogona_vitticeps_C9A	region	576	51	57	107	15733	15885	52.941	1.83e-12	61.2
Pogona_vitticeps_C9A	region	576	61	25	79	15001	15183	45.902	2.22e-11	57.8
Pogona_vitticeps_C9A	region	576	41	339	379	22723	22845	39.024	2.81e-05	37.7
Pogona_vitticeps_C9A	region	576	43	1	43	10385	10504	37.209	0.066	26.9
Gekko_japonicus_C9A	region	582	82	292	373	21069	21314	54.878	3.92e-25	102
Gekko_japonicus_C9A	region	582	89	457	539	26550	26816	52.809	2.23e-24	99.8
Gekko_japonicus_C9A	region	582	52	531	582	27989	28144	65.385	3.96e-17	76.3
Gekko_japonicus_C9A	region	582	48	173	220	18504	18647	66.667	1.82e-16	74.3
Gekko_japonicus_C9A	region	582	56	117	172	17619	17783	58.929	2.75e-16	73.6
Gekko_japonicus_C9A	region	582	64	390	453	25399	25590	46.875	3.68e-15	70.1
Gekko_japonicus_C9A	region	582	52	71	122	15736	15882	59.615	2.14e-14	67.4
Gekko_japonicus_C9A	region	582	42	39	80	15004	15129	50.000	1.00e-08	49.3
Gekko_japonicus_C9A	region	582	68	218	285	19863	20060	32.353	0.002	31.6
Gekko_japonicus_C9A	region	582	19	372	390	22723	22779	47.368	0.36	24.3
Crotalus_tigris_C9A	region	583	86	453	538	26532	26789	56.977	3.70e-29	114
Crotalus_tigris_C9A	region	583	74	277	350	21078	21299	62.162	4.40e-27	108
Crotalus_tigris_C9A	region	583	51	106	156	17631	17783	72.549	6.67e-20	85.5
Crotalus_tigris_C9A	region	583	47	157	203	18504	18644	65.957	3.68e-17	76.6
Crotalus_tigris_C9A	region	583	56	402	457	25429	25596	57.143	4.89e-15	69.7
Crotalus_tigris_C9A	region	583	55	53	107	15727	15882	58.182	3.44e-14	67.0
Crotalus_tigris_C9A	region	583	51	533	583	27989	28141	50.980	2.37e-11	57.8
Crotalus_tigris_C9A	region	583	43	25	67	15001	15129	39.535	8.61e-08	46.2
Crotalus_tigris_C9A	region	583	43	355	397	22726	22854	32.558	0.002	32.3
Crotalus_tigris_C9A	region	583	33	44	74	28013	28111	45.455	0.78	23.5
Thamnophis_elegans_C9A	region	583	74	277	350	21078	21299	59.459	1.22e-25	103
Thamnophis_elegans_C9A	region	583	86	453	538	26532	26789	53.488	2.38e-25	102
Thamnophis_elegans_C9A	region	583	51	106	156	17631	17783	68.627	1.31e-17	77.8
Thamnophis_elegans_C9A	region	583	47	157	203	18504	18644	68.085	5.23e-17	75.9
Thamnophis_elegans_C9A	region	583	62	396	457	25411	25596	53.226	9.15e-16	72.0
Thamnophis_elegans_C9A	region	583	51	533	583	27989	28141	58.824	2.31e-15	70.9
Thamnophis_elegans_C9A	region	583	51	57	107	15733	15882	49.020	5.71e-10	53.1
Thamnophis_elegans_C9A	region	583	43	25	67	15001	15129	44.186	2.15e-09	51.2
Thamnophis_elegans_C9A	region	583	77	195	271	19845	20072	31.169	3.83e-04	34.3
Thamnophis_elegans_C9A	region	583	48	354	401	22723	22848	31.250	0.032	27.7
Thamnophis_elegans_C9A	region	583	32	44	74	28022	28111	46.875	0.15	25.8
Naja_naja_C9A	region	582	86	452	537	26532	26789	55.814	4.24e-28	111
Naja_naja_C9A	region	582	74	277	350	21078	21299	56.757	3.41e-25	102
Naja_naja_C9A	region	582	51	106	156	17631	17783	76.471	4.99e-20	85.9
Naja_naja_C9A	region	582	47	157	203	18504	18644	65.957	2.74e-17	77.0
Naja_naja_C9A	region	582	64	393	456	25414	25596	51.562	1.97e-14	67.8
Naja_naja_C9A	region	582	61	53	110	15727	15900	54.098	7.34e-13	62.8
Naja_naja_C9A	region	582	55	528	582	27977	28141	49.091	8.20e-12	59.3
Naja_naja_C9A	region	582	43	25	67	15001	15129	41.860	1.22e-08	48.9
Naja_naja_C9A	region	582	79	195	273	19845	20078	31.646	0.002	31.6
Naja_naja_C9A	region	582	43	1	43	10385	10504	44.186	0.026	28.1
Pseudonaja_textilis_C9A	region	583	86	453	538	26532	26789	59.302	1.44e-29	115
Pseudonaja_textilis_C9A	region	583	74	277	350	21078	21299	60.811	6.54e-27	107
Pseudonaja_textilis_C9A	region	583	51	106	156	17631	17783	72.549	1.99e-19	84.0
Pseudonaja_textilis_C9A	region	583	47	157	203	18504	18644	65.957	2.61e-17	77.0
Pseudonaja_textilis_C9A	region	583	55	403	457	25432	25596	52.727	5.74e-14	66.2
Pseudonaja_textilis_C9A	region	583	55	53	107	15727	15882	56.364	4.93e-12	60.1
Pseudonaja_textilis_C9A	region	583	55	529	583	27977	28141	49.091	1.56e-11	58.2
Pseudonaja_textilis_C9A	region	583	43	25	67	15001	15129	44.186	2.87e-09	50.8
Pseudonaja_textilis_C9A	region	583	79	195	273	19845	20078	32.911	4.69e-04	33.9
Pseudonaja_textilis_C9A	region	583	34	44	75	28013	28114	44.118	0.17	25.4
Pseudonaja_textilis_C9A	region	583	43	355	397	22726	22854	30.233	0.30	24.6
Python_bivittatus_C9A	region	582	82	453	534	26532	26777	62.195	8.41e-31	119
Python_bivittatus_C9A	region	582	82	277	358	21078	21323	56.098	5.74e-27	107
Python_bivittatus_C9A	region	582	51	106	156	17631	17783	66.667	6.81e-18	79.0
Python_bivittatus_C9A	region	582	47	157	203	18504	18644	61.702	5.39e-17	75.9
Python_bivittatus_C9A	region	582	62	396	457	25411	25596	51.613	3.07e-15	70.5
Python_bivittatus_C9A	region	582	45	538	582	28007	28141	62.222	4.18e-12	60.1
Python_bivittatus_C9A	region	582	54	54	107	15724	15882	46.296	5.55e-10	53.1
Python_bivittatus_C9A	region	582	78	195	272	19845	20075	38.462	5.76e-09	50.1
Python_bivittatus_C9A	region	582	43	25	67	15001	15129	44.186	7.06e-09	49.7
Python_bivittatus_C9A	region	582	41	354	394	22723	22845	31.707	0.012	29.3
Python_bivittatus_C9A	region	582	48	41	87	28013	28150	35.417	0.013	29.3
Python_bivittatus_C9A	region	582	44	1	43	10385	10504	43.182	0.033	27.7
Notechis_scutatus_C9A	region	583	86	453	538	26532	26789	58.140	2.65e-29	115
Notechis_scutatus_C9A	region	583	74	277	350	21078	21299	60.811	6.83e-27	107
Notechis_scutatus_C9A	region	583	51	106	156	17631	17783	74.510	7.99e-20	85.1
Notechis_scutatus_C9A	region	583	47	157	203	18504	18644	65.957	2.54e-17	77.0
Notechis_scutatus_C9A	region	583	55	403	457	25432	25596	52.727	5.74e-14	66.2
Notechis_scutatus_C9A	region	583	55	53	107	15727	15882	56.364	4.65e-12	60.1
Notechis_scutatus_C9A	region	583	55	529	583	27977	28141	49.091	9.03e-12	58.9
Notechis_scutatus_C9A	region	583	43	25	67	15001	15129	44.186	2.87e-09	50.8
Notechis_scutatus_C9A	region	583	79	195	273	19845	20078	31.646	0.002	31.6
Notechis_scutatus_C9A	region	583	43	355	397	22726	22854	30.233	0.30	24.6
Notechis_scutatus_C9A	region	583	34	44	75	28013	28114	44.118	0.39	24.3
Hydrophis_cyanocinctus_C9A	region	583	86	453	538	26532	26789	58.140	3.27e-29	114
Hydrophis_cyanocinctus_C9A	region	583	74	277	350	21078	21299	60.811	7.14e-27	107
Hydrophis_cyanocinctus_C9A	region	583	51	106	156	17631	17783	74.510	8.13e-20	85.1
Hydrophis_cyanocinctus_C9A	region	583	47	157	203	18504	18644	65.957	1.70e-17	77.8
Hydrophis_cyanocinctus_C9A	region	583	54	404	457	25435	25596	53.704	6.81e-14	65.9
Hydrophis_cyanocinctus_C9A	region	583	55	53	107	15727	15882	56.364	4.93e-12	60.1
Hydrophis_cyanocinctus_C9A	region	583	55	529	583	27977	28141	49.091	9.59e-12	58.9
Hydrophis_cyanocinctus_C9A	region	583	43	25	67	15001	15129	44.186	2.85e-09	50.8
Hydrophis_cyanocinctus_C9A	region	583	79	195	273	19845	20078	31.646	0.002	32.0
Hydrophis_cyanocinctus_C9A	region	583	35	355	389	22726	22830	37.143	0.11	26.2
Hydrophis_cyanocinctus_C9A	region	583	34	44	75	28013	28114	44.118	0.41	24.3
Laticauda_colubrina_C9A	region	583	86	453	538	26532	26789	59.302	1.30e-29	116
Laticauda_colubrina_C9A	region	583	74	277	350	21078	21299	60.811	6.77e-27	107
Laticauda_colubrina_C9A	region	583	51	106	156	17631	17783	72.549	1.75e-19	84.0
Laticauda_colubrina_C9A	region	583	47	157	203	18504	18644	65.957	3.12e-17	76.6
Laticauda_colubrina_C9A	region	583	64	394	457	25414	25596	51.562	1.84e-14	67.8
Laticauda_colubrina_C9A	region	583	55	53	107	15727	15882	58.182	2.16e-13	64.3
Laticauda_colubrina_C9A	region	583	55	529	583	27977	28141	47.273	2.55e-11	57.8
Laticauda_colubrina_C9A	region	583	43	25	67	15001	15129	44.186	3.97e-09	50.4
Laticauda_colubrina_C9A	region	583	79	195	273	19845	20078	30.380	0.002	31.6
Laticauda_colubrina_C9A	region	583	34	44	75	28013	28114	44.118	0.36	24.3
Laticauda_colubrina_C9A	region	583	35	355	389	22726	22830	34.286	0.45	24.3
Protobothrops_mucrosquamatus_C9A	region	583	86	453	538	26532	26789	56.977	8.21e-29	113
Protobothrops_mucrosquamatus_C9A	region	583	79	277	355	21078	21314	62.025	1.68e-28	112
Protobothrops_mucrosquamatus_C9A	region	583	51	106	156	17631	17783	66.667	2.97e-18	80.1
Protobothrops_mucrosquamatus_C9A	region	583	47	157	203	18504	18644	63.830	2.46e-17	77.0
Protobothrops_mucrosquamatus_C9A	region	583	54	404	457	25435	25596	55.556	4.42e-15	69.7
Protobothrops_mucrosquamatus_C9A	region	583	51	533	583	27989	28141	60.784	8.25e-15	68.9
Protobothrops_mucrosquamatus_C9A	region	583	61	53	110	15727	15900	52.459	4.27e-13	63.5
Protobothrops_mucrosquamatus_C9A	region	583	43	25	67	15001	15129	41.860	2.64e-09	50.8
Protobothrops_mucrosquamatus_C9A	region	583	70	203	272	19866	20075	31.429	3.81e-07	43.9
Protobothrops_mucrosquamatus_C9A	region	583	60	30	87	27977	28150	36.667	7.04e-04	33.1
Protobothrops_mucrosquamatus_C9A	region	583	41	354	394	22723	22845	36.585	0.041	27.7
Chrysopelea_ornata_C9A	region	584	95	454	548	26532	26813	55.789	8.06e-29	113
Chrysopelea_ornata_C9A	region	584	79	277	355	21078	21314	56.962	5.00e-26	104
Chrysopelea_ornata_C9A	region	584	51	106	156	17631	17783	70.588	2.55e-19	83.6
Chrysopelea_ornata_C9A	region	584	47	157	203	18504	18644	70.213	7.73e-19	82.0
Chrysopelea_ornata_C9A	region	584	62	397	458	25411	25596	56.452	9.90e-17	75.1
Chrysopelea_ornata_C9A	region	584	51	534	584	27989	28141	52.941	1.69e-12	61.2
Chrysopelea_ornata_C9A	region	584	54	54	107	15724	15882	44.444	2.03e-10	54.7
Chrysopelea_ornata_C9A	region	584	43	25	67	15001	15129	39.535	1.44e-07	45.4
Chrysopelea_ornata_C9A	region	584	78	195	272	19845	20075	33.333	1.90e-06	41.6
Pituophis_catenifer_C9A	region	583	74	277	350	21078	21299	62.162	2.22e-27	108
Pituophis_catenifer_C9A	region	583	95	453	547	26532	26813	51.579	2.50e-26	105
Pituophis_catenifer_C9A	region	583	51	106	156	17631	17783	68.627	1.51e-18	80.9
Pituophis_catenifer_C9A	region	583	47	157	203	18504	18644	63.830	6.88e-17	75.5
Pituophis_catenifer_C9A	region	583	54	404	457	25435	25596	61.111	3.36e-16	73.6
Pituophis_catenifer_C9A	region	583	51	533	583	27989	28141	52.941	6.26e-13	62.8
Pituophis_catenifer_C9A	region	583	51	57	107	15733	15882	52.941	3.17e-12	60.5
Pituophis_catenifer_C9A	region	583	43	25	67	15001	15129	41.860	1.53e-08	48.5
Pituophis_catenifer_C9A	region	583	79	195	273	19845	20078	34.177	2.14e-07	44.7
Pituophis_catenifer_C9A	region	583	36	41	75	28013	28114	41.667	0.074	26.6
Pituophis_catenifer_C9A	region	583	40	355	394	22726	22845	30.000	0.10	26.2
Pantherophis_obsoletus_C9A	region	583	79	277	355	21078	21314	59.494	1.66e-28	112
Pantherophis_obsoletus_C9A	region	583	95	453	547	26532	26813	51.579	8.81e-27	107
Pantherophis_obsoletus_C9A	region	583	51	106	156	17631	17783	66.667	1.77e-18	80.9
Pantherophis_obsoletus_C9A	region	583	47	157	203	18504	18644	63.830	5.01e-17	76.3
Pantherophis_obsoletus_C9A	region	583	62	396	457	25411	25596	54.839	3.11e-16	73.6
Pantherophis_obsoletus_C9A	region	583	51	533	583	27989	28141	54.902	2.10e-13	64.3
Pantherophis_obsoletus_C9A	region	583	57	51	107	15721	15882	52.632	2.05e-12	61.2
Pantherophis_obsoletus_C9A	region	583	43	25	67	15001	15129	44.186	1.17e-08	48.9
Pantherophis_obsoletus_C9A	region	583	70	203	272	19866	20075	34.286	1.26e-06	42.4
Pantherophis_obsoletus_C9A	region	583	36	41	75	28013	28114	41.667	0.011	29.3
Pantherophis_obsoletus_C9A	region	583	41	354	394	22723	22845	31.707	0.020	28.5
Bothrops_jararaca_C9A	region	583	86	453	538	26532	26789	58.140	1.58e-29	115
Bothrops_jararaca_C9A	region	583	79	277	355	21078	21314	62.025	6.64e-28	110
Bothrops_jararaca_C9A	region	583	51	106	156	17631	17783	66.667	1.28e-17	78.2
Bothrops_jararaca_C9A	region	583	47	157	203	18504	18644	63.830	2.54e-17	77.0
Bothrops_jararaca_C9A	region	583	62	396	457	25411	25596	51.613	7.78e-16	72.4
Bothrops_jararaca_C9A	region	583	51	533	583	27989	28141	58.824	2.82e-14	67.0
Bothrops_jararaca_C9A	region	583	61	53	110	15727	15900	55.738	6.64e-14	65.9
Bothrops_jararaca_C9A	region	583	43	25	67	15001	15129	39.535	5.21e-09	50.1
Bothrops_jararaca_C9A	region	583	70	203	272	19866	20075	32.857	1.20e-06	42.4
Bothrops_jararaca_C9A	region	583	60	30	87	27977	28150	33.333	0.011	29.3
Bothrops_jararaca_C9A	region	583	41	354	394	22723	22845	34.146	0.034	27.7
Ptyas_mucosa_C9A	region	583	79	277	355	21078	21314	59.494	3.95e-28	111
Ptyas_mucosa_C9A	region	583	86	453	538	26532	26789	53.488	8.51e-27	107
Ptyas_mucosa_C9A	region	583	51	106	156	17631	17783	72.549	1.40e-19	84.3
Ptyas_mucosa_C9A	region	583	47	157	203	18504	18644	65.957	1.84e-17	77.4
Ptyas_mucosa_C9A	region	583	56	402	457	25429	25596	57.143	7.45e-16	72.4
Ptyas_mucosa_C9A	region	583	50	534	583	27992	28141	58.000	4.88e-14	66.2
Ptyas_mucosa_C9A	region	583	51	57	107	15733	15882	50.980	7.30e-12	59.3
Ptyas_mucosa_C9A	region	583	43	25	67	15001	15129	44.186	6.67e-09	49.7
Ptyas_mucosa_C9A	region	583	78	195	272	19845	20075	34.615	6.12e-07	43.1
Ptyas_mucosa_C9A	region	583	41	354	394	22723	22845	36.585	0.020	28.5
Ptyas_mucosa_C9A	region	583	36	41	75	28013	28114	41.667	0.085	26.6
Vipera_berus_C9A	region	583	86	453	538	26532	26789	58.140	1.18e-29	116
Vipera_berus_C9A	region	583	79	277	355	21078	21314	58.228	2.48e-26	105
Vipera_berus_C9A	region	583	47	157	203	18504	18644	65.957	1.59e-17	77.8
Vipera_berus_C9A	region	583	51	106	156	17631	17783	62.745	8.60e-17	75.5
Vipera_berus_C9A	region	583	62	396	457	25411	25596	53.226	1.59e-16	74.3
Vipera_berus_C9A	region	583	51	533	583	27989	28141	58.824	7.74e-14	65.9
Vipera_berus_C9A	region	583	60	54	110	15724	15900	51.667	2.45e-13	64.3
Vipera_berus_C9A	region	583	43	25	67	15001	15129	48.837	2.79e-10	54.3
Vipera_berus_C9A	region	583	90	203	290	19866	20120	34.444	2.43e-08	47.8
Vipera_berus_C9A	region	583	41	354	394	22723	22845	36.585	0.007	30.0
Vipera_berus_C9A	region	583	48	41	87	28013	28150	33.333	0.16	25.4
Sceloporus_undulatus_C9A	region	591	86	457	542	26532	26789	65.116	1.51e-33	128
Sceloporus_undulatus_C9A	region	591	82	278	359	21069	21314	67.073	5.33e-32	123
Sceloporus_undulatus_C9A	region	591	62	400	461	25411	25596	66.129	6.40e-21	88.6
Sceloporus_undulatus_C9A	region	591	56	536	591	27986	28153	67.857	6.62e-20	85.5
Sceloporus_undulatus_C9A	region	591	47	156	202	18504	18644	68.085	5.21e-17	76.3
Sceloporus_undulatus_C9A	region	591	51	105	155	17631	17783	66.667	1.87e-16	74.3
Sceloporus_undulatus_C9A	region	591	50	57	106	15733	15882	60.000	3.57e-15	70.1
Sceloporus_undulatus_C9A	region	591	77	201	277	19863	20078	35.065	2.63e-08	47.8
Sceloporus_undulatus_C9A	region	591	42	26	67	15004	15129	45.238	5.74e-08	46.6
Sceloporus_undulatus_C9A	region	591	42	358	399	22723	22848	42.857	4.17e-06	40.4
Sceloporus_undulatus_C9A	region	591	35	42	75	28016	28114	40.000	0.92	23.1
Anolis_carolinensis_C9B	region	538	81	457	537	26532	26774	64.198	3.74e-29	114
Anolis_carolinensis_C9B	region	538	80	278	357	21069	21308	62.500	1.67e-27	108
Anolis_carolinensis_C9B	region	538	47	156	202	18504	18644	76.596	2.03e-19	83.6
Anolis_carolinensis_C9B	region	538	55	406	460	25429	25593	67.273	3.65e-19	82.8
Anolis_carolinensis_C9B	region	538	51	105	155	17631	17783	68.627	5.36e-17	75.9
Anolis_carolinensis_C9B	region	538	51	57	107	15733	15885	66.667	6.94e-17	75.5
Anolis_carolinensis_C9B	region	538	42	26	67	15004	15129	45.238	2.12e-09	51.2
Anolis_carolinensis_C9B	region	538	77	201	277	19863	20078	32.468	1.14e-06	42.4
Anolis_carolinensis_C9B	region	538	43	359	401	22726	22854	39.535	2.32e-05	38.1
Anolis_carolinensis_C9B	region	538	35	42	75	28016	28114	42.857	0.38	24.3
Hydrophis_cyanocinctus_C9B	region	582	79	276	354	21078	21314	59.494	6.53e-28	110
Hydrophis_cyanocinctus_C9B	region	582	97	452	548	26532	26819	50.515	2.05e-26	106
Hydrophis_cyanocinctus_C9B	region	582	51	105	155	17631	17783	72.549	1.05e-19	84.7
Hydrophis_cyanocinctus_C9B	region	582	47	156	202	18504	18644	65.957	4.66e-17	76.3
Hydrophis_cyanocinctus_C9B	region	582	56	401	456	25429	25596	51.786	2.77e-14	67.4
Hydrophis_cyanocinctus_C9B	region	582	51	532	582	27989	28141	52.941	5.36e-12	59.7
Hydrophis_cyanocinctus_C9B	region	582	50	57	106	15736	15882	48.000	5.20e-09	50.1
Hydrophis_cyanocinctus_C9B	region	582	32	24	55	15001	15096	53.125	4.98e-07	43.5
Hydrophis_cyanocinctus_C9B	region	582	70	202	271	19866	20075	32.857	3.85e-06	40.8
Hydrophis_cyanocinctus_C9B	region	582	50	36	84	28001	28144	30.000	0.21	25.4
Bothrops_jararaca_C9B	region	583	86	453	538	26532	26789	58.140	1.67e-29	115
Bothrops_jararaca_C9B	region	583	79	277	355	21078	21314	62.025	6.88e-28	110
Bothrops_jararaca_C9B	region	583	51	106	156	17631	17783	64.706	8.77e-18	78.6
Bothrops_jararaca_C9B	region	583	47	157	203	18504	18644	65.957	9.89e-18	78.2
Bothrops_jararaca_C9B	region	583	62	396	457	25411	25596	54.839	2.11e-16	73.9
Bothrops_jararaca_C9B	region	583	51	533	583	27989	28141	58.824	3.08e-14	67.0
Bothrops_jararaca_C9B	region	583	61	53	110	15727	15900	54.098	8.08e-14	65.9
Bothrops_jararaca_C9B	region	583	43	25	67	15001	15129	41.860	3.53e-09	50.4
Bothrops_jararaca_C9B	region	583	70	203	272	19866	20075	32.857	4.25e-07	43.9
Bothrops_jararaca_C9B	region	583	52	37	87	28001	28150	32.692	0.018	28.9
Bothrops_jararaca_C9B	region	583	41	354	394	22723	22845	34.146	0.085	26.6
Laticauda_colubrina_C9B	region	583	79	277	355	21078	21314	59.494	5.05e-28	111
Laticauda_colubrina_C9B	region	583	80	453	532	26532	26771	58.750	5.39e-27	107
Laticauda_colubrina_C9B	region	583	66	157	216	18504	18701	56.061	2.11e-18	80.5
Laticauda_colubrina_C9B	region	583	51	106	156	17631	17783	66.667	1.03e-17	78.2
Laticauda_colubrina_C9B	region	583	56	402	457	25429	25596	53.571	2.11e-14	67.8
Laticauda_colubrina_C9B	region	583	51	533	583	27989	28141	52.941	1.56e-12	61.6
Laticauda_colubrina_C9B	region	583	50	58	107	15736	15882	50.000	4.58e-10	53.5
Laticauda_colubrina_C9B	region	583	32	25	56	15001	15096	56.250	5.49e-08	46.6
Laticauda_colubrina_C9B	region	583	77	195	271	19845	20072	31.169	6.85e-05	36.6
Laticauda_colubrina_C9B	region	583	36	354	389	22723	22830	36.111	0.098	26.2
Laticauda_colubrina_C9B	region	583	49	37	84	28001	28141	30.612	0.29	24.6
Pseudonaja_textilis_C9B	region	583	78	277	354	21078	21311	60.256	3.88e-28	111
Pseudonaja_textilis_C9B	region	583	97	453	549	26532	26819	53.608	1.96e-27	109
Pseudonaja_textilis_C9B	region	583	51	106	156	17631	17783	70.588	3.37e-19	83.2
Pseudonaja_textilis_C9B	region	583	47	157	203	18504	18644	63.830	8.90e-17	75.1
Pseudonaja_textilis_C9B	region	583	56	402	457	25429	25596	55.357	1.75e-14	67.8
Pseudonaja_textilis_C9B	region	583	51	533	583	27989	28141	50.980	1.65e-11	58.2
Pseudonaja_textilis_C9B	region	583	51	57	107	15733	15882	47.059	1.93e-09	51.6
Pseudonaja_textilis_C9B	region	583	33	25	57	15001	15099	51.515	1.40e-07	45.4
Pseudonaja_textilis_C9B	region	583	70	203	272	19866	20075	32.857	1.59e-05	38.5
Pseudonaja_textilis_C9B	region	583	50	37	85	28001	28144	32.000	0.026	28.1
Notechis_scutatus_C9B	region	583	79	277	355	21078	21314	58.228	8.28e-28	110
Notechis_scutatus_C9B	region	583	97	453	549	26532	26819	52.577	8.73e-28	110
Notechis_scutatus_C9B	region	583	51	106	156	17631	17783	72.549	1.11e-19	84.7
Notechis_scutatus_C9B	region	583	47	157	203	18504	18644	65.957	3.35e-17	76.6
Notechis_scutatus_C9B	region	583	56	402	457	25429	25596	50.000	1.55e-13	64.7
Notechis_scutatus_C9B	region	583	51	533	583	27989	28141	52.941	5.61e-12	59.7
Notechis_scutatus_C9B	region	583	50	58	107	15736	15882	48.000	3.38e-09	50.8
Notechis_scutatus_C9B	region	583	32	25	56	15001	15096	56.250	5.30e-08	46.6
Notechis_scutatus_C9B	region	583	70	203	272	19866	20075	34.286	3.23e-06	40.8
Notechis_scutatus_C9B	region	583	49	37	84	28001	28141	30.612	0.22	25.0
Pituophis_catenifer_C9B	region	583	86	453	538	26532	26789	56.977	2.95e-28	112
Pituophis_catenifer_C9B	region	583	74	277	350	21078	21299	62.162	2.28e-27	108
Pituophis_catenifer_C9B	region	583	51	106	156	17631	17783	74.510	7.77e-21	88.2
Pituophis_catenifer_C9B	region	583	47	157	203	18504	18644	70.213	6.21e-19	82.4
Pituophis_catenifer_C9B	region	583	54	404	457	25435	25596	55.556	4.26e-14	66.6
Pituophis_catenifer_C9B	region	583	54	54	107	15724	15882	50.000	1.17e-11	58.5
Pituophis_catenifer_C9B	region	583	51	533	583	27989	28141	52.941	3.35e-11	57.4
Pituophis_catenifer_C9B	region	583	43	25	67	15001	15129	37.209	1.32e-07	45.4
Pituophis_catenifer_C9B	region	583	79	195	273	19845	20078	31.646	1.33e-04	35.8
Pituophis_catenifer_C9B	region	583	36	41	75	28013	28114	36.111	0.53	23.9
Pituophis_catenifer_C9B	region	583	39	356	394	22729	22845	30.769	0.63	23.5
Pantherophis_obsoletus_C9B	region	583	86	453	538	26532	26789	55.814	1.32e-28	112
Pantherophis_obsoletus_C9B	region	583	79	277	355	21078	21314	56.962	2.14e-27	109
Pantherophis_obsoletus_C9B	region	583	51	106	156	17631	17783	74.510	9.48e-21	88.2
Pantherophis_obsoletus_C9B	region	583	47	157	203	18504	18644	70.213	7.12e-19	82.0
Pantherophis_obsoletus_C9B	region	583	56	402	457	25429	25596	55.357	2.22e-14	67.4
Pantherophis_obsoletus_C9B	region	583	57	51	107	15721	15882	52.632	3.69e-13	63.5
Pantherophis_obsoletus_C9B	region	583	55	529	583	27977	28141	50.909	5.33e-12	59.7
Pantherophis_obsoletus_C9B	region	583	43	25	67	15001	15129	41.860	3.47e-08	47.4
Pantherophis_obsoletus_C9B	region	583	78	195	272	19845	20075	30.769	4.93e-04	33.9
Pantherophis_obsoletus_C9B	region	583	36	41	75	28013	28114	41.667	0.018	28.9
Pantherophis_obsoletus_C9B	region	583	41	354	394	22723	22845	31.707	0.023	28.5
Crotalus_tigris_C9B	region	583	86	453	538	26532	26789	59.302	1.43e-30	119
Crotalus_tigris_C9B	region	583	74	277	350	21078	21299	62.162	4.72e-27	108
Crotalus_tigris_C9B	region	583	51	106	156	17631	17783	72.549	6.12e-20	85.5
Crotalus_tigris_C9B	region	583	47	157	203	18504	18644	65.957	4.08e-17	76.3
Crotalus_tigris_C9B	region	583	56	402	457	25429	25596	57.143	5.15e-15	69.7
Crotalus_tigris_C9B	region	583	55	53	107	15727	15882	58.182	2.95e-14	67.0
Crotalus_tigris_C9B	region	583	51	533	583	27989	28141	52.941	1.04e-11	58.9
Crotalus_tigris_C9B	region	583	43	25	67	15001	15129	41.860	2.60e-08	47.8
Crotalus_tigris_C9B	region	583	43	355	397	22726	22854	32.558	0.001	32.3
Crotalus_tigris_C9B	region	583	70	203	272	19866	20075	27.143	0.25	25.0
Crotalus_tigris_C9B	region	583	52	44	93	28013	28150	36.538	0.53	23.9
Ptyas_mucosa_C9B	region	583	86	453	538	26532	26789	55.814	1.18e-27	110
Ptyas_mucosa_C9B	region	583	74	277	350	21078	21299	62.162	2.38e-27	108
Ptyas_mucosa_C9B	region	583	51	106	156	17631	17783	74.510	2.91e-20	86.7
Ptyas_mucosa_C9B	region	583	47	157	203	18504	18644	70.213	5.50e-19	82.4
Ptyas_mucosa_C9B	region	583	59	399	457	25420	25596	52.542	2.43e-13	64.3
Ptyas_mucosa_C9B	region	583	55	529	583	27977	28141	52.727	3.54e-12	60.5
Ptyas_mucosa_C9B	region	583	54	54	107	15724	15882	46.296	1.05e-11	58.9
Ptyas_mucosa_C9B	region	583	36	32	67	15022	15129	41.667	1.30e-06	42.4
Ptyas_mucosa_C9B	region	583	79	195	273	19845	20078	31.646	2.84e-04	34.7
Ptyas_mucosa_C9B	region	583	41	355	395	22726	22848	36.585	0.003	31.2
Ptyas_mucosa_C9B	region	583	58	37	93	28001	28150	31.034	0.42	24.3
