# Hydrophis_major DAB2/FYB1 anchors on CM066329.1:353629025-357712284 (sstart/send relative to region; add 353629024)
Anolis_carolinensis_DAB2	1976007	1976636	298
Anolis_carolinensis_DAB2	1980940	1981467	209
Anolis_carolinensis_DAB2	1971675	1971809	99.4
Anolis_carolinensis_DAB2	1969635	1969775	97.1
Anolis_carolinensis_DAB2	1970609	1970710	72.4
Anolis_carolinensis_DAB2	1979605	1979763	68.6
Anolis_carolinensis_DAB2	1983731	1983856	51.2
Anolis_carolinensis_FYB1	2125111	2126235	293
Anolis_carolinensis_FYB1	2173502	2173684	95.1
Anolis_carolinensis_FYB1	2159231	2159407	91.3
Anolis_carolinensis_FYB1	2161186	2161326	71.6
Anolis_carolinensis_FYB1	2169695	2170051	71.2
Anolis_carolinensis_FYB1	2164858	2164977	50.1
Thamnophis_elegans_DAB2	1976007	1976636	385
Thamnophis_elegans_DAB2	1980940	1981473	341
Thamnophis_elegans_DAB2	1971675	1971809	100
Thamnophis_elegans_DAB2	1969635	1969775	98.6
Thamnophis_elegans_DAB2	1979605	1979763	94.0
Thamnophis_elegans_DAB2	1970609	1970710	74.7
Thamnophis_elegans_DAB2	1983728	1983856	73.2
Thamnophis_elegans_DAB2	1974708	1974782	46.6
Thamnophis_elegans_DAB2	1985521	1985586	46.6
Thamnophis_elegans_FYB1	2125111	2126238	583
Thamnophis_elegans_FYB1	2159231	2159410	108
Thamnophis_elegans_FYB1	2173502	2173684	104
Thamnophis_elegans_FYB1	2161186	2161326	94.7
Thamnophis_elegans_FYB1	2164858	2165007	91.3
Thamnophis_elegans_FYB1	2169659	2170051	89.4
