# Lacerta_agilis DAB2/FYB1 anchors on NC_046322.1:15725444-19739501 (sstart/send relative to region; add 15725443)
Anolis_carolinensis_DAB2	2028521	2027871	320
Anolis_carolinensis_DAB2	2024554	2024036	223
Anolis_carolinensis_DAB2	2033451	2033296	105
Anolis_carolinensis_DAB2	2036167	2036027	96.3
Anolis_carolinensis_DAB2	2034865	2034725	74.7
Anolis_carolinensis_DAB2	2027092	2026943	63.5
Anolis_carolinensis_DAB2	2032035	2031952	52.4
Anolis_carolinensis_FYB1	1977161	1976028	357
Anolis_carolinensis_FYB1	1964363	1964199	103
Anolis_carolinensis_FYB1	1951859	1951659	98.6
Anolis_carolinensis_FYB1	1963841	1963689	80.1
Anolis_carolinensis_FYB1	1956762	1956694	48.1
Thamnophis_elegans_DAB2	2028521	2027871	307
Thamnophis_elegans_DAB2	2024554	2024036	204
Thamnophis_elegans_DAB2	2033451	2033296	103
Thamnophis_elegans_DAB2	2036167	2036027	94.0
Thamnophis_elegans_DAB2	2034865	2034725	73.9
Thamnophis_elegans_DAB2	2032035	2031952	55.1
Thamnophis_elegans_DAB2	2027092	2026943	53.9
Thamnophis_elegans_FYB1	1977161	1976031	263
Thamnophis_elegans_FYB1	1951859	1951653	102
Thamnophis_elegans_FYB1	1964363	1964199	90.1
Thamnophis_elegans_FYB1	1963829	1963689	82.0
Thamnophis_elegans_FYB1	1958883	1958743	54.7
