# Protobothrops_mucrosquamatus DAB2/FYB1 anchors on NW_015386198.1:1-2355493 (sstart/send relative to region; add 0)
Anolis_carolinensis_DAB2	302513	303124	296
Anolis_carolinensis_DAB2	307938	308474	216
Anolis_carolinensis_DAB2	299134	299268	99.4
Anolis_carolinensis_DAB2	295178	295318	97.4
Anolis_carolinensis_DAB2	306240	306398	74.7
Anolis_carolinensis_DAB2	297796	297897	73.2
Anolis_carolinensis_DAB2	301129	301212	49.3
Anolis_carolinensis_DAB2	309877	309999	48.9
Anolis_carolinensis_FYB1	389925	391049	296
Anolis_carolinensis_FYB1	421998	422180	93.2
Anolis_carolinensis_FYB1	410343	410495	92.0
Anolis_carolinensis_FYB1	412243	412383	67.4
Anolis_carolinensis_FYB1	419620	419739	57.0
Anolis_carolinensis_FYB1	415749	415871	55.1
Thamnophis_elegans_DAB2	302513	303124	377
Thamnophis_elegans_DAB2	307938	308483	290
Thamnophis_elegans_DAB2	299134	299268	100
Thamnophis_elegans_DAB2	295178	295318	99.0
Thamnophis_elegans_DAB2	306240	306398	97.8
Thamnophis_elegans_DAB2	297796	297897	75.1
Thamnophis_elegans_DAB2	309874	309996	67.4
Thamnophis_elegans_DAB2	301129	301212	51.2
Thamnophis_elegans_DAB2	310999	311064	47.0
Thamnophis_elegans_FYB1	389925	391052	580
Thamnophis_elegans_FYB1	410343	410522	108
Thamnophis_elegans_FYB1	421998	422180	98.6
Thamnophis_elegans_FYB1	415752	415901	89.4
Thamnophis_elegans_FYB1	412243	412383	86.3
Thamnophis_elegans_FYB1	419620	419739	72.0
Thamnophis_elegans_FYB1	418916	419032	47.8
