# Notechis_scutatus DAB2/FYB1 anchors on NW_020716626.1:9074675-13139037 (sstart/send relative to region; add 9074674)
Anolis_carolinensis_DAB2	2086217	2085588	298
Anolis_carolinensis_DAB2	2081284	2080757	236
Anolis_carolinensis_DAB2	2090565	2090431	99.4
Anolis_carolinensis_DAB2	2092610	2092470	97.1
Anolis_carolinensis_DAB2	2091632	2091531	72.4
Anolis_carolinensis_DAB2	2082620	2082462	70.9
Anolis_carolinensis_DAB2	2078427	2078302	50.1
Anolis_carolinensis_FYB1	1967605	1966481	295
Anolis_carolinensis_FYB1	1923369	1923187	97.1
Anolis_carolinensis_FYB1	1938393	1938217	92.8
Anolis_carolinensis_FYB1	1936452	1936312	71.2
Anolis_carolinensis_FYB1	1926924	1926820	53.9
Anolis_carolinensis_FYB1	1927175	1927044	47.8
Thamnophis_elegans_DAB2	2086217	2085588	385
Thamnophis_elegans_DAB2	2081284	2080751	332
Thamnophis_elegans_DAB2	2090565	2090431	100
Thamnophis_elegans_DAB2	2092610	2092470	98.6
Thamnophis_elegans_DAB2	2082620	2082462	96.7
Thamnophis_elegans_DAB2	2091632	2091531	74.7
Thamnophis_elegans_DAB2	2078430	2078302	72.0
Thamnophis_elegans_DAB2	2087547	2087473	47.8
Thamnophis_elegans_DAB2	2076630	2076565	46.2
Thamnophis_elegans_FYB1	1967605	1966478	597
Thamnophis_elegans_FYB1	1938393	1938214	107
Thamnophis_elegans_FYB1	1923369	1923187	106
Thamnophis_elegans_FYB1	1936452	1936312	93.6
Thamnophis_elegans_FYB1	1926936	1926820	69.3
