# Liasis_olivaceus DAB2/FYB1 anchors on CM061348.1:240161515-244180997 (sstart/send relative to region; add 240161514)
Anolis_carolinensis_DAB2	1977836	1978462	306
Anolis_carolinensis_DAB2	1988043	1988582	228
Anolis_carolinensis_DAB2	1974066	1974200	100
Anolis_carolinensis_DAB2	1972164	1972367	99.8
Anolis_carolinensis_DAB2	1973038	1973139	73.9
Anolis_carolinensis_DAB2	1981375	1981554	62.4
Anolis_carolinensis_DAB2	1989992	1990114	50.4
Anolis_carolinensis_DAB2	1976459	1976545	47.8
Anolis_carolinensis_FYB1	2051429	2052544	325
Anolis_carolinensis_FYB1	2090936	2091109	96.7
Anolis_carolinensis_FYB1	2076034	2076186	95.9
Anolis_carolinensis_FYB1	2078284	2078424	77.4
Anolis_carolinensis_FYB1	2087564	2087722	60.5
Anolis_carolinensis_FYB1	2082816	2082935	50.4
Thamnophis_elegans_DAB2	1977836	1978462	374
Thamnophis_elegans_DAB2	1988043	1988588	284
Thamnophis_elegans_DAB2	1972164	1972367	101
Thamnophis_elegans_DAB2	1974066	1974200	99.0
Thamnophis_elegans_DAB2	1981375	1981554	79.0
Thamnophis_elegans_DAB2	1973038	1973139	72.0
Thamnophis_elegans_DAB2	1989989	1990111	67.4
Thamnophis_elegans_DAB2	1976459	1976545	49.7
Thamnophis_elegans_DAB2	1991411	1991476	47.0
Thamnophis_elegans_FYB1	2051429	2052538	520
Thamnophis_elegans_FYB1	2076034	2076198	103
Thamnophis_elegans_FYB1	2090936	2091109	98.2
Thamnophis_elegans_FYB1	2078284	2078424	87.4
Thamnophis_elegans_FYB1	2082816	2082965	81.6
Thamnophis_elegans_FYB1	2087564	2087737	73.9
