Lacerta_agilis_C9A	OZ184073.1	589	78	279	356	285592299	285592532	70.513	2.94e-30	132
Lacerta_agilis_C9A	OZ184073.1	589	93	279	371	285648328	285648597	58.065	9.08e-29	127
Lacerta_agilis_C9A	OZ184073.1	589	80	455	534	285653546	285653785	65.000	5.00e-25	116
Lacerta_agilis_C9A	OZ184073.1	589	74	461	534	285605431	285605652	68.919	6.02e-25	115
Lacerta_agilis_C9A	OZ184073.1	589	47	155	201	285589111	285589251	76.596	1.49e-15	86.3
Lacerta_agilis_C9A	OZ184073.1	589	55	100	154	285642786	285642950	70.909	5.44e-15	84.3
Lacerta_agilis_C9A	OZ184073.1	589	47	155	201	285644468	285644608	68.085	7.00e-14	80.9
Lacerta_agilis_C9A	OZ184073.1	589	55	100	154	285583368	285583532	69.091	9.86e-14	80.5
Lacerta_agilis_C9A	OZ184073.1	589	56	403	458	285603144	285603311	55.357	1.40e-10	70.1
Lacerta_agilis_C9A	OZ184073.1	589	90	18	106	285581030	285581269	41.111	1.50e-10	70.1
Lacerta_agilis_C9A	OZ184073.1	589	56	403	458	285652039	285652206	57.143	3.26e-10	68.9
Lacerta_agilis_C9A	OZ184073.1	589	52	534	584	285608333	285608488	55.769	9.80e-10	67.4
Lacerta_agilis_C9A	OZ184073.1	589	90	18	106	285640854	285641093	40.000	1.44e-09	67.0
Lacerta_agilis_C9A	OZ184073.1	589	49	537	584	285654348	285654494	57.143	2.44e-07	59.7
Lacerta_agilis_C9A	OZ184073.1	589	60	470	529	284856106	284855927	45.000	3.83e-07	58.9
Lacerta_agilis_C9A	OZ184073.1	589	79	279	357	284753126	284753362	30.380	7.46e-06	54.7
Lacerta_agilis_C9A	OZ184076.1	589	223	300	517	23264164	23263538	25.561	2.43e-10	69.3
Lacerta_agilis_C9A	OZ184076.1	589	248	279	518	21095468	21096127	24.597	8.13e-09	64.3
Lacerta_agilis_C9A	OZ184077.1	589	81	279	359	70845858	70846100	34.568	2.34e-08	63.2
Lacerta_agilis_C9A	OZ184077.1	589	78	279	356	70902401	70902168	28.205	6.19e-06	55.1
Zootoca_vivipara_C9A	OZ184073.1	589	78	279	356	285592299	285592532	70.513	5.56e-30	131
Zootoca_vivipara_C9A	OZ184073.1	589	93	279	371	285648328	285648597	58.065	2.03e-28	127
Zootoca_vivipara_C9A	OZ184073.1	589	80	455	534	285653546	285653785	65.000	4.50e-25	116
Zootoca_vivipara_C9A	OZ184073.1	589	74	461	534	285605431	285605652	68.919	5.86e-25	116
Zootoca_vivipara_C9A	OZ184073.1	589	47	155	201	285589111	285589251	76.596	1.41e-15	86.3
Zootoca_vivipara_C9A	OZ184073.1	589	55	100	154	285642786	285642950	70.909	7.55e-15	84.0
Zootoca_vivipara_C9A	OZ184073.1	589	47	155	201	285644468	285644608	68.085	7.37e-14	80.9
Zootoca_vivipara_C9A	OZ184073.1	589	55	100	154	285583368	285583532	69.091	1.28e-13	80.1
Zootoca_vivipara_C9A	OZ184073.1	589	90	18	106	285581030	285581269	42.222	1.22e-10	70.5
Zootoca_vivipara_C9A	OZ184073.1	589	56	403	458	285603144	285603311	55.357	1.33e-10	70.1
Zootoca_vivipara_C9A	OZ184073.1	589	90	18	106	285640854	285641093	42.222	1.63e-10	70.1
Zootoca_vivipara_C9A	OZ184073.1	589	56	403	458	285652039	285652206	55.357	1.33e-09	67.0
Zootoca_vivipara_C9A	OZ184073.1	589	52	534	584	285608333	285608488	55.769	2.80e-09	65.9
Zootoca_vivipara_C9A	OZ184073.1	589	60	470	529	284856106	284855927	43.333	7.07e-07	58.2
Zootoca_vivipara_C9A	OZ184073.1	589	49	537	584	285654348	285654494	57.143	7.63e-07	58.2
Zootoca_vivipara_C9A	OZ184073.1	589	79	279	357	284753126	284753362	30.380	5.68e-06	55.1
Zootoca_vivipara_C9A	OZ184076.1	589	247	279	518	21095468	21096127	25.506	2.80e-09	65.9
Zootoca_vivipara_C9A	OZ184076.1	589	225	300	517	23264164	23263538	24.444	3.81e-09	65.5
Zootoca_vivipara_C9A	OZ184077.1	589	81	279	359	70845858	70846100	34.568	4.18e-08	62.0
Zootoca_vivipara_C9A	OZ184077.1	589	78	279	356	70902401	70902168	28.205	7.79e-06	54.7
Podarcis_muralis_C9A	OZ184073.1	589	79	278	356	285592296	285592532	69.620	3.99e-30	132
Podarcis_muralis_C9A	OZ184073.1	589	94	278	371	285648325	285648597	56.383	2.16e-28	126
Podarcis_muralis_C9A	OZ184073.1	589	74	461	534	285605431	285605652	67.568	2.17e-24	114
Podarcis_muralis_C9A	OZ184073.1	589	80	455	534	285653546	285653785	63.750	2.45e-24	114
Podarcis_muralis_C9A	OZ184073.1	589	47	155	201	285589111	285589251	76.596	1.47e-15	86.3
Podarcis_muralis_C9A	OZ184073.1	589	55	100	154	285642786	285642950	70.909	5.88e-15	84.3
Podarcis_muralis_C9A	OZ184073.1	589	47	155	201	285644468	285644608	68.085	6.70e-14	80.9
Podarcis_muralis_C9A	OZ184073.1	589	55	100	154	285583368	285583532	69.091	1.00e-13	80.5
Podarcis_muralis_C9A	OZ184073.1	589	86	22	106	285581042	285581269	43.023	1.79e-10	69.7
Podarcis_muralis_C9A	OZ184073.1	589	89	19	106	285640857	285641093	40.449	1.31e-09	67.0
Podarcis_muralis_C9A	OZ184073.1	589	52	534	584	285608333	285608488	55.769	1.32e-09	67.0
Podarcis_muralis_C9A	OZ184073.1	589	55	404	458	285603147	285603311	50.909	1.24e-08	63.9
Podarcis_muralis_C9A	OZ184073.1	589	93	470	553	284856106	284855828	34.409	1.10e-07	60.8
Podarcis_muralis_C9A	OZ184073.1	589	54	405	458	285652045	285652206	53.704	1.43e-07	60.5
Podarcis_muralis_C9A	OZ184073.1	589	49	537	584	285654348	285654494	57.143	1.47e-07	60.5
Podarcis_muralis_C9A	OZ184073.1	589	79	279	357	284753126	284753362	30.380	5.36e-06	55.5
Podarcis_muralis_C9A	OZ184076.1	589	224	300	516	23264164	23263541	24.554	1.21e-08	63.9
Podarcis_muralis_C9A	OZ184077.1	589	81	279	359	70845858	70846100	33.333	1.19e-07	60.8
Podarcis_muralis_C9A	OZ184077.1	589	78	279	356	70902401	70902168	29.487	3.11e-06	56.2
Anolis_carolinensis_C9A	OZ184073.1	591	77	461	537	285605425	285605655	67.532	1.71e-27	124
Anolis_carolinensis_C9A	OZ184073.1	591	78	460	537	285653555	285653788	64.103	1.50e-26	121
Anolis_carolinensis_C9A	OZ184073.1	591	79	280	358	285592296	285592532	63.291	7.33e-26	119
Anolis_carolinensis_C9A	OZ184073.1	591	107	280	381	285648325	285648636	50.467	5.56e-25	116
Anolis_carolinensis_C9A	OZ184073.1	591	47	156	202	285589111	285589251	72.340	1.89e-14	82.8
Anolis_carolinensis_C9A	OZ184073.1	591	47	156	202	285644468	285644608	70.213	6.31e-14	80.9
Anolis_carolinensis_C9A	OZ184073.1	591	50	106	155	285642801	285642950	66.000	1.52e-11	73.2
Anolis_carolinensis_C9A	OZ184073.1	591	52	536	587	285608333	285608488	55.769	8.21e-11	70.9
Anolis_carolinensis_C9A	OZ184073.1	591	50	106	155	285583383	285583532	64.000	2.41e-10	69.3
Anolis_carolinensis_C9A	OZ184073.1	591	49	539	587	285654348	285654494	59.184	1.89e-09	66.6
Anolis_carolinensis_C9A	OZ184073.1	591	65	408	472	285652048	285652242	49.231	1.95e-09	66.6
Anolis_carolinensis_C9A	OZ184073.1	591	52	57	107	285640938	285641093	59.615	5.77e-09	65.1
Anolis_carolinensis_C9A	OZ184073.1	591	54	408	461	285603153	285603314	55.556	6.61e-09	64.7
Anolis_carolinensis_C9A	OZ184073.1	591	82	278	359	284753117	284753362	34.146	7.13e-08	61.2
Anolis_carolinensis_C9A	OZ184073.1	591	52	57	107	285581114	285581269	53.846	8.24e-08	61.2
Anolis_carolinensis_C9A	OZ184073.1	591	76	456	531	284856151	284855927	38.158	1.66e-07	60.1
Anolis_carolinensis_C9A	OZ184073.1	591	87	195	281	285590632	285590877	33.333	4.45e-07	58.9
Anolis_carolinensis_C9A	OZ184073.1	591	48	532	579	284852487	284852344	52.083	1.28e-06	57.4
Anolis_carolinensis_C9A	OZ184073.1	591	46	25	70	285579278	285579415	50.000	1.77e-06	57.0
Anolis_carolinensis_C9A	OZ184073.1	591	81	281	361	284808975	284809217	32.099	2.38e-06	56.6
Anolis_carolinensis_C9A	OZ184076.1	591	235	295	518	23264185	23263541	26.383	7.19e-10	67.8
Anolis_carolinensis_C9A	OZ184077.1	591	78	281	358	70902401	70902168	33.333	2.43e-07	59.7
Anolis_carolinensis_C9A	OZ184077.1	591	45	543	587	70871540	70871674	53.333	7.70e-06	54.7
Pogona_vitticeps_C9A	OZ184073.1	576	84	262	345	285592299	285592550	64.286	9.46e-27	121
Pogona_vitticeps_C9A	OZ184073.1	576	69	443	511	285605428	285605634	73.913	1.13e-24	115
Pogona_vitticeps_C9A	OZ184073.1	576	91	262	352	285648328	285648591	54.945	1.25e-24	114
Pogona_vitticeps_C9A	OZ184073.1	576	71	441	511	285653555	285653767	70.423	5.59e-24	112
Pogona_vitticeps_C9A	OZ184073.1	576	49	156	204	285589111	285589257	75.510	2.43e-16	88.6
Pogona_vitticeps_C9A	OZ184073.1	576	71	501	571	285654282	285654494	57.746	2.36e-15	85.5
Pogona_vitticeps_C9A	OZ184073.1	576	49	156	204	285644468	285644614	69.388	1.60e-14	82.8
Pogona_vitticeps_C9A	OZ184073.1	576	90	497	571	285608219	285608488	46.667	5.02e-14	81.3
Pogona_vitticeps_C9A	OZ184073.1	576	50	106	155	285642801	285642950	68.000	1.67e-11	73.2
Pogona_vitticeps_C9A	OZ184073.1	576	50	106	155	285583383	285583532	68.000	1.70e-11	73.2
Pogona_vitticeps_C9A	OZ184073.1	576	62	381	442	285603129	285603314	48.387	2.46e-09	66.2
Pogona_vitticeps_C9A	OZ184073.1	576	50	515	563	284816293	284816433	66.000	9.74e-09	64.3
Pogona_vitticeps_C9A	OZ184073.1	576	45	26	70	285579281	285579415	60.000	1.13e-08	63.9
Pogona_vitticeps_C9A	OZ184073.1	576	63	389	448	285652048	285652236	50.794	1.36e-08	63.5
Pogona_vitticeps_C9A	OZ184073.1	576	39	26	64	285640239	285640355	58.974	1.63e-07	60.1
Pogona_vitticeps_C9A	OZ184073.1	576	52	57	107	285640938	285641093	51.923	3.59e-07	58.9
Pogona_vitticeps_C9A	OZ184073.1	576	75	436	510	284856154	284855933	40.000	4.22e-07	58.9
Pogona_vitticeps_C9A	OZ184073.1	576	79	262	340	284753126	284753362	37.975	9.49e-07	57.8
Pogona_vitticeps_C9A	OZ184073.1	576	50	526	575	284852457	284852308	50.000	2.57e-06	56.2
Pogona_vitticeps_C9A	OZ184073.1	576	50	513	561	284768363	284768503	56.000	2.59e-06	56.2
Pogona_vitticeps_C9A	OZ184073.1	576	52	57	107	285581114	285581269	48.077	4.25e-06	55.5
Pogona_vitticeps_C9A	OZ184073.1	576	70	453	522	284761157	284761366	41.429	4.91e-06	55.5
Pogona_vitticeps_C9A	OZ184076.1	576	231	276	499	23264185	23263541	27.273	3.47e-12	75.5
Pogona_vitticeps_C9A	OZ184077.1	576	84	257	340	70845843	70846094	34.524	1.71e-08	63.5
Pogona_vitticeps_C9A	OZ184077.1	576	46	520	565	70871519	70871656	54.348	6.07e-06	55.1
Gekko_japonicus_C9A	OZ184073.1	582	78	295	372	285592299	285592532	57.692	6.08e-22	106
Gekko_japonicus_C9A	OZ184073.1	582	84	457	539	285605431	285605682	55.952	8.64e-22	105
Gekko_japonicus_C9A	OZ184073.1	582	74	295	368	285648328	285648549	58.108	2.04e-20	101
Gekko_japonicus_C9A	OZ184073.1	582	94	457	549	285653564	285653818	51.064	4.71e-20	100
Gekko_japonicus_C9A	OZ184073.1	582	64	122	185	285583383	285583571	56.250	9.65e-13	77.0
Gekko_japonicus_C9A	OZ184073.1	582	45	173	217	285589111	285589245	66.667	1.00e-10	70.5
Gekko_japonicus_C9A	OZ184073.1	582	47	173	219	285644468	285644608	59.574	2.46e-10	69.3
Gekko_japonicus_C9A	OZ184073.1	582	51	531	581	285608336	285608488	56.863	2.77e-10	69.3
Gekko_japonicus_C9A	OZ184073.1	582	51	122	172	285642801	285642950	60.784	5.00e-10	68.6
Gekko_japonicus_C9A	OZ184073.1	582	48	530	577	285654339	285654482	60.417	2.84e-08	62.8
Gekko_japonicus_C9A	OZ184073.1	582	51	531	581	284852472	284852320	50.980	3.95e-08	62.4
Gekko_japonicus_C9A	OZ184073.1	582	82	292	373	284753117	284753362	35.366	4.53e-08	62.0
Gekko_japonicus_C9A	OZ184073.1	582	88	436	523	284856187	284855933	37.500	6.60e-08	61.6
Gekko_japonicus_C9A	OZ184073.1	582	52	71	122	285640941	285641090	55.769	1.44e-07	60.5
Gekko_japonicus_C9A	OZ184073.1	582	52	71	122	285581117	285581266	50.000	6.04e-07	58.5
Gekko_japonicus_C9A	OZ184073.1	582	64	466	527	284761157	284761348	40.625	2.20e-06	56.6
Gekko_japonicus_C9A	OZ184077.1	582	81	295	375	70845858	70846100	35.802	1.87e-08	63.2
Gekko_japonicus_C9A	OZ184077.1	582	67	456	521	70865389	70865589	38.806	1.69e-06	57.0
Crotalus_tigris_C9A	OZ184073.1	583	94	274	367	285648319	285648591	76.596	1.45e-37	154
Crotalus_tigris_C9A	OZ184073.1	583	77	456	532	285653555	285653785	84.416	6.32e-34	143
Crotalus_tigris_C9A	OZ184073.1	583	76	457	532	285605425	285605652	86.842	9.94e-34	143
Crotalus_tigris_C9A	OZ184073.1	583	78	276	353	285592296	285592529	82.051	1.68e-33	142
Crotalus_tigris_C9A	OZ184073.1	583	76	198	273	285645982	285646209	75.000	1.20e-24	115
Crotalus_tigris_C9A	OZ184073.1	583	76	393	468	285652015	285652242	71.053	3.99e-22	107
Crotalus_tigris_C9A	OZ184073.1	583	54	54	107	285640929	285641090	83.333	7.80e-20	99.8
Crotalus_tigris_C9A	OZ184073.1	583	51	533	583	285654342	285654494	82.353	9.86e-20	99.8
Crotalus_tigris_C9A	OZ184073.1	583	57	401	457	285603144	285603314	82.456	1.08e-19	99.4
Crotalus_tigris_C9A	OZ184073.1	583	50	107	156	285583383	285583532	92.000	1.80e-19	98.6
Crotalus_tigris_C9A	OZ184073.1	583	47	157	203	285589111	285589251	87.234	1.33e-17	92.8
Crotalus_tigris_C9A	OZ184073.1	583	47	157	203	285644468	285644608	85.106	2.66e-17	91.7
Crotalus_tigris_C9A	OZ184073.1	583	52	532	583	285608333	285608488	71.154	2.85e-17	91.7
Crotalus_tigris_C9A	OZ184073.1	583	95	16	107	285581012	285581266	50.526	1.33e-16	89.7
Crotalus_tigris_C9A	OZ184073.1	583	50	107	156	285642801	285642950	86.000	1.33e-16	89.7
Crotalus_tigris_C9A	OZ184073.1	583	77	196	272	285590632	285590862	53.247	8.58e-16	87.0
Crotalus_tigris_C9A	OZ184073.1	583	45	26	70	285579281	285579415	66.667	1.35e-09	67.0
Crotalus_tigris_C9A	OZ184073.1	583	39	26	64	285640239	285640355	69.231	5.63e-08	61.6
Crotalus_tigris_C9A	OZ184073.1	583	41	355	395	285650595	285650717	68.293	2.18e-07	59.7
Crotalus_tigris_C9A	OZ184073.1	583	52	528	579	284852487	284852332	48.077	2.56e-06	56.2
Crotalus_tigris_C9A	OZ184073.1	583	75	451	525	284856154	284855933	37.333	3.24e-06	55.8
Crotalus_tigris_C9A	OZ184073.1	583	74	457	530	284761127	284761345	40.541	4.15e-06	55.5
Crotalus_tigris_C9A	OZ184076.1	583	222	298	514	23264164	23263541	27.027	4.50e-11	71.6
Crotalus_tigris_C9A	OZ184076.1	583	245	274	516	21095465	21096127	23.265	4.25e-08	62.0
Crotalus_tigris_C9A	OZ184077.1	583	74	277	350	70845858	70846079	36.486	4.74e-07	58.5
Crotalus_tigris_C9A	OZ184077.1	583	47	537	583	70871534	70871674	51.064	2.53e-06	56.2
Thamnophis_elegans_C9A	OZ184073.1	583	82	274	355	285592290	285592535	90.244	8.98e-39	158
Thamnophis_elegans_C9A	OZ184073.1	583	76	457	532	285605425	285605652	88.158	2.46e-33	142
Thamnophis_elegans_C9A	OZ184073.1	583	75	276	350	285648325	285648549	82.667	3.94e-32	138
Thamnophis_elegans_C9A	OZ184073.1	583	77	456	532	285653555	285653785	81.818	1.22e-31	136
Thamnophis_elegans_C9A	OZ184073.1	583	66	396	461	285603129	285603326	77.273	4.51e-23	110
Thamnophis_elegans_C9A	OZ184073.1	583	52	532	583	285608333	285608488	82.692	4.78e-20	100
Thamnophis_elegans_C9A	OZ184073.1	583	50	107	156	285583383	285583532	94.000	1.16e-19	99.4
Thamnophis_elegans_C9A	OZ184073.1	583	82	196	277	285590632	285590877	59.756	4.34e-19	97.4
Thamnophis_elegans_C9A	OZ184073.1	583	69	400	468	285652036	285652242	63.768	3.46e-18	94.7
Thamnophis_elegans_C9A	OZ184073.1	583	50	107	156	285642801	285642950	88.000	2.31e-17	92.0
Thamnophis_elegans_C9A	OZ184073.1	583	47	157	203	285589111	285589251	85.106	3.82e-17	91.3
Thamnophis_elegans_C9A	OZ184073.1	583	54	54	107	285640929	285641090	77.778	4.87e-17	90.9
Thamnophis_elegans_C9A	OZ184073.1	583	54	54	107	285581105	285581266	75.926	1.41e-16	89.4
Thamnophis_elegans_C9A	OZ184073.1	583	47	157	203	285644468	285644608	80.851	5.67e-16	87.4
Thamnophis_elegans_C9A	OZ184073.1	583	51	533	583	285654342	285654494	66.667	1.43e-12	76.6
Thamnophis_elegans_C9A	OZ184073.1	583	45	26	70	285579281	285579415	73.333	4.31e-12	75.1
Thamnophis_elegans_C9A	OZ184073.1	583	77	199	271	285645985	285646203	49.351	9.23e-11	70.9
Thamnophis_elegans_C9A	OZ184073.1	583	45	26	70	285640239	285640373	60.000	3.23e-08	62.4
Thamnophis_elegans_C9A	OZ184073.1	583	82	322	395	285595376	285595603	47.561	1.29e-07	60.5
Thamnophis_elegans_C9A	OZ184073.1	583	52	533	583	284816302	284816457	51.923	1.37e-07	60.5
Thamnophis_elegans_C9A	OZ184073.1	583	40	535	573	284768384	284768503	60.000	4.24e-07	58.9
Thamnophis_elegans_C9A	OZ184073.1	583	67	277	343	284753126	284753326	38.806	4.33e-06	55.5
Thamnophis_elegans_C9A	OZ184073.1	583	54	530	583	284852481	284852320	44.444	6.19e-06	55.1
Thamnophis_elegans_C9A	OZ184077.1	583	91	264	354	70845819	70846091	32.967	6.67e-08	61.6
Thamnophis_elegans_C9A	OZ184077.1	583	50	530	579	70888514	70888371	56.000	3.12e-07	59.3
Thamnophis_elegans_C9A	OZ184076.1	583	229	298	514	23264164	23263541	26.201	1.73e-07	60.1
Naja_naja_C9A	OZ184073.1	582	94	274	367	285648319	285648591	79.787	4.78e-39	159
Naja_naja_C9A	OZ184073.1	582	77	455	531	285653555	285653785	90.909	1.50e-36	151
Naja_naja_C9A	OZ184073.1	582	76	456	531	285605425	285605652	89.474	4.40e-35	147
Naja_naja_C9A	OZ184073.1	582	76	198	273	285645982	285646209	89.474	3.10e-33	141
Naja_naja_C9A	OZ184073.1	582	78	276	353	285592296	285592529	80.769	7.72e-33	140
Naja_naja_C9A	OZ184073.1	582	72	396	467	285652027	285652242	79.167	2.96e-24	114
Naja_naja_C9A	OZ184073.1	582	56	527	582	285654327	285654494	89.286	1.47e-23	111
Naja_naja_C9A	OZ184073.1	582	50	107	156	285583383	285583532	94.000	1.83e-20	102
Naja_naja_C9A	OZ184073.1	582	54	54	107	285640929	285641090	79.630	2.15e-19	98.6
Naja_naja_C9A	OZ184073.1	582	47	157	203	285644468	285644608	91.489	3.92e-19	97.8
Naja_naja_C9A	OZ184073.1	582	50	107	156	285642801	285642950	92.000	4.27e-19	97.4
Naja_naja_C9A	OZ184073.1	582	57	400	456	285603144	285603314	75.439	4.58e-18	94.4
Naja_naja_C9A	OZ184073.1	582	52	531	582	285608333	285608488	71.154	2.15e-17	92.0
Naja_naja_C9A	OZ184073.1	582	77	196	272	285590632	285590862	55.844	1.76e-16	89.4
Naja_naja_C9A	OZ184073.1	582	47	157	203	285589111	285589251	80.851	5.64e-16	87.4
Naja_naja_C9A	OZ184073.1	582	54	54	107	285581105	285581266	68.519	3.33e-14	82.0
Naja_naja_C9A	OZ184073.1	582	45	26	70	285579281	285579415	66.667	1.39e-09	67.0
Naja_naja_C9A	OZ184073.1	582	45	26	70	285640239	285640373	64.444	6.43e-09	64.7
Naja_naja_C9A	OZ184073.1	582	69	456	524	284856136	284855933	40.580	2.39e-07	59.7
Naja_naja_C9A	OZ184073.1	582	73	456	528	284761127	284761342	41.096	2.06e-06	56.6
Naja_naja_C9A	OZ184073.1	582	52	527	578	284852487	284852332	50.000	4.47e-06	55.5
Naja_naja_C9A	OZ184073.1	582	67	277	343	284753126	284753326	37.313	6.17e-06	55.1
Naja_naja_C9A	OZ184076.1	582	244	274	515	21095465	21096127	23.361	1.73e-08	63.5
Naja_naja_C9A	OZ184076.1	582	222	298	513	23264164	23263541	24.775	4.81e-08	62.0
Naja_naja_C9A	OZ184077.1	582	76	277	352	70845858	70846085	36.842	4.41e-07	58.9
Naja_naja_C9A	OZ184077.1	582	47	536	582	70871534	70871674	53.191	1.31e-06	57.4
Pseudonaja_textilis_C9A	OZ184073.1	583	94	274	367	285648319	285648591	80.851	6.53e-40	162
Pseudonaja_textilis_C9A	OZ184073.1	583	77	456	532	285653555	285653785	88.312	1.95e-35	148
Pseudonaja_textilis_C9A	OZ184073.1	583	78	276	353	285592296	285592529	84.615	2.95e-34	144
Pseudonaja_textilis_C9A	OZ184073.1	583	76	457	532	285605425	285605652	86.842	6.61e-34	143
Pseudonaja_textilis_C9A	OZ184073.1	583	76	198	273	285645982	285646209	86.842	2.65e-32	138
Pseudonaja_textilis_C9A	OZ184073.1	583	74	395	468	285652021	285652242	79.730	7.56e-26	119
Pseudonaja_textilis_C9A	OZ184073.1	583	56	528	583	285654327	285654494	87.500	6.82e-23	109
Pseudonaja_textilis_C9A	OZ184073.1	583	50	107	156	285583383	285583532	98.000	2.04e-21	104
Pseudonaja_textilis_C9A	OZ184073.1	583	54	54	107	285640929	285641090	79.630	1.17e-19	99.4
Pseudonaja_textilis_C9A	OZ184073.1	583	47	157	203	285644468	285644608	91.489	3.87e-19	97.8
Pseudonaja_textilis_C9A	OZ184073.1	583	50	107	156	285642801	285642950	92.000	5.25e-19	97.4
Pseudonaja_textilis_C9A	OZ184073.1	583	57	401	457	285603144	285603314	75.439	2.04e-18	95.5
Pseudonaja_textilis_C9A	OZ184073.1	583	52	532	583	285608333	285608488	69.231	9.81e-17	90.1
Pseudonaja_textilis_C9A	OZ184073.1	583	47	157	203	285589111	285589251	80.851	5.82e-16	87.4
Pseudonaja_textilis_C9A	OZ184073.1	583	77	196	272	285590632	285590862	54.545	8.29e-16	87.0
Pseudonaja_textilis_C9A	OZ184073.1	583	54	54	107	285581105	285581266	70.370	1.98e-14	82.8
Pseudonaja_textilis_C9A	OZ184073.1	583	45	26	70	285579281	285579415	68.889	3.47e-10	68.9
Pseudonaja_textilis_C9A	OZ184073.1	583	39	26	64	285640239	285640355	74.359	1.41e-09	67.0
Pseudonaja_textilis_C9A	OZ184073.1	583	41	355	395	285650595	285650717	80.488	3.46e-09	65.5
Pseudonaja_textilis_C9A	OZ184073.1	583	71	457	527	284856136	284855927	40.845	1.32e-07	60.5
Pseudonaja_textilis_C9A	OZ184073.1	583	56	528	583	284852487	284852320	48.214	2.08e-06	56.6
Pseudonaja_textilis_C9A	OZ184073.1	583	73	457	529	284761127	284761342	38.356	9.56e-06	54.3
Pseudonaja_textilis_C9A	OZ184076.1	583	222	298	514	23264164	23263541	25.225	9.60e-10	67.4
Pseudonaja_textilis_C9A	OZ184076.1	583	245	274	516	21095465	21096127	23.673	9.55e-09	64.3
Pseudonaja_textilis_C9A	OZ184077.1	583	76	277	352	70845858	70846085	36.842	2.75e-07	59.3
Pseudonaja_textilis_C9A	OZ184077.1	583	43	537	579	70871534	70871662	53.488	2.81e-06	56.2
Python_bivittatus_C9A	OZ184073.1	582	81	274	354	285592290	285592532	85.185	1.68e-36	151
Python_bivittatus_C9A	OZ184073.1	582	92	276	367	285648325	285648591	67.391	4.88e-32	137
Python_bivittatus_C9A	OZ184073.1	582	90	453	542	285653546	285653815	72.222	8.69e-32	137
Python_bivittatus_C9A	OZ184073.1	582	74	459	532	285605431	285605652	83.784	4.48e-31	135
Python_bivittatus_C9A	OZ184073.1	582	62	396	457	285603129	285603314	80.645	1.27e-21	105
Python_bivittatus_C9A	OZ184073.1	582	77	196	272	285590632	285590862	63.636	1.23e-20	102
Python_bivittatus_C9A	OZ184073.1	582	50	107	156	285583383	285583532	92.000	5.71e-20	100
Python_bivittatus_C9A	OZ184073.1	582	47	157	203	285644468	285644608	87.234	3.72e-18	94.7
Python_bivittatus_C9A	OZ184073.1	582	68	401	468	285652039	285652242	67.647	7.20e-18	93.6
Python_bivittatus_C9A	OZ184073.1	582	48	535	582	285654351	285654494	81.250	1.45e-17	92.8
Python_bivittatus_C9A	OZ184073.1	582	47	157	203	285589111	285589251	82.979	6.85e-17	90.5
Python_bivittatus_C9A	OZ184073.1	582	52	532	582	285608333	285608488	76.923	8.72e-17	90.1
Python_bivittatus_C9A	OZ184073.1	582	50	107	156	285642801	285642950	84.000	2.22e-16	89.0
Python_bivittatus_C9A	OZ184073.1	582	54	54	107	285581105	285581266	68.519	1.36e-14	83.2
Python_bivittatus_C9A	OZ184073.1	582	54	54	107	285640929	285641090	64.815	2.46e-13	79.0
Python_bivittatus_C9A	OZ184073.1	582	75	198	272	285645982	285646206	53.333	3.94e-12	75.1
Python_bivittatus_C9A	OZ184073.1	582	45	26	70	285579281	285579415	71.111	3.13e-11	72.4
Python_bivittatus_C9A	OZ184073.1	582	45	26	70	285640239	285640373	60.000	3.51e-08	62.4
Python_bivittatus_C9A	OZ184073.1	582	75	451	525	284856154	284855933	38.667	7.17e-07	58.2
Python_bivittatus_C9A	OZ184073.1	582	47	529	574	284816293	284816433	57.447	8.72e-07	57.8
Python_bivittatus_C9A	OZ184073.1	582	46	529	574	284852481	284852344	54.348	5.67e-06	55.1
Python_bivittatus_C9A	OZ184076.1	582	228	298	514	23264164	23263541	27.632	4.30e-11	72.0
Python_bivittatus_C9A	OZ184076.1	582	252	275	516	21095462	21096127	25.000	8.96e-09	64.3
Python_bivittatus_C9A	OZ184077.1	582	79	277	355	70845858	70846094	36.709	2.79e-08	62.8
Python_bivittatus_C9A	OZ184077.1	582	41	536	576	70871534	70871656	58.537	7.87e-07	58.2
Python_bivittatus_C9A	OZ184077.1	582	75	450	523	70865365	70865589	37.333	2.85e-06	56.2
Notechis_scutatus_C9A	OZ184073.1	583	94	274	367	285648319	285648591	80.851	8.52e-40	161
Notechis_scutatus_C9A	OZ184073.1	583	77	456	532	285653555	285653785	87.013	1.35e-34	145
Notechis_scutatus_C9A	OZ184073.1	583	78	276	353	285592296	285592529	84.615	3.35e-34	144
Notechis_scutatus_C9A	OZ184073.1	583	76	198	273	285645982	285646209	89.474	3.50e-33	141
Notechis_scutatus_C9A	OZ184073.1	583	76	457	532	285605425	285605652	85.526	5.07e-33	140
Notechis_scutatus_C9A	OZ184073.1	583	74	395	468	285652021	285652242	79.730	1.02e-25	118
Notechis_scutatus_C9A	OZ184073.1	583	56	528	583	285654327	285654494	87.500	7.58e-23	109
Notechis_scutatus_C9A	OZ184073.1	583	50	107	156	285583383	285583532	96.000	9.84e-21	102
Notechis_scutatus_C9A	OZ184073.1	583	54	54	107	285640929	285641090	81.481	5.90e-20	100
Notechis_scutatus_C9A	OZ184073.1	583	50	107	156	285642801	285642950	94.000	2.09e-19	98.6
Notechis_scutatus_C9A	OZ184073.1	583	47	157	203	285644468	285644608	91.489	3.87e-19	97.8
Notechis_scutatus_C9A	OZ184073.1	583	60	398	457	285603135	285603314	73.333	1.01e-18	96.3
Notechis_scutatus_C9A	OZ184073.1	583	52	532	583	285608333	285608488	69.231	1.02e-16	90.1
Notechis_scutatus_C9A	OZ184073.1	583	77	196	272	285590632	285590862	55.844	1.93e-16	89.0
Notechis_scutatus_C9A	OZ184073.1	583	47	157	203	285589111	285589251	80.851	5.29e-16	87.8
Notechis_scutatus_C9A	OZ184073.1	583	54	54	107	285581105	285581266	70.370	1.81e-14	82.8
Notechis_scutatus_C9A	OZ184073.1	583	45	26	70	285579281	285579415	68.889	3.50e-10	68.9
Notechis_scutatus_C9A	OZ184073.1	583	39	26	64	285640239	285640355	74.359	1.40e-09	67.0
Notechis_scutatus_C9A	OZ184073.1	583	41	355	395	285650595	285650717	80.488	3.37e-09	65.9
Notechis_scutatus_C9A	OZ184073.1	583	71	457	527	284856136	284855927	40.845	2.20e-07	59.7
Notechis_scutatus_C9A	OZ184073.1	583	51	533	583	284852472	284852320	50.980	2.23e-06	56.6
Notechis_scutatus_C9A	OZ184076.1	583	222	298	514	23264164	23263541	25.225	6.94e-10	67.8
Notechis_scutatus_C9A	OZ184076.1	583	245	274	516	21095465	21096127	23.673	9.46e-09	64.3
Notechis_scutatus_C9A	OZ184077.1	583	76	277	352	70845858	70846085	36.842	2.61e-07	59.7
Notechis_scutatus_C9A	OZ184077.1	583	43	537	579	70871534	70871662	53.488	2.62e-06	56.2
Hydrophis_cyanocinctus_C9A	OZ184073.1	583	94	274	367	285648319	285648591	80.851	7.16e-40	161
Hydrophis_cyanocinctus_C9A	OZ184073.1	583	80	274	353	285592290	285592529	83.750	2.44e-34	145
Hydrophis_cyanocinctus_C9A	OZ184073.1	583	77	456	532	285653555	285653785	85.714	6.32e-34	143
Hydrophis_cyanocinctus_C9A	OZ184073.1	583	76	198	273	285645982	285646209	89.474	5.60e-33	140
Hydrophis_cyanocinctus_C9A	OZ184073.1	583	76	457	532	285605425	285605652	84.211	2.02e-32	139
Hydrophis_cyanocinctus_C9A	OZ184073.1	583	72	397	468	285652027	285652242	77.778	2.19e-23	111
Hydrophis_cyanocinctus_C9A	OZ184073.1	583	56	528	583	285654327	285654494	87.500	8.49e-23	109
Hydrophis_cyanocinctus_C9A	OZ184073.1	583	50	107	156	285583383	285583532	96.000	9.10e-21	102
Hydrophis_cyanocinctus_C9A	OZ184073.1	583	54	54	107	285640929	285641090	81.481	6.05e-20	100
Hydrophis_cyanocinctus_C9A	OZ184073.1	583	47	157	203	285644468	285644608	93.617	1.61e-19	99.0
Hydrophis_cyanocinctus_C9A	OZ184073.1	583	50	107	156	285642801	285642950	94.000	2.18e-19	98.6
Hydrophis_cyanocinctus_C9A	OZ184073.1	583	60	398	457	285603135	285603314	71.667	8.61e-18	93.6
Hydrophis_cyanocinctus_C9A	OZ184073.1	583	52	532	583	285608333	285608488	69.231	1.02e-16	90.1
Hydrophis_cyanocinctus_C9A	OZ184073.1	583	47	157	203	285589111	285589251	80.851	3.44e-16	88.2
Hydrophis_cyanocinctus_C9A	OZ184073.1	583	77	196	272	285590632	285590862	55.844	3.53e-16	88.2
Hydrophis_cyanocinctus_C9A	OZ184073.1	583	54	54	107	285581105	285581266	70.370	1.93e-14	82.8
Hydrophis_cyanocinctus_C9A	OZ184073.1	583	42	355	396	285650595	285650720	85.714	2.03e-11	72.8
Hydrophis_cyanocinctus_C9A	OZ184073.1	583	45	26	70	285579281	285579415	68.889	3.53e-10	68.9
Hydrophis_cyanocinctus_C9A	OZ184073.1	583	39	26	64	285640239	285640355	74.359	1.46e-09	67.0
Hydrophis_cyanocinctus_C9A	OZ184073.1	583	71	457	527	284856136	284855927	40.845	2.30e-07	59.7
Hydrophis_cyanocinctus_C9A	OZ184073.1	583	51	533	583	284852472	284852320	50.980	2.19e-06	56.6
Hydrophis_cyanocinctus_C9A	OZ184073.1	583	73	457	529	284761127	284761342	38.356	9.31e-06	54.7
Hydrophis_cyanocinctus_C9A	OZ184076.1	583	222	298	514	23264164	23263541	25.225	1.77e-10	69.7
Hydrophis_cyanocinctus_C9A	OZ184076.1	583	233	286	516	21095486	21096127	23.605	8.62e-09	64.3
Hydrophis_cyanocinctus_C9A	OZ184077.1	583	89	264	352	70845819	70846085	34.831	1.32e-07	60.5
Hydrophis_cyanocinctus_C9A	OZ184077.1	583	43	537	579	70871534	70871662	53.488	2.62e-06	56.2
Laticauda_colubrina_C9A	OZ184073.1	583	94	274	367	285648319	285648591	81.915	2.61e-40	163
Laticauda_colubrina_C9A	OZ184073.1	583	77	456	532	285653555	285653785	87.013	1.56e-34	145
Laticauda_colubrina_C9A	OZ184073.1	583	78	276	353	285592296	285592529	84.615	1.81e-34	145
Laticauda_colubrina_C9A	OZ184073.1	583	76	457	532	285605425	285605652	85.526	5.21e-33	140
Laticauda_colubrina_C9A	OZ184073.1	583	76	198	273	285645982	285646209	88.158	9.99e-33	140
Laticauda_colubrina_C9A	OZ184073.1	583	72	397	468	285652027	285652242	81.944	2.21e-25	117
Laticauda_colubrina_C9A	OZ184073.1	583	56	528	583	285654327	285654494	85.714	1.94e-22	108
Laticauda_colubrina_C9A	OZ184073.1	583	50	107	156	285583383	285583532	94.000	2.28e-20	101
Laticauda_colubrina_C9A	OZ184073.1	583	47	157	203	285644468	285644608	91.489	4.65e-19	97.4
Laticauda_colubrina_C9A	OZ184073.1	583	50	107	156	285642801	285642950	92.000	5.16e-19	97.4
Laticauda_colubrina_C9A	OZ184073.1	583	54	54	107	285640929	285641090	79.630	5.88e-19	97.1
Laticauda_colubrina_C9A	OZ184073.1	583	57	401	457	285603144	285603314	77.193	9.57e-19	96.3
Laticauda_colubrina_C9A	OZ184073.1	583	52	532	583	285608333	285608488	67.308	3.41e-16	88.2
Laticauda_colubrina_C9A	OZ184073.1	583	47	157	203	285589111	285589251	80.851	6.46e-16	87.4
Laticauda_colubrina_C9A	OZ184073.1	583	77	196	272	285590632	285590862	54.545	7.81e-16	87.0
Laticauda_colubrina_C9A	OZ184073.1	583	54	54	107	285581105	285581266	70.370	7.24e-14	80.9
Laticauda_colubrina_C9A	OZ184073.1	583	45	26	70	285579281	285579415	68.889	5.66e-10	68.2
Laticauda_colubrina_C9A	OZ184073.1	583	45	26	70	285640239	285640373	66.667	2.31e-09	66.2
Laticauda_colubrina_C9A	OZ184073.1	583	42	355	396	285650595	285650720	76.190	8.05e-09	64.3
Laticauda_colubrina_C9A	OZ184073.1	583	71	457	527	284856136	284855927	40.845	1.21e-07	60.5
Laticauda_colubrina_C9A	OZ184073.1	583	51	533	583	284852472	284852320	50.980	2.19e-06	56.6
Laticauda_colubrina_C9A	OZ184073.1	583	73	457	529	284761127	284761342	38.356	9.39e-06	54.3
Laticauda_colubrina_C9A	OZ184076.1	583	222	298	514	23264164	23263541	24.324	3.09e-09	65.9
Laticauda_colubrina_C9A	OZ184076.1	583	245	274	516	21095465	21096127	23.673	9.54e-08	60.8
Laticauda_colubrina_C9A	OZ184077.1	583	76	277	352	70845858	70846085	36.842	2.70e-07	59.7
Laticauda_colubrina_C9A	OZ184077.1	583	43	537	579	70871534	70871662	53.488	2.78e-06	56.2
Protobothrops_mucrosquamatus_C9A	OZ184073.1	583	81	274	354	285592290	285592532	88.889	6.54e-38	155
Protobothrops_mucrosquamatus_C9A	OZ184073.1	583	76	457	532	285605425	285605652	89.474	1.85e-35	148
Protobothrops_mucrosquamatus_C9A	OZ184073.1	583	77	456	532	285653555	285653785	87.013	4.11e-35	147
Protobothrops_mucrosquamatus_C9A	OZ184073.1	583	92	276	367	285648325	285648591	69.565	3.86e-33	141
Protobothrops_mucrosquamatus_C9A	OZ184073.1	583	88	199	286	285590641	285590904	65.909	2.64e-24	114
Protobothrops_mucrosquamatus_C9A	OZ184073.1	583	62	396	457	285603129	285603314	77.419	1.28e-20	102
Protobothrops_mucrosquamatus_C9A	OZ184073.1	583	50	107	156	285583383	285583532	92.000	2.53e-20	101
Protobothrops_mucrosquamatus_C9A	OZ184073.1	583	47	157	203	285589111	285589251	93.617	1.08e-19	99.4
Protobothrops_mucrosquamatus_C9A	OZ184073.1	583	52	532	583	285608333	285608488	78.846	1.50e-19	99.0
Protobothrops_mucrosquamatus_C9A	OZ184073.1	583	65	404	468	285652048	285652242	73.846	5.53e-19	97.1
Protobothrops_mucrosquamatus_C9A	OZ184073.1	583	54	54	107	285640929	285641090	77.778	2.47e-18	95.1
Protobothrops_mucrosquamatus_C9A	OZ184073.1	583	54	54	107	285581105	285581266	74.074	4.50e-17	91.3
Protobothrops_mucrosquamatus_C9A	OZ184073.1	583	47	157	203	285644468	285644608	82.979	5.59e-17	90.9
Protobothrops_mucrosquamatus_C9A	OZ184073.1	583	50	107	156	285642801	285642950	82.000	1.99e-16	89.0
Protobothrops_mucrosquamatus_C9A	OZ184073.1	583	51	533	583	285654342	285654494	78.431	2.43e-16	88.6
Protobothrops_mucrosquamatus_C9A	OZ184073.1	583	78	199	272	285645985	285646206	53.846	7.89e-13	77.4
Protobothrops_mucrosquamatus_C9A	OZ184073.1	583	45	26	70	285579281	285579415	68.889	1.07e-10	70.5
Protobothrops_mucrosquamatus_C9A	OZ184073.1	583	42	354	395	285595478	285595603	73.810	2.08e-10	69.7
Protobothrops_mucrosquamatus_C9A	OZ184073.1	583	52	528	579	284852487	284852332	51.923	9.63e-08	60.8
Protobothrops_mucrosquamatus_C9A	OZ184073.1	583	79	277	355	284753126	284753362	34.177	2.07e-07	59.7
Protobothrops_mucrosquamatus_C9A	OZ184073.1	583	45	26	70	285640239	285640373	57.778	2.91e-07	59.3
Protobothrops_mucrosquamatus_C9A	OZ184073.1	583	44	533	575	284816302	284816433	63.636	3.61e-07	58.9
Protobothrops_mucrosquamatus_C9A	OZ184073.1	583	69	457	525	284856136	284855933	42.029	4.06e-07	58.9
Protobothrops_mucrosquamatus_C9A	OZ184073.1	583	79	277	355	284808975	284809211	31.646	3.11e-06	56.2
Protobothrops_mucrosquamatus_C9A	OZ184076.1	583	228	298	514	23264164	23263541	28.509	6.04e-13	77.8
Protobothrops_mucrosquamatus_C9A	OZ184077.1	583	79	277	355	70845858	70846094	34.177	3.12e-08	62.4
Protobothrops_mucrosquamatus_C9A	OZ184077.1	583	47	537	583	70871534	70871674	51.064	3.67e-07	58.9
Protobothrops_mucrosquamatus_C9A	OZ184077.1	583	52	529	579	70888517	70888371	57.692	3.99e-07	58.9
Protobothrops_mucrosquamatus_C9A	OZ184077.1	583	78	277	354	70902401	70902168	29.487	4.92e-06	55.5
Chrysopelea_ornata_C9A	OZ184073.1	584	81	274	354	285592290	285592532	93.827	9.91e-39	158
Chrysopelea_ornata_C9A	OZ184073.1	584	76	458	533	285605425	285605652	92.105	8.95e-37	152
Chrysopelea_ornata_C9A	OZ184073.1	584	77	457	533	285653555	285653785	85.714	4.57e-35	147
Chrysopelea_ornata_C9A	OZ184073.1	584	77	276	352	285648325	285648555	84.416	3.51e-33	141
Chrysopelea_ornata_C9A	OZ184073.1	584	82	196	277	285590632	285590877	74.390	6.57e-29	128
Chrysopelea_ornata_C9A	OZ184073.1	584	62	397	458	285603129	285603314	88.710	1.41e-24	114
Chrysopelea_ornata_C9A	OZ184073.1	584	50	107	156	285583383	285583532	98.000	1.08e-21	105
Chrysopelea_ornata_C9A	OZ184073.1	584	52	533	584	285608333	285608488	82.692	2.37e-20	101
Chrysopelea_ornata_C9A	OZ184073.1	584	69	401	469	285652036	285652242	65.217	2.83e-18	95.1
Chrysopelea_ornata_C9A	OZ184073.1	584	47	157	203	285644468	285644608	87.234	4.68e-18	94.4
Chrysopelea_ornata_C9A	OZ184073.1	584	50	107	156	285642801	285642950	88.000	8.08e-18	93.6
Chrysopelea_ornata_C9A	OZ184073.1	584	95	16	107	285581012	285581266	52.632	1.37e-17	92.8
Chrysopelea_ornata_C9A	OZ184073.1	584	54	54	107	285640929	285641090	74.074	6.68e-17	90.5
Chrysopelea_ornata_C9A	OZ184073.1	584	47	157	203	285589111	285589251	80.851	5.75e-16	87.4
Chrysopelea_ornata_C9A	OZ184073.1	584	75	198	272	285645982	285646206	56.000	2.79e-15	85.5
Chrysopelea_ornata_C9A	OZ184073.1	584	51	534	584	285654342	285654494	66.667	3.23e-12	75.5
Chrysopelea_ornata_C9A	OZ184073.1	584	45	26	70	285579281	285579415	64.444	7.03e-10	67.8
Chrysopelea_ornata_C9A	OZ184073.1	584	45	26	70	285640239	285640373	62.222	8.57e-09	64.3
Chrysopelea_ornata_C9A	OZ184073.1	584	56	529	584	284852487	284852320	48.214	5.68e-07	58.5
Chrysopelea_ornata_C9A	OZ184073.1	584	79	277	355	284753126	284753362	34.177	1.04e-06	57.8
Chrysopelea_ornata_C9A	OZ184073.1	584	69	458	526	284856136	284855933	40.580	2.14e-06	56.6
Chrysopelea_ornata_C9A	OZ184073.1	584	52	534	584	284816302	284816457	50.000	3.31e-06	55.8
Chrysopelea_ornata_C9A	OZ184073.1	584	46	530	574	284768366	284768503	54.348	6.99e-06	55.1
Chrysopelea_ornata_C9A	OZ184073.1	584	82	277	358	284808975	284809220	31.707	7.18e-06	54.7
Chrysopelea_ornata_C9A	OZ184076.1	584	228	298	515	23264164	23263541	27.632	2.80e-11	72.4
Chrysopelea_ornata_C9A	OZ184077.1	584	81	277	357	70845858	70846100	37.037	5.99e-09	64.7
Chrysopelea_ornata_C9A	OZ184077.1	584	51	530	580	70888517	70888371	52.941	2.91e-06	56.2
Pituophis_catenifer_C9A	OZ184073.1	583	94	274	367	285648319	285648591	81.915	2.68e-40	163
Pituophis_catenifer_C9A	OZ184073.1	583	76	457	532	285605425	285605652	90.789	1.58e-35	148
Pituophis_catenifer_C9A	OZ184073.1	583	77	277	353	285592299	285592529	88.312	4.11e-35	147
Pituophis_catenifer_C9A	OZ184073.1	583	77	456	532	285653555	285653785	84.416	8.22e-34	143
Pituophis_catenifer_C9A	OZ184073.1	583	75	198	272	285590638	285590862	76.000	6.92e-27	122
Pituophis_catenifer_C9A	OZ184073.1	583	50	107	156	285583383	285583532	96.000	4.64e-21	103
Pituophis_catenifer_C9A	OZ184073.1	583	57	401	457	285603144	285603314	85.965	7.91e-21	103
Pituophis_catenifer_C9A	OZ184073.1	583	54	54	107	285640929	285641090	85.185	1.40e-20	102
Pituophis_catenifer_C9A	OZ184073.1	583	52	532	583	285608333	285608488	82.692	2.22e-20	101
Pituophis_catenifer_C9A	OZ184073.1	583	72	397	468	285652027	285652242	68.056	1.39e-19	99.0
Pituophis_catenifer_C9A	OZ184073.1	583	47	157	203	285589111	285589251	87.234	9.89e-18	93.2
Pituophis_catenifer_C9A	OZ184073.1	583	47	157	203	285644468	285644608	85.106	3.57e-17	91.3
Pituophis_catenifer_C9A	OZ184073.1	583	50	107	156	285642801	285642950	86.000	4.09e-17	91.3
Pituophis_catenifer_C9A	OZ184073.1	583	54	54	107	285581105	285581266	74.074	2.50e-15	85.5
Pituophis_catenifer_C9A	OZ184073.1	583	76	198	273	285645982	285646209	53.947	5.92e-15	84.3
Pituophis_catenifer_C9A	OZ184073.1	583	51	533	583	285654342	285654494	68.627	5.64e-13	77.8
Pituophis_catenifer_C9A	OZ184073.1	583	45	26	70	285579281	285579415	77.778	1.00e-12	77.0
Pituophis_catenifer_C9A	OZ184073.1	583	41	355	395	285595481	285595603	78.049	1.30e-09	67.0
Pituophis_catenifer_C9A	OZ184073.1	583	45	26	70	285640239	285640373	64.444	7.45e-09	64.7
Pituophis_catenifer_C9A	OZ184073.1	583	69	457	525	284761127	284761330	46.377	2.68e-07	59.7
Pituophis_catenifer_C9A	OZ184073.1	583	56	528	583	284852487	284852320	46.429	6.17e-07	58.2
Pituophis_catenifer_C9A	OZ184073.1	583	46	529	573	284768366	284768503	54.348	8.97e-07	57.8
Pituophis_catenifer_C9A	OZ184073.1	583	50	535	583	284816308	284816457	52.000	1.55e-06	57.0
Pituophis_catenifer_C9A	OZ184076.1	583	224	298	516	23264164	23263535	25.893	2.49e-10	69.3
Pituophis_catenifer_C9A	OZ184077.1	583	79	277	355	70845858	70846094	36.709	1.22e-07	60.5
Pituophis_catenifer_C9A	OZ184077.1	583	52	529	580	70888517	70888368	53.846	2.77e-07	59.3
Pituophis_catenifer_C9A	OZ184077.1	583	81	450	529	70865365	70865607	35.802	2.56e-06	56.2
Pituophis_catenifer_C9A	OZ184077.1	583	47	537	583	70871534	70871674	46.809	2.93e-06	56.2
Pantherophis_obsoletus_C9A	OZ184073.1	583	81	274	354	285592290	285592532	96.296	2.05e-41	166
Pantherophis_obsoletus_C9A	OZ184073.1	583	92	276	367	285648325	285648591	73.913	9.77e-36	149
Pantherophis_obsoletus_C9A	OZ184073.1	583	76	457	532	285605425	285605652	90.789	1.38e-35	149
Pantherophis_obsoletus_C9A	OZ184073.1	583	77	456	532	285653555	285653785	84.416	7.04e-34	143
Pantherophis_obsoletus_C9A	OZ184073.1	583	79	199	277	285590641	285590877	77.215	3.28e-28	126
Pantherophis_obsoletus_C9A	OZ184073.1	583	62	396	457	285603129	285603314	90.323	5.36e-25	116
Pantherophis_obsoletus_C9A	OZ184073.1	583	52	532	583	285608333	285608488	84.615	7.06e-21	103
Pantherophis_obsoletus_C9A	OZ184073.1	583	54	54	107	285640929	285641090	87.037	9.42e-21	102
Pantherophis_obsoletus_C9A	OZ184073.1	583	50	107	156	285583383	285583532	90.000	8.07e-20	99.8
Pantherophis_obsoletus_C9A	OZ184073.1	583	47	157	203	285589111	285589251	89.362	1.99e-18	95.5
Pantherophis_obsoletus_C9A	OZ184073.1	583	68	401	468	285652039	285652242	66.176	8.17e-18	93.6
Pantherophis_obsoletus_C9A	OZ184073.1	583	50	107	156	285642801	285642950	82.000	1.45e-16	89.4
Pantherophis_obsoletus_C9A	OZ184073.1	583	45	157	201	285644468	285644602	86.667	2.12e-16	89.0
Pantherophis_obsoletus_C9A	OZ184073.1	583	54	54	107	285581105	285581266	75.926	4.57e-16	87.8
Pantherophis_obsoletus_C9A	OZ184073.1	583	75	198	272	285645982	285646206	54.667	2.96e-14	82.0
Pantherophis_obsoletus_C9A	OZ184073.1	583	51	533	583	285654342	285654494	70.588	1.79e-13	79.7
Pantherophis_obsoletus_C9A	OZ184073.1	583	45	26	70	285579281	285579415	75.556	5.52e-12	74.7
Pantherophis_obsoletus_C9A	OZ184073.1	583	42	354	395	285595478	285595603	78.571	2.71e-10	69.3
Pantherophis_obsoletus_C9A	OZ184073.1	583	45	26	70	285640239	285640373	62.222	4.07e-08	62.0
Pantherophis_obsoletus_C9A	OZ184073.1	583	56	528	583	284852487	284852320	48.214	2.34e-07	59.7
Pantherophis_obsoletus_C9A	OZ184073.1	583	69	457	525	284761127	284761330	46.377	2.65e-07	59.7
Pantherophis_obsoletus_C9A	OZ184073.1	583	79	277	355	284753126	284753362	34.177	5.33e-07	58.5
Pantherophis_obsoletus_C9A	OZ184073.1	583	52	533	583	284816302	284816457	51.923	1.35e-06	57.4
Pantherophis_obsoletus_C9A	OZ184073.1	583	46	529	573	284768366	284768503	54.348	3.11e-06	56.2
Pantherophis_obsoletus_C9A	OZ184076.1	583	230	298	516	23264164	23263535	27.826	3.22e-12	75.5
Pantherophis_obsoletus_C9A	OZ184076.1	583	249	275	514	21095462	21096121	23.695	3.87e-08	62.4
Pantherophis_obsoletus_C9A	OZ184077.1	583	92	264	355	70845819	70846094	33.696	7.20e-09	64.7
Pantherophis_obsoletus_C9A	OZ184077.1	583	52	529	580	70888517	70888368	53.846	2.32e-07	59.7
Pantherophis_obsoletus_C9A	OZ184077.1	583	81	450	529	70865365	70865607	35.802	2.35e-06	56.6
Pantherophis_obsoletus_C9A	OZ184077.1	583	47	537	583	70871534	70871674	46.809	3.08e-06	56.2
Pantherophis_obsoletus_C9A	OZ184077.1	583	82	277	358	70902401	70902156	29.268	4.12e-06	55.8
Bothrops_jararaca_C9A	OZ184073.1	583	81	274	354	285592290	285592532	87.654	2.26e-37	154
Bothrops_jararaca_C9A	OZ184073.1	583	76	457	532	285605425	285605652	89.474	6.13e-35	146
Bothrops_jararaca_C9A	OZ184073.1	583	77	456	532	285653555	285653785	87.013	1.38e-34	145
Bothrops_jararaca_C9A	OZ184073.1	583	77	276	352	285648325	285648555	83.117	1.07e-32	140
Bothrops_jararaca_C9A	OZ184073.1	583	62	396	457	285603129	285603314	82.258	1.55e-23	111
Bothrops_jararaca_C9A	OZ184073.1	583	74	199	272	285590641	285590862	74.324	1.87e-23	111
Bothrops_jararaca_C9A	OZ184073.1	583	47	157	203	285589111	285589251	93.617	1.10e-19	99.4
Bothrops_jararaca_C9A	OZ184073.1	583	52	532	583	285608333	285608488	78.846	1.21e-19	99.4
Bothrops_jararaca_C9A	OZ184073.1	583	69	400	468	285652036	285652242	68.116	6.25e-19	97.1
Bothrops_jararaca_C9A	OZ184073.1	583	54	54	107	285640929	285641090	79.630	1.04e-18	96.3
Bothrops_jararaca_C9A	OZ184073.1	583	50	107	156	285583383	285583532	86.000	1.92e-18	95.5
Bothrops_jararaca_C9A	OZ184073.1	583	54	54	107	285581105	285581266	77.778	3.91e-18	94.4
Bothrops_jararaca_C9A	OZ184073.1	583	47	157	203	285644468	285644608	82.979	4.79e-17	90.9
Bothrops_jararaca_C9A	OZ184073.1	583	51	533	583	285654342	285654494	76.471	8.73e-16	87.0
Bothrops_jararaca_C9A	OZ184073.1	583	50	107	156	285642801	285642950	78.000	3.82e-15	84.7
Bothrops_jararaca_C9A	OZ184073.1	583	74	199	272	285645985	285646206	54.054	1.66e-12	76.3
Bothrops_jararaca_C9A	OZ184073.1	583	42	354	395	285595478	285595603	78.571	2.41e-11	72.8
Bothrops_jararaca_C9A	OZ184073.1	583	45	26	70	285579281	285579415	66.667	3.78e-10	68.9
Bothrops_jararaca_C9A	OZ184073.1	583	81	277	357	284753126	284753368	34.568	1.37e-07	60.5
Bothrops_jararaca_C9A	OZ184073.1	583	52	528	579	284852487	284852332	50.000	2.46e-07	59.7
Bothrops_jararaca_C9A	OZ184073.1	583	45	26	70	285640239	285640373	55.556	1.06e-06	57.4
Bothrops_jararaca_C9A	OZ184073.1	583	44	533	575	284816302	284816433	61.364	3.24e-06	55.8
Bothrops_jararaca_C9A	OZ184073.1	583	79	277	355	284808975	284809211	31.646	5.78e-06	55.1
Bothrops_jararaca_C9A	OZ184073.1	583	69	457	525	284856136	284855933	39.130	9.00e-06	54.7
Bothrops_jararaca_C9A	OZ184076.1	583	228	298	514	23264164	23263541	26.754	3.85e-10	68.9
Bothrops_jararaca_C9A	OZ184076.1	583	250	275	516	21095462	21096127	24.800	9.30e-08	60.8
Bothrops_jararaca_C9A	OZ184077.1	583	82	274	355	70845849	70846094	34.146	5.17e-08	62.0
Bothrops_jararaca_C9A	OZ184077.1	583	47	537	583	70871534	70871674	48.936	1.25e-06	57.4
Bothrops_jararaca_C9A	OZ184077.1	583	51	529	579	70888517	70888371	50.980	3.53e-06	55.8
Ptyas_mucosa_C9A	OZ184073.1	583	81	274	354	285592290	285592532	91.358	1.47e-38	157
Ptyas_mucosa_C9A	OZ184073.1	583	76	457	532	285605425	285605652	90.789	1.17e-35	149
Ptyas_mucosa_C9A	OZ184073.1	583	77	456	532	285653555	285653785	84.416	4.99e-34	144
Ptyas_mucosa_C9A	OZ184073.1	583	77	276	352	285648325	285648555	84.416	1.33e-33	142
Ptyas_mucosa_C9A	OZ184073.1	583	76	198	273	285590638	285590865	75.000	6.56e-27	122
Ptyas_mucosa_C9A	OZ184073.1	583	61	397	457	285603132	285603314	86.885	3.75e-24	113
Ptyas_mucosa_C9A	OZ184073.1	583	50	107	156	285583383	285583532	100.000	5.52e-22	106
Ptyas_mucosa_C9A	OZ184073.1	583	54	54	107	285640929	285641090	87.037	8.48e-21	102
Ptyas_mucosa_C9A	OZ184073.1	583	52	532	583	285608333	285608488	80.769	3.61e-18	94.7
Ptyas_mucosa_C9A	OZ184073.1	583	50	107	156	285642801	285642950	90.000	3.94e-18	94.4
Ptyas_mucosa_C9A	OZ184073.1	583	68	401	468	285652039	285652242	61.765	6.65e-17	90.5
Ptyas_mucosa_C9A	OZ184073.1	583	54	54	107	285581105	285581266	75.926	3.35e-16	88.2
Ptyas_mucosa_C9A	OZ184073.1	583	47	157	203	285589111	285589251	78.723	1.40e-15	86.3
Ptyas_mucosa_C9A	OZ184073.1	583	47	157	203	285644468	285644608	76.596	3.98e-15	84.7
Ptyas_mucosa_C9A	OZ184073.1	583	75	198	272	285645982	285646206	54.667	1.24e-14	83.2
Ptyas_mucosa_C9A	OZ184073.1	583	49	535	583	285654348	285654494	71.429	1.75e-12	76.3
Ptyas_mucosa_C9A	OZ184073.1	583	45	26	70	285579281	285579415	75.556	2.88e-12	75.5
Ptyas_mucosa_C9A	OZ184073.1	583	42	354	395	285595478	285595603	76.190	3.23e-09	65.9
Ptyas_mucosa_C9A	OZ184073.1	583	45	26	70	285640239	285640373	62.222	2.55e-08	62.8
Ptyas_mucosa_C9A	OZ184073.1	583	56	528	583	284852487	284852320	48.214	9.22e-08	60.8
Ptyas_mucosa_C9A	OZ184073.1	583	78	457	534	284856136	284855912	42.308	5.76e-07	58.5
Ptyas_mucosa_C9A	OZ184073.1	583	79	277	355	284753126	284753362	34.177	3.91e-06	55.8
Ptyas_mucosa_C9A	OZ184073.1	583	40	535	573	284768384	284768503	60.000	7.34e-06	54.7
Ptyas_mucosa_C9A	OZ184076.1	583	229	298	514	23264164	23263541	27.511	2.60e-10	69.3
Ptyas_mucosa_C9A	OZ184077.1	583	92	264	355	70845819	70846094	33.696	1.66e-08	63.5
Vipera_berus_C9A	OZ184073.1	583	81	274	354	285592290	285592532	85.185	3.86e-35	147
Vipera_berus_C9A	OZ184073.1	583	76	457	532	285605425	285605652	88.158	5.55e-35	147
Vipera_berus_C9A	OZ184073.1	583	77	456	532	285653555	285653785	85.714	1.20e-34	145
Vipera_berus_C9A	OZ184073.1	583	77	276	352	285648325	285648555	79.221	2.37e-31	135
Vipera_berus_C9A	OZ184073.1	583	79	199	277	285590641	285590877	77.215	2.49e-28	126
Vipera_berus_C9A	OZ184073.1	583	62	396	457	285603129	285603314	82.258	3.95e-23	110
Vipera_berus_C9A	OZ184073.1	583	52	532	583	285608333	285608488	84.615	3.51e-21	104
Vipera_berus_C9A	OZ184073.1	583	69	400	468	285652036	285652242	71.014	7.53e-20	100
Vipera_berus_C9A	OZ184073.1	583	47	157	203	285589111	285589251	91.489	1.33e-19	99.4
Vipera_berus_C9A	OZ184073.1	583	50	107	156	285583383	285583532	88.000	9.24e-19	96.7
Vipera_berus_C9A	OZ184073.1	583	54	54	107	285640929	285641090	79.630	3.37e-18	94.7
Vipera_berus_C9A	OZ184073.1	583	54	54	107	285581105	285581266	77.778	2.68e-17	91.7
Vipera_berus_C9A	OZ184073.1	583	47	157	203	285644468	285644608	80.851	7.13e-17	90.5
Vipera_berus_C9A	OZ184073.1	583	50	107	156	285642801	285642950	80.000	5.72e-16	87.4
Vipera_berus_C9A	OZ184073.1	583	51	533	583	285654342	285654494	74.510	7.61e-16	87.0
Vipera_berus_C9A	OZ184073.1	583	74	199	272	285645985	285646206	56.757	7.28e-15	84.0
Vipera_berus_C9A	OZ184073.1	583	45	26	70	285579281	285579415	71.111	4.46e-11	71.6
Vipera_berus_C9A	OZ184073.1	583	42	354	395	285595478	285595603	78.571	5.30e-11	71.6
Vipera_berus_C9A	OZ184073.1	583	45	26	70	285640239	285640373	60.000	6.34e-08	61.6
Vipera_berus_C9A	OZ184073.1	583	52	528	579	284852487	284852332	51.923	2.42e-07	59.7
Vipera_berus_C9A	OZ184073.1	583	79	277	355	284753126	284753362	34.177	2.72e-07	59.3
Vipera_berus_C9A	OZ184073.1	583	69	457	525	284856136	284855933	40.580	5.61e-07	58.5
Vipera_berus_C9A	OZ184073.1	583	44	533	575	284816302	284816433	61.364	4.68e-06	55.5
Vipera_berus_C9A	OZ184073.1	583	67	277	343	284808975	284809175	35.821	6.04e-06	55.1
Vipera_berus_C9A	OZ184076.1	583	241	285	514	23264197	23263541	26.971	5.34e-11	71.6
Vipera_berus_C9A	OZ184076.1	583	239	286	516	21095486	21096127	22.176	4.42e-07	58.9
Vipera_berus_C9A	OZ184077.1	583	92	264	355	70845819	70846094	31.522	3.26e-07	59.3
Vipera_berus_C9A	OZ184077.1	583	43	537	579	70871534	70871662	53.488	9.85e-07	57.8
Vipera_berus_C9A	OZ184077.1	583	81	274	354	70902410	70902168	29.630	7.03e-06	55.1
Vipera_berus_C9A	OZ184077.1	583	51	529	579	70888517	70888371	52.941	7.53e-06	54.7
Sceloporus_undulatus_C9A	OZ184073.1	591	76	462	537	285605428	285605655	71.053	1.84e-27	124
Sceloporus_undulatus_C9A	OZ184073.1	591	78	281	358	285592299	285592532	66.667	9.61e-27	121
Sceloporus_undulatus_C9A	OZ184073.1	591	78	460	537	285653555	285653788	67.949	1.48e-26	121
Sceloporus_undulatus_C9A	OZ184073.1	591	85	280	364	285648325	285648579	61.176	4.19e-25	116
Sceloporus_undulatus_C9A	OZ184073.1	591	51	537	587	285608336	285608488	60.784	4.84e-12	75.1
Sceloporus_undulatus_C9A	OZ184073.1	591	62	400	461	285603129	285603314	56.452	4.88e-12	75.1
Sceloporus_undulatus_C9A	OZ184073.1	591	50	106	155	285642801	285642950	66.000	6.30e-11	71.2
Sceloporus_undulatus_C9A	OZ184073.1	591	47	156	202	285589111	285589251	59.574	8.35e-11	70.9
Sceloporus_undulatus_C9A	OZ184073.1	591	47	156	202	285644468	285644608	61.702	9.02e-11	70.9
Sceloporus_undulatus_C9A	OZ184073.1	591	65	408	472	285652048	285652242	50.769	1.44e-10	70.1
Sceloporus_undulatus_C9A	OZ184073.1	591	50	106	155	285583383	285583532	64.000	3.69e-10	68.9
Sceloporus_undulatus_C9A	OZ184073.1	591	49	539	587	285654348	285654494	57.143	1.58e-09	66.6
Sceloporus_undulatus_C9A	OZ184073.1	591	52	57	107	285640938	285641093	57.692	9.87e-09	64.3
Sceloporus_undulatus_C9A	OZ184073.1	591	58	534	591	284852481	284852308	48.276	1.34e-08	63.9
Sceloporus_undulatus_C9A	OZ184073.1	591	42	539	579	284816308	284816433	69.048	5.76e-08	61.6
Sceloporus_undulatus_C9A	OZ184073.1	591	82	281	362	284753126	284753371	35.366	6.66e-08	61.6
Sceloporus_undulatus_C9A	OZ184073.1	591	52	57	107	285581114	285581269	51.923	7.83e-08	61.2
Sceloporus_undulatus_C9A	OZ184073.1	591	82	195	276	285590632	285590862	37.805	9.69e-08	60.8
Sceloporus_undulatus_C9A	OZ184073.1	591	46	25	70	285579278	285579415	54.348	1.93e-07	60.1
Sceloporus_undulatus_C9A	OZ184073.1	591	51	528	577	284768351	284768503	52.941	4.34e-07	58.9
Sceloporus_undulatus_C9A	OZ184073.1	591	69	463	531	284856130	284855927	40.580	9.99e-07	57.8
Sceloporus_undulatus_C9A	OZ184073.1	591	40	25	64	285640236	285640355	55.000	1.56e-06	57.0
Sceloporus_undulatus_C9A	OZ184076.1	591	225	302	520	23264164	23263535	26.667	3.36e-10	68.9
Sceloporus_undulatus_C9A	OZ184076.1	591	63	533	591	153306297	153306109	44.444	1.10e-07	60.8
Sceloporus_undulatus_C9A	OZ184076.1	591	253	280	517	21095465	21096157	24.901	3.37e-06	55.8
Sceloporus_undulatus_C9A	OZ184077.1	591	47	541	587	70871534	70871674	51.064	6.87e-07	58.2
Sceloporus_undulatus_C9A	OZ184077.1	591	52	533	584	70888517	70888368	50.000	1.14e-06	57.4
Sceloporus_undulatus_C9A	OZ184077.1	591	78	281	358	70902401	70902168	33.333	1.35e-06	57.4
Sceloporus_undulatus_C9A	OZ184077.1	591	75	454	527	70865365	70865589	34.667	4.66e-06	55.5
Anolis_carolinensis_C9B	OZ184073.1	538	78	280	357	285592296	285592529	65.385	2.43e-25	116
Anolis_carolinensis_C9B	OZ184073.1	538	87	280	366	285648325	285648585	60.920	8.22e-25	115
Anolis_carolinensis_C9B	OZ184073.1	538	68	462	529	285605428	285605631	66.176	1.05e-21	105
Anolis_carolinensis_C9B	OZ184073.1	538	68	462	529	285653561	285653764	64.706	8.84e-21	102
Anolis_carolinensis_C9B	OZ184073.1	538	47	156	202	285589111	285589251	65.957	9.30e-13	77.0
Anolis_carolinensis_C9B	OZ184073.1	538	47	156	202	285644468	285644608	65.957	1.48e-12	76.3
Anolis_carolinensis_C9B	OZ184073.1	538	50	106	155	285642801	285642950	68.000	4.74e-12	74.7
Anolis_carolinensis_C9B	OZ184073.1	538	56	405	460	285603144	285603311	57.143	1.86e-11	72.8
Anolis_carolinensis_C9B	OZ184073.1	538	73	400	472	285652024	285652242	47.945	3.55e-11	72.0
Anolis_carolinensis_C9B	OZ184073.1	538	50	106	155	285583383	285583532	68.000	7.64e-11	70.9
Anolis_carolinensis_C9B	OZ184073.1	538	71	462	532	284856133	284855924	42.254	8.26e-09	64.3
Anolis_carolinensis_C9B	OZ184073.1	538	52	57	107	285640938	285641093	55.769	1.45e-08	63.5
Anolis_carolinensis_C9B	OZ184073.1	538	52	57	107	285581114	285581269	53.846	5.52e-08	61.6
Anolis_carolinensis_C9B	OZ184073.1	538	79	281	359	284753126	284753362	35.443	8.54e-08	60.8
Anolis_carolinensis_C9B	OZ184073.1	538	46	25	70	285579278	285579415	47.826	1.65e-06	56.6
Anolis_carolinensis_C9B	OZ184073.1	538	87	195	281	285590632	285590877	36.782	4.16e-06	55.5
Anolis_carolinensis_C9B	OZ184073.1	538	48	17	64	285640224	285640355	45.833	7.69e-06	54.7
Anolis_carolinensis_C9B	OZ184076.1	538	224	302	518	23264164	23263541	27.679	4.34e-08	62.0
Anolis_carolinensis_C9B	OZ184076.1	538	273	280	538	21095471	21096211	27.839	9.06e-08	60.8
Anolis_carolinensis_C9B	OZ184077.1	538	77	281	357	70902401	70902171	35.065	6.95e-08	61.2
Anolis_carolinensis_C9B	OZ184077.1	538	74	281	354	70845858	70846079	36.486	3.18e-07	58.9
Hydrophis_cyanocinctus_C9B	OZ184073.1	582	81	273	353	285592290	285592532	91.358	8.01e-40	161
Hydrophis_cyanocinctus_C9B	OZ184073.1	582	76	456	531	285605425	285605652	89.474	3.84e-35	147
Hydrophis_cyanocinctus_C9B	OZ184073.1	582	77	455	531	285653555	285653785	85.714	9.44e-35	146
Hydrophis_cyanocinctus_C9B	OZ184073.1	582	77	275	351	285648325	285648555	81.818	1.66e-33	142
Hydrophis_cyanocinctus_C9B	OZ184073.1	582	79	198	276	285590641	285590877	74.684	5.32e-25	116
Hydrophis_cyanocinctus_C9B	OZ184073.1	582	60	397	456	285603135	285603314	85.000	6.30e-23	109
Hydrophis_cyanocinctus_C9B	OZ184073.1	582	50	106	155	285583383	285583532	100.000	3.56e-22	107
Hydrophis_cyanocinctus_C9B	OZ184073.1	582	52	531	582	285608333	285608488	80.769	1.39e-19	99.0
Hydrophis_cyanocinctus_C9B	OZ184073.1	582	50	106	155	285642801	285642950	90.000	2.41e-18	95.1
Hydrophis_cyanocinctus_C9B	OZ184073.1	582	54	53	106	285581105	285581266	77.778	2.44e-17	92.0
Hydrophis_cyanocinctus_C9B	OZ184073.1	582	66	402	467	285652045	285652242	63.636	2.55e-17	92.0
Hydrophis_cyanocinctus_C9B	OZ184073.1	582	47	156	202	285589111	285589251	85.106	2.86e-17	91.7
Hydrophis_cyanocinctus_C9B	OZ184073.1	582	75	197	271	285645982	285646206	58.667	3.83e-15	84.7
Hydrophis_cyanocinctus_C9B	OZ184073.1	582	54	53	106	285640929	285641090	68.519	1.63e-14	82.8
Hydrophis_cyanocinctus_C9B	OZ184073.1	582	47	156	202	285644468	285644608	74.468	2.46e-14	82.4
Hydrophis_cyanocinctus_C9B	OZ184073.1	582	49	534	582	285654348	285654494	67.347	2.04e-12	76.3
Hydrophis_cyanocinctus_C9B	OZ184073.1	582	38	25	62	285579281	285579394	76.316	9.85e-09	64.3
Hydrophis_cyanocinctus_C9B	OZ184073.1	582	45	353	397	285595478	285595609	71.111	1.50e-08	63.5
Hydrophis_cyanocinctus_C9B	OZ184073.1	582	74	456	529	284761127	284761345	43.243	1.71e-07	60.1
Hydrophis_cyanocinctus_C9B	OZ184073.1	582	69	456	524	284856136	284855933	42.029	2.27e-07	59.7
Hydrophis_cyanocinctus_C9B	OZ184073.1	582	56	527	582	284852487	284852320	46.429	7.05e-07	58.2
Hydrophis_cyanocinctus_C9B	OZ184073.1	582	79	276	354	284753126	284753362	32.911	4.28e-06	55.5
Hydrophis_cyanocinctus_C9B	OZ184076.1	582	228	297	513	23264164	23263541	26.316	1.68e-09	66.6
Hydrophis_cyanocinctus_C9B	OZ184077.1	582	79	276	354	70845858	70846094	32.911	2.98e-07	59.3
Hydrophis_cyanocinctus_C9B	OZ184077.1	582	82	276	357	70902401	70902156	30.488	4.39e-06	55.5
Bothrops_jararaca_C9B	OZ184073.1	583	81	274	354	285592290	285592532	87.654	2.41e-37	154
Bothrops_jararaca_C9B	OZ184073.1	583	76	457	532	285605425	285605652	89.474	6.90e-35	146
Bothrops_jararaca_C9B	OZ184073.1	583	77	456	532	285653555	285653785	87.013	1.39e-34	145
Bothrops_jararaca_C9B	OZ184073.1	583	92	276	367	285648325	285648591	70.652	7.69e-33	140
Bothrops_jararaca_C9B	OZ184073.1	583	77	196	272	285590632	285590862	71.429	6.15e-24	112
Bothrops_jararaca_C9B	OZ184073.1	583	62	396	457	285603129	285603314	85.484	1.12e-23	112
Bothrops_jararaca_C9B	OZ184073.1	583	50	107	156	285583383	285583532	92.000	2.57e-20	101
Bothrops_jararaca_C9B	OZ184073.1	583	69	400	468	285652036	285652242	71.014	4.09e-20	100
Bothrops_jararaca_C9B	OZ184073.1	583	47	157	203	285589111	285589251	95.745	4.16e-20	100
Bothrops_jararaca_C9B	OZ184073.1	583	54	54	107	285640929	285641090	81.481	2.28e-19	98.6
Bothrops_jararaca_C9B	OZ184073.1	583	52	532	583	285608333	285608488	76.923	6.19e-19	97.1
Bothrops_jararaca_C9B	OZ184073.1	583	54	54	107	285581105	285581266	79.630	1.10e-18	96.3
Bothrops_jararaca_C9B	OZ184073.1	583	47	157	203	285644468	285644608	85.106	1.71e-17	92.4
Bothrops_jararaca_C9B	OZ184073.1	583	50	107	156	285642801	285642950	82.000	2.47e-16	88.6
Bothrops_jararaca_C9B	OZ184073.1	583	51	533	583	285654342	285654494	74.510	3.00e-15	85.1
Bothrops_jararaca_C9B	OZ184073.1	583	74	199	272	285645985	285646206	52.703	7.82e-13	77.4
Bothrops_jararaca_C9B	OZ184073.1	583	42	354	395	285595478	285595603	76.190	9.80e-11	70.9
Bothrops_jararaca_C9B	OZ184073.1	583	45	26	70	285579281	285579415	68.889	2.60e-10	69.3
Bothrops_jararaca_C9B	OZ184073.1	583	79	277	355	284753126	284753362	34.177	3.34e-07	59.3
Bothrops_jararaca_C9B	OZ184073.1	583	45	26	70	285640239	285640373	57.778	7.44e-07	58.2
Bothrops_jararaca_C9B	OZ184073.1	583	52	528	579	284852487	284852332	48.077	9.36e-07	57.8
Bothrops_jararaca_C9B	OZ184073.1	583	44	533	575	284816302	284816433	61.364	3.81e-06	55.8
Bothrops_jararaca_C9B	OZ184073.1	583	79	277	355	284808975	284809211	31.646	5.45e-06	55.1
Bothrops_jararaca_C9B	OZ184073.1	583	69	457	525	284856136	284855933	39.130	9.31e-06	54.7
Bothrops_jararaca_C9B	OZ184076.1	583	228	298	514	23264164	23263541	27.193	7.08e-11	71.2
Bothrops_jararaca_C9B	OZ184077.1	583	82	274	355	70845849	70846094	34.146	5.30e-08	61.6
Bothrops_jararaca_C9B	OZ184077.1	583	47	537	583	70871534	70871674	48.936	2.21e-06	56.6
Bothrops_jararaca_C9B	OZ184077.1	583	51	529	579	70888517	70888371	50.980	3.65e-06	55.8
Laticauda_colubrina_C9B	OZ184073.1	583	79	276	354	285592296	285592532	91.139	3.23e-38	156
Laticauda_colubrina_C9B	OZ184073.1	583	76	457	532	285605425	285605652	89.474	1.95e-35	148
Laticauda_colubrina_C9B	OZ184073.1	583	94	274	367	285648319	285648591	69.149	2.00e-34	145
Laticauda_colubrina_C9B	OZ184073.1	583	77	456	532	285653555	285653785	83.117	1.07e-33	143
Laticauda_colubrina_C9B	OZ184073.1	583	60	398	457	285603135	285603314	90.000	1.67e-23	111
Laticauda_colubrina_C9B	OZ184073.1	583	79	199	277	285590641	285590877	69.620	1.72e-21	105
Laticauda_colubrina_C9B	OZ184073.1	583	50	107	156	285583383	285583532	90.000	2.83e-19	98.2
Laticauda_colubrina_C9B	OZ184073.1	583	52	532	583	285608333	285608488	78.846	3.91e-19	97.8
Laticauda_colubrina_C9B	OZ184073.1	583	46	157	202	285589111	285589248	86.957	1.34e-17	92.8
Laticauda_colubrina_C9B	OZ184073.1	583	50	107	156	285642801	285642950	86.000	2.00e-17	92.0
Laticauda_colubrina_C9B	OZ184073.1	583	66	403	468	285652045	285652242	66.667	2.90e-17	91.7
Laticauda_colubrina_C9B	OZ184073.1	583	54	54	107	285581105	285581266	77.778	5.84e-17	90.9
Laticauda_colubrina_C9B	OZ184073.1	583	54	54	107	285640929	285641090	72.222	6.34e-16	87.4
Laticauda_colubrina_C9B	OZ184073.1	583	45	157	201	285644468	285644602	82.222	1.29e-15	86.3
Laticauda_colubrina_C9B	OZ184073.1	583	73	199	271	285645985	285646203	54.795	2.74e-12	75.9
Laticauda_colubrina_C9B	OZ184073.1	583	51	533	583	285654342	285654494	64.706	4.82e-12	75.1
Laticauda_colubrina_C9B	OZ184073.1	583	38	26	63	285579281	285579394	78.947	8.82e-10	67.4
Laticauda_colubrina_C9B	OZ184073.1	583	43	354	396	285650592	285650720	74.419	3.15e-09	65.9
Laticauda_colubrina_C9B	OZ184073.1	583	79	277	355	284753126	284753362	35.443	1.14e-07	60.8
Laticauda_colubrina_C9B	OZ184073.1	583	69	457	525	284856136	284855933	42.029	4.50e-07	58.9
Laticauda_colubrina_C9B	OZ184073.1	583	84	274	357	284808966	284809217	30.952	2.60e-06	56.2
Laticauda_colubrina_C9B	OZ184073.1	583	38	26	63	285640239	285640352	63.158	4.37e-06	55.5
Laticauda_colubrina_C9B	OZ184076.1	583	222	298	514	23264164	23263541	25.676	1.91e-10	69.7
Laticauda_colubrina_C9B	OZ184076.1	583	237	286	516	21095486	21096127	20.675	9.89e-06	54.3
Laticauda_colubrina_C9B	OZ184077.1	583	81	277	357	70845858	70846100	29.630	2.35e-07	59.7
Laticauda_colubrina_C9B	OZ184077.1	583	81	274	354	70902410	70902168	32.099	8.17e-07	57.8
Pseudonaja_textilis_C9B	OZ184073.1	583	81	274	354	285592290	285592532	93.827	7.01e-41	164
Pseudonaja_textilis_C9B	OZ184073.1	583	76	457	532	285605425	285605652	90.789	1.20e-35	149
Pseudonaja_textilis_C9B	OZ184073.1	583	80	274	353	285648319	285648558	82.500	1.93e-35	148
Pseudonaja_textilis_C9B	OZ184073.1	583	77	456	532	285653555	285653785	87.013	4.42e-35	147
Pseudonaja_textilis_C9B	OZ184073.1	583	62	396	457	285603129	285603314	85.484	3.01e-23	110
Pseudonaja_textilis_C9B	OZ184073.1	583	79	199	277	285590641	285590877	69.620	5.87e-23	109
Pseudonaja_textilis_C9B	OZ184073.1	583	50	107	156	285583383	285583532	98.000	9.50e-22	105
Pseudonaja_textilis_C9B	OZ184073.1	583	47	157	203	285589111	285589251	87.234	2.62e-18	95.1
Pseudonaja_textilis_C9B	OZ184073.1	583	50	107	156	285642801	285642950	88.000	6.99e-18	93.6
Pseudonaja_textilis_C9B	OZ184073.1	583	66	403	468	285652045	285652242	66.667	1.55e-17	92.4
Pseudonaja_textilis_C9B	OZ184073.1	583	54	54	107	285581105	285581266	77.778	1.61e-17	92.4
Pseudonaja_textilis_C9B	OZ184073.1	583	52	532	583	285608333	285608488	71.154	3.65e-16	88.2
Pseudonaja_textilis_C9B	OZ184073.1	583	47	157	203	285644468	285644608	78.723	1.71e-15	85.9
Pseudonaja_textilis_C9B	OZ184073.1	583	54	54	107	285640929	285641090	68.519	9.27e-15	83.6
Pseudonaja_textilis_C9B	OZ184073.1	583	74	199	272	285645985	285646206	52.703	1.56e-11	73.2
Pseudonaja_textilis_C9B	OZ184073.1	583	38	26	63	285579281	285579394	84.211	8.05e-11	70.9
Pseudonaja_textilis_C9B	OZ184073.1	583	48	536	583	285654351	285654494	62.500	3.47e-10	68.9
Pseudonaja_textilis_C9B	OZ184073.1	583	45	354	398	285595478	285595609	68.889	2.38e-08	62.8
Pseudonaja_textilis_C9B	OZ184073.1	583	74	452	525	284856151	284855933	40.541	9.63e-08	60.8
Pseudonaja_textilis_C9B	OZ184073.1	583	54	530	583	284852481	284852320	46.296	3.86e-07	58.9
Pseudonaja_textilis_C9B	OZ184073.1	583	38	26	63	285640239	285640352	68.421	4.13e-07	58.9
Pseudonaja_textilis_C9B	OZ184073.1	583	69	457	525	284761127	284761330	44.928	8.17e-07	57.8
Pseudonaja_textilis_C9B	OZ184073.1	583	78	277	354	284753126	284753359	33.333	1.46e-06	57.0
Pseudonaja_textilis_C9B	OZ184076.1	583	228	298	514	23264164	23263541	27.632	7.58e-11	70.9
Pseudonaja_textilis_C9B	OZ184076.1	583	248	275	516	21095462	21096127	23.790	7.33e-08	61.2
Pseudonaja_textilis_C9B	OZ184077.1	583	78	277	354	70845858	70846091	32.051	1.38e-07	60.5
Pseudonaja_textilis_C9B	OZ184077.1	583	78	277	354	70902401	70902168	30.769	1.16e-06	57.4
Pseudonaja_textilis_C9B	OZ184077.1	583	47	537	583	70871534	70871674	44.681	1.59e-06	57.0
Notechis_scutatus_C9B	OZ184073.1	583	79	276	354	285592296	285592532	92.405	7.21e-39	158
Notechis_scutatus_C9B	OZ184073.1	583	76	457	532	285605425	285605652	92.105	1.58e-36	151
Notechis_scutatus_C9B	OZ184073.1	583	82	451	532	285653540	285653785	82.927	5.70e-35	147
Notechis_scutatus_C9B	OZ184073.1	583	80	274	353	285648319	285648558	80.000	2.92e-34	144
Notechis_scutatus_C9B	OZ184073.1	583	79	199	277	285590641	285590877	74.684	3.32e-25	116
Notechis_scutatus_C9B	OZ184073.1	583	60	398	457	285603135	285603314	83.333	2.78e-22	107
Notechis_scutatus_C9B	OZ184073.1	583	50	107	156	285583383	285583532	100.000	3.23e-22	107
Notechis_scutatus_C9B	OZ184073.1	583	52	532	583	285608333	285608488	80.769	1.68e-19	99.0
Notechis_scutatus_C9B	OZ184073.1	583	47	157	203	285589111	285589251	89.362	1.13e-18	96.3
Notechis_scutatus_C9B	OZ184073.1	583	50	107	156	285642801	285642950	90.000	2.60e-18	95.1
Notechis_scutatus_C9B	OZ184073.1	583	69	400	468	285652036	285652242	60.870	1.16e-17	92.8
Notechis_scutatus_C9B	OZ184073.1	583	54	54	107	285581105	285581266	77.778	2.48e-17	92.0
Notechis_scutatus_C9B	OZ184073.1	583	45	157	201	285644468	285644602	82.222	1.28e-15	86.3
Notechis_scutatus_C9B	OZ184073.1	583	54	54	107	285640929	285641090	68.519	1.40e-14	83.2
Notechis_scutatus_C9B	OZ184073.1	583	74	199	272	285645985	285646206	58.108	9.96e-14	80.5
Notechis_scutatus_C9B	OZ184073.1	583	49	535	583	285654348	285654494	67.347	2.26e-12	75.9
Notechis_scutatus_C9B	OZ184073.1	583	38	26	63	285579281	285579394	78.947	8.60e-10	67.8
Notechis_scutatus_C9B	OZ184073.1	583	45	354	398	285595478	285595609	68.889	3.67e-08	62.4
Notechis_scutatus_C9B	OZ184073.1	583	69	457	525	284856136	284855933	42.029	1.30e-07	60.5
Notechis_scutatus_C9B	OZ184073.1	583	69	457	525	284761127	284761330	44.928	9.77e-07	57.8
Notechis_scutatus_C9B	OZ184073.1	583	56	528	583	284852487	284852320	46.429	1.28e-06	57.4
Notechis_scutatus_C9B	OZ184073.1	583	79	277	355	284753126	284753362	32.911	2.83e-06	56.2
Notechis_scutatus_C9B	OZ184073.1	583	38	26	63	285640239	285640352	63.158	5.18e-06	55.5
Notechis_scutatus_C9B	OZ184073.1	583	82	274	355	284808966	284809211	29.268	9.89e-06	54.3
Notechis_scutatus_C9B	OZ184076.1	583	228	298	514	23264164	23263541	27.193	5.33e-10	68.2
Notechis_scutatus_C9B	OZ184077.1	583	79	277	355	70845858	70846094	30.380	5.86e-07	58.5
Notechis_scutatus_C9B	OZ184077.1	583	85	274	358	70902410	70902156	29.412	2.49e-06	56.2
Pituophis_catenifer_C9B	OZ184073.1	583	81	274	354	285648319	285648561	93.827	1.81e-39	160
Pituophis_catenifer_C9B	OZ184073.1	583	76	457	532	285605425	285605652	93.421	2.33e-37	154
Pituophis_catenifer_C9B	OZ184073.1	583	77	456	532	285653555	285653785	90.909	2.57e-37	154
Pituophis_catenifer_C9B	OZ184073.1	583	77	277	353	285592299	285592529	88.312	4.89e-35	147
Pituophis_catenifer_C9B	OZ184073.1	583	76	198	273	285645982	285646209	77.632	1.23e-26	121
Pituophis_catenifer_C9B	OZ184073.1	583	74	395	468	285652021	285652242	78.378	7.34e-24	112
Pituophis_catenifer_C9B	OZ184073.1	583	51	533	583	285654342	285654494	90.196	2.22e-21	104
Pituophis_catenifer_C9B	OZ184073.1	583	50	107	156	285642801	285642950	96.000	1.36e-20	102
Pituophis_catenifer_C9B	OZ184073.1	583	50	107	156	285583383	285583532	94.000	5.17e-20	100
Pituophis_catenifer_C9B	OZ184073.1	583	54	54	107	285640929	285641090	83.333	5.07e-19	97.4
Pituophis_catenifer_C9B	OZ184073.1	583	47	157	203	285644468	285644608	85.106	7.62e-18	93.6
Pituophis_catenifer_C9B	OZ184073.1	583	57	401	457	285603144	285603314	75.439	1.50e-17	92.8
Pituophis_catenifer_C9B	OZ184073.1	583	75	198	272	285590638	285590862	56.000	3.59e-16	88.2
Pituophis_catenifer_C9B	OZ184073.1	583	47	157	203	285589111	285589251	80.851	4.69e-16	87.8
Pituophis_catenifer_C9B	OZ184073.1	583	52	532	583	285608333	285608488	69.231	8.73e-16	87.0
Pituophis_catenifer_C9B	OZ184073.1	583	54	54	107	285581105	285581266	74.074	1.49e-15	86.3
Pituophis_catenifer_C9B	OZ184073.1	583	45	26	70	285579281	285579415	68.889	9.56e-11	70.9
Pituophis_catenifer_C9B	OZ184073.1	583	45	26	70	285640239	285640373	66.667	7.96e-10	67.8
Pituophis_catenifer_C9B	OZ184073.1	583	41	355	395	285595481	285595603	73.171	7.71e-09	64.7
Pituophis_catenifer_C9B	OZ184073.1	583	69	457	525	284761127	284761330	46.377	2.30e-07	59.7
Pituophis_catenifer_C9B	OZ184073.1	583	69	457	525	284856136	284855933	40.580	4.22e-06	55.5
Pituophis_catenifer_C9B	OZ184076.1	583	228	298	514	23264164	23263541	26.316	1.40e-10	70.1
Pituophis_catenifer_C9B	OZ184076.1	583	233	286	516	21095486	21096127	24.034	5.72e-08	61.6
Pituophis_catenifer_C9B	OZ184077.1	583	76	277	352	70845858	70846085	36.842	1.35e-07	60.5
Pituophis_catenifer_C9B	OZ184077.1	583	95	450	543	70865365	70865649	33.684	1.77e-06	57.0
Pituophis_catenifer_C9B	OZ184077.1	583	41	537	577	70871534	70871656	56.098	5.88e-06	55.1
Pantherophis_obsoletus_C9B	OZ184073.1	583	81	274	354	285592290	285592532	90.123	4.53e-38	156
Pantherophis_obsoletus_C9B	OZ184073.1	583	77	456	532	285653555	285653785	87.013	1.28e-35	149
Pantherophis_obsoletus_C9B	OZ184073.1	583	92	276	367	285648325	285648591	71.739	6.98e-34	143
Pantherophis_obsoletus_C9B	OZ184073.1	583	76	457	532	285605425	285605652	84.211	1.18e-33	142
Pantherophis_obsoletus_C9B	OZ184073.1	583	75	198	272	285645982	285646206	77.333	3.72e-26	119
Pantherophis_obsoletus_C9B	OZ184073.1	583	72	397	468	285652027	285652242	79.167	2.19e-23	111
Pantherophis_obsoletus_C9B	OZ184073.1	583	56	528	583	285654327	285654494	82.143	3.07e-21	104
Pantherophis_obsoletus_C9B	OZ184073.1	583	50	107	156	285642801	285642950	96.000	1.61e-20	102
Pantherophis_obsoletus_C9B	OZ184073.1	583	50	107	156	285583383	285583532	94.000	6.27e-20	100
Pantherophis_obsoletus_C9B	OZ184073.1	583	54	54	107	285640929	285641090	85.185	6.43e-20	100
Pantherophis_obsoletus_C9B	OZ184073.1	583	57	401	457	285603144	285603314	77.193	5.83e-18	94.0
Pantherophis_obsoletus_C9B	OZ184073.1	583	47	157	203	285644468	285644608	85.106	9.15e-18	93.2
Pantherophis_obsoletus_C9B	OZ184073.1	583	80	198	277	285590638	285590877	55.000	4.95e-17	90.9
Pantherophis_obsoletus_C9B	OZ184073.1	583	54	54	107	285581105	285581266	77.778	1.12e-16	89.7
Pantherophis_obsoletus_C9B	OZ184073.1	583	47	157	203	285589111	285589251	80.851	5.72e-16	87.4
Pantherophis_obsoletus_C9B	OZ184073.1	583	52	532	583	285608333	285608488	67.308	9.85e-16	86.7
Pantherophis_obsoletus_C9B	OZ184073.1	583	45	26	70	285579281	285579415	75.556	6.02e-12	74.7
Pantherophis_obsoletus_C9B	OZ184073.1	583	42	354	395	285595478	285595603	78.571	2.58e-10	69.3
Pantherophis_obsoletus_C9B	OZ184073.1	583	45	26	70	285640239	285640373	62.222	4.32e-08	62.0
Pantherophis_obsoletus_C9B	OZ184073.1	583	69	457	525	284856136	284855933	39.130	5.66e-07	58.5
Pantherophis_obsoletus_C9B	OZ184073.1	583	81	275	355	284753120	284753362	34.568	1.37e-06	57.4
Pantherophis_obsoletus_C9B	OZ184073.1	583	73	457	529	284761127	284761342	39.726	1.42e-06	57.0
Pantherophis_obsoletus_C9B	OZ184076.1	583	228	298	514	23264164	23263541	26.754	1.58e-11	73.2
Pantherophis_obsoletus_C9B	OZ184077.1	583	82	274	355	70845849	70846094	35.366	1.62e-08	63.5
Pantherophis_obsoletus_C9B	OZ184077.1	583	85	274	358	70902410	70902156	29.412	3.50e-06	55.8
Pantherophis_obsoletus_C9B	OZ184077.1	583	75	450	523	70865365	70865589	37.333	3.68e-06	55.8
Pantherophis_obsoletus_C9B	OZ184077.1	583	41	537	577	70871534	70871656	58.537	3.94e-06	55.8
Crotalus_tigris_C9B	OZ184073.1	583	94	274	367	285648319	285648591	76.596	2.50e-37	154
Crotalus_tigris_C9B	OZ184073.1	583	77	456	532	285653555	285653785	85.714	2.79e-34	144
Crotalus_tigris_C9B	OZ184073.1	583	76	457	532	285605425	285605652	86.842	9.16e-34	143
Crotalus_tigris_C9B	OZ184073.1	583	76	276	351	285592296	285592523	84.211	3.20e-33	141
Crotalus_tigris_C9B	OZ184073.1	583	75	198	272	285645982	285646206	77.333	4.57e-25	116
Crotalus_tigris_C9B	OZ184073.1	583	76	393	468	285652015	285652242	71.053	3.99e-22	107
Crotalus_tigris_C9B	OZ184073.1	583	51	533	583	285654342	285654494	84.314	4.78e-20	100
Crotalus_tigris_C9B	OZ184073.1	583	57	401	457	285603144	285603314	82.456	1.08e-19	99.4
Crotalus_tigris_C9B	OZ184073.1	583	50	107	156	285583383	285583532	92.000	1.64e-19	99.0
Crotalus_tigris_C9B	OZ184073.1	583	54	54	107	285640929	285641090	81.481	2.16e-19	98.6
Crotalus_tigris_C9B	OZ184073.1	583	47	157	203	285589111	285589251	87.234	1.32e-17	92.8
Crotalus_tigris_C9B	OZ184073.1	583	47	157	203	285644468	285644608	85.106	2.63e-17	91.7
Crotalus_tigris_C9B	OZ184073.1	583	52	532	583	285608333	285608488	71.154	4.24e-17	91.3
Crotalus_tigris_C9B	OZ184073.1	583	77	196	272	285590632	285590862	55.844	4.54e-17	91.3
Crotalus_tigris_C9B	OZ184073.1	583	95	16	107	285581012	285581266	51.579	8.85e-17	90.1
Crotalus_tigris_C9B	OZ184073.1	583	50	107	156	285642801	285642950	86.000	1.16e-16	89.7
Crotalus_tigris_C9B	OZ184073.1	583	45	26	70	285579281	285579415	68.889	4.34e-10	68.6
Crotalus_tigris_C9B	OZ184073.1	583	39	26	64	285640239	285640355	71.795	1.72e-08	63.5
Crotalus_tigris_C9B	OZ184073.1	583	41	355	395	285650595	285650717	68.293	2.20e-07	59.7
Crotalus_tigris_C9B	OZ184073.1	583	75	451	525	284856154	284855933	37.333	1.26e-06	57.4
Crotalus_tigris_C9B	OZ184073.1	583	74	457	530	284761127	284761345	40.541	3.38e-06	55.8
Crotalus_tigris_C9B	OZ184076.1	583	222	298	514	23264164	23263541	27.027	8.40e-11	70.9
Crotalus_tigris_C9B	OZ184076.1	583	245	274	516	21095465	21096127	23.265	3.77e-08	62.4
Crotalus_tigris_C9B	OZ184077.1	583	74	277	350	70845858	70846079	36.486	4.82e-07	58.5
Crotalus_tigris_C9B	OZ184077.1	583	47	537	583	70871534	70871674	51.064	1.83e-06	56.6
Ptyas_mucosa_C9B	OZ184073.1	583	94	274	367	285648319	285648591	82.979	1.60e-40	163
Ptyas_mucosa_C9B	OZ184073.1	583	84	277	360	285592299	285592550	83.333	3.07e-35	147
Ptyas_mucosa_C9B	OZ184073.1	583	77	456	532	285653555	285653785	85.714	1.52e-34	145
Ptyas_mucosa_C9B	OZ184073.1	583	73	460	532	285605434	285605652	86.301	1.30e-32	139
Ptyas_mucosa_C9B	OZ184073.1	583	76	198	273	285645982	285646209	76.316	6.00e-26	119
Ptyas_mucosa_C9B	OZ184073.1	583	72	397	468	285652027	285652242	77.778	3.78e-22	107
Ptyas_mucosa_C9B	OZ184073.1	583	56	528	583	285654327	285654494	85.714	4.28e-22	107
Ptyas_mucosa_C9B	OZ184073.1	583	50	107	156	285642801	285642950	94.000	9.95e-20	99.8
Ptyas_mucosa_C9B	OZ184073.1	583	50	107	156	285583383	285583532	92.000	3.23e-19	97.8
Ptyas_mucosa_C9B	OZ184073.1	583	54	54	107	285581105	285581266	79.630	3.15e-18	94.7
Ptyas_mucosa_C9B	OZ184073.1	583	47	157	203	285644468	285644608	85.106	6.08e-18	94.0
Ptyas_mucosa_C9B	OZ184073.1	583	57	401	457	285603144	285603314	75.439	3.85e-17	91.3
Ptyas_mucosa_C9B	OZ184073.1	583	54	54	107	285640929	285641090	75.926	6.10e-17	90.5
Ptyas_mucosa_C9B	OZ184073.1	583	52	532	583	285608333	285608488	71.154	1.11e-16	89.7
Ptyas_mucosa_C9B	OZ184073.1	583	47	157	203	285589111	285589251	80.851	3.98e-16	88.2
Ptyas_mucosa_C9B	OZ184073.1	583	75	198	272	285590638	285590862	56.000	7.41e-16	87.0
Ptyas_mucosa_C9B	OZ184073.1	583	41	30	70	285579293	285579415	63.415	1.94e-07	60.1
Ptyas_mucosa_C9B	OZ184073.1	583	38	355	392	285650595	285650708	73.684	1.24e-06	57.4
Ptyas_mucosa_C9B	OZ184073.1	583	70	460	529	284761136	284761342	41.429	1.82e-06	57.0
Ptyas_mucosa_C9B	OZ184073.1	583	46	27	70	285640236	285640373	58.696	2.41e-06	56.2
Ptyas_mucosa_C9B	OZ184073.1	583	69	457	525	284856136	284855933	37.681	6.68e-06	55.1
Ptyas_mucosa_C9B	OZ184076.1	583	222	298	514	23264164	23263541	25.676	1.69e-09	66.6
Ptyas_mucosa_C9B	OZ184077.1	583	76	277	352	70845858	70846085	36.842	1.63e-07	60.1
Ptyas_mucosa_C9B	OZ184077.1	583	43	537	579	70871534	70871662	53.488	8.45e-07	57.8
