Malpolon_monspessulanus_C9A	OZ184073.1	584	81	274	354	285592290	285592532	100.000	8.22e-43	170
Malpolon_monspessulanus_C9A	OZ184073.1	584	76	457	532	285605425	285605652	100.000	7.98e-40	161
Malpolon_monspessulanus_C9A	OZ184073.1	584	77	456	532	285653555	285653785	93.506	3.94e-38	156
Malpolon_monspessulanus_C9A	OZ184073.1	584	78	276	353	285648325	285648558	85.897	1.73e-35	148
Malpolon_monspessulanus_C9A	OZ184073.1	584	82	196	277	285590632	285590877	89.024	3.29e-35	147
Malpolon_monspessulanus_C9A	OZ184073.1	584	62	396	457	285603129	285603314	98.387	5.61e-28	125
Malpolon_monspessulanus_C9A	OZ184073.1	584	53	532	584	285608333	285608491	100.000	1.70e-25	117
Malpolon_monspessulanus_C9A	OZ184073.1	584	54	54	107	285581105	285581266	94.444	2.85e-23	110
Malpolon_monspessulanus_C9A	OZ184073.1	584	50	107	156	285583383	285583532	100.000	3.71e-22	107
Malpolon_monspessulanus_C9A	OZ184073.1	584	47	157	203	285589111	285589251	97.872	8.39e-21	102
Malpolon_monspessulanus_C9A	OZ184073.1	584	50	107	156	285642801	285642950	90.000	2.93e-18	94.7
Malpolon_monspessulanus_C9A	OZ184073.1	584	68	401	468	285652039	285652242	67.647	3.28e-18	94.7
Malpolon_monspessulanus_C9A	OZ184073.1	584	74	199	272	285645985	285646206	59.459	1.81e-17	92.4
Malpolon_monspessulanus_C9A	OZ184073.1	584	47	157	203	285644468	285644608	82.979	1.67e-16	89.4
Malpolon_monspessulanus_C9A	OZ184073.1	584	57	528	584	285654327	285654497	71.930	2.62e-16	88.6
Malpolon_monspessulanus_C9A	OZ184073.1	584	42	354	395	285595478	285595603	100.000	1.54e-15	86.3
Malpolon_monspessulanus_C9A	OZ184073.1	584	54	54	107	285640929	285641090	72.222	6.65e-15	84.0
Malpolon_monspessulanus_C9A	OZ184073.1	584	45	26	70	285579281	285579415	80.000	3.36e-13	78.6
Malpolon_monspessulanus_C9A	OZ184073.1	584	45	26	70	285640239	285640373	66.667	2.38e-09	66.2
Malpolon_monspessulanus_C9A	OZ184073.1	584	79	277	355	284753126	284753362	35.443	1.02e-07	60.8
Malpolon_monspessulanus_C9A	OZ184073.1	584	56	528	583	284852487	284852320	50.000	1.24e-07	60.5
Malpolon_monspessulanus_C9A	OZ184073.1	584	74	457	530	284761127	284761345	43.243	1.26e-07	60.5
Malpolon_monspessulanus_C9A	OZ184073.1	584	69	457	525	284856136	284855933	39.130	1.94e-06	56.6
Malpolon_monspessulanus_C9A	OZ184073.1	584	52	533	583	284816302	284816457	51.923	3.14e-06	56.2
Malpolon_monspessulanus_C9A	OZ184073.1	584	109	277	384	284808975	284809298	27.523	9.18e-06	54.7
Malpolon_monspessulanus_C9A	OZ184076.1	584	228	298	514	23264164	23263541	28.070	2.50e-12	75.9
Malpolon_monspessulanus_C9A	OZ184076.1	584	252	275	516	21095462	21096127	22.619	7.16e-09	64.7
Malpolon_monspessulanus_C9A	OZ184077.1	584	92	264	355	70845819	70846094	34.783	4.88e-09	65.1
Malpolon_monspessulanus_C9A	OZ184077.1	584	47	537	583	70871534	70871674	53.191	2.24e-07	59.7
Malpolon_monspessulanus_C9A	OZ184077.1	584	78	277	354	70902401	70902168	29.487	3.82e-06	55.8
Malpolon_monspessulanus_C9A	OZ184077.1	584	75	450	523	70865365	70865589	36.000	6.88e-06	55.1
Malpolon_monspessulanus_C9B	OZ184073.1	583	94	273	366	285648319	285648591	88.298	5.88e-44	174
Malpolon_monspessulanus_C9B	OZ184073.1	583	77	455	531	285653555	285653785	98.701	1.52e-40	164
Malpolon_monspessulanus_C9B	OZ184073.1	583	76	456	531	285605425	285605652	94.737	5.70e-38	155
Malpolon_monspessulanus_C9B	OZ184073.1	583	76	197	272	285645982	285646209	97.368	9.84e-37	152
Malpolon_monspessulanus_C9B	OZ184073.1	583	78	275	352	285592296	285592529	85.897	1.95e-35	148
Malpolon_monspessulanus_C9B	OZ184073.1	583	72	396	467	285652027	285652242	87.500	4.48e-28	125
Malpolon_monspessulanus_C9B	OZ184073.1	583	57	527	583	285654327	285654497	94.737	6.35e-25	115
Malpolon_monspessulanus_C9B	OZ184073.1	583	54	53	106	285640929	285641090	94.444	1.85e-23	111
Malpolon_monspessulanus_C9B	OZ184073.1	583	50	106	155	285642801	285642950	100.000	1.54e-21	105
Malpolon_monspessulanus_C9B	OZ184073.1	583	47	156	202	285644468	285644608	97.872	1.56e-20	102
Malpolon_monspessulanus_C9B	OZ184073.1	583	77	195	271	285590632	285590862	59.740	1.31e-18	95.9
Malpolon_monspessulanus_C9B	OZ184073.1	583	50	106	155	285583383	285583532	90.000	5.73e-18	94.0
Malpolon_monspessulanus_C9B	OZ184073.1	583	57	400	456	285603144	285603314	75.439	1.02e-17	93.2
Malpolon_monspessulanus_C9B	OZ184073.1	583	53	531	583	285608333	285608491	75.472	1.24e-17	92.8
Malpolon_monspessulanus_C9B	OZ184073.1	583	47	156	202	285589111	285589251	82.979	1.35e-16	89.7
Malpolon_monspessulanus_C9B	OZ184073.1	583	42	354	395	285650595	285650720	100.000	2.31e-15	85.5
Malpolon_monspessulanus_C9B	OZ184073.1	583	99	13	106	285581000	285581266	49.495	3.62e-15	85.1
Malpolon_monspessulanus_C9B	OZ184073.1	583	45	25	69	285640239	285640373	77.778	5.41e-13	77.8
Malpolon_monspessulanus_C9B	OZ184073.1	583	45	25	69	285579281	285579415	68.889	3.75e-10	68.9
Malpolon_monspessulanus_C9B	OZ184073.1	583	74	456	529	284761127	284761345	41.892	1.44e-07	60.5
Malpolon_monspessulanus_C9B	OZ184073.1	583	69	456	524	284856136	284855933	39.130	1.17e-06	57.4
Malpolon_monspessulanus_C9B	OZ184073.1	583	48	527	574	284852487	284852344	54.167	2.25e-06	56.6
Malpolon_monspessulanus_C9B	OZ184076.1	583	222	297	513	23264164	23263541	25.676	2.05e-10	69.7
Malpolon_monspessulanus_C9B	OZ184076.1	583	245	273	515	21095465	21096127	23.265	7.65e-08	61.2
Malpolon_monspessulanus_C9B	OZ184077.1	583	76	276	351	70845858	70846085	35.526	1.44e-07	60.5
Malpolon_monspessulanus_C9B	OZ184077.1	583	77	276	352	70902401	70902171	31.169	1.57e-06	57.0
Malpolon_monspessulanus_C9B	OZ184077.1	583	41	536	576	70871534	70871656	56.098	8.13e-06	54.7
