# Rhineura_floridana DAB2/FYB1 anchors on NC_084480.1:26310165-30342316 (sstart/send relative to region; add 26310164)
Anolis_carolinensis_DAB2	2058472	2057822	328
Anolis_carolinensis_DAB2	2054395	2053877	252
Anolis_carolinensis_DAB2	2064879	2064742	100
Anolis_carolinensis_DAB2	2067737	2067597	96.3
Anolis_carolinensis_DAB2	2056764	2056600	77.8
Anolis_carolinensis_DAB2	2066637	2066530	72.0
Anolis_carolinensis_DAB2	2051386	2051246	57.8
Anolis_carolinensis_DAB2	2062261	2062178	54.7
Anolis_carolinensis_DAB2	2059889	2059803	47.4
Anolis_carolinensis_FYB1	1955415	1954294	344
Anolis_carolinensis_FYB1	1929438	1929286	99.8
Anolis_carolinensis_FYB1	1913037	1912864	96.3
Anolis_carolinensis_FYB1	1928871	1928707	86.7
Anolis_carolinensis_FYB1	1916313	1916200	65.5
Anolis_carolinensis_FYB1	1922770	1922618	56.2
Anolis_carolinensis_FYB1	1917269	1917201	47.0
Thamnophis_elegans_DAB2	2058472	2057822	303
Thamnophis_elegans_DAB2	2054395	2053877	228
Thamnophis_elegans_DAB2	2064879	2064742	99.4
Thamnophis_elegans_DAB2	2067731	2067597	94.0
Thamnophis_elegans_DAB2	2066637	2066530	70.1
Thamnophis_elegans_DAB2	2056764	2056600	69.7
Thamnophis_elegans_DAB2	2062261	2062178	53.9
Thamnophis_elegans_DAB2	2059889	2059803	49.3
Thamnophis_elegans_FYB1	1955415	1954297	246
Thamnophis_elegans_FYB1	1913037	1912864	99.0
Thamnophis_elegans_FYB1	1929438	1929274	94.4
Thamnophis_elegans_FYB1	1928871	1928707	79.3
Thamnophis_elegans_FYB1	1922770	1922633	70.1
Thamnophis_elegans_FYB1	1916319	1916200	67.0
