Lacerta_agilis_C9A	JAWDJD010000002.1	589	80	455	534	29299802	29299563	70.000	3.85e-29	129
Lacerta_agilis_C9A	JAWDJD010000002.1	589	84	277	360	29317535	29317284	66.667	1.03e-28	128
Lacerta_agilis_C9A	JAWDJD010000002.1	589	50	153	202	29322740	29322591	76.000	5.45e-17	91.3
Lacerta_agilis_C9A	JAWDJD010000002.1	589	55	55	109	29335824	29335660	63.636	1.76e-14	83.2
Lacerta_agilis_C9A	JAWDJD010000002.1	589	59	400	458	29301675	29301502	66.102	8.27e-13	77.8
Lacerta_agilis_C9A	JAWDJD010000002.1	589	59	105	163	29324612	29324436	66.102	8.41e-13	77.8
Lacerta_agilis_C9A	JAWDJD010000002.1	589	84	201	275	29320277	29320026	41.667	1.48e-08	64.3
Lacerta_agilis_C9A	JAWDJD010000002.1	589	60	470	529	30348956	30349135	48.333	1.99e-08	63.5
Lacerta_agilis_C9A	JAWDJD010000002.1	589	89	269	357	30437529	30437278	31.461	4.26e-06	56.2
Lacerta_agilis_C9A	JAWDJD010000008.1	589	222	300	516	38089351	38089974	25.225	2.21e-08	63.5
Lacerta_agilis_C9A	JAWDJD010000008.1	589	224	304	526	39269608	39269030	20.536	4.19e-06	56.2
Lacerta_agilis_C9A	JAWDJD010000004.1	589	84	279	362	100636742	100636993	33.333	4.95e-07	59.3
Lacerta_agilis_C9A	JAWDJD010000004.1	589	78	279	356	100727553	100727320	30.769	5.57e-07	58.9
Zootoca_vivipara_C9A	JAWDJD010000002.1	589	84	277	360	29317535	29317284	66.667	9.01e-29	128
Zootoca_vivipara_C9A	JAWDJD010000002.1	589	80	455	534	29299802	29299563	67.500	2.16e-28	127
Zootoca_vivipara_C9A	JAWDJD010000002.1	589	50	153	202	29322740	29322591	76.000	6.48e-17	91.3
Zootoca_vivipara_C9A	JAWDJD010000002.1	589	55	55	109	29335824	29335660	63.636	1.46e-14	83.6
Zootoca_vivipara_C9A	JAWDJD010000002.1	589	59	105	163	29324612	29324436	64.407	1.31e-12	77.4
Zootoca_vivipara_C9A	JAWDJD010000002.1	589	59	400	458	29301675	29301502	64.407	4.67e-12	75.5
Zootoca_vivipara_C9A	JAWDJD010000002.1	589	60	470	529	30348956	30349135	46.667	3.44e-08	62.8
Zootoca_vivipara_C9A	JAWDJD010000002.1	589	84	201	275	29320277	29320026	41.667	4.00e-07	59.3
Zootoca_vivipara_C9A	JAWDJD010000002.1	589	89	269	357	30437529	30437278	31.461	3.36e-06	56.6
Zootoca_vivipara_C9A	JAWDJD010000008.1	589	222	300	516	38089351	38089974	24.324	5.48e-07	58.9
Zootoca_vivipara_C9A	JAWDJD010000004.1	589	78	279	356	100727553	100727320	30.769	7.07e-07	58.5
Zootoca_vivipara_C9A	JAWDJD010000004.1	589	84	279	362	100636742	100636993	33.333	9.05e-07	58.2
Podarcis_muralis_C9A	JAWDJD010000002.1	589	84	277	360	29317535	29317284	66.667	7.74e-29	128
Podarcis_muralis_C9A	JAWDJD010000002.1	589	80	455	534	29299802	29299563	65.000	2.87e-27	124
Podarcis_muralis_C9A	JAWDJD010000002.1	589	50	153	202	29322740	29322591	76.000	5.74e-17	91.3
Podarcis_muralis_C9A	JAWDJD010000002.1	589	55	55	109	29335824	29335660	61.818	9.51e-14	80.9
Podarcis_muralis_C9A	JAWDJD010000002.1	589	59	400	458	29301675	29301502	66.102	6.07e-13	78.2
Podarcis_muralis_C9A	JAWDJD010000002.1	589	59	105	163	29324612	29324436	66.102	8.78e-13	77.8
Podarcis_muralis_C9A	JAWDJD010000002.1	589	60	470	529	30348956	30349135	45.000	2.49e-08	63.5
Podarcis_muralis_C9A	JAWDJD010000002.1	589	84	201	275	29320277	29320026	40.476	6.72e-07	58.9
Podarcis_muralis_C9A	JAWDJD010000002.1	589	97	261	357	30437553	30437278	30.928	1.40e-06	57.8
Podarcis_muralis_C9A	JAWDJD010000004.1	589	78	279	356	100727553	100727320	32.051	2.73e-07	60.1
Podarcis_muralis_C9A	JAWDJD010000004.1	589	84	279	362	100636742	100636993	32.143	1.88e-06	57.4
Podarcis_muralis_C9A	JAWDJD010000004.1	589	97	444	526	100676940	100677230	31.959	4.41e-06	56.2
Podarcis_muralis_C9A	JAWDJD010000008.1	589	222	300	516	38089351	38089974	23.874	1.85e-06	57.4
Podarcis_muralis_C9A	JAWDJD010000008.1	589	226	304	518	39269608	39269015	23.009	6.47e-06	55.5
Anolis_carolinensis_C9A	JAWDJD010000002.1	591	82	277	358	29317541	29317296	80.488	1.76e-34	145
Anolis_carolinensis_C9A	JAWDJD010000002.1	591	81	457	537	29299802	29299560	74.074	6.84e-31	135
Anolis_carolinensis_C9A	JAWDJD010000002.1	591	47	156	202	29322734	29322594	85.106	8.28e-18	94.0
Anolis_carolinensis_C9A	JAWDJD010000002.1	591	57	56	112	29335824	29335654	66.667	1.93e-16	89.7
Anolis_carolinensis_C9A	JAWDJD010000002.1	591	50	106	155	29324612	29324463	82.000	5.92e-16	88.2
Anolis_carolinensis_C9A	JAWDJD010000002.1	591	84	202	277	29320277	29320026	50.000	3.70e-12	75.9
Anolis_carolinensis_C9A	JAWDJD010000002.1	591	71	400	470	29301681	29301472	50.704	2.84e-11	72.8
Anolis_carolinensis_C9A	JAWDJD010000002.1	591	55	537	591	29298032	29297868	69.091	2.24e-09	66.6
Anolis_carolinensis_C9A	JAWDJD010000002.1	591	76	456	531	30348911	30349135	38.158	5.92e-08	62.0
Anolis_carolinensis_C9A	JAWDJD010000002.1	591	89	271	359	30437529	30437278	33.708	3.20e-07	59.7
Anolis_carolinensis_C9A	JAWDJD010000002.1	591	38	542	579	30350336	30350449	63.158	6.00e-07	58.9
Anolis_carolinensis_C9A	JAWDJD010000002.1	591	39	26	64	29338443	29338327	58.974	3.65e-06	56.2
Anolis_carolinensis_C9A	JAWDJD010000002.1	591	76	284	358	30323367	30323594	35.526	6.96e-06	55.5
Anolis_carolinensis_C9A	JAWDJD010000004.1	591	78	281	358	100727553	100727320	37.179	1.70e-09	67.0
Anolis_carolinensis_C9A	JAWDJD010000004.1	591	84	281	364	100636742	100636993	33.333	1.41e-07	60.8
Anolis_carolinensis_C9A	JAWDJD010000004.1	591	46	542	587	100679545	100679682	54.348	1.78e-07	60.5
Anolis_carolinensis_C9A	JAWDJD010000004.1	591	80	461	539	100677024	100677254	33.750	9.14e-06	55.1
Anolis_carolinensis_C9A	JAWDJD010000008.1	591	222	302	518	38089351	38089974	24.324	2.15e-06	57.0
Pogona_vitticeps_C9A	JAWDJD010000002.1	576	105	235	339	29317610	29317296	80.952	5.06e-45	177
Pogona_vitticeps_C9A	JAWDJD010000002.1	576	79	438	516	29299802	29299566	74.684	2.08e-30	133
Pogona_vitticeps_C9A	JAWDJD010000002.1	576	61	154	214	29322740	29322558	78.689	1.83e-21	105
Pogona_vitticeps_C9A	JAWDJD010000002.1	576	55	56	110	29335824	29335660	74.545	8.35e-19	97.1
Pogona_vitticeps_C9A	JAWDJD010000002.1	576	68	380	447	29301684	29301484	66.176	1.93e-16	89.4
Pogona_vitticeps_C9A	JAWDJD010000002.1	576	56	106	161	29324612	29324445	71.429	7.93e-15	84.3
Pogona_vitticeps_C9A	JAWDJD010000002.1	576	52	524	575	29298023	29297868	84.615	1.15e-11	74.3
Pogona_vitticeps_C9A	JAWDJD010000002.1	576	91	250	340	30437550	30437278	36.264	9.66e-09	64.7
Pogona_vitticeps_C9A	JAWDJD010000002.1	576	41	25	65	29338446	29338324	65.854	4.56e-08	62.4
Pogona_vitticeps_C9A	JAWDJD010000002.1	576	73	438	510	30348914	30349129	42.466	8.36e-08	61.6
Pogona_vitticeps_C9A	JAWDJD010000002.1	576	50	526	575	30350336	30350485	54.000	1.57e-06	57.4
Pogona_vitticeps_C9A	JAWDJD010000002.1	576	42	521	561	30416667	30416542	59.524	6.56e-06	55.5
Pogona_vitticeps_C9A	JAWDJD010000004.1	576	88	252	339	100727583	100727320	38.636	3.91e-12	75.5
Pogona_vitticeps_C9A	JAWDJD010000004.1	576	87	254	340	100636718	100636978	34.483	2.37e-08	63.5
Pogona_vitticeps_C9A	JAWDJD010000004.1	576	115	409	509	100676886	100677230	27.826	1.18e-06	57.8
Pogona_vitticeps_C9A	JAWDJD010000004.1	576	46	526	571	100679545	100679682	52.174	1.26e-06	57.8
Pogona_vitticeps_C9A	JAWDJD010000008.1	576	222	283	499	38089351	38089974	24.775	1.43e-07	60.8
Gekko_japonicus_C9A	JAWDJD010000002.1	582	89	288	376	29317550	29317284	58.427	7.54e-25	116
Gekko_japonicus_C9A	JAWDJD010000002.1	582	74	451	524	29299802	29299581	71.622	2.49e-24	114
Gekko_japonicus_C9A	JAWDJD010000002.1	582	50	171	220	29322740	29322591	62.000	1.37e-12	77.0
Gekko_japonicus_C9A	JAWDJD010000002.1	582	60	122	181	29324612	29324436	55.000	5.83e-10	68.6
Gekko_japonicus_C9A	JAWDJD010000002.1	582	46	536	581	30350336	30350473	63.043	1.68e-09	67.0
Gekko_japonicus_C9A	JAWDJD010000002.1	582	67	457	523	30348932	30349129	46.269	1.70e-09	67.0
Gekko_japonicus_C9A	JAWDJD010000002.1	582	58	69	126	29335824	29335660	53.448	1.10e-07	61.2
Gekko_japonicus_C9A	JAWDJD010000002.1	582	61	391	451	29301690	29301511	44.262	1.82e-07	60.5
Gekko_japonicus_C9A	JAWDJD010000002.1	582	92	282	373	30437553	30437278	28.261	3.82e-07	59.7
Gekko_japonicus_C9A	JAWDJD010000002.1	582	58	466	523	30417807	30417634	39.655	6.62e-06	55.5
Gekko_japonicus_C9A	JAWDJD010000004.1	582	84	295	378	100636742	100636993	30.952	4.12e-07	59.3
Gekko_japonicus_C9A	JAWDJD010000004.1	582	85	288	372	100727574	100727320	31.765	6.53e-07	58.9
Gekko_japonicus_C9A	JAWDJD010000008.1	582	213	320	514	39269608	39269015	23.944	1.74e-06	57.4
Crotalus_tigris_C9A	JAWDJD010000002.1	583	89	264	352	29317562	29317302	60.674	6.89e-26	119
Crotalus_tigris_C9A	JAWDJD010000002.1	583	80	453	532	29299802	29299563	60.000	4.13e-25	117
Crotalus_tigris_C9A	JAWDJD010000002.1	583	49	155	203	29322740	29322594	65.306	5.68e-14	81.6
Crotalus_tigris_C9A	JAWDJD010000002.1	583	50	107	156	29324612	29324463	66.000	1.24e-11	73.9
Crotalus_tigris_C9A	JAWDJD010000002.1	583	78	448	525	30348899	30349129	37.179	1.26e-07	61.2
Crotalus_tigris_C9A	JAWDJD010000002.1	583	66	401	466	29301666	29301472	45.455	1.33e-07	60.8
Crotalus_tigris_C9A	JAWDJD010000002.1	583	58	54	111	29335830	29335660	48.276	1.89e-07	60.5
Crotalus_tigris_C9A	JAWDJD010000008.1	583	224	298	514	38089351	38089974	29.464	1.42e-12	77.0
Crotalus_tigris_C9A	JAWDJD010000008.1	583	218	299	516	39269617	39269015	19.725	5.32e-06	55.8
Crotalus_tigris_C9A	JAWDJD010000004.1	583	74	277	350	100727553	100727332	35.135	1.88e-06	57.4
Crotalus_tigris_C9A	JAWDJD010000004.1	583	94	277	370	100636742	100637002	31.915	6.92e-06	55.5
Thamnophis_elegans_C9A	JAWDJD010000002.1	583	85	274	358	29317538	29317284	63.529	2.52e-26	120
Thamnophis_elegans_C9A	JAWDJD010000002.1	583	95	453	542	29299802	29299518	51.579	2.61e-22	108
Thamnophis_elegans_C9A	JAWDJD010000002.1	583	49	155	203	29322740	29322594	65.306	5.63e-14	81.6
Thamnophis_elegans_C9A	JAWDJD010000002.1	583	50	107	156	29324612	29324463	62.000	9.39e-11	71.2
Thamnophis_elegans_C9A	JAWDJD010000002.1	583	58	54	111	29335830	29335660	51.724	6.96e-09	65.1
Thamnophis_elegans_C9A	JAWDJD010000002.1	583	72	395	466	29301684	29301472	43.056	8.77e-09	64.7
Thamnophis_elegans_C9A	JAWDJD010000002.1	583	42	25	66	29338446	29338321	54.762	3.01e-06	56.6
Thamnophis_elegans_C9A	JAWDJD010000008.1	583	230	298	514	38089351	38089974	25.652	7.85e-09	65.1
Thamnophis_elegans_C9A	JAWDJD010000004.1	583	100	247	346	100636652	100636951	31.000	2.38e-07	60.1
Thamnophis_elegans_C9A	JAWDJD010000004.1	583	82	277	358	100727553	100727308	34.146	6.07e-07	58.9
Naja_naja_C9A	JAWDJD010000002.1	582	90	264	353	29317562	29317299	58.889	1.50e-25	118
Naja_naja_C9A	JAWDJD010000002.1	582	80	452	531	29299802	29299563	60.000	2.18e-24	114
Naja_naja_C9A	JAWDJD010000002.1	582	49	155	203	29322740	29322594	63.265	5.96e-13	78.2
Naja_naja_C9A	JAWDJD010000002.1	582	50	107	156	29324612	29324463	68.000	4.71e-12	75.5
Naja_naja_C9A	JAWDJD010000002.1	582	58	54	111	29335830	29335660	51.724	2.67e-08	63.2
Naja_naja_C9A	JAWDJD010000002.1	582	69	456	524	30348926	30349129	37.681	7.43e-08	62.0
Naja_naja_C9A	JAWDJD010000002.1	582	76	390	465	29301687	29301472	44.737	2.27e-07	60.1
Naja_naja_C9A	JAWDJD010000002.1	582	42	25	66	29338446	29338321	54.762	3.24e-06	56.6
Naja_naja_C9A	JAWDJD010000002.1	582	43	536	578	30350333	30350461	58.140	8.19e-06	55.1
Naja_naja_C9A	JAWDJD010000008.1	582	222	298	513	38089351	38089974	27.027	6.30e-10	68.6
Naja_naja_C9A	JAWDJD010000008.1	582	228	299	515	39269617	39269015	21.491	2.16e-07	60.5
Naja_naja_C9A	JAWDJD010000004.1	582	74	277	350	100727553	100727332	36.486	1.42e-07	60.8
Pseudonaja_textilis_C9A	JAWDJD010000002.1	583	80	453	532	29299802	29299563	62.500	2.43e-25	117
Pseudonaja_textilis_C9A	JAWDJD010000002.1	583	90	264	353	29317562	29317299	57.778	9.50e-25	115
Pseudonaja_textilis_C9A	JAWDJD010000002.1	583	49	155	203	29322740	29322594	63.265	5.73e-13	78.6
Pseudonaja_textilis_C9A	JAWDJD010000002.1	583	50	107	156	29324612	29324463	64.000	3.06e-11	72.8
Pseudonaja_textilis_C9A	JAWDJD010000002.1	583	58	54	111	29335830	29335660	51.724	7.65e-09	65.1
Pseudonaja_textilis_C9A	JAWDJD010000002.1	583	71	457	527	30348926	30349135	38.028	9.88e-08	61.2
Pseudonaja_textilis_C9A	JAWDJD010000002.1	583	68	399	466	29301672	29301472	41.176	7.77e-07	58.5
Pseudonaja_textilis_C9A	JAWDJD010000002.1	583	42	25	66	29338446	29338321	57.143	9.45e-07	58.2
Pseudonaja_textilis_C9A	JAWDJD010000002.1	583	47	537	583	30350333	30350473	55.319	4.88e-06	55.8
Pseudonaja_textilis_C9A	JAWDJD010000008.1	583	222	298	514	38089351	38089974	27.027	1.24e-10	70.9
Pseudonaja_textilis_C9A	JAWDJD010000008.1	583	229	299	516	39269617	39269015	21.834	2.66e-08	63.2
Pseudonaja_textilis_C9A	JAWDJD010000004.1	583	74	277	350	100727553	100727332	36.486	1.87e-07	60.5
Python_bivittatus_C9A	JAWDJD010000002.1	582	80	453	532	29299802	29299563	62.500	2.43e-25	117
Python_bivittatus_C9A	JAWDJD010000002.1	582	79	276	354	29317532	29317296	65.823	4.20e-25	117
Python_bivittatus_C9A	JAWDJD010000002.1	582	49	155	203	29322740	29322594	63.265	1.81e-13	80.1
Python_bivittatus_C9A	JAWDJD010000002.1	582	50	107	156	29324612	29324463	60.000	1.45e-09	67.4
Python_bivittatus_C9A	JAWDJD010000002.1	582	78	448	525	30348899	30349129	39.744	1.56e-08	63.9
Python_bivittatus_C9A	JAWDJD010000002.1	582	62	396	457	29301681	29301499	50.000	7.12e-08	62.0
Python_bivittatus_C9A	JAWDJD010000002.1	582	58	54	111	29335830	29335660	48.276	6.81e-07	58.5
Python_bivittatus_C9A	JAWDJD010000002.1	582	42	25	66	29338446	29338321	57.143	2.90e-06	56.6
Python_bivittatus_C9A	JAWDJD010000002.1	582	39	536	574	30350333	30350449	61.538	6.08e-06	55.5
Python_bivittatus_C9A	JAWDJD010000002.1	582	52	531	582	29298035	29297880	69.231	9.30e-06	55.1
Python_bivittatus_C9A	JAWDJD010000008.1	582	253	298	540	38089351	38090067	26.877	5.47e-13	78.6
Python_bivittatus_C9A	JAWDJD010000004.1	582	97	442	524	100676940	100677230	36.082	8.97e-08	61.6
Python_bivittatus_C9A	JAWDJD010000004.1	582	70	277	346	100636742	100636951	37.143	4.72e-07	59.3
Python_bivittatus_C9A	JAWDJD010000004.1	582	55	528	582	100679518	100679682	45.455	9.75e-07	58.2
Python_bivittatus_C9A	JAWDJD010000004.1	582	78	277	354	100727553	100727320	34.615	1.03e-06	58.2
Notechis_scutatus_C9A	JAWDJD010000002.1	583	90	264	353	29317562	29317299	57.778	1.07e-24	115
Notechis_scutatus_C9A	JAWDJD010000002.1	583	80	453	532	29299802	29299563	61.250	1.66e-24	115
Notechis_scutatus_C9A	JAWDJD010000002.1	583	49	155	203	29322740	29322594	63.265	5.49e-13	78.6
Notechis_scutatus_C9A	JAWDJD010000002.1	583	50	107	156	29324612	29324463	66.000	1.16e-11	74.3
Notechis_scutatus_C9A	JAWDJD010000002.1	583	58	54	111	29335830	29335660	53.448	4.58e-09	65.9
Notechis_scutatus_C9A	JAWDJD010000002.1	583	71	457	527	30348926	30349135	38.028	1.68e-07	60.8
Notechis_scutatus_C9A	JAWDJD010000002.1	583	68	399	466	29301672	29301472	41.176	7.97e-07	58.5
Notechis_scutatus_C9A	JAWDJD010000002.1	583	42	25	66	29338446	29338321	57.143	9.29e-07	58.2
Notechis_scutatus_C9A	JAWDJD010000002.1	583	47	537	583	30350333	30350473	55.319	4.76e-06	55.8
Notechis_scutatus_C9A	JAWDJD010000008.1	583	222	298	514	38089351	38089974	27.027	9.96e-11	71.2
Notechis_scutatus_C9A	JAWDJD010000008.1	583	229	299	516	39269617	39269015	22.271	2.06e-08	63.5
Notechis_scutatus_C9A	JAWDJD010000004.1	583	74	277	350	100727553	100727332	36.486	1.78e-07	60.5
Hydrophis_cyanocinctus_C9A	JAWDJD010000002.1	583	80	453	532	29299802	29299563	61.250	1.02e-24	115
Hydrophis_cyanocinctus_C9A	JAWDJD010000002.1	583	78	276	353	29317532	29317299	62.821	1.96e-24	114
Hydrophis_cyanocinctus_C9A	JAWDJD010000002.1	583	49	155	203	29322740	29322594	65.306	2.53e-13	79.7
Hydrophis_cyanocinctus_C9A	JAWDJD010000002.1	583	50	107	156	29324612	29324463	66.000	1.19e-11	73.9
Hydrophis_cyanocinctus_C9A	JAWDJD010000002.1	583	58	54	111	29335830	29335660	53.448	4.58e-09	65.9
Hydrophis_cyanocinctus_C9A	JAWDJD010000002.1	583	71	457	527	30348926	30349135	38.028	1.89e-07	60.5
Hydrophis_cyanocinctus_C9A	JAWDJD010000002.1	583	42	25	66	29338446	29338321	57.143	1.00e-06	58.2
Hydrophis_cyanocinctus_C9A	JAWDJD010000002.1	583	76	391	466	29301687	29301472	39.474	3.88e-06	56.2
Hydrophis_cyanocinctus_C9A	JAWDJD010000002.1	583	47	537	583	30350333	30350473	55.319	4.68e-06	55.8
Hydrophis_cyanocinctus_C9A	JAWDJD010000008.1	583	273	258	514	38089198	38089974	24.908	2.17e-11	73.2
Hydrophis_cyanocinctus_C9A	JAWDJD010000008.1	583	229	299	516	39269617	39269015	21.834	1.09e-07	61.2
Hydrophis_cyanocinctus_C9A	JAWDJD010000004.1	583	74	277	350	100727553	100727332	36.486	1.78e-07	60.5
Laticauda_colubrina_C9A	JAWDJD010000002.1	583	90	264	353	29317562	29317299	57.778	5.20e-25	116
Laticauda_colubrina_C9A	JAWDJD010000002.1	583	80	453	532	29299802	29299563	62.500	9.08e-25	115
Laticauda_colubrina_C9A	JAWDJD010000002.1	583	49	155	203	29322740	29322594	63.265	6.69e-13	78.2
Laticauda_colubrina_C9A	JAWDJD010000002.1	583	50	107	156	29324612	29324463	64.000	3.54e-11	72.8
Laticauda_colubrina_C9A	JAWDJD010000002.1	583	58	54	111	29335830	29335660	51.724	3.18e-08	63.2
Laticauda_colubrina_C9A	JAWDJD010000002.1	583	71	457	527	30348926	30349135	38.028	8.84e-08	61.6
Laticauda_colubrina_C9A	JAWDJD010000002.1	583	76	391	466	29301687	29301472	44.737	1.32e-07	60.8
Laticauda_colubrina_C9A	JAWDJD010000002.1	583	42	25	66	29338446	29338321	57.143	1.35e-06	57.8
Laticauda_colubrina_C9A	JAWDJD010000002.1	583	47	537	583	30350333	30350473	55.319	4.72e-06	55.8
Laticauda_colubrina_C9A	JAWDJD010000008.1	583	222	298	514	38089351	38089974	26.577	3.05e-10	69.7
Laticauda_colubrina_C9A	JAWDJD010000008.1	583	229	299	516	39269617	39269015	20.961	1.33e-06	57.8
Laticauda_colubrina_C9A	JAWDJD010000004.1	583	74	277	350	100727553	100727332	36.486	1.65e-07	60.8
Protobothrops_mucrosquamatus_C9A	JAWDJD010000002.1	583	91	264	354	29317562	29317296	62.637	7.95e-28	125
Protobothrops_mucrosquamatus_C9A	JAWDJD010000002.1	583	94	453	541	29299802	29299521	56.383	2.06e-26	120
Protobothrops_mucrosquamatus_C9A	JAWDJD010000002.1	583	49	155	203	29322740	29322594	67.347	2.29e-15	86.3
Protobothrops_mucrosquamatus_C9A	JAWDJD010000002.1	583	50	107	156	29324612	29324463	58.000	1.34e-09	67.4
Protobothrops_mucrosquamatus_C9A	JAWDJD010000002.1	583	69	457	525	30348926	30349129	43.478	8.33e-09	65.1
Protobothrops_mucrosquamatus_C9A	JAWDJD010000002.1	583	72	395	466	29301684	29301472	41.667	4.54e-07	59.3
Protobothrops_mucrosquamatus_C9A	JAWDJD010000002.1	583	58	54	111	29335830	29335660	46.552	9.45e-07	58.2
Protobothrops_mucrosquamatus_C9A	JAWDJD010000002.1	583	43	537	579	30350333	30350461	55.814	1.43e-06	57.8
Protobothrops_mucrosquamatus_C9A	JAWDJD010000008.1	583	222	298	514	38089351	38089974	29.279	8.88e-13	77.8
Protobothrops_mucrosquamatus_C9A	JAWDJD010000004.1	583	78	277	354	100727553	100727320	34.615	4.75e-08	62.4
Protobothrops_mucrosquamatus_C9A	JAWDJD010000004.1	583	70	277	346	100636742	100636951	35.714	3.67e-07	59.7
Protobothrops_mucrosquamatus_C9A	JAWDJD010000004.1	583	97	442	524	100676940	100677230	32.990	1.05e-06	58.2
Protobothrops_mucrosquamatus_C9A	JAWDJD010000004.1	583	46	538	583	100679545	100679682	47.826	3.48e-06	56.2
Chrysopelea_ornata_C9A	JAWDJD010000002.1	584	85	274	358	29317538	29317284	63.529	1.71e-26	121
Chrysopelea_ornata_C9A	JAWDJD010000002.1	584	95	454	543	29299802	29299518	55.789	9.40e-26	119
Chrysopelea_ornata_C9A	JAWDJD010000002.1	584	49	155	203	29322740	29322594	67.347	1.93e-14	83.2
Chrysopelea_ornata_C9A	JAWDJD010000002.1	584	50	107	156	29324612	29324463	62.000	2.07e-10	70.1
Chrysopelea_ornata_C9A	JAWDJD010000002.1	584	69	458	526	30348926	30349129	42.029	1.35e-08	64.3
Chrysopelea_ornata_C9A	JAWDJD010000002.1	584	63	396	458	29301684	29301499	47.619	1.70e-08	63.9
Chrysopelea_ornata_C9A	JAWDJD010000002.1	584	42	25	66	29338446	29338321	54.762	3.79e-06	56.2
Chrysopelea_ornata_C9A	JAWDJD010000008.1	584	223	298	515	38089351	38089974	26.906	5.39e-10	68.9
Chrysopelea_ornata_C9A	JAWDJD010000004.1	584	70	277	346	100636742	100636951	38.571	1.08e-07	61.2
Chrysopelea_ornata_C9A	JAWDJD010000004.1	584	78	277	354	100727553	100727320	33.333	1.14e-06	58.2
Pituophis_catenifer_C9A	JAWDJD010000002.1	583	95	453	542	29299802	29299518	54.737	9.82e-26	119
Pituophis_catenifer_C9A	JAWDJD010000002.1	583	77	277	353	29317529	29317299	66.234	4.28e-25	117
Pituophis_catenifer_C9A	JAWDJD010000002.1	583	49	155	203	29322740	29322594	59.184	1.44e-12	77.0
Pituophis_catenifer_C9A	JAWDJD010000002.1	583	50	107	156	29324612	29324463	62.000	4.81e-10	68.9
Pituophis_catenifer_C9A	JAWDJD010000002.1	583	58	54	111	29335830	29335660	51.724	2.02e-08	63.5
Pituophis_catenifer_C9A	JAWDJD010000002.1	583	69	457	525	30348926	30349129	39.130	1.40e-06	57.8
Pituophis_catenifer_C9A	JAWDJD010000002.1	583	54	404	457	29301657	29301499	50.000	1.62e-06	57.4
Pituophis_catenifer_C9A	JAWDJD010000002.1	583	42	25	66	29338446	29338321	54.762	3.53e-06	56.2
Pituophis_catenifer_C9A	JAWDJD010000002.1	583	47	537	583	30350333	30350473	51.064	6.81e-06	55.5
Pituophis_catenifer_C9A	JAWDJD010000008.1	583	235	298	527	38089351	38090013	28.085	2.17e-12	76.6
Pituophis_catenifer_C9A	JAWDJD010000004.1	583	78	273	350	100727565	100727332	35.897	2.87e-07	60.1
Pituophis_catenifer_C9A	JAWDJD010000004.1	583	46	538	583	100679545	100679682	47.826	5.94e-06	55.5
Pituophis_catenifer_C9A	JAWDJD010000004.1	583	70	277	346	100636742	100636951	35.714	8.00e-06	55.1
Pantherophis_obsoletus_C9A	JAWDJD010000002.1	583	81	274	354	29317538	29317296	66.667	2.56e-28	127
Pantherophis_obsoletus_C9A	JAWDJD010000002.1	583	95	453	542	29299802	29299518	54.737	1.13e-25	118
Pantherophis_obsoletus_C9A	JAWDJD010000002.1	583	49	155	203	29322740	29322594	61.224	2.51e-13	79.7
Pantherophis_obsoletus_C9A	JAWDJD010000002.1	583	50	107	156	29324612	29324463	64.000	7.78e-11	71.6
Pantherophis_obsoletus_C9A	JAWDJD010000002.1	583	58	54	111	29335830	29335660	55.172	1.89e-09	67.0
Pantherophis_obsoletus_C9A	JAWDJD010000002.1	583	63	395	457	29301684	29301499	46.032	5.17e-08	62.4
Pantherophis_obsoletus_C9A	JAWDJD010000002.1	583	69	457	525	30348926	30349129	39.130	1.48e-06	57.8
Pantherophis_obsoletus_C9A	JAWDJD010000002.1	583	42	25	66	29338446	29338321	57.143	3.22e-06	56.6
Pantherophis_obsoletus_C9A	JAWDJD010000002.1	583	47	537	583	30350333	30350473	51.064	7.29e-06	55.5
Pantherophis_obsoletus_C9A	JAWDJD010000008.1	583	235	298	527	38089351	38090013	28.936	1.80e-13	80.1
Pantherophis_obsoletus_C9A	JAWDJD010000004.1	583	78	277	354	100727553	100727320	34.615	5.08e-08	62.4
Pantherophis_obsoletus_C9A	JAWDJD010000004.1	583	79	277	355	100636742	100636978	35.443	6.18e-08	62.0
Pantherophis_obsoletus_C9A	JAWDJD010000004.1	583	46	538	583	100679545	100679682	47.826	6.09e-06	55.5
Bothrops_jararaca_C9A	JAWDJD010000002.1	583	91	264	354	29317562	29317296	61.538	4.37e-27	123
Bothrops_jararaca_C9A	JAWDJD010000002.1	583	94	453	541	29299802	29299521	55.319	1.27e-25	118
Bothrops_jararaca_C9A	JAWDJD010000002.1	583	49	155	203	29322740	29322594	67.347	2.29e-15	86.3
Bothrops_jararaca_C9A	JAWDJD010000002.1	583	50	107	156	29324612	29324463	64.000	6.50e-11	71.6
Bothrops_jararaca_C9A	JAWDJD010000002.1	583	67	395	461	29301684	29301487	46.269	8.12e-09	65.1
Bothrops_jararaca_C9A	JAWDJD010000002.1	583	58	54	111	29335830	29335660	48.276	1.38e-07	60.8
Bothrops_jararaca_C9A	JAWDJD010000002.1	583	69	457	525	30348926	30349129	40.580	1.61e-07	60.8
Bothrops_jararaca_C9A	JAWDJD010000002.1	583	43	537	579	30350333	30350461	55.814	3.36e-06	56.6
Bothrops_jararaca_C9A	JAWDJD010000008.1	583	222	298	514	38089351	38089974	27.477	2.12e-10	70.1
Bothrops_jararaca_C9A	JAWDJD010000004.1	583	78	277	354	100727553	100727320	34.615	1.25e-07	61.2
Bothrops_jararaca_C9A	JAWDJD010000004.1	583	73	274	346	100636733	100636951	35.616	6.72e-07	58.5
Bothrops_jararaca_C9A	JAWDJD010000004.1	583	97	442	524	100676940	100677230	32.990	8.82e-07	58.2
Ptyas_mucosa_C9A	JAWDJD010000002.1	583	81	274	354	29317538	29317296	65.432	2.58e-27	124
Ptyas_mucosa_C9A	JAWDJD010000002.1	583	95	453	542	29299802	29299518	53.684	2.68e-25	117
Ptyas_mucosa_C9A	JAWDJD010000002.1	583	49	155	203	29322740	29322594	61.224	3.93e-13	79.0
Ptyas_mucosa_C9A	JAWDJD010000002.1	583	50	107	156	29324612	29324463	64.000	7.64e-11	71.6
Ptyas_mucosa_C9A	JAWDJD010000002.1	583	58	54	111	29335830	29335660	55.172	1.10e-09	67.8
Ptyas_mucosa_C9A	JAWDJD010000002.1	583	78	457	534	30348926	30349150	42.308	1.39e-08	64.3
Ptyas_mucosa_C9A	JAWDJD010000002.1	583	47	537	583	30350333	30350473	53.191	3.96e-07	59.3
Ptyas_mucosa_C9A	JAWDJD010000002.1	583	42	25	66	29338446	29338321	57.143	2.88e-06	56.6
Ptyas_mucosa_C9A	JAWDJD010000008.1	583	222	298	514	38089351	38089974	28.829	4.89e-12	75.5
Ptyas_mucosa_C9A	JAWDJD010000004.1	583	78	277	354	100727553	100727320	34.615	7.09e-08	62.0
Ptyas_mucosa_C9A	JAWDJD010000004.1	583	97	274	370	100636733	100637002	34.021	1.95e-07	60.5
Vipera_berus_C9A	JAWDJD010000002.1	583	79	276	354	29317532	29317296	70.886	3.14e-27	123
Vipera_berus_C9A	JAWDJD010000002.1	583	94	453	541	29299802	29299521	54.255	7.59e-26	119
Vipera_berus_C9A	JAWDJD010000002.1	583	49	155	203	29322740	29322594	69.388	1.51e-15	86.7
Vipera_berus_C9A	JAWDJD010000002.1	583	56	107	162	29324612	29324445	60.714	1.05e-11	74.3
Vipera_berus_C9A	JAWDJD010000002.1	583	67	395	461	29301684	29301487	46.269	1.55e-08	63.9
Vipera_berus_C9A	JAWDJD010000002.1	583	69	457	525	30348926	30349129	40.580	3.35e-08	62.8
Vipera_berus_C9A	JAWDJD010000002.1	583	58	54	111	29335830	29335660	50.000	1.94e-07	60.5
Vipera_berus_C9A	JAWDJD010000002.1	583	43	537	579	30350333	30350461	58.140	2.39e-06	57.0
Vipera_berus_C9A	JAWDJD010000008.1	583	232	298	514	38089351	38089974	28.448	1.96e-11	73.6
Vipera_berus_C9A	JAWDJD010000004.1	583	81	274	354	100727562	100727320	34.568	2.57e-07	60.1
Vipera_berus_C9A	JAWDJD010000004.1	583	70	277	346	100636742	100636951	35.714	9.86e-07	58.2
Vipera_berus_C9A	JAWDJD010000004.1	583	97	442	524	100676940	100677230	32.990	1.07e-06	58.2
Sceloporus_undulatus_C9A	JAWDJD010000002.1	591	106	268	368	29317562	29317251	66.038	3.48e-33	142
Sceloporus_undulatus_C9A	JAWDJD010000002.1	591	81	457	537	29299802	29299560	71.605	8.56e-31	134
Sceloporus_undulatus_C9A	JAWDJD010000002.1	591	71	400	470	29301681	29301472	61.972	6.46e-16	87.8
Sceloporus_undulatus_C9A	JAWDJD010000002.1	591	55	56	110	29335824	29335660	65.455	9.12e-16	87.4
Sceloporus_undulatus_C9A	JAWDJD010000002.1	591	56	106	161	29324612	29324445	73.214	3.71e-15	85.5
Sceloporus_undulatus_C9A	JAWDJD010000002.1	591	47	156	202	29322734	29322594	80.851	4.30e-15	85.1
Sceloporus_undulatus_C9A	JAWDJD010000002.1	591	84	202	277	29320277	29320026	53.571	1.99e-14	83.2
Sceloporus_undulatus_C9A	JAWDJD010000002.1	591	55	537	591	29298032	29297868	69.091	7.76e-10	68.2
Sceloporus_undulatus_C9A	JAWDJD010000002.1	591	39	26	64	29338443	29338327	71.795	1.04e-08	64.7
Sceloporus_undulatus_C9A	JAWDJD010000002.1	591	51	541	591	30350333	30350485	50.980	9.45e-08	61.6
Sceloporus_undulatus_C9A	JAWDJD010000002.1	591	92	268	359	30437553	30437278	31.522	1.75e-07	60.5
Sceloporus_undulatus_C9A	JAWDJD010000002.1	591	72	462	533	30348929	30349141	38.889	2.29e-07	60.1
Sceloporus_undulatus_C9A	JAWDJD010000002.1	591	46	533	577	30416673	30416542	60.870	2.26e-06	57.0
Sceloporus_undulatus_C9A	JAWDJD010000004.1	591	78	281	358	100727553	100727320	35.897	2.79e-08	63.2
Sceloporus_undulatus_C9A	JAWDJD010000004.1	591	85	280	364	100636739	100636993	35.294	8.11e-08	61.6
Sceloporus_undulatus_C9A	JAWDJD010000004.1	591	79	462	539	100677027	100677254	35.443	3.05e-06	56.6
Sceloporus_undulatus_C9A	JAWDJD010000004.1	591	46	542	587	100679545	100679682	50.000	3.13e-06	56.6
Sceloporus_undulatus_C9A	JAWDJD010000008.1	591	222	302	518	38089351	38089974	24.324	4.28e-06	56.2
Anolis_carolinensis_C9B	JAWDJD010000002.1	538	81	277	357	29317541	29317299	76.543	5.22e-31	134
Anolis_carolinensis_C9B	JAWDJD010000002.1	538	81	457	537	29299802	29299560	69.136	5.71e-27	122
Anolis_carolinensis_C9B	JAWDJD010000002.1	538	57	56	112	29335824	29335654	66.667	5.58e-17	90.9
Anolis_carolinensis_C9B	JAWDJD010000002.1	538	56	106	161	29324612	29324445	75.000	5.68e-17	90.9
Anolis_carolinensis_C9B	JAWDJD010000002.1	538	49	154	202	29322740	29322594	79.592	1.14e-16	90.1
Anolis_carolinensis_C9B	JAWDJD010000002.1	538	60	401	460	29301678	29301502	65.000	9.21e-15	84.0
Anolis_carolinensis_C9B	JAWDJD010000002.1	538	84	202	277	29320277	29320026	52.381	2.97e-14	82.4
Anolis_carolinensis_C9B	JAWDJD010000002.1	538	73	462	534	30348929	30349144	41.096	1.35e-09	67.4
Anolis_carolinensis_C9B	JAWDJD010000002.1	538	92	268	359	30437553	30437278	33.696	3.75e-08	62.4
Anolis_carolinensis_C9B	JAWDJD010000004.1	538	100	257	356	100727598	100727326	37.000	2.72e-10	69.3
Anolis_carolinensis_C9B	JAWDJD010000004.1	538	106	260	364	100636682	100636993	33.019	5.96e-08	62.0
Anolis_carolinensis_C9B	JAWDJD010000008.1	538	244	310	538	38089375	38090064	23.361	3.22e-06	56.2
Hydrophis_cyanocinctus_C9B	JAWDJD010000002.1	582	81	273	353	29317538	29317296	66.667	2.08e-27	124
Hydrophis_cyanocinctus_C9B	JAWDJD010000002.1	582	95	452	541	29299802	29299518	49.474	2.48e-22	108
Hydrophis_cyanocinctus_C9B	JAWDJD010000002.1	582	49	154	202	29322740	29322594	65.306	5.06e-14	81.6
Hydrophis_cyanocinctus_C9B	JAWDJD010000002.1	582	50	106	155	29324612	29324463	64.000	5.64e-11	72.0
Hydrophis_cyanocinctus_C9B	JAWDJD010000002.1	582	69	456	524	30348926	30349129	40.580	8.23e-09	65.1
Hydrophis_cyanocinctus_C9B	JAWDJD010000002.1	582	58	53	110	29335830	29335660	50.000	3.54e-07	59.7
Hydrophis_cyanocinctus_C9B	JAWDJD010000002.1	582	57	400	456	29301666	29301499	47.368	3.05e-06	56.6
Hydrophis_cyanocinctus_C9B	JAWDJD010000002.1	582	48	535	582	30350330	30350473	50.000	5.39e-06	55.8
Hydrophis_cyanocinctus_C9B	JAWDJD010000008.1	582	223	297	514	38089351	38089977	26.457	6.93e-11	71.6
Hydrophis_cyanocinctus_C9B	JAWDJD010000004.1	582	78	276	353	100727553	100727320	34.615	9.60e-08	61.6
Hydrophis_cyanocinctus_C9B	JAWDJD010000004.1	582	79	276	354	100636742	100636978	31.646	3.41e-06	56.2
Bothrops_jararaca_C9B	JAWDJD010000002.1	583	91	264	354	29317562	29317296	61.538	4.07e-27	123
Bothrops_jararaca_C9B	JAWDJD010000002.1	583	94	453	541	29299802	29299521	55.319	1.45e-25	118
Bothrops_jararaca_C9B	JAWDJD010000002.1	583	49	155	203	29322740	29322594	69.388	9.00e-16	87.4
Bothrops_jararaca_C9B	JAWDJD010000002.1	583	50	107	156	29324612	29324463	62.000	1.22e-10	70.9
Bothrops_jararaca_C9B	JAWDJD010000002.1	583	67	395	461	29301684	29301487	44.776	2.30e-08	63.5
Bothrops_jararaca_C9B	JAWDJD010000002.1	583	58	54	111	29335830	29335660	48.276	1.61e-07	60.8
Bothrops_jararaca_C9B	JAWDJD010000002.1	583	69	457	525	30348926	30349129	40.580	1.76e-07	60.5
Bothrops_jararaca_C9B	JAWDJD010000008.1	583	222	298	514	38089351	38089974	27.928	6.67e-11	71.6
Bothrops_jararaca_C9B	JAWDJD010000004.1	583	78	277	354	100727553	100727320	34.615	1.65e-07	60.8
Bothrops_jararaca_C9B	JAWDJD010000004.1	583	73	274	346	100636733	100636951	35.616	6.33e-07	58.9
Bothrops_jararaca_C9B	JAWDJD010000004.1	583	97	442	524	100676940	100677230	32.990	9.05e-07	58.2
Laticauda_colubrina_C9B	JAWDJD010000002.1	583	79	276	354	29317532	29317296	68.354	9.51e-28	125
Laticauda_colubrina_C9B	JAWDJD010000002.1	583	95	453	542	29299802	29299518	51.579	1.53e-23	112
Laticauda_colubrina_C9B	JAWDJD010000002.1	583	48	155	202	29322740	29322597	66.667	2.11e-14	83.2
Laticauda_colubrina_C9B	JAWDJD010000002.1	583	50	107	156	29324612	29324463	62.000	2.17e-11	73.2
Laticauda_colubrina_C9B	JAWDJD010000002.1	583	69	457	525	30348926	30349129	40.580	3.02e-08	63.2
Laticauda_colubrina_C9B	JAWDJD010000002.1	583	92	264	355	30437553	30437278	31.522	8.17e-07	58.5
Laticauda_colubrina_C9B	JAWDJD010000002.1	583	58	54	111	29335830	29335660	46.552	3.56e-06	56.2
Laticauda_colubrina_C9B	JAWDJD010000008.1	583	235	298	527	38089351	38090013	28.511	5.21e-13	78.6
Laticauda_colubrina_C9B	JAWDJD010000004.1	583	81	274	354	100727562	100727320	35.802	2.28e-08	63.5
Laticauda_colubrina_C9B	JAWDJD010000004.1	583	111	247	357	100636655	100636984	27.027	2.79e-07	60.1
Pseudonaja_textilis_C9B	JAWDJD010000002.1	583	79	276	354	29317532	29317296	68.354	3.40e-28	126
Pseudonaja_textilis_C9B	JAWDJD010000002.1	583	95	453	542	29299802	29299518	52.632	1.10e-23	112
Pseudonaja_textilis_C9B	JAWDJD010000002.1	583	49	155	203	29322740	29322594	65.306	5.88e-14	81.6
Pseudonaja_textilis_C9B	JAWDJD010000002.1	583	50	107	156	29324612	29324463	62.000	1.61e-10	70.5
Pseudonaja_textilis_C9B	JAWDJD010000002.1	583	73	453	525	30348914	30349129	41.096	3.77e-09	65.9
Pseudonaja_textilis_C9B	JAWDJD010000002.1	583	58	54	111	29335830	29335660	50.000	1.49e-07	60.8
Pseudonaja_textilis_C9B	JAWDJD010000002.1	583	48	536	583	30350330	30350473	50.000	1.57e-06	57.4
Pseudonaja_textilis_C9B	JAWDJD010000008.1	583	236	298	527	38089351	38090013	27.542	1.23e-10	70.9
Pseudonaja_textilis_C9B	JAWDJD010000004.1	583	81	274	354	100727562	100727320	34.568	3.07e-08	63.2
Pseudonaja_textilis_C9B	JAWDJD010000004.1	583	78	277	354	100636742	100636975	33.333	4.35e-07	59.3
Pseudonaja_textilis_C9B	JAWDJD010000004.1	583	69	457	524	100677024	100677230	39.130	1.60e-06	57.4
Notechis_scutatus_C9B	JAWDJD010000002.1	583	79	276	354	29317532	29317296	67.089	1.38e-27	124
Notechis_scutatus_C9B	JAWDJD010000002.1	583	95	453	542	29299802	29299518	52.632	2.82e-24	114
Notechis_scutatus_C9B	JAWDJD010000002.1	583	49	155	203	29322740	29322594	65.306	3.82e-14	82.0
Notechis_scutatus_C9B	JAWDJD010000002.1	583	50	107	156	29324612	29324463	64.000	5.62e-11	72.0
Notechis_scutatus_C9B	JAWDJD010000002.1	583	69	457	525	30348926	30349129	40.580	4.70e-09	65.9
Notechis_scutatus_C9B	JAWDJD010000002.1	583	58	54	111	29335830	29335660	50.000	2.24e-07	60.1
Notechis_scutatus_C9B	JAWDJD010000002.1	583	57	401	457	29301666	29301499	49.123	9.29e-07	58.2
Notechis_scutatus_C9B	JAWDJD010000002.1	583	48	536	583	30350330	30350473	50.000	5.64e-06	55.8
Notechis_scutatus_C9B	JAWDJD010000008.1	583	237	298	529	38089351	38090019	27.426	3.00e-12	76.3
Notechis_scutatus_C9B	JAWDJD010000004.1	583	81	274	354	100727562	100727320	33.333	9.31e-08	61.6
Notechis_scutatus_C9B	JAWDJD010000004.1	583	69	457	524	100677024	100677230	39.130	1.67e-06	57.4
Notechis_scutatus_C9B	JAWDJD010000004.1	583	79	277	355	100636742	100636978	30.380	5.18e-06	55.8
Pituophis_catenifer_C9B	JAWDJD010000002.1	583	80	453	532	29299802	29299563	63.750	7.07e-26	119
Pituophis_catenifer_C9B	JAWDJD010000002.1	583	90	264	353	29317562	29317299	60.000	3.99e-25	117
Pituophis_catenifer_C9B	JAWDJD010000002.1	583	49	155	203	29322740	29322594	65.306	2.04e-14	83.2
Pituophis_catenifer_C9B	JAWDJD010000002.1	583	50	107	156	29324612	29324463	66.000	1.54e-12	77.0
Pituophis_catenifer_C9B	JAWDJD010000002.1	583	58	54	111	29335830	29335660	53.448	1.21e-08	64.3
Pituophis_catenifer_C9B	JAWDJD010000002.1	583	69	457	525	30348926	30349129	42.029	2.44e-08	63.5
Pituophis_catenifer_C9B	JAWDJD010000002.1	583	54	404	457	29301657	29301499	50.000	8.56e-06	55.1
Pituophis_catenifer_C9B	JAWDJD010000008.1	583	253	298	541	38089351	38090067	26.877	2.83e-11	72.8
Pituophis_catenifer_C9B	JAWDJD010000004.1	583	78	273	350	100727565	100727332	35.897	2.34e-07	60.1
Pituophis_catenifer_C9B	JAWDJD010000004.1	583	70	277	346	100636742	100636951	35.714	5.94e-06	55.5
Pantherophis_obsoletus_C9B	JAWDJD010000002.1	583	81	274	354	29317538	29317296	65.432	3.75e-28	126
Pantherophis_obsoletus_C9B	JAWDJD010000002.1	583	80	453	532	29299802	29299563	60.000	6.90e-25	116
Pantherophis_obsoletus_C9B	JAWDJD010000002.1	583	49	155	203	29322740	29322594	65.306	2.30e-14	82.8
Pantherophis_obsoletus_C9B	JAWDJD010000002.1	583	50	107	156	29324612	29324463	66.000	2.01e-12	76.6
Pantherophis_obsoletus_C9B	JAWDJD010000002.1	583	58	54	111	29335830	29335660	51.724	1.11e-07	61.2
Pantherophis_obsoletus_C9B	JAWDJD010000002.1	583	69	457	525	30348926	30349129	34.783	1.11e-06	58.2
Pantherophis_obsoletus_C9B	JAWDJD010000002.1	583	66	401	466	29301666	29301472	42.424	4.88e-06	55.8
Pantherophis_obsoletus_C9B	JAWDJD010000008.1	583	222	298	514	38089351	38089974	27.027	4.50e-11	72.4
Pantherophis_obsoletus_C9B	JAWDJD010000004.1	583	81	274	354	100727562	100727320	34.568	1.65e-08	63.9
Pantherophis_obsoletus_C9B	JAWDJD010000004.1	583	82	274	355	100636733	100636978	35.366	1.17e-07	61.2
Crotalus_tigris_C9B	JAWDJD010000002.1	583	80	276	354	29317532	29317293	66.250	3.78e-25	117
Crotalus_tigris_C9B	JAWDJD010000002.1	583	80	453	532	29299802	29299563	60.000	3.81e-25	117
Crotalus_tigris_C9B	JAWDJD010000002.1	583	49	155	203	29322740	29322594	65.306	6.46e-14	81.3
Crotalus_tigris_C9B	JAWDJD010000002.1	583	50	107	156	29324612	29324463	68.000	2.44e-12	76.3
Crotalus_tigris_C9B	JAWDJD010000002.1	583	78	448	525	30348899	30349129	37.179	5.49e-08	62.4
Crotalus_tigris_C9B	JAWDJD010000002.1	583	66	401	466	29301666	29301472	45.455	1.28e-07	61.2
Crotalus_tigris_C9B	JAWDJD010000002.1	583	58	54	111	29335830	29335660	48.276	3.52e-07	59.7
Crotalus_tigris_C9B	JAWDJD010000008.1	583	224	298	514	38089351	38089974	29.911	2.06e-12	76.6
Crotalus_tigris_C9B	JAWDJD010000008.1	583	218	299	516	39269617	39269015	19.725	3.88e-06	56.2
Crotalus_tigris_C9B	JAWDJD010000004.1	583	74	277	350	100727553	100727332	35.135	1.92e-06	57.4
Crotalus_tigris_C9B	JAWDJD010000004.1	583	94	277	370	100636742	100637002	31.915	7.29e-06	55.5
Ptyas_mucosa_C9B	JAWDJD010000002.1	583	109	247	353	29317619	29317299	53.211	2.28e-25	117
Ptyas_mucosa_C9B	JAWDJD010000002.1	583	80	453	532	29299802	29299563	58.750	7.58e-24	113
Ptyas_mucosa_C9B	JAWDJD010000002.1	583	49	155	203	29322740	29322594	65.306	2.04e-14	83.2
Ptyas_mucosa_C9B	JAWDJD010000002.1	583	56	107	162	29324612	29324445	60.714	8.99e-12	74.7
Ptyas_mucosa_C9B	JAWDJD010000002.1	583	59	399	457	29301672	29301499	49.153	1.11e-06	58.2
Ptyas_mucosa_C9B	JAWDJD010000002.1	583	58	54	111	29335830	29335660	46.552	3.60e-06	56.2
Ptyas_mucosa_C9B	JAWDJD010000002.1	583	59	467	525	30348953	30349129	35.593	7.35e-06	55.5
Ptyas_mucosa_C9B	JAWDJD010000008.1	583	222	298	514	38089351	38089974	28.378	5.29e-11	72.0
Ptyas_mucosa_C9B	JAWDJD010000004.1	583	78	273	350	100727565	100727332	35.897	2.20e-07	60.5
Ptyas_mucosa_C9B	JAWDJD010000004.1	583	70	277	346	100636742	100636951	35.714	6.36e-06	55.5
