Bradypodion_pumilum_C9A	JAWDJD010000002.1	599	84	202	285	29320277	29320026	100.000	3.22e-42	169
Bradypodion_pumilum_C9A	JAWDJD010000002.1	599	82	285	366	29317541	29317296	98.780	3.22e-42	169
Bradypodion_pumilum_C9A	JAWDJD010000002.1	599	81	464	544	29299802	29299560	96.296	1.15e-41	167
Bradypodion_pumilum_C9A	JAWDJD010000002.1	599	56	544	599	29298032	29297865	100.000	1.99e-26	121
Bradypodion_pumilum_C9A	JAWDJD010000002.1	599	60	408	467	29301681	29301502	100.000	3.04e-26	120
Bradypodion_pumilum_C9A	JAWDJD010000002.1	599	57	56	112	29335824	29335654	89.474	1.33e-23	112
Bradypodion_pumilum_C9A	JAWDJD010000002.1	599	50	154	203	29322740	29322591	96.000	4.60e-22	107
Bradypodion_pumilum_C9A	JAWDJD010000002.1	599	56	106	161	29324612	29324445	92.857	6.14e-22	107
Bradypodion_pumilum_C9A	JAWDJD010000002.1	599	49	359	407	29315428	29315282	87.755	2.11e-16	89.7
Bradypodion_pumilum_C9A	JAWDJD010000002.1	599	42	25	66	29338446	29338321	80.952	1.15e-12	77.4
Bradypodion_pumilum_C9A	JAWDJD010000002.1	599	108	260	367	30437562	30437278	33.333	1.93e-08	63.9
Bradypodion_pumilum_C9A	JAWDJD010000002.1	599	50	549	598	30350336	30350485	56.000	5.52e-08	62.4
Bradypodion_pumilum_C9A	JAWDJD010000002.1	599	70	469	538	30348929	30349135	40.000	5.13e-07	59.3
Bradypodion_pumilum_C9A	JAWDJD010000002.1	599	26	1	26	29341189	29341112	100.000	7.94e-06	55.5
Bradypodion_pumilum_C9A	JAWDJD010000004.1	599	78	289	366	100727553	100727320	37.179	2.82e-09	66.6
Bradypodion_pumilum_C9A	JAWDJD010000004.1	599	106	268	372	100636682	100636993	33.962	6.32e-08	62.0
Bradypodion_pumilum_C9A	JAWDJD010000004.1	599	46	549	594	100679545	100679682	54.348	1.14e-07	61.2
Bradypodion_pumilum_C9A	JAWDJD010000004.1	599	97	453	535	100676940	100677230	31.959	3.89e-06	56.2
Bradypodion_pumilum_C9A	JAWDJD010000008.1	599	221	310	525	38089351	38089974	23.982	3.68e-07	59.7
Bradypodion_pumilum_C9A	JAWDJD010000016.1	599	63	535	594	7463479	7463661	44.444	5.42e-06	55.8
