# Bradypodion_pumilum_copy1 subject=JAWDJD010000002.1 region_offset=29282868 (add to sstart/send)
Lacerta_agilis_C9A	region	589	80	455	534	16935	16696	70.000	1.11e-33	129
Lacerta_agilis_C9A	region	589	84	277	360	34668	34417	66.667	2.98e-33	128
Lacerta_agilis_C9A	region	589	50	153	202	39873	39724	76.000	1.58e-21	91.3
Lacerta_agilis_C9A	region	589	55	55	109	52957	52793	63.636	5.13e-19	83.2
Lacerta_agilis_C9A	region	589	59	400	458	18808	18635	66.102	2.41e-17	77.8
Lacerta_agilis_C9A	region	589	59	105	163	41745	41569	66.102	2.45e-17	77.8
Lacerta_agilis_C9A	region	589	84	201	275	37410	37159	41.667	4.31e-13	64.3
Lacerta_agilis_C9A	region	589	48	539	585	15153	15010	70.833	1.18e-09	52.8
Lacerta_agilis_C9A	region	589	41	26	65	55576	55454	53.659	4.40e-08	47.8
Lacerta_agilis_C9A	region	589	76	356	429	32540	32313	30.263	0.001	33.5
Lacerta_agilis_C9A	region	589	26	1	26	58322	58245	50.000	0.032	28.5
Lacerta_agilis_C9A	region	589	24	188	210	39919	39848	50.000	0.89	23.9
Zootoca_vivipara_C9A	region	589	84	277	360	34668	34417	66.667	2.61e-33	128
Zootoca_vivipara_C9A	region	589	80	455	534	16935	16696	67.500	6.26e-33	127
Zootoca_vivipara_C9A	region	589	50	153	202	39873	39724	76.000	1.88e-21	91.3
Zootoca_vivipara_C9A	region	589	55	55	109	52957	52793	63.636	4.25e-19	83.6
Zootoca_vivipara_C9A	region	589	59	105	163	41745	41569	64.407	3.83e-17	77.4
Zootoca_vivipara_C9A	region	589	59	400	458	18808	18635	64.407	1.36e-16	75.5
Zootoca_vivipara_C9A	region	589	84	201	275	37410	37159	41.667	1.17e-11	59.3
Zootoca_vivipara_C9A	region	589	48	539	585	15153	15010	68.750	4.91e-09	50.8
Zootoca_vivipara_C9A	region	589	31	35	65	55546	55454	58.065	8.52e-08	47.0
Zootoca_vivipara_C9A	region	589	42	356	397	32540	32415	35.714	4.88e-04	34.7
Zootoca_vivipara_C9A	region	589	26	1	26	58322	58245	50.000	0.033	28.5
Zootoca_vivipara_C9A	region	589	24	188	210	39919	39848	50.000	0.80	24.3
Podarcis_muralis_C9A	region	589	84	277	360	34668	34417	66.667	2.24e-33	128
Podarcis_muralis_C9A	region	589	80	455	534	16935	16696	65.000	8.31e-32	124
Podarcis_muralis_C9A	region	589	50	153	202	39873	39724	76.000	1.67e-21	91.3
Podarcis_muralis_C9A	region	589	55	55	109	52957	52793	61.818	2.77e-18	80.9
Podarcis_muralis_C9A	region	589	59	400	458	18808	18635	66.102	1.77e-17	78.2
Podarcis_muralis_C9A	region	589	59	105	163	41745	41569	66.102	2.56e-17	77.8
Podarcis_muralis_C9A	region	589	84	201	275	37410	37159	40.476	1.96e-11	58.9
Podarcis_muralis_C9A	region	589	48	539	585	15153	15010	70.833	1.51e-09	52.8
Podarcis_muralis_C9A	region	589	41	26	65	55576	55454	53.659	5.04e-08	47.8
Podarcis_muralis_C9A	region	589	76	356	429	32540	32313	31.579	9.03e-05	37.0
Podarcis_muralis_C9A	region	589	24	188	210	39919	39848	50.000	0.82	23.9
Anolis_carolinensis_C9A	region	591	82	277	358	34674	34429	80.488	5.08e-39	145
Anolis_carolinensis_C9A	region	591	81	457	537	16935	16693	74.074	1.98e-35	135
Anolis_carolinensis_C9A	region	591	47	156	202	39867	39727	85.106	2.40e-22	94.0
Anolis_carolinensis_C9A	region	591	57	56	112	52957	52787	66.667	5.61e-21	89.7
Anolis_carolinensis_C9A	region	591	50	106	155	41745	41596	82.000	1.72e-20	88.2
Anolis_carolinensis_C9A	region	591	84	202	277	37410	37159	50.000	1.08e-16	75.9
Anolis_carolinensis_C9A	region	591	71	400	470	18814	18605	50.704	8.28e-16	72.8
Anolis_carolinensis_C9A	region	591	55	537	591	15165	15001	69.091	6.53e-14	66.6
Anolis_carolinensis_C9A	region	591	39	26	64	55576	55460	58.974	1.07e-10	56.2
Anolis_carolinensis_C9A	region	591	42	358	399	32540	32415	40.476	5.14e-05	37.7
Anolis_carolinensis_C9A	region	591	26	1	26	58322	58245	57.692	0.004	31.6
Pogona_vitticeps_C9A	region	576	105	235	339	34743	34429	80.952	1.46e-49	177
Pogona_vitticeps_C9A	region	576	79	438	516	16935	16699	74.684	6.03e-35	133
Pogona_vitticeps_C9A	region	576	61	154	214	39873	39691	78.689	5.32e-26	105
Pogona_vitticeps_C9A	region	576	55	56	110	52957	52793	74.545	2.42e-23	97.1
Pogona_vitticeps_C9A	region	576	68	380	447	18817	18617	66.176	5.61e-21	89.4
Pogona_vitticeps_C9A	region	576	56	106	161	41745	41578	71.429	2.31e-19	84.3
Pogona_vitticeps_C9A	region	576	52	524	575	15156	15001	84.615	3.36e-16	74.3
Pogona_vitticeps_C9A	region	576	41	25	65	55579	55457	65.854	1.33e-12	62.4
Pogona_vitticeps_C9A	region	576	77	311	380	32645	32415	37.662	3.22e-10	54.7
Pogona_vitticeps_C9A	region	576	26	1	26	58322	58245	84.615	8.04e-09	50.1
Gekko_japonicus_C9A	region	582	89	288	376	34683	34417	58.427	2.19e-29	116
Gekko_japonicus_C9A	region	582	74	451	524	16935	16714	71.622	7.22e-29	114
Gekko_japonicus_C9A	region	582	50	171	220	39873	39724	62.000	3.99e-17	77.0
Gekko_japonicus_C9A	region	582	60	122	181	41745	41569	55.000	1.70e-14	68.6
Gekko_japonicus_C9A	region	582	58	69	126	52957	52793	53.448	3.21e-12	61.2
Gekko_japonicus_C9A	region	582	61	391	451	18823	18644	44.262	5.31e-12	60.5
Gekko_japonicus_C9A	region	582	39	39	77	55576	55460	56.410	5.57e-09	50.8
Gekko_japonicus_C9A	region	582	122	189	288	37518	37168	29.508	2.49e-08	48.5
Gekko_japonicus_C9A	region	582	52	531	582	15165	15010	57.692	8.23e-07	43.5
Gekko_japonicus_C9A	region	582	20	372	391	32540	32481	50.000	0.13	26.6
Crotalus_tigris_C9A	region	583	89	264	352	34695	34435	60.674	2.00e-30	119
Crotalus_tigris_C9A	region	583	80	453	532	16935	16696	60.000	1.20e-29	117
Crotalus_tigris_C9A	region	583	49	155	203	39873	39727	65.306	1.65e-18	81.6
Crotalus_tigris_C9A	region	583	50	107	156	41745	41596	66.000	3.63e-16	73.9
Crotalus_tigris_C9A	region	583	66	401	466	18799	18605	45.455	3.89e-12	60.8
Crotalus_tigris_C9A	region	583	58	54	111	52963	52793	48.276	5.52e-12	60.5
Crotalus_tigris_C9A	region	583	42	25	66	55579	55454	50.000	2.19e-09	52.0
Crotalus_tigris_C9A	region	583	51	533	583	15165	15013	60.784	1.98e-08	48.9
Crotalus_tigris_C9A	region	583	42	355	396	32537	32412	35.714	5.93e-05	37.7
Crotalus_tigris_C9A	region	583	26	1	26	58322	58245	53.846	0.008	30.8
Thamnophis_elegans_C9A	region	583	85	274	358	34671	34417	63.529	7.31e-31	120
Thamnophis_elegans_C9A	region	583	95	453	542	16935	16651	51.579	7.58e-27	108
Thamnophis_elegans_C9A	region	583	49	155	203	39873	39727	65.306	1.64e-18	81.6
Thamnophis_elegans_C9A	region	583	50	107	156	41745	41596	62.000	2.74e-15	71.2
Thamnophis_elegans_C9A	region	583	58	54	111	52963	52793	51.724	2.03e-13	65.1
Thamnophis_elegans_C9A	region	583	72	395	466	18817	18605	43.056	2.56e-13	64.7
Thamnophis_elegans_C9A	region	583	42	25	66	55579	55454	54.762	8.79e-11	56.6
Thamnophis_elegans_C9A	region	583	51	533	583	15165	15013	58.824	4.63e-09	50.8
Thamnophis_elegans_C9A	region	583	82	203	271	37410	37165	35.366	1.85e-07	45.8
Thamnophis_elegans_C9A	region	583	36	354	389	32540	32433	30.556	0.027	28.9
Thamnophis_elegans_C9A	region	583	26	1	26	58322	58245	53.846	0.038	28.5
Naja_naja_C9A	region	582	90	264	353	34695	34432	58.889	4.35e-30	118
Naja_naja_C9A	region	582	80	452	531	16935	16696	60.000	6.32e-29	114
Naja_naja_C9A	region	582	49	155	203	39873	39727	63.265	1.73e-17	78.2
Naja_naja_C9A	region	582	50	107	156	41745	41596	68.000	1.37e-16	75.5
Naja_naja_C9A	region	582	58	54	111	52963	52793	51.724	7.80e-13	63.2
Naja_naja_C9A	region	582	76	390	465	18820	18605	44.737	6.63e-12	60.1
Naja_naja_C9A	region	582	42	25	66	55579	55454	54.762	9.46e-11	56.6
Naja_naja_C9A	region	582	37	546	582	15123	15013	62.162	4.70e-08	47.8
Naja_naja_C9A	region	582	86	203	273	37410	37159	29.070	4.00e-07	44.7
Naja_naja_C9A	region	582	26	1	26	58322	58245	61.538	0.002	32.3
Naja_naja_C9A	region	582	35	355	388	32537	32433	37.143	0.006	31.2
Pseudonaja_textilis_C9A	region	583	80	453	532	16935	16696	62.500	7.03e-30	117
Pseudonaja_textilis_C9A	region	583	90	264	353	34695	34432	57.778	2.75e-29	115
Pseudonaja_textilis_C9A	region	583	49	155	203	39873	39727	63.265	1.67e-17	78.6
Pseudonaja_textilis_C9A	region	583	50	107	156	41745	41596	64.000	8.92e-16	72.8
Pseudonaja_textilis_C9A	region	583	58	54	111	52963	52793	51.724	2.23e-13	65.1
Pseudonaja_textilis_C9A	region	583	68	399	466	18805	18605	41.176	2.27e-11	58.5
Pseudonaja_textilis_C9A	region	583	42	25	66	55579	55454	57.143	2.76e-11	58.2
Pseudonaja_textilis_C9A	region	583	37	547	583	15123	15013	59.459	1.50e-07	46.2
Pseudonaja_textilis_C9A	region	583	86	203	273	37410	37159	29.070	2.47e-07	45.4
Pseudonaja_textilis_C9A	region	583	42	355	396	32537	32412	28.571	0.001	33.5
Pseudonaja_textilis_C9A	region	583	26	1	26	58322	58245	57.692	0.005	31.2
Pseudonaja_textilis_C9A	region	583	24	389	412	32205	32276	41.667	0.87	23.9
Python_bivittatus_C9A	region	582	80	453	532	16935	16696	62.500	7.03e-30	117
Python_bivittatus_C9A	region	582	79	276	354	34665	34429	65.823	1.22e-29	117
Python_bivittatus_C9A	region	582	49	155	203	39873	39727	63.265	5.25e-18	80.1
Python_bivittatus_C9A	region	582	50	107	156	41745	41596	60.000	4.24e-14	67.4
Python_bivittatus_C9A	region	582	62	396	457	18814	18632	50.000	2.08e-12	62.0
Python_bivittatus_C9A	region	582	58	54	111	52963	52793	48.276	1.99e-11	58.5
Python_bivittatus_C9A	region	582	42	25	66	55579	55454	57.143	8.47e-11	56.6
Python_bivittatus_C9A	region	582	52	531	582	15168	15013	69.231	2.72e-10	55.1
Python_bivittatus_C9A	region	582	83	203	272	37410	37162	30.120	3.68e-08	48.1
Python_bivittatus_C9A	region	582	36	1	35	58322	58215	61.111	3.05e-05	38.5
Python_bivittatus_C9A	region	582	42	354	395	32540	32415	35.714	9.20e-05	37.0
Notechis_scutatus_C9A	region	583	90	264	353	34695	34432	57.778	3.12e-29	115
Notechis_scutatus_C9A	region	583	80	453	532	16935	16696	61.250	4.81e-29	115
Notechis_scutatus_C9A	region	583	49	155	203	39873	39727	63.265	1.60e-17	78.6
Notechis_scutatus_C9A	region	583	50	107	156	41745	41596	66.000	3.39e-16	74.3
Notechis_scutatus_C9A	region	583	58	54	111	52963	52793	53.448	1.34e-13	65.9
Notechis_scutatus_C9A	region	583	68	399	466	18805	18605	41.176	2.33e-11	58.5
Notechis_scutatus_C9A	region	583	42	25	66	55579	55454	57.143	2.71e-11	58.2
Notechis_scutatus_C9A	region	583	37	547	583	15123	15013	59.459	1.52e-07	46.2
Notechis_scutatus_C9A	region	583	86	203	273	37410	37159	29.070	4.18e-07	44.7
Notechis_scutatus_C9A	region	583	44	355	398	32537	32406	29.545	3.96e-04	35.0
Notechis_scutatus_C9A	region	583	26	1	26	58322	58245	65.385	5.90e-04	34.3
Hydrophis_cyanocinctus_C9A	region	583	80	453	532	16935	16696	61.250	2.95e-29	115
Hydrophis_cyanocinctus_C9A	region	583	78	276	353	34665	34432	62.821	5.69e-29	114
Hydrophis_cyanocinctus_C9A	region	583	49	155	203	39873	39727	65.306	7.38e-18	79.7
Hydrophis_cyanocinctus_C9A	region	583	50	107	156	41745	41596	66.000	3.48e-16	73.9
Hydrophis_cyanocinctus_C9A	region	583	58	54	111	52963	52793	53.448	1.34e-13	65.9
Hydrophis_cyanocinctus_C9A	region	583	42	25	66	55579	55454	57.143	2.93e-11	58.2
Hydrophis_cyanocinctus_C9A	region	583	76	391	466	18820	18605	39.474	1.13e-10	56.2
Hydrophis_cyanocinctus_C9A	region	583	86	203	273	37410	37159	30.233	1.09e-07	46.6
Hydrophis_cyanocinctus_C9A	region	583	37	547	583	15123	15013	59.459	1.52e-07	46.2
Hydrophis_cyanocinctus_C9A	region	583	26	1	26	58322	58245	57.692	0.005	31.6
Hydrophis_cyanocinctus_C9A	region	583	35	355	389	32537	32433	31.429	0.005	31.2
Laticauda_colubrina_C9A	region	583	90	264	353	34695	34432	57.778	1.51e-29	116
Laticauda_colubrina_C9A	region	583	80	453	532	16935	16696	62.500	2.63e-29	115
Laticauda_colubrina_C9A	region	583	49	155	203	39873	39727	63.265	1.95e-17	78.2
Laticauda_colubrina_C9A	region	583	50	107	156	41745	41596	64.000	1.03e-15	72.8
Laticauda_colubrina_C9A	region	583	58	54	111	52963	52793	51.724	9.28e-13	63.2
Laticauda_colubrina_C9A	region	583	76	391	466	18820	18605	44.737	3.86e-12	60.8
Laticauda_colubrina_C9A	region	583	42	25	66	55579	55454	57.143	3.95e-11	57.8
Laticauda_colubrina_C9A	region	583	54	530	583	15174	15013	55.556	1.41e-07	46.2
Laticauda_colubrina_C9A	region	583	86	203	273	37410	37159	27.907	1.99e-06	42.4
Laticauda_colubrina_C9A	region	583	26	1	26	58322	58245	57.692	0.005	31.6
Laticauda_colubrina_C9A	region	583	35	355	389	32537	32433	25.714	0.30	25.4
Protobothrops_mucrosquamatus_C9A	region	583	91	264	354	34695	34429	62.637	2.30e-32	125
Protobothrops_mucrosquamatus_C9A	region	583	94	453	541	16935	16654	56.383	5.96e-31	120
Protobothrops_mucrosquamatus_C9A	region	583	49	155	203	39873	39727	67.347	6.65e-20	86.3
Protobothrops_mucrosquamatus_C9A	region	583	50	107	156	41745	41596	58.000	3.91e-14	67.4
Protobothrops_mucrosquamatus_C9A	region	583	72	395	466	18817	18605	41.667	1.33e-11	59.3
Protobothrops_mucrosquamatus_C9A	region	583	58	54	111	52963	52793	46.552	2.76e-11	58.2
Protobothrops_mucrosquamatus_C9A	region	583	51	533	583	15165	15013	62.745	8.45e-10	53.5
Protobothrops_mucrosquamatus_C9A	region	583	83	203	272	37410	37162	36.145	9.77e-10	53.1
Protobothrops_mucrosquamatus_C9A	region	583	33	25	57	55579	55481	57.576	3.03e-08	48.1
Protobothrops_mucrosquamatus_C9A	region	583	42	354	395	32540	32415	33.333	0.001	33.5
Protobothrops_mucrosquamatus_C9A	region	583	26	1	26	58322	58245	53.846	0.074	27.3
Chrysopelea_ornata_C9A	region	584	85	274	358	34671	34417	63.529	4.95e-31	121
Chrysopelea_ornata_C9A	region	584	95	454	543	16935	16651	55.789	2.72e-30	119
Chrysopelea_ornata_C9A	region	584	49	155	203	39873	39727	67.347	5.61e-19	83.2
Chrysopelea_ornata_C9A	region	584	50	107	156	41745	41596	62.000	6.03e-15	70.1
Chrysopelea_ornata_C9A	region	584	63	396	458	18817	18632	47.619	4.95e-13	63.9
Chrysopelea_ornata_C9A	region	584	42	25	66	55579	55454	54.762	1.11e-10	56.2
Chrysopelea_ornata_C9A	region	584	58	54	111	52963	52793	44.828	5.13e-10	53.9
Chrysopelea_ornata_C9A	region	584	83	203	272	37410	37162	32.530	4.53e-09	50.8
Chrysopelea_ornata_C9A	region	584	51	534	584	15165	15013	54.902	3.33e-07	45.1
Chrysopelea_ornata_C9A	region	584	26	1	26	58322	58245	53.846	0.014	29.6
Chrysopelea_ornata_C9A	region	584	42	354	395	32540	32418	30.952	0.034	28.5
Chrysopelea_ornata_C9A	region	584	18	541	558	65267	65214	50.000	0.56	24.6
Pituophis_catenifer_C9A	region	583	95	453	542	16935	16651	54.737	2.85e-30	119
Pituophis_catenifer_C9A	region	583	77	277	353	34662	34432	66.234	1.24e-29	117
Pituophis_catenifer_C9A	region	583	49	155	203	39873	39727	59.184	4.18e-17	77.0
Pituophis_catenifer_C9A	region	583	50	107	156	41745	41596	62.000	1.40e-14	68.9
Pituophis_catenifer_C9A	region	583	58	54	111	52963	52793	51.724	5.90e-13	63.5
Pituophis_catenifer_C9A	region	583	54	404	457	18790	18632	50.000	4.72e-11	57.4
Pituophis_catenifer_C9A	region	583	42	25	66	55579	55454	54.762	1.03e-10	56.2
Pituophis_catenifer_C9A	region	583	84	203	273	37410	37159	32.143	3.91e-09	51.2
Pituophis_catenifer_C9A	region	583	50	534	583	15162	15013	60.000	1.13e-08	49.7
Pituophis_catenifer_C9A	region	583	41	355	395	32537	32415	31.707	6.42e-04	34.3
Pituophis_catenifer_C9A	region	583	26	1	26	58322	58245	57.692	0.008	30.4
Pituophis_catenifer_C9A	region	583	33	540	572	65267	65169	39.394	0.59	24.6
Pantherophis_obsoletus_C9A	region	583	81	274	354	34671	34429	66.667	7.40e-33	127
Pantherophis_obsoletus_C9A	region	583	95	453	542	16935	16651	54.737	3.28e-30	118
Pantherophis_obsoletus_C9A	region	583	49	155	203	39873	39727	61.224	7.31e-18	79.7
Pantherophis_obsoletus_C9A	region	583	50	107	156	41745	41596	64.000	2.27e-15	71.6
Pantherophis_obsoletus_C9A	region	583	58	54	111	52963	52793	55.172	5.50e-14	67.0
Pantherophis_obsoletus_C9A	region	583	63	395	457	18817	18632	46.032	1.51e-12	62.4
Pantherophis_obsoletus_C9A	region	583	42	25	66	55579	55454	57.143	9.41e-11	56.6
Pantherophis_obsoletus_C9A	region	583	51	533	583	15165	15013	58.824	9.38e-09	50.1
Pantherophis_obsoletus_C9A	region	583	83	203	272	37410	37162	31.325	6.24e-08	47.4
Pantherophis_obsoletus_C9A	region	583	42	354	395	32540	32415	33.333	1.30e-04	36.6
Pantherophis_obsoletus_C9A	region	583	36	1	35	58322	58215	50.000	0.007	30.8
Pantherophis_obsoletus_C9A	region	583	33	540	572	65267	65169	39.394	0.58	24.6
Bothrops_jararaca_C9A	region	583	91	264	354	34695	34429	61.538	1.27e-31	123
Bothrops_jararaca_C9A	region	583	94	453	541	16935	16654	55.319	3.68e-30	118
Bothrops_jararaca_C9A	region	583	49	155	203	39873	39727	67.347	6.65e-20	86.3
Bothrops_jararaca_C9A	region	583	50	107	156	41745	41596	64.000	1.89e-15	71.6
Bothrops_jararaca_C9A	region	583	67	395	461	18817	18620	46.269	2.37e-13	65.1
Bothrops_jararaca_C9A	region	583	58	54	111	52963	52793	48.276	4.02e-12	60.8
Bothrops_jararaca_C9A	region	583	83	203	272	37410	37162	36.145	1.25e-09	52.8
Bothrops_jararaca_C9A	region	583	51	533	583	15165	15013	60.784	3.35e-09	51.6
Bothrops_jararaca_C9A	region	583	33	25	57	55579	55481	51.515	1.98e-07	45.8
Bothrops_jararaca_C9A	region	583	42	354	395	32540	32415	38.095	6.40e-05	37.4
Bothrops_jararaca_C9A	region	583	33	1	33	58322	58224	48.485	0.006	30.8
Ptyas_mucosa_C9A	region	583	81	274	354	34671	34429	65.432	7.48e-32	124
Ptyas_mucosa_C9A	region	583	95	453	542	16935	16651	53.684	7.75e-30	117
Ptyas_mucosa_C9A	region	583	49	155	203	39873	39727	61.224	1.14e-17	79.0
Ptyas_mucosa_C9A	region	583	50	107	156	41745	41596	64.000	2.23e-15	71.6
Ptyas_mucosa_C9A	region	583	58	54	111	52963	52793	55.172	3.21e-14	67.8
Ptyas_mucosa_C9A	region	583	42	25	66	55579	55454	57.143	8.42e-11	56.6
Ptyas_mucosa_C9A	region	583	83	203	272	37410	37162	31.325	4.75e-08	47.8
Ptyas_mucosa_C9A	region	583	50	534	583	15162	15013	60.000	1.93e-07	45.8
Ptyas_mucosa_C9A	region	583	36	1	35	58322	58215	52.778	0.001	33.1
Ptyas_mucosa_C9A	region	583	41	354	394	32540	32418	34.146	0.004	31.6
Ptyas_mucosa_C9A	region	583	85	319	401	64473	64724	28.235	0.064	27.7
Vipera_berus_C9A	region	583	79	276	354	34665	34429	70.886	9.10e-32	123
Vipera_berus_C9A	region	583	94	453	541	16935	16654	54.255	2.20e-30	119
Vipera_berus_C9A	region	583	49	155	203	39873	39727	69.388	4.39e-20	86.7
Vipera_berus_C9A	region	583	56	107	162	41745	41578	60.714	3.06e-16	74.3
Vipera_berus_C9A	region	583	67	395	461	18817	18620	46.269	4.53e-13	63.9
Vipera_berus_C9A	region	583	58	54	111	52963	52793	50.000	5.66e-12	60.5
Vipera_berus_C9A	region	583	33	25	57	55579	55481	63.636	1.01e-09	53.1
Vipera_berus_C9A	region	583	83	203	272	37410	37162	33.735	2.29e-09	52.0
Vipera_berus_C9A	region	583	51	533	583	15165	15013	60.784	6.40e-09	50.4
Vipera_berus_C9A	region	583	42	354	395	32540	32415	38.095	5.01e-05	37.7
Vipera_berus_C9A	region	583	33	1	33	58322	58224	48.485	0.013	30.0
Sceloporus_undulatus_C9A	region	591	106	268	368	34695	34384	66.038	1.01e-37	142
Sceloporus_undulatus_C9A	region	591	81	457	537	16935	16693	71.605	2.48e-35	134
Sceloporus_undulatus_C9A	region	591	71	400	470	18814	18605	61.972	1.88e-20	87.8
Sceloporus_undulatus_C9A	region	591	55	56	110	52957	52793	65.455	2.65e-20	87.4
Sceloporus_undulatus_C9A	region	591	56	106	161	41745	41578	73.214	1.08e-19	85.5
Sceloporus_undulatus_C9A	region	591	47	156	202	39867	39727	80.851	1.25e-19	85.1
Sceloporus_undulatus_C9A	region	591	84	202	277	37410	37159	53.571	5.79e-19	83.2
Sceloporus_undulatus_C9A	region	591	55	537	591	15165	15001	69.091	2.26e-14	68.2
Sceloporus_undulatus_C9A	region	591	39	26	64	55576	55460	71.795	3.03e-13	64.7
Sceloporus_undulatus_C9A	region	591	26	1	26	58322	58245	76.923	2.71e-06	42.0
Sceloporus_undulatus_C9A	region	591	46	358	403	32540	32403	34.783	1.97e-05	39.3
Sceloporus_undulatus_C9A	region	591	29	349	377	30374	30460	34.483	0.12	26.9
Anolis_carolinensis_C9B	region	538	81	277	357	34674	34432	76.543	1.51e-35	134
Anolis_carolinensis_C9B	region	538	81	457	537	16935	16693	69.136	1.66e-31	122
Anolis_carolinensis_C9B	region	538	57	56	112	52957	52787	66.667	1.62e-21	90.9
Anolis_carolinensis_C9B	region	538	56	106	161	41745	41578	75.000	1.65e-21	90.9
Anolis_carolinensis_C9B	region	538	49	154	202	39873	39727	79.592	3.32e-21	90.1
Anolis_carolinensis_C9B	region	538	60	401	460	18811	18635	65.000	2.68e-19	84.0
Anolis_carolinensis_C9B	region	538	84	202	277	37410	37159	52.381	8.64e-19	82.4
Anolis_carolinensis_C9B	region	538	40	26	65	55576	55457	55.000	6.70e-10	53.5
Anolis_carolinensis_C9B	region	538	42	359	400	32537	32412	35.714	0.002	32.7
Anolis_carolinensis_C9B	region	538	26	1	26	58322	58245	57.692	0.017	29.3
Hydrophis_cyanocinctus_C9B	region	582	81	273	353	34671	34429	66.667	6.03e-32	124
Hydrophis_cyanocinctus_C9B	region	582	95	452	541	16935	16651	49.474	7.20e-27	108
Hydrophis_cyanocinctus_C9B	region	582	49	154	202	39873	39727	65.306	1.47e-18	81.6
Hydrophis_cyanocinctus_C9B	region	582	50	106	155	41745	41596	64.000	1.65e-15	72.0
Hydrophis_cyanocinctus_C9B	region	582	58	53	110	52963	52793	50.000	1.03e-11	59.7
Hydrophis_cyanocinctus_C9B	region	582	57	400	456	18799	18632	47.368	8.91e-11	56.6
Hydrophis_cyanocinctus_C9B	region	582	37	24	58	55579	55469	59.459	1.28e-08	49.7
Hydrophis_cyanocinctus_C9B	region	582	104	192	271	37473	37162	28.846	1.38e-07	46.2
Hydrophis_cyanocinctus_C9B	region	582	50	533	582	15162	15013	58.000	1.57e-07	45.8
Hydrophis_cyanocinctus_C9B	region	582	22	4	25	58310	58245	59.091	0.045	28.1
Hydrophis_cyanocinctus_C9B	region	582	43	353	395	32540	32415	27.907	0.20	26.2
Hydrophis_cyanocinctus_C9B	region	582	19	539	557	65267	65211	47.368	0.62	24.3
Bothrops_jararaca_C9B	region	583	91	264	354	34695	34429	61.538	1.18e-31	123
Bothrops_jararaca_C9B	region	583	94	453	541	16935	16654	55.319	4.21e-30	118
Bothrops_jararaca_C9B	region	583	49	155	203	39873	39727	69.388	2.62e-20	87.4
Bothrops_jararaca_C9B	region	583	50	107	156	41745	41596	62.000	3.57e-15	70.9
Bothrops_jararaca_C9B	region	583	67	395	461	18817	18620	44.776	6.71e-13	63.5
Bothrops_jararaca_C9B	region	583	58	54	111	52963	52793	48.276	4.69e-12	60.8
Bothrops_jararaca_C9B	region	583	83	203	272	37410	37162	34.940	4.44e-09	51.2
Bothrops_jararaca_C9B	region	583	51	533	583	15165	15013	60.784	4.96e-09	50.8
Bothrops_jararaca_C9B	region	583	33	25	57	55579	55481	54.545	1.33e-07	46.2
Bothrops_jararaca_C9B	region	583	42	354	395	32540	32415	35.714	4.61e-04	34.7
Bothrops_jararaca_C9B	region	583	33	1	33	58322	58224	48.485	0.008	30.8
Bothrops_jararaca_C9B	region	583	24	190	212	39919	39848	50.000	0.85	23.9
Laticauda_colubrina_C9B	region	583	79	276	354	34665	34429	68.354	2.75e-32	125
Laticauda_colubrina_C9B	region	583	95	453	542	16935	16651	51.579	4.45e-28	112
Laticauda_colubrina_C9B	region	583	48	155	202	39873	39730	66.667	6.14e-19	83.2
Laticauda_colubrina_C9B	region	583	50	107	156	41745	41596	62.000	6.33e-16	73.2
Laticauda_colubrina_C9B	region	583	58	54	111	52963	52793	46.552	1.04e-10	56.2
Laticauda_colubrina_C9B	region	583	37	25	59	55579	55469	62.162	1.40e-09	52.8
Laticauda_colubrina_C9B	region	583	50	534	583	15162	15013	58.000	5.05e-08	47.8
Laticauda_colubrina_C9B	region	583	64	193	245	37473	37282	32.812	4.28e-06	41.2
Laticauda_colubrina_C9B	region	583	36	1	35	58322	58215	55.556	4.81e-04	34.7
Laticauda_colubrina_C9B	region	583	45	354	398	32540	32406	26.667	0.013	30.0
Laticauda_colubrina_C9B	region	583	19	540	558	65267	65211	47.368	0.68	24.3
Pseudonaja_textilis_C9B	region	583	79	276	354	34665	34429	68.354	9.86e-33	126
Pseudonaja_textilis_C9B	region	583	95	453	542	16935	16651	52.632	3.18e-28	112
Pseudonaja_textilis_C9B	region	583	49	155	203	39873	39727	65.306	1.71e-18	81.6
Pseudonaja_textilis_C9B	region	583	50	107	156	41745	41596	62.000	4.69e-15	70.5
Pseudonaja_textilis_C9B	region	583	58	54	111	52963	52793	50.000	4.34e-12	60.8
Pseudonaja_textilis_C9B	region	583	33	25	57	55579	55481	63.636	2.51e-09	52.0
Pseudonaja_textilis_C9B	region	583	104	193	272	37473	37162	32.692	2.45e-08	48.5
Pseudonaja_textilis_C9B	region	583	50	534	583	15162	15013	54.000	1.60e-06	42.7
Pseudonaja_textilis_C9B	region	583	36	1	35	58322	58215	55.556	5.02e-04	34.7
Pseudonaja_textilis_C9B	region	583	42	354	395	32540	32418	35.714	0.024	28.9
Pseudonaja_textilis_C9B	region	583	67	473	534	10810	11010	23.881	0.64	24.3
Pseudonaja_textilis_C9B	region	583	19	540	558	65267	65211	47.368	0.89	23.9
Notechis_scutatus_C9B	region	583	79	276	354	34665	34429	67.089	4.01e-32	124
Notechis_scutatus_C9B	region	583	95	453	542	16935	16651	52.632	8.17e-29	114
Notechis_scutatus_C9B	region	583	49	155	203	39873	39727	65.306	1.11e-18	82.0
Notechis_scutatus_C9B	region	583	50	107	156	41745	41596	64.000	1.64e-15	72.0
Notechis_scutatus_C9B	region	583	58	54	111	52963	52793	50.000	6.54e-12	60.1
Notechis_scutatus_C9B	region	583	57	401	457	18799	18632	49.123	2.71e-11	58.2
Notechis_scutatus_C9B	region	583	37	25	59	55579	55469	62.162	1.24e-09	52.8
Notechis_scutatus_C9B	region	583	50	534	583	15162	15013	58.000	1.83e-07	45.8
Notechis_scutatus_C9B	region	583	104	193	272	37473	37162	31.731	1.85e-07	45.8
Notechis_scutatus_C9B	region	583	36	1	35	58322	58215	55.556	4.85e-04	34.7
Notechis_scutatus_C9B	region	583	42	354	395	32540	32418	30.952	0.053	28.1
Notechis_scutatus_C9B	region	583	19	540	558	65267	65211	47.368	0.64	24.3
Pituophis_catenifer_C9B	region	583	80	453	532	16935	16696	63.750	2.05e-30	119
Pituophis_catenifer_C9B	region	583	90	264	353	34695	34432	60.000	1.16e-29	117
Pituophis_catenifer_C9B	region	583	49	155	203	39873	39727	65.306	5.94e-19	83.2
Pituophis_catenifer_C9B	region	583	50	107	156	41745	41596	66.000	4.48e-17	77.0
Pituophis_catenifer_C9B	region	583	58	54	111	52963	52793	53.448	3.54e-13	64.3
Pituophis_catenifer_C9B	region	583	54	404	457	18790	18632	50.000	2.50e-10	55.1
Pituophis_catenifer_C9B	region	583	42	25	66	55579	55454	50.000	3.67e-10	54.7
Pituophis_catenifer_C9B	region	583	37	547	583	15123	15013	64.865	9.95e-09	50.1
Pituophis_catenifer_C9B	region	583	86	203	273	37410	37159	31.395	5.68e-08	47.4
Pituophis_catenifer_C9B	region	583	39	356	394	32534	32418	33.333	0.003	32.0
Pituophis_catenifer_C9B	region	583	26	1	26	58322	58245	57.692	0.007	30.8
Pituophis_catenifer_C9B	region	583	82	446	523	42188	41958	25.610	0.93	23.9
Pantherophis_obsoletus_C9B	region	583	81	274	354	34671	34429	65.432	1.09e-32	126
Pantherophis_obsoletus_C9B	region	583	80	453	532	16935	16696	60.000	2.00e-29	116
Pantherophis_obsoletus_C9B	region	583	49	155	203	39873	39727	65.306	6.70e-19	82.8
Pantherophis_obsoletus_C9B	region	583	50	107	156	41745	41596	66.000	5.84e-17	76.6
Pantherophis_obsoletus_C9B	region	583	58	54	111	52963	52793	51.724	3.25e-12	61.2
Pantherophis_obsoletus_C9B	region	583	66	401	466	18799	18605	42.424	1.43e-10	55.8
Pantherophis_obsoletus_C9B	region	583	42	25	66	55579	55454	52.381	7.01e-10	53.5
Pantherophis_obsoletus_C9B	region	583	37	547	583	15123	15013	64.865	8.40e-09	50.1
Pantherophis_obsoletus_C9B	region	583	86	202	272	37413	37162	30.233	1.90e-07	45.8
Pantherophis_obsoletus_C9B	region	583	42	354	395	32540	32415	33.333	1.40e-04	36.2
Pantherophis_obsoletus_C9B	region	583	26	1	26	58322	58245	57.692	0.006	31.2
Crotalus_tigris_C9B	region	583	80	276	354	34665	34426	66.250	1.10e-29	117
Crotalus_tigris_C9B	region	583	80	453	532	16935	16696	60.000	1.11e-29	117
Crotalus_tigris_C9B	region	583	49	155	203	39873	39727	65.306	1.88e-18	81.3
Crotalus_tigris_C9B	region	583	50	107	156	41745	41596	68.000	7.12e-17	76.3
Crotalus_tigris_C9B	region	583	66	401	466	18799	18605	45.455	3.73e-12	61.2
Crotalus_tigris_C9B	region	583	58	54	111	52963	52793	48.276	1.03e-11	59.7
Crotalus_tigris_C9B	region	583	42	25	66	55579	55454	52.381	7.51e-10	53.5
Crotalus_tigris_C9B	region	583	37	547	583	15123	15013	62.162	6.68e-08	47.4
Crotalus_tigris_C9B	region	583	85	203	272	37410	37162	30.588	3.18e-06	41.6
Crotalus_tigris_C9B	region	583	42	355	396	32537	32412	35.714	5.83e-05	37.7
Crotalus_tigris_C9B	region	583	36	1	35	58322	58215	44.444	0.006	31.2
Crotalus_tigris_C9B	region	583	68	473	535	10810	11013	25.000	0.94	23.9
Ptyas_mucosa_C9B	region	583	109	247	353	34752	34432	53.211	6.61e-30	117
Ptyas_mucosa_C9B	region	583	80	453	532	16935	16696	58.750	2.20e-28	113
Ptyas_mucosa_C9B	region	583	49	155	203	39873	39727	65.306	5.94e-19	83.2
Ptyas_mucosa_C9B	region	583	56	107	162	41745	41578	60.714	2.62e-16	74.7
Ptyas_mucosa_C9B	region	583	59	399	457	18805	18632	49.153	3.25e-11	58.2
Ptyas_mucosa_C9B	region	583	58	54	111	52963	52793	46.552	1.05e-10	56.2
Ptyas_mucosa_C9B	region	583	86	203	273	37410	37159	32.558	6.08e-09	50.4
Ptyas_mucosa_C9B	region	583	37	547	583	15123	15013	62.162	2.95e-08	48.5
Ptyas_mucosa_C9B	region	583	42	25	66	55579	55454	38.095	1.14e-06	43.1
Ptyas_mucosa_C9B	region	583	39	355	393	32537	32421	30.769	2.13e-04	35.8
Ptyas_mucosa_C9B	region	583	25	1	25	58322	58248	60.000	0.037	28.5
