Arizona_elegans_C9A	JAKOOJ010000008.1	584	81	274	354	76609179	76609421	100.000	7.96e-43	171
Arizona_elegans_C9A	JAKOOJ010000008.1	584	80	453	532	76616353	76616592	96.250	3.23e-40	162
Arizona_elegans_C9A	JAKOOJ010000008.1	584	80	453	532	76642751	76642990	93.750	1.64e-39	160
Arizona_elegans_C9A	JAKOOJ010000008.1	584	81	274	354	76637908	76638150	92.593	3.30e-38	156
Arizona_elegans_C9A	JAKOOJ010000008.1	584	78	199	276	76604317	76604550	93.590	8.61e-36	149
Arizona_elegans_C9A	JAKOOJ010000008.1	584	91	277	367	76679390	76679653	73.626	4.44e-34	144
Arizona_elegans_C9A	JAKOOJ010000008.1	584	80	453	532	76684585	76684824	76.250	3.20e-32	138
Arizona_elegans_C9A	JAKOOJ010000008.1	584	83	199	281	76636655	76636903	78.313	1.50e-31	136
Arizona_elegans_C9A	JAKOOJ010000008.1	584	62	396	457	76614848	76615033	98.387	1.28e-27	124
Arizona_elegans_C9A	JAKOOJ010000008.1	584	62	396	457	76641818	76642003	93.548	2.26e-26	120
Arizona_elegans_C9A	JAKOOJ010000008.1	584	53	532	584	76618146	76618304	100.000	4.77e-25	116
Arizona_elegans_C9A	JAKOOJ010000008.1	584	55	102	156	76600289	76600453	94.545	4.01e-24	113
Arizona_elegans_C9A	JAKOOJ010000008.1	584	51	57	107	76597902	76598054	98.039	1.11e-22	108
Arizona_elegans_C9A	JAKOOJ010000008.1	584	55	102	156	76634598	76634762	85.455	1.14e-21	105
Arizona_elegans_C9A	JAKOOJ010000008.1	584	46	157	202	76602647	76602784	100.000	1.76e-20	102
Arizona_elegans_C9A	JAKOOJ010000008.1	584	53	532	584	76644732	76644890	83.019	1.30e-19	99.4
Arizona_elegans_C9A	JAKOOJ010000008.1	584	47	157	203	76636193	76636333	93.617	2.33e-19	98.6
Arizona_elegans_C9A	JAKOOJ010000008.1	584	50	107	156	76670258	76670407	90.000	2.82e-18	95.1
Arizona_elegans_C9A	JAKOOJ010000008.1	584	68	401	468	76683292	76683495	64.706	9.34e-18	93.2
Arizona_elegans_C9A	JAKOOJ010000008.1	584	54	54	107	76668287	76668448	77.778	3.58e-17	91.7
Arizona_elegans_C9A	JAKOOJ010000008.1	584	51	57	107	76631333	76631485	78.431	1.67e-16	89.4
Arizona_elegans_C9A	JAKOOJ010000008.1	584	47	157	203	76674298	76674438	82.979	3.54e-16	88.2
Arizona_elegans_C9A	JAKOOJ010000008.1	584	42	354	395	76612942	76613067	100.000	2.02e-15	85.9
Arizona_elegans_C9A	JAKOOJ010000008.1	584	49	26	74	76593687	76593833	75.510	2.46e-13	79.3
Arizona_elegans_C9A	JAKOOJ010000008.1	584	75	198	272	76676949	76677173	50.667	8.11e-13	77.4
Arizona_elegans_C9A	JAKOOJ010000008.1	584	54	342	395	76638538	76638696	75.926	2.70e-12	75.9
Arizona_elegans_C9A	JAKOOJ010000008.1	584	53	532	584	76686233	76686391	60.377	2.29e-11	72.8
Arizona_elegans_C9A	JAKOOJ010000008.1	584	39	26	64	76629339	76629455	79.487	2.20e-10	69.7
Arizona_elegans_C9A	JAKOOJ010000008.1	584	45	26	70	76667096	76667230	60.000	3.94e-08	62.4
Arizona_elegans_C9A	JAKOOJ010000008.1	584	56	529	583	75776825	75776992	48.214	8.61e-07	57.8
Arizona_elegans_C9A	JAKOOJ010000008.1	584	92	277	365	75763397	75763672	32.609	1.19e-06	57.4
Arizona_elegans_C9A	JAKOOJ010000008.1	584	54	530	583	75863820	75863659	46.296	1.81e-06	57.0
Arizona_elegans_C9A	JAKOOJ010000008.1	584	110	266	370	75812386	75812709	29.091	5.90e-06	55.1
Arizona_elegans_C9A	JAKOOJ010000008.1	584	69	457	525	75867119	75866916	40.580	7.17e-06	55.1
Arizona_elegans_C9A	JAKOOJ010000008.1	584	50	535	583	75821332	75821481	50.000	9.99e-06	54.3
Arizona_elegans_C9A	JAKOOJ010000004.1	584	237	289	514	135752756	135753406	27.426	7.80e-12	74.3
Arizona_elegans_C9A	JAKOOJ010000002.1	584	79	277	355	141718239	141718003	34.177	3.35e-07	59.3
Arizona_elegans_C9A	JAKOOJ010000002.1	584	48	537	584	141696099	141695956	47.917	5.15e-06	55.5
Arizona_elegans_C9A	JAKOOJ010000002.1	584	85	274	358	141656972	141657226	28.235	9.10e-06	54.7
Arizona_elegans_C9B	JAKOOJ010000008.1	584	81	274	354	76637908	76638150	100.000	2.97e-43	172
Arizona_elegans_C9B	JAKOOJ010000008.1	584	81	453	533	76642751	76642993	96.296	9.18e-41	164
Arizona_elegans_C9B	JAKOOJ010000008.1	584	81	453	533	76616353	76616595	93.827	4.41e-40	162
Arizona_elegans_C9B	JAKOOJ010000008.1	584	81	274	354	76609179	76609421	92.593	3.55e-38	156
Arizona_elegans_C9B	JAKOOJ010000008.1	584	83	199	281	76636655	76636903	89.157	1.21e-35	149
Arizona_elegans_C9B	JAKOOJ010000008.1	584	91	277	367	76679390	76679653	73.626	3.94e-34	144
Arizona_elegans_C9B	JAKOOJ010000008.1	584	81	453	533	76684585	76684827	76.543	1.63e-32	139
Arizona_elegans_C9B	JAKOOJ010000008.1	584	75	199	273	76604317	76604541	82.667	5.88e-30	131
Arizona_elegans_C9B	JAKOOJ010000008.1	584	62	396	457	76641818	76642003	98.387	1.68e-27	124
Arizona_elegans_C9B	JAKOOJ010000008.1	584	62	396	457	76614848	76615033	93.548	4.31e-26	119
Arizona_elegans_C9B	JAKOOJ010000008.1	584	53	532	584	76644732	76644890	100.000	9.18e-25	115
Arizona_elegans_C9B	JAKOOJ010000008.1	584	51	57	107	76631333	76631485	98.039	1.43e-23	111
Arizona_elegans_C9B	JAKOOJ010000008.1	584	54	54	107	76668287	76668448	92.593	1.25e-22	108
Arizona_elegans_C9B	JAKOOJ010000008.1	584	50	107	156	76634613	76634762	100.000	1.71e-22	108
Arizona_elegans_C9B	JAKOOJ010000008.1	584	47	157	203	76636193	76636333	97.872	1.90e-20	102
Arizona_elegans_C9B	JAKOOJ010000008.1	584	50	107	156	76600304	76600453	90.000	4.64e-20	100
Arizona_elegans_C9B	JAKOOJ010000008.1	584	53	532	584	76618146	76618304	83.019	2.45e-19	98.6
Arizona_elegans_C9B	JAKOOJ010000008.1	584	46	157	202	76602647	76602784	95.652	2.72e-19	98.2
Arizona_elegans_C9B	JAKOOJ010000008.1	584	50	107	156	76670258	76670407	88.000	3.50e-19	97.8
Arizona_elegans_C9B	JAKOOJ010000008.1	584	68	401	468	76683292	76683495	64.706	1.44e-17	92.8
Arizona_elegans_C9B	JAKOOJ010000008.1	584	51	57	107	76597902	76598054	78.431	7.60e-17	90.5
Arizona_elegans_C9B	JAKOOJ010000008.1	584	54	342	395	76638538	76638696	85.185	2.09e-16	89.0
Arizona_elegans_C9B	JAKOOJ010000008.1	584	47	157	203	76674298	76674438	82.979	5.94e-16	87.4
Arizona_elegans_C9B	JAKOOJ010000008.1	584	53	532	584	76686233	76686391	66.038	7.20e-14	80.9
Arizona_elegans_C9B	JAKOOJ010000008.1	584	93	184	272	76676931	76677173	47.312	1.05e-13	80.5
Arizona_elegans_C9B	JAKOOJ010000008.1	584	41	26	66	76629339	76629461	85.366	7.77e-13	77.4
Arizona_elegans_C9B	JAKOOJ010000008.1	584	42	354	395	76612942	76613067	88.095	3.90e-12	75.1
Arizona_elegans_C9B	JAKOOJ010000008.1	584	49	26	74	76593687	76593833	67.347	1.79e-11	73.2
Arizona_elegans_C9B	JAKOOJ010000008.1	584	45	26	70	76667096	76667230	64.444	1.09e-09	67.4
Arizona_elegans_C9B	JAKOOJ010000008.1	584	90	266	355	75812386	75812649	31.111	3.06e-06	56.2
Arizona_elegans_C9B	JAKOOJ010000008.1	584	48	536	583	75863802	75863659	45.833	3.69e-06	55.8
Arizona_elegans_C9B	JAKOOJ010000008.1	584	92	277	365	75763397	75763672	32.609	4.41e-06	55.5
Arizona_elegans_C9B	JAKOOJ010000008.1	584	48	537	583	75776849	75776992	52.083	4.49e-06	55.5
Arizona_elegans_C9B	JAKOOJ010000008.1	584	69	457	525	75867119	75866916	40.580	4.53e-06	55.5
Arizona_elegans_C9B	JAKOOJ010000008.1	584	69	457	525	75771713	75771916	43.478	5.19e-06	55.5
Arizona_elegans_C9B	JAKOOJ010000008.1	584	50	535	583	75821332	75821481	52.000	5.23e-06	55.5
Arizona_elegans_C9B	JAKOOJ010000004.1	584	237	289	514	135752756	135753406	27.004	3.73e-10	68.9
Arizona_elegans_C9B	JAKOOJ010000021.1	584	226	298	516	1248520	1247915	25.221	5.93e-09	65.1
Arizona_elegans_C9B	JAKOOJ010000002.1	584	43	537	579	141696099	141695971	58.140	7.93e-08	61.2
Arizona_elegans_C9B	JAKOOJ010000002.1	584	79	277	355	141718239	141718003	32.911	1.78e-06	57.0
Arizona_elegans_C9C	JAKOOJ010000008.1	584	94	274	367	76679381	76679653	89.362	1.83e-44	175
Arizona_elegans_C9C	JAKOOJ010000008.1	584	80	453	532	76684585	76684824	97.500	6.60e-41	165
Arizona_elegans_C9C	JAKOOJ010000008.1	584	76	198	273	76676949	76677176	96.053	1.58e-34	145
Arizona_elegans_C9C	JAKOOJ010000008.1	584	84	277	360	76637917	76638168	79.762	2.13e-33	142
Arizona_elegans_C9C	JAKOOJ010000008.1	584	84	277	360	76609188	76609439	79.762	3.06e-33	141
Arizona_elegans_C9C	JAKOOJ010000008.1	584	80	453	532	76616353	76616592	77.500	2.04e-32	139
Arizona_elegans_C9C	JAKOOJ010000008.1	584	80	453	532	76642751	76642990	77.500	5.21e-32	137
Arizona_elegans_C9C	JAKOOJ010000008.1	584	73	396	468	76683277	76683495	86.301	5.15e-27	122
Arizona_elegans_C9C	JAKOOJ010000008.1	584	57	528	584	76686221	76686391	96.491	3.61e-26	119
Arizona_elegans_C9C	JAKOOJ010000008.1	584	54	54	107	76668287	76668448	94.444	1.75e-23	111
Arizona_elegans_C9C	JAKOOJ010000008.1	584	54	54	107	76631324	76631485	92.593	9.33e-23	109
Arizona_elegans_C9C	JAKOOJ010000008.1	584	50	107	156	76670258	76670407	100.000	3.39e-22	107
Arizona_elegans_C9C	JAKOOJ010000008.1	584	47	157	203	76674298	76674438	97.872	7.95e-21	103
Arizona_elegans_C9C	JAKOOJ010000008.1	584	50	107	156	76600304	76600453	90.000	2.63e-19	98.2
Arizona_elegans_C9C	JAKOOJ010000008.1	584	50	107	156	76634613	76634762	88.000	2.99e-19	98.2
Arizona_elegans_C9C	JAKOOJ010000008.1	584	51	57	107	76597902	76598054	80.392	1.84e-17	92.4
Arizona_elegans_C9C	JAKOOJ010000008.1	584	57	401	457	76614863	76615033	71.930	4.72e-17	91.3
Arizona_elegans_C9C	JAKOOJ010000008.1	584	57	401	457	76641833	76642003	71.930	6.79e-17	90.5
Arizona_elegans_C9C	JAKOOJ010000008.1	584	47	157	203	76602647	76602787	82.979	4.03e-16	88.2
Arizona_elegans_C9C	JAKOOJ010000008.1	584	58	157	214	76636193	76636366	72.414	5.04e-16	87.8
Arizona_elegans_C9C	JAKOOJ010000008.1	584	41	355	395	76681858	76681980	100.000	1.45e-14	83.2
Arizona_elegans_C9C	JAKOOJ010000008.1	584	56	529	584	76644723	76644890	64.286	2.48e-14	82.4
Arizona_elegans_C9C	JAKOOJ010000008.1	584	88	198	281	76636652	76636903	51.136	6.01e-14	81.3
Arizona_elegans_C9C	JAKOOJ010000008.1	584	45	26	70	76667096	76667230	77.778	2.44e-13	79.3
Arizona_elegans_C9C	JAKOOJ010000008.1	584	75	198	272	76604314	76604538	52.000	3.50e-13	78.6
Arizona_elegans_C9C	JAKOOJ010000008.1	584	57	528	584	76618134	76618304	59.649	6.86e-12	74.3
Arizona_elegans_C9C	JAKOOJ010000008.1	584	39	26	64	76629339	76629455	74.359	5.67e-10	68.2
Arizona_elegans_C9C	JAKOOJ010000008.1	584	49	26	74	76593687	76593833	59.184	1.65e-09	66.6
Arizona_elegans_C9C	JAKOOJ010000008.1	584	69	457	525	75867119	75866916	39.130	5.04e-07	58.5
Arizona_elegans_C9C	JAKOOJ010000008.1	584	73	457	529	75771713	75771928	38.356	9.91e-06	54.3
Arizona_elegans_C9C	JAKOOJ010000004.1	584	231	289	514	135752756	135753406	26.407	3.02e-11	72.4
Arizona_elegans_C9C	JAKOOJ010000002.1	584	48	537	584	141696099	141695956	56.250	6.35e-08	61.6
Arizona_elegans_C9C	JAKOOJ010000002.1	584	76	277	352	141718239	141718012	38.158	2.02e-07	60.1
Arizona_elegans_C9C	JAKOOJ010000021.1	584	193	295	486	1248529	1248005	24.352	2.39e-06	56.6
