Lacerta_agilis_C9A	NW_015172005.1	589	97	264	360	1843208	1842933	59.794	1.34e-26	121
Lacerta_agilis_C9A	NW_015172005.1	589	74	455	528	1833538	1833317	67.568	1.03e-24	115
Lacerta_agilis_C9A	NW_015172005.1	589	45	155	199	1847680	1847546	77.778	8.59e-14	81.3
Lacerta_agilis_C9A	NW_015172005.1	589	75	100	173	1851297	1851073	48.000	3.78e-12	75.9
Lacerta_agilis_C9A	NW_015172005.1	589	58	400	457	1838924	1838751	51.724	2.19e-09	67.0
Lacerta_agilis_C9A	NW_015172005.1	589	49	537	584	1831780	1831634	61.224	1.20e-08	64.3
Lacerta_agilis_C9A	NW_015172005.1	589	70	56	122	1854947	1854738	41.429	3.06e-06	56.6
Lacerta_agilis_C9A	NW_015220147.1	589	74	455	528	828	607	67.568	3.54e-26	115
Lacerta_agilis_C9A	NW_015163112.1	589	227	300	517	565996	565370	28.634	8.58e-14	81.3
Lacerta_agilis_C9A	NW_015163112.1	589	216	304	518	552120	551524	24.074	7.22e-09	65.1
Lacerta_agilis_C9A	NW_015172012.1	589	78	279	356	167282	167515	39.744	5.27e-09	65.5
Lacerta_agilis_C9A	NW_015184069.1	589	49	537	584	1103	1249	61.224	5.98e-09	64.3
Lacerta_agilis_C9A	NW_015164684.1	589	92	275	366	436829	437104	27.174	1.04e-06	58.2
Lacerta_agilis_C9A	NW_015164684.1	589	60	470	529	493438	493259	43.333	1.59e-06	57.4
Zootoca_vivipara_C9A	NW_015172005.1	589	97	264	360	1843208	1842933	59.794	1.61e-26	121
Zootoca_vivipara_C9A	NW_015172005.1	589	74	455	528	1833538	1833317	67.568	9.51e-25	115
Zootoca_vivipara_C9A	NW_015172005.1	589	45	155	199	1847680	1847546	77.778	9.60e-14	80.9
Zootoca_vivipara_C9A	NW_015172005.1	589	75	100	173	1851297	1851073	46.667	6.26e-12	75.1
Zootoca_vivipara_C9A	NW_015172005.1	589	49	537	584	1831780	1831634	61.224	5.74e-09	65.5
Zootoca_vivipara_C9A	NW_015172005.1	589	58	400	457	1838924	1838751	48.276	2.53e-08	63.5
Zootoca_vivipara_C9A	NW_015220147.1	589	74	455	528	828	607	67.568	3.25e-26	115
Zootoca_vivipara_C9A	NW_015163112.1	589	227	300	517	565996	565370	27.313	2.70e-12	76.3
Zootoca_vivipara_C9A	NW_015184069.1	589	49	537	584	1103	1249	61.224	2.82e-09	65.5
Zootoca_vivipara_C9A	NW_015172012.1	589	78	279	356	167282	167515	39.744	9.82e-09	64.7
Zootoca_vivipara_C9A	NW_015164684.1	589	92	275	366	436829	437104	27.174	7.91e-07	58.5
Zootoca_vivipara_C9A	NW_015164684.1	589	60	470	529	493438	493259	41.667	2.74e-06	56.6
Podarcis_muralis_C9A	NW_015172005.1	589	97	264	360	1843208	1842933	59.794	3.92e-26	120
Podarcis_muralis_C9A	NW_015172005.1	589	73	455	527	1833538	1833320	67.123	1.43e-24	115
Podarcis_muralis_C9A	NW_015172005.1	589	45	155	199	1847680	1847546	77.778	9.85e-14	80.9
Podarcis_muralis_C9A	NW_015172005.1	589	75	100	173	1851297	1851073	48.000	3.65e-12	75.9
Podarcis_muralis_C9A	NW_015172005.1	589	49	537	584	1831780	1831634	63.265	2.90e-09	66.2
Podarcis_muralis_C9A	NW_015172005.1	589	58	400	457	1838924	1838751	46.552	6.93e-09	65.1
Podarcis_muralis_C9A	NW_015220147.1	589	73	455	527	828	610	67.123	5.03e-26	115
Podarcis_muralis_C9A	NW_015163112.1	589	226	300	516	565996	565373	26.991	1.56e-11	73.9
Podarcis_muralis_C9A	NW_015184069.1	589	49	537	584	1103	1249	63.265	1.40e-09	66.2
Podarcis_muralis_C9A	NW_015172012.1	589	78	279	356	167282	167515	38.462	2.98e-08	63.2
Podarcis_muralis_C9A	NW_015164684.1	589	60	470	529	493438	493259	40.000	1.84e-06	57.4
Podarcis_muralis_C9A	NW_015164684.1	589	92	275	366	436829	437104	27.174	1.93e-06	57.4
Anolis_carolinensis_C9A	NW_015172005.1	591	83	277	359	1843190	1842942	63.855	5.12e-26	119
Anolis_carolinensis_C9A	NW_015172005.1	591	82	457	538	1833538	1833293	59.756	9.01e-24	112
Anolis_carolinensis_C9A	NW_015172005.1	591	78	156	229	1847680	1847447	50.000	8.95e-15	84.3
Anolis_carolinensis_C9A	NW_015172005.1	591	57	101	155	1851297	1851130	59.649	7.02e-10	68.6
Anolis_carolinensis_C9A	NW_015172005.1	591	52	537	588	1831786	1831631	53.846	9.87e-10	67.8
Anolis_carolinensis_C9A	NW_015172005.1	591	58	400	457	1838930	1838757	44.828	5.91e-07	58.9
Anolis_carolinensis_C9A	NW_015172005.1	591	77	57	130	1854947	1854717	41.558	1.83e-06	57.4
Anolis_carolinensis_C9A	NW_015220147.1	591	82	457	538	828	583	59.756	3.62e-25	112
Anolis_carolinensis_C9A	NW_015184069.1	591	52	537	588	1097	1252	53.846	4.63e-10	67.8
Anolis_carolinensis_C9A	NW_015163112.1	591	222	302	518	565996	565373	25.676	5.29e-10	68.9
Anolis_carolinensis_C9A	NW_015163112.1	591	217	306	520	552120	551524	24.885	3.43e-09	66.2
Anolis_carolinensis_C9A	NW_015164684.1	591	88	281	368	436841	437104	34.091	5.77e-09	65.5
Anolis_carolinensis_C9A	NW_015164684.1	591	78	281	358	377805	378038	32.051	1.08e-06	58.2
Anolis_carolinensis_C9A	NW_015164684.1	591	79	453	531	493492	493259	32.911	4.40e-06	56.2
Anolis_carolinensis_C9A	NW_015172012.1	591	78	281	358	167282	167515	35.897	3.67e-07	59.7
Anolis_carolinensis_C9A	NW_015172012.1	591	78	281	358	230828	230595	35.897	7.37e-07	58.5
Pogona_vitticeps_C9A	NW_015172005.1	576	108	233	340	1843265	1842942	52.778	4.55e-28	126
Pogona_vitticeps_C9A	NW_015172005.1	576	74	438	511	1833538	1833317	67.568	7.14e-24	113
Pogona_vitticeps_C9A	NW_015172005.1	576	73	156	228	1847680	1847480	52.055	9.65e-14	80.9
Pogona_vitticeps_C9A	NW_015172005.1	576	80	101	173	1851297	1851058	47.500	2.49e-11	73.2
Pogona_vitticeps_C9A	NW_015172005.1	576	51	522	572	1831783	1831631	62.745	5.16e-10	68.9
Pogona_vitticeps_C9A	NW_015172005.1	576	58	381	438	1838930	1838757	41.379	1.34e-07	60.8
Pogona_vitticeps_C9A	NW_015220147.1	576	74	438	511	828	607	67.568	2.98e-25	113
Pogona_vitticeps_C9A	NW_015163112.1	576	287	283	554	565996	565187	26.829	5.02e-13	78.6
Pogona_vitticeps_C9A	NW_015163112.1	576	192	287	478	552120	551596	26.042	1.97e-09	67.0
Pogona_vitticeps_C9A	NW_015184069.1	576	51	522	572	1100	1252	62.745	2.40e-10	68.9
Pogona_vitticeps_C9A	NW_015172012.1	576	94	257	348	167267	167548	38.298	1.45e-09	67.4
Pogona_vitticeps_C9A	NW_015172012.1	576	83	257	339	230843	230595	36.145	1.91e-07	60.5
Pogona_vitticeps_C9A	NW_015172012.1	576	55	511	565	197505	197669	47.273	1.67e-06	57.4
Pogona_vitticeps_C9A	NW_015176629.1	576	190	287	476	25706	26215	23.684	5.32e-09	65.5
Pogona_vitticeps_C9A	NW_015163880.1	576	222	283	501	3870	3298	25.676	9.02e-09	64.7
Pogona_vitticeps_C9A	NW_015164684.1	576	93	257	349	436826	437104	31.183	9.84e-08	61.2
Pogona_vitticeps_C9A	NW_015164684.1	576	52	521	571	389067	389222	51.923	2.27e-07	60.1
Pogona_vitticeps_C9A	NW_015164684.1	576	42	521	561	450886	451011	64.286	8.95e-07	58.2
Pogona_vitticeps_C9A	NW_015164684.1	576	87	253	339	377778	378038	29.885	2.83e-06	56.6
Pogona_vitticeps_C9A	NW_015164684.1	576	77	434	510	493492	493265	35.065	9.23e-06	55.1
Gekko_japonicus_C9A	NW_015220147.1	582	78	455	532	816	583	98.718	3.86e-44	166
Gekko_japonicus_C9A	NW_015172005.1	582	89	288	376	1843199	1842933	93.258	1.41e-43	173
Gekko_japonicus_C9A	NW_015172005.1	582	78	455	532	1833526	1833293	98.718	3.53e-41	166
Gekko_japonicus_C9A	NW_015172005.1	582	77	215	291	1847029	1846799	94.805	2.61e-35	148
Gekko_japonicus_C9A	NW_015172005.1	582	61	394	454	1838930	1838748	98.361	3.31e-27	123
Gekko_japonicus_C9A	NW_015172005.1	582	53	530	582	1831789	1831631	100.000	1.14e-25	118
Gekko_japonicus_C9A	NW_015172005.1	582	52	71	122	1854944	1854789	100.000	2.09e-24	114
Gekko_japonicus_C9A	NW_015172005.1	582	65	117	181	1851297	1851103	81.538	9.80e-24	112
Gekko_japonicus_C9A	NW_015172005.1	582	47	173	219	1847680	1847540	97.872	1.44e-20	102
Gekko_japonicus_C9A	NW_015172005.1	582	47	30	76	1857909	1857769	87.234	1.20e-16	90.1
Gekko_japonicus_C9A	NW_015172005.1	582	31	1	31	1861014	1860922	100.000	4.80e-10	68.9
Gekko_japonicus_C9A	NW_015184069.1	582	53	530	582	1094	1252	100.000	1.59e-26	118
Gekko_japonicus_C9A	NW_015163112.1	582	214	320	514	552120	551524	27.103	4.97e-11	72.0
Gekko_japonicus_C9A	NW_015163112.1	582	213	316	512	565996	565373	27.700	9.58e-10	67.8
Gekko_japonicus_C9A	NW_015163880.1	582	256	271	521	4002	3271	25.000	1.40e-08	63.9
Gekko_japonicus_C9A	NW_015164684.1	582	67	457	523	493462	493265	41.791	2.48e-08	63.5
Gekko_japonicus_C9A	NW_015164684.1	582	102	281	382	436799	437104	28.431	5.57e-08	62.4
Gekko_japonicus_C9A	NW_015172012.1	582	71	302	372	167303	167515	39.437	5.71e-08	62.0
Gekko_japonicus_C9A	NW_015172012.1	582	68	456	522	195715	195918	36.765	1.29e-06	57.8
Gekko_japonicus_C9A	NW_015176629.1	582	202	320	512	25706	26287	22.772	6.28e-07	58.9
Crotalus_tigris_C9A	NW_015220147.1	583	74	453	526	828	607	54.054	2.87e-20	98.2
Crotalus_tigris_C9A	NW_015172005.1	583	74	277	350	1843178	1842957	59.459	3.85e-20	101
Crotalus_tigris_C9A	NW_015172005.1	583	74	453	526	1833538	1833317	54.054	3.35e-19	98.2
Crotalus_tigris_C9A	NW_015172005.1	583	56	102	156	1851297	1851130	60.714	8.33e-12	74.7
Crotalus_tigris_C9A	NW_015172005.1	583	45	157	201	1847680	1847546	64.444	2.41e-10	70.1
Crotalus_tigris_C9A	NW_015172005.1	583	51	533	583	1831786	1831634	58.824	2.20e-09	66.6
Crotalus_tigris_C9A	NW_015163112.1	583	224	298	514	565996	565373	26.339	7.98e-11	71.6
Crotalus_tigris_C9A	NW_015163112.1	583	219	299	516	552129	551524	24.201	2.63e-09	66.6
Crotalus_tigris_C9A	NW_015184069.1	583	51	533	583	1097	1249	58.824	1.06e-09	66.6
Crotalus_tigris_C9A	NW_015172012.1	583	70	456	524	195709	195918	37.143	1.76e-06	57.4
Crotalus_tigris_C9A	NW_015164684.1	583	70	456	525	493471	493265	35.714	4.57e-06	55.8
Thamnophis_elegans_C9A	NW_015172005.1	583	82	277	358	1843178	1842933	57.317	1.61e-21	105
Thamnophis_elegans_C9A	NW_015172005.1	583	75	460	534	1833517	1833293	60.000	1.23e-19	99.8
Thamnophis_elegans_C9A	NW_015172005.1	583	47	157	203	1847680	1847540	61.702	7.70e-10	68.2
Thamnophis_elegans_C9A	NW_015172005.1	583	56	102	156	1851297	1851130	58.929	1.07e-09	67.8
Thamnophis_elegans_C9A	NW_015172005.1	583	51	533	583	1831786	1831634	54.902	5.83e-09	65.5
Thamnophis_elegans_C9A	NW_015220147.1	583	75	460	534	807	583	60.000	9.88e-21	99.8
Thamnophis_elegans_C9A	NW_015163112.1	583	290	298	566	565996	565187	25.517	3.99e-11	72.4
Thamnophis_elegans_C9A	NW_015163112.1	583	222	299	516	552129	551524	25.676	2.15e-08	63.5
Thamnophis_elegans_C9A	NW_015184069.1	583	51	533	583	1097	1249	54.902	2.87e-09	65.5
Thamnophis_elegans_C9A	NW_015164684.1	583	50	535	583	389073	389222	52.000	2.61e-07	60.1
Thamnophis_elegans_C9A	NW_015164684.1	583	40	535	573	450892	451011	62.500	9.54e-07	58.2
Thamnophis_elegans_C9A	NW_015176629.1	583	216	302	514	25706	26287	23.611	2.64e-07	60.1
Thamnophis_elegans_C9A	NW_015172012.1	583	78	277	354	167282	167515	34.615	3.76e-06	56.2
Naja_naja_C9A	NW_015220147.1	582	73	458	530	810	592	56.164	5.04e-20	97.8
Naja_naja_C9A	NW_015172005.1	582	77	277	353	1843178	1842948	55.844	2.10e-19	99.0
Naja_naja_C9A	NW_015172005.1	582	73	458	530	1833520	1833302	56.164	5.66e-19	97.8
Naja_naja_C9A	NW_015172005.1	582	56	102	156	1851297	1851130	62.500	2.09e-11	73.2
Naja_naja_C9A	NW_015172005.1	582	69	522	582	1831840	1831634	53.623	1.40e-10	70.5
Naja_naja_C9A	NW_015172005.1	582	47	157	203	1847680	1847540	57.447	1.90e-09	67.0
Naja_naja_C9A	NW_015184069.1	582	69	522	582	1043	1249	53.623	6.27e-11	70.5
Naja_naja_C9A	NW_015163112.1	582	222	299	515	552129	551524	25.225	5.13e-10	68.9
Naja_naja_C9A	NW_015163112.1	582	224	298	513	565996	565373	23.214	8.03e-09	65.1
Naja_naja_C9A	NW_015176629.1	582	214	302	513	25706	26287	22.430	4.99e-08	62.4
Naja_naja_C9A	NW_015172012.1	582	70	455	523	195709	195918	35.714	2.17e-06	57.0
Naja_naja_C9A	NW_015172012.1	582	74	277	350	167282	167503	36.486	5.64e-06	55.8
Naja_naja_C9A	NW_015164684.1	582	77	448	524	493492	493265	33.766	5.45e-06	55.8
Naja_naja_C9A	NW_015164684.1	582	88	277	364	436841	437104	30.682	8.40e-06	55.1
Pseudonaja_textilis_C9A	NW_015220147.1	583	73	459	531	810	592	58.904	6.87e-21	100
Pseudonaja_textilis_C9A	NW_015172005.1	583	77	277	353	1843178	1842948	55.844	6.73e-20	100
Pseudonaja_textilis_C9A	NW_015172005.1	583	73	459	531	1833520	1833302	58.904	8.75e-20	100
Pseudonaja_textilis_C9A	NW_015172005.1	583	56	102	156	1851297	1851130	62.500	9.47e-12	74.3
Pseudonaja_textilis_C9A	NW_015172005.1	583	56	528	583	1831801	1831634	62.500	2.10e-11	73.2
Pseudonaja_textilis_C9A	NW_015172005.1	583	47	157	203	1847680	1847540	57.447	1.72e-09	67.0
Pseudonaja_textilis_C9A	NW_015184069.1	583	56	528	583	1082	1249	62.500	8.95e-12	73.2
Pseudonaja_textilis_C9A	NW_015163112.1	583	222	298	514	565996	565373	23.874	1.72e-10	70.5
Pseudonaja_textilis_C9A	NW_015163112.1	583	223	299	516	552129	551524	22.870	1.87e-08	63.9
Pseudonaja_textilis_C9A	NW_015176629.1	583	215	302	514	25706	26287	22.791	2.62e-08	63.2
Pseudonaja_textilis_C9A	NW_015164684.1	583	72	456	527	493471	493259	36.111	3.42e-06	56.2
Pseudonaja_textilis_C9A	NW_015172012.1	583	74	277	350	167282	167503	35.135	8.29e-06	55.1
Pseudonaja_textilis_C9A	NW_015172012.1	583	70	456	524	195709	195918	34.286	8.50e-06	55.1
Python_bivittatus_C9A	NW_015220147.1	582	75	453	527	828	604	57.333	6.24e-22	103
Python_bivittatus_C9A	NW_015172005.1	582	75	453	527	1833538	1833314	57.333	9.21e-21	103
Python_bivittatus_C9A	NW_015172005.1	582	79	277	355	1843178	1842942	51.899	3.69e-19	98.2
Python_bivittatus_C9A	NW_015172005.1	582	56	102	156	1851297	1851130	60.714	2.44e-11	73.2
Python_bivittatus_C9A	NW_015172005.1	582	45	157	201	1847680	1847546	62.222	5.05e-10	68.9
Python_bivittatus_C9A	NW_015172005.1	582	45	538	582	1831768	1831634	60.000	3.25e-07	59.7
Python_bivittatus_C9A	NW_015163112.1	582	222	298	514	565996	565373	24.775	5.27e-11	72.0
Python_bivittatus_C9A	NW_015163112.1	582	224	299	516	552129	551524	26.339	1.06e-10	70.9
Python_bivittatus_C9A	NW_015176629.1	582	216	302	514	25706	26287	24.074	2.62e-09	66.6
Python_bivittatus_C9A	NW_015184069.1	582	45	538	582	1115	1249	60.000	1.76e-07	59.7
Python_bivittatus_C9A	NW_015172012.1	582	70	456	524	195709	195918	38.571	4.65e-07	59.3
Python_bivittatus_C9A	NW_015172012.1	582	78	277	354	167282	167515	35.897	5.24e-07	58.9
Python_bivittatus_C9A	NW_015172012.1	582	41	536	576	197547	197669	53.659	5.35e-06	55.8
Python_bivittatus_C9A	NW_015164684.1	582	70	456	525	493471	493265	38.571	5.80e-07	58.9
Python_bivittatus_C9A	NW_015164684.1	582	88	277	364	436841	437104	29.545	5.63e-06	55.8
Notechis_scutatus_C9A	NW_015220147.1	583	68	459	526	810	607	61.765	1.38e-20	99.4
Notechis_scutatus_C9A	NW_015172005.1	583	77	277	353	1843178	1842948	55.844	6.17e-20	100
Notechis_scutatus_C9A	NW_015172005.1	583	68	459	526	1833520	1833317	61.765	1.68e-19	99.4
Notechis_scutatus_C9A	NW_015172005.1	583	56	528	583	1831801	1831634	62.500	1.29e-11	73.9
Notechis_scutatus_C9A	NW_015172005.1	583	56	102	156	1851297	1851130	60.714	3.12e-11	72.8
Notechis_scutatus_C9A	NW_015172005.1	583	47	157	203	1847680	1847540	57.447	1.72e-09	67.0
Notechis_scutatus_C9A	NW_015184069.1	583	56	528	583	1082	1249	62.500	5.42e-12	73.9
Notechis_scutatus_C9A	NW_015163112.1	583	222	298	514	565996	565373	23.874	1.25e-10	70.9
Notechis_scutatus_C9A	NW_015163112.1	583	223	299	516	552129	551524	22.870	1.92e-08	63.5
Notechis_scutatus_C9A	NW_015176629.1	583	190	302	491	25706	26215	22.632	5.79e-08	62.0
Notechis_scutatus_C9A	NW_015164684.1	583	72	456	527	493471	493259	36.111	5.51e-06	55.8
Notechis_scutatus_C9A	NW_015172012.1	583	74	277	350	167282	167503	35.135	8.36e-06	55.1
Hydrophis_cyanocinctus_C9A	NW_015220147.1	583	68	459	526	810	607	61.765	1.54e-20	99.4
Hydrophis_cyanocinctus_C9A	NW_015172005.1	583	77	277	353	1843178	1842948	55.844	6.12e-20	100
Hydrophis_cyanocinctus_C9A	NW_015172005.1	583	68	459	526	1833520	1833317	61.765	1.87e-19	99.4
Hydrophis_cyanocinctus_C9A	NW_015172005.1	583	56	528	583	1831801	1831634	62.500	1.36e-11	73.9
Hydrophis_cyanocinctus_C9A	NW_015172005.1	583	56	102	156	1851297	1851130	60.714	3.09e-11	72.8
Hydrophis_cyanocinctus_C9A	NW_015172005.1	583	47	157	203	1847680	1847540	57.447	2.11e-09	67.0
Hydrophis_cyanocinctus_C9A	NW_015184069.1	583	56	528	583	1082	1249	62.500	5.72e-12	73.9
Hydrophis_cyanocinctus_C9A	NW_015163112.1	583	222	298	514	565996	565373	24.324	1.70e-11	73.6
Hydrophis_cyanocinctus_C9A	NW_015163112.1	583	219	299	516	552129	551524	22.374	1.38e-08	64.3
Hydrophis_cyanocinctus_C9A	NW_015176629.1	583	190	302	491	25706	26215	22.632	1.46e-08	63.9
Hydrophis_cyanocinctus_C9A	NW_015172012.1	583	78	273	350	167270	167503	34.615	5.23e-06	55.8
Hydrophis_cyanocinctus_C9A	NW_015172012.1	583	70	456	524	195709	195918	34.286	7.74e-06	55.1
Hydrophis_cyanocinctus_C9A	NW_015164684.1	583	72	456	527	493471	493259	36.111	6.15e-06	55.5
Hydrophis_cyanocinctus_C9A	NW_015164684.1	583	92	273	364	436829	437104	30.435	6.64e-06	55.5
Hydrophis_cyanocinctus_C9A	NW_015163880.1	583	231	286	514	3906	3304	21.212	9.52e-06	55.1
Laticauda_colubrina_C9A	NW_015220147.1	583	68	459	526	810	607	61.765	1.50e-20	99.4
Laticauda_colubrina_C9A	NW_015172005.1	583	77	277	353	1843178	1842948	55.844	6.23e-20	100
Laticauda_colubrina_C9A	NW_015172005.1	583	68	459	526	1833520	1833317	61.765	1.82e-19	99.4
Laticauda_colubrina_C9A	NW_015172005.1	583	56	528	583	1831801	1831634	60.714	3.76e-11	72.4
Laticauda_colubrina_C9A	NW_015172005.1	583	56	102	156	1851297	1851130	60.714	4.46e-11	72.4
Laticauda_colubrina_C9A	NW_015172005.1	583	47	157	203	1847680	1847540	57.447	2.16e-09	66.6
Laticauda_colubrina_C9A	NW_015184069.1	583	56	528	583	1082	1249	60.714	1.63e-11	72.4
Laticauda_colubrina_C9A	NW_015163112.1	583	222	298	514	565996	565373	23.874	4.30e-10	68.9
Laticauda_colubrina_C9A	NW_015163112.1	583	223	299	516	552129	551524	23.318	3.97e-09	65.9
Laticauda_colubrina_C9A	NW_015176629.1	583	215	302	514	25706	26287	22.791	5.50e-08	62.4
Laticauda_colubrina_C9A	NW_015164684.1	583	88	277	364	436841	437104	30.682	3.45e-06	56.2
Laticauda_colubrina_C9A	NW_015164684.1	583	79	449	527	493492	493259	34.177	3.92e-06	56.2
Laticauda_colubrina_C9A	NW_015172012.1	583	74	277	350	167282	167503	35.135	8.08e-06	55.1
Laticauda_colubrina_C9A	NW_015172012.1	583	70	456	524	195709	195918	34.286	8.08e-06	55.1
Protobothrops_mucrosquamatus_C9A	NW_015220147.1	583	76	459	534	810	583	60.526	9.02e-23	105
Protobothrops_mucrosquamatus_C9A	NW_015172005.1	583	76	459	534	1833520	1833293	60.526	1.51e-21	105
Protobothrops_mucrosquamatus_C9A	NW_015172005.1	583	79	277	355	1843178	1842942	58.228	1.58e-21	105
Protobothrops_mucrosquamatus_C9A	NW_015172005.1	583	57	527	583	1831804	1831634	59.649	2.27e-11	73.2
Protobothrops_mucrosquamatus_C9A	NW_015172005.1	583	56	102	156	1851297	1851130	60.714	2.31e-11	73.2
Protobothrops_mucrosquamatus_C9A	NW_015172005.1	583	45	157	201	1847680	1847546	64.444	6.85e-11	71.6
Protobothrops_mucrosquamatus_C9A	NW_015163112.1	583	228	298	514	565996	565373	27.632	4.02e-12	75.5
Protobothrops_mucrosquamatus_C9A	NW_015163112.1	583	222	299	516	552129	551524	26.126	2.33e-11	73.2
Protobothrops_mucrosquamatus_C9A	NW_015184069.1	583	57	527	583	1079	1249	59.649	9.69e-12	73.2
Protobothrops_mucrosquamatus_C9A	NW_015164684.1	583	91	274	364	436832	437104	31.868	4.91e-08	62.4
Protobothrops_mucrosquamatus_C9A	NW_015164684.1	583	77	449	525	493492	493265	37.662	2.02e-07	60.5
Protobothrops_mucrosquamatus_C9A	NW_015172012.1	583	78	277	354	167282	167515	34.615	2.99e-07	59.7
Protobothrops_mucrosquamatus_C9A	NW_015172012.1	583	70	456	524	195709	195918	34.286	6.93e-06	55.5
Protobothrops_mucrosquamatus_C9A	NW_015163880.1	583	220	298	514	3870	3304	23.636	5.42e-07	58.9
Chrysopelea_ornata_C9A	NW_015220147.1	584	76	460	535	810	583	61.842	9.77e-23	105
Chrysopelea_ornata_C9A	NW_015172005.1	584	76	460	535	1833520	1833293	61.842	1.63e-21	105
Chrysopelea_ornata_C9A	NW_015172005.1	584	82	277	358	1843178	1842933	56.098	6.46e-21	103
Chrysopelea_ornata_C9A	NW_015172005.1	584	56	102	156	1851297	1851130	60.714	5.79e-12	75.1
Chrysopelea_ornata_C9A	NW_015172005.1	584	47	157	203	1847680	1847540	61.702	4.18e-11	72.4
Chrysopelea_ornata_C9A	NW_015172005.1	584	51	534	584	1831786	1831634	58.824	9.81e-10	67.8
Chrysopelea_ornata_C9A	NW_015163112.1	584	228	298	515	565996	565373	25.877	1.95e-10	70.1
Chrysopelea_ornata_C9A	NW_015163112.1	584	220	299	517	552129	551524	22.273	1.47e-07	60.8
Chrysopelea_ornata_C9A	NW_015184069.1	584	51	534	584	1097	1249	58.824	4.62e-10	67.8
Chrysopelea_ornata_C9A	NW_015164684.1	584	91	274	364	436832	437104	32.967	8.01e-08	61.6
Chrysopelea_ornata_C9A	NW_015172012.1	584	78	277	354	167282	167515	37.179	3.81e-07	59.7
Pituophis_catenifer_C9A	NW_015172005.1	583	82	277	358	1843178	1842933	56.098	1.79e-21	105
Pituophis_catenifer_C9A	NW_015172005.1	583	69	459	527	1833520	1833314	62.319	6.39e-20	100
Pituophis_catenifer_C9A	NW_015172005.1	583	56	102	156	1851297	1851130	62.500	2.74e-11	72.8
Pituophis_catenifer_C9A	NW_015172005.1	583	51	533	583	1831786	1831634	58.824	9.45e-10	68.2
Pituophis_catenifer_C9A	NW_015172005.1	583	45	157	201	1847680	1847546	60.000	8.63e-09	64.7
Pituophis_catenifer_C9A	NW_015220147.1	583	69	459	527	810	604	62.319	4.92e-21	100
Pituophis_catenifer_C9A	NW_015163112.1	583	222	298	514	565996	565373	26.126	2.83e-11	72.8
Pituophis_catenifer_C9A	NW_015163112.1	583	195	299	493	552129	551596	26.667	7.39e-09	65.1
Pituophis_catenifer_C9A	NW_015184069.1	583	51	533	583	1097	1249	58.824	4.45e-10	68.2
Pituophis_catenifer_C9A	NW_015172012.1	583	70	456	524	195709	195918	37.143	1.33e-06	57.8
Pituophis_catenifer_C9A	NW_015163880.1	583	233	286	516	3906	3298	25.751	1.36e-06	57.8
Pituophis_catenifer_C9A	NW_015164684.1	583	134	231	364	436739	437104	28.358	1.75e-06	57.4
Pituophis_catenifer_C9A	NW_015164684.1	583	77	449	525	493492	493265	35.065	2.33e-06	57.0
Pituophis_catenifer_C9A	NW_015164684.1	583	52	533	583	389067	389222	48.077	8.29e-06	55.1
Pantherophis_obsoletus_C9A	NW_015172005.1	583	82	277	358	1843178	1842933	57.317	7.57e-23	109
Pantherophis_obsoletus_C9A	NW_015172005.1	583	76	459	534	1833520	1833293	59.211	3.21e-20	101
Pantherophis_obsoletus_C9A	NW_015172005.1	583	56	102	156	1851297	1851130	60.714	3.48e-11	72.8
Pantherophis_obsoletus_C9A	NW_015172005.1	583	51	533	583	1831786	1831634	60.784	3.17e-10	69.7
Pantherophis_obsoletus_C9A	NW_015172005.1	583	45	157	201	1847680	1847546	62.222	1.47e-09	67.4
Pantherophis_obsoletus_C9A	NW_015172005.1	583	70	57	124	1854947	1854738	42.857	5.75e-06	55.8
Pantherophis_obsoletus_C9A	NW_015220147.1	583	76	459	534	810	583	59.211	2.36e-21	101
Pantherophis_obsoletus_C9A	NW_015163112.1	583	228	298	514	565996	565373	26.316	1.49e-11	73.9
Pantherophis_obsoletus_C9A	NW_015163112.1	583	195	299	493	552129	551596	26.667	2.97e-09	66.2
Pantherophis_obsoletus_C9A	NW_015184069.1	583	51	533	583	1097	1249	60.784	1.45e-10	69.7
Pantherophis_obsoletus_C9A	NW_015164684.1	583	126	239	364	436763	437104	30.952	1.65e-08	63.9
Pantherophis_obsoletus_C9A	NW_015164684.1	583	77	449	525	493492	493265	35.065	2.31e-06	57.0
Pantherophis_obsoletus_C9A	NW_015172012.1	583	78	277	354	167282	167515	37.179	7.28e-08	62.0
Pantherophis_obsoletus_C9A	NW_015172012.1	583	70	456	524	195709	195918	37.143	1.16e-06	57.8
Bothrops_jararaca_C9A	NW_015220147.1	583	76	459	534	810	583	59.211	7.69e-22	103
Bothrops_jararaca_C9A	NW_015172005.1	583	79	277	355	1843178	1842942	58.228	4.37e-21	104
Bothrops_jararaca_C9A	NW_015172005.1	583	76	459	534	1833520	1833293	59.211	1.12e-20	103
Bothrops_jararaca_C9A	NW_015172005.1	583	45	157	201	1847680	1847546	64.444	6.45e-11	71.6
Bothrops_jararaca_C9A	NW_015172005.1	583	56	102	156	1851297	1851130	60.714	7.78e-11	71.6
Bothrops_jararaca_C9A	NW_015172005.1	583	51	533	583	1831786	1831634	62.745	8.34e-11	71.2
Bothrops_jararaca_C9A	NW_015184069.1	583	51	533	583	1097	1249	62.745	3.68e-11	71.2
Bothrops_jararaca_C9A	NW_015163112.1	583	227	298	514	565996	565373	27.313	9.07e-11	71.2
Bothrops_jararaca_C9A	NW_015163112.1	583	222	299	516	552129	551524	25.225	1.05e-09	67.8
Bothrops_jararaca_C9A	NW_015164684.1	583	91	274	364	436832	437104	31.868	7.85e-08	61.6
Bothrops_jararaca_C9A	NW_015164684.1	583	77	449	525	493492	493265	35.065	4.53e-06	55.8
Bothrops_jararaca_C9A	NW_015176629.1	583	216	302	514	25706	26287	22.222	9.74e-08	61.2
Bothrops_jararaca_C9A	NW_015172012.1	583	81	274	354	167273	167515	34.568	4.00e-07	59.3
Bothrops_jararaca_C9A	NW_015172012.1	583	70	456	524	195709	195918	34.286	4.61e-06	55.8
Ptyas_mucosa_C9A	NW_015172005.1	583	83	276	358	1843181	1842933	60.241	2.92e-24	114
Ptyas_mucosa_C9A	NW_015172005.1	583	76	459	534	1833520	1833293	60.526	1.83e-21	105
Ptyas_mucosa_C9A	NW_015172005.1	583	56	102	156	1851297	1851130	62.500	4.81e-12	75.5
Ptyas_mucosa_C9A	NW_015172005.1	583	50	534	583	1831783	1831634	60.000	1.35e-09	67.4
Ptyas_mucosa_C9A	NW_015172005.1	583	45	157	201	1847680	1847546	62.222	1.70e-09	67.0
Ptyas_mucosa_C9A	NW_015220147.1	583	76	459	534	810	583	60.526	1.11e-22	105
Ptyas_mucosa_C9A	NW_015163112.1	583	228	298	514	565996	565373	27.632	1.08e-10	70.9
Ptyas_mucosa_C9A	NW_015163112.1	583	222	299	516	552129	551524	24.775	5.58e-09	65.5
Ptyas_mucosa_C9A	NW_015184069.1	583	50	534	583	1100	1249	60.000	6.42e-10	67.4
Ptyas_mucosa_C9A	NW_015176629.1	583	218	302	514	25706	26287	26.147	1.46e-09	67.4
Ptyas_mucosa_C9A	NW_015172012.1	583	81	274	354	167273	167515	37.037	1.66e-07	60.8
Ptyas_mucosa_C9A	NW_015172012.1	583	70	456	524	195709	195918	37.143	1.55e-06	57.4
Ptyas_mucosa_C9A	NW_015172012.1	583	39	537	575	197547	197663	53.846	9.10e-06	55.1
Ptyas_mucosa_C9A	NW_015164684.1	583	86	449	534	493492	493244	36.047	7.20e-07	58.5
Ptyas_mucosa_C9A	NW_015164684.1	583	91	274	364	436832	437104	30.769	1.13e-06	58.2
Vipera_berus_C9A	NW_015220147.1	583	76	459	534	810	583	57.895	5.39e-22	103
Vipera_berus_C9A	NW_015172005.1	583	76	459	534	1833520	1833293	57.895	8.06e-21	103
Vipera_berus_C9A	NW_015172005.1	583	79	277	355	1843178	1842942	55.696	3.79e-20	101
Vipera_berus_C9A	NW_015172005.1	583	45	157	201	1847680	1847546	66.667	4.39e-11	72.4
Vipera_berus_C9A	NW_015172005.1	583	57	527	583	1831804	1831634	56.140	2.56e-10	69.7
Vipera_berus_C9A	NW_015172005.1	583	56	102	156	1851297	1851130	57.143	7.90e-10	68.2
Vipera_berus_C9A	NW_015184069.1	583	57	527	583	1079	1249	56.140	1.16e-10	69.7
Vipera_berus_C9A	NW_015163112.1	583	228	298	514	565996	565373	26.316	2.78e-10	69.7
Vipera_berus_C9A	NW_015163112.1	583	222	299	516	552129	551524	25.676	7.96e-10	68.2
Vipera_berus_C9A	NW_015164684.1	583	91	274	364	436832	437104	31.868	1.14e-07	61.2
Vipera_berus_C9A	NW_015164684.1	583	77	449	525	493492	493265	37.662	1.29e-07	61.2
Vipera_berus_C9A	NW_015164684.1	583	81	274	354	377796	378038	30.864	7.29e-06	55.5
Vipera_berus_C9A	NW_015172012.1	583	78	277	354	167282	167515	34.615	1.24e-06	57.8
Vipera_berus_C9A	NW_015172012.1	583	70	456	524	195709	195918	34.286	5.19e-06	55.8
Sceloporus_undulatus_C9A	NW_015220147.1	591	82	457	538	828	583	58.537	6.15e-26	115
Sceloporus_undulatus_C9A	NW_015172005.1	591	82	457	538	1833538	1833293	58.537	1.73e-24	115
Sceloporus_undulatus_C9A	NW_015172005.1	591	83	277	359	1843190	1842942	61.446	4.11e-24	114
Sceloporus_undulatus_C9A	NW_015172005.1	591	47	156	202	1847680	1847540	59.574	1.90e-10	70.1
Sceloporus_undulatus_C9A	NW_015172005.1	591	53	536	588	1831789	1831631	52.830	5.00e-09	65.9
Sceloporus_undulatus_C9A	NW_015172005.1	591	56	101	155	1851297	1851130	57.143	7.85e-09	65.1
Sceloporus_undulatus_C9A	NW_015172005.1	591	58	400	457	1838930	1838757	39.655	3.81e-06	56.2
Sceloporus_undulatus_C9A	NW_015164684.1	591	92	277	368	436829	437104	33.696	4.42e-10	68.9
Sceloporus_undulatus_C9A	NW_015164684.1	591	50	539	587	389073	389222	58.000	9.14e-08	61.6
Sceloporus_undulatus_C9A	NW_015164684.1	591	78	281	358	377805	378038	29.487	3.00e-06	56.6
Sceloporus_undulatus_C9A	NW_015164684.1	591	40	539	577	450892	451011	62.500	5.58e-06	55.8
Sceloporus_undulatus_C9A	NW_015184069.1	591	53	536	588	1094	1252	52.830	2.44e-09	65.9
Sceloporus_undulatus_C9A	NW_015163112.1	591	222	302	518	565996	565373	22.973	1.19e-08	64.3
Sceloporus_undulatus_C9A	NW_015163112.1	591	192	306	497	552120	551596	24.479	1.17e-07	61.2
Sceloporus_undulatus_C9A	NW_015172012.1	591	79	280	358	167279	167515	37.975	9.84e-07	58.2
Sceloporus_undulatus_C9A	NW_015172012.1	591	47	541	587	197547	197687	48.936	4.29e-06	56.2
Sceloporus_undulatus_C9A	NW_015176629.1	591	190	306	495	25706	26215	20.526	2.50e-06	57.0
Anolis_carolinensis_C9B	NW_015220147.1	538	73	457	529	828	610	65.753	2.11e-24	110
Anolis_carolinensis_C9B	NW_015172005.1	538	73	457	529	1833538	1833320	65.753	3.88e-23	110
Anolis_carolinensis_C9B	NW_015172005.1	538	81	277	357	1843190	1842948	60.494	1.43e-21	105
Anolis_carolinensis_C9B	NW_015172005.1	538	96	156	247	1847680	1847393	44.792	2.41e-14	82.4
Anolis_carolinensis_C9B	NW_015172005.1	538	57	101	155	1851297	1851130	57.895	1.92e-09	66.6
Anolis_carolinensis_C9B	NW_015172005.1	538	57	401	457	1838927	1838757	47.368	1.69e-08	63.5
Anolis_carolinensis_C9B	NW_015172005.1	538	77	57	130	1854947	1854717	42.857	4.41e-07	58.9
Anolis_carolinensis_C9B	NW_015164684.1	538	107	262	368	436784	437104	33.645	1.26e-09	67.4
Anolis_carolinensis_C9B	NW_015164684.1	538	77	281	357	377805	378035	33.766	1.53e-07	60.5
Anolis_carolinensis_C9B	NW_015164684.1	538	71	463	533	493462	493253	36.620	7.55e-07	58.5
Anolis_carolinensis_C9B	NW_015163112.1	538	222	302	518	565996	565373	25.676	1.59e-09	67.0
Anolis_carolinensis_C9B	NW_015163112.1	538	216	306	520	552120	551524	25.463	1.18e-07	60.8
Anolis_carolinensis_C9B	NW_015172012.1	538	77	281	357	167282	167512	37.662	2.81e-08	63.2
Anolis_carolinensis_C9B	NW_015172012.1	538	87	270	356	230846	230601	37.931	4.86e-08	62.4
Hydrophis_cyanocinctus_C9B	NW_015172005.1	582	82	276	357	1843178	1842933	54.878	4.47e-22	107
Hydrophis_cyanocinctus_C9B	NW_015172005.1	582	73	458	530	1833520	1833302	56.164	5.15e-18	94.7
Hydrophis_cyanocinctus_C9B	NW_015172005.1	582	56	101	155	1851297	1851130	62.500	4.18e-12	75.5
Hydrophis_cyanocinctus_C9B	NW_015172005.1	582	51	532	582	1831786	1831634	56.863	4.48e-10	68.9
Hydrophis_cyanocinctus_C9B	NW_015172005.1	582	45	156	200	1847680	1847546	62.222	9.83e-10	67.8
Hydrophis_cyanocinctus_C9B	NW_015220147.1	582	73	458	530	810	592	56.164	5.29e-19	94.7
Hydrophis_cyanocinctus_C9B	NW_015184069.1	582	51	532	582	1097	1249	56.863	2.07e-10	68.9
Hydrophis_cyanocinctus_C9B	NW_015163112.1	582	226	298	515	552129	551524	26.106	3.52e-10	69.3
Hydrophis_cyanocinctus_C9B	NW_015163112.1	582	222	297	513	565996	565373	25.225	3.66e-09	66.2
Hydrophis_cyanocinctus_C9B	NW_015176629.1	582	187	301	487	25706	26206	23.529	1.58e-09	67.4
Hydrophis_cyanocinctus_C9B	NW_015164684.1	582	91	273	363	436832	437104	30.769	2.93e-07	59.7
Hydrophis_cyanocinctus_C9B	NW_015164684.1	582	77	448	524	493492	493265	35.065	2.36e-06	57.0
Hydrophis_cyanocinctus_C9B	NW_015172012.1	582	73	455	526	195709	195927	36.986	5.37e-07	58.9
Hydrophis_cyanocinctus_C9B	NW_015172012.1	582	78	276	353	167282	167515	33.333	3.44e-06	56.2
Bothrops_jararaca_C9B	NW_015220147.1	583	76	459	534	810	583	59.211	9.10e-22	102
Bothrops_jararaca_C9B	NW_015172005.1	583	79	277	355	1843178	1842942	58.228	4.89e-21	104
Bothrops_jararaca_C9B	NW_015172005.1	583	76	459	534	1833520	1833293	59.211	1.32e-20	102
Bothrops_jararaca_C9B	NW_015172005.1	583	56	102	156	1851297	1851130	60.714	1.82e-11	73.6
Bothrops_jararaca_C9B	NW_015172005.1	583	45	157	201	1847680	1847546	66.667	2.12e-11	73.2
Bothrops_jararaca_C9B	NW_015172005.1	583	51	533	583	1831786	1831634	62.745	1.09e-10	70.9
Bothrops_jararaca_C9B	NW_015184069.1	583	51	533	583	1097	1249	62.745	4.84e-11	70.9
Bothrops_jararaca_C9B	NW_015163112.1	583	228	298	514	565996	565373	27.632	7.08e-11	71.6
Bothrops_jararaca_C9B	NW_015163112.1	583	222	299	516	552129	551524	25.225	4.61e-10	68.9
Bothrops_jararaca_C9B	NW_015164684.1	583	91	274	364	436832	437104	31.868	1.22e-07	61.2
Bothrops_jararaca_C9B	NW_015164684.1	583	77	449	525	493492	493265	35.065	4.77e-06	55.8
Bothrops_jararaca_C9B	NW_015172012.1	583	81	274	354	167273	167515	34.568	4.25e-07	59.3
Bothrops_jararaca_C9B	NW_015172012.1	583	70	456	524	195709	195918	34.286	4.49e-06	55.8
Laticauda_colubrina_C9B	NW_015172005.1	583	79	277	355	1843178	1842942	55.696	1.92e-21	105
Laticauda_colubrina_C9B	NW_015172005.1	583	69	459	527	1833520	1833314	60.870	4.13e-19	98.2
Laticauda_colubrina_C9B	NW_015172005.1	583	51	533	583	1831786	1831634	60.784	9.00e-11	71.2
Laticauda_colubrina_C9B	NW_015172005.1	583	45	157	201	1847680	1847546	62.222	2.69e-10	69.7
Laticauda_colubrina_C9B	NW_015172005.1	583	56	102	156	1851297	1851130	57.143	5.29e-10	68.9
Laticauda_colubrina_C9B	NW_015220147.1	583	69	459	527	810	604	60.870	3.59e-20	98.2
Laticauda_colubrina_C9B	NW_015184069.1	583	51	533	583	1097	1249	60.784	3.99e-11	71.2
Laticauda_colubrina_C9B	NW_015163112.1	583	222	298	514	565996	565373	25.676	7.91e-11	71.6
Laticauda_colubrina_C9B	NW_015163112.1	583	224	299	516	552129	551524	24.107	8.67e-10	68.2
Laticauda_colubrina_C9B	NW_015176629.1	583	216	302	515	25706	26290	23.611	9.80e-09	64.7
Laticauda_colubrina_C9B	NW_015164684.1	583	88	277	364	436841	437104	31.818	2.17e-08	63.5
Laticauda_colubrina_C9B	NW_015172012.1	583	78	277	354	167282	167515	34.615	5.82e-07	58.9
Pseudonaja_textilis_C9B	NW_015172005.1	583	82	277	358	1843178	1842933	57.317	5.14e-23	110
Pseudonaja_textilis_C9B	NW_015172005.1	583	75	453	527	1833538	1833314	56.000	2.02e-19	99.0
Pseudonaja_textilis_C9B	NW_015172005.1	583	56	102	156	1851297	1851130	62.500	5.11e-12	75.5
Pseudonaja_textilis_C9B	NW_015172005.1	583	51	533	583	1831786	1831634	58.824	2.08e-10	70.1
Pseudonaja_textilis_C9B	NW_015172005.1	583	45	157	201	1847680	1847546	64.444	4.34e-10	68.9
Pseudonaja_textilis_C9B	NW_015220147.1	583	75	453	527	828	604	56.000	1.68e-20	99.0
Pseudonaja_textilis_C9B	NW_015184069.1	583	51	533	583	1097	1249	58.824	9.42e-11	70.1
Pseudonaja_textilis_C9B	NW_015176629.1	583	187	302	488	25706	26206	24.599	5.55e-10	68.6
Pseudonaja_textilis_C9B	NW_015163112.1	583	227	298	514	565996	565373	25.991	1.12e-09	67.8
Pseudonaja_textilis_C9B	NW_015163112.1	583	226	299	516	552129	551524	25.664	1.67e-09	67.0
Pseudonaja_textilis_C9B	NW_015172012.1	583	78	277	354	167282	167515	34.615	3.18e-07	59.7
Pseudonaja_textilis_C9B	NW_015172012.1	583	70	456	524	195709	195918	37.143	2.05e-06	57.0
Pseudonaja_textilis_C9B	NW_015164684.1	583	88	277	364	436841	437104	29.545	1.15e-06	57.8
Pseudonaja_textilis_C9B	NW_015164684.1	583	70	456	525	493471	493265	37.143	1.20e-06	57.8
Notechis_scutatus_C9B	NW_015172005.1	583	82	277	358	1843178	1842933	57.317	4.23e-23	110
Notechis_scutatus_C9B	NW_015172005.1	583	73	459	531	1833520	1833302	58.904	1.76e-19	99.4
Notechis_scutatus_C9B	NW_015172005.1	583	56	102	156	1851297	1851130	62.500	4.09e-12	75.5
Notechis_scutatus_C9B	NW_015172005.1	583	51	533	583	1831786	1831634	56.863	4.94e-10	68.9
Notechis_scutatus_C9B	NW_015172005.1	583	45	157	201	1847680	1847546	62.222	8.53e-10	68.2
Notechis_scutatus_C9B	NW_015220147.1	583	73	459	531	810	592	58.904	1.45e-20	99.4
Notechis_scutatus_C9B	NW_015163112.1	583	226	299	516	552129	551524	26.549	5.34e-11	72.0
Notechis_scutatus_C9B	NW_015163112.1	583	222	298	514	565996	565373	27.027	5.48e-11	72.0
Notechis_scutatus_C9B	NW_015184069.1	583	51	533	583	1097	1249	56.863	2.28e-10	68.9
Notechis_scutatus_C9B	NW_015176629.1	583	187	302	488	25706	26206	23.529	2.31e-09	66.6
Notechis_scutatus_C9B	NW_015164684.1	583	147	218	364	436700	437104	27.891	3.10e-07	59.7
Notechis_scutatus_C9B	NW_015164684.1	583	70	456	525	493471	493265	37.143	1.32e-06	57.8
Notechis_scutatus_C9B	NW_015172012.1	583	70	456	524	195709	195918	37.143	2.22e-06	57.0
Notechis_scutatus_C9B	NW_015172012.1	583	78	277	354	167282	167515	32.051	4.89e-06	55.8
Pituophis_catenifer_C9B	NW_015220147.1	583	75	453	527	828	604	60.000	6.50e-23	106
Pituophis_catenifer_C9B	NW_015172005.1	583	75	453	527	1833538	1833314	60.000	1.11e-21	106
Pituophis_catenifer_C9B	NW_015172005.1	583	82	277	358	1843178	1842933	56.098	3.27e-21	104
Pituophis_catenifer_C9B	NW_015172005.1	583	56	102	156	1851297	1851130	60.714	1.71e-12	77.0
Pituophis_catenifer_C9B	NW_015172005.1	583	47	157	203	1847680	1847540	59.574	1.39e-10	70.9
Pituophis_catenifer_C9B	NW_015172005.1	583	45	539	583	1831768	1831634	60.000	4.63e-08	62.4
Pituophis_catenifer_C9B	NW_015163112.1	583	228	298	514	565996	565373	26.754	5.29e-12	75.1
Pituophis_catenifer_C9B	NW_015163112.1	583	222	299	516	552129	551524	24.324	6.83e-10	68.6
Pituophis_catenifer_C9B	NW_015184069.1	583	45	539	583	1115	1249	60.000	2.40e-08	62.4
Pituophis_catenifer_C9B	NW_015172012.1	583	70	456	524	195709	195918	38.571	3.55e-07	59.7
Pituophis_catenifer_C9B	NW_015164684.1	583	77	449	525	493492	493265	36.364	6.90e-07	58.5
Pantherophis_obsoletus_C9B	NW_015172005.1	583	82	277	358	1843178	1842933	57.317	1.34e-22	108
Pantherophis_obsoletus_C9B	NW_015172005.1	583	79	453	531	1833538	1833302	54.430	3.89e-20	101
Pantherophis_obsoletus_C9B	NW_015172005.1	583	56	102	156	1851297	1851130	60.714	4.38e-12	75.5
Pantherophis_obsoletus_C9B	NW_015172005.1	583	47	157	203	1847680	1847540	59.574	1.54e-10	70.5
Pantherophis_obsoletus_C9B	NW_015172005.1	583	69	523	583	1831840	1831634	52.174	1.30e-09	67.4
Pantherophis_obsoletus_C9B	NW_015220147.1	583	79	453	531	828	592	54.430	2.89e-21	101
Pantherophis_obsoletus_C9B	NW_015163112.1	583	222	298	514	565996	565373	25.225	5.62e-11	72.0
Pantherophis_obsoletus_C9B	NW_015163112.1	583	219	299	516	552129	551524	25.571	8.45e-10	68.2
Pantherophis_obsoletus_C9B	NW_015184069.1	583	69	523	583	1043	1249	52.174	6.15e-10	67.4
Pantherophis_obsoletus_C9B	NW_015164684.1	583	91	274	364	436832	437104	34.066	1.99e-08	63.5
Pantherophis_obsoletus_C9B	NW_015172012.1	583	81	274	354	167273	167515	37.037	1.03e-07	61.2
Pantherophis_obsoletus_C9B	NW_015172012.1	583	70	456	524	195709	195918	37.143	7.84e-07	58.5
Pantherophis_obsoletus_C9B	NW_015172012.1	583	85	274	358	230837	230583	32.941	2.91e-06	56.6
Pantherophis_obsoletus_C9B	NW_015163880.1	583	191	298	488	3870	3385	23.560	2.74e-06	56.6
Crotalus_tigris_C9B	NW_015172005.1	583	76	277	352	1843178	1842951	59.211	1.59e-20	102
Crotalus_tigris_C9B	NW_015172005.1	583	74	453	526	1833538	1833317	54.054	2.96e-19	98.6
Crotalus_tigris_C9B	NW_015172005.1	583	56	102	156	1851297	1851130	60.714	5.20e-12	75.5
Crotalus_tigris_C9B	NW_015172005.1	583	45	157	201	1847680	1847546	64.444	2.81e-10	69.7
Crotalus_tigris_C9B	NW_015172005.1	583	45	539	583	1831768	1831634	62.222	9.40e-09	64.7
Crotalus_tigris_C9B	NW_015220147.1	583	74	453	526	828	607	54.054	2.52e-20	98.6
Crotalus_tigris_C9B	NW_015163112.1	583	224	298	514	565996	565373	26.786	8.12e-11	71.2
Crotalus_tigris_C9B	NW_015163112.1	583	219	299	516	552129	551524	24.658	2.84e-09	66.2
Crotalus_tigris_C9B	NW_015184069.1	583	45	539	583	1115	1249	62.222	4.68e-09	64.7
Crotalus_tigris_C9B	NW_015172012.1	583	70	456	524	195709	195918	37.143	9.30e-07	58.2
Crotalus_tigris_C9B	NW_015164684.1	583	70	456	525	493471	493265	35.714	3.14e-06	56.6
Ptyas_mucosa_C9B	NW_015172005.1	583	77	277	353	1843178	1842948	58.442	4.89e-21	104
Ptyas_mucosa_C9B	NW_015172005.1	583	72	460	531	1833517	1833302	56.944	3.69e-19	98.2
Ptyas_mucosa_C9B	NW_015172005.1	583	83	75	156	1851369	1851130	49.398	1.06e-11	74.3
Ptyas_mucosa_C9B	NW_015172005.1	583	47	157	203	1847680	1847540	59.574	1.01e-10	71.2
Ptyas_mucosa_C9B	NW_015172005.1	583	69	523	583	1831840	1831634	52.174	8.98e-10	68.2
Ptyas_mucosa_C9B	NW_015220147.1	583	72	460	531	807	592	56.944	3.18e-20	98.2
Ptyas_mucosa_C9B	NW_015184069.1	583	69	523	583	1043	1249	52.174	4.22e-10	68.2
Ptyas_mucosa_C9B	NW_015163112.1	583	222	298	514	565996	565373	23.874	1.01e-09	67.8
