Gekko_japonicus_C9A	NW_015220147.1	594	78	467	544	816	583	98.718	3.79e-44	166
Gekko_japonicus_C9A	NW_015172005.1	594	89	283	371	1843199	1842933	93.258	1.63e-43	173
Gekko_japonicus_C9A	NW_015172005.1	594	78	467	544	1833526	1833293	98.718	3.63e-41	166
Gekko_japonicus_C9A	NW_015172005.1	594	77	210	286	1847029	1846799	94.805	3.96e-35	148
Gekko_japonicus_C9A	NW_015172005.1	594	61	406	466	1838930	1838748	100.000	1.46e-27	124
Gekko_japonicus_C9A	NW_015172005.1	594	53	542	594	1831789	1831631	100.000	1.31e-25	118
Gekko_japonicus_C9A	NW_015172005.1	594	52	66	117	1854944	1854789	100.000	2.24e-24	114
Gekko_japonicus_C9A	NW_015172005.1	594	65	112	176	1851297	1851103	81.538	1.08e-23	112
Gekko_japonicus_C9A	NW_015172005.1	594	47	168	214	1847680	1847540	97.872	1.70e-20	102
Gekko_japonicus_C9A	NW_015172005.1	594	46	26	71	1857906	1857769	89.130	2.63e-16	89.4
Gekko_japonicus_C9A	NW_015172005.1	594	39	367	405	1841316	1841200	100.000	4.88e-15	85.1
Gekko_japonicus_C9A	NW_015172005.1	594	25	1	25	1864763	1864689	100.000	8.69e-06	55.1
Gekko_japonicus_C9A	NW_015184069.1	594	53	542	594	1094	1252	100.000	1.77e-26	118
Gekko_japonicus_C9A	NW_015163112.1	594	219	315	526	552120	551524	25.571	3.59e-12	75.9
Gekko_japonicus_C9A	NW_015163112.1	594	224	311	524	565996	565373	27.679	8.19e-10	68.2
Gekko_japonicus_C9A	NW_015164684.1	594	67	469	535	493462	493265	41.791	2.26e-08	63.5
Gekko_japonicus_C9A	NW_015164684.1	594	92	286	377	436829	437104	29.348	5.39e-08	62.4
Gekko_japonicus_C9A	NW_015164684.1	594	82	286	367	377793	378038	28.049	9.14e-06	55.1
Gekko_japonicus_C9A	NW_015172012.1	594	71	297	367	167303	167515	39.437	5.92e-08	62.0
Gekko_japonicus_C9A	NW_015172012.1	594	68	468	534	195715	195918	36.765	1.31e-06	57.8
Gekko_japonicus_C9A	NW_015176629.1	594	213	315	524	25706	26287	24.413	7.71e-07	58.5
