Lacerta_agilis_C9A	NW_006536677.1	589	78	279	356	92559	92326	66.667	1.80e-27	123
Lacerta_agilis_C9A	NW_006536677.1	589	74	461	534	85143	84922	70.270	4.23e-26	119
Lacerta_agilis_C9A	NW_006536677.1	589	47	155	201	96547	96407	68.085	2.28e-14	82.0
Lacerta_agilis_C9A	NW_006536677.1	589	50	105	154	98476	98327	72.000	1.87e-12	75.9
Lacerta_agilis_C9A	NW_006536677.1	589	56	403	458	86901	86734	55.357	4.14e-11	71.6
Lacerta_agilis_C9A	NW_006536677.1	589	52	56	106	99522	99367	53.846	2.14e-08	62.8
Lacerta_agilis_C9A	NW_006536677.1	589	84	193	274	95101	94868	42.857	3.02e-08	62.4
Lacerta_agilis_C9A	NW_006534426.1	589	224	299	517	142949	142320	27.232	1.89e-11	72.8
Lacerta_agilis_C9A	NW_006534426.1	589	224	300	516	129894	129265	25.893	3.44e-06	55.5
Lacerta_agilis_C9A	NW_006533528.1	589	79	279	357	216544	216780	36.709	3.13e-09	65.5
Lacerta_agilis_C9A	NW_006536038.1	589	226	300	516	54727	54125	25.221	9.22e-08	60.8
Lacerta_agilis_C9A	NW_006537519.1	589	93	268	360	12152	11889	29.032	1.20e-07	60.5
Lacerta_agilis_C9A	NW_006539246.1	589	58	470	527	15712	15885	46.552	1.98e-07	59.7
Lacerta_agilis_C9A	NW_006537520.1	589	79	279	357	44880	44644	29.114	9.85e-06	54.3
Zootoca_vivipara_C9A	NW_006536677.1	589	78	279	356	92559	92326	66.667	3.61e-27	122
Zootoca_vivipara_C9A	NW_006536677.1	589	74	461	534	85143	84922	70.270	8.74e-26	118
Zootoca_vivipara_C9A	NW_006536677.1	589	47	155	201	96547	96407	68.085	2.21e-14	82.0
Zootoca_vivipara_C9A	NW_006536677.1	589	50	105	154	98476	98327	72.000	2.63e-12	75.5
Zootoca_vivipara_C9A	NW_006536677.1	589	56	403	458	86901	86734	57.143	1.16e-11	73.6
Zootoca_vivipara_C9A	NW_006536677.1	589	51	56	105	99522	99370	54.902	1.47e-08	63.2
Zootoca_vivipara_C9A	NW_006536677.1	589	82	193	274	95101	94868	45.122	5.20e-08	61.6
Zootoca_vivipara_C9A	NW_006534426.1	589	225	299	517	142949	142320	25.333	1.08e-09	67.0
Zootoca_vivipara_C9A	NW_006533528.1	589	79	279	357	216544	216780	36.709	5.89e-09	64.7
Zootoca_vivipara_C9A	NW_006536038.1	589	229	300	516	54727	54125	23.581	5.17e-08	61.6
Zootoca_vivipara_C9A	NW_006537519.1	589	93	268	360	12152	11889	29.032	1.55e-07	60.1
Zootoca_vivipara_C9A	NW_006539246.1	589	58	470	527	15712	15885	44.828	3.54e-07	58.9
Zootoca_vivipara_C9A	NW_006537520.1	589	79	279	357	44880	44644	29.114	7.01e-06	54.7
Podarcis_muralis_C9A	NW_006536677.1	589	79	278	356	92562	92326	65.823	3.13e-27	122
Podarcis_muralis_C9A	NW_006536677.1	589	74	461	534	85143	84922	68.919	1.28e-25	117
Podarcis_muralis_C9A	NW_006536677.1	589	47	155	201	96547	96407	68.085	2.13e-14	82.4
Podarcis_muralis_C9A	NW_006536677.1	589	50	105	154	98476	98327	72.000	1.83e-12	75.9
Podarcis_muralis_C9A	NW_006536677.1	589	55	404	458	86898	86734	52.727	1.04e-09	67.0
Podarcis_muralis_C9A	NW_006536677.1	589	52	56	106	99522	99367	53.846	1.66e-08	63.2
Podarcis_muralis_C9A	NW_006536677.1	589	82	193	274	95101	94868	45.122	1.75e-07	59.7
Podarcis_muralis_C9A	NW_006534426.1	589	224	299	516	142949	142323	25.446	4.67e-10	68.2
Podarcis_muralis_C9A	NW_006534426.1	589	224	300	516	129894	129265	25.000	3.30e-06	55.8
Podarcis_muralis_C9A	NW_006533528.1	589	79	279	357	216544	216780	35.443	1.71e-08	63.2
Podarcis_muralis_C9A	NW_006533528.1	589	80	447	525	233910	234149	35.000	2.88e-06	55.8
Podarcis_muralis_C9A	NW_006537519.1	589	93	268	360	12152	11889	30.108	6.43e-08	61.2
Podarcis_muralis_C9A	NW_006539246.1	589	82	470	543	15712	15957	37.805	1.24e-07	60.5
Podarcis_muralis_C9A	NW_006536038.1	589	222	300	516	54727	54125	24.775	1.63e-07	60.1
Podarcis_muralis_C9A	NW_006537520.1	589	79	279	357	44880	44644	29.114	9.44e-06	54.3
Anolis_carolinensis_C9A	NW_006536677.1	591	86	457	542	85161	84904	59.302	4.10e-27	122
Anolis_carolinensis_C9A	NW_006536677.1	591	79	280	358	92562	92326	63.291	3.55e-24	113
Anolis_carolinensis_C9A	NW_006536677.1	591	63	151	213	96562	96374	53.968	6.18e-14	80.9
Anolis_carolinensis_C9A	NW_006536677.1	591	104	408	509	86892	86590	38.462	5.74e-10	67.8
Anolis_carolinensis_C9A	NW_006536677.1	591	50	106	155	98476	98327	64.000	6.31e-10	67.8
Anolis_carolinensis_C9A	NW_006536677.1	591	52	25	76	100462	100310	51.923	2.05e-07	59.7
Anolis_carolinensis_C9A	NW_006536677.1	591	52	57	107	99522	99367	53.846	3.56e-07	58.9
Anolis_carolinensis_C9A	NW_006536677.1	591	83	194	276	95101	94868	33.735	3.70e-06	55.5
Anolis_carolinensis_C9A	NW_006534426.1	591	224	301	518	142949	142323	28.571	1.17e-09	67.0
Anolis_carolinensis_C9A	NW_006534426.1	591	242	286	518	129954	129265	25.207	4.13e-07	58.5
Anolis_carolinensis_C9A	NW_006537520.1	591	79	281	359	44880	44644	34.177	1.31e-07	60.1
Anolis_carolinensis_C9A	NW_006537520.1	591	81	281	361	6077	5835	32.099	4.89e-06	55.1
Anolis_carolinensis_C9A	NW_006539246.1	591	38	542	579	18610	18723	60.526	1.79e-07	59.7
Anolis_carolinensis_C9A	NW_006539246.1	591	68	461	528	15682	15882	41.176	3.59e-07	58.9
Anolis_carolinensis_C9A	NW_006537519.1	591	98	263	359	12176	11898	31.633	3.18e-07	58.9
Anolis_carolinensis_C9A	NW_006537519.1	591	51	534	584	1912	1760	49.020	3.64e-07	58.9
Anolis_carolinensis_C9A	NW_006536038.1	591	181	302	482	54727	54224	23.757	1.44e-06	57.0
Anolis_carolinensis_C9A	NW_006533528.1	591	80	449	527	233910	234149	32.500	5.08e-06	55.1
Pogona_vitticeps_C9A	NW_006536677.1	576	74	438	511	85161	84940	70.270	3.01e-24	113
Pogona_vitticeps_C9A	NW_006536677.1	576	83	257	339	92574	92326	62.651	3.23e-24	113
Pogona_vitticeps_C9A	NW_006536677.1	576	51	156	206	96547	96395	68.627	2.39e-15	85.1
Pogona_vitticeps_C9A	NW_006536677.1	576	50	106	155	98476	98327	68.000	4.69e-11	71.2
Pogona_vitticeps_C9A	NW_006536677.1	576	68	381	448	86916	86713	45.588	3.37e-09	65.5
Pogona_vitticeps_C9A	NW_006536677.1	576	75	1	72	100543	100322	45.333	9.97e-09	63.9
Pogona_vitticeps_C9A	NW_006536677.1	576	53	519	571	83534	83376	73.585	1.80e-07	59.7
Pogona_vitticeps_C9A	NW_006534426.1	576	223	282	499	142949	142323	27.354	1.05e-11	73.6
Pogona_vitticeps_C9A	NW_006534426.1	576	244	267	501	129954	129259	26.639	7.88e-09	64.3
Pogona_vitticeps_C9A	NW_006537520.1	576	42	523	563	556	431	71.429	9.70e-09	63.9
Pogona_vitticeps_C9A	NW_006537520.1	576	79	262	340	44880	44644	36.709	2.09e-07	59.7
Pogona_vitticeps_C9A	NW_006537520.1	576	44	521	563	35508	35377	59.091	7.26e-07	57.8
Pogona_vitticeps_C9A	NW_006533528.1	576	84	257	340	216529	216780	33.333	3.14e-08	62.4
Pogona_vitticeps_C9A	NW_006533528.1	576	46	520	565	237343	237480	58.696	3.31e-07	58.9
Pogona_vitticeps_C9A	NW_006533528.1	576	80	430	508	233910	234149	35.000	3.42e-07	58.9
Pogona_vitticeps_C9A	NW_006537519.1	576	42	526	567	1888	1763	64.286	1.20e-07	60.5
Pogona_vitticeps_C9A	NW_006537519.1	576	84	257	340	12149	11898	27.381	7.42e-06	54.7
Pogona_vitticeps_C9A	NW_006539246.1	576	55	521	575	18595	18759	47.273	1.69e-07	59.7
Pogona_vitticeps_C9A	NW_006539246.1	576	69	444	512	15688	15891	44.928	2.32e-07	59.3
Pogona_vitticeps_C9A	NW_006536038.1	576	223	283	501	54727	54119	24.215	6.19e-07	58.2
Gekko_japonicus_C9A	NW_006536677.1	582	84	457	539	85143	84892	52.381	5.95e-20	100
Gekko_japonicus_C9A	NW_006536677.1	582	78	295	372	92559	92326	52.564	4.12e-19	97.4
Gekko_japonicus_C9A	NW_006536677.1	582	51	122	172	98476	98327	64.706	5.88e-11	71.2
Gekko_japonicus_C9A	NW_006536677.1	582	45	173	217	96547	96413	62.222	3.09e-10	68.9
Gekko_japonicus_C9A	NW_006536677.1	582	52	71	122	99519	99370	53.846	1.04e-06	57.4
Gekko_japonicus_C9A	NW_006536677.1	582	76	211	286	95101	94880	36.842	4.66e-06	55.1
Gekko_japonicus_C9A	NW_006534426.1	582	214	315	512	142949	142323	27.103	4.23e-11	71.6
Gekko_japonicus_C9A	NW_006534426.1	582	216	316	512	129894	129265	28.241	1.83e-09	66.2
Gekko_japonicus_C9A	NW_006536038.1	582	210	316	512	54727	54125	25.714	1.04e-09	67.0
Gekko_japonicus_C9A	NW_006539246.1	582	46	536	581	18610	18747	54.348	1.52e-08	63.2
Gekko_japonicus_C9A	NW_006539246.1	582	68	456	523	15685	15885	44.118	5.60e-08	61.2
Gekko_japonicus_C9A	NW_006533528.1	582	79	295	373	216544	216780	34.177	5.72e-08	61.2
Gekko_japonicus_C9A	NW_006533528.1	582	78	456	532	233949	234182	35.897	4.16e-07	58.5
Gekko_japonicus_C9A	NW_006537520.1	582	79	295	373	44880	44644	32.911	1.48e-07	60.1
Gekko_japonicus_C9A	NW_006537520.1	582	64	466	527	39333	39142	40.625	7.61e-06	54.3
Crotalus_tigris_C9A	NW_006536677.1	583	86	453	538	85161	84904	72.093	1.29e-31	136
Crotalus_tigris_C9A	NW_006536677.1	583	78	276	353	92562	92329	76.923	2.10e-30	132
Crotalus_tigris_C9A	NW_006536677.1	583	63	401	463	86901	86713	76.190	1.02e-20	102
Crotalus_tigris_C9A	NW_006536677.1	583	50	107	156	98476	98327	92.000	1.21e-19	99.0
Crotalus_tigris_C9A	NW_006536677.1	583	94	157	247	96547	96266	48.936	6.19e-17	90.5
Crotalus_tigris_C9A	NW_006536677.1	583	51	57	107	99522	99370	66.667	2.67e-13	78.6
Crotalus_tigris_C9A	NW_006536677.1	583	78	195	272	95101	94868	47.436	1.77e-11	72.8
Crotalus_tigris_C9A	NW_006536677.1	583	59	525	583	83552	83376	72.881	2.10e-11	72.4
Crotalus_tigris_C9A	NW_006536677.1	583	42	26	67	100459	100334	64.286	3.23e-08	62.4
Crotalus_tigris_C9A	NW_006534426.1	583	224	297	514	142949	142323	26.786	4.71e-09	65.1
Crotalus_tigris_C9A	NW_006534426.1	583	245	282	514	129954	129265	27.347	7.66e-09	64.3
Crotalus_tigris_C9A	NW_006533528.1	583	47	537	583	237358	237498	53.191	7.47e-08	60.8
Crotalus_tigris_C9A	NW_006533528.1	583	74	277	350	216544	216765	35.135	5.44e-07	58.2
Crotalus_tigris_C9A	NW_006537519.1	583	50	530	579	1912	1763	46.000	1.15e-06	57.0
Crotalus_tigris_C9A	NW_006539246.1	583	71	457	527	15682	15891	40.845	1.42e-06	57.0
Crotalus_tigris_C9A	NW_006536038.1	583	220	298	514	54727	54125	25.455	1.83e-06	56.6
Thamnophis_elegans_C9A	NW_006536677.1	583	87	274	360	92568	92308	78.161	5.63e-35	146
Thamnophis_elegans_C9A	NW_006536677.1	583	82	453	534	85161	84916	71.951	8.99e-29	127
Thamnophis_elegans_C9A	NW_006536677.1	583	93	396	485	86916	86638	60.215	1.11e-22	108
Thamnophis_elegans_C9A	NW_006536677.1	583	77	195	271	95101	94871	59.740	6.51e-18	93.6
Thamnophis_elegans_C9A	NW_006536677.1	583	50	107	156	98476	98327	86.000	1.83e-17	92.0
Thamnophis_elegans_C9A	NW_006536677.1	583	47	157	203	96547	96407	78.723	1.11e-15	86.3
Thamnophis_elegans_C9A	NW_006536677.1	583	51	57	107	99522	99370	66.667	2.36e-13	79.0
Thamnophis_elegans_C9A	NW_006536677.1	583	42	26	67	100459	100334	69.048	4.11e-10	68.6
Thamnophis_elegans_C9A	NW_006536677.1	583	60	338	395	87977	87798	51.667	6.37e-07	58.2
Thamnophis_elegans_C9A	NW_006536677.1	583	59	525	583	83552	83376	62.712	9.34e-07	57.4
Thamnophis_elegans_C9A	NW_006537519.1	583	51	529	579	1915	1763	50.980	9.32e-10	67.4
Thamnophis_elegans_C9A	NW_006537519.1	583	103	256	358	12176	11889	31.068	5.55e-07	58.2
Thamnophis_elegans_C9A	NW_006537520.1	583	55	530	583	35517	35353	49.091	3.45e-08	62.0
Thamnophis_elegans_C9A	NW_006537520.1	583	50	535	583	556	407	52.000	1.15e-07	60.5
Thamnophis_elegans_C9A	NW_006537520.1	583	80	264	343	6110	5877	33.750	7.01e-06	54.7
Thamnophis_elegans_C9A	NW_006537520.1	583	67	277	343	44880	44680	37.313	7.19e-06	54.7
Thamnophis_elegans_C9A	NW_006534426.1	583	229	297	514	142949	142323	24.454	2.97e-07	58.9
Thamnophis_elegans_C9A	NW_006534426.1	583	248	282	514	129954	129265	25.806	3.12e-07	58.9
Thamnophis_elegans_C9A	NW_006533528.1	583	74	277	350	216544	216765	32.432	2.11e-06	56.2
Thamnophis_elegans_C9A	NW_006533528.1	583	47	537	583	237358	237498	48.936	2.29e-06	56.2
Thamnophis_elegans_C9A	NW_006539246.1	583	48	536	583	18604	18747	47.917	3.19e-06	55.8
Thamnophis_elegans_C9A	NW_006536038.1	583	224	298	514	54727	54125	23.214	3.75e-06	55.5
Naja_naja_C9A	NW_006536677.1	582	83	455	537	85152	84904	72.289	2.82e-30	132
Naja_naja_C9A	NW_006536677.1	582	78	276	353	92562	92329	73.077	6.16e-29	128
Naja_naja_C9A	NW_006536677.1	582	50	107	156	98476	98327	88.000	1.30e-18	95.9
Naja_naja_C9A	NW_006536677.1	582	47	157	203	96547	96407	85.106	4.69e-18	94.0
Naja_naja_C9A	NW_006536677.1	582	63	400	462	86901	86713	68.254	6.20e-18	93.6
Naja_naja_C9A	NW_006536677.1	582	78	195	272	95101	94868	51.282	2.41e-12	75.5
Naja_naja_C9A	NW_006536677.1	582	51	57	107	99522	99370	58.824	2.61e-11	72.4
Naja_naja_C9A	NW_006536677.1	582	59	524	582	83552	83376	67.797	1.06e-10	70.1
Naja_naja_C9A	NW_006536677.1	582	42	26	67	100459	100334	64.286	2.27e-08	62.8
Naja_naja_C9A	NW_006534426.1	582	225	297	513	142949	142323	26.222	3.44e-10	68.6
Naja_naja_C9A	NW_006534426.1	582	274	251	513	130044	129265	25.547	1.45e-08	63.2
Naja_naja_C9A	NW_006536038.1	582	226	298	513	54727	54125	25.221	3.30e-08	62.0
Naja_naja_C9A	NW_006533528.1	582	47	536	582	237358	237498	53.191	1.14e-07	60.5
Naja_naja_C9A	NW_006533528.1	582	74	277	350	216544	216765	36.486	8.59e-07	57.8
Naja_naja_C9A	NW_006539246.1	582	71	456	526	15682	15891	40.845	1.52e-07	60.1
Naja_naja_C9A	NW_006537519.1	582	106	259	362	12176	11874	31.132	7.26e-07	57.8
Naja_naja_C9A	NW_006537519.1	582	50	529	578	1912	1763	44.000	5.23e-06	55.1
Pseudonaja_textilis_C9A	NW_006536677.1	583	78	276	353	92562	92329	76.923	3.35e-30	132
Pseudonaja_textilis_C9A	NW_006536677.1	583	83	456	538	85152	84904	69.880	3.27e-29	129
Pseudonaja_textilis_C9A	NW_006536677.1	583	50	107	156	98476	98327	92.000	1.34e-19	99.0
Pseudonaja_textilis_C9A	NW_006536677.1	583	63	401	463	86901	86713	68.254	3.22e-18	94.4
Pseudonaja_textilis_C9A	NW_006536677.1	583	47	157	203	96547	96407	85.106	4.37e-18	94.0
Pseudonaja_textilis_C9A	NW_006536677.1	583	78	195	272	95101	94868	50.000	3.78e-12	75.1
Pseudonaja_textilis_C9A	NW_006536677.1	583	51	57	107	99522	99370	58.824	3.11e-11	72.0
Pseudonaja_textilis_C9A	NW_006536677.1	583	59	525	583	83552	83376	67.797	2.13e-10	69.3
Pseudonaja_textilis_C9A	NW_006536677.1	583	47	26	70	100459	100319	65.957	5.86e-09	64.7
Pseudonaja_textilis_C9A	NW_006534426.1	583	226	297	514	142949	142323	25.664	1.49e-09	66.6
Pseudonaja_textilis_C9A	NW_006534426.1	583	244	282	514	129954	129265	25.000	1.28e-08	63.5
Pseudonaja_textilis_C9A	NW_006536038.1	583	223	298	514	54727	54125	25.561	1.63e-08	63.2
Pseudonaja_textilis_C9A	NW_006533528.1	583	43	537	579	237358	237486	58.140	5.40e-08	61.6
Pseudonaja_textilis_C9A	NW_006533528.1	583	74	277	350	216544	216765	36.486	4.14e-07	58.5
Pseudonaja_textilis_C9A	NW_006539246.1	583	69	457	525	15682	15885	40.580	2.72e-07	59.3
Pseudonaja_textilis_C9A	NW_006539246.1	583	48	536	583	18604	18747	50.000	6.97e-06	54.7
Pseudonaja_textilis_C9A	NW_006537519.1	583	50	530	579	1912	1763	46.000	1.78e-06	56.6
Pseudonaja_textilis_C9A	NW_006537519.1	583	106	259	362	12176	11874	30.189	4.39e-06	55.5
Python_bivittatus_C9A	NW_006536677.1	582	81	274	354	92568	92326	100.000	2.67e-43	171
Python_bivittatus_C9A	NW_006536677.1	582	82	453	534	85161	84916	95.122	2.27e-40	162
Python_bivittatus_C9A	NW_006536677.1	582	79	195	273	95101	94865	93.671	1.46e-36	151
Python_bivittatus_C9A	NW_006536677.1	582	62	396	457	86916	86731	100.000	3.49e-28	125
Python_bivittatus_C9A	NW_006536677.1	582	50	533	582	83525	83376	100.000	6.90e-24	112
Python_bivittatus_C9A	NW_006536677.1	582	51	57	107	99522	99370	98.039	1.34e-23	111
Python_bivittatus_C9A	NW_006536677.1	582	50	107	156	98476	98327	100.000	4.80e-22	106
Python_bivittatus_C9A	NW_006536677.1	582	47	157	203	96547	96407	97.872	6.31e-21	103
Python_bivittatus_C9A	NW_006536677.1	582	60	338	395	87977	87798	78.333	2.82e-16	88.2
Python_bivittatus_C9A	NW_006536677.1	582	47	26	70	100459	100319	78.723	1.56e-12	76.3
Python_bivittatus_C9A	NW_006534426.1	582	270	262	514	130020	129265	25.556	5.52e-09	64.7
Python_bivittatus_C9A	NW_006534426.1	582	229	297	514	142949	142323	24.454	2.86e-08	62.4
Python_bivittatus_C9A	NW_006533528.1	582	41	536	576	237358	237480	60.976	3.02e-08	62.4
Python_bivittatus_C9A	NW_006533528.1	582	79	277	355	216544	216780	35.443	5.16e-08	61.6
Python_bivittatus_C9A	NW_006533528.1	582	80	445	523	233910	234149	35.000	4.04e-06	55.5
Python_bivittatus_C9A	NW_006537519.1	582	99	265	362	12155	11874	33.333	5.35e-08	61.6
Python_bivittatus_C9A	NW_006537519.1	582	50	530	578	1912	1763	50.000	2.29e-06	56.2
Python_bivittatus_C9A	NW_006539246.1	582	67	459	525	15688	15885	43.284	5.74e-07	58.2
Python_bivittatus_C9A	NW_006539246.1	582	40	535	574	18604	18723	62.500	1.25e-06	57.0
Python_bivittatus_C9A	NW_006537520.1	582	47	529	574	571	431	57.447	8.84e-07	57.4
Notechis_scutatus_C9A	NW_006536677.1	583	78	276	353	92562	92329	76.923	3.12e-30	132
Notechis_scutatus_C9A	NW_006536677.1	583	83	456	538	85152	84904	67.470	4.33e-28	125
Notechis_scutatus_C9A	NW_006536677.1	583	50	107	156	98476	98327	90.000	6.57e-19	96.7
Notechis_scutatus_C9A	NW_006536677.1	583	66	398	463	86910	86713	66.667	1.74e-18	95.5
Notechis_scutatus_C9A	NW_006536677.1	583	47	157	203	96547	96407	85.106	4.56e-18	94.0
Notechis_scutatus_C9A	NW_006536677.1	583	78	195	272	95101	94868	51.282	2.32e-12	75.5
Notechis_scutatus_C9A	NW_006536677.1	583	51	57	107	99522	99370	58.824	2.78e-11	72.0
Notechis_scutatus_C9A	NW_006536677.1	583	59	525	583	83552	83376	67.797	2.36e-10	69.3
Notechis_scutatus_C9A	NW_006536677.1	583	42	26	67	100459	100334	66.667	6.32e-09	64.7
Notechis_scutatus_C9A	NW_006534426.1	583	225	297	514	142949	142323	24.889	1.47e-09	66.6
Notechis_scutatus_C9A	NW_006534426.1	583	244	282	514	129954	129265	25.410	8.63e-09	63.9
Notechis_scutatus_C9A	NW_006536038.1	583	223	298	514	54727	54125	24.664	2.20e-08	62.8
Notechis_scutatus_C9A	NW_006533528.1	583	43	537	579	237358	237486	58.140	5.36e-08	61.6
Notechis_scutatus_C9A	NW_006533528.1	583	74	277	350	216544	216765	36.486	4.07e-07	58.5
Notechis_scutatus_C9A	NW_006539246.1	583	69	457	525	15682	15885	40.580	4.61e-07	58.5
Notechis_scutatus_C9A	NW_006539246.1	583	48	536	583	18604	18747	50.000	6.57e-06	54.7
Notechis_scutatus_C9A	NW_006537519.1	583	106	259	362	12176	11874	30.189	4.50e-06	55.1
Notechis_scutatus_C9A	NW_006537519.1	583	48	532	579	1906	1763	47.917	6.38e-06	54.7
Hydrophis_cyanocinctus_C9A	NW_006536677.1	583	78	276	353	92562	92329	76.923	2.53e-30	132
Hydrophis_cyanocinctus_C9A	NW_006536677.1	583	83	456	538	85152	84904	66.265	2.01e-27	123
Hydrophis_cyanocinctus_C9A	NW_006536677.1	583	50	107	156	98476	98327	90.000	6.86e-19	96.7
Hydrophis_cyanocinctus_C9A	NW_006536677.1	583	47	157	203	96547	96407	85.106	5.02e-18	94.0
Hydrophis_cyanocinctus_C9A	NW_006536677.1	583	66	398	463	86910	86713	65.152	1.24e-17	92.4
Hydrophis_cyanocinctus_C9A	NW_006536677.1	583	78	195	272	95101	94868	51.282	1.92e-12	75.9
Hydrophis_cyanocinctus_C9A	NW_006536677.1	583	51	57	107	99522	99370	58.824	2.93e-11	72.0
Hydrophis_cyanocinctus_C9A	NW_006536677.1	583	59	525	583	83552	83376	67.797	2.64e-10	68.9
Hydrophis_cyanocinctus_C9A	NW_006536677.1	583	47	26	70	100459	100319	65.957	6.38e-09	64.3
Hydrophis_cyanocinctus_C9A	NW_006534426.1	583	223	297	514	142949	142323	23.767	3.43e-09	65.5
Hydrophis_cyanocinctus_C9A	NW_006534426.1	583	244	282	514	129954	129265	25.820	4.29e-08	62.0
Hydrophis_cyanocinctus_C9A	NW_006536038.1	583	223	298	514	54727	54125	24.664	1.20e-08	63.5
Hydrophis_cyanocinctus_C9A	NW_006533528.1	583	43	537	579	237358	237486	58.140	5.45e-08	61.6
Hydrophis_cyanocinctus_C9A	NW_006533528.1	583	78	273	350	216532	216765	35.897	2.73e-07	59.3
Hydrophis_cyanocinctus_C9A	NW_006539246.1	583	69	457	525	15682	15885	40.580	4.57e-07	58.5
Hydrophis_cyanocinctus_C9A	NW_006539246.1	583	48	536	583	18604	18747	50.000	6.80e-06	54.7
Hydrophis_cyanocinctus_C9A	NW_006537519.1	583	104	260	362	12170	11874	28.846	4.21e-06	55.5
Hydrophis_cyanocinctus_C9A	NW_006537519.1	583	48	532	579	1906	1763	47.917	6.83e-06	54.7
Laticauda_colubrina_C9A	NW_006536677.1	583	78	276	353	92562	92329	76.923	2.42e-30	132
Laticauda_colubrina_C9A	NW_006536677.1	583	83	456	538	85152	84904	68.675	2.47e-28	126
Laticauda_colubrina_C9A	NW_006536677.1	583	63	401	463	86901	86713	69.841	1.59e-18	95.5
Laticauda_colubrina_C9A	NW_006536677.1	583	50	107	156	98476	98327	88.000	1.67e-18	95.5
Laticauda_colubrina_C9A	NW_006536677.1	583	47	157	203	96547	96407	85.106	5.19e-18	94.0
Laticauda_colubrina_C9A	NW_006536677.1	583	78	195	272	95101	94868	48.718	2.17e-11	72.4
Laticauda_colubrina_C9A	NW_006536677.1	583	51	57	107	99522	99370	58.824	1.10e-10	70.1
Laticauda_colubrina_C9A	NW_006536677.1	583	59	525	583	83552	83376	67.797	1.70e-10	69.7
Laticauda_colubrina_C9A	NW_006536677.1	583	47	26	70	100459	100319	65.957	1.00e-08	63.9
Laticauda_colubrina_C9A	NW_006534426.1	583	224	297	514	142949	142323	24.554	7.66e-09	64.3
Laticauda_colubrina_C9A	NW_006534426.1	583	244	282	514	129954	129265	24.590	9.72e-08	60.8
Laticauda_colubrina_C9A	NW_006536038.1	583	223	298	514	54727	54125	24.664	9.06e-08	60.8
Laticauda_colubrina_C9A	NW_006533528.1	583	43	537	579	237358	237486	55.814	1.94e-07	59.7
Laticauda_colubrina_C9A	NW_006533528.1	583	74	277	350	216544	216765	36.486	4.04e-07	58.5
Laticauda_colubrina_C9A	NW_006539246.1	583	69	457	525	15682	15885	40.580	2.63e-07	59.3
Laticauda_colubrina_C9A	NW_006539246.1	583	48	536	583	18604	18747	50.000	7.46e-06	54.7
Laticauda_colubrina_C9A	NW_006537519.1	583	93	259	350	12176	11913	31.183	6.22e-06	54.7
Protobothrops_mucrosquamatus_C9A	NW_006536677.1	583	81	274	354	92568	92326	83.951	1.93e-35	148
Protobothrops_mucrosquamatus_C9A	NW_006536677.1	583	86	453	538	85161	84904	74.419	8.03e-34	143
Protobothrops_mucrosquamatus_C9A	NW_006536677.1	583	68	396	463	86916	86713	70.588	1.68e-20	101
Protobothrops_mucrosquamatus_C9A	NW_006536677.1	583	50	107	156	98476	98327	92.000	6.54e-20	99.8
Protobothrops_mucrosquamatus_C9A	NW_006536677.1	583	74	199	272	95089	94868	63.514	2.64e-19	97.8
Protobothrops_mucrosquamatus_C9A	NW_006536677.1	583	47	157	203	96547	96407	82.979	1.25e-17	92.4
Protobothrops_mucrosquamatus_C9A	NW_006536677.1	583	51	57	107	99522	99370	68.627	3.03e-14	81.6
Protobothrops_mucrosquamatus_C9A	NW_006536677.1	583	42	26	67	100459	100334	69.048	2.80e-10	68.9
Protobothrops_mucrosquamatus_C9A	NW_006536677.1	583	59	525	583	83552	83376	66.102	1.75e-08	63.2
Protobothrops_mucrosquamatus_C9A	NW_006536677.1	583	42	354	395	87923	87798	69.048	1.33e-07	60.1
Protobothrops_mucrosquamatus_C9A	NW_006534426.1	583	229	297	514	142949	142323	27.074	4.32e-11	71.6
Protobothrops_mucrosquamatus_C9A	NW_006534426.1	583	248	282	514	129954	129265	27.419	2.93e-10	68.9
Protobothrops_mucrosquamatus_C9A	NW_006537519.1	583	50	530	579	1912	1763	54.000	8.85e-10	67.4
Protobothrops_mucrosquamatus_C9A	NW_006537519.1	583	101	256	355	12185	11898	30.693	4.19e-08	62.0
Protobothrops_mucrosquamatus_C9A	NW_006533528.1	583	47	537	583	237358	237498	55.319	1.12e-08	63.5
Protobothrops_mucrosquamatus_C9A	NW_006533528.1	583	79	277	355	216544	216780	32.911	4.33e-08	61.6
Protobothrops_mucrosquamatus_C9A	NW_006539246.1	583	44	536	579	18604	18735	56.818	1.28e-07	60.1
Protobothrops_mucrosquamatus_C9A	NW_006539246.1	583	69	457	525	15682	15885	42.029	6.00e-07	58.2
Protobothrops_mucrosquamatus_C9A	NW_006536038.1	583	223	298	514	54727	54125	21.525	5.33e-07	58.2
Protobothrops_mucrosquamatus_C9A	NW_006537520.1	583	79	277	355	44880	44644	32.911	5.99e-07	58.2
Protobothrops_mucrosquamatus_C9A	NW_006537520.1	583	50	535	583	556	407	56.000	7.87e-07	57.8
Protobothrops_mucrosquamatus_C9A	NW_006537520.1	583	78	266	343	6104	5877	34.615	3.34e-06	55.8
Chrysopelea_ornata_C9A	NW_006536677.1	584	81	274	354	92568	92326	83.951	1.09e-33	142
Chrysopelea_ornata_C9A	NW_006536677.1	584	86	454	539	85161	84904	69.767	2.81e-31	135
Chrysopelea_ornata_C9A	NW_006536677.1	584	68	397	464	86916	86713	70.588	6.17e-21	103
Chrysopelea_ornata_C9A	NW_006536677.1	584	50	107	156	98476	98327	90.000	1.55e-19	98.6
Chrysopelea_ornata_C9A	NW_006536677.1	584	78	195	272	95101	94868	60.256	3.53e-19	97.4
Chrysopelea_ornata_C9A	NW_006536677.1	584	47	157	203	96547	96407	85.106	5.45e-18	93.6
Chrysopelea_ornata_C9A	NW_006536677.1	584	51	57	107	99522	99370	62.745	1.06e-11	73.6
Chrysopelea_ornata_C9A	NW_006536677.1	584	42	26	67	100459	100334	61.905	8.62e-09	63.9
Chrysopelea_ornata_C9A	NW_006537519.1	584	50	531	580	1912	1763	54.000	5.81e-09	64.7
Chrysopelea_ornata_C9A	NW_006537519.1	584	82	277	358	12134	11889	30.488	5.33e-07	58.2
Chrysopelea_ornata_C9A	NW_006534426.1	584	229	297	515	142949	142323	25.328	1.07e-08	63.9
Chrysopelea_ornata_C9A	NW_006534426.1	584	248	282	515	129954	129265	25.403	3.03e-07	58.9
Chrysopelea_ornata_C9A	NW_006533528.1	584	79	277	355	216544	216780	35.443	1.47e-08	63.2
Chrysopelea_ornata_C9A	NW_006533528.1	584	47	538	584	237358	237498	44.681	8.10e-06	54.3
Chrysopelea_ornata_C9A	NW_006539246.1	584	48	537	584	18604	18747	52.083	6.12e-07	58.2
Chrysopelea_ornata_C9A	NW_006539246.1	584	69	458	526	15682	15885	42.029	1.15e-06	57.0
Chrysopelea_ornata_C9A	NW_006536038.1	584	224	298	515	54727	54125	23.214	8.11e-07	57.8
Chrysopelea_ornata_C9A	NW_006537520.1	584	79	277	355	44880	44644	32.911	2.47e-06	56.2
Chrysopelea_ornata_C9A	NW_006537520.1	584	55	531	584	35517	35353	47.273	4.01e-06	55.5
Chrysopelea_ornata_C9A	NW_006537520.1	584	50	536	584	556	407	50.000	5.83e-06	54.7
Pituophis_catenifer_C9A	NW_006536677.1	583	77	277	353	92559	92329	80.519	4.23e-31	134
Pituophis_catenifer_C9A	NW_006536677.1	583	80	453	532	85161	84922	75.000	1.04e-30	133
Pituophis_catenifer_C9A	NW_006536677.1	583	50	107	156	98476	98327	90.000	1.44e-19	98.6
Pituophis_catenifer_C9A	NW_006536677.1	583	75	198	272	95092	94868	58.667	4.29e-18	94.0
Pituophis_catenifer_C9A	NW_006536677.1	583	47	157	203	96547	96407	85.106	9.95e-18	92.8
Pituophis_catenifer_C9A	NW_006536677.1	583	60	404	463	86892	86713	68.333	4.65e-17	90.9
Pituophis_catenifer_C9A	NW_006536677.1	583	51	57	107	99522	99370	62.745	3.24e-12	75.1
Pituophis_catenifer_C9A	NW_006536677.1	583	42	26	67	100459	100334	73.810	8.45e-11	70.5
Pituophis_catenifer_C9A	NW_006536677.1	583	41	355	395	87920	87798	65.854	3.57e-07	58.9
Pituophis_catenifer_C9A	NW_006536677.1	583	59	525	583	83552	83376	57.627	7.39e-06	54.7
Pituophis_catenifer_C9A	NW_006537519.1	583	51	530	580	1912	1760	54.902	8.13e-10	67.4
Pituophis_catenifer_C9A	NW_006537519.1	583	86	273	358	12146	11889	30.233	1.46e-06	57.0
Pituophis_catenifer_C9A	NW_006534426.1	583	225	297	516	142949	142317	25.333	1.44e-09	66.6
Pituophis_catenifer_C9A	NW_006534426.1	583	246	282	516	129954	129259	27.642	3.00e-08	62.4
Pituophis_catenifer_C9A	NW_006533528.1	583	74	277	350	216544	216765	36.486	2.57e-07	59.3
Pituophis_catenifer_C9A	NW_006533528.1	583	47	537	583	237358	237498	48.936	6.67e-07	57.8
Pituophis_catenifer_C9A	NW_006533528.1	583	80	445	523	233910	234149	33.750	2.56e-06	56.2
Pituophis_catenifer_C9A	NW_006539246.1	583	48	536	583	18604	18747	52.083	2.96e-07	58.9
Pituophis_catenifer_C9A	NW_006537520.1	583	47	530	575	35517	35377	55.319	1.03e-06	57.4
Pituophis_catenifer_C9A	NW_006537520.1	583	55	530	583	565	407	50.909	1.48e-06	57.0
Pantherophis_obsoletus_C9A	NW_006536677.1	583	81	274	354	92568	92326	85.185	3.39e-36	150
Pantherophis_obsoletus_C9A	NW_006536677.1	583	86	453	538	85161	84904	69.767	3.54e-31	135
Pantherophis_obsoletus_C9A	NW_006536677.1	583	68	396	463	86916	86713	70.588	5.24e-21	103
Pantherophis_obsoletus_C9A	NW_006536677.1	583	74	199	272	95089	94868	62.162	5.77e-19	96.7
Pantherophis_obsoletus_C9A	NW_006536677.1	583	50	107	156	98476	98327	84.000	5.57e-18	93.6
Pantherophis_obsoletus_C9A	NW_006536677.1	583	47	157	203	96547	96407	82.979	4.77e-17	90.9
Pantherophis_obsoletus_C9A	NW_006536677.1	583	51	57	107	99522	99370	62.745	6.05e-12	74.3
Pantherophis_obsoletus_C9A	NW_006536677.1	583	42	26	67	100459	100334	71.429	3.94e-10	68.6
Pantherophis_obsoletus_C9A	NW_006536677.1	583	42	354	395	87923	87798	66.667	6.43e-08	61.2
Pantherophis_obsoletus_C9A	NW_006536677.1	583	59	525	583	83552	83376	59.322	2.90e-06	55.8
Pantherophis_obsoletus_C9A	NW_006534426.1	583	231	297	516	142949	142317	27.273	2.39e-11	72.4
Pantherophis_obsoletus_C9A	NW_006534426.1	583	250	282	516	129954	129259	27.200	1.21e-09	67.0
Pantherophis_obsoletus_C9A	NW_006537519.1	583	51	530	580	1912	1760	54.902	7.21e-10	67.4
Pantherophis_obsoletus_C9A	NW_006537519.1	583	82	277	358	12134	11889	32.927	1.16e-08	63.5
Pantherophis_obsoletus_C9A	NW_006533528.1	583	79	277	355	216544	216780	34.177	1.72e-08	63.2
Pantherophis_obsoletus_C9A	NW_006533528.1	583	47	537	583	237358	237498	48.936	6.67e-07	57.8
Pantherophis_obsoletus_C9A	NW_006533528.1	583	80	445	523	233910	234149	33.750	2.33e-06	56.2
Pantherophis_obsoletus_C9A	NW_006536038.1	583	222	298	516	54727	54119	22.523	1.79e-07	59.7
Pantherophis_obsoletus_C9A	NW_006539246.1	583	48	536	583	18604	18747	52.083	3.01e-07	58.9
Pantherophis_obsoletus_C9A	NW_006537520.1	583	79	277	355	44880	44644	32.911	1.19e-06	57.0
Pantherophis_obsoletus_C9A	NW_006537520.1	583	50	535	583	556	407	52.000	2.22e-06	56.2
Pantherophis_obsoletus_C9A	NW_006537520.1	583	47	530	575	35517	35377	53.191	3.67e-06	55.5
Bothrops_jararaca_C9A	NW_006536677.1	583	81	274	354	92568	92326	82.716	1.06e-34	145
Bothrops_jararaca_C9A	NW_006536677.1	583	86	453	538	85161	84904	75.581	1.56e-34	145
Bothrops_jararaca_C9A	NW_006536677.1	583	68	396	463	86916	86713	72.059	7.90e-22	105
Bothrops_jararaca_C9A	NW_006536677.1	583	75	199	273	95089	94865	64.000	5.44e-20	100
Bothrops_jararaca_C9A	NW_006536677.1	583	50	107	156	98476	98327	90.000	5.24e-19	97.1
Bothrops_jararaca_C9A	NW_006536677.1	583	47	157	203	96547	96407	82.979	1.17e-17	92.8
Bothrops_jararaca_C9A	NW_006536677.1	583	51	57	107	99522	99370	70.588	8.19e-15	83.6
Bothrops_jararaca_C9A	NW_006536677.1	583	42	26	67	100459	100334	66.667	1.11e-09	67.0
Bothrops_jararaca_C9A	NW_006536677.1	583	59	525	583	83552	83376	64.407	6.95e-08	61.2
Bothrops_jararaca_C9A	NW_006536677.1	583	42	354	395	87923	87798	69.048	9.13e-08	60.8
Bothrops_jararaca_C9A	NW_006537519.1	583	50	530	579	1912	1763	54.000	9.64e-10	67.0
Bothrops_jararaca_C9A	NW_006537519.1	583	101	256	355	12185	11898	30.693	4.09e-08	62.0
Bothrops_jararaca_C9A	NW_006534426.1	583	229	297	514	142949	142323	25.328	1.24e-08	63.5
Bothrops_jararaca_C9A	NW_006534426.1	583	228	298	514	129894	129265	26.316	1.92e-07	59.7
Bothrops_jararaca_C9A	NW_006533528.1	583	82	274	355	216535	216780	32.927	5.54e-08	61.6
Bothrops_jararaca_C9A	NW_006533528.1	583	47	537	583	237358	237498	53.191	8.34e-08	60.8
Bothrops_jararaca_C9A	NW_006539246.1	583	44	536	579	18604	18735	56.818	1.26e-07	60.5
Bothrops_jararaca_C9A	NW_006537520.1	583	82	274	355	44889	44644	32.927	7.54e-07	57.8
Bothrops_jararaca_C9A	NW_006537520.1	583	50	535	583	556	407	54.000	6.61e-06	54.7
Bothrops_jararaca_C9A	NW_006537520.1	583	67	277	343	6077	5877	35.821	7.38e-06	54.7
Bothrops_jararaca_C9A	NW_006536038.1	583	221	298	514	54727	54125	25.339	6.79e-06	54.7
Ptyas_mucosa_C9A	NW_006536677.1	583	81	274	354	92568	92326	83.951	2.55e-35	147
Ptyas_mucosa_C9A	NW_006536677.1	583	86	453	538	85161	84904	70.930	2.19e-31	135
Ptyas_mucosa_C9A	NW_006536677.1	583	50	107	156	98476	98327	92.000	8.06e-20	99.8
Ptyas_mucosa_C9A	NW_006536677.1	583	61	397	457	86913	86731	75.410	9.18e-20	99.4
Ptyas_mucosa_C9A	NW_006536677.1	583	75	198	272	95092	94868	60.000	4.76e-18	94.0
Ptyas_mucosa_C9A	NW_006536677.1	583	47	157	203	96547	96407	76.596	1.19e-15	86.3
Ptyas_mucosa_C9A	NW_006536677.1	583	51	57	107	99522	99370	64.706	1.70e-12	76.3
Ptyas_mucosa_C9A	NW_006536677.1	583	42	26	67	100459	100334	71.429	1.72e-10	69.7
Ptyas_mucosa_C9A	NW_006536677.1	583	41	354	394	87923	87801	65.854	4.75e-06	55.1
Ptyas_mucosa_C9A	NW_006534426.1	583	229	297	514	142949	142323	27.074	3.49e-09	65.5
Ptyas_mucosa_C9A	NW_006534426.1	583	230	298	514	129894	129265	27.826	3.74e-08	62.0
Ptyas_mucosa_C9A	NW_006533528.1	583	82	274	355	216535	216780	34.146	2.62e-08	62.4
Ptyas_mucosa_C9A	NW_006533528.1	583	80	445	523	233910	234149	35.000	1.49e-06	57.0
Ptyas_mucosa_C9A	NW_006539246.1	583	48	536	583	18604	18747	54.167	4.24e-08	62.0
Ptyas_mucosa_C9A	NW_006537519.1	583	82	277	358	12134	11889	32.927	4.60e-08	61.6
Ptyas_mucosa_C9A	NW_006537519.1	583	50	530	579	1912	1763	50.000	1.21e-06	57.0
Ptyas_mucosa_C9A	NW_006537520.1	583	82	274	355	44889	44644	32.927	1.37e-06	57.0
Ptyas_mucosa_C9A	NW_006537520.1	583	47	530	575	35517	35377	55.319	3.02e-06	55.8
Ptyas_mucosa_C9A	NW_006537520.1	583	50	535	583	556	407	52.000	8.97e-06	54.3
Vipera_berus_C9A	NW_006536677.1	583	86	453	538	85161	84904	73.256	2.38e-33	141
Vipera_berus_C9A	NW_006536677.1	583	81	274	354	92568	92326	82.716	4.73e-33	140
Vipera_berus_C9A	NW_006536677.1	583	62	396	457	86916	86731	77.419	3.75e-22	107
Vipera_berus_C9A	NW_006536677.1	583	77	199	275	95089	94859	63.636	3.02e-21	103
Vipera_berus_C9A	NW_006536677.1	583	50	107	156	98476	98327	90.000	8.99e-19	96.3
Vipera_berus_C9A	NW_006536677.1	583	47	157	203	96547	96407	80.851	1.59e-17	92.4
Vipera_berus_C9A	NW_006536677.1	583	51	57	107	99522	99370	68.627	9.84e-14	80.1
Vipera_berus_C9A	NW_006536677.1	583	42	26	67	100459	100334	73.810	1.44e-11	73.2
Vipera_berus_C9A	NW_006536677.1	583	59	525	583	83552	83376	66.102	5.20e-09	64.7
Vipera_berus_C9A	NW_006536677.1	583	42	354	395	87923	87798	69.048	3.25e-08	62.4
Vipera_berus_C9A	NW_006534426.1	583	229	297	514	142949	142323	25.764	9.37e-10	67.4
Vipera_berus_C9A	NW_006534426.1	583	236	286	514	129924	129265	27.542	3.18e-08	62.4
Vipera_berus_C9A	NW_006537519.1	583	50	530	579	1912	1763	56.000	1.09e-09	67.0
Vipera_berus_C9A	NW_006537519.1	583	100	258	357	12191	11892	31.000	3.51e-08	62.0
Vipera_berus_C9A	NW_006533528.1	583	47	537	583	237358	237498	55.319	5.69e-08	61.2
Vipera_berus_C9A	NW_006533528.1	583	79	277	355	216544	216780	31.646	3.61e-07	58.9
Vipera_berus_C9A	NW_006537520.1	583	82	274	355	44889	44644	34.146	1.83e-07	59.7
Vipera_berus_C9A	NW_006537520.1	583	78	266	343	6104	5877	34.615	3.07e-06	55.8
Vipera_berus_C9A	NW_006539246.1	583	44	536	579	18604	18735	56.818	2.11e-07	59.7
Vipera_berus_C9A	NW_006539246.1	583	69	457	525	15682	15885	40.580	8.66e-07	57.4
Vipera_berus_C9A	NW_006536038.1	583	237	284	514	54766	54125	24.473	2.29e-07	59.3
Sceloporus_undulatus_C9A	NW_006536677.1	591	76	463	538	85143	84916	72.368	2.37e-28	126
Sceloporus_undulatus_C9A	NW_006536677.1	591	78	281	358	92559	92326	65.385	1.26e-24	114
Sceloporus_undulatus_C9A	NW_006536677.1	591	71	150	220	96565	96353	47.887	1.48e-12	76.3
Sceloporus_undulatus_C9A	NW_006536677.1	591	68	400	467	86916	86713	51.471	7.99e-12	73.9
Sceloporus_undulatus_C9A	NW_006536677.1	591	83	194	276	95101	94868	39.759	1.85e-09	66.2
Sceloporus_undulatus_C9A	NW_006536677.1	591	50	106	155	98476	98327	60.000	9.93e-09	63.9
Sceloporus_undulatus_C9A	NW_006536677.1	591	46	25	70	100462	100328	58.696	1.25e-07	60.5
Sceloporus_undulatus_C9A	NW_006536677.1	591	52	57	107	99522	99367	51.923	1.52e-07	60.1
Sceloporus_undulatus_C9A	NW_006539246.1	591	52	540	591	18604	18759	55.769	2.57e-10	68.9
Sceloporus_undulatus_C9A	NW_006539246.1	591	67	463	529	15688	15885	41.791	7.10e-07	57.8
Sceloporus_undulatus_C9A	NW_006534426.1	591	226	301	520	142949	142317	26.106	2.74e-10	68.9
Sceloporus_undulatus_C9A	NW_006534426.1	591	242	286	518	129954	129265	23.967	7.24e-07	57.8
Sceloporus_undulatus_C9A	NW_006537519.1	591	51	534	584	1912	1760	50.980	5.05e-09	64.7
Sceloporus_undulatus_C9A	NW_006537519.1	591	97	265	359	12173	11898	31.959	3.38e-07	58.9
Sceloporus_undulatus_C9A	NW_006536038.1	591	221	302	520	54727	54119	25.339	1.04e-08	63.9
Sceloporus_undulatus_C9A	NW_006537520.1	591	42	539	579	556	431	69.048	3.38e-08	62.0
Sceloporus_undulatus_C9A	NW_006537520.1	591	79	281	359	44880	44644	35.443	6.58e-08	61.2
Sceloporus_undulatus_C9A	NW_006537520.1	591	55	534	587	35517	35353	52.727	1.13e-07	60.5
Sceloporus_undulatus_C9A	NW_006537520.1	591	85	277	361	6089	5835	30.588	4.09e-06	55.5
Sceloporus_undulatus_C9A	NW_006533528.1	591	47	541	587	237358	237498	53.191	1.97e-07	59.7
Sceloporus_undulatus_C9A	NW_006533528.1	591	80	449	527	233910	234149	33.750	2.03e-06	56.2
Sceloporus_undulatus_C9A	NW_006534108.1	591	62	534	591	135444	135629	43.548	4.67e-06	55.1
Anolis_carolinensis_C9B	NW_006536677.1	538	75	280	354	92562	92338	66.667	5.14e-24	112
Anolis_carolinensis_C9B	NW_006536677.1	538	67	463	529	85143	84943	67.164	1.50e-21	104
Anolis_carolinensis_C9B	NW_006536677.1	538	61	156	216	96547	96365	52.459	1.37e-12	76.3
Anolis_carolinensis_C9B	NW_006536677.1	538	55	406	460	86898	86734	58.182	2.95e-12	75.1
Anolis_carolinensis_C9B	NW_006536677.1	538	50	106	155	98476	98327	64.000	1.22e-09	66.6
Anolis_carolinensis_C9B	NW_006536677.1	538	83	194	276	95101	94868	37.349	2.70e-07	58.9
Anolis_carolinensis_C9B	NW_006536677.1	538	74	3	76	100516	100310	40.541	6.80e-07	57.8
Anolis_carolinensis_C9B	NW_006536677.1	538	52	57	107	99522	99367	50.000	9.90e-07	57.0
Anolis_carolinensis_C9B	NW_006534426.1	538	224	301	518	142949	142323	27.679	3.56e-10	68.2
Anolis_carolinensis_C9B	NW_006537520.1	538	97	281	369	44880	44590	36.082	1.39e-08	63.2
Anolis_carolinensis_C9B	NW_006537520.1	538	75	281	355	6077	5853	34.667	5.09e-06	54.7
Anolis_carolinensis_C9B	NW_006537519.1	538	96	263	356	12179	11907	33.333	1.59e-08	63.2
Anolis_carolinensis_C9B	NW_006539246.1	538	67	463	529	15688	15885	44.776	1.86e-08	62.8
Anolis_carolinensis_C9B	NW_006533528.1	538	75	281	355	216544	216768	34.667	1.15e-07	60.1
Anolis_carolinensis_C9B	NW_006536038.1	538	232	290	518	54760	54125	26.293	1.62e-07	59.7
Hydrophis_cyanocinctus_C9B	NW_006536677.1	582	81	273	353	92568	92326	88.889	9.77e-38	155
Hydrophis_cyanocinctus_C9B	NW_006536677.1	582	80	452	531	85161	84922	73.750	6.26e-30	131
Hydrophis_cyanocinctus_C9B	NW_006536677.1	582	50	106	155	98476	98327	92.000	4.39e-20	100
Hydrophis_cyanocinctus_C9B	NW_006536677.1	582	66	397	462	86910	86713	66.667	5.16e-18	94.0
Hydrophis_cyanocinctus_C9B	NW_006536677.1	582	74	198	271	95089	94868	62.162	3.16e-17	91.3
Hydrophis_cyanocinctus_C9B	NW_006536677.1	582	47	156	202	96547	96407	76.596	3.36e-15	84.7
Hydrophis_cyanocinctus_C9B	NW_006536677.1	582	50	57	106	99519	99370	64.000	1.90e-12	75.9
Hydrophis_cyanocinctus_C9B	NW_006536677.1	582	38	25	62	100459	100346	68.421	9.00e-07	57.4
Hydrophis_cyanocinctus_C9B	NW_006534426.1	582	223	296	513	142949	142323	25.561	1.21e-08	63.5
Hydrophis_cyanocinctus_C9B	NW_006534426.1	582	252	281	514	129954	129262	26.587	2.00e-07	59.7
Hydrophis_cyanocinctus_C9B	NW_006537519.1	582	82	276	357	12134	11889	34.146	2.02e-08	62.8
Hydrophis_cyanocinctus_C9B	NW_006537519.1	582	50	529	578	1912	1763	50.000	6.03e-08	61.2
Hydrophis_cyanocinctus_C9B	NW_006539246.1	582	69	456	524	15682	15885	43.478	5.05e-08	61.6
Hydrophis_cyanocinctus_C9B	NW_006539246.1	582	48	535	582	18604	18747	52.083	5.45e-07	58.2
Hydrophis_cyanocinctus_C9B	NW_006533528.1	582	79	276	354	216544	216780	32.911	1.26e-07	60.5
Hydrophis_cyanocinctus_C9B	NW_006533528.1	582	47	536	582	237358	237498	46.809	4.04e-06	55.5
Hydrophis_cyanocinctus_C9B	NW_006533528.1	582	81	449	528	233925	234167	33.333	8.77e-06	54.3
Hydrophis_cyanocinctus_C9B	NW_006537520.1	582	79	276	354	44880	44644	31.646	4.81e-06	55.1
Hydrophis_cyanocinctus_C9B	NW_006536038.1	582	220	297	513	54727	54125	24.545	6.02e-06	54.7
Bothrops_jararaca_C9B	NW_006536677.1	583	105	251	354	92625	92326	70.476	8.39e-35	146
Bothrops_jararaca_C9B	NW_006536677.1	583	86	453	538	85161	84904	75.581	1.90e-34	145
Bothrops_jararaca_C9B	NW_006536677.1	583	68	396	463	86916	86713	72.059	2.39e-22	107
Bothrops_jararaca_C9B	NW_006536677.1	583	50	107	156	98476	98327	94.000	2.57e-20	101
Bothrops_jararaca_C9B	NW_006536677.1	583	79	195	273	95101	94865	59.494	9.18e-20	99.4
Bothrops_jararaca_C9B	NW_006536677.1	583	47	157	203	96547	96407	85.106	3.90e-18	94.4
Bothrops_jararaca_C9B	NW_006536677.1	583	51	57	107	99522	99370	72.549	2.15e-15	85.5
Bothrops_jararaca_C9B	NW_006536677.1	583	42	26	67	100459	100334	69.048	6.47e-10	67.8
Bothrops_jararaca_C9B	NW_006536677.1	583	42	354	395	87923	87798	69.048	1.64e-07	60.1
Bothrops_jararaca_C9B	NW_006536677.1	583	59	525	583	83552	83376	62.712	2.74e-07	59.3
Bothrops_jararaca_C9B	NW_006537519.1	583	50	530	579	1912	1763	54.000	1.04e-09	67.0
Bothrops_jararaca_C9B	NW_006537519.1	583	101	256	355	12185	11898	31.683	3.66e-08	62.0
Bothrops_jararaca_C9B	NW_006534426.1	583	229	297	514	142949	142323	25.764	3.21e-09	65.5
Bothrops_jararaca_C9B	NW_006534426.1	583	228	298	514	129894	129265	26.754	4.91e-08	61.6
Bothrops_jararaca_C9B	NW_006533528.1	583	82	274	355	216535	216780	32.927	5.36e-08	61.6
Bothrops_jararaca_C9B	NW_006533528.1	583	47	537	583	237358	237498	53.191	7.16e-08	61.2
Bothrops_jararaca_C9B	NW_006539246.1	583	44	536	579	18604	18735	54.545	5.37e-07	58.2
Bothrops_jararaca_C9B	NW_006537520.1	583	82	274	355	44889	44644	32.927	7.28e-07	57.8
Bothrops_jararaca_C9B	NW_006537520.1	583	67	277	343	6077	5877	35.821	7.57e-06	54.7
Bothrops_jararaca_C9B	NW_006537520.1	583	50	535	583	556	407	54.000	8.75e-06	54.3
Bothrops_jararaca_C9B	NW_006536038.1	583	221	298	514	54727	54125	25.339	2.41e-06	56.2
Laticauda_colubrina_C9B	NW_006536677.1	583	79	276	354	92562	92326	86.076	2.82e-35	147
Laticauda_colubrina_C9B	NW_006536677.1	583	80	453	532	85161	84922	75.000	1.65e-30	132
Laticauda_colubrina_C9B	NW_006536677.1	583	50	107	156	98476	98327	88.000	2.22e-18	95.1
Laticauda_colubrina_C9B	NW_006536677.1	583	66	398	463	86910	86713	68.182	2.53e-18	94.7
Laticauda_colubrina_C9B	NW_006536677.1	583	46	157	202	96547	96410	80.435	4.44e-16	87.8
Laticauda_colubrina_C9B	NW_006536677.1	583	73	199	271	95089	94871	57.534	4.82e-14	81.3
Laticauda_colubrina_C9B	NW_006536677.1	583	50	58	107	99519	99370	66.000	1.73e-12	75.9
Laticauda_colubrina_C9B	NW_006536677.1	583	38	26	63	100459	100346	71.053	8.10e-08	60.8
Laticauda_colubrina_C9B	NW_006534426.1	583	223	297	514	142949	142323	24.215	5.17e-09	64.7
Laticauda_colubrina_C9B	NW_006534426.1	583	225	298	515	129894	129262	24.889	4.43e-07	58.5
Laticauda_colubrina_C9B	NW_006537519.1	583	90	274	362	12143	11874	33.333	3.48e-08	62.0
Laticauda_colubrina_C9B	NW_006537519.1	583	50	530	579	1912	1763	52.000	5.37e-08	61.6
Laticauda_colubrina_C9B	NW_006533528.1	583	79	277	355	216544	216780	30.380	1.02e-07	60.5
Laticauda_colubrina_C9B	NW_006537520.1	583	79	277	355	44880	44644	34.177	1.74e-07	59.7
Laticauda_colubrina_C9B	NW_006537520.1	583	87	257	343	6095	5877	33.333	1.86e-06	56.6
Laticauda_colubrina_C9B	NW_006537520.1	583	55	530	583	35517	35353	47.273	8.46e-06	54.3
Laticauda_colubrina_C9B	NW_006539246.1	583	69	457	525	15682	15885	43.478	2.23e-07	59.3
Laticauda_colubrina_C9B	NW_006539246.1	583	46	538	583	18610	18747	50.000	7.40e-06	54.7
Laticauda_colubrina_C9B	NW_006536038.1	583	222	298	514	54727	54125	24.775	5.02e-07	58.2
Pseudonaja_textilis_C9B	NW_006536677.1	583	80	275	354	92565	92326	86.250	4.78e-36	149
Pseudonaja_textilis_C9B	NW_006536677.1	583	80	453	532	85161	84922	77.500	1.56e-31	136
Pseudonaja_textilis_C9B	NW_006536677.1	583	50	107	156	98476	98327	94.000	1.88e-20	101
Pseudonaja_textilis_C9B	NW_006536677.1	583	68	396	463	86916	86713	70.588	9.93e-20	99.4
Pseudonaja_textilis_C9B	NW_006536677.1	583	47	157	203	96547	96407	80.851	1.43e-16	89.4
Pseudonaja_textilis_C9B	NW_006536677.1	583	74	199	272	95089	94868	54.054	2.06e-13	79.0
Pseudonaja_textilis_C9B	NW_006536677.1	583	51	57	107	99522	99370	64.706	4.10e-13	78.2
Pseudonaja_textilis_C9B	NW_006536677.1	583	38	26	63	100459	100346	76.316	5.56e-09	64.7
Pseudonaja_textilis_C9B	NW_006534426.1	583	229	297	514	142949	142323	27.511	2.58e-10	68.9
Pseudonaja_textilis_C9B	NW_006534426.1	583	229	298	515	129894	129262	26.638	1.80e-07	59.7
Pseudonaja_textilis_C9B	NW_006537519.1	583	93	266	358	12152	11889	32.258	5.05e-09	64.7
Pseudonaja_textilis_C9B	NW_006537519.1	583	51	529	579	1915	1763	52.941	1.22e-08	63.5
Pseudonaja_textilis_C9B	NW_006533528.1	583	78	277	354	216544	216777	32.051	5.98e-08	61.2
Pseudonaja_textilis_C9B	NW_006533528.1	583	47	537	583	237358	237498	46.809	3.23e-07	58.9
Pseudonaja_textilis_C9B	NW_006539246.1	583	69	457	525	15682	15885	43.478	6.77e-08	61.2
Pseudonaja_textilis_C9B	NW_006539246.1	583	48	536	583	18604	18747	52.083	3.63e-07	58.9
Pseudonaja_textilis_C9B	NW_006536038.1	583	220	298	514	54727	54125	23.636	7.43e-07	57.8
Pseudonaja_textilis_C9B	NW_006537520.1	583	78	277	354	44880	44647	32.051	2.73e-06	55.8
Pseudonaja_textilis_C9B	NW_006537520.1	583	59	527	583	583	407	47.458	8.60e-06	54.3
Notechis_scutatus_C9B	NW_006536677.1	583	79	276	354	92562	92326	83.544	6.64e-34	143
Notechis_scutatus_C9B	NW_006536677.1	583	82	451	532	85167	84922	76.829	8.29e-32	137
Notechis_scutatus_C9B	NW_006536677.1	583	50	107	156	98476	98327	92.000	4.61e-20	100
Notechis_scutatus_C9B	NW_006536677.1	583	66	398	463	86910	86713	66.667	4.97e-18	94.0
Notechis_scutatus_C9B	NW_006536677.1	583	74	199	272	95089	94868	62.162	3.75e-17	90.9
Notechis_scutatus_C9B	NW_006536677.1	583	47	157	203	96547	96407	78.723	3.12e-16	88.2
Notechis_scutatus_C9B	NW_006536677.1	583	50	58	107	99519	99370	66.000	6.57e-13	77.4
Notechis_scutatus_C9B	NW_006536677.1	583	38	26	63	100459	100346	71.053	8.03e-08	60.8
Notechis_scutatus_C9B	NW_006537519.1	583	101	258	358	12191	11889	31.683	4.30e-09	65.1
Notechis_scutatus_C9B	NW_006537519.1	583	50	530	579	1912	1763	50.000	6.59e-08	61.2
Notechis_scutatus_C9B	NW_006534426.1	583	223	297	514	142949	142323	26.457	8.63e-09	63.9
Notechis_scutatus_C9B	NW_006534426.1	583	232	298	515	129894	129262	28.017	1.73e-07	59.7
Notechis_scutatus_C9B	NW_006539246.1	583	69	457	525	15682	15885	43.478	6.44e-08	61.2
Notechis_scutatus_C9B	NW_006539246.1	583	48	536	583	18604	18747	52.083	6.00e-07	58.2
Notechis_scutatus_C9B	NW_006536038.1	583	220	298	514	54727	54125	24.545	3.01e-07	58.9
Notechis_scutatus_C9B	NW_006533528.1	583	79	277	355	216544	216780	30.380	3.02e-07	58.9
Notechis_scutatus_C9B	NW_006533528.1	583	47	537	583	237358	237498	46.809	4.38e-06	55.5
Notechis_scutatus_C9B	NW_006537520.1	583	79	277	355	44880	44644	31.646	4.95e-06	55.1
Notechis_scutatus_C9B	NW_006537520.1	583	79	277	355	6077	5841	30.380	5.12e-06	55.1
Pituophis_catenifer_C9B	NW_006536677.1	583	79	456	534	85152	84916	78.481	1.63e-33	142
Pituophis_catenifer_C9B	NW_006536677.1	583	77	277	353	92559	92329	80.519	4.67e-31	134
Pituophis_catenifer_C9B	NW_006536677.1	583	67	393	457	86931	86731	71.642	1.86e-18	95.1
Pituophis_catenifer_C9B	NW_006536677.1	583	50	107	156	98476	98327	88.000	4.18e-18	94.0
Pituophis_catenifer_C9B	NW_006536677.1	583	47	157	203	96547	96407	82.979	1.86e-17	92.0
Pituophis_catenifer_C9B	NW_006536677.1	583	51	57	107	99522	99370	60.784	2.30e-11	72.4
Pituophis_catenifer_C9B	NW_006536677.1	583	59	531	583	83552	83376	71.186	2.53e-11	72.4
Pituophis_catenifer_C9B	NW_006536677.1	583	79	198	272	95092	94868	48.101	6.89e-11	70.9
Pituophis_catenifer_C9B	NW_006536677.1	583	47	26	70	100459	100319	65.957	1.08e-09	67.0
Pituophis_catenifer_C9B	NW_006534426.1	583	229	297	514	142949	142323	27.511	3.15e-11	72.0
Pituophis_catenifer_C9B	NW_006534426.1	583	245	282	514	129954	129265	29.388	8.49e-11	70.5
Pituophis_catenifer_C9B	NW_006536038.1	583	223	298	514	54727	54125	22.422	1.07e-07	60.5
Pituophis_catenifer_C9B	NW_006533528.1	583	41	537	577	237358	237480	60.976	1.45e-07	60.1
Pituophis_catenifer_C9B	NW_006533528.1	583	74	277	350	216544	216765	36.486	2.94e-07	58.9
Pituophis_catenifer_C9B	NW_006533528.1	583	80	445	523	233910	234149	35.000	3.89e-06	55.5
Pituophis_catenifer_C9B	NW_006537519.1	583	50	530	579	1912	1763	50.000	4.92e-07	58.5
Pituophis_catenifer_C9B	NW_006537519.1	583	86	273	358	12146	11889	30.233	2.42e-06	56.2
Pituophis_catenifer_C9B	NW_006539246.1	583	69	457	525	15682	15885	42.029	2.06e-06	56.2
Pantherophis_obsoletus_C9B	NW_006536677.1	583	79	276	354	92562	92326	81.013	1.15e-32	139
Pantherophis_obsoletus_C9B	NW_006536677.1	583	79	456	534	85152	84916	73.418	2.24e-29	129
Pantherophis_obsoletus_C9B	NW_006536677.1	583	63	401	463	86901	86713	73.016	2.02e-18	95.1
Pantherophis_obsoletus_C9B	NW_006536677.1	583	50	107	156	98476	98327	88.000	4.56e-18	94.0
Pantherophis_obsoletus_C9B	NW_006536677.1	583	47	157	203	96547	96407	82.979	2.27e-17	91.7
Pantherophis_obsoletus_C9B	NW_006536677.1	583	51	57	107	99522	99370	64.706	1.70e-12	76.3
Pantherophis_obsoletus_C9B	NW_006536677.1	583	59	531	583	83552	83376	71.186	2.10e-11	72.4
Pantherophis_obsoletus_C9B	NW_006536677.1	583	82	198	275	95092	94859	47.561	4.93e-11	71.2
Pantherophis_obsoletus_C9B	NW_006536677.1	583	47	26	70	100459	100319	70.213	4.37e-10	68.2
Pantherophis_obsoletus_C9B	NW_006536677.1	583	42	354	395	87923	87798	66.667	5.96e-08	61.2
Pantherophis_obsoletus_C9B	NW_006534426.1	583	308	220	514	130128	129265	26.623	6.66e-10	67.8
Pantherophis_obsoletus_C9B	NW_006534426.1	583	229	297	514	142949	142323	24.891	1.32e-09	66.6
Pantherophis_obsoletus_C9B	NW_006537519.1	583	85	274	358	12143	11889	32.941	9.83e-09	63.9
Pantherophis_obsoletus_C9B	NW_006537519.1	583	50	530	579	1912	1763	52.000	6.25e-07	58.2
Pantherophis_obsoletus_C9B	NW_006533528.1	583	82	274	355	216535	216780	34.146	2.66e-08	62.4
Pantherophis_obsoletus_C9B	NW_006533528.1	583	41	537	577	237358	237480	63.415	1.01e-07	60.5
Pantherophis_obsoletus_C9B	NW_006533528.1	583	80	445	523	233910	234149	36.250	1.60e-06	56.6
Pantherophis_obsoletus_C9B	NW_006539246.1	583	71	457	527	15682	15891	39.437	3.45e-07	58.9
Pantherophis_obsoletus_C9B	NW_006536038.1	583	220	298	514	54727	54125	24.545	4.16e-07	58.5
Pantherophis_obsoletus_C9B	NW_006537520.1	583	82	274	355	44889	44644	34.146	5.01e-07	58.2
Crotalus_tigris_C9B	NW_006536677.1	583	86	453	538	85161	84904	72.093	4.29e-32	137
Crotalus_tigris_C9B	NW_006536677.1	583	78	276	353	92562	92329	76.923	3.06e-30	132
Crotalus_tigris_C9B	NW_006536677.1	583	63	401	463	86901	86713	76.190	9.83e-21	102
Crotalus_tigris_C9B	NW_006536677.1	583	50	107	156	98476	98327	90.000	1.29e-18	95.9
Crotalus_tigris_C9B	NW_006536677.1	583	47	157	203	96547	96407	80.851	7.23e-17	90.1
Crotalus_tigris_C9B	NW_006536677.1	583	51	57	107	99522	99370	68.627	1.50e-13	79.3
Crotalus_tigris_C9B	NW_006536677.1	583	79	195	273	95101	94865	49.367	3.06e-13	78.6
Crotalus_tigris_C9B	NW_006536677.1	583	59	525	583	83552	83376	71.186	1.62e-11	72.8
Crotalus_tigris_C9B	NW_006536677.1	583	42	26	67	100459	100334	66.667	9.69e-09	63.9
Crotalus_tigris_C9B	NW_006534426.1	583	271	256	514	130029	129265	27.306	2.46e-09	65.9
Crotalus_tigris_C9B	NW_006534426.1	583	224	297	514	142949	142323	27.232	5.68e-09	64.7
Crotalus_tigris_C9B	NW_006533528.1	583	47	537	583	237358	237498	55.319	3.74e-08	62.0
Crotalus_tigris_C9B	NW_006533528.1	583	74	277	350	216544	216765	35.135	5.53e-07	58.2
Crotalus_tigris_C9B	NW_006539246.1	583	71	457	527	15682	15891	40.845	5.56e-07	58.2
Crotalus_tigris_C9B	NW_006536038.1	583	220	298	514	54727	54125	25.455	1.74e-06	56.6
Crotalus_tigris_C9B	NW_006537519.1	583	50	530	579	1912	1763	46.000	2.57e-06	55.8
Ptyas_mucosa_C9B	NW_006536677.1	583	77	277	353	92559	92329	80.519	3.90e-31	134
Ptyas_mucosa_C9B	NW_006536677.1	583	79	456	534	85152	84916	72.152	2.12e-28	126
Ptyas_mucosa_C9B	NW_006536677.1	583	47	157	203	96547	96407	82.979	1.52e-17	92.4
Ptyas_mucosa_C9B	NW_006536677.1	583	57	401	457	86901	86731	77.193	1.69e-17	92.0
Ptyas_mucosa_C9B	NW_006536677.1	583	50	107	156	98476	98327	86.000	2.41e-17	91.7
Ptyas_mucosa_C9B	NW_006536677.1	583	82	195	272	95101	94868	47.561	1.26e-11	73.2
Ptyas_mucosa_C9B	NW_006536677.1	583	51	57	107	99522	99370	62.745	1.34e-11	73.2
Ptyas_mucosa_C9B	NW_006536677.1	583	59	531	583	83552	83376	71.186	3.53e-11	71.6
Ptyas_mucosa_C9B	NW_006536677.1	583	38	30	67	100447	100334	65.789	8.10e-08	60.8
Ptyas_mucosa_C9B	NW_006533528.1	583	47	537	583	237358	237498	55.319	1.67e-08	63.2
Ptyas_mucosa_C9B	NW_006533528.1	583	74	277	350	216544	216765	36.486	3.05e-07	58.9
Ptyas_mucosa_C9B	NW_006533528.1	583	80	445	523	233910	234149	35.000	7.81e-06	54.3
Ptyas_mucosa_C9B	NW_006534426.1	583	223	297	514	142949	142323	23.318	9.08e-08	60.8
Ptyas_mucosa_C9B	NW_006536038.1	583	218	298	514	54727	54125	26.606	9.04e-07	57.4
Ptyas_mucosa_C9B	NW_006539246.1	583	61	467	527	15709	15891	40.984	2.23e-06	56.2
Ptyas_mucosa_C9B	NW_006537519.1	583	91	273	362	12146	11874	29.670	2.55e-06	56.2
