Python_bivittatus_C9A	NW_006536677.1	583	81	274	354	92568	92326	100.000	2.72e-43	171
Python_bivittatus_C9A	NW_006536677.1	583	82	453	534	85161	84916	95.122	2.31e-40	162
Python_bivittatus_C9A	NW_006536677.1	583	79	195	273	95101	94865	93.671	1.48e-36	151
Python_bivittatus_C9A	NW_006536677.1	583	62	396	457	86916	86731	100.000	3.53e-28	125
Python_bivittatus_C9A	NW_006536677.1	583	51	533	583	83525	83373	100.000	5.39e-24	112
Python_bivittatus_C9A	NW_006536677.1	583	51	57	107	99522	99370	98.039	1.35e-23	111
Python_bivittatus_C9A	NW_006536677.1	583	50	107	156	98476	98327	100.000	4.83e-22	106
Python_bivittatus_C9A	NW_006536677.1	583	47	157	203	96547	96407	97.872	6.35e-21	103
Python_bivittatus_C9A	NW_006536677.1	583	60	338	395	87977	87798	78.333	2.83e-16	88.2
Python_bivittatus_C9A	NW_006536677.1	583	47	26	70	100459	100319	78.723	1.56e-12	76.3
Python_bivittatus_C9A	NW_006534426.1	583	270	262	514	130020	129265	25.556	5.54e-09	64.7
Python_bivittatus_C9A	NW_006534426.1	583	229	297	514	142949	142323	24.454	2.87e-08	62.4
Python_bivittatus_C9A	NW_006533528.1	583	48	536	583	237358	237501	56.250	2.71e-08	62.4
Python_bivittatus_C9A	NW_006533528.1	583	79	277	355	216544	216780	35.443	5.18e-08	61.6
Python_bivittatus_C9A	NW_006533528.1	583	80	445	523	233910	234149	35.000	4.05e-06	55.5
Python_bivittatus_C9A	NW_006537519.1	583	99	265	362	12155	11874	33.333	5.37e-08	61.6
Python_bivittatus_C9A	NW_006537519.1	583	50	530	578	1912	1763	50.000	2.30e-06	56.2
Python_bivittatus_C9A	NW_006539246.1	583	67	459	525	15688	15885	43.284	5.75e-07	58.2
Python_bivittatus_C9A	NW_006539246.1	583	40	535	574	18604	18723	62.500	1.25e-06	57.0
Python_bivittatus_C9A	NW_006537520.1	583	47	529	574	571	431	57.447	8.86e-07	57.4
