# Python_bivittatus_copy1 subject=NW_006536677.1 region_offset=68373 (add to sstart/send)
Lacerta_agilis_C9A	region	589	78	279	356	24187	23954	66.667	4.01e-32	123
Lacerta_agilis_C9A	region	589	74	461	534	16771	16550	70.270	9.41e-31	119
Lacerta_agilis_C9A	region	589	47	155	201	28175	28035	68.085	5.11e-19	82.0
Lacerta_agilis_C9A	region	589	50	105	154	30104	29955	72.000	4.19e-17	75.9
Lacerta_agilis_C9A	region	589	56	403	458	18529	18362	55.357	9.30e-16	71.6
Lacerta_agilis_C9A	region	589	52	56	106	31150	30995	53.846	4.83e-13	62.8
Lacerta_agilis_C9A	region	589	84	193	274	26729	26496	42.857	6.79e-13	62.4
Lacerta_agilis_C9A	region	589	42	26	66	32087	31962	50.000	2.02e-08	47.8
Lacerta_agilis_C9A	region	589	59	527	584	15180	15004	55.932	2.47e-08	47.4
Lacerta_agilis_C9A	region	589	42	356	397	19551	19426	35.714	0.010	29.3
Zootoca_vivipara_C9A	region	589	78	279	356	24187	23954	66.667	8.03e-32	122
Zootoca_vivipara_C9A	region	589	74	461	534	16771	16550	70.270	1.95e-30	118
Zootoca_vivipara_C9A	region	589	47	155	201	28175	28035	68.085	4.94e-19	82.0
Zootoca_vivipara_C9A	region	589	50	105	154	30104	29955	72.000	5.90e-17	75.5
Zootoca_vivipara_C9A	region	589	56	403	458	18529	18362	57.143	2.60e-16	73.6
Zootoca_vivipara_C9A	region	589	51	56	105	31150	30998	54.902	3.32e-13	63.2
Zootoca_vivipara_C9A	region	589	82	193	274	26729	26496	45.122	1.17e-12	61.6
Zootoca_vivipara_C9A	region	589	33	34	66	32060	31962	51.515	6.24e-08	46.2
Zootoca_vivipara_C9A	region	589	38	548	584	15117	15004	65.789	6.62e-08	46.2
Zootoca_vivipara_C9A	region	589	42	356	397	19551	19426	33.333	0.017	28.5
Podarcis_muralis_C9A	region	589	79	278	356	24190	23954	65.823	6.97e-32	122
Podarcis_muralis_C9A	region	589	74	461	534	16771	16550	68.919	2.85e-30	117
Podarcis_muralis_C9A	region	589	47	155	201	28175	28035	68.085	4.77e-19	82.4
Podarcis_muralis_C9A	region	589	50	105	154	30104	29955	72.000	4.11e-17	75.9
Podarcis_muralis_C9A	region	589	55	404	458	18526	18362	52.727	2.33e-14	67.0
Podarcis_muralis_C9A	region	589	52	56	106	31150	30995	53.846	3.74e-13	63.2
Podarcis_muralis_C9A	region	589	82	193	274	26729	26496	45.122	3.93e-12	59.7
Podarcis_muralis_C9A	region	589	42	26	66	32087	31962	50.000	3.25e-08	47.0
Podarcis_muralis_C9A	region	589	38	548	584	15117	15004	65.789	7.65e-08	45.8
Podarcis_muralis_C9A	region	589	42	356	397	19551	19426	38.095	0.002	32.0
Anolis_carolinensis_C9A	region	591	86	457	542	16789	16532	59.302	9.11e-32	122
Anolis_carolinensis_C9A	region	591	79	280	358	24190	23954	63.291	7.90e-29	113
Anolis_carolinensis_C9A	region	591	63	151	213	28190	28002	53.968	1.39e-18	80.9
Anolis_carolinensis_C9A	region	591	104	408	509	18520	18218	38.462	1.29e-14	67.8
Anolis_carolinensis_C9A	region	591	50	106	155	30104	29955	64.000	1.42e-14	67.8
Anolis_carolinensis_C9A	region	591	52	25	76	32090	31938	51.923	4.61e-12	59.7
Anolis_carolinensis_C9A	region	591	52	57	107	31150	30995	53.846	8.02e-12	58.9
Anolis_carolinensis_C9A	region	591	83	194	276	26729	26496	33.735	8.34e-11	55.5
Anolis_carolinensis_C9A	region	591	48	540	587	15147	15004	64.583	5.48e-09	49.7
Pogona_vitticeps_C9A	region	576	74	438	511	16789	16568	70.270	6.71e-29	113
Pogona_vitticeps_C9A	region	576	83	257	339	24202	23954	62.651	7.20e-29	113
Pogona_vitticeps_C9A	region	576	51	156	206	28175	28023	68.627	5.36e-20	85.1
Pogona_vitticeps_C9A	region	576	50	106	155	30104	29955	68.000	1.05e-15	71.2
Pogona_vitticeps_C9A	region	576	68	381	448	18544	18341	45.588	7.59e-14	65.5
Pogona_vitticeps_C9A	region	576	75	1	72	32171	31950	45.333	2.25e-13	63.9
Pogona_vitticeps_C9A	region	576	53	519	571	15162	15004	73.585	4.05e-12	59.7
Pogona_vitticeps_C9A	region	576	52	57	107	31150	30995	46.154	5.16e-10	52.8
Pogona_vitticeps_C9A	region	576	42	339	380	19551	19426	40.476	1.95e-05	38.1
Gekko_japonicus_C9A	region	582	84	457	539	16771	16520	52.381	1.33e-24	100
Gekko_japonicus_C9A	region	582	78	295	372	24187	23954	52.564	9.20e-24	97.4
Gekko_japonicus_C9A	region	582	51	122	172	30104	29955	64.706	1.32e-15	71.2
Gekko_japonicus_C9A	region	582	45	173	217	28175	28041	62.222	6.95e-15	68.9
Gekko_japonicus_C9A	region	582	52	71	122	31147	30998	53.846	2.35e-11	57.4
Gekko_japonicus_C9A	region	582	76	211	286	26729	26508	36.842	1.05e-10	55.1
Gekko_japonicus_C9A	region	582	58	23	77	32144	31971	44.828	4.39e-10	53.1
Gekko_japonicus_C9A	region	582	66	388	453	18562	18365	31.818	1.02e-09	52.0
Gekko_japonicus_C9A	region	582	59	523	581	15180	15004	50.847	3.51e-05	37.4
Crotalus_tigris_C9A	region	583	86	453	538	16789	16532	72.093	2.87e-36	136
Crotalus_tigris_C9A	region	583	78	276	353	24190	23957	76.923	4.67e-35	132
Crotalus_tigris_C9A	region	583	63	401	463	18529	18341	76.190	2.27e-25	102
Crotalus_tigris_C9A	region	583	50	107	156	30104	29955	92.000	2.71e-24	99.0
Crotalus_tigris_C9A	region	583	94	157	247	28175	27894	48.936	1.38e-21	90.5
Crotalus_tigris_C9A	region	583	51	57	107	31150	30998	66.667	5.98e-18	78.6
Crotalus_tigris_C9A	region	583	78	195	272	26729	26496	47.436	3.97e-16	72.8
Crotalus_tigris_C9A	region	583	59	525	583	15180	15004	72.881	4.71e-16	72.4
Crotalus_tigris_C9A	region	583	42	26	67	32087	31962	64.286	7.26e-13	62.4
Crotalus_tigris_C9A	region	583	42	355	396	19548	19423	40.476	2.88e-06	40.8
Thamnophis_elegans_C9A	region	583	87	274	360	24196	23936	78.161	1.25e-39	146
Thamnophis_elegans_C9A	region	583	82	453	534	16789	16544	71.951	2.00e-33	127
Thamnophis_elegans_C9A	region	583	93	396	485	18544	18266	60.215	2.49e-27	108
Thamnophis_elegans_C9A	region	583	77	195	271	26729	26499	59.740	1.45e-22	93.6
Thamnophis_elegans_C9A	region	583	50	107	156	30104	29955	86.000	4.08e-22	92.0
Thamnophis_elegans_C9A	region	583	47	157	203	28175	28035	78.723	2.48e-20	86.3
Thamnophis_elegans_C9A	region	583	51	57	107	31150	30998	66.667	5.30e-18	79.0
Thamnophis_elegans_C9A	region	583	42	26	67	32087	31962	69.048	9.25e-15	68.6
Thamnophis_elegans_C9A	region	583	60	338	395	19605	19426	51.667	1.44e-11	58.2
Thamnophis_elegans_C9A	region	583	59	525	583	15180	15004	62.712	2.11e-11	57.4
Thamnophis_elegans_C9A	region	583	31	262	291	20139	20047	35.484	0.38	23.9
Naja_naja_C9A	region	582	83	455	537	16780	16532	72.289	6.26e-35	132
Naja_naja_C9A	region	582	78	276	353	24190	23957	73.077	1.37e-33	128
Naja_naja_C9A	region	582	50	107	156	30104	29955	88.000	2.90e-23	95.9
Naja_naja_C9A	region	582	47	157	203	28175	28035	85.106	1.05e-22	94.0
Naja_naja_C9A	region	582	63	400	462	18529	18341	68.254	1.38e-22	93.6
Naja_naja_C9A	region	582	78	195	272	26729	26496	51.282	5.41e-17	75.5
Naja_naja_C9A	region	582	51	57	107	31150	30998	58.824	5.86e-16	72.4
Naja_naja_C9A	region	582	59	524	582	15180	15004	67.797	2.39e-15	70.1
Naja_naja_C9A	region	582	42	26	67	32087	31962	64.286	5.10e-13	62.8
Naja_naja_C9A	region	582	49	355	403	19548	19414	36.735	0.002	32.0
Pseudonaja_textilis_C9A	region	583	78	276	353	24190	23957	76.923	7.44e-35	132
Pseudonaja_textilis_C9A	region	583	83	456	538	16780	16532	69.880	7.27e-34	129
Pseudonaja_textilis_C9A	region	583	50	107	156	30104	29955	92.000	2.98e-24	99.0
Pseudonaja_textilis_C9A	region	583	63	401	463	18529	18341	68.254	7.20e-23	94.4
Pseudonaja_textilis_C9A	region	583	47	157	203	28175	28035	85.106	9.76e-23	94.0
Pseudonaja_textilis_C9A	region	583	78	195	272	26729	26496	50.000	8.48e-17	75.1
Pseudonaja_textilis_C9A	region	583	51	57	107	31150	30998	58.824	6.98e-16	72.0
Pseudonaja_textilis_C9A	region	583	59	525	583	15180	15004	67.797	4.79e-15	69.3
Pseudonaja_textilis_C9A	region	583	47	26	70	32087	31947	65.957	1.32e-13	64.7
Pseudonaja_textilis_C9A	region	583	42	355	396	19548	19423	45.238	2.20e-06	41.2
Python_bivittatus_C9A	region	582	81	274	354	24196	23954	100.000	5.92e-48	171
Python_bivittatus_C9A	region	582	82	453	534	16789	16544	95.122	5.04e-45	162
Python_bivittatus_C9A	region	582	79	195	273	26729	26493	93.671	3.23e-41	151
Python_bivittatus_C9A	region	582	62	396	457	18544	18359	100.000	7.77e-33	125
Python_bivittatus_C9A	region	582	50	533	582	15153	15004	100.000	1.54e-28	112
Python_bivittatus_C9A	region	582	51	57	107	31150	30998	98.039	2.98e-28	111
Python_bivittatus_C9A	region	582	50	107	156	30104	29955	100.000	1.07e-26	106
Python_bivittatus_C9A	region	582	47	157	203	28175	28035	97.872	1.41e-25	103
Python_bivittatus_C9A	region	582	60	338	395	19605	19426	78.333	6.31e-21	88.2
Python_bivittatus_C9A	region	582	47	26	70	32087	31947	78.723	3.49e-17	76.3
Notechis_scutatus_C9A	region	583	78	276	353	24190	23957	76.923	6.93e-35	132
Notechis_scutatus_C9A	region	583	83	456	538	16780	16532	67.470	9.64e-33	125
Notechis_scutatus_C9A	region	583	50	107	156	30104	29955	90.000	1.47e-23	96.7
Notechis_scutatus_C9A	region	583	66	398	463	18538	18341	66.667	3.89e-23	95.5
Notechis_scutatus_C9A	region	583	47	157	203	28175	28035	85.106	1.02e-22	94.0
Notechis_scutatus_C9A	region	583	78	195	272	26729	26496	51.282	5.20e-17	75.5
Notechis_scutatus_C9A	region	583	51	57	107	31150	30998	58.824	6.24e-16	72.0
Notechis_scutatus_C9A	region	583	59	525	583	15180	15004	67.797	5.30e-15	69.3
Notechis_scutatus_C9A	region	583	42	26	67	32087	31962	66.667	1.42e-13	64.7
Notechis_scutatus_C9A	region	583	42	355	396	19548	19423	45.238	2.09e-06	41.2
Hydrophis_cyanocinctus_C9A	region	583	78	276	353	24190	23957	76.923	5.64e-35	132
Hydrophis_cyanocinctus_C9A	region	583	83	456	538	16780	16532	66.265	4.47e-32	123
Hydrophis_cyanocinctus_C9A	region	583	50	107	156	30104	29955	90.000	1.53e-23	96.7
Hydrophis_cyanocinctus_C9A	region	583	47	157	203	28175	28035	85.106	1.12e-22	94.0
Hydrophis_cyanocinctus_C9A	region	583	66	398	463	18538	18341	65.152	2.76e-22	92.4
Hydrophis_cyanocinctus_C9A	region	583	78	195	272	26729	26496	51.282	4.31e-17	75.9
Hydrophis_cyanocinctus_C9A	region	583	51	57	107	31150	30998	58.824	6.57e-16	72.0
Hydrophis_cyanocinctus_C9A	region	583	59	525	583	15180	15004	67.797	5.93e-15	68.9
Hydrophis_cyanocinctus_C9A	region	583	47	26	70	32087	31947	65.957	1.44e-13	64.3
Hydrophis_cyanocinctus_C9A	region	583	35	355	389	19548	19444	51.429	6.03e-06	39.7
Laticauda_colubrina_C9A	region	583	78	276	353	24190	23957	76.923	5.39e-35	132
Laticauda_colubrina_C9A	region	583	83	456	538	16780	16532	68.675	5.49e-33	126
Laticauda_colubrina_C9A	region	583	63	401	463	18529	18341	69.841	3.56e-23	95.5
Laticauda_colubrina_C9A	region	583	50	107	156	30104	29955	88.000	3.72e-23	95.5
Laticauda_colubrina_C9A	region	583	47	157	203	28175	28035	85.106	1.16e-22	94.0
Laticauda_colubrina_C9A	region	583	78	195	272	26729	26496	48.718	4.87e-16	72.4
Laticauda_colubrina_C9A	region	583	51	57	107	31150	30998	58.824	2.48e-15	70.1
Laticauda_colubrina_C9A	region	583	59	525	583	15180	15004	67.797	3.83e-15	69.7
Laticauda_colubrina_C9A	region	583	47	26	70	32087	31947	65.957	2.26e-13	63.9
Laticauda_colubrina_C9A	region	583	35	355	389	19548	19444	48.571	9.02e-05	35.8
Protobothrops_mucrosquamatus_C9A	region	583	81	274	354	24196	23954	83.951	4.28e-40	148
Protobothrops_mucrosquamatus_C9A	region	583	86	453	538	16789	16532	74.419	1.78e-38	143
Protobothrops_mucrosquamatus_C9A	region	583	68	396	463	18544	18341	70.588	3.74e-25	101
Protobothrops_mucrosquamatus_C9A	region	583	50	107	156	30104	29955	92.000	1.46e-24	99.8
Protobothrops_mucrosquamatus_C9A	region	583	74	199	272	26717	26496	63.514	5.88e-24	97.8
Protobothrops_mucrosquamatus_C9A	region	583	47	157	203	28175	28035	82.979	2.79e-22	92.4
Protobothrops_mucrosquamatus_C9A	region	583	51	57	107	31150	30998	68.627	6.79e-19	81.6
Protobothrops_mucrosquamatus_C9A	region	583	42	26	67	32087	31962	69.048	6.29e-15	68.9
Protobothrops_mucrosquamatus_C9A	region	583	59	525	583	15180	15004	66.102	3.93e-13	63.2
Protobothrops_mucrosquamatus_C9A	region	583	42	354	395	19551	19426	69.048	2.99e-12	60.1
Protobothrops_mucrosquamatus_C9A	region	583	34	509	542	25430	25329	35.294	0.68	23.1
Protobothrops_mucrosquamatus_C9A	region	583	31	56	84	15093	15004	45.161	0.70	23.1
Chrysopelea_ornata_C9A	region	584	81	274	354	24196	23954	83.951	2.42e-38	142
Chrysopelea_ornata_C9A	region	584	86	454	539	16789	16532	69.767	6.24e-36	135
Chrysopelea_ornata_C9A	region	584	68	397	464	18544	18341	70.588	1.38e-25	103
Chrysopelea_ornata_C9A	region	584	50	107	156	30104	29955	90.000	3.45e-24	98.6
Chrysopelea_ornata_C9A	region	584	78	195	272	26729	26496	60.256	7.89e-24	97.4
Chrysopelea_ornata_C9A	region	584	47	157	203	28175	28035	85.106	1.22e-22	93.6
Chrysopelea_ornata_C9A	region	584	51	57	107	31150	30998	62.745	2.38e-16	73.6
Chrysopelea_ornata_C9A	region	584	42	26	67	32087	31962	61.905	1.94e-13	63.9
Chrysopelea_ornata_C9A	region	584	60	338	395	19605	19429	50.000	3.28e-10	53.5
Chrysopelea_ornata_C9A	region	584	59	526	584	15180	15004	55.932	1.43e-09	51.6
Pituophis_catenifer_C9A	region	583	77	277	353	24187	23957	80.519	9.41e-36	134
Pituophis_catenifer_C9A	region	583	80	453	532	16789	16550	75.000	2.31e-35	133
Pituophis_catenifer_C9A	region	583	50	107	156	30104	29955	90.000	3.23e-24	98.6
Pituophis_catenifer_C9A	region	583	75	198	272	26720	26496	58.667	9.59e-23	94.0
Pituophis_catenifer_C9A	region	583	47	157	203	28175	28035	85.106	2.22e-22	92.8
Pituophis_catenifer_C9A	region	583	60	404	463	18520	18341	68.333	1.04e-21	90.9
Pituophis_catenifer_C9A	region	583	51	57	107	31150	30998	62.745	7.27e-17	75.1
Pituophis_catenifer_C9A	region	583	42	26	67	32087	31962	73.810	1.90e-15	70.5
Pituophis_catenifer_C9A	region	583	41	355	395	19548	19426	65.854	8.04e-12	58.9
Pituophis_catenifer_C9A	region	583	59	525	583	15180	15004	57.627	1.67e-10	54.7
Pantherophis_obsoletus_C9A	region	583	81	274	354	24196	23954	85.185	7.52e-41	150
Pantherophis_obsoletus_C9A	region	583	86	453	538	16789	16532	69.767	7.86e-36	135
Pantherophis_obsoletus_C9A	region	583	68	396	463	18544	18341	70.588	1.17e-25	103
Pantherophis_obsoletus_C9A	region	583	74	199	272	26717	26496	62.162	1.29e-23	96.7
Pantherophis_obsoletus_C9A	region	583	50	107	156	30104	29955	84.000	1.24e-22	93.6
Pantherophis_obsoletus_C9A	region	583	47	157	203	28175	28035	82.979	1.07e-21	90.9
Pantherophis_obsoletus_C9A	region	583	51	57	107	31150	30998	62.745	1.36e-16	74.3
Pantherophis_obsoletus_C9A	region	583	42	26	67	32087	31962	71.429	8.86e-15	68.6
Pantherophis_obsoletus_C9A	region	583	42	354	395	19551	19426	66.667	1.45e-12	61.2
Pantherophis_obsoletus_C9A	region	583	59	525	583	15180	15004	59.322	6.54e-11	55.8
Pantherophis_obsoletus_C9A	region	583	52	240	291	20187	20047	30.769	0.26	24.6
Bothrops_jararaca_C9A	region	583	81	274	354	24196	23954	82.716	2.36e-39	145
Bothrops_jararaca_C9A	region	583	86	453	538	16789	16532	75.581	3.45e-39	145
Bothrops_jararaca_C9A	region	583	68	396	463	18544	18341	72.059	1.76e-26	105
Bothrops_jararaca_C9A	region	583	75	199	273	26717	26493	64.000	1.21e-24	100
Bothrops_jararaca_C9A	region	583	50	107	156	30104	29955	90.000	1.17e-23	97.1
Bothrops_jararaca_C9A	region	583	47	157	203	28175	28035	82.979	2.62e-22	92.8
Bothrops_jararaca_C9A	region	583	51	57	107	31150	30998	70.588	1.84e-19	83.6
Bothrops_jararaca_C9A	region	583	42	26	67	32087	31962	66.667	2.49e-14	67.0
Bothrops_jararaca_C9A	region	583	59	525	583	15180	15004	64.407	1.57e-12	61.2
Bothrops_jararaca_C9A	region	583	42	354	395	19551	19426	69.048	2.06e-12	60.8
Ptyas_mucosa_C9A	region	583	81	274	354	24196	23954	83.951	5.67e-40	147
Ptyas_mucosa_C9A	region	583	86	453	538	16789	16532	70.930	4.88e-36	135
Ptyas_mucosa_C9A	region	583	50	107	156	30104	29955	92.000	1.80e-24	99.8
Ptyas_mucosa_C9A	region	583	61	397	457	18541	18359	75.410	2.05e-24	99.4
Ptyas_mucosa_C9A	region	583	75	198	272	26720	26496	60.000	1.06e-22	94.0
Ptyas_mucosa_C9A	region	583	47	157	203	28175	28035	76.596	2.66e-20	86.3
Ptyas_mucosa_C9A	region	583	51	57	107	31150	30998	64.706	3.82e-17	76.3
Ptyas_mucosa_C9A	region	583	42	26	67	32087	31962	71.429	3.87e-15	69.7
Ptyas_mucosa_C9A	region	583	41	354	394	19551	19429	65.854	1.07e-10	55.1
Ptyas_mucosa_C9A	region	583	53	532	583	15162	15004	64.151	7.60e-09	49.3
Ptyas_mucosa_C9A	region	583	52	240	291	20187	20047	30.769	0.19	25.0
Vipera_berus_C9A	region	583	86	453	538	16789	16532	73.256	5.29e-38	141
Vipera_berus_C9A	region	583	81	274	354	24196	23954	82.716	1.05e-37	140
Vipera_berus_C9A	region	583	62	396	457	18544	18359	77.419	8.35e-27	107
Vipera_berus_C9A	region	583	77	199	275	26717	26487	63.636	6.73e-26	103
Vipera_berus_C9A	region	583	50	107	156	30104	29955	90.000	2.01e-23	96.3
Vipera_berus_C9A	region	583	47	157	203	28175	28035	80.851	3.55e-22	92.4
Vipera_berus_C9A	region	583	51	57	107	31150	30998	68.627	2.21e-18	80.1
Vipera_berus_C9A	region	583	42	26	67	32087	31962	73.810	3.23e-16	73.2
Vipera_berus_C9A	region	583	59	525	583	15180	15004	66.102	1.17e-13	64.7
Vipera_berus_C9A	region	583	42	354	395	19551	19426	69.048	7.33e-13	62.4
Sceloporus_undulatus_C9A	region	591	76	463	538	16771	16544	72.368	5.27e-33	126
Sceloporus_undulatus_C9A	region	591	78	281	358	24187	23954	65.385	2.81e-29	114
Sceloporus_undulatus_C9A	region	591	71	150	220	28193	27981	47.887	3.32e-17	76.3
Sceloporus_undulatus_C9A	region	591	68	400	467	18544	18341	51.471	1.79e-16	73.9
Sceloporus_undulatus_C9A	region	591	83	194	276	26729	26496	39.759	4.16e-14	66.2
Sceloporus_undulatus_C9A	region	591	50	106	155	30104	29955	60.000	2.24e-13	63.9
Sceloporus_undulatus_C9A	region	591	46	25	70	32090	31956	58.696	2.81e-12	60.5
Sceloporus_undulatus_C9A	region	591	52	57	107	31150	30995	51.923	3.42e-12	60.1
Sceloporus_undulatus_C9A	region	591	59	529	587	15180	15004	54.237	5.57e-09	49.7
Sceloporus_undulatus_C9A	region	591	41	358	398	19551	19429	34.146	0.002	31.6
Anolis_carolinensis_C9B	region	538	75	280	354	24190	23966	66.667	1.15e-28	112
Anolis_carolinensis_C9B	region	538	67	463	529	16771	16571	67.164	3.35e-26	104
Anolis_carolinensis_C9B	region	538	61	156	216	28175	27993	52.459	3.07e-17	76.3
Anolis_carolinensis_C9B	region	538	55	406	460	18526	18362	58.182	6.62e-17	75.1
Anolis_carolinensis_C9B	region	538	50	106	155	30104	29955	64.000	2.74e-14	66.6
Anolis_carolinensis_C9B	region	538	83	194	276	26729	26496	37.349	6.09e-12	58.9
Anolis_carolinensis_C9B	region	538	74	3	76	32144	31938	40.541	1.53e-11	57.8
Anolis_carolinensis_C9B	region	538	52	57	107	31150	30995	50.000	2.23e-11	57.0
Anolis_carolinensis_C9B	region	538	42	359	400	19548	19423	33.333	0.002	31.6
Hydrophis_cyanocinctus_C9B	region	582	81	273	353	24196	23954	88.889	2.17e-42	155
Hydrophis_cyanocinctus_C9B	region	582	80	452	531	16789	16550	73.750	1.39e-34	131
Hydrophis_cyanocinctus_C9B	region	582	50	106	155	30104	29955	92.000	9.79e-25	100
Hydrophis_cyanocinctus_C9B	region	582	66	397	462	18538	18341	66.667	1.15e-22	94.0
Hydrophis_cyanocinctus_C9B	region	582	74	198	271	26717	26496	62.162	7.07e-22	91.3
Hydrophis_cyanocinctus_C9B	region	582	47	156	202	28175	28035	76.596	7.52e-20	84.7
Hydrophis_cyanocinctus_C9B	region	582	50	57	106	31147	30998	64.000	4.25e-17	75.9
Hydrophis_cyanocinctus_C9B	region	582	38	25	62	32087	31974	68.421	2.03e-11	57.4
Hydrophis_cyanocinctus_C9B	region	582	43	353	395	19551	19426	60.465	8.31e-10	52.4
Hydrophis_cyanocinctus_C9B	region	582	48	535	582	15147	15004	62.500	8.62e-09	48.9
Hydrophis_cyanocinctus_C9B	region	582	39	253	290	20163	20047	30.769	0.57	23.5
Bothrops_jararaca_C9B	region	583	105	251	354	24253	23954	70.476	1.86e-39	146
Bothrops_jararaca_C9B	region	583	86	453	538	16789	16532	75.581	4.22e-39	145
Bothrops_jararaca_C9B	region	583	68	396	463	18544	18341	72.059	5.34e-27	107
Bothrops_jararaca_C9B	region	583	50	107	156	30104	29955	94.000	5.74e-25	101
Bothrops_jararaca_C9B	region	583	79	195	273	26729	26493	59.494	2.05e-24	99.4
Bothrops_jararaca_C9B	region	583	47	157	203	28175	28035	85.106	8.72e-23	94.4
Bothrops_jararaca_C9B	region	583	51	57	107	31150	30998	72.549	4.82e-20	85.5
Bothrops_jararaca_C9B	region	583	42	26	67	32087	31962	69.048	1.45e-14	67.8
Bothrops_jararaca_C9B	region	583	42	354	395	19551	19426	69.048	3.70e-12	60.1
Bothrops_jararaca_C9B	region	583	59	525	583	15180	15004	62.712	6.18e-12	59.3
Bothrops_jararaca_C9B	region	583	28	515	542	25412	25329	39.286	1.00	22.7
Laticauda_colubrina_C9B	region	583	79	276	354	24190	23954	86.076	6.26e-40	147
Laticauda_colubrina_C9B	region	583	80	453	532	16789	16550	75.000	3.66e-35	132
Laticauda_colubrina_C9B	region	583	50	107	156	30104	29955	88.000	4.96e-23	95.1
Laticauda_colubrina_C9B	region	583	66	398	463	18538	18341	68.182	5.65e-23	94.7
Laticauda_colubrina_C9B	region	583	46	157	202	28175	28038	80.435	9.94e-21	87.8
Laticauda_colubrina_C9B	region	583	73	199	271	26717	26499	57.534	1.08e-18	81.3
Laticauda_colubrina_C9B	region	583	50	58	107	31147	30998	66.000	3.89e-17	75.9
Laticauda_colubrina_C9B	region	583	38	26	63	32087	31974	71.053	1.83e-12	60.8
Laticauda_colubrina_C9B	region	583	59	525	583	15180	15004	52.542	1.97e-08	47.8
Laticauda_colubrina_C9B	region	583	36	354	389	19551	19444	50.000	1.89e-05	38.1
Pseudonaja_textilis_C9B	region	583	80	275	354	24193	23954	86.250	1.06e-40	149
Pseudonaja_textilis_C9B	region	583	80	453	532	16789	16550	77.500	3.46e-36	136
Pseudonaja_textilis_C9B	region	583	50	107	156	30104	29955	94.000	4.19e-25	101
Pseudonaja_textilis_C9B	region	583	68	396	463	18544	18341	70.588	2.22e-24	99.4
Pseudonaja_textilis_C9B	region	583	47	157	203	28175	28035	80.851	3.20e-21	89.4
Pseudonaja_textilis_C9B	region	583	74	199	272	26717	26496	54.054	4.62e-18	79.0
Pseudonaja_textilis_C9B	region	583	51	57	107	31150	30998	64.706	9.19e-18	78.2
Pseudonaja_textilis_C9B	region	583	38	26	63	32087	31974	76.316	1.25e-13	64.7
Pseudonaja_textilis_C9B	region	583	42	354	395	19551	19429	64.286	4.71e-10	53.1
Pseudonaja_textilis_C9B	region	583	59	525	583	15180	15004	50.847	1.79e-07	44.7
Pseudonaja_textilis_C9B	region	583	39	254	291	20163	20047	30.769	0.57	23.5
Notechis_scutatus_C9B	region	583	79	276	354	24190	23954	83.544	1.47e-38	143
Notechis_scutatus_C9B	region	583	82	451	532	16795	16550	76.829	1.84e-36	137
Notechis_scutatus_C9B	region	583	50	107	156	30104	29955	92.000	1.03e-24	100
Notechis_scutatus_C9B	region	583	66	398	463	18538	18341	66.667	1.11e-22	94.0
Notechis_scutatus_C9B	region	583	74	199	272	26717	26496	62.162	8.38e-22	90.9
Notechis_scutatus_C9B	region	583	47	157	203	28175	28035	78.723	6.98e-21	88.2
Notechis_scutatus_C9B	region	583	50	58	107	31147	30998	66.000	1.47e-17	77.4
Notechis_scutatus_C9B	region	583	38	26	63	32087	31974	71.053	1.81e-12	60.8
Notechis_scutatus_C9B	region	583	60	338	395	19605	19429	50.000	7.92e-10	52.4
Notechis_scutatus_C9B	region	583	59	525	583	15180	15004	54.237	8.56e-09	48.9
Pituophis_catenifer_C9B	region	583	79	456	534	16780	16544	78.481	3.62e-38	142
Pituophis_catenifer_C9B	region	583	77	277	353	24187	23957	80.519	1.04e-35	134
Pituophis_catenifer_C9B	region	583	67	393	457	18559	18359	71.642	4.17e-23	95.1
Pituophis_catenifer_C9B	region	583	50	107	156	30104	29955	88.000	9.34e-23	94.0
Pituophis_catenifer_C9B	region	583	47	157	203	28175	28035	82.979	4.15e-22	92.0
Pituophis_catenifer_C9B	region	583	51	57	107	31150	30998	60.784	5.17e-16	72.4
Pituophis_catenifer_C9B	region	583	59	531	583	15180	15004	71.186	5.68e-16	72.4
Pituophis_catenifer_C9B	region	583	79	198	272	26720	26496	48.101	1.55e-15	70.9
Pituophis_catenifer_C9B	region	583	47	26	70	32087	31947	65.957	2.43e-14	67.0
Pituophis_catenifer_C9B	region	583	39	356	394	19545	19429	64.103	4.59e-10	53.1
Pantherophis_obsoletus_C9B	region	583	79	276	354	24190	23954	81.013	2.55e-37	139
Pantherophis_obsoletus_C9B	region	583	79	456	534	16780	16544	73.418	4.99e-34	129
Pantherophis_obsoletus_C9B	region	583	63	401	463	18529	18341	73.016	4.50e-23	95.1
Pantherophis_obsoletus_C9B	region	583	50	107	156	30104	29955	88.000	1.02e-22	94.0
Pantherophis_obsoletus_C9B	region	583	47	157	203	28175	28035	82.979	5.07e-22	91.7
Pantherophis_obsoletus_C9B	region	583	51	57	107	31150	30998	64.706	3.82e-17	76.3
Pantherophis_obsoletus_C9B	region	583	59	531	583	15180	15004	71.186	4.71e-16	72.4
Pantherophis_obsoletus_C9B	region	583	82	198	275	26720	26487	47.561	1.11e-15	71.2
Pantherophis_obsoletus_C9B	region	583	47	26	70	32087	31947	70.213	9.82e-15	68.2
Pantherophis_obsoletus_C9B	region	583	42	354	395	19551	19426	66.667	1.34e-12	61.2
Crotalus_tigris_C9B	region	583	86	453	538	16789	16532	72.093	9.54e-37	137
Crotalus_tigris_C9B	region	583	78	276	353	24190	23957	76.923	6.81e-35	132
Crotalus_tigris_C9B	region	583	63	401	463	18529	18341	76.190	2.19e-25	102
Crotalus_tigris_C9B	region	583	50	107	156	30104	29955	90.000	2.89e-23	95.9
Crotalus_tigris_C9B	region	583	47	157	203	28175	28035	80.851	1.62e-21	90.1
Crotalus_tigris_C9B	region	583	51	57	107	31150	30998	68.627	3.36e-18	79.3
Crotalus_tigris_C9B	region	583	79	195	273	26729	26493	49.367	6.86e-18	78.6
Crotalus_tigris_C9B	region	583	59	525	583	15180	15004	71.186	3.64e-16	72.8
Crotalus_tigris_C9B	region	583	42	26	67	32087	31962	66.667	2.18e-13	63.9
Crotalus_tigris_C9B	region	583	42	355	396	19548	19423	40.476	2.74e-06	40.8
Ptyas_mucosa_C9B	region	583	77	277	353	24187	23957	80.519	8.68e-36	134
Ptyas_mucosa_C9B	region	583	79	456	534	16780	16544	72.152	4.72e-33	126
Ptyas_mucosa_C9B	region	583	47	157	203	28175	28035	82.979	3.40e-22	92.4
Ptyas_mucosa_C9B	region	583	57	401	457	18529	18359	77.193	3.78e-22	92.0
Ptyas_mucosa_C9B	region	583	50	107	156	30104	29955	86.000	5.39e-22	91.7
Ptyas_mucosa_C9B	region	583	82	195	272	26729	26496	47.561	2.84e-16	73.2
Ptyas_mucosa_C9B	region	583	51	57	107	31150	30998	62.745	3.02e-16	73.2
Ptyas_mucosa_C9B	region	583	59	531	583	15180	15004	71.186	7.94e-16	71.6
Ptyas_mucosa_C9B	region	583	38	30	67	32075	31962	65.789	1.83e-12	60.8
Ptyas_mucosa_C9B	region	583	39	355	393	19548	19432	46.154	5.01e-07	43.1
