Lacerta_agilis_C9A	CM042834.1	589	78	279	356	256307008	256307241	74.359	2.63e-31	135
Lacerta_agilis_C9A	CM042834.1	589	77	279	355	256358666	256358896	68.831	2.40e-29	129
Lacerta_agilis_C9A	CM042834.1	589	70	461	530	256366213	256366422	67.143	4.99e-23	109
Lacerta_agilis_C9A	CM042834.1	589	74	461	534	256314740	256314961	60.811	1.66e-22	108
Lacerta_agilis_C9A	CM042834.1	589	67	90	154	256290891	256291091	61.194	2.57e-15	85.5
Lacerta_agilis_C9A	CM042834.1	589	48	155	202	256293130	256293273	72.917	1.26e-14	83.2
Lacerta_agilis_C9A	CM042834.1	589	55	100	154	256349139	256349303	70.909	9.21e-14	80.5
Lacerta_agilis_C9A	CM042834.1	589	47	155	201	256354331	256354471	68.085	1.01e-13	80.1
Lacerta_agilis_C9A	CM042834.1	589	56	403	458	256364895	256365062	58.929	5.09e-11	71.6
Lacerta_agilis_C9A	CM042834.1	589	56	403	458	256313325	256313492	51.786	2.18e-09	66.2
Lacerta_agilis_C9A	CM042834.1	589	52	534	584	256317500	256317655	53.846	7.46e-09	64.3
Lacerta_agilis_C9A	CM042834.1	589	89	19	106	256347341	256347577	38.202	2.70e-08	62.8
Lacerta_agilis_C9A	CM042834.1	589	60	470	529	255684901	255684722	46.667	4.18e-08	62.0
Lacerta_agilis_C9A	CM042834.1	589	51	56	105	256289862	256290014	52.941	3.09e-07	59.3
Lacerta_agilis_C9A	CM042834.1	589	70	519	584	256367293	256367502	42.857	2.60e-06	56.2
Lacerta_agilis_C9A	CM042840.1	589	223	300	517	125894527	125895153	24.664	3.40e-08	62.4
Lacerta_agilis_C9A	CM042840.1	589	224	297	518	127938187	127937573	21.875	4.81e-07	58.5
Lacerta_agilis_C9A	CM042842.1	589	81	279	359	67151829	67151587	33.333	1.50e-07	60.1
Lacerta_agilis_C9A	CM042842.1	589	78	279	356	67098529	67098762	28.205	2.23e-06	56.2
Zootoca_vivipara_C9A	CM042834.1	589	78	279	356	256307008	256307241	74.359	5.22e-31	134
Zootoca_vivipara_C9A	CM042834.1	589	77	279	355	256358666	256358896	68.831	4.87e-29	128
Zootoca_vivipara_C9A	CM042834.1	589	74	461	534	256366213	256366434	64.865	5.50e-23	109
Zootoca_vivipara_C9A	CM042834.1	589	74	461	534	256314740	256314961	60.811	1.80e-22	108
Zootoca_vivipara_C9A	CM042834.1	589	67	90	154	256290891	256291091	61.194	3.14e-15	85.1
Zootoca_vivipara_C9A	CM042834.1	589	49	154	202	256293127	256293273	71.429	1.41e-14	82.8
Zootoca_vivipara_C9A	CM042834.1	589	47	155	201	256354331	256354471	68.085	1.06e-13	80.1
Zootoca_vivipara_C9A	CM042834.1	589	55	100	154	256349139	256349303	70.909	1.34e-13	79.7
Zootoca_vivipara_C9A	CM042834.1	589	56	403	458	256364895	256365062	57.143	1.74e-10	69.7
Zootoca_vivipara_C9A	CM042834.1	589	89	19	106	256347341	256347577	39.326	3.32e-09	65.5
Zootoca_vivipara_C9A	CM042834.1	589	61	398	458	256313310	256313492	47.541	4.25e-09	65.1
Zootoca_vivipara_C9A	CM042834.1	589	52	534	584	256317500	256317655	53.846	1.20e-08	63.9
Zootoca_vivipara_C9A	CM042834.1	589	51	56	105	256289862	256290014	52.941	1.34e-07	60.5
Zootoca_vivipara_C9A	CM042834.1	589	60	470	529	255684901	255684722	45.000	1.72e-07	60.1
Zootoca_vivipara_C9A	CM042842.1	589	81	279	359	67151829	67151587	33.333	2.61e-07	59.3
Zootoca_vivipara_C9A	CM042842.1	589	78	279	356	67098529	67098762	28.205	3.74e-06	55.8
Zootoca_vivipara_C9A	CM042840.1	589	223	300	517	125894527	125895153	23.318	3.51e-07	58.9
Zootoca_vivipara_C9A	CM042840.1	589	232	297	518	127938187	127937573	23.707	1.29e-06	57.0
Podarcis_muralis_C9A	CM042834.1	589	79	278	356	256307005	256307241	73.418	4.17e-31	135
Podarcis_muralis_C9A	CM042834.1	589	94	278	371	256358663	256358935	58.511	1.05e-28	127
Podarcis_muralis_C9A	CM042834.1	589	70	461	530	256366213	256366422	65.714	1.30e-22	108
Podarcis_muralis_C9A	CM042834.1	589	74	461	534	256314740	256314961	60.811	3.35e-22	107
Podarcis_muralis_C9A	CM042834.1	589	67	90	154	256290891	256291091	62.687	5.17e-16	87.4
Podarcis_muralis_C9A	CM042834.1	589	49	154	202	256293127	256293273	71.429	1.39e-14	83.2
Podarcis_muralis_C9A	CM042834.1	589	55	100	154	256349139	256349303	70.909	9.29e-14	80.5
Podarcis_muralis_C9A	CM042834.1	589	47	155	201	256354331	256354471	68.085	1.01e-13	80.1
Podarcis_muralis_C9A	CM042834.1	589	95	15	106	256347323	256347577	40.000	5.78e-09	64.7
Podarcis_muralis_C9A	CM042834.1	589	93	470	553	255684901	255684623	36.559	1.01e-08	63.9
Podarcis_muralis_C9A	CM042834.1	589	54	405	458	256364901	256365062	55.556	1.10e-08	63.9
Podarcis_muralis_C9A	CM042834.1	589	52	534	584	256317500	256317655	53.846	1.13e-08	63.9
Podarcis_muralis_C9A	CM042834.1	589	55	404	458	256313328	256313492	50.909	2.46e-08	62.8
Podarcis_muralis_C9A	CM042834.1	589	51	56	105	256289862	256290014	54.902	1.13e-07	60.5
Podarcis_muralis_C9A	CM042834.1	589	70	519	584	256367293	256367502	42.857	2.25e-06	56.2
Podarcis_muralis_C9A	CM042842.1	589	81	279	359	67151829	67151587	32.099	7.24e-07	58.2
Podarcis_muralis_C9A	CM042842.1	589	78	279	356	67098529	67098762	29.487	1.41e-06	57.0
Podarcis_muralis_C9A	CM042840.1	589	222	300	516	125894527	125895150	22.973	1.98e-06	56.6
Podarcis_muralis_C9A	CM042840.1	589	232	297	518	127938187	127937573	23.707	2.73e-06	56.2
Anolis_carolinensis_C9A	CM042834.1	591	78	460	537	256314731	256314964	62.821	7.89e-26	118
Anolis_carolinensis_C9A	CM042834.1	591	79	280	358	256307005	256307241	64.557	8.32e-26	118
Anolis_carolinensis_C9A	CM042834.1	591	107	280	381	256358663	256358974	52.336	2.07e-25	117
Anolis_carolinensis_C9A	CM042834.1	591	81	457	537	256366195	256366437	61.728	3.37e-25	116
Anolis_carolinensis_C9A	CM042834.1	591	57	146	202	256293100	256293270	61.404	9.05e-14	80.5
Anolis_carolinensis_C9A	CM042834.1	591	47	156	202	256354331	256354471	70.213	9.12e-14	80.5
Anolis_carolinensis_C9A	CM042834.1	591	55	101	155	256290927	256291091	60.000	8.01e-12	73.9
Anolis_carolinensis_C9A	CM042834.1	591	50	106	155	256349154	256349303	66.000	1.08e-10	70.5
Anolis_carolinensis_C9A	CM042834.1	591	52	536	587	256317500	256317655	50.000	6.07e-09	64.7
Anolis_carolinensis_C9A	CM042834.1	591	58	408	465	256364904	256365077	51.724	1.06e-08	63.9
Anolis_carolinensis_C9A	CM042834.1	591	102	7	107	256347308	256347577	36.275	5.47e-08	61.6
Anolis_carolinensis_C9A	CM042834.1	591	71	461	531	255684931	255684722	40.845	7.31e-08	61.2
Anolis_carolinensis_C9A	CM042834.1	591	60	408	467	256313334	256313513	48.333	9.12e-08	60.8
Anolis_carolinensis_C9A	CM042834.1	591	49	539	587	256367356	256367502	53.061	1.35e-07	60.5
Anolis_carolinensis_C9A	CM042834.1	591	119	241	359	255580776	255581096	28.571	2.60e-07	59.3
Anolis_carolinensis_C9A	CM042834.1	591	92	281	372	255634588	255634863	32.609	4.37e-07	58.5
Anolis_carolinensis_C9A	CM042842.1	591	78	281	358	67098529	67098762	33.333	2.08e-07	59.7
Anolis_carolinensis_C9A	CM042842.1	591	45	543	587	67131221	67131087	53.333	2.30e-06	56.2
Anolis_carolinensis_C9A	CM042842.1	591	75	454	527	67133652	67133428	33.333	7.89e-06	54.7
Anolis_carolinensis_C9A	CM042840.1	591	228	302	518	125894527	125895150	25.000	8.93e-07	57.8
Pogona_vitticeps_C9A	CM042834.1	576	110	231	339	256306912	256307241	53.636	2.57e-26	120
Pogona_vitticeps_C9A	CM042834.1	576	77	262	338	256358666	256358896	63.636	4.91e-24	112
Pogona_vitticeps_C9A	CM042834.1	576	71	441	511	256314731	256314943	69.014	2.87e-23	110
Pogona_vitticeps_C9A	CM042834.1	576	75	438	512	256366195	256366419	65.333	5.09e-23	109
Pogona_vitticeps_C9A	CM042834.1	576	61	146	206	256293100	256293282	62.295	2.14e-15	85.5
Pogona_vitticeps_C9A	CM042834.1	576	51	156	206	256354331	256354483	68.627	9.05e-15	83.6
Pogona_vitticeps_C9A	CM042834.1	576	71	501	571	256367290	256367502	50.704	9.41e-14	80.1
Pogona_vitticeps_C9A	CM042834.1	576	55	101	155	256290927	256291091	63.636	7.03e-13	77.4
Pogona_vitticeps_C9A	CM042834.1	576	88	499	571	256317392	256317655	44.318	7.34e-13	77.4
Pogona_vitticeps_C9A	CM042834.1	576	50	106	155	256349154	256349303	70.000	6.01e-12	74.3
Pogona_vitticeps_C9A	CM042834.1	576	60	389	448	256313334	256313513	53.333	8.53e-10	67.4
Pogona_vitticeps_C9A	CM042834.1	576	59	389	447	256364904	256365080	50.847	5.93e-09	64.7
Pogona_vitticeps_C9A	CM042834.1	576	42	523	563	255640914	255641039	71.429	1.61e-08	63.2
Pogona_vitticeps_C9A	CM042834.1	576	68	443	510	255684928	255684728	44.118	1.16e-07	60.5
Pogona_vitticeps_C9A	CM042834.1	576	38	27	64	256285913	256286026	57.895	5.83e-07	58.2
Pogona_vitticeps_C9A	CM042834.1	576	62	3	64	256346235	256346408	45.161	6.92e-07	58.2
Pogona_vitticeps_C9A	CM042834.1	576	79	262	340	255580860	255581096	36.709	2.13e-06	56.6
Pogona_vitticeps_C9A	CM042834.1	576	50	526	575	255680602	255680453	48.000	4.78e-06	55.5
Pogona_vitticeps_C9A	CM042834.1	576	70	453	522	255590333	255590542	41.429	6.72e-06	54.7
Pogona_vitticeps_C9A	CM042834.1	576	87	254	340	255634570	255634824	31.034	8.31e-06	54.7
Pogona_vitticeps_C9A	CM042840.1	576	231	276	499	125894506	125895150	26.840	1.11e-08	63.9
Pogona_vitticeps_C9A	CM042842.1	576	48	520	567	67131242	67131099	54.167	1.96e-07	59.7
Pogona_vitticeps_C9A	CM042842.1	576	75	435	508	67133652	67133428	34.667	3.10e-06	55.8
Pogona_vitticeps_C9A	CM042842.1	576	78	262	339	67098529	67098762	29.487	6.95e-06	54.7
Gekko_japonicus_C9A	CM042834.1	582	78	295	372	256307008	256307241	57.692	1.39e-21	105
Gekko_japonicus_C9A	CM042834.1	582	74	295	368	256358666	256358887	59.459	8.66e-21	102
Gekko_japonicus_C9A	CM042834.1	582	81	457	536	256366213	256366455	53.086	1.67e-19	98.6
Gekko_japonicus_C9A	CM042834.1	582	81	457	536	256314740	256314982	53.086	5.22e-19	97.1
Gekko_japonicus_C9A	CM042834.1	582	62	122	183	256290942	256291124	58.065	2.94e-12	75.5
Gekko_japonicus_C9A	CM042834.1	582	51	122	172	256349154	256349303	64.706	6.82e-11	70.9
Gekko_japonicus_C9A	CM042834.1	582	51	531	581	256317503	256317655	58.824	1.34e-10	70.1
Gekko_japonicus_C9A	CM042834.1	582	45	173	217	256354331	256354465	60.000	1.26e-09	67.0
Gekko_japonicus_C9A	CM042834.1	582	47	171	217	256293124	256293264	59.574	2.81e-09	65.9
Gekko_japonicus_C9A	CM042834.1	582	52	530	581	256367347	256367502	59.615	5.60e-09	64.7
Gekko_japonicus_C9A	CM042834.1	582	67	457	523	255684925	255684728	43.284	9.75e-08	60.8
Gekko_japonicus_C9A	CM042834.1	582	82	292	373	255580851	255581096	34.146	1.12e-07	60.5
Gekko_japonicus_C9A	CM042834.1	582	46	536	581	255680602	255680465	52.174	3.16e-07	59.3
Gekko_japonicus_C9A	CM042834.1	582	67	466	530	255590333	255590533	41.791	7.28e-07	58.2
Gekko_japonicus_C9A	CM042834.1	582	52	71	122	256289865	256290014	50.000	2.38e-06	56.2
Gekko_japonicus_C9A	CM042834.1	582	52	71	122	256347425	256347574	53.846	3.34e-06	55.8
Gekko_japonicus_C9A	CM042834.1	582	68	384	451	256313280	256313483	35.294	5.57e-06	55.1
Gekko_japonicus_C9A	CM042834.1	582	83	291	373	255634576	255634824	28.916	6.77e-06	54.7
Gekko_japonicus_C9A	CM042840.1	582	215	313	514	127938187	127937573	24.651	4.49e-08	62.0
Gekko_japonicus_C9A	CM042840.1	582	49	535	581	1691028	1691174	57.143	4.80e-07	58.5
Gekko_japonicus_C9A	CM042842.1	582	67	456	521	67133628	67133428	40.299	2.71e-07	59.3
Gekko_japonicus_C9A	CM042842.1	582	81	295	375	67151829	67151587	33.333	1.06e-06	57.4
Gekko_japonicus_C9A	CM042842.1	582	83	295	377	67098529	67098777	32.530	2.97e-06	55.8
Crotalus_tigris_C9A	CM042834.1	583	94	274	367	256358657	256358929	77.660	6.22e-38	155
Crotalus_tigris_C9A	CM042834.1	583	80	453	532	256366195	256366434	82.500	1.45e-33	142
Crotalus_tigris_C9A	CM042834.1	583	77	276	352	256307005	256307235	80.519	9.59e-33	140
Crotalus_tigris_C9A	CM042834.1	583	77	456	532	256314731	256314961	79.221	7.58e-32	137
Crotalus_tigris_C9A	CM042834.1	583	79	195	273	256355883	256356119	74.684	6.95e-25	115
Crotalus_tigris_C9A	CM042834.1	583	62	396	457	256364880	256365065	83.871	1.89e-22	108
Crotalus_tigris_C9A	CM042834.1	583	55	102	156	256290927	256291091	85.455	2.63e-21	104
Crotalus_tigris_C9A	CM042834.1	583	75	511	583	256367278	256367502	62.667	5.55e-20	100
Crotalus_tigris_C9A	CM042834.1	583	50	107	156	256349154	256349303	92.000	2.86e-19	97.8
Crotalus_tigris_C9A	CM042834.1	583	63	401	463	256313325	256313513	69.841	3.37e-18	94.7
Crotalus_tigris_C9A	CM042834.1	583	47	157	203	256354331	256354471	87.234	5.21e-18	94.0
Crotalus_tigris_C9A	CM042834.1	583	54	54	107	256347413	256347574	75.926	9.07e-18	93.2
Crotalus_tigris_C9A	CM042834.1	583	51	57	107	256289862	256290014	76.471	2.35e-16	88.6
Crotalus_tigris_C9A	CM042834.1	583	57	147	203	256293100	256293270	68.421	4.09e-16	87.8
Crotalus_tigris_C9A	CM042834.1	583	52	532	583	256317500	256317655	61.538	6.15e-14	80.9
Crotalus_tigris_C9A	CM042834.1	583	77	196	272	256302883	256303113	49.351	4.78e-11	71.6
Crotalus_tigris_C9A	CM042834.1	583	41	26	66	256346292	256346414	68.293	1.17e-08	63.9
Crotalus_tigris_C9A	CM042834.1	583	69	457	525	255684931	255684728	40.580	1.85e-06	56.6
Crotalus_tigris_C9A	CM042834.1	583	38	27	64	256285913	256286026	60.526	1.99e-06	56.6
Crotalus_tigris_C9A	CM042834.1	583	42	355	396	256361043	256361168	64.286	2.05e-06	56.6
Crotalus_tigris_C9A	CM042834.1	583	57	527	583	255680635	255680465	43.860	7.92e-06	54.7
Crotalus_tigris_C9A	CM042840.1	583	222	298	514	125894527	125895150	27.027	1.77e-12	76.3
Crotalus_tigris_C9A	CM042842.1	583	103	277	379	67151829	67151524	32.039	7.14e-08	61.2
Crotalus_tigris_C9A	CM042842.1	583	43	537	579	67131227	67131099	53.488	1.28e-06	57.0
Thamnophis_elegans_C9A	CM042834.1	583	110	256	355	256306915	256307244	68.182	8.89e-38	155
Thamnophis_elegans_C9A	CM042834.1	583	75	276	350	256358663	256358887	82.667	1.15e-31	136
Thamnophis_elegans_C9A	CM042834.1	583	77	456	532	256314731	256314961	81.818	1.92e-31	135
Thamnophis_elegans_C9A	CM042834.1	583	80	453	532	256366195	256366434	76.250	6.46e-29	128
Thamnophis_elegans_C9A	CM042834.1	583	58	99	156	256290918	256291091	82.759	8.50e-21	102
Thamnophis_elegans_C9A	CM042834.1	583	67	397	463	256313313	256313513	70.149	1.13e-20	102
Thamnophis_elegans_C9A	CM042834.1	583	62	400	461	256364892	256365077	70.968	6.65e-19	96.7
Thamnophis_elegans_C9A	CM042834.1	583	50	107	156	256349154	256349303	90.000	2.15e-18	95.1
Thamnophis_elegans_C9A	CM042834.1	583	52	532	583	256317500	256317655	75.000	3.49e-18	94.4
Thamnophis_elegans_C9A	CM042834.1	583	57	147	203	256293100	256293270	70.175	3.99e-17	91.3
Thamnophis_elegans_C9A	CM042834.1	583	78	196	273	256302883	256303116	57.692	9.90e-17	89.7
Thamnophis_elegans_C9A	CM042834.1	583	51	57	107	256289862	256290014	76.471	8.22e-16	87.0
Thamnophis_elegans_C9A	CM042834.1	583	54	54	107	256347413	256347574	72.222	1.19e-15	86.3
Thamnophis_elegans_C9A	CM042834.1	583	47	157	203	256354331	256354471	80.851	1.50e-15	86.3
Thamnophis_elegans_C9A	CM042834.1	583	51	533	583	256367350	256367502	60.784	1.11e-11	73.6
Thamnophis_elegans_C9A	CM042834.1	583	81	195	271	256355883	256356113	43.210	1.15e-08	63.9
Thamnophis_elegans_C9A	CM042834.1	583	38	27	64	256285913	256286026	65.789	3.83e-08	62.0
Thamnophis_elegans_C9A	CM042834.1	583	41	26	66	256346292	256346414	60.976	1.42e-07	60.5
Thamnophis_elegans_C9A	CM042834.1	583	50	535	583	255640914	255641063	52.000	1.90e-07	59.7
Thamnophis_elegans_C9A	CM042834.1	583	45	530	573	255595256	255595390	53.333	2.62e-06	56.2
Thamnophis_elegans_C9A	CM042834.1	583	67	277	343	255580860	255581060	38.806	6.91e-06	54.7
Thamnophis_elegans_C9A	CM042840.1	583	222	298	514	125894527	125895150	24.775	1.29e-08	63.5
Thamnophis_elegans_C9A	CM042842.1	583	47	533	579	67113670	67113810	51.064	7.14e-08	61.2
Thamnophis_elegans_C9A	CM042842.1	583	81	274	354	67151838	67151596	33.333	4.38e-07	58.5
Thamnophis_elegans_C9A	CM042842.1	583	83	277	359	67098529	67098777	31.325	5.90e-07	58.2
Naja_naja_C9A	CM042834.1	582	94	274	367	256358657	256358929	81.915	7.15e-40	161
Naja_naja_C9A	CM042834.1	582	77	455	531	256366204	256366434	92.208	7.76e-37	152
Naja_naja_C9A	CM042834.1	582	79	195	273	256355883	256356119	91.139	3.56e-35	147
Naja_naja_C9A	CM042834.1	582	77	455	531	256314731	256314961	81.818	8.42e-33	140
Naja_naja_C9A	CM042834.1	582	77	276	352	256307005	256307235	77.922	2.29e-31	135
Naja_naja_C9A	CM042834.1	582	65	396	460	256364883	256365077	89.231	1.60e-25	117
Naja_naja_C9A	CM042834.1	582	75	510	582	256367278	256367502	73.333	2.44e-24	114
Naja_naja_C9A	CM042834.1	582	50	107	156	256290942	256291091	94.000	3.36e-22	107
Naja_naja_C9A	CM042834.1	582	50	107	156	256349154	256349303	98.000	1.10e-21	105
Naja_naja_C9A	CM042834.1	582	54	54	107	256347413	256347574	87.037	4.42e-21	103
Naja_naja_C9A	CM042834.1	582	47	157	203	256354331	256354471	97.872	1.09e-20	102
Naja_naja_C9A	CM042834.1	582	68	397	462	256313310	256313513	69.118	4.62e-19	97.4
Naja_naja_C9A	CM042834.1	582	51	57	107	256289862	256290014	74.510	3.06e-15	85.1
Naja_naja_C9A	CM042834.1	582	57	147	203	256293100	256293270	64.912	7.12e-15	84.0
Naja_naja_C9A	CM042834.1	582	88	513	582	256317392	256317655	44.318	1.93e-14	82.4
Naja_naja_C9A	CM042834.1	582	77	196	272	256302883	256303113	51.948	3.77e-12	75.1
Naja_naja_C9A	CM042834.1	582	41	26	66	256346292	256346414	80.488	8.66e-12	73.9
Naja_naja_C9A	CM042834.1	582	42	355	395	256361043	256361168	80.952	1.56e-09	66.6
Naja_naja_C9A	CM042834.1	582	69	456	524	255684931	255684728	42.029	5.80e-08	61.6
Naja_naja_C9A	CM042834.1	582	67	277	343	255580860	255581060	37.313	7.44e-06	54.7
Naja_naja_C9A	CM042840.1	582	222	298	513	125894527	125895150	26.126	2.40e-10	69.3
Naja_naja_C9A	CM042840.1	582	219	298	515	127938178	127937573	22.831	2.46e-06	56.2
Naja_naja_C9A	CM042842.1	582	77	277	352	67151829	67151599	38.961	3.47e-07	58.9
Naja_naja_C9A	CM042842.1	582	43	536	578	67131227	67131099	53.488	1.91e-06	56.6
Pseudonaja_textilis_C9A	CM042834.1	583	94	274	367	256358657	256358929	87.234	1.54e-42	169
Pseudonaja_textilis_C9A	CM042834.1	583	77	456	532	256366204	256366434	89.610	5.06e-36	150
Pseudonaja_textilis_C9A	CM042834.1	583	79	195	273	256355883	256356119	86.076	7.21e-34	143
Pseudonaja_textilis_C9A	CM042834.1	583	77	276	352	256307005	256307235	81.818	1.02e-32	139
Pseudonaja_textilis_C9A	CM042834.1	583	77	456	532	256314731	256314961	79.221	1.34e-31	136
Pseudonaja_textilis_C9A	CM042834.1	583	66	396	461	256364880	256365077	90.909	5.81e-27	122
Pseudonaja_textilis_C9A	CM042834.1	583	75	511	583	256367278	256367502	76.000	1.76e-25	117
Pseudonaja_textilis_C9A	CM042834.1	583	55	102	156	256290927	256291091	87.273	4.29e-22	107
Pseudonaja_textilis_C9A	CM042834.1	583	50	107	156	256349154	256349303	98.000	1.27e-21	105
Pseudonaja_textilis_C9A	CM042834.1	583	47	157	203	256354331	256354471	97.872	1.11e-20	102
Pseudonaja_textilis_C9A	CM042834.1	583	54	54	107	256347413	256347574	85.185	6.17e-20	100
Pseudonaja_textilis_C9A	CM042834.1	583	68	398	463	256313310	256313513	67.647	4.16e-19	97.4
Pseudonaja_textilis_C9A	CM042834.1	583	51	57	107	256289862	256290014	76.471	1.54e-15	85.9
Pseudonaja_textilis_C9A	CM042834.1	583	88	514	583	256317392	256317655	45.455	4.77e-15	84.3
Pseudonaja_textilis_C9A	CM042834.1	583	42	355	396	256361043	256361168	97.619	4.90e-15	84.3
Pseudonaja_textilis_C9A	CM042834.1	583	57	147	203	256293100	256293270	64.912	6.51e-15	84.0
Pseudonaja_textilis_C9A	CM042834.1	583	77	196	272	256302883	256303113	50.649	1.64e-11	73.2
Pseudonaja_textilis_C9A	CM042834.1	583	41	26	66	256346292	256346414	75.610	1.53e-10	70.1
Pseudonaja_textilis_C9A	CM042834.1	583	71	457	527	255684931	255684722	42.254	5.57e-08	61.6
Pseudonaja_textilis_C9A	CM042834.1	583	38	27	64	256285913	256286026	57.895	4.22e-06	55.5
Pseudonaja_textilis_C9A	CM042834.1	583	47	537	583	255680605	255680465	53.191	5.04e-06	55.1
Pseudonaja_textilis_C9A	CM042840.1	583	222	298	514	125894527	125895150	26.126	2.81e-12	75.5
Pseudonaja_textilis_C9A	CM042840.1	583	220	298	516	127938178	127937573	23.182	4.79e-06	55.5
Pseudonaja_textilis_C9A	CM042842.1	583	77	277	352	67151829	67151599	38.961	1.75e-07	60.1
Pseudonaja_textilis_C9A	CM042842.1	583	43	537	579	67131227	67131099	53.488	1.41e-06	57.0
Python_bivittatus_C9A	CM042834.1	582	80	275	354	256307002	256307241	86.250	3.16e-36	150
Python_bivittatus_C9A	CM042834.1	582	77	456	532	256314731	256314961	80.519	6.90e-32	137
Python_bivittatus_C9A	CM042834.1	582	77	276	352	256358663	256358893	79.221	2.02e-31	135
Python_bivittatus_C9A	CM042834.1	582	80	453	532	256366195	256366434	75.000	1.42e-28	127
Python_bivittatus_C9A	CM042834.1	582	50	107	156	256290942	256291091	88.000	1.63e-20	102
Python_bivittatus_C9A	CM042834.1	582	50	107	156	256349154	256349303	90.000	5.46e-19	97.1
Python_bivittatus_C9A	CM042834.1	582	58	400	457	256364892	256365065	77.586	6.90e-19	96.7
Python_bivittatus_C9A	CM042834.1	582	61	397	457	256313313	256313495	72.131	2.33e-18	95.1
Python_bivittatus_C9A	CM042834.1	582	47	157	203	256354331	256354471	85.106	6.78e-18	93.6
Python_bivittatus_C9A	CM042834.1	582	77	196	272	256302883	256303113	55.844	4.07e-16	87.8
Python_bivittatus_C9A	CM042834.1	582	48	535	582	256367359	256367502	75.000	8.77e-16	86.7
Python_bivittatus_C9A	CM042834.1	582	57	147	203	256293100	256293270	64.912	2.47e-15	85.5
Python_bivittatus_C9A	CM042834.1	582	52	532	582	256317500	256317655	61.538	4.44e-12	74.7
Python_bivittatus_C9A	CM042834.1	582	53	55	107	256289856	256290014	60.377	5.69e-12	74.7
Python_bivittatus_C9A	CM042834.1	582	78	195	272	256355883	256356116	51.282	6.58e-12	74.3
Python_bivittatus_C9A	CM042834.1	582	54	54	107	256347413	256347574	57.407	5.74e-11	71.2
Python_bivittatus_C9A	CM042834.1	582	67	459	525	255684925	255684728	43.284	3.05e-07	59.3
Python_bivittatus_C9A	CM042834.1	582	38	27	64	256285913	256286026	60.526	7.10e-07	58.2
Python_bivittatus_C9A	CM042834.1	582	47	529	574	255640899	255641039	57.447	9.16e-07	57.8
Python_bivittatus_C9A	CM042834.1	582	41	26	66	256346292	256346414	58.537	9.32e-07	57.8
Python_bivittatus_C9A	CM042834.1	582	39	536	574	255680605	255680489	61.538	5.76e-06	55.1
Python_bivittatus_C9A	CM042840.1	582	222	298	514	125894527	125895150	26.126	3.11e-09	65.9
Python_bivittatus_C9A	CM042840.1	582	226	295	516	127938187	127937573	23.451	8.42e-07	57.8
Python_bivittatus_C9A	CM042842.1	582	43	536	578	67131227	67131099	55.814	3.39e-08	62.4
Python_bivittatus_C9A	CM042842.1	582	79	277	355	67151829	67151593	35.443	2.17e-07	59.7
Notechis_scutatus_C9A	CM042834.1	583	94	274	367	256358657	256358929	87.234	1.54e-42	169
Notechis_scutatus_C9A	CM042834.1	583	77	456	532	256366204	256366434	87.013	6.63e-35	146
Notechis_scutatus_C9A	CM042834.1	583	79	195	273	256355883	256356119	88.608	9.62e-35	146
Notechis_scutatus_C9A	CM042834.1	583	77	276	352	256307005	256307235	81.818	1.14e-32	139
Notechis_scutatus_C9A	CM042834.1	583	77	456	532	256314731	256314961	76.623	1.79e-30	133
Notechis_scutatus_C9A	CM042834.1	583	66	396	461	256364880	256365077	89.394	2.15e-26	120
Notechis_scutatus_C9A	CM042834.1	583	75	511	583	256367278	256367502	76.000	1.96e-25	117
Notechis_scutatus_C9A	CM042834.1	583	55	102	156	256290927	256291091	89.091	1.28e-22	108
Notechis_scutatus_C9A	CM042834.1	583	50	107	156	256349154	256349303	100.000	5.29e-22	106
Notechis_scutatus_C9A	CM042834.1	583	47	157	203	256354331	256354471	97.872	1.11e-20	102
Notechis_scutatus_C9A	CM042834.1	583	54	54	107	256347413	256347574	85.185	6.17e-20	100
Notechis_scutatus_C9A	CM042834.1	583	68	396	463	256313310	256313513	63.235	5.44e-19	97.1
Notechis_scutatus_C9A	CM042834.1	583	51	57	107	256289862	256290014	76.471	1.50e-15	86.3
Notechis_scutatus_C9A	CM042834.1	583	42	355	396	256361043	256361168	97.619	4.69e-15	84.3
Notechis_scutatus_C9A	CM042834.1	583	57	147	203	256293100	256293270	64.912	6.68e-15	84.0
Notechis_scutatus_C9A	CM042834.1	583	52	532	583	256317500	256317655	63.462	1.40e-14	82.8
Notechis_scutatus_C9A	CM042834.1	583	77	196	272	256302883	256303113	51.948	3.25e-12	75.5
Notechis_scutatus_C9A	CM042834.1	583	41	26	66	256346292	256346414	75.610	1.46e-10	70.1
Notechis_scutatus_C9A	CM042834.1	583	71	457	527	255684931	255684722	42.254	9.70e-08	60.8
Notechis_scutatus_C9A	CM042834.1	583	38	27	64	256285913	256286026	57.895	4.18e-06	55.5
Notechis_scutatus_C9A	CM042834.1	583	48	536	583	255680608	255680465	52.083	5.04e-06	55.1
Notechis_scutatus_C9A	CM042840.1	583	222	298	514	125894527	125895150	26.126	3.95e-12	75.1
Notechis_scutatus_C9A	CM042840.1	583	220	298	516	127938178	127937573	23.182	5.98e-06	55.1
Notechis_scutatus_C9A	CM042842.1	583	77	277	352	67151829	67151599	38.961	1.82e-07	60.1
Notechis_scutatus_C9A	CM042842.1	583	43	537	579	67131227	67131099	53.488	1.39e-06	57.0
Hydrophis_cyanocinctus_C9A	CM042834.1	583	94	274	367	256358657	256358929	85.106	1.86e-41	166
Hydrophis_cyanocinctus_C9A	CM042834.1	583	77	456	532	256366204	256366434	85.714	3.46e-34	144
Hydrophis_cyanocinctus_C9A	CM042834.1	583	79	195	273	256355883	256356119	87.342	3.89e-34	144
Hydrophis_cyanocinctus_C9A	CM042834.1	583	77	276	352	256307005	256307235	81.818	5.89e-33	140
Hydrophis_cyanocinctus_C9A	CM042834.1	583	77	456	532	256314731	256314961	75.325	7.06e-30	131
Hydrophis_cyanocinctus_C9A	CM042834.1	583	75	511	583	256367278	256367502	76.000	2.24e-25	117
Hydrophis_cyanocinctus_C9A	CM042834.1	583	65	397	461	256364883	256365077	86.154	2.76e-24	114
Hydrophis_cyanocinctus_C9A	CM042834.1	583	55	102	156	256290927	256291091	89.091	1.44e-22	108
Hydrophis_cyanocinctus_C9A	CM042834.1	583	50	107	156	256349154	256349303	100.000	5.63e-22	106
Hydrophis_cyanocinctus_C9A	CM042834.1	583	47	157	203	256354331	256354471	95.745	3.44e-20	100
Hydrophis_cyanocinctus_C9A	CM042834.1	583	54	54	107	256347413	256347574	85.185	6.39e-20	100
Hydrophis_cyanocinctus_C9A	CM042834.1	583	68	396	463	256313310	256313513	60.294	1.82e-17	92.0
Hydrophis_cyanocinctus_C9A	CM042834.1	583	51	57	107	256289862	256290014	76.471	1.52e-15	85.9
Hydrophis_cyanocinctus_C9A	CM042834.1	583	57	147	203	256293100	256293270	64.912	4.12e-15	84.7
Hydrophis_cyanocinctus_C9A	CM042834.1	583	52	532	583	256317500	256317655	63.462	1.41e-14	82.8
Hydrophis_cyanocinctus_C9A	CM042834.1	583	42	355	396	256361043	256361168	95.238	2.19e-14	82.4
Hydrophis_cyanocinctus_C9A	CM042834.1	583	77	196	272	256302883	256303113	51.948	3.27e-12	75.5
Hydrophis_cyanocinctus_C9A	CM042834.1	583	41	26	66	256346292	256346414	75.610	1.48e-10	70.1
Hydrophis_cyanocinctus_C9A	CM042834.1	583	71	457	527	255684931	255684722	42.254	9.70e-08	60.8
Hydrophis_cyanocinctus_C9A	CM042834.1	583	38	27	64	256285913	256286026	57.895	4.48e-06	55.5
Hydrophis_cyanocinctus_C9A	CM042834.1	583	48	536	583	255680608	255680465	52.083	4.83e-06	55.5
Hydrophis_cyanocinctus_C9A	CM042840.1	583	222	298	514	125894527	125895150	26.577	2.34e-12	75.9
Hydrophis_cyanocinctus_C9A	CM042840.1	583	220	298	516	127938178	127937573	21.818	6.45e-06	55.1
Hydrophis_cyanocinctus_C9A	CM042842.1	583	81	273	352	67151841	67151599	38.272	1.51e-07	60.1
Hydrophis_cyanocinctus_C9A	CM042842.1	583	43	537	579	67131227	67131099	53.488	1.34e-06	57.0
Laticauda_colubrina_C9A	CM042834.1	583	87	274	360	256358657	256358917	93.103	2.87e-42	169
Laticauda_colubrina_C9A	CM042834.1	583	77	456	532	256366204	256366434	88.312	4.33e-35	147
Laticauda_colubrina_C9A	CM042834.1	583	79	195	273	256355883	256356119	86.076	8.64e-34	143
Laticauda_colubrina_C9A	CM042834.1	583	77	276	352	256307005	256307235	81.818	6.87e-33	140
Laticauda_colubrina_C9A	CM042834.1	583	77	456	532	256314731	256314961	77.922	1.13e-30	133
Laticauda_colubrina_C9A	CM042834.1	583	65	397	461	256364883	256365077	92.308	1.35e-26	120
Laticauda_colubrina_C9A	CM042834.1	583	75	511	583	256367278	256367502	77.333	3.57e-26	119
Laticauda_colubrina_C9A	CM042834.1	583	55	102	156	256290927	256291091	89.091	1.94e-22	107
Laticauda_colubrina_C9A	CM042834.1	583	50	107	156	256349154	256349303	98.000	1.25e-21	105
Laticauda_colubrina_C9A	CM042834.1	583	47	157	203	256354331	256354471	97.872	1.32e-20	102
Laticauda_colubrina_C9A	CM042834.1	583	54	54	107	256347413	256347574	87.037	1.49e-20	102
Laticauda_colubrina_C9A	CM042834.1	583	68	398	463	256313310	256313513	69.118	1.80e-19	98.6
Laticauda_colubrina_C9A	CM042834.1	583	51	57	107	256289862	256290014	76.471	3.10e-15	85.1
Laticauda_colubrina_C9A	CM042834.1	583	57	147	203	256293100	256293270	64.912	7.80e-15	84.0
Laticauda_colubrina_C9A	CM042834.1	583	52	532	583	256317500	256317655	61.538	3.04e-14	82.0
Laticauda_colubrina_C9A	CM042834.1	583	77	196	272	256302883	256303113	50.649	1.50e-11	73.2
Laticauda_colubrina_C9A	CM042834.1	583	42	355	396	256361043	256361168	85.714	1.67e-11	73.2
Laticauda_colubrina_C9A	CM042834.1	583	41	26	66	256346292	256346414	78.049	5.52e-11	71.2
Laticauda_colubrina_C9A	CM042834.1	583	71	457	527	255684931	255684722	42.254	5.16e-08	61.6
Laticauda_colubrina_C9A	CM042834.1	583	47	537	583	255680605	255680465	53.191	5.49e-06	55.1
Laticauda_colubrina_C9A	CM042834.1	583	38	27	64	256285913	256286026	57.895	6.79e-06	54.7
Laticauda_colubrina_C9A	CM042840.1	583	222	298	514	125894527	125895150	25.225	1.44e-10	70.1
Laticauda_colubrina_C9A	CM042842.1	583	77	277	352	67151829	67151599	38.961	1.81e-07	60.1
Laticauda_colubrina_C9A	CM042842.1	583	43	537	579	67131227	67131099	53.488	1.91e-06	56.6
Protobothrops_mucrosquamatus_C9A	CM042834.1	583	81	274	354	256306999	256307241	85.185	1.03e-36	152
Protobothrops_mucrosquamatus_C9A	CM042834.1	583	77	456	532	256314731	256314961	83.117	1.85e-33	142
Protobothrops_mucrosquamatus_C9A	CM042834.1	583	80	453	532	256366195	256366434	81.250	7.79e-33	140
Protobothrops_mucrosquamatus_C9A	CM042834.1	583	77	276	352	256358663	256358893	81.818	1.84e-32	139
Protobothrops_mucrosquamatus_C9A	CM042834.1	583	75	199	273	256302892	256303116	73.333	4.22e-24	113
Protobothrops_mucrosquamatus_C9A	CM042834.1	583	55	102	156	256290927	256291091	81.818	7.58e-21	102
Protobothrops_mucrosquamatus_C9A	CM042834.1	583	58	404	461	256364904	256365077	82.759	6.61e-20	100
Protobothrops_mucrosquamatus_C9A	CM042834.1	583	67	397	463	256313313	256313513	68.657	1.22e-19	99.0
Protobothrops_mucrosquamatus_C9A	CM042834.1	583	50	107	156	256349154	256349303	88.000	4.45e-19	97.4
Protobothrops_mucrosquamatus_C9A	CM042834.1	583	57	147	203	256293100	256293270	68.421	5.00e-17	90.9
Protobothrops_mucrosquamatus_C9A	CM042834.1	583	47	157	203	256354331	256354471	80.851	1.94e-16	89.0
Protobothrops_mucrosquamatus_C9A	CM042834.1	583	88	514	583	256317392	256317655	50.000	2.23e-16	88.6
Protobothrops_mucrosquamatus_C9A	CM042834.1	583	75	511	583	256367278	256367502	57.333	3.95e-16	87.8
Protobothrops_mucrosquamatus_C9A	CM042834.1	583	51	57	107	256289862	256290014	72.549	8.66e-16	87.0
Protobothrops_mucrosquamatus_C9A	CM042834.1	583	54	54	107	256347413	256347574	70.370	2.24e-15	85.5
Protobothrops_mucrosquamatus_C9A	CM042834.1	583	78	199	272	256355895	256356116	52.564	3.36e-11	72.0
Protobothrops_mucrosquamatus_C9A	CM042834.1	583	69	457	525	255684931	255684728	43.478	9.78e-08	60.8
Protobothrops_mucrosquamatus_C9A	CM042834.1	583	79	277	355	255580860	255581096	34.177	3.14e-07	59.3
Protobothrops_mucrosquamatus_C9A	CM042834.1	583	56	528	583	255680632	255680465	46.429	6.76e-07	58.2
Protobothrops_mucrosquamatus_C9A	CM042834.1	583	41	26	66	256346292	256346414	60.976	1.09e-06	57.4
Protobothrops_mucrosquamatus_C9A	CM042834.1	583	42	535	575	255640914	255641039	64.286	1.30e-06	57.0
Protobothrops_mucrosquamatus_C9A	CM042834.1	583	38	27	64	256285913	256286026	57.895	2.08e-06	56.6
Protobothrops_mucrosquamatus_C9A	CM042834.1	583	90	266	355	255634561	255634824	30.000	5.68e-06	55.1
Protobothrops_mucrosquamatus_C9A	CM042840.1	583	224	298	514	125894527	125895150	26.339	8.92e-12	73.9
Protobothrops_mucrosquamatus_C9A	CM042842.1	583	82	274	355	67151838	67151593	34.146	6.84e-08	61.2
Protobothrops_mucrosquamatus_C9A	CM042842.1	583	43	537	579	67131227	67131099	55.814	9.86e-08	60.8
Protobothrops_mucrosquamatus_C9A	CM042842.1	583	78	277	354	67098529	67098762	29.487	3.81e-06	55.5
Protobothrops_mucrosquamatus_C9A	CM042842.1	583	47	533	579	67113670	67113810	48.936	5.49e-06	55.1
Chrysopelea_ornata_C9A	CM042834.1	584	81	274	354	256306999	256307241	90.123	1.77e-37	154
Chrysopelea_ornata_C9A	CM042834.1	584	77	457	533	256314731	256314961	84.416	4.44e-34	144
Chrysopelea_ornata_C9A	CM042834.1	584	77	276	352	256358663	256358893	84.416	9.54e-33	140
Chrysopelea_ornata_C9A	CM042834.1	584	80	454	533	256366195	256366434	77.500	2.46e-31	135
Chrysopelea_ornata_C9A	CM042834.1	584	78	196	273	256302883	256303116	71.795	8.98e-26	118
Chrysopelea_ornata_C9A	CM042834.1	584	58	99	156	256290918	256291091	84.483	1.57e-22	108
Chrysopelea_ornata_C9A	CM042834.1	584	88	515	584	256317392	256317655	60.227	1.06e-21	105
Chrysopelea_ornata_C9A	CM042834.1	584	67	398	464	256313313	256313513	71.642	2.24e-21	104
Chrysopelea_ornata_C9A	CM042834.1	584	50	107	156	256349154	256349303	94.000	2.10e-20	101
Chrysopelea_ornata_C9A	CM042834.1	584	47	157	203	256354331	256354471	93.617	1.37e-19	99.0
Chrysopelea_ornata_C9A	CM042834.1	584	53	55	107	256289856	256290014	81.132	2.66e-19	98.2
Chrysopelea_ornata_C9A	CM042834.1	584	58	401	458	256364892	256365065	75.862	3.42e-19	97.8
Chrysopelea_ornata_C9A	CM042834.1	584	54	54	107	256347413	256347574	72.222	1.15e-16	89.7
Chrysopelea_ornata_C9A	CM042834.1	584	57	147	203	256293100	256293270	64.912	1.51e-14	82.8
Chrysopelea_ornata_C9A	CM042834.1	584	78	195	272	256355883	256356116	50.000	2.85e-13	78.6
Chrysopelea_ornata_C9A	CM042834.1	584	75	512	584	256367278	256367502	48.000	1.39e-11	73.2
Chrysopelea_ornata_C9A	CM042834.1	584	41	26	66	256346292	256346414	65.854	2.30e-08	62.8
Chrysopelea_ornata_C9A	CM042834.1	584	56	529	584	255680632	255680465	48.214	3.13e-07	59.3
Chrysopelea_ornata_C9A	CM042834.1	584	69	458	526	255684931	255684728	42.029	4.99e-07	58.5
Chrysopelea_ornata_C9A	CM042834.1	584	79	277	355	255580860	255581096	34.177	1.05e-06	57.4
Chrysopelea_ornata_C9A	CM042834.1	584	38	27	64	256285913	256286026	57.895	2.03e-06	56.6
Chrysopelea_ornata_C9A	CM042840.1	584	228	298	515	125894527	125895150	27.632	4.18e-11	71.6
Chrysopelea_ornata_C9A	CM042842.1	584	84	274	357	67151838	67151587	36.905	1.02e-08	63.9
Chrysopelea_ornata_C9A	CM042842.1	584	47	534	580	67113670	67113810	55.319	1.45e-07	60.1
Pituophis_catenifer_C9A	CM042834.1	583	81	274	354	256358657	256358899	96.296	1.46e-40	163
Pituophis_catenifer_C9A	CM042834.1	583	76	277	352	256307008	256307235	85.526	1.32e-33	142
Pituophis_catenifer_C9A	CM042834.1	583	77	456	532	256314731	256314961	83.117	1.18e-32	139
Pituophis_catenifer_C9A	CM042834.1	583	80	453	532	256366195	256366434	78.750	4.60e-31	134
Pituophis_catenifer_C9A	CM042834.1	583	75	198	272	256302889	256303113	76.000	1.07e-26	121
Pituophis_catenifer_C9A	CM042834.1	583	88	514	583	256317392	256317655	62.500	2.40e-22	107
Pituophis_catenifer_C9A	CM042834.1	583	55	102	156	256290927	256291091	89.091	7.92e-22	105
Pituophis_catenifer_C9A	CM042834.1	583	54	54	107	256347413	256347574	85.185	7.39e-21	103
Pituophis_catenifer_C9A	CM042834.1	583	61	397	457	256364883	256365065	78.689	1.30e-20	102
Pituophis_catenifer_C9A	CM042834.1	583	50	107	156	256349154	256349303	92.000	9.37e-20	99.4
Pituophis_catenifer_C9A	CM042834.1	583	76	390	463	256313286	256313513	64.474	6.15e-19	97.1
Pituophis_catenifer_C9A	CM042834.1	583	57	147	203	256293100	256293270	71.930	7.37e-18	93.6
Pituophis_catenifer_C9A	CM042834.1	583	47	157	203	256354331	256354471	82.979	1.06e-16	89.7
Pituophis_catenifer_C9A	CM042834.1	583	51	57	107	256289862	256290014	76.471	9.44e-16	86.7
Pituophis_catenifer_C9A	CM042834.1	583	76	198	273	256355892	256356119	48.684	1.50e-12	76.3
Pituophis_catenifer_C9A	CM042834.1	583	49	535	583	256367356	256367502	65.306	4.57e-12	74.7
Pituophis_catenifer_C9A	CM042834.1	583	38	27	64	256285913	256286026	71.053	3.64e-09	65.5
Pituophis_catenifer_C9A	CM042834.1	583	56	528	583	255680632	255680465	50.000	3.34e-08	62.4
Pituophis_catenifer_C9A	CM042834.1	583	41	26	66	256346292	256346414	63.415	9.45e-08	60.8
Pituophis_catenifer_C9A	CM042834.1	583	46	529	573	255595253	255595390	52.174	2.90e-06	55.8
Pituophis_catenifer_C9A	CM042834.1	583	50	535	583	255640914	255641063	52.000	4.44e-06	55.5
Pituophis_catenifer_C9A	CM042840.1	583	222	298	514	125894527	125895150	26.126	1.60e-11	73.2
Pituophis_catenifer_C9A	CM042840.1	583	223	298	514	127938178	127937579	23.318	5.02e-07	58.5
Pituophis_catenifer_C9A	CM042842.1	583	44	537	580	67113682	67113813	63.636	7.51e-09	64.3
Pituophis_catenifer_C9A	CM042842.1	583	77	277	352	67151829	67151599	38.961	1.73e-07	60.1
Pantherophis_obsoletus_C9A	CM042834.1	583	81	274	354	256306999	256307241	91.358	3.65e-39	159
Pantherophis_obsoletus_C9A	CM042834.1	583	78	276	353	256358663	256358896	85.897	4.69e-35	147
Pantherophis_obsoletus_C9A	CM042834.1	583	77	456	532	256314731	256314961	83.117	1.10e-32	139
Pantherophis_obsoletus_C9A	CM042834.1	583	80	453	532	256366195	256366434	78.750	4.20e-31	135
Pantherophis_obsoletus_C9A	CM042834.1	583	75	199	273	256302892	256303116	77.333	3.29e-27	122
Pantherophis_obsoletus_C9A	CM042834.1	583	67	397	463	256313313	256313513	73.134	4.80e-22	106
Pantherophis_obsoletus_C9A	CM042834.1	583	88	514	583	256317392	256317655	61.364	5.93e-22	106
Pantherophis_obsoletus_C9A	CM042834.1	583	55	102	156	256290927	256291091	80.000	3.78e-20	100
Pantherophis_obsoletus_C9A	CM042834.1	583	58	400	457	256364892	256365065	75.862	9.09e-19	96.3
Pantherophis_obsoletus_C9A	CM042834.1	583	54	54	107	256347413	256347574	81.481	1.06e-18	96.3
Pantherophis_obsoletus_C9A	CM042834.1	583	57	147	203	256293100	256293270	73.684	1.09e-18	96.3
Pantherophis_obsoletus_C9A	CM042834.1	583	50	107	156	256349154	256349303	86.000	1.29e-18	95.9
Pantherophis_obsoletus_C9A	CM042834.1	583	47	157	203	256354331	256354471	80.851	6.29e-16	87.4
Pantherophis_obsoletus_C9A	CM042834.1	583	51	57	107	256289862	256290014	74.510	1.45e-14	82.8
Pantherophis_obsoletus_C9A	CM042834.1	583	51	533	583	256367350	256367502	64.706	1.44e-12	76.6
Pantherophis_obsoletus_C9A	CM042834.1	583	75	198	272	256355892	256356116	49.333	9.31e-12	73.9
Pantherophis_obsoletus_C9A	CM042834.1	583	38	27	64	256285913	256286026	71.053	8.76e-09	64.3
Pantherophis_obsoletus_C9A	CM042834.1	583	56	528	583	255680632	255680465	48.214	1.15e-07	60.5
Pantherophis_obsoletus_C9A	CM042834.1	583	79	277	355	255580860	255581096	34.177	6.11e-07	58.2
Pantherophis_obsoletus_C9A	CM042834.1	583	41	26	66	256346292	256346414	60.976	6.65e-07	58.2
Pantherophis_obsoletus_C9A	CM042834.1	583	50	535	583	255640914	255641063	52.000	4.11e-06	55.5
Pantherophis_obsoletus_C9A	CM042834.1	583	46	529	573	255595253	255595390	52.174	9.07e-06	54.3
Pantherophis_obsoletus_C9A	CM042840.1	583	222	298	514	125894527	125895150	27.027	3.49e-13	78.6
Pantherophis_obsoletus_C9A	CM042840.1	583	223	295	514	127938187	127937579	22.422	1.46e-06	57.0
Pantherophis_obsoletus_C9A	CM042842.1	583	48	533	580	67113670	67113813	58.333	6.78e-09	64.7
Pantherophis_obsoletus_C9A	CM042842.1	583	82	274	355	67151838	67151593	35.366	1.90e-08	63.2
Pantherophis_obsoletus_C9A	CM042842.1	583	83	277	359	67098529	67098777	30.120	5.11e-07	58.5
Bothrops_jararaca_C9A	CM042834.1	583	81	274	354	256306999	256307241	83.951	5.29e-36	150
Bothrops_jararaca_C9A	CM042834.1	583	77	456	532	256314731	256314961	83.117	6.56e-33	140
Bothrops_jararaca_C9A	CM042834.1	583	80	453	532	256366195	256366434	81.250	2.24e-32	139
Bothrops_jararaca_C9A	CM042834.1	583	77	276	352	256358663	256358893	81.818	5.73e-32	137
Bothrops_jararaca_C9A	CM042834.1	583	74	199	272	256302892	256303113	70.270	1.08e-21	105
Bothrops_jararaca_C9A	CM042834.1	583	67	397	463	256313313	256313513	71.642	4.04e-21	103
Bothrops_jararaca_C9A	CM042834.1	583	62	400	461	256364892	256365077	75.806	6.91e-20	100
Bothrops_jararaca_C9A	CM042834.1	583	55	102	156	256290927	256291091	76.364	8.12e-19	96.7
Bothrops_jararaca_C9A	CM042834.1	583	50	107	156	256349154	256349303	84.000	7.83e-18	93.6
Bothrops_jararaca_C9A	CM042834.1	583	57	147	203	256293100	256293270	68.421	4.87e-17	90.9
Bothrops_jararaca_C9A	CM042834.1	583	51	57	107	256289862	256290014	76.471	7.71e-17	90.1
Bothrops_jararaca_C9A	CM042834.1	583	47	157	203	256354331	256354471	80.851	1.75e-16	89.0
Bothrops_jararaca_C9A	CM042834.1	583	88	514	583	256317392	256317655	50.000	1.83e-16	89.0
Bothrops_jararaca_C9A	CM042834.1	583	54	54	107	256347413	256347574	72.222	5.58e-16	87.4
Bothrops_jararaca_C9A	CM042834.1	583	75	511	583	256367278	256367502	56.000	1.48e-15	86.3
Bothrops_jararaca_C9A	CM042834.1	583	74	199	272	256355895	256356116	52.703	4.86e-11	71.6
Bothrops_jararaca_C9A	CM042834.1	583	41	26	66	256346292	256346414	63.415	1.13e-07	60.5
Bothrops_jararaca_C9A	CM042834.1	583	56	528	583	255680632	255680465	48.214	1.79e-07	60.1
Bothrops_jararaca_C9A	CM042834.1	583	38	27	64	256285913	256286026	60.526	1.97e-07	59.7
Bothrops_jararaca_C9A	CM042834.1	583	81	277	357	255580860	255581102	34.568	3.28e-07	58.9
Bothrops_jararaca_C9A	CM042834.1	583	69	457	525	255684931	255684728	40.580	2.17e-06	56.6
Bothrops_jararaca_C9A	CM042840.1	583	224	298	514	125894527	125895150	25.893	1.99e-10	69.7
Bothrops_jararaca_C9A	CM042842.1	583	82	274	355	67151838	67151593	34.146	1.01e-07	60.8
Bothrops_jararaca_C9A	CM042842.1	583	43	537	579	67131227	67131099	53.488	2.86e-07	59.3
Bothrops_jararaca_C9A	CM042842.1	583	47	533	579	67113670	67113810	48.936	5.73e-06	55.1
Ptyas_mucosa_C9A	CM042834.1	583	133	235	354	256306843	256307241	60.902	6.34e-38	155
Ptyas_mucosa_C9A	CM042834.1	583	77	456	532	256314731	256314961	87.013	2.20e-34	145
Ptyas_mucosa_C9A	CM042834.1	583	76	277	352	256358666	256358893	85.526	2.40e-33	141
Ptyas_mucosa_C9A	CM042834.1	583	80	453	532	256366195	256366434	75.000	5.75e-30	131
Ptyas_mucosa_C9A	CM042834.1	583	76	198	273	256302889	256303116	73.684	1.28e-25	117
Ptyas_mucosa_C9A	CM042834.1	583	55	102	156	256290927	256291091	89.091	1.29e-22	108
Ptyas_mucosa_C9A	CM042834.1	583	76	390	463	256313286	256313513	69.737	7.58e-22	106
Ptyas_mucosa_C9A	CM042834.1	583	50	107	156	256349154	256349303	96.000	1.07e-20	102
Ptyas_mucosa_C9A	CM042834.1	583	88	514	583	256317392	256317655	59.091	7.38e-19	96.7
Ptyas_mucosa_C9A	CM042834.1	583	54	54	107	256347413	256347574	81.481	8.55e-19	96.3
Ptyas_mucosa_C9A	CM042834.1	583	57	147	203	256293100	256293270	71.930	3.88e-18	94.4
Ptyas_mucosa_C9A	CM042834.1	583	58	400	457	256364892	256365065	70.690	7.18e-18	93.6
Ptyas_mucosa_C9A	CM042834.1	583	47	157	203	256354331	256354471	74.468	1.11e-14	83.2
Ptyas_mucosa_C9A	CM042834.1	583	51	57	107	256289862	256290014	74.510	1.14e-14	83.2
Ptyas_mucosa_C9A	CM042834.1	583	75	198	272	256355892	256356116	49.333	4.65e-12	74.7
Ptyas_mucosa_C9A	CM042834.1	583	49	535	583	256367356	256367502	65.306	8.26e-12	73.9
Ptyas_mucosa_C9A	CM042834.1	583	38	27	64	256285913	256286026	68.421	1.11e-08	63.9
Ptyas_mucosa_C9A	CM042834.1	583	48	536	583	255680608	255680465	54.167	1.56e-07	60.1
Ptyas_mucosa_C9A	CM042834.1	583	41	26	66	256346292	256346414	60.976	3.36e-07	58.9
Ptyas_mucosa_C9A	CM042834.1	583	78	457	534	255684931	255684707	42.308	3.57e-07	58.9
Ptyas_mucosa_C9A	CM042840.1	583	222	298	514	125894527	125895150	26.577	3.03e-12	75.5
Ptyas_mucosa_C9A	CM042842.1	583	82	274	355	67151838	67151593	36.585	1.76e-09	66.6
Ptyas_mucosa_C9A	CM042842.1	583	83	277	359	67098529	67098777	30.120	2.80e-06	56.2
Vipera_berus_C9A	CM042834.1	583	80	453	532	256366195	256366434	83.750	4.34e-34	144
Vipera_berus_C9A	CM042834.1	583	79	276	354	256307005	256307241	83.544	5.96e-34	143
Vipera_berus_C9A	CM042834.1	583	77	456	532	256314731	256314961	83.117	1.24e-33	142
Vipera_berus_C9A	CM042834.1	583	77	276	352	256358663	256358893	80.519	2.26e-31	135
Vipera_berus_C9A	CM042834.1	583	94	199	292	256302892	256303158	61.702	6.48e-23	109
Vipera_berus_C9A	CM042834.1	583	67	397	463	256313313	256313513	71.642	1.68e-21	105
Vipera_berus_C9A	CM042834.1	583	58	400	457	256364892	256365065	82.759	1.37e-20	102
Vipera_berus_C9A	CM042834.1	583	55	102	156	256290927	256291091	78.182	2.55e-19	98.2
Vipera_berus_C9A	CM042834.1	583	88	514	583	256317392	256317655	51.136	9.89e-18	93.2
Vipera_berus_C9A	CM042834.1	583	50	107	156	256349154	256349303	84.000	1.85e-17	92.0
Vipera_berus_C9A	CM042834.1	583	57	147	203	256293100	256293270	70.175	2.92e-17	91.7
Vipera_berus_C9A	CM042834.1	583	47	157	203	256354331	256354471	78.723	2.65e-16	88.6
Vipera_berus_C9A	CM042834.1	583	53	55	107	256289856	256290014	73.585	3.13e-16	88.2
Vipera_berus_C9A	CM042834.1	583	54	54	107	256347413	256347574	74.074	6.98e-16	87.0
Vipera_berus_C9A	CM042834.1	583	75	511	583	256367278	256367502	54.667	1.12e-15	86.7
Vipera_berus_C9A	CM042834.1	583	74	199	272	256355895	256356116	50.000	9.47e-12	73.9
Vipera_berus_C9A	CM042834.1	583	69	457	525	255684931	255684728	42.029	1.50e-07	60.1
Vipera_berus_C9A	CM042834.1	583	56	528	583	255680632	255680465	50.000	1.70e-07	60.1
Vipera_berus_C9A	CM042834.1	583	38	27	64	256285913	256286026	63.158	3.63e-07	58.9
Vipera_berus_C9A	CM042834.1	583	81	275	355	255580854	255581096	34.568	4.23e-07	58.9
Vipera_berus_C9A	CM042834.1	583	41	26	66	256346292	256346414	58.537	1.79e-06	56.6
Vipera_berus_C9A	CM042840.1	583	222	298	514	125894527	125895150	25.225	1.89e-10	69.7
Vipera_berus_C9A	CM042840.1	583	50	536	583	1691025	1691174	50.000	7.46e-06	54.7
Vipera_berus_C9A	CM042842.1	583	43	537	579	67131227	67131099	53.488	4.02e-07	58.9
Vipera_berus_C9A	CM042842.1	583	79	277	355	67151829	67151593	32.911	1.08e-06	57.4
Vipera_berus_C9A	CM042842.1	583	47	533	579	67113670	67113810	51.064	5.73e-06	55.1
Vipera_berus_C9A	CM042842.1	583	81	274	354	67098520	67098762	29.630	7.39e-06	54.7
Sceloporus_undulatus_C9A	CM042834.1	591	78	281	358	256307008	256307241	67.949	1.58e-26	120
Sceloporus_undulatus_C9A	CM042834.1	591	78	460	537	256314731	256314964	65.385	4.97e-26	119
Sceloporus_undulatus_C9A	CM042834.1	591	78	460	537	256366204	256366437	66.667	2.14e-25	117
Sceloporus_undulatus_C9A	CM042834.1	591	85	280	364	256358663	256358917	62.353	3.43e-25	116
Sceloporus_undulatus_C9A	CM042834.1	591	55	101	155	256290927	256291091	60.000	2.92e-11	72.4
Sceloporus_undulatus_C9A	CM042834.1	591	58	408	465	256364904	256365077	56.897	3.58e-11	72.0
Sceloporus_undulatus_C9A	CM042834.1	591	47	156	202	256293130	256293270	63.830	6.63e-11	71.2
Sceloporus_undulatus_C9A	CM042834.1	591	47	156	202	256354331	256354471	61.702	1.39e-10	70.1
Sceloporus_undulatus_C9A	CM042834.1	591	63	405	467	256313325	256313513	50.794	1.51e-10	70.1
Sceloporus_undulatus_C9A	CM042834.1	591	50	106	155	256349154	256349303	66.000	1.96e-10	69.7
Sceloporus_undulatus_C9A	CM042834.1	591	50	538	587	256317506	256317655	54.000	2.17e-10	69.3
Sceloporus_undulatus_C9A	CM042834.1	591	42	539	579	255640914	255641039	69.048	5.24e-08	61.6
Sceloporus_undulatus_C9A	CM042834.1	591	49	539	587	256367356	256367502	48.980	2.21e-07	59.7
Sceloporus_undulatus_C9A	CM042834.1	591	69	463	531	255684925	255684722	42.029	2.51e-07	59.7
Sceloporus_undulatus_C9A	CM042834.1	591	52	57	107	256347422	256347577	51.923	3.39e-07	58.9
Sceloporus_undulatus_C9A	CM042834.1	591	79	281	359	255580860	255581096	34.177	3.72e-07	58.9
Sceloporus_undulatus_C9A	CM042834.1	591	51	541	591	255680605	255680453	49.020	4.56e-07	58.5
Sceloporus_undulatus_C9A	CM042834.1	591	51	528	577	255595238	255595390	50.980	2.59e-06	56.2
Sceloporus_undulatus_C9A	CM042834.1	591	83	277	359	255634576	255634824	31.325	5.07e-06	55.1
Sceloporus_undulatus_C9A	CM042842.1	591	51	534	584	67113661	67113813	49.020	8.45e-08	61.2
Sceloporus_undulatus_C9A	CM042842.1	591	78	281	358	67098529	67098762	33.333	4.88e-07	58.5
Sceloporus_undulatus_C9A	CM042842.1	591	47	541	587	67131227	67131087	51.064	1.01e-06	57.4
Sceloporus_undulatus_C9A	CM042842.1	591	75	454	527	67133652	67133428	34.667	5.42e-06	55.1
Sceloporus_undulatus_C9A	CM042840.1	591	67	529	591	1720812	1721012	41.791	1.17e-06	57.4
Sceloporus_undulatus_C9A	CM042840.1	591	222	302	518	125894527	125895150	25.225	1.39e-06	57.0
Anolis_carolinensis_C9B	CM042834.1	538	87	280	366	256358663	256358923	62.069	5.57e-26	118
Anolis_carolinensis_C9B	CM042834.1	538	75	280	354	256307005	256307229	69.333	1.53e-25	117
Anolis_carolinensis_C9B	CM042834.1	538	68	462	529	256366210	256366413	66.176	7.30e-21	102
Anolis_carolinensis_C9B	CM042834.1	538	68	462	529	256314737	256314940	63.235	3.76e-20	100
Anolis_carolinensis_C9B	CM042834.1	538	47	156	202	256354331	256354471	65.957	1.63e-12	75.9
Anolis_carolinensis_C9B	CM042834.1	538	57	146	202	256293100	256293270	59.649	1.67e-12	75.9
Anolis_carolinensis_C9B	CM042834.1	538	50	106	155	256290942	256291091	68.000	2.26e-12	75.5
Anolis_carolinensis_C9B	CM042834.1	538	61	400	460	256364880	256365062	55.738	6.81e-12	73.9
Anolis_carolinensis_C9B	CM042834.1	538	50	106	155	256349154	256349303	70.000	1.14e-11	73.2
Anolis_carolinensis_C9B	CM042834.1	538	61	400	460	256313310	256313492	54.098	1.28e-11	73.2
Anolis_carolinensis_C9B	CM042834.1	538	71	462	532	255684928	255684719	43.662	2.13e-09	65.9
Anolis_carolinensis_C9B	CM042834.1	538	52	57	107	256347422	256347577	51.923	1.37e-07	60.1
Anolis_carolinensis_C9B	CM042834.1	538	79	281	359	255580860	255581096	34.177	3.52e-07	58.9
Anolis_carolinensis_C9B	CM042834.1	538	62	3	64	256346235	256346408	41.935	2.12e-06	56.2
Anolis_carolinensis_C9B	CM042834.1	538	75	281	355	255634588	255634812	36.000	3.56e-06	55.5
Anolis_carolinensis_C9B	CM042842.1	538	93	281	373	67151829	67151554	33.333	7.97e-08	60.8
Anolis_carolinensis_C9B	CM042842.1	538	77	281	357	67098529	67098759	35.065	8.53e-08	60.8
Anolis_carolinensis_C9B	CM042840.1	538	224	302	518	125894527	125895150	26.339	3.33e-06	55.5
Hydrophis_cyanocinctus_C9B	CM042834.1	582	110	254	353	256306912	256307241	73.636	1.30e-40	164
Hydrophis_cyanocinctus_C9B	CM042834.1	582	101	431	531	256314659	256314961	71.287	3.28e-35	147
Hydrophis_cyanocinctus_C9B	CM042834.1	582	77	275	351	256358663	256358893	81.818	5.45e-33	140
Hydrophis_cyanocinctus_C9B	CM042834.1	582	80	452	531	256366195	256366434	80.000	1.90e-32	139
Hydrophis_cyanocinctus_C9B	CM042834.1	582	75	198	272	256302892	256303116	78.667	1.19e-26	121
Hydrophis_cyanocinctus_C9B	CM042834.1	582	66	397	462	256313316	256313513	83.333	1.71e-24	114
Hydrophis_cyanocinctus_C9B	CM042834.1	582	58	98	155	256290918	256291091	86.207	4.07e-23	110
Hydrophis_cyanocinctus_C9B	CM042834.1	582	88	513	582	256317392	256317655	60.227	4.22e-22	107
Hydrophis_cyanocinctus_C9B	CM042834.1	582	50	106	155	256349154	256349303	96.000	5.59e-21	103
Hydrophis_cyanocinctus_C9B	CM042834.1	582	50	57	106	256289865	256290014	86.000	1.12e-18	95.9
Hydrophis_cyanocinctus_C9B	CM042834.1	582	58	399	456	256364892	256365065	70.690	2.37e-18	95.1
Hydrophis_cyanocinctus_C9B	CM042834.1	582	57	146	202	256293100	256293270	70.175	3.94e-17	91.3
Hydrophis_cyanocinctus_C9B	CM042834.1	582	54	53	106	256347413	256347574	72.222	1.58e-15	85.9
Hydrophis_cyanocinctus_C9B	CM042834.1	582	47	156	202	256354331	256354471	72.340	8.56e-14	80.5
Hydrophis_cyanocinctus_C9B	CM042834.1	582	74	198	271	256355895	256356116	56.757	1.10e-13	80.1
Hydrophis_cyanocinctus_C9B	CM042834.1	582	51	532	582	256367350	256367502	58.824	1.27e-11	73.6
Hydrophis_cyanocinctus_C9B	CM042834.1	582	37	26	62	256285913	256286023	75.676	3.36e-09	65.5
Hydrophis_cyanocinctus_C9B	CM042834.1	582	69	456	524	255684931	255684728	43.478	6.31e-08	61.2
Hydrophis_cyanocinctus_C9B	CM042834.1	582	56	527	582	255680632	255680465	50.000	6.37e-08	61.2
Hydrophis_cyanocinctus_C9B	CM042834.1	582	45	353	397	256310200	256310334	64.444	9.03e-08	60.8
Hydrophis_cyanocinctus_C9B	CM042834.1	582	79	276	354	255580860	255581096	32.911	5.03e-06	55.1
Hydrophis_cyanocinctus_C9B	CM042840.1	582	224	297	513	125894527	125895150	27.679	7.95e-12	73.9
Hydrophis_cyanocinctus_C9B	CM042842.1	582	82	273	354	67151838	67151593	32.927	6.04e-07	58.2
Hydrophis_cyanocinctus_C9B	CM042842.1	582	43	536	578	67113682	67113810	55.814	1.20e-06	57.4
Hydrophis_cyanocinctus_C9B	CM042842.1	582	83	276	358	67098529	67098777	30.120	3.46e-06	55.8
Bothrops_jararaca_C9B	CM042834.1	583	81	274	354	256306999	256307241	83.951	5.15e-36	150
Bothrops_jararaca_C9B	CM042834.1	583	77	456	532	256314731	256314961	83.117	6.62e-33	140
Bothrops_jararaca_C9B	CM042834.1	583	80	453	532	256366195	256366434	81.250	2.61e-32	138
Bothrops_jararaca_C9B	CM042834.1	583	77	276	352	256358663	256358893	81.818	5.24e-32	137
Bothrops_jararaca_C9B	CM042834.1	583	67	397	463	256313313	256313513	74.627	3.35e-22	107
Bothrops_jararaca_C9B	CM042834.1	583	77	196	272	256302883	256303113	67.532	4.40e-22	107
Bothrops_jararaca_C9B	CM042834.1	583	62	400	461	256364892	256365077	79.032	6.20e-21	103
Bothrops_jararaca_C9B	CM042834.1	583	55	102	156	256290927	256291091	81.818	7.85e-21	102
Bothrops_jararaca_C9B	CM042834.1	583	50	107	156	256349154	256349303	88.000	5.39e-19	97.1
Bothrops_jararaca_C9B	CM042834.1	583	57	147	203	256293100	256293270	70.175	1.80e-17	92.4
Bothrops_jararaca_C9B	CM042834.1	583	51	57	107	256289862	256290014	76.471	6.10e-17	90.5
Bothrops_jararaca_C9B	CM042834.1	583	47	157	203	256354331	256354471	82.979	6.77e-17	90.5
Bothrops_jararaca_C9B	CM042834.1	583	54	54	107	256347413	256347574	72.222	4.86e-16	87.8
Bothrops_jararaca_C9B	CM042834.1	583	88	514	583	256317392	256317655	48.864	9.36e-16	86.7
Bothrops_jararaca_C9B	CM042834.1	583	75	511	583	256367278	256367502	54.667	5.34e-15	84.3
Bothrops_jararaca_C9B	CM042834.1	583	78	195	272	256355883	256356116	50.000	9.31e-12	73.9
Bothrops_jararaca_C9B	CM042834.1	583	41	26	66	256346292	256346414	65.854	7.90e-08	61.2
Bothrops_jararaca_C9B	CM042834.1	583	38	27	64	256285913	256286026	63.158	1.23e-07	60.5
Bothrops_jararaca_C9B	CM042834.1	583	79	277	355	255580860	255581096	34.177	5.37e-07	58.5
Bothrops_jararaca_C9B	CM042834.1	583	56	528	583	255680632	255680465	46.429	6.82e-07	58.2
Bothrops_jararaca_C9B	CM042834.1	583	69	457	525	255684931	255684728	40.580	2.43e-06	56.2
Bothrops_jararaca_C9B	CM042840.1	583	224	298	514	125894527	125895150	25.893	1.17e-10	70.5
Bothrops_jararaca_C9B	CM042842.1	583	82	274	355	67151838	67151593	34.146	1.07e-07	60.8
Bothrops_jararaca_C9B	CM042842.1	583	43	537	579	67131227	67131099	53.488	3.73e-07	58.9
Bothrops_jararaca_C9B	CM042842.1	583	47	533	579	67113670	67113810	48.936	6.24e-06	55.1
Laticauda_colubrina_C9B	CM042834.1	583	81	274	354	256306999	256307241	92.593	1.56e-39	160
Laticauda_colubrina_C9B	CM042834.1	583	77	456	532	256314731	256314961	88.312	1.71e-35	148
Laticauda_colubrina_C9B	CM042834.1	583	79	274	352	256358657	256358893	79.747	3.01e-33	141
Laticauda_colubrina_C9B	CM042834.1	583	80	453	532	256366195	256366434	78.750	1.34e-31	136
Laticauda_colubrina_C9B	CM042834.1	583	78	199	276	256302892	256303125	73.077	2.38e-24	114
Laticauda_colubrina_C9B	CM042834.1	583	66	398	463	256313316	256313513	80.303	1.12e-23	112
Laticauda_colubrina_C9B	CM042834.1	583	88	514	583	256317392	256317655	63.636	1.50e-23	111
Laticauda_colubrina_C9B	CM042834.1	583	50	58	107	256289865	256290014	92.000	2.32e-20	101
Laticauda_colubrina_C9B	CM042834.1	583	58	99	156	256290918	256291091	77.586	4.35e-20	100
Laticauda_colubrina_C9B	CM042834.1	583	50	107	156	256349154	256349303	88.000	1.33e-18	95.9
Laticauda_colubrina_C9B	CM042834.1	583	55	403	457	256364901	256365065	78.182	2.74e-18	94.7
Laticauda_colubrina_C9B	CM042834.1	583	56	147	202	256293100	256293267	75.000	5.98e-18	93.6
Laticauda_colubrina_C9B	CM042834.1	583	54	54	107	256347413	256347574	75.926	7.71e-17	90.1
Laticauda_colubrina_C9B	CM042834.1	583	46	157	202	256354331	256354468	78.261	5.39e-15	84.3
Laticauda_colubrina_C9B	CM042834.1	583	43	354	396	256361040	256361168	83.721	7.78e-12	73.9
Laticauda_colubrina_C9B	CM042834.1	583	51	533	583	256367350	256367502	58.824	2.74e-11	72.4
Laticauda_colubrina_C9B	CM042834.1	583	73	199	271	256355895	256356113	52.055	9.55e-11	70.5
Laticauda_colubrina_C9B	CM042834.1	583	37	27	63	256285913	256286023	78.378	2.47e-10	69.3
Laticauda_colubrina_C9B	CM042834.1	583	69	457	525	255684931	255684728	43.478	1.02e-07	60.8
Laticauda_colubrina_C9B	CM042834.1	583	81	275	355	255580854	255581096	35.802	1.52e-07	60.1
Laticauda_colubrina_C9B	CM042834.1	583	56	528	583	255680632	255680465	46.429	1.42e-06	57.0
Laticauda_colubrina_C9B	CM042834.1	583	38	26	63	256346292	256346405	65.789	1.47e-06	57.0
Laticauda_colubrina_C9B	CM042834.1	583	82	274	355	255634579	255634824	31.707	4.87e-06	55.5
Laticauda_colubrina_C9B	CM042840.1	583	222	298	514	125894527	125895150	25.676	3.76e-11	72.0
Laticauda_colubrina_C9B	CM042842.1	583	81	277	357	67151829	67151587	29.630	3.66e-07	58.9
Laticauda_colubrina_C9B	CM042842.1	583	52	528	579	67113667	67113810	51.923	6.43e-07	58.2
Laticauda_colubrina_C9B	CM042842.1	583	81	274	354	67098520	67098762	32.099	7.82e-07	57.8
Pseudonaja_textilis_C9B	CM042834.1	583	81	274	354	256306999	256307241	96.296	2.14e-41	166
Pseudonaja_textilis_C9B	CM042834.1	583	101	432	532	256314659	256314961	74.257	1.27e-36	151
Pseudonaja_textilis_C9B	CM042834.1	583	80	274	353	256358657	256358896	82.500	4.78e-35	147
Pseudonaja_textilis_C9B	CM042834.1	583	80	453	532	256366195	256366434	80.000	5.43e-32	137
Pseudonaja_textilis_C9B	CM042834.1	583	75	199	273	256302892	256303116	77.333	9.06e-25	115
Pseudonaja_textilis_C9B	CM042834.1	583	67	397	463	256313313	256313513	80.597	6.73e-24	112
Pseudonaja_textilis_C9B	CM042834.1	583	58	99	156	256290918	256291091	84.483	1.36e-22	108
Pseudonaja_textilis_C9B	CM042834.1	583	50	107	156	256349154	256349303	94.000	1.71e-20	102
Pseudonaja_textilis_C9B	CM042834.1	583	52	532	583	256317500	256317655	84.615	2.53e-20	101
Pseudonaja_textilis_C9B	CM042834.1	583	51	57	107	256289862	256290014	86.275	2.38e-19	98.2
Pseudonaja_textilis_C9B	CM042834.1	583	58	400	457	256364892	256365065	74.138	2.28e-18	95.1
Pseudonaja_textilis_C9B	CM042834.1	583	57	147	203	256293100	256293270	71.930	5.58e-18	94.0
Pseudonaja_textilis_C9B	CM042834.1	583	54	54	107	256347413	256347574	72.222	9.36e-16	86.7
Pseudonaja_textilis_C9B	CM042834.1	583	47	157	203	256354331	256354471	76.596	3.05e-15	85.1
Pseudonaja_textilis_C9B	CM042834.1	583	74	199	272	256355895	256356116	48.649	1.45e-09	66.6
Pseudonaja_textilis_C9B	CM042834.1	583	48	536	583	256367359	256367502	56.250	3.45e-09	65.5
Pseudonaja_textilis_C9B	CM042834.1	583	37	27	63	256285913	256286023	72.973	4.58e-09	65.1
Pseudonaja_textilis_C9B	CM042834.1	583	69	457	525	255684931	255684728	43.478	2.89e-08	62.4
Pseudonaja_textilis_C9B	CM042834.1	583	46	353	398	256310197	256310334	67.391	3.04e-08	62.4
Pseudonaja_textilis_C9B	CM042834.1	583	38	26	63	256346292	256346405	71.053	1.27e-07	60.5
Pseudonaja_textilis_C9B	CM042834.1	583	54	530	583	255680626	255680465	48.148	1.30e-07	60.5
Pseudonaja_textilis_C9B	CM042834.1	583	78	277	354	255580860	255581093	33.333	2.25e-06	56.2
Pseudonaja_textilis_C9B	CM042840.1	583	224	298	514	125894527	125895150	27.232	4.82e-11	71.6
Pseudonaja_textilis_C9B	CM042842.1	583	43	537	579	67113682	67113810	58.140	1.32e-07	60.5
Pseudonaja_textilis_C9B	CM042842.1	583	78	277	354	67151829	67151596	32.051	3.25e-07	58.9
Pseudonaja_textilis_C9B	CM042842.1	583	83	277	359	67098529	67098777	31.325	3.86e-07	58.9
Pseudonaja_textilis_C9B	CM042842.1	583	47	537	583	67131227	67131087	44.681	2.17e-06	56.6
Notechis_scutatus_C9B	CM042834.1	583	81	274	354	256306999	256307241	92.593	5.36e-39	159
Notechis_scutatus_C9B	CM042834.1	583	77	456	532	256314731	256314961	92.208	1.24e-37	154
Notechis_scutatus_C9B	CM042834.1	583	80	274	353	256358657	256358896	80.000	8.11e-34	143
Notechis_scutatus_C9B	CM042834.1	583	82	451	532	256366189	256366434	80.488	6.33e-33	140
Notechis_scutatus_C9B	CM042834.1	583	75	199	273	256302892	256303116	82.667	1.42e-28	127
Notechis_scutatus_C9B	CM042834.1	583	66	398	463	256313316	256313513	81.818	2.64e-24	114
Notechis_scutatus_C9B	CM042834.1	583	58	99	156	256290918	256291091	86.207	3.69e-23	110
Notechis_scutatus_C9B	CM042834.1	583	52	532	583	256317500	256317655	88.462	5.67e-22	106
Notechis_scutatus_C9B	CM042834.1	583	50	107	156	256349154	256349303	96.000	6.04e-21	103
Notechis_scutatus_C9B	CM042834.1	583	50	58	107	256289865	256290014	88.000	3.43e-19	97.8
Notechis_scutatus_C9B	CM042834.1	583	57	147	203	256293100	256293270	73.684	1.71e-18	95.5
Notechis_scutatus_C9B	CM042834.1	583	58	400	457	256364892	256365065	70.690	2.00e-18	95.1
Notechis_scutatus_C9B	CM042834.1	583	54	54	107	256347413	256347574	72.222	1.58e-15	85.9
Notechis_scutatus_C9B	CM042834.1	583	47	157	203	256354331	256354471	76.596	4.02e-15	84.7
Notechis_scutatus_C9B	CM042834.1	583	74	199	272	256355895	256356116	55.405	2.57e-12	75.5
Notechis_scutatus_C9B	CM042834.1	583	51	533	583	256367350	256367502	58.824	1.32e-11	73.2
Notechis_scutatus_C9B	CM042834.1	583	37	27	63	256285913	256286023	78.378	2.71e-10	68.9
Notechis_scutatus_C9B	CM042834.1	583	69	457	525	255684931	255684728	43.478	3.31e-08	62.4
Notechis_scutatus_C9B	CM042834.1	583	46	353	398	256310197	256310334	65.217	7.07e-08	61.2
Notechis_scutatus_C9B	CM042834.1	583	56	528	583	255680632	255680465	50.000	1.14e-07	60.5
Notechis_scutatus_C9B	CM042834.1	583	38	26	63	256346292	256346405	65.789	1.63e-06	57.0
Notechis_scutatus_C9B	CM042834.1	583	79	277	355	255580860	255581096	32.911	3.41e-06	55.8
Notechis_scutatus_C9B	CM042840.1	583	224	298	514	125894527	125895150	28.125	9.00e-12	73.9
Notechis_scutatus_C9B	CM042840.1	583	223	295	516	127938187	127937573	22.422	1.91e-06	56.6
Notechis_scutatus_C9B	CM042842.1	583	86	274	359	67098520	67098777	31.395	9.21e-08	60.8
Notechis_scutatus_C9B	CM042842.1	583	79	277	355	67151829	67151593	30.380	1.25e-06	57.4
Notechis_scutatus_C9B	CM042842.1	583	43	537	579	67113682	67113810	55.814	1.29e-06	57.0
Pituophis_catenifer_C9B	CM042834.1	583	81	274	354	256358657	256358899	96.296	1.53e-40	163
Pituophis_catenifer_C9B	CM042834.1	583	77	456	532	256314731	256314961	87.013	3.45e-35	147
Pituophis_catenifer_C9B	CM042834.1	583	76	277	352	256307008	256307235	85.526	1.54e-33	142
Pituophis_catenifer_C9B	CM042834.1	583	77	456	532	256366204	256366434	80.519	5.73e-32	137
Pituophis_catenifer_C9B	CM042834.1	583	61	397	457	256364883	256365065	91.803	2.99e-24	113
Pituophis_catenifer_C9B	CM042834.1	583	76	198	273	256355892	256356119	72.368	4.86e-24	113
Pituophis_catenifer_C9B	CM042834.1	583	55	102	156	256290927	256291091	87.273	1.13e-21	105
Pituophis_catenifer_C9B	CM042834.1	583	50	107	156	256349154	256349303	98.000	2.95e-21	104
Pituophis_catenifer_C9B	CM042834.1	583	51	533	583	256367350	256367502	82.353	1.35e-19	99.0
Pituophis_catenifer_C9B	CM042834.1	583	47	157	203	256354331	256354471	89.362	1.10e-18	96.3
Pituophis_catenifer_C9B	CM042834.1	583	76	390	463	256313286	256313513	63.158	1.16e-18	95.9
Pituophis_catenifer_C9B	CM042834.1	583	54	54	107	256347413	256347574	79.630	3.26e-18	94.7
Pituophis_catenifer_C9B	CM042834.1	583	53	55	107	256289856	256290014	73.585	5.77e-15	84.3
Pituophis_catenifer_C9B	CM042834.1	583	57	147	203	256293100	256293270	64.912	1.21e-14	83.2
Pituophis_catenifer_C9B	CM042834.1	583	88	514	583	256317392	256317655	45.455	3.83e-13	78.2
Pituophis_catenifer_C9B	CM042834.1	583	79	198	272	256302889	256303113	53.165	3.66e-12	75.1
Pituophis_catenifer_C9B	CM042834.1	583	41	26	66	256346292	256346414	70.732	2.18e-09	66.2
Pituophis_catenifer_C9B	CM042834.1	583	69	457	525	255684931	255684728	42.029	1.01e-06	57.4
Pituophis_catenifer_C9B	CM042834.1	583	38	27	64	256285913	256286026	57.895	2.36e-06	56.2
Pituophis_catenifer_C9B	CM042840.1	583	222	298	514	125894527	125895150	26.126	9.72e-12	73.9
Pituophis_catenifer_C9B	CM042840.1	583	286	298	564	127938178	127937393	22.727	5.77e-08	61.6
Pituophis_catenifer_C9B	CM042842.1	583	77	277	352	67151829	67151599	38.961	1.45e-07	60.1
Pituophis_catenifer_C9B	CM042842.1	583	43	537	579	67131227	67131099	53.488	8.30e-07	57.8
Pantherophis_obsoletus_C9B	CM042834.1	583	112	253	354	256306906	256307241	68.750	1.39e-36	151
Pantherophis_obsoletus_C9B	CM042834.1	583	77	456	532	256366204	256366434	84.416	1.12e-34	145
Pantherophis_obsoletus_C9B	CM042834.1	583	78	276	353	256358663	256358896	82.051	5.14e-33	140
Pantherophis_obsoletus_C9B	CM042834.1	583	77	456	532	256314731	256314961	76.623	1.33e-31	136
Pantherophis_obsoletus_C9B	CM042834.1	583	65	397	461	256364883	256365077	87.692	3.54e-24	113
Pantherophis_obsoletus_C9B	CM042834.1	583	75	198	272	256355892	256356116	72.000	1.56e-23	111
Pantherophis_obsoletus_C9B	CM042834.1	583	55	102	156	256290927	256291091	87.273	1.39e-21	105
Pantherophis_obsoletus_C9B	CM042834.1	583	50	107	156	256349154	256349303	98.000	3.97e-21	103
Pantherophis_obsoletus_C9B	CM042834.1	583	56	528	583	256367335	256367502	76.786	3.32e-20	100
Pantherophis_obsoletus_C9B	CM042834.1	583	54	54	107	256347413	256347574	85.185	4.79e-20	100
Pantherophis_obsoletus_C9B	CM042834.1	583	47	157	203	256354331	256354471	89.362	1.36e-18	95.9
Pantherophis_obsoletus_C9B	CM042834.1	583	76	390	463	256313286	256313513	63.158	1.81e-18	95.5
Pantherophis_obsoletus_C9B	CM042834.1	583	51	57	107	256289862	256290014	78.431	8.05e-17	90.1
Pantherophis_obsoletus_C9B	CM042834.1	583	57	147	203	256293100	256293270	64.912	1.55e-14	82.8
Pantherophis_obsoletus_C9B	CM042834.1	583	88	514	583	256317392	256317655	44.318	7.76e-14	80.5
Pantherophis_obsoletus_C9B	CM042834.1	583	82	198	275	256302889	256303122	53.659	8.74e-13	77.0
Pantherophis_obsoletus_C9B	CM042834.1	583	38	27	64	256285913	256286026	71.053	1.21e-08	63.9
Pantherophis_obsoletus_C9B	CM042834.1	583	69	457	525	255684931	255684728	40.580	1.18e-07	60.5
Pantherophis_obsoletus_C9B	CM042834.1	583	41	26	66	256346292	256346414	60.976	5.37e-07	58.5
Pantherophis_obsoletus_C9B	CM042834.1	583	81	275	355	255580854	255581096	33.333	2.49e-06	56.2
Pantherophis_obsoletus_C9B	CM042834.1	583	73	457	529	255590303	255590518	39.726	2.69e-06	56.2
Pantherophis_obsoletus_C9B	CM042840.1	583	222	298	514	125894527	125895150	26.577	1.42e-12	76.6
Pantherophis_obsoletus_C9B	CM042840.1	583	289	295	564	127938187	127937393	22.837	2.45e-06	56.2
Pantherophis_obsoletus_C9B	CM042842.1	583	82	274	355	67151838	67151593	35.366	6.72e-09	64.7
Pantherophis_obsoletus_C9B	CM042842.1	583	86	274	359	67098520	67098777	30.233	3.82e-07	58.9
Pantherophis_obsoletus_C9B	CM042842.1	583	43	537	579	67131227	67131099	55.814	5.28e-07	58.5
Crotalus_tigris_C9B	CM042834.1	583	94	274	367	256358657	256358929	77.660	1.21e-37	154
Crotalus_tigris_C9B	CM042834.1	583	80	453	532	256366195	256366434	82.500	1.30e-33	142
Crotalus_tigris_C9B	CM042834.1	583	76	276	351	256307005	256307232	81.579	1.87e-32	139
Crotalus_tigris_C9B	CM042834.1	583	77	456	532	256314731	256314961	79.221	4.92e-32	137
Crotalus_tigris_C9B	CM042834.1	583	78	195	272	256355883	256356116	75.641	4.71e-25	116
Crotalus_tigris_C9B	CM042834.1	583	62	396	457	256364880	256365065	83.871	1.96e-22	107
Crotalus_tigris_C9B	CM042834.1	583	55	102	156	256290927	256291091	85.455	2.33e-21	104
Crotalus_tigris_C9B	CM042834.1	583	51	533	583	256367350	256367502	80.392	1.28e-19	99.0
Crotalus_tigris_C9B	CM042834.1	583	50	107	156	256349154	256349303	92.000	2.76e-19	98.2
Crotalus_tigris_C9B	CM042834.1	583	63	401	463	256313325	256313513	69.841	3.23e-18	94.7
Crotalus_tigris_C9B	CM042834.1	583	47	157	203	256354331	256354471	87.234	5.30e-18	94.0
Crotalus_tigris_C9B	CM042834.1	583	54	54	107	256347413	256347574	74.074	2.27e-17	92.0
Crotalus_tigris_C9B	CM042834.1	583	51	57	107	256289862	256290014	76.471	2.29e-16	88.6
Crotalus_tigris_C9B	CM042834.1	583	57	147	203	256293100	256293270	68.421	4.57e-16	87.8
Crotalus_tigris_C9B	CM042834.1	583	52	532	583	256317500	256317655	59.615	2.63e-13	79.0
Crotalus_tigris_C9B	CM042834.1	583	77	196	272	256302883	256303113	51.948	1.61e-12	76.3
Crotalus_tigris_C9B	CM042834.1	583	41	26	66	256346292	256346414	70.732	3.76e-09	65.5
Crotalus_tigris_C9B	CM042834.1	583	69	457	525	255684931	255684728	40.580	6.32e-07	58.2
Crotalus_tigris_C9B	CM042834.1	583	42	355	396	256361043	256361168	64.286	2.06e-06	56.6
Crotalus_tigris_C9B	CM042834.1	583	34	31	64	256285925	256286026	64.706	5.44e-06	55.1
Crotalus_tigris_C9B	CM042840.1	583	222	298	514	125894527	125895150	27.477	1.86e-12	76.3
Crotalus_tigris_C9B	CM042842.1	583	103	277	379	67151829	67151524	31.068	3.51e-07	58.9
Crotalus_tigris_C9B	CM042842.1	583	43	537	579	67131227	67131099	53.488	1.23e-06	57.4
Ptyas_mucosa_C9B	CM042834.1	583	94	274	367	256358657	256358929	85.106	8.33e-41	164
Ptyas_mucosa_C9B	CM042834.1	583	77	456	532	256366204	256366434	83.117	1.46e-33	142
Ptyas_mucosa_C9B	CM042834.1	583	76	277	352	256307008	256307235	85.526	1.59e-33	142
Ptyas_mucosa_C9B	CM042834.1	583	77	456	532	256314731	256314961	75.325	1.71e-30	133
Ptyas_mucosa_C9B	CM042834.1	583	76	198	273	256355892	256356119	71.053	2.73e-23	110
Ptyas_mucosa_C9B	CM042834.1	583	56	528	583	256367335	256367502	83.929	1.30e-22	108
Ptyas_mucosa_C9B	CM042834.1	583	62	397	458	256364883	256365068	87.097	1.84e-22	108
Ptyas_mucosa_C9B	CM042834.1	583	58	99	156	256290918	256291091	82.759	7.01e-21	103
Ptyas_mucosa_C9B	CM042834.1	583	50	107	156	256349154	256349303	96.000	1.82e-20	101
Ptyas_mucosa_C9B	CM042834.1	583	47	157	203	256354331	256354471	89.362	1.08e-18	96.3
Ptyas_mucosa_C9B	CM042834.1	583	53	55	107	256289856	256290014	79.245	1.82e-18	95.5
Ptyas_mucosa_C9B	CM042834.1	583	65	393	457	256313304	256313495	69.231	1.14e-17	92.8
Ptyas_mucosa_C9B	CM042834.1	583	54	54	107	256347413	256347574	72.222	6.29e-16	87.4
Ptyas_mucosa_C9B	CM042834.1	583	47	157	203	256293130	256293270	74.468	1.13e-14	83.2
Ptyas_mucosa_C9B	CM042834.1	583	88	514	583	256317392	256317655	44.318	8.10e-14	80.5
Ptyas_mucosa_C9B	CM042834.1	583	81	196	272	256302883	256303113	51.852	3.54e-12	75.1
Ptyas_mucosa_C9B	CM042834.1	583	35	355	389	256361043	256361147	80.000	9.59e-07	57.8
Ptyas_mucosa_C9B	CM042834.1	583	69	457	525	255684931	255684728	39.130	1.51e-06	57.0
Ptyas_mucosa_C9B	CM042834.1	583	42	27	66	256346289	256346414	64.286	2.95e-06	55.8
Ptyas_mucosa_C9B	CM042834.1	583	70	460	529	255590312	255590518	41.429	3.53e-06	55.8
Ptyas_mucosa_C9B	CM042840.1	583	222	298	514	125894527	125895150	26.577	8.92e-11	70.9
Ptyas_mucosa_C9B	CM042842.1	583	77	277	352	67151829	67151599	38.961	1.56e-07	60.1
Ptyas_mucosa_C9B	CM042842.1	583	43	537	579	67131227	67131099	53.488	4.94e-07	58.5
