Bungarus_multicinctus_C9A	CM042834.1	585	87	274	360	256306999	256307259	94.253	1.14e-43	173
Bungarus_multicinctus_C9A	CM042834.1	585	77	457	533	256314731	256314961	98.701	7.94e-40	161
Bungarus_multicinctus_C9A	CM042834.1	585	78	196	273	256302883	256303116	93.590	2.68e-35	147
Bungarus_multicinctus_C9A	CM042834.1	585	87	274	360	256358657	256358917	75.862	1.13e-34	145
Bungarus_multicinctus_C9A	CM042834.1	585	80	454	533	256366195	256366434	77.500	3.97e-31	135
Bungarus_multicinctus_C9A	CM042834.1	585	76	390	464	256313286	256313513	84.211	1.93e-27	123
Bungarus_multicinctus_C9A	CM042834.1	585	89	515	585	256317392	256317658	68.539	1.87e-26	120
Bungarus_multicinctus_C9A	CM042834.1	585	58	99	156	256290918	256291091	89.655	9.49e-24	112
Bungarus_multicinctus_C9A	CM042834.1	585	50	58	107	256289865	256290014	100.000	7.19e-23	109
Bungarus_multicinctus_C9A	CM042834.1	585	57	147	203	256293100	256293270	84.211	1.06e-21	105
Bungarus_multicinctus_C9A	CM042834.1	585	50	107	156	256349154	256349303	96.000	3.79e-21	103
Bungarus_multicinctus_C9A	CM042834.1	585	61	398	458	256364889	256365065	75.410	6.44e-19	97.1
Bungarus_multicinctus_C9A	CM042834.1	585	43	354	396	256310200	256310328	100.000	2.09e-16	89.0
Bungarus_multicinctus_C9A	CM042834.1	585	54	54	107	256347413	256347574	74.074	1.43e-15	86.3
Bungarus_multicinctus_C9A	CM042834.1	585	47	157	203	256354331	256354471	74.468	9.43e-15	83.6
Bungarus_multicinctus_C9A	CM042834.1	585	38	26	63	256285910	256286023	92.105	1.14e-12	76.6
Bungarus_multicinctus_C9A	CM042834.1	585	50	536	585	256367356	256367505	62.000	1.32e-11	73.6
Bungarus_multicinctus_C9A	CM042834.1	585	78	195	272	256355883	256356116	50.000	4.38e-11	71.6
Bungarus_multicinctus_C9A	CM042834.1	585	69	458	526	255684931	255684728	43.478	8.88e-08	60.8
Bungarus_multicinctus_C9A	CM042834.1	585	54	531	584	255680626	255680465	46.296	9.48e-07	57.8
Bungarus_multicinctus_C9A	CM042840.1	585	228	298	515	125894527	125895150	27.632	3.59e-10	68.6
Bungarus_multicinctus_C9A	CM042842.1	585	80	277	356	67098529	67098768	33.750	1.93e-07	59.7
Bungarus_multicinctus_C9A	CM042842.1	585	42	539	580	67113685	67113810	59.524	3.13e-07	59.3
Bungarus_multicinctus_C9A	CM042842.1	585	78	277	354	67151829	67151596	33.333	4.68e-07	58.5
Bungarus_multicinctus_C9B	CM042834.1	584	94	274	367	256358657	256358929	88.298	2.57e-43	172
Bungarus_multicinctus_C9B	CM042834.1	584	77	456	532	256366204	256366434	98.701	2.32e-39	160
Bungarus_multicinctus_C9B	CM042834.1	584	79	195	273	256355883	256356119	93.671	1.07e-35	149
Bungarus_multicinctus_C9B	CM042834.1	584	77	276	352	256307005	256307235	83.117	2.74e-33	141
Bungarus_multicinctus_C9B	CM042834.1	584	77	456	532	256314731	256314961	79.221	9.91e-31	134
Bungarus_multicinctus_C9B	CM042834.1	584	65	397	461	256364883	256365077	93.846	9.08e-27	121
Bungarus_multicinctus_C9B	CM042834.1	584	57	528	584	256367335	256367505	94.737	6.41e-26	119
Bungarus_multicinctus_C9B	CM042834.1	584	54	54	107	256347413	256347574	94.444	1.84e-23	111
Bungarus_multicinctus_C9B	CM042834.1	584	55	102	156	256290927	256291091	89.091	1.20e-22	108
Bungarus_multicinctus_C9B	CM042834.1	584	50	107	156	256349154	256349303	100.000	4.80e-22	106
Bungarus_multicinctus_C9B	CM042834.1	584	47	157	203	256354331	256354471	97.872	1.01e-20	102
Bungarus_multicinctus_C9B	CM042834.1	584	68	398	463	256313310	256313513	70.588	1.18e-19	99.4
Bungarus_multicinctus_C9B	CM042834.1	584	42	355	396	256361043	256361168	100.000	1.22e-15	86.3
Bungarus_multicinctus_C9B	CM042834.1	584	51	57	107	256289862	256290014	76.471	1.63e-15	85.9
Bungarus_multicinctus_C9B	CM042834.1	584	58	147	204	256293100	256293273	63.793	6.48e-15	84.0
Bungarus_multicinctus_C9B	CM042834.1	584	89	514	584	256317392	256317658	42.697	1.10e-13	80.1
Bungarus_multicinctus_C9B	CM042834.1	584	41	26	66	256346292	256346414	82.927	1.49e-12	76.3
Bungarus_multicinctus_C9B	CM042834.1	584	77	196	272	256302883	256303113	51.948	6.30e-12	74.3
Bungarus_multicinctus_C9B	CM042834.1	584	69	457	525	255684931	255684728	43.478	7.22e-08	61.2
Bungarus_multicinctus_C9B	CM042834.1	584	38	27	64	256285913	256286026	57.895	3.82e-06	55.5
Bungarus_multicinctus_C9B	CM042834.1	584	26	1	26	256345147	256345224	100.000	6.64e-06	54.7
Bungarus_multicinctus_C9B	CM042834.1	584	48	536	583	255680608	255680465	52.083	8.64e-06	54.3
Bungarus_multicinctus_C9B	CM042840.1	584	222	298	514	125894527	125895150	26.577	5.00e-12	74.7
Bungarus_multicinctus_C9B	CM042840.1	584	220	298	516	127938178	127937573	23.636	2.98e-06	55.8
Bungarus_multicinctus_C9B	CM042842.1	584	77	277	352	67151829	67151599	38.961	1.55e-07	60.1
Bungarus_multicinctus_C9B	CM042842.1	584	43	537	579	67131227	67131099	51.163	7.11e-06	54.7
