Lacerta_agilis_C9A	JANUYF010000002.1	589	75	458	532	34089694	34089470	73.333	2.91e-29	129
Lacerta_agilis_C9A	JANUYF010000002.1	589	80	277	356	34100838	34100599	68.750	4.88e-27	122
Lacerta_agilis_C9A	JANUYF010000002.1	589	59	400	458	34092120	34091944	61.017	2.94e-15	85.5
Lacerta_agilis_C9A	JANUYF010000002.1	589	47	155	201	34106119	34105979	63.830	6.62e-12	74.7
Lacerta_agilis_C9A	JANUYF010000002.1	589	50	105	154	34110079	34109930	70.000	6.85e-12	74.7
Lacerta_agilis_C9A	JANUYF010000002.1	589	51	55	105	34112254	34112102	60.784	1.19e-11	73.9
Lacerta_agilis_C9A	JANUYF010000002.1	589	47	540	585	34087062	34086922	70.213	4.19e-10	68.9
Lacerta_agilis_C9A	JANUYF010000002.1	589	77	201	275	34103362	34103135	51.948	4.49e-10	68.6
Lacerta_agilis_C9A	JANUYF010000002.1	589	58	470	527	35061113	35061286	50.000	6.12e-08	61.6
Lacerta_agilis_C9A	JANUYF010000005.1	589	189	304	488	139813652	139813143	24.339	4.24e-09	65.5
Lacerta_agilis_C9A	JANUYF010000005.1	589	209	299	502	137615563	137616150	24.880	1.50e-08	63.9
Lacerta_agilis_C9A	JANUYF010000004.1	589	81	279	359	221781839	221781597	32.099	4.93e-07	58.9
Lacerta_agilis_C9A	JANUYF010000004.1	589	43	540	581	221718316	221718444	60.465	9.33e-07	57.8
Zootoca_vivipara_C9A	JANUYF010000002.1	589	75	458	532	34089694	34089470	73.333	4.52e-29	129
Zootoca_vivipara_C9A	JANUYF010000002.1	589	97	260	356	34100889	34100599	60.825	1.51e-27	124
Zootoca_vivipara_C9A	JANUYF010000002.1	589	59	400	458	34092120	34091944	61.017	5.01e-15	84.7
Zootoca_vivipara_C9A	JANUYF010000002.1	589	51	55	105	34112254	34112102	62.745	2.17e-12	76.3
Zootoca_vivipara_C9A	JANUYF010000002.1	589	47	155	201	34106119	34105979	63.830	6.74e-12	74.7
Zootoca_vivipara_C9A	JANUYF010000002.1	589	50	105	154	34110079	34109930	68.000	1.15e-11	73.9
Zootoca_vivipara_C9A	JANUYF010000002.1	589	47	540	585	34087062	34086922	68.085	1.63e-09	67.0
Zootoca_vivipara_C9A	JANUYF010000002.1	589	76	201	275	34103362	34103135	46.053	1.11e-08	64.3
Zootoca_vivipara_C9A	JANUYF010000002.1	589	58	470	527	35061113	35061286	48.276	1.14e-07	60.8
Zootoca_vivipara_C9A	JANUYF010000002.1	589	47	356	402	34096307	34096167	48.936	5.72e-06	55.5
Zootoca_vivipara_C9A	JANUYF010000005.1	589	189	304	488	139813652	139813143	24.339	4.28e-08	62.4
Zootoca_vivipara_C9A	JANUYF010000005.1	589	210	299	502	137615563	137616150	25.714	5.16e-08	62.0
Zootoca_vivipara_C9A	JANUYF010000004.1	589	43	540	581	221718316	221718444	62.791	6.99e-07	58.5
Zootoca_vivipara_C9A	JANUYF010000004.1	589	81	279	359	221781839	221781597	32.099	1.12e-06	57.8
Podarcis_muralis_C9A	JANUYF010000002.1	589	75	458	532	34089694	34089470	72.000	5.76e-28	125
Podarcis_muralis_C9A	JANUYF010000002.1	589	80	277	356	34100838	34100599	70.000	7.80e-28	125
Podarcis_muralis_C9A	JANUYF010000002.1	589	59	400	458	34092120	34091944	62.712	1.57e-14	83.2
Podarcis_muralis_C9A	JANUYF010000002.1	589	51	55	105	34112254	34112102	62.745	4.32e-12	75.1
Podarcis_muralis_C9A	JANUYF010000002.1	589	47	155	201	34106119	34105979	63.830	6.85e-12	74.7
Podarcis_muralis_C9A	JANUYF010000002.1	589	50	105	154	34110079	34109930	70.000	8.20e-12	74.3
Podarcis_muralis_C9A	JANUYF010000002.1	589	47	540	585	34087062	34086922	70.213	4.12e-10	68.9
Podarcis_muralis_C9A	JANUYF010000002.1	589	76	201	275	34103362	34103135	48.684	5.29e-09	65.1
Podarcis_muralis_C9A	JANUYF010000002.1	589	60	470	529	35061113	35061292	48.333	1.84e-08	63.5
Podarcis_muralis_C9A	JANUYF010000005.1	589	221	304	516	139813652	139813056	23.982	1.34e-09	67.0
Podarcis_muralis_C9A	JANUYF010000005.1	589	209	299	502	137615563	137616150	25.359	4.13e-08	62.4
Podarcis_muralis_C9A	JANUYF010000004.1	589	43	540	581	221718316	221718444	60.465	1.69e-06	57.0
Podarcis_muralis_C9A	JANUYF010000004.1	589	81	279	359	221781839	221781597	30.864	2.55e-06	56.6
Podarcis_muralis_C9A	JANUYF010000004.1	589	75	459	526	221752187	221751963	34.667	6.49e-06	55.1
Anolis_carolinensis_C9A	JANUYF010000002.1	591	82	277	358	34100844	34100599	80.488	3.52e-33	141
Anolis_carolinensis_C9A	JANUYF010000002.1	591	80	458	537	34089700	34089461	77.500	4.78e-31	135
Anolis_carolinensis_C9A	JANUYF010000002.1	591	66	400	465	34092126	34091929	65.152	1.08e-17	93.2
Anolis_carolinensis_C9A	JANUYF010000002.1	591	52	56	107	34112254	34112099	73.077	3.22e-17	91.7
Anolis_carolinensis_C9A	JANUYF010000002.1	591	85	193	277	34103389	34103135	56.471	7.14e-17	90.5
Anolis_carolinensis_C9A	JANUYF010000002.1	591	50	106	155	34110079	34109930	84.000	5.82e-16	87.8
Anolis_carolinensis_C9A	JANUYF010000002.1	591	58	534	591	34087086	34086913	63.793	3.07e-15	85.5
Anolis_carolinensis_C9A	JANUYF010000002.1	591	47	156	202	34106119	34105979	72.340	8.56e-14	80.9
Anolis_carolinensis_C9A	JANUYF010000002.1	591	40	18	57	34114178	34114059	62.500	2.05e-08	63.2
Anolis_carolinensis_C9A	JANUYF010000002.1	591	79	281	359	35151909	35151673	36.709	2.12e-08	63.2
Anolis_carolinensis_C9A	JANUYF010000002.1	591	42	542	583	35063114	35063239	59.524	1.27e-07	60.8
Anolis_carolinensis_C9A	JANUYF010000002.1	591	68	461	528	35061083	35061283	38.235	3.03e-07	59.7
Anolis_carolinensis_C9A	JANUYF010000002.1	591	79	281	359	35107165	35106929	34.177	7.27e-07	58.2
Anolis_carolinensis_C9A	JANUYF010000002.1	591	50	57	106	35116405	35116256	48.000	5.65e-06	55.5
Anolis_carolinensis_C9A	JANUYF010000005.1	591	210	301	504	137615563	137616150	27.143	3.48e-08	62.8
Anolis_carolinensis_C9A	JANUYF010000005.1	591	178	306	482	139813652	139813155	24.719	4.23e-08	62.4
Anolis_carolinensis_C9A	JANUYF010000004.1	591	82	281	362	221781839	221781594	34.146	7.11e-08	61.6
Anolis_carolinensis_C9A	JANUYF010000004.1	591	81	281	361	221695768	221696010	30.864	1.62e-07	60.5
Anolis_carolinensis_C9A	JANUYF010000004.1	591	83	454	533	221752187	221751948	36.145	2.26e-07	60.1
Anolis_carolinensis_C9A	JANUYF010000004.1	591	47	541	587	221749457	221749317	48.936	3.36e-06	56.2
Pogona_vitticeps_C9A	JANUYF010000002.1	576	158	214	371	34100958	34100509	48.101	2.62e-35	147
Pogona_vitticeps_C9A	JANUYF010000002.1	576	79	439	517	34089700	34089464	77.215	2.14e-30	132
Pogona_vitticeps_C9A	JANUYF010000002.1	576	66	381	446	34092126	34091929	66.667	1.72e-17	92.4
Pogona_vitticeps_C9A	JANUYF010000002.1	576	56	520	575	34087080	34086913	67.857	1.49e-14	83.2
Pogona_vitticeps_C9A	JANUYF010000002.1	576	50	106	155	34110079	34109930	76.000	2.35e-14	82.4
Pogona_vitticeps_C9A	JANUYF010000002.1	576	52	56	107	34112254	34112099	63.462	8.03e-14	80.9
Pogona_vitticeps_C9A	JANUYF010000002.1	576	49	156	204	34106119	34105973	69.388	2.18e-13	79.3
Pogona_vitticeps_C9A	JANUYF010000002.1	576	49	524	571	35098758	35098612	63.265	2.50e-09	66.2
Pogona_vitticeps_C9A	JANUYF010000002.1	576	42	521	561	35141639	35141514	64.286	8.41e-08	61.2
Pogona_vitticeps_C9A	JANUYF010000002.1	576	79	262	340	35151909	35151673	37.975	9.47e-08	61.2
Pogona_vitticeps_C9A	JANUYF010000002.1	576	83	258	340	35107177	35106929	32.530	1.53e-07	60.5
Pogona_vitticeps_C9A	JANUYF010000002.1	576	68	443	510	35061086	35061286	42.647	2.15e-07	60.1
Pogona_vitticeps_C9A	JANUYF010000002.1	576	40	24	63	34114160	34114041	65.000	1.25e-06	57.4
Pogona_vitticeps_C9A	JANUYF010000002.1	576	48	526	573	35063114	35063257	54.167	1.81e-06	57.0
Pogona_vitticeps_C9A	JANUYF010000004.1	576	109	232	340	221695705	221696004	33.028	2.59e-10	69.3
Pogona_vitticeps_C9A	JANUYF010000004.1	576	48	520	567	221718298	221718441	60.417	1.09e-08	64.3
Pogona_vitticeps_C9A	JANUYF010000004.1	576	84	257	340	221781854	221781603	34.524	3.90e-08	62.4
Pogona_vitticeps_C9A	JANUYF010000004.1	576	47	525	571	221749457	221749317	55.319	1.02e-07	60.8
Pogona_vitticeps_C9A	JANUYF010000004.1	576	85	435	519	221752187	221751933	35.294	4.25e-07	58.9
Pogona_vitticeps_C9A	JANUYF010000005.1	576	211	282	485	137615563	137616150	27.962	7.62e-10	67.8
Pogona_vitticeps_C9A	JANUYF010000005.1	576	224	287	501	139813652	139813050	26.339	8.05e-09	64.7
Gekko_japonicus_C9A	JANUYF010000002.1	582	82	291	372	34100844	34100599	63.415	2.86e-24	114
Gekko_japonicus_C9A	JANUYF010000002.1	582	69	456	524	34089688	34089482	68.116	7.40e-23	109
Gekko_japonicus_C9A	JANUYF010000002.1	582	98	173	270	34106119	34105850	36.735	6.97e-11	71.2
Gekko_japonicus_C9A	JANUYF010000002.1	582	54	529	582	34087083	34086922	53.704	4.67e-09	65.5
Gekko_japonicus_C9A	JANUYF010000002.1	582	54	69	122	34112254	34112102	57.407	8.49e-09	64.7
Gekko_japonicus_C9A	JANUYF010000002.1	582	51	122	172	34110079	34109930	60.784	2.19e-08	63.2
Gekko_japonicus_C9A	JANUYF010000002.1	582	46	536	581	35063114	35063251	56.522	2.88e-08	62.8
Gekko_japonicus_C9A	JANUYF010000002.1	582	83	291	373	35107177	35106929	31.325	6.25e-08	61.6
Gekko_japonicus_C9A	JANUYF010000002.1	582	67	457	523	35061089	35061286	43.284	8.56e-08	61.2
Gekko_japonicus_C9A	JANUYF010000002.1	582	79	295	373	35151909	35151673	34.177	1.39e-07	60.5
Gekko_japonicus_C9A	JANUYF010000002.1	582	60	392	451	34092132	34091953	35.000	5.47e-06	55.5
Gekko_japonicus_C9A	JANUYF010000002.1	582	71	466	534	35143247	35143035	36.620	6.54e-06	55.1
Gekko_japonicus_C9A	JANUYF010000004.1	582	74	302	375	221781818	221781597	33.784	2.71e-07	59.7
Gekko_japonicus_C9A	JANUYF010000004.1	582	48	534	581	221749460	221749317	50.000	1.73e-06	57.0
Gekko_japonicus_C9A	JANUYF010000004.1	582	67	456	522	221752157	221751963	34.328	8.65e-06	54.7
Crotalus_tigris_C9A	JANUYF010000002.1	583	78	454	531	34089700	34089467	65.385	1.84e-26	120
Crotalus_tigris_C9A	JANUYF010000002.1	583	76	276	351	34100835	34100608	67.105	6.94e-25	115
Crotalus_tigris_C9A	JANUYF010000002.1	583	50	107	156	34110079	34109930	66.000	5.06e-11	71.6
Crotalus_tigris_C9A	JANUYF010000002.1	583	61	401	461	34092111	34091929	50.820	1.94e-10	69.7
Crotalus_tigris_C9A	JANUYF010000002.1	583	47	157	203	34106119	34105979	57.447	8.64e-10	67.8
Crotalus_tigris_C9A	JANUYF010000002.1	583	54	530	583	34087086	34086925	48.148	6.65e-08	61.6
Crotalus_tigris_C9A	JANUYF010000002.1	583	54	54	107	34112260	34112102	48.148	1.48e-06	57.4
Crotalus_tigris_C9A	JANUYF010000002.1	583	69	457	525	35061083	35061286	39.130	5.08e-06	55.5
Crotalus_tigris_C9A	JANUYF010000005.1	583	227	294	514	137615554	137616189	26.432	2.62e-09	66.2
Crotalus_tigris_C9A	JANUYF010000005.1	583	188	299	482	139813661	139813131	25.000	2.76e-08	62.8
Crotalus_tigris_C9A	JANUYF010000004.1	583	45	539	583	221749451	221749317	57.778	8.44e-08	61.2
Crotalus_tigris_C9A	JANUYF010000004.1	583	74	277	350	221781839	221781618	35.135	7.80e-07	58.2
Crotalus_tigris_C9A	JANUYF010000004.1	583	78	450	524	221752187	221751963	39.744	1.78e-06	57.0
Thamnophis_elegans_C9A	JANUYF010000002.1	583	72	460	531	34089682	34089467	73.611	3.69e-26	120
Thamnophis_elegans_C9A	JANUYF010000002.1	583	98	261	358	34100868	34100587	57.143	6.23e-26	119
Thamnophis_elegans_C9A	JANUYF010000002.1	583	54	530	583	34087086	34086925	59.259	6.34e-13	77.8
Thamnophis_elegans_C9A	JANUYF010000002.1	583	66	396	461	34092126	34091929	53.030	1.40e-12	76.6
Thamnophis_elegans_C9A	JANUYF010000002.1	583	47	157	203	34106119	34105979	59.574	8.52e-11	70.9
Thamnophis_elegans_C9A	JANUYF010000002.1	583	50	107	156	34110079	34109930	62.000	7.93e-10	67.8
Thamnophis_elegans_C9A	JANUYF010000002.1	583	54	54	107	34112260	34112102	51.852	8.96e-09	64.3
Thamnophis_elegans_C9A	JANUYF010000002.1	583	49	536	583	35098758	35098612	55.102	9.04e-08	61.2
Thamnophis_elegans_C9A	JANUYF010000002.1	583	41	534	573	35141636	35141514	60.976	1.76e-07	60.5
Thamnophis_elegans_C9A	JANUYF010000002.1	583	70	274	343	35151918	35151709	37.143	5.53e-06	55.5
Thamnophis_elegans_C9A	JANUYF010000004.1	583	50	530	579	221718292	221718441	52.000	1.70e-07	60.5
Thamnophis_elegans_C9A	JANUYF010000004.1	583	46	538	583	221749454	221749317	47.826	7.38e-06	55.1
Thamnophis_elegans_C9A	JANUYF010000005.1	583	223	297	514	137615563	137616189	25.561	3.53e-07	59.3
Naja_naja_C9A	JANUYF010000002.1	582	78	276	353	34100835	34100602	66.667	3.33e-25	117
Naja_naja_C9A	JANUYF010000002.1	582	73	458	530	34089685	34089467	67.123	5.66e-25	116
Naja_naja_C9A	JANUYF010000002.1	582	50	107	156	34110079	34109930	68.000	8.13e-11	71.2
Naja_naja_C9A	JANUYF010000002.1	582	70	391	460	34092117	34091929	47.143	5.71e-10	68.2
Naja_naja_C9A	JANUYF010000002.1	582	47	157	203	34106119	34105979	59.574	9.79e-10	67.8
Naja_naja_C9A	JANUYF010000002.1	582	54	529	582	34087086	34086925	50.000	6.80e-09	64.7
Naja_naja_C9A	JANUYF010000002.1	582	54	54	107	34112260	34112102	51.852	2.95e-08	62.8
Naja_naja_C9A	JANUYF010000002.1	582	69	456	524	35061083	35061286	39.130	6.08e-07	58.5
Naja_naja_C9A	JANUYF010000002.1	582	43	536	578	35063111	35063239	58.140	5.61e-06	55.5
Naja_naja_C9A	JANUYF010000002.1	582	114	277	390	35151909	35151577	28.947	8.15e-06	54.7
Naja_naja_C9A	JANUYF010000002.1	582	85	194	273	34103389	34103135	36.471	8.22e-06	54.7
Naja_naja_C9A	JANUYF010000005.1	582	220	299	513	139813661	139813056	23.182	5.16e-10	68.6
Naja_naja_C9A	JANUYF010000005.1	582	226	294	513	137615554	137616189	25.221	3.87e-07	59.3
Naja_naja_C9A	JANUYF010000004.1	582	45	538	582	221749451	221749317	57.778	8.28e-08	61.2
Naja_naja_C9A	JANUYF010000004.1	582	74	277	350	221781839	221781618	36.486	2.56e-06	56.6
Naja_naja_C9A	JANUYF010000004.1	582	50	529	578	221718292	221718441	50.000	2.61e-06	56.6
Naja_naja_C9A	JANUYF010000004.1	582	70	277	346	221695768	221695977	37.143	2.74e-06	56.2
Naja_naja_C9A	JANUYF010000004.1	582	72	455	523	221752172	221751963	38.889	4.20e-06	55.8
Pseudonaja_textilis_C9A	JANUYF010000002.1	583	73	459	531	34089685	34089467	69.863	5.85e-26	119
Pseudonaja_textilis_C9A	JANUYF010000002.1	583	78	276	353	34100835	34100602	64.103	2.10e-24	114
Pseudonaja_textilis_C9A	JANUYF010000002.1	583	61	401	461	34092111	34091929	49.180	2.09e-10	69.7
Pseudonaja_textilis_C9A	JANUYF010000002.1	583	50	107	156	34110079	34109930	64.000	3.94e-10	68.9
Pseudonaja_textilis_C9A	JANUYF010000002.1	583	47	157	203	34106119	34105979	59.574	9.49e-10	67.8
Pseudonaja_textilis_C9A	JANUYF010000002.1	583	54	530	583	34087086	34086925	50.000	1.19e-08	63.9
Pseudonaja_textilis_C9A	JANUYF010000002.1	583	54	54	107	34112260	34112102	48.148	2.12e-07	60.1
Pseudonaja_textilis_C9A	JANUYF010000002.1	583	69	457	525	35061083	35061286	39.130	1.02e-06	57.8
Pseudonaja_textilis_C9A	JANUYF010000002.1	583	47	537	583	35063111	35063251	55.319	2.87e-06	56.2
Pseudonaja_textilis_C9A	JANUYF010000002.1	583	85	194	273	34103389	34103135	36.471	6.39e-06	55.1
Pseudonaja_textilis_C9A	JANUYF010000002.1	583	57	1	57	34114202	34114059	45.614	7.26e-06	55.1
Pseudonaja_textilis_C9A	JANUYF010000005.1	583	221	299	514	139813661	139813056	23.982	2.32e-10	69.7
Pseudonaja_textilis_C9A	JANUYF010000005.1	583	226	294	514	137615554	137616189	24.779	1.71e-08	63.5
Pseudonaja_textilis_C9A	JANUYF010000004.1	583	45	539	583	221749451	221749317	57.778	6.48e-08	61.6
Pseudonaja_textilis_C9A	JANUYF010000004.1	583	74	277	350	221781839	221781618	35.135	1.81e-06	57.0
Pseudonaja_textilis_C9A	JANUYF010000004.1	583	50	530	579	221718292	221718441	50.000	3.52e-06	56.2
Python_bivittatus_C9A	JANUYF010000002.1	582	84	454	537	34089700	34089449	66.667	1.66e-28	127
Python_bivittatus_C9A	JANUYF010000002.1	582	79	276	354	34100835	34100599	64.557	1.32e-24	115
Python_bivittatus_C9A	JANUYF010000002.1	582	62	396	457	34092126	34091941	56.452	1.49e-11	73.6
Python_bivittatus_C9A	JANUYF010000002.1	582	47	157	203	34106119	34105979	61.702	1.41e-10	70.5
Python_bivittatus_C9A	JANUYF010000002.1	582	54	529	582	34087086	34086925	55.556	8.61e-10	67.8
Python_bivittatus_C9A	JANUYF010000002.1	582	50	107	156	34110079	34109930	60.000	5.73e-09	65.1
Python_bivittatus_C9A	JANUYF010000002.1	582	84	194	272	34103389	34103138	39.286	1.31e-08	63.9
Python_bivittatus_C9A	JANUYF010000002.1	582	69	457	525	35061083	35061286	43.478	1.61e-07	60.5
Python_bivittatus_C9A	JANUYF010000002.1	582	54	54	107	34112260	34112102	51.852	2.04e-07	60.1
Python_bivittatus_C9A	JANUYF010000002.1	582	40	18	57	34114178	34114059	60.000	2.08e-07	60.1
Python_bivittatus_C9A	JANUYF010000002.1	582	49	535	582	35098758	35098612	55.102	6.13e-07	58.5
Python_bivittatus_C9A	JANUYF010000002.1	582	43	536	578	35063111	35063239	60.465	2.37e-06	56.6
Python_bivittatus_C9A	JANUYF010000002.1	582	115	277	390	35151909	35151580	29.565	7.95e-06	55.1
Python_bivittatus_C9A	JANUYF010000005.1	582	223	297	514	137615563	137616189	26.009	6.96e-10	68.2
Python_bivittatus_C9A	JANUYF010000005.1	582	225	299	514	139813661	139813056	26.667	5.84e-08	62.0
Python_bivittatus_C9A	JANUYF010000004.1	582	45	538	582	221749451	221749317	57.778	4.29e-08	62.4
Python_bivittatus_C9A	JANUYF010000004.1	582	72	456	524	221752172	221751963	41.667	6.52e-08	61.6
Python_bivittatus_C9A	JANUYF010000004.1	582	50	529	578	221718292	221718441	56.000	1.13e-07	60.8
Python_bivittatus_C9A	JANUYF010000004.1	582	79	277	355	221781839	221781603	32.911	1.36e-06	57.4
Python_bivittatus_C9A	JANUYF010000004.1	582	82	277	358	221695768	221696013	31.707	3.37e-06	56.2
Notechis_scutatus_C9A	JANUYF010000002.1	583	70	459	528	34089685	34089476	72.857	1.49e-25	118
Notechis_scutatus_C9A	JANUYF010000002.1	583	78	276	353	34100835	34100602	64.103	2.21e-24	114
Notechis_scutatus_C9A	JANUYF010000002.1	583	71	391	461	34092132	34091929	49.296	3.32e-11	72.4
Notechis_scutatus_C9A	JANUYF010000002.1	583	50	107	156	34110079	34109930	66.000	1.50e-10	70.1
Notechis_scutatus_C9A	JANUYF010000002.1	583	47	157	203	34106119	34105979	59.574	9.82e-10	67.8
Notechis_scutatus_C9A	JANUYF010000002.1	583	48	536	583	34087068	34086925	52.083	1.73e-07	60.5
Notechis_scutatus_C9A	JANUYF010000002.1	583	54	54	107	34112260	34112102	48.148	1.87e-07	60.1
Notechis_scutatus_C9A	JANUYF010000002.1	583	69	457	525	35061083	35061286	39.130	1.84e-06	57.0
Notechis_scutatus_C9A	JANUYF010000002.1	583	47	537	583	35063111	35063251	55.319	2.85e-06	56.2
Notechis_scutatus_C9A	JANUYF010000002.1	583	57	1	57	34114202	34114059	47.368	3.71e-06	55.8
Notechis_scutatus_C9A	JANUYF010000002.1	583	85	194	273	34103389	34103135	36.471	8.46e-06	54.7
Notechis_scutatus_C9A	JANUYF010000005.1	583	221	299	514	139813661	139813056	24.434	2.24e-10	69.7
Notechis_scutatus_C9A	JANUYF010000005.1	583	226	294	514	137615554	137616189	24.779	1.95e-08	63.5
Notechis_scutatus_C9A	JANUYF010000004.1	583	45	539	583	221749451	221749317	57.778	6.54e-08	61.6
Notechis_scutatus_C9A	JANUYF010000004.1	583	74	277	350	221781839	221781618	35.135	1.71e-06	57.0
Hydrophis_cyanocinctus_C9A	JANUYF010000002.1	583	70	459	528	34089685	34089476	71.429	6.82e-25	115
Hydrophis_cyanocinctus_C9A	JANUYF010000002.1	583	78	276	353	34100835	34100602	65.385	9.46e-25	115
Hydrophis_cyanocinctus_C9A	JANUYF010000002.1	583	71	391	461	34092132	34091929	49.296	1.63e-11	73.2
Hydrophis_cyanocinctus_C9A	JANUYF010000002.1	583	50	107	156	34110079	34109930	66.000	1.56e-10	70.1
Hydrophis_cyanocinctus_C9A	JANUYF010000002.1	583	47	157	203	34106119	34105979	61.702	4.11e-10	68.9
Hydrophis_cyanocinctus_C9A	JANUYF010000002.1	583	48	536	583	34087068	34086925	52.083	1.77e-07	60.1
Hydrophis_cyanocinctus_C9A	JANUYF010000002.1	583	54	54	107	34112260	34112102	48.148	1.87e-07	60.1
Hydrophis_cyanocinctus_C9A	JANUYF010000002.1	583	69	457	525	35061083	35061286	39.130	1.83e-06	57.0
Hydrophis_cyanocinctus_C9A	JANUYF010000002.1	583	47	537	583	35063111	35063251	55.319	2.94e-06	56.2
Hydrophis_cyanocinctus_C9A	JANUYF010000002.1	583	57	1	57	34114202	34114059	45.614	7.90e-06	55.1
Hydrophis_cyanocinctus_C9A	JANUYF010000005.1	583	221	299	514	139813661	139813056	25.339	9.20e-11	70.9
Hydrophis_cyanocinctus_C9A	JANUYF010000005.1	583	226	294	514	137615554	137616189	25.221	6.94e-09	64.7
Hydrophis_cyanocinctus_C9A	JANUYF010000004.1	583	45	539	583	221749451	221749317	57.778	6.32e-08	61.6
Hydrophis_cyanocinctus_C9A	JANUYF010000004.1	583	78	273	350	221781851	221781618	34.615	1.42e-06	57.4
Laticauda_colubrina_C9A	JANUYF010000002.1	583	70	459	528	34089685	34089476	72.857	1.47e-25	118
Laticauda_colubrina_C9A	JANUYF010000002.1	583	78	276	353	34100835	34100602	65.385	9.05e-25	115
Laticauda_colubrina_C9A	JANUYF010000002.1	583	70	392	461	34092117	34091929	51.429	1.39e-11	73.6
Laticauda_colubrina_C9A	JANUYF010000002.1	583	50	107	156	34110079	34109930	64.000	3.58e-10	68.9
Laticauda_colubrina_C9A	JANUYF010000002.1	583	47	157	203	34106119	34105979	59.574	1.07e-09	67.4
Laticauda_colubrina_C9A	JANUYF010000002.1	583	48	536	583	34087068	34086925	50.000	5.27e-07	58.5
Laticauda_colubrina_C9A	JANUYF010000002.1	583	54	54	107	34112260	34112102	48.148	8.64e-07	58.2
Laticauda_colubrina_C9A	JANUYF010000002.1	583	69	457	525	35061083	35061286	39.130	1.03e-06	57.8
Laticauda_colubrina_C9A	JANUYF010000002.1	583	47	537	583	35063111	35063251	55.319	2.90e-06	56.2
Laticauda_colubrina_C9A	JANUYF010000002.1	583	85	194	273	34103389	34103135	36.471	4.99e-06	55.5
Laticauda_colubrina_C9A	JANUYF010000002.1	583	57	1	57	34114202	34114059	45.614	9.69e-06	54.7
Laticauda_colubrina_C9A	JANUYF010000005.1	583	221	299	514	139813661	139813056	24.434	9.10e-10	67.8
Laticauda_colubrina_C9A	JANUYF010000005.1	583	226	294	514	137615554	137616189	24.336	1.96e-07	60.1
Laticauda_colubrina_C9A	JANUYF010000004.1	583	45	539	583	221749451	221749317	57.778	8.23e-08	61.2
Laticauda_colubrina_C9A	JANUYF010000004.1	583	74	277	350	221781839	221781618	35.135	1.80e-06	57.0
Laticauda_colubrina_C9A	JANUYF010000004.1	583	87	456	537	221752172	221751918	35.632	6.17e-06	55.1
Protobothrops_mucrosquamatus_C9A	JANUYF010000002.1	583	73	459	531	34089685	34089467	72.603	1.11e-27	124
Protobothrops_mucrosquamatus_C9A	JANUYF010000002.1	583	79	276	354	34100835	34100599	69.620	4.36e-27	122
Protobothrops_mucrosquamatus_C9A	JANUYF010000002.1	583	54	530	583	34087086	34086925	61.111	7.49e-12	74.3
Protobothrops_mucrosquamatus_C9A	JANUYF010000002.1	583	66	396	461	34092126	34091929	50.000	9.77e-12	73.9
Protobothrops_mucrosquamatus_C9A	JANUYF010000002.1	583	47	157	203	34106119	34105979	57.447	7.76e-11	71.2
Protobothrops_mucrosquamatus_C9A	JANUYF010000002.1	583	50	107	156	34110079	34109930	58.000	1.05e-08	64.3
Protobothrops_mucrosquamatus_C9A	JANUYF010000002.1	583	69	457	525	35061083	35061286	43.478	7.50e-08	61.6
Protobothrops_mucrosquamatus_C9A	JANUYF010000002.1	583	43	537	579	35063111	35063239	62.791	8.59e-08	61.2
Protobothrops_mucrosquamatus_C9A	JANUYF010000002.1	583	118	274	390	35151918	35151580	32.203	1.21e-07	60.8
Protobothrops_mucrosquamatus_C9A	JANUYF010000002.1	583	60	525	583	35098791	35098612	51.667	3.30e-07	59.3
Protobothrops_mucrosquamatus_C9A	JANUYF010000002.1	583	75	203	272	34103362	34103138	38.667	5.27e-07	58.5
Protobothrops_mucrosquamatus_C9A	JANUYF010000002.1	583	41	534	573	35141636	35141514	60.976	6.61e-06	55.1
Protobothrops_mucrosquamatus_C9A	JANUYF010000005.1	583	223	297	514	137615563	137616189	26.906	1.90e-09	66.6
Protobothrops_mucrosquamatus_C9A	JANUYF010000005.1	583	221	299	514	139813661	139813056	24.434	9.66e-07	57.8
Protobothrops_mucrosquamatus_C9A	JANUYF010000004.1	583	50	530	579	221718292	221718441	58.000	4.94e-08	62.0
Protobothrops_mucrosquamatus_C9A	JANUYF010000004.1	583	46	538	583	221749454	221749317	52.174	2.76e-07	59.7
Protobothrops_mucrosquamatus_C9A	JANUYF010000004.1	583	79	277	355	221781839	221781603	31.646	8.87e-07	58.2
Protobothrops_mucrosquamatus_C9A	JANUYF010000004.1	583	72	456	524	221752172	221751963	38.889	9.57e-07	57.8
Protobothrops_mucrosquamatus_C9A	JANUYF010000004.1	583	79	277	355	221695768	221696004	30.380	2.77e-06	56.2
Chrysopelea_ornata_C9A	JANUYF010000002.1	584	73	460	532	34089685	34089467	73.973	1.06e-27	124
Chrysopelea_ornata_C9A	JANUYF010000002.1	584	79	276	354	34100835	34100599	65.823	2.34e-25	117
Chrysopelea_ornata_C9A	JANUYF010000002.1	584	62	397	458	34092126	34091941	59.677	1.08e-13	80.5
Chrysopelea_ornata_C9A	JANUYF010000002.1	584	47	157	203	34106119	34105979	63.830	2.03e-11	73.2
Chrysopelea_ornata_C9A	JANUYF010000002.1	584	54	531	584	34087086	34086925	53.704	3.11e-10	69.3
Chrysopelea_ornata_C9A	JANUYF010000002.1	584	50	107	156	34110079	34109930	62.000	5.10e-10	68.6
Chrysopelea_ornata_C9A	JANUYF010000002.1	584	69	458	526	35061083	35061286	43.478	7.65e-08	61.6
Chrysopelea_ornata_C9A	JANUYF010000002.1	584	84	194	272	34103389	34103138	39.286	8.92e-08	61.2
Chrysopelea_ornata_C9A	JANUYF010000002.1	584	60	526	584	35098791	35098612	48.333	4.42e-07	58.9
Chrysopelea_ornata_C9A	JANUYF010000002.1	584	119	274	391	35151918	35151580	29.412	6.66e-07	58.5
Chrysopelea_ornata_C9A	JANUYF010000002.1	584	47	538	584	35063111	35063251	53.191	7.16e-06	55.1
Chrysopelea_ornata_C9A	JANUYF010000004.1	584	50	531	580	221718292	221718441	56.000	1.30e-07	60.8
Chrysopelea_ornata_C9A	JANUYF010000004.1	584	81	277	357	221781839	221781597	33.333	1.42e-07	60.5
Chrysopelea_ornata_C9A	JANUYF010000005.1	584	224	297	515	137615563	137616189	25.446	1.55e-07	60.5
Chrysopelea_ornata_C9A	JANUYF010000005.1	584	222	299	515	139813661	139813056	23.874	2.03e-06	57.0
Pituophis_catenifer_C9A	JANUYF010000002.1	583	73	459	531	34089685	34089467	72.603	1.30e-27	124
Pituophis_catenifer_C9A	JANUYF010000002.1	583	77	277	353	34100832	34100602	67.532	2.42e-25	117
Pituophis_catenifer_C9A	JANUYF010000002.1	583	61	401	461	34092111	34091929	59.016	1.68e-13	79.7
Pituophis_catenifer_C9A	JANUYF010000002.1	583	54	530	583	34087086	34086925	57.407	4.26e-11	72.0
Pituophis_catenifer_C9A	JANUYF010000002.1	583	47	157	203	34106119	34105979	55.319	9.33e-10	67.8
Pituophis_catenifer_C9A	JANUYF010000002.1	583	50	107	156	34110079	34109930	62.000	1.14e-09	67.4
Pituophis_catenifer_C9A	JANUYF010000002.1	583	85	194	273	34103389	34103135	37.647	7.75e-08	61.6
Pituophis_catenifer_C9A	JANUYF010000002.1	583	54	54	107	34112260	34112102	50.000	8.02e-08	61.2
Pituophis_catenifer_C9A	JANUYF010000002.1	583	60	525	583	35098791	35098612	48.333	3.75e-07	59.3
Pituophis_catenifer_C9A	JANUYF010000002.1	583	47	537	583	35063111	35063251	55.319	1.54e-06	57.4
Pituophis_catenifer_C9A	JANUYF010000002.1	583	42	533	573	35141639	35141514	57.143	4.28e-06	55.8
Pituophis_catenifer_C9A	JANUYF010000002.1	583	69	457	525	35061083	35061286	40.580	8.60e-06	54.7
Pituophis_catenifer_C9A	JANUYF010000005.1	583	228	294	516	137615554	137616195	27.193	4.97e-11	71.6
Pituophis_catenifer_C9A	JANUYF010000005.1	583	188	299	486	139813661	139813143	24.468	6.28e-06	55.1
Pituophis_catenifer_C9A	JANUYF010000004.1	583	51	530	580	221718292	221718444	54.902	1.83e-07	60.1
Pituophis_catenifer_C9A	JANUYF010000004.1	583	78	450	524	221752187	221751963	38.462	8.43e-07	58.2
Pituophis_catenifer_C9A	JANUYF010000004.1	583	74	277	350	221781839	221781618	36.486	9.33e-07	57.8
Pituophis_catenifer_C9A	JANUYF010000004.1	583	46	538	583	221749454	221749317	50.000	1.13e-06	57.8
Pituophis_catenifer_C9A	JANUYF010000004.1	583	74	273	346	221695756	221695977	35.135	6.23e-06	55.1
Pantherophis_obsoletus_C9A	JANUYF010000002.1	583	73	459	531	34089685	34089467	72.603	1.27e-27	124
Pantherophis_obsoletus_C9A	JANUYF010000002.1	583	83	276	358	34100835	34100587	65.060	1.55e-27	124
Pantherophis_obsoletus_C9A	JANUYF010000002.1	583	66	396	461	34092126	34091929	56.061	2.01e-13	79.7
Pantherophis_obsoletus_C9A	JANUYF010000002.1	583	54	530	583	34087086	34086925	57.407	1.56e-11	73.6
Pantherophis_obsoletus_C9A	JANUYF010000002.1	583	47	157	203	34106119	34105979	55.319	4.29e-10	68.9
Pantherophis_obsoletus_C9A	JANUYF010000002.1	583	50	107	156	34110079	34109930	62.000	1.86e-09	66.6
Pantherophis_obsoletus_C9A	JANUYF010000002.1	583	54	54	107	34112260	34112102	51.852	1.23e-08	63.9
Pantherophis_obsoletus_C9A	JANUYF010000002.1	583	60	525	583	35098791	35098612	48.333	2.67e-07	59.7
Pantherophis_obsoletus_C9A	JANUYF010000002.1	583	75	203	272	34103362	34103138	41.333	9.90e-07	57.8
Pantherophis_obsoletus_C9A	JANUYF010000002.1	583	47	537	583	35063111	35063251	55.319	1.61e-06	57.0
Pantherophis_obsoletus_C9A	JANUYF010000002.1	583	82	274	355	35151918	35151673	31.707	1.65e-06	57.0
Pantherophis_obsoletus_C9A	JANUYF010000002.1	583	57	1	57	34114202	34114059	45.614	6.33e-06	55.1
Pantherophis_obsoletus_C9A	JANUYF010000002.1	583	69	457	525	35061083	35061286	40.580	8.53e-06	54.7
Pantherophis_obsoletus_C9A	JANUYF010000005.1	583	225	297	516	137615563	137616195	28.000	3.21e-11	72.4
Pantherophis_obsoletus_C9A	JANUYF010000005.1	583	188	299	486	139813661	139813143	24.468	7.90e-06	55.1
Pantherophis_obsoletus_C9A	JANUYF010000004.1	583	51	530	580	221718292	221718444	54.902	1.61e-07	60.5
Pantherophis_obsoletus_C9A	JANUYF010000004.1	583	79	277	355	221781839	221781603	34.177	2.81e-07	59.7
Pantherophis_obsoletus_C9A	JANUYF010000004.1	583	78	450	524	221752187	221751963	38.462	8.07e-07	58.2
Pantherophis_obsoletus_C9A	JANUYF010000004.1	583	46	538	583	221749454	221749317	50.000	1.08e-06	57.8
Pantherophis_obsoletus_C9A	JANUYF010000004.1	583	79	277	355	221695768	221696004	31.646	1.86e-06	57.0
Bothrops_jararaca_C9A	JANUYF010000002.1	583	73	459	531	34089685	34089467	72.603	4.10e-27	122
Bothrops_jararaca_C9A	JANUYF010000002.1	583	79	276	354	34100835	34100599	70.886	8.35e-27	122
Bothrops_jararaca_C9A	JANUYF010000002.1	583	66	396	461	34092126	34091929	51.515	7.86e-13	77.8
Bothrops_jararaca_C9A	JANUYF010000002.1	583	54	530	583	34087086	34086925	59.259	2.55e-11	72.8
Bothrops_jararaca_C9A	JANUYF010000002.1	583	47	157	203	34106119	34105979	57.447	6.82e-11	71.2
Bothrops_jararaca_C9A	JANUYF010000002.1	583	50	107	156	34110079	34109930	64.000	7.67e-10	67.8
Bothrops_jararaca_C9A	JANUYF010000002.1	583	118	274	390	35151918	35151580	31.356	2.81e-07	59.7
Bothrops_jararaca_C9A	JANUYF010000002.1	583	43	537	579	35063111	35063239	60.465	6.53e-07	58.5
Bothrops_jararaca_C9A	JANUYF010000002.1	583	75	203	272	34103362	34103138	40.000	9.99e-07	57.8
Bothrops_jararaca_C9A	JANUYF010000002.1	583	54	54	107	34112260	34112102	46.296	1.03e-06	57.8
Bothrops_jararaca_C9A	JANUYF010000002.1	583	69	457	525	35061083	35061286	40.580	1.42e-06	57.4
Bothrops_jararaca_C9A	JANUYF010000002.1	583	60	525	583	35098791	35098612	48.333	2.42e-06	56.6
Bothrops_jararaca_C9A	JANUYF010000005.1	583	223	297	514	137615563	137616189	27.803	8.14e-10	67.8
Bothrops_jararaca_C9A	JANUYF010000005.1	583	222	299	514	139813661	139813056	26.126	2.63e-08	62.8
Bothrops_jararaca_C9A	JANUYF010000004.1	583	50	530	579	221718292	221718441	58.000	6.32e-08	61.6
Bothrops_jararaca_C9A	JANUYF010000004.1	583	46	538	583	221749454	221749317	50.000	4.93e-07	58.9
Bothrops_jararaca_C9A	JANUYF010000004.1	583	72	456	524	221752172	221751963	38.889	6.42e-07	58.5
Bothrops_jararaca_C9A	JANUYF010000004.1	583	67	289	355	221781803	221781603	37.313	1.47e-06	57.4
Bothrops_jararaca_C9A	JANUYF010000004.1	583	79	277	355	221695768	221696004	30.380	7.08e-06	55.1
Ptyas_mucosa_C9A	JANUYF010000002.1	583	73	459	531	34089685	34089467	72.603	2.16e-27	124
Ptyas_mucosa_C9A	JANUYF010000002.1	583	83	276	358	34100835	34100587	65.060	1.81e-26	120
Ptyas_mucosa_C9A	JANUYF010000002.1	583	62	396	457	34092126	34091941	58.065	9.49e-13	77.4
Ptyas_mucosa_C9A	JANUYF010000002.1	583	50	107	156	34110079	34109930	64.000	2.34e-10	69.7
Ptyas_mucosa_C9A	JANUYF010000002.1	583	54	530	583	34087086	34086925	53.704	5.45e-10	68.6
Ptyas_mucosa_C9A	JANUYF010000002.1	583	47	157	203	34106119	34105979	53.191	3.92e-09	65.5
Ptyas_mucosa_C9A	JANUYF010000002.1	583	54	54	107	34112260	34112102	51.852	7.37e-09	64.7
Ptyas_mucosa_C9A	JANUYF010000002.1	583	47	537	583	35063111	35063251	57.447	8.81e-08	61.2
Ptyas_mucosa_C9A	JANUYF010000002.1	583	88	190	272	34103401	34103138	36.364	1.01e-07	61.2
Ptyas_mucosa_C9A	JANUYF010000002.1	583	117	274	390	35151918	35151580	30.769	1.52e-07	60.5
Ptyas_mucosa_C9A	JANUYF010000002.1	583	78	457	534	35061083	35061307	42.308	2.35e-07	59.7
Ptyas_mucosa_C9A	JANUYF010000002.1	583	60	525	583	35098791	35098612	48.333	7.54e-07	58.2
Ptyas_mucosa_C9A	JANUYF010000002.1	583	57	1	57	34114202	34114059	45.614	5.30e-06	55.5
Ptyas_mucosa_C9A	JANUYF010000005.1	583	230	297	514	137615563	137616189	28.261	6.11e-09	65.1
Ptyas_mucosa_C9A	JANUYF010000005.1	583	222	299	514	139813661	139813056	25.225	3.93e-06	55.8
Ptyas_mucosa_C9A	JANUYF010000004.1	583	79	277	355	221695768	221696004	32.911	4.05e-07	58.9
Ptyas_mucosa_C9A	JANUYF010000004.1	583	82	274	355	221781848	221781603	34.146	6.20e-07	58.5
Ptyas_mucosa_C9A	JANUYF010000004.1	583	50	530	579	221718295	221718441	58.000	6.36e-07	58.5
Ptyas_mucosa_C9A	JANUYF010000004.1	583	78	450	524	221752187	221751963	37.179	7.02e-06	55.1
Vipera_berus_C9A	JANUYF010000002.1	583	73	459	531	34089685	34089467	72.603	1.65e-27	124
Vipera_berus_C9A	JANUYF010000002.1	583	79	276	354	34100835	34100599	68.354	7.84e-26	119
Vipera_berus_C9A	JANUYF010000002.1	583	66	396	461	34092126	34091929	51.515	5.72e-13	78.2
Vipera_berus_C9A	JANUYF010000002.1	583	47	157	203	34106119	34105979	59.574	4.64e-11	72.0
Vipera_berus_C9A	JANUYF010000002.1	583	54	530	583	34087086	34086925	57.407	2.11e-10	69.7
Vipera_berus_C9A	JANUYF010000002.1	583	50	107	156	34110079	34109930	62.000	4.36e-10	68.6
Vipera_berus_C9A	JANUYF010000002.1	583	118	274	390	35151918	35151580	32.203	2.35e-08	63.2
Vipera_berus_C9A	JANUYF010000002.1	583	75	203	272	34103362	34103138	41.333	4.61e-08	62.0
Vipera_berus_C9A	JANUYF010000002.1	583	69	457	525	35061083	35061286	40.580	4.05e-07	58.9
Vipera_berus_C9A	JANUYF010000002.1	583	43	537	579	35063111	35063239	55.814	2.61e-06	56.6
Vipera_berus_C9A	JANUYF010000002.1	583	54	54	107	34112260	34112102	48.148	2.73e-06	56.2
Vipera_berus_C9A	JANUYF010000002.1	583	36	22	57	34114166	34114059	58.333	4.28e-06	55.8
Vipera_berus_C9A	JANUYF010000002.1	583	60	525	583	35098791	35098612	48.333	4.32e-06	55.8
Vipera_berus_C9A	JANUYF010000005.1	583	224	297	514	137615563	137616189	27.679	3.07e-10	69.3
Vipera_berus_C9A	JANUYF010000005.1	583	225	299	514	139813661	139813056	25.778	8.07e-07	58.2
Vipera_berus_C9A	JANUYF010000004.1	583	50	530	579	221718292	221718441	56.000	5.02e-08	62.0
Vipera_berus_C9A	JANUYF010000004.1	583	46	538	583	221749454	221749317	50.000	6.93e-07	58.2
Vipera_berus_C9A	JANUYF010000004.1	583	72	456	524	221752172	221751963	38.889	1.02e-06	57.8
Vipera_berus_C9A	JANUYF010000004.1	583	67	289	355	221781803	221781603	37.313	5.43e-06	55.5
Sceloporus_undulatus_C9A	JANUYF010000002.1	591	78	460	537	34089694	34089461	93.590	3.56e-38	157
Sceloporus_undulatus_C9A	JANUYF010000002.1	591	82	277	358	34100844	34100599	87.805	2.23e-37	154
Sceloporus_undulatus_C9A	JANUYF010000002.1	591	77	201	277	34103365	34103135	79.221	3.08e-27	123
Sceloporus_undulatus_C9A	JANUYF010000002.1	591	66	400	465	34092126	34091929	87.879	7.74e-26	119
Sceloporus_undulatus_C9A	JANUYF010000002.1	591	58	534	591	34087086	34086913	89.655	4.43e-24	113
Sceloporus_undulatus_C9A	JANUYF010000002.1	591	81	122	202	34106221	34105979	59.259	5.70e-21	103
Sceloporus_undulatus_C9A	JANUYF010000002.1	591	50	106	155	34110079	34109930	92.000	9.62e-20	99.8
Sceloporus_undulatus_C9A	JANUYF010000002.1	591	51	56	106	34112254	34112102	80.392	3.58e-19	98.2
Sceloporus_undulatus_C9A	JANUYF010000002.1	591	42	358	399	34096307	34096182	92.857	1.99e-14	82.8
Sceloporus_undulatus_C9A	JANUYF010000002.1	591	40	24	63	34114160	34114041	77.500	2.85e-10	69.3
Sceloporus_undulatus_C9A	JANUYF010000002.1	591	79	281	359	35151909	35151673	36.709	3.14e-08	62.8
Sceloporus_undulatus_C9A	JANUYF010000002.1	591	49	540	587	35098758	35098612	57.143	8.01e-08	61.2
Sceloporus_undulatus_C9A	JANUYF010000002.1	591	51	541	591	35063111	35063263	49.020	1.48e-07	60.5
Sceloporus_undulatus_C9A	JANUYF010000002.1	591	41	538	577	35141636	35141514	65.854	2.64e-07	59.7
Sceloporus_undulatus_C9A	JANUYF010000002.1	591	69	461	529	35061083	35061286	39.130	8.55e-07	58.2
Sceloporus_undulatus_C9A	JANUYF010000002.1	591	83	277	359	35107177	35106929	31.325	8.84e-07	58.2
Sceloporus_undulatus_C9A	JANUYF010000004.1	591	46	539	584	221718307	221718444	63.043	1.24e-09	67.4
Sceloporus_undulatus_C9A	JANUYF010000004.1	591	104	280	383	221781842	221781564	33.654	2.93e-08	62.8
Sceloporus_undulatus_C9A	JANUYF010000004.1	591	85	277	361	221695756	221696010	29.412	7.40e-07	58.2
Sceloporus_undulatus_C9A	JANUYF010000004.1	591	89	454	539	221752187	221751939	34.831	9.71e-07	57.8
Sceloporus_undulatus_C9A	JANUYF010000004.1	591	46	542	587	221749454	221749317	52.174	2.02e-06	57.0
Sceloporus_undulatus_C9A	JANUYF010000005.1	591	221	306	520	139813652	139813050	25.792	2.38e-07	59.7
Sceloporus_undulatus_C9A	JANUYF010000005.1	591	210	301	504	137615563	137616150	24.286	8.77e-07	58.2
Anolis_carolinensis_C9B	JANUYF010000002.1	538	81	277	357	34100844	34100602	80.247	2.95e-31	134
Anolis_carolinensis_C9B	JANUYF010000002.1	538	75	463	537	34089685	34089461	76.000	9.63e-27	121
Anolis_carolinensis_C9B	JANUYF010000002.1	538	65	401	465	34092123	34091929	69.231	2.20e-20	101
Anolis_carolinensis_C9B	JANUYF010000002.1	538	52	56	107	34112254	34112099	71.154	4.91e-17	90.9
Anolis_carolinensis_C9B	JANUYF010000002.1	538	89	189	277	34103401	34103135	50.562	6.21e-17	90.5
Anolis_carolinensis_C9B	JANUYF010000002.1	538	50	106	155	34110079	34109930	78.000	2.15e-15	85.5
Anolis_carolinensis_C9B	JANUYF010000002.1	538	47	156	202	34106119	34105979	76.596	9.80e-15	83.6
Anolis_carolinensis_C9B	JANUYF010000002.1	538	79	281	359	35151909	35151673	37.975	1.28e-08	63.9
Anolis_carolinensis_C9B	JANUYF010000002.1	538	71	462	532	35061086	35061295	40.845	1.78e-08	63.2
Anolis_carolinensis_C9B	JANUYF010000002.1	538	83	277	359	35107177	35106929	34.940	3.70e-07	58.9
Anolis_carolinensis_C9B	JANUYF010000002.1	538	40	18	57	34114178	34114059	57.500	4.36e-06	55.5
Anolis_carolinensis_C9B	JANUYF010000002.1	538	60	52	111	35170582	35170403	41.667	6.41e-06	55.1
Anolis_carolinensis_C9B	JANUYF010000005.1	538	218	306	518	139813652	139813056	23.394	1.57e-09	66.6
Anolis_carolinensis_C9B	JANUYF010000005.1	538	210	301	504	137615563	137616150	24.762	9.57e-06	54.3
Anolis_carolinensis_C9B	JANUYF010000004.1	538	82	281	362	221781839	221781594	35.366	9.68e-09	64.3
Anolis_carolinensis_C9B	JANUYF010000004.1	538	76	281	356	221695768	221695995	35.526	1.10e-08	63.9
Hydrophis_cyanocinctus_C9B	JANUYF010000002.1	582	95	275	364	34100835	34100551	58.947	1.66e-26	120
Hydrophis_cyanocinctus_C9B	JANUYF010000002.1	582	73	458	530	34089685	34089467	65.753	1.14e-23	112
Hydrophis_cyanocinctus_C9B	JANUYF010000002.1	582	61	400	460	34092111	34091929	55.738	4.99e-11	71.6
Hydrophis_cyanocinctus_C9B	JANUYF010000002.1	582	55	528	582	34087089	34086925	54.545	8.20e-11	71.2
Hydrophis_cyanocinctus_C9B	JANUYF010000002.1	582	50	106	155	34110079	34109930	64.000	2.23e-10	69.7
Hydrophis_cyanocinctus_C9B	JANUYF010000002.1	582	47	156	202	34106119	34105979	55.319	6.12e-10	68.2
Hydrophis_cyanocinctus_C9B	JANUYF010000002.1	582	69	456	524	35061083	35061286	42.029	6.52e-08	61.6
Hydrophis_cyanocinctus_C9B	JANUYF010000002.1	582	54	53	106	34112260	34112102	48.148	7.15e-07	58.2
Hydrophis_cyanocinctus_C9B	JANUYF010000002.1	582	48	535	582	35063108	35063251	54.167	1.60e-06	57.0
Hydrophis_cyanocinctus_C9B	JANUYF010000002.1	582	60	524	582	35098791	35098612	45.000	6.88e-06	55.1
Hydrophis_cyanocinctus_C9B	JANUYF010000002.1	582	82	273	354	35151918	35151673	30.488	7.88e-06	55.1
Hydrophis_cyanocinctus_C9B	JANUYF010000005.1	582	224	296	514	137615563	137616192	25.446	1.53e-07	60.5
Hydrophis_cyanocinctus_C9B	JANUYF010000005.1	582	222	301	514	139813652	139813053	25.676	4.20e-06	55.8
Hydrophis_cyanocinctus_C9B	JANUYF010000004.1	582	78	449	523	221752187	221751963	39.744	1.07e-06	57.8
Hydrophis_cyanocinctus_C9B	JANUYF010000004.1	582	79	276	354	221695768	221696004	31.646	1.59e-06	57.0
Hydrophis_cyanocinctus_C9B	JANUYF010000004.1	582	46	537	582	221749454	221749317	50.000	1.70e-06	57.0
Hydrophis_cyanocinctus_C9B	JANUYF010000004.1	582	79	276	354	221781839	221781603	30.380	8.88e-06	54.7
Bothrops_jararaca_C9B	JANUYF010000002.1	583	73	459	531	34089685	34089467	72.603	4.48e-27	122
Bothrops_jararaca_C9B	JANUYF010000002.1	583	79	276	354	34100835	34100599	70.886	9.05e-27	121
Bothrops_jararaca_C9B	JANUYF010000002.1	583	66	396	461	34092126	34091929	53.030	6.97e-13	77.8
Bothrops_jararaca_C9B	JANUYF010000002.1	583	47	157	203	34106119	34105979	59.574	2.66e-11	72.8
Bothrops_jararaca_C9B	JANUYF010000002.1	583	54	530	583	34087086	34086925	59.259	3.10e-11	72.4
Bothrops_jararaca_C9B	JANUYF010000002.1	583	50	107	156	34110079	34109930	62.000	9.91e-10	67.4
Bothrops_jararaca_C9B	JANUYF010000002.1	583	118	274	390	35151918	35151580	31.356	2.65e-07	59.7
Bothrops_jararaca_C9B	JANUYF010000002.1	583	54	54	107	34112260	34112102	46.296	8.07e-07	58.2
Bothrops_jararaca_C9B	JANUYF010000002.1	583	75	203	272	34103362	34103138	40.000	1.14e-06	57.8
Bothrops_jararaca_C9B	JANUYF010000002.1	583	69	457	525	35061083	35061286	40.580	1.38e-06	57.4
Bothrops_jararaca_C9B	JANUYF010000002.1	583	43	537	579	35063111	35063239	58.140	2.13e-06	56.6
Bothrops_jararaca_C9B	JANUYF010000002.1	583	60	525	583	35098791	35098612	48.333	4.25e-06	55.8
Bothrops_jararaca_C9B	JANUYF010000005.1	583	223	297	514	137615563	137616189	27.803	9.17e-10	67.8
Bothrops_jararaca_C9B	JANUYF010000005.1	583	222	299	514	139813661	139813056	26.577	2.84e-08	62.8
Bothrops_jararaca_C9B	JANUYF010000004.1	583	50	530	579	221718292	221718441	58.000	7.31e-08	61.6
Bothrops_jararaca_C9B	JANUYF010000004.1	583	46	538	583	221749454	221749317	50.000	5.55e-07	58.5
Bothrops_jararaca_C9B	JANUYF010000004.1	583	72	456	524	221752172	221751963	38.889	7.29e-07	58.2
Bothrops_jararaca_C9B	JANUYF010000004.1	583	67	289	355	221781803	221781603	37.313	1.47e-06	57.4
Bothrops_jararaca_C9B	JANUYF010000004.1	583	79	277	355	221695768	221696004	30.380	7.20e-06	55.1
Laticauda_colubrina_C9B	JANUYF010000002.1	583	79	276	354	34100835	34100599	64.557	7.31e-26	119
Laticauda_colubrina_C9B	JANUYF010000002.1	583	73	459	531	34089685	34089467	68.493	2.74e-25	117
Laticauda_colubrina_C9B	JANUYF010000002.1	583	46	157	202	34106119	34105982	60.870	3.08e-11	72.4
Laticauda_colubrina_C9B	JANUYF010000002.1	583	61	401	461	34092111	34091929	55.738	4.22e-11	72.0
Laticauda_colubrina_C9B	JANUYF010000002.1	583	50	107	156	34110079	34109930	64.000	1.21e-10	70.5
Laticauda_colubrina_C9B	JANUYF010000002.1	583	54	530	583	34087086	34086925	51.852	5.61e-09	65.1
Laticauda_colubrina_C9B	JANUYF010000002.1	583	69	457	525	35061083	35061286	42.029	2.03e-07	60.1
Laticauda_colubrina_C9B	JANUYF010000002.1	583	79	277	355	35151909	35151673	32.911	2.83e-07	59.7
Laticauda_colubrina_C9B	JANUYF010000002.1	583	82	274	355	35107174	35106929	30.488	3.77e-06	55.8
Laticauda_colubrina_C9B	JANUYF010000002.1	583	54	54	107	34112260	34112102	46.296	5.67e-06	55.5
Laticauda_colubrina_C9B	JANUYF010000002.1	583	60	525	583	35098791	35098612	46.667	9.61e-06	54.7
Laticauda_colubrina_C9B	JANUYF010000005.1	583	224	297	515	137615563	137616192	25.000	1.38e-07	60.5
Laticauda_colubrina_C9B	JANUYF010000005.1	583	221	302	514	139813652	139813056	26.244	1.12e-06	57.8
Laticauda_colubrina_C9B	JANUYF010000004.1	583	85	274	358	221695759	221696013	30.588	3.82e-07	59.3
Laticauda_colubrina_C9B	JANUYF010000004.1	583	78	450	524	221752187	221751963	41.026	7.35e-07	58.2
Laticauda_colubrina_C9B	JANUYF010000004.1	583	81	277	357	221781839	221781597	30.864	1.53e-06	57.4
Laticauda_colubrina_C9B	JANUYF010000004.1	583	47	537	583	221749457	221749317	46.809	3.07e-06	56.2
Laticauda_colubrina_C9B	JANUYF010000004.1	583	50	530	579	221718292	221718441	52.000	8.46e-06	54.7
Pseudonaja_textilis_C9B	JANUYF010000002.1	583	95	276	365	34100835	34100551	60.000	3.62e-27	123
Pseudonaja_textilis_C9B	JANUYF010000002.1	583	78	454	531	34089700	34089467	65.385	6.08e-25	116
Pseudonaja_textilis_C9B	JANUYF010000002.1	583	66	396	461	34092126	34091929	54.545	2.20e-11	72.8
Pseudonaja_textilis_C9B	JANUYF010000002.1	583	47	157	203	34106119	34105979	57.447	2.63e-10	69.3
Pseudonaja_textilis_C9B	JANUYF010000002.1	583	50	107	156	34110079	34109930	62.000	5.18e-10	68.6
Pseudonaja_textilis_C9B	JANUYF010000002.1	583	54	530	583	34087086	34086925	51.852	4.85e-09	65.5
Pseudonaja_textilis_C9B	JANUYF010000002.1	583	69	457	525	35061083	35061286	42.029	4.06e-08	62.4
Pseudonaja_textilis_C9B	JANUYF010000002.1	583	54	54	107	34112260	34112102	48.148	3.66e-07	59.3
Pseudonaja_textilis_C9B	JANUYF010000002.1	583	48	536	583	35063108	35063251	54.167	3.91e-07	59.3
Pseudonaja_textilis_C9B	JANUYF010000002.1	583	84	194	272	34103389	34103138	38.095	2.53e-06	56.6
Pseudonaja_textilis_C9B	JANUYF010000002.1	583	78	277	354	35151909	35151676	30.769	4.10e-06	55.8
Pseudonaja_textilis_C9B	JANUYF010000002.1	583	49	536	583	35098758	35098612	51.020	5.67e-06	55.5
Pseudonaja_textilis_C9B	JANUYF010000004.1	583	78	450	524	221752187	221751963	42.308	4.02e-08	62.4
Pseudonaja_textilis_C9B	JANUYF010000004.1	583	78	277	354	221695768	221696001	32.051	8.14e-07	58.2
Pseudonaja_textilis_C9B	JANUYF010000004.1	583	78	277	354	221781839	221781606	32.051	1.33e-06	57.4
Pseudonaja_textilis_C9B	JANUYF010000004.1	583	46	538	583	221749454	221749317	47.826	1.77e-06	57.0
Pseudonaja_textilis_C9B	JANUYF010000004.1	583	44	536	579	221718310	221718441	56.818	3.10e-06	56.2
Pseudonaja_textilis_C9B	JANUYF010000005.1	583	233	297	515	137615563	137616192	26.180	1.59e-07	60.5
Notechis_scutatus_C9B	JANUYF010000002.1	583	95	276	365	34100835	34100551	58.947	7.57e-27	122
Notechis_scutatus_C9B	JANUYF010000002.1	583	73	459	531	34089685	34089467	68.493	2.91e-25	117
Notechis_scutatus_C9B	JANUYF010000002.1	583	47	157	203	34106119	34105979	57.447	1.82e-10	70.1
Notechis_scutatus_C9B	JANUYF010000002.1	583	50	107	156	34110079	34109930	64.000	2.07e-10	69.7
Notechis_scutatus_C9B	JANUYF010000002.1	583	61	401	461	34092111	34091929	52.459	7.54e-10	67.8
Notechis_scutatus_C9B	JANUYF010000002.1	583	54	530	583	34087086	34086925	53.704	1.26e-09	67.4
Notechis_scutatus_C9B	JANUYF010000002.1	583	69	457	525	35061083	35061286	42.029	3.89e-08	62.4
Notechis_scutatus_C9B	JANUYF010000002.1	583	54	54	107	34112260	34112102	48.148	6.58e-07	58.5
Notechis_scutatus_C9B	JANUYF010000002.1	583	48	536	583	35063108	35063251	54.167	1.64e-06	57.0
Notechis_scutatus_C9B	JANUYF010000002.1	583	84	194	272	34103389	34103138	38.095	4.95e-06	55.5
Notechis_scutatus_C9B	JANUYF010000002.1	583	79	277	355	35151909	35151673	30.380	9.37e-06	54.7
Notechis_scutatus_C9B	JANUYF010000002.1	583	60	525	583	35098791	35098612	45.000	9.78e-06	54.7
Notechis_scutatus_C9B	JANUYF010000005.1	583	233	297	515	137615563	137616192	27.468	2.65e-08	62.8
Notechis_scutatus_C9B	JANUYF010000005.1	583	221	302	514	139813652	139813056	27.149	1.81e-06	57.0
Notechis_scutatus_C9B	JANUYF010000004.1	583	72	456	524	221752172	221751963	41.667	2.67e-07	59.7
Notechis_scutatus_C9B	JANUYF010000004.1	583	46	538	583	221749454	221749317	50.000	2.04e-06	57.0
Notechis_scutatus_C9B	JANUYF010000004.1	583	79	277	355	221695768	221696004	30.380	2.34e-06	56.6
Pituophis_catenifer_C9B	JANUYF010000002.1	583	76	456	531	34089694	34089467	75.000	9.81e-29	127
Pituophis_catenifer_C9B	JANUYF010000002.1	583	77	277	353	34100832	34100602	67.532	2.97e-25	117
Pituophis_catenifer_C9B	JANUYF010000002.1	583	50	107	156	34110079	34109930	66.000	1.76e-11	73.2
Pituophis_catenifer_C9B	JANUYF010000002.1	583	47	157	203	34106119	34105979	61.702	2.57e-11	72.8
Pituophis_catenifer_C9B	JANUYF010000002.1	583	57	401	457	34092111	34091941	54.386	6.54e-11	71.2
Pituophis_catenifer_C9B	JANUYF010000002.1	583	48	536	583	34087068	34086925	56.250	3.73e-08	62.4
Pituophis_catenifer_C9B	JANUYF010000002.1	583	54	54	107	34112260	34112102	50.000	5.90e-08	62.0
Pituophis_catenifer_C9B	JANUYF010000002.1	583	69	457	525	35061083	35061286	43.478	1.83e-07	60.1
Pituophis_catenifer_C9B	JANUYF010000002.1	583	44	18	61	34114178	34114047	50.000	3.52e-06	56.2
Pituophis_catenifer_C9B	JANUYF010000005.1	583	226	294	514	137615554	137616189	25.664	1.65e-09	67.0
Pituophis_catenifer_C9B	JANUYF010000005.1	583	191	299	486	139813661	139813143	25.654	3.71e-06	55.8
Pituophis_catenifer_C9B	JANUYF010000004.1	583	45	539	583	221749451	221749317	55.556	1.47e-07	60.5
Pituophis_catenifer_C9B	JANUYF010000004.1	583	74	277	350	221781839	221781618	36.486	4.45e-07	58.9
Pituophis_catenifer_C9B	JANUYF010000004.1	583	72	456	524	221752172	221751963	40.278	4.56e-07	58.9
Pituophis_catenifer_C9B	JANUYF010000004.1	583	74	273	346	221695756	221695977	35.135	4.21e-06	55.8
Pantherophis_obsoletus_C9B	JANUYF010000002.1	583	83	276	358	34100835	34100587	66.265	2.16e-27	124
Pantherophis_obsoletus_C9B	JANUYF010000002.1	583	76	456	531	34089694	34089467	65.789	1.34e-25	118
Pantherophis_obsoletus_C9B	JANUYF010000002.1	583	50	107	156	34110079	34109930	66.000	1.89e-11	73.2
Pantherophis_obsoletus_C9B	JANUYF010000002.1	583	47	157	203	34106119	34105979	61.702	3.08e-11	72.4
Pantherophis_obsoletus_C9B	JANUYF010000002.1	583	66	396	461	34092123	34091929	51.515	1.01e-10	70.9
Pantherophis_obsoletus_C9B	JANUYF010000002.1	583	54	530	583	34087086	34086925	51.852	5.15e-09	65.1
Pantherophis_obsoletus_C9B	JANUYF010000002.1	583	54	54	107	34112260	34112102	50.000	5.99e-07	58.5
Pantherophis_obsoletus_C9B	JANUYF010000002.1	583	82	274	355	35151918	35151673	32.927	9.90e-07	57.8
Pantherophis_obsoletus_C9B	JANUYF010000002.1	583	69	457	525	35061083	35061286	36.232	3.46e-06	56.2
Pantherophis_obsoletus_C9B	JANUYF010000002.1	583	57	1	57	34114202	34114059	45.614	6.17e-06	55.1
Pantherophis_obsoletus_C9B	JANUYF010000005.1	583	223	297	514	137615563	137616189	25.561	1.16e-08	63.9
Pantherophis_obsoletus_C9B	JANUYF010000005.1	583	221	299	514	139813661	139813056	22.624	2.83e-07	59.7
Pantherophis_obsoletus_C9B	JANUYF010000004.1	583	45	539	583	221749451	221749317	55.556	1.15e-07	60.8
Pantherophis_obsoletus_C9B	JANUYF010000004.1	583	79	277	355	221781839	221781603	34.177	5.89e-07	58.5
Pantherophis_obsoletus_C9B	JANUYF010000004.1	583	79	277	355	221695768	221696004	32.911	7.35e-07	58.2
Pantherophis_obsoletus_C9B	JANUYF010000004.1	583	72	456	524	221752172	221751963	37.500	4.82e-06	55.5
Crotalus_tigris_C9B	JANUYF010000002.1	583	78	454	531	34089700	34089467	67.949	1.16e-27	124
Crotalus_tigris_C9B	JANUYF010000002.1	583	77	276	352	34100835	34100605	66.234	4.34e-25	116
Crotalus_tigris_C9B	JANUYF010000002.1	583	50	107	156	34110079	34109930	68.000	8.37e-12	74.3
Crotalus_tigris_C9B	JANUYF010000002.1	583	61	401	461	34092111	34091929	50.820	2.02e-10	69.7
Crotalus_tigris_C9B	JANUYF010000002.1	583	47	157	203	34106119	34105979	57.447	9.25e-10	67.8
Crotalus_tigris_C9B	JANUYF010000002.1	583	54	530	583	34087086	34086925	50.000	2.76e-08	62.8
Crotalus_tigris_C9B	JANUYF010000002.1	583	69	457	525	35061083	35061286	39.130	1.71e-06	57.0
Crotalus_tigris_C9B	JANUYF010000002.1	583	54	54	107	34112260	34112102	46.296	3.93e-06	55.8
Crotalus_tigris_C9B	JANUYF010000005.1	583	227	294	514	137615554	137616189	26.872	3.33e-09	65.9
Crotalus_tigris_C9B	JANUYF010000005.1	583	188	299	486	139813661	139813143	23.936	5.85e-08	62.0
Crotalus_tigris_C9B	JANUYF010000004.1	583	45	539	583	221749451	221749317	55.556	1.74e-07	60.5
Crotalus_tigris_C9B	JANUYF010000004.1	583	74	277	350	221781839	221781618	35.135	8.35e-07	58.2
Crotalus_tigris_C9B	JANUYF010000004.1	583	78	450	524	221752187	221751963	39.744	1.37e-06	57.4
Ptyas_mucosa_C9B	JANUYF010000002.1	583	104	250	353	34100913	34100602	54.808	2.06e-25	117
Ptyas_mucosa_C9B	JANUYF010000002.1	583	76	456	531	34089694	34089467	64.474	1.84e-24	114
Ptyas_mucosa_C9B	JANUYF010000002.1	583	109	157	260	34106119	34105814	36.697	1.11e-11	73.9
Ptyas_mucosa_C9B	JANUYF010000002.1	583	50	107	156	34110079	34109930	66.000	7.96e-11	71.2
Ptyas_mucosa_C9B	JANUYF010000002.1	583	63	399	461	34092114	34091929	52.381	2.27e-09	66.2
Ptyas_mucosa_C9B	JANUYF010000002.1	583	54	530	583	34087086	34086925	53.704	3.54e-09	65.9
Ptyas_mucosa_C9B	JANUYF010000002.1	583	43	537	579	35063111	35063239	55.814	8.75e-06	54.7
Ptyas_mucosa_C9B	JANUYF010000004.1	583	45	539	583	221749451	221749317	55.556	1.38e-07	60.5
Ptyas_mucosa_C9B	JANUYF010000004.1	583	74	277	350	221781839	221781618	36.486	7.67e-07	58.2
Ptyas_mucosa_C9B	JANUYF010000004.1	583	74	273	346	221695756	221695977	35.135	3.77e-06	55.8
Ptyas_mucosa_C9B	JANUYF010000005.1	583	223	299	514	139813661	139813056	23.767	3.50e-07	59.3
Ptyas_mucosa_C9B	JANUYF010000005.1	583	226	294	514	137615554	137616189	24.336	3.75e-07	59.3
