Phrynosoma_blainvillii_C9A	JANUYF010000002.1	593	157	219	358	34101045	34100599	61.146	5.37e-43	171
Phrynosoma_blainvillii_C9A	JANUYF010000002.1	593	78	460	537	34089694	34089461	98.718	5.89e-41	165
Phrynosoma_blainvillii_C9A	JANUYF010000002.1	593	77	201	277	34103365	34103135	98.701	7.82e-38	155
Phrynosoma_blainvillii_C9A	JANUYF010000002.1	593	62	400	461	34092126	34091941	98.387	3.32e-27	123
Phrynosoma_blainvillii_C9A	JANUYF010000002.1	593	60	534	593	34087086	34086907	95.000	4.53e-27	122
Phrynosoma_blainvillii_C9A	JANUYF010000002.1	593	52	56	107	34112254	34112099	94.231	2.51e-23	111
Phrynosoma_blainvillii_C9A	JANUYF010000002.1	593	50	106	155	34110079	34109930	100.000	1.45e-22	108
Phrynosoma_blainvillii_C9A	JANUYF010000002.1	593	47	156	202	34106119	34105979	97.872	8.05e-21	103
Phrynosoma_blainvillii_C9A	JANUYF010000002.1	593	42	358	399	34096307	34096182	100.000	4.94e-16	87.8
Phrynosoma_blainvillii_C9A	JANUYF010000002.1	593	34	24	57	34114160	34114059	97.059	2.47e-12	76.3
Phrynosoma_blainvillii_C9A	JANUYF010000002.1	593	49	540	587	35098758	35098612	57.143	1.07e-07	60.8
Phrynosoma_blainvillii_C9A	JANUYF010000002.1	593	51	541	591	35063111	35063263	49.020	1.87e-07	60.1
Phrynosoma_blainvillii_C9A	JANUYF010000002.1	593	41	538	577	35141636	35141514	65.854	2.72e-07	59.7
Phrynosoma_blainvillii_C9A	JANUYF010000002.1	593	79	281	359	35151909	35151673	35.443	3.17e-07	59.3
Phrynosoma_blainvillii_C9A	JANUYF010000002.1	593	60	52	111	35170582	35170403	43.333	1.67e-06	57.0
Phrynosoma_blainvillii_C9A	JANUYF010000002.1	593	63	52	113	35116420	35116232	46.032	3.19e-06	56.2
Phrynosoma_blainvillii_C9A	JANUYF010000002.1	593	67	463	529	35061089	35061286	41.791	5.45e-06	55.5
Phrynosoma_blainvillii_C9A	JANUYF010000004.1	593	47	539	585	221718307	221718447	61.702	3.50e-09	65.9
Phrynosoma_blainvillii_C9A	JANUYF010000004.1	593	82	281	362	221781839	221781594	36.585	4.67e-08	62.0
Phrynosoma_blainvillii_C9A	JANUYF010000004.1	593	81	281	361	221695768	221696010	32.099	6.49e-07	58.5
Phrynosoma_blainvillii_C9A	JANUYF010000004.1	593	46	542	587	221749454	221749317	50.000	3.50e-06	56.2
Phrynosoma_blainvillii_C9A	JANUYF010000005.1	593	213	298	504	137615554	137616150	25.822	1.58e-08	63.5
Phrynosoma_blainvillii_C9A	JANUYF010000005.1	593	221	306	520	139813652	139813050	25.339	4.92e-08	62.0
