Lacerta_agilis_C9A	CP126896.1	589	80	455	534	92349485	92349724	71.250	3.38e-30	132
Lacerta_agilis_C9A	CP126896.1	589	84	277	360	92341651	92341902	65.476	4.51e-28	125
Lacerta_agilis_C9A	CP126896.1	589	50	153	202	92337183	92337332	74.000	4.51e-16	87.8
Lacerta_agilis_C9A	CP126896.1	589	55	55	109	92327914	92328078	65.455	1.59e-15	85.9
Lacerta_agilis_C9A	CP126896.1	589	59	105	163	92333500	92333676	66.102	3.78e-12	75.1
Lacerta_agilis_C9A	CP126896.1	589	56	403	458	92346713	92346877	66.071	9.61e-12	73.9
Lacerta_agilis_C9A	CP126896.1	589	60	470	529	91662101	91661922	48.333	6.52e-09	64.7
Lacerta_agilis_C9A	CP126896.1	589	84	201	275	92338627	92338878	41.667	1.09e-08	63.9
Lacerta_agilis_C9A	CP126896.1	589	89	269	357	91606028	91606279	31.461	1.61e-06	57.0
Lacerta_agilis_C9A	CP126897.1	589	293	229	516	8919886	8919095	25.939	2.32e-09	66.2
Lacerta_agilis_C9A	CP126891.1	589	81	279	359	199336087	199335845	33.333	4.44e-08	62.0
Lacerta_agilis_C9A	CP126891.1	589	82	279	360	199281704	199281949	28.049	2.08e-06	56.6
Lacerta_agilis_C9A	CP126891.1	589	67	461	526	199317673	199317473	37.313	6.09e-06	55.1
Zootoca_vivipara_C9A	CP126896.1	589	80	455	534	92349485	92349724	68.750	2.01e-29	129
Zootoca_vivipara_C9A	CP126896.1	589	84	277	360	92341651	92341902	65.476	4.01e-28	125
Zootoca_vivipara_C9A	CP126896.1	589	50	153	202	92337183	92337332	74.000	6.00e-16	87.4
Zootoca_vivipara_C9A	CP126896.1	589	55	55	109	92327914	92328078	65.455	1.38e-15	86.3
Zootoca_vivipara_C9A	CP126896.1	589	59	105	163	92333500	92333676	64.407	5.51e-12	74.7
Zootoca_vivipara_C9A	CP126896.1	589	56	403	458	92346713	92346877	66.071	1.16e-11	73.6
Zootoca_vivipara_C9A	CP126896.1	589	60	470	529	91662101	91661922	46.667	1.13e-08	63.9
Zootoca_vivipara_C9A	CP126896.1	589	84	201	275	92338627	92338878	39.286	5.91e-07	58.2
Zootoca_vivipara_C9A	CP126896.1	589	97	261	357	91606004	91606279	29.897	9.36e-07	57.8
Zootoca_vivipara_C9A	CP126897.1	589	305	217	516	8919922	8919095	25.902	4.75e-08	62.0
Zootoca_vivipara_C9A	CP126891.1	589	81	279	359	199336087	199335845	33.333	8.85e-08	60.8
Zootoca_vivipara_C9A	CP126891.1	589	82	279	360	199281704	199281949	28.049	2.56e-06	56.2
Zootoca_vivipara_C9A	CP126891.1	589	67	461	526	199317673	199317473	37.313	4.12e-06	55.5
Podarcis_muralis_C9A	CP126896.1	589	80	455	534	92349485	92349724	66.250	2.78e-28	126
Podarcis_muralis_C9A	CP126896.1	589	82	279	360	92341657	92341902	65.854	1.86e-27	124
Podarcis_muralis_C9A	CP126896.1	589	50	153	202	92337183	92337332	74.000	4.63e-16	87.8
Podarcis_muralis_C9A	CP126896.1	589	55	55	109	92327914	92328078	63.636	8.90e-15	83.6
Podarcis_muralis_C9A	CP126896.1	589	57	402	458	92346710	92346877	68.421	4.63e-13	78.2
Podarcis_muralis_C9A	CP126896.1	589	59	105	163	92333500	92333676	66.102	3.59e-12	75.1
Podarcis_muralis_C9A	CP126896.1	589	60	470	529	91662101	91661922	45.000	6.63e-09	64.7
Podarcis_muralis_C9A	CP126896.1	589	97	261	357	91606004	91606279	30.928	4.14e-07	58.9
Podarcis_muralis_C9A	CP126896.1	589	84	201	275	92338627	92338878	40.476	6.12e-07	58.2
Podarcis_muralis_C9A	CP126897.1	589	305	217	516	8919922	8919095	24.918	1.74e-08	63.2
Podarcis_muralis_C9A	CP126891.1	589	81	279	359	199336087	199335845	32.099	2.22e-07	59.7
Podarcis_muralis_C9A	CP126891.1	589	82	279	360	199281704	199281949	29.268	1.00e-06	57.4
Podarcis_muralis_C9A	CP126891.1	589	67	461	526	199317673	199317473	37.313	3.75e-06	55.8
Anolis_carolinensis_C9A	CP126896.1	591	93	281	368	92341657	92341935	73.118	2.15e-33	142
Anolis_carolinensis_C9A	CP126896.1	591	81	457	537	92349485	92349727	75.309	5.11e-32	137
Anolis_carolinensis_C9A	CP126896.1	591	50	106	155	92333500	92333649	86.000	8.47e-17	90.1
Anolis_carolinensis_C9A	CP126896.1	591	47	156	202	92337189	92337329	80.851	1.21e-16	89.7
Anolis_carolinensis_C9A	CP126896.1	591	55	56	110	92327914	92328078	69.091	4.07e-16	87.8
Anolis_carolinensis_C9A	CP126896.1	591	84	202	277	92338627	92338878	50.000	2.13e-12	75.9
Anolis_carolinensis_C9A	CP126896.1	591	63	408	470	92346722	92346907	52.381	6.58e-11	71.2
Anolis_carolinensis_C9A	CP126896.1	591	55	537	591	92351216	92351380	67.273	1.12e-08	63.9
Anolis_carolinensis_C9A	CP126896.1	591	76	456	531	91662146	91661922	38.158	2.46e-08	62.8
Anolis_carolinensis_C9A	CP126896.1	591	105	271	368	91606028	91606327	32.381	4.24e-08	62.0
Anolis_carolinensis_C9A	CP126896.1	591	54	11	64	92325321	92325467	50.000	6.42e-07	58.2
Anolis_carolinensis_C9A	CP126896.1	591	87	284	368	91667823	91667563	35.632	8.95e-07	57.8
Anolis_carolinensis_C9A	CP126896.1	591	50	542	591	91660369	91660220	50.000	1.13e-06	57.4
Anolis_carolinensis_C9A	CP126896.1	591	79	460	538	91616903	91617136	36.709	5.97e-06	55.1
Anolis_carolinensis_C9A	CP126891.1	591	78	281	358	199281704	199281937	35.897	8.32e-10	67.4
Anolis_carolinensis_C9A	CP126891.1	591	84	281	364	199336087	199335836	32.143	2.44e-08	62.8
Anolis_carolinensis_C9A	CP126891.1	591	46	542	587	199315708	199315571	54.348	1.34e-07	60.5
Anolis_carolinensis_C9A	CP126891.1	591	70	460	528	199317682	199317473	34.286	6.59e-07	58.2
Anolis_carolinensis_C9A	CP126897.1	591	222	302	518	8919718	8919095	24.775	4.89e-07	58.5
Pogona_vitticeps_C9A	CP126896.1	576	96	247	339	92341603	92341890	83.333	1.59e-41	166
Pogona_vitticeps_C9A	CP126896.1	576	79	438	516	92349485	92349721	75.949	1.87e-31	135
Pogona_vitticeps_C9A	CP126896.1	576	74	154	227	92337183	92337404	66.216	7.26e-22	106
Pogona_vitticeps_C9A	CP126896.1	576	55	56	110	92327914	92328078	72.727	6.27e-19	96.7
Pogona_vitticeps_C9A	CP126896.1	576	56	106	161	92333500	92333667	75.000	4.95e-16	87.4
Pogona_vitticeps_C9A	CP126896.1	576	59	389	447	92346722	92346895	66.102	5.98e-14	80.9
Pogona_vitticeps_C9A	CP126896.1	576	59	520	575	92351204	92351380	76.271	1.06e-11	73.6
Pogona_vitticeps_C9A	CP126896.1	576	91	250	340	91606007	91606279	36.264	9.07e-10	67.4
Pogona_vitticeps_C9A	CP126896.1	576	50	25	74	92325348	92325494	60.000	1.38e-08	63.5
Pogona_vitticeps_C9A	CP126896.1	576	73	438	510	91662143	91661928	42.466	2.47e-08	62.8
Pogona_vitticeps_C9A	CP126896.1	576	50	526	575	91660369	91660220	54.000	2.07e-07	59.7
Pogona_vitticeps_C9A	CP126896.1	576	54	509	561	91618065	91618217	53.704	1.96e-06	56.6
Pogona_vitticeps_C9A	CP126896.1	576	71	452	522	91616933	91617145	38.028	6.45e-06	54.7
Pogona_vitticeps_C9A	CP126891.1	576	88	252	339	199281674	199281937	36.364	3.01e-11	72.0
Pogona_vitticeps_C9A	CP126891.1	576	79	262	340	199336087	199335851	34.177	2.05e-08	63.2
Pogona_vitticeps_C9A	CP126891.1	576	70	441	509	199317682	199317473	38.571	7.36e-08	61.2
Pogona_vitticeps_C9A	CP126891.1	576	52	520	571	199315726	199315571	50.000	3.53e-07	58.9
Pogona_vitticeps_C9A	CP126897.1	576	230	283	507	8919718	8919071	27.391	7.23e-09	64.3
Gekko_japonicus_C9A	CP126896.1	582	74	451	524	92349485	92349706	72.973	2.67e-25	117
Gekko_japonicus_C9A	CP126896.1	582	86	291	376	92341645	92341902	60.465	2.72e-25	117
Gekko_japonicus_C9A	CP126896.1	582	50	171	220	92337183	92337332	60.000	5.06e-12	74.7
Gekko_japonicus_C9A	CP126896.1	582	67	457	523	91662125	91661928	46.269	4.08e-10	68.6
Gekko_japonicus_C9A	CP126896.1	582	60	122	181	92333500	92333676	55.000	8.72e-10	67.4
Gekko_japonicus_C9A	CP126896.1	582	46	536	581	91660369	91660232	60.870	4.89e-09	65.1
Gekko_japonicus_C9A	CP126896.1	582	58	69	126	92327914	92328078	53.448	3.57e-08	62.4
Gekko_japonicus_C9A	CP126896.1	582	83	291	373	91606031	91606279	27.711	5.89e-07	58.2
Gekko_japonicus_C9A	CP126896.1	582	64	465	526	91616933	91617124	39.062	1.05e-06	57.4
Gekko_japonicus_C9A	CP126896.1	582	76	298	372	91667823	91667596	34.211	1.25e-06	57.4
Gekko_japonicus_C9A	CP126891.1	582	84	295	378	199336087	199335836	29.762	9.44e-08	60.8
Gekko_japonicus_C9A	CP126891.1	582	89	284	372	199281671	199281937	30.337	1.85e-07	60.1
Gekko_japonicus_C9A	CP126891.1	582	62	461	522	199317658	199317473	37.097	2.53e-06	56.2
Gekko_japonicus_C9A	CP126890.1	582	62	525	582	205188158	205187973	43.548	9.61e-06	54.3
Crotalus_tigris_C9A	CP126896.1	583	80	453	532	92349485	92349724	61.250	4.83e-26	119
Crotalus_tigris_C9A	CP126896.1	583	76	277	352	92341657	92341884	65.789	1.26e-24	114
Crotalus_tigris_C9A	CP126896.1	583	49	155	203	92337183	92337329	63.265	5.95e-13	77.8
Crotalus_tigris_C9A	CP126896.1	583	50	107	156	92333500	92333649	66.000	6.79e-11	71.2
Crotalus_tigris_C9A	CP126896.1	583	84	400	483	92346710	92346940	40.476	2.87e-08	62.4
Crotalus_tigris_C9A	CP126896.1	583	58	54	111	92327908	92328078	50.000	4.59e-08	62.0
Crotalus_tigris_C9A	CP126896.1	583	78	448	525	91662158	91661928	37.179	5.63e-08	61.6
Crotalus_tigris_C9A	CP126897.1	583	285	236	514	8919871	8919095	26.667	5.17e-11	71.6
Crotalus_tigris_C9A	CP126891.1	583	70	456	524	199317682	199317473	35.714	4.33e-06	55.5
Crotalus_tigris_C9A	CP126891.1	583	74	277	350	199281704	199281925	32.432	4.92e-06	55.5
Thamnophis_elegans_C9A	CP126896.1	583	93	277	364	92341657	92341935	59.140	1.11e-25	118
Thamnophis_elegans_C9A	CP126896.1	583	80	453	532	92349485	92349724	60.000	2.99e-23	110
Thamnophis_elegans_C9A	CP126896.1	583	49	155	203	92337183	92337329	69.388	5.35e-15	84.3
Thamnophis_elegans_C9A	CP126896.1	583	56	107	162	92333500	92333667	57.143	4.16e-10	68.6
Thamnophis_elegans_C9A	CP126896.1	583	73	39	111	92327875	92328078	46.575	1.06e-09	67.4
Thamnophis_elegans_C9A	CP126896.1	583	70	397	466	92346701	92346907	44.286	4.28e-09	65.1
Thamnophis_elegans_C9A	CP126896.1	583	40	25	64	92325348	92325467	55.000	1.01e-06	57.4
Thamnophis_elegans_C9A	CP126896.1	583	45	530	573	91618089	91618217	53.333	4.64e-06	55.5
Thamnophis_elegans_C9A	CP126896.1	583	47	537	583	91660372	91660232	51.064	4.96e-06	55.5
Thamnophis_elegans_C9A	CP126896.1	583	69	457	525	91662131	91661928	39.130	5.27e-06	55.1
Thamnophis_elegans_C9A	CP126897.1	583	222	298	514	8919718	8919095	26.126	4.59e-09	65.1
Thamnophis_elegans_C9A	CP126891.1	583	78	277	354	199336087	199335854	33.333	5.43e-07	58.5
Thamnophis_elegans_C9A	CP126891.1	583	82	277	358	199281704	199281949	30.488	2.19e-06	56.6
Thamnophis_elegans_C9A	CP126891.1	583	46	538	583	199315708	199315571	47.826	9.01e-06	54.3
Naja_naja_C9A	CP126896.1	582	80	452	531	92349485	92349724	61.250	2.14e-25	117
Naja_naja_C9A	CP126896.1	582	77	277	353	92341657	92341887	63.636	3.18e-24	113
Naja_naja_C9A	CP126896.1	582	49	155	203	92337183	92337329	67.347	1.02e-13	80.1
Naja_naja_C9A	CP126896.1	582	56	107	162	92333500	92333667	62.500	3.98e-11	71.6
Naja_naja_C9A	CP126896.1	582	73	39	111	92327875	92328078	46.575	4.06e-09	65.5
Naja_naja_C9A	CP126896.1	582	69	456	524	91662131	91661928	37.681	2.20e-08	62.8
Naja_naja_C9A	CP126896.1	582	66	400	465	92346713	92346907	45.455	2.76e-07	59.3
Naja_naja_C9A	CP126896.1	582	40	25	64	92325348	92325467	55.000	2.19e-06	56.6
Naja_naja_C9A	CP126897.1	582	255	267	513	8919781	8919095	25.490	3.48e-08	62.4
Naja_naja_C9A	CP126897.1	582	192	299	485	7805833	7806351	19.792	1.71e-06	56.6
Naja_naja_C9A	CP126891.1	582	74	277	350	199281704	199281925	35.135	2.49e-07	59.3
Naja_naja_C9A	CP126891.1	582	70	455	523	199317682	199317473	35.714	4.74e-06	55.5
Naja_naja_C9A	CP126891.1	582	70	277	346	199336087	199335878	35.714	8.11e-06	54.7
Pseudonaja_textilis_C9A	CP126896.1	583	80	453	532	92349485	92349724	63.750	2.33e-26	120
Pseudonaja_textilis_C9A	CP126896.1	583	77	277	353	92341657	92341887	62.338	1.05e-23	112
Pseudonaja_textilis_C9A	CP126896.1	583	49	155	203	92337183	92337329	67.347	9.80e-14	80.1
Pseudonaja_textilis_C9A	CP126896.1	583	56	107	162	92333500	92333667	58.929	1.99e-10	69.7
Pseudonaja_textilis_C9A	CP126896.1	583	71	457	527	91662131	91661922	38.028	1.41e-08	63.5
Pseudonaja_textilis_C9A	CP126896.1	583	58	54	111	92327908	92328078	51.724	2.15e-08	62.8
Pseudonaja_textilis_C9A	CP126896.1	583	40	25	64	92325348	92325467	57.500	4.86e-07	58.5
Pseudonaja_textilis_C9A	CP126896.1	583	66	401	466	92346713	92346907	40.909	8.75e-07	57.8
Pseudonaja_textilis_C9A	CP126897.1	583	222	298	514	8919718	8919095	25.676	4.17e-09	65.1
Pseudonaja_textilis_C9A	CP126897.1	583	193	299	486	7805833	7806351	20.725	2.82e-07	59.3
Pseudonaja_textilis_C9A	CP126891.1	583	74	277	350	199281704	199281925	33.784	7.38e-07	58.2
Pseudonaja_textilis_C9A	CP126891.1	583	70	277	346	199336087	199335878	34.286	6.98e-06	54.7
Python_bivittatus_C9A	CP126896.1	582	80	453	532	92349485	92349724	63.750	2.17e-26	120
Python_bivittatus_C9A	CP126896.1	582	78	277	354	92341657	92341890	64.103	3.97e-24	113
Python_bivittatus_C9A	CP126896.1	582	49	155	203	92337183	92337329	65.306	8.29e-14	80.5
Python_bivittatus_C9A	CP126896.1	582	78	448	525	91662158	91661928	39.744	5.71e-09	64.7
Python_bivittatus_C9A	CP126896.1	582	56	107	162	92333500	92333667	55.357	5.90e-09	64.7
Python_bivittatus_C9A	CP126896.1	582	61	397	457	92346701	92346880	50.820	2.99e-08	62.4
Python_bivittatus_C9A	CP126896.1	582	58	54	111	92327908	92328078	51.724	3.48e-08	62.4
Python_bivittatus_C9A	CP126896.1	582	48	535	582	92351225	92351368	77.083	2.07e-07	59.7
Python_bivittatus_C9A	CP126896.1	582	40	25	64	92325348	92325467	60.000	9.66e-07	57.8
Python_bivittatus_C9A	CP126896.1	582	43	536	578	91660372	91660244	55.814	9.61e-06	54.3
Python_bivittatus_C9A	CP126897.1	582	222	298	514	8919718	8919095	27.477	5.09e-10	68.2
Python_bivittatus_C9A	CP126891.1	582	70	456	524	199317682	199317473	42.857	1.26e-08	63.5
Python_bivittatus_C9A	CP126891.1	582	79	277	355	199336087	199335851	34.177	3.79e-08	62.0
Python_bivittatus_C9A	CP126891.1	582	55	528	582	199315735	199315571	47.273	9.85e-08	60.8
Python_bivittatus_C9A	CP126891.1	582	78	277	354	199281704	199281937	32.051	2.32e-06	56.2
Notechis_scutatus_C9A	CP126896.1	583	80	453	532	92349485	92349724	62.500	1.59e-25	117
Notechis_scutatus_C9A	CP126896.1	583	77	277	353	92341657	92341887	62.338	1.08e-23	112
Notechis_scutatus_C9A	CP126896.1	583	49	155	203	92337183	92337329	67.347	9.63e-14	80.1
Notechis_scutatus_C9A	CP126896.1	583	56	107	162	92333500	92333667	60.714	7.85e-11	70.9
Notechis_scutatus_C9A	CP126896.1	583	58	54	111	92327908	92328078	53.448	1.21e-08	63.9
Notechis_scutatus_C9A	CP126896.1	583	71	457	527	91662131	91661922	38.028	2.50e-08	62.8
Notechis_scutatus_C9A	CP126896.1	583	40	25	64	92325348	92325467	57.500	5.07e-07	58.5
Notechis_scutatus_C9A	CP126896.1	583	66	401	466	92346713	92346907	40.909	8.17e-07	57.8
Notechis_scutatus_C9A	CP126897.1	583	222	298	514	8919718	8919095	25.676	5.26e-09	65.1
Notechis_scutatus_C9A	CP126897.1	583	193	299	486	7805833	7806351	21.244	2.94e-07	59.3
Notechis_scutatus_C9A	CP126891.1	583	74	277	350	199281704	199281925	33.784	6.77e-07	58.2
Notechis_scutatus_C9A	CP126891.1	583	70	277	346	199336087	199335878	34.286	6.46e-06	55.1
Hydrophis_cyanocinctus_C9A	CP126896.1	583	80	453	532	92349485	92349724	62.500	1.01e-25	118
Hydrophis_cyanocinctus_C9A	CP126896.1	583	77	277	353	92341657	92341887	62.338	1.06e-23	112
Hydrophis_cyanocinctus_C9A	CP126896.1	583	49	155	203	92337183	92337329	65.306	2.92e-13	78.6
Hydrophis_cyanocinctus_C9A	CP126896.1	583	56	107	162	92333500	92333667	60.714	8.93e-11	70.9
Hydrophis_cyanocinctus_C9A	CP126896.1	583	58	54	111	92327908	92328078	53.448	1.18e-08	63.9
Hydrophis_cyanocinctus_C9A	CP126896.1	583	71	457	527	91662131	91661922	38.028	3.00e-08	62.4
Hydrophis_cyanocinctus_C9A	CP126896.1	583	40	25	64	92325348	92325467	57.500	5.16e-07	58.5
Hydrophis_cyanocinctus_C9A	CP126896.1	583	63	404	466	92346722	92346907	41.270	4.72e-06	55.5
Hydrophis_cyanocinctus_C9A	CP126897.1	583	222	298	514	8919718	8919095	26.126	1.38e-09	67.0
Hydrophis_cyanocinctus_C9A	CP126897.1	583	193	299	486	7805833	7806351	21.244	6.60e-07	58.2
Hydrophis_cyanocinctus_C9A	CP126891.1	583	74	277	350	199281704	199281925	33.784	7.44e-07	57.8
Hydrophis_cyanocinctus_C9A	CP126891.1	583	70	277	346	199336087	199335878	34.286	4.15e-06	55.5
Laticauda_colubrina_C9A	CP126896.1	583	80	453	532	92349485	92349724	63.750	9.15e-26	118
Laticauda_colubrina_C9A	CP126896.1	583	77	277	353	92341657	92341887	62.338	9.85e-24	112
Laticauda_colubrina_C9A	CP126896.1	583	49	155	203	92337183	92337329	67.347	1.15e-13	80.1
Laticauda_colubrina_C9A	CP126896.1	583	56	107	162	92333500	92333667	58.929	2.21e-10	69.3
Laticauda_colubrina_C9A	CP126896.1	583	71	457	527	91662131	91661922	38.028	1.34e-08	63.5
Laticauda_colubrina_C9A	CP126896.1	583	73	39	111	92327875	92328078	45.205	3.80e-08	62.0
Laticauda_colubrina_C9A	CP126896.1	583	66	401	466	92346713	92346907	45.455	1.86e-07	60.1
Laticauda_colubrina_C9A	CP126896.1	583	40	25	64	92325348	92325467	57.500	7.70e-07	57.8
Laticauda_colubrina_C9A	CP126897.1	583	222	298	514	8919718	8919095	25.676	2.01e-08	63.2
Laticauda_colubrina_C9A	CP126897.1	583	193	299	486	7805833	7806351	20.207	6.74e-06	54.7
Laticauda_colubrina_C9A	CP126891.1	583	74	277	350	199281704	199281925	33.784	6.83e-07	58.2
Laticauda_colubrina_C9A	CP126891.1	583	70	277	346	199336087	199335878	34.286	7.34e-06	54.7
Protobothrops_mucrosquamatus_C9A	CP126896.1	583	97	258	354	92341615	92341890	59.794	3.53e-27	122
Protobothrops_mucrosquamatus_C9A	CP126896.1	583	80	453	532	92349485	92349724	65.000	4.54e-27	122
Protobothrops_mucrosquamatus_C9A	CP126896.1	583	49	155	203	92337183	92337329	63.265	6.27e-14	80.9
Protobothrops_mucrosquamatus_C9A	CP126896.1	583	69	457	525	91662131	91661928	43.478	2.02e-09	66.2
Protobothrops_mucrosquamatus_C9A	CP126896.1	583	56	107	162	92333500	92333667	53.571	3.80e-09	65.5
Protobothrops_mucrosquamatus_C9A	CP126896.1	583	58	54	111	92327908	92328078	50.000	8.05e-08	61.2
Protobothrops_mucrosquamatus_C9A	CP126896.1	583	70	397	466	92346701	92346907	41.429	2.84e-07	59.3
Protobothrops_mucrosquamatus_C9A	CP126896.1	583	46	529	573	91618086	91618217	58.696	9.05e-07	57.8
Protobothrops_mucrosquamatus_C9A	CP126896.1	583	51	533	583	92351216	92351368	64.706	1.45e-06	57.0
Protobothrops_mucrosquamatus_C9A	CP126896.1	583	43	537	579	91660372	91660244	55.814	1.56e-06	57.0
Protobothrops_mucrosquamatus_C9A	CP126896.1	583	79	277	355	91606043	91606279	29.114	9.16e-06	54.3
Protobothrops_mucrosquamatus_C9A	CP126897.1	583	222	298	514	8919718	8919095	27.477	3.28e-11	72.0
Protobothrops_mucrosquamatus_C9A	CP126891.1	583	79	277	355	199336087	199335851	32.911	2.42e-08	62.8
Protobothrops_mucrosquamatus_C9A	CP126891.1	583	78	277	354	199281704	199281937	32.051	2.42e-07	59.7
Protobothrops_mucrosquamatus_C9A	CP126891.1	583	47	529	575	199315735	199315595	51.064	4.74e-07	58.5
Protobothrops_mucrosquamatus_C9A	CP126891.1	583	70	456	524	199317682	199317473	37.143	8.53e-07	57.8
Chrysopelea_ornata_C9A	CP126896.1	584	80	454	533	92349485	92349724	65.000	1.43e-26	120
Chrysopelea_ornata_C9A	CP126896.1	584	93	277	364	92341657	92341935	59.140	1.15e-25	118
Chrysopelea_ornata_C9A	CP126896.1	584	49	155	203	92337183	92337329	71.429	3.32e-15	85.1
Chrysopelea_ornata_C9A	CP126896.1	584	56	107	162	92333500	92333667	57.143	6.68e-10	67.8
Chrysopelea_ornata_C9A	CP126896.1	584	99	396	492	92346695	92346988	39.394	1.64e-09	66.6
Chrysopelea_ornata_C9A	CP126896.1	584	69	458	526	91662131	91661928	42.029	3.65e-09	65.5
Chrysopelea_ornata_C9A	CP126896.1	584	47	538	584	91660372	91660232	55.319	1.24e-06	57.4
Chrysopelea_ornata_C9A	CP126896.1	584	40	25	64	92325348	92325467	55.000	1.49e-06	57.0
Chrysopelea_ornata_C9A	CP126896.1	584	58	54	111	92327908	92328078	48.276	2.05e-06	56.6
Chrysopelea_ornata_C9A	CP126896.1	584	46	530	574	91618086	91618217	54.348	5.61e-06	55.1
Chrysopelea_ornata_C9A	CP126897.1	584	244	298	528	8919718	8919056	26.230	1.01e-08	63.9
Chrysopelea_ornata_C9A	CP126891.1	584	94	277	370	199336087	199335827	34.043	1.01e-08	63.9
Chrysopelea_ornata_C9A	CP126891.1	584	46	539	584	199315708	199315571	50.000	2.56e-06	56.2
Chrysopelea_ornata_C9A	CP126891.1	584	78	277	354	199281704	199281937	30.769	7.06e-06	54.7
Pituophis_catenifer_C9A	CP126896.1	583	80	453	532	92349485	92349724	63.750	2.19e-26	120
Pituophis_catenifer_C9A	CP126896.1	583	112	258	364	92341615	92341935	53.571	6.47e-26	119
Pituophis_catenifer_C9A	CP126896.1	583	49	155	203	92337183	92337329	63.265	1.37e-13	79.7
Pituophis_catenifer_C9A	CP126896.1	583	56	107	162	92333500	92333667	57.143	1.54e-09	66.6
Pituophis_catenifer_C9A	CP126896.1	583	58	54	111	92327908	92328078	53.448	4.07e-09	65.5
Pituophis_catenifer_C9A	CP126896.1	583	63	404	466	92346722	92346907	47.619	8.55e-08	60.8
Pituophis_catenifer_C9A	CP126896.1	583	69	457	525	91662131	91661928	39.130	3.58e-07	58.9
Pituophis_catenifer_C9A	CP126896.1	583	47	537	583	91660372	91660232	55.319	6.38e-07	58.2
Pituophis_catenifer_C9A	CP126896.1	583	40	25	64	92325348	92325467	55.000	2.01e-06	56.6
Pituophis_catenifer_C9A	CP126896.1	583	46	529	573	91618086	91618217	54.348	2.60e-06	56.2
Pituophis_catenifer_C9A	CP126897.1	583	235	298	527	8919718	8919056	27.660	1.57e-11	73.2
Pituophis_catenifer_C9A	CP126891.1	583	46	538	583	199315708	199315571	50.000	7.50e-07	57.8
Pituophis_catenifer_C9A	CP126891.1	583	78	273	350	199281692	199281925	33.333	1.00e-06	57.4
Pituophis_catenifer_C9A	CP126891.1	583	70	456	524	199317682	199317473	37.143	1.66e-06	57.0
Pituophis_catenifer_C9A	CP126891.1	583	70	277	346	199336087	199335878	34.286	2.98e-06	55.8
Pantherophis_obsoletus_C9A	CP126896.1	583	93	277	364	92341657	92341935	61.290	2.02e-28	126
Pantherophis_obsoletus_C9A	CP126896.1	583	80	453	532	92349485	92349724	63.750	2.11e-26	120
Pantherophis_obsoletus_C9A	CP126896.1	583	49	155	203	92337183	92337329	65.306	2.67e-14	82.0
Pantherophis_obsoletus_C9A	CP126896.1	583	58	54	111	92327908	92328078	56.897	4.27e-10	68.6
Pantherophis_obsoletus_C9A	CP126896.1	583	56	107	162	92333500	92333667	57.143	8.53e-10	67.4
Pantherophis_obsoletus_C9A	CP126896.1	583	70	397	466	92346701	92346907	44.286	4.28e-09	65.1
Pantherophis_obsoletus_C9A	CP126896.1	583	69	457	525	91662131	91661928	39.130	3.96e-07	58.9
Pantherophis_obsoletus_C9A	CP126896.1	583	47	537	583	91660372	91660232	55.319	6.49e-07	58.2
Pantherophis_obsoletus_C9A	CP126896.1	583	40	25	64	92325348	92325467	57.500	1.90e-06	56.6
Pantherophis_obsoletus_C9A	CP126896.1	583	46	529	573	91618086	91618217	52.174	8.13e-06	54.7
Pantherophis_obsoletus_C9A	CP126897.1	583	296	237	527	8919868	8919056	27.027	4.86e-12	74.7
Pantherophis_obsoletus_C9A	CP126891.1	583	94	277	370	199336087	199335827	34.043	2.24e-09	66.2
Pantherophis_obsoletus_C9A	CP126891.1	583	78	277	354	199281704	199281937	32.051	2.40e-07	59.7
Pantherophis_obsoletus_C9A	CP126891.1	583	46	538	583	199315708	199315571	50.000	7.38e-07	58.2
Pantherophis_obsoletus_C9A	CP126891.1	583	70	456	524	199317682	199317473	37.143	1.63e-06	57.0
Bothrops_jararaca_C9A	CP126896.1	583	97	258	354	92341615	92341890	59.794	2.13e-26	120
Bothrops_jararaca_C9A	CP126896.1	583	80	453	532	92349485	92349724	63.750	2.66e-26	120
Bothrops_jararaca_C9A	CP126896.1	583	49	155	203	92337183	92337329	63.265	6.00e-14	80.9
Bothrops_jararaca_C9A	CP126896.1	583	56	107	162	92333500	92333667	58.929	3.01e-10	68.9
Bothrops_jararaca_C9A	CP126896.1	583	58	54	111	92327908	92328078	51.724	1.31e-08	63.5
Bothrops_jararaca_C9A	CP126896.1	583	65	397	461	92346701	92346892	44.615	2.04e-08	63.2
Bothrops_jararaca_C9A	CP126896.1	583	69	457	525	91662131	91661928	40.580	3.61e-08	62.4
Bothrops_jararaca_C9A	CP126896.1	583	46	529	573	91618086	91618217	58.696	2.08e-06	56.6
Bothrops_jararaca_C9A	CP126896.1	583	43	537	579	91660372	91660244	55.814	3.75e-06	55.8
Bothrops_jararaca_C9A	CP126896.1	583	51	533	583	92351216	92351368	62.745	6.14e-06	55.1
Bothrops_jararaca_C9A	CP126897.1	583	222	298	514	8919718	8919095	26.577	2.99e-09	65.9
Bothrops_jararaca_C9A	CP126891.1	583	82	274	355	199336096	199335851	32.927	4.25e-08	62.0
Bothrops_jararaca_C9A	CP126891.1	583	78	277	354	199281704	199281937	32.051	5.29e-07	58.5
Bothrops_jararaca_C9A	CP126891.1	583	70	456	524	199317682	199317473	37.143	6.89e-07	58.2
Bothrops_jararaca_C9A	CP126891.1	583	47	529	575	199315735	199315595	48.936	2.33e-06	56.2
Ptyas_mucosa_C9A	CP126896.1	583	101	258	358	92341615	92341902	57.426	1.88e-27	123
Ptyas_mucosa_C9A	CP126896.1	583	80	453	532	92349485	92349724	61.250	1.52e-25	117
Ptyas_mucosa_C9A	CP126896.1	583	49	155	203	92337183	92337329	65.306	3.55e-14	81.6
Ptyas_mucosa_C9A	CP126896.1	583	58	54	111	92327908	92328078	56.897	2.60e-10	69.3
Ptyas_mucosa_C9A	CP126896.1	583	56	107	162	92333500	92333667	58.929	2.60e-10	69.3
Ptyas_mucosa_C9A	CP126896.1	583	78	457	534	91662131	91661907	42.308	4.10e-09	65.5
Ptyas_mucosa_C9A	CP126896.1	583	70	397	466	92346701	92346907	45.714	1.18e-08	63.9
Ptyas_mucosa_C9A	CP126896.1	583	47	537	583	91660372	91660232	57.447	3.93e-08	62.0
Ptyas_mucosa_C9A	CP126896.1	583	40	25	64	92325348	92325467	57.500	9.69e-07	57.8
Ptyas_mucosa_C9A	CP126897.1	583	235	298	527	8919718	8919056	27.234	1.62e-10	69.7
Ptyas_mucosa_C9A	CP126891.1	583	97	274	370	199336096	199335827	34.021	7.85e-09	64.3
Ptyas_mucosa_C9A	CP126891.1	583	78	277	354	199281704	199281937	32.051	3.46e-07	58.9
Ptyas_mucosa_C9A	CP126891.1	583	70	456	524	199317682	199317473	37.143	2.56e-06	56.2
Vipera_berus_C9A	CP126896.1	583	80	453	532	92349485	92349724	62.500	1.71e-26	120
Vipera_berus_C9A	CP126896.1	583	78	277	354	92341657	92341890	69.231	2.86e-26	120
Vipera_berus_C9A	CP126896.1	583	49	155	203	92337183	92337329	65.306	4.37e-14	81.3
Vipera_berus_C9A	CP126896.1	583	56	107	162	92333500	92333667	60.714	2.18e-11	72.8
Vipera_berus_C9A	CP126896.1	583	69	457	525	91662131	91661928	40.580	8.55e-09	64.3
Vipera_berus_C9A	CP126896.1	583	65	397	461	92346701	92346892	44.615	3.07e-08	62.4
Vipera_berus_C9A	CP126896.1	583	58	54	111	92327908	92328078	51.724	3.21e-08	62.4
Vipera_berus_C9A	CP126896.1	583	46	529	573	91618086	91618217	58.696	2.93e-06	55.8
Vipera_berus_C9A	CP126896.1	583	43	537	579	91660372	91660244	55.814	4.52e-06	55.5
Vipera_berus_C9A	CP126896.1	583	70	274	343	91606034	91606243	32.857	9.97e-06	54.3
Vipera_berus_C9A	CP126897.1	583	222	298	514	8919718	8919095	27.928	3.20e-11	72.0
Vipera_berus_C9A	CP126891.1	583	79	277	355	199336087	199335851	32.911	1.28e-07	60.5
Vipera_berus_C9A	CP126891.1	583	70	456	524	199317682	199317473	37.143	8.03e-07	57.8
Vipera_berus_C9A	CP126891.1	583	85	270	354	199281683	199281937	31.765	8.03e-07	57.8
Vipera_berus_C9A	CP126891.1	583	49	529	577	199315735	199315589	48.980	2.17e-06	56.6
Sceloporus_undulatus_C9A	CP126896.1	591	97	277	368	92341645	92341935	70.103	1.63e-34	145
Sceloporus_undulatus_C9A	CP126896.1	591	81	457	537	92349485	92349727	72.840	6.58e-32	137
Sceloporus_undulatus_C9A	CP126896.1	591	84	202	277	92338627	92338878	57.143	1.65e-16	89.4
Sceloporus_undulatus_C9A	CP126896.1	591	55	56	110	92327914	92328078	65.455	2.56e-16	88.6
Sceloporus_undulatus_C9A	CP126896.1	591	66	405	470	92346713	92346907	65.152	1.58e-15	86.3
Sceloporus_undulatus_C9A	CP126896.1	591	47	156	202	92337189	92337329	78.723	1.15e-14	83.2
Sceloporus_undulatus_C9A	CP126896.1	591	56	106	161	92333500	92333667	75.000	1.29e-14	83.2
Sceloporus_undulatus_C9A	CP126896.1	591	56	536	591	92351213	92351380	67.857	4.42e-10	68.6
Sceloporus_undulatus_C9A	CP126896.1	591	57	8	64	92325312	92325467	56.140	2.50e-09	65.9
Sceloporus_undulatus_C9A	CP126896.1	591	51	541	591	91660372	91660220	52.941	1.20e-08	63.9
Sceloporus_undulatus_C9A	CP126896.1	591	79	281	359	91606043	91606279	34.177	4.54e-08	62.0
Sceloporus_undulatus_C9A	CP126896.1	591	70	462	531	91662128	91661922	40.000	6.55e-08	61.2
Sceloporus_undulatus_C9A	CP126896.1	591	40	539	577	91618098	91618217	62.500	4.35e-06	55.5
Sceloporus_undulatus_C9A	CP126891.1	591	85	280	364	199336090	199335836	34.118	1.65e-08	63.5
Sceloporus_undulatus_C9A	CP126891.1	591	78	281	358	199281704	199281937	33.333	1.15e-07	60.5
Sceloporus_undulatus_C9A	CP126891.1	591	70	460	528	199317682	199317473	37.143	2.56e-07	59.3
Sceloporus_undulatus_C9A	CP126891.1	591	53	535	587	199315726	199315571	50.943	8.65e-07	57.8
Sceloporus_undulatus_C9A	CP126897.1	591	257	267	518	8919802	8919095	24.903	2.45e-07	59.7
Anolis_carolinensis_C9B	CP126896.1	538	81	277	357	92341645	92341887	75.309	1.19e-29	129
Anolis_carolinensis_C9B	CP126896.1	538	81	457	537	92349485	92349727	70.370	4.78e-28	124
Anolis_carolinensis_C9B	CP126896.1	538	56	106	161	92333500	92333667	76.786	2.55e-17	91.3
Anolis_carolinensis_C9B	CP126896.1	538	55	56	110	92327914	92328078	69.091	1.63e-16	89.0
Anolis_carolinensis_C9B	CP126896.1	538	49	154	202	92337183	92337329	75.510	1.67e-15	85.5
Anolis_carolinensis_C9B	CP126896.1	538	71	400	470	92346698	92346907	57.746	3.70e-15	84.3
Anolis_carolinensis_C9B	CP126896.1	538	84	202	277	92338627	92338878	52.381	8.29e-15	83.6
Anolis_carolinensis_C9B	CP126896.1	538	72	462	533	91662128	91661916	41.667	3.78e-10	68.6
Anolis_carolinensis_C9B	CP126896.1	538	79	281	359	91606043	91606279	35.443	5.07e-08	61.6
Anolis_carolinensis_C9B	CP126896.1	538	39	26	64	92325351	92325467	58.974	2.98e-06	55.8
Anolis_carolinensis_C9B	CP126891.1	538	100	257	356	199281659	199281931	35.000	1.03e-09	67.0
Anolis_carolinensis_C9B	CP126891.1	538	82	281	362	199336087	199335842	34.146	1.05e-08	63.9
Anolis_carolinensis_C9B	CP126897.1	538	222	302	518	8919718	8919095	24.775	2.79e-06	55.8
Hydrophis_cyanocinctus_C9B	CP126896.1	582	93	276	363	92341657	92341935	60.215	1.60e-26	120
Hydrophis_cyanocinctus_C9B	CP126896.1	582	80	452	531	92349485	92349724	56.250	1.22e-22	108
Hydrophis_cyanocinctus_C9B	CP126896.1	582	49	154	202	92337183	92337329	65.306	5.53e-14	80.9
Hydrophis_cyanocinctus_C9B	CP126896.1	582	56	106	161	92333500	92333667	58.929	2.26e-10	69.3
Hydrophis_cyanocinctus_C9B	CP126896.1	582	69	456	524	91662131	91661928	40.580	3.11e-09	65.9
Hydrophis_cyanocinctus_C9B	CP126896.1	582	58	53	110	92327908	92328078	50.000	1.13e-07	60.5
Hydrophis_cyanocinctus_C9B	CP126896.1	582	61	400	460	92346713	92346892	47.541	4.93e-07	58.5
Hydrophis_cyanocinctus_C9B	CP126896.1	582	48	535	582	91660375	91660232	54.167	5.94e-07	58.2
Hydrophis_cyanocinctus_C9B	CP126897.1	582	230	297	514	8919718	8919092	25.652	3.04e-08	62.4
Hydrophis_cyanocinctus_C9B	CP126891.1	582	79	276	354	199336087	199335851	31.646	2.65e-07	59.3
Hydrophis_cyanocinctus_C9B	CP126891.1	582	78	276	353	199281704	199281937	32.051	2.65e-07	59.3
Hydrophis_cyanocinctus_C9B	CP126891.1	582	70	455	523	199317682	199317473	37.143	1.21e-06	57.4
Hydrophis_cyanocinctus_C9B	CP126891.1	582	46	537	582	199315708	199315571	50.000	3.87e-06	55.5
Bothrops_jararaca_C9B	CP126896.1	583	97	258	354	92341615	92341890	60.825	2.85e-27	123
Bothrops_jararaca_C9B	CP126896.1	583	80	453	532	92349485	92349724	63.750	2.76e-26	120
Bothrops_jararaca_C9B	CP126896.1	583	49	155	203	92337183	92337329	65.306	2.63e-14	82.0
Bothrops_jararaca_C9B	CP126896.1	583	56	107	162	92333500	92333667	57.143	3.76e-10	68.6
Bothrops_jararaca_C9B	CP126896.1	583	58	54	111	92327908	92328078	51.724	1.57e-08	63.5
Bothrops_jararaca_C9B	CP126896.1	583	69	457	525	91662131	91661928	40.580	3.84e-08	62.0
Bothrops_jararaca_C9B	CP126896.1	583	70	397	466	92346701	92346907	40.000	4.14e-08	62.0
Bothrops_jararaca_C9B	CP126896.1	583	46	529	573	91618086	91618217	56.522	8.06e-06	54.7
Bothrops_jararaca_C9B	CP126896.1	583	51	533	583	92351216	92351368	62.745	8.70e-06	54.3
Bothrops_jararaca_C9B	CP126897.1	583	222	298	514	8919718	8919095	27.027	7.38e-10	67.8
Bothrops_jararaca_C9B	CP126891.1	583	82	274	355	199336096	199335851	32.927	4.43e-08	62.0
Bothrops_jararaca_C9B	CP126891.1	583	78	277	354	199281704	199281937	32.051	6.38e-07	58.2
Bothrops_jararaca_C9B	CP126891.1	583	70	456	524	199317682	199317473	37.143	7.13e-07	58.2
Bothrops_jararaca_C9B	CP126891.1	583	47	529	575	199315735	199315595	48.936	3.08e-06	55.8
Laticauda_colubrina_C9B	CP126896.1	583	93	277	364	92341657	92341935	59.140	9.49e-27	121
Laticauda_colubrina_C9B	CP126896.1	583	80	453	532	92349485	92349724	60.000	1.73e-24	114
Laticauda_colubrina_C9B	CP126896.1	583	48	155	202	92337183	92337326	70.833	2.40e-15	85.5
Laticauda_colubrina_C9B	CP126896.1	583	50	107	156	92333500	92333649	62.000	7.21e-11	70.9
Laticauda_colubrina_C9B	CP126896.1	583	69	457	525	91662131	91661928	40.580	9.07e-09	64.3
Laticauda_colubrina_C9B	CP126896.1	583	58	54	111	92327908	92328078	50.000	2.52e-07	59.3
Laticauda_colubrina_C9B	CP126896.1	583	79	277	355	91606043	91606279	32.911	5.29e-07	58.5
Laticauda_colubrina_C9B	CP126896.1	583	61	401	461	92346713	92346892	44.262	1.52e-06	57.0
Laticauda_colubrina_C9B	CP126897.1	583	296	237	527	8919868	8919056	27.027	3.23e-11	72.0
Laticauda_colubrina_C9B	CP126891.1	583	81	274	354	199281695	199281937	33.333	5.68e-08	61.6
Laticauda_colubrina_C9B	CP126891.1	583	81	277	357	199336087	199335845	32.099	6.68e-08	61.2
Laticauda_colubrina_C9B	CP126891.1	583	70	456	524	199317682	199317473	38.571	1.40e-06	57.0
Laticauda_colubrina_C9B	CP126891.1	583	46	538	583	199315708	199315571	47.826	8.63e-06	54.3
Pseudonaja_textilis_C9B	CP126896.1	583	78	277	354	92341657	92341890	66.667	3.73e-27	122
Pseudonaja_textilis_C9B	CP126896.1	583	80	453	532	92349485	92349724	60.000	2.32e-24	114
Pseudonaja_textilis_C9B	CP126896.1	583	49	155	203	92337183	92337329	65.306	3.26e-14	81.6
Pseudonaja_textilis_C9B	CP126896.1	583	56	107	162	92333500	92333667	57.143	5.71e-10	68.2
Pseudonaja_textilis_C9B	CP126896.1	583	73	453	525	91662143	91661928	41.096	1.06e-09	67.0
Pseudonaja_textilis_C9B	CP126896.1	583	58	54	111	92327908	92328078	50.000	4.83e-08	62.0
Pseudonaja_textilis_C9B	CP126896.1	583	48	536	583	91660375	91660232	54.167	1.31e-07	60.5
Pseudonaja_textilis_C9B	CP126896.1	583	73	394	466	92346692	92346907	39.726	2.50e-07	59.3
Pseudonaja_textilis_C9B	CP126896.1	583	78	277	354	91606043	91606276	30.769	6.80e-06	54.7
Pseudonaja_textilis_C9B	CP126891.1	583	78	277	354	199336087	199335854	33.333	2.59e-08	62.8
Pseudonaja_textilis_C9B	CP126891.1	583	85	270	354	199281683	199281937	31.765	6.85e-08	61.2
Pseudonaja_textilis_C9B	CP126891.1	583	70	456	524	199317682	199317473	40.000	1.49e-07	60.1
Pseudonaja_textilis_C9B	CP126891.1	583	46	538	583	199315708	199315571	47.826	4.64e-06	55.5
Pseudonaja_textilis_C9B	CP126897.1	583	244	298	527	8919718	8919056	25.000	8.33e-08	61.2
Notechis_scutatus_C9B	CP126896.1	583	93	277	364	92341657	92341935	59.140	7.95e-27	121
Notechis_scutatus_C9B	CP126896.1	583	80	453	532	92349485	92349724	60.000	1.63e-24	114
Notechis_scutatus_C9B	CP126896.1	583	49	155	203	92337183	92337329	65.306	4.41e-14	81.3
Notechis_scutatus_C9B	CP126896.1	583	56	107	162	92333500	92333667	58.929	2.25e-10	69.3
Notechis_scutatus_C9B	CP126896.1	583	69	457	525	91662131	91661928	40.580	1.49e-09	66.6
Notechis_scutatus_C9B	CP126896.1	583	58	54	111	92327908	92328078	50.000	6.97e-08	61.2
Notechis_scutatus_C9B	CP126896.1	583	48	536	583	91660375	91660232	54.167	6.17e-07	58.2
Notechis_scutatus_C9B	CP126896.1	583	61	401	461	92346713	92346892	47.541	1.43e-06	57.0
Notechis_scutatus_C9B	CP126897.1	583	298	237	529	8919868	8919050	25.839	6.66e-10	67.8
Notechis_scutatus_C9B	CP126891.1	583	70	456	524	199317682	199317473	40.000	1.50e-07	60.1
Notechis_scutatus_C9B	CP126891.1	583	85	270	354	199281683	199281937	30.588	2.28e-07	59.7
Notechis_scutatus_C9B	CP126891.1	583	79	277	355	199336087	199335851	30.380	3.83e-07	58.9
Notechis_scutatus_C9B	CP126891.1	583	46	538	583	199315708	199315571	50.000	4.52e-06	55.5
Pituophis_catenifer_C9B	CP126896.1	583	80	453	532	92349485	92349724	65.000	6.89e-27	122
Pituophis_catenifer_C9B	CP126896.1	583	78	276	353	92341654	92341887	64.103	9.48e-25	115
Pituophis_catenifer_C9B	CP126896.1	583	49	155	203	92337183	92337329	67.347	2.08e-14	82.4
Pituophis_catenifer_C9B	CP126896.1	583	56	107	162	92333500	92333667	60.714	7.33e-12	74.3
Pituophis_catenifer_C9B	CP126896.1	583	58	54	111	92327908	92328078	55.172	4.07e-09	65.5
Pituophis_catenifer_C9B	CP126896.1	583	69	457	525	91662131	91661928	42.029	6.40e-09	64.7
Pituophis_catenifer_C9B	CP126896.1	583	40	25	64	92325348	92325467	50.000	6.80e-06	54.7
Pituophis_catenifer_C9B	CP126896.1	583	70	456	525	91616903	91617109	38.571	9.08e-06	54.3
Pituophis_catenifer_C9B	CP126897.1	583	235	298	527	8919718	8919056	26.383	4.27e-10	68.6
Pituophis_catenifer_C9B	CP126891.1	583	70	456	524	199317682	199317473	38.571	4.78e-07	58.5
Pituophis_catenifer_C9B	CP126891.1	583	78	273	350	199281692	199281925	33.333	8.03e-07	57.8
Pituophis_catenifer_C9B	CP126891.1	583	94	253	346	199336156	199335878	32.979	1.56e-06	57.0
Pituophis_catenifer_C9B	CP126891.1	583	51	537	583	162262623	162262775	49.020	9.97e-06	54.3
Pantherophis_obsoletus_C9B	CP126896.1	583	93	277	364	92341657	92341935	61.290	1.34e-28	127
Pantherophis_obsoletus_C9B	CP126896.1	583	80	453	532	92349485	92349724	61.250	6.25e-26	119
Pantherophis_obsoletus_C9B	CP126896.1	583	49	155	203	92337183	92337329	67.347	2.56e-14	82.0
Pantherophis_obsoletus_C9B	CP126896.1	583	56	107	162	92333500	92333667	60.714	9.24e-12	73.9
Pantherophis_obsoletus_C9B	CP126896.1	583	58	54	111	92327908	92328078	53.448	3.35e-08	62.4
Pantherophis_obsoletus_C9B	CP126896.1	583	69	457	525	91662131	91661928	34.783	4.43e-07	58.5
Pantherophis_obsoletus_C9B	CP126896.1	583	74	456	529	91616903	91617121	36.486	4.56e-06	55.5
Pantherophis_obsoletus_C9B	CP126896.1	583	66	401	466	92346713	92346907	40.909	4.56e-06	55.5
Pantherophis_obsoletus_C9B	CP126897.1	583	222	298	514	8919718	8919095	26.126	9.21e-10	67.4
Pantherophis_obsoletus_C9B	CP126891.1	583	118	253	370	199336156	199335827	33.898	1.24e-09	67.0
Pantherophis_obsoletus_C9B	CP126891.1	583	81	274	354	199281695	199281937	32.099	8.55e-08	60.8
Pantherophis_obsoletus_C9B	CP126891.1	583	70	456	524	199317682	199317473	35.714	4.88e-06	55.5
Pantherophis_obsoletus_C9B	CP126891.1	583	51	537	583	162262623	162262775	50.980	6.74e-06	54.7
Crotalus_tigris_C9B	CP126896.1	583	80	453	532	92349485	92349724	61.250	4.23e-26	119
Crotalus_tigris_C9B	CP126896.1	583	79	277	354	92341657	92341893	65.823	2.58e-24	114
Crotalus_tigris_C9B	CP126896.1	583	49	155	203	92337183	92337329	63.265	6.32e-13	77.8
Crotalus_tigris_C9B	CP126896.1	583	50	107	156	92333500	92333649	68.000	1.27e-11	73.6
Crotalus_tigris_C9B	CP126896.1	583	58	54	111	92327908	92328078	51.724	2.75e-08	62.8
Crotalus_tigris_C9B	CP126896.1	583	78	448	525	91662158	91661928	37.179	2.92e-08	62.4
Crotalus_tigris_C9B	CP126896.1	583	67	400	466	92346710	92346907	43.284	5.04e-08	61.6
Crotalus_tigris_C9B	CP126897.1	583	223	298	514	8919718	8919095	28.251	8.70e-11	70.9
Crotalus_tigris_C9B	CP126891.1	583	74	277	350	199281704	199281925	32.432	2.53e-06	56.2
Crotalus_tigris_C9B	CP126891.1	583	70	456	524	199317682	199317473	35.714	3.30e-06	55.8
Crotalus_tigris_C9B	CP126891.1	583	70	277	346	199336087	199335878	32.857	7.93e-06	54.7
Ptyas_mucosa_C9B	CP126896.1	583	80	453	532	92349485	92349724	60.000	5.63e-25	115
Ptyas_mucosa_C9B	CP126896.1	583	78	276	353	92341654	92341887	64.103	1.01e-24	115
Ptyas_mucosa_C9B	CP126896.1	583	49	155	203	92337183	92337329	67.347	2.25e-14	82.4
Ptyas_mucosa_C9B	CP126896.1	583	56	107	162	92333500	92333667	60.714	3.51e-11	72.0
Ptyas_mucosa_C9B	CP126896.1	583	58	54	111	92327908	92328078	50.000	3.67e-07	58.9
Ptyas_mucosa_C9B	CP126896.1	583	74	456	529	91616903	91617121	37.838	5.81e-07	58.2
Ptyas_mucosa_C9B	CP126896.1	583	58	468	525	91662101	91661928	36.207	2.62e-06	56.2
Ptyas_mucosa_C9B	CP126896.1	583	57	401	457	92346713	92346880	47.368	2.81e-06	56.2
Ptyas_mucosa_C9B	CP126897.1	583	222	298	514	8919718	8919095	27.477	1.73e-09	66.6
Ptyas_mucosa_C9B	CP126891.1	583	78	273	350	199281692	199281925	33.333	6.77e-07	58.2
Ptyas_mucosa_C9B	CP126891.1	583	70	277	346	199336087	199335878	34.286	3.53e-06	55.8
