# Furcifer_pardalis_copy1 subject=CP126896.1 region_offset=92308512 (add to sstart/send)
Lacerta_agilis_C9A	region	589	80	455	534	40974	41213	71.250	1.19e-34	132
Lacerta_agilis_C9A	region	589	84	277	360	33140	33391	65.476	1.58e-32	125
Lacerta_agilis_C9A	region	589	50	153	202	28672	28821	74.000	1.59e-20	87.8
Lacerta_agilis_C9A	region	589	55	55	109	19403	19567	65.455	5.61e-20	85.9
Lacerta_agilis_C9A	region	589	59	105	163	24989	25165	66.102	1.34e-16	75.1
Lacerta_agilis_C9A	region	589	56	403	458	38202	38366	66.071	3.40e-16	73.9
Lacerta_agilis_C9A	region	589	84	201	275	30116	30367	41.667	3.86e-13	63.9
Lacerta_agilis_C9A	region	589	39	26	63	16840	16956	61.538	4.47e-09	50.8
Lacerta_agilis_C9A	region	589	47	540	585	42720	42860	68.085	8.60e-09	49.7
Lacerta_agilis_C9A	region	589	84	321	397	34236	34481	23.810	2.09e-04	35.4
Lacerta_agilis_C9A	region	589	26	1	26	15001	15078	46.154	0.058	27.3
Zootoca_vivipara_C9A	region	589	80	455	534	40974	41213	68.750	7.06e-34	129
Zootoca_vivipara_C9A	region	589	84	277	360	33140	33391	65.476	1.41e-32	125
Zootoca_vivipara_C9A	region	589	50	153	202	28672	28821	74.000	2.12e-20	87.4
Zootoca_vivipara_C9A	region	589	55	55	109	19403	19567	65.455	4.89e-20	86.3
Zootoca_vivipara_C9A	region	589	59	105	163	24989	25165	64.407	1.95e-16	74.7
Zootoca_vivipara_C9A	region	589	56	403	458	38202	38366	66.071	4.11e-16	73.6
Zootoca_vivipara_C9A	region	589	84	201	275	30116	30367	39.286	2.10e-11	58.2
Zootoca_vivipara_C9A	region	589	47	540	585	42720	42860	68.085	1.57e-08	48.9
Zootoca_vivipara_C9A	region	589	39	26	63	16840	16956	56.410	1.99e-08	48.5
Zootoca_vivipara_C9A	region	589	84	321	397	34236	34481	23.810	3.94e-04	34.7
Zootoca_vivipara_C9A	region	589	26	1	26	15001	15078	46.154	0.061	27.3
Podarcis_muralis_C9A	region	589	80	455	534	40974	41213	66.250	9.78e-33	126
Podarcis_muralis_C9A	region	589	82	279	360	33146	33391	65.854	6.53e-32	124
Podarcis_muralis_C9A	region	589	50	153	202	28672	28821	74.000	1.64e-20	87.8
Podarcis_muralis_C9A	region	589	55	55	109	19403	19567	63.636	3.14e-19	83.6
Podarcis_muralis_C9A	region	589	57	402	458	38199	38366	68.421	1.64e-17	78.2
Podarcis_muralis_C9A	region	589	59	105	163	24989	25165	66.102	1.27e-16	75.1
Podarcis_muralis_C9A	region	589	84	201	275	30116	30367	40.476	2.17e-11	58.2
Podarcis_muralis_C9A	region	589	39	26	63	16840	16956	61.538	5.81e-09	50.4
Podarcis_muralis_C9A	region	589	47	540	585	42720	42860	68.085	1.00e-08	49.7
Podarcis_muralis_C9A	region	589	85	321	398	34236	34469	25.882	4.91e-04	34.3
Anolis_carolinensis_C9A	region	591	93	281	368	33146	33424	73.118	7.56e-38	142
Anolis_carolinensis_C9A	region	591	81	457	537	40974	41216	75.309	1.79e-36	137
Anolis_carolinensis_C9A	region	591	50	106	155	24989	25138	86.000	2.99e-21	90.1
Anolis_carolinensis_C9A	region	591	47	156	202	28678	28818	80.851	4.26e-21	89.7
Anolis_carolinensis_C9A	region	591	55	56	110	19403	19567	69.091	1.44e-20	87.8
Anolis_carolinensis_C9A	region	591	84	202	277	30116	30367	50.000	7.53e-17	75.9
Anolis_carolinensis_C9A	region	591	63	408	470	38211	38396	52.381	2.33e-15	71.2
Anolis_carolinensis_C9A	region	591	55	537	591	42705	42869	67.273	3.98e-13	63.9
Anolis_carolinensis_C9A	region	591	54	11	64	16810	16956	50.000	2.28e-11	58.2
Anolis_carolinensis_C9A	region	591	76	331	399	34260	34481	31.579	2.78e-06	41.6
Anolis_carolinensis_C9A	region	591	26	1	26	15001	15078	53.846	0.008	30.4
Pogona_vitticeps_C9A	region	576	96	247	339	33092	33379	83.333	5.58e-46	166
Pogona_vitticeps_C9A	region	576	79	438	516	40974	41210	75.949	6.58e-36	135
Pogona_vitticeps_C9A	region	576	74	154	227	28672	28893	66.216	2.56e-26	106
Pogona_vitticeps_C9A	region	576	55	56	110	19403	19567	72.727	2.21e-23	96.7
Pogona_vitticeps_C9A	region	576	56	106	161	24989	25156	75.000	1.75e-20	87.4
Pogona_vitticeps_C9A	region	576	59	389	447	38211	38384	66.102	2.11e-18	80.9
Pogona_vitticeps_C9A	region	576	59	520	575	42693	42869	76.271	3.75e-16	73.6
Pogona_vitticeps_C9A	region	576	50	25	74	16837	16983	60.000	4.91e-13	63.5
Pogona_vitticeps_C9A	region	576	76	312	380	34260	34481	38.158	3.60e-10	54.3
Pogona_vitticeps_C9A	region	576	26	1	26	15001	15078	80.769	1.99e-08	48.5
Pogona_vitticeps_C9A	region	576	17	289	305	33282	33232	52.941	0.73	23.9
Gekko_japonicus_C9A	region	582	74	451	524	40974	41195	72.973	9.40e-30	117
Gekko_japonicus_C9A	region	582	86	291	376	33134	33391	60.465	9.57e-30	117
Gekko_japonicus_C9A	region	582	50	171	220	28672	28821	60.000	1.79e-16	74.7
Gekko_japonicus_C9A	region	582	60	122	181	24989	25165	55.000	3.09e-14	67.4
Gekko_japonicus_C9A	region	582	58	69	126	19403	19567	53.448	1.27e-12	62.4
Gekko_japonicus_C9A	region	582	56	396	451	38199	38357	48.214	3.57e-10	54.3
Gekko_japonicus_C9A	region	582	39	39	77	16840	16956	58.974	9.41e-10	52.8
Gekko_japonicus_C9A	region	582	82	218	288	30113	30358	32.927	5.34e-08	47.4
Gekko_japonicus_C9A	region	582	53	530	582	42702	42860	56.604	9.50e-07	43.1
Crotalus_tigris_C9A	region	583	80	453	532	40974	41213	61.250	1.70e-30	119
Crotalus_tigris_C9A	region	583	76	277	352	33146	33373	65.789	4.43e-29	114
Crotalus_tigris_C9A	region	583	49	155	203	28672	28818	63.265	2.10e-17	77.8
Crotalus_tigris_C9A	region	583	50	107	156	24989	25138	66.000	2.41e-15	71.2
Crotalus_tigris_C9A	region	583	84	400	483	38199	38429	40.476	1.02e-12	62.4
Crotalus_tigris_C9A	region	583	58	54	111	19397	19567	50.000	1.63e-12	62.0
Crotalus_tigris_C9A	region	583	40	25	64	16837	16956	50.000	1.16e-09	52.8
Crotalus_tigris_C9A	region	583	51	533	583	42705	42857	62.745	3.97e-09	50.8
Crotalus_tigris_C9A	region	583	77	327	396	34260	34484	24.675	0.001	33.1
Crotalus_tigris_C9A	region	583	26	1	26	15001	15078	50.000	0.014	29.6
Crotalus_tigris_C9A	region	583	25	54	78	10235	10161	40.000	0.89	23.5
Thamnophis_elegans_C9A	region	583	93	277	364	33146	33424	59.140	3.91e-30	118
Thamnophis_elegans_C9A	region	583	80	453	532	40974	41213	60.000	1.05e-27	110
Thamnophis_elegans_C9A	region	583	49	155	203	28672	28818	69.388	1.89e-19	84.3
Thamnophis_elegans_C9A	region	583	56	107	162	24989	25156	57.143	1.47e-14	68.6
Thamnophis_elegans_C9A	region	583	73	39	111	19364	19567	46.575	3.74e-14	67.4
Thamnophis_elegans_C9A	region	583	70	397	466	38190	38396	44.286	1.52e-13	65.1
Thamnophis_elegans_C9A	region	583	40	25	64	16837	16956	55.000	3.59e-11	57.4
Thamnophis_elegans_C9A	region	583	51	533	583	42705	42857	60.784	2.03e-09	52.0
Thamnophis_elegans_C9A	region	583	82	203	271	30116	30361	30.488	9.85e-07	43.1
Thamnophis_elegans_C9A	region	583	70	327	389	34260	34463	30.000	0.007	30.4
Thamnophis_elegans_C9A	region	583	26	1	26	15001	15078	50.000	0.069	27.3
Thamnophis_elegans_C9A	region	583	25	54	78	10235	10161	36.000	0.97	23.5
Naja_naja_C9A	region	582	80	452	531	40974	41213	61.250	7.53e-30	117
Naja_naja_C9A	region	582	77	277	353	33146	33376	63.636	1.12e-28	113
Naja_naja_C9A	region	582	49	155	203	28672	28818	67.347	3.60e-18	80.1
Naja_naja_C9A	region	582	56	107	162	24989	25156	62.500	1.41e-15	71.6
Naja_naja_C9A	region	582	73	39	111	19364	19567	46.575	1.44e-13	65.5
Naja_naja_C9A	region	582	66	400	465	38202	38396	45.455	9.81e-12	59.3
Naja_naja_C9A	region	582	40	25	64	16837	16956	55.000	7.77e-11	56.6
Naja_naja_C9A	region	582	51	532	582	42705	42857	60.784	4.46e-09	50.8
Naja_naja_C9A	region	582	84	203	273	30116	30367	28.571	1.95e-05	38.9
Naja_naja_C9A	region	582	26	1	26	15001	15078	57.692	0.004	31.2
Naja_naja_C9A	region	582	60	319	371	34236	34415	21.667	0.22	25.4
Pseudonaja_textilis_C9A	region	583	80	453	532	40974	41213	63.750	8.19e-31	120
Pseudonaja_textilis_C9A	region	583	77	277	353	33146	33376	62.338	3.69e-28	112
Pseudonaja_textilis_C9A	region	583	49	155	203	28672	28818	67.347	3.46e-18	80.1
Pseudonaja_textilis_C9A	region	583	56	107	162	24989	25156	58.929	7.07e-15	69.7
Pseudonaja_textilis_C9A	region	583	58	54	111	19397	19567	51.724	7.62e-13	62.8
Pseudonaja_textilis_C9A	region	583	40	25	64	16837	16956	57.500	1.73e-11	58.5
Pseudonaja_textilis_C9A	region	583	66	401	466	38202	38396	40.909	3.11e-11	57.8
Pseudonaja_textilis_C9A	region	583	51	533	583	42705	42857	58.824	2.00e-08	48.5
Pseudonaja_textilis_C9A	region	583	84	203	273	30116	30367	29.762	1.66e-05	38.9
Pseudonaja_textilis_C9A	region	583	26	1	26	15001	15078	53.846	0.009	30.0
Pseudonaja_textilis_C9A	region	583	85	319	396	34236	34484	22.353	0.012	29.6
Python_bivittatus_C9A	region	582	80	453	532	40974	41213	63.750	7.62e-31	120
Python_bivittatus_C9A	region	582	78	277	354	33146	33379	64.103	1.40e-28	113
Python_bivittatus_C9A	region	582	49	155	203	28672	28818	65.306	2.93e-18	80.5
Python_bivittatus_C9A	region	582	56	107	162	24989	25156	55.357	2.09e-13	64.7
Python_bivittatus_C9A	region	582	61	397	457	38190	38369	50.820	1.06e-12	62.4
Python_bivittatus_C9A	region	582	58	54	111	19397	19567	51.724	1.24e-12	62.4
Python_bivittatus_C9A	region	582	48	535	582	42714	42857	77.083	7.34e-12	59.7
Python_bivittatus_C9A	region	582	40	25	64	16837	16956	60.000	3.43e-11	57.8
Python_bivittatus_C9A	region	582	83	203	272	30116	30364	30.120	6.17e-08	47.0
Python_bivittatus_C9A	region	582	26	1	26	15001	15078	65.385	1.89e-04	35.4
Python_bivittatus_C9A	region	582	83	319	394	34236	34478	27.711	6.68e-04	33.9
Notechis_scutatus_C9A	region	583	80	453	532	40974	41213	62.500	5.57e-30	117
Notechis_scutatus_C9A	region	583	77	277	353	33146	33376	62.338	3.79e-28	112
Notechis_scutatus_C9A	region	583	49	155	203	28672	28818	67.347	3.41e-18	80.1
Notechis_scutatus_C9A	region	583	56	107	162	24989	25156	60.714	2.78e-15	70.9
Notechis_scutatus_C9A	region	583	58	54	111	19397	19567	53.448	4.30e-13	63.9
Notechis_scutatus_C9A	region	583	40	25	64	16837	16956	57.500	1.80e-11	58.5
Notechis_scutatus_C9A	region	583	66	401	466	38202	38396	40.909	2.90e-11	57.8
Notechis_scutatus_C9A	region	583	54	530	583	42696	42857	57.407	1.28e-08	49.3
Notechis_scutatus_C9A	region	583	84	203	273	30116	30367	29.762	1.70e-05	38.9
Notechis_scutatus_C9A	region	583	26	1	26	15001	15078	61.538	0.001	33.1
Notechis_scutatus_C9A	region	583	87	319	398	34236	34490	22.989	0.005	30.8
Hydrophis_cyanocinctus_C9A	region	583	80	453	532	40974	41213	62.500	3.55e-30	118
Hydrophis_cyanocinctus_C9A	region	583	77	277	353	33146	33376	62.338	3.72e-28	112
Hydrophis_cyanocinctus_C9A	region	583	49	155	203	28672	28818	65.306	1.03e-17	78.6
Hydrophis_cyanocinctus_C9A	region	583	56	107	162	24989	25156	60.714	3.16e-15	70.9
Hydrophis_cyanocinctus_C9A	region	583	58	54	111	19397	19567	53.448	4.20e-13	63.9
Hydrophis_cyanocinctus_C9A	region	583	40	25	64	16837	16956	57.500	1.83e-11	58.5
Hydrophis_cyanocinctus_C9A	region	583	63	404	466	38211	38396	41.270	1.68e-10	55.5
Hydrophis_cyanocinctus_C9A	region	583	54	530	583	42696	42857	57.407	1.26e-08	49.3
Hydrophis_cyanocinctus_C9A	region	583	84	203	273	30116	30367	30.952	4.24e-06	40.8
Hydrophis_cyanocinctus_C9A	region	583	26	1	26	15001	15078	53.846	0.009	30.0
Hydrophis_cyanocinctus_C9A	region	583	78	319	389	34236	34463	24.359	0.009	30.0
Laticauda_colubrina_C9A	region	583	80	453	532	40974	41213	63.750	3.22e-30	118
Laticauda_colubrina_C9A	region	583	77	277	353	33146	33376	62.338	3.47e-28	112
Laticauda_colubrina_C9A	region	583	49	155	203	28672	28818	67.347	4.08e-18	80.1
Laticauda_colubrina_C9A	region	583	56	107	162	24989	25156	58.929	7.83e-15	69.3
Laticauda_colubrina_C9A	region	583	73	39	111	19364	19567	45.205	1.35e-12	62.0
Laticauda_colubrina_C9A	region	583	66	401	466	38202	38396	45.455	6.59e-12	60.1
Laticauda_colubrina_C9A	region	583	40	25	64	16837	16956	57.500	2.74e-11	57.8
Laticauda_colubrina_C9A	region	583	54	530	583	42696	42857	57.407	1.26e-08	49.3
Laticauda_colubrina_C9A	region	583	84	203	273	30116	30367	29.762	1.10e-05	39.7
Laticauda_colubrina_C9A	region	583	26	1	26	15001	15078	53.846	0.009	30.0
Laticauda_colubrina_C9A	region	583	78	319	389	34236	34463	21.795	0.36	25.0
Protobothrops_mucrosquamatus_C9A	region	583	97	258	354	33104	33379	59.794	1.24e-31	122
Protobothrops_mucrosquamatus_C9A	region	583	80	453	532	40974	41213	65.000	1.59e-31	122
Protobothrops_mucrosquamatus_C9A	region	583	49	155	203	28672	28818	63.265	2.22e-18	80.9
Protobothrops_mucrosquamatus_C9A	region	583	56	107	162	24989	25156	53.571	1.35e-13	65.5
Protobothrops_mucrosquamatus_C9A	region	583	58	54	111	19397	19567	50.000	2.86e-12	61.2
Protobothrops_mucrosquamatus_C9A	region	583	70	397	466	38190	38396	41.429	1.01e-11	59.3
Protobothrops_mucrosquamatus_C9A	region	583	51	533	583	42705	42857	64.706	5.14e-11	57.0
Protobothrops_mucrosquamatus_C9A	region	583	83	203	272	30116	30364	32.530	7.02e-09	50.1
Protobothrops_mucrosquamatus_C9A	region	583	40	25	64	16837	16956	45.000	2.45e-08	48.1
Protobothrops_mucrosquamatus_C9A	region	583	54	327	373	34260	34421	27.778	0.011	29.6
Protobothrops_mucrosquamatus_C9A	region	583	33	54	86	10235	10137	36.364	0.063	27.3
Protobothrops_mucrosquamatus_C9A	region	583	26	1	26	15001	15078	50.000	0.16	26.2
Chrysopelea_ornata_C9A	region	584	80	454	533	40974	41213	65.000	5.03e-31	120
Chrysopelea_ornata_C9A	region	584	93	277	364	33146	33424	59.140	4.05e-30	118
Chrysopelea_ornata_C9A	region	584	49	155	203	28672	28818	71.429	1.17e-19	85.1
Chrysopelea_ornata_C9A	region	584	56	107	162	24989	25156	57.143	2.37e-14	67.8
Chrysopelea_ornata_C9A	region	584	99	396	492	38184	38477	39.394	5.81e-14	66.6
Chrysopelea_ornata_C9A	region	584	40	25	64	16837	16956	55.000	5.28e-11	57.0
Chrysopelea_ornata_C9A	region	584	58	54	111	19397	19567	48.276	7.30e-11	56.6
Chrysopelea_ornata_C9A	region	584	83	203	272	30116	30364	32.530	1.49e-08	48.9
Chrysopelea_ornata_C9A	region	584	51	534	584	42705	42857	54.902	2.96e-07	44.7
Chrysopelea_ornata_C9A	region	584	73	327	385	34260	34478	30.137	0.001	33.1
Chrysopelea_ornata_C9A	region	584	26	1	26	15001	15078	50.000	0.031	28.5
Pituophis_catenifer_C9A	region	583	80	453	532	40974	41213	63.750	7.70e-31	120
Pituophis_catenifer_C9A	region	583	112	258	364	33104	33424	53.571	2.28e-30	119
Pituophis_catenifer_C9A	region	583	49	155	203	28672	28818	63.265	4.84e-18	79.7
Pituophis_catenifer_C9A	region	583	56	107	162	24989	25156	57.143	5.45e-14	66.6
Pituophis_catenifer_C9A	region	583	58	54	111	19397	19567	53.448	1.44e-13	65.5
Pituophis_catenifer_C9A	region	583	63	404	466	38211	38396	47.619	3.03e-12	60.8
Pituophis_catenifer_C9A	region	583	40	25	64	16837	16956	55.000	7.16e-11	56.6
Pituophis_catenifer_C9A	region	583	50	534	583	42708	42857	58.000	3.16e-08	47.8
Pituophis_catenifer_C9A	region	583	84	203	273	30116	30367	29.762	8.11e-08	46.6
Pituophis_catenifer_C9A	region	583	84	319	395	34236	34481	22.619	0.010	30.0
Pituophis_catenifer_C9A	region	583	26	1	26	15001	15078	53.846	0.014	29.3
Pantherophis_obsoletus_C9A	region	583	93	277	364	33146	33424	61.290	7.08e-33	126
Pantherophis_obsoletus_C9A	region	583	80	453	532	40974	41213	63.750	7.43e-31	120
Pantherophis_obsoletus_C9A	region	583	49	155	203	28672	28818	65.306	9.46e-19	82.0
Pantherophis_obsoletus_C9A	region	583	58	54	111	19397	19567	56.897	1.51e-14	68.6
Pantherophis_obsoletus_C9A	region	583	56	107	162	24989	25156	57.143	3.02e-14	67.4
Pantherophis_obsoletus_C9A	region	583	70	397	466	38190	38396	44.286	1.52e-13	65.1
Pantherophis_obsoletus_C9A	region	583	40	25	64	16837	16956	57.500	6.75e-11	56.6
Pantherophis_obsoletus_C9A	region	583	51	533	583	42705	42857	56.863	2.71e-08	48.1
Pantherophis_obsoletus_C9A	region	583	83	203	272	30116	30364	30.120	3.24e-07	44.7
Pantherophis_obsoletus_C9A	region	583	76	327	395	34260	34481	27.632	8.93e-04	33.5
Pantherophis_obsoletus_C9A	region	583	26	1	26	15001	15078	53.846	0.014	29.6
Bothrops_jararaca_C9A	region	583	97	258	354	33104	33379	59.794	7.50e-31	120
Bothrops_jararaca_C9A	region	583	80	453	532	40974	41213	63.750	9.36e-31	120
Bothrops_jararaca_C9A	region	583	49	155	203	28672	28818	63.265	2.12e-18	80.9
Bothrops_jararaca_C9A	region	583	56	107	162	24989	25156	58.929	1.07e-14	68.9
Bothrops_jararaca_C9A	region	583	58	54	111	19397	19567	51.724	4.65e-13	63.5
Bothrops_jararaca_C9A	region	583	65	397	461	38190	38381	44.615	7.24e-13	63.2
Bothrops_jararaca_C9A	region	583	51	533	583	42705	42857	62.745	2.18e-10	55.1
Bothrops_jararaca_C9A	region	583	83	203	272	30116	30364	33.735	9.06e-09	49.7
Bothrops_jararaca_C9A	region	583	40	25	64	16837	16956	40.000	8.04e-08	46.6
Bothrops_jararaca_C9A	region	583	76	327	395	34260	34481	27.632	5.60e-04	33.9
Bothrops_jararaca_C9A	region	583	26	1	26	15001	15078	53.846	0.019	28.9
Bothrops_jararaca_C9A	region	583	33	54	86	10235	10137	33.333	0.31	25.0
Ptyas_mucosa_C9A	region	583	101	258	358	33104	33391	57.426	6.60e-32	123
Ptyas_mucosa_C9A	region	583	80	453	532	40974	41213	61.250	5.33e-30	117
Ptyas_mucosa_C9A	region	583	49	155	203	28672	28818	65.306	1.26e-18	81.6
Ptyas_mucosa_C9A	region	583	58	54	111	19397	19567	56.897	9.22e-15	69.3
Ptyas_mucosa_C9A	region	583	56	107	162	24989	25156	58.929	9.22e-15	69.3
Ptyas_mucosa_C9A	region	583	70	397	466	38190	38396	45.714	4.20e-13	63.9
Ptyas_mucosa_C9A	region	583	40	25	64	16837	16956	57.500	3.44e-11	57.8
Ptyas_mucosa_C9A	region	583	50	534	583	42708	42857	62.000	1.87e-08	48.5
Ptyas_mucosa_C9A	region	583	83	203	272	30116	30364	32.530	3.24e-08	47.8
Ptyas_mucosa_C9A	region	583	26	1	26	15001	15078	57.692	0.003	31.6
Ptyas_mucosa_C9A	region	583	76	327	394	34260	34478	28.947	0.011	30.0
Vipera_berus_C9A	region	583	80	453	532	40974	41213	62.500	6.00e-31	120
Vipera_berus_C9A	region	583	78	277	354	33146	33379	69.231	1.01e-30	120
Vipera_berus_C9A	region	583	49	155	203	28672	28818	65.306	1.54e-18	81.3
Vipera_berus_C9A	region	583	56	107	162	24989	25156	60.714	7.71e-16	72.8
Vipera_berus_C9A	region	583	65	397	461	38190	38381	44.615	1.09e-12	62.4
Vipera_berus_C9A	region	583	58	54	111	19397	19567	51.724	1.14e-12	62.4
Vipera_berus_C9A	region	583	51	533	583	42705	42857	62.745	4.06e-10	53.9
Vipera_berus_C9A	region	583	40	25	64	16837	16956	50.000	5.34e-10	53.5
Vipera_berus_C9A	region	583	83	203	272	30116	30364	34.940	2.21e-09	51.6
Vipera_berus_C9A	region	583	76	327	395	34260	34481	28.947	6.10e-04	33.9
Vipera_berus_C9A	region	583	26	1	26	15001	15078	53.846	0.029	28.5
Sceloporus_undulatus_C9A	region	591	97	277	368	33134	33424	70.103	5.73e-39	145
Sceloporus_undulatus_C9A	region	591	81	457	537	40974	41216	72.840	2.31e-36	137
Sceloporus_undulatus_C9A	region	591	84	202	277	30116	30367	57.143	5.81e-21	89.4
Sceloporus_undulatus_C9A	region	591	55	56	110	19403	19567	65.455	9.03e-21	88.6
Sceloporus_undulatus_C9A	region	591	66	405	470	38202	38396	65.152	5.57e-20	86.3
Sceloporus_undulatus_C9A	region	591	47	156	202	28678	28818	78.723	4.07e-19	83.2
Sceloporus_undulatus_C9A	region	591	56	106	161	24989	25156	75.000	4.55e-19	83.2
Sceloporus_undulatus_C9A	region	591	56	536	591	42702	42869	67.857	1.57e-14	68.6
Sceloporus_undulatus_C9A	region	591	57	8	64	16801	16956	56.140	8.87e-14	65.9
Sceloporus_undulatus_C9A	region	591	26	1	26	15001	15078	73.077	5.81e-06	40.4
Sceloporus_undulatus_C9A	region	591	78	331	399	34260	34481	29.487	1.74e-04	35.8
Sceloporus_undulatus_C9A	region	591	60	332	384	25294	25115	30.000	0.14	26.2
Anolis_carolinensis_C9B	region	538	81	277	357	33134	33376	75.309	4.17e-34	129
Anolis_carolinensis_C9B	region	538	81	457	537	40974	41216	70.370	1.68e-32	124
Anolis_carolinensis_C9B	region	538	56	106	161	24989	25156	76.786	9.00e-22	91.3
Anolis_carolinensis_C9B	region	538	55	56	110	19403	19567	69.091	5.77e-21	89.0
Anolis_carolinensis_C9B	region	538	49	154	202	28672	28818	75.510	5.89e-20	85.5
Anolis_carolinensis_C9B	region	538	71	400	470	38187	38396	57.746	1.31e-19	84.3
Anolis_carolinensis_C9B	region	538	84	202	277	30116	30367	52.381	2.93e-19	83.6
Anolis_carolinensis_C9B	region	538	39	26	64	16840	16956	58.974	1.06e-10	55.8
Anolis_carolinensis_C9B	region	538	77	331	400	34260	34484	29.870	2.89e-04	34.7
Anolis_carolinensis_C9B	region	538	26	1	26	15001	15078	57.692	0.023	28.5
Anolis_carolinensis_C9B	region	538	24	269	292	51973	51902	45.833	0.83	23.5
Hydrophis_cyanocinctus_C9B	region	582	93	276	363	33146	33424	60.215	5.64e-31	120
Hydrophis_cyanocinctus_C9B	region	582	80	452	531	40974	41213	56.250	4.31e-27	108
Hydrophis_cyanocinctus_C9B	region	582	49	154	202	28672	28818	65.306	1.96e-18	80.9
Hydrophis_cyanocinctus_C9B	region	582	56	106	161	24989	25156	58.929	8.01e-15	69.3
Hydrophis_cyanocinctus_C9B	region	582	58	53	110	19397	19567	50.000	4.01e-12	60.5
Hydrophis_cyanocinctus_C9B	region	582	61	400	460	38202	38381	47.541	1.75e-11	58.5
Hydrophis_cyanocinctus_C9B	region	582	37	24	58	16837	16947	56.757	1.57e-08	48.9
Hydrophis_cyanocinctus_C9B	region	582	83	202	271	30116	30364	33.735	1.02e-07	46.2
Hydrophis_cyanocinctus_C9B	region	582	50	533	582	42708	42857	58.000	1.15e-07	46.2
Hydrophis_cyanocinctus_C9B	region	582	77	326	395	34260	34481	25.974	0.013	29.6
Hydrophis_cyanocinctus_C9B	region	582	22	4	25	15013	15078	54.545	0.083	26.9
Bothrops_jararaca_C9B	region	583	97	258	354	33104	33379	60.825	1.00e-31	123
Bothrops_jararaca_C9B	region	583	80	453	532	40974	41213	63.750	9.70e-31	120
Bothrops_jararaca_C9B	region	583	49	155	203	28672	28818	65.306	9.29e-19	82.0
Bothrops_jararaca_C9B	region	583	56	107	162	24989	25156	57.143	1.33e-14	68.6
Bothrops_jararaca_C9B	region	583	58	54	111	19397	19567	51.724	5.56e-13	63.5
Bothrops_jararaca_C9B	region	583	70	397	466	38190	38396	40.000	1.47e-12	62.0
Bothrops_jararaca_C9B	region	583	51	533	583	42705	42857	62.745	3.10e-10	54.3
Bothrops_jararaca_C9B	region	583	83	203	272	30116	30364	30.120	1.96e-08	48.5
Bothrops_jararaca_C9B	region	583	40	25	64	16837	16956	42.500	5.40e-08	47.0
Bothrops_jararaca_C9B	region	583	76	327	395	34260	34481	26.316	0.004	31.2
Bothrops_jararaca_C9B	region	583	26	1	26	15001	15078	53.846	0.025	28.5
Bothrops_jararaca_C9B	region	583	33	54	86	10235	10137	33.333	0.36	25.0
Laticauda_colubrina_C9B	region	583	93	277	364	33146	33424	59.140	3.34e-31	121
Laticauda_colubrina_C9B	region	583	80	453	532	40974	41213	60.000	6.09e-29	114
Laticauda_colubrina_C9B	region	583	48	155	202	28672	28815	70.833	8.48e-20	85.5
Laticauda_colubrina_C9B	region	583	50	107	156	24989	25138	62.000	2.55e-15	70.9
Laticauda_colubrina_C9B	region	583	58	54	111	19397	19567	50.000	8.96e-12	59.3
Laticauda_colubrina_C9B	region	583	61	401	461	38202	38381	44.262	5.41e-11	57.0
Laticauda_colubrina_C9B	region	583	37	25	59	16837	16947	59.459	1.40e-09	52.4
Laticauda_colubrina_C9B	region	583	50	534	583	42708	42857	54.000	6.33e-07	43.5
Laticauda_colubrina_C9B	region	583	41	205	245	30122	30244	39.024	2.81e-05	38.1
Laticauda_colubrina_C9B	region	583	26	1	26	15001	15078	61.538	0.001	33.1
Laticauda_colubrina_C9B	region	583	79	327	398	34260	34490	27.848	0.005	31.2
Laticauda_colubrina_C9B	region	583	53	332	384	34018	33860	26.415	0.95	23.5
Pseudonaja_textilis_C9B	region	583	78	277	354	33146	33379	66.667	1.31e-31	122
Pseudonaja_textilis_C9B	region	583	80	453	532	40974	41213	60.000	8.15e-29	114
Pseudonaja_textilis_C9B	region	583	49	155	203	28672	28818	65.306	1.15e-18	81.6
Pseudonaja_textilis_C9B	region	583	56	107	162	24989	25156	57.143	2.02e-14	68.2
Pseudonaja_textilis_C9B	region	583	58	54	111	19397	19567	50.000	1.71e-12	62.0
Pseudonaja_textilis_C9B	region	583	73	394	466	38181	38396	39.726	8.88e-12	59.3
Pseudonaja_textilis_C9B	region	583	39	25	63	16837	16953	51.282	2.64e-09	51.6
Pseudonaja_textilis_C9B	region	583	83	203	272	30116	30364	34.940	3.47e-08	47.8
Pseudonaja_textilis_C9B	region	583	50	534	583	42708	42857	54.000	2.10e-06	42.0
Pseudonaja_textilis_C9B	region	583	26	1	26	15001	15078	61.538	0.001	33.1
Pseudonaja_textilis_C9B	region	583	72	327	391	34260	34466	29.167	0.003	31.6
Notechis_scutatus_C9B	region	583	93	277	364	33146	33424	59.140	2.79e-31	121
Notechis_scutatus_C9B	region	583	80	453	532	40974	41213	60.000	5.72e-29	114
Notechis_scutatus_C9B	region	583	49	155	203	28672	28818	65.306	1.56e-18	81.3
Notechis_scutatus_C9B	region	583	56	107	162	24989	25156	58.929	7.97e-15	69.3
Notechis_scutatus_C9B	region	583	58	54	111	19397	19567	50.000	2.47e-12	61.2
Notechis_scutatus_C9B	region	583	61	401	461	38202	38381	47.541	5.09e-11	57.0
Notechis_scutatus_C9B	region	583	37	25	59	16837	16947	59.459	1.36e-09	52.4
Notechis_scutatus_C9B	region	583	50	534	583	42708	42857	58.000	1.28e-07	45.8
Notechis_scutatus_C9B	region	583	83	203	272	30116	30364	31.325	1.38e-06	42.7
Notechis_scutatus_C9B	region	583	26	1	26	15001	15078	61.538	0.001	33.1
Notechis_scutatus_C9B	region	583	76	327	395	34260	34478	27.632	0.001	33.1
Pituophis_catenifer_C9B	region	583	80	453	532	40974	41213	65.000	2.42e-31	122
Pituophis_catenifer_C9B	region	583	78	276	353	33143	33376	64.103	3.34e-29	115
Pituophis_catenifer_C9B	region	583	49	155	203	28672	28818	67.347	7.37e-19	82.4
Pituophis_catenifer_C9B	region	583	56	107	162	24989	25156	60.714	2.60e-16	74.3
Pituophis_catenifer_C9B	region	583	58	54	111	19397	19567	55.172	1.44e-13	65.5
Pituophis_catenifer_C9B	region	583	40	25	64	16837	16956	50.000	2.42e-10	54.7
Pituophis_catenifer_C9B	region	583	54	404	457	38211	38369	48.148	4.21e-10	53.9
Pituophis_catenifer_C9B	region	583	48	536	583	42714	42857	66.667	1.33e-09	52.4
Pituophis_catenifer_C9B	region	583	86	203	273	30116	30367	30.233	7.57e-07	43.5
Pituophis_catenifer_C9B	region	583	26	1	26	15001	15078	53.846	0.012	29.6
Pituophis_catenifer_C9B	region	583	83	319	394	34236	34478	21.687	0.052	27.7
Pantherophis_obsoletus_C9B	region	583	93	277	364	33146	33424	61.290	4.69e-33	127
Pantherophis_obsoletus_C9B	region	583	80	453	532	40974	41213	61.250	2.20e-30	119
Pantherophis_obsoletus_C9B	region	583	49	155	203	28672	28818	67.347	9.06e-19	82.0
Pantherophis_obsoletus_C9B	region	583	56	107	162	24989	25156	60.714	3.27e-16	73.9
Pantherophis_obsoletus_C9B	region	583	58	54	111	19397	19567	53.448	1.19e-12	62.4
Pantherophis_obsoletus_C9B	region	583	66	401	466	38202	38396	40.909	1.62e-10	55.5
Pantherophis_obsoletus_C9B	region	583	40	25	64	16837	16956	52.500	5.52e-10	53.5
Pantherophis_obsoletus_C9B	region	583	48	536	583	42714	42857	64.583	1.94e-09	52.0
Pantherophis_obsoletus_C9B	region	583	85	203	272	30116	30364	29.412	2.34e-06	42.0
Pantherophis_obsoletus_C9B	region	583	76	327	395	34260	34481	26.316	0.004	31.2
Pantherophis_obsoletus_C9B	region	583	26	1	26	15001	15078	53.846	0.010	30.0
Crotalus_tigris_C9B	region	583	80	453	532	40974	41213	61.250	1.49e-30	119
Crotalus_tigris_C9B	region	583	79	277	354	33146	33382	65.823	9.06e-29	114
Crotalus_tigris_C9B	region	583	49	155	203	28672	28818	63.265	2.23e-17	77.8
Crotalus_tigris_C9B	region	583	50	107	156	24989	25138	68.000	4.49e-16	73.6
Crotalus_tigris_C9B	region	583	58	54	111	19397	19567	51.724	9.76e-13	62.8
Crotalus_tigris_C9B	region	583	67	400	466	38199	38396	43.284	1.79e-12	61.6
Crotalus_tigris_C9B	region	583	40	25	64	16837	16956	52.500	3.70e-10	54.3
Crotalus_tigris_C9B	region	583	51	533	583	42705	42857	60.784	6.61e-09	50.1
Crotalus_tigris_C9B	region	583	83	203	272	30116	30364	31.325	1.55e-05	39.3
Crotalus_tigris_C9B	region	583	77	327	396	34260	34484	24.675	0.001	32.7
Crotalus_tigris_C9B	region	583	26	1	26	15001	15078	50.000	0.013	29.6
Crotalus_tigris_C9B	region	583	25	54	78	10235	10161	40.000	0.80	23.9
Ptyas_mucosa_C9B	region	583	80	453	532	40974	41213	60.000	1.98e-29	115
Ptyas_mucosa_C9B	region	583	78	276	353	33143	33376	64.103	3.55e-29	115
Ptyas_mucosa_C9B	region	583	49	155	203	28672	28818	67.347	7.96e-19	82.4
Ptyas_mucosa_C9B	region	583	56	107	162	24989	25156	60.714	1.24e-15	72.0
Ptyas_mucosa_C9B	region	583	58	54	111	19397	19567	50.000	1.30e-11	58.9
Ptyas_mucosa_C9B	region	583	57	401	457	38202	38369	47.368	9.98e-11	56.2
Ptyas_mucosa_C9B	region	583	48	536	583	42714	42857	64.583	3.56e-09	50.8
Ptyas_mucosa_C9B	region	583	86	203	273	30116	30367	31.395	5.08e-07	43.9
Ptyas_mucosa_C9B	region	583	40	25	64	16837	16956	37.500	8.52e-07	43.1
Ptyas_mucosa_C9B	region	583	82	319	393	34236	34475	25.610	5.37e-04	34.3
Ptyas_mucosa_C9B	region	583	25	1	25	15001	15075	56.000	0.067	27.3
