# Hemicordylus_capensis DAB2/FYB1 anchors on NC_069658.1:25975211-30002116 (sstart/send relative to region; add 25975210)
Anolis_carolinensis_DAB2	2052009	2051371	276
Anolis_carolinensis_DAB2	2047847	2047317	183
Anolis_carolinensis_DAB2	2056471	2056325	103
Anolis_carolinensis_DAB2	2058740	2058600	93.2
Anolis_carolinensis_DAB2	2057459	2057331	77.4
Anolis_carolinensis_DAB2	2050451	2050302	67.0
Anolis_carolinensis_DAB2	2043687	2043565	50.8
Anolis_carolinensis_FYB1	1951166	1950060	381
Anolis_carolinensis_FYB1	1918800	1918618	94.7
Anolis_carolinensis_FYB1	1896559	1896380	89.4
Anolis_carolinensis_FYB1	1915701	1915567	70.9
Anolis_carolinensis_FYB1	1908138	1907992	55.8
Thamnophis_elegans_DAB2	2052009	2051380	268
Thamnophis_elegans_DAB2	2047847	2047317	158
Thamnophis_elegans_DAB2	2056471	2056325	102
Thamnophis_elegans_DAB2	2058734	2058600	91.3
Thamnophis_elegans_DAB2	2057459	2057331	75.9
Thamnophis_elegans_DAB2	2050451	2050302	63.5
Thamnophis_elegans_FYB1	1951166	1950051	269
Thamnophis_elegans_FYB1	1918800	1918618	98.2
Thamnophis_elegans_FYB1	1896559	1896380	90.9
Thamnophis_elegans_FYB1	1915701	1915567	75.1
Thamnophis_elegans_FYB1	1908129	1908001	66.2
