# Pantherophis_obsoletus DAB2/FYB1 anchors on WJSR01000024.1:9591003-13682345 (sstart/send relative to region; add 9591002)
Anolis_carolinensis_DAB2	2110835	2110209	305
Anolis_carolinensis_DAB2	2105027	2104500	213
Anolis_carolinensis_DAB2	2117261	2117127	99.4
Anolis_carolinensis_DAB2	2120350	2120210	97.8
Anolis_carolinensis_DAB2	2118853	2118752	72.0
Anolis_carolinensis_DAB2	2107222	2107085	63.9
Anolis_carolinensis_FYB1	1959865	1958738	306
Anolis_carolinensis_FYB1	1940131	1939955	94.4
Anolis_carolinensis_FYB1	1925455	1925273	94.0
Anolis_carolinensis_FYB1	1936721	1936581	70.9
Anolis_carolinensis_FYB1	1929901	1929782	55.1
Anolis_carolinensis_FYB1	1932964	1932842	51.2
Anolis_carolinensis_FYB1	1930136	1930032	48.9
Thamnophis_elegans_DAB2	2110835	2110209	394
Thamnophis_elegans_DAB2	2105027	2104494	350
Thamnophis_elegans_DAB2	2120350	2120210	100
Thamnophis_elegans_DAB2	2117261	2117127	100
Thamnophis_elegans_DAB2	2107222	2107085	85.9
Thamnophis_elegans_DAB2	2101951	2101823	76.6
Thamnophis_elegans_DAB2	2118853	2118752	74.3
Thamnophis_elegans_DAB2	2100304	2100239	48.9
Thamnophis_elegans_DAB2	2113036	2112962	47.8
Thamnophis_elegans_FYB1	1959865	1958735	614
Thamnophis_elegans_FYB1	1940131	1939952	111
Thamnophis_elegans_FYB1	1925455	1925273	102
Thamnophis_elegans_FYB1	1932961	1932812	95.1
Thamnophis_elegans_FYB1	1936721	1936581	89.4
Thamnophis_elegans_FYB1	1929901	1929782	73.6
