# Xantusia_vigilis DAB2/FYB1 anchors on CM123437.1:28187472-32215504 (sstart/send relative to region; add 28187471)
Anolis_carolinensis_DAB2	2047340	2046696	315
Anolis_carolinensis_DAB2	2044440	2043928	223
Anolis_carolinensis_DAB2	2050525	2050370	101
Anolis_carolinensis_DAB2	2054451	2054311	92.4
Anolis_carolinensis_DAB2	2053571	2053458	76.3
Anolis_carolinensis_DAB2	2045614	2045465	53.1
Anolis_carolinensis_FYB1	1959157	1958015	322
Anolis_carolinensis_FYB1	1927749	1927513	107
Anolis_carolinensis_FYB1	1897885	1897721	97.8
Anolis_carolinensis_FYB1	1922997	1922830	83.2
Anolis_carolinensis_FYB1	1914728	1914573	60.5
Thamnophis_elegans_DAB2	2047340	2046696	295
Thamnophis_elegans_DAB2	2044440	2043928	199
Thamnophis_elegans_DAB2	2050525	2050370	99.0
Thamnophis_elegans_DAB2	2054451	2054311	89.4
Thamnophis_elegans_DAB2	2053571	2053458	74.3
Thamnophis_elegans_FYB1	1959157	1958030	271
Thamnophis_elegans_FYB1	1897885	1897721	92.4
Thamnophis_elegans_FYB1	1927749	1927585	85.9
Thamnophis_elegans_FYB1	1922970	1922830	77.8
Thamnophis_elegans_FYB1	1914725	1914588	70.9
