# Anolis_sagrei_copy1 subject=NC_090022.1 region_offset=277829722 (add to sstart/send)
Lacerta_agilis_C9A	region	589	84	277	360	38940	39191	66.667	2.07e-32	125
Lacerta_agilis_C9A	region	589	78	457	534	45182	45415	64.103	1.49e-30	119
Lacerta_agilis_C9A	region	589	95	107	201	33915	34187	50.526	8.54e-23	94.7
Lacerta_agilis_C9A	region	589	110	390	495	43091	43414	44.545	1.32e-20	87.8
Lacerta_agilis_C9A	region	589	50	105	154	23492	23641	72.000	1.16e-17	78.6
Lacerta_agilis_C9A	region	589	51	55	105	21200	21352	60.784	7.38e-17	75.9
Lacerta_agilis_C9A	region	589	86	192	275	36772	37026	41.860	6.19e-13	63.2
Lacerta_agilis_C9A	region	589	38	26	62	19042	19155	57.895	1.51e-08	48.9
Lacerta_agilis_C9A	region	589	40	357	396	40940	41059	52.500	1.38e-07	45.8
Lacerta_agilis_C9A	region	589	34	2	35	31606	31505	32.353	0.72	23.9
Lacerta_agilis_C9A	region	589	34	2	35	24603	24502	32.353	0.72	23.9
Zootoca_vivipara_C9A	region	589	84	277	360	38940	39191	66.667	2.20e-32	125
Zootoca_vivipara_C9A	region	589	78	457	534	45182	45415	65.385	8.15e-31	120
Zootoca_vivipara_C9A	region	589	95	107	201	33915	34187	50.526	8.54e-23	94.7
Zootoca_vivipara_C9A	region	589	103	398	496	43109	43417	43.689	5.27e-20	85.9
Zootoca_vivipara_C9A	region	589	50	105	154	23492	23641	70.000	1.89e-17	77.8
Zootoca_vivipara_C9A	region	589	51	55	105	21200	21352	60.784	3.41e-17	77.0
Zootoca_vivipara_C9A	region	589	86	192	275	36772	37026	43.023	5.13e-13	63.5
Zootoca_vivipara_C9A	region	589	40	357	396	40940	41059	52.500	9.97e-09	49.3
Zootoca_vivipara_C9A	region	589	28	35	62	19072	19155	60.714	5.32e-08	47.0
Zootoca_vivipara_C9A	region	589	25	2	26	31606	31532	36.000	0.55	24.3
Zootoca_vivipara_C9A	region	589	25	2	26	24603	24529	36.000	0.55	24.3
Podarcis_muralis_C9A	region	589	84	277	360	38940	39191	67.857	3.56e-33	127
Podarcis_muralis_C9A	region	589	78	457	534	45182	45415	66.667	3.59e-32	124
Podarcis_muralis_C9A	region	589	95	107	201	33915	34187	50.526	9.31e-23	94.7
Podarcis_muralis_C9A	region	589	110	390	495	43091	43414	45.455	5.99e-21	89.0
Podarcis_muralis_C9A	region	589	50	105	154	23492	23641	72.000	1.10e-17	78.6
Podarcis_muralis_C9A	region	589	51	55	105	21200	21352	60.784	5.61e-17	76.3
Podarcis_muralis_C9A	region	589	86	192	275	36772	37026	40.698	7.86e-13	62.8
Podarcis_muralis_C9A	region	589	40	357	396	40940	41059	52.500	8.20e-09	49.7
Podarcis_muralis_C9A	region	589	38	26	62	19042	19155	55.263	1.54e-08	48.9
Anolis_carolinensis_C9A	region	591	92	277	368	38934	39206	78.261	2.33e-41	152
Anolis_carolinensis_C9A	region	591	76	462	537	45191	45418	78.947	6.04e-35	133
Anolis_carolinensis_C9A	region	591	52	56	107	21200	21355	82.692	1.30e-23	97.4
Anolis_carolinensis_C9A	region	591	48	155	202	34044	34187	85.417	2.13e-23	96.7
Anolis_carolinensis_C9A	region	591	50	106	155	23492	23641	86.000	7.45e-23	95.1
Anolis_carolinensis_C9A	region	591	65	401	465	43112	43306	64.615	8.32e-21	88.6
Anolis_carolinensis_C9A	region	591	85	193	277	36772	37026	50.588	1.25e-18	81.6
Anolis_carolinensis_C9A	region	591	52	12	63	19000	19155	55.769	7.71e-14	66.2
Anolis_carolinensis_C9A	region	591	40	359	398	40940	41059	52.500	2.59e-07	44.7
Anolis_carolinensis_C9A	region	591	49	1	48	15001	15147	48.980	8.65e-07	43.1
Pogona_vitticeps_C9A	region	576	86	254	339	38922	39179	69.767	1.19e-34	132
Pogona_vitticeps_C9A	region	576	81	439	519	45179	45415	67.901	4.90e-30	117
Pogona_vitticeps_C9A	region	576	65	382	446	43112	43306	66.154	7.51e-22	91.7
Pogona_vitticeps_C9A	region	576	50	106	155	23492	23641	80.000	1.09e-21	91.3
Pogona_vitticeps_C9A	region	576	113	98	207	33900	34202	46.018	2.76e-21	90.1
Pogona_vitticeps_C9A	region	576	52	56	107	21200	21355	69.231	5.73e-19	82.4
Pogona_vitticeps_C9A	region	576	39	25	63	19039	19155	58.974	1.06e-11	58.9
Pogona_vitticeps_C9A	region	576	40	340	379	40940	41059	40.000	1.63e-05	38.9
Pogona_vitticeps_C9A	region	576	49	1	48	15001	15147	40.816	2.04e-04	35.4
Pogona_vitticeps_C9A	region	576	29	37	65	42753	42839	34.483	0.79	23.5
Gekko_japonicus_C9A	region	582	87	291	377	38934	39194	57.471	3.27e-27	108
Gekko_japonicus_C9A	region	582	72	452	523	45179	45394	65.278	1.36e-26	107
Gekko_japonicus_C9A	region	582	97	123	219	33912	34187	46.392	4.63e-20	86.3
Gekko_japonicus_C9A	region	582	51	122	172	23492	23641	60.784	1.44e-14	68.6
Gekko_japonicus_C9A	region	582	102	395	492	43112	43417	32.353	1.76e-13	64.7
Gekko_japonicus_C9A	region	582	52	71	122	21206	21352	61.538	2.35e-13	64.3
Gekko_japonicus_C9A	region	582	46	39	83	19042	19179	54.348	5.32e-11	56.6
Gekko_japonicus_C9A	region	582	60	222	281	36808	36966	31.667	1.68e-04	35.4
Gekko_japonicus_C9A	region	582	13	373	385	40940	40978	61.538	0.77	23.5
Crotalus_tigris_C9A	region	583	75	276	350	38943	39167	64.000	1.85e-27	109
Crotalus_tigris_C9A	region	583	75	458	532	45191	45415	60.000	3.41e-25	102
Crotalus_tigris_C9A	region	583	62	142	203	34002	34187	54.839	1.58e-18	81.3
Crotalus_tigris_C9A	region	583	50	107	156	23492	23641	70.000	2.13e-17	77.4
Crotalus_tigris_C9A	region	583	62	400	461	43121	43306	54.839	2.41e-16	73.9
Crotalus_tigris_C9A	region	583	51	57	107	21203	21352	50.980	4.17e-11	57.0
Crotalus_tigris_C9A	region	583	65	25	82	19039	19233	41.538	4.96e-10	53.5
Crotalus_tigris_C9A	region	583	42	355	396	40940	41065	35.714	6.39e-04	33.5
Thamnophis_elegans_C9A	region	583	83	276	358	38943	39191	63.855	4.12e-30	117
Thamnophis_elegans_C9A	region	583	68	458	525	45191	45394	63.235	2.21e-24	99.8
Thamnophis_elegans_C9A	region	583	95	109	203	33915	34187	44.211	4.28e-18	79.7
Thamnophis_elegans_C9A	region	583	60	402	461	43127	43306	56.667	2.03e-16	74.3
Thamnophis_elegans_C9A	region	583	50	107	156	23492	23641	66.000	3.71e-16	73.6
Thamnophis_elegans_C9A	region	583	52	56	107	21200	21352	53.846	1.05e-12	62.4
Thamnophis_elegans_C9A	region	583	66	25	83	19039	19236	39.394	4.08e-10	53.9
Thamnophis_elegans_C9A	region	583	81	198	271	36781	37020	40.741	1.43e-09	52.0
Thamnophis_elegans_C9A	region	583	35	356	390	40943	41047	37.143	7.76e-04	33.5
Naja_naja_C9A	region	582	78	276	353	38943	39176	65.385	3.91e-29	114
Naja_naja_C9A	region	582	68	457	524	45191	45394	63.235	7.97e-25	101
Naja_naja_C9A	region	582	62	142	203	34002	34187	53.226	1.26e-17	78.2
Naja_naja_C9A	region	582	50	107	156	23492	23641	72.000	2.87e-17	77.0
Naja_naja_C9A	region	582	66	397	460	43109	43306	53.030	3.22e-15	70.5
Naja_naja_C9A	region	582	51	57	107	21203	21352	49.020	1.52e-11	58.5
Naja_naja_C9A	region	582	76	203	273	36799	37026	39.474	1.01e-10	55.8
Naja_naja_C9A	region	582	49	25	69	19039	19185	51.020	2.80e-10	54.3
Pseudonaja_textilis_C9A	region	583	78	276	353	38943	39176	64.103	4.08e-29	114
Pseudonaja_textilis_C9A	region	583	75	458	532	45191	45415	61.333	7.97e-26	104
Pseudonaja_textilis_C9A	region	583	95	109	203	33915	34187	43.158	4.43e-18	79.7
Pseudonaja_textilis_C9A	region	583	50	107	156	23492	23641	68.000	1.84e-16	74.3
Pseudonaja_textilis_C9A	region	583	66	398	461	43109	43306	53.030	2.46e-15	70.9
Pseudonaja_textilis_C9A	region	583	51	57	107	21203	21352	52.941	7.85e-13	62.8
Pseudonaja_textilis_C9A	region	583	66	25	83	19039	19236	45.455	2.68e-11	57.8
Pseudonaja_textilis_C9A	region	583	89	203	285	36799	37065	38.202	4.03e-11	57.0
Pseudonaja_textilis_C9A	region	583	35	355	389	40940	41044	34.286	0.018	28.9
Python_bivittatus_C9A	region	582	79	276	354	38943	39179	64.557	1.12e-29	116
Python_bivittatus_C9A	region	582	84	454	537	45179	45430	60.714	2.36e-27	109
Python_bivittatus_C9A	region	582	95	109	203	33915	34187	41.053	4.72e-18	79.7
Python_bivittatus_C9A	region	582	96	402	493	43127	43414	42.708	1.20e-17	78.2
Python_bivittatus_C9A	region	582	50	107	156	23492	23641	64.000	3.42e-15	70.5
Python_bivittatus_C9A	region	582	52	56	107	21200	21352	53.846	8.67e-12	59.3
Python_bivittatus_C9A	region	582	65	25	82	19039	19233	41.538	1.03e-10	55.8
Python_bivittatus_C9A	region	582	80	199	272	36784	37023	40.000	7.02e-10	53.1
Python_bivittatus_C9A	region	582	40	355	394	40940	41059	37.500	1.05e-04	36.2
Python_bivittatus_C9A	region	582	49	1	48	15001	15147	38.776	0.015	29.3
Notechis_scutatus_C9A	region	583	78	276	353	38943	39176	64.103	4.31e-29	114
Notechis_scutatus_C9A	region	583	76	458	533	45191	45418	60.526	5.77e-26	104
Notechis_scutatus_C9A	region	583	95	109	203	33915	34187	42.105	1.05e-17	78.6
Notechis_scutatus_C9A	region	583	50	107	156	23492	23641	70.000	5.77e-17	76.3
Notechis_scutatus_C9A	region	583	69	393	461	43109	43306	50.725	1.50e-15	71.6
Notechis_scutatus_C9A	region	583	51	57	107	21203	21352	54.902	4.36e-13	63.5
Notechis_scutatus_C9A	region	583	49	25	69	19039	19185	53.061	6.12e-11	56.6
Notechis_scutatus_C9A	region	583	89	203	285	36799	37065	38.202	9.85e-11	55.8
Notechis_scutatus_C9A	region	583	35	355	389	40940	41044	34.286	0.017	28.9
Notechis_scutatus_C9A	region	583	56	1	55	15001	15168	35.714	0.034	28.1
Hydrophis_cyanocinctus_C9A	region	583	78	276	353	38943	39176	64.103	5.28e-29	114
Hydrophis_cyanocinctus_C9A	region	583	76	458	533	45191	45418	60.526	5.67e-26	105
Hydrophis_cyanocinctus_C9A	region	583	95	109	203	33915	34187	43.158	4.62e-18	79.7
Hydrophis_cyanocinctus_C9A	region	583	50	107	156	23492	23641	70.000	6.18e-17	75.9
Hydrophis_cyanocinctus_C9A	region	583	69	393	461	43109	43306	50.725	1.22e-15	72.0
Hydrophis_cyanocinctus_C9A	region	583	51	57	107	21203	21352	54.902	4.55e-13	63.5
Hydrophis_cyanocinctus_C9A	region	583	49	25	69	19039	19185	53.061	6.17e-11	56.6
Hydrophis_cyanocinctus_C9A	region	583	76	203	273	36799	37026	39.474	2.21e-10	54.7
Hydrophis_cyanocinctus_C9A	region	583	35	355	389	40940	41044	37.143	0.003	31.6
Laticauda_colubrina_C9A	region	583	137	276	400	38943	39353	45.255	3.45e-29	115
Laticauda_colubrina_C9A	region	583	75	458	532	45191	45415	61.333	7.70e-26	104
Laticauda_colubrina_C9A	region	583	95	109	203	33915	34187	42.105	9.11e-18	78.6
Laticauda_colubrina_C9A	region	583	50	107	156	23492	23641	68.000	1.48e-16	74.7
Laticauda_colubrina_C9A	region	583	66	398	461	43109	43306	53.030	2.32e-15	70.9
Laticauda_colubrina_C9A	region	583	51	57	107	21203	21352	52.941	2.44e-12	61.2
Laticauda_colubrina_C9A	region	583	49	25	69	19039	19185	53.061	1.13e-10	55.8
Laticauda_colubrina_C9A	region	583	76	203	273	36799	37026	38.158	4.92e-10	53.5
Laticauda_colubrina_C9A	region	583	35	355	389	40940	41044	42.857	7.44e-04	33.5
Protobothrops_mucrosquamatus_C9A	region	583	79	276	354	38943	39179	68.354	6.05e-31	120
Protobothrops_mucrosquamatus_C9A	region	583	68	458	525	45191	45394	67.647	1.83e-26	106
Protobothrops_mucrosquamatus_C9A	region	583	98	107	203	33906	34187	43.878	9.61e-20	85.1
Protobothrops_mucrosquamatus_C9A	region	583	58	404	461	43133	43306	55.172	1.84e-15	71.2
Protobothrops_mucrosquamatus_C9A	region	583	50	107	156	23492	23641	62.000	6.86e-15	69.3
Protobothrops_mucrosquamatus_C9A	region	583	75	203	272	36799	37023	42.667	2.97e-13	63.9
Protobothrops_mucrosquamatus_C9A	region	583	64	25	81	19039	19230	43.750	2.30e-11	58.2
Protobothrops_mucrosquamatus_C9A	region	583	51	57	107	21203	21352	50.980	5.96e-11	56.6
Protobothrops_mucrosquamatus_C9A	region	583	40	355	394	40940	41059	35.000	3.08e-04	34.7
Protobothrops_mucrosquamatus_C9A	region	583	56	1	55	15001	15168	35.714	0.60	23.9
Chrysopelea_ornata_C9A	region	584	79	276	354	38943	39179	64.557	1.48e-28	113
Chrysopelea_ornata_C9A	region	584	75	459	533	45191	45415	61.333	1.75e-26	106
Chrysopelea_ornata_C9A	region	584	95	109	203	33915	34187	46.316	2.96e-20	86.7
Chrysopelea_ornata_C9A	region	584	50	107	156	23492	23641	66.000	3.41e-16	73.6
Chrysopelea_ornata_C9A	region	584	61	402	462	43124	43306	52.459	3.82e-16	73.6
Chrysopelea_ornata_C9A	region	584	75	203	272	36799	37023	41.333	1.67e-11	58.5
Chrysopelea_ornata_C9A	region	584	66	25	83	19039	19236	42.424	4.81e-10	53.5
Chrysopelea_ornata_C9A	region	584	51	57	107	21203	21352	49.020	6.00e-10	53.5
Chrysopelea_ornata_C9A	region	584	41	355	395	40940	41059	31.707	0.019	28.9
Pituophis_catenifer_C9A	region	583	77	277	353	38946	39176	66.234	7.45e-29	114
Pituophis_catenifer_C9A	region	583	75	458	532	45191	45415	58.667	1.71e-24	100
Pituophis_catenifer_C9A	region	583	71	391	461	43097	43306	53.521	1.27e-17	78.2
Pituophis_catenifer_C9A	region	583	62	142	203	34002	34187	48.387	2.41e-16	73.9
Pituophis_catenifer_C9A	region	583	50	107	156	23492	23641	66.000	8.43e-16	72.4
Pituophis_catenifer_C9A	region	583	94	199	285	36784	37065	41.489	3.83e-13	63.9
Pituophis_catenifer_C9A	region	583	52	56	107	21200	21352	53.846	7.72e-13	62.8
Pituophis_catenifer_C9A	region	583	64	26	82	19042	19233	42.188	1.10e-09	52.4
Pituophis_catenifer_C9A	region	583	40	355	394	40940	41059	35.000	1.28e-04	35.8
Pituophis_catenifer_C9A	region	583	49	1	48	15001	15147	34.694	0.065	26.9
Pantherophis_obsoletus_C9A	region	583	85	274	358	38937	39191	63.529	1.67e-31	122
Pantherophis_obsoletus_C9A	region	583	75	458	532	45191	45415	58.667	1.66e-24	100
Pantherophis_obsoletus_C9A	region	583	95	109	203	33915	34187	41.053	4.99e-17	76.3
Pantherophis_obsoletus_C9A	region	583	50	107	156	23492	23641	70.000	8.71e-17	75.5
Pantherophis_obsoletus_C9A	region	583	61	401	461	43124	43306	54.098	2.07e-16	74.3
Pantherophis_obsoletus_C9A	region	583	52	56	107	21200	21352	57.692	1.18e-13	65.5
Pantherophis_obsoletus_C9A	region	583	81	198	272	36781	37023	40.741	2.70e-11	57.8
Pantherophis_obsoletus_C9A	region	583	66	25	83	19039	19236	42.424	5.40e-10	53.5
Pantherophis_obsoletus_C9A	region	583	45	350	394	40925	41059	33.333	1.17e-04	36.2
Bothrops_jararaca_C9A	region	583	79	276	354	38943	39179	68.354	2.99e-30	118
Bothrops_jararaca_C9A	region	583	68	458	525	45191	45394	66.176	1.47e-25	103
Bothrops_jararaca_C9A	region	583	62	142	203	34002	34187	53.226	1.27e-18	81.6
Bothrops_jararaca_C9A	region	583	50	107	156	23492	23641	68.000	3.18e-16	73.6
Bothrops_jararaca_C9A	region	583	65	397	461	43112	43306	46.154	5.40e-15	69.7
Bothrops_jararaca_C9A	region	583	75	203	272	36799	37023	44.000	4.21e-13	63.5
Bothrops_jararaca_C9A	region	583	65	25	82	19039	19233	40.000	4.31e-11	57.0
Bothrops_jararaca_C9A	region	583	51	57	107	21203	21352	49.020	1.85e-10	55.1
Bothrops_jararaca_C9A	region	583	40	355	394	40940	41059	37.500	6.48e-05	37.0
Bothrops_jararaca_C9A	region	583	20	1	20	15001	15060	60.000	0.16	25.8
Bothrops_jararaca_C9A	region	583	29	38	66	42756	42842	27.586	0.90	23.5
Ptyas_mucosa_C9A	region	583	101	277	372	38946	39248	56.436	3.55e-31	121
Ptyas_mucosa_C9A	region	583	75	458	532	45191	45415	61.333	6.08e-26	104
Ptyas_mucosa_C9A	region	583	95	109	203	33915	34187	41.053	1.35e-17	78.2
Ptyas_mucosa_C9A	region	583	50	107	156	23492	23641	68.000	1.40e-16	74.7
Ptyas_mucosa_C9A	region	583	61	401	461	43124	43306	50.820	1.75e-15	71.2
Ptyas_mucosa_C9A	region	583	52	56	107	21200	21352	59.615	3.17e-14	67.4
Ptyas_mucosa_C9A	region	583	80	199	272	36784	37023	45.000	3.15e-12	60.8
Ptyas_mucosa_C9A	region	583	66	25	83	19039	19236	42.424	2.08e-10	54.7
Ptyas_mucosa_C9A	region	583	40	355	394	40940	41059	37.500	0.001	32.7
Ptyas_mucosa_C9A	region	583	49	1	48	15001	15147	36.735	0.048	27.7
Vipera_berus_C9A	region	583	81	274	354	38937	39179	64.198	2.32e-29	115
Vipera_berus_C9A	region	583	68	458	525	45191	45394	66.176	8.55e-26	104
Vipera_berus_C9A	region	583	98	107	203	33906	34187	43.878	1.26e-19	84.7
Vipera_berus_C9A	region	583	50	107	156	23492	23641	68.000	9.49e-17	75.5
Vipera_berus_C9A	region	583	65	397	461	43112	43306	47.692	8.01e-16	72.4
Vipera_berus_C9A	region	583	75	203	272	36799	37023	46.667	2.94e-13	64.3
Vipera_berus_C9A	region	583	51	57	107	21203	21352	52.941	6.95e-11	56.2
Vipera_berus_C9A	region	583	65	25	82	19039	19233	40.000	1.74e-10	55.1
Vipera_berus_C9A	region	583	40	355	394	40940	41059	40.000	4.50e-05	37.4
Vipera_berus_C9A	region	583	20	1	20	15001	15060	55.000	0.69	23.9
Sceloporus_undulatus_C9A	region	591	82	277	358	38934	39179	78.049	3.72e-36	136
Sceloporus_undulatus_C9A	region	591	78	460	537	45185	45418	71.795	6.60e-32	123
Sceloporus_undulatus_C9A	region	591	65	401	465	43112	43306	70.769	8.91e-25	101
Sceloporus_undulatus_C9A	region	591	51	56	106	21200	21352	76.471	3.82e-21	89.7
Sceloporus_undulatus_C9A	region	591	50	106	155	23492	23641	82.000	4.17e-21	89.4
Sceloporus_undulatus_C9A	region	591	48	155	202	34044	34187	77.083	2.53e-20	87.0
Sceloporus_undulatus_C9A	region	591	85	193	277	36772	37026	50.588	2.26e-19	84.0
Sceloporus_undulatus_C9A	region	591	38	26	63	19042	19155	60.526	3.36e-11	57.4
Sceloporus_undulatus_C9A	region	591	40	359	398	40940	41059	47.500	1.61e-07	45.4
Sceloporus_undulatus_C9A	region	591	26	1	26	15001	15078	69.231	1.68e-05	38.9
Anolis_carolinensis_C9B	region	538	81	277	357	38934	39176	95.062	3.86e-46	166
Anolis_carolinensis_C9B	region	538	80	458	537	45179	45418	83.750	1.22e-38	143
Anolis_carolinensis_C9B	region	538	67	399	465	43106	43306	85.075	1.06e-29	115
Anolis_carolinensis_C9B	region	538	76	202	277	36799	37026	71.053	3.04e-27	108
Anolis_carolinensis_C9B	region	538	50	106	155	23492	23641	96.000	6.53e-27	107
Anolis_carolinensis_C9B	region	538	95	108	202	33915	34187	56.842	8.09e-26	103
Anolis_carolinensis_C9B	region	538	51	57	107	21203	21355	82.353	3.40e-24	99.0
Anolis_carolinensis_C9B	region	538	44	357	400	40934	41065	77.273	1.75e-16	74.3
Anolis_carolinensis_C9B	region	538	50	14	63	19006	19155	58.000	2.19e-14	67.4
Anolis_carolinensis_C9B	region	538	49	1	48	15001	15147	57.143	3.61e-09	50.8
Anolis_carolinensis_C9B	region	538	78	18	88	4705	4923	30.769	0.36	24.6
Hydrophis_cyanocinctus_C9B	region	582	85	273	357	38937	39191	62.353	8.55e-31	120
Hydrophis_cyanocinctus_C9B	region	582	75	457	531	45191	45415	57.333	7.90e-24	98.2
Hydrophis_cyanocinctus_C9B	region	582	95	108	202	33915	34187	43.158	3.68e-18	80.1
Hydrophis_cyanocinctus_C9B	region	582	50	106	155	23492	23641	68.000	1.18e-16	75.1
Hydrophis_cyanocinctus_C9B	region	582	61	400	460	43124	43306	50.820	1.24e-14	68.6
Hydrophis_cyanocinctus_C9B	region	582	84	193	271	36772	37023	41.667	4.38e-13	63.5
Hydrophis_cyanocinctus_C9B	region	582	50	57	106	21206	21352	52.000	9.82e-11	55.8
Hydrophis_cyanocinctus_C9B	region	582	40	24	63	19039	19158	45.000	1.32e-07	45.8
Hydrophis_cyanocinctus_C9B	region	582	41	354	394	40940	41059	36.585	0.017	28.9
Hydrophis_cyanocinctus_C9B	region	582	30	36	65	42753	42842	30.000	0.59	23.9
Hydrophis_cyanocinctus_C9B	region	582	45	4	47	15013	15147	37.778	0.64	23.9
Bothrops_jararaca_C9B	region	583	79	276	354	38943	39179	68.354	3.07e-30	118
Bothrops_jararaca_C9B	region	583	68	458	525	45191	45394	66.176	1.69e-25	103
Bothrops_jararaca_C9B	region	583	98	107	203	33906	34187	43.878	2.29e-19	84.0
Bothrops_jararaca_C9B	region	583	50	107	156	23492	23641	66.000	5.45e-16	73.2
Bothrops_jararaca_C9B	region	583	65	397	461	43112	43306	49.231	1.48e-15	71.6
Bothrops_jararaca_C9B	region	583	75	203	272	36799	37023	42.667	1.34e-12	62.0
Bothrops_jararaca_C9B	region	583	65	25	82	19039	19233	41.538	4.20e-11	57.0
Bothrops_jararaca_C9B	region	583	51	57	107	21203	21352	50.980	5.43e-11	56.6
Bothrops_jararaca_C9B	region	583	40	355	394	40940	41059	37.500	1.16e-04	36.2
Bothrops_jararaca_C9B	region	583	20	1	20	15001	15060	60.000	0.16	25.8
Bothrops_jararaca_C9B	region	583	30	37	66	42753	42842	26.667	0.81	23.5
Laticauda_colubrina_C9B	region	583	80	275	354	38940	39179	63.750	4.38e-30	117
Laticauda_colubrina_C9B	region	583	68	458	525	45191	45394	63.235	5.81e-24	98.6
Laticauda_colubrina_C9B	region	583	94	109	202	33915	34184	43.617	8.72e-19	82.0
Laticauda_colubrina_C9B	region	583	50	107	156	23492	23641	68.000	3.39e-17	77.0
Laticauda_colubrina_C9B	region	583	61	401	461	43124	43306	50.820	1.11e-14	68.9
Laticauda_colubrina_C9B	region	583	84	194	271	36772	37020	41.667	1.47e-11	58.5
Laticauda_colubrina_C9B	region	583	50	58	107	21206	21352	48.000	1.46e-09	52.0
Laticauda_colubrina_C9B	region	583	40	25	64	19039	19158	47.500	9.17e-09	49.7
Laticauda_colubrina_C9B	region	583	49	341	389	40910	41044	40.816	5.97e-04	33.9
Laticauda_colubrina_C9B	region	583	49	1	48	15001	15147	40.816	0.014	29.3
Laticauda_colubrina_C9B	region	583	30	37	66	42753	42842	30.000	0.55	24.3
Pseudonaja_textilis_C9B	region	583	128	264	377	38880	39263	47.656	8.85e-32	123
Pseudonaja_textilis_C9B	region	583	68	458	525	45191	45394	63.235	4.59e-24	99.0
Pseudonaja_textilis_C9B	region	583	95	109	203	33915	34187	43.158	2.49e-18	80.5
Pseudonaja_textilis_C9B	region	583	50	107	156	23492	23641	66.000	3.52e-16	73.6
Pseudonaja_textilis_C9B	region	583	68	394	461	43103	43306	50.000	9.35e-16	72.4
Pseudonaja_textilis_C9B	region	583	84	194	272	36772	37023	40.476	2.17e-12	61.2
Pseudonaja_textilis_C9B	region	583	52	56	107	21200	21352	50.000	4.06e-11	57.0
Pseudonaja_textilis_C9B	region	583	40	25	64	19039	19158	47.500	6.87e-09	50.1
Pseudonaja_textilis_C9B	region	583	40	356	395	40943	41059	40.000	0.013	29.3
Pseudonaja_textilis_C9B	region	583	49	1	48	15001	15147	40.816	0.013	29.3
Pseudonaja_textilis_C9B	region	583	30	37	66	42753	42842	30.000	0.42	24.6
Notechis_scutatus_C9B	region	583	83	276	358	38943	39191	63.855	4.32e-31	120
Notechis_scutatus_C9B	region	583	68	458	525	45191	45394	63.235	2.65e-24	99.8
Notechis_scutatus_C9B	region	583	95	109	203	33915	34187	43.158	2.25e-18	80.9
Notechis_scutatus_C9B	region	583	50	107	156	23492	23641	68.000	1.16e-16	75.1
Notechis_scutatus_C9B	region	583	61	401	461	43124	43306	49.180	1.79e-14	68.2
Notechis_scutatus_C9B	region	583	84	194	272	36772	37023	42.857	3.58e-13	63.9
Notechis_scutatus_C9B	region	583	50	58	107	21206	21352	52.000	6.89e-11	56.6
Notechis_scutatus_C9B	region	583	40	25	64	19039	19158	47.500	8.50e-09	49.7
Notechis_scutatus_C9B	region	583	54	342	395	40901	41059	33.333	0.003	31.2
Notechis_scutatus_C9B	region	583	49	1	48	15001	15147	40.816	0.014	29.3
Notechis_scutatus_C9B	region	583	30	37	66	42753	42842	30.000	0.58	23.9
Pituophis_catenifer_C9B	region	583	77	277	353	38946	39176	66.234	7.51e-29	114
Pituophis_catenifer_C9B	region	583	77	456	532	45185	45415	61.039	6.55e-27	107
Pituophis_catenifer_C9B	region	583	95	109	203	33915	34187	44.211	9.78e-20	85.1
Pituophis_catenifer_C9B	region	583	50	107	156	23492	23641	70.000	9.19e-18	78.6
Pituophis_catenifer_C9B	region	583	71	393	461	43094	43306	52.113	9.32e-17	75.5
Pituophis_catenifer_C9B	region	583	51	57	107	21203	21352	56.863	1.01e-12	62.4
Pituophis_catenifer_C9B	region	583	89	203	285	36799	37065	38.202	2.34e-11	57.8
Pituophis_catenifer_C9B	region	583	66	25	83	19039	19236	42.424	1.22e-10	55.5
Pituophis_catenifer_C9B	region	583	39	356	394	40943	41059	35.897	6.50e-04	33.5
Pituophis_catenifer_C9B	region	583	49	1	45	15001	15147	36.735	0.040	27.7
Pantherophis_obsoletus_C9B	region	583	85	274	358	38937	39191	61.176	2.81e-30	118
Pantherophis_obsoletus_C9B	region	583	70	456	525	45185	45394	61.429	7.70e-26	104
Pantherophis_obsoletus_C9B	region	583	95	109	203	33915	34187	44.211	1.15e-19	84.7
Pantherophis_obsoletus_C9B	region	583	50	107	156	23492	23641	70.000	1.02e-17	78.6
Pantherophis_obsoletus_C9B	region	583	71	391	461	43097	43306	52.113	2.11e-16	74.3
Pantherophis_obsoletus_C9B	region	583	52	56	107	21200	21352	53.846	5.58e-12	60.1
Pantherophis_obsoletus_C9B	region	583	75	203	272	36799	37023	38.667	1.05e-10	55.8
Pantherophis_obsoletus_C9B	region	583	65	25	82	19039	19233	43.077	8.55e-10	52.8
Pantherophis_obsoletus_C9B	region	583	45	350	394	40925	41059	33.333	1.22e-04	36.2
Pantherophis_obsoletus_C9B	region	583	56	1	55	15001	15168	33.929	0.051	27.3
Crotalus_tigris_C9B	region	583	75	276	350	38943	39167	64.000	1.66e-27	109
Crotalus_tigris_C9B	region	583	75	458	532	45191	45415	61.333	2.44e-26	106
Crotalus_tigris_C9B	region	583	62	142	203	34002	34187	54.839	1.73e-18	80.9
Crotalus_tigris_C9B	region	583	50	107	156	23492	23641	72.000	3.76e-18	80.1
Crotalus_tigris_C9B	region	583	62	400	461	43121	43306	54.839	2.31e-16	74.3
Crotalus_tigris_C9B	region	583	51	57	107	21203	21352	50.980	8.24e-11	56.2
Crotalus_tigris_C9B	region	583	65	25	82	19039	19233	43.077	1.61e-10	55.1
Crotalus_tigris_C9B	region	583	79	203	275	36799	37035	36.709	9.99e-08	46.2
Crotalus_tigris_C9B	region	583	42	355	396	40940	41065	35.714	6.12e-04	33.9
Ptyas_mucosa_C9B	region	583	77	277	353	38946	39176	66.234	9.88e-29	113
Ptyas_mucosa_C9B	region	583	70	456	525	45185	45394	60.000	8.76e-25	101
Ptyas_mucosa_C9B	region	583	65	139	203	33996	34187	53.846	2.85e-19	83.6
Ptyas_mucosa_C9B	region	583	50	107	156	23492	23641	70.000	3.72e-17	76.6
Ptyas_mucosa_C9B	region	583	58	404	461	43133	43306	55.172	5.96e-14	66.2
Ptyas_mucosa_C9B	region	583	98	194	285	36772	37065	37.755	4.83e-12	60.1
Ptyas_mucosa_C9B	region	583	51	57	107	21203	21352	49.020	1.90e-10	55.1
Ptyas_mucosa_C9B	region	583	64	27	83	19045	19236	35.938	1.81e-07	45.4
Ptyas_mucosa_C9B	region	583	39	355	393	40940	41056	35.897	2.62e-04	35.0
Ptyas_mucosa_C9B	region	583	20	1	20	15001	15060	60.000	0.39	24.6
