Lacerta_agilis_C9A	NC_090022.1	589	84	277	360	277868661	277868912	66.667	8.08e-28	125
Lacerta_agilis_C9A	NC_090022.1	589	78	457	534	277902630	277902863	66.667	1.10e-27	124
Lacerta_agilis_C9A	NC_090022.1	589	86	275	360	277896560	277896817	61.628	6.05e-27	122
Lacerta_agilis_C9A	NC_090022.1	589	78	457	534	277874903	277875136	64.103	5.82e-26	119
Lacerta_agilis_C9A	NC_090022.1	589	95	107	201	277863636	277863908	50.526	3.32e-18	94.7
Lacerta_agilis_C9A	NC_090022.1	589	47	155	201	277890667	277890807	78.723	5.50e-17	90.9
Lacerta_agilis_C9A	NC_090022.1	589	110	390	495	277872812	277873135	44.545	5.15e-16	87.8
Lacerta_agilis_C9A	NC_090022.1	589	50	105	154	277853213	277853362	72.000	4.49e-13	78.6
Lacerta_agilis_C9A	NC_090022.1	589	65	399	463	277900998	277901192	52.308	1.54e-12	76.6
Lacerta_agilis_C9A	NC_090022.1	589	50	105	154	277889224	277889373	74.000	2.39e-12	76.3
Lacerta_agilis_C9A	NC_090022.1	589	51	55	105	277850921	277851073	60.784	2.86e-12	75.9
Lacerta_agilis_C9A	NC_090022.1	589	49	57	105	277885961	277886107	65.306	3.20e-12	75.5
Lacerta_agilis_C9A	NC_090022.1	589	48	539	585	277910907	277911050	66.667	1.32e-10	70.5
Lacerta_agilis_C9A	NC_090022.1	589	75	201	275	277892718	277892942	44.000	1.27e-08	63.9
Lacerta_agilis_C9A	NC_090022.1	589	86	192	275	277866493	277866747	41.860	2.39e-08	63.2
Lacerta_agilis_C9A	NC_090022.1	589	58	470	527	277186263	277186090	50.000	7.56e-08	61.6
Lacerta_agilis_C9A	NC_090022.1	589	164	461	587	277186287	277185799	33.537	2.73e-06	56.2
Lacerta_agilis_C9A	NC_090022.1	589	88	275	362	277149909	277150172	27.273	6.95e-06	55.1
Lacerta_agilis_C9A	NC_090026.1	589	199	300	493	13338840	13339376	23.618	5.81e-08	62.0
Lacerta_agilis_C9A	NC_090026.1	589	206	299	499	14752975	14752403	25.728	8.38e-08	61.2
Lacerta_agilis_C9A	NC_090024.1	589	85	275	359	170638616	170638362	30.588	3.04e-06	56.2
Lacerta_agilis_C9A	NC_090024.1	589	46	537	581	170605703	170605840	54.348	6.66e-06	55.1
Lacerta_agilis_C9A	NC_090024.1	589	67	461	526	170622799	170622599	34.328	9.20e-06	54.7
Zootoca_vivipara_C9A	NC_090022.1	589	84	277	360	277868661	277868912	66.667	8.61e-28	125
Zootoca_vivipara_C9A	NC_090022.1	589	78	457	534	277902630	277902863	66.667	1.87e-27	124
Zootoca_vivipara_C9A	NC_090022.1	589	86	275	360	277896560	277896817	61.628	4.80e-27	122
Zootoca_vivipara_C9A	NC_090022.1	589	78	457	534	277874903	277875136	65.385	3.18e-26	120
Zootoca_vivipara_C9A	NC_090022.1	589	95	107	201	277863636	277863908	50.526	3.32e-18	94.7
Zootoca_vivipara_C9A	NC_090022.1	589	47	155	201	277890667	277890807	78.723	6.15e-17	90.9
Zootoca_vivipara_C9A	NC_090022.1	589	103	398	496	277872830	277873138	43.689	2.05e-15	85.9
Zootoca_vivipara_C9A	NC_090022.1	589	50	105	154	277853213	277853362	70.000	7.32e-13	77.8
Zootoca_vivipara_C9A	NC_090022.1	589	49	57	105	277885961	277886107	67.347	1.21e-12	77.0
Zootoca_vivipara_C9A	NC_090022.1	589	51	55	105	277850921	277851073	60.784	1.32e-12	77.0
Zootoca_vivipara_C9A	NC_090022.1	589	66	398	463	277900995	277901192	51.515	2.37e-12	76.3
Zootoca_vivipara_C9A	NC_090022.1	589	50	105	154	277889224	277889373	72.000	4.03e-12	75.5
Zootoca_vivipara_C9A	NC_090022.1	589	48	539	585	277910907	277911050	64.583	3.98e-10	68.9
Zootoca_vivipara_C9A	NC_090022.1	589	86	192	275	277866493	277866747	43.023	1.98e-08	63.5
Zootoca_vivipara_C9A	NC_090022.1	589	75	201	275	277892718	277892942	40.000	1.40e-07	60.5
Zootoca_vivipara_C9A	NC_090022.1	589	58	470	527	277186263	277186090	48.276	1.57e-07	60.5
Zootoca_vivipara_C9A	NC_090022.1	589	164	461	587	277186287	277185799	33.537	2.21e-07	60.1
Zootoca_vivipara_C9A	NC_090022.1	589	88	275	362	277149909	277150172	27.273	4.50e-06	55.8
Zootoca_vivipara_C9A	NC_090026.1	589	199	300	493	13338840	13339376	24.623	7.51e-09	64.7
Zootoca_vivipara_C9A	NC_090026.1	589	199	299	493	13328145	13328669	22.613	6.01e-08	61.6
Zootoca_vivipara_C9A	NC_090026.1	589	206	299	499	14752975	14752403	25.243	3.60e-07	59.3
Zootoca_vivipara_C9A	NC_090024.1	589	67	461	526	170622799	170622599	35.821	3.32e-06	56.2
Zootoca_vivipara_C9A	NC_090024.1	589	46	537	581	170605703	170605840	56.522	4.32e-06	55.8
Zootoca_vivipara_C9A	NC_090024.1	589	85	275	359	170638616	170638362	30.588	6.33e-06	55.1
Podarcis_muralis_C9A	NC_090022.1	589	84	277	360	277868661	277868912	67.857	1.39e-28	127
Podarcis_muralis_C9A	NC_090022.1	589	86	275	360	277896560	277896817	62.791	8.92e-28	125
Podarcis_muralis_C9A	NC_090022.1	589	78	457	534	277874903	277875136	66.667	1.40e-27	124
Podarcis_muralis_C9A	NC_090022.1	589	74	461	534	277902642	277902863	67.568	2.12e-26	120
Podarcis_muralis_C9A	NC_090022.1	589	95	107	201	277863636	277863908	50.526	3.62e-18	94.7
Podarcis_muralis_C9A	NC_090022.1	589	47	155	201	277890667	277890807	78.723	5.04e-17	91.3
Podarcis_muralis_C9A	NC_090022.1	589	110	390	495	277872812	277873135	45.455	2.33e-16	89.0
Podarcis_muralis_C9A	NC_090022.1	589	50	105	154	277853213	277853362	72.000	4.26e-13	78.6
Podarcis_muralis_C9A	NC_090022.1	589	51	55	105	277850921	277851073	60.784	2.17e-12	76.3
Podarcis_muralis_C9A	NC_090022.1	589	50	105	154	277889224	277889373	74.000	2.58e-12	75.9
Podarcis_muralis_C9A	NC_090022.1	589	59	405	463	277901016	277901192	55.932	3.01e-12	75.9
Podarcis_muralis_C9A	NC_090022.1	589	49	57	105	277885961	277886107	65.306	6.24e-12	74.7
Podarcis_muralis_C9A	NC_090022.1	589	48	539	585	277910907	277911050	66.667	1.57e-10	70.1
Podarcis_muralis_C9A	NC_090022.1	589	79	201	275	277892718	277892942	48.101	1.45e-08	63.9
Podarcis_muralis_C9A	NC_090022.1	589	86	192	275	277866493	277866747	40.698	3.04e-08	62.8
Podarcis_muralis_C9A	NC_090022.1	589	58	470	527	277186263	277186090	48.276	7.63e-08	61.6
Podarcis_muralis_C9A	NC_090022.1	589	164	461	587	277186287	277185799	32.927	2.66e-06	56.6
Podarcis_muralis_C9A	NC_090022.1	589	84	279	362	277149921	277150172	27.381	9.28e-06	54.7
Podarcis_muralis_C9A	NC_090026.1	589	221	278	493	13338777	13339376	23.529	8.68e-09	64.7
Podarcis_muralis_C9A	NC_090026.1	589	195	299	493	13328145	13328669	23.077	2.96e-08	62.8
Podarcis_muralis_C9A	NC_090026.1	589	210	299	499	14752975	14752403	25.714	4.50e-08	62.4
Podarcis_muralis_C9A	NC_090024.1	589	69	461	528	170622799	170622593	34.783	2.04e-06	57.0
Podarcis_muralis_C9A	NC_090024.1	589	89	279	367	170589916	170590176	28.090	6.27e-06	55.1
Podarcis_muralis_C9A	NC_090024.1	589	52	531	581	170605685	170605840	50.000	7.07e-06	55.1
Podarcis_muralis_C9A	NC_090024.1	589	85	275	359	170638616	170638362	29.412	7.50e-06	55.1
Anolis_carolinensis_C9A	NC_090022.1	591	122	237	358	277896467	277896805	68.852	2.93e-43	172
Anolis_carolinensis_C9A	NC_090022.1	591	107	431	537	277902564	277902866	75.701	1.24e-39	161
Anolis_carolinensis_C9A	NC_090022.1	591	92	277	368	277868655	277868927	78.261	9.14e-37	152
Anolis_carolinensis_C9A	NC_090022.1	591	76	462	537	277874912	277875139	78.947	2.36e-30	133
Anolis_carolinensis_C9A	NC_090022.1	591	77	201	277	277892715	277892942	81.818	2.32e-27	124
Anolis_carolinensis_C9A	NC_090022.1	591	66	400	465	277900995	277901192	86.364	3.84e-25	117
Anolis_carolinensis_C9A	NC_090022.1	591	58	534	591	277910886	277911059	82.759	4.24e-22	107
Anolis_carolinensis_C9A	NC_090022.1	591	56	52	107	277885943	277886110	85.714	4.20e-21	103
Anolis_carolinensis_C9A	NC_090022.1	591	50	106	155	277889224	277889373	96.000	1.53e-20	102
Anolis_carolinensis_C9A	NC_090022.1	591	47	156	202	277890667	277890807	91.489	2.90e-19	98.2
Anolis_carolinensis_C9A	NC_090022.1	591	52	56	107	277850921	277851076	82.692	5.07e-19	97.4
Anolis_carolinensis_C9A	NC_090022.1	591	48	155	202	277863765	277863908	85.417	8.31e-19	96.7
Anolis_carolinensis_C9A	NC_090022.1	591	50	106	155	277853213	277853362	86.000	2.90e-18	95.1
Anolis_carolinensis_C9A	NC_090022.1	591	65	401	465	277872833	277873027	64.615	3.23e-16	88.6
Anolis_carolinensis_C9A	NC_090022.1	591	85	193	277	277866493	277866747	50.588	4.85e-14	81.6
Anolis_carolinensis_C9A	NC_090022.1	591	42	358	399	277899858	277899983	78.571	7.08e-12	74.7
Anolis_carolinensis_C9A	NC_090022.1	591	63	1	63	277883322	277883510	57.143	4.27e-11	72.0
Anolis_carolinensis_C9A	NC_090022.1	591	52	12	63	277848721	277848876	55.769	2.98e-09	66.2
Anolis_carolinensis_C9A	NC_090022.1	591	84	281	364	277149921	277150172	34.524	6.99e-09	64.7
Anolis_carolinensis_C9A	NC_090022.1	591	80	281	360	277115987	277116226	33.750	1.41e-07	60.5
Anolis_carolinensis_C9A	NC_090022.1	591	167	461	591	277186293	277185796	31.138	1.83e-07	60.1
Anolis_carolinensis_C9A	NC_090026.1	591	195	301	492	14752975	14752436	27.692	2.21e-09	66.6
Anolis_carolinensis_C9A	NC_090026.1	591	183	301	482	13328145	13328642	27.322	1.83e-08	63.5
Anolis_carolinensis_C9A	NC_090026.1	591	202	280	480	13338777	13339343	24.752	2.51e-07	59.7
Anolis_carolinensis_C9A	NC_090024.1	591	79	281	359	170589916	170590152	32.911	2.23e-07	60.1
Anolis_carolinensis_C9A	NC_090024.1	591	83	280	362	170638607	170638359	33.735	7.21e-07	58.2
Anolis_carolinensis_C9A	NC_090024.1	591	46	542	587	170620096	170619959	52.174	7.27e-07	58.2
Anolis_carolinensis_C9A	NC_090024.1	591	76	455	529	170622823	170622596	30.263	1.06e-06	57.8
Pogona_vitticeps_C9A	NC_090022.1	576	105	235	339	277896497	277896805	62.857	1.91e-32	139
Pogona_vitticeps_C9A	NC_090022.1	576	86	254	339	277868643	277868900	69.767	4.64e-30	132
Pogona_vitticeps_C9A	NC_090022.1	576	76	441	516	277902633	277902860	72.368	3.41e-28	126
Pogona_vitticeps_C9A	NC_090022.1	576	81	439	519	277874900	277875136	67.901	1.91e-25	117
Pogona_vitticeps_C9A	NC_090022.1	576	65	382	446	277872833	277873027	66.154	2.92e-17	91.7
Pogona_vitticeps_C9A	NC_090022.1	576	50	106	155	277853213	277853362	80.000	4.24e-17	91.3
Pogona_vitticeps_C9A	NC_090022.1	576	50	106	155	277889224	277889373	82.000	7.78e-17	90.5
Pogona_vitticeps_C9A	NC_090022.1	576	113	98	207	277863621	277863923	46.018	1.07e-16	90.1
Pogona_vitticeps_C9A	NC_090022.1	576	47	156	202	277890667	277890807	78.723	4.31e-16	88.2
Pogona_vitticeps_C9A	NC_090022.1	576	52	56	107	277850921	277851076	69.231	2.23e-14	82.4
Pogona_vitticeps_C9A	NC_090022.1	576	56	52	107	277885943	277886110	66.071	2.41e-14	82.4
Pogona_vitticeps_C9A	NC_090022.1	576	52	524	575	277910904	277911059	67.308	1.64e-13	79.7
Pogona_vitticeps_C9A	NC_090022.1	576	66	381	446	277900995	277901192	57.576	4.37e-13	78.6
Pogona_vitticeps_C9A	NC_090022.1	576	165	444	575	277186287	277185796	34.545	1.99e-08	63.2
Pogona_vitticeps_C9A	NC_090022.1	576	89	253	341	277115960	277116226	34.831	5.21e-08	62.0
Pogona_vitticeps_C9A	NC_090022.1	576	42	521	561	277122367	277122492	64.286	1.18e-07	60.8
Pogona_vitticeps_C9A	NC_090022.1	576	49	524	571	277157458	277157604	61.224	1.40e-07	60.5
Pogona_vitticeps_C9A	NC_090022.1	576	39	25	63	277848760	277848876	58.974	4.10e-07	58.9
Pogona_vitticeps_C9A	NC_090022.1	576	88	258	345	277149909	277150172	31.818	4.51e-07	58.9
Pogona_vitticeps_C9A	NC_090022.1	576	39	25	63	277883394	277883510	56.410	6.53e-06	55.1
Pogona_vitticeps_C9A	NC_090026.1	576	212	282	482	14752975	14752403	28.302	2.44e-10	69.3
Pogona_vitticeps_C9A	NC_090026.1	576	227	282	501	13328145	13328747	25.551	2.00e-09	66.6
Pogona_vitticeps_C9A	NC_090026.1	576	248	258	501	13338768	13339454	25.000	8.85e-08	61.2
Pogona_vitticeps_C9A	NC_090024.1	576	94	249	340	170638646	170638368	35.106	1.57e-08	63.5
Pogona_vitticeps_C9A	NC_090024.1	576	48	520	567	170605694	170605837	62.500	2.11e-08	63.2
Pogona_vitticeps_C9A	NC_090024.1	576	87	254	340	170589892	170590152	29.885	1.44e-07	60.5
Pogona_vitticeps_C9A	NC_090024.1	576	46	526	571	170620096	170619959	54.348	2.70e-07	59.7
Pogona_vitticeps_C9A	NC_090024.1	576	72	438	509	170622814	170622599	36.111	2.89e-07	59.7
Gekko_japonicus_C9A	NC_090022.1	582	87	291	377	277896560	277896820	59.770	9.03e-26	118
Gekko_japonicus_C9A	NC_090022.1	582	87	291	377	277868655	277868915	57.471	1.28e-22	108
Gekko_japonicus_C9A	NC_090022.1	582	72	452	523	277874900	277875115	65.278	5.30e-22	107
Gekko_japonicus_C9A	NC_090022.1	582	68	457	524	277902642	277902845	66.176	3.88e-21	104
Gekko_japonicus_C9A	NC_090022.1	582	97	123	219	277863633	277863908	46.392	1.80e-15	86.3
Gekko_japonicus_C9A	NC_090022.1	582	45	173	217	277890667	277890801	71.111	6.59e-13	77.8
Gekko_japonicus_C9A	NC_090022.1	582	66	57	122	277885919	277886107	56.061	3.25e-10	69.3
Gekko_japonicus_C9A	NC_090022.1	582	161	457	581	277186287	277185808	36.646	5.11e-10	68.6
Gekko_japonicus_C9A	NC_090022.1	582	51	122	172	277853213	277853362	60.784	5.57e-10	68.6
Gekko_japonicus_C9A	NC_090022.1	582	54	529	582	277910889	277911050	53.704	3.77e-09	65.9
Gekko_japonicus_C9A	NC_090022.1	582	102	395	492	277872833	277873138	32.353	6.80e-09	64.7
Gekko_japonicus_C9A	NC_090022.1	582	52	71	122	277850927	277851073	61.538	9.09e-09	64.3
Gekko_japonicus_C9A	NC_090022.1	582	51	122	172	277889224	277889373	58.824	1.26e-08	63.9
Gekko_japonicus_C9A	NC_090022.1	582	60	392	451	277900989	277901168	40.000	1.78e-07	60.1
Gekko_japonicus_C9A	NC_090022.1	582	80	295	374	277115987	277116226	30.000	1.02e-06	57.8
Gekko_japonicus_C9A	NC_090022.1	582	88	291	378	277149909	277150172	28.409	1.14e-06	57.8
Gekko_japonicus_C9A	NC_090022.1	582	46	39	83	277848763	277848900	54.348	2.05e-06	56.6
Gekko_japonicus_C9A	NC_090026.1	582	187	309	486	13328130	13328660	24.599	2.95e-08	62.8
Gekko_japonicus_C9A	NC_090026.1	582	208	316	512	13338840	13339442	24.038	2.68e-07	59.7
Gekko_japonicus_C9A	NC_090024.1	582	49	529	577	170605691	170605837	53.061	1.14e-07	60.8
Gekko_japonicus_C9A	NC_090024.1	582	85	293	375	170638616	170638362	32.941	8.05e-07	58.2
Gekko_japonicus_C9A	NC_090024.1	582	67	457	522	170622799	170622599	34.328	2.89e-06	56.2
Gekko_japonicus_C9A	NC_090024.1	582	100	284	383	170589883	170590176	28.000	7.88e-06	55.1
Crotalus_tigris_C9A	NC_090022.1	583	78	456	533	277902633	277902866	61.538	6.93e-26	119
Crotalus_tigris_C9A	NC_090022.1	583	75	276	350	277868664	277868888	64.000	7.20e-23	109
Crotalus_tigris_C9A	NC_090022.1	583	75	276	350	277896569	277896793	60.000	9.88e-23	109
Crotalus_tigris_C9A	NC_090022.1	583	75	458	532	277874912	277875136	60.000	1.33e-20	102
Crotalus_tigris_C9A	NC_090022.1	583	61	157	213	277890667	277890849	59.016	4.77e-14	81.6
Crotalus_tigris_C9A	NC_090022.1	583	62	142	203	277863723	277863908	54.839	6.13e-14	81.3
Crotalus_tigris_C9A	NC_090022.1	583	50	107	156	277853213	277853362	70.000	8.27e-13	77.4
Crotalus_tigris_C9A	NC_090022.1	583	62	400	461	277872842	277873027	54.839	9.36e-12	73.9
Crotalus_tigris_C9A	NC_090022.1	583	50	107	156	277889224	277889373	66.000	5.95e-11	71.6
Crotalus_tigris_C9A	NC_090022.1	583	58	404	461	277901019	277901192	56.897	9.73e-10	67.8
Crotalus_tigris_C9A	NC_090022.1	583	54	530	583	277910886	277911047	51.852	1.28e-09	67.4
Crotalus_tigris_C9A	NC_090022.1	583	51	57	107	277850924	277851073	50.980	1.61e-06	57.0
Crotalus_tigris_C9A	NC_090022.1	583	56	52	107	277885943	277886107	51.786	2.44e-06	56.6
Crotalus_tigris_C9A	NC_090026.1	583	240	276	514	13338777	13339448	25.000	8.74e-11	70.9
Crotalus_tigris_C9A	NC_090026.1	583	190	290	478	13328121	13328642	25.263	3.14e-09	65.9
Crotalus_tigris_C9A	NC_090026.1	583	224	297	514	14752975	14752355	27.232	3.30e-09	65.9
Crotalus_tigris_C9A	NC_090024.1	583	46	538	583	170620096	170619959	52.174	4.30e-07	58.9
Crotalus_tigris_C9A	NC_090024.1	583	78	273	350	170638616	170638383	35.897	5.10e-07	58.9
Crotalus_tigris_C9A	NC_090024.1	583	45	535	579	170605703	170605837	57.778	1.12e-06	57.8
Crotalus_tigris_C9A	NC_090024.1	583	70	456	524	170622808	170622599	35.714	1.80e-06	57.0
Thamnophis_elegans_C9A	NC_090022.1	583	117	255	371	277896518	277896856	50.427	3.11e-27	123
Thamnophis_elegans_C9A	NC_090022.1	583	83	276	358	277868664	277868912	63.855	1.61e-25	117
Thamnophis_elegans_C9A	NC_090022.1	583	78	456	533	277902633	277902866	64.103	2.02e-24	114
Thamnophis_elegans_C9A	NC_090022.1	583	68	458	525	277874912	277875115	63.235	8.60e-20	99.8
Thamnophis_elegans_C9A	NC_090022.1	583	95	109	203	277863636	277863908	44.211	1.66e-13	79.7
Thamnophis_elegans_C9A	NC_090022.1	583	47	157	203	277890667	277890807	70.213	3.08e-13	79.0
Thamnophis_elegans_C9A	NC_090022.1	583	54	530	583	277910886	277911047	57.407	2.75e-12	75.9
Thamnophis_elegans_C9A	NC_090022.1	583	60	402	461	277872848	277873027	56.667	7.88e-12	74.3
Thamnophis_elegans_C9A	NC_090022.1	583	50	107	156	277853213	277853362	66.000	1.44e-11	73.6
Thamnophis_elegans_C9A	NC_090022.1	583	50	107	156	277889224	277889373	62.000	8.94e-10	67.8
Thamnophis_elegans_C9A	NC_090022.1	583	58	404	461	277901019	277901192	51.724	4.85e-09	65.5
Thamnophis_elegans_C9A	NC_090022.1	583	50	58	107	277885961	277886107	60.000	8.81e-09	64.3
Thamnophis_elegans_C9A	NC_090022.1	583	52	56	107	277850921	277851073	53.846	4.06e-08	62.4
Thamnophis_elegans_C9A	NC_090022.1	583	45	530	573	277122358	277122492	57.778	4.12e-08	62.4
Thamnophis_elegans_C9A	NC_090022.1	583	49	536	583	277157458	277157604	55.102	1.02e-06	57.8
Thamnophis_elegans_C9A	NC_090022.1	583	162	463	583	277186293	277185808	30.864	8.60e-06	54.7
Thamnophis_elegans_C9A	NC_090026.1	583	210	297	497	14752975	14752403	26.190	6.65e-09	64.7
Thamnophis_elegans_C9A	NC_090026.1	583	182	297	478	13328145	13328642	24.725	4.24e-06	55.8
Thamnophis_elegans_C9A	NC_090024.1	583	44	536	579	170605706	170605837	54.545	1.17e-06	57.8
Thamnophis_elegans_C9A	NC_090024.1	583	73	274	346	170638613	170638395	35.616	1.42e-06	57.4
Thamnophis_elegans_C9A	NC_090024.1	583	46	538	583	170620096	170619959	45.652	6.50e-06	55.1
Naja_naja_C9A	NC_090022.1	582	78	455	532	277902633	277902866	60.256	7.86e-25	115
Naja_naja_C9A	NC_090022.1	582	78	276	353	277868664	277868897	65.385	1.53e-24	114
Naja_naja_C9A	NC_090022.1	582	78	276	353	277896569	277896802	57.692	8.00e-22	106
Naja_naja_C9A	NC_090022.1	582	68	457	524	277874912	277875115	63.235	3.11e-20	101
Naja_naja_C9A	NC_090022.1	582	62	142	203	277863723	277863908	53.226	4.88e-13	78.2
Naja_naja_C9A	NC_090022.1	582	61	157	213	277890667	277890849	59.016	5.94e-13	78.2
Naja_naja_C9A	NC_090022.1	582	50	107	156	277853213	277853362	72.000	1.11e-12	77.0
Naja_naja_C9A	NC_090022.1	582	50	107	156	277889224	277889373	68.000	9.73e-11	70.9
Naja_naja_C9A	NC_090022.1	582	66	397	460	277872830	277873027	53.030	1.25e-10	70.5
Naja_naja_C9A	NC_090022.1	582	54	529	582	277910886	277911047	51.852	5.93e-09	65.1
Naja_naja_C9A	NC_090022.1	582	58	403	460	277901019	277901192	48.276	1.50e-07	60.5
Naja_naja_C9A	NC_090022.1	582	51	57	107	277850924	277851073	49.020	5.87e-07	58.5
Naja_naja_C9A	NC_090022.1	582	69	456	524	277186293	277186090	37.681	6.62e-07	58.5
Naja_naja_C9A	NC_090022.1	582	56	52	107	277885943	277886107	50.000	1.14e-06	57.8
Naja_naja_C9A	NC_090022.1	582	76	203	273	277866520	277866747	39.474	3.89e-06	55.8
Naja_naja_C9A	NC_090022.1	582	71	273	343	277149909	277150121	36.620	7.05e-06	55.1
Naja_naja_C9A	NC_090026.1	582	226	290	513	13328121	13328741	25.221	4.39e-11	72.0
Naja_naja_C9A	NC_090026.1	582	239	276	513	13338777	13339448	23.849	1.09e-09	67.4
Naja_naja_C9A	NC_090026.1	582	194	297	487	14752975	14752436	24.742	1.74e-07	60.5
Naja_naja_C9A	NC_090024.1	582	46	537	582	170620096	170619959	54.348	2.59e-07	59.7
Naja_naja_C9A	NC_090024.1	582	50	529	578	170605688	170605837	52.000	3.02e-07	59.3
Naja_naja_C9A	NC_090024.1	582	78	273	350	170638616	170638383	37.179	6.96e-07	58.2
Naja_naja_C9A	NC_090024.1	582	70	455	523	170622808	170622599	35.714	1.70e-06	57.0
Naja_naja_C9A	NC_090024.1	582	74	277	350	170589916	170590137	35.135	2.39e-06	56.6
Pseudonaja_textilis_C9A	NC_090022.1	583	78	456	533	277902633	277902866	62.821	1.08e-25	118
Pseudonaja_textilis_C9A	NC_090022.1	583	78	276	353	277868664	277868897	64.103	1.59e-24	114
Pseudonaja_textilis_C9A	NC_090022.1	583	78	276	353	277896569	277896802	56.410	7.26e-22	106
Pseudonaja_textilis_C9A	NC_090022.1	583	75	458	532	277874912	277875136	61.333	3.11e-21	104
Pseudonaja_textilis_C9A	NC_090022.1	583	95	109	203	277863636	277863908	43.158	1.72e-13	79.7
Pseudonaja_textilis_C9A	NC_090022.1	583	47	157	203	277890667	277890807	70.213	5.67e-13	78.2
Pseudonaja_textilis_C9A	NC_090022.1	583	50	107	156	277853213	277853362	68.000	7.11e-12	74.3
Pseudonaja_textilis_C9A	NC_090022.1	583	66	398	461	277872830	277873027	53.030	9.52e-11	70.9
Pseudonaja_textilis_C9A	NC_090022.1	583	50	107	156	277889224	277889373	64.000	4.63e-10	68.6
Pseudonaja_textilis_C9A	NC_090022.1	583	54	530	583	277910886	277911047	50.000	2.19e-08	63.2
Pseudonaja_textilis_C9A	NC_090022.1	583	51	57	107	277850924	277851073	52.941	3.03e-08	62.8
Pseudonaja_textilis_C9A	NC_090022.1	583	58	404	461	277901019	277901192	50.000	4.27e-08	62.4
Pseudonaja_textilis_C9A	NC_090022.1	583	56	52	107	277885943	277886107	51.786	8.37e-08	61.2
Pseudonaja_textilis_C9A	NC_090022.1	583	66	25	83	277848760	277848957	45.455	1.03e-06	57.8
Pseudonaja_textilis_C9A	NC_090022.1	583	69	457	525	277186293	277186090	37.681	1.17e-06	57.8
Pseudonaja_textilis_C9A	NC_090022.1	583	89	203	285	277866520	277866786	38.202	1.55e-06	57.0
Pseudonaja_textilis_C9A	NC_090026.1	583	227	290	514	13328121	13328741	25.991	2.17e-11	72.8
Pseudonaja_textilis_C9A	NC_090026.1	583	242	276	514	13338777	13339448	25.620	3.49e-10	68.9
Pseudonaja_textilis_C9A	NC_090026.1	583	195	297	488	14752975	14752436	24.103	3.79e-08	62.4
Pseudonaja_textilis_C9A	NC_090024.1	583	46	538	583	170620096	170619959	54.348	1.57e-07	60.5
Pseudonaja_textilis_C9A	NC_090024.1	583	50	530	579	170605688	170605837	52.000	2.69e-07	59.7
Pseudonaja_textilis_C9A	NC_090024.1	583	78	273	350	170638616	170638383	34.615	2.77e-06	56.2
Pseudonaja_textilis_C9A	NC_090024.1	583	74	277	350	170589916	170590137	33.784	3.77e-06	55.8
Python_bivittatus_C9A	NC_090022.1	582	97	456	552	277902633	277902923	54.639	1.27e-26	121
Python_bivittatus_C9A	NC_090022.1	582	98	274	371	277896563	277896856	55.102	3.24e-25	117
Python_bivittatus_C9A	NC_090022.1	582	79	276	354	277868664	277868900	64.557	4.38e-25	116
Python_bivittatus_C9A	NC_090022.1	582	84	454	537	277874900	277875151	60.714	9.22e-23	109
Python_bivittatus_C9A	NC_090022.1	582	95	109	203	277863636	277863908	41.053	1.83e-13	79.7
Python_bivittatus_C9A	NC_090022.1	582	96	402	493	277872848	277873135	42.708	4.67e-13	78.2
Python_bivittatus_C9A	NC_090022.1	582	69	157	221	277890667	277890873	50.725	1.21e-12	77.0
Python_bivittatus_C9A	NC_090022.1	582	48	535	582	277910904	277911047	62.500	1.26e-10	70.5
Python_bivittatus_C9A	NC_090022.1	582	50	107	156	277853213	277853362	64.000	1.32e-10	70.5
Python_bivittatus_C9A	NC_090022.1	582	50	107	156	277889224	277889373	64.000	8.68e-10	67.8
Python_bivittatus_C9A	NC_090022.1	582	54	404	457	277901019	277901180	55.556	1.31e-08	63.9
Python_bivittatus_C9A	NC_090022.1	582	161	457	578	277186293	277185820	32.919	1.86e-07	60.1
Python_bivittatus_C9A	NC_090022.1	582	52	56	107	277850921	277851073	53.846	3.35e-07	59.3
Python_bivittatus_C9A	NC_090022.1	582	50	58	107	277885961	277886107	56.000	3.63e-06	55.8
Python_bivittatus_C9A	NC_090022.1	582	63	1	63	277883322	277883510	41.270	3.92e-06	55.8
Python_bivittatus_C9A	NC_090022.1	582	65	25	82	277848760	277848954	41.538	3.95e-06	55.8
Python_bivittatus_C9A	NC_090022.1	582	51	529	578	277157440	277157592	52.941	6.10e-06	55.1
Python_bivittatus_C9A	NC_090026.1	582	227	297	514	14752975	14752355	27.313	5.33e-10	68.6
Python_bivittatus_C9A	NC_090026.1	582	169	297	465	13328145	13328603	27.811	4.83e-09	65.5
Python_bivittatus_C9A	NC_090026.1	582	217	276	488	13338777	13339367	22.120	1.84e-07	60.1
Python_bivittatus_C9A	NC_090024.1	582	46	537	582	170620096	170619959	54.348	8.34e-09	64.7
Python_bivittatus_C9A	NC_090024.1	582	50	529	578	170605688	170605837	58.000	4.40e-08	62.4
Python_bivittatus_C9A	NC_090024.1	582	82	274	355	170638613	170638368	32.927	5.49e-07	58.5
Python_bivittatus_C9A	NC_090024.1	582	70	456	524	170622808	170622599	38.571	5.72e-07	58.5
Python_bivittatus_C9A	NC_090024.1	582	63	524	582	120843160	120842981	44.444	8.05e-07	58.2
Python_bivittatus_C9A	NC_090024.1	582	82	277	358	170589916	170590161	31.707	1.81e-06	57.0
Notechis_scutatus_C9A	NC_090022.1	583	78	456	533	277902633	277902866	61.538	7.79e-25	115
Notechis_scutatus_C9A	NC_090022.1	583	78	276	353	277868664	277868897	64.103	1.68e-24	114
Notechis_scutatus_C9A	NC_090022.1	583	78	276	353	277896569	277896802	56.410	7.85e-22	106
Notechis_scutatus_C9A	NC_090022.1	583	76	458	533	277874912	277875139	60.526	2.25e-21	104
Notechis_scutatus_C9A	NC_090022.1	583	95	109	203	277863636	277863908	42.105	4.09e-13	78.6
Notechis_scutatus_C9A	NC_090022.1	583	47	157	203	277890667	277890807	70.213	5.62e-13	78.2
Notechis_scutatus_C9A	NC_090022.1	583	50	107	156	277853213	277853362	70.000	2.24e-12	76.3
Notechis_scutatus_C9A	NC_090022.1	583	69	393	461	277872830	277873027	50.725	5.80e-11	71.6
Notechis_scutatus_C9A	NC_090022.1	583	50	107	156	277889224	277889373	66.000	2.09e-10	69.7
Notechis_scutatus_C9A	NC_090022.1	583	51	57	107	277850924	277851073	54.902	1.68e-08	63.5
Notechis_scutatus_C9A	NC_090022.1	583	58	404	461	277901019	277901192	50.000	4.34e-08	62.4
Notechis_scutatus_C9A	NC_090022.1	583	56	52	107	277885943	277886107	53.571	4.98e-08	62.0
Notechis_scutatus_C9A	NC_090022.1	583	54	530	583	277910886	277911047	48.148	2.16e-07	60.1
Notechis_scutatus_C9A	NC_090022.1	583	69	457	525	277186293	277186090	37.681	1.92e-06	57.0
Notechis_scutatus_C9A	NC_090022.1	583	49	25	69	277848760	277848906	53.061	2.36e-06	56.6
Notechis_scutatus_C9A	NC_090022.1	583	89	203	285	277866520	277866786	38.202	3.80e-06	55.8
Notechis_scutatus_C9A	NC_090026.1	583	227	290	514	13328121	13328741	26.432	1.68e-11	73.2
Notechis_scutatus_C9A	NC_090026.1	583	242	276	514	13338777	13339448	26.033	4.63e-10	68.6
Notechis_scutatus_C9A	NC_090026.1	583	195	297	488	14752975	14752436	24.103	2.96e-08	62.8
Notechis_scutatus_C9A	NC_090024.1	583	46	538	583	170620096	170619959	54.348	1.63e-07	60.5
Notechis_scutatus_C9A	NC_090024.1	583	45	535	579	170605703	170605837	55.556	7.93e-07	58.2
Notechis_scutatus_C9A	NC_090024.1	583	78	273	350	170638616	170638383	34.615	2.77e-06	56.2
Notechis_scutatus_C9A	NC_090024.1	583	74	277	350	170589916	170590137	33.784	3.77e-06	55.8
Hydrophis_cyanocinctus_C9A	NC_090022.1	583	78	456	533	277902633	277902866	61.538	8.58e-25	115
Hydrophis_cyanocinctus_C9A	NC_090022.1	583	78	276	353	277868664	277868897	64.103	2.06e-24	114
Hydrophis_cyanocinctus_C9A	NC_090022.1	583	78	276	353	277896569	277896802	56.410	1.08e-21	105
Hydrophis_cyanocinctus_C9A	NC_090022.1	583	76	458	533	277874912	277875139	60.526	2.21e-21	105
Hydrophis_cyanocinctus_C9A	NC_090022.1	583	95	109	203	277863636	277863908	43.158	1.79e-13	79.7
Hydrophis_cyanocinctus_C9A	NC_090022.1	583	47	157	203	277890667	277890807	72.340	2.64e-13	79.0
Hydrophis_cyanocinctus_C9A	NC_090022.1	583	50	107	156	277853213	277853362	70.000	2.40e-12	75.9
Hydrophis_cyanocinctus_C9A	NC_090022.1	583	69	393	461	277872830	277873027	50.725	4.72e-11	72.0
Hydrophis_cyanocinctus_C9A	NC_090022.1	583	50	107	156	277889224	277889373	66.000	1.92e-10	69.7
Hydrophis_cyanocinctus_C9A	NC_090022.1	583	51	57	107	277850924	277851073	54.902	1.76e-08	63.5
Hydrophis_cyanocinctus_C9A	NC_090022.1	583	58	404	461	277901019	277901192	50.000	3.99e-08	62.4
Hydrophis_cyanocinctus_C9A	NC_090022.1	583	56	52	107	277885943	277886107	53.571	5.19e-08	62.0
Hydrophis_cyanocinctus_C9A	NC_090022.1	583	54	530	583	277910886	277911047	48.148	2.08e-07	60.1
Hydrophis_cyanocinctus_C9A	NC_090022.1	583	69	457	525	277186293	277186090	37.681	2.08e-06	56.6
Hydrophis_cyanocinctus_C9A	NC_090022.1	583	49	25	69	277848760	277848906	53.061	2.38e-06	56.6
Hydrophis_cyanocinctus_C9A	NC_090022.1	583	76	203	273	277866520	277866747	39.474	8.53e-06	54.7
Hydrophis_cyanocinctus_C9A	NC_090026.1	583	227	290	514	13328121	13328741	25.991	3.02e-11	72.4
Hydrophis_cyanocinctus_C9A	NC_090026.1	583	240	276	514	13338777	13339448	25.833	4.41e-11	72.0
Hydrophis_cyanocinctus_C9A	NC_090026.1	583	195	297	488	14752975	14752436	24.103	4.48e-07	58.9
Hydrophis_cyanocinctus_C9A	NC_090024.1	583	46	538	583	170620096	170619959	54.348	1.63e-07	60.5
Hydrophis_cyanocinctus_C9A	NC_090024.1	583	78	273	350	170638616	170638383	37.179	1.98e-07	60.1
Hydrophis_cyanocinctus_C9A	NC_090024.1	583	45	535	579	170605703	170605837	55.556	8.14e-07	58.2
Hydrophis_cyanocinctus_C9A	NC_090024.1	583	71	277	347	170589916	170590128	35.211	5.43e-06	55.5
Laticauda_colubrina_C9A	NC_090022.1	583	78	456	533	277902633	277902866	62.821	5.00e-25	116
Laticauda_colubrina_C9A	NC_090022.1	583	137	276	400	277868664	277869074	45.255	1.35e-24	115
Laticauda_colubrina_C9A	NC_090022.1	583	78	276	353	277896569	277896802	56.410	1.05e-21	105
Laticauda_colubrina_C9A	NC_090022.1	583	75	458	532	277874912	277875136	61.333	3.00e-21	104
Laticauda_colubrina_C9A	NC_090022.1	583	59	157	215	277890667	277890843	62.712	2.95e-13	79.0
Laticauda_colubrina_C9A	NC_090022.1	583	95	109	203	277863636	277863908	42.105	3.54e-13	78.6
Laticauda_colubrina_C9A	NC_090022.1	583	50	107	156	277853213	277853362	68.000	5.74e-12	74.7
Laticauda_colubrina_C9A	NC_090022.1	583	66	398	461	277872830	277873027	53.030	8.97e-11	70.9
Laticauda_colubrina_C9A	NC_090022.1	583	50	107	156	277889224	277889373	64.000	4.75e-10	68.6
Laticauda_colubrina_C9A	NC_090022.1	583	58	404	461	277901019	277901192	50.000	3.95e-08	62.4
Laticauda_colubrina_C9A	NC_090022.1	583	51	57	107	277850924	277851073	52.941	9.43e-08	61.2
Laticauda_colubrina_C9A	NC_090022.1	583	54	530	583	277910886	277911047	48.148	2.25e-07	60.1
Laticauda_colubrina_C9A	NC_090022.1	583	56	52	107	277885943	277886107	51.786	3.47e-07	59.3
Laticauda_colubrina_C9A	NC_090022.1	583	69	457	525	277186293	277186090	37.681	1.18e-06	57.4
Laticauda_colubrina_C9A	NC_090022.1	583	49	25	69	277848760	277848906	53.061	4.35e-06	55.8
Laticauda_colubrina_C9A	NC_090026.1	583	240	276	514	13338777	13339448	25.000	2.66e-10	69.3
Laticauda_colubrina_C9A	NC_090026.1	583	227	290	514	13328121	13328741	25.991	6.98e-10	68.2
Laticauda_colubrina_C9A	NC_090026.1	583	197	297	488	14752975	14752436	24.365	6.20e-07	58.5
Laticauda_colubrina_C9A	NC_090024.1	583	46	538	583	170620096	170619959	54.348	1.57e-07	60.5
Laticauda_colubrina_C9A	NC_090024.1	583	78	273	350	170638616	170638383	35.897	7.93e-07	58.2
Laticauda_colubrina_C9A	NC_090024.1	583	45	535	579	170605703	170605837	55.556	9.17e-07	57.8
Laticauda_colubrina_C9A	NC_090024.1	583	74	277	350	170589916	170590137	33.784	3.93e-06	55.8
Protobothrops_mucrosquamatus_C9A	NC_090022.1	583	78	456	533	277902633	277902866	65.385	2.34e-27	123
Protobothrops_mucrosquamatus_C9A	NC_090022.1	583	79	276	354	277868664	277868900	68.354	2.36e-26	120
Protobothrops_mucrosquamatus_C9A	NC_090022.1	583	79	276	354	277896569	277896805	63.291	5.32e-25	116
Protobothrops_mucrosquamatus_C9A	NC_090022.1	583	68	458	525	277874912	277875115	67.647	7.13e-22	106
Protobothrops_mucrosquamatus_C9A	NC_090022.1	583	98	107	203	277863627	277863908	43.878	3.73e-15	85.1
Protobothrops_mucrosquamatus_C9A	NC_090022.1	583	47	157	203	277890667	277890807	70.213	3.27e-14	82.0
Protobothrops_mucrosquamatus_C9A	NC_090022.1	583	58	404	461	277872854	277873027	55.172	7.12e-11	71.2
Protobothrops_mucrosquamatus_C9A	NC_090022.1	583	54	530	583	277910886	277911047	53.704	1.81e-10	70.1
Protobothrops_mucrosquamatus_C9A	NC_090022.1	583	50	107	156	277853213	277853362	62.000	2.66e-10	69.3
Protobothrops_mucrosquamatus_C9A	NC_090022.1	583	159	457	579	277186293	277185820	35.220	3.52e-10	68.9
Protobothrops_mucrosquamatus_C9A	NC_090022.1	583	50	107	156	277889224	277889373	62.000	1.05e-09	67.4
Protobothrops_mucrosquamatus_C9A	NC_090022.1	583	60	402	461	277901013	277901192	53.333	1.43e-09	67.0
Protobothrops_mucrosquamatus_C9A	NC_090022.1	583	75	203	272	277866520	277866744	42.667	1.15e-08	63.9
Protobothrops_mucrosquamatus_C9A	NC_090022.1	583	74	203	272	277892718	277892939	40.541	1.27e-07	60.8
Protobothrops_mucrosquamatus_C9A	NC_090022.1	583	48	527	573	277122349	277122492	56.250	5.64e-07	58.5
Protobothrops_mucrosquamatus_C9A	NC_090022.1	583	64	25	81	277848760	277848951	43.750	8.86e-07	58.2
Protobothrops_mucrosquamatus_C9A	NC_090022.1	583	84	277	360	277149921	277150172	29.762	1.02e-06	57.8
Protobothrops_mucrosquamatus_C9A	NC_090022.1	583	83	274	356	277115978	277116226	31.325	1.39e-06	57.4
Protobothrops_mucrosquamatus_C9A	NC_090022.1	583	51	57	107	277850924	277851073	50.980	2.30e-06	56.6
Protobothrops_mucrosquamatus_C9A	NC_090026.1	583	227	297	514	14752975	14752355	28.634	5.94e-12	74.7
Protobothrops_mucrosquamatus_C9A	NC_090026.1	583	219	297	514	13328145	13328741	23.288	5.23e-09	65.1
Protobothrops_mucrosquamatus_C9A	NC_090026.1	583	240	276	514	13338777	13339448	23.750	9.76e-09	64.3
Protobothrops_mucrosquamatus_C9A	NC_090024.1	583	45	535	579	170605703	170605837	62.222	5.37e-09	65.1
Protobothrops_mucrosquamatus_C9A	NC_090024.1	583	82	274	355	170638613	170638368	32.927	1.28e-07	60.8
Protobothrops_mucrosquamatus_C9A	NC_090024.1	583	46	538	583	170620096	170619959	52.174	2.01e-07	60.1
Protobothrops_mucrosquamatus_C9A	NC_090024.1	583	79	277	355	170589916	170590152	31.646	7.54e-07	58.2
Protobothrops_mucrosquamatus_C9A	NC_090024.1	583	70	456	524	170622808	170622599	34.286	1.97e-06	57.0
Protobothrops_mucrosquamatus_C9A	NC_090024.1	583	64	524	583	120843160	120842981	42.188	9.29e-06	54.7
Chrysopelea_ornata_C9A	NC_090022.1	584	78	457	534	277902633	277902866	67.949	1.55e-27	124
Chrysopelea_ornata_C9A	NC_090022.1	584	79	276	354	277868664	277868900	64.557	5.79e-24	113
Chrysopelea_ornata_C9A	NC_090022.1	584	96	276	371	277896569	277896856	52.083	1.00e-23	112
Chrysopelea_ornata_C9A	NC_090022.1	584	75	459	533	277874912	277875136	61.333	6.82e-22	106
Chrysopelea_ornata_C9A	NC_090022.1	584	95	109	203	277863636	277863908	46.316	1.15e-15	86.7
Chrysopelea_ornata_C9A	NC_090022.1	584	47	157	203	277890667	277890807	74.468	1.75e-14	82.8
Chrysopelea_ornata_C9A	NC_090022.1	584	50	107	156	277853213	277853362	66.000	1.32e-11	73.6
Chrysopelea_ornata_C9A	NC_090022.1	584	61	402	462	277872845	277873027	52.459	1.48e-11	73.6
Chrysopelea_ornata_C9A	NC_090022.1	584	50	107	156	277889224	277889373	62.000	6.16e-10	68.2
Chrysopelea_ornata_C9A	NC_090022.1	584	163	458	584	277186293	277185808	32.515	6.88e-10	68.2
Chrysopelea_ornata_C9A	NC_090022.1	584	54	531	584	277910886	277911047	51.852	8.23e-10	67.8
Chrysopelea_ornata_C9A	NC_090022.1	584	58	405	462	277901019	277901192	51.724	4.24e-09	65.5
Chrysopelea_ornata_C9A	NC_090022.1	584	83	194	272	277892691	277892939	37.349	1.40e-07	60.5
Chrysopelea_ornata_C9A	NC_090022.1	584	75	203	272	277866520	277866744	41.333	6.43e-07	58.5
Chrysopelea_ornata_C9A	NC_090022.1	584	48	528	574	277122349	277122492	52.083	2.12e-06	56.6
Chrysopelea_ornata_C9A	NC_090022.1	584	84	277	360	277149921	277150172	29.762	2.23e-06	56.6
Chrysopelea_ornata_C9A	NC_090022.1	584	83	274	356	277115978	277116226	32.530	2.53e-06	56.6
Chrysopelea_ornata_C9A	NC_090024.1	584	84	274	357	170638613	170638362	34.524	1.45e-08	63.9
Chrysopelea_ornata_C9A	NC_090024.1	584	45	536	580	170605703	170605837	60.000	4.62e-08	62.0
Chrysopelea_ornata_C9A	NC_090024.1	584	46	539	584	170620096	170619959	47.826	5.59e-06	55.5
Chrysopelea_ornata_C9A	NC_090026.1	584	227	297	515	14752975	14752355	26.872	2.70e-08	62.8
Chrysopelea_ornata_C9A	NC_090026.1	584	222	297	515	13328145	13328741	24.775	9.96e-08	61.2
Chrysopelea_ornata_C9A	NC_090026.1	584	219	298	515	13338840	13339448	22.831	3.48e-07	59.3
Pituophis_catenifer_C9A	NC_090022.1	583	77	456	532	277902633	277902863	66.234	6.34e-26	119
Pituophis_catenifer_C9A	NC_090022.1	583	77	277	353	277868667	277868897	66.234	2.91e-24	114
Pituophis_catenifer_C9A	NC_090022.1	583	95	277	371	277896572	277896856	53.684	4.90e-24	113
Pituophis_catenifer_C9A	NC_090022.1	583	75	458	532	277874912	277875136	58.667	6.68e-20	100
Pituophis_catenifer_C9A	NC_090022.1	583	71	391	461	277872818	277873027	53.521	4.94e-13	78.2
Pituophis_catenifer_C9A	NC_090022.1	583	47	157	203	277890667	277890807	63.830	7.24e-12	74.3
Pituophis_catenifer_C9A	NC_090022.1	583	62	142	203	277863723	277863908	48.387	9.36e-12	73.9
Pituophis_catenifer_C9A	NC_090022.1	583	50	107	156	277853213	277853362	66.000	3.27e-11	72.4
Pituophis_catenifer_C9A	NC_090022.1	583	54	530	583	277910886	277911047	55.556	1.33e-10	70.5
Pituophis_catenifer_C9A	NC_090022.1	583	50	107	156	277889224	277889373	62.000	1.34e-09	67.0
Pituophis_catenifer_C9A	NC_090022.1	583	58	404	461	277901019	277901192	51.724	2.71e-09	66.2
Pituophis_catenifer_C9A	NC_090022.1	583	94	199	285	277866505	277866786	41.489	1.48e-08	63.9
Pituophis_catenifer_C9A	NC_090022.1	583	52	56	107	277850921	277851073	53.846	2.98e-08	62.8
Pituophis_catenifer_C9A	NC_090022.1	583	163	457	583	277186293	277185808	31.902	7.00e-08	61.6
Pituophis_catenifer_C9A	NC_090022.1	583	50	58	107	277885961	277886107	58.000	1.28e-07	60.8
Pituophis_catenifer_C9A	NC_090022.1	583	88	194	276	277892691	277892954	37.500	1.74e-07	60.5
Pituophis_catenifer_C9A	NC_090022.1	583	48	527	573	277122349	277122492	50.000	1.06e-06	57.8
Pituophis_catenifer_C9A	NC_090026.1	583	229	297	516	14752975	14752349	27.948	6.05e-11	71.6
Pituophis_catenifer_C9A	NC_090026.1	583	229	290	516	13328121	13328747	23.581	6.59e-08	61.6
Pituophis_catenifer_C9A	NC_090026.1	583	220	298	516	13338840	13339454	23.182	3.77e-06	55.8
Pituophis_catenifer_C9A	NC_090024.1	583	46	535	580	170605703	170605840	60.870	7.43e-09	64.7
Pituophis_catenifer_C9A	NC_090024.1	583	46	538	583	170620096	170619959	50.000	5.94e-07	58.5
Pituophis_catenifer_C9A	NC_090024.1	583	78	273	350	170589904	170590137	33.333	1.24e-06	57.4
Pituophis_catenifer_C9A	NC_090024.1	583	74	277	350	170638604	170638383	37.838	1.26e-06	57.4
Pituophis_catenifer_C9A	NC_090024.1	583	70	456	524	170622808	170622599	34.286	1.96e-06	57.0
Pantherophis_obsoletus_C9A	NC_090022.1	583	85	274	358	277868658	277868912	63.529	6.51e-27	122
Pantherophis_obsoletus_C9A	NC_090022.1	583	122	257	371	277896494	277896856	49.180	8.28e-27	122
Pantherophis_obsoletus_C9A	NC_090022.1	583	78	456	533	277902633	277902866	65.385	5.70e-26	119
Pantherophis_obsoletus_C9A	NC_090022.1	583	75	458	532	277874912	277875136	58.667	6.45e-20	100
Pantherophis_obsoletus_C9A	NC_090022.1	583	47	157	203	277890667	277890807	65.957	1.26e-12	77.0
Pantherophis_obsoletus_C9A	NC_090022.1	583	95	109	203	277863636	277863908	41.053	1.93e-12	76.3
Pantherophis_obsoletus_C9A	NC_090022.1	583	50	107	156	277853213	277853362	70.000	3.38e-12	75.5
Pantherophis_obsoletus_C9A	NC_090022.1	583	61	401	461	277872845	277873027	54.098	8.02e-12	74.3
Pantherophis_obsoletus_C9A	NC_090022.1	583	54	530	583	277910886	277911047	55.556	6.59e-11	71.2
Pantherophis_obsoletus_C9A	NC_090022.1	583	50	107	156	277889224	277889373	62.000	1.03e-09	67.4
Pantherophis_obsoletus_C9A	NC_090022.1	583	58	404	461	277901019	277901192	53.448	2.41e-09	66.2
Pantherophis_obsoletus_C9A	NC_090022.1	583	52	56	107	277850921	277851073	57.692	4.57e-09	65.5
Pantherophis_obsoletus_C9A	NC_090022.1	583	50	58	107	277885961	277886107	62.000	1.53e-08	63.5
Pantherophis_obsoletus_C9A	NC_090022.1	583	163	457	583	277186293	277185808	31.902	8.66e-08	61.2
Pantherophis_obsoletus_C9A	NC_090022.1	583	81	198	272	277866502	277866744	40.741	1.04e-06	57.8
Pantherophis_obsoletus_C9A	NC_090022.1	583	48	527	573	277122349	277122492	50.000	1.64e-06	57.0
Pantherophis_obsoletus_C9A	NC_090022.1	583	84	274	357	277115978	277116229	30.952	1.72e-06	57.0
Pantherophis_obsoletus_C9A	NC_090022.1	583	84	277	360	277149921	277150172	29.762	1.91e-06	57.0
Pantherophis_obsoletus_C9A	NC_090022.1	583	74	203	272	277892718	277892939	39.189	5.67e-06	55.5
Pantherophis_obsoletus_C9A	NC_090026.1	583	229	297	516	14752975	14752349	29.258	7.92e-13	77.4
Pantherophis_obsoletus_C9A	NC_090026.1	583	221	297	516	13328145	13328747	21.267	2.83e-08	62.8
Pantherophis_obsoletus_C9A	NC_090026.1	583	242	276	516	13338777	13339454	22.314	1.33e-07	60.8
Pantherophis_obsoletus_C9A	NC_090024.1	583	46	535	580	170605703	170605840	60.870	7.43e-09	64.7
Pantherophis_obsoletus_C9A	NC_090024.1	583	82	274	355	170638613	170638368	35.366	2.56e-08	63.2
Pantherophis_obsoletus_C9A	NC_090024.1	583	82	277	358	170589916	170590161	31.707	3.50e-07	59.3
Pantherophis_obsoletus_C9A	NC_090024.1	583	46	538	583	170620096	170619959	50.000	5.69e-07	58.5
Pantherophis_obsoletus_C9A	NC_090024.1	583	70	456	524	170622808	170622599	34.286	1.78e-06	57.0
Bothrops_jararaca_C9A	NC_090022.1	583	78	456	533	277902633	277902866	64.103	2.03e-26	120
Bothrops_jararaca_C9A	NC_090022.1	583	79	276	354	277868664	277868900	68.354	1.17e-25	118
Bothrops_jararaca_C9A	NC_090022.1	583	79	276	354	277896569	277896805	63.291	1.82e-24	114
Bothrops_jararaca_C9A	NC_090022.1	583	68	458	525	277874912	277875115	66.176	5.74e-21	103
Bothrops_jararaca_C9A	NC_090022.1	583	47	157	203	277890667	277890807	70.213	3.00e-14	82.0
Bothrops_jararaca_C9A	NC_090022.1	583	62	142	203	277863723	277863908	53.226	4.94e-14	81.6
Bothrops_jararaca_C9A	NC_090022.1	583	50	107	156	277853213	277853362	68.000	1.23e-11	73.6
Bothrops_jararaca_C9A	NC_090022.1	583	50	107	156	277889224	277889373	68.000	7.36e-11	71.2
Bothrops_jararaca_C9A	NC_090022.1	583	54	530	583	277910886	277911047	53.704	1.59e-10	70.1
Bothrops_jararaca_C9A	NC_090022.1	583	65	397	461	277872833	277873027	46.154	2.09e-10	69.7
Bothrops_jararaca_C9A	NC_090022.1	583	159	457	579	277186293	277185820	33.333	9.35e-09	64.3
Bothrops_jararaca_C9A	NC_090022.1	583	58	404	461	277901019	277901192	51.724	1.11e-08	64.3
Bothrops_jararaca_C9A	NC_090022.1	583	75	203	272	277866520	277866744	44.000	1.63e-08	63.5
Bothrops_jararaca_C9A	NC_090022.1	583	74	203	272	277892718	277892939	39.189	4.45e-07	58.9
Bothrops_jararaca_C9A	NC_090022.1	583	84	277	360	277149921	277150172	29.762	1.13e-06	57.8
Bothrops_jararaca_C9A	NC_090022.1	583	84	274	357	277115978	277116229	30.952	1.29e-06	57.4
Bothrops_jararaca_C9A	NC_090022.1	583	65	25	82	277848760	277848954	40.000	1.66e-06	57.0
Bothrops_jararaca_C9A	NC_090022.1	583	39	25	63	277883394	277883510	56.410	5.25e-06	55.5
Bothrops_jararaca_C9A	NC_090022.1	583	48	527	573	277122349	277122492	52.083	5.57e-06	55.5
Bothrops_jararaca_C9A	NC_090022.1	583	51	57	107	277850924	277851073	49.020	7.13e-06	55.1
Bothrops_jararaca_C9A	NC_090022.1	583	56	52	107	277885943	277886107	50.000	9.77e-06	54.7
Bothrops_jararaca_C9A	NC_090026.1	583	227	297	514	14752975	14752355	26.872	2.06e-09	66.6
Bothrops_jararaca_C9A	NC_090026.1	583	240	276	514	13338777	13339448	23.333	2.93e-09	65.9
Bothrops_jararaca_C9A	NC_090026.1	583	219	297	514	13328145	13328741	24.201	5.56e-09	65.1
Bothrops_jararaca_C9A	NC_090024.1	583	45	535	579	170605703	170605837	60.000	1.83e-08	63.5
Bothrops_jararaca_C9A	NC_090024.1	583	82	274	355	170638613	170638368	34.146	1.70e-07	60.5
Bothrops_jararaca_C9A	NC_090024.1	583	46	538	583	170620096	170619959	50.000	7.22e-07	58.2
Bothrops_jararaca_C9A	NC_090024.1	583	79	277	355	170589916	170590152	31.646	2.53e-06	56.6
Bothrops_jararaca_C9A	NC_090024.1	583	70	456	524	170622808	170622599	34.286	6.39e-06	55.1
Ptyas_mucosa_C9A	NC_090022.1	583	77	456	532	277902633	277902863	68.831	1.84e-27	124
Ptyas_mucosa_C9A	NC_090022.1	583	101	277	372	277868667	277868969	56.436	1.39e-26	121
Ptyas_mucosa_C9A	NC_090022.1	583	136	244	370	277896449	277896853	45.588	8.06e-26	119
Ptyas_mucosa_C9A	NC_090022.1	583	75	458	532	277874912	277875136	61.333	2.37e-21	104
Ptyas_mucosa_C9A	NC_090022.1	583	95	109	203	277863636	277863908	41.053	5.25e-13	78.2
Ptyas_mucosa_C9A	NC_090022.1	583	47	157	203	277890667	277890807	65.957	1.24e-12	77.0
Ptyas_mucosa_C9A	NC_090022.1	583	50	107	156	277853213	277853362	68.000	5.41e-12	74.7
Ptyas_mucosa_C9A	NC_090022.1	583	61	401	461	277872845	277873027	50.820	6.76e-11	71.2
Ptyas_mucosa_C9A	NC_090022.1	583	50	107	156	277889224	277889373	64.000	2.66e-10	69.3
Ptyas_mucosa_C9A	NC_090022.1	583	54	530	583	277910886	277911047	53.704	5.93e-10	68.2
Ptyas_mucosa_C9A	NC_090022.1	583	52	56	107	277850921	277851073	59.615	1.23e-09	67.4
Ptyas_mucosa_C9A	NC_090022.1	583	163	457	583	277186293	277185808	34.356	4.16e-09	65.5
Ptyas_mucosa_C9A	NC_090022.1	583	50	58	107	277885961	277886107	62.000	1.09e-08	64.3
Ptyas_mucosa_C9A	NC_090022.1	583	58	404	461	277901019	277901192	50.000	2.25e-08	63.2
Ptyas_mucosa_C9A	NC_090022.1	583	80	199	272	277866505	277866744	45.000	1.22e-07	60.8
Ptyas_mucosa_C9A	NC_090022.1	583	89	188	272	277892673	277892939	35.955	5.55e-07	58.5
Ptyas_mucosa_C9A	NC_090022.1	583	84	274	357	277115978	277116229	30.952	2.24e-06	56.6
Ptyas_mucosa_C9A	NC_090022.1	583	66	25	83	277848760	277848957	42.424	8.03e-06	54.7
Ptyas_mucosa_C9A	NC_090022.1	583	48	527	573	277122349	277122492	50.000	9.13e-06	54.7
Ptyas_mucosa_C9A	NC_090022.1	583	49	536	583	277157458	277157604	55.102	9.94e-06	54.7
Ptyas_mucosa_C9A	NC_090026.1	583	210	297	497	14752975	14752403	28.095	1.05e-09	67.4
Ptyas_mucosa_C9A	NC_090026.1	583	227	289	514	13328124	13328741	23.789	2.83e-09	66.2
Ptyas_mucosa_C9A	NC_090026.1	583	239	277	514	13338780	13339448	22.176	1.99e-06	57.0
Ptyas_mucosa_C9A	NC_090024.1	583	45	535	579	170605703	170605837	60.000	1.52e-07	60.5
Ptyas_mucosa_C9A	NC_090024.1	583	82	274	355	170638613	170638368	35.366	2.78e-07	59.7
Ptyas_mucosa_C9A	NC_090024.1	583	82	277	358	170589916	170590161	30.488	2.08e-06	56.6
Ptyas_mucosa_C9A	NC_090024.1	583	46	538	583	170620096	170619959	47.826	7.07e-06	55.1
Vipera_berus_C9A	NC_090022.1	583	78	456	533	277902633	277902866	64.103	7.85e-27	122
Vipera_berus_C9A	NC_090022.1	583	96	276	371	277896569	277896856	57.292	4.15e-25	116
Vipera_berus_C9A	NC_090022.1	583	81	274	354	277868658	277868900	64.198	9.05e-25	115
Vipera_berus_C9A	NC_090022.1	583	68	458	525	277874912	277875115	66.176	3.33e-21	104
Vipera_berus_C9A	NC_090022.1	583	98	107	203	277863627	277863908	43.878	4.88e-15	84.7
Vipera_berus_C9A	NC_090022.1	583	69	157	221	277890667	277890873	52.174	4.61e-14	81.6
Vipera_berus_C9A	NC_090022.1	583	50	107	156	277853213	277853362	68.000	3.68e-12	75.5
Vipera_berus_C9A	NC_090022.1	583	50	107	156	277889224	277889373	68.000	2.17e-11	72.8
Vipera_berus_C9A	NC_090022.1	583	65	397	461	277872833	277873027	47.692	3.10e-11	72.4
Vipera_berus_C9A	NC_090022.1	583	54	530	583	277910886	277911047	53.704	3.32e-10	68.9
Vipera_berus_C9A	NC_090022.1	583	58	404	461	277901019	277901192	53.448	2.86e-09	66.2
Vipera_berus_C9A	NC_090022.1	583	75	203	272	277866520	277866744	46.667	1.14e-08	64.3
Vipera_berus_C9A	NC_090022.1	583	159	457	579	277186293	277185820	32.075	1.29e-08	63.9
Vipera_berus_C9A	NC_090022.1	583	74	203	272	277892718	277892939	40.541	2.69e-07	59.7
Vipera_berus_C9A	NC_090022.1	583	84	277	360	277149921	277150172	30.952	4.05e-07	58.9
Vipera_berus_C9A	NC_090022.1	583	84	274	357	277115978	277116229	32.143	5.01e-07	58.9
Vipera_berus_C9A	NC_090022.1	583	51	57	107	277850924	277851073	52.941	2.68e-06	56.2
Vipera_berus_C9A	NC_090022.1	583	65	25	82	277848760	277848954	40.000	6.72e-06	55.1
Vipera_berus_C9A	NC_090022.1	583	48	527	573	277122349	277122492	52.083	7.57e-06	55.1
Vipera_berus_C9A	NC_090022.1	583	59	51	107	277885934	277886107	50.847	8.67e-06	54.7
Vipera_berus_C9A	NC_090026.1	583	228	297	514	14752975	14752355	28.070	7.62e-11	71.2
Vipera_berus_C9A	NC_090026.1	583	242	276	514	13338777	13339448	24.793	7.36e-09	64.7
Vipera_berus_C9A	NC_090026.1	583	182	297	478	13328145	13328642	26.374	1.53e-08	63.5
Vipera_berus_C9A	NC_090024.1	583	45	535	579	170605703	170605837	62.222	2.18e-08	63.2
Vipera_berus_C9A	NC_090024.1	583	70	456	524	170622808	170622599	35.714	6.69e-07	58.5
Vipera_berus_C9A	NC_090024.1	583	82	274	355	170638613	170638368	32.927	7.35e-07	58.2
Vipera_berus_C9A	NC_090024.1	583	84	274	357	170589907	170590158	32.143	7.80e-07	58.2
Vipera_berus_C9A	NC_090024.1	583	46	538	583	170620096	170619959	50.000	1.01e-06	57.8
Sceloporus_undulatus_C9A	NC_090022.1	591	82	277	358	277896560	277896805	76.829	1.90e-32	139
Sceloporus_undulatus_C9A	NC_090022.1	591	78	460	537	277902633	277902866	79.487	4.48e-32	138
Sceloporus_undulatus_C9A	NC_090022.1	591	82	277	358	277868655	277868900	78.049	1.46e-31	136
Sceloporus_undulatus_C9A	NC_090022.1	591	78	460	537	277874906	277875139	71.795	2.58e-27	123
Sceloporus_undulatus_C9A	NC_090022.1	591	65	401	465	277872833	277873027	70.769	3.47e-20	101
Sceloporus_undulatus_C9A	NC_090022.1	591	49	58	106	277885961	277886107	85.714	8.03e-19	97.1
Sceloporus_undulatus_C9A	NC_090022.1	591	66	400	465	277900995	277901192	66.667	3.22e-18	95.1
Sceloporus_undulatus_C9A	NC_090022.1	591	58	534	591	277910886	277911059	65.517	3.83e-17	91.7
Sceloporus_undulatus_C9A	NC_090022.1	591	51	56	106	277850921	277851073	76.471	1.49e-16	89.7
Sceloporus_undulatus_C9A	NC_090022.1	591	50	106	155	277853213	277853362	82.000	1.62e-16	89.4
Sceloporus_undulatus_C9A	NC_090022.1	591	50	106	155	277889224	277889373	84.000	2.82e-16	88.6
Sceloporus_undulatus_C9A	NC_090022.1	591	77	201	277	277892715	277892942	61.039	4.81e-16	88.2
Sceloporus_undulatus_C9A	NC_090022.1	591	48	155	202	277863765	277863908	77.083	9.84e-16	87.0
Sceloporus_undulatus_C9A	NC_090022.1	591	85	193	277	277866493	277866747	50.588	8.77e-15	84.0
Sceloporus_undulatus_C9A	NC_090022.1	591	72	141	212	277890622	277890837	56.944	1.04e-14	83.6
Sceloporus_undulatus_C9A	NC_090022.1	591	88	277	364	277149909	277150172	32.955	3.78e-09	65.9
Sceloporus_undulatus_C9A	NC_090022.1	591	165	463	591	277186287	277185796	30.909	9.67e-09	64.3
Sceloporus_undulatus_C9A	NC_090022.1	591	57	532	587	277122352	277122522	54.386	3.33e-08	62.8
Sceloporus_undulatus_C9A	NC_090022.1	591	80	281	360	277115987	277116226	33.750	1.77e-07	60.5
Sceloporus_undulatus_C9A	NC_090022.1	591	38	26	63	277883397	277883510	60.526	8.54e-07	58.2
Sceloporus_undulatus_C9A	NC_090022.1	591	38	26	63	277848763	277848876	60.526	1.30e-06	57.4
Sceloporus_undulatus_C9A	NC_090022.1	591	49	540	587	277157458	277157604	55.102	4.45e-06	55.8
Sceloporus_undulatus_C9A	NC_090026.1	591	227	301	520	13328145	13328747	25.551	6.37e-09	65.1
Sceloporus_undulatus_C9A	NC_090026.1	591	206	301	501	14752975	14752403	24.757	2.31e-08	63.2
Sceloporus_undulatus_C9A	NC_090026.1	591	219	277	495	13338768	13339376	24.658	5.55e-06	55.5
Sceloporus_undulatus_C9A	NC_090024.1	591	46	542	587	170620096	170619959	54.348	9.82e-08	61.2
Sceloporus_undulatus_C9A	NC_090024.1	591	46	539	584	170605703	170605840	56.522	2.82e-07	59.7
Sceloporus_undulatus_C9A	NC_090024.1	591	83	280	362	170638607	170638359	36.145	3.08e-07	59.7
Sceloporus_undulatus_C9A	NC_090024.1	591	81	460	539	170622808	170622575	32.099	7.58e-07	58.2
Sceloporus_undulatus_C9A	NC_090024.1	591	79	281	359	170589916	170590152	32.911	1.90e-06	57.0
Anolis_carolinensis_C9B	NC_090022.1	538	81	277	357	277868655	277868897	95.062	1.51e-41	166
Anolis_carolinensis_C9B	NC_090022.1	538	81	277	357	277896560	277896802	81.481	5.04e-35	146
Anolis_carolinensis_C9B	NC_090022.1	538	80	458	537	277874900	277875139	83.750	4.75e-34	143
Anolis_carolinensis_C9B	NC_090022.1	538	76	462	537	277902639	277902866	78.947	1.27e-28	127
Anolis_carolinensis_C9B	NC_090022.1	538	67	399	465	277872827	277873027	85.075	4.13e-25	115
Anolis_carolinensis_C9B	NC_090022.1	538	76	202	277	277866520	277866747	71.053	1.19e-22	108
Anolis_carolinensis_C9B	NC_090022.1	538	50	106	155	277853213	277853362	96.000	2.55e-22	107
Anolis_carolinensis_C9B	NC_090022.1	538	56	52	107	277885943	277886110	83.929	1.13e-21	105
Anolis_carolinensis_C9B	NC_090022.1	538	95	108	202	277863636	277863908	56.842	3.15e-21	103
Anolis_carolinensis_C9B	NC_090022.1	538	51	57	107	277850924	277851076	82.353	1.33e-19	99.0
Anolis_carolinensis_C9B	NC_090022.1	538	47	156	202	277890667	277890807	87.234	5.71e-18	93.6
Anolis_carolinensis_C9B	NC_090022.1	538	77	201	277	277892715	277892942	59.740	1.23e-17	92.8
Anolis_carolinensis_C9B	NC_090022.1	538	50	106	155	277889224	277889373	84.000	1.84e-17	92.0
Anolis_carolinensis_C9B	NC_090022.1	538	63	403	465	277901004	277901192	68.254	9.85e-17	89.7
Anolis_carolinensis_C9B	NC_090022.1	538	44	357	400	277870655	277870786	77.273	6.78e-12	74.3
Anolis_carolinensis_C9B	NC_090022.1	538	50	14	63	277848727	277848876	58.000	8.49e-10	67.4
Anolis_carolinensis_C9B	NC_090022.1	538	88	277	364	277149909	277150172	35.227	3.34e-09	65.5
Anolis_carolinensis_C9B	NC_090022.1	538	67	463	529	277186287	277186090	43.284	3.87e-08	62.0
Anolis_carolinensis_C9B	NC_090022.1	538	80	281	360	277115987	277116226	35.000	7.29e-08	61.2
Anolis_carolinensis_C9B	NC_090022.1	538	40	24	63	277883391	277883510	55.000	7.10e-06	54.7
Anolis_carolinensis_C9B	NC_090026.1	538	226	293	518	13328124	13328735	26.991	6.24e-11	71.2
Anolis_carolinensis_C9B	NC_090026.1	538	221	277	497	13338768	13339382	24.887	6.45e-10	67.8
Anolis_carolinensis_C9B	NC_090026.1	538	206	301	501	14752975	14752403	25.728	6.02e-07	58.2
Anolis_carolinensis_C9B	NC_090024.1	538	76	281	356	170589916	170590143	35.526	7.94e-08	61.2
Anolis_carolinensis_C9B	NC_090024.1	538	132	239	362	170638739	170638359	30.303	1.71e-07	60.1
Hydrophis_cyanocinctus_C9B	NC_090022.1	582	96	275	370	277896569	277896856	57.292	1.25e-26	121
Hydrophis_cyanocinctus_C9B	NC_090022.1	582	85	273	357	277868658	277868912	62.353	3.34e-26	120
Hydrophis_cyanocinctus_C9B	NC_090022.1	582	77	455	531	277902633	277902863	61.039	3.26e-24	114
Hydrophis_cyanocinctus_C9B	NC_090022.1	582	75	457	531	277874912	277875136	57.333	3.08e-19	98.2
Hydrophis_cyanocinctus_C9B	NC_090022.1	582	95	108	202	277863636	277863908	43.158	1.43e-13	80.1
Hydrophis_cyanocinctus_C9B	NC_090022.1	582	47	156	202	277890667	277890807	70.213	1.93e-13	79.7
Hydrophis_cyanocinctus_C9B	NC_090022.1	582	50	106	155	277853213	277853362	68.000	4.58e-12	75.1
Hydrophis_cyanocinctus_C9B	NC_090022.1	582	163	456	582	277186293	277185808	32.515	1.90e-10	69.7
Hydrophis_cyanocinctus_C9B	NC_090022.1	582	50	106	155	277889224	277889373	64.000	2.33e-10	69.7
Hydrophis_cyanocinctus_C9B	NC_090022.1	582	61	400	460	277872845	277873027	50.820	4.81e-10	68.6
Hydrophis_cyanocinctus_C9B	NC_090022.1	582	55	528	582	277910883	277911047	50.909	9.87e-10	67.4
Hydrophis_cyanocinctus_C9B	NC_090022.1	582	84	193	271	277866493	277866744	41.667	1.69e-08	63.5
Hydrophis_cyanocinctus_C9B	NC_090022.1	582	58	403	460	277901019	277901192	50.000	1.14e-07	60.8
Hydrophis_cyanocinctus_C9B	NC_090022.1	582	50	57	106	277850927	277851073	52.000	3.79e-06	55.8
Hydrophis_cyanocinctus_C9B	NC_090022.1	582	84	273	356	277115978	277116229	29.762	7.30e-06	55.1
Hydrophis_cyanocinctus_C9B	NC_090022.1	582	49	535	582	277157458	277157604	51.020	9.66e-06	54.7
Hydrophis_cyanocinctus_C9B	NC_090026.1	582	196	296	487	14752975	14752436	27.041	1.93e-08	63.5
Hydrophis_cyanocinctus_C9B	NC_090026.1	582	223	296	513	13328145	13328741	25.561	5.27e-08	62.0
Hydrophis_cyanocinctus_C9B	NC_090026.1	582	245	275	514	13338777	13339451	24.082	5.02e-06	55.5
Hydrophis_cyanocinctus_C9B	NC_090024.1	582	82	276	357	170589916	170590161	31.707	3.35e-07	59.3
Hydrophis_cyanocinctus_C9B	NC_090024.1	582	45	534	578	170605703	170605837	55.556	4.47e-07	58.9
Hydrophis_cyanocinctus_C9B	NC_090024.1	582	72	455	525	170622808	170622593	36.111	6.08e-07	58.5
Hydrophis_cyanocinctus_C9B	NC_090024.1	582	82	273	354	170638613	170638368	31.707	8.47e-07	58.2
Bothrops_jararaca_C9B	NC_090022.1	583	78	456	533	277902633	277902866	64.103	2.09e-26	120
Bothrops_jararaca_C9B	NC_090022.1	583	79	276	354	277868664	277868900	68.354	1.20e-25	118
Bothrops_jararaca_C9B	NC_090022.1	583	79	276	354	277896569	277896805	63.291	1.89e-24	114
Bothrops_jararaca_C9B	NC_090022.1	583	68	458	525	277874912	277875115	66.176	6.60e-21	103
Bothrops_jararaca_C9B	NC_090022.1	583	98	107	203	277863627	277863908	43.878	8.91e-15	84.0
Bothrops_jararaca_C9B	NC_090022.1	583	47	157	203	277890667	277890807	72.340	1.22e-14	83.6
Bothrops_jararaca_C9B	NC_090022.1	583	50	107	156	277853213	277853362	66.000	2.11e-11	73.2
Bothrops_jararaca_C9B	NC_090022.1	583	65	397	461	277872833	277873027	49.231	5.75e-11	71.6
Bothrops_jararaca_C9B	NC_090022.1	583	50	107	156	277889224	277889373	66.000	1.07e-10	70.9
Bothrops_jararaca_C9B	NC_090022.1	583	54	530	583	277910886	277911047	53.704	1.99e-10	69.7
Bothrops_jararaca_C9B	NC_090022.1	583	58	404	461	277901019	277901192	53.448	6.00e-09	65.1
Bothrops_jararaca_C9B	NC_090022.1	583	75	203	272	277866520	277866744	42.667	5.19e-08	62.0
Bothrops_jararaca_C9B	NC_090022.1	583	159	457	579	277186293	277185820	32.704	5.70e-08	62.0
Bothrops_jararaca_C9B	NC_090022.1	583	74	203	272	277892718	277892939	39.189	5.79e-07	58.5
Bothrops_jararaca_C9B	NC_090022.1	583	84	277	360	277149921	277150172	29.762	1.50e-06	57.4
Bothrops_jararaca_C9B	NC_090022.1	583	65	25	82	277848760	277848954	41.538	1.62e-06	57.0
Bothrops_jararaca_C9B	NC_090022.1	583	83	274	356	277115978	277116226	31.325	1.99e-06	57.0
Bothrops_jararaca_C9B	NC_090022.1	583	51	57	107	277850924	277851073	50.980	2.09e-06	56.6
Bothrops_jararaca_C9B	NC_090022.1	583	56	52	107	277885943	277886107	51.786	2.85e-06	56.2
Bothrops_jararaca_C9B	NC_090022.1	583	63	1	63	277883322	277883510	39.683	6.02e-06	55.5
Bothrops_jararaca_C9B	NC_090022.1	583	48	527	573	277122349	277122492	52.083	7.38e-06	55.1
Bothrops_jararaca_C9B	NC_090026.1	583	227	297	514	14752975	14752355	27.313	3.40e-10	68.9
Bothrops_jararaca_C9B	NC_090026.1	583	244	276	514	13338777	13339448	25.410	4.26e-09	65.5
Bothrops_jararaca_C9B	NC_090026.1	583	219	297	514	13328145	13328741	25.571	6.59e-09	65.1
Bothrops_jararaca_C9B	NC_090024.1	583	45	535	579	170605703	170605837	60.000	2.96e-08	62.8
Bothrops_jararaca_C9B	NC_090024.1	583	82	274	355	170638613	170638368	34.146	1.82e-07	60.1
Bothrops_jararaca_C9B	NC_090024.1	583	46	538	583	170620096	170619959	50.000	1.22e-06	57.4
Bothrops_jararaca_C9B	NC_090024.1	583	79	277	355	170589916	170590152	31.646	2.57e-06	56.6
Bothrops_jararaca_C9B	NC_090024.1	583	70	456	524	170622808	170622599	34.286	6.66e-06	55.1
Laticauda_colubrina_C9B	NC_090022.1	583	77	456	532	277902633	277902863	64.935	5.21e-26	119
Laticauda_colubrina_C9B	NC_090022.1	583	80	275	354	277868661	277868900	63.750	1.71e-25	117
Laticauda_colubrina_C9B	NC_090022.1	583	79	276	354	277896569	277896805	62.025	3.97e-25	116
Laticauda_colubrina_C9B	NC_090022.1	583	68	458	525	277874912	277875115	63.235	2.26e-19	98.6
Laticauda_colubrina_C9B	NC_090022.1	583	94	109	202	277863636	277863905	43.617	3.38e-14	82.0
Laticauda_colubrina_C9B	NC_090022.1	583	46	157	202	277890667	277890804	71.739	8.79e-14	80.5
Laticauda_colubrina_C9B	NC_090022.1	583	50	107	156	277853213	277853362	68.000	1.31e-12	77.0
Laticauda_colubrina_C9B	NC_090022.1	583	50	107	156	277889224	277889373	68.000	1.18e-11	73.9
Laticauda_colubrina_C9B	NC_090022.1	583	61	401	461	277872845	277873027	50.820	4.29e-10	68.9
Laticauda_colubrina_C9B	NC_090022.1	583	54	530	583	277910886	277911047	53.704	6.63e-10	68.2
Laticauda_colubrina_C9B	NC_090022.1	583	163	457	583	277186293	277185808	31.902	5.51e-09	65.1
Laticauda_colubrina_C9B	NC_090022.1	583	87	274	360	277149912	277150172	31.034	8.59e-08	61.2
Laticauda_colubrina_C9B	NC_090022.1	583	58	404	461	277901019	277901192	50.000	1.08e-07	60.8
Laticauda_colubrina_C9B	NC_090022.1	583	80	277	356	277115987	277116226	32.500	4.48e-07	58.9
Laticauda_colubrina_C9B	NC_090022.1	583	84	194	271	277866493	277866741	41.667	5.69e-07	58.5
Laticauda_colubrina_C9B	NC_090026.1	583	241	276	515	13338777	13339451	23.237	2.98e-09	65.9
Laticauda_colubrina_C9B	NC_090026.1	583	219	297	514	13328145	13328741	23.288	5.42e-08	62.0
Laticauda_colubrina_C9B	NC_090026.1	583	226	297	515	14752975	14752352	25.221	2.23e-07	60.1
Laticauda_colubrina_C9B	NC_090024.1	583	85	274	358	170589907	170590161	31.765	1.44e-07	60.5
Laticauda_colubrina_C9B	NC_090024.1	583	45	535	579	170605703	170605837	57.778	2.07e-07	60.1
Laticauda_colubrina_C9B	NC_090024.1	583	82	276	357	170638607	170638362	31.707	4.52e-07	58.9
Laticauda_colubrina_C9B	NC_090024.1	583	70	456	524	170622808	170622599	37.143	1.32e-06	57.4
Pseudonaja_textilis_C9B	NC_090022.1	583	96	276	371	277896569	277896856	58.333	8.84e-28	125
Pseudonaja_textilis_C9B	NC_090022.1	583	128	264	377	277868601	277868984	47.656	3.46e-27	123
Pseudonaja_textilis_C9B	NC_090022.1	583	77	456	532	277902633	277902863	64.935	1.99e-25	117
Pseudonaja_textilis_C9B	NC_090022.1	583	68	458	525	277874912	277875115	63.235	1.79e-19	99.0
Pseudonaja_textilis_C9B	NC_090022.1	583	95	109	203	277863636	277863908	43.158	9.66e-14	80.5
Pseudonaja_textilis_C9B	NC_090022.1	583	47	157	203	277890667	277890807	70.213	2.51e-13	79.3
Pseudonaja_textilis_C9B	NC_090022.1	583	50	107	156	277853213	277853362	66.000	1.36e-11	73.6
Pseudonaja_textilis_C9B	NC_090022.1	583	68	394	461	277872824	277873027	50.000	3.62e-11	72.4
Pseudonaja_textilis_C9B	NC_090022.1	583	50	107	156	277889224	277889373	66.000	6.94e-11	71.2
Pseudonaja_textilis_C9B	NC_090022.1	583	163	457	583	277186293	277185808	33.129	1.32e-10	70.5
Pseudonaja_textilis_C9B	NC_090022.1	583	58	404	461	277901019	277901192	53.448	1.93e-08	63.5
Pseudonaja_textilis_C9B	NC_090022.1	583	84	194	272	277866493	277866744	40.476	8.37e-08	61.2
Pseudonaja_textilis_C9B	NC_090022.1	583	54	530	583	277910886	277911047	46.296	8.73e-08	61.2
Pseudonaja_textilis_C9B	NC_090022.1	583	52	56	107	277850921	277851073	50.000	1.57e-06	57.0
Pseudonaja_textilis_C9B	NC_090022.1	583	81	277	357	277115987	277116229	29.630	7.77e-06	55.1
Pseudonaja_textilis_C9B	NC_090022.1	583	84	277	360	277149921	277150172	28.571	8.24e-06	54.7
Pseudonaja_textilis_C9B	NC_090022.1	583	49	536	583	277157458	277157604	51.020	9.69e-06	54.7
Pseudonaja_textilis_C9B	NC_090026.1	583	179	297	475	13328145	13328633	27.374	9.84e-09	64.3
Pseudonaja_textilis_C9B	NC_090026.1	583	199	297	488	14752975	14752436	28.643	2.23e-08	63.2
Pseudonaja_textilis_C9B	NC_090026.1	583	241	276	515	13338777	13339451	22.822	6.58e-07	58.5
Pseudonaja_textilis_C9B	NC_090024.1	583	44	536	579	170605706	170605837	56.818	1.47e-07	60.5
Pseudonaja_textilis_C9B	NC_090024.1	583	70	456	524	170622808	170622599	38.571	1.66e-07	60.5
Pseudonaja_textilis_C9B	NC_090024.1	583	85	274	358	170589907	170590161	31.765	2.03e-07	60.1
Pseudonaja_textilis_C9B	NC_090024.1	583	79	276	354	170638607	170638371	32.911	5.36e-07	58.5
Pseudonaja_textilis_C9B	NC_090024.1	583	46	538	583	170620096	170619959	45.652	9.44e-06	54.7
Notechis_scutatus_C9B	NC_090022.1	583	96	276	371	277896569	277896856	57.292	6.35e-28	125
Notechis_scutatus_C9B	NC_090022.1	583	83	276	358	277868664	277868912	63.855	1.69e-26	120
Notechis_scutatus_C9B	NC_090022.1	583	77	456	532	277902633	277902863	64.935	5.70e-26	119
Notechis_scutatus_C9B	NC_090022.1	583	68	458	525	277874912	277875115	63.235	1.03e-19	99.8
Notechis_scutatus_C9B	NC_090022.1	583	95	109	203	277863636	277863908	43.158	8.71e-14	80.9
Notechis_scutatus_C9B	NC_090022.1	583	47	157	203	277890667	277890807	70.213	1.75e-13	79.7
Notechis_scutatus_C9B	NC_090022.1	583	50	107	156	277853213	277853362	68.000	4.48e-12	75.1
Notechis_scutatus_C9B	NC_090022.1	583	163	457	583	277186293	277185808	33.129	1.87e-10	70.1
Notechis_scutatus_C9B	NC_090022.1	583	50	107	156	277889224	277889373	64.000	2.18e-10	69.7
Notechis_scutatus_C9B	NC_090022.1	583	61	401	461	277872845	277873027	49.180	6.92e-10	68.2
Notechis_scutatus_C9B	NC_090022.1	583	54	530	583	277910886	277911047	51.852	2.17e-09	66.6
Notechis_scutatus_C9B	NC_090022.1	583	84	194	272	277866493	277866744	42.857	1.38e-08	63.9
Notechis_scutatus_C9B	NC_090022.1	583	58	404	461	277901019	277901192	48.276	6.75e-07	58.5
Notechis_scutatus_C9B	NC_090022.1	583	50	58	107	277850927	277851073	52.000	2.66e-06	56.6
Notechis_scutatus_C9B	NC_090022.1	583	87	274	360	277149912	277150172	28.736	6.44e-06	55.1
Notechis_scutatus_C9B	NC_090022.1	583	49	536	583	277157458	277157604	51.020	9.94e-06	54.7
Notechis_scutatus_C9B	NC_090026.1	583	202	297	488	14752975	14752436	28.713	1.23e-08	63.9
Notechis_scutatus_C9B	NC_090026.1	583	179	297	475	13328145	13328633	26.257	6.65e-08	61.6
Notechis_scutatus_C9B	NC_090026.1	583	240	276	514	13338777	13339448	22.083	7.13e-06	55.1
Notechis_scutatus_C9B	NC_090024.1	583	70	456	524	170622808	170622599	38.571	2.03e-07	60.1
Notechis_scutatus_C9B	NC_090024.1	583	85	274	358	170589907	170590161	30.588	3.03e-07	59.3
Notechis_scutatus_C9B	NC_090024.1	583	45	535	579	170605703	170605837	55.556	4.76e-07	58.9
Notechis_scutatus_C9B	NC_090024.1	583	80	276	355	170638607	170638368	30.000	5.57e-06	55.5
Pituophis_catenifer_C9B	NC_090022.1	583	78	456	533	277902633	277902866	70.513	3.85e-28	126
Pituophis_catenifer_C9B	NC_090022.1	583	77	277	353	277868667	277868897	66.234	2.93e-24	114
Pituophis_catenifer_C9B	NC_090022.1	583	95	277	371	277896572	277896856	53.684	1.06e-23	112
Pituophis_catenifer_C9B	NC_090022.1	583	77	456	532	277874906	277875136	61.039	2.55e-22	107
Pituophis_catenifer_C9B	NC_090022.1	583	95	109	203	277863636	277863908	44.211	3.80e-15	85.1
Pituophis_catenifer_C9B	NC_090022.1	583	57	157	213	277890667	277890837	64.912	9.88e-15	83.6
Pituophis_catenifer_C9B	NC_090022.1	583	50	107	156	277853213	277853362	70.000	3.57e-13	78.6
Pituophis_catenifer_C9B	NC_090022.1	583	71	393	461	277872815	277873027	52.113	3.61e-12	75.5
Pituophis_catenifer_C9B	NC_090022.1	583	50	107	156	277889224	277889373	66.000	1.95e-11	73.2
Pituophis_catenifer_C9B	NC_090022.1	583	54	530	583	277910886	277911047	51.852	1.39e-09	67.0
Pituophis_catenifer_C9B	NC_090022.1	583	51	57	107	277850924	277851073	56.863	3.92e-08	62.4
Pituophis_catenifer_C9B	NC_090022.1	583	58	404	461	277901019	277901192	50.000	7.12e-08	61.6
Pituophis_catenifer_C9B	NC_090022.1	583	50	58	107	277885961	277886107	60.000	1.04e-07	60.8
Pituophis_catenifer_C9B	NC_090022.1	583	89	203	285	277866520	277866786	38.202	9.02e-07	57.8
Pituophis_catenifer_C9B	NC_090022.1	583	68	457	524	277186293	277186093	41.176	2.50e-06	56.6
Pituophis_catenifer_C9B	NC_090022.1	583	66	25	83	277848760	277848957	42.424	4.70e-06	55.5
Pituophis_catenifer_C9B	NC_090026.1	583	227	290	514	13328121	13328741	25.551	1.32e-10	70.5
Pituophis_catenifer_C9B	NC_090026.1	583	207	297	497	14752975	14752403	28.502	2.11e-10	69.7
Pituophis_catenifer_C9B	NC_090026.1	583	218	298	514	13338840	13339448	25.229	6.59e-09	65.1
Pituophis_catenifer_C9B	NC_090024.1	583	53	531	583	170620114	170619959	50.943	1.40e-07	60.5
Pituophis_catenifer_C9B	NC_090024.1	583	70	456	524	170622808	170622599	37.143	4.26e-07	58.9
Pituophis_catenifer_C9B	NC_090024.1	583	74	277	350	170638604	170638383	37.838	1.04e-06	57.8
Pituophis_catenifer_C9B	NC_090024.1	583	78	273	350	170589904	170590137	33.333	2.82e-06	56.2
Pantherophis_obsoletus_C9B	NC_090022.1	583	96	276	371	277896569	277896856	54.167	4.56e-26	119
Pantherophis_obsoletus_C9B	NC_090022.1	583	78	456	533	277902633	277902866	62.821	4.99e-26	119
Pantherophis_obsoletus_C9B	NC_090022.1	583	85	274	358	277868658	277868912	61.176	1.10e-25	118
Pantherophis_obsoletus_C9B	NC_090022.1	583	70	456	525	277874906	277875115	61.429	3.00e-21	104
Pantherophis_obsoletus_C9B	NC_090022.1	583	95	109	203	277863636	277863908	44.211	4.47e-15	84.7
Pantherophis_obsoletus_C9B	NC_090022.1	583	57	157	213	277890667	277890837	64.912	1.23e-14	83.6
Pantherophis_obsoletus_C9B	NC_090022.1	583	50	107	156	277853213	277853362	70.000	3.95e-13	78.6
Pantherophis_obsoletus_C9B	NC_090022.1	583	71	391	461	277872818	277873027	52.113	8.16e-12	74.3
Pantherophis_obsoletus_C9B	NC_090022.1	583	50	107	156	277889224	277889373	66.000	2.13e-11	72.8
Pantherophis_obsoletus_C9B	NC_090022.1	583	54	530	583	277910886	277911047	55.556	2.66e-10	69.3
Pantherophis_obsoletus_C9B	NC_090022.1	583	58	404	461	277901019	277901192	50.000	7.75e-08	61.2
Pantherophis_obsoletus_C9B	NC_090022.1	583	52	56	107	277850921	277851073	53.846	2.16e-07	60.1
Pantherophis_obsoletus_C9B	NC_090022.1	583	50	58	107	277885961	277886107	58.000	7.22e-07	58.2
Pantherophis_obsoletus_C9B	NC_090022.1	583	84	274	357	277115978	277116229	32.143	1.12e-06	57.8
Pantherophis_obsoletus_C9B	NC_090022.1	583	69	457	525	277186293	277186090	36.232	2.80e-06	56.2
Pantherophis_obsoletus_C9B	NC_090022.1	583	86	275	360	277149915	277150172	30.233	3.18e-06	56.2
Pantherophis_obsoletus_C9B	NC_090022.1	583	75	203	272	277866520	277866744	38.667	4.07e-06	55.8
Pantherophis_obsoletus_C9B	NC_090026.1	583	199	297	488	14752975	14752436	26.633	2.02e-10	69.7
Pantherophis_obsoletus_C9B	NC_090026.1	583	187	289	475	13328124	13328633	25.134	7.04e-10	68.2
Pantherophis_obsoletus_C9B	NC_090026.1	583	220	276	488	13338777	13339367	22.727	8.51e-08	61.2
Pantherophis_obsoletus_C9B	NC_090024.1	583	82	274	355	170638613	170638368	36.585	3.95e-08	62.4
Pantherophis_obsoletus_C9B	NC_090024.1	583	47	537	583	170620099	170619959	53.191	5.10e-08	62.0
Pantherophis_obsoletus_C9B	NC_090024.1	583	85	274	358	170589907	170590161	30.588	3.56e-07	59.3
Pantherophis_obsoletus_C9B	NC_090024.1	583	50	530	579	170605688	170605837	50.000	4.21e-06	55.8
Pantherophis_obsoletus_C9B	NC_090024.1	583	70	456	524	170622808	170622599	34.286	4.35e-06	55.8
Crotalus_tigris_C9B	NC_090022.1	583	78	456	533	277902633	277902866	64.103	6.34e-27	122
Crotalus_tigris_C9B	NC_090022.1	583	75	276	350	277868664	277868888	64.000	6.48e-23	109
Crotalus_tigris_C9B	NC_090022.1	583	75	276	350	277896569	277896793	60.000	1.08e-22	108
Crotalus_tigris_C9B	NC_090022.1	583	75	458	532	277874912	277875136	61.333	9.53e-22	106
Crotalus_tigris_C9B	NC_090022.1	583	62	142	203	277863723	277863908	54.839	6.73e-14	80.9
Crotalus_tigris_C9B	NC_090022.1	583	47	157	203	277890667	277890807	70.213	9.83e-14	80.5
Crotalus_tigris_C9B	NC_090022.1	583	50	107	156	277853213	277853362	72.000	1.46e-13	80.1
Crotalus_tigris_C9B	NC_090022.1	583	62	400	461	277872842	277873027	54.839	8.97e-12	74.3
Crotalus_tigris_C9B	NC_090022.1	583	50	107	156	277889224	277889373	68.000	1.17e-11	73.9
Crotalus_tigris_C9B	NC_090022.1	583	58	404	461	277901019	277901192	56.897	1.02e-09	67.4
Crotalus_tigris_C9B	NC_090022.1	583	54	530	583	277910886	277911047	51.852	2.14e-09	66.6
Crotalus_tigris_C9B	NC_090022.1	583	51	57	107	277850924	277851073	50.980	3.18e-06	56.2
Crotalus_tigris_C9B	NC_090022.1	583	56	52	107	277885943	277886107	51.786	4.66e-06	55.5
Crotalus_tigris_C9B	NC_090022.1	583	69	457	525	277186293	277186090	37.681	5.39e-06	55.5
Crotalus_tigris_C9B	NC_090022.1	583	65	25	82	277848760	277848954	43.077	6.22e-06	55.1
Crotalus_tigris_C9B	NC_090026.1	583	240	276	514	13338777	13339448	25.417	6.00e-11	71.6
Crotalus_tigris_C9B	NC_090026.1	583	206	297	499	14752975	14752409	28.155	2.76e-09	66.2
Crotalus_tigris_C9B	NC_090026.1	583	190	290	478	13328121	13328642	25.263	4.81e-09	65.5
Crotalus_tigris_C9B	NC_090024.1	583	46	538	583	170620096	170619959	52.174	4.41e-07	58.9
Crotalus_tigris_C9B	NC_090024.1	583	75	276	350	170638607	170638383	37.333	5.50e-07	58.5
Crotalus_tigris_C9B	NC_090024.1	583	70	456	524	170622808	170622599	35.714	1.14e-06	57.8
Crotalus_tigris_C9B	NC_090024.1	583	44	536	579	170605706	170605837	54.545	6.89e-06	55.1
Crotalus_tigris_C9B	NC_090024.1	583	74	277	350	170589916	170590137	32.432	7.83e-06	55.1
Ptyas_mucosa_C9B	NC_090022.1	583	78	456	533	277902633	277902866	61.538	5.05e-25	116
Ptyas_mucosa_C9B	NC_090022.1	583	77	277	353	277868667	277868897	66.234	3.86e-24	113
Ptyas_mucosa_C9B	NC_090022.1	583	77	277	353	277896572	277896802	59.740	1.75e-22	108
Ptyas_mucosa_C9B	NC_090022.1	583	70	456	525	277874906	277875115	60.000	3.41e-20	101
Ptyas_mucosa_C9B	NC_090022.1	583	65	139	203	277863717	277863908	53.846	1.11e-14	83.6
Ptyas_mucosa_C9B	NC_090022.1	583	47	157	203	277890667	277890807	72.340	1.93e-14	82.8
Ptyas_mucosa_C9B	NC_090022.1	583	50	107	156	277853213	277853362	70.000	1.44e-12	76.6
Ptyas_mucosa_C9B	NC_090022.1	583	50	107	156	277889224	277889373	66.000	9.28e-11	70.9
Ptyas_mucosa_C9B	NC_090022.1	583	54	530	583	277910886	277911047	53.704	1.61e-09	67.0
Ptyas_mucosa_C9B	NC_090022.1	583	58	404	461	277872854	277873027	55.172	2.31e-09	66.2
Ptyas_mucosa_C9B	NC_090022.1	583	58	404	461	277901019	277901192	51.724	4.23e-08	62.4
Ptyas_mucosa_C9B	NC_090022.1	583	98	194	285	277866493	277866786	37.755	1.86e-07	60.1
Ptyas_mucosa_C9B	NC_090022.1	583	51	57	107	277850924	277851073	49.020	7.32e-06	55.1
Ptyas_mucosa_C9B	NC_090022.1	583	67	463	524	277186293	277186093	37.313	8.31e-06	54.7
Ptyas_mucosa_C9B	NC_090026.1	583	187	290	475	13328121	13328633	27.273	1.57e-08	63.5
Ptyas_mucosa_C9B	NC_090026.1	583	223	297	514	14752975	14752355	25.112	1.49e-07	60.5
Ptyas_mucosa_C9B	NC_090026.1	583	193	298	488	13338840	13339367	24.352	9.05e-06	54.7
Ptyas_mucosa_C9B	NC_090024.1	583	74	277	350	170638604	170638383	37.838	4.84e-07	58.9
Ptyas_mucosa_C9B	NC_090024.1	583	53	531	583	170620114	170619959	47.170	6.15e-07	58.5
Ptyas_mucosa_C9B	NC_090024.1	583	50	530	579	170605688	170605837	50.000	1.71e-06	57.0
Ptyas_mucosa_C9B	NC_090024.1	583	75	273	347	170589904	170590128	34.667	2.75e-06	56.2
