Lacerta_agilis_C9A	JANXHW010000002.1	589	81	277	357	19215587	19215345	85.185	1.18e-36	152
Lacerta_agilis_C9A	JANXHW010000002.1	589	112	423	534	19209772	19209440	58.929	2.18e-30	132
Lacerta_agilis_C9A	JANXHW010000002.1	589	59	400	458	19211409	19211233	83.051	2.69e-20	101
Lacerta_agilis_C9A	JANXHW010000002.1	589	47	155	201	19221290	19221150	87.234	1.06e-18	96.3
Lacerta_agilis_C9A	JANXHW010000002.1	589	50	106	154	19222548	19222399	82.000	1.50e-16	89.4
Lacerta_agilis_C9A	JANXHW010000002.1	589	52	55	106	19224010	19223855	69.231	2.91e-15	85.1
Lacerta_agilis_C9A	JANXHW010000002.1	589	75	201	275	19217091	19216867	42.667	9.25e-10	67.4
Lacerta_agilis_C9A	JANXHW010000002.1	589	60	470	529	19834226	19834405	46.667	8.14e-08	61.2
Lacerta_agilis_C9A	JANXHW010000002.1	589	86	275	360	19869272	19869015	30.233	5.17e-07	58.5
Lacerta_agilis_C9A	JANXHW010000002.1	589	38	26	62	19227541	19227428	73.684	7.98e-07	57.8
Lacerta_agilis_C9A	JANXHW010000006.1	589	217	295	502	10698026	10697448	27.650	2.08e-11	72.8
Lacerta_agilis_C9A	JANXHW010000006.1	589	226	300	517	25237035	25237646	25.664	9.34e-09	64.3
Lacerta_agilis_C9A	JANXHW010000006.1	589	222	300	517	10112507	10111905	24.775	1.04e-08	63.9
Lacerta_agilis_C9A	JANXHW010000006.1	589	230	296	517	11093345	11092713	22.609	2.17e-08	62.8
Lacerta_agilis_C9A	JANXHW010000006.1	589	223	300	517	10706909	10706283	25.112	2.81e-08	62.4
Lacerta_agilis_C9A	JANXHW010000006.1	589	231	292	517	21774232	21774846	22.944	3.53e-08	62.4
Lacerta_agilis_C9A	JANXHW010000006.1	589	226	300	517	10159447	10160058	26.549	9.25e-08	60.8
Lacerta_agilis_C9A	JANXHW010000006.1	589	226	300	517	10056453	10055842	26.549	9.25e-08	60.8
Lacerta_agilis_C9A	JANXHW010000006.1	589	218	304	517	7190079	7189483	25.229	1.37e-07	60.5
Lacerta_agilis_C9A	JANXHW010000006.1	589	218	304	517	7135797	7135201	24.312	1.78e-07	60.1
Lacerta_agilis_C9A	JANXHW010000006.1	589	218	304	517	7779743	7779147	25.229	1.96e-07	59.7
Lacerta_agilis_C9A	JANXHW010000006.1	589	202	295	493	10780713	10780174	26.733	2.17e-07	59.7
Lacerta_agilis_C9A	JANXHW010000006.1	589	264	291	546	21830325	21831026	21.970	4.32e-07	58.5
Lacerta_agilis_C9A	JANXHW010000006.1	589	218	304	517	5720678	5720082	23.394	6.50e-07	58.2
Lacerta_agilis_C9A	JANXHW010000006.1	589	253	300	546	21867677	21868351	23.715	7.51e-07	57.8
Lacerta_agilis_C9A	JANXHW010000006.1	589	263	300	555	21798038	21798739	22.814	1.10e-06	57.4
Lacerta_agilis_C9A	JANXHW010000006.1	589	223	300	517	8054989	8055594	22.870	3.63e-06	55.8
Lacerta_agilis_C9A	JANXHW010000006.1	589	232	296	517	11073779	11073147	25.431	6.47e-06	55.1
Lacerta_agilis_C9A	JANXHW010000006.1	589	201	319	517	10073163	10072615	26.368	8.00e-06	54.7
Lacerta_agilis_C9A	JANXHW010000006.1	589	210	300	502	10021579	10021004	26.190	8.42e-06	54.7
Lacerta_agilis_C9A	JANXHW010000004.1	589	78	279	356	148520871	148520638	34.615	1.03e-06	57.4
Lacerta_agilis_C9A	JANXHW010000004.1	589	90	268	357	148475537	148475791	27.778	1.47e-06	57.0
Lacerta_agilis_C9A	JANXHW010000004.1	589	67	461	526	148504516	148504316	37.313	4.68e-06	55.5
Lacerta_agilis_C9A	JANXHW010000012.1	589	66	90	152	5425686	5425874	46.970	5.41e-06	55.1
Zootoca_vivipara_C9A	JANXHW010000002.1	589	81	277	357	19215587	19215345	85.185	1.30e-36	152
Zootoca_vivipara_C9A	JANXHW010000002.1	589	112	423	534	19209772	19209440	58.036	6.02e-30	131
Zootoca_vivipara_C9A	JANXHW010000002.1	589	61	398	458	19211415	19211233	78.689	5.56e-19	97.1
Zootoca_vivipara_C9A	JANXHW010000002.1	589	47	155	201	19221290	19221150	87.234	1.31e-18	95.9
Zootoca_vivipara_C9A	JANXHW010000002.1	589	50	106	154	19222548	19222399	80.000	2.23e-16	88.6
Zootoca_vivipara_C9A	JANXHW010000002.1	589	52	55	106	19224010	19223855	71.154	1.05e-15	86.7
Zootoca_vivipara_C9A	JANXHW010000002.1	589	75	201	275	19217091	19216867	42.667	3.74e-10	68.6
Zootoca_vivipara_C9A	JANXHW010000002.1	589	42	356	397	19212585	19212460	69.048	1.50e-07	60.1
Zootoca_vivipara_C9A	JANXHW010000002.1	589	60	470	529	19834226	19834405	45.000	1.72e-07	60.1
Zootoca_vivipara_C9A	JANXHW010000002.1	589	86	275	360	19869272	19869015	30.233	3.68e-07	58.9
Zootoca_vivipara_C9A	JANXHW010000006.1	589	213	295	502	10698026	10697448	28.638	2.01e-11	72.8
Zootoca_vivipara_C9A	JANXHW010000006.1	589	221	300	517	10112507	10111905	24.434	1.77e-07	60.1
Zootoca_vivipara_C9A	JANXHW010000006.1	589	231	292	517	21774232	21774846	23.377	1.96e-07	59.7
Zootoca_vivipara_C9A	JANXHW010000006.1	589	218	304	517	7135797	7135201	24.312	2.10e-07	59.7
Zootoca_vivipara_C9A	JANXHW010000006.1	589	264	291	546	21830325	21831026	22.348	2.20e-07	59.7
Zootoca_vivipara_C9A	JANXHW010000006.1	589	223	300	517	10706909	10706283	25.561	2.80e-07	59.3
Zootoca_vivipara_C9A	JANXHW010000006.1	589	229	296	517	11093345	11092713	20.961	2.82e-07	59.3
Zootoca_vivipara_C9A	JANXHW010000006.1	589	218	304	517	7190079	7189483	24.771	3.32e-07	58.9
Zootoca_vivipara_C9A	JANXHW010000006.1	589	264	300	555	21815830	21816531	24.242	3.52e-07	58.9
Zootoca_vivipara_C9A	JANXHW010000006.1	589	226	300	517	25237035	25237646	24.779	5.12e-07	58.5
Zootoca_vivipara_C9A	JANXHW010000006.1	589	226	300	517	10159447	10160058	26.106	6.56e-07	58.2
Zootoca_vivipara_C9A	JANXHW010000006.1	589	226	300	517	10056453	10055842	26.106	6.56e-07	58.2
Zootoca_vivipara_C9A	JANXHW010000006.1	589	253	300	546	21867677	21868351	23.320	9.54e-07	57.8
Zootoca_vivipara_C9A	JANXHW010000006.1	589	218	304	517	5720678	5720082	23.853	1.25e-06	57.4
Zootoca_vivipara_C9A	JANXHW010000006.1	589	218	304	517	7779743	7779147	24.312	1.69e-06	56.6
Zootoca_vivipara_C9A	JANXHW010000006.1	589	202	295	493	10780713	10780174	26.238	2.81e-06	56.2
Zootoca_vivipara_C9A	JANXHW010000006.1	589	222	300	517	8230430	8231032	23.874	3.88e-06	55.5
Zootoca_vivipara_C9A	JANXHW010000004.1	589	78	279	356	148520871	148520638	34.615	1.76e-06	56.6
Zootoca_vivipara_C9A	JANXHW010000004.1	589	67	461	526	148504516	148504316	38.806	2.07e-06	56.6
Zootoca_vivipara_C9A	JANXHW010000004.1	589	90	268	357	148475537	148475791	27.778	2.10e-06	56.6
Zootoca_vivipara_C9A	JANXHW010000012.1	589	66	90	152	5425686	5425874	45.455	8.78e-06	54.3
Podarcis_muralis_C9A	JANXHW010000002.1	589	81	277	357	19215587	19215345	87.654	1.13e-37	155
Podarcis_muralis_C9A	JANXHW010000002.1	589	112	423	534	19209772	19209440	56.250	2.13e-29	129
Podarcis_muralis_C9A	JANXHW010000002.1	589	47	155	201	19221290	19221150	87.234	1.12e-18	96.3
Podarcis_muralis_C9A	JANXHW010000002.1	589	59	400	458	19211409	19211233	72.881	5.04e-17	90.9
Podarcis_muralis_C9A	JANXHW010000002.1	589	50	106	154	19222548	19222399	82.000	1.27e-16	89.7
Podarcis_muralis_C9A	JANXHW010000002.1	589	52	55	106	19224010	19223855	69.231	2.84e-15	85.1
Podarcis_muralis_C9A	JANXHW010000002.1	589	75	201	275	19217091	19216867	42.667	2.13e-09	66.2
Podarcis_muralis_C9A	JANXHW010000002.1	589	60	470	529	19834226	19834405	43.333	1.06e-07	60.8
Podarcis_muralis_C9A	JANXHW010000002.1	589	105	257	360	19869314	19869015	30.476	3.84e-07	58.9
Podarcis_muralis_C9A	JANXHW010000002.1	589	38	26	62	19227541	19227428	71.053	3.17e-06	55.8
Podarcis_muralis_C9A	JANXHW010000002.1	589	42	356	397	19212585	19212460	61.905	9.17e-06	54.3
Podarcis_muralis_C9A	JANXHW010000006.1	589	211	295	503	10698026	10697445	27.962	3.42e-11	72.0
Podarcis_muralis_C9A	JANXHW010000006.1	589	248	276	516	21774178	21774843	22.177	1.44e-07	60.1
Podarcis_muralis_C9A	JANXHW010000006.1	589	228	296	516	11093345	11092716	21.930	2.06e-07	59.7
Podarcis_muralis_C9A	JANXHW010000006.1	589	225	300	516	25237035	25237643	24.889	2.08e-07	59.7
Podarcis_muralis_C9A	JANXHW010000006.1	589	217	304	516	7135797	7135204	23.963	1.33e-06	57.0
Podarcis_muralis_C9A	JANXHW010000006.1	589	217	304	516	7190079	7189486	24.424	1.92e-06	56.6
Podarcis_muralis_C9A	JANXHW010000006.1	589	227	300	516	10706909	10706286	26.872	2.18e-06	56.6
Podarcis_muralis_C9A	JANXHW010000006.1	589	225	300	516	10159447	10160055	25.333	3.92e-06	55.5
Podarcis_muralis_C9A	JANXHW010000006.1	589	225	300	516	10056453	10055845	25.333	3.92e-06	55.5
Podarcis_muralis_C9A	JANXHW010000006.1	589	217	304	516	7779743	7779150	23.963	5.01e-06	55.1
Podarcis_muralis_C9A	JANXHW010000006.1	589	217	304	516	5720678	5720085	23.502	5.05e-06	55.1
Podarcis_muralis_C9A	JANXHW010000006.1	589	224	300	516	21815830	21816411	25.446	5.10e-06	55.1
Podarcis_muralis_C9A	JANXHW010000006.1	589	209	300	503	21867677	21868222	24.402	5.60e-06	55.1
Podarcis_muralis_C9A	JANXHW010000006.1	589	232	291	516	21830325	21830933	21.983	8.71e-06	54.3
Podarcis_muralis_C9A	JANXHW010000004.1	589	90	268	357	148475537	148475791	28.889	8.39e-07	57.8
Podarcis_muralis_C9A	JANXHW010000004.1	589	67	461	526	148504516	148504316	38.806	1.70e-06	56.6
Podarcis_muralis_C9A	JANXHW010000004.1	589	78	279	356	148520871	148520638	33.333	4.93e-06	55.5
Podarcis_muralis_C9A	JANXHW010000012.1	589	66	90	152	5425686	5425874	46.970	5.23e-06	55.1
Anolis_carolinensis_C9A	JANXHW010000002.1	591	82	278	359	19215590	19215345	68.293	5.46e-28	125
Anolis_carolinensis_C9A	JANXHW010000002.1	591	75	463	537	19209661	19209437	68.000	1.46e-25	117
Anolis_carolinensis_C9A	JANXHW010000002.1	591	47	156	202	19221290	19221150	80.851	8.93e-17	90.1
Anolis_carolinensis_C9A	JANXHW010000002.1	591	52	56	107	19224010	19223855	69.231	2.75e-14	82.0
Anolis_carolinensis_C9A	JANXHW010000002.1	591	60	402	461	19211409	19211230	55.000	2.11e-12	75.9
Anolis_carolinensis_C9A	JANXHW010000002.1	591	49	108	155	19222545	19222399	71.429	5.70e-12	74.7
Anolis_carolinensis_C9A	JANXHW010000002.1	591	81	281	361	19869260	19869018	38.272	3.62e-09	65.5
Anolis_carolinensis_C9A	JANXHW010000002.1	591	77	201	277	19217094	19216867	41.558	6.85e-09	64.7
Anolis_carolinensis_C9A	JANXHW010000002.1	591	59	5	63	19227598	19227428	50.847	4.83e-08	62.0
Anolis_carolinensis_C9A	JANXHW010000002.1	591	71	461	531	19834196	19834405	38.028	4.02e-07	58.9
Anolis_carolinensis_C9A	JANXHW010000002.1	591	79	281	359	19904411	19904175	32.911	4.53e-07	58.5
Anolis_carolinensis_C9A	JANXHW010000006.1	591	205	302	504	10698011	10697448	28.780	1.02e-09	67.4
Anolis_carolinensis_C9A	JANXHW010000006.1	591	222	302	518	10706909	10706286	24.324	8.51e-07	57.8
Anolis_carolinensis_C9A	JANXHW010000006.1	591	221	302	518	25237035	25237643	23.529	1.43e-06	57.0
Anolis_carolinensis_C9A	JANXHW010000006.1	591	273	266	529	21774139	21774879	21.978	3.13e-06	55.8
Anolis_carolinensis_C9A	JANXHW010000004.1	591	79	281	359	148475555	148475791	34.177	1.99e-08	63.2
Anolis_carolinensis_C9A	JANXHW010000004.1	591	79	451	528	148504552	148504316	34.177	8.47e-08	60.8
Anolis_carolinensis_C9A	JANXHW010000004.1	591	48	540	587	148503039	148502896	47.917	8.23e-07	57.8
Anolis_carolinensis_C9A	JANXHW010000004.1	591	46	539	584	148485162	148485299	52.174	5.30e-06	55.1
Pogona_vitticeps_C9A	JANXHW010000002.1	576	76	444	519	19209661	19209440	72.368	9.21e-26	118
Pogona_vitticeps_C9A	JANXHW010000002.1	576	99	243	340	19215641	19215345	54.545	4.67e-24	112
Pogona_vitticeps_C9A	JANXHW010000002.1	576	69	156	224	19221290	19221084	62.319	1.20e-17	92.8
Pogona_vitticeps_C9A	JANXHW010000002.1	576	60	383	442	19211409	19211230	65.000	7.23e-14	80.5
Pogona_vitticeps_C9A	JANXHW010000002.1	576	49	108	155	19222545	19222399	75.510	2.41e-13	79.0
Pogona_vitticeps_C9A	JANXHW010000002.1	576	52	56	107	19224010	19223855	65.385	4.67e-13	78.2
Pogona_vitticeps_C9A	JANXHW010000002.1	576	106	254	359	19869284	19868976	34.906	1.04e-09	67.0
Pogona_vitticeps_C9A	JANXHW010000002.1	576	39	25	63	19227544	19227428	69.231	1.97e-08	63.2
Pogona_vitticeps_C9A	JANXHW010000002.1	576	50	524	572	19863751	19863602	60.000	6.27e-08	61.2
Pogona_vitticeps_C9A	JANXHW010000002.1	576	68	443	510	19834199	19834399	41.176	4.09e-07	58.9
Pogona_vitticeps_C9A	JANXHW010000002.1	576	48	526	573	19205715	19205572	75.000	6.88e-07	58.2
Pogona_vitticeps_C9A	JANXHW010000002.1	576	79	262	340	19904411	19904175	34.177	6.93e-07	58.2
Pogona_vitticeps_C9A	JANXHW010000002.1	576	72	453	524	19898902	19898687	40.278	9.88e-06	54.3
Pogona_vitticeps_C9A	JANXHW010000006.1	576	284	283	554	10706909	10706100	26.056	2.33e-10	69.3
Pogona_vitticeps_C9A	JANXHW010000006.1	576	207	283	485	10698011	10697448	28.019	8.63e-10	67.4
Pogona_vitticeps_C9A	JANXHW010000006.1	576	253	283	529	10159447	10160148	26.877	3.11e-09	65.5
Pogona_vitticeps_C9A	JANXHW010000006.1	576	253	283	529	10056453	10055752	26.877	3.11e-09	65.5
Pogona_vitticeps_C9A	JANXHW010000006.1	576	258	278	529	21830340	21831026	24.419	2.41e-08	62.8
Pogona_vitticeps_C9A	JANXHW010000006.1	576	248	287	529	7135797	7135111	23.387	5.42e-08	61.6
Pogona_vitticeps_C9A	JANXHW010000006.1	576	248	287	529	7190079	7189393	24.597	5.56e-08	61.6
Pogona_vitticeps_C9A	JANXHW010000006.1	576	270	267	529	21815782	21816504	24.074	2.00e-07	59.7
Pogona_vitticeps_C9A	JANXHW010000006.1	576	253	283	529	21798038	21798712	24.506	4.65e-07	58.5
Pogona_vitticeps_C9A	JANXHW010000006.1	576	248	287	529	7779743	7779057	22.581	5.37e-07	58.5
Pogona_vitticeps_C9A	JANXHW010000006.1	576	245	278	516	21867662	21868312	26.122	7.18e-07	57.8
Pogona_vitticeps_C9A	JANXHW010000006.1	576	263	279	529	11073779	11073057	22.814	1.20e-06	57.4
Pogona_vitticeps_C9A	JANXHW010000006.1	576	256	279	529	11093345	11092623	22.266	1.21e-06	57.4
Pogona_vitticeps_C9A	JANXHW010000006.1	576	249	287	529	8055001	8055684	24.900	1.32e-06	57.0
Pogona_vitticeps_C9A	JANXHW010000006.1	576	227	283	502	10780698	10780093	25.991	2.01e-06	56.6
Pogona_vitticeps_C9A	JANXHW010000006.1	576	249	287	529	10112495	10111815	24.096	2.25e-06	56.2
Pogona_vitticeps_C9A	JANXHW010000006.1	576	252	283	529	25237035	25237736	26.190	8.05e-06	54.7
Pogona_vitticeps_C9A	JANXHW010000004.1	576	48	520	567	148485153	148485296	58.333	1.78e-09	66.2
Pogona_vitticeps_C9A	JANXHW010000004.1	576	84	257	340	148475540	148475791	33.333	1.25e-08	63.5
Pogona_vitticeps_C9A	JANXHW010000004.1	576	79	432	509	148504552	148504316	37.975	1.35e-08	63.5
Pogona_vitticeps_C9A	JANXHW010000004.1	576	52	520	571	148503051	148502896	51.923	2.23e-08	62.8
Pogona_vitticeps_C9A	JANXHW010000004.1	576	83	257	339	148520886	148520638	33.735	6.70e-07	58.2
Gekko_japonicus_C9A	JANXHW010000002.1	582	82	292	373	19215590	19215345	68.293	1.68e-26	120
Gekko_japonicus_C9A	JANXHW010000002.1	582	70	455	524	19209667	19209458	71.429	1.58e-22	108
Gekko_japonicus_C9A	JANXHW010000002.1	582	45	173	217	19221290	19221156	75.556	1.50e-13	79.7
Gekko_japonicus_C9A	JANXHW010000002.1	582	49	124	172	19222545	19222399	67.347	1.58e-13	79.7
Gekko_japonicus_C9A	JANXHW010000002.1	582	54	69	122	19224010	19223858	62.963	1.04e-11	73.6
Gekko_japonicus_C9A	JANXHW010000002.1	582	67	457	523	19834202	19834399	43.284	2.31e-08	62.8
Gekko_japonicus_C9A	JANXHW010000002.1	582	86	291	376	19869272	19869015	32.558	2.65e-08	62.8
Gekko_japonicus_C9A	JANXHW010000002.1	582	59	395	453	19211412	19211236	49.153	4.24e-08	62.0
Gekko_japonicus_C9A	JANXHW010000002.1	582	79	295	373	19904411	19904175	32.911	1.25e-07	60.5
Gekko_japonicus_C9A	JANXHW010000002.1	582	58	466	523	19865102	19864929	41.379	4.55e-06	55.5
Gekko_japonicus_C9A	JANXHW010000006.1	582	210	316	512	10698011	10697409	29.524	2.34e-12	75.9
Gekko_japonicus_C9A	JANXHW010000006.1	582	222	311	512	11073782	11073150	25.225	1.07e-09	67.0
Gekko_japonicus_C9A	JANXHW010000006.1	582	244	311	535	10112522	10111839	25.820	1.20e-09	67.0
Gekko_japonicus_C9A	JANXHW010000006.1	582	221	311	512	7190106	7189486	26.697	3.34e-09	65.5
Gekko_japonicus_C9A	JANXHW010000006.1	582	212	320	512	7135797	7135204	26.415	6.95e-09	64.7
Gekko_japonicus_C9A	JANXHW010000006.1	582	218	311	512	25237020	25237643	24.771	7.64e-09	64.3
Gekko_japonicus_C9A	JANXHW010000006.1	582	191	311	489	5702993	5702451	25.131	1.09e-08	63.9
Gekko_japonicus_C9A	JANXHW010000006.1	582	210	311	498	10021594	10021004	24.762	1.72e-08	63.2
Gekko_japonicus_C9A	JANXHW010000006.1	582	244	282	512	8721046	8720357	23.361	2.11e-08	62.8
Gekko_japonicus_C9A	JANXHW010000006.1	582	218	311	512	10159432	10160055	25.229	2.50e-08	62.8
Gekko_japonicus_C9A	JANXHW010000006.1	582	218	311	512	10056468	10055845	25.229	2.50e-08	62.8
Gekko_japonicus_C9A	JANXHW010000006.1	582	220	311	512	5720705	5720085	24.091	9.70e-08	60.8
Gekko_japonicus_C9A	JANXHW010000006.1	582	210	309	512	21774235	21774843	24.762	1.03e-07	60.8
Gekko_japonicus_C9A	JANXHW010000006.1	582	217	316	515	10780698	10780093	26.728	1.20e-07	60.5
Gekko_japonicus_C9A	JANXHW010000006.1	582	245	311	535	7779770	7779081	24.898	1.28e-07	60.5
Gekko_japonicus_C9A	JANXHW010000006.1	582	223	311	512	8054974	8055591	24.215	2.45e-07	59.3
Gekko_japonicus_C9A	JANXHW010000006.1	582	213	316	512	10706909	10706286	24.883	1.17e-06	57.4
Gekko_japonicus_C9A	JANXHW010000006.1	582	216	316	525	21815830	21816453	25.000	3.03e-06	55.8
Gekko_japonicus_C9A	JANXHW010000006.1	582	220	311	512	11093348	11092716	22.727	3.29e-06	55.8
Gekko_japonicus_C9A	JANXHW010000004.1	582	58	465	522	148504489	148504316	39.655	6.50e-08	61.2
Gekko_japonicus_C9A	JANXHW010000004.1	582	99	275	373	148475507	148475791	31.313	5.15e-07	58.5
Gekko_japonicus_C9A	JANXHW010000004.1	582	71	302	372	148520850	148520638	36.620	7.24e-07	57.8
Crotalus_tigris_C9A	JANXHW010000002.1	583	75	276	350	19215584	19215360	65.333	1.82e-25	117
Crotalus_tigris_C9A	JANXHW010000002.1	583	68	459	526	19209661	19209458	64.706	1.67e-21	105
Crotalus_tigris_C9A	JANXHW010000002.1	583	47	157	203	19221290	19221150	76.596	1.35e-15	86.3
Crotalus_tigris_C9A	JANXHW010000002.1	583	50	108	156	19222548	19222399	72.000	2.77e-14	82.0
Crotalus_tigris_C9A	JANXHW010000002.1	583	56	402	457	19211397	19211230	57.143	1.06e-11	73.6
Crotalus_tigris_C9A	JANXHW010000002.1	583	54	54	107	19224016	19223858	53.704	2.59e-08	62.8
Crotalus_tigris_C9A	JANXHW010000002.1	583	69	457	525	19834196	19834399	39.130	1.90e-06	56.6
Crotalus_tigris_C9A	JANXHW010000002.1	583	59	5	63	19227598	19227428	42.373	6.42e-06	54.7
Crotalus_tigris_C9A	JANXHW010000006.1	583	223	293	514	10698026	10697409	25.561	2.79e-10	68.9
Crotalus_tigris_C9A	JANXHW010000006.1	583	228	294	514	10112519	10111908	25.000	2.18e-09	66.2
Crotalus_tigris_C9A	JANXHW010000006.1	583	221	298	514	7190091	7189486	24.434	4.59e-09	65.1
Crotalus_tigris_C9A	JANXHW010000006.1	583	221	298	514	11093333	11092716	24.434	5.93e-09	64.7
Crotalus_tigris_C9A	JANXHW010000006.1	583	224	295	514	7135818	7135204	24.554	8.20e-09	64.3
Crotalus_tigris_C9A	JANXHW010000006.1	583	234	289	514	10706939	10706286	26.496	1.38e-08	63.5
Crotalus_tigris_C9A	JANXHW010000006.1	583	223	298	514	10159447	10160055	26.906	4.71e-08	62.0
Crotalus_tigris_C9A	JANXHW010000006.1	583	223	298	514	10056453	10055845	26.906	4.71e-08	62.0
Crotalus_tigris_C9A	JANXHW010000006.1	583	225	294	514	25237023	25237643	24.444	7.66e-08	61.2
Crotalus_tigris_C9A	JANXHW010000006.1	583	230	293	515	10780713	10780099	28.696	4.78e-07	58.5
Crotalus_tigris_C9A	JANXHW010000006.1	583	201	294	491	10021591	10021037	26.368	5.72e-07	58.2
Crotalus_tigris_C9A	JANXHW010000006.1	583	225	294	514	8720980	8720357	24.889	1.25e-06	57.0
Crotalus_tigris_C9A	JANXHW010000006.1	583	221	298	514	5720690	5720085	23.529	1.26e-06	57.0
Crotalus_tigris_C9A	JANXHW010000006.1	583	226	294	514	8054977	8055591	25.221	1.35e-06	57.0
Crotalus_tigris_C9A	JANXHW010000004.1	583	48	536	583	148503039	148502896	52.083	8.20e-09	64.3
Crotalus_tigris_C9A	JANXHW010000004.1	583	99	254	350	148475495	148475776	33.333	1.59e-07	60.1
Crotalus_tigris_C9A	JANXHW010000004.1	583	70	456	524	148504525	148504316	37.143	2.52e-06	56.2
Thamnophis_elegans_C9A	JANXHW010000002.1	583	79	276	354	19215584	19215348	65.823	4.63e-26	119
Thamnophis_elegans_C9A	JANXHW010000002.1	583	67	460	526	19209658	19209458	67.164	4.11e-20	100
Thamnophis_elegans_C9A	JANXHW010000002.1	583	47	157	203	19221290	19221150	76.596	1.77e-14	82.8
Thamnophis_elegans_C9A	JANXHW010000002.1	583	50	108	156	19222548	19222399	70.000	1.03e-12	77.0
Thamnophis_elegans_C9A	JANXHW010000002.1	583	59	399	457	19211406	19211230	49.153	1.44e-11	73.2
Thamnophis_elegans_C9A	JANXHW010000002.1	583	81	196	271	19217115	19216873	44.444	2.42e-09	65.9
Thamnophis_elegans_C9A	JANXHW010000002.1	583	52	56	107	19224010	19223858	53.846	1.02e-08	63.9
Thamnophis_elegans_C9A	JANXHW010000002.1	583	38	26	63	19227541	19227428	57.895	3.93e-07	58.9
Thamnophis_elegans_C9A	JANXHW010000002.1	583	49	536	583	19863751	19863605	53.061	5.82e-07	58.2
Thamnophis_elegans_C9A	JANXHW010000002.1	583	84	260	343	19869305	19869060	38.095	7.32e-07	57.8
Thamnophis_elegans_C9A	JANXHW010000006.1	583	222	298	514	10706909	10706286	26.577	2.91e-10	68.9
Thamnophis_elegans_C9A	JANXHW010000006.1	583	258	293	546	10698026	10697310	24.806	4.29e-09	65.1
Thamnophis_elegans_C9A	JANXHW010000006.1	583	234	298	523	10780698	10780069	27.350	5.87e-07	58.2
Thamnophis_elegans_C9A	JANXHW010000006.1	583	271	289	549	21830325	21831041	23.247	2.86e-06	55.8
Thamnophis_elegans_C9A	JANXHW010000006.1	583	221	298	514	7190091	7189486	22.172	6.10e-06	55.1
Thamnophis_elegans_C9A	JANXHW010000004.1	583	44	536	579	148503039	148502908	59.091	4.67e-09	65.1
Thamnophis_elegans_C9A	JANXHW010000004.1	583	45	535	579	148485162	148485296	51.111	2.73e-07	59.3
Naja_naja_C9A	JANXHW010000002.1	582	78	276	353	19215584	19215351	66.667	4.01e-27	122
Naja_naja_C9A	JANXHW010000002.1	582	68	458	525	19209661	19209458	69.118	3.77e-22	107
Naja_naja_C9A	JANXHW010000002.1	582	50	108	156	19222548	19222399	76.000	1.47e-14	82.8
Naja_naja_C9A	JANXHW010000002.1	582	47	157	203	19221290	19221150	72.340	1.97e-14	82.4
Naja_naja_C9A	JANXHW010000002.1	582	55	402	456	19211394	19211230	61.818	2.93e-12	75.5
Naja_naja_C9A	JANXHW010000002.1	582	60	54	110	19224016	19223840	51.667	7.26e-09	64.3
Naja_naja_C9A	JANXHW010000002.1	582	55	26	80	19227541	19227404	50.909	3.36e-07	58.9
Naja_naja_C9A	JANXHW010000002.1	582	76	202	273	19217094	19216867	36.842	5.49e-06	55.1
Naja_naja_C9A	JANXHW010000002.1	582	69	456	524	19834196	19834399	36.232	6.03e-06	55.1
Naja_naja_C9A	JANXHW010000002.1	582	67	277	343	19869260	19869060	37.313	6.79e-06	54.7
Naja_naja_C9A	JANXHW010000006.1	582	217	298	513	10698011	10697409	24.885	2.19e-10	69.3
Naja_naja_C9A	JANXHW010000006.1	582	229	293	514	10780713	10780099	28.821	4.21e-08	62.0
Naja_naja_C9A	JANXHW010000006.1	582	220	298	513	11093333	11092716	22.727	2.70e-07	59.3
Naja_naja_C9A	JANXHW010000006.1	582	227	294	513	10112519	10111908	22.026	4.02e-07	58.9
Naja_naja_C9A	JANXHW010000006.1	582	299	289	568	10706939	10706091	22.742	3.97e-06	55.5
Naja_naja_C9A	JANXHW010000006.1	582	278	250	513	7190250	7189486	22.662	4.15e-06	55.5
Naja_naja_C9A	JANXHW010000006.1	582	224	294	513	25237023	25237643	22.321	7.92e-06	54.7
Naja_naja_C9A	JANXHW010000004.1	582	62	521	582	148503081	148502896	41.935	7.51e-09	64.3
Naja_naja_C9A	JANXHW010000004.1	582	99	254	350	148475495	148475776	35.354	4.31e-08	62.0
Naja_naja_C9A	JANXHW010000004.1	582	70	455	523	148504525	148504316	35.714	3.21e-06	55.8
Pseudonaja_textilis_C9A	JANXHW010000002.1	583	78	276	353	19215584	19215351	66.667	4.09e-27	122
Pseudonaja_textilis_C9A	JANXHW010000002.1	583	68	459	526	19209661	19209458	72.059	5.85e-23	109
Pseudonaja_textilis_C9A	JANXHW010000002.1	583	47	157	203	19221290	19221150	72.340	1.98e-14	82.4
Pseudonaja_textilis_C9A	JANXHW010000002.1	583	50	108	156	19222548	19222399	72.000	8.55e-14	80.5
Pseudonaja_textilis_C9A	JANXHW010000002.1	583	55	403	457	19211394	19211230	56.364	1.44e-11	73.2
Pseudonaja_textilis_C9A	JANXHW010000002.1	583	54	54	107	19224016	19223858	55.556	3.68e-09	65.5
Pseudonaja_textilis_C9A	JANXHW010000002.1	583	76	5	80	19227598	19227404	42.105	6.35e-08	61.2
Pseudonaja_textilis_C9A	JANXHW010000002.1	583	76	202	273	19217094	19216867	38.158	1.14e-06	57.4
Pseudonaja_textilis_C9A	JANXHW010000002.1	583	71	457	527	19834196	19834405	36.620	5.55e-06	55.1
Pseudonaja_textilis_C9A	JANXHW010000006.1	583	223	293	514	10698026	10697409	23.767	9.79e-10	67.4
Pseudonaja_textilis_C9A	JANXHW010000006.1	583	221	298	514	11093333	11092716	23.982	8.56e-08	60.8
Pseudonaja_textilis_C9A	JANXHW010000006.1	583	275	250	514	7190250	7189486	24.000	1.11e-07	60.5
Pseudonaja_textilis_C9A	JANXHW010000006.1	583	230	293	515	10780713	10780099	28.696	1.69e-07	60.1
Pseudonaja_textilis_C9A	JANXHW010000006.1	583	299	289	569	10706939	10706091	23.411	6.90e-07	58.2
Pseudonaja_textilis_C9A	JANXHW010000006.1	583	224	295	514	7135818	7135204	22.768	1.27e-06	57.0
Pseudonaja_textilis_C9A	JANXHW010000006.1	583	228	294	514	10112519	10111908	22.807	3.54e-06	55.8
Pseudonaja_textilis_C9A	JANXHW010000004.1	583	61	523	583	148503078	148502896	44.262	4.44e-09	65.1
Pseudonaja_textilis_C9A	JANXHW010000004.1	583	99	254	350	148475495	148475776	34.343	6.46e-08	61.2
Pseudonaja_textilis_C9A	JANXHW010000004.1	583	70	456	524	148504525	148504316	35.714	2.54e-06	56.2
Python_bivittatus_C9A	JANXHW010000002.1	582	80	276	355	19215584	19215345	62.500	1.27e-25	117
Python_bivittatus_C9A	JANXHW010000002.1	582	71	456	526	19209670	19209458	67.606	2.16e-23	110
Python_bivittatus_C9A	JANXHW010000002.1	582	47	157	203	19221290	19221150	74.468	3.18e-15	85.1
Python_bivittatus_C9A	JANXHW010000002.1	582	50	108	156	19222548	19222399	66.000	3.85e-12	75.1
Python_bivittatus_C9A	JANXHW010000002.1	582	59	399	457	19211406	19211230	52.542	1.50e-11	73.2
Python_bivittatus_C9A	JANXHW010000002.1	582	54	54	107	19224016	19223858	57.407	2.31e-09	66.2
Python_bivittatus_C9A	JANXHW010000002.1	582	59	5	63	19227598	19227428	47.458	2.30e-08	62.8
Python_bivittatus_C9A	JANXHW010000002.1	582	74	203	272	19217091	19216870	40.541	1.04e-07	60.8
Python_bivittatus_C9A	JANXHW010000002.1	582	69	457	525	19834196	19834399	39.130	9.43e-07	57.8
Python_bivittatus_C9A	JANXHW010000002.1	582	82	277	358	19869260	19869015	31.707	9.07e-06	54.3
Python_bivittatus_C9A	JANXHW010000006.1	582	227	293	514	10698026	10697409	29.956	1.04e-13	80.1
Python_bivittatus_C9A	JANXHW010000006.1	582	222	298	514	10706909	10706286	25.225	7.64e-09	64.3
Python_bivittatus_C9A	JANXHW010000006.1	582	221	298	514	7190091	7189486	23.077	1.19e-08	63.9
Python_bivittatus_C9A	JANXHW010000006.1	582	220	298	514	10112507	10111908	23.636	2.24e-08	62.8
Python_bivittatus_C9A	JANXHW010000006.1	582	221	298	514	7135809	7135204	22.624	1.42e-07	60.1
Python_bivittatus_C9A	JANXHW010000006.1	582	228	298	517	10780698	10780093	27.193	4.85e-07	58.5
Python_bivittatus_C9A	JANXHW010000006.1	582	229	294	514	11093345	11092716	21.397	2.25e-06	56.2
Python_bivittatus_C9A	JANXHW010000006.1	582	235	287	512	21830319	21830933	22.979	4.67e-06	55.5
Python_bivittatus_C9A	JANXHW010000006.1	582	233	290	514	21774232	21774843	23.176	8.99e-06	54.3
Python_bivittatus_C9A	JANXHW010000004.1	582	48	527	574	148503063	148502920	54.167	7.42e-10	67.8
Python_bivittatus_C9A	JANXHW010000004.1	582	70	456	524	148504525	148504316	40.000	1.52e-07	60.1
Python_bivittatus_C9A	JANXHW010000004.1	582	90	266	355	148475537	148475791	28.889	9.71e-06	54.3
Notechis_scutatus_C9A	JANXHW010000002.1	583	78	276	353	19215584	19215351	66.667	4.20e-27	122
Notechis_scutatus_C9A	JANXHW010000002.1	583	68	459	526	19209661	19209458	70.588	1.10e-22	108
Notechis_scutatus_C9A	JANXHW010000002.1	583	47	157	203	19221290	19221150	72.340	1.90e-14	82.4
Notechis_scutatus_C9A	JANXHW010000002.1	583	50	108	156	19222548	19222399	74.000	2.82e-14	82.0
Notechis_scutatus_C9A	JANXHW010000002.1	583	55	403	457	19211394	19211230	56.364	1.50e-11	73.2
Notechis_scutatus_C9A	JANXHW010000002.1	583	54	54	107	19224016	19223858	55.556	3.94e-09	65.5
Notechis_scutatus_C9A	JANXHW010000002.1	583	76	5	80	19227598	19227404	43.421	2.68e-08	62.8
Notechis_scutatus_C9A	JANXHW010000002.1	583	76	202	273	19217094	19216867	36.842	5.10e-06	55.1
Notechis_scutatus_C9A	JANXHW010000006.1	583	223	293	514	10698026	10697409	23.767	2.04e-09	66.2
Notechis_scutatus_C9A	JANXHW010000006.1	583	230	293	515	10780713	10780099	28.696	9.89e-08	60.8
Notechis_scutatus_C9A	JANXHW010000006.1	583	221	298	514	11093333	11092716	23.982	1.40e-07	60.5
Notechis_scutatus_C9A	JANXHW010000006.1	583	275	250	514	7190250	7189486	24.000	1.44e-07	60.1
Notechis_scutatus_C9A	JANXHW010000006.1	583	299	289	569	10706939	10706091	23.411	1.03e-06	57.4
Notechis_scutatus_C9A	JANXHW010000006.1	583	224	295	514	7135818	7135204	22.768	1.51e-06	57.0
Notechis_scutatus_C9A	JANXHW010000006.1	583	228	294	514	10112519	10111908	22.807	5.74e-06	55.1
Notechis_scutatus_C9A	JANXHW010000004.1	583	48	536	583	148503039	148502896	54.167	5.31e-09	65.1
Notechis_scutatus_C9A	JANXHW010000004.1	583	99	254	350	148475495	148475776	34.343	6.46e-08	61.2
Notechis_scutatus_C9A	JANXHW010000004.1	583	70	456	524	148504525	148504316	35.714	3.03e-06	55.8
Hydrophis_cyanocinctus_C9A	JANXHW010000002.1	583	78	276	353	19215584	19215351	66.667	2.35e-27	123
Hydrophis_cyanocinctus_C9A	JANXHW010000002.1	583	68	459	526	19209661	19209458	70.588	9.49e-23	108
Hydrophis_cyanocinctus_C9A	JANXHW010000002.1	583	47	157	203	19221290	19221150	72.340	1.98e-14	82.4
Hydrophis_cyanocinctus_C9A	JANXHW010000002.1	583	50	108	156	19222548	19222399	74.000	2.97e-14	82.0
Hydrophis_cyanocinctus_C9A	JANXHW010000002.1	583	54	404	457	19211391	19211230	55.556	1.26e-10	70.1
Hydrophis_cyanocinctus_C9A	JANXHW010000002.1	583	54	54	107	19224016	19223858	55.556	3.94e-09	65.5
Hydrophis_cyanocinctus_C9A	JANXHW010000002.1	583	76	5	80	19227598	19227404	42.105	6.86e-08	61.2
Hydrophis_cyanocinctus_C9A	JANXHW010000002.1	583	76	202	273	19217094	19216867	36.842	5.28e-06	55.1
Hydrophis_cyanocinctus_C9A	JANXHW010000006.1	583	223	293	514	10698026	10697409	24.215	7.98e-10	67.4
Hydrophis_cyanocinctus_C9A	JANXHW010000006.1	583	275	250	514	7190250	7189486	24.364	8.27e-09	64.3
Hydrophis_cyanocinctus_C9A	JANXHW010000006.1	583	221	298	514	11093333	11092716	22.172	2.26e-08	62.8
Hydrophis_cyanocinctus_C9A	JANXHW010000006.1	583	225	294	514	8054977	8055591	24.000	1.27e-07	60.5
Hydrophis_cyanocinctus_C9A	JANXHW010000006.1	583	224	295	514	7135818	7135204	23.214	1.44e-07	60.1
Hydrophis_cyanocinctus_C9A	JANXHW010000006.1	583	231	293	515	10780713	10780099	28.571	4.07e-07	58.9
Hydrophis_cyanocinctus_C9A	JANXHW010000006.1	583	225	294	514	10112519	10111908	22.667	4.62e-07	58.5
Hydrophis_cyanocinctus_C9A	JANXHW010000006.1	583	299	289	569	10706939	10706091	23.411	4.02e-06	55.5
Hydrophis_cyanocinctus_C9A	JANXHW010000006.1	583	225	294	514	25237023	25237643	23.111	6.75e-06	54.7
Hydrophis_cyanocinctus_C9A	JANXHW010000006.1	583	225	294	514	7779767	7779150	23.111	9.65e-06	54.3
Hydrophis_cyanocinctus_C9A	JANXHW010000004.1	583	48	536	583	148503039	148502896	54.167	5.54e-09	64.7
Hydrophis_cyanocinctus_C9A	JANXHW010000004.1	583	99	254	350	148475495	148475776	34.343	5.13e-08	61.6
Hydrophis_cyanocinctus_C9A	JANXHW010000004.1	583	99	427	524	148504612	148504316	28.283	1.21e-06	57.4
Laticauda_colubrina_C9A	JANXHW010000002.1	583	78	276	353	19215584	19215351	66.667	2.35e-27	123
Laticauda_colubrina_C9A	JANXHW010000002.1	583	74	459	532	19209661	19209440	67.568	5.85e-23	109
Laticauda_colubrina_C9A	JANXHW010000002.1	583	47	157	203	19221290	19221150	72.340	2.14e-14	82.4
Laticauda_colubrina_C9A	JANXHW010000002.1	583	50	108	156	19222548	19222399	72.000	7.14e-14	80.5
Laticauda_colubrina_C9A	JANXHW010000002.1	583	55	403	457	19211394	19211230	61.818	3.09e-12	75.5
Laticauda_colubrina_C9A	JANXHW010000002.1	583	54	54	107	19224016	19223858	55.556	1.28e-08	63.5
Laticauda_colubrina_C9A	JANXHW010000002.1	583	76	5	80	19227598	19227404	42.105	9.81e-08	60.8
Laticauda_colubrina_C9A	JANXHW010000002.1	583	76	202	273	19217094	19216867	36.842	1.46e-06	57.0
Laticauda_colubrina_C9A	JANXHW010000002.1	583	71	457	527	19834196	19834405	36.620	5.46e-06	55.1
Laticauda_colubrina_C9A	JANXHW010000006.1	583	223	293	514	10698026	10697409	24.664	6.41e-11	71.2
Laticauda_colubrina_C9A	JANXHW010000006.1	583	231	294	514	25237023	25237643	23.810	1.84e-08	63.2
Laticauda_colubrina_C9A	JANXHW010000006.1	583	275	250	514	7190250	7189486	23.636	8.13e-08	61.2
Laticauda_colubrina_C9A	JANXHW010000006.1	583	221	298	514	11093333	11092716	21.719	9.89e-08	60.8
Laticauda_colubrina_C9A	JANXHW010000006.1	583	224	295	514	7135818	7135204	22.321	1.14e-06	57.4
Laticauda_colubrina_C9A	JANXHW010000006.1	583	225	294	514	10112519	10111908	21.778	2.81e-06	56.2
Laticauda_colubrina_C9A	JANXHW010000006.1	583	230	293	515	10780713	10780099	27.826	4.02e-06	55.5
Laticauda_colubrina_C9A	JANXHW010000006.1	583	227	298	514	10159447	10160055	21.586	4.53e-06	55.5
Laticauda_colubrina_C9A	JANXHW010000006.1	583	227	298	514	10056453	10055845	21.586	4.53e-06	55.5
Laticauda_colubrina_C9A	JANXHW010000004.1	583	48	536	583	148503039	148502896	52.083	1.61e-08	63.2
Laticauda_colubrina_C9A	JANXHW010000004.1	583	99	254	350	148475495	148475776	34.343	5.73e-08	61.6
Laticauda_colubrina_C9A	JANXHW010000004.1	583	70	456	524	148504525	148504316	35.714	2.45e-06	56.2
Protobothrops_mucrosquamatus_C9A	JANXHW010000002.1	583	80	276	355	19215584	19215345	72.500	7.55e-30	130
Protobothrops_mucrosquamatus_C9A	JANXHW010000002.1	583	68	459	526	19209661	19209458	72.059	4.61e-23	110
Protobothrops_mucrosquamatus_C9A	JANXHW010000002.1	583	47	157	203	19221290	19221150	76.596	5.45e-16	87.4
Protobothrops_mucrosquamatus_C9A	JANXHW010000002.1	583	50	108	156	19222548	19222399	68.000	7.71e-13	77.4
Protobothrops_mucrosquamatus_C9A	JANXHW010000002.1	583	54	404	457	19211391	19211230	57.407	2.39e-11	72.4
Protobothrops_mucrosquamatus_C9A	JANXHW010000002.1	583	101	181	272	19217166	19216870	36.634	3.68e-09	65.5
Protobothrops_mucrosquamatus_C9A	JANXHW010000002.1	583	59	5	63	19227598	19227428	45.763	1.88e-08	63.2
Protobothrops_mucrosquamatus_C9A	JANXHW010000002.1	583	60	54	110	19224016	19223840	51.667	1.94e-08	63.2
Protobothrops_mucrosquamatus_C9A	JANXHW010000002.1	583	97	260	356	19869305	19869021	34.021	5.22e-08	61.6
Protobothrops_mucrosquamatus_C9A	JANXHW010000002.1	583	69	457	525	19834196	19834399	39.130	1.06e-06	57.4
Protobothrops_mucrosquamatus_C9A	JANXHW010000002.1	583	82	274	355	19904420	19904175	31.707	1.69e-06	56.6
Protobothrops_mucrosquamatus_C9A	JANXHW010000006.1	583	226	293	514	10698026	10697409	27.434	6.86e-12	74.3
Protobothrops_mucrosquamatus_C9A	JANXHW010000006.1	583	221	298	514	10112507	10111908	23.077	1.08e-08	63.9
Protobothrops_mucrosquamatus_C9A	JANXHW010000006.1	583	221	298	514	7190091	7189486	23.982	1.28e-08	63.5
Protobothrops_mucrosquamatus_C9A	JANXHW010000006.1	583	221	298	514	7135809	7135204	23.077	1.74e-08	63.2
Protobothrops_mucrosquamatus_C9A	JANXHW010000006.1	583	224	298	514	10706909	10706286	25.446	5.09e-08	61.6
Protobothrops_mucrosquamatus_C9A	JANXHW010000006.1	583	221	298	514	5720690	5720085	23.077	6.34e-07	58.2
Protobothrops_mucrosquamatus_C9A	JANXHW010000006.1	583	222	298	514	8054989	8055591	23.423	8.18e-07	57.8
Protobothrops_mucrosquamatus_C9A	JANXHW010000006.1	583	272	282	547	21815782	21816513	22.426	1.04e-06	57.4
Protobothrops_mucrosquamatus_C9A	JANXHW010000006.1	583	221	298	514	25237035	25237643	21.719	1.92e-06	56.6
Protobothrops_mucrosquamatus_C9A	JANXHW010000006.1	583	266	289	547	21830325	21831035	22.932	2.37e-06	56.2
Protobothrops_mucrosquamatus_C9A	JANXHW010000006.1	583	222	298	514	10159447	10160055	22.072	4.60e-06	55.5
Protobothrops_mucrosquamatus_C9A	JANXHW010000006.1	583	222	298	514	10056453	10055845	22.072	4.60e-06	55.5
Protobothrops_mucrosquamatus_C9A	JANXHW010000004.1	583	48	536	583	148503039	148502896	58.333	2.49e-10	69.3
Protobothrops_mucrosquamatus_C9A	JANXHW010000004.1	583	90	266	355	148475537	148475791	31.111	1.62e-07	60.1
Protobothrops_mucrosquamatus_C9A	JANXHW010000004.1	583	70	456	524	148504525	148504316	37.143	7.91e-07	57.8
Protobothrops_mucrosquamatus_C9A	JANXHW010000004.1	583	44	536	579	148485165	148485296	56.818	1.26e-06	57.0
Protobothrops_mucrosquamatus_C9A	JANXHW010000004.1	583	81	274	354	148520880	148520638	30.864	3.92e-06	55.5
Chrysopelea_ornata_C9A	JANXHW010000002.1	584	80	276	355	19215584	19215345	67.500	2.89e-27	123
Chrysopelea_ornata_C9A	JANXHW010000002.1	584	68	460	527	19209661	19209458	70.588	4.94e-22	106
Chrysopelea_ornata_C9A	JANXHW010000002.1	584	47	157	203	19221290	19221150	76.596	5.29e-16	87.4
Chrysopelea_ornata_C9A	JANXHW010000002.1	584	50	108	156	19222548	19222399	74.000	2.86e-14	82.0
Chrysopelea_ornata_C9A	JANXHW010000002.1	584	59	400	458	19211406	19211230	52.542	3.41e-12	75.1
Chrysopelea_ornata_C9A	JANXHW010000002.1	584	75	202	272	19217094	19216870	41.333	1.03e-09	67.4
Chrysopelea_ornata_C9A	JANXHW010000002.1	584	85	274	358	19869269	19869015	34.118	1.25e-07	60.5
Chrysopelea_ornata_C9A	JANXHW010000002.1	584	54	54	107	19224016	19223858	51.852	5.27e-07	58.5
Chrysopelea_ornata_C9A	JANXHW010000002.1	584	104	423	526	19834118	19834399	31.731	4.28e-06	55.5
Chrysopelea_ornata_C9A	JANXHW010000002.1	584	82	274	355	19904420	19904175	31.707	6.89e-06	54.7
Chrysopelea_ornata_C9A	JANXHW010000006.1	584	221	298	515	10112507	10111908	22.624	3.75e-09	65.5
Chrysopelea_ornata_C9A	JANXHW010000006.1	584	287	293	567	10698026	10697223	24.390	1.17e-07	60.5
Chrysopelea_ornata_C9A	JANXHW010000006.1	584	225	298	515	10706909	10706286	25.333	5.79e-07	58.2
Chrysopelea_ornata_C9A	JANXHW010000006.1	584	234	298	516	10780698	10780099	26.923	6.25e-07	58.2
Chrysopelea_ornata_C9A	JANXHW010000006.1	584	222	298	515	7190091	7189486	21.622	3.93e-06	55.5
Chrysopelea_ornata_C9A	JANXHW010000006.1	584	198	298	492	5702978	5702451	22.727	6.71e-06	54.7
Chrysopelea_ornata_C9A	JANXHW010000004.1	584	48	537	584	148503039	148502896	54.167	2.65e-08	62.8
Chrysopelea_ornata_C9A	JANXHW010000004.1	584	44	537	580	148485165	148485296	59.091	7.12e-08	61.2
Chrysopelea_ornata_C9A	JANXHW010000004.1	584	101	257	354	148520925	148520638	32.673	1.10e-06	57.4
Chrysopelea_ornata_C9A	JANXHW010000004.1	584	90	266	355	148475537	148475791	30.000	1.33e-06	57.0
Chrysopelea_ornata_C9A	JANXHW010000004.1	584	70	457	525	148504525	148504316	37.143	3.04e-06	55.8
Pituophis_catenifer_C9A	JANXHW010000002.1	583	77	277	353	19215581	19215351	67.532	1.97e-26	120
Pituophis_catenifer_C9A	JANXHW010000002.1	583	68	459	526	19209661	19209458	67.647	3.20e-21	103
Pituophis_catenifer_C9A	JANXHW010000002.1	583	47	157	203	19221290	19221150	72.340	3.65e-14	81.6
Pituophis_catenifer_C9A	JANXHW010000002.1	583	50	108	156	19222548	19222399	68.000	1.31e-12	76.6
Pituophis_catenifer_C9A	JANXHW010000002.1	583	54	404	457	19211391	19211230	57.407	2.56e-11	72.4
Pituophis_catenifer_C9A	JANXHW010000002.1	583	75	203	273	19217091	19216867	41.333	9.96e-10	67.4
Pituophis_catenifer_C9A	JANXHW010000002.1	583	52	56	107	19224010	19223858	57.692	1.32e-09	67.0
Pituophis_catenifer_C9A	JANXHW010000002.1	583	76	5	80	19227598	19227404	40.789	2.02e-07	59.7
Pituophis_catenifer_C9A	JANXHW010000004.1	583	48	536	583	148503039	148502896	54.167	5.49e-09	64.7
Pituophis_catenifer_C9A	JANXHW010000004.1	583	50	531	580	148485150	148485299	54.000	3.10e-08	62.4
Pituophis_catenifer_C9A	JANXHW010000004.1	583	79	447	524	148504552	148504316	36.709	6.35e-08	61.2
Pituophis_catenifer_C9A	JANXHW010000004.1	583	85	266	350	148475537	148475776	32.941	1.47e-06	57.0
Pituophis_catenifer_C9A	JANXHW010000006.1	583	221	298	514	11093333	11092716	23.529	9.56e-09	63.9
Pituophis_catenifer_C9A	JANXHW010000006.1	583	255	293	545	10698026	10697313	25.098	1.20e-08	63.9
Pituophis_catenifer_C9A	JANXHW010000006.1	583	238	293	523	10780713	10780069	27.731	1.35e-08	63.5
Pituophis_catenifer_C9A	JANXHW010000006.1	583	224	294	514	10112519	10111908	22.768	2.34e-08	62.8
Pituophis_catenifer_C9A	JANXHW010000006.1	583	234	289	516	10706939	10706280	24.786	3.97e-08	62.0
Pituophis_catenifer_C9A	JANXHW010000006.1	583	221	298	514	7190091	7189486	23.529	1.59e-07	60.1
Pituophis_catenifer_C9A	JANXHW010000006.1	583	224	295	514	7135818	7135204	22.321	2.20e-07	59.7
Pituophis_catenifer_C9A	JANXHW010000006.1	583	268	289	549	21830325	21831041	22.761	3.35e-07	58.9
Pituophis_catenifer_C9A	JANXHW010000006.1	583	225	294	514	8230418	8231029	23.556	5.39e-07	58.5
Pituophis_catenifer_C9A	JANXHW010000006.1	583	226	294	514	8054977	8055591	25.221	6.78e-07	58.2
Pituophis_catenifer_C9A	JANXHW010000006.1	583	225	294	514	25237023	25237643	23.111	1.69e-06	56.6
Pituophis_catenifer_C9A	JANXHW010000006.1	583	222	298	514	11073767	11073150	23.874	2.00e-06	56.6
Pituophis_catenifer_C9A	JANXHW010000006.1	583	262	294	549	21867665	21868366	22.519	2.23e-06	56.2
Pituophis_catenifer_C9A	JANXHW010000006.1	583	221	298	514	5720690	5720085	22.172	7.23e-06	54.7
Pituophis_catenifer_C9A	JANXHW010000006.1	583	230	290	514	21774232	21774843	22.609	8.14e-06	54.7
Pantherophis_obsoletus_C9A	JANXHW010000002.1	583	80	276	355	19215584	19215345	71.250	5.37e-30	131
Pantherophis_obsoletus_C9A	JANXHW010000002.1	583	68	459	526	19209661	19209458	67.647	3.31e-21	103
Pantherophis_obsoletus_C9A	JANXHW010000002.1	583	47	157	203	19221290	19221150	74.468	7.62e-15	84.0
Pantherophis_obsoletus_C9A	JANXHW010000002.1	583	50	108	156	19222548	19222399	64.000	5.49e-12	74.7
Pantherophis_obsoletus_C9A	JANXHW010000002.1	583	59	399	457	19211406	19211230	50.847	7.87e-12	73.9
Pantherophis_obsoletus_C9A	JANXHW010000002.1	583	52	56	107	19224010	19223858	57.692	4.78e-10	68.2
Pantherophis_obsoletus_C9A	JANXHW010000002.1	583	99	181	272	19217166	19216870	34.343	5.34e-10	68.2
Pantherophis_obsoletus_C9A	JANXHW010000002.1	583	97	260	356	19869305	19869021	34.021	6.80e-08	61.2
Pantherophis_obsoletus_C9A	JANXHW010000002.1	583	38	26	63	19227541	19227428	63.158	2.02e-07	59.7
Pantherophis_obsoletus_C9A	JANXHW010000002.1	583	82	274	355	19904420	19904175	31.707	3.17e-06	55.8
Pantherophis_obsoletus_C9A	JANXHW010000006.1	583	220	298	514	10112507	10111908	23.182	2.61e-09	65.9
Pantherophis_obsoletus_C9A	JANXHW010000006.1	583	234	298	523	10780698	10780069	28.205	9.56e-09	63.9
Pantherophis_obsoletus_C9A	JANXHW010000006.1	583	234	293	522	10698026	10697385	26.923	1.18e-08	63.9
Pantherophis_obsoletus_C9A	JANXHW010000006.1	583	228	294	514	11093345	11092716	23.246	1.57e-08	63.5
Pantherophis_obsoletus_C9A	JANXHW010000006.1	583	224	298	516	10706909	10706280	25.000	2.53e-08	62.8
Pantherophis_obsoletus_C9A	JANXHW010000006.1	583	221	298	514	7190091	7189486	23.529	4.08e-08	62.0
Pantherophis_obsoletus_C9A	JANXHW010000006.1	583	221	298	514	7135809	7135204	22.172	8.78e-08	60.8
Pantherophis_obsoletus_C9A	JANXHW010000006.1	583	230	290	514	21774232	21774843	23.913	3.21e-07	58.9
Pantherophis_obsoletus_C9A	JANXHW010000006.1	583	226	298	514	8230430	8231029	24.336	6.96e-07	58.2
Pantherophis_obsoletus_C9A	JANXHW010000006.1	583	222	298	514	8054989	8055591	24.775	7.14e-07	58.2
Pantherophis_obsoletus_C9A	JANXHW010000006.1	583	227	298	514	5720690	5720085	22.467	1.40e-06	57.0
Pantherophis_obsoletus_C9A	JANXHW010000006.1	583	270	289	549	21830325	21831041	22.222	2.47e-06	56.2
Pantherophis_obsoletus_C9A	JANXHW010000006.1	583	225	298	514	10159447	10160055	23.111	3.66e-06	55.8
Pantherophis_obsoletus_C9A	JANXHW010000006.1	583	225	298	514	10056453	10055845	23.111	3.66e-06	55.8
Pantherophis_obsoletus_C9A	JANXHW010000006.1	583	221	298	514	25237035	25237643	22.172	5.79e-06	55.1
Pantherophis_obsoletus_C9A	JANXHW010000006.1	583	260	298	552	21798038	21798736	20.385	7.67e-06	54.7
Pantherophis_obsoletus_C9A	JANXHW010000004.1	583	48	536	583	148503039	148502896	54.167	5.88e-09	64.7
Pantherophis_obsoletus_C9A	JANXHW010000004.1	583	79	447	524	148504552	148504316	36.709	6.30e-08	61.2
Pantherophis_obsoletus_C9A	JANXHW010000004.1	583	45	536	580	148485165	148485299	57.778	1.46e-07	60.1
Pantherophis_obsoletus_C9A	JANXHW010000004.1	583	79	277	355	148475555	148475791	31.646	1.96e-07	59.7
Pantherophis_obsoletus_C9A	JANXHW010000004.1	583	89	266	354	148520889	148520638	32.584	1.19e-06	57.4
Bothrops_jararaca_C9A	JANXHW010000002.1	583	80	276	355	19215584	19215345	71.250	4.04e-29	129
Bothrops_jararaca_C9A	JANXHW010000002.1	583	98	431	526	19209751	19209458	57.143	1.14e-23	112
Bothrops_jararaca_C9A	JANXHW010000002.1	583	47	157	203	19221290	19221150	76.596	5.31e-16	87.4
Bothrops_jararaca_C9A	JANXHW010000002.1	583	50	108	156	19222548	19222399	70.000	6.55e-13	77.4
Bothrops_jararaca_C9A	JANXHW010000002.1	583	60	398	457	19211409	19211230	50.000	2.70e-11	72.4
Bothrops_jararaca_C9A	JANXHW010000002.1	583	62	54	112	19224016	19223834	53.226	8.69e-10	67.4
Bothrops_jararaca_C9A	JANXHW010000002.1	583	101	181	272	19217166	19216870	37.624	2.59e-08	62.8
Bothrops_jararaca_C9A	JANXHW010000002.1	583	83	274	356	19869269	19869021	33.735	1.18e-07	60.5
Bothrops_jararaca_C9A	JANXHW010000002.1	583	59	5	63	19227598	19227428	42.373	2.36e-07	59.7
Bothrops_jararaca_C9A	JANXHW010000002.1	583	82	274	355	19904420	19904175	31.707	2.60e-06	56.2
Bothrops_jararaca_C9A	JANXHW010000006.1	583	226	293	514	10698026	10697409	26.991	1.71e-10	69.7
Bothrops_jararaca_C9A	JANXHW010000006.1	583	222	298	514	10112507	10111908	24.775	1.38e-09	66.6
Bothrops_jararaca_C9A	JANXHW010000006.1	583	221	298	514	7190091	7189486	23.982	6.19e-09	64.7
Bothrops_jararaca_C9A	JANXHW010000006.1	583	221	298	514	7135809	7135204	23.982	9.56e-08	60.8
Bothrops_jararaca_C9A	JANXHW010000006.1	583	224	298	514	10706909	10706286	25.000	4.62e-07	58.5
Bothrops_jararaca_C9A	JANXHW010000006.1	583	230	298	515	10780698	10780099	26.957	1.09e-06	57.4
Bothrops_jararaca_C9A	JANXHW010000006.1	583	230	290	514	21774232	21774843	23.913	1.58e-06	57.0
Bothrops_jararaca_C9A	JANXHW010000006.1	583	223	298	514	8054989	8055591	25.112	2.52e-06	56.2
Bothrops_jararaca_C9A	JANXHW010000006.1	583	221	298	514	5720690	5720085	23.077	3.69e-06	55.8
Bothrops_jararaca_C9A	JANXHW010000006.1	583	221	298	514	25237035	25237643	23.982	6.81e-06	54.7
Bothrops_jararaca_C9A	JANXHW010000006.1	583	221	298	514	8230430	8231029	23.982	8.14e-06	54.7
Bothrops_jararaca_C9A	JANXHW010000004.1	583	48	536	583	148503039	148502896	56.250	8.25e-10	67.4
Bothrops_jararaca_C9A	JANXHW010000004.1	583	92	266	357	148475537	148475797	31.522	2.68e-07	59.3
Bothrops_jararaca_C9A	JANXHW010000004.1	583	70	456	524	148504525	148504316	37.143	4.74e-07	58.5
Bothrops_jararaca_C9A	JANXHW010000004.1	583	44	536	579	148485165	148485296	56.818	1.45e-06	57.0
Bothrops_jararaca_C9A	JANXHW010000004.1	583	81	274	354	148520880	148520638	30.864	6.20e-06	55.1
Ptyas_mucosa_C9A	JANXHW010000002.1	583	79	277	355	19215581	19215345	70.886	2.08e-28	126
Ptyas_mucosa_C9A	JANXHW010000002.1	583	68	459	526	19209661	19209458	66.176	3.88e-21	103
Ptyas_mucosa_C9A	JANXHW010000002.1	583	50	108	156	19222548	19222399	72.000	7.52e-14	80.5
Ptyas_mucosa_C9A	JANXHW010000002.1	583	47	157	203	19221290	19221150	70.213	1.33e-13	79.7
Ptyas_mucosa_C9A	JANXHW010000002.1	583	59	399	457	19211406	19211230	50.847	2.52e-11	72.4
Ptyas_mucosa_C9A	JANXHW010000002.1	583	52	56	107	19224010	19223858	57.692	4.99e-10	68.2
Ptyas_mucosa_C9A	JANXHW010000002.1	583	74	203	272	19217091	19216870	43.243	3.13e-09	65.5
Ptyas_mucosa_C9A	JANXHW010000002.1	583	59	5	63	19227598	19227428	47.458	5.68e-08	61.6
Ptyas_mucosa_C9A	JANXHW010000002.1	583	78	457	534	19834196	19834420	41.026	3.15e-07	59.3
Ptyas_mucosa_C9A	JANXHW010000002.1	583	85	274	358	19869269	19869015	31.765	1.16e-06	57.4
Ptyas_mucosa_C9A	JANXHW010000002.1	583	82	274	355	19904420	19904175	31.707	6.81e-06	54.7
Ptyas_mucosa_C9A	JANXHW010000006.1	583	226	293	514	10112522	10111908	22.566	1.08e-09	67.0
Ptyas_mucosa_C9A	JANXHW010000006.1	583	226	298	515	10780698	10780099	27.876	1.80e-08	63.2
Ptyas_mucosa_C9A	JANXHW010000006.1	583	255	275	514	7190178	7189486	23.529	2.47e-08	62.8
Ptyas_mucosa_C9A	JANXHW010000006.1	583	221	298	514	10698011	10697409	25.792	3.21e-08	62.4
Ptyas_mucosa_C9A	JANXHW010000006.1	583	222	298	514	10706909	10706286	24.324	8.78e-08	60.8
Ptyas_mucosa_C9A	JANXHW010000006.1	583	230	293	514	7135824	7135204	22.609	9.98e-08	60.8
Ptyas_mucosa_C9A	JANXHW010000006.1	583	226	293	514	8054974	8055591	23.451	1.04e-06	57.4
Ptyas_mucosa_C9A	JANXHW010000006.1	583	226	293	514	25237020	25237643	21.681	1.30e-06	57.0
Ptyas_mucosa_C9A	JANXHW010000006.1	583	203	293	491	5702993	5702451	22.660	1.93e-06	56.6
Ptyas_mucosa_C9A	JANXHW010000006.1	583	232	293	514	5720705	5720085	21.983	3.28e-06	55.8
Ptyas_mucosa_C9A	JANXHW010000006.1	583	230	293	514	11093348	11092716	21.304	4.60e-06	55.5
Ptyas_mucosa_C9A	JANXHW010000004.1	583	48	536	583	148503039	148502896	54.167	2.38e-08	62.8
Ptyas_mucosa_C9A	JANXHW010000004.1	583	90	266	355	148475537	148475791	31.111	2.18e-07	59.7
Ptyas_mucosa_C9A	JANXHW010000004.1	583	70	456	524	148504525	148504316	38.571	5.92e-07	58.2
Ptyas_mucosa_C9A	JANXHW010000004.1	583	44	536	579	148485165	148485296	56.818	1.52e-06	57.0
Ptyas_mucosa_C9A	JANXHW010000004.1	583	81	274	354	148520880	148520638	33.333	3.30e-06	55.8
Vipera_berus_C9A	JANXHW010000002.1	583	82	274	355	19215590	19215345	65.854	2.71e-27	123
Vipera_berus_C9A	JANXHW010000002.1	583	68	459	526	19209661	19209458	69.118	2.04e-22	107
Vipera_berus_C9A	JANXHW010000002.1	583	47	157	203	19221290	19221150	74.468	6.53e-16	87.0
Vipera_berus_C9A	JANXHW010000002.1	583	60	398	457	19211409	19211230	53.333	9.15e-13	77.0
Vipera_berus_C9A	JANXHW010000002.1	583	50	108	156	19222548	19222399	66.000	4.51e-12	74.7
Vipera_berus_C9A	JANXHW010000002.1	583	99	181	272	19217166	19216870	37.374	2.41e-10	69.3
Vipera_berus_C9A	JANXHW010000002.1	583	60	54	110	19224016	19223840	55.000	1.37e-09	66.6
Vipera_berus_C9A	JANXHW010000002.1	583	83	274	356	19869269	19869021	36.145	2.83e-08	62.4
Vipera_berus_C9A	JANXHW010000002.1	583	59	5	63	19227598	19227428	42.373	1.15e-07	60.5
Vipera_berus_C9A	JANXHW010000002.1	583	69	457	525	19834196	19834399	40.580	1.78e-07	60.1
Vipera_berus_C9A	JANXHW010000002.1	583	70	274	343	19904420	19904211	35.714	1.11e-06	57.4
Vipera_berus_C9A	JANXHW010000004.1	583	48	536	583	148503039	148502896	56.250	4.90e-10	68.2
Vipera_berus_C9A	JANXHW010000004.1	583	70	456	524	148504525	148504316	37.143	6.23e-07	58.2
Vipera_berus_C9A	JANXHW010000004.1	583	44	536	579	148485165	148485296	56.818	1.19e-06	57.4
Vipera_berus_C9A	JANXHW010000004.1	583	82	274	355	148475546	148475791	30.488	4.57e-06	55.5
Vipera_berus_C9A	JANXHW010000006.1	583	225	293	514	10698026	10697409	25.333	7.64e-10	67.8
Vipera_berus_C9A	JANXHW010000006.1	583	220	298	514	10112507	10111908	22.273	9.87e-10	67.4
Vipera_berus_C9A	JANXHW010000006.1	583	221	298	514	7190091	7189486	23.529	4.48e-09	65.1
Vipera_berus_C9A	JANXHW010000006.1	583	221	298	514	7135809	7135204	22.624	6.63e-09	64.7
Vipera_berus_C9A	JANXHW010000006.1	583	224	298	514	10706909	10706286	25.446	3.91e-08	62.0
Vipera_berus_C9A	JANXHW010000006.1	583	226	298	515	10780698	10780099	27.434	1.25e-06	57.0
Vipera_berus_C9A	JANXHW010000006.1	583	223	298	514	10159447	10160055	23.318	1.85e-06	56.6
Vipera_berus_C9A	JANXHW010000006.1	583	223	298	514	10056453	10055845	23.318	1.85e-06	56.6
Vipera_berus_C9A	JANXHW010000006.1	583	224	298	514	5720690	5720085	21.429	2.00e-06	56.6
Vipera_berus_C9A	JANXHW010000006.1	583	227	298	514	5702978	5702361	21.586	3.88e-06	55.5
Vipera_berus_C9A	JANXHW010000006.1	583	221	298	514	25237035	25237643	20.814	7.17e-06	54.7
Vipera_berus_C9A	JANXHW010000006.1	583	222	298	514	8054989	8055591	23.874	9.33e-06	54.3
Sceloporus_undulatus_C9A	JANXHW010000002.1	591	82	278	359	19215590	19215345	68.293	7.60e-28	125
Sceloporus_undulatus_C9A	JANXHW010000002.1	591	75	463	537	19209661	19209437	69.333	1.74e-25	117
Sceloporus_undulatus_C9A	JANXHW010000002.1	591	52	56	107	19224010	19223855	67.308	1.53e-14	82.8
Sceloporus_undulatus_C9A	JANXHW010000002.1	591	55	408	462	19211391	19211227	65.455	1.31e-13	79.7
Sceloporus_undulatus_C9A	JANXHW010000002.1	591	47	156	202	19221290	19221150	65.957	9.77e-13	77.0
Sceloporus_undulatus_C9A	JANXHW010000002.1	591	78	201	277	19217094	19216867	47.436	1.28e-10	70.1
Sceloporus_undulatus_C9A	JANXHW010000002.1	591	50	107	155	19222548	19222399	66.000	8.55e-10	67.4
Sceloporus_undulatus_C9A	JANXHW010000002.1	591	85	277	361	19869272	19869018	35.294	6.29e-09	64.7
Sceloporus_undulatus_C9A	JANXHW010000002.1	591	38	26	63	19227541	19227428	71.053	8.12e-08	61.2
Sceloporus_undulatus_C9A	JANXHW010000002.1	591	79	281	359	19904411	19904175	32.911	4.85e-07	58.5
Sceloporus_undulatus_C9A	JANXHW010000002.1	591	70	462	531	19834199	19834405	38.571	1.18e-06	57.4
Sceloporus_undulatus_C9A	JANXHW010000002.1	591	50	540	588	19863751	19863602	54.000	4.14e-06	55.5
Sceloporus_undulatus_C9A	JANXHW010000002.1	591	32	558	589	19205667	19205572	68.750	9.22e-06	54.3
Sceloporus_undulatus_C9A	JANXHW010000004.1	591	46	539	584	148485162	148485299	63.043	2.31e-10	69.3
Sceloporus_undulatus_C9A	JANXHW010000004.1	591	53	535	587	148503051	148502896	52.830	6.68e-09	64.7
Sceloporus_undulatus_C9A	JANXHW010000004.1	591	100	262	359	148475507	148475791	34.000	8.85e-09	64.3
Sceloporus_undulatus_C9A	JANXHW010000004.1	591	79	451	528	148504552	148504316	35.443	9.22e-08	60.8
Sceloporus_undulatus_C9A	JANXHW010000006.1	591	208	302	504	10698011	10697448	28.365	2.68e-10	69.3
Sceloporus_undulatus_C9A	JANXHW010000006.1	591	203	298	495	11073779	11073225	26.601	1.61e-09	66.6
Sceloporus_undulatus_C9A	JANXHW010000006.1	591	260	297	551	21763760	21764458	23.846	2.06e-08	63.2
Sceloporus_undulatus_C9A	JANXHW010000006.1	591	269	292	554	21798008	21798730	23.048	4.83e-08	62.0
Sceloporus_undulatus_C9A	JANXHW010000006.1	591	259	302	551	25237035	25237745	24.710	1.19e-07	60.5
Sceloporus_undulatus_C9A	JANXHW010000006.1	591	262	297	551	21830340	21831035	22.519	2.37e-07	59.7
Sceloporus_undulatus_C9A	JANXHW010000006.1	591	266	292	551	21867647	21868360	23.684	2.65e-07	59.3
Sceloporus_undulatus_C9A	JANXHW010000006.1	591	250	308	551	21774274	21774927	24.000	3.25e-07	59.3
Sceloporus_undulatus_C9A	JANXHW010000006.1	591	225	298	518	11093345	11092716	23.556	7.75e-07	57.8
Sceloporus_undulatus_C9A	JANXHW010000006.1	591	254	306	551	10112495	10111806	22.047	1.74e-06	56.6
Sceloporus_undulatus_C9A	JANXHW010000006.1	591	222	302	518	10706909	10706286	22.973	3.77e-06	55.8
Sceloporus_undulatus_C9A	JANXHW010000006.1	591	222	302	518	10159447	10160055	22.072	7.58e-06	54.7
Sceloporus_undulatus_C9A	JANXHW010000006.1	591	222	302	518	10056453	10055845	22.072	7.58e-06	54.7
Anolis_carolinensis_C9B	JANXHW010000002.1	538	80	278	357	19215590	19215351	70.000	7.15e-27	121
Anolis_carolinensis_C9B	JANXHW010000002.1	538	78	460	537	19209670	19209437	66.667	2.68e-25	116
Anolis_carolinensis_C9B	JANXHW010000002.1	538	47	156	202	19221290	19221150	72.340	4.98e-15	84.0
Anolis_carolinensis_C9B	JANXHW010000002.1	538	62	399	460	19211418	19211233	58.065	3.29e-14	81.3
Anolis_carolinensis_C9B	JANXHW010000002.1	538	52	56	107	19224010	19223855	65.385	5.83e-14	80.5
Anolis_carolinensis_C9B	JANXHW010000002.1	538	49	108	155	19222545	19222399	71.429	2.54e-12	75.5
Anolis_carolinensis_C9B	JANXHW010000002.1	538	99	263	361	19869299	19869018	36.364	1.60e-09	66.2
Anolis_carolinensis_C9B	JANXHW010000002.1	538	71	462	532	19834199	19834408	40.845	1.14e-08	63.5
Anolis_carolinensis_C9B	JANXHW010000002.1	538	59	5	63	19227598	19227428	50.847	1.66e-08	63.2
Anolis_carolinensis_C9B	JANXHW010000002.1	538	122	160	277	19217226	19216867	29.508	3.64e-08	62.0
Anolis_carolinensis_C9B	JANXHW010000002.1	538	75	281	355	19904411	19904187	36.000	3.00e-07	58.9
Anolis_carolinensis_C9B	JANXHW010000006.1	538	273	234	504	10698206	10697448	26.374	6.13e-09	64.3
Anolis_carolinensis_C9B	JANXHW010000006.1	538	238	286	518	21798008	21798619	23.950	8.93e-08	60.8
Anolis_carolinensis_C9B	JANXHW010000006.1	538	232	293	518	10706939	10706286	25.000	1.68e-07	59.7
Anolis_carolinensis_C9B	JANXHW010000006.1	538	217	306	518	11093321	11092716	21.198	1.22e-06	57.0
Anolis_carolinensis_C9B	JANXHW010000006.1	538	220	293	505	21830325	21830897	23.182	3.17e-06	55.8
Anolis_carolinensis_C9B	JANXHW010000006.1	538	202	308	504	21867695	21868219	23.762	3.79e-06	55.5
Anolis_carolinensis_C9B	JANXHW010000004.1	538	87	270	356	148475537	148475782	36.782	1.33e-08	63.5
Anolis_carolinensis_C9B	JANXHW010000004.1	538	76	281	356	148520871	148520644	35.526	3.53e-07	58.9
Hydrophis_cyanocinctus_C9B	JANXHW010000002.1	582	80	275	354	19215584	19215345	67.500	1.91e-28	126
Hydrophis_cyanocinctus_C9B	JANXHW010000002.1	582	67	458	524	19209661	19209461	65.672	2.88e-20	101
Hydrophis_cyanocinctus_C9B	JANXHW010000002.1	582	50	107	155	19222548	19222399	72.000	5.31e-14	81.3
Hydrophis_cyanocinctus_C9B	JANXHW010000002.1	582	47	156	202	19221290	19221150	70.213	9.04e-14	80.5
Hydrophis_cyanocinctus_C9B	JANXHW010000002.1	582	56	401	456	19211397	19211230	48.214	3.68e-10	68.6
Hydrophis_cyanocinctus_C9B	JANXHW010000002.1	582	74	202	271	19217091	19216870	43.243	4.58e-09	65.1
Hydrophis_cyanocinctus_C9B	JANXHW010000002.1	582	52	55	106	19224010	19223858	57.692	1.01e-08	63.9
Hydrophis_cyanocinctus_C9B	JANXHW010000002.1	582	97	259	355	19869305	19869021	32.990	4.65e-07	58.5
Hydrophis_cyanocinctus_C9B	JANXHW010000002.1	582	69	456	524	19834196	19834399	40.580	6.11e-07	58.2
Hydrophis_cyanocinctus_C9B	JANXHW010000006.1	582	233	292	521	10698026	10697385	27.897	1.35e-10	70.1
Hydrophis_cyanocinctus_C9B	JANXHW010000006.1	582	220	297	513	10112507	10111908	21.818	2.88e-10	68.9
Hydrophis_cyanocinctus_C9B	JANXHW010000006.1	582	227	297	513	5702978	5702361	21.145	3.05e-06	55.8
Hydrophis_cyanocinctus_C9B	JANXHW010000006.1	582	221	297	513	25237035	25237643	22.172	8.40e-06	54.3
Hydrophis_cyanocinctus_C9B	JANXHW010000004.1	582	104	253	354	148475495	148475791	29.808	1.72e-07	60.1
Hydrophis_cyanocinctus_C9B	JANXHW010000004.1	582	48	535	582	148503039	148502896	50.000	3.48e-07	58.9
Hydrophis_cyanocinctus_C9B	JANXHW010000004.1	582	79	446	523	148504552	148504316	35.443	9.27e-07	57.8
Hydrophis_cyanocinctus_C9B	JANXHW010000004.1	582	49	530	578	148485150	148485296	46.939	4.29e-06	55.5
Bothrops_jararaca_C9B	JANXHW010000002.1	583	80	276	355	19215584	19215345	71.250	3.83e-29	129
Bothrops_jararaca_C9B	JANXHW010000002.1	583	68	459	526	19209661	19209458	72.059	2.11e-23	110
Bothrops_jararaca_C9B	JANXHW010000002.1	583	47	157	203	19221290	19221150	78.723	1.76e-16	89.0
Bothrops_jararaca_C9B	JANXHW010000002.1	583	50	108	156	19222548	19222399	68.000	7.32e-13	77.4
Bothrops_jararaca_C9B	JANXHW010000002.1	583	60	398	457	19211409	19211230	50.000	6.30e-12	74.3
Bothrops_jararaca_C9B	JANXHW010000002.1	583	60	54	110	19224016	19223840	53.333	2.90e-09	65.9
Bothrops_jararaca_C9B	JANXHW010000002.1	583	76	203	272	19217091	19216870	44.737	3.94e-08	62.0
Bothrops_jararaca_C9B	JANXHW010000002.1	583	59	5	63	19227598	19227428	44.068	1.10e-07	60.5
Bothrops_jararaca_C9B	JANXHW010000002.1	583	83	274	356	19869269	19869021	33.735	1.15e-07	60.5
Bothrops_jararaca_C9B	JANXHW010000002.1	583	82	274	355	19904420	19904175	31.707	2.67e-06	56.2
Bothrops_jararaca_C9B	JANXHW010000006.1	583	226	293	514	10698026	10697409	26.991	8.00e-11	70.9
Bothrops_jararaca_C9B	JANXHW010000006.1	583	221	298	514	10112507	10111908	24.887	9.79e-10	67.4
Bothrops_jararaca_C9B	JANXHW010000006.1	583	221	298	514	7190091	7189486	23.982	4.01e-09	65.5
Bothrops_jararaca_C9B	JANXHW010000006.1	583	221	298	514	7135809	7135204	23.982	7.28e-08	61.2
Bothrops_jararaca_C9B	JANXHW010000006.1	583	224	298	514	10706909	10706286	25.000	4.78e-07	58.5
Bothrops_jararaca_C9B	JANXHW010000006.1	583	230	298	515	10780698	10780099	26.957	7.77e-07	57.8
Bothrops_jararaca_C9B	JANXHW010000006.1	583	227	298	514	5720690	5720085	23.348	4.02e-06	55.5
Bothrops_jararaca_C9B	JANXHW010000006.1	583	223	298	514	10159447	10160055	22.422	8.14e-06	54.7
Bothrops_jararaca_C9B	JANXHW010000006.1	583	223	298	514	10056453	10055845	22.422	8.14e-06	54.7
Bothrops_jararaca_C9B	JANXHW010000004.1	583	48	536	583	148503039	148502896	56.250	1.23e-09	67.0
Bothrops_jararaca_C9B	JANXHW010000004.1	583	90	266	355	148475537	148475791	32.222	1.65e-07	60.1
Bothrops_jararaca_C9B	JANXHW010000004.1	583	70	456	524	148504525	148504316	37.143	5.39e-07	58.5
Bothrops_jararaca_C9B	JANXHW010000004.1	583	44	536	579	148485165	148485296	56.818	1.58e-06	57.0
Bothrops_jararaca_C9B	JANXHW010000004.1	583	89	266	354	148520889	148520638	31.461	5.41e-06	55.1
Laticauda_colubrina_C9B	JANXHW010000002.1	583	82	274	355	19215590	19215345	65.854	3.07e-28	126
Laticauda_colubrina_C9B	JANXHW010000002.1	583	68	459	526	19209661	19209458	67.647	6.06e-21	103
Laticauda_colubrina_C9B	JANXHW010000002.1	583	46	157	202	19221290	19221153	76.087	1.87e-15	85.9
Laticauda_colubrina_C9B	JANXHW010000002.1	583	50	108	156	19222548	19222399	68.000	1.08e-12	77.0
Laticauda_colubrina_C9B	JANXHW010000002.1	583	56	402	457	19211397	19211230	50.000	3.06e-10	68.9
Laticauda_colubrina_C9B	JANXHW010000002.1	583	82	277	358	19869260	19869015	34.146	8.06e-09	64.3
Laticauda_colubrina_C9B	JANXHW010000002.1	583	52	56	107	19224010	19223858	57.692	1.58e-08	63.5
Laticauda_colubrina_C9B	JANXHW010000002.1	583	73	203	271	19217091	19216873	42.466	3.00e-08	62.4
Laticauda_colubrina_C9B	JANXHW010000002.1	583	87	277	361	19904411	19904151	31.034	2.75e-07	59.3
Laticauda_colubrina_C9B	JANXHW010000002.1	583	70	457	525	19834196	19834399	44.286	9.87e-07	57.4
Laticauda_colubrina_C9B	JANXHW010000002.1	583	76	5	80	19227598	19227404	38.158	1.18e-06	57.4
Laticauda_colubrina_C9B	JANXHW010000006.1	583	295	224	515	10698230	10697406	23.051	1.44e-10	70.1
Laticauda_colubrina_C9B	JANXHW010000006.1	583	227	298	514	25237035	25237643	24.670	2.36e-08	62.8
Laticauda_colubrina_C9B	JANXHW010000006.1	583	220	298	514	10112507	10111908	23.636	5.88e-08	61.6
Laticauda_colubrina_C9B	JANXHW010000006.1	583	237	298	523	10780698	10780069	27.004	2.11e-07	59.7
Laticauda_colubrina_C9B	JANXHW010000006.1	583	221	298	514	7190091	7189486	23.077	1.31e-06	57.0
Laticauda_colubrina_C9B	JANXHW010000006.1	583	217	302	514	7135797	7135204	21.659	1.85e-06	56.6
Laticauda_colubrina_C9B	JANXHW010000006.1	583	225	294	514	11093345	11092716	20.889	2.03e-06	56.6
Laticauda_colubrina_C9B	JANXHW010000006.1	583	224	298	514	10706909	10706286	25.446	2.18e-06	56.2
Laticauda_colubrina_C9B	JANXHW010000004.1	583	101	257	355	148475504	148475791	29.703	2.01e-07	59.7
Laticauda_colubrina_C9B	JANXHW010000004.1	583	48	536	583	148503039	148502896	47.917	1.09e-06	57.4
Laticauda_colubrina_C9B	JANXHW010000004.1	583	70	456	524	148504525	148504316	38.571	2.02e-06	56.6
Laticauda_colubrina_C9B	JANXHW010000004.1	583	49	531	579	148485150	148485296	48.980	2.83e-06	55.8
Pseudonaja_textilis_C9B	JANXHW010000002.1	583	79	276	354	19215584	19215348	70.886	3.11e-29	129
Pseudonaja_textilis_C9B	JANXHW010000002.1	583	68	459	526	19209661	19209458	67.647	5.65e-21	103
Pseudonaja_textilis_C9B	JANXHW010000002.1	583	47	157	203	19221290	19221150	76.596	2.55e-15	85.5
Pseudonaja_textilis_C9B	JANXHW010000002.1	583	50	108	156	19222548	19222399	70.000	1.76e-13	79.3
Pseudonaja_textilis_C9B	JANXHW010000002.1	583	56	402	457	19211397	19211230	51.786	2.09e-10	69.3
Pseudonaja_textilis_C9B	JANXHW010000002.1	583	74	203	272	19217091	19216870	44.595	1.24e-09	67.0
Pseudonaja_textilis_C9B	JANXHW010000002.1	583	52	56	107	19224010	19223858	57.692	4.14e-09	65.1
Pseudonaja_textilis_C9B	JANXHW010000002.1	583	69	457	525	19834196	19834399	40.580	2.68e-07	59.3
Pseudonaja_textilis_C9B	JANXHW010000002.1	583	78	277	354	19869260	19869027	33.333	5.30e-07	58.5
Pseudonaja_textilis_C9B	JANXHW010000002.1	583	76	5	80	19227598	19227404	39.474	5.67e-07	58.2
Pseudonaja_textilis_C9B	JANXHW010000002.1	583	78	277	354	19904411	19904178	30.769	8.01e-06	54.7
Pseudonaja_textilis_C9B	JANXHW010000006.1	583	296	224	515	10698230	10697406	27.027	5.00e-11	71.6
Pseudonaja_textilis_C9B	JANXHW010000006.1	583	220	298	514	10112507	10111908	21.818	7.98e-10	67.4
Pseudonaja_textilis_C9B	JANXHW010000006.1	583	241	298	523	10780698	10780069	26.141	6.02e-07	58.2
Pseudonaja_textilis_C9B	JANXHW010000006.1	583	221	298	514	25237035	25237643	23.077	2.07e-06	56.6
Pseudonaja_textilis_C9B	JANXHW010000006.1	583	225	294	514	11093345	11092716	20.000	2.23e-06	56.2
Pseudonaja_textilis_C9B	JANXHW010000006.1	583	222	298	514	10706909	10706286	25.676	3.66e-06	55.8
Pseudonaja_textilis_C9B	JANXHW010000006.1	583	227	298	514	5702978	5702361	20.705	8.14e-06	54.7
Pseudonaja_textilis_C9B	JANXHW010000004.1	583	103	254	354	148475495	148475788	30.097	3.74e-08	62.0
Pseudonaja_textilis_C9B	JANXHW010000004.1	583	48	536	583	148503039	148502896	47.917	1.45e-07	60.1
Pseudonaja_textilis_C9B	JANXHW010000004.1	583	79	447	524	148504552	148504316	36.709	1.75e-07	60.1
Pseudonaja_textilis_C9B	JANXHW010000004.1	583	44	536	579	148485165	148485296	52.273	2.72e-06	56.2
Pseudonaja_textilis_C9B	JANXHW010000004.1	583	78	277	354	148520871	148520638	30.769	8.28e-06	54.7
Notechis_scutatus_C9B	JANXHW010000002.1	583	80	276	355	19215584	19215345	68.750	7.42e-29	128
Notechis_scutatus_C9B	JANXHW010000002.1	583	74	459	532	19209661	19209440	64.865	5.64e-22	106
Notechis_scutatus_C9B	JANXHW010000002.1	583	47	157	203	19221290	19221150	74.468	5.04e-15	84.3
Notechis_scutatus_C9B	JANXHW010000002.1	583	50	108	156	19222548	19222399	72.000	5.38e-14	80.9
Notechis_scutatus_C9B	JANXHW010000002.1	583	56	402	457	19211397	19211230	48.214	2.09e-10	69.3
Notechis_scutatus_C9B	JANXHW010000002.1	583	74	203	272	19217091	19216870	43.243	2.70e-09	65.9
Notechis_scutatus_C9B	JANXHW010000002.1	583	52	56	107	19224010	19223858	57.692	6.30e-09	64.7
Notechis_scutatus_C9B	JANXHW010000002.1	583	69	457	525	19834196	19834399	40.580	3.05e-07	59.3
Notechis_scutatus_C9B	JANXHW010000002.1	583	80	277	356	19869260	19869021	32.500	7.64e-07	57.8
Notechis_scutatus_C9B	JANXHW010000002.1	583	76	5	80	19227598	19227404	38.158	1.28e-06	57.0
Notechis_scutatus_C9B	JANXHW010000006.1	583	233	293	522	10698026	10697385	28.326	2.22e-11	72.8
Notechis_scutatus_C9B	JANXHW010000006.1	583	243	298	536	10112507	10111842	23.045	5.73e-11	71.2
Notechis_scutatus_C9B	JANXHW010000006.1	583	222	298	514	10706909	10706286	26.126	5.44e-07	58.5
Notechis_scutatus_C9B	JANXHW010000006.1	583	217	302	514	7135797	7135204	20.276	1.08e-06	57.4
Notechis_scutatus_C9B	JANXHW010000006.1	583	251	298	536	5702978	5702295	22.311	1.31e-06	57.0
Notechis_scutatus_C9B	JANXHW010000006.1	583	240	298	523	10780698	10780069	26.250	1.76e-06	56.6
Notechis_scutatus_C9B	JANXHW010000006.1	583	246	298	536	8054989	8055657	22.764	2.81e-06	56.2
Notechis_scutatus_C9B	JANXHW010000006.1	583	225	294	514	11093345	11092716	19.556	5.99e-06	55.1
Notechis_scutatus_C9B	JANXHW010000006.1	583	221	298	514	7190091	7189486	21.267	8.57e-06	54.3
Notechis_scutatus_C9B	JANXHW010000006.1	583	221	298	514	25237035	25237643	22.624	9.74e-06	54.3
Notechis_scutatus_C9B	JANXHW010000004.1	583	70	456	524	148504525	148504316	40.000	2.42e-07	59.7
Notechis_scutatus_C9B	JANXHW010000004.1	583	48	536	583	148503039	148502896	50.000	3.80e-07	58.9
Notechis_scutatus_C9B	JANXHW010000004.1	583	104	254	355	148475495	148475791	28.846	4.39e-07	58.5
Notechis_scutatus_C9B	JANXHW010000004.1	583	49	531	579	148485150	148485296	46.939	4.34e-06	55.5
Pituophis_catenifer_C9B	JANXHW010000002.1	583	77	277	353	19215581	19215351	67.532	1.81e-26	120
Pituophis_catenifer_C9B	JANXHW010000002.1	583	77	456	532	19209670	19209440	63.636	2.65e-22	107
Pituophis_catenifer_C9B	JANXHW010000002.1	583	47	157	203	19221290	19221150	74.468	1.60e-15	85.9
Pituophis_catenifer_C9B	JANXHW010000002.1	583	50	108	156	19222548	19222399	74.000	3.83e-15	84.7
Pituophis_catenifer_C9B	JANXHW010000002.1	583	54	404	457	19211391	19211230	57.407	6.52e-11	71.2
Pituophis_catenifer_C9B	JANXHW010000002.1	583	54	54	107	19224016	19223858	51.852	7.53e-08	61.2
Pituophis_catenifer_C9B	JANXHW010000002.1	583	59	5	63	19227598	19227428	44.068	6.50e-07	58.2
Pituophis_catenifer_C9B	JANXHW010000002.1	583	76	202	273	19217094	19216867	36.842	7.08e-07	58.2
Pituophis_catenifer_C9B	JANXHW010000002.1	583	69	457	525	19834196	19834399	40.580	8.68e-07	57.8
Pituophis_catenifer_C9B	JANXHW010000006.1	583	227	293	514	10698026	10697409	25.991	8.84e-10	67.4
Pituophis_catenifer_C9B	JANXHW010000006.1	583	225	294	514	10112519	10111908	23.556	1.28e-09	67.0
Pituophis_catenifer_C9B	JANXHW010000006.1	583	234	289	514	10706939	10706286	26.068	7.28e-09	64.3
Pituophis_catenifer_C9B	JANXHW010000006.1	583	221	298	514	11093333	11092716	24.887	5.45e-08	61.6
Pituophis_catenifer_C9B	JANXHW010000006.1	583	230	293	515	10780713	10780099	27.391	6.41e-08	61.2
Pituophis_catenifer_C9B	JANXHW010000006.1	583	221	298	514	7190091	7189486	23.529	1.53e-07	60.1
Pituophis_catenifer_C9B	JANXHW010000006.1	583	224	295	514	7135818	7135204	21.875	2.50e-07	59.3
Pituophis_catenifer_C9B	JANXHW010000006.1	583	228	298	514	5702978	5702361	21.491	1.21e-06	57.4
Pituophis_catenifer_C9B	JANXHW010000006.1	583	225	294	514	25237023	25237643	23.111	1.35e-06	57.0
Pituophis_catenifer_C9B	JANXHW010000006.1	583	222	298	514	10159447	10160055	23.423	8.42e-06	54.3
Pituophis_catenifer_C9B	JANXHW010000006.1	583	222	298	514	10056453	10055845	23.423	8.42e-06	54.3
Pituophis_catenifer_C9B	JANXHW010000006.1	583	222	298	514	5720690	5720085	22.523	8.64e-06	54.3
Pituophis_catenifer_C9B	JANXHW010000004.1	583	40	536	575	148503039	148502920	62.500	4.07e-09	65.1
Pituophis_catenifer_C9B	JANXHW010000004.1	583	70	456	524	148504525	148504316	41.429	3.32e-08	62.4
Pituophis_catenifer_C9B	JANXHW010000004.1	583	96	257	350	148475504	148475776	33.333	1.33e-07	60.5
Pantherophis_obsoletus_C9B	JANXHW010000002.1	583	82	274	355	19215590	19215345	67.073	3.28e-29	129
Pantherophis_obsoletus_C9B	JANXHW010000002.1	583	98	431	526	19209751	19209458	52.041	3.23e-21	103
Pantherophis_obsoletus_C9B	JANXHW010000002.1	583	47	157	203	19221290	19221150	74.468	2.09e-15	85.5
Pantherophis_obsoletus_C9B	JANXHW010000002.1	583	50	108	156	19222548	19222399	74.000	4.75e-15	84.3
Pantherophis_obsoletus_C9B	JANXHW010000002.1	583	54	404	457	19211391	19211230	57.407	6.69e-11	71.2
Pantherophis_obsoletus_C9B	JANXHW010000002.1	583	52	56	107	19224010	19223858	55.769	1.24e-08	63.5
Pantherophis_obsoletus_C9B	JANXHW010000002.1	583	76	5	80	19227598	19227404	42.105	2.03e-08	63.2
Pantherophis_obsoletus_C9B	JANXHW010000002.1	583	83	274	356	19869269	19869021	34.940	1.57e-07	60.1
Pantherophis_obsoletus_C9B	JANXHW010000002.1	583	75	202	272	19217094	19216870	37.333	7.45e-07	57.8
Pantherophis_obsoletus_C9B	JANXHW010000002.1	583	82	274	355	19904420	19904175	32.927	2.72e-06	56.2
Pantherophis_obsoletus_C9B	JANXHW010000006.1	583	218	298	514	10698011	10697409	26.606	5.29e-10	68.2
Pantherophis_obsoletus_C9B	JANXHW010000006.1	583	225	293	514	10112522	10111908	22.222	1.31e-08	63.5
Pantherophis_obsoletus_C9B	JANXHW010000006.1	583	226	293	514	11093348	11092716	22.124	3.52e-07	58.9
Pantherophis_obsoletus_C9B	JANXHW010000006.1	583	222	298	514	10706909	10706286	22.973	6.28e-07	58.2
Pantherophis_obsoletus_C9B	JANXHW010000006.1	583	226	293	514	7190106	7189486	22.566	1.05e-06	57.4
Pantherophis_obsoletus_C9B	JANXHW010000006.1	583	200	293	488	10021594	10021046	24.500	3.06e-06	55.8
Pantherophis_obsoletus_C9B	JANXHW010000006.1	583	233	298	523	10780698	10780069	25.751	3.88e-06	55.5
Pantherophis_obsoletus_C9B	JANXHW010000006.1	583	226	293	514	7135824	7135204	20.796	9.41e-06	54.3
Pantherophis_obsoletus_C9B	JANXHW010000004.1	583	53	523	575	148503078	148502920	47.170	3.90e-09	65.5
Pantherophis_obsoletus_C9B	JANXHW010000004.1	583	101	257	355	148475504	148475791	31.683	9.56e-09	63.9
Pantherophis_obsoletus_C9B	JANXHW010000004.1	583	70	456	524	148504525	148504316	35.714	3.75e-06	55.5
Pantherophis_obsoletus_C9B	JANXHW010000004.1	583	81	274	354	148520880	148520638	33.333	4.09e-06	55.5
Crotalus_tigris_C9B	JANXHW010000002.1	583	75	276	350	19215584	19215360	65.333	1.97e-25	117
Crotalus_tigris_C9B	JANXHW010000002.1	583	68	459	526	19209661	19209458	67.647	1.17e-22	108
Crotalus_tigris_C9B	JANXHW010000002.1	583	47	157	203	19221290	19221150	76.596	1.41e-15	86.3
Crotalus_tigris_C9B	JANXHW010000002.1	583	50	108	156	19222548	19222399	72.000	2.52e-14	82.0
Crotalus_tigris_C9B	JANXHW010000002.1	583	56	402	457	19211397	19211230	57.143	1.11e-11	73.6
Crotalus_tigris_C9B	JANXHW010000002.1	583	54	54	107	19224016	19223858	55.556	1.62e-08	63.2
Crotalus_tigris_C9B	JANXHW010000002.1	583	69	457	525	19834196	19834399	39.130	6.67e-07	58.2
Crotalus_tigris_C9B	JANXHW010000002.1	583	59	5	63	19227598	19227428	44.068	2.72e-06	56.2
Crotalus_tigris_C9B	JANXHW010000002.1	583	74	203	272	19217091	19216870	37.838	7.67e-06	54.7
Crotalus_tigris_C9B	JANXHW010000006.1	583	223	293	514	10698026	10697409	26.009	3.39e-10	68.9
Crotalus_tigris_C9B	JANXHW010000006.1	583	228	294	514	10112519	10111908	25.439	2.59e-09	65.9
Crotalus_tigris_C9B	JANXHW010000006.1	583	221	298	514	7190091	7189486	24.887	3.81e-09	65.5
Crotalus_tigris_C9B	JANXHW010000006.1	583	221	298	514	11093333	11092716	24.887	4.29e-09	65.1
Crotalus_tigris_C9B	JANXHW010000006.1	583	224	295	514	7135818	7135204	25.000	5.13e-09	65.1
Crotalus_tigris_C9B	JANXHW010000006.1	583	234	289	514	10706939	10706286	26.923	1.96e-08	63.2
Crotalus_tigris_C9B	JANXHW010000006.1	583	223	298	514	10159447	10160055	26.906	4.11e-08	62.0
Crotalus_tigris_C9B	JANXHW010000006.1	583	223	298	514	10056453	10055845	26.906	4.11e-08	62.0
Crotalus_tigris_C9B	JANXHW010000006.1	583	225	294	514	25237023	25237643	24.889	6.14e-08	61.6
Crotalus_tigris_C9B	JANXHW010000006.1	583	201	294	491	10021591	10021037	26.866	3.43e-07	58.9
Crotalus_tigris_C9B	JANXHW010000006.1	583	230	293	515	10780713	10780099	28.696	4.87e-07	58.5
Crotalus_tigris_C9B	JANXHW010000006.1	583	221	298	514	5720690	5720085	23.982	1.05e-06	57.4
Crotalus_tigris_C9B	JANXHW010000006.1	583	225	294	514	8054977	8055591	24.889	1.09e-06	57.4
Crotalus_tigris_C9B	JANXHW010000006.1	583	225	294	514	8720980	8720357	25.333	1.21e-06	57.4
Crotalus_tigris_C9B	JANXHW010000004.1	583	49	535	583	148503042	148502896	53.061	4.01e-09	65.5
Crotalus_tigris_C9B	JANXHW010000004.1	583	107	254	358	148475495	148475800	31.776	1.33e-07	60.5
Crotalus_tigris_C9B	JANXHW010000004.1	583	70	456	524	148504525	148504316	37.143	1.67e-06	56.6
Ptyas_mucosa_C9B	JANXHW010000002.1	583	77	277	353	19215581	19215351	67.532	1.67e-26	120
Ptyas_mucosa_C9B	JANXHW010000002.1	583	67	460	526	19209658	19209458	64.179	2.80e-20	101
Ptyas_mucosa_C9B	JANXHW010000002.1	583	47	157	203	19221290	19221150	74.468	1.35e-15	86.3
Ptyas_mucosa_C9B	JANXHW010000002.1	583	50	108	156	19222548	19222399	74.000	9.14e-15	83.6
Ptyas_mucosa_C9B	JANXHW010000002.1	583	56	404	459	19211391	19211224	55.357	4.17e-10	68.6
Ptyas_mucosa_C9B	JANXHW010000002.1	583	54	54	107	19224016	19223858	53.704	4.22e-08	62.0
Ptyas_mucosa_C9B	JANXHW010000002.1	583	76	202	273	19217094	19216867	36.842	1.81e-06	56.6
Ptyas_mucosa_C9B	JANXHW010000004.1	583	48	536	583	148503039	148502896	52.083	3.58e-09	65.5
Ptyas_mucosa_C9B	JANXHW010000004.1	583	96	257	350	148475504	148475776	33.333	1.17e-07	60.5
Ptyas_mucosa_C9B	JANXHW010000006.1	583	223	293	514	10698026	10697409	24.664	2.55e-08	62.8
Ptyas_mucosa_C9B	JANXHW010000006.1	583	295	289	565	10706939	10706097	24.068	1.03e-07	60.8
Ptyas_mucosa_C9B	JANXHW010000006.1	583	221	298	514	7190091	7189486	23.982	7.48e-06	54.7
Ptyas_mucosa_C9B	JANXHW010000006.1	583	224	294	514	10112519	10111908	21.875	8.01e-06	54.7
