Plestiodon_gilberti_C9A	JANXHW010000002.1	593	82	279	360	19215590	19215345	98.780	4.32e-44	174
Plestiodon_gilberti_C9A	JANXHW010000002.1	593	112	426	537	19209772	19209440	75.000	1.71e-41	166
Plestiodon_gilberti_C9A	JANXHW010000002.1	593	75	204	278	19217091	19216867	100.000	2.14e-37	154
Plestiodon_gilberti_C9A	JANXHW010000002.1	593	61	401	461	19211415	19211233	100.000	5.29e-28	125
Plestiodon_gilberti_C9A	JANXHW010000002.1	593	56	538	593	19205730	19205563	100.000	5.51e-26	119
Plestiodon_gilberti_C9A	JANXHW010000002.1	593	52	106	157	19222554	19222399	100.000	1.26e-24	115
Plestiodon_gilberti_C9A	JANXHW010000002.1	593	57	56	110	19224010	19223840	92.982	1.74e-23	111
Plestiodon_gilberti_C9A	JANXHW010000002.1	593	47	158	204	19221290	19221150	97.872	1.15e-20	102
Plestiodon_gilberti_C9A	JANXHW010000002.1	593	43	359	401	19212585	19212457	97.674	3.75e-16	88.2
Plestiodon_gilberti_C9A	JANXHW010000002.1	593	38	26	63	19227541	19227428	92.105	3.43e-13	78.6
Plestiodon_gilberti_C9A	JANXHW010000002.1	593	26	1	26	19229137	19229060	100.000	9.64e-07	57.8
Plestiodon_gilberti_C9A	JANXHW010000002.1	593	70	41	110	19915474	19915265	41.429	1.24e-06	57.4
Plestiodon_gilberti_C9A	JANXHW010000002.1	593	59	52	110	19874430	19874254	42.373	3.20e-06	55.8
Plestiodon_gilberti_C9A	JANXHW010000002.1	593	67	464	530	19834202	19834399	40.299	3.40e-06	55.8
Plestiodon_gilberti_C9A	JANXHW010000002.1	593	53	538	589	19863760	19863602	49.057	3.96e-06	55.5
Plestiodon_gilberti_C9A	JANXHW010000002.1	593	97	267	363	19869290	19869015	31.959	7.30e-06	54.7
Plestiodon_gilberti_C9A	JANXHW010000006.1	593	214	298	505	10698026	10697448	28.505	1.52e-12	76.3
Plestiodon_gilberti_C9A	JANXHW010000006.1	593	227	303	519	10112507	10111908	23.789	2.07e-08	63.2
Plestiodon_gilberti_C9A	JANXHW010000006.1	593	235	303	528	25237035	25237673	24.255	1.95e-07	59.7
Plestiodon_gilberti_C9A	JANXHW010000006.1	593	226	303	520	10780698	10780099	24.779	1.94e-06	56.6
Plestiodon_gilberti_C9A	JANXHW010000004.1	593	48	541	588	148503039	148502896	54.167	4.95e-09	65.1
Plestiodon_gilberti_C9A	JANXHW010000004.1	593	104	259	360	148475495	148475791	30.769	1.48e-07	60.1
Plestiodon_gilberti_C9A	JANXHW010000004.1	593	45	541	585	148485165	148485299	51.111	2.77e-06	56.2
Plestiodon_gilberti_C9A	JANXHW010000004.1	593	67	464	529	148504516	148504316	34.328	3.40e-06	55.8
Plestiodon_gilberti_C9A	JANXHW010000008.1	593	56	538	589	21449689	21449856	48.214	6.01e-06	55.1
