# Bungarus_multicinctus DAB2/FYB1 anchors on CM042834.1:254284623-258367512 (sstart/send relative to region; add 254284622)
Anolis_carolinensis_DAB2	1979492	1980172	300
Anolis_carolinensis_DAB2	1984623	1985150	207
Anolis_carolinensis_DAB2	1974935	1975069	99.4
Anolis_carolinensis_DAB2	1973061	1973201	98.6
Anolis_carolinensis_DAB2	1973963	1974064	72.4
Anolis_carolinensis_DAB2	1983161	1983322	70.1
Anolis_carolinensis_DAB2	1987021	1987146	51.2
Anolis_carolinensis_FYB1	2124175	2125293	273
Anolis_carolinensis_FYB1	2160456	2160638	97.1
Anolis_carolinensis_FYB1	2146086	2146262	92.0
Anolis_carolinensis_FYB1	2148080	2148220	70.5
Anolis_carolinensis_FYB1	2155947	2156195	58.2
Anolis_carolinensis_FYB1	2151696	2151815	51.6
Thamnophis_elegans_DAB2	1979471	1980172	380
Thamnophis_elegans_DAB2	1984623	1985156	308
Thamnophis_elegans_DAB2	1974935	1975069	100
Thamnophis_elegans_DAB2	1973061	1973201	100
Thamnophis_elegans_DAB2	1983161	1983322	90.5
Thamnophis_elegans_DAB2	1973963	1974064	74.7
Thamnophis_elegans_DAB2	1987018	1987146	73.2
Thamnophis_elegans_DAB2	1977969	1978043	47.8
Thamnophis_elegans_FYB1	2124175	2125296	554
Thamnophis_elegans_FYB1	2146086	2146265	110
Thamnophis_elegans_FYB1	2160456	2160638	106
Thamnophis_elegans_FYB1	2151696	2151845	96.7
Thamnophis_elegans_FYB1	2148080	2148220	91.7
Thamnophis_elegans_FYB1	2155932	2156177	75.1
Thamnophis_elegans_FYB1	2155657	2155773	49.3
