# Aspidoscelis_tigris DAB2/FYB1 anchors on CM131961.1:61654864-65668018 (sstart/send relative to region; add 61654863)
Anolis_carolinensis_DAB2	1976807	1977451	315
Anolis_carolinensis_DAB2	1980897	1981433	243
Anolis_carolinensis_DAB2	1970862	1971008	100
Anolis_carolinensis_DAB2	1966852	1966992	92.4
Anolis_carolinensis_DAB2	1970003	1970116	74.3
Anolis_carolinensis_DAB2	1978262	1978429	57.0
Anolis_carolinensis_DAB2	1983041	1983163	54.7
Anolis_carolinensis_DAB2	1975207	1975431	51.2
Anolis_carolinensis_FYB1	2032720	2033790	283
Anolis_carolinensis_FYB1	2051777	2051941	94.7
Anolis_carolinensis_FYB1	2066950	2067114	93.2
Anolis_carolinensis_FYB1	2052162	2052302	74.3
Anolis_carolinensis_FYB1	2057390	2057533	57.8
Thamnophis_elegans_DAB2	1976807	1977451	295
Thamnophis_elegans_DAB2	1980900	1981436	209
Thamnophis_elegans_DAB2	1970862	1971008	99.4
Thamnophis_elegans_DAB2	1966858	1966992	90.1
Thamnophis_elegans_DAB2	1970003	1970116	72.4
Thamnophis_elegans_DAB2	1978262	1978429	53.5
Thamnophis_elegans_DAB2	1975204	1975290	51.6
Thamnophis_elegans_FYB1	2032720	2033793	227
Thamnophis_elegans_FYB1	2051777	2051941	93.6
Thamnophis_elegans_FYB1	2066866	2067114	90.9
Thamnophis_elegans_FYB1	2052162	2052302	70.1
Thamnophis_elegans_FYB1	2057381	2057518	65.9
