Lacerta_agilis_C9A	WNWU01000002.1	589	79	278	356	55869096	55869332	73.418	4.71e-31	135
Lacerta_agilis_C9A	WNWU01000002.1	589	93	279	371	55908463	55908732	60.215	1.14e-29	130
Lacerta_agilis_C9A	WNWU01000002.1	589	74	461	534	55879515	55879736	64.865	1.00e-24	115
Lacerta_agilis_C9A	WNWU01000002.1	589	73	462	534	55913626	55913844	65.753	1.81e-23	111
Lacerta_agilis_C9A	WNWU01000002.1	589	74	100	171	55862638	55862859	54.054	2.38e-15	85.5
Lacerta_agilis_C9A	WNWU01000002.1	589	47	155	201	55902747	55902887	72.340	3.60e-15	85.1
Lacerta_agilis_C9A	WNWU01000002.1	589	46	155	200	55864926	55865063	73.913	1.99e-14	82.8
Lacerta_agilis_C9A	WNWU01000002.1	589	50	105	154	55900794	55900943	76.000	3.90e-14	81.6
Lacerta_agilis_C9A	WNWU01000002.1	589	52	56	106	55895895	55896050	55.769	4.78e-10	68.6
Lacerta_agilis_C9A	WNWU01000002.1	589	56	403	458	55877395	55877562	53.571	2.13e-09	66.2
Lacerta_agilis_C9A	WNWU01000002.1	589	56	403	458	55911989	55912156	55.357	2.50e-09	66.2
Lacerta_agilis_C9A	WNWU01000002.1	589	51	56	105	55861427	55861579	50.980	6.79e-08	61.6
Lacerta_agilis_C9A	WNWU01000002.1	589	60	470	529	55323151	55322972	45.000	3.93e-07	58.9
Lacerta_agilis_C9A	WNWU01000002.1	589	52	534	584	55881319	55881474	51.923	1.67e-06	57.0
Lacerta_agilis_C9A	WNWU01000002.1	589	45	541	584	55914713	55914847	57.778	5.00e-06	55.5
Lacerta_agilis_C9A	WNWU01013601.1	589	232	291	517	1440479	1441132	25.431	1.70e-09	66.6
Lacerta_agilis_C9A	WNWU01013381.1	589	222	300	518	631177	630572	22.523	8.62e-09	64.3
Lacerta_agilis_C9A	WNWU01000004.1	589	81	279	359	27704829	27705071	33.333	5.47e-07	58.5
Lacerta_agilis_C9A	WNWU01000004.1	589	78	279	356	27760754	27760521	28.205	6.40e-06	55.1
Zootoca_vivipara_C9A	WNWU01000002.1	589	79	278	356	55869096	55869332	73.418	8.60e-31	134
Zootoca_vivipara_C9A	WNWU01000002.1	589	93	279	371	55908463	55908732	60.215	2.27e-29	129
Zootoca_vivipara_C9A	WNWU01000002.1	589	74	461	534	55879515	55879736	64.865	1.01e-24	115
Zootoca_vivipara_C9A	WNWU01000002.1	589	73	462	534	55913626	55913844	65.753	1.81e-23	111
Zootoca_vivipara_C9A	WNWU01000002.1	589	74	100	171	55862638	55862859	54.054	2.80e-15	85.5
Zootoca_vivipara_C9A	WNWU01000002.1	589	47	155	201	55902747	55902887	72.340	4.13e-15	84.7
Zootoca_vivipara_C9A	WNWU01000002.1	589	46	155	200	55864926	55865063	73.913	2.23e-14	82.4
Zootoca_vivipara_C9A	WNWU01000002.1	589	50	105	154	55900794	55900943	76.000	5.40e-14	81.3
Zootoca_vivipara_C9A	WNWU01000002.1	589	52	56	106	55895895	55896050	57.692	1.04e-10	70.5
Zootoca_vivipara_C9A	WNWU01000002.1	589	56	403	458	55877395	55877562	53.571	1.91e-09	66.6
Zootoca_vivipara_C9A	WNWU01000002.1	589	56	403	458	55911989	55912156	53.571	9.08e-09	64.3
Zootoca_vivipara_C9A	WNWU01000002.1	589	51	56	105	55861427	55861579	50.980	4.00e-08	62.4
Zootoca_vivipara_C9A	WNWU01000002.1	589	60	470	529	55323151	55322972	43.333	6.94e-07	58.2
Zootoca_vivipara_C9A	WNWU01000002.1	589	52	534	584	55881319	55881474	51.923	3.74e-06	55.8
Zootoca_vivipara_C9A	WNWU01013381.1	589	227	300	518	631177	630572	24.229	5.17e-09	65.1
Zootoca_vivipara_C9A	WNWU01013601.1	589	232	291	517	1440479	1441132	24.138	2.64e-08	62.8
Zootoca_vivipara_C9A	WNWU01000004.1	589	81	279	359	27704829	27705071	33.333	1.01e-06	57.8
Zootoca_vivipara_C9A	WNWU01000004.1	589	78	279	356	27760754	27760521	28.205	8.19e-06	54.7
Podarcis_muralis_C9A	WNWU01000002.1	589	78	279	356	55869099	55869332	71.795	1.35e-29	130
Podarcis_muralis_C9A	WNWU01000002.1	589	93	279	371	55908463	55908732	59.140	7.80e-29	128
Podarcis_muralis_C9A	WNWU01000002.1	589	74	461	534	55879515	55879736	63.514	6.13e-24	112
Podarcis_muralis_C9A	WNWU01000002.1	589	73	462	534	55913626	55913844	64.384	6.72e-23	109
Podarcis_muralis_C9A	WNWU01000002.1	589	74	100	171	55862638	55862859	54.054	2.93e-15	85.1
Podarcis_muralis_C9A	WNWU01000002.1	589	47	155	201	55902747	55902887	72.340	3.51e-15	85.1
Podarcis_muralis_C9A	WNWU01000002.1	589	46	155	200	55864926	55865063	73.913	2.21e-14	82.4
Podarcis_muralis_C9A	WNWU01000002.1	589	50	105	154	55900794	55900943	76.000	3.86e-14	81.6
Podarcis_muralis_C9A	WNWU01000002.1	589	52	56	106	55895895	55896050	59.615	8.80e-11	70.9
Podarcis_muralis_C9A	WNWU01000002.1	589	53	406	458	55911998	55912156	54.717	2.36e-08	62.8
Podarcis_muralis_C9A	WNWU01000002.1	589	51	56	105	55861427	55861579	52.941	3.87e-08	62.4
Podarcis_muralis_C9A	WNWU01000002.1	589	56	403	458	55877395	55877562	50.000	6.29e-08	61.6
Podarcis_muralis_C9A	WNWU01000002.1	589	68	519	584	55881271	55881474	44.118	2.07e-07	59.7
Podarcis_muralis_C9A	WNWU01000002.1	589	60	470	529	55323151	55322972	41.667	4.38e-07	58.9
Podarcis_muralis_C9A	WNWU01000002.1	589	45	541	584	55914713	55914847	57.778	5.09e-06	55.5
Podarcis_muralis_C9A	WNWU01000002.1	589	55	531	584	55318864	55318700	47.273	8.99e-06	54.7
Podarcis_muralis_C9A	WNWU01013381.1	589	222	300	518	631177	630572	22.973	4.91e-08	62.0
Podarcis_muralis_C9A	WNWU01013601.1	589	233	291	516	1440479	1441129	24.464	1.38e-07	60.5
Podarcis_muralis_C9A	WNWU01000004.1	589	81	279	359	27704829	27705071	32.099	2.71e-06	56.2
Podarcis_muralis_C9A	WNWU01000004.1	589	122	279	396	27760754	27760395	29.508	3.27e-06	55.8
Anolis_carolinensis_C9A	WNWU01000002.1	591	81	457	537	55879497	55879739	65.432	3.87e-28	125
Anolis_carolinensis_C9A	WNWU01000002.1	591	106	281	381	55908463	55908771	52.830	1.37e-25	118
Anolis_carolinensis_C9A	WNWU01000002.1	591	81	457	537	55913605	55913847	60.494	1.46e-25	117
Anolis_carolinensis_C9A	WNWU01000002.1	591	78	281	358	55869099	55869332	65.385	2.28e-25	117
Anolis_carolinensis_C9A	WNWU01000002.1	591	47	156	202	55902747	55902887	72.340	4.91e-15	84.7
Anolis_carolinensis_C9A	WNWU01000002.1	591	46	156	201	55864926	55865063	69.565	3.31e-13	78.6
Anolis_carolinensis_C9A	WNWU01000002.1	591	50	106	155	55900794	55900943	66.000	8.64e-11	70.9
Anolis_carolinensis_C9A	WNWU01000002.1	591	69	106	172	55862653	55862859	47.826	2.23e-10	69.7
Anolis_carolinensis_C9A	WNWU01000002.1	591	52	57	107	55895895	55896050	59.615	9.52e-10	67.4
Anolis_carolinensis_C9A	WNWU01000002.1	591	48	540	587	55914704	55914847	58.333	7.51e-09	64.7
Anolis_carolinensis_C9A	WNWU01000002.1	591	52	536	587	55881319	55881474	51.923	1.16e-08	63.9
Anolis_carolinensis_C9A	WNWU01000002.1	591	74	394	467	55877380	55877583	44.595	2.22e-08	63.2
Anolis_carolinensis_C9A	WNWU01000002.1	591	65	408	472	55911998	55912192	44.615	1.03e-07	60.8
Anolis_carolinensis_C9A	WNWU01000002.1	591	50	542	591	55318837	55318688	52.000	1.46e-07	60.5
Anolis_carolinensis_C9A	WNWU01000002.1	591	71	461	531	55323181	55322972	39.437	3.30e-07	59.3
Anolis_carolinensis_C9A	WNWU01000002.1	591	82	278	359	55220420	55220665	32.927	5.18e-07	58.5
Anolis_carolinensis_C9A	WNWU01000002.1	591	59	25	80	55859498	55859674	42.373	8.21e-07	57.8
Anolis_carolinensis_C9A	WNWU01000002.1	591	81	281	361	55271076	55271318	32.099	1.30e-06	57.4
Anolis_carolinensis_C9A	WNWU01000002.1	591	52	57	107	55861427	55861582	50.000	5.43e-06	55.5
Anolis_carolinensis_C9A	WNWU01000002.1	591	88	195	282	55866608	55866856	32.955	8.30e-06	54.7
Anolis_carolinensis_C9A	WNWU01013601.1	591	233	293	518	1440479	1441129	27.039	1.07e-07	60.8
Anolis_carolinensis_C9A	WNWU01000004.1	591	78	281	358	27760754	27760521	33.333	2.16e-07	59.7
Anolis_carolinensis_C9A	WNWU01000004.1	591	46	542	587	27725408	27725545	50.000	5.38e-06	55.5
Anolis_carolinensis_C9A	WNWU01000201.1	591	61	534	591	304948	304766	45.902	5.00e-07	58.5
Anolis_carolinensis_C9A	WNWU01000006.1	591	51	542	588	4181947	4181795	52.941	8.45e-06	54.7
Pogona_vitticeps_C9A	WNWU01000002.1	576	90	256	345	55869081	55869350	64.444	1.32e-28	127
Pogona_vitticeps_C9A	WNWU01000002.1	576	78	438	515	55879497	55879730	66.667	2.68e-25	117
Pogona_vitticeps_C9A	WNWU01000002.1	576	90	262	351	55908463	55908723	56.667	1.63e-24	114
Pogona_vitticeps_C9A	WNWU01000002.1	576	78	438	515	55913605	55913838	65.385	7.03e-24	112
Pogona_vitticeps_C9A	WNWU01000002.1	576	51	156	206	55902747	55902899	66.667	1.48e-14	82.8
Pogona_vitticeps_C9A	WNWU01000002.1	576	71	501	571	55914635	55914847	54.930	1.91e-14	82.4
Pogona_vitticeps_C9A	WNWU01000002.1	576	51	156	206	55864926	55865078	66.667	5.43e-14	81.3
Pogona_vitticeps_C9A	WNWU01000002.1	576	49	523	571	55881328	55881474	69.388	4.08e-12	75.1
Pogona_vitticeps_C9A	WNWU01000002.1	576	50	106	155	55900794	55900943	70.000	5.86e-12	74.7
Pogona_vitticeps_C9A	WNWU01000002.1	576	50	106	155	55862653	55862802	68.000	1.67e-11	73.2
Pogona_vitticeps_C9A	WNWU01000002.1	576	68	381	448	55877380	55877583	47.059	2.46e-09	66.2
Pogona_vitticeps_C9A	WNWU01000002.1	576	49	26	74	55859501	55859647	55.102	7.22e-09	64.7
Pogona_vitticeps_C9A	WNWU01000002.1	576	42	523	563	55277784	55277909	71.429	1.25e-08	63.9
Pogona_vitticeps_C9A	WNWU01000002.1	576	60	513	571	55235115	55235285	51.667	5.94e-08	61.6
Pogona_vitticeps_C9A	WNWU01000002.1	576	60	389	448	55911998	55912177	46.667	6.15e-08	61.6
Pogona_vitticeps_C9A	WNWU01000002.1	576	55	521	575	55318852	55318688	47.273	1.52e-07	60.1
Pogona_vitticeps_C9A	WNWU01000002.1	576	52	57	107	55895895	55896050	51.923	1.54e-07	60.1
Pogona_vitticeps_C9A	WNWU01000002.1	576	68	443	510	55323178	55322978	42.647	5.50e-07	58.5
Pogona_vitticeps_C9A	WNWU01000002.1	576	87	259	345	55220420	55220680	34.483	1.25e-06	57.4
Pogona_vitticeps_C9A	WNWU01013601.1	576	233	274	499	1440479	1441129	27.468	4.50e-11	71.6
Pogona_vitticeps_C9A	WNWU01000004.1	576	52	520	571	27725390	27725545	51.923	2.01e-07	59.7
Pogona_vitticeps_C9A	WNWU01000004.1	576	84	257	340	27704814	27705065	34.524	4.96e-07	58.5
Pogona_vitticeps_C9A	WNWU01013381.1	576	226	287	498	631165	630542	25.221	1.76e-06	56.6
Gekko_japonicus_C9A	WNWU01000002.1	582	79	294	372	55869096	55869332	62.025	1.17e-23	112
Gekko_japonicus_C9A	WNWU01000002.1	582	89	457	545	55879515	55879751	55.056	2.39e-21	104
Gekko_japonicus_C9A	WNWU01000002.1	582	74	295	368	55908463	55908684	60.811	3.25e-21	104
Gekko_japonicus_C9A	WNWU01000002.1	582	80	458	536	55913626	55913865	53.750	1.45e-19	99.0
Gekko_japonicus_C9A	WNWU01000002.1	582	74	122	193	55862653	55862871	51.351	3.39e-13	78.6
Gekko_japonicus_C9A	WNWU01000002.1	582	51	122	172	55900794	55900943	62.745	1.11e-10	70.5
Gekko_japonicus_C9A	WNWU01000002.1	582	45	173	217	55902747	55902881	62.222	1.79e-10	69.7
Gekko_japonicus_C9A	WNWU01000002.1	582	77	517	581	55318930	55318700	42.857	1.30e-09	67.0
Gekko_japonicus_C9A	WNWU01000002.1	582	45	173	217	55864926	55865060	62.222	1.94e-09	66.6
Gekko_japonicus_C9A	WNWU01000002.1	582	50	532	581	55881325	55881474	60.000	4.16e-09	65.5
Gekko_japonicus_C9A	WNWU01000002.1	582	52	530	581	55914692	55914847	57.692	2.91e-08	62.8
Gekko_japonicus_C9A	WNWU01000002.1	582	52	71	122	55895898	55896047	55.769	3.03e-08	62.4
Gekko_japonicus_C9A	WNWU01000002.1	582	67	457	523	55323175	55322978	43.284	8.51e-08	61.2
Gekko_japonicus_C9A	WNWU01000002.1	582	52	71	122	55861430	55861579	51.923	1.25e-07	60.5
Gekko_japonicus_C9A	WNWU01000002.1	582	82	292	373	55220420	55220665	34.146	2.41e-07	59.7
Gekko_japonicus_C9A	WNWU01000002.1	582	64	466	527	55230585	55230776	40.625	2.28e-06	56.6
Gekko_japonicus_C9A	WNWU01000002.1	582	88	291	378	55271064	55271327	27.273	3.15e-06	55.8
Gekko_japonicus_C9A	WNWU01013381.1	582	213	316	514	631177	630572	25.822	2.63e-10	69.3
Gekko_japonicus_C9A	WNWU01000004.1	582	67	456	521	27722424	27722624	38.806	1.80e-06	56.6
Gekko_japonicus_C9A	WNWU01000004.1	582	81	295	375	27704829	27705071	33.333	1.87e-06	56.6
Crotalus_tigris_C9A	WNWU01000002.1	583	94	274	367	55908454	55908726	77.660	1.30e-37	154
Crotalus_tigris_C9A	WNWU01000002.1	583	80	453	532	55879497	55879736	81.250	1.04e-33	143
Crotalus_tigris_C9A	WNWU01000002.1	583	77	277	353	55869099	55869329	81.818	1.99e-32	139
Crotalus_tigris_C9A	WNWU01000002.1	583	80	453	532	55913605	55913844	76.250	6.96e-32	137
Crotalus_tigris_C9A	WNWU01000002.1	583	79	195	273	55906040	55906276	67.089	4.88e-22	106
Crotalus_tigris_C9A	WNWU01000002.1	583	51	533	583	55914695	55914847	86.275	7.44e-21	103
Crotalus_tigris_C9A	WNWU01000002.1	583	72	397	468	55911977	55912192	72.222	3.06e-20	101
Crotalus_tigris_C9A	WNWU01000002.1	583	50	107	156	55862653	55862802	92.000	1.77e-19	98.6
Crotalus_tigris_C9A	WNWU01000002.1	583	54	54	107	55895886	55896047	79.630	1.17e-18	96.3
Crotalus_tigris_C9A	WNWU01000002.1	583	57	401	457	55877395	55877565	75.439	3.98e-18	94.4
Crotalus_tigris_C9A	WNWU01000002.1	583	64	107	170	55900794	55900985	71.875	1.28e-17	92.8
Crotalus_tigris_C9A	WNWU01000002.1	583	51	57	107	55861427	55861579	78.431	1.46e-17	92.8
Crotalus_tigris_C9A	WNWU01000002.1	583	47	157	203	55902747	55902887	82.979	7.31e-17	90.5
Crotalus_tigris_C9A	WNWU01000002.1	583	46	157	202	55864926	55865063	73.913	1.17e-13	80.1
Crotalus_tigris_C9A	WNWU01000002.1	583	52	532	583	55881319	55881474	63.462	1.74e-12	76.3
Crotalus_tigris_C9A	WNWU01000002.1	583	85	196	279	55866608	55866862	47.059	2.73e-12	75.9
Crotalus_tigris_C9A	WNWU01000002.1	583	49	26	74	55859501	55859647	59.184	6.90e-09	64.7
Crotalus_tigris_C9A	WNWU01000002.1	583	45	26	70	55894736	55894864	60.000	1.35e-06	57.4
Crotalus_tigris_C9A	WNWU01000002.1	583	39	355	393	55910405	55910521	66.667	2.00e-06	56.6
Crotalus_tigris_C9A	WNWU01000002.1	583	50	530	579	55318861	55318712	48.000	3.84e-06	55.8
Crotalus_tigris_C9A	WNWU01000002.1	583	69	457	525	55323181	55322978	39.130	8.55e-06	54.7
Crotalus_tigris_C9A	WNWU01013601.1	583	231	289	514	1440479	1441129	25.974	9.04e-10	67.4
Crotalus_tigris_C9A	WNWU01000004.1	583	47	537	583	27725405	27725545	53.191	1.21e-07	60.5
Crotalus_tigris_C9A	WNWU01000004.1	583	77	277	353	27704829	27705059	36.364	9.93e-07	57.8
Thamnophis_elegans_C9A	WNWU01000002.1	583	82	274	355	55869090	55869335	85.366	7.09e-37	152
Thamnophis_elegans_C9A	WNWU01000002.1	583	80	453	532	55879497	55879736	86.250	6.03e-35	146
Thamnophis_elegans_C9A	WNWU01000002.1	583	91	277	367	55908463	55908726	71.429	5.86e-33	140
Thamnophis_elegans_C9A	WNWU01000002.1	583	80	453	532	55913605	55913844	73.750	2.80e-29	129
Thamnophis_elegans_C9A	WNWU01000002.1	583	68	396	463	55877380	55877583	72.059	6.29e-22	106
Thamnophis_elegans_C9A	WNWU01000002.1	583	50	107	156	55862653	55862802	94.000	1.14e-19	99.4
Thamnophis_elegans_C9A	WNWU01000002.1	583	83	196	278	55866608	55866856	59.036	1.22e-19	99.4
Thamnophis_elegans_C9A	WNWU01000002.1	583	69	400	468	55911986	55912192	63.768	8.31e-18	93.6
Thamnophis_elegans_C9A	WNWU01000002.1	583	52	532	583	55881319	55881474	76.923	9.15e-17	90.1
Thamnophis_elegans_C9A	WNWU01000002.1	583	51	57	107	55861427	55861579	78.431	1.14e-16	89.7
Thamnophis_elegans_C9A	WNWU01000002.1	583	50	107	156	55900794	55900943	86.000	1.40e-16	89.4
Thamnophis_elegans_C9A	WNWU01000002.1	583	54	54	107	55895886	55896047	75.926	1.69e-16	89.4
Thamnophis_elegans_C9A	WNWU01000002.1	583	46	157	202	55864926	55865063	80.435	1.48e-15	86.3
Thamnophis_elegans_C9A	WNWU01000002.1	583	47	157	203	55902747	55902887	80.851	1.57e-15	86.3
Thamnophis_elegans_C9A	WNWU01000002.1	583	49	26	74	55859501	55859647	67.347	1.01e-11	73.9
Thamnophis_elegans_C9A	WNWU01000002.1	583	77	195	271	55906040	55906270	53.247	2.62e-11	72.4
Thamnophis_elegans_C9A	WNWU01000002.1	583	51	533	583	55914695	55914847	60.784	3.39e-11	72.0
Thamnophis_elegans_C9A	WNWU01000002.1	583	50	535	583	55235136	55235285	54.000	9.96e-09	64.3
Thamnophis_elegans_C9A	WNWU01000002.1	583	50	535	583	55277784	55277933	52.000	1.29e-07	60.5
Thamnophis_elegans_C9A	WNWU01000002.1	583	49	351	399	55873339	55873485	59.184	2.46e-07	59.7
Thamnophis_elegans_C9A	WNWU01000002.1	583	39	32	70	55894748	55894864	61.538	4.69e-07	58.5
Thamnophis_elegans_C9A	WNWU01000002.1	583	54	530	583	55318861	55318700	44.444	5.73e-06	55.1
Thamnophis_elegans_C9A	WNWU01000002.1	583	78	266	343	55271049	55271276	34.615	9.80e-06	54.3
Thamnophis_elegans_C9A	WNWU01013601.1	583	231	289	514	1440479	1441129	24.675	2.29e-07	59.7
Naja_naja_C9A	WNWU01000002.1	582	94	274	367	55908454	55908726	81.915	1.07e-39	161
Naja_naja_C9A	WNWU01000002.1	582	80	452	531	55913605	55913844	86.250	1.50e-35	148
Naja_naja_C9A	WNWU01000002.1	582	80	452	531	55879497	55879736	77.500	1.24e-31	136
Naja_naja_C9A	WNWU01000002.1	582	77	277	353	55869099	55869329	79.221	6.31e-31	134
Naja_naja_C9A	WNWU01000002.1	582	79	195	273	55906040	55906276	72.152	2.44e-25	117
Naja_naja_C9A	WNWU01000002.1	582	56	527	582	55914680	55914847	83.929	4.40e-22	107
Naja_naja_C9A	WNWU01000002.1	582	72	396	467	55911977	55912192	75.000	9.86e-22	105
Naja_naja_C9A	WNWU01000002.1	582	50	107	156	55862653	55862802	94.000	1.80e-20	102
Naja_naja_C9A	WNWU01000002.1	582	54	54	107	55895886	55896047	81.481	6.50e-20	100
Naja_naja_C9A	WNWU01000002.1	582	64	107	170	55900794	55900985	76.562	6.73e-20	100
Naja_naja_C9A	WNWU01000002.1	582	47	157	203	55902747	55902887	89.362	1.86e-18	95.5
Naja_naja_C9A	WNWU01000002.1	582	57	400	456	55877395	55877565	68.421	1.68e-16	89.4
Naja_naja_C9A	WNWU01000002.1	582	51	57	107	55861427	55861579	72.549	2.19e-15	85.5
Naja_naja_C9A	WNWU01000002.1	582	46	157	202	55864926	55865063	76.087	2.11e-14	82.4
Naja_naja_C9A	WNWU01000002.1	582	85	196	279	55866608	55866862	48.235	5.57e-13	77.8
Naja_naja_C9A	WNWU01000002.1	582	52	531	582	55881319	55881474	65.385	1.63e-12	76.3
Naja_naja_C9A	WNWU01000002.1	582	49	26	74	55859501	55859647	59.184	6.00e-09	64.7
Naja_naja_C9A	WNWU01000002.1	582	69	456	524	55323181	55322978	40.580	2.88e-07	59.3
Naja_naja_C9A	WNWU01000002.1	582	44	27	70	55894733	55894864	56.818	1.72e-06	57.0
Naja_naja_C9A	WNWU01000002.1	582	44	535	578	55318843	55318712	56.818	1.89e-06	56.6
Naja_naja_C9A	WNWU01013381.1	582	219	298	515	631177	630572	25.114	7.15e-10	67.8
Naja_naja_C9A	WNWU01000004.1	582	47	536	582	27725405	27725545	53.191	1.86e-07	60.1
Naja_naja_C9A	WNWU01000004.1	582	76	277	352	27704829	27705056	36.842	2.32e-06	56.6
Naja_naja_C9A	WNWU01013601.1	582	230	289	513	1440479	1441129	24.348	6.63e-07	58.2
Pseudonaja_textilis_C9A	WNWU01000002.1	583	94	274	367	55908454	55908726	85.106	2.24e-41	166
Pseudonaja_textilis_C9A	WNWU01000002.1	583	80	453	532	55913605	55913844	85.000	6.42e-35	146
Pseudonaja_textilis_C9A	WNWU01000002.1	583	77	277	353	55869099	55869329	83.117	1.25e-32	139
Pseudonaja_textilis_C9A	WNWU01000002.1	583	80	453	532	55879497	55879736	77.500	2.07e-31	135
Pseudonaja_textilis_C9A	WNWU01000002.1	583	79	195	273	55906040	55906276	70.886	1.32e-24	114
Pseudonaja_textilis_C9A	WNWU01000002.1	583	72	397	468	55911977	55912192	76.389	1.76e-22	108
Pseudonaja_textilis_C9A	WNWU01000002.1	583	56	528	583	55914680	55914847	85.714	2.16e-22	107
Pseudonaja_textilis_C9A	WNWU01000002.1	583	50	107	156	55862653	55862802	98.000	2.00e-21	104
Pseudonaja_textilis_C9A	WNWU01000002.1	583	54	54	107	55895886	55896047	81.481	5.59e-20	100
Pseudonaja_textilis_C9A	WNWU01000002.1	583	64	107	170	55900794	55900985	76.562	8.50e-20	99.8
Pseudonaja_textilis_C9A	WNWU01000002.1	583	47	157	203	55902747	55902887	89.362	1.74e-18	95.5
Pseudonaja_textilis_C9A	WNWU01000002.1	583	57	401	457	55877395	55877565	68.421	5.79e-17	90.9
Pseudonaja_textilis_C9A	WNWU01000002.1	583	51	57	107	55861427	55861579	74.510	1.10e-15	86.7
Pseudonaja_textilis_C9A	WNWU01000002.1	583	46	157	202	55864926	55865063	76.087	2.06e-14	82.4
Pseudonaja_textilis_C9A	WNWU01000002.1	583	85	196	279	55866608	55866862	48.235	2.89e-13	79.0
Pseudonaja_textilis_C9A	WNWU01000002.1	583	52	532	583	55881319	55881474	67.308	4.87e-13	78.2
Pseudonaja_textilis_C9A	WNWU01000002.1	583	49	26	74	55859501	55859647	61.224	1.60e-09	66.6
Pseudonaja_textilis_C9A	WNWU01000002.1	583	71	457	527	55323181	55322972	40.845	1.73e-07	60.1
Pseudonaja_textilis_C9A	WNWU01000002.1	583	48	536	583	55318843	55318700	54.167	8.74e-07	57.8
Pseudonaja_textilis_C9A	WNWU01000002.1	583	35	355	389	55910405	55910509	80.000	1.47e-06	57.0
Pseudonaja_textilis_C9A	WNWU01000002.1	583	44	27	70	55894733	55894864	54.545	6.74e-06	55.1
Pseudonaja_textilis_C9A	WNWU01013381.1	583	220	298	516	631177	630572	26.364	1.85e-09	66.6
Pseudonaja_textilis_C9A	WNWU01013601.1	583	231	289	514	1440479	1441129	24.242	2.20e-08	63.2
Pseudonaja_textilis_C9A	WNWU01000004.1	583	43	537	579	27725405	27725533	55.814	2.14e-07	59.7
Pseudonaja_textilis_C9A	WNWU01000004.1	583	76	277	352	27704829	27705056	36.842	1.21e-06	57.4
Python_bivittatus_C9A	WNWU01000002.1	582	81	274	354	55869090	55869332	83.951	9.29e-36	149
Python_bivittatus_C9A	WNWU01000002.1	582	91	277	367	55908463	55908726	70.330	1.12e-32	139
Python_bivittatus_C9A	WNWU01000002.1	582	80	453	532	55879497	55879736	77.500	1.84e-31	136
Python_bivittatus_C9A	WNWU01000002.1	582	80	453	532	55913605	55913844	72.500	5.40e-28	125
Python_bivittatus_C9A	WNWU01000002.1	582	69	107	173	55862653	55862859	71.014	3.00e-21	104
Python_bivittatus_C9A	WNWU01000002.1	582	62	396	457	55877380	55877565	77.419	3.07e-20	101
Python_bivittatus_C9A	WNWU01000002.1	582	68	401	468	55911989	55912192	70.588	2.31e-18	95.1
Python_bivittatus_C9A	WNWU01000002.1	582	83	196	278	55866608	55866856	55.422	2.72e-18	95.1
Python_bivittatus_C9A	WNWU01000002.1	582	47	157	203	55902747	55902887	82.979	2.98e-17	91.7
Python_bivittatus_C9A	WNWU01000002.1	582	50	107	156	55900794	55900943	86.000	4.25e-17	91.3
Python_bivittatus_C9A	WNWU01000002.1	582	48	535	582	55914704	55914847	79.167	9.26e-17	90.1
Python_bivittatus_C9A	WNWU01000002.1	582	46	157	202	55864926	55865063	78.261	2.91e-15	85.1
Python_bivittatus_C9A	WNWU01000002.1	582	54	54	107	55895886	55896047	62.963	1.38e-12	76.6
Python_bivittatus_C9A	WNWU01000002.1	582	82	195	272	55906040	55906273	48.780	1.21e-11	73.6
Python_bivittatus_C9A	WNWU01000002.1	582	48	535	582	55881331	55881474	66.667	1.41e-11	73.6
Python_bivittatus_C9A	WNWU01000002.1	582	61	26	86	55859501	55859683	54.098	2.73e-11	72.4
Python_bivittatus_C9A	WNWU01000002.1	582	51	57	107	55861427	55861579	62.745	4.37e-11	71.6
Python_bivittatus_C9A	WNWU01000002.1	582	41	30	70	55894742	55894864	58.537	3.30e-07	59.3
Python_bivittatus_C9A	WNWU01000002.1	582	47	529	574	55277769	55277909	57.447	7.54e-07	58.2
Python_bivittatus_C9A	WNWU01000002.1	582	67	459	525	55323175	55322978	41.791	1.77e-06	57.0
Python_bivittatus_C9A	WNWU01000002.1	582	60	341	399	55873306	55873485	48.333	2.15e-06	56.6
Python_bivittatus_C9A	WNWU01000002.1	582	50	529	578	55318861	55318712	52.000	2.87e-06	56.2
Python_bivittatus_C9A	WNWU01013601.1	582	233	288	514	1440476	1441129	26.180	3.24e-09	65.9
Python_bivittatus_C9A	WNWU01000004.1	582	47	536	582	27725405	27725545	55.319	4.93e-09	65.1
Python_bivittatus_C9A	WNWU01000004.1	582	79	277	355	27704829	27705065	34.177	1.04e-06	57.4
Python_bivittatus_C9A	WNWU01000004.1	582	75	450	523	27722400	27722624	38.667	1.07e-06	57.4
Notechis_scutatus_C9A	WNWU01000002.1	583	94	274	367	55908454	55908726	85.106	2.72e-41	166
Notechis_scutatus_C9A	WNWU01000002.1	583	80	453	532	55913605	55913844	83.750	2.95e-34	144
Notechis_scutatus_C9A	WNWU01000002.1	583	77	277	353	55869099	55869329	83.117	1.37e-32	139
Notechis_scutatus_C9A	WNWU01000002.1	583	80	453	532	55879497	55879736	76.250	1.34e-30	133
Notechis_scutatus_C9A	WNWU01000002.1	583	79	195	273	55906040	55906276	73.418	2.21e-25	117
Notechis_scutatus_C9A	WNWU01000002.1	583	56	528	583	55914680	55914847	85.714	2.23e-22	107
Notechis_scutatus_C9A	WNWU01000002.1	583	72	397	468	55911977	55912192	76.389	2.31e-22	107
Notechis_scutatus_C9A	WNWU01000002.1	583	50	107	156	55862653	55862802	96.000	9.67e-21	102
Notechis_scutatus_C9A	WNWU01000002.1	583	54	54	107	55895886	55896047	83.333	2.83e-20	101
Notechis_scutatus_C9A	WNWU01000002.1	583	64	107	170	55900794	55900985	78.125	3.55e-20	100
Notechis_scutatus_C9A	WNWU01000002.1	583	47	157	203	55902747	55902887	89.362	1.76e-18	95.5
Notechis_scutatus_C9A	WNWU01000002.1	583	60	398	457	55877386	55877565	66.667	3.30e-17	91.7
Notechis_scutatus_C9A	WNWU01000002.1	583	51	57	107	55861427	55861579	76.471	6.45e-16	87.4
Notechis_scutatus_C9A	WNWU01000002.1	583	46	157	202	55864926	55865063	76.087	2.05e-14	82.4
Notechis_scutatus_C9A	WNWU01000002.1	583	52	532	583	55881319	55881474	67.308	4.79e-13	78.2
Notechis_scutatus_C9A	WNWU01000002.1	583	85	196	279	55866608	55866862	47.059	6.25e-13	77.8
Notechis_scutatus_C9A	WNWU01000002.1	583	49	26	74	55859501	55859647	61.224	1.62e-09	66.6
Notechis_scutatus_C9A	WNWU01000002.1	583	71	457	527	55323181	55322972	40.845	2.96e-07	59.3
Notechis_scutatus_C9A	WNWU01000002.1	583	48	536	583	55318843	55318700	54.167	9.19e-07	57.8
Notechis_scutatus_C9A	WNWU01000002.1	583	35	355	389	55910405	55910509	80.000	1.42e-06	57.0
Notechis_scutatus_C9A	WNWU01000002.1	583	44	27	70	55894733	55894864	54.545	6.35e-06	55.1
Notechis_scutatus_C9A	WNWU01013381.1	583	220	298	516	631177	630572	26.364	2.18e-09	66.2
Notechis_scutatus_C9A	WNWU01013601.1	583	231	289	514	1440479	1441129	24.242	2.75e-08	62.8
Notechis_scutatus_C9A	WNWU01000004.1	583	43	537	579	27725405	27725533	55.814	2.02e-07	60.1
Notechis_scutatus_C9A	WNWU01000004.1	583	76	277	352	27704829	27705056	36.842	1.17e-06	57.4
Hydrophis_cyanocinctus_C9A	WNWU01000002.1	583	94	274	367	55908454	55908726	84.043	6.70e-41	164
Hydrophis_cyanocinctus_C9A	WNWU01000002.1	583	80	453	532	55913605	55913844	82.500	1.37e-33	142
Hydrophis_cyanocinctus_C9A	WNWU01000002.1	583	78	276	353	55869096	55869329	82.051	1.81e-32	139
Hydrophis_cyanocinctus_C9A	WNWU01000002.1	583	80	453	532	55879497	55879736	75.000	6.04e-30	131
Hydrophis_cyanocinctus_C9A	WNWU01000002.1	583	79	195	273	55906040	55906276	72.152	8.50e-25	115
Hydrophis_cyanocinctus_C9A	WNWU01000002.1	583	56	528	583	55914680	55914847	85.714	2.33e-22	107
Hydrophis_cyanocinctus_C9A	WNWU01000002.1	583	72	397	468	55911977	55912192	75.000	7.05e-22	106
Hydrophis_cyanocinctus_C9A	WNWU01000002.1	583	50	107	156	55862653	55862802	96.000	8.94e-21	102
Hydrophis_cyanocinctus_C9A	WNWU01000002.1	583	54	54	107	55895886	55896047	83.333	2.91e-20	101
Hydrophis_cyanocinctus_C9A	WNWU01000002.1	583	64	107	170	55900794	55900985	78.125	3.43e-20	100
Hydrophis_cyanocinctus_C9A	WNWU01000002.1	583	47	157	203	55902747	55902887	89.362	9.48e-19	96.3
Hydrophis_cyanocinctus_C9A	WNWU01000002.1	583	60	398	457	55877386	55877565	65.000	2.65e-16	88.6
Hydrophis_cyanocinctus_C9A	WNWU01000002.1	583	51	57	107	55861427	55861579	76.471	6.74e-16	87.4
Hydrophis_cyanocinctus_C9A	WNWU01000002.1	583	46	157	202	55864926	55865063	76.087	1.18e-14	83.2
Hydrophis_cyanocinctus_C9A	WNWU01000002.1	583	52	532	583	55881319	55881474	67.308	4.92e-13	78.2
Hydrophis_cyanocinctus_C9A	WNWU01000002.1	583	77	196	272	55866608	55866838	49.351	1.96e-12	76.3
Hydrophis_cyanocinctus_C9A	WNWU01000002.1	583	49	26	74	55859501	55859647	61.224	1.62e-09	66.6
Hydrophis_cyanocinctus_C9A	WNWU01000002.1	583	35	355	389	55910405	55910509	82.857	1.82e-07	60.1
Hydrophis_cyanocinctus_C9A	WNWU01000002.1	583	71	457	527	55323181	55322972	40.845	2.94e-07	59.3
Hydrophis_cyanocinctus_C9A	WNWU01000002.1	583	48	536	583	55318843	55318700	54.167	8.37e-07	57.8
Hydrophis_cyanocinctus_C9A	WNWU01000002.1	583	44	27	70	55894733	55894864	54.545	6.62e-06	55.1
Hydrophis_cyanocinctus_C9A	WNWU01013381.1	583	220	298	516	631177	630572	24.091	7.51e-09	64.7
Hydrophis_cyanocinctus_C9A	WNWU01013601.1	583	231	289	514	1440479	1441129	24.675	9.62e-09	64.3
Hydrophis_cyanocinctus_C9A	WNWU01000004.1	583	43	537	579	27725405	27725533	55.814	2.05e-07	59.7
Hydrophis_cyanocinctus_C9A	WNWU01000004.1	583	80	273	352	27704817	27705056	36.250	8.96e-07	57.8
Laticauda_colubrina_C9A	WNWU01000002.1	583	94	274	367	55908454	55908726	85.106	2.55e-41	166
Laticauda_colubrina_C9A	WNWU01000002.1	583	80	453	532	55913605	55913844	83.750	5.82e-34	144
Laticauda_colubrina_C9A	WNWU01000002.1	583	77	277	353	55869099	55869329	83.117	1.29e-32	139
Laticauda_colubrina_C9A	WNWU01000002.1	583	80	453	532	55879497	55879736	76.250	1.34e-30	133
Laticauda_colubrina_C9A	WNWU01000002.1	583	79	195	273	55906040	55906276	72.152	5.09e-25	116
Laticauda_colubrina_C9A	WNWU01000002.1	583	72	397	468	55911977	55912192	77.778	7.58e-23	109
Laticauda_colubrina_C9A	WNWU01000002.1	583	56	528	583	55914680	55914847	83.929	5.37e-22	106
Laticauda_colubrina_C9A	WNWU01000002.1	583	50	107	156	55862653	55862802	94.000	2.24e-20	101
Laticauda_colubrina_C9A	WNWU01000002.1	583	64	107	170	55900794	55900985	76.562	8.65e-20	99.8
Laticauda_colubrina_C9A	WNWU01000002.1	583	54	54	107	55895886	55896047	81.481	2.18e-19	98.6
Laticauda_colubrina_C9A	WNWU01000002.1	583	47	157	203	55902747	55902887	89.362	2.16e-18	95.1
Laticauda_colubrina_C9A	WNWU01000002.1	583	57	401	457	55877395	55877565	70.175	2.25e-17	92.0
Laticauda_colubrina_C9A	WNWU01000002.1	583	51	57	107	55861427	55861579	74.510	3.00e-15	85.1
Laticauda_colubrina_C9A	WNWU01000002.1	583	46	157	202	55864926	55865063	76.087	2.27e-14	82.4
Laticauda_colubrina_C9A	WNWU01000002.1	583	52	532	583	55881319	55881474	65.385	6.64e-13	77.8
Laticauda_colubrina_C9A	WNWU01000002.1	583	85	196	279	55866608	55866862	45.882	4.16e-12	75.1
Laticauda_colubrina_C9A	WNWU01000002.1	583	49	26	74	55859501	55859647	61.224	2.82e-09	65.9
Laticauda_colubrina_C9A	WNWU01000002.1	583	71	457	527	55323181	55322972	40.845	1.55e-07	60.1
Laticauda_colubrina_C9A	WNWU01000002.1	583	48	536	583	55318843	55318700	54.167	9.76e-07	57.8
Laticauda_colubrina_C9A	WNWU01013381.1	583	220	298	516	631177	630572	24.545	2.02e-08	63.2
Laticauda_colubrina_C9A	WNWU01013601.1	583	231	289	514	1440479	1441129	23.810	1.98e-07	60.1
Laticauda_colubrina_C9A	WNWU01000004.1	583	43	537	579	27725405	27725533	55.814	2.61e-07	59.7
Laticauda_colubrina_C9A	WNWU01000004.1	583	76	277	352	27704829	27705056	36.842	1.14e-06	57.4
Protobothrops_mucrosquamatus_C9A	WNWU01000002.1	583	81	274	354	55869090	55869332	88.889	2.20e-38	157
Protobothrops_mucrosquamatus_C9A	WNWU01000002.1	583	80	453	532	55879497	55879736	83.750	2.34e-35	148
Protobothrops_mucrosquamatus_C9A	WNWU01000002.1	583	91	277	367	55908463	55908726	72.527	7.64e-34	143
Protobothrops_mucrosquamatus_C9A	WNWU01000002.1	583	80	453	532	55913605	55913844	75.000	6.39e-31	134
Protobothrops_mucrosquamatus_C9A	WNWU01000002.1	583	80	199	278	55866617	55866856	65.000	1.40e-23	111
Protobothrops_mucrosquamatus_C9A	WNWU01000002.1	583	50	107	156	55862653	55862802	92.000	2.48e-20	101
Protobothrops_mucrosquamatus_C9A	WNWU01000002.1	583	73	397	468	55911974	55912192	69.863	2.10e-19	98.6
Protobothrops_mucrosquamatus_C9A	WNWU01000002.1	583	62	396	457	55877380	55877565	70.968	2.53e-19	98.2
Protobothrops_mucrosquamatus_C9A	WNWU01000002.1	583	52	532	583	55881319	55881474	78.846	2.21e-17	92.0
Protobothrops_mucrosquamatus_C9A	WNWU01000002.1	583	54	54	107	55895886	55896047	75.926	2.43e-17	92.0
Protobothrops_mucrosquamatus_C9A	WNWU01000002.1	583	50	107	156	55900794	55900943	84.000	3.35e-17	91.7
Protobothrops_mucrosquamatus_C9A	WNWU01000002.1	583	47	157	203	55902747	55902887	82.979	9.72e-17	90.1
Protobothrops_mucrosquamatus_C9A	WNWU01000002.1	583	51	57	107	55861427	55861579	76.471	1.04e-16	89.7
Protobothrops_mucrosquamatus_C9A	WNWU01000002.1	583	46	157	202	55864926	55865063	82.609	4.77e-16	87.8
Protobothrops_mucrosquamatus_C9A	WNWU01000002.1	583	51	533	583	55914695	55914847	74.510	1.93e-15	85.9
Protobothrops_mucrosquamatus_C9A	WNWU01000002.1	583	75	198	272	55906049	55906273	54.667	2.29e-13	79.3
Protobothrops_mucrosquamatus_C9A	WNWU01000002.1	583	49	26	74	55859501	55859647	61.224	4.93e-10	68.6
Protobothrops_mucrosquamatus_C9A	WNWU01000002.1	583	70	354	413	55873348	55873557	45.714	7.71e-08	61.2
Protobothrops_mucrosquamatus_C9A	WNWU01000002.1	583	50	530	579	55318861	55318712	52.000	1.14e-07	60.8
Protobothrops_mucrosquamatus_C9A	WNWU01000002.1	583	69	457	525	55323181	55322978	42.029	4.73e-07	58.5
Protobothrops_mucrosquamatus_C9A	WNWU01000002.1	583	90	266	355	55271049	55271312	31.111	7.18e-07	58.2
Protobothrops_mucrosquamatus_C9A	WNWU01000002.1	583	39	32	70	55894748	55894864	61.538	7.96e-07	57.8
Protobothrops_mucrosquamatus_C9A	WNWU01000002.1	583	42	535	575	55277784	55277909	64.286	9.35e-07	57.8
Protobothrops_mucrosquamatus_C9A	WNWU01000002.1	583	79	277	355	55220429	55220665	32.911	1.26e-06	57.4
Protobothrops_mucrosquamatus_C9A	WNWU01000002.1	583	56	529	583	55235118	55235285	48.214	3.03e-06	56.2
Protobothrops_mucrosquamatus_C9A	WNWU01013601.1	583	233	289	514	1440479	1441129	25.751	2.94e-09	65.9
Protobothrops_mucrosquamatus_C9A	WNWU01000004.1	583	47	537	583	27725405	27725545	53.191	1.04e-07	60.8
Protobothrops_mucrosquamatus_C9A	WNWU01000004.1	583	79	277	355	27704829	27705065	32.911	4.16e-07	58.9
Protobothrops_mucrosquamatus_C9A	WNWU01000004.1	583	78	277	354	27760754	27760521	29.487	3.56e-06	55.8
Chrysopelea_ornata_C9A	WNWU01000002.1	584	81	274	354	55869090	55869332	90.123	3.38e-37	153
Chrysopelea_ornata_C9A	WNWU01000002.1	584	80	454	533	55879497	55879736	88.750	1.02e-36	152
Chrysopelea_ornata_C9A	WNWU01000002.1	584	91	277	367	55908463	55908726	74.725	1.06e-33	143
Chrysopelea_ornata_C9A	WNWU01000002.1	584	80	454	533	55913605	55913844	76.250	2.28e-31	135
Chrysopelea_ornata_C9A	WNWU01000002.1	584	83	196	278	55866608	55866856	73.494	3.58e-29	129
Chrysopelea_ornata_C9A	WNWU01000002.1	584	62	397	458	55877380	55877565	90.323	2.60e-25	117
Chrysopelea_ornata_C9A	WNWU01000002.1	584	69	107	173	55862653	55862859	73.913	3.55e-23	110
Chrysopelea_ornata_C9A	WNWU01000002.1	584	47	157	203	55902747	55902887	93.617	4.77e-20	100
Chrysopelea_ornata_C9A	WNWU01000002.1	584	51	57	107	55861427	55861579	90.196	4.98e-20	100
Chrysopelea_ornata_C9A	WNWU01000002.1	584	52	533	584	55881319	55881474	86.538	5.19e-19	97.4
Chrysopelea_ornata_C9A	WNWU01000002.1	584	50	107	156	55900794	55900943	90.000	1.37e-18	95.9
Chrysopelea_ornata_C9A	WNWU01000002.1	584	54	54	107	55895886	55896047	79.630	2.46e-18	95.1
Chrysopelea_ornata_C9A	WNWU01000002.1	584	69	401	469	55911986	55912192	65.217	5.76e-18	94.0
Chrysopelea_ornata_C9A	WNWU01000002.1	584	78	195	272	55906040	55906273	55.128	3.01e-15	85.1
Chrysopelea_ornata_C9A	WNWU01000002.1	584	46	157	202	55864926	55865063	78.261	9.71e-15	83.6
Chrysopelea_ornata_C9A	WNWU01000002.1	584	51	534	584	55914695	55914847	60.784	6.92e-11	71.2
Chrysopelea_ornata_C9A	WNWU01000002.1	584	49	26	74	55859501	55859647	57.143	3.44e-09	65.5
Chrysopelea_ornata_C9A	WNWU01000002.1	584	44	27	70	55894733	55894864	61.364	4.92e-08	62.0
Chrysopelea_ornata_C9A	WNWU01000002.1	584	61	342	400	55873306	55873485	59.016	8.21e-08	61.2
Chrysopelea_ornata_C9A	WNWU01000002.1	584	56	530	584	55235118	55235285	50.000	1.65e-07	60.1
Chrysopelea_ornata_C9A	WNWU01000002.1	584	54	531	584	55318861	55318700	48.148	5.68e-07	58.5
Chrysopelea_ornata_C9A	WNWU01000002.1	584	95	266	360	55271049	55271327	30.526	2.39e-06	56.2
Chrysopelea_ornata_C9A	WNWU01000002.1	584	69	458	526	55323181	55322978	40.580	2.43e-06	56.2
Chrysopelea_ornata_C9A	WNWU01000002.1	584	79	277	355	55220429	55220665	32.911	6.64e-06	55.1
Chrysopelea_ornata_C9A	WNWU01000002.1	584	50	536	584	55277784	55277933	50.000	7.05e-06	54.7
Chrysopelea_ornata_C9A	WNWU01000004.1	584	81	277	357	27704829	27705071	35.802	9.01e-08	60.8
Chrysopelea_ornata_C9A	WNWU01013601.1	584	232	289	515	1440479	1441129	24.138	2.01e-07	60.1
Pituophis_catenifer_C9A	WNWU01000002.1	583	94	274	367	55908454	55908726	88.298	3.78e-44	174
Pituophis_catenifer_C9A	WNWU01000002.1	583	80	453	532	55879497	55879736	86.250	6.73e-36	149
Pituophis_catenifer_C9A	WNWU01000002.1	583	77	277	353	55869099	55869329	85.714	1.05e-33	143
Pituophis_catenifer_C9A	WNWU01000002.1	583	83	198	279	55866614	55866862	80.723	6.74e-31	134
Pituophis_catenifer_C9A	WNWU01000002.1	583	80	453	532	55913605	55913844	72.500	4.88e-29	128
Pituophis_catenifer_C9A	WNWU01000002.1	583	54	404	457	55877404	55877565	90.741	2.82e-21	104
Pituophis_catenifer_C9A	WNWU01000002.1	583	54	54	107	55895886	55896047	87.037	4.25e-21	103
Pituophis_catenifer_C9A	WNWU01000002.1	583	50	107	156	55862653	55862802	96.000	4.56e-21	103
Pituophis_catenifer_C9A	WNWU01000002.1	583	73	396	468	55911974	55912192	68.493	4.93e-21	103
Pituophis_catenifer_C9A	WNWU01000002.1	583	52	532	583	55881319	55881474	88.462	9.78e-20	99.8
Pituophis_catenifer_C9A	WNWU01000002.1	583	47	157	203	55864926	55865066	89.362	1.84e-18	95.5
Pituophis_catenifer_C9A	WNWU01000002.1	583	50	107	156	55900794	55900943	88.000	7.96e-18	93.6
Pituophis_catenifer_C9A	WNWU01000002.1	583	47	157	203	55902747	55902887	85.106	5.79e-17	90.9
Pituophis_catenifer_C9A	WNWU01000002.1	583	51	57	107	55861427	55861579	80.392	9.31e-17	90.1
Pituophis_catenifer_C9A	WNWU01000002.1	583	80	198	273	55906049	55906276	55.000	1.83e-14	82.8
Pituophis_catenifer_C9A	WNWU01000002.1	583	64	26	89	55859501	55859683	59.375	3.54e-12	75.5
Pituophis_catenifer_C9A	WNWU01000002.1	583	48	536	583	55914704	55914847	66.667	7.84e-12	74.3
Pituophis_catenifer_C9A	WNWU01000002.1	583	56	341	395	55873306	55873473	60.714	3.83e-09	65.5
Pituophis_catenifer_C9A	WNWU01000002.1	583	56	529	583	55235118	55235285	50.000	4.47e-08	62.0
Pituophis_catenifer_C9A	WNWU01000002.1	583	54	530	583	55318861	55318700	50.000	1.33e-07	60.5
Pituophis_catenifer_C9A	WNWU01000002.1	583	39	32	70	55894748	55894864	64.103	4.06e-07	58.9
Pituophis_catenifer_C9A	WNWU01000002.1	583	50	535	583	55277784	55277933	52.000	2.73e-06	56.2
Pituophis_catenifer_C9A	WNWU01000002.1	583	69	457	525	55230555	55230758	43.478	4.56e-06	55.5
Pituophis_catenifer_C9A	WNWU01013601.1	583	233	289	516	1440479	1441135	24.893	8.76e-09	64.3
Pituophis_catenifer_C9A	WNWU01013381.1	583	192	295	486	631186	630662	26.042	6.39e-08	61.6
Pituophis_catenifer_C9A	WNWU01000004.1	583	79	277	355	27704829	27705065	36.709	1.04e-06	57.4
Pituophis_catenifer_C9A	WNWU01000004.1	583	47	537	583	27725405	27725545	46.809	2.71e-06	56.2
Pituophis_catenifer_C9A	WNWU01000004.1	583	81	450	529	27722400	27722642	35.802	3.30e-06	55.8
Pantherophis_obsoletus_C9A	WNWU01000002.1	583	81	274	354	55869090	55869332	93.827	1.08e-39	161
Pantherophis_obsoletus_C9A	WNWU01000002.1	583	91	277	367	55908463	55908726	76.923	1.93e-36	151
Pantherophis_obsoletus_C9A	WNWU01000002.1	583	80	453	532	55879497	55879736	86.250	6.67e-36	149
Pantherophis_obsoletus_C9A	WNWU01000002.1	583	80	199	278	55866617	55866856	77.500	1.02e-29	130
Pantherophis_obsoletus_C9A	WNWU01000002.1	583	80	453	532	55913605	55913844	72.500	4.42e-29	129
Pantherophis_obsoletus_C9A	WNWU01000002.1	583	62	396	457	55877380	55877565	90.323	1.39e-25	117
Pantherophis_obsoletus_C9A	WNWU01000002.1	583	54	54	107	55895886	55896047	90.741	4.67e-22	107
Pantherophis_obsoletus_C9A	WNWU01000002.1	583	52	532	583	55881319	55881474	88.462	7.33e-20	100
Pantherophis_obsoletus_C9A	WNWU01000002.1	583	50	107	156	55862653	55862802	90.000	7.93e-20	99.8
Pantherophis_obsoletus_C9A	WNWU01000002.1	583	46	157	202	55864926	55865063	89.130	9.47e-18	93.2
Pantherophis_obsoletus_C9A	WNWU01000002.1	583	69	400	468	55911986	55912192	65.217	1.44e-17	92.8
Pantherophis_obsoletus_C9A	WNWU01000002.1	583	50	107	156	55900794	55900943	84.000	2.75e-17	91.7
Pantherophis_obsoletus_C9A	WNWU01000002.1	583	51	57	107	55861427	55861579	80.392	6.88e-17	90.5
Pantherophis_obsoletus_C9A	WNWU01000002.1	583	47	157	203	55902747	55902887	82.979	2.97e-16	88.6
Pantherophis_obsoletus_C9A	WNWU01000002.1	583	79	198	272	55906049	55906273	51.899	6.64e-13	77.8
Pantherophis_obsoletus_C9A	WNWU01000002.1	583	49	26	74	55859501	55859647	71.429	2.11e-12	75.9
Pantherophis_obsoletus_C9A	WNWU01000002.1	583	51	533	583	55914695	55914847	64.706	2.69e-12	75.9
Pantherophis_obsoletus_C9A	WNWU01000002.1	583	42	354	395	55873348	55873473	78.571	1.25e-09	67.0
Pantherophis_obsoletus_C9A	WNWU01000002.1	583	56	529	583	55235118	55235285	50.000	1.30e-07	60.5
Pantherophis_obsoletus_C9A	WNWU01000002.1	583	54	530	583	55318861	55318700	48.148	4.24e-07	58.9
Pantherophis_obsoletus_C9A	WNWU01000002.1	583	84	277	360	55220429	55220680	32.143	1.28e-06	57.4
Pantherophis_obsoletus_C9A	WNWU01000002.1	583	50	535	583	55277784	55277933	52.000	2.62e-06	56.2
Pantherophis_obsoletus_C9A	WNWU01000002.1	583	79	277	355	55271076	55271312	31.646	3.71e-06	55.8
Pantherophis_obsoletus_C9A	WNWU01000002.1	583	69	457	525	55230555	55230758	43.478	4.40e-06	55.5
Pantherophis_obsoletus_C9A	WNWU01000002.1	583	39	32	70	55894748	55894864	58.974	7.85e-06	54.7
Pantherophis_obsoletus_C9A	WNWU01013601.1	583	233	289	516	1440479	1441135	25.322	4.03e-09	65.5
Pantherophis_obsoletus_C9A	WNWU01000004.1	583	79	277	355	27704829	27705065	34.177	1.52e-07	60.5
Pantherophis_obsoletus_C9A	WNWU01000004.1	583	47	537	583	27725405	27725545	46.809	2.76e-06	56.2
Pantherophis_obsoletus_C9A	WNWU01000004.1	583	82	277	358	27760754	27760509	29.268	2.85e-06	56.2
Pantherophis_obsoletus_C9A	WNWU01000004.1	583	81	450	529	27722400	27722642	35.802	3.16e-06	55.8
Bothrops_jararaca_C9A	WNWU01000002.1	583	81	274	354	55869090	55869332	88.889	4.66e-38	156
Bothrops_jararaca_C9A	WNWU01000002.1	583	80	453	532	55879497	55879736	83.750	9.40e-35	146
Bothrops_jararaca_C9A	WNWU01000002.1	583	91	277	367	55908463	55908726	72.527	6.13e-33	140
Bothrops_jararaca_C9A	WNWU01000002.1	583	80	453	532	55913605	55913844	75.000	2.02e-30	132
Bothrops_jararaca_C9A	WNWU01000002.1	583	80	199	278	55866617	55866856	61.250	1.90e-21	105
Bothrops_jararaca_C9A	WNWU01000002.1	583	62	396	457	55877380	55877565	74.194	4.98e-21	103
Bothrops_jararaca_C9A	WNWU01000002.1	583	73	397	468	55911974	55912192	67.123	9.82e-19	96.3
Bothrops_jararaca_C9A	WNWU01000002.1	583	50	107	156	55862653	55862802	86.000	1.88e-18	95.5
Bothrops_jararaca_C9A	WNWU01000002.1	583	52	532	583	55881319	55881474	78.846	1.83e-17	92.4
Bothrops_jararaca_C9A	WNWU01000002.1	583	54	54	107	55895886	55896047	75.926	2.21e-17	92.0
Bothrops_jararaca_C9A	WNWU01000002.1	583	51	57	107	55861427	55861579	78.431	5.22e-17	90.9
Bothrops_jararaca_C9A	WNWU01000002.1	583	47	157	203	55902747	55902887	82.979	9.23e-17	90.1
Bothrops_jararaca_C9A	WNWU01000002.1	583	46	157	202	55864926	55865063	82.609	4.85e-16	87.8
Bothrops_jararaca_C9A	WNWU01000002.1	583	50	107	156	55900794	55900943	80.000	7.03e-16	87.4
Bothrops_jararaca_C9A	WNWU01000002.1	583	51	533	583	55914695	55914847	72.549	6.97e-15	84.0
Bothrops_jararaca_C9A	WNWU01000002.1	583	75	198	272	55906049	55906273	56.000	2.05e-13	79.3
Bothrops_jararaca_C9A	WNWU01000002.1	583	49	26	74	55859501	55859647	59.184	1.76e-09	66.6
Bothrops_jararaca_C9A	WNWU01000002.1	583	42	354	395	55873348	55873473	71.429	6.90e-09	64.7
Bothrops_jararaca_C9A	WNWU01000002.1	583	50	530	579	55318861	55318712	50.000	4.57e-07	58.9
Bothrops_jararaca_C9A	WNWU01000002.1	583	84	277	360	55220429	55220680	32.143	7.31e-07	58.2
Bothrops_jararaca_C9A	WNWU01000002.1	583	41	30	70	55894742	55894864	60.976	8.23e-07	57.8
Bothrops_jararaca_C9A	WNWU01000002.1	583	79	277	355	55271076	55271312	31.646	1.86e-06	56.6
Bothrops_jararaca_C9A	WNWU01000002.1	583	56	529	583	55235118	55235285	46.429	7.99e-06	54.7
Bothrops_jararaca_C9A	WNWU01000002.1	583	42	535	575	55277784	55277909	61.905	7.99e-06	54.7
Bothrops_jararaca_C9A	WNWU01013601.1	583	238	284	514	1440464	1441129	24.790	1.50e-08	63.5
Bothrops_jararaca_C9A	WNWU01000004.1	583	47	537	583	27725405	27725545	51.064	3.09e-07	59.3
Bothrops_jararaca_C9A	WNWU01000004.1	583	82	274	355	27704820	27705065	32.927	6.77e-07	58.2
Ptyas_mucosa_C9A	WNWU01000002.1	583	81	274	354	55869090	55869332	100.000	3.49e-43	171
Ptyas_mucosa_C9A	WNWU01000002.1	583	80	453	532	55879497	55879736	96.250	5.15e-40	162
Ptyas_mucosa_C9A	WNWU01000002.1	583	76	198	273	55866614	55866841	96.053	6.86e-36	149
Ptyas_mucosa_C9A	WNWU01000002.1	583	91	277	367	55908463	55908726	74.725	1.16e-34	145
Ptyas_mucosa_C9A	WNWU01000002.1	583	80	453	532	55913605	55913844	73.750	4.37e-30	132
Ptyas_mucosa_C9A	WNWU01000002.1	583	61	397	457	55877383	55877565	98.361	1.12e-27	124
Ptyas_mucosa_C9A	WNWU01000002.1	583	52	532	583	55881319	55881474	100.000	7.51e-25	115
Ptyas_mucosa_C9A	WNWU01000002.1	583	54	54	107	55895886	55896047	94.444	2.27e-23	110
Ptyas_mucosa_C9A	WNWU01000002.1	583	50	107	156	55862653	55862802	100.000	5.42e-22	106
Ptyas_mucosa_C9A	WNWU01000002.1	583	47	157	203	55864926	55865066	97.872	5.98e-21	103
Ptyas_mucosa_C9A	WNWU01000002.1	583	50	107	156	55900794	55900943	92.000	7.43e-19	96.7
Ptyas_mucosa_C9A	WNWU01000002.1	583	51	57	107	55861427	55861579	80.392	5.26e-17	90.9
Ptyas_mucosa_C9A	WNWU01000002.1	583	69	400	468	55911986	55912192	60.870	1.08e-16	89.7
Ptyas_mucosa_C9A	WNWU01000002.1	583	42	354	395	55873348	55873473	100.000	9.27e-16	87.0
Ptyas_mucosa_C9A	WNWU01000002.1	583	47	157	203	55902747	55902887	78.723	2.52e-15	85.5
Ptyas_mucosa_C9A	WNWU01000002.1	583	79	198	272	55906049	55906273	55.696	2.25e-14	82.4
Ptyas_mucosa_C9A	WNWU01000002.1	583	49	26	74	55859501	55859647	71.429	7.75e-13	77.4
Ptyas_mucosa_C9A	WNWU01000002.1	583	48	536	583	55914704	55914847	66.667	2.41e-11	72.8
Ptyas_mucosa_C9A	WNWU01000002.1	583	54	530	583	55318861	55318700	50.000	1.24e-07	60.5
Ptyas_mucosa_C9A	WNWU01000002.1	583	50	535	583	55235136	55235285	54.000	4.42e-07	58.9
Ptyas_mucosa_C9A	WNWU01000002.1	583	78	457	534	55323181	55322957	42.308	6.77e-07	58.2
Ptyas_mucosa_C9A	WNWU01000002.1	583	91	277	367	55220429	55220701	31.868	2.03e-06	56.6
Ptyas_mucosa_C9A	WNWU01000002.1	583	39	32	70	55894748	55894864	58.974	5.13e-06	55.5
Ptyas_mucosa_C9A	WNWU01013601.1	583	231	289	514	1440479	1441129	25.108	3.52e-08	62.4
Ptyas_mucosa_C9A	WNWU01013381.1	583	226	298	516	631177	630572	26.106	2.09e-07	59.7
Ptyas_mucosa_C9A	WNWU01000004.1	583	82	274	355	27704820	27705065	34.146	2.33e-07	59.7
Vipera_berus_C9A	WNWU01000002.1	583	81	274	354	55869090	55869332	85.185	1.50e-35	148
Vipera_berus_C9A	WNWU01000002.1	583	80	453	532	55879497	55879736	82.500	6.31e-35	146
Vipera_berus_C9A	WNWU01000002.1	583	91	277	367	55908463	55908726	71.429	2.65e-32	138
Vipera_berus_C9A	WNWU01000002.1	583	80	453	532	55913605	55913844	75.000	4.62e-31	135
Vipera_berus_C9A	WNWU01000002.1	583	80	199	278	55866617	55866856	66.250	5.81e-25	115
Vipera_berus_C9A	WNWU01000002.1	583	62	396	457	55877380	55877565	79.032	6.94e-23	109
Vipera_berus_C9A	WNWU01000002.1	583	73	397	468	55911974	55912192	69.863	1.83e-19	98.6
Vipera_berus_C9A	WNWU01000002.1	583	50	107	156	55862653	55862802	88.000	9.08e-19	96.7
Vipera_berus_C9A	WNWU01000002.1	583	52	532	583	55881319	55881474	78.846	1.74e-17	92.4
Vipera_berus_C9A	WNWU01000002.1	583	54	54	107	55895886	55896047	77.778	4.39e-17	91.3
Vipera_berus_C9A	WNWU01000002.1	583	47	157	203	55902747	55902887	80.851	1.35e-16	89.7
Vipera_berus_C9A	WNWU01000002.1	583	51	57	107	55861427	55861579	78.431	1.45e-16	89.4
Vipera_berus_C9A	WNWU01000002.1	583	46	157	202	55864926	55865063	80.435	5.97e-16	87.4
Vipera_berus_C9A	WNWU01000002.1	583	50	107	156	55900794	55900943	80.000	1.34e-15	86.3
Vipera_berus_C9A	WNWU01000002.1	583	51	533	583	55914695	55914847	72.549	1.73e-15	85.9
Vipera_berus_C9A	WNWU01000002.1	583	79	198	272	55906049	55906273	54.430	8.38e-14	80.5
Vipera_berus_C9A	WNWU01000002.1	583	49	26	74	55859501	55859647	63.265	1.86e-10	69.7
Vipera_berus_C9A	WNWU01000002.1	583	51	347	395	55873321	55873473	64.706	5.34e-09	65.1
Vipera_berus_C9A	WNWU01000002.1	583	50	530	579	55318861	55318712	52.000	1.75e-07	60.1
Vipera_berus_C9A	WNWU01000002.1	583	84	277	360	55220429	55220680	32.143	5.52e-07	58.5
Vipera_berus_C9A	WNWU01000002.1	583	39	32	70	55894748	55894864	61.538	7.12e-07	58.2
Vipera_berus_C9A	WNWU01000002.1	583	69	457	525	55323181	55322978	40.580	7.50e-07	58.2
Vipera_berus_C9A	WNWU01000002.1	583	78	266	343	55271049	55271276	35.897	1.65e-06	57.0
Vipera_berus_C9A	WNWU01013601.1	583	233	289	514	1440479	1441129	25.751	1.92e-08	63.2
Vipera_berus_C9A	WNWU01000004.1	583	47	537	583	27725405	27725545	51.064	3.86e-07	58.9
Vipera_berus_C9A	WNWU01000004.1	583	81	274	354	27760763	27760521	29.630	5.73e-06	55.1
Vipera_berus_C9A	WNWU01000004.1	583	79	277	355	27704829	27705065	31.646	6.79e-06	55.1
Sceloporus_undulatus_C9A	WNWU01000002.1	591	81	457	537	55879497	55879739	65.432	1.28e-27	124
Sceloporus_undulatus_C9A	WNWU01000002.1	591	79	280	358	55869096	55869332	67.089	3.11e-27	123
Sceloporus_undulatus_C9A	WNWU01000002.1	591	93	281	373	55908463	55908732	58.065	2.01e-26	120
Sceloporus_undulatus_C9A	WNWU01000002.1	591	74	464	537	55913626	55913847	67.568	3.45e-25	116
Sceloporus_undulatus_C9A	WNWU01000002.1	591	68	400	467	55877380	55877583	54.412	2.18e-12	75.9
Sceloporus_undulatus_C9A	WNWU01000002.1	591	47	156	202	55902747	55902887	63.830	6.36e-12	74.7
Sceloporus_undulatus_C9A	WNWU01000002.1	591	50	538	587	55881325	55881474	58.000	1.08e-10	70.5
Sceloporus_undulatus_C9A	WNWU01000002.1	591	50	106	155	55900794	55900943	66.000	1.79e-10	69.7
Sceloporus_undulatus_C9A	WNWU01000002.1	591	50	106	155	55862653	55862802	64.000	3.63e-10	68.9
Sceloporus_undulatus_C9A	WNWU01000002.1	591	65	408	472	55911998	55912192	49.231	4.20e-10	68.6
Sceloporus_undulatus_C9A	WNWU01000002.1	591	46	156	201	55864926	55865063	56.522	1.46e-09	67.0
Sceloporus_undulatus_C9A	WNWU01000002.1	591	52	57	107	55895895	55896050	57.692	2.04e-09	66.2
Sceloporus_undulatus_C9A	WNWU01000002.1	591	48	540	587	55914704	55914847	58.333	5.43e-09	65.1
Sceloporus_undulatus_C9A	WNWU01000002.1	591	52	540	591	55318843	55318688	50.000	1.72e-08	63.5
Sceloporus_undulatus_C9A	WNWU01000002.1	591	61	528	587	55235103	55235285	47.541	1.93e-08	63.2
Sceloporus_undulatus_C9A	WNWU01000002.1	591	42	539	579	55277784	55277909	69.048	4.42e-08	62.0
Sceloporus_undulatus_C9A	WNWU01000002.1	591	84	281	364	55220429	55220680	34.524	2.14e-07	59.7
Sceloporus_undulatus_C9A	WNWU01000002.1	591	72	25	96	55859498	55859713	38.889	3.06e-07	59.3
Sceloporus_undulatus_C9A	WNWU01000002.1	591	69	463	531	55323175	55322972	40.580	1.05e-06	57.8
Sceloporus_undulatus_C9A	WNWU01000002.1	591	88	195	282	55866608	55866856	32.955	3.86e-06	55.8
Sceloporus_undulatus_C9A	WNWU01000002.1	591	88	277	364	55271064	55271327	28.409	4.39e-06	55.5
Sceloporus_undulatus_C9A	WNWU01000002.1	591	51	57	106	55861427	55861579	49.020	7.82e-06	54.7
Sceloporus_undulatus_C9A	WNWU01013601.1	591	232	293	518	1440479	1441129	26.293	9.86e-09	64.3
Sceloporus_undulatus_C9A	WNWU01000004.1	591	47	541	587	27725405	27725545	53.191	2.49e-07	59.7
Sceloporus_undulatus_C9A	WNWU01000004.1	591	78	281	358	27760754	27760521	33.333	2.34e-06	56.6
Sceloporus_undulatus_C9A	WNWU01000004.1	591	81	281	361	27704829	27705071	33.333	6.38e-06	55.1
Sceloporus_undulatus_C9A	WNWU01013381.1	591	230	302	517	631177	630542	24.348	4.72e-07	58.5
Anolis_carolinensis_C9B	WNWU01000002.1	538	91	281	371	55908463	55908726	59.341	5.59e-25	115
Anolis_carolinensis_C9B	WNWU01000002.1	538	74	281	354	55869099	55869320	70.270	8.07e-25	115
Anolis_carolinensis_C9B	WNWU01000002.1	538	68	462	529	55879512	55879715	64.706	2.09e-21	104
Anolis_carolinensis_C9B	WNWU01000002.1	538	66	464	529	55913626	55913823	63.636	4.14e-20	100
Anolis_carolinensis_C9B	WNWU01000002.1	538	47	156	202	55902747	55902887	68.085	8.00e-14	80.5
Anolis_carolinensis_C9B	WNWU01000002.1	538	46	156	201	55864926	55865063	63.043	9.44e-12	73.6
Anolis_carolinensis_C9B	WNWU01000002.1	538	50	106	155	55900794	55900943	70.000	1.01e-11	73.6
Anolis_carolinensis_C9B	WNWU01000002.1	538	56	405	460	55877395	55877562	55.357	4.29e-11	71.6
Anolis_carolinensis_C9B	WNWU01000002.1	538	69	106	172	55862653	55862859	52.174	5.60e-11	71.2
Anolis_carolinensis_C9B	WNWU01000002.1	538	53	408	460	55911998	55912156	58.491	3.87e-10	68.6
Anolis_carolinensis_C9B	WNWU01000002.1	538	52	57	107	55895895	55896050	55.769	2.40e-09	65.9
Anolis_carolinensis_C9B	WNWU01000002.1	538	71	462	532	55323178	55322969	42.254	8.25e-09	64.3
Anolis_carolinensis_C9B	WNWU01000002.1	538	59	25	80	55859498	55859674	40.678	4.59e-07	58.5
Anolis_carolinensis_C9B	WNWU01000002.1	538	79	281	359	55220429	55220665	34.177	5.05e-07	58.5
Anolis_carolinensis_C9B	WNWU01000002.1	538	84	194	277	55906040	55906276	35.714	1.74e-06	56.6
Anolis_carolinensis_C9B	WNWU01000002.1	538	88	195	282	55866608	55866856	36.364	2.27e-06	56.2
Anolis_carolinensis_C9B	WNWU01000002.1	538	75	281	355	55271076	55271300	34.667	3.82e-06	55.5
Anolis_carolinensis_C9B	WNWU01013381.1	538	235	290	520	631210	630572	27.660	4.93e-08	61.6
Anolis_carolinensis_C9B	WNWU01000004.1	538	77	281	357	27760754	27760524	35.065	6.49e-08	61.2
Anolis_carolinensis_C9B	WNWU01000004.1	538	74	281	354	27704829	27705050	35.135	2.69e-06	56.2
Anolis_carolinensis_C9B	WNWU01013601.1	538	233	293	518	1440479	1441129	27.039	1.46e-07	60.1
Hydrophis_cyanocinctus_C9B	WNWU01000002.1	582	81	273	353	55869090	55869332	87.654	6.15e-38	155
Hydrophis_cyanocinctus_C9B	WNWU01000002.1	582	91	276	366	55908463	55908726	72.527	5.20e-34	144
Hydrophis_cyanocinctus_C9B	WNWU01000002.1	582	80	452	531	55879497	55879736	81.250	6.99e-33	140
Hydrophis_cyanocinctus_C9B	WNWU01000002.1	582	80	452	531	55913605	55913844	76.250	1.89e-31	136
Hydrophis_cyanocinctus_C9B	WNWU01000002.1	582	60	397	456	55877386	55877565	85.000	1.15e-23	112
Hydrophis_cyanocinctus_C9B	WNWU01000002.1	582	83	195	277	55866608	55866856	62.651	2.69e-22	107
Hydrophis_cyanocinctus_C9B	WNWU01000002.1	582	50	106	155	55862653	55862802	100.000	3.50e-22	107
Hydrophis_cyanocinctus_C9B	WNWU01000002.1	582	50	106	155	55900794	55900943	92.000	4.46e-19	97.4
Hydrophis_cyanocinctus_C9B	WNWU01000002.1	582	52	531	582	55881319	55881474	82.692	4.13e-18	94.4
Hydrophis_cyanocinctus_C9B	WNWU01000002.1	582	69	399	467	55911986	55912192	60.870	4.76e-17	90.9
Hydrophis_cyanocinctus_C9B	WNWU01000002.1	582	46	156	201	55864926	55865063	82.609	2.88e-16	88.6
Hydrophis_cyanocinctus_C9B	WNWU01000002.1	582	50	57	106	55861430	55861579	80.000	1.22e-15	86.7
Hydrophis_cyanocinctus_C9B	WNWU01000002.1	582	54	53	106	55895886	55896047	70.370	4.96e-15	84.3
Hydrophis_cyanocinctus_C9B	WNWU01000002.1	582	47	156	202	55902747	55902887	74.468	2.16e-14	82.4
Hydrophis_cyanocinctus_C9B	WNWU01000002.1	582	75	197	271	55906049	55906273	56.000	2.42e-13	79.0
Hydrophis_cyanocinctus_C9B	WNWU01000002.1	582	48	535	582	55914704	55914847	62.500	4.84e-11	71.6
Hydrophis_cyanocinctus_C9B	WNWU01000002.1	582	64	25	88	55859501	55859692	53.125	2.08e-09	66.2
Hydrophis_cyanocinctus_C9B	WNWU01000002.1	582	45	353	397	55873348	55873479	71.111	3.92e-08	62.4
Hydrophis_cyanocinctus_C9B	WNWU01000002.1	582	54	529	582	55318861	55318700	50.000	2.14e-07	59.7
Hydrophis_cyanocinctus_C9B	WNWU01000002.1	582	69	456	524	55323181	55322978	42.029	2.74e-07	59.3
Hydrophis_cyanocinctus_C9B	WNWU01000002.1	582	55	529	582	55235121	55235285	47.273	8.49e-07	57.8
Hydrophis_cyanocinctus_C9B	WNWU01000002.1	582	74	456	529	55230555	55230773	40.541	3.40e-06	55.8
Hydrophis_cyanocinctus_C9B	WNWU01000002.1	582	84	276	359	55220429	55220680	30.952	8.90e-06	54.7
Hydrophis_cyanocinctus_C9B	WNWU01013601.1	582	233	287	513	1440476	1441129	25.322	1.18e-07	60.5
Hydrophis_cyanocinctus_C9B	WNWU01000004.1	582	82	276	357	27760754	27760509	30.488	3.23e-06	55.8
Hydrophis_cyanocinctus_C9B	WNWU01000004.1	582	79	276	354	27704829	27705065	31.646	4.03e-06	55.8
Bothrops_jararaca_C9B	WNWU01000002.1	583	81	274	354	55869090	55869332	88.889	4.50e-38	156
Bothrops_jararaca_C9B	WNWU01000002.1	583	80	453	532	55879497	55879736	83.750	9.58e-35	146
Bothrops_jararaca_C9B	WNWU01000002.1	583	91	277	367	55908463	55908726	72.527	2.50e-33	142
Bothrops_jararaca_C9B	WNWU01000002.1	583	80	453	532	55913605	55913844	75.000	2.37e-30	132
Bothrops_jararaca_C9B	WNWU01000002.1	583	62	396	457	55877380	55877565	79.032	2.01e-22	108
Bothrops_jararaca_C9B	WNWU01000002.1	583	83	196	278	55866608	55866856	59.036	4.51e-22	107
Bothrops_jararaca_C9B	WNWU01000002.1	583	50	107	156	55862653	55862802	92.000	2.53e-20	101
Bothrops_jararaca_C9B	WNWU01000002.1	583	73	397	468	55911974	55912192	69.863	9.20e-20	99.8
Bothrops_jararaca_C9B	WNWU01000002.1	583	54	54	107	55895886	55896047	77.778	5.77e-18	94.0
Bothrops_jararaca_C9B	WNWU01000002.1	583	51	57	107	55861427	55861579	80.392	1.24e-17	92.8
Bothrops_jararaca_C9B	WNWU01000002.1	583	50	107	156	55900794	55900943	84.000	4.20e-17	91.3
Bothrops_jararaca_C9B	WNWU01000002.1	583	47	157	203	55902747	55902887	82.979	6.70e-17	90.5
Bothrops_jararaca_C9B	WNWU01000002.1	583	52	532	583	55881319	55881474	76.923	7.37e-17	90.5
Bothrops_jararaca_C9B	WNWU01000002.1	583	46	157	202	55864926	55865063	80.435	1.68e-15	85.9
Bothrops_jararaca_C9B	WNWU01000002.1	583	51	533	583	55914695	55914847	70.588	2.62e-14	82.0
Bothrops_jararaca_C9B	WNWU01000002.1	583	78	195	272	55906040	55906273	53.846	3.25e-14	82.0
Bothrops_jararaca_C9B	WNWU01000002.1	583	58	26	83	55859501	55859674	53.448	5.70e-10	68.2
Bothrops_jararaca_C9B	WNWU01000002.1	583	42	354	395	55873348	55873473	69.048	3.55e-08	62.4
Bothrops_jararaca_C9B	WNWU01000002.1	583	41	30	70	55894742	55894864	63.415	5.91e-07	58.5
Bothrops_jararaca_C9B	WNWU01000002.1	583	50	530	579	55318861	55318712	48.000	1.64e-06	57.0
Bothrops_jararaca_C9B	WNWU01000002.1	583	79	277	355	55271076	55271312	31.646	1.96e-06	56.6
Bothrops_jararaca_C9B	WNWU01000002.1	583	79	277	355	55220429	55220665	32.911	2.25e-06	56.6
Bothrops_jararaca_C9B	WNWU01013601.1	583	238	284	514	1440464	1441129	24.790	1.78e-08	63.2
Bothrops_jararaca_C9B	WNWU01000004.1	583	47	537	583	27725405	27725545	51.064	3.89e-07	58.9
Bothrops_jararaca_C9B	WNWU01000004.1	583	82	274	355	27704820	27705065	32.927	7.00e-07	58.2
Laticauda_colubrina_C9B	WNWU01000002.1	583	78	277	354	55869099	55869332	89.744	1.86e-36	151
Laticauda_colubrina_C9B	WNWU01000002.1	583	80	453	532	55879497	55879736	83.750	1.20e-34	145
Laticauda_colubrina_C9B	WNWU01000002.1	583	91	277	367	55908463	55908726	72.527	2.55e-34	144
Laticauda_colubrina_C9B	WNWU01000002.1	583	80	453	532	55913605	55913844	76.250	1.84e-31	136
Laticauda_colubrina_C9B	WNWU01000002.1	583	60	398	457	55877386	55877565	85.000	6.47e-23	109
Laticauda_colubrina_C9B	WNWU01000002.1	583	83	196	278	55866608	55866856	59.036	1.34e-19	99.0
Laticauda_colubrina_C9B	WNWU01000002.1	583	50	107	156	55862653	55862802	90.000	2.78e-19	98.2
Laticauda_colubrina_C9B	WNWU01000002.1	583	52	532	583	55881319	55881474	84.615	2.96e-18	94.7
Laticauda_colubrina_C9B	WNWU01000002.1	583	46	157	202	55902747	55902884	84.783	4.09e-17	91.3
Laticauda_colubrina_C9B	WNWU01000002.1	583	69	400	468	55911986	55912192	63.768	5.00e-17	90.9
Laticauda_colubrina_C9B	WNWU01000002.1	583	50	58	107	55861430	55861579	84.000	6.15e-17	90.5
Laticauda_colubrina_C9B	WNWU01000002.1	583	50	107	156	55900794	55900943	84.000	1.25e-16	89.7
Laticauda_colubrina_C9B	WNWU01000002.1	583	46	157	202	55864926	55865063	84.783	1.42e-16	89.4
Laticauda_colubrina_C9B	WNWU01000002.1	583	54	54	107	55895886	55896047	74.074	2.67e-16	88.6
Laticauda_colubrina_C9B	WNWU01000002.1	583	74	198	271	55906049	55906270	54.054	1.49e-11	73.2
Laticauda_colubrina_C9B	WNWU01000002.1	583	48	536	583	55914704	55914847	62.500	8.77e-11	70.9
Laticauda_colubrina_C9B	WNWU01000002.1	583	49	26	74	55859501	55859647	65.306	3.88e-10	68.6
Laticauda_colubrina_C9B	WNWU01000002.1	583	56	529	583	55235118	55235285	50.000	2.58e-07	59.7
Laticauda_colubrina_C9B	WNWU01000002.1	583	69	457	525	55323181	55322978	42.029	5.61e-07	58.5
Laticauda_colubrina_C9B	WNWU01000002.1	583	79	277	355	55220429	55220665	34.177	6.65e-07	58.2
Laticauda_colubrina_C9B	WNWU01000002.1	583	87	274	360	55271067	55271327	29.885	1.51e-06	57.0
Laticauda_colubrina_C9B	WNWU01000002.1	583	54	530	583	55318861	55318700	46.296	3.56e-06	55.8
Laticauda_colubrina_C9B	WNWU01013601.1	583	232	289	514	1440479	1441129	24.569	3.96e-08	62.0
Laticauda_colubrina_C9B	WNWU01000004.1	583	81	274	354	27760763	27760521	32.099	4.20e-07	58.9
Laticauda_colubrina_C9B	WNWU01000004.1	583	81	277	357	27704829	27705071	29.630	1.34e-06	57.4
Laticauda_colubrina_C9B	WNWU01013381.1	583	189	298	486	631177	630662	22.751	8.62e-06	54.7
Pseudonaja_textilis_C9B	WNWU01000002.1	583	81	274	354	55869090	55869332	88.889	1.56e-37	154
Pseudonaja_textilis_C9B	WNWU01000002.1	583	91	277	367	55908463	55908726	74.725	9.17e-36	149
Pseudonaja_textilis_C9B	WNWU01000002.1	583	80	453	532	55879497	55879736	82.500	1.34e-33	142
Pseudonaja_textilis_C9B	WNWU01000002.1	583	80	453	532	55913605	55913844	75.000	9.84e-31	134
Pseudonaja_textilis_C9B	WNWU01000002.1	583	62	396	457	55877380	55877565	85.484	5.68e-24	112
Pseudonaja_textilis_C9B	WNWU01000002.1	583	50	107	156	55862653	55862802	98.000	9.34e-22	105
Pseudonaja_textilis_C9B	WNWU01000002.1	583	83	196	278	55866608	55866856	61.446	8.41e-21	102
Pseudonaja_textilis_C9B	WNWU01000002.1	583	50	107	156	55900794	55900943	90.000	1.37e-18	95.9
Pseudonaja_textilis_C9B	WNWU01000002.1	583	73	397	468	55911974	55912192	64.384	9.14e-18	93.2
Pseudonaja_textilis_C9B	WNWU01000002.1	583	51	57	107	55861427	55861579	78.431	5.87e-16	87.4
Pseudonaja_textilis_C9B	WNWU01000002.1	583	46	157	202	55864926	55865063	80.435	7.34e-16	87.0
Pseudonaja_textilis_C9B	WNWU01000002.1	583	54	54	107	55895886	55896047	70.370	2.80e-15	85.5
Pseudonaja_textilis_C9B	WNWU01000002.1	583	52	532	583	55881319	55881474	76.923	2.97e-15	85.1
Pseudonaja_textilis_C9B	WNWU01000002.1	583	47	157	203	55902747	55902887	76.596	3.32e-15	85.1
Pseudonaja_textilis_C9B	WNWU01000002.1	583	64	26	89	55859501	55859692	57.812	1.54e-11	73.2
Pseudonaja_textilis_C9B	WNWU01000002.1	583	75	198	272	55906049	55906273	52.000	4.02e-11	72.0
Pseudonaja_textilis_C9B	WNWU01000002.1	583	51	533	583	55914695	55914847	56.863	3.19e-10	68.9
Pseudonaja_textilis_C9B	WNWU01000002.1	583	45	354	398	55873348	55873479	71.111	3.40e-08	62.4
Pseudonaja_textilis_C9B	WNWU01000002.1	583	54	530	583	55318861	55318700	50.000	6.61e-08	61.6
Pseudonaja_textilis_C9B	WNWU01000002.1	583	69	457	525	55323181	55322978	42.029	1.54e-07	60.5
Pseudonaja_textilis_C9B	WNWU01000002.1	583	54	531	583	55235130	55235285	51.852	4.03e-07	58.9
Pseudonaja_textilis_C9B	WNWU01000002.1	583	84	277	360	55220429	55220680	30.952	5.09e-06	55.5
Pseudonaja_textilis_C9B	WNWU01013601.1	583	232	289	514	1440479	1441129	25.431	3.86e-07	58.9
Pseudonaja_textilis_C9B	WNWU01000004.1	583	81	274	354	27760763	27760521	30.864	6.16e-07	58.2
Pseudonaja_textilis_C9B	WNWU01000004.1	583	47	537	583	27725405	27725545	44.681	1.43e-06	57.0
Pseudonaja_textilis_C9B	WNWU01000004.1	583	78	277	354	27704829	27705062	30.769	2.03e-06	56.6
Notechis_scutatus_C9B	WNWU01000002.1	583	78	277	354	55869099	55869332	88.462	1.63e-35	148
Notechis_scutatus_C9B	WNWU01000002.1	583	91	277	367	55908463	55908726	72.527	1.52e-34	145
Notechis_scutatus_C9B	WNWU01000002.1	583	80	453	532	55879497	55879736	83.750	1.59e-34	145
Notechis_scutatus_C9B	WNWU01000002.1	583	82	451	532	55913599	55913844	75.610	1.41e-31	136
Notechis_scutatus_C9B	WNWU01000002.1	583	83	196	278	55866608	55866856	65.060	4.32e-24	113
Notechis_scutatus_C9B	WNWU01000002.1	583	60	398	457	55877386	55877565	85.000	2.46e-23	110
Notechis_scutatus_C9B	WNWU01000002.1	583	50	107	156	55862653	55862802	100.000	3.17e-22	107
Notechis_scutatus_C9B	WNWU01000002.1	583	50	107	156	55900794	55900943	92.000	4.49e-19	97.4
Notechis_scutatus_C9B	WNWU01000002.1	583	52	532	583	55881319	55881474	82.692	4.37e-18	94.4
Notechis_scutatus_C9B	WNWU01000002.1	583	69	400	468	55911986	55912192	60.870	2.59e-17	91.7
Notechis_scutatus_C9B	WNWU01000002.1	583	46	157	202	55864926	55865063	82.609	3.44e-16	88.2
Notechis_scutatus_C9B	WNWU01000002.1	583	50	58	107	55861430	55861579	80.000	8.96e-16	87.0
Notechis_scutatus_C9B	WNWU01000002.1	583	47	157	203	55902747	55902887	78.723	1.26e-15	86.3
Notechis_scutatus_C9B	WNWU01000002.1	583	54	54	107	55895886	55896047	70.370	4.57e-15	84.7
Notechis_scutatus_C9B	WNWU01000002.1	583	79	198	272	55906049	55906273	53.165	1.23e-11	73.6
Notechis_scutatus_C9B	WNWU01000002.1	583	48	536	583	55914704	55914847	62.500	5.20e-11	71.6
Notechis_scutatus_C9B	WNWU01000002.1	583	64	26	89	55859501	55859692	54.688	1.88e-10	69.7
Notechis_scutatus_C9B	WNWU01000002.1	583	45	354	398	55873348	55873479	71.111	1.20e-08	63.9
Notechis_scutatus_C9B	WNWU01000002.1	583	69	457	525	55323181	55322978	42.029	1.60e-07	60.1
Notechis_scutatus_C9B	WNWU01000002.1	583	54	530	583	55318861	55318700	50.000	2.39e-07	59.7
Notechis_scutatus_C9B	WNWU01000002.1	583	55	530	583	55235121	55235285	47.273	8.66e-07	57.8
Notechis_scutatus_C9B	WNWU01000002.1	583	82	274	355	55271067	55271312	29.268	4.88e-06	55.5
Notechis_scutatus_C9B	WNWU01000002.1	583	84	277	360	55220429	55220680	30.952	7.34e-06	54.7
Notechis_scutatus_C9B	WNWU01013601.1	583	232	289	514	1440479	1441129	26.293	4.62e-08	62.0
Notechis_scutatus_C9B	WNWU01000004.1	583	85	274	358	27760763	27760509	29.412	1.71e-06	57.0
Notechis_scutatus_C9B	WNWU01000004.1	583	79	277	355	27704829	27705065	29.114	8.85e-06	54.7
Pituophis_catenifer_C9B	WNWU01000002.1	583	94	274	367	55908454	55908726	88.298	9.60e-44	173
Pituophis_catenifer_C9B	WNWU01000002.1	583	80	453	532	55879497	55879736	90.000	4.97e-38	156
Pituophis_catenifer_C9B	WNWU01000002.1	583	77	277	353	55869099	55869329	85.714	1.04e-33	143
Pituophis_catenifer_C9B	WNWU01000002.1	583	76	198	273	55906049	55906276	92.105	1.64e-32	139
Pituophis_catenifer_C9B	WNWU01000002.1	583	80	453	532	55913605	55913844	75.000	4.50e-31	135
Pituophis_catenifer_C9B	WNWU01000002.1	583	72	397	468	55911977	55912192	81.944	6.81e-25	115
Pituophis_catenifer_C9B	WNWU01000002.1	583	51	533	583	55914695	55914847	92.157	3.75e-22	107
Pituophis_catenifer_C9B	WNWU01000002.1	583	69	107	173	55862653	55862859	71.014	2.11e-21	104
Pituophis_catenifer_C9B	WNWU01000002.1	583	50	107	156	55900794	55900943	98.000	2.79e-21	104
Pituophis_catenifer_C9B	WNWU01000002.1	583	47	157	203	55902747	55902887	95.745	2.01e-20	101
Pituophis_catenifer_C9B	WNWU01000002.1	583	54	54	107	55895886	55896047	87.037	3.91e-20	100
Pituophis_catenifer_C9B	WNWU01000002.1	583	54	404	457	55877404	55877565	72.222	4.08e-16	88.2
Pituophis_catenifer_C9B	WNWU01000002.1	583	51	57	107	55861427	55861579	78.431	8.51e-16	87.0
Pituophis_catenifer_C9B	WNWU01000002.1	583	47	157	203	55864926	55865066	80.851	9.35e-16	87.0
Pituophis_catenifer_C9B	WNWU01000002.1	583	87	198	279	55866614	55866862	52.874	3.80e-14	81.6
Pituophis_catenifer_C9B	WNWU01000002.1	583	52	532	583	55881319	55881474	61.538	1.31e-10	70.1
Pituophis_catenifer_C9B	WNWU01000002.1	583	49	26	74	55859501	55859647	61.224	3.81e-10	68.6
Pituophis_catenifer_C9B	WNWU01000002.1	583	41	355	395	55873351	55873473	80.488	4.08e-10	68.6
Pituophis_catenifer_C9B	WNWU01000002.1	583	44	27	70	55894733	55894864	65.909	1.02e-09	67.4
Pituophis_catenifer_C9B	WNWU01000002.1	583	69	457	525	55230555	55230758	43.478	3.98e-06	55.8
Pituophis_catenifer_C9B	WNWU01000002.1	583	69	457	525	55323181	55322978	40.580	5.18e-06	55.5
Pituophis_catenifer_C9B	WNWU01013601.1	583	231	289	514	1440479	1441129	25.108	4.17e-09	65.5
Pituophis_catenifer_C9B	WNWU01013381.1	583	225	295	516	631186	630572	25.778	2.09e-08	63.2
Pituophis_catenifer_C9B	WNWU01000004.1	583	47	537	583	27725405	27725545	53.191	9.70e-08	60.8
Pituophis_catenifer_C9B	WNWU01000004.1	583	76	277	352	27704829	27705056	36.842	9.68e-07	57.8
Pituophis_catenifer_C9B	WNWU01000004.1	583	81	450	529	27722400	27722642	37.037	3.47e-06	55.8
Pantherophis_obsoletus_C9B	WNWU01000002.1	583	80	453	532	55913605	55913844	96.250	6.30e-40	162
Pantherophis_obsoletus_C9B	WNWU01000002.1	583	81	274	354	55869090	55869332	91.358	5.86e-38	155
Pantherophis_obsoletus_C9B	WNWU01000002.1	583	91	277	367	55908463	55908726	73.626	1.86e-34	145
Pantherophis_obsoletus_C9B	WNWU01000002.1	583	75	198	272	55906049	55906273	92.000	4.48e-32	138
Pantherophis_obsoletus_C9B	WNWU01000002.1	583	80	453	532	55879497	55879736	76.250	1.21e-31	136
Pantherophis_obsoletus_C9B	WNWU01000002.1	583	73	396	468	55911974	55912192	83.562	7.70e-26	118
Pantherophis_obsoletus_C9B	WNWU01000002.1	583	56	528	583	55914680	55914847	83.929	6.46e-22	106
Pantherophis_obsoletus_C9B	WNWU01000002.1	583	69	107	173	55862653	55862859	71.014	2.63e-21	104
Pantherophis_obsoletus_C9B	WNWU01000002.1	583	50	107	156	55900794	55900943	98.000	3.60e-21	103
Pantherophis_obsoletus_C9B	WNWU01000002.1	583	47	157	203	55902747	55902887	95.745	2.38e-20	101
Pantherophis_obsoletus_C9B	WNWU01000002.1	583	54	54	107	55895886	55896047	87.037	3.04e-20	101
Pantherophis_obsoletus_C9B	WNWU01000002.1	583	51	57	107	55861427	55861579	82.353	7.23e-18	93.6
Pantherophis_obsoletus_C9B	WNWU01000002.1	583	57	401	457	55877395	55877565	70.175	2.19e-16	89.0
Pantherophis_obsoletus_C9B	WNWU01000002.1	583	46	157	202	55864926	55865063	82.609	1.06e-15	86.7
Pantherophis_obsoletus_C9B	WNWU01000002.1	583	85	198	278	55866614	55866856	54.118	3.10e-15	85.1
Pantherophis_obsoletus_C9B	WNWU01000002.1	583	49	26	74	55859501	55859647	67.347	2.23e-11	72.8
Pantherophis_obsoletus_C9B	WNWU01000002.1	583	52	532	583	55881319	55881474	61.538	7.39e-11	70.9
Pantherophis_obsoletus_C9B	WNWU01000002.1	583	42	354	395	55873348	55873473	78.571	9.68e-10	67.4
Pantherophis_obsoletus_C9B	WNWU01000002.1	583	69	457	525	55323181	55322978	39.130	6.43e-07	58.2
Pantherophis_obsoletus_C9B	WNWU01000002.1	583	86	275	360	55220423	55220680	32.558	2.15e-06	56.6
Pantherophis_obsoletus_C9B	WNWU01000002.1	583	39	32	70	55894748	55894864	61.538	2.33e-06	56.6
Pantherophis_obsoletus_C9B	WNWU01000002.1	583	84	277	360	55271076	55271327	29.762	5.35e-06	55.1
Pantherophis_obsoletus_C9B	WNWU01000002.1	583	73	457	529	55230555	55230770	38.356	9.80e-06	54.3
Pantherophis_obsoletus_C9B	WNWU01013601.1	583	232	289	514	1440479	1441129	25.431	8.98e-09	64.3
Pantherophis_obsoletus_C9B	WNWU01000004.1	583	47	537	583	27725405	27725545	55.319	6.55e-08	61.6
Pantherophis_obsoletus_C9B	WNWU01000004.1	583	82	274	355	27704820	27705065	34.146	1.58e-07	60.1
Pantherophis_obsoletus_C9B	WNWU01000004.1	583	85	274	358	27760763	27760509	29.412	2.25e-06	56.6
Pantherophis_obsoletus_C9B	WNWU01000004.1	583	75	450	523	27722400	27722624	37.333	5.26e-06	55.5
Pantherophis_obsoletus_C9B	WNWU01000004.1	583	51	16	66	27691223	27691369	47.059	6.03e-06	55.1
Crotalus_tigris_C9B	WNWU01000002.1	583	94	274	367	55908454	55908726	77.660	2.37e-37	154
Crotalus_tigris_C9B	WNWU01000002.1	583	80	453	532	55879497	55879736	80.000	9.68e-34	143
Crotalus_tigris_C9B	WNWU01000002.1	583	77	277	353	55869099	55869329	81.818	3.32e-32	138
Crotalus_tigris_C9B	WNWU01000002.1	583	80	453	532	55913605	55913844	76.250	7.76e-32	137
Crotalus_tigris_C9B	WNWU01000002.1	583	78	195	272	55906040	55906273	66.667	1.03e-21	105
Crotalus_tigris_C9B	WNWU01000002.1	583	51	533	583	55914695	55914847	88.235	3.05e-21	104
Crotalus_tigris_C9B	WNWU01000002.1	583	72	397	468	55911977	55912192	72.222	3.09e-20	101
Crotalus_tigris_C9B	WNWU01000002.1	583	50	107	156	55862653	55862802	92.000	1.61e-19	99.0
Crotalus_tigris_C9B	WNWU01000002.1	583	54	54	107	55895886	55896047	77.778	3.43e-18	94.7
Crotalus_tigris_C9B	WNWU01000002.1	583	57	401	457	55877395	55877565	75.439	3.55e-18	94.7
Crotalus_tigris_C9B	WNWU01000002.1	583	51	57	107	55861427	55861579	80.392	8.76e-18	93.2
Crotalus_tigris_C9B	WNWU01000002.1	583	64	107	170	55900794	55900985	71.875	1.03e-17	93.2
Crotalus_tigris_C9B	WNWU01000002.1	583	47	157	203	55902747	55902887	82.979	7.44e-17	90.5
Crotalus_tigris_C9B	WNWU01000002.1	583	85	196	279	55866608	55866862	49.412	5.59e-14	81.3
Crotalus_tigris_C9B	WNWU01000002.1	583	46	157	202	55864926	55865063	73.913	1.12e-13	80.1
Crotalus_tigris_C9B	WNWU01000002.1	583	52	532	583	55881319	55881474	61.538	8.26e-12	73.9
Crotalus_tigris_C9B	WNWU01000002.1	583	49	26	74	55859501	55859647	61.224	2.22e-09	66.2
Crotalus_tigris_C9B	WNWU01000002.1	583	45	26	70	55894736	55894864	60.000	1.76e-06	57.0
Crotalus_tigris_C9B	WNWU01000002.1	583	39	355	393	55910405	55910521	66.667	2.01e-06	56.6
Crotalus_tigris_C9B	WNWU01000002.1	583	69	457	525	55323181	55322978	39.130	3.08e-06	56.2
Crotalus_tigris_C9B	WNWU01013601.1	583	231	289	514	1440479	1441129	26.407	1.33e-09	67.0
Crotalus_tigris_C9B	WNWU01000004.1	583	47	537	583	27725405	27725545	53.191	1.38e-07	60.5
Crotalus_tigris_C9B	WNWU01000004.1	583	75	277	351	27704829	27705053	36.000	4.11e-06	55.5
Ptyas_mucosa_C9B	WNWU01000002.1	583	94	274	367	55908454	55908726	89.362	2.05e-44	175
Ptyas_mucosa_C9B	WNWU01000002.1	583	81	453	533	55913605	55913847	96.296	6.06e-41	165
Ptyas_mucosa_C9B	WNWU01000002.1	583	76	198	273	55906049	55906276	96.053	2.31e-34	145
Ptyas_mucosa_C9B	WNWU01000002.1	583	77	277	353	55869099	55869329	85.714	9.68e-34	143
Ptyas_mucosa_C9B	WNWU01000002.1	583	80	453	532	55879497	55879736	75.000	2.13e-30	132
Ptyas_mucosa_C9B	WNWU01000002.1	583	73	396	468	55911974	55912192	86.301	1.02e-26	121
Ptyas_mucosa_C9B	WNWU01000002.1	583	56	528	583	55914680	55914847	94.643	2.21e-25	117
Ptyas_mucosa_C9B	WNWU01000002.1	583	51	57	107	55861427	55861579	98.039	9.61e-23	108
Ptyas_mucosa_C9B	WNWU01000002.1	583	50	107	156	55900794	55900943	100.000	3.59e-22	107
Ptyas_mucosa_C9B	WNWU01000002.1	583	47	157	203	55902747	55902887	97.872	3.51e-21	103
Ptyas_mucosa_C9B	WNWU01000002.1	583	69	107	173	55862653	55862859	69.565	1.51e-20	102
Ptyas_mucosa_C9B	WNWU01000002.1	583	54	54	107	55895886	55896047	77.778	1.16e-17	92.8
Ptyas_mucosa_C9B	WNWU01000002.1	583	57	401	457	55877395	55877565	68.421	1.74e-15	85.9
Ptyas_mucosa_C9B	WNWU01000002.1	583	46	157	202	55864926	55865063	80.435	3.21e-15	85.1
Ptyas_mucosa_C9B	WNWU01000002.1	583	41	355	395	55910405	55910527	100.000	1.08e-14	83.6
Ptyas_mucosa_C9B	WNWU01000002.1	583	89	196	279	55866608	55866862	51.685	1.10e-14	83.6
Ptyas_mucosa_C9B	WNWU01000002.1	583	44	27	70	55894733	55894864	77.273	2.38e-12	75.9
Ptyas_mucosa_C9B	WNWU01000002.1	583	52	532	583	55881319	55881474	63.462	2.03e-11	72.8
Ptyas_mucosa_C9B	WNWU01000002.1	583	45	30	74	55859513	55859647	55.556	9.68e-07	57.8
Ptyas_mucosa_C9B	WNWU01000002.1	583	44	536	579	55318843	55318712	52.273	6.79e-06	55.1
Ptyas_mucosa_C9B	WNWU01000002.1	583	69	457	525	55323181	55322978	37.681	7.92e-06	54.7
Ptyas_mucosa_C9B	WNWU01013601.1	583	232	289	514	1440479	1441129	25.431	1.87e-08	63.2
Ptyas_mucosa_C9B	WNWU01000004.1	583	47	537	583	27725405	27725545	53.191	6.39e-08	61.6
Ptyas_mucosa_C9B	WNWU01000004.1	583	76	277	352	27704829	27705056	36.842	1.03e-06	57.8
Ptyas_mucosa_C9B	WNWU01013381.1	583	193	295	486	631186	630662	25.907	5.95e-07	58.5
