Ptyas_mucosa_C9A	WNWU01000002.1	584	81	274	354	55869090	55869332	100.000	3.36e-43	171
Ptyas_mucosa_C9A	WNWU01000002.1	584	80	453	532	55879497	55879736	96.250	4.36e-40	162
Ptyas_mucosa_C9A	WNWU01000002.1	584	76	198	273	55866614	55866841	96.053	5.80e-36	150
Ptyas_mucosa_C9A	WNWU01000002.1	584	91	277	367	55908463	55908726	74.725	1.18e-34	145
Ptyas_mucosa_C9A	WNWU01000002.1	584	80	453	532	55913605	55913844	73.750	4.08e-30	132
Ptyas_mucosa_C9A	WNWU01000002.1	584	61	397	457	55877383	55877565	98.361	1.06e-27	124
Ptyas_mucosa_C9A	WNWU01000002.1	584	53	532	584	55881319	55881477	100.000	4.38e-25	116
Ptyas_mucosa_C9A	WNWU01000002.1	584	51	57	107	55861427	55861579	98.039	1.46e-22	108
Ptyas_mucosa_C9A	WNWU01000002.1	584	50	107	156	55862653	55862802	100.000	4.58e-22	107
Ptyas_mucosa_C9A	WNWU01000002.1	584	47	157	203	55864926	55865066	97.872	5.14e-21	103
Ptyas_mucosa_C9A	WNWU01000002.1	584	50	107	156	55900794	55900943	92.000	6.39e-19	97.1
Ptyas_mucosa_C9A	WNWU01000002.1	584	54	54	107	55895886	55896047	77.778	2.53e-17	92.0
Ptyas_mucosa_C9A	WNWU01000002.1	584	69	400	468	55911986	55912192	60.870	1.07e-16	89.7
Ptyas_mucosa_C9A	WNWU01000002.1	584	42	354	395	55873348	55873473	100.000	8.92e-16	87.0
Ptyas_mucosa_C9A	WNWU01000002.1	584	47	157	203	55902747	55902887	78.723	2.19e-15	85.5
Ptyas_mucosa_C9A	WNWU01000002.1	584	79	198	272	55906049	55906273	55.696	2.24e-14	82.4
Ptyas_mucosa_C9A	WNWU01000002.1	584	49	26	74	55859501	55859647	73.469	7.02e-13	77.4
Ptyas_mucosa_C9A	WNWU01000002.1	584	49	536	584	55914704	55914850	67.347	1.81e-11	73.2
Ptyas_mucosa_C9A	WNWU01000002.1	584	54	530	583	55318861	55318700	50.000	1.17e-07	60.8
Ptyas_mucosa_C9A	WNWU01000002.1	584	50	535	583	55235136	55235285	54.000	4.21e-07	58.9
Ptyas_mucosa_C9A	WNWU01000002.1	584	78	457	534	55323181	55322957	42.308	6.45e-07	58.2
Ptyas_mucosa_C9A	WNWU01000002.1	584	91	277	367	55220429	55220701	31.868	2.23e-06	56.6
Ptyas_mucosa_C9A	WNWU01000002.1	584	39	32	70	55894748	55894864	61.538	3.04e-06	56.2
Ptyas_mucosa_C9A	WNWU01013601.1	584	231	289	514	1440479	1441129	25.108	3.81e-08	62.4
Ptyas_mucosa_C9A	WNWU01000004.1	584	82	274	355	27704820	27705065	34.146	2.19e-07	59.7
Ptyas_mucosa_C9A	WNWU01013381.1	584	232	298	516	631177	630572	25.000	2.48e-07	59.7
Ptyas_mucosa_C9B	WNWU01000002.1	582	94	272	365	55908454	55908726	89.362	2.17e-44	175
Ptyas_mucosa_C9B	WNWU01000002.1	582	80	451	530	55913605	55913844	97.500	7.99e-41	164
Ptyas_mucosa_C9B	WNWU01000002.1	582	76	196	271	55906049	55906276	96.053	2.45e-34	145
Ptyas_mucosa_C9B	WNWU01000002.1	582	77	275	351	55869099	55869329	85.714	1.25e-33	142
Ptyas_mucosa_C9B	WNWU01000002.1	582	80	451	530	55879497	55879736	75.000	2.61e-30	132
Ptyas_mucosa_C9B	WNWU01000002.1	582	73	394	466	55911974	55912192	86.301	1.04e-26	121
Ptyas_mucosa_C9B	WNWU01000002.1	582	57	526	582	55914680	55914850	94.737	2.39e-25	117
Ptyas_mucosa_C9B	WNWU01000002.1	582	54	52	105	55895886	55896047	94.444	1.05e-23	112
Ptyas_mucosa_C9B	WNWU01000002.1	582	50	105	154	55900794	55900943	100.000	4.72e-22	107
Ptyas_mucosa_C9B	WNWU01000002.1	582	47	155	201	55902747	55902887	97.872	4.49e-21	103
Ptyas_mucosa_C9B	WNWU01000002.1	582	69	105	171	55862653	55862859	69.565	1.61e-20	102
Ptyas_mucosa_C9B	WNWU01000002.1	582	51	55	105	55861427	55861579	80.392	4.25e-17	91.3
Ptyas_mucosa_C9B	WNWU01000002.1	582	57	399	455	55877395	55877565	68.421	1.95e-15	85.9
Ptyas_mucosa_C9B	WNWU01000002.1	582	46	155	200	55864926	55865063	80.435	3.90e-15	84.7
Ptyas_mucosa_C9B	WNWU01000002.1	582	41	353	393	55910405	55910527	100.000	1.11e-14	83.6
Ptyas_mucosa_C9B	WNWU01000002.1	582	89	194	277	55866608	55866862	51.685	1.31e-14	83.2
Ptyas_mucosa_C9B	WNWU01000002.1	582	43	26	68	55894736	55894864	74.419	1.42e-11	73.2
Ptyas_mucosa_C9B	WNWU01000002.1	582	53	530	582	55881319	55881477	64.151	1.79e-11	73.2
Ptyas_mucosa_C9B	WNWU01000002.1	582	45	28	72	55859513	55859647	53.333	1.13e-06	57.4
Ptyas_mucosa_C9B	WNWU01000002.1	582	44	534	577	55318843	55318712	52.273	7.70e-06	54.7
Ptyas_mucosa_C9B	WNWU01000002.1	582	69	455	523	55323181	55322978	37.681	8.60e-06	54.7
Ptyas_mucosa_C9B	WNWU01013601.1	582	232	287	512	1440479	1441129	25.431	1.98e-08	63.2
Ptyas_mucosa_C9B	WNWU01000004.1	582	48	535	582	27725405	27725548	54.167	5.46e-08	61.6
Ptyas_mucosa_C9B	WNWU01000004.1	582	76	275	350	27704829	27705056	36.842	1.04e-06	57.4
Ptyas_mucosa_C9B	WNWU01013381.1	582	193	293	484	631186	630662	25.907	6.09e-07	58.2
