Lacerta_agilis_C9A	OZ258364.1	589	83	277	359	243646588	243646836	80.723	2.62e-35	147
Lacerta_agilis_C9A	OZ258364.1	589	77	458	534	243650884	243651114	77.922	8.51e-31	134
Lacerta_agilis_C9A	OZ258364.1	589	47	155	201	243641620	243641760	91.489	1.26e-19	99.0
Lacerta_agilis_C9A	OZ258364.1	589	59	400	458	243649654	243649830	74.576	1.07e-17	92.8
Lacerta_agilis_C9A	OZ258364.1	589	57	100	154	243640315	243640485	77.193	5.39e-17	90.5
Lacerta_agilis_C9A	OZ258364.1	589	53	53	105	243639457	243639615	67.925	1.95e-15	85.5
Lacerta_agilis_C9A	OZ258364.1	589	75	201	275	243644557	243644775	48.000	1.40e-11	73.2
Lacerta_agilis_C9A	OZ258364.1	589	60	470	529	243040645	243040466	48.333	2.89e-08	62.4
Lacerta_agilis_C9A	OZ258364.1	589	38	26	62	243638677	243638790	73.684	1.05e-06	57.4
Lacerta_agilis_C9A	OZ258367.1	589	200	296	495	106624737	106625285	28.000	1.27e-11	73.2
Lacerta_agilis_C9A	OZ258367.1	589	222	300	516	106599049	106599672	25.676	2.75e-09	65.9
Lacerta_agilis_C9A	OZ258367.1	589	222	300	516	106610242	106610865	25.676	3.21e-09	65.5
Lacerta_agilis_C9A	OZ258367.1	589	228	296	517	109631959	109632585	24.123	8.12e-08	60.8
Lacerta_agilis_C9A	OZ258366.1	589	90	268	357	64399525	64399271	27.778	1.76e-06	56.6
Lacerta_agilis_C9A	OZ258366.1	589	78	279	356	64355526	64355759	33.333	2.23e-06	56.2
Lacerta_agilis_C9A	OZ258366.1	589	51	532	581	64388659	64388507	47.059	3.62e-06	55.5
Lacerta_agilis_C9A	OZ258366.1	589	67	461	526	64375169	64375369	37.313	5.58e-06	55.1
Zootoca_vivipara_C9A	OZ258364.1	589	83	277	359	243646588	243646836	81.928	1.13e-35	149
Zootoca_vivipara_C9A	OZ258364.1	589	77	458	534	243650884	243651114	76.623	3.91e-30	132
Zootoca_vivipara_C9A	OZ258364.1	589	47	155	201	243641620	243641760	91.489	1.37e-19	99.0
Zootoca_vivipara_C9A	OZ258364.1	589	61	398	458	243649648	243649830	72.131	4.31e-17	90.9
Zootoca_vivipara_C9A	OZ258364.1	589	57	100	154	243640315	243640485	75.439	8.45e-17	90.1
Zootoca_vivipara_C9A	OZ258364.1	589	54	53	106	243639457	243639618	68.519	5.60e-16	87.4
Zootoca_vivipara_C9A	OZ258364.1	589	75	201	275	243644557	243644775	49.333	1.18e-12	76.6
Zootoca_vivipara_C9A	OZ258364.1	589	60	470	529	243040645	243040466	46.667	5.58e-08	61.6
Zootoca_vivipara_C9A	OZ258367.1	589	222	300	516	106610242	106610865	26.126	3.68e-08	62.0
Zootoca_vivipara_C9A	OZ258367.1	589	222	300	516	106599049	106599672	26.126	3.97e-08	62.0
Zootoca_vivipara_C9A	OZ258367.1	589	228	296	517	109631959	109632585	23.684	1.25e-06	57.0
Zootoca_vivipara_C9A	OZ258366.1	589	67	461	526	64375169	64375369	38.806	2.30e-06	56.2
Zootoca_vivipara_C9A	OZ258366.1	589	90	268	357	64399525	64399271	27.778	2.57e-06	56.2
Zootoca_vivipara_C9A	OZ258366.1	589	78	279	356	64355526	64355759	33.333	3.59e-06	55.5
Podarcis_muralis_C9A	OZ258364.1	589	83	277	359	243646588	243646836	84.337	1.07e-36	152
Podarcis_muralis_C9A	OZ258364.1	589	77	458	534	243650884	243651114	72.727	1.07e-28	127
Podarcis_muralis_C9A	OZ258364.1	589	47	155	201	243641620	243641760	91.489	1.30e-19	99.0
Podarcis_muralis_C9A	OZ258364.1	589	57	100	154	243640315	243640485	77.193	5.16e-17	90.9
Podarcis_muralis_C9A	OZ258364.1	589	53	53	105	243639457	243639615	67.925	2.93e-15	85.1
Podarcis_muralis_C9A	OZ258364.1	589	59	400	458	243649654	243649830	66.102	4.54e-15	84.3
Podarcis_muralis_C9A	OZ258364.1	589	76	201	275	243644557	243644775	50.000	1.21e-10	70.1
Podarcis_muralis_C9A	OZ258364.1	589	60	470	529	243040645	243040466	45.000	3.35e-08	62.4
Podarcis_muralis_C9A	OZ258364.1	589	35	29	62	243638686	243638790	74.286	4.29e-06	55.5
Podarcis_muralis_C9A	OZ258367.1	589	226	300	516	106610242	106610865	27.876	4.44e-09	65.1
Podarcis_muralis_C9A	OZ258367.1	589	226	300	516	106599049	106599672	27.876	4.83e-09	65.1
Podarcis_muralis_C9A	OZ258367.1	589	237	296	525	109631959	109632612	23.629	4.79e-06	55.1
Podarcis_muralis_C9A	OZ258366.1	589	90	268	357	64399525	64399271	28.889	1.01e-06	57.4
Podarcis_muralis_C9A	OZ258366.1	589	52	531	581	64388662	64388507	48.077	1.47e-06	57.0
Podarcis_muralis_C9A	OZ258366.1	589	67	461	526	64375169	64375369	38.806	1.73e-06	56.6
Anolis_carolinensis_C9A	OZ258364.1	591	84	278	361	243646585	243646836	66.667	1.92e-28	126
Anolis_carolinensis_C9A	OZ258364.1	591	75	463	537	243650893	243651117	68.000	9.44e-26	118
Anolis_carolinensis_C9A	OZ258364.1	591	62	148	202	243641575	243641760	67.742	2.46e-17	91.7
Anolis_carolinensis_C9A	OZ258364.1	591	52	56	107	243639463	243639618	65.385	3.14e-13	78.6
Anolis_carolinensis_C9A	OZ258364.1	591	60	402	461	243649654	243649833	55.000	1.22e-11	73.6
Anolis_carolinensis_C9A	OZ258364.1	591	49	108	155	243640339	243640485	69.388	2.63e-11	72.4
Anolis_carolinensis_C9A	OZ258364.1	591	39	26	64	243638677	243638793	64.103	3.57e-08	62.0
Anolis_carolinensis_C9A	OZ258364.1	591	71	461	531	243040675	243040466	39.437	1.20e-07	60.5
Anolis_carolinensis_C9A	OZ258364.1	591	77	201	277	243644554	243644775	36.364	4.33e-07	58.5
Anolis_carolinensis_C9A	OZ258364.1	591	79	281	359	242990042	242990278	34.177	8.49e-07	57.8
Anolis_carolinensis_C9A	OZ258364.1	591	117	246	358	243016902	243017252	31.624	1.30e-06	57.0
Anolis_carolinensis_C9A	OZ258367.1	591	194	302	492	106624749	106625270	27.835	2.16e-09	66.2
Anolis_carolinensis_C9A	OZ258367.1	591	222	302	518	106610242	106610865	25.225	2.14e-08	62.8
Anolis_carolinensis_C9A	OZ258367.1	591	222	302	518	106599049	106599672	25.225	2.18e-08	62.8
Anolis_carolinensis_C9A	OZ258366.1	591	79	281	359	64399507	64399271	34.177	1.69e-08	63.2
Anolis_carolinensis_C9A	OZ258366.1	591	79	451	528	64375133	64375369	34.177	7.50e-08	61.2
Anolis_carolinensis_C9A	OZ258366.1	591	38	542	579	64376070	64376183	57.895	5.86e-06	55.1
Anolis_carolinensis_C9A	OZ258371.1	591	63	532	591	34281763	34281945	42.857	7.82e-06	54.7
Pogona_vitticeps_C9A	OZ258364.1	576	84	257	340	243646579	243646830	60.714	2.87e-24	113
Pogona_vitticeps_C9A	OZ258364.1	576	76	441	516	243650884	243651111	67.105	3.49e-24	113
Pogona_vitticeps_C9A	OZ258364.1	576	51	156	206	243641620	243641772	76.471	3.79e-18	94.4
Pogona_vitticeps_C9A	OZ258364.1	576	104	53	155	243640252	243640485	44.231	6.30e-13	77.4
Pogona_vitticeps_C9A	OZ258364.1	576	52	56	107	243639463	243639618	61.538	1.81e-12	75.9
Pogona_vitticeps_C9A	OZ258364.1	576	60	383	442	243649654	243649833	60.000	2.36e-12	75.5
Pogona_vitticeps_C9A	OZ258364.1	576	40	25	64	243638674	243638793	72.500	2.09e-09	66.2
Pogona_vitticeps_C9A	OZ258364.1	576	50	524	572	243020738	243020887	64.000	5.78e-09	64.7
Pogona_vitticeps_C9A	OZ258364.1	576	53	520	571	242996684	242996842	50.943	8.95e-08	60.8
Pogona_vitticeps_C9A	OZ258364.1	576	68	443	510	243040672	243040472	42.647	1.44e-07	60.1
Pogona_vitticeps_C9A	OZ258364.1	576	52	520	571	243651907	243652062	67.308	3.78e-07	58.9
Pogona_vitticeps_C9A	OZ258364.1	576	107	237	339	243016932	243017252	31.776	1.58e-06	56.6
Pogona_vitticeps_C9A	OZ258364.1	576	79	262	340	242990042	242990278	35.443	2.24e-06	56.2
Pogona_vitticeps_C9A	OZ258367.1	576	223	283	499	106610242	106610865	28.700	8.84e-12	73.9
Pogona_vitticeps_C9A	OZ258367.1	576	223	283	499	106599049	106599672	28.700	9.97e-12	73.6
Pogona_vitticeps_C9A	OZ258367.1	576	223	279	499	106624737	106625351	24.215	9.17e-09	63.9
Pogona_vitticeps_C9A	OZ258367.1	576	239	284	508	107175655	107176269	23.013	1.44e-06	57.0
Pogona_vitticeps_C9A	OZ258366.1	576	93	423	509	64375091	64375369	34.409	1.35e-08	63.5
Pogona_vitticeps_C9A	OZ258366.1	576	43	521	563	64376055	64376183	62.791	2.12e-08	62.8
Pogona_vitticeps_C9A	OZ258366.1	576	88	253	340	64399528	64399271	34.091	2.19e-08	62.8
Pogona_vitticeps_C9A	OZ258366.1	576	48	520	567	64388653	64388510	54.167	4.33e-08	62.0
Pogona_vitticeps_C9A	OZ258366.1	576	83	257	339	64355511	64355759	32.530	1.15e-06	57.4
Pogona_vitticeps_C9A	OZ258371.1	576	52	523	571	34281778	34281933	50.000	8.60e-06	54.3
Gekko_japonicus_C9A	OZ258364.1	582	84	292	375	243646585	243646836	64.286	1.03e-25	118
Gekko_japonicus_C9A	OZ258364.1	582	70	455	524	243650887	243651096	75.714	2.09e-23	110
Gekko_japonicus_C9A	OZ258364.1	582	45	173	217	243641620	243641754	77.778	5.30e-14	80.9
Gekko_japonicus_C9A	OZ258364.1	582	60	124	181	243640339	243640518	60.000	5.87e-13	77.8
Gekko_japonicus_C9A	OZ258364.1	582	54	69	122	243639463	243639615	61.111	8.37e-12	73.9
Gekko_japonicus_C9A	OZ258364.1	582	67	457	523	243040669	243040472	44.776	7.24e-09	64.3
Gekko_japonicus_C9A	OZ258364.1	582	64	390	453	243649636	243649827	42.188	6.52e-07	58.2
Gekko_japonicus_C9A	OZ258364.1	582	95	291	384	243017007	243017291	30.526	7.66e-07	57.8
Gekko_japonicus_C9A	OZ258364.1	582	102	427	526	243019993	243020271	29.412	1.43e-06	57.0
Gekko_japonicus_C9A	OZ258364.1	582	39	39	77	243638677	243638793	61.538	2.20e-06	56.2
Gekko_japonicus_C9A	OZ258364.1	582	79	295	373	242990042	242990278	31.646	2.84e-06	55.8
Gekko_japonicus_C9A	OZ258367.1	582	214	312	512	106624737	106625351	29.439	1.52e-14	82.8
Gekko_japonicus_C9A	OZ258367.1	582	214	316	513	106610242	106610868	26.636	5.98e-10	67.8
Gekko_japonicus_C9A	OZ258367.1	582	214	316	513	106599049	106599675	26.636	6.24e-10	67.8
Gekko_japonicus_C9A	OZ258367.1	582	212	307	512	107055013	107054408	25.000	1.40e-07	60.1
Gekko_japonicus_C9A	OZ258367.1	582	202	311	498	109631956	109632543	25.743	2.33e-07	59.3
Gekko_japonicus_C9A	OZ258367.1	582	194	311	498	107073019	107072459	24.742	4.44e-07	58.5
Gekko_japonicus_C9A	OZ258366.1	582	57	466	522	64375199	64375369	38.596	2.93e-07	59.3
Gekko_japonicus_C9A	OZ258366.1	582	71	302	372	64355547	64355759	35.211	1.45e-06	57.0
Gekko_japonicus_C9A	OZ258366.1	582	99	275	373	64399555	64399271	31.313	1.80e-06	56.6
Crotalus_tigris_C9A	OZ258364.1	583	75	276	350	243646591	243646815	64.000	1.64e-24	114
Crotalus_tigris_C9A	OZ258364.1	583	74	459	532	243650893	243651114	62.162	2.92e-22	107
Crotalus_tigris_C9A	OZ258364.1	583	63	157	215	243641620	243641808	61.905	1.63e-15	85.9
Crotalus_tigris_C9A	OZ258364.1	583	50	108	156	243640336	243640485	72.000	3.43e-14	81.6
Crotalus_tigris_C9A	OZ258364.1	583	56	402	457	243649666	243649833	53.571	1.44e-10	70.1
Crotalus_tigris_C9A	OZ258364.1	583	54	54	107	243639457	243639615	53.704	1.06e-08	63.9
Crotalus_tigris_C9A	OZ258364.1	583	39	25	63	243638674	243638790	56.410	2.98e-06	55.8
Crotalus_tigris_C9A	OZ258364.1	583	69	457	525	243040675	243040472	37.681	5.26e-06	55.1
Crotalus_tigris_C9A	OZ258367.1	583	222	294	514	106624737	106625351	27.477	9.08e-11	70.5
Crotalus_tigris_C9A	OZ258367.1	583	224	298	514	106599049	106599672	28.125	2.71e-10	68.9
Crotalus_tigris_C9A	OZ258367.1	583	224	298	514	106610242	106610865	28.125	2.93e-10	68.9
Crotalus_tigris_C9A	OZ258367.1	583	231	299	523	107175655	107176269	24.675	3.31e-08	62.4
Crotalus_tigris_C9A	OZ258366.1	583	99	254	350	64399567	64399286	32.323	1.41e-06	57.0
Crotalus_tigris_C9A	OZ258366.1	583	47	537	583	64376067	64376207	48.936	1.65e-06	56.6
Crotalus_tigris_C9A	OZ258366.1	583	79	447	524	64375133	64375369	34.177	1.93e-06	56.6
Thamnophis_elegans_C9A	OZ258364.1	583	79	276	354	243646591	243646827	63.291	7.68e-25	115
Thamnophis_elegans_C9A	OZ258364.1	583	73	460	532	243650896	243651114	65.753	4.90e-22	106
Thamnophis_elegans_C9A	OZ258364.1	583	47	157	203	243641620	243641760	74.468	6.21e-14	80.9
Thamnophis_elegans_C9A	OZ258364.1	583	50	108	156	243640336	243640485	68.000	6.12e-12	74.3
Thamnophis_elegans_C9A	OZ258364.1	583	59	399	457	243649657	243649833	45.763	1.44e-10	70.1
Thamnophis_elegans_C9A	OZ258364.1	583	55	530	583	242996678	242996842	50.909	7.08e-09	64.3
Thamnophis_elegans_C9A	OZ258364.1	583	54	54	107	243639457	243639615	51.852	1.19e-08	63.5
Thamnophis_elegans_C9A	OZ258364.1	583	50	535	583	243020735	243020884	56.000	5.30e-08	61.6
Thamnophis_elegans_C9A	OZ258364.1	583	72	202	271	243644554	243644769	45.833	6.44e-08	61.2
Thamnophis_elegans_C9A	OZ258364.1	583	39	25	63	243638674	243638790	58.974	7.97e-08	60.8
Thamnophis_elegans_C9A	OZ258367.1	583	265	298	549	106599049	106599780	27.547	5.61e-10	68.2
Thamnophis_elegans_C9A	OZ258367.1	583	229	298	514	106610242	106610865	29.258	6.82e-10	67.8
Thamnophis_elegans_C9A	OZ258367.1	583	221	298	514	106624749	106625351	27.602	2.68e-09	65.9
Thamnophis_elegans_C9A	OZ258366.1	583	43	537	579	64376067	64376195	55.814	6.37e-07	58.2
Thamnophis_elegans_C9A	OZ258366.1	583	50	530	579	64388659	64388510	44.000	2.66e-06	56.2
Naja_naja_C9A	OZ258364.1	582	78	276	353	243646591	243646824	66.667	1.44e-26	120
Naja_naja_C9A	OZ258364.1	582	74	458	531	243650893	243651114	64.865	3.61e-22	107
Naja_naja_C9A	OZ258364.1	582	50	108	156	243640336	243640485	76.000	2.02e-14	82.4
Naja_naja_C9A	OZ258364.1	582	47	157	203	243641620	243641760	70.213	8.21e-14	80.5
Naja_naja_C9A	OZ258364.1	582	55	402	456	243649669	243649833	56.364	1.33e-10	70.1
Naja_naja_C9A	OZ258364.1	582	60	54	110	243639457	243639633	51.667	3.19e-09	65.5
Naja_naja_C9A	OZ258364.1	582	40	25	64	243638674	243638793	60.000	1.10e-07	60.5
Naja_naja_C9A	OZ258364.1	582	69	456	524	243040675	243040472	36.232	6.06e-06	54.7
Naja_naja_C9A	OZ258367.1	582	221	294	513	106624737	106625351	27.149	4.02e-13	78.2
Naja_naja_C9A	OZ258367.1	582	224	298	513	106599049	106599672	24.107	8.35e-07	57.8
Naja_naja_C9A	OZ258367.1	582	224	298	513	106610242	106610865	24.107	9.24e-07	57.4
Naja_naja_C9A	OZ258366.1	582	99	254	350	64399567	64399286	34.343	3.47e-07	58.9
Naja_naja_C9A	OZ258366.1	582	50	533	582	64376058	64376207	50.000	4.05e-07	58.5
Naja_naja_C9A	OZ258366.1	582	79	446	523	64375133	64375369	32.911	3.12e-06	55.8
Pseudonaja_textilis_C9A	OZ258364.1	583	78	276	353	243646591	243646824	66.667	1.45e-26	120
Pseudonaja_textilis_C9A	OZ258364.1	583	74	459	532	243650893	243651114	68.919	1.34e-23	111
Pseudonaja_textilis_C9A	OZ258364.1	583	47	157	203	243641620	243641760	70.213	8.11e-14	80.5
Pseudonaja_textilis_C9A	OZ258364.1	583	50	108	156	243640336	243640485	72.000	1.00e-13	80.1
Pseudonaja_textilis_C9A	OZ258364.1	583	55	403	457	243649669	243649833	54.545	7.85e-11	70.9
Pseudonaja_textilis_C9A	OZ258364.1	583	54	54	107	243639457	243639615	53.704	6.55e-09	64.7
Pseudonaja_textilis_C9A	OZ258364.1	583	40	25	64	243638674	243638793	62.500	2.97e-08	62.4
Pseudonaja_textilis_C9A	OZ258364.1	583	71	457	527	243040675	243040466	36.620	5.83e-06	55.1
Pseudonaja_textilis_C9A	OZ258367.1	583	222	294	514	106624737	106625351	25.676	6.73e-12	74.3
Pseudonaja_textilis_C9A	OZ258367.1	583	224	298	514	106610242	106610865	25.446	9.14e-08	60.8
Pseudonaja_textilis_C9A	OZ258367.1	583	224	298	514	106599049	106599672	25.446	9.70e-08	60.8
Pseudonaja_textilis_C9A	OZ258366.1	583	46	534	579	64376058	64376195	54.348	1.97e-07	59.7
Pseudonaja_textilis_C9A	OZ258366.1	583	99	254	350	64399567	64399286	33.333	5.20e-07	58.5
Pseudonaja_textilis_C9A	OZ258366.1	583	79	447	524	64375133	64375369	32.911	1.93e-06	56.6
Python_bivittatus_C9A	OZ258364.1	582	80	276	355	243646591	243646830	61.250	1.33e-24	114
Python_bivittatus_C9A	OZ258364.1	582	77	456	532	243650884	243651114	63.636	8.50e-24	112
Python_bivittatus_C9A	OZ258364.1	582	47	157	203	243641620	243641760	72.340	1.26e-14	83.2
Python_bivittatus_C9A	OZ258364.1	582	50	108	156	243640336	243640485	66.000	4.52e-12	74.7
Python_bivittatus_C9A	OZ258364.1	582	54	54	107	243639457	243639615	59.259	2.82e-10	68.9
Python_bivittatus_C9A	OZ258364.1	582	59	399	457	243649657	243649833	49.153	2.99e-10	68.9
Python_bivittatus_C9A	OZ258364.1	582	40	25	64	243638674	243638793	65.000	5.06e-09	64.7
Python_bivittatus_C9A	OZ258364.1	582	72	203	272	243644557	243644772	41.667	1.59e-07	60.1
Python_bivittatus_C9A	OZ258364.1	582	69	457	525	243040675	243040472	40.580	3.38e-07	58.9
Python_bivittatus_C9A	OZ258364.1	582	47	536	582	243651922	243652062	72.340	5.34e-06	55.1
Python_bivittatus_C9A	OZ258367.1	582	222	298	514	106624749	106625351	28.829	3.27e-13	78.6
Python_bivittatus_C9A	OZ258367.1	582	229	298	514	106610242	106610865	27.511	1.11e-09	67.0
Python_bivittatus_C9A	OZ258367.1	582	229	298	514	106599049	106599672	27.511	1.13e-09	67.0
Python_bivittatus_C9A	OZ258367.1	582	239	299	523	107175655	107176269	22.594	6.06e-06	54.7
Python_bivittatus_C9A	OZ258366.1	582	39	536	574	64376067	64376183	61.538	1.24e-07	60.5
Python_bivittatus_C9A	OZ258366.1	582	79	447	524	64375133	64375369	35.443	3.81e-07	58.9
Notechis_scutatus_C9A	OZ258364.1	583	78	276	353	243646591	243646824	66.667	1.65e-26	120
Notechis_scutatus_C9A	OZ258364.1	583	74	459	532	243650893	243651114	67.568	2.14e-23	110
Notechis_scutatus_C9A	OZ258364.1	583	50	108	156	243640336	243640485	74.000	3.61e-14	81.6
Notechis_scutatus_C9A	OZ258364.1	583	47	157	203	243641620	243641760	70.213	8.25e-14	80.5
Notechis_scutatus_C9A	OZ258364.1	583	55	403	457	243649669	243649833	54.545	7.91e-11	70.9
Notechis_scutatus_C9A	OZ258364.1	583	54	54	107	243639457	243639615	53.704	7.26e-09	64.3
Notechis_scutatus_C9A	OZ258364.1	583	40	25	64	243638674	243638793	62.500	2.94e-08	62.4
Notechis_scutatus_C9A	OZ258367.1	583	222	294	514	106624737	106625351	25.676	1.61e-11	73.2
Notechis_scutatus_C9A	OZ258367.1	583	224	298	514	106599049	106599672	25.446	7.32e-08	61.2
Notechis_scutatus_C9A	OZ258367.1	583	224	298	514	106610242	106610865	25.446	8.11e-08	60.8
Notechis_scutatus_C9A	OZ258366.1	583	46	534	579	64376058	64376195	54.348	1.90e-07	59.7
Notechis_scutatus_C9A	OZ258366.1	583	99	254	350	64399567	64399286	33.333	5.24e-07	58.2
Notechis_scutatus_C9A	OZ258366.1	583	79	447	524	64375133	64375369	32.911	2.49e-06	56.2
Hydrophis_cyanocinctus_C9A	OZ258364.1	583	78	276	353	243646591	243646824	66.667	8.86e-27	121
Hydrophis_cyanocinctus_C9A	OZ258364.1	583	74	459	532	243650893	243651114	67.568	1.96e-23	110
Hydrophis_cyanocinctus_C9A	OZ258364.1	583	50	108	156	243640336	243640485	74.000	3.84e-14	81.6
Hydrophis_cyanocinctus_C9A	OZ258364.1	583	47	157	203	243641620	243641760	70.213	9.30e-14	80.1
Hydrophis_cyanocinctus_C9A	OZ258364.1	583	54	404	457	243649672	243649833	53.704	6.26e-10	67.8
Hydrophis_cyanocinctus_C9A	OZ258364.1	583	54	54	107	243639457	243639615	53.704	7.14e-09	64.3
Hydrophis_cyanocinctus_C9A	OZ258364.1	583	40	25	64	243638674	243638793	62.500	3.29e-08	62.4
Hydrophis_cyanocinctus_C9A	OZ258367.1	583	222	294	514	106624737	106625351	25.225	2.67e-10	68.9
Hydrophis_cyanocinctus_C9A	OZ258367.1	583	224	298	514	106610242	106610865	25.000	3.22e-07	58.9
Hydrophis_cyanocinctus_C9A	OZ258367.1	583	224	298	514	106599049	106599672	25.000	3.39e-07	58.9
Hydrophis_cyanocinctus_C9A	OZ258366.1	583	46	534	579	64376058	64376195	54.348	1.92e-07	59.7
Hydrophis_cyanocinctus_C9A	OZ258366.1	583	99	254	350	64399567	64399286	33.333	4.69e-07	58.5
Hydrophis_cyanocinctus_C9A	OZ258366.1	583	79	447	524	64375133	64375369	32.911	1.40e-06	57.0
Laticauda_colubrina_C9A	OZ258364.1	583	78	276	353	243646591	243646824	66.667	8.48e-27	121
Laticauda_colubrina_C9A	OZ258364.1	583	74	459	532	243650893	243651114	68.919	1.16e-23	111
Laticauda_colubrina_C9A	OZ258364.1	583	47	157	203	243641620	243641760	70.213	9.46e-14	80.1
Laticauda_colubrina_C9A	OZ258364.1	583	50	108	156	243640336	243640485	72.000	9.88e-14	80.1
Laticauda_colubrina_C9A	OZ258364.1	583	55	403	457	243649669	243649833	60.000	1.80e-11	72.8
Laticauda_colubrina_C9A	OZ258364.1	583	54	54	107	243639457	243639615	53.704	1.92e-08	63.2
Laticauda_colubrina_C9A	OZ258364.1	583	40	25	64	243638674	243638793	62.500	4.28e-08	62.0
Laticauda_colubrina_C9A	OZ258364.1	583	71	457	527	243040675	243040466	36.620	5.35e-06	55.1
Laticauda_colubrina_C9A	OZ258367.1	583	222	294	514	106624737	106625351	25.225	5.43e-11	71.2
Laticauda_colubrina_C9A	OZ258367.1	583	224	298	514	106599049	106599672	24.107	2.45e-06	56.2
Laticauda_colubrina_C9A	OZ258367.1	583	224	298	514	106610242	106610865	24.107	2.78e-06	55.8
Laticauda_colubrina_C9A	OZ258366.1	583	99	254	350	64399567	64399286	33.333	4.98e-07	58.5
Laticauda_colubrina_C9A	OZ258366.1	583	46	534	579	64376058	64376195	52.174	6.88e-07	57.8
Laticauda_colubrina_C9A	OZ258366.1	583	79	447	524	64375133	64375369	32.911	2.36e-06	56.2
Protobothrops_mucrosquamatus_C9A	OZ258364.1	583	80	276	355	243646591	243646830	72.500	2.40e-29	129
Protobothrops_mucrosquamatus_C9A	OZ258364.1	583	74	459	532	243650893	243651114	68.919	7.71e-24	112
Protobothrops_mucrosquamatus_C9A	OZ258364.1	583	47	157	203	243641620	243641760	74.468	2.00e-15	85.5
Protobothrops_mucrosquamatus_C9A	OZ258364.1	583	50	108	156	243640336	243640485	70.000	3.61e-13	78.2
Protobothrops_mucrosquamatus_C9A	OZ258364.1	583	54	404	457	243649672	243649833	53.704	2.32e-10	69.3
Protobothrops_mucrosquamatus_C9A	OZ258364.1	583	60	54	110	243639457	243639633	55.000	1.28e-09	67.0
Protobothrops_mucrosquamatus_C9A	OZ258364.1	583	39	25	63	243638674	243638790	61.538	1.37e-08	63.5
Protobothrops_mucrosquamatus_C9A	OZ258364.1	583	76	203	272	243644557	243644772	44.737	5.53e-08	61.6
Protobothrops_mucrosquamatus_C9A	OZ258364.1	583	69	457	525	243040675	243040472	40.580	2.79e-07	59.3
Protobothrops_mucrosquamatus_C9A	OZ258364.1	583	82	274	355	242990033	242990278	32.927	2.01e-06	56.6
Protobothrops_mucrosquamatus_C9A	OZ258364.1	583	56	528	583	243651895	243652062	58.929	2.78e-06	55.8
Protobothrops_mucrosquamatus_C9A	OZ258364.1	583	70	274	343	243017010	243017219	35.714	3.71e-06	55.5
Protobothrops_mucrosquamatus_C9A	OZ258364.1	583	47	530	575	242996678	242996818	53.191	6.24e-06	54.7
Protobothrops_mucrosquamatus_C9A	OZ258364.1	583	46	535	579	243020735	243020872	56.522	7.85e-06	54.7
Protobothrops_mucrosquamatus_C9A	OZ258367.1	583	221	298	514	106624749	106625351	26.697	3.82e-12	75.1
Protobothrops_mucrosquamatus_C9A	OZ258367.1	583	228	298	514	106599049	106599672	28.509	3.96e-11	71.6
Protobothrops_mucrosquamatus_C9A	OZ258367.1	583	228	298	514	106610242	106610865	28.509	4.27e-11	71.6
Protobothrops_mucrosquamatus_C9A	OZ258367.1	583	231	299	523	107175655	107176269	23.810	1.40e-07	60.1
Protobothrops_mucrosquamatus_C9A	OZ258366.1	583	47	537	583	64376067	64376207	57.447	1.54e-08	63.2
Protobothrops_mucrosquamatus_C9A	OZ258366.1	583	90	266	355	64399525	64399271	31.111	2.48e-07	59.3
Protobothrops_mucrosquamatus_C9A	OZ258366.1	583	79	447	524	64375133	64375369	32.911	2.10e-06	56.2
Protobothrops_mucrosquamatus_C9A	OZ258366.1	583	50	530	579	64388659	64388510	48.000	2.51e-06	56.2
Protobothrops_mucrosquamatus_C9A	OZ258371.1	583	59	528	583	34281763	34281933	50.847	1.63e-06	56.6
Chrysopelea_ornata_C9A	OZ258364.1	584	82	276	357	243646591	243646836	64.634	2.03e-26	120
Chrysopelea_ornata_C9A	OZ258364.1	584	74	460	533	243650893	243651114	67.568	6.55e-23	109
Chrysopelea_ornata_C9A	OZ258364.1	584	47	157	203	243641620	243641760	74.468	2.23e-15	85.5
Chrysopelea_ornata_C9A	OZ258364.1	584	50	108	156	243640336	243640485	74.000	4.20e-14	81.3
Chrysopelea_ornata_C9A	OZ258364.1	584	73	202	272	243644554	243644772	47.945	1.70e-11	72.8
Chrysopelea_ornata_C9A	OZ258364.1	584	66	394	458	243649636	243649833	48.485	1.90e-11	72.8
Chrysopelea_ornata_C9A	OZ258364.1	584	54	54	107	243639457	243639615	53.704	1.86e-07	59.7
Chrysopelea_ornata_C9A	OZ258364.1	584	55	531	584	242996678	242996842	47.273	1.01e-06	57.4
Chrysopelea_ornata_C9A	OZ258364.1	584	69	458	526	243040675	243040472	40.580	1.76e-06	56.6
Chrysopelea_ornata_C9A	OZ258364.1	584	40	25	64	243638674	243638793	52.500	4.38e-06	55.5
Chrysopelea_ornata_C9A	OZ258364.1	584	81	263	343	243016992	243017219	33.333	4.49e-06	55.5
Chrysopelea_ornata_C9A	OZ258364.1	584	82	274	355	242990033	242990278	32.927	8.28e-06	54.3
Chrysopelea_ornata_C9A	OZ258367.1	584	224	298	515	106599049	106599672	28.571	2.70e-10	68.9
Chrysopelea_ornata_C9A	OZ258367.1	584	224	298	515	106610242	106610865	28.571	3.67e-10	68.6
Chrysopelea_ornata_C9A	OZ258367.1	584	220	298	515	106624749	106625351	26.818	8.05e-10	67.4
Chrysopelea_ornata_C9A	OZ258367.1	584	232	299	524	107175655	107176269	22.414	1.84e-07	59.7
Chrysopelea_ornata_C9A	OZ258366.1	584	47	538	584	64376067	64376207	53.191	6.61e-07	58.2
Chrysopelea_ornata_C9A	OZ258366.1	584	50	531	580	64388659	64388510	50.000	1.63e-06	56.6
Chrysopelea_ornata_C9A	OZ258366.1	584	90	266	355	64399525	64399271	30.000	3.95e-06	55.5
Chrysopelea_ornata_C9A	OZ258366.1	584	79	448	525	64375133	64375369	32.911	8.01e-06	54.3
Pituophis_catenifer_C9A	OZ258364.1	583	77	277	353	243646594	243646824	67.532	7.28e-26	118
Pituophis_catenifer_C9A	OZ258364.1	583	74	459	532	243650893	243651114	64.865	4.73e-22	106
Pituophis_catenifer_C9A	OZ258364.1	583	47	157	203	243641620	243641760	70.213	9.79e-14	80.1
Pituophis_catenifer_C9A	OZ258364.1	583	50	108	156	243640336	243640485	68.000	1.81e-12	75.9
Pituophis_catenifer_C9A	OZ258364.1	583	54	404	457	243649672	243649833	53.704	1.39e-10	70.1
Pituophis_catenifer_C9A	OZ258364.1	583	81	203	281	243644557	243644799	39.506	1.00e-09	67.0
Pituophis_catenifer_C9A	OZ258364.1	583	54	54	107	243639457	243639615	55.556	1.67e-09	66.6
Pituophis_catenifer_C9A	OZ258364.1	583	40	25	64	243638674	243638793	60.000	4.82e-08	61.6
Pituophis_catenifer_C9A	OZ258364.1	583	55	530	583	242996678	242996842	47.273	4.53e-07	58.5
Pituophis_catenifer_C9A	OZ258364.1	583	52	533	583	243020729	243020884	51.923	1.82e-06	56.6
Pituophis_catenifer_C9A	OZ258367.1	583	200	294	493	106624737	106625285	29.000	1.96e-11	72.8
Pituophis_catenifer_C9A	OZ258367.1	583	222	298	514	106599049	106599672	26.577	5.48e-11	71.2
Pituophis_catenifer_C9A	OZ258367.1	583	222	298	514	106610242	106610865	26.577	6.02e-11	71.2
Pituophis_catenifer_C9A	OZ258367.1	583	223	299	516	107175655	107176242	24.215	1.15e-08	63.5
Pituophis_catenifer_C9A	OZ258366.1	583	79	447	524	64375133	64375369	35.443	1.31e-07	60.5
Pituophis_catenifer_C9A	OZ258366.1	583	51	533	583	64376055	64376207	49.020	1.93e-07	59.7
Pituophis_catenifer_C9A	OZ258366.1	583	51	530	580	64388659	64388507	47.059	2.80e-06	55.8
Pituophis_catenifer_C9A	OZ258366.1	583	85	266	350	64399525	64399286	32.941	2.90e-06	55.8
Pantherophis_obsoletus_C9A	OZ258364.1	583	80	276	355	243646591	243646830	70.000	4.38e-29	128
Pantherophis_obsoletus_C9A	OZ258364.1	583	74	459	532	243650893	243651114	64.865	5.12e-22	106
Pantherophis_obsoletus_C9A	OZ258364.1	583	47	157	203	243641620	243641760	72.340	2.05e-14	82.4
Pantherophis_obsoletus_C9A	OZ258364.1	583	50	108	156	243640336	243640485	64.000	7.58e-12	73.9
Pantherophis_obsoletus_C9A	OZ258364.1	583	59	399	457	243649657	243649833	47.458	6.50e-11	70.9
Pantherophis_obsoletus_C9A	OZ258364.1	583	72	203	272	243644557	243644772	47.222	2.43e-10	69.3
Pantherophis_obsoletus_C9A	OZ258364.1	583	54	54	107	243639457	243639615	55.556	1.23e-09	67.0
Pantherophis_obsoletus_C9A	OZ258364.1	583	40	25	64	243638674	243638793	62.500	3.49e-08	62.0
Pantherophis_obsoletus_C9A	OZ258364.1	583	55	530	583	242996678	242996842	47.273	7.56e-07	57.8
Pantherophis_obsoletus_C9A	OZ258364.1	583	82	274	355	242990033	242990278	32.927	3.78e-06	55.5
Pantherophis_obsoletus_C9A	OZ258364.1	583	92	263	354	243016992	243017252	34.783	4.18e-06	55.5
Pantherophis_obsoletus_C9A	OZ258364.1	583	50	535	583	243020735	243020884	52.000	7.59e-06	54.7
Pantherophis_obsoletus_C9A	OZ258367.1	583	200	298	493	106624749	106625285	28.500	2.81e-11	72.0
Pantherophis_obsoletus_C9A	OZ258367.1	583	228	298	514	106599049	106599672	28.070	5.12e-11	71.2
Pantherophis_obsoletus_C9A	OZ258367.1	583	228	298	514	106610242	106610865	28.070	5.20e-11	71.2
Pantherophis_obsoletus_C9A	OZ258367.1	583	234	299	523	107175655	107176269	23.504	7.84e-08	60.8
Pantherophis_obsoletus_C9A	OZ258367.1	583	225	294	514	109652014	109652637	21.333	3.35e-06	55.8
Pantherophis_obsoletus_C9A	OZ258366.1	583	79	447	524	64375133	64375369	35.443	1.25e-07	60.5
Pantherophis_obsoletus_C9A	OZ258366.1	583	47	537	583	64376067	64376207	53.191	2.29e-07	59.7
Pantherophis_obsoletus_C9A	OZ258366.1	583	79	277	355	64399507	64399271	31.646	4.38e-07	58.5
Pantherophis_obsoletus_C9A	OZ258366.1	583	51	530	580	64388659	64388507	47.059	6.19e-06	54.7
Pantherophis_obsoletus_C9A	OZ258366.1	583	81	274	354	64355517	64355759	32.099	6.97e-06	54.7
Bothrops_jararaca_C9A	OZ258364.1	583	82	274	355	243646585	243646830	69.512	1.48e-28	127
Bothrops_jararaca_C9A	OZ258364.1	583	74	459	532	243650893	243651114	68.919	2.84e-24	113
Bothrops_jararaca_C9A	OZ258364.1	583	47	157	203	243641620	243641760	74.468	1.64e-15	85.9
Bothrops_jararaca_C9A	OZ258364.1	583	50	108	156	243640336	243640485	70.000	9.61e-13	77.0
Bothrops_jararaca_C9A	OZ258364.1	583	56	402	457	243649666	243649833	50.000	3.24e-10	68.9
Bothrops_jararaca_C9A	OZ258364.1	583	60	54	110	243639457	243639633	55.000	1.56e-09	66.6
Bothrops_jararaca_C9A	OZ258364.1	583	72	203	272	243644557	243644772	44.444	6.90e-08	61.2
Bothrops_jararaca_C9A	OZ258364.1	583	39	25	63	243638674	243638790	56.410	2.70e-07	59.3
Bothrops_jararaca_C9A	OZ258364.1	583	81	274	354	243017010	243017252	32.099	1.59e-06	56.6
Bothrops_jararaca_C9A	OZ258364.1	583	82	274	355	242990033	242990278	32.927	3.10e-06	55.8
Bothrops_jararaca_C9A	OZ258364.1	583	69	457	525	243040675	243040472	37.681	5.17e-06	55.1
Bothrops_jararaca_C9A	OZ258367.1	583	223	298	514	106624749	106625351	28.251	2.79e-11	72.4
Bothrops_jararaca_C9A	OZ258367.1	583	226	298	514	106599049	106599672	28.761	3.33e-10	68.6
Bothrops_jararaca_C9A	OZ258367.1	583	226	298	514	106610242	106610865	28.761	3.63e-10	68.6
Bothrops_jararaca_C9A	OZ258367.1	583	231	299	523	107175655	107176269	23.377	8.98e-08	60.8
Bothrops_jararaca_C9A	OZ258366.1	583	47	537	583	64376067	64376207	55.319	4.03e-08	62.0
Bothrops_jararaca_C9A	OZ258366.1	583	92	266	357	64399525	64399265	31.522	3.99e-07	58.5
Bothrops_jararaca_C9A	OZ258366.1	583	79	447	524	64375133	64375369	32.911	1.68e-06	56.6
Bothrops_jararaca_C9A	OZ258366.1	583	50	530	579	64388659	64388510	48.000	2.69e-06	55.8
Bothrops_jararaca_C9A	OZ258371.1	583	59	528	583	34281763	34281933	49.153	3.56e-06	55.5
Ptyas_mucosa_C9A	OZ258364.1	583	79	277	355	243646594	243646830	69.620	6.34e-28	125
Ptyas_mucosa_C9A	OZ258364.1	583	74	459	532	243650893	243651114	63.514	6.10e-22	106
Ptyas_mucosa_C9A	OZ258364.1	583	47	157	203	243641620	243641760	72.340	2.27e-14	82.0
Ptyas_mucosa_C9A	OZ258364.1	583	50	108	156	243640336	243640485	72.000	1.00e-13	80.1
Ptyas_mucosa_C9A	OZ258364.1	583	59	399	457	243649657	243649833	47.458	1.44e-10	70.1
Ptyas_mucosa_C9A	OZ258364.1	583	54	54	107	243639457	243639615	57.407	4.02e-10	68.6
Ptyas_mucosa_C9A	OZ258364.1	583	72	203	272	243644557	243644772	44.444	2.54e-09	65.9
Ptyas_mucosa_C9A	OZ258364.1	583	40	25	64	243638674	243638793	62.500	2.48e-08	62.8
Ptyas_mucosa_C9A	OZ258364.1	583	78	457	534	243040675	243040451	42.308	9.78e-08	60.8
Ptyas_mucosa_C9A	OZ258364.1	583	55	530	583	242996678	242996842	49.091	1.20e-07	60.5
Ptyas_mucosa_C9A	OZ258364.1	583	82	274	355	242990033	242990278	32.927	6.62e-06	54.7
Ptyas_mucosa_C9A	OZ258364.1	583	50	535	583	243020735	243020884	52.000	7.72e-06	54.7
Ptyas_mucosa_C9A	OZ258367.1	583	228	298	514	106610242	106610865	28.509	2.31e-11	72.4
Ptyas_mucosa_C9A	OZ258367.1	583	228	298	514	106599049	106599672	28.509	2.45e-11	72.4
Ptyas_mucosa_C9A	OZ258367.1	583	221	298	514	106624749	106625351	27.602	6.37e-10	67.8
Ptyas_mucosa_C9A	OZ258367.1	583	239	299	523	107175655	107176269	25.105	3.01e-07	59.3
Ptyas_mucosa_C9A	OZ258366.1	583	90	266	355	64399525	64399271	31.111	4.57e-07	58.5
Ptyas_mucosa_C9A	OZ258366.1	583	43	537	579	64376067	64376195	55.814	1.18e-06	57.4
Ptyas_mucosa_C9A	OZ258366.1	583	93	438	524	64375091	64375369	31.183	1.44e-06	57.0
Vipera_berus_C9A	OZ258364.1	583	82	274	355	243646585	243646830	67.073	4.20e-27	122
Vipera_berus_C9A	OZ258364.1	583	74	459	532	243650893	243651114	66.216	2.82e-23	110
Vipera_berus_C9A	OZ258364.1	583	47	157	203	243641620	243641760	72.340	2.46e-15	85.1
Vipera_berus_C9A	OZ258364.1	583	60	398	457	243649654	243649833	50.000	1.31e-11	73.2
Vipera_berus_C9A	OZ258364.1	583	50	108	156	243640336	243640485	66.000	1.32e-11	73.2
Vipera_berus_C9A	OZ258364.1	583	72	203	272	243644557	243644772	47.222	7.78e-11	70.9
Vipera_berus_C9A	OZ258364.1	583	60	54	110	243639457	243639633	53.333	2.31e-09	65.9
Vipera_berus_C9A	OZ258364.1	583	39	25	63	243638674	243638790	58.974	6.55e-08	61.2
Vipera_berus_C9A	OZ258364.1	583	70	274	343	243017010	243017219	37.143	1.02e-06	57.4
Vipera_berus_C9A	OZ258364.1	583	69	457	525	243040675	243040472	37.681	1.27e-06	57.0
Vipera_berus_C9A	OZ258364.1	583	70	274	343	242990033	242990242	37.143	1.60e-06	56.6
Vipera_berus_C9A	OZ258367.1	583	221	298	514	106624749	106625351	27.149	1.42e-11	73.2
Vipera_berus_C9A	OZ258367.1	583	224	298	514	106599049	106599672	27.679	3.39e-10	68.6
Vipera_berus_C9A	OZ258367.1	583	224	298	514	106610242	106610865	27.679	3.44e-10	68.6
Vipera_berus_C9A	OZ258367.1	583	239	299	523	107175655	107176269	25.105	1.60e-07	60.1
Vipera_berus_C9A	OZ258366.1	583	47	537	583	64376067	64376207	55.319	3.58e-08	62.0
Vipera_berus_C9A	OZ258366.1	583	79	447	524	64375133	64375369	34.177	9.59e-07	57.4
Vipera_berus_C9A	OZ258366.1	583	50	530	579	64388659	64388510	48.000	2.88e-06	55.8
Vipera_berus_C9A	OZ258366.1	583	90	266	355	64399525	64399271	30.000	5.63e-06	55.1
Vipera_berus_C9A	OZ258371.1	583	59	528	583	34281763	34281933	49.153	5.63e-06	55.1
Sceloporus_undulatus_C9A	OZ258364.1	591	85	278	362	243646585	243646839	67.059	5.61e-29	128
Sceloporus_undulatus_C9A	OZ258364.1	591	78	460	537	243650884	243651117	65.385	8.49e-26	118
Sceloporus_undulatus_C9A	OZ258364.1	591	54	54	107	243639457	243639618	61.111	1.19e-13	80.1
Sceloporus_undulatus_C9A	OZ258364.1	591	54	408	461	243649672	243649833	64.815	8.42e-13	77.0
Sceloporus_undulatus_C9A	OZ258364.1	591	63	140	202	243641578	243641760	52.381	1.87e-12	75.9
Sceloporus_undulatus_C9A	OZ258364.1	591	52	106	155	243640330	243640485	65.385	2.82e-09	65.9
Sceloporus_undulatus_C9A	OZ258364.1	591	85	201	285	243644554	243644799	40.000	5.96e-09	64.7
Sceloporus_undulatus_C9A	OZ258364.1	591	55	534	587	242996678	242996842	52.727	1.93e-08	63.2
Sceloporus_undulatus_C9A	OZ258364.1	591	39	26	64	243638677	243638793	69.231	2.24e-08	62.8
Sceloporus_undulatus_C9A	OZ258364.1	591	51	539	588	243020735	243020887	58.824	2.48e-08	62.8
Sceloporus_undulatus_C9A	OZ258364.1	591	70	462	531	243040672	243040466	40.000	3.72e-07	58.9
Sceloporus_undulatus_C9A	OZ258364.1	591	93	268	358	243016974	243017252	34.409	3.91e-07	58.9
Sceloporus_undulatus_C9A	OZ258364.1	591	79	281	359	242990042	242990278	34.177	9.48e-07	57.4
Sceloporus_undulatus_C9A	OZ258364.1	591	50	538	587	243651913	243652062	64.000	5.76e-06	55.1
Sceloporus_undulatus_C9A	OZ258367.1	591	282	302	567	106624749	106625531	27.305	2.87e-12	75.5
Sceloporus_undulatus_C9A	OZ258367.1	591	222	302	518	106610242	106610865	25.676	3.01e-08	62.4
Sceloporus_undulatus_C9A	OZ258367.1	591	222	302	518	106599049	106599672	25.676	3.48e-08	62.4
Sceloporus_undulatus_C9A	OZ258367.1	591	228	298	518	109642771	109643385	20.175	1.29e-06	57.0
Sceloporus_undulatus_C9A	OZ258366.1	591	90	270	359	64399525	64399271	34.444	2.58e-08	62.8
Sceloporus_undulatus_C9A	OZ258366.1	591	51	534	584	64388659	64388507	50.980	3.25e-08	62.4
Sceloporus_undulatus_C9A	OZ258366.1	591	93	442	528	64375091	64375369	33.333	3.99e-08	62.0
Sceloporus_undulatus_C9A	OZ258366.1	591	47	541	587	64376067	64376207	55.319	4.90e-08	61.6
Sceloporus_undulatus_C9A	OZ258371.1	591	62	530	587	34281748	34281933	45.161	1.43e-06	57.0
Anolis_carolinensis_C9B	OZ258364.1	538	84	278	361	243646585	243646836	66.667	1.92e-27	122
Anolis_carolinensis_C9B	OZ258364.1	538	78	460	537	243650884	243651117	62.821	2.20e-22	107
Anolis_carolinensis_C9B	OZ258364.1	538	47	156	202	243641620	243641760	74.468	1.65e-15	85.5
Anolis_carolinensis_C9B	OZ258364.1	538	62	399	460	243649645	243649830	56.452	3.22e-13	78.2
Anolis_carolinensis_C9B	OZ258364.1	538	54	54	107	243639457	243639618	59.259	5.22e-13	77.4
Anolis_carolinensis_C9B	OZ258364.1	538	49	108	155	243640339	243640485	69.388	1.85e-11	72.4
Anolis_carolinensis_C9B	OZ258364.1	538	71	462	532	243040672	243040463	42.254	2.60e-09	65.5
Anolis_carolinensis_C9B	OZ258364.1	538	39	26	64	243638677	243638793	66.667	8.92e-09	63.9
Anolis_carolinensis_C9B	OZ258364.1	538	77	201	277	243644554	243644775	40.260	8.61e-08	60.8
Anolis_carolinensis_C9B	OZ258364.1	538	128	228	355	243016911	243017243	32.031	2.09e-07	59.3
Anolis_carolinensis_C9B	OZ258364.1	538	75	281	355	242990042	242990266	37.333	5.40e-07	58.2
Anolis_carolinensis_C9B	OZ258367.1	538	219	302	518	106624749	106625351	26.484	3.54e-09	65.1
Anolis_carolinensis_C9B	OZ258367.1	538	222	302	518	106610242	106610865	25.676	3.47e-07	58.5
Anolis_carolinensis_C9B	OZ258367.1	538	222	302	518	106599049	106599672	25.676	3.81e-07	58.5
Anolis_carolinensis_C9B	OZ258367.1	538	250	293	533	107175634	107176290	24.400	1.44e-06	56.6
Anolis_carolinensis_C9B	OZ258367.1	538	227	298	518	109642771	109643385	24.229	1.47e-06	56.6
Anolis_carolinensis_C9B	OZ258366.1	538	87	270	356	64399525	64399280	36.782	1.54e-08	63.2
Anolis_carolinensis_C9B	OZ258366.1	538	76	281	356	64355526	64355753	34.211	6.92e-07	57.8
Anolis_carolinensis_C9B	OZ258366.1	538	79	451	528	64375133	64375369	35.443	7.82e-06	54.3
Hydrophis_cyanocinctus_C9B	OZ258364.1	582	80	275	354	243646591	243646830	67.500	6.10e-28	125
Hydrophis_cyanocinctus_C9B	OZ258364.1	582	74	458	531	243650893	243651114	62.162	7.68e-21	102
Hydrophis_cyanocinctus_C9B	OZ258364.1	582	47	156	202	243641620	243641760	72.340	1.99e-14	82.4
Hydrophis_cyanocinctus_C9B	OZ258364.1	582	50	107	155	243640336	243640485	72.000	7.16e-14	80.5
Hydrophis_cyanocinctus_C9B	OZ258364.1	582	56	401	456	243649666	243649833	44.643	2.81e-09	65.9
Hydrophis_cyanocinctus_C9B	OZ258364.1	582	54	53	106	243639457	243639615	55.556	1.77e-08	63.2
Hydrophis_cyanocinctus_C9B	OZ258364.1	582	69	456	524	243040675	243040472	40.580	6.80e-07	58.2
Hydrophis_cyanocinctus_C9B	OZ258364.1	582	72	202	271	243644557	243644772	41.667	2.32e-06	56.2
Hydrophis_cyanocinctus_C9B	OZ258364.1	582	55	529	582	242996678	242996842	43.636	5.96e-06	55.1
Hydrophis_cyanocinctus_C9B	OZ258367.1	582	220	297	513	106624749	106625351	27.273	1.63e-10	69.7
Hydrophis_cyanocinctus_C9B	OZ258367.1	582	235	298	522	107175655	107176269	25.106	1.58e-09	66.6
Hydrophis_cyanocinctus_C9B	OZ258367.1	582	224	297	514	106599049	106599675	26.786	7.36e-09	64.3
Hydrophis_cyanocinctus_C9B	OZ258367.1	582	224	297	514	106610242	106610868	26.786	7.95e-09	64.3
Hydrophis_cyanocinctus_C9B	OZ258367.1	582	221	297	513	109664214	109664816	23.982	7.70e-06	54.7
Hydrophis_cyanocinctus_C9B	OZ258366.1	582	93	437	523	64375091	64375369	32.258	5.50e-07	58.2
Hydrophis_cyanocinctus_C9B	OZ258366.1	582	106	251	354	64399573	64399271	29.245	7.10e-07	57.8
Hydrophis_cyanocinctus_C9B	OZ258366.1	582	47	536	582	64376067	64376207	51.064	2.80e-06	55.8
Bothrops_jararaca_C9B	OZ258364.1	583	80	276	355	243646591	243646830	71.250	1.56e-28	127
Bothrops_jararaca_C9B	OZ258364.1	583	74	459	532	243650893	243651114	68.919	2.89e-24	113
Bothrops_jararaca_C9B	OZ258364.1	583	47	157	203	243641620	243641760	76.596	6.99e-16	87.0
Bothrops_jararaca_C9B	OZ258364.1	583	50	108	156	243640336	243640485	68.000	1.00e-12	77.0
Bothrops_jararaca_C9B	OZ258364.1	583	60	398	457	243649654	243649833	46.667	9.08e-11	70.5
Bothrops_jararaca_C9B	OZ258364.1	583	60	54	110	243639457	243639633	53.333	2.70e-09	65.9
Bothrops_jararaca_C9B	OZ258364.1	583	72	203	272	243644557	243644772	44.444	2.72e-08	62.4
Bothrops_jararaca_C9B	OZ258364.1	583	39	25	63	243638674	243638790	58.974	1.66e-07	60.1
Bothrops_jararaca_C9B	OZ258364.1	583	82	274	355	242990033	242990278	32.927	2.85e-06	55.8
Bothrops_jararaca_C9B	OZ258364.1	583	70	274	343	243017010	243017219	35.714	4.92e-06	55.1
Bothrops_jararaca_C9B	OZ258364.1	583	69	457	525	243040675	243040472	37.681	5.26e-06	55.1
Bothrops_jararaca_C9B	OZ258367.1	583	221	298	514	106624749	106625351	27.149	1.65e-11	72.8
Bothrops_jararaca_C9B	OZ258367.1	583	228	298	514	106599049	106599672	27.632	1.26e-09	67.0
Bothrops_jararaca_C9B	OZ258367.1	583	228	298	514	106610242	106610865	27.632	1.32e-09	66.6
Bothrops_jararaca_C9B	OZ258367.1	583	231	299	523	107175655	107176269	24.242	7.91e-08	60.8
Bothrops_jararaca_C9B	OZ258366.1	583	47	537	583	64376067	64376207	55.319	4.47e-08	62.0
Bothrops_jararaca_C9B	OZ258366.1	583	90	266	355	64399525	64399271	32.222	2.81e-07	59.3
Bothrops_jararaca_C9B	OZ258366.1	583	79	447	524	64375133	64375369	32.911	1.61e-06	56.6
Bothrops_jararaca_C9B	OZ258366.1	583	50	530	579	64388659	64388510	48.000	3.68e-06	55.5
Bothrops_jararaca_C9B	OZ258371.1	583	59	528	583	34281763	34281933	49.153	5.09e-06	55.1
Laticauda_colubrina_C9B	OZ258364.1	583	82	276	357	243646591	243646836	64.634	2.52e-27	123
Laticauda_colubrina_C9B	OZ258364.1	583	74	459	532	243650893	243651114	64.865	9.21e-22	105
Laticauda_colubrina_C9B	OZ258364.1	583	46	157	202	243641620	243641757	73.913	6.57e-15	84.0
Laticauda_colubrina_C9B	OZ258364.1	583	50	108	156	243640336	243640485	66.000	5.20e-12	74.7
Laticauda_colubrina_C9B	OZ258364.1	583	56	402	457	243649666	243649833	46.429	2.24e-09	65.9
Laticauda_colubrina_C9B	OZ258364.1	583	54	54	107	243639457	243639615	55.556	3.07e-08	62.4
Laticauda_colubrina_C9B	OZ258364.1	583	81	263	343	243016992	243017219	33.333	1.59e-06	56.6
Laticauda_colubrina_C9B	OZ258364.1	583	81	275	355	242990036	242990278	33.333	1.85e-06	56.6
Laticauda_colubrina_C9B	OZ258364.1	583	69	457	525	243040675	243040472	40.580	1.93e-06	56.6
Laticauda_colubrina_C9B	OZ258364.1	583	39	25	63	243638674	243638790	56.410	2.10e-06	56.2
Laticauda_colubrina_C9B	OZ258364.1	583	55	530	583	242996678	242996842	45.455	5.59e-06	55.1
Laticauda_colubrina_C9B	OZ258367.1	583	218	298	514	106624749	106625351	27.982	2.58e-11	72.4
Laticauda_colubrina_C9B	OZ258367.1	583	225	298	515	106599049	106599675	27.111	4.28e-09	65.1
Laticauda_colubrina_C9B	OZ258367.1	583	225	298	515	106610242	106610868	27.111	4.46e-09	65.1
Laticauda_colubrina_C9B	OZ258367.1	583	235	299	523	107175655	107176269	23.404	4.15e-06	55.5
Laticauda_colubrina_C9B	OZ258366.1	583	82	274	355	64399516	64399271	31.707	5.33e-07	58.2
Laticauda_colubrina_C9B	OZ258366.1	583	79	447	524	64375133	64375369	34.177	4.92e-06	55.1
Pseudonaja_textilis_C9B	OZ258364.1	583	79	276	354	243646591	243646827	69.620	2.67e-28	126
Pseudonaja_textilis_C9B	OZ258364.1	583	74	459	532	243650893	243651114	64.865	1.92e-22	107
Pseudonaja_textilis_C9B	OZ258364.1	583	47	157	203	243641620	243641760	74.468	7.81e-15	83.6
Pseudonaja_textilis_C9B	OZ258364.1	583	50	108	156	243640336	243640485	70.000	2.27e-13	79.0
Pseudonaja_textilis_C9B	OZ258364.1	583	72	203	272	243644557	243644772	50.000	1.52e-10	69.7
Pseudonaja_textilis_C9B	OZ258364.1	583	56	402	457	243649666	243649833	48.214	2.46e-09	65.9
Pseudonaja_textilis_C9B	OZ258364.1	583	54	54	107	243639457	243639615	55.556	7.51e-09	64.3
Pseudonaja_textilis_C9B	OZ258364.1	583	69	457	525	243040675	243040472	40.580	3.39e-07	58.9
Pseudonaja_textilis_C9B	OZ258364.1	583	39	25	63	243638674	243638790	58.974	9.04e-07	57.4
Pseudonaja_textilis_C9B	OZ258364.1	583	92	263	354	243016992	243017252	29.348	6.03e-06	55.1
Pseudonaja_textilis_C9B	OZ258367.1	583	192	298	488	106624749	106625270	30.729	6.34e-11	71.2
Pseudonaja_textilis_C9B	OZ258367.1	583	224	298	515	106610242	106610868	26.786	1.43e-09	66.6
Pseudonaja_textilis_C9B	OZ258367.1	583	224	298	515	106599049	106599675	26.786	1.46e-09	66.6
Pseudonaja_textilis_C9B	OZ258367.1	583	235	299	523	107175655	107176269	22.979	2.94e-07	59.3
Pseudonaja_textilis_C9B	OZ258366.1	583	105	252	354	64399573	64399274	29.524	1.29e-07	60.5
Pseudonaja_textilis_C9B	OZ258366.1	583	93	438	524	64375091	64375369	32.258	4.69e-07	58.5
Pseudonaja_textilis_C9B	OZ258366.1	583	47	537	583	64376067	64376207	48.936	7.30e-07	57.8
Notechis_scutatus_C9B	OZ258364.1	583	80	276	355	243646591	243646830	68.750	2.11e-28	126
Notechis_scutatus_C9B	OZ258364.1	583	74	459	532	243650893	243651114	64.865	6.05e-22	106
Notechis_scutatus_C9B	OZ258364.1	583	47	157	203	243641620	243641760	72.340	1.54e-14	82.8
Notechis_scutatus_C9B	OZ258364.1	583	50	108	156	243640336	243640485	72.000	6.83e-14	80.5
Notechis_scutatus_C9B	OZ258364.1	583	56	402	457	243649666	243649833	44.643	1.50e-09	66.6
Notechis_scutatus_C9B	OZ258364.1	583	54	54	107	243639457	243639615	55.556	1.24e-08	63.5
Notechis_scutatus_C9B	OZ258364.1	583	69	457	525	243040675	243040472	40.580	3.63e-07	58.9
Notechis_scutatus_C9B	OZ258364.1	583	72	203	272	243644557	243644772	43.056	4.34e-07	58.5
Notechis_scutatus_C9B	OZ258364.1	583	39	25	63	243638674	243638790	56.410	1.98e-06	56.6
Notechis_scutatus_C9B	OZ258364.1	583	55	530	583	242996678	242996842	43.636	5.88e-06	55.1
Notechis_scutatus_C9B	OZ258367.1	583	195	298	488	106624749	106625270	32.308	9.21e-13	77.0
Notechis_scutatus_C9B	OZ258367.1	583	246	298	537	106599049	106599741	26.829	3.66e-10	68.6
Notechis_scutatus_C9B	OZ258367.1	583	224	298	515	106610242	106610868	27.679	4.38e-10	68.2
Notechis_scutatus_C9B	OZ258367.1	583	235	299	523	107175655	107176269	23.830	8.18e-09	64.3
Notechis_scutatus_C9B	OZ258367.1	583	231	289	514	109631947	109632582	25.108	5.40e-06	55.1
Notechis_scutatus_C9B	OZ258366.1	583	93	438	524	64375091	64375369	32.258	8.81e-07	57.8
Notechis_scutatus_C9B	OZ258366.1	583	106	252	355	64399573	64399271	28.302	1.94e-06	56.6
Notechis_scutatus_C9B	OZ258366.1	583	47	537	583	64376067	64376207	51.064	2.88e-06	55.8
Pituophis_catenifer_C9B	OZ258364.1	583	77	277	353	243646594	243646824	67.532	7.28e-26	118
Pituophis_catenifer_C9B	OZ258364.1	583	77	456	532	243650884	243651114	63.636	6.38e-23	109
Pituophis_catenifer_C9B	OZ258364.1	583	50	108	156	243640336	243640485	74.000	4.78e-15	84.3
Pituophis_catenifer_C9B	OZ258364.1	583	47	157	203	243641620	243641760	72.340	5.83e-15	84.0
Pituophis_catenifer_C9B	OZ258364.1	583	63	393	454	243649636	243649824	52.381	2.76e-10	68.9
Pituophis_catenifer_C9B	OZ258364.1	583	54	54	107	243639457	243639615	51.852	6.67e-08	61.2
Pituophis_catenifer_C9B	OZ258364.1	583	69	457	525	243040675	243040472	42.029	2.43e-07	59.3
Pituophis_catenifer_C9B	OZ258364.1	583	40	25	64	243638674	243638793	52.500	2.15e-06	56.2
Pituophis_catenifer_C9B	OZ258367.1	583	223	294	514	106624737	106625351	28.251	5.03e-12	74.7
Pituophis_catenifer_C9B	OZ258367.1	583	222	298	514	106599049	106599672	26.577	1.36e-10	70.1
Pituophis_catenifer_C9B	OZ258367.1	583	222	298	514	106610242	106610865	26.577	1.52e-10	69.7
Pituophis_catenifer_C9B	OZ258367.1	583	232	299	523	107175655	107176269	21.983	2.56e-07	59.3
Pituophis_catenifer_C9B	OZ258366.1	583	79	447	524	64375133	64375369	36.709	1.31e-07	60.5
Pituophis_catenifer_C9B	OZ258366.1	583	42	534	575	64376058	64376183	57.143	8.37e-07	57.8
Pituophis_catenifer_C9B	OZ258366.1	583	96	257	350	64399558	64399286	32.292	9.59e-07	57.4
Pantherophis_obsoletus_C9B	OZ258364.1	583	82	274	355	243646585	243646830	65.854	9.20e-29	127
Pantherophis_obsoletus_C9B	OZ258364.1	583	77	456	532	243650884	243651114	59.740	1.57e-21	105
Pantherophis_obsoletus_C9B	OZ258364.1	583	50	108	156	243640336	243640485	74.000	7.23e-15	84.0
Pantherophis_obsoletus_C9B	OZ258364.1	583	47	157	203	243641620	243641760	72.340	7.68e-15	83.6
Pantherophis_obsoletus_C9B	OZ258364.1	583	51	404	454	243649672	243649824	58.824	3.44e-10	68.6
Pantherophis_obsoletus_C9B	OZ258364.1	583	54	54	107	243639457	243639615	53.704	1.99e-08	62.8
Pantherophis_obsoletus_C9B	OZ258364.1	583	40	25	64	243638674	243638793	60.000	6.23e-08	61.2
Pantherophis_obsoletus_C9B	OZ258364.1	583	82	274	355	242990033	242990278	34.146	2.47e-06	56.2
Pantherophis_obsoletus_C9B	OZ258364.1	583	81	274	354	243017010	243017252	33.333	5.04e-06	55.1
Pantherophis_obsoletus_C9B	OZ258367.1	583	191	298	488	106624749	106625270	29.843	7.75e-13	77.4
Pantherophis_obsoletus_C9B	OZ258367.1	583	222	298	514	106599049	106599672	25.225	1.64e-09	66.6
Pantherophis_obsoletus_C9B	OZ258367.1	583	222	298	514	106610242	106610865	25.225	1.84e-09	66.2
Pantherophis_obsoletus_C9B	OZ258367.1	583	225	299	517	107175655	107176251	22.667	1.91e-06	56.6
Pantherophis_obsoletus_C9B	OZ258366.1	583	101	257	355	64399558	64399271	30.693	9.87e-08	60.8
Pantherophis_obsoletus_C9B	OZ258366.1	583	42	534	575	64376058	64376183	54.762	1.18e-06	57.4
Pantherophis_obsoletus_C9B	OZ258366.1	583	79	447	524	64375133	64375369	32.911	3.81e-06	55.5
Crotalus_tigris_C9B	OZ258364.1	583	75	276	350	243646591	243646815	64.000	1.80e-24	114
Crotalus_tigris_C9B	OZ258364.1	583	74	459	532	243650893	243651114	62.162	2.47e-22	107
Crotalus_tigris_C9B	OZ258364.1	583	47	157	203	243641620	243641760	74.468	5.98e-15	84.0
Crotalus_tigris_C9B	OZ258364.1	583	50	108	156	243640336	243640485	72.000	3.34e-14	81.6
Crotalus_tigris_C9B	OZ258364.1	583	56	402	457	243649666	243649833	53.571	1.53e-10	69.7
Crotalus_tigris_C9B	OZ258364.1	583	54	54	107	243639457	243639615	55.556	6.78e-09	64.3
Crotalus_tigris_C9B	OZ258364.1	583	39	25	63	243638674	243638790	58.974	1.11e-06	57.4
Crotalus_tigris_C9B	OZ258364.1	583	69	457	525	243040675	243040472	37.681	1.71e-06	56.6
Crotalus_tigris_C9B	OZ258364.1	583	72	203	272	243644557	243644772	40.278	2.69e-06	55.8
Crotalus_tigris_C9B	OZ258367.1	583	200	294	493	106624737	106625285	28.500	6.34e-11	71.2
Crotalus_tigris_C9B	OZ258367.1	583	224	298	514	106599049	106599672	28.125	6.82e-10	67.8
Crotalus_tigris_C9B	OZ258367.1	583	224	298	514	106610242	106610865	28.125	8.09e-10	67.4
Crotalus_tigris_C9B	OZ258367.1	583	231	299	523	107175655	107176269	24.675	6.02e-08	61.2
Crotalus_tigris_C9B	OZ258366.1	583	50	534	583	64376058	64376207	50.000	1.85e-07	59.7
Crotalus_tigris_C9B	OZ258366.1	583	99	254	350	64399567	64399286	32.323	1.20e-06	57.0
Crotalus_tigris_C9B	OZ258366.1	583	79	447	524	64375133	64375369	34.177	1.35e-06	57.0
Ptyas_mucosa_C9B	OZ258364.1	583	77	277	353	243646594	243646824	67.532	7.28e-26	118
Ptyas_mucosa_C9B	OZ258364.1	583	73	460	532	243650896	243651114	60.274	1.26e-20	102
Ptyas_mucosa_C9B	OZ258364.1	583	47	157	203	243641620	243641760	72.340	5.49e-15	84.3
Ptyas_mucosa_C9B	OZ258364.1	583	50	108	156	243640336	243640485	74.000	1.49e-14	82.8
Ptyas_mucosa_C9B	OZ258364.1	583	51	404	454	243649672	243649824	56.863	5.39e-09	64.7
Ptyas_mucosa_C9B	OZ258364.1	583	54	54	107	243639457	243639615	53.704	2.94e-08	62.4
Ptyas_mucosa_C9B	OZ258364.1	583	82	202	281	243644554	243644799	36.585	7.72e-06	54.7
Ptyas_mucosa_C9B	OZ258367.1	583	195	294	488	106624737	106625270	27.692	2.96e-09	65.5
Ptyas_mucosa_C9B	OZ258367.1	583	222	298	514	106599049	106599672	25.676	3.89e-09	65.1
Ptyas_mucosa_C9B	OZ258367.1	583	222	298	514	106610242	106610865	25.676	4.28e-09	65.1
Ptyas_mucosa_C9B	OZ258366.1	583	50	534	583	64376058	64376207	50.000	3.17e-07	58.9
Ptyas_mucosa_C9B	OZ258366.1	583	96	257	350	64399558	64399286	32.292	7.95e-07	57.8
