Carinascincus_ocellatus_C9A	OZ258364.1	587	84	277	360	243646585	243646836	96.429	2.43e-44	175
Carinascincus_ocellatus_C9A	OZ258364.1	587	78	457	534	243650881	243651114	97.436	3.15e-40	162
Carinascincus_ocellatus_C9A	OZ258364.1	587	73	204	276	243644557	243644775	100.000	8.49e-36	149
Carinascincus_ocellatus_C9A	OZ258364.1	587	61	398	458	243649648	243649830	100.000	9.11e-28	124
Carinascincus_ocellatus_C9A	OZ258364.1	587	61	54	112	243639457	243639639	90.164	4.21e-25	116
Carinascincus_ocellatus_C9A	OZ258364.1	587	58	530	587	243651895	243652068	93.103	1.25e-24	114
Carinascincus_ocellatus_C9A	OZ258364.1	587	63	106	166	243640330	243640518	88.889	3.21e-24	113
Carinascincus_ocellatus_C9A	OZ258364.1	587	47	158	204	243641620	243641760	97.872	1.48e-20	102
Carinascincus_ocellatus_C9A	OZ258364.1	587	48	357	404	243648140	243648283	87.500	2.83e-16	88.2
Carinascincus_ocellatus_C9A	OZ258364.1	587	52	13	64	243638644	243638793	73.077	1.09e-13	80.1
Carinascincus_ocellatus_C9A	OZ258364.1	587	52	535	585	243020729	243020884	53.846	2.53e-07	59.3
Carinascincus_ocellatus_C9A	OZ258364.1	587	126	466	585	242996465	242996842	31.746	1.07e-06	57.4
Carinascincus_ocellatus_C9A	OZ258364.1	587	26	1	26	243637521	243637598	100.000	1.51e-06	57.0
Carinascincus_ocellatus_C9A	OZ258364.1	587	54	57	110	243011073	243011234	44.444	2.50e-06	56.2
Carinascincus_ocellatus_C9A	OZ258367.1	587	256	301	551	106599049	106599780	24.609	1.28e-10	70.1
Carinascincus_ocellatus_C9A	OZ258367.1	587	256	301	551	106610242	106610973	24.609	1.44e-10	70.1
Carinascincus_ocellatus_C9A	OZ258367.1	587	226	297	516	106624737	106625351	26.549	2.34e-10	69.3
Carinascincus_ocellatus_C9A	OZ258366.1	587	47	539	585	64376067	64376207	53.191	3.30e-08	62.4
Carinascincus_ocellatus_C9A	OZ258366.1	587	51	532	582	64388659	64388507	52.941	3.47e-08	62.0
Carinascincus_ocellatus_C9A	OZ258366.1	587	90	269	358	64399525	64399271	31.111	8.49e-08	60.8
Carinascincus_ocellatus_C9A	OZ258366.1	587	79	449	526	64375133	64375369	31.646	3.98e-06	55.5
Carinascincus_ocellatus_C9A	OZ258371.1	587	58	532	585	34283122	34283295	48.276	7.41e-06	54.7
