# Carinascincus_ocellatus_copy1 subject=OZ258364.1 region_offset=243623674 (add to sstart/send)
Lacerta_agilis_C9A	region	589	83	277	359	22915	23163	80.723	7.39e-40	147
Lacerta_agilis_C9A	region	589	77	458	534	27211	27441	77.922	2.40e-35	134
Lacerta_agilis_C9A	region	589	47	155	201	17947	18087	91.489	3.56e-24	99.0
Lacerta_agilis_C9A	region	589	59	400	458	25981	26157	74.576	3.04e-22	92.8
Lacerta_agilis_C9A	region	589	57	100	154	16642	16812	77.193	1.53e-21	90.5
Lacerta_agilis_C9A	region	589	53	53	105	15784	15942	67.925	5.56e-20	85.5
Lacerta_agilis_C9A	region	589	75	201	275	20884	21102	48.000	4.00e-16	73.2
Lacerta_agilis_C9A	region	589	38	26	62	15004	15117	73.684	3.02e-11	57.4
Lacerta_agilis_C9A	region	589	56	530	584	28222	28389	60.714	1.76e-09	51.6
Lacerta_agilis_C9A	region	589	43	355	397	24464	24589	48.837	2.32e-05	38.1
Zootoca_vivipara_C9A	region	589	83	277	359	22915	23163	81.928	3.18e-40	149
Zootoca_vivipara_C9A	region	589	77	458	534	27211	27441	76.623	1.10e-34	132
Zootoca_vivipara_C9A	region	589	47	155	201	17947	18087	91.489	3.88e-24	99.0
Zootoca_vivipara_C9A	region	589	61	398	458	25975	26157	72.131	1.22e-21	90.9
Zootoca_vivipara_C9A	region	589	57	100	154	16642	16812	75.439	2.40e-21	90.1
Zootoca_vivipara_C9A	region	589	54	53	106	15784	15945	68.519	1.59e-20	87.4
Zootoca_vivipara_C9A	region	589	75	201	275	20884	21102	49.333	3.36e-17	76.6
Zootoca_vivipara_C9A	region	589	28	35	62	15034	15117	78.571	3.19e-10	53.9
Zootoca_vivipara_C9A	region	589	56	530	584	28222	28389	62.500	7.87e-10	52.8
Zootoca_vivipara_C9A	region	589	42	356	397	24467	24589	54.762	2.31e-07	44.7
Zootoca_vivipara_C9A	region	589	39	1	39	13848	13955	38.462	0.34	24.6
Zootoca_vivipara_C9A	region	589	68	94	161	41590	41769	22.059	0.89	23.1
Podarcis_muralis_C9A	region	589	83	277	359	22915	23163	84.337	3.01e-41	152
Podarcis_muralis_C9A	region	589	77	458	534	27211	27441	72.727	3.03e-33	127
Podarcis_muralis_C9A	region	589	47	155	201	17947	18087	91.489	3.69e-24	99.0
Podarcis_muralis_C9A	region	589	57	100	154	16642	16812	77.193	1.47e-21	90.9
Podarcis_muralis_C9A	region	589	53	53	105	15784	15942	67.925	8.34e-20	85.1
Podarcis_muralis_C9A	region	589	59	400	458	25981	26157	66.102	1.29e-19	84.3
Podarcis_muralis_C9A	region	589	76	201	275	20884	21102	50.000	3.45e-15	70.1
Podarcis_muralis_C9A	region	589	35	29	62	15013	15117	74.286	1.23e-10	55.5
Podarcis_muralis_C9A	region	589	46	540	584	28252	28389	69.565	1.26e-08	48.9
Podarcis_muralis_C9A	region	589	42	356	397	24467	24589	52.381	1.51e-06	42.0
Podarcis_muralis_C9A	region	589	68	94	161	41590	41769	20.588	0.97	23.1
Anolis_carolinensis_C9A	region	591	84	278	361	22912	23163	66.667	5.44e-33	126
Anolis_carolinensis_C9A	region	591	75	463	537	27220	27444	68.000	2.67e-30	118
Anolis_carolinensis_C9A	region	591	62	148	202	17902	18087	67.742	6.99e-22	91.7
Anolis_carolinensis_C9A	region	591	52	56	107	15790	15945	65.385	8.96e-18	78.6
Anolis_carolinensis_C9A	region	591	60	402	461	25981	26160	55.000	3.48e-16	73.6
Anolis_carolinensis_C9A	region	591	49	108	155	16666	16812	69.388	7.52e-16	72.4
Anolis_carolinensis_C9A	region	591	39	26	64	15004	15120	64.103	1.02e-12	62.0
Anolis_carolinensis_C9A	region	591	77	201	277	20881	21102	36.364	1.24e-11	58.5
Anolis_carolinensis_C9A	region	591	37	551	587	28279	28389	64.865	1.27e-09	52.0
Anolis_carolinensis_C9A	region	591	42	358	398	24467	24586	33.333	0.057	26.9
Anolis_carolinensis_C9A	region	591	17	548	564	15058	15108	47.059	0.79	23.5
Pogona_vitticeps_C9A	region	576	84	257	340	22906	23157	60.714	8.12e-29	113
Pogona_vitticeps_C9A	region	576	76	441	516	27211	27438	67.105	9.87e-29	113
Pogona_vitticeps_C9A	region	576	51	156	206	17947	18099	76.471	1.08e-22	94.4
Pogona_vitticeps_C9A	region	576	104	53	155	16579	16812	44.231	1.80e-17	77.4
Pogona_vitticeps_C9A	region	576	52	56	107	15790	15945	61.538	5.16e-17	75.9
Pogona_vitticeps_C9A	region	576	60	383	442	25981	26160	60.000	6.74e-17	75.5
Pogona_vitticeps_C9A	region	576	40	25	64	15001	15120	72.500	5.99e-14	66.2
Pogona_vitticeps_C9A	region	576	52	520	571	28234	28389	67.308	1.08e-11	58.9
Pogona_vitticeps_C9A	region	576	43	339	380	24467	24589	34.884	0.002	31.6
Gekko_japonicus_C9A	region	582	84	292	375	22912	23163	64.286	2.91e-30	118
Gekko_japonicus_C9A	region	582	70	455	524	27214	27423	75.714	5.91e-28	110
Gekko_japonicus_C9A	region	582	45	173	217	17947	18081	77.778	1.51e-18	80.9
Gekko_japonicus_C9A	region	582	60	124	181	16666	16845	60.000	1.67e-17	77.8
Gekko_japonicus_C9A	region	582	54	69	122	15790	15942	61.111	2.39e-16	73.9
Gekko_japonicus_C9A	region	582	64	390	453	25963	26154	42.188	1.87e-11	58.2
Gekko_japonicus_C9A	region	582	39	39	77	15004	15120	61.538	6.32e-11	56.2
Gekko_japonicus_C9A	region	582	68	218	285	20881	21084	36.765	1.65e-09	51.6
Gekko_japonicus_C9A	region	582	52	530	581	28234	28389	57.692	3.66e-07	43.9
Gekko_japonicus_C9A	region	582	14	372	385	24467	24508	64.286	0.13	25.8
Crotalus_tigris_C9A	region	583	75	276	350	22918	23142	64.000	4.65e-29	114
Crotalus_tigris_C9A	region	583	74	459	532	27220	27441	62.162	8.27e-27	107
Crotalus_tigris_C9A	region	583	63	157	215	17947	18135	61.905	4.63e-20	85.9
Crotalus_tigris_C9A	region	583	50	108	156	16663	16812	72.000	9.78e-19	81.6
Crotalus_tigris_C9A	region	583	56	402	457	25993	26160	53.571	4.12e-15	70.1
Crotalus_tigris_C9A	region	583	54	54	107	15784	15942	53.704	3.03e-13	63.9
Crotalus_tigris_C9A	region	583	39	25	63	15001	15117	56.410	8.54e-11	55.8
Crotalus_tigris_C9A	region	583	73	203	273	20884	21102	38.356	9.99e-10	52.4
Crotalus_tigris_C9A	region	583	56	528	583	28222	28389	58.929	5.91e-09	50.1
Crotalus_tigris_C9A	region	583	45	355	396	24470	24592	40.000	0.001	32.3
Thamnophis_elegans_C9A	region	583	79	276	354	22918	23154	63.291	2.17e-29	115
Thamnophis_elegans_C9A	region	583	73	460	532	27223	27441	65.753	1.39e-26	106
Thamnophis_elegans_C9A	region	583	47	157	203	17947	18087	74.468	1.77e-18	80.9
Thamnophis_elegans_C9A	region	583	50	108	156	16663	16812	68.000	1.75e-16	74.3
Thamnophis_elegans_C9A	region	583	59	399	457	25984	26160	45.763	4.12e-15	70.1
Thamnophis_elegans_C9A	region	583	54	54	107	15784	15942	51.852	3.41e-13	63.5
Thamnophis_elegans_C9A	region	583	72	202	271	20881	21096	45.833	1.85e-12	61.2
Thamnophis_elegans_C9A	region	583	39	25	63	15001	15117	58.974	2.29e-12	60.8
Thamnophis_elegans_C9A	region	583	50	534	583	28240	28389	60.000	5.03e-09	50.1
Thamnophis_elegans_C9A	region	583	42	354	395	24467	24589	40.476	8.76e-04	33.1
Naja_naja_C9A	region	582	78	276	353	22918	23151	66.667	4.08e-31	120
Naja_naja_C9A	region	582	74	458	531	27220	27441	64.865	1.02e-26	107
Naja_naja_C9A	region	582	50	108	156	16663	16812	76.000	5.76e-19	82.4
Naja_naja_C9A	region	582	47	157	203	17947	18087	70.213	2.34e-18	80.5
Naja_naja_C9A	region	582	55	402	456	25996	26160	56.364	3.80e-15	70.1
Naja_naja_C9A	region	582	60	54	110	15784	15960	51.667	9.13e-14	65.5
Naja_naja_C9A	region	582	40	25	64	15001	15120	60.000	3.15e-12	60.5
Naja_naja_C9A	region	582	56	527	582	28222	28389	58.929	1.15e-09	52.4
Naja_naja_C9A	region	582	81	202	280	20881	21123	35.802	1.41e-09	52.0
Naja_naja_C9A	region	582	16	355	370	24470	24517	50.000	0.69	23.5
Pseudonaja_textilis_C9A	region	583	78	276	353	22918	23151	66.667	4.09e-31	120
Pseudonaja_textilis_C9A	region	583	74	459	532	27220	27441	68.919	3.80e-28	111
Pseudonaja_textilis_C9A	region	583	47	157	203	17947	18087	70.213	2.31e-18	80.5
Pseudonaja_textilis_C9A	region	583	50	108	156	16663	16812	72.000	2.86e-18	80.1
Pseudonaja_textilis_C9A	region	583	55	403	457	25996	26160	54.545	2.24e-15	70.9
Pseudonaja_textilis_C9A	region	583	54	54	107	15784	15942	53.704	1.88e-13	64.7
Pseudonaja_textilis_C9A	region	583	40	25	64	15001	15120	62.500	8.50e-13	62.4
Pseudonaja_textilis_C9A	region	583	82	202	281	20881	21126	32.927	2.63e-09	51.2
Pseudonaja_textilis_C9A	region	583	56	528	583	28222	28389	57.143	6.38e-09	49.7
Pseudonaja_textilis_C9A	region	583	45	355	396	24470	24592	35.556	0.026	28.1
Python_bivittatus_C9A	region	582	80	276	355	22918	23157	61.250	3.76e-29	114
Python_bivittatus_C9A	region	582	77	456	532	27211	27441	63.636	2.41e-28	112
Python_bivittatus_C9A	region	582	47	157	203	17947	18087	72.340	3.59e-19	83.2
Python_bivittatus_C9A	region	582	50	108	156	16663	16812	66.000	1.29e-16	74.7
Python_bivittatus_C9A	region	582	54	54	107	15784	15942	59.259	8.06e-15	68.9
Python_bivittatus_C9A	region	582	59	399	457	25984	26160	49.153	8.56e-15	68.9
Python_bivittatus_C9A	region	582	40	25	64	15001	15120	65.000	1.45e-13	64.7
Python_bivittatus_C9A	region	582	72	203	272	20884	21099	41.667	4.55e-12	60.1
Python_bivittatus_C9A	region	582	47	536	582	28249	28389	72.340	1.53e-10	55.1
Python_bivittatus_C9A	region	582	42	354	395	24467	24589	42.857	4.73e-05	37.0
Python_bivittatus_C9A	region	582	26	1	26	13848	13925	53.846	0.034	27.7
Notechis_scutatus_C9A	region	583	78	276	353	22918	23151	66.667	4.67e-31	120
Notechis_scutatus_C9A	region	583	74	459	532	27220	27441	67.568	6.07e-28	110
Notechis_scutatus_C9A	region	583	50	108	156	16663	16812	74.000	1.03e-18	81.6
Notechis_scutatus_C9A	region	583	47	157	203	17947	18087	70.213	2.35e-18	80.5
Notechis_scutatus_C9A	region	583	55	403	457	25996	26160	54.545	2.26e-15	70.9
Notechis_scutatus_C9A	region	583	54	54	107	15784	15942	53.704	2.08e-13	64.3
Notechis_scutatus_C9A	region	583	40	25	64	15001	15120	62.500	8.43e-13	62.4
Notechis_scutatus_C9A	region	583	82	202	281	20881	21126	34.146	3.26e-09	50.8
Notechis_scutatus_C9A	region	583	56	528	583	28222	28389	57.143	4.03e-09	50.4
Notechis_scutatus_C9A	region	583	45	355	396	24470	24592	35.556	0.023	28.5
Notechis_scutatus_C9A	region	583	26	1	26	13848	13925	46.154	0.13	25.8
Hydrophis_cyanocinctus_C9A	region	583	78	276	353	22918	23151	66.667	2.51e-31	121
Hydrophis_cyanocinctus_C9A	region	583	74	459	532	27220	27441	67.568	5.56e-28	110
Hydrophis_cyanocinctus_C9A	region	583	50	108	156	16663	16812	74.000	1.09e-18	81.6
Hydrophis_cyanocinctus_C9A	region	583	47	157	203	17947	18087	70.213	2.65e-18	80.1
Hydrophis_cyanocinctus_C9A	region	583	54	404	457	25999	26160	53.704	1.79e-14	67.8
Hydrophis_cyanocinctus_C9A	region	583	54	54	107	15784	15942	53.704	2.04e-13	64.3
Hydrophis_cyanocinctus_C9A	region	583	40	25	64	15001	15120	62.500	9.41e-13	62.4
Hydrophis_cyanocinctus_C9A	region	583	74	202	273	20881	21102	37.838	3.02e-09	50.8
Hydrophis_cyanocinctus_C9A	region	583	56	528	583	28222	28389	57.143	4.07e-09	50.4
Hydrophis_cyanocinctus_C9A	region	583	42	355	395	24470	24589	38.095	0.053	27.3
Laticauda_colubrina_C9A	region	583	78	276	353	22918	23151	66.667	2.40e-31	121
Laticauda_colubrina_C9A	region	583	74	459	532	27220	27441	68.919	3.27e-28	111
Laticauda_colubrina_C9A	region	583	47	157	203	17947	18087	70.213	2.70e-18	80.1
Laticauda_colubrina_C9A	region	583	50	108	156	16663	16812	72.000	2.82e-18	80.1
Laticauda_colubrina_C9A	region	583	55	403	457	25996	26160	60.000	5.14e-16	72.8
Laticauda_colubrina_C9A	region	583	54	54	107	15784	15942	53.704	5.50e-13	63.2
Laticauda_colubrina_C9A	region	583	40	25	64	15001	15120	62.500	1.23e-12	62.0
Laticauda_colubrina_C9A	region	583	56	528	583	28222	28389	57.143	3.93e-09	50.4
Laticauda_colubrina_C9A	region	583	74	202	273	20881	21102	36.486	1.07e-08	48.9
Protobothrops_mucrosquamatus_C9A	region	583	80	276	355	22918	23157	72.500	6.78e-34	129
Protobothrops_mucrosquamatus_C9A	region	583	74	459	532	27220	27441	68.919	2.18e-28	112
Protobothrops_mucrosquamatus_C9A	region	583	47	157	203	17947	18087	74.468	5.70e-20	85.5
Protobothrops_mucrosquamatus_C9A	region	583	50	108	156	16663	16812	70.000	1.03e-17	78.2
Protobothrops_mucrosquamatus_C9A	region	583	54	404	457	25999	26160	53.704	6.65e-15	69.3
Protobothrops_mucrosquamatus_C9A	region	583	60	54	110	15784	15960	55.000	3.67e-14	67.0
Protobothrops_mucrosquamatus_C9A	region	583	39	25	63	15001	15117	61.538	3.91e-13	63.5
Protobothrops_mucrosquamatus_C9A	region	583	76	203	272	20884	21099	44.737	1.58e-12	61.6
Protobothrops_mucrosquamatus_C9A	region	583	56	528	583	28222	28389	58.929	7.98e-11	55.8
Protobothrops_mucrosquamatus_C9A	region	583	42	354	395	24467	24589	45.238	0.002	32.0
Protobothrops_mucrosquamatus_C9A	region	583	26	1	26	13848	13925	50.000	0.011	29.3
Chrysopelea_ornata_C9A	region	584	82	276	357	22918	23163	64.634	5.73e-31	120
Chrysopelea_ornata_C9A	region	584	74	460	533	27220	27441	67.568	1.85e-27	109
Chrysopelea_ornata_C9A	region	584	47	157	203	17947	18087	74.468	6.35e-20	85.5
Chrysopelea_ornata_C9A	region	584	50	108	156	16663	16812	74.000	1.20e-18	81.3
Chrysopelea_ornata_C9A	region	584	73	202	272	20881	21099	47.945	4.86e-16	72.8
Chrysopelea_ornata_C9A	region	584	66	394	458	25963	26160	48.485	5.44e-16	72.8
Chrysopelea_ornata_C9A	region	584	54	54	107	15784	15942	53.704	5.33e-12	59.7
Chrysopelea_ornata_C9A	region	584	40	25	64	15001	15120	52.500	1.26e-10	55.5
Chrysopelea_ornata_C9A	region	584	56	529	584	28222	28389	51.786	3.35e-08	47.4
Chrysopelea_ornata_C9A	region	584	38	354	391	24467	24574	47.368	8.56e-04	33.1
Pituophis_catenifer_C9A	region	583	77	277	353	22921	23151	67.532	2.06e-30	118
Pituophis_catenifer_C9A	region	583	74	459	532	27220	27441	64.865	1.34e-26	106
Pituophis_catenifer_C9A	region	583	47	157	203	17947	18087	70.213	2.79e-18	80.1
Pituophis_catenifer_C9A	region	583	50	108	156	16663	16812	68.000	5.17e-17	75.9
Pituophis_catenifer_C9A	region	583	54	404	457	25999	26160	53.704	3.98e-15	70.1
Pituophis_catenifer_C9A	region	583	81	203	281	20884	21126	39.506	2.87e-14	67.0
Pituophis_catenifer_C9A	region	583	54	54	107	15784	15942	55.556	4.79e-14	66.6
Pituophis_catenifer_C9A	region	583	40	25	64	15001	15120	60.000	1.38e-12	61.6
Pituophis_catenifer_C9A	region	583	56	528	583	28222	28389	57.143	3.92e-10	53.9
Pituophis_catenifer_C9A	region	583	41	355	395	24470	24589	41.463	2.11e-04	35.0
Pantherophis_obsoletus_C9A	region	583	80	276	355	22918	23157	70.000	1.24e-33	128
Pantherophis_obsoletus_C9A	region	583	74	459	532	27220	27441	64.865	1.45e-26	106
Pantherophis_obsoletus_C9A	region	583	47	157	203	17947	18087	72.340	5.83e-19	82.4
Pantherophis_obsoletus_C9A	region	583	50	108	156	16663	16812	64.000	2.17e-16	73.9
Pantherophis_obsoletus_C9A	region	583	59	399	457	25984	26160	47.458	1.86e-15	70.9
Pantherophis_obsoletus_C9A	region	583	72	203	272	20884	21099	47.222	6.94e-15	69.3
Pantherophis_obsoletus_C9A	region	583	54	54	107	15784	15942	55.556	3.52e-14	67.0
Pantherophis_obsoletus_C9A	region	583	40	25	64	15001	15120	62.500	9.99e-13	62.0
Pantherophis_obsoletus_C9A	region	583	56	528	583	28222	28389	55.357	1.62e-09	51.6
Pantherophis_obsoletus_C9A	region	583	42	354	395	24467	24589	42.857	4.18e-05	37.4
Pantherophis_obsoletus_C9A	region	583	23	11	33	22899	22967	39.130	0.89	23.1
Bothrops_jararaca_C9A	region	583	82	274	355	22912	23157	69.512	4.17e-33	127
Bothrops_jararaca_C9A	region	583	74	459	532	27220	27441	68.919	8.05e-29	113
Bothrops_jararaca_C9A	region	583	47	157	203	17947	18087	74.468	4.67e-20	85.9
Bothrops_jararaca_C9A	region	583	50	108	156	16663	16812	70.000	2.74e-17	77.0
Bothrops_jararaca_C9A	region	583	56	402	457	25993	26160	50.000	9.28e-15	68.9
Bothrops_jararaca_C9A	region	583	60	54	110	15784	15960	55.000	4.47e-14	66.6
Bothrops_jararaca_C9A	region	583	72	203	272	20884	21099	44.444	1.98e-12	61.2
Bothrops_jararaca_C9A	region	583	39	25	63	15001	15117	56.410	7.73e-12	59.3
Bothrops_jararaca_C9A	region	583	56	528	583	28222	28389	57.143	3.22e-10	53.9
Bothrops_jararaca_C9A	region	583	42	354	395	24467	24589	42.857	0.001	32.7
Bothrops_jararaca_C9A	region	583	26	1	26	13848	13925	42.308	0.25	25.0
Ptyas_mucosa_C9A	region	583	79	277	355	22921	23157	69.620	1.79e-32	125
Ptyas_mucosa_C9A	region	583	74	459	532	27220	27441	63.514	1.73e-26	106
Ptyas_mucosa_C9A	region	583	47	157	203	17947	18087	72.340	6.47e-19	82.0
Ptyas_mucosa_C9A	region	583	50	108	156	16663	16812	72.000	2.86e-18	80.1
Ptyas_mucosa_C9A	region	583	59	399	457	25984	26160	47.458	4.12e-15	70.1
Ptyas_mucosa_C9A	region	583	54	54	107	15784	15942	57.407	1.15e-14	68.6
Ptyas_mucosa_C9A	region	583	72	203	272	20884	21099	44.444	7.27e-14	65.9
Ptyas_mucosa_C9A	region	583	40	25	64	15001	15120	62.500	7.10e-13	62.8
Ptyas_mucosa_C9A	region	583	50	534	583	28240	28389	62.000	2.57e-09	51.2
Ptyas_mucosa_C9A	region	583	42	354	395	24467	24589	45.238	1.15e-04	35.8
Vipera_berus_C9A	region	583	82	274	355	22912	23157	67.073	1.19e-31	122
Vipera_berus_C9A	region	583	74	459	532	27220	27441	66.216	7.97e-28	110
Vipera_berus_C9A	region	583	47	157	203	17947	18087	72.340	7.01e-20	85.1
Vipera_berus_C9A	region	583	60	398	457	25981	26160	50.000	3.75e-16	73.2
Vipera_berus_C9A	region	583	50	108	156	16663	16812	66.000	3.78e-16	73.2
Vipera_berus_C9A	region	583	72	203	272	20884	21099	47.222	2.22e-15	70.9
Vipera_berus_C9A	region	583	60	54	110	15784	15960	53.333	6.62e-14	65.9
Vipera_berus_C9A	region	583	39	25	63	15001	15117	58.974	1.88e-12	61.2
Vipera_berus_C9A	region	583	56	528	583	28222	28389	57.143	4.20e-10	53.5
Vipera_berus_C9A	region	583	42	354	395	24467	24589	40.476	0.001	32.7
Sceloporus_undulatus_C9A	region	591	85	278	362	22912	23166	67.059	1.58e-33	128
Sceloporus_undulatus_C9A	region	591	78	460	537	27211	27444	65.385	2.40e-30	118
Sceloporus_undulatus_C9A	region	591	54	54	107	15784	15945	61.111	3.40e-18	80.1
Sceloporus_undulatus_C9A	region	591	54	408	461	25999	26160	64.815	2.40e-17	77.0
Sceloporus_undulatus_C9A	region	591	63	140	202	17905	18087	52.381	5.33e-17	75.9
Sceloporus_undulatus_C9A	region	591	52	106	155	16657	16812	65.385	8.06e-14	65.9
Sceloporus_undulatus_C9A	region	591	85	201	285	20881	21126	40.000	1.71e-13	64.7
Sceloporus_undulatus_C9A	region	591	39	26	64	15004	15120	69.231	6.41e-13	62.8
Sceloporus_undulatus_C9A	region	591	50	538	587	28240	28389	64.000	1.65e-10	55.1
Sceloporus_undulatus_C9A	region	591	42	358	398	24467	24586	40.476	0.003	31.6
Sceloporus_undulatus_C9A	region	591	26	1	26	13848	13925	50.000	0.45	24.3
Anolis_carolinensis_C9B	region	538	84	278	361	22912	23163	66.667	5.45e-32	122
Anolis_carolinensis_C9B	region	538	78	460	537	27211	27444	62.821	6.24e-27	107
Anolis_carolinensis_C9B	region	538	47	156	202	17947	18087	74.468	4.70e-20	85.5
Anolis_carolinensis_C9B	region	538	62	399	460	25972	26157	56.452	9.19e-18	78.2
Anolis_carolinensis_C9B	region	538	54	54	107	15784	15945	59.259	1.49e-17	77.4
Anolis_carolinensis_C9B	region	538	49	108	155	16666	16812	69.388	5.29e-16	72.4
Anolis_carolinensis_C9B	region	538	39	26	64	15004	15120	66.667	2.55e-13	63.9
Anolis_carolinensis_C9B	region	538	77	201	277	20881	21102	40.260	2.47e-12	60.8
Anolis_carolinensis_C9B	region	538	45	359	403	24470	24595	40.000	0.003	31.2
Hydrophis_cyanocinctus_C9B	region	582	80	275	354	22918	23157	67.500	1.73e-32	125
Hydrophis_cyanocinctus_C9B	region	582	74	458	531	27220	27441	62.162	2.18e-25	102
Hydrophis_cyanocinctus_C9B	region	582	47	156	202	17947	18087	72.340	5.66e-19	82.4
Hydrophis_cyanocinctus_C9B	region	582	50	107	155	16663	16812	72.000	2.04e-18	80.5
Hydrophis_cyanocinctus_C9B	region	582	56	401	456	25993	26160	44.643	8.03e-14	65.9
Hydrophis_cyanocinctus_C9B	region	582	54	53	106	15784	15942	55.556	5.08e-13	63.2
Hydrophis_cyanocinctus_C9B	region	582	72	202	271	20884	21099	41.667	6.65e-11	56.2
Hydrophis_cyanocinctus_C9B	region	582	39	24	62	15001	15117	53.846	6.51e-10	53.1
Hydrophis_cyanocinctus_C9B	region	582	56	527	582	28222	28389	57.143	7.99e-10	52.8
Hydrophis_cyanocinctus_C9B	region	582	43	353	395	24467	24589	41.860	0.002	32.0
Hydrophis_cyanocinctus_C9B	region	582	21	5	25	13863	13925	47.619	0.80	23.5
Bothrops_jararaca_C9B	region	583	80	276	355	22918	23157	71.250	4.40e-33	127
Bothrops_jararaca_C9B	region	583	74	459	532	27220	27441	68.919	8.19e-29	113
Bothrops_jararaca_C9B	region	583	47	157	203	17947	18087	76.596	1.99e-20	87.0
Bothrops_jararaca_C9B	region	583	50	108	156	16663	16812	68.000	2.86e-17	77.0
Bothrops_jararaca_C9B	region	583	60	398	457	25981	26160	46.667	2.59e-15	70.5
Bothrops_jararaca_C9B	region	583	60	54	110	15784	15960	53.333	7.72e-14	65.9
Bothrops_jararaca_C9B	region	583	72	203	272	20884	21099	44.444	7.80e-13	62.4
Bothrops_jararaca_C9B	region	583	39	25	63	15001	15117	58.974	4.76e-12	60.1
Bothrops_jararaca_C9B	region	583	56	528	583	28222	28389	57.143	3.95e-10	53.5
Bothrops_jararaca_C9B	region	583	42	354	395	24467	24589	42.857	0.003	31.2
Bothrops_jararaca_C9B	region	583	26	1	26	13848	13925	42.308	0.38	24.3
Laticauda_colubrina_C9B	region	583	82	276	357	22918	23163	64.634	7.14e-32	123
Laticauda_colubrina_C9B	region	583	74	459	532	27220	27441	64.865	2.61e-26	105
Laticauda_colubrina_C9B	region	583	46	157	202	17947	18084	73.913	1.87e-19	84.0
Laticauda_colubrina_C9B	region	583	50	108	156	16663	16812	66.000	1.49e-16	74.7
Laticauda_colubrina_C9B	region	583	56	402	457	25993	26160	46.429	6.40e-14	65.9
Laticauda_colubrina_C9B	region	583	54	54	107	15784	15942	55.556	8.79e-13	62.4
Laticauda_colubrina_C9B	region	583	39	25	63	15001	15117	56.410	6.03e-11	56.2
Laticauda_colubrina_C9B	region	583	71	203	271	20884	21096	39.437	4.39e-09	50.4
Laticauda_colubrina_C9B	region	583	56	528	583	28222	28389	53.571	2.13e-08	48.1
Laticauda_colubrina_C9B	region	583	26	1	26	13848	13925	46.154	0.14	25.8
Laticauda_colubrina_C9B	region	583	78	111	169	21406	21176	25.641	0.52	23.9
Pseudonaja_textilis_C9B	region	583	79	276	354	22918	23154	69.620	7.53e-33	126
Pseudonaja_textilis_C9B	region	583	74	459	532	27220	27441	64.865	5.43e-27	107
Pseudonaja_textilis_C9B	region	583	47	157	203	17947	18087	74.468	2.22e-19	83.6
Pseudonaja_textilis_C9B	region	583	50	108	156	16663	16812	70.000	6.48e-18	79.0
Pseudonaja_textilis_C9B	region	583	72	203	272	20884	21099	50.000	4.33e-15	69.7
Pseudonaja_textilis_C9B	region	583	56	402	457	25993	26160	48.214	7.03e-14	65.9
Pseudonaja_textilis_C9B	region	583	54	54	107	15784	15942	55.556	2.15e-13	64.3
Pseudonaja_textilis_C9B	region	583	39	25	63	15001	15117	58.974	2.59e-11	57.4
Pseudonaja_textilis_C9B	region	583	51	533	583	28237	28389	56.863	2.71e-08	47.8
Pseudonaja_textilis_C9B	region	583	38	354	391	24467	24574	39.474	0.020	28.5
Pseudonaja_textilis_C9B	region	583	26	1	26	13848	13925	46.154	0.13	25.8
Notechis_scutatus_C9B	region	583	80	276	355	22918	23157	68.750	5.97e-33	126
Notechis_scutatus_C9B	region	583	74	459	532	27220	27441	64.865	1.71e-26	106
Notechis_scutatus_C9B	region	583	47	157	203	17947	18087	72.340	4.39e-19	82.8
Notechis_scutatus_C9B	region	583	50	108	156	16663	16812	72.000	1.95e-18	80.5
Notechis_scutatus_C9B	region	583	56	402	457	25993	26160	44.643	4.28e-14	66.6
Notechis_scutatus_C9B	region	583	54	54	107	15784	15942	55.556	3.56e-13	63.5
Notechis_scutatus_C9B	region	583	72	203	272	20884	21099	43.056	1.25e-11	58.5
Notechis_scutatus_C9B	region	583	39	25	63	15001	15117	56.410	5.68e-11	56.6
Notechis_scutatus_C9B	region	583	56	528	583	28222	28389	57.143	1.69e-09	51.6
Notechis_scutatus_C9B	region	583	42	354	395	24467	24586	40.476	0.012	29.3
Notechis_scutatus_C9B	region	583	26	1	26	13848	13925	46.154	0.12	25.8
Pituophis_catenifer_C9B	region	583	77	277	353	22921	23151	67.532	2.06e-30	118
Pituophis_catenifer_C9B	region	583	77	456	532	27211	27441	63.636	1.81e-27	109
Pituophis_catenifer_C9B	region	583	50	108	156	16663	16812	74.000	1.36e-19	84.3
Pituophis_catenifer_C9B	region	583	47	157	203	17947	18087	72.340	1.66e-19	84.0
Pituophis_catenifer_C9B	region	583	63	393	454	25963	26151	52.381	7.89e-15	68.9
Pituophis_catenifer_C9B	region	583	54	54	107	15784	15942	51.852	1.91e-12	61.2
Pituophis_catenifer_C9B	region	583	40	25	64	15001	15120	52.500	6.18e-11	56.2
Pituophis_catenifer_C9B	region	583	82	202	281	20881	21126	35.366	4.97e-10	53.5
Pituophis_catenifer_C9B	region	583	48	536	583	28246	28389	64.583	5.52e-09	50.1
Pituophis_catenifer_C9B	region	583	40	356	395	24473	24589	37.500	0.004	30.8
Pituophis_catenifer_C9B	region	583	26	1	26	13848	13925	46.154	0.073	26.6
Pantherophis_obsoletus_C9B	region	583	82	274	355	22912	23157	65.854	2.60e-33	127
Pantherophis_obsoletus_C9B	region	583	77	456	532	27211	27441	59.740	4.46e-26	105
Pantherophis_obsoletus_C9B	region	583	50	108	156	16663	16812	74.000	2.06e-19	84.0
Pantherophis_obsoletus_C9B	region	583	47	157	203	17947	18087	72.340	2.19e-19	83.6
Pantherophis_obsoletus_C9B	region	583	51	404	454	25999	26151	58.824	9.85e-15	68.6
Pantherophis_obsoletus_C9B	region	583	54	54	107	15784	15942	53.704	5.69e-13	62.8
Pantherophis_obsoletus_C9B	region	583	40	25	64	15001	15120	60.000	1.78e-12	61.2
Pantherophis_obsoletus_C9B	region	583	56	528	583	28222	28389	60.714	4.89e-10	53.5
Pantherophis_obsoletus_C9B	region	583	73	202	272	20881	21099	38.356	1.99e-09	51.6
Pantherophis_obsoletus_C9B	region	583	42	354	395	24467	24589	42.857	4.04e-05	37.4
Pantherophis_obsoletus_C9B	region	583	26	1	26	13848	13925	46.154	0.073	26.6
Crotalus_tigris_C9B	region	583	75	276	350	22918	23142	64.000	5.08e-29	114
Crotalus_tigris_C9B	region	583	74	459	532	27220	27441	62.162	7.00e-27	107
Crotalus_tigris_C9B	region	583	47	157	203	17947	18087	74.468	1.70e-19	84.0
Crotalus_tigris_C9B	region	583	50	108	156	16663	16812	72.000	9.53e-19	81.6
Crotalus_tigris_C9B	region	583	56	402	457	25993	26160	53.571	4.37e-15	69.7
Crotalus_tigris_C9B	region	583	54	54	107	15784	15942	55.556	1.94e-13	64.3
Crotalus_tigris_C9B	region	583	39	25	63	15001	15117	58.974	3.18e-11	57.4
Crotalus_tigris_C9B	region	583	72	203	272	20884	21099	40.278	7.71e-11	55.8
Crotalus_tigris_C9B	region	583	47	537	583	28249	28389	65.957	7.89e-09	49.3
Crotalus_tigris_C9B	region	583	45	355	396	24470	24592	40.000	0.001	32.3
Ptyas_mucosa_C9B	region	583	77	277	353	22921	23151	67.532	2.06e-30	118
Ptyas_mucosa_C9B	region	583	73	460	532	27223	27441	60.274	3.58e-25	102
Ptyas_mucosa_C9B	region	583	47	157	203	17947	18087	72.340	1.56e-19	84.3
Ptyas_mucosa_C9B	region	583	50	108	156	16663	16812	74.000	4.24e-19	82.8
Ptyas_mucosa_C9B	region	583	51	404	454	25999	26151	56.863	1.54e-13	64.7
Ptyas_mucosa_C9B	region	583	54	54	107	15784	15942	53.704	8.43e-13	62.4
Ptyas_mucosa_C9B	region	583	82	202	281	20881	21126	36.585	2.22e-10	54.7
Ptyas_mucosa_C9B	region	583	56	528	583	28222	28389	58.929	1.56e-09	51.6
Ptyas_mucosa_C9B	region	583	35	30	64	15016	15120	48.571	1.36e-08	48.5
Ptyas_mucosa_C9B	region	583	39	355	393	24470	24583	38.462	0.001	32.7
Ptyas_mucosa_C9B	region	583	21	1	21	13848	13910	57.143	0.056	26.9
