Lacerta_agilis_C9A	JAGTXL010020792.1	589	78	279	356	60306	60539	73.077	2.24e-29	129
Lacerta_agilis_C9A	JAGTXL010020792.1	589	127	245	371	89859	90200	48.031	7.68e-29	128
Lacerta_agilis_C9A	JAGTXL010020792.1	589	74	461	534	97114	97335	68.919	6.54e-26	119
Lacerta_agilis_C9A	JAGTXL010020792.1	589	74	461	534	69035	69256	67.568	1.37e-25	118
Lacerta_agilis_C9A	JAGTXL010020792.1	589	47	155	201	55766	55906	74.468	1.54e-15	86.3
Lacerta_agilis_C9A	JAGTXL010020792.1	589	47	155	201	85873	86013	76.596	1.69e-15	85.9
Lacerta_agilis_C9A	JAGTXL010020792.1	589	50	105	154	83664	83813	74.000	1.18e-13	80.1
Lacerta_agilis_C9A	JAGTXL010020792.1	589	55	100	154	53741	53905	69.091	1.35e-13	79.7
Lacerta_agilis_C9A	JAGTXL010020792.1	589	56	403	458	95899	96066	58.929	8.27e-11	70.9
Lacerta_agilis_C9A	JAGTXL010020792.1	589	56	403	458	67443	67610	55.357	1.13e-10	70.5
Lacerta_agilis_C9A	JAGTXL010020792.1	589	51	56	105	52601	52753	58.824	5.61e-10	68.2
Lacerta_agilis_C9A	JAGTXL010020792.1	589	52	534	584	69670	69825	61.538	1.03e-09	67.4
Lacerta_agilis_C9A	JAGTXL010020792.1	589	51	56	105	82063	82215	58.824	3.46e-09	65.5
Lacerta_agilis_C9A	JAGTXL010020792.1	589	52	534	584	97882	98037	51.923	1.07e-06	57.4
Lacerta_agilis_C9A	JAGTXL010003666.1	589	74	461	534	3326	3547	68.919	6.36e-26	119
Lacerta_agilis_C9A	JAGTXL010003666.1	589	52	534	584	4094	4249	51.923	1.05e-06	57.4
Lacerta_agilis_C9A	JAGTXL010018694.1	589	136	225	359	265093	264701	31.618	3.39e-09	65.5
Lacerta_agilis_C9A	JAGTXL010018694.1	589	82	279	360	214901	215146	28.049	1.71e-06	57.0
Lacerta_agilis_C9A	JAGTXL010000629.1	589	60	470	529	531141	531320	46.667	1.01e-07	60.8
Lacerta_agilis_C9A	JAGTXL010019421.1	589	222	301	517	408318	408938	23.874	3.94e-07	58.9
Zootoca_vivipara_C9A	JAGTXL010020792.1	589	78	279	356	60306	60539	74.359	7.56e-30	131
Zootoca_vivipara_C9A	JAGTXL010020792.1	589	94	278	371	89928	90200	57.447	1.64e-28	127
Zootoca_vivipara_C9A	JAGTXL010020792.1	589	74	461	534	97114	97335	68.919	7.95e-26	118
Zootoca_vivipara_C9A	JAGTXL010020792.1	589	74	461	534	69035	69256	68.919	9.16e-26	118
Zootoca_vivipara_C9A	JAGTXL010020792.1	589	47	155	201	55766	55906	74.468	1.47e-15	86.3
Zootoca_vivipara_C9A	JAGTXL010020792.1	589	47	155	201	85873	86013	76.596	1.64e-15	85.9
Zootoca_vivipara_C9A	JAGTXL010020792.1	589	50	105	154	83664	83813	74.000	1.64e-13	79.7
Zootoca_vivipara_C9A	JAGTXL010020792.1	589	55	100	154	53741	53905	67.273	2.11e-13	79.3
Zootoca_vivipara_C9A	JAGTXL010020792.1	589	56	403	458	95899	96066	60.714	2.56e-11	72.4
Zootoca_vivipara_C9A	JAGTXL010020792.1	589	56	403	458	67443	67610	57.143	2.84e-11	72.4
Zootoca_vivipara_C9A	JAGTXL010020792.1	589	51	56	105	52601	52753	58.824	3.53e-10	68.9
Zootoca_vivipara_C9A	JAGTXL010020792.1	589	51	56	105	82063	82215	58.824	2.25e-09	66.2
Zootoca_vivipara_C9A	JAGTXL010020792.1	589	52	534	584	69670	69825	61.538	2.27e-09	66.2
Zootoca_vivipara_C9A	JAGTXL010020792.1	589	53	534	584	97882	98037	54.717	3.24e-06	55.8
Zootoca_vivipara_C9A	JAGTXL010003666.1	589	74	461	534	3326	3547	68.919	7.73e-26	118
Zootoca_vivipara_C9A	JAGTXL010003666.1	589	53	534	584	4094	4249	54.717	3.19e-06	55.8
Zootoca_vivipara_C9A	JAGTXL010018694.1	589	81	279	359	264943	264701	35.802	1.42e-08	63.5
Zootoca_vivipara_C9A	JAGTXL010018694.1	589	82	279	360	214901	215146	28.049	3.17e-06	55.8
Zootoca_vivipara_C9A	JAGTXL010000629.1	589	60	470	529	531141	531320	45.000	1.74e-07	60.1
Zootoca_vivipara_C9A	JAGTXL010000629.1	589	46	540	584	532374	532511	52.174	4.42e-06	55.5
Zootoca_vivipara_C9A	JAGTXL010019421.1	589	222	301	517	408318	408938	23.423	1.08e-06	57.4
Podarcis_muralis_C9A	JAGTXL010020792.1	589	79	278	356	60303	60539	73.418	3.93e-30	132
Podarcis_muralis_C9A	JAGTXL010020792.1	589	94	278	371	89928	90200	56.383	3.21e-28	126
Podarcis_muralis_C9A	JAGTXL010020792.1	589	74	461	534	97114	97335	67.568	2.63e-25	117
Podarcis_muralis_C9A	JAGTXL010020792.1	589	74	461	534	69035	69256	66.216	1.10e-24	115
Podarcis_muralis_C9A	JAGTXL010020792.1	589	47	155	201	55766	55906	74.468	1.53e-15	86.3
Podarcis_muralis_C9A	JAGTXL010020792.1	589	47	155	201	85873	86013	76.596	1.65e-15	85.9
Podarcis_muralis_C9A	JAGTXL010020792.1	589	50	105	154	83664	83813	74.000	1.19e-13	80.1
Podarcis_muralis_C9A	JAGTXL010020792.1	589	55	100	154	53741	53905	69.091	1.45e-13	79.7
Podarcis_muralis_C9A	JAGTXL010020792.1	589	51	56	105	52601	52753	58.824	8.45e-10	67.8
Podarcis_muralis_C9A	JAGTXL010020792.1	589	52	534	584	69670	69825	61.538	8.82e-10	67.4
Podarcis_muralis_C9A	JAGTXL010020792.1	589	59	400	458	67434	67610	50.847	1.18e-09	67.0
Podarcis_muralis_C9A	JAGTXL010020792.1	589	61	399	458	95884	96066	54.098	2.50e-09	66.2
Podarcis_muralis_C9A	JAGTXL010020792.1	589	51	56	105	82063	82215	58.824	3.40e-09	65.5
Podarcis_muralis_C9A	JAGTXL010020792.1	589	52	534	584	97882	98037	51.923	1.04e-06	57.4
Podarcis_muralis_C9A	JAGTXL010003666.1	589	74	461	534	3326	3547	67.568	2.56e-25	117
Podarcis_muralis_C9A	JAGTXL010003666.1	589	52	534	584	4094	4249	51.923	1.03e-06	57.4
Podarcis_muralis_C9A	JAGTXL010003049.1	589	223	300	518	166003	165395	26.009	8.85e-08	60.8
Podarcis_muralis_C9A	JAGTXL010018694.1	589	81	279	359	264943	264701	34.568	9.04e-08	60.8
Podarcis_muralis_C9A	JAGTXL010018694.1	589	82	279	360	214901	215146	29.268	1.08e-06	57.4
Podarcis_muralis_C9A	JAGTXL010000629.1	589	60	470	529	531141	531320	43.333	1.07e-07	60.8
Podarcis_muralis_C9A	JAGTXL010000629.1	589	55	531	584	532347	532511	45.455	4.57e-06	55.5
Podarcis_muralis_C9A	JAGTXL010019421.1	589	207	301	502	408318	408899	23.671	2.39e-06	56.2
Anolis_carolinensis_C9A	JAGTXL010003666.1	591	78	460	537	3317	3550	65.385	7.03e-28	125
Anolis_carolinensis_C9A	JAGTXL010003666.1	591	52	536	587	4094	4249	59.615	1.45e-10	70.1
Anolis_carolinensis_C9A	JAGTXL010020792.1	591	78	460	537	97105	97338	65.385	7.24e-28	125
Anolis_carolinensis_C9A	JAGTXL010020792.1	591	81	457	537	69017	69259	64.198	1.11e-27	124
Anolis_carolinensis_C9A	JAGTXL010020792.1	591	79	280	358	60303	60539	67.089	5.77e-25	115
Anolis_carolinensis_C9A	JAGTXL010020792.1	591	94	280	373	89928	90200	53.191	1.66e-23	111
Anolis_carolinensis_C9A	JAGTXL010020792.1	591	47	156	202	55766	55906	70.213	1.52e-14	82.8
Anolis_carolinensis_C9A	JAGTXL010020792.1	591	47	156	202	85873	86013	70.213	3.16e-14	82.0
Anolis_carolinensis_C9A	JAGTXL010020792.1	591	50	106	155	83664	83813	68.000	8.12e-12	74.3
Anolis_carolinensis_C9A	JAGTXL010020792.1	591	50	106	155	53756	53905	70.000	1.36e-11	73.6
Anolis_carolinensis_C9A	JAGTXL010020792.1	591	52	536	587	97882	98037	59.615	1.48e-10	70.1
Anolis_carolinensis_C9A	JAGTXL010020792.1	591	52	536	587	69670	69825	55.769	4.08e-10	68.6
Anolis_carolinensis_C9A	JAGTXL010020792.1	591	54	408	461	95908	96069	57.407	8.29e-10	67.8
Anolis_carolinensis_C9A	JAGTXL010020792.1	591	60	408	467	67452	67631	50.000	7.12e-09	64.7
Anolis_carolinensis_C9A	JAGTXL010020792.1	591	88	193	280	57565	57813	35.227	6.76e-08	61.2
Anolis_carolinensis_C9A	JAGTXL010020792.1	591	52	57	107	52601	52756	50.000	1.39e-06	57.0
Anolis_carolinensis_C9A	JAGTXL010020792.1	591	52	57	107	82063	82218	51.923	3.04e-06	56.2
Anolis_carolinensis_C9A	JAGTXL010018694.1	591	53	532	584	228466	228624	50.943	2.19e-08	63.2
Anolis_carolinensis_C9A	JAGTXL010018694.1	591	80	281	360	214901	215140	32.500	6.25e-08	61.6
Anolis_carolinensis_C9A	JAGTXL010000629.1	591	84	281	364	568894	568643	34.524	3.41e-08	62.4
Anolis_carolinensis_C9A	JAGTXL010000629.1	591	71	461	531	531111	531320	40.845	1.04e-07	60.8
Anolis_carolinensis_C9A	JAGTXL010000629.1	591	38	542	579	532374	532487	60.526	1.29e-07	60.5
Anolis_carolinensis_C9A	JAGTXL010020479.1	591	79	281	359	595899	596135	34.177	1.78e-07	60.1
Anolis_carolinensis_C9A	JAGTXL010025574.1	591	52	542	589	3619	3774	53.846	1.74e-06	56.6
Pogona_vitticeps_C9A	JAGTXL010020792.1	576	99	239	337	89868	90158	56.566	8.01e-27	121
Pogona_vitticeps_C9A	JAGTXL010020792.1	576	99	256	354	60288	60575	58.586	6.32e-26	119
Pogona_vitticeps_C9A	JAGTXL010020792.1	576	75	441	515	97105	97329	68.000	3.10e-25	116
Pogona_vitticeps_C9A	JAGTXL010020792.1	576	78	438	515	69017	69250	66.667	1.49e-24	114
Pogona_vitticeps_C9A	JAGTXL010020792.1	576	49	156	204	55766	55912	73.469	2.00e-16	89.0
Pogona_vitticeps_C9A	JAGTXL010020792.1	576	49	156	204	85873	86019	71.429	3.71e-15	84.7
Pogona_vitticeps_C9A	JAGTXL010020792.1	576	58	514	571	69652	69825	65.517	2.79e-14	82.0
Pogona_vitticeps_C9A	JAGTXL010020792.1	576	70	502	571	97828	98037	55.714	6.82e-14	80.9
Pogona_vitticeps_C9A	JAGTXL010020792.1	576	50	106	155	83664	83813	70.000	1.33e-12	76.6
Pogona_vitticeps_C9A	JAGTXL010020792.1	576	50	106	155	53756	53905	70.000	2.62e-11	72.4
Pogona_vitticeps_C9A	JAGTXL010020792.1	576	62	380	441	95887	96066	51.613	9.68e-10	67.4
Pogona_vitticeps_C9A	JAGTXL010020792.1	576	68	381	448	67428	67631	45.588	1.07e-09	67.0
Pogona_vitticeps_C9A	JAGTXL010020792.1	576	64	1	64	81207	81386	45.312	1.77e-07	60.1
Pogona_vitticeps_C9A	JAGTXL010020792.1	576	39	26	64	51787	51903	53.846	6.11e-06	55.1
Pogona_vitticeps_C9A	JAGTXL010003666.1	576	75	441	515	3317	3541	68.000	3.01e-25	116
Pogona_vitticeps_C9A	JAGTXL010003666.1	576	70	502	571	4040	4249	55.714	6.68e-14	80.9
Pogona_vitticeps_C9A	JAGTXL010018694.1	576	83	258	340	264955	264707	33.735	7.91e-08	61.2
Pogona_vitticeps_C9A	JAGTXL010018694.1	576	46	520	565	244025	243888	56.522	1.13e-06	57.4
Pogona_vitticeps_C9A	JAGTXL010018694.1	576	81	262	342	214901	215143	29.630	2.02e-06	56.6
Pogona_vitticeps_C9A	JAGTXL010018694.1	576	74	436	508	247341	247123	36.486	6.47e-06	55.1
Pogona_vitticeps_C9A	JAGTXL010018694.1	576	42	526	567	228496	228621	57.143	6.69e-06	54.7
Pogona_vitticeps_C9A	JAGTXL010000629.1	576	41	524	563	562753	562631	70.732	9.14e-08	60.8
Pogona_vitticeps_C9A	JAGTXL010000629.1	576	55	521	575	532359	532523	47.273	9.78e-08	60.8
Pogona_vitticeps_C9A	JAGTXL010000629.1	576	68	443	510	531114	531314	44.118	1.49e-07	60.1
Pogona_vitticeps_C9A	JAGTXL010000629.1	576	84	257	340	568909	568658	32.143	1.93e-07	59.7
Pogona_vitticeps_C9A	JAGTXL010000629.1	576	50	513	561	596166	596026	58.000	5.03e-07	58.5
Pogona_vitticeps_C9A	JAGTXL010020479.1	576	79	262	340	595899	596135	37.975	1.08e-06	57.4
Gekko_japonicus_C9A	JAGTXL010020792.1	582	87	284	370	89898	90158	52.874	1.07e-20	102
Gekko_japonicus_C9A	JAGTXL010020792.1	582	78	295	372	60306	60539	58.974	1.51e-20	102
Gekko_japonicus_C9A	JAGTXL010020792.1	582	84	457	539	69035	69286	54.762	2.70e-20	101
Gekko_japonicus_C9A	JAGTXL010020792.1	582	81	457	537	97114	97338	53.086	1.19e-18	95.9
Gekko_japonicus_C9A	JAGTXL010020792.1	582	51	122	172	83664	83813	64.706	1.49e-11	73.2
Gekko_japonicus_C9A	JAGTXL010020792.1	582	45	173	217	55766	55900	64.444	9.65e-11	70.5
Gekko_japonicus_C9A	JAGTXL010020792.1	582	51	531	581	69673	69825	62.745	2.79e-10	68.9
Gekko_japonicus_C9A	JAGTXL010020792.1	582	45	173	217	85873	86007	64.444	3.04e-10	68.9
Gekko_japonicus_C9A	JAGTXL010020792.1	582	51	122	172	53756	53905	64.706	3.28e-10	68.9
Gekko_japonicus_C9A	JAGTXL010020792.1	582	47	531	577	97885	98025	59.574	4.56e-08	62.0
Gekko_japonicus_C9A	JAGTXL010020792.1	582	52	71	122	52604	52753	51.923	6.25e-08	61.6
Gekko_japonicus_C9A	JAGTXL010020792.1	582	52	71	122	82066	82215	51.923	3.78e-07	58.9
Gekko_japonicus_C9A	JAGTXL010003666.1	582	81	457	537	3326	3550	53.086	1.16e-18	95.9
Gekko_japonicus_C9A	JAGTXL010003666.1	582	47	531	577	4097	4237	59.574	4.49e-08	62.0
Gekko_japonicus_C9A	JAGTXL010018694.1	582	134	243	375	265093	264701	31.343	2.80e-09	65.9
Gekko_japonicus_C9A	JAGTXL010018694.1	582	67	456	521	247323	247123	37.313	1.34e-06	57.0
Gekko_japonicus_C9A	JAGTXL010018694.1	582	82	295	376	214901	215146	30.488	4.12e-06	55.5
Gekko_japonicus_C9A	JAGTXL010000629.1	582	46	536	581	532374	532511	52.174	4.17e-09	65.5
Gekko_japonicus_C9A	JAGTXL010000629.1	582	67	457	523	531117	531314	44.776	1.91e-08	63.2
Gekko_japonicus_C9A	JAGTXL010000629.1	582	78	301	378	568876	568643	34.615	1.42e-07	60.5
Gekko_japonicus_C9A	JAGTXL010000629.1	582	64	466	527	599871	599680	40.625	2.58e-06	56.2
Gekko_japonicus_C9A	JAGTXL010003049.1	582	213	316	514	166003	165395	25.822	5.20e-08	61.6
Gekko_japonicus_C9A	JAGTXL010020479.1	582	79	295	373	595899	596135	35.443	1.29e-07	60.5
Crotalus_tigris_C9A	JAGTXL010020792.1	583	95	273	367	89919	90194	85.263	1.52e-42	169
Crotalus_tigris_C9A	JAGTXL010020792.1	583	77	456	532	97105	97335	96.104	8.00e-39	158
Crotalus_tigris_C9A	JAGTXL010020792.1	583	80	453	532	69017	69256	82.500	1.32e-34	145
Crotalus_tigris_C9A	JAGTXL010020792.1	583	78	276	353	60303	60536	79.487	7.20e-31	134
Crotalus_tigris_C9A	JAGTXL010020792.1	583	78	196	273	87297	87530	88.462	2.14e-30	132
Crotalus_tigris_C9A	JAGTXL010020792.1	583	62	396	457	95884	96069	98.387	3.72e-27	122
Crotalus_tigris_C9A	JAGTXL010020792.1	583	52	532	583	97882	98037	94.231	1.39e-23	111
Crotalus_tigris_C9A	JAGTXL010020792.1	583	54	54	107	82054	82215	92.593	5.49e-23	109
Crotalus_tigris_C9A	JAGTXL010020792.1	583	50	107	156	83664	83813	98.000	2.50e-21	104
Crotalus_tigris_C9A	JAGTXL010020792.1	583	54	54	107	52592	52753	87.037	2.88e-21	104
Crotalus_tigris_C9A	JAGTXL010020792.1	583	63	401	463	67443	67631	80.952	3.58e-21	103
Crotalus_tigris_C9A	JAGTXL010020792.1	583	47	157	203	85873	86013	97.872	1.21e-20	102
Crotalus_tigris_C9A	JAGTXL010020792.1	583	47	157	203	55766	55906	87.234	4.35e-18	94.4
Crotalus_tigris_C9A	JAGTXL010020792.1	583	50	107	156	53756	53905	84.000	5.66e-17	90.9
Crotalus_tigris_C9A	JAGTXL010020792.1	583	52	532	583	69670	69825	71.154	3.96e-16	87.8
Crotalus_tigris_C9A	JAGTXL010020792.1	583	43	354	396	92724	92852	97.674	7.57e-16	87.0
Crotalus_tigris_C9A	JAGTXL010020792.1	583	39	26	64	81270	81386	84.615	9.77e-12	73.9
Crotalus_tigris_C9A	JAGTXL010020792.1	583	78	195	272	57568	57801	48.718	1.05e-11	73.6
Crotalus_tigris_C9A	JAGTXL010020792.1	583	43	26	68	51787	51915	60.465	2.35e-07	59.7
Crotalus_tigris_C9A	JAGTXL010003666.1	583	77	456	532	3317	3547	96.104	7.75e-39	158
Crotalus_tigris_C9A	JAGTXL010003666.1	583	52	532	583	4094	4249	94.231	1.35e-23	111
Crotalus_tigris_C9A	JAGTXL010018694.1	583	77	277	353	264943	264713	36.364	1.49e-07	60.5
Crotalus_tigris_C9A	JAGTXL010018694.1	583	43	537	579	244010	243882	53.488	6.97e-07	58.2
Crotalus_tigris_C9A	JAGTXL010018694.1	583	52	528	579	228466	228621	46.154	2.82e-06	56.2
Crotalus_tigris_C9A	JAGTXL010000629.1	583	106	451	549	531093	531392	35.849	3.87e-07	58.9
Crotalus_tigris_C9A	JAGTXL010000629.1	583	54	530	583	532350	532511	46.296	3.31e-06	55.8
Crotalus_tigris_C9A	JAGTXL010019421.1	583	218	302	514	408327	408935	23.394	5.75e-06	55.1
Thamnophis_elegans_C9A	JAGTXL010020792.1	583	92	276	367	89928	90194	72.826	2.20e-35	148
Thamnophis_elegans_C9A	JAGTXL010020792.1	583	99	274	372	60297	60584	72.727	3.09e-35	147
Thamnophis_elegans_C9A	JAGTXL010020792.1	583	80	453	532	69017	69256	82.500	3.07e-32	138
Thamnophis_elegans_C9A	JAGTXL010020792.1	583	77	456	532	97105	97335	79.221	1.92e-30	132
Thamnophis_elegans_C9A	JAGTXL010020792.1	583	68	396	463	67428	67631	73.529	4.94e-23	109
Thamnophis_elegans_C9A	JAGTXL010020792.1	583	61	401	461	95899	96081	77.049	3.57e-20	100
Thamnophis_elegans_C9A	JAGTXL010020792.1	583	78	194	271	57565	57798	62.821	4.58e-19	97.4
Thamnophis_elegans_C9A	JAGTXL010020792.1	583	52	532	583	69670	69825	75.000	3.83e-17	91.3
Thamnophis_elegans_C9A	JAGTXL010020792.1	583	50	107	156	83664	83813	86.000	3.83e-17	91.3
Thamnophis_elegans_C9A	JAGTXL010020792.1	583	47	157	203	55766	55906	82.979	1.17e-16	89.7
Thamnophis_elegans_C9A	JAGTXL010020792.1	583	54	54	107	52592	52753	74.074	4.67e-16	87.8
Thamnophis_elegans_C9A	JAGTXL010020792.1	583	54	54	107	82054	82215	75.926	4.87e-16	87.8
Thamnophis_elegans_C9A	JAGTXL010020792.1	583	50	107	156	53756	53905	82.000	5.04e-16	87.8
Thamnophis_elegans_C9A	JAGTXL010020792.1	583	47	157	203	85873	86013	78.723	3.04e-15	85.1
Thamnophis_elegans_C9A	JAGTXL010020792.1	583	52	532	583	97882	98037	65.385	2.38e-13	79.0
Thamnophis_elegans_C9A	JAGTXL010020792.1	583	45	351	395	63066	63200	71.111	1.21e-09	67.0
Thamnophis_elegans_C9A	JAGTXL010020792.1	583	76	196	271	87297	87524	44.737	2.07e-09	66.2
Thamnophis_elegans_C9A	JAGTXL010020792.1	583	43	26	68	51787	51915	62.791	8.59e-09	64.3
Thamnophis_elegans_C9A	JAGTXL010020792.1	583	39	26	64	81270	81386	66.667	3.25e-08	62.4
Thamnophis_elegans_C9A	JAGTXL010003666.1	583	77	456	532	3317	3547	79.221	1.86e-30	132
Thamnophis_elegans_C9A	JAGTXL010003666.1	583	52	532	583	4094	4249	65.385	2.33e-13	79.0
Thamnophis_elegans_C9A	JAGTXL010018694.1	583	52	528	579	228466	228621	55.769	3.94e-11	72.0
Thamnophis_elegans_C9A	JAGTXL010018694.1	583	81	274	354	264952	264710	33.333	1.10e-06	57.4
Thamnophis_elegans_C9A	JAGTXL010018694.1	583	47	537	583	244010	243870	46.809	4.17e-06	55.5
Thamnophis_elegans_C9A	JAGTXL010000629.1	583	40	535	573	596145	596026	60.000	1.65e-07	60.1
Thamnophis_elegans_C9A	JAGTXL010000629.1	583	54	530	583	532350	532511	46.296	5.09e-07	58.5
Thamnophis_elegans_C9A	JAGTXL010000629.1	583	50	535	583	562756	562607	50.000	1.01e-06	57.8
Thamnophis_elegans_C9A	JAGTXL010000629.1	583	67	277	343	568894	568694	38.806	1.10e-06	57.4
Thamnophis_elegans_C9A	JAGTXL010020479.1	583	67	277	343	595899	596099	38.806	7.75e-06	54.7
Naja_naja_C9A	JAGTXL010020792.1	582	95	273	367	89919	90194	75.789	4.40e-37	153
Naja_naja_C9A	JAGTXL010020792.1	582	77	455	531	97105	97335	87.013	7.97e-35	146
Naja_naja_C9A	JAGTXL010020792.1	582	77	455	531	69026	69256	87.013	4.43e-34	144
Naja_naja_C9A	JAGTXL010020792.1	582	78	276	353	60303	60536	76.923	1.59e-29	130
Naja_naja_C9A	JAGTXL010020792.1	582	78	196	273	87297	87530	80.769	4.57e-27	122
Naja_naja_C9A	JAGTXL010020792.1	582	56	527	582	97870	98037	80.357	1.80e-21	105
Naja_naja_C9A	JAGTXL010020792.1	582	61	396	456	95887	96069	80.328	4.20e-21	103
Naja_naja_C9A	JAGTXL010020792.1	582	50	107	156	83664	83813	90.000	5.52e-19	97.1
Naja_naja_C9A	JAGTXL010020792.1	582	64	399	462	67440	67631	70.312	1.17e-18	95.9
Naja_naja_C9A	JAGTXL010020792.1	582	47	157	203	85873	86013	87.234	5.76e-18	94.0
Naja_naja_C9A	JAGTXL010020792.1	582	50	107	156	53756	53905	86.000	7.48e-18	93.6
Naja_naja_C9A	JAGTXL010020792.1	582	54	54	107	82054	82215	74.074	7.61e-18	93.6
Naja_naja_C9A	JAGTXL010020792.1	582	56	527	582	69658	69825	71.429	2.41e-17	92.0
Naja_naja_C9A	JAGTXL010020792.1	582	54	54	107	52592	52753	72.222	9.71e-17	90.1
Naja_naja_C9A	JAGTXL010020792.1	582	47	157	203	55766	55906	80.851	2.58e-16	88.6
Naja_naja_C9A	JAGTXL010020792.1	582	78	195	272	57568	57801	51.282	1.34e-12	76.6
Naja_naja_C9A	JAGTXL010020792.1	582	39	26	64	81270	81386	76.923	1.06e-09	67.4
Naja_naja_C9A	JAGTXL010020792.1	582	43	26	68	51787	51915	60.465	4.83e-07	58.5
Naja_naja_C9A	JAGTXL010003666.1	582	77	455	531	3317	3547	87.013	7.73e-35	146
Naja_naja_C9A	JAGTXL010003666.1	582	56	527	582	4082	4249	80.357	1.75e-21	105
Naja_naja_C9A	JAGTXL010000629.1	582	69	456	524	531111	531314	42.029	4.95e-08	62.0
Naja_naja_C9A	JAGTXL010000629.1	582	48	535	582	532368	532511	52.083	1.48e-06	57.0
Naja_naja_C9A	JAGTXL010018694.1	582	76	277	352	264943	264716	39.474	5.35e-08	61.6
Naja_naja_C9A	JAGTXL010018694.1	582	47	536	582	244010	243870	51.064	1.08e-06	57.4
Naja_naja_C9A	JAGTXL010018694.1	582	52	527	578	228466	228621	46.154	5.50e-06	55.1
Naja_naja_C9A	JAGTXL010003049.1	582	226	293	515	166018	165395	23.894	2.98e-07	59.3
Pseudonaja_textilis_C9A	JAGTXL010020792.1	583	95	273	367	89919	90194	76.842	1.11e-37	155
Pseudonaja_textilis_C9A	JAGTXL010020792.1	583	77	456	532	97105	97335	83.117	3.54e-33	141
Pseudonaja_textilis_C9A	JAGTXL010020792.1	583	77	456	532	69026	69256	84.416	5.93e-33	140
Pseudonaja_textilis_C9A	JAGTXL010020792.1	583	78	276	353	60303	60536	79.487	1.29e-30	133
Pseudonaja_textilis_C9A	JAGTXL010020792.1	583	78	196	273	87297	87530	75.641	8.44e-26	118
Pseudonaja_textilis_C9A	JAGTXL010020792.1	583	62	396	457	95884	96069	80.645	4.60e-22	107
Pseudonaja_textilis_C9A	JAGTXL010020792.1	583	56	528	583	97870	98037	82.143	8.97e-22	105
Pseudonaja_textilis_C9A	JAGTXL010020792.1	583	64	400	463	67440	67631	70.312	4.31e-19	97.4
Pseudonaja_textilis_C9A	JAGTXL010020792.1	583	50	107	156	83664	83813	90.000	6.38e-19	97.1
Pseudonaja_textilis_C9A	JAGTXL010020792.1	583	50	107	156	53756	53905	86.000	3.08e-18	94.7
Pseudonaja_textilis_C9A	JAGTXL010020792.1	583	47	157	203	85873	86013	87.234	6.11e-18	94.0
Pseudonaja_textilis_C9A	JAGTXL010020792.1	583	56	528	583	69658	69825	73.214	1.21e-17	92.8
Pseudonaja_textilis_C9A	JAGTXL010020792.1	583	54	54	107	82054	82215	74.074	5.91e-17	90.5
Pseudonaja_textilis_C9A	JAGTXL010020792.1	583	54	54	107	52592	52753	74.074	7.53e-17	90.1
Pseudonaja_textilis_C9A	JAGTXL010020792.1	583	47	157	203	55766	55906	80.851	2.48e-16	88.6
Pseudonaja_textilis_C9A	JAGTXL010020792.1	583	78	195	272	57568	57801	50.000	2.33e-12	75.9
Pseudonaja_textilis_C9A	JAGTXL010020792.1	583	39	26	64	81270	81386	82.051	1.30e-10	70.1
Pseudonaja_textilis_C9A	JAGTXL010020792.1	583	43	26	68	51787	51915	60.465	1.87e-07	60.1
Pseudonaja_textilis_C9A	JAGTXL010020792.1	583	42	355	396	92727	92852	66.667	5.06e-07	58.5
Pseudonaja_textilis_C9A	JAGTXL010003666.1	583	77	456	532	3317	3547	83.117	3.44e-33	141
Pseudonaja_textilis_C9A	JAGTXL010003666.1	583	56	528	583	4082	4249	82.143	8.73e-22	105
Pseudonaja_textilis_C9A	JAGTXL010018694.1	583	76	277	352	264943	264716	39.474	3.47e-08	62.4
Pseudonaja_textilis_C9A	JAGTXL010018694.1	583	47	537	583	244010	243870	51.064	1.12e-06	57.4
Pseudonaja_textilis_C9A	JAGTXL010018694.1	583	52	528	579	228466	228621	48.077	1.75e-06	56.6
Pseudonaja_textilis_C9A	JAGTXL010000629.1	583	95	457	549	531111	531392	37.895	4.56e-08	62.0
Pseudonaja_textilis_C9A	JAGTXL010000629.1	583	48	536	583	532368	532511	50.000	1.23e-06	57.4
Pseudonaja_textilis_C9A	JAGTXL010003049.1	583	225	293	516	166018	165395	23.111	3.93e-07	58.9
Python_bivittatus_C9A	JAGTXL010020792.1	582	98	274	371	60297	60581	72.449	6.12e-35	146
Python_bivittatus_C9A	JAGTXL010020792.1	582	80	453	532	69017	69256	82.500	2.14e-34	145
Python_bivittatus_C9A	JAGTXL010020792.1	582	92	276	367	89928	90194	67.391	6.36e-32	137
Python_bivittatus_C9A	JAGTXL010020792.1	582	77	456	532	97105	97335	79.221	4.66e-31	134
Python_bivittatus_C9A	JAGTXL010020792.1	582	62	396	457	67428	67613	79.032	1.63e-21	105
Python_bivittatus_C9A	JAGTXL010020792.1	582	80	194	273	57565	57804	61.250	5.51e-21	103
Python_bivittatus_C9A	JAGTXL010020792.1	582	57	401	457	95899	96069	84.211	7.35e-21	103
Python_bivittatus_C9A	JAGTXL010020792.1	582	50	107	156	53756	53905	90.000	6.80e-19	96.7
Python_bivittatus_C9A	JAGTXL010020792.1	582	50	107	156	83664	83813	90.000	1.01e-18	96.3
Python_bivittatus_C9A	JAGTXL010020792.1	582	47	157	203	55766	55906	82.979	3.32e-17	91.3
Python_bivittatus_C9A	JAGTXL010020792.1	582	49	534	582	97891	98037	79.592	3.65e-17	91.3
Python_bivittatus_C9A	JAGTXL010020792.1	582	47	157	203	85873	86013	80.851	1.38e-16	89.4
Python_bivittatus_C9A	JAGTXL010020792.1	582	54	54	107	52592	52753	68.519	8.35e-15	83.6
Python_bivittatus_C9A	JAGTXL010020792.1	582	52	532	582	69670	69825	73.077	9.42e-15	83.6
Python_bivittatus_C9A	JAGTXL010020792.1	582	54	54	107	82054	82215	66.667	5.32e-13	77.8
Python_bivittatus_C9A	JAGTXL010020792.1	582	77	196	272	87297	87527	50.649	8.82e-13	77.0
Python_bivittatus_C9A	JAGTXL010020792.1	582	43	26	68	51787	51915	62.791	5.18e-09	65.1
Python_bivittatus_C9A	JAGTXL010020792.1	582	42	354	395	63075	63200	69.048	7.48e-08	61.2
Python_bivittatus_C9A	JAGTXL010020792.1	582	32	26	57	81270	81365	81.250	1.58e-07	60.1
Python_bivittatus_C9A	JAGTXL010003666.1	582	77	456	532	3317	3547	79.221	4.52e-31	134
Python_bivittatus_C9A	JAGTXL010003666.1	582	49	534	582	4103	4249	79.592	3.57e-17	91.3
Python_bivittatus_C9A	JAGTXL010018694.1	582	102	254	355	265006	264707	29.412	4.11e-08	62.0
Python_bivittatus_C9A	JAGTXL010018694.1	582	47	530	576	244028	243888	51.064	6.79e-08	61.2
Python_bivittatus_C9A	JAGTXL010018694.1	582	80	277	356	214901	215140	31.250	9.09e-06	54.3
Python_bivittatus_C9A	JAGTXL010000629.1	582	105	451	548	531093	531392	37.143	9.63e-08	60.8
Python_bivittatus_C9A	JAGTXL010000629.1	582	48	527	574	532344	532487	56.250	2.22e-07	59.7
Python_bivittatus_C9A	JAGTXL010000629.1	582	47	529	574	562771	562631	57.447	3.20e-07	59.3
Python_bivittatus_C9A	JAGTXL010000629.1	582	84	277	360	568894	568643	32.143	7.28e-06	54.7
Notechis_scutatus_C9A	JAGTXL010020792.1	583	95	273	367	89919	90194	76.842	1.29e-37	154
Notechis_scutatus_C9A	JAGTXL010020792.1	583	77	456	532	97105	97335	83.117	1.15e-32	139
Notechis_scutatus_C9A	JAGTXL010020792.1	583	77	456	532	69026	69256	81.818	7.24e-32	137
Notechis_scutatus_C9A	JAGTXL010020792.1	583	78	276	353	60303	60536	79.487	1.28e-30	133
Notechis_scutatus_C9A	JAGTXL010020792.1	583	78	196	273	87297	87530	78.205	1.05e-26	121
Notechis_scutatus_C9A	JAGTXL010020792.1	583	62	396	457	95884	96069	80.645	5.73e-22	106
Notechis_scutatus_C9A	JAGTXL010020792.1	583	56	528	583	97870	98037	82.143	9.70e-22	105
Notechis_scutatus_C9A	JAGTXL010020792.1	583	50	107	156	83664	83813	92.000	2.79e-19	98.2
Notechis_scutatus_C9A	JAGTXL010020792.1	583	64	400	463	67440	67631	70.312	4.50e-19	97.4
Notechis_scutatus_C9A	JAGTXL010020792.1	583	47	157	203	85873	86013	87.234	5.90e-18	94.0
Notechis_scutatus_C9A	JAGTXL010020792.1	583	56	528	583	69658	69825	73.214	1.17e-17	92.8
Notechis_scutatus_C9A	JAGTXL010020792.1	583	50	107	156	53756	53905	84.000	1.37e-17	92.8
Notechis_scutatus_C9A	JAGTXL010020792.1	583	54	54	107	82054	82215	74.074	6.50e-17	90.5
Notechis_scutatus_C9A	JAGTXL010020792.1	583	54	54	107	52592	52753	74.074	6.67e-17	90.5
Notechis_scutatus_C9A	JAGTXL010020792.1	583	47	157	203	55766	55906	80.851	2.46e-16	88.6
Notechis_scutatus_C9A	JAGTXL010020792.1	583	78	195	272	57568	57801	51.282	1.51e-12	76.6
Notechis_scutatus_C9A	JAGTXL010020792.1	583	39	26	64	81270	81386	82.051	1.18e-10	70.5
Notechis_scutatus_C9A	JAGTXL010020792.1	583	43	26	68	51787	51915	60.465	1.76e-07	60.1
Notechis_scutatus_C9A	JAGTXL010020792.1	583	42	355	396	92727	92852	66.667	4.73e-07	58.5
Notechis_scutatus_C9A	JAGTXL010003666.1	583	77	456	532	3317	3547	83.117	1.11e-32	139
Notechis_scutatus_C9A	JAGTXL010003666.1	583	56	528	583	4082	4249	82.143	9.45e-22	105
Notechis_scutatus_C9A	JAGTXL010018694.1	583	76	277	352	264943	264716	39.474	3.53e-08	62.4
Notechis_scutatus_C9A	JAGTXL010018694.1	583	47	537	583	244010	243870	51.064	1.09e-06	57.4
Notechis_scutatus_C9A	JAGTXL010018694.1	583	52	528	579	228466	228621	48.077	7.89e-06	54.7
Notechis_scutatus_C9A	JAGTXL010000629.1	583	95	457	549	531111	531392	37.895	6.41e-08	61.6
Notechis_scutatus_C9A	JAGTXL010000629.1	583	48	536	583	532368	532511	50.000	1.24e-06	57.4
Notechis_scutatus_C9A	JAGTXL010003049.1	583	225	293	516	166018	165395	23.111	5.67e-07	58.5
Hydrophis_cyanocinctus_C9A	JAGTXL010020792.1	583	95	273	367	89919	90194	76.842	1.52e-37	154
Hydrophis_cyanocinctus_C9A	JAGTXL010020792.1	583	77	456	532	97105	97335	81.818	4.21e-32	138
Hydrophis_cyanocinctus_C9A	JAGTXL010020792.1	583	77	456	532	69026	69256	80.519	3.35e-31	135
Hydrophis_cyanocinctus_C9A	JAGTXL010020792.1	583	80	274	353	60297	60536	80.000	6.07e-31	134
Hydrophis_cyanocinctus_C9A	JAGTXL010020792.1	583	78	196	273	87297	87530	79.487	2.93e-27	123
Hydrophis_cyanocinctus_C9A	JAGTXL010020792.1	583	56	528	583	97870	98037	82.143	1.14e-21	105
Hydrophis_cyanocinctus_C9A	JAGTXL010020792.1	583	61	397	457	95887	96069	78.689	2.39e-20	101
Hydrophis_cyanocinctus_C9A	JAGTXL010020792.1	583	50	107	156	83664	83813	92.000	2.79e-19	98.2
Hydrophis_cyanocinctus_C9A	JAGTXL010020792.1	583	47	157	203	85873	86013	87.234	2.92e-18	94.7
Hydrophis_cyanocinctus_C9A	JAGTXL010020792.1	583	66	398	463	67434	67631	66.667	5.31e-18	94.0
Hydrophis_cyanocinctus_C9A	JAGTXL010020792.1	583	56	528	583	69658	69825	73.214	1.22e-17	92.8
Hydrophis_cyanocinctus_C9A	JAGTXL010020792.1	583	50	107	156	53756	53905	84.000	1.31e-17	92.8
Hydrophis_cyanocinctus_C9A	JAGTXL010020792.1	583	54	54	107	82054	82215	74.074	6.45e-17	90.5
Hydrophis_cyanocinctus_C9A	JAGTXL010020792.1	583	54	54	107	52592	52753	74.074	7.09e-17	90.5
Hydrophis_cyanocinctus_C9A	JAGTXL010020792.1	583	47	157	203	55766	55906	80.851	1.45e-16	89.4
Hydrophis_cyanocinctus_C9A	JAGTXL010020792.1	583	78	195	272	57568	57801	50.000	5.60e-12	74.7
Hydrophis_cyanocinctus_C9A	JAGTXL010020792.1	583	39	26	64	81270	81386	82.051	1.16e-10	70.5
Hydrophis_cyanocinctus_C9A	JAGTXL010020792.1	583	41	355	395	92727	92849	70.732	3.96e-08	62.0
Hydrophis_cyanocinctus_C9A	JAGTXL010020792.1	583	43	26	68	51787	51915	60.465	1.82e-07	60.1
Hydrophis_cyanocinctus_C9A	JAGTXL010003666.1	583	77	456	532	3317	3547	81.818	4.09e-32	138
Hydrophis_cyanocinctus_C9A	JAGTXL010003666.1	583	56	528	583	4082	4249	82.143	1.11e-21	105
Hydrophis_cyanocinctus_C9A	JAGTXL010018694.1	583	99	254	352	265006	264716	34.343	2.76e-08	62.8
Hydrophis_cyanocinctus_C9A	JAGTXL010018694.1	583	47	537	583	244010	243870	51.064	1.10e-06	57.4
Hydrophis_cyanocinctus_C9A	JAGTXL010018694.1	583	52	528	579	228466	228621	48.077	7.82e-06	54.7
Hydrophis_cyanocinctus_C9A	JAGTXL010000629.1	583	95	457	549	531111	531392	37.895	6.64e-08	61.2
Hydrophis_cyanocinctus_C9A	JAGTXL010000629.1	583	48	536	583	532368	532511	50.000	1.24e-06	57.4
Hydrophis_cyanocinctus_C9A	JAGTXL010003049.1	583	225	293	516	166018	165395	21.778	1.62e-06	57.0
Laticauda_colubrina_C9A	JAGTXL010020792.1	583	95	273	367	89919	90194	77.895	8.95e-38	155
Laticauda_colubrina_C9A	JAGTXL010020792.1	583	77	456	532	97105	97335	81.818	2.81e-32	138
Laticauda_colubrina_C9A	JAGTXL010020792.1	583	77	456	532	69026	69256	83.117	4.61e-32	137
Laticauda_colubrina_C9A	JAGTXL010020792.1	583	78	276	353	60303	60536	80.769	4.20e-31	135
Laticauda_colubrina_C9A	JAGTXL010020792.1	583	78	196	273	87297	87530	75.641	1.11e-25	118
Laticauda_colubrina_C9A	JAGTXL010020792.1	583	61	397	457	95887	96069	81.967	1.13e-21	105
Laticauda_colubrina_C9A	JAGTXL010020792.1	583	56	528	583	97870	98037	80.357	2.25e-21	104
Laticauda_colubrina_C9A	JAGTXL010020792.1	583	64	400	463	67440	67631	71.875	2.02e-19	98.6
Laticauda_colubrina_C9A	JAGTXL010020792.1	583	50	107	156	83664	83813	90.000	6.72e-19	96.7
Laticauda_colubrina_C9A	JAGTXL010020792.1	583	47	157	203	85873	86013	87.234	6.95e-18	93.6
Laticauda_colubrina_C9A	JAGTXL010020792.1	583	54	54	107	82054	82215	75.926	1.13e-17	92.8
Laticauda_colubrina_C9A	JAGTXL010020792.1	583	56	528	583	69658	69825	71.429	2.60e-17	91.7
Laticauda_colubrina_C9A	JAGTXL010020792.1	583	50	107	156	53756	53905	82.000	3.23e-17	91.7
Laticauda_colubrina_C9A	JAGTXL010020792.1	583	54	54	107	52592	52753	74.074	2.26e-16	89.0
Laticauda_colubrina_C9A	JAGTXL010020792.1	583	47	157	203	55766	55906	80.851	2.95e-16	88.6
Laticauda_colubrina_C9A	JAGTXL010020792.1	583	78	195	272	57568	57801	50.000	5.18e-12	74.7
Laticauda_colubrina_C9A	JAGTXL010020792.1	583	39	26	64	81270	81386	79.487	4.44e-10	68.6
Laticauda_colubrina_C9A	JAGTXL010020792.1	583	43	26	68	51787	51915	60.465	3.01e-07	59.3
Laticauda_colubrina_C9A	JAGTXL010003666.1	583	77	456	532	3317	3547	81.818	2.72e-32	138
Laticauda_colubrina_C9A	JAGTXL010003666.1	583	56	528	583	4082	4249	80.357	2.19e-21	104
Laticauda_colubrina_C9A	JAGTXL010000629.1	583	95	457	549	531111	531392	37.895	3.30e-08	62.4
Laticauda_colubrina_C9A	JAGTXL010000629.1	583	48	536	583	532368	532511	50.000	1.35e-06	57.0
Laticauda_colubrina_C9A	JAGTXL010018694.1	583	81	277	357	264943	264701	37.037	3.39e-08	62.4
Laticauda_colubrina_C9A	JAGTXL010018694.1	583	47	537	583	244010	243870	51.064	1.15e-06	57.4
Laticauda_colubrina_C9A	JAGTXL010003049.1	583	231	293	516	166018	165395	23.810	4.88e-06	55.5
Protobothrops_mucrosquamatus_C9A	JAGTXL010020792.1	583	81	274	354	60297	60539	97.531	2.57e-42	169
Protobothrops_mucrosquamatus_C9A	JAGTXL010020792.1	583	80	453	532	69017	69256	93.750	2.40e-38	157
Protobothrops_mucrosquamatus_C9A	JAGTXL010020792.1	583	77	456	532	97105	97335	84.416	9.26e-35	146
Protobothrops_mucrosquamatus_C9A	JAGTXL010020792.1	583	92	276	367	89928	90194	68.478	3.30e-32	138
Protobothrops_mucrosquamatus_C9A	JAGTXL010020792.1	583	74	199	272	57580	57801	90.541	4.57e-32	137
Protobothrops_mucrosquamatus_C9A	JAGTXL010020792.1	583	67	397	463	67431	67631	82.090	2.08e-23	111
Protobothrops_mucrosquamatus_C9A	JAGTXL010020792.1	583	52	532	583	69670	69825	96.154	2.99e-23	110
Protobothrops_mucrosquamatus_C9A	JAGTXL010020792.1	583	54	54	107	52592	52753	88.889	3.76e-22	107
Protobothrops_mucrosquamatus_C9A	JAGTXL010020792.1	583	63	395	457	95887	96069	85.714	2.25e-21	104
Protobothrops_mucrosquamatus_C9A	JAGTXL010020792.1	583	47	157	203	55766	55906	97.872	3.71e-21	103
Protobothrops_mucrosquamatus_C9A	JAGTXL010020792.1	583	54	54	107	82054	82215	87.037	1.32e-20	102
Protobothrops_mucrosquamatus_C9A	JAGTXL010020792.1	583	50	107	156	53756	53905	90.000	4.96e-19	97.4
Protobothrops_mucrosquamatus_C9A	JAGTXL010020792.1	583	50	107	156	83664	83813	88.000	9.94e-19	96.3
Protobothrops_mucrosquamatus_C9A	JAGTXL010020792.1	583	47	157	203	85873	86013	87.234	4.47e-18	94.4
Protobothrops_mucrosquamatus_C9A	JAGTXL010020792.1	583	52	532	583	97882	98037	75.000	1.09e-16	89.7
Protobothrops_mucrosquamatus_C9A	JAGTXL010020792.1	583	89	354	432	63075	63338	50.562	5.97e-14	80.9
Protobothrops_mucrosquamatus_C9A	JAGTXL010020792.1	583	74	199	272	87306	87527	52.703	4.15e-12	75.1
Protobothrops_mucrosquamatus_C9A	JAGTXL010020792.1	583	43	26	68	51787	51915	72.093	3.75e-11	72.0
Protobothrops_mucrosquamatus_C9A	JAGTXL010020792.1	583	39	26	64	81270	81386	69.231	3.34e-08	62.4
Protobothrops_mucrosquamatus_C9A	JAGTXL010003666.1	583	77	456	532	3317	3547	84.416	8.98e-35	146
Protobothrops_mucrosquamatus_C9A	JAGTXL010003666.1	583	52	532	583	4094	4249	75.000	1.07e-16	89.7
Protobothrops_mucrosquamatus_C9A	JAGTXL010018694.1	583	52	528	579	228466	228621	53.846	1.72e-09	66.6
Protobothrops_mucrosquamatus_C9A	JAGTXL010018694.1	583	82	274	355	264952	264707	35.366	1.48e-08	63.5
Protobothrops_mucrosquamatus_C9A	JAGTXL010018694.1	583	43	537	579	244010	243882	58.140	2.31e-08	62.8
Protobothrops_mucrosquamatus_C9A	JAGTXL010018694.1	583	81	277	357	214901	215143	28.395	1.16e-06	57.4
Protobothrops_mucrosquamatus_C9A	JAGTXL010000629.1	583	54	530	583	532350	532511	48.148	7.35e-08	61.2
Protobothrops_mucrosquamatus_C9A	JAGTXL010000629.1	583	69	457	525	531111	531314	43.478	9.74e-08	60.8
Protobothrops_mucrosquamatus_C9A	JAGTXL010000629.1	583	79	277	355	568894	568658	34.177	1.18e-07	60.5
Protobothrops_mucrosquamatus_C9A	JAGTXL010000629.1	583	42	535	575	562756	562631	64.286	3.71e-07	58.9
Protobothrops_mucrosquamatus_C9A	JAGTXL010020479.1	583	79	277	355	595899	596135	34.177	3.56e-07	58.9
Chrysopelea_ornata_C9A	JAGTXL010020792.1	584	81	274	354	60297	60539	87.654	1.85e-35	148
Chrysopelea_ornata_C9A	JAGTXL010020792.1	584	80	454	533	69017	69256	85.000	1.02e-34	146
Chrysopelea_ornata_C9A	JAGTXL010020792.1	584	92	276	367	89928	90194	72.826	3.41e-34	144
Chrysopelea_ornata_C9A	JAGTXL010020792.1	584	77	457	533	97105	97335	83.117	2.97e-33	141
Chrysopelea_ornata_C9A	JAGTXL010020792.1	584	78	195	272	57568	57801	69.231	4.20e-25	116
Chrysopelea_ornata_C9A	JAGTXL010020792.1	584	62	397	458	67428	67613	79.032	1.49e-21	105
Chrysopelea_ornata_C9A	JAGTXL010020792.1	584	57	402	458	95899	96069	80.702	1.08e-19	99.4
Chrysopelea_ornata_C9A	JAGTXL010020792.1	584	50	107	156	83664	83813	90.000	3.52e-19	97.8
Chrysopelea_ornata_C9A	JAGTXL010020792.1	584	52	533	584	69670	69825	80.769	1.92e-18	95.5
Chrysopelea_ornata_C9A	JAGTXL010020792.1	584	50	107	156	53756	53905	84.000	6.30e-18	93.6
Chrysopelea_ornata_C9A	JAGTXL010020792.1	584	54	54	107	82054	82215	77.778	6.41e-18	93.6
Chrysopelea_ornata_C9A	JAGTXL010020792.1	584	54	54	107	52592	52753	74.074	5.50e-17	90.9
Chrysopelea_ornata_C9A	JAGTXL010020792.1	584	47	157	203	85873	86013	82.979	6.48e-17	90.5
Chrysopelea_ornata_C9A	JAGTXL010020792.1	584	47	157	203	55766	55906	80.851	2.94e-16	88.6
Chrysopelea_ornata_C9A	JAGTXL010020792.1	584	77	196	272	87297	87527	51.948	1.64e-14	82.8
Chrysopelea_ornata_C9A	JAGTXL010020792.1	584	52	533	584	97882	98037	59.615	1.67e-11	73.2
Chrysopelea_ornata_C9A	JAGTXL010020792.1	584	32	26	57	81270	81365	81.250	6.73e-08	61.2
Chrysopelea_ornata_C9A	JAGTXL010020792.1	584	43	26	68	51787	51915	55.814	7.01e-07	58.2
Chrysopelea_ornata_C9A	JAGTXL010020792.1	584	43	354	396	63075	63200	65.116	1.42e-06	57.0
Chrysopelea_ornata_C9A	JAGTXL010003666.1	584	77	457	533	3317	3547	83.117	2.88e-33	141
Chrysopelea_ornata_C9A	JAGTXL010003666.1	584	52	533	584	4094	4249	59.615	1.64e-11	73.2
Chrysopelea_ornata_C9A	JAGTXL010018694.1	584	52	529	580	228466	228621	57.692	2.40e-10	69.3
Chrysopelea_ornata_C9A	JAGTXL010018694.1	584	109	249	357	265021	264701	33.028	3.95e-10	68.6
Chrysopelea_ornata_C9A	JAGTXL010000629.1	584	54	531	584	532350	532511	50.000	6.95e-08	61.2
Chrysopelea_ornata_C9A	JAGTXL010000629.1	584	84	277	360	568894	568643	34.524	1.47e-07	60.5
Chrysopelea_ornata_C9A	JAGTXL010000629.1	584	69	458	526	531111	531314	42.029	5.19e-07	58.5
Chrysopelea_ornata_C9A	JAGTXL010000629.1	584	46	530	574	596163	596026	56.522	1.37e-06	57.0
Chrysopelea_ornata_C9A	JAGTXL010000629.1	584	50	536	584	562756	562607	50.000	2.57e-06	56.2
Chrysopelea_ornata_C9A	JAGTXL010020479.1	584	79	277	355	595899	596135	34.177	1.57e-06	57.0
Pituophis_catenifer_C9A	JAGTXL010020792.1	583	95	273	367	89919	90194	76.842	1.21e-37	155
Pituophis_catenifer_C9A	JAGTXL010020792.1	583	80	453	532	69017	69256	83.750	2.78e-34	144
Pituophis_catenifer_C9A	JAGTXL010020792.1	583	77	456	532	97105	97335	83.117	3.12e-33	141
Pituophis_catenifer_C9A	JAGTXL010020792.1	583	96	277	372	60306	60584	70.833	3.33e-32	138
Pituophis_catenifer_C9A	JAGTXL010020792.1	583	75	198	272	57577	57801	72.000	1.19e-25	118
Pituophis_catenifer_C9A	JAGTXL010020792.1	583	61	397	457	95887	96069	78.689	1.76e-20	102
Pituophis_catenifer_C9A	JAGTXL010020792.1	583	54	54	107	82054	82215	79.630	4.24e-19	97.4
Pituophis_catenifer_C9A	JAGTXL010020792.1	583	50	107	156	83664	83813	90.000	5.36e-19	97.1
Pituophis_catenifer_C9A	JAGTXL010020792.1	583	58	400	457	67440	67613	75.862	1.55e-18	95.5
Pituophis_catenifer_C9A	JAGTXL010020792.1	583	52	532	583	69670	69825	78.846	2.50e-18	95.1
Pituophis_catenifer_C9A	JAGTXL010020792.1	583	47	157	203	55766	55906	89.362	2.65e-18	95.1
Pituophis_catenifer_C9A	JAGTXL010020792.1	583	50	107	156	53756	53905	84.000	1.01e-17	93.2
Pituophis_catenifer_C9A	JAGTXL010020792.1	583	54	54	107	52592	52753	75.926	2.28e-17	92.0
Pituophis_catenifer_C9A	JAGTXL010020792.1	583	47	157	203	85873	86013	80.851	6.42e-16	87.4
Pituophis_catenifer_C9A	JAGTXL010020792.1	583	76	198	273	87303	87530	52.632	3.78e-14	81.6
Pituophis_catenifer_C9A	JAGTXL010020792.1	583	52	532	583	97882	98037	61.538	1.63e-12	76.3
Pituophis_catenifer_C9A	JAGTXL010020792.1	583	41	355	395	63078	63200	78.049	6.75e-10	67.8
Pituophis_catenifer_C9A	JAGTXL010020792.1	583	43	26	68	51787	51915	65.116	4.53e-09	65.1
Pituophis_catenifer_C9A	JAGTXL010020792.1	583	39	26	64	81270	81386	71.795	7.96e-09	64.3
Pituophis_catenifer_C9A	JAGTXL010003666.1	583	77	456	532	3317	3547	83.117	3.03e-33	141
Pituophis_catenifer_C9A	JAGTXL010003666.1	583	52	532	583	4094	4249	61.538	1.60e-12	76.3
Pituophis_catenifer_C9A	JAGTXL010018694.1	583	53	528	580	228466	228624	58.491	2.77e-11	72.4
Pituophis_catenifer_C9A	JAGTXL010018694.1	583	79	277	355	264943	264707	39.241	2.39e-08	62.8
Pituophis_catenifer_C9A	JAGTXL010018694.1	583	47	537	583	244010	243870	46.809	8.13e-07	57.8
Pituophis_catenifer_C9A	JAGTXL010000629.1	583	54	530	583	532350	532511	50.000	1.05e-08	63.9
Pituophis_catenifer_C9A	JAGTXL010000629.1	583	46	529	573	596163	596026	56.522	1.94e-07	60.1
Pituophis_catenifer_C9A	JAGTXL010000629.1	583	50	535	583	562756	562607	52.000	1.12e-06	57.4
Pituophis_catenifer_C9A	JAGTXL010000629.1	583	69	457	525	599901	599698	44.928	1.51e-06	57.0
Pituophis_catenifer_C9A	JAGTXL010003049.1	583	229	294	514	166015	165401	25.328	5.67e-07	58.5
Pantherophis_obsoletus_C9A	JAGTXL010020792.1	583	99	274	372	60297	60584	76.768	2.09e-38	157
Pantherophis_obsoletus_C9A	JAGTXL010020792.1	583	92	276	367	89928	90194	71.739	8.77e-35	146
Pantherophis_obsoletus_C9A	JAGTXL010020792.1	583	80	453	532	69017	69256	83.750	2.70e-34	144
Pantherophis_obsoletus_C9A	JAGTXL010020792.1	583	77	456	532	97105	97335	83.117	3.48e-33	141
Pantherophis_obsoletus_C9A	JAGTXL010020792.1	583	74	199	272	57580	57801	74.324	1.07e-24	115
Pantherophis_obsoletus_C9A	JAGTXL010020792.1	583	62	396	457	67428	67613	80.645	3.57e-22	107
Pantherophis_obsoletus_C9A	JAGTXL010020792.1	583	57	401	457	95899	96069	80.702	1.90e-19	98.6
Pantherophis_obsoletus_C9A	JAGTXL010020792.1	583	47	157	203	55766	55906	91.489	4.58e-19	97.4
Pantherophis_obsoletus_C9A	JAGTXL010020792.1	583	52	532	583	69670	69825	80.769	1.20e-18	95.9
Pantherophis_obsoletus_C9A	JAGTXL010020792.1	583	50	107	156	83664	83813	84.000	1.03e-17	93.2
Pantherophis_obsoletus_C9A	JAGTXL010020792.1	583	54	54	107	82054	82215	77.778	2.04e-17	92.0
Pantherophis_obsoletus_C9A	JAGTXL010020792.1	583	54	54	107	52592	52753	75.926	5.19e-17	90.9
Pantherophis_obsoletus_C9A	JAGTXL010020792.1	583	47	157	203	85873	86013	82.979	1.42e-16	89.4
Pantherophis_obsoletus_C9A	JAGTXL010020792.1	583	50	107	156	53756	53905	78.000	2.76e-16	88.6
Pantherophis_obsoletus_C9A	JAGTXL010020792.1	583	52	532	583	97882	98037	63.462	6.50e-13	77.8
Pantherophis_obsoletus_C9A	JAGTXL010020792.1	583	74	199	272	87306	87527	51.351	7.09e-13	77.4
Pantherophis_obsoletus_C9A	JAGTXL010020792.1	583	42	354	395	63075	63200	78.571	1.34e-10	70.1
Pantherophis_obsoletus_C9A	JAGTXL010020792.1	583	43	26	68	51787	51915	62.791	2.48e-08	62.8
Pantherophis_obsoletus_C9A	JAGTXL010020792.1	583	39	26	64	81270	81386	69.231	5.76e-08	61.6
Pantherophis_obsoletus_C9A	JAGTXL010003666.1	583	77	456	532	3317	3547	83.117	3.37e-33	141
Pantherophis_obsoletus_C9A	JAGTXL010003666.1	583	52	532	583	4094	4249	63.462	6.37e-13	77.8
Pantherophis_obsoletus_C9A	JAGTXL010018694.1	583	53	528	580	228466	228624	58.491	2.02e-11	72.8
Pantherophis_obsoletus_C9A	JAGTXL010018694.1	583	82	274	355	264952	264707	36.585	4.84e-09	65.1
Pantherophis_obsoletus_C9A	JAGTXL010018694.1	583	82	277	358	214901	215146	30.488	2.21e-07	59.7
Pantherophis_obsoletus_C9A	JAGTXL010018694.1	583	47	537	583	244010	243870	46.809	8.48e-07	57.8
Pantherophis_obsoletus_C9A	JAGTXL010003049.1	583	225	298	514	166003	165401	26.222	2.89e-08	62.8
Pantherophis_obsoletus_C9A	JAGTXL010000629.1	583	54	530	583	532350	532511	50.000	3.69e-08	62.4
Pantherophis_obsoletus_C9A	JAGTXL010000629.1	583	84	277	360	568894	568643	33.333	2.32e-07	59.7
Pantherophis_obsoletus_C9A	JAGTXL010000629.1	583	46	529	573	596163	596026	56.522	5.54e-07	58.5
Pantherophis_obsoletus_C9A	JAGTXL010000629.1	583	50	535	583	562756	562607	52.000	1.04e-06	57.4
Pantherophis_obsoletus_C9A	JAGTXL010000629.1	583	69	457	525	599901	599698	44.928	1.46e-06	57.0
Pantherophis_obsoletus_C9A	JAGTXL010020479.1	583	79	277	355	595899	596135	34.177	9.00e-07	57.8
Bothrops_jararaca_C9A	JAGTXL010020792.1	583	81	274	354	60297	60539	100.000	1.71e-43	172
Bothrops_jararaca_C9A	JAGTXL010020792.1	583	80	453	532	69017	69256	96.250	1.05e-39	161
Bothrops_jararaca_C9A	JAGTXL010020792.1	583	75	199	273	57580	57804	96.000	1.22e-34	145
Bothrops_jararaca_C9A	JAGTXL010020792.1	583	77	456	532	97105	97335	84.416	2.73e-34	144
Bothrops_jararaca_C9A	JAGTXL010020792.1	583	92	276	367	89928	90194	69.565	4.25e-32	138
Bothrops_jararaca_C9A	JAGTXL010020792.1	583	68	396	463	67428	67631	91.176	2.01e-28	126
Bothrops_jararaca_C9A	JAGTXL010020792.1	583	52	532	583	69670	69825	100.000	2.06e-24	114
Bothrops_jararaca_C9A	JAGTXL010020792.1	583	54	54	107	52592	52753	94.444	6.62e-24	112
Bothrops_jararaca_C9A	JAGTXL010020792.1	583	50	107	156	53756	53905	100.000	4.11e-22	107
Bothrops_jararaca_C9A	JAGTXL010020792.1	583	57	401	457	95899	96069	87.719	2.33e-21	104
Bothrops_jararaca_C9A	JAGTXL010020792.1	583	47	157	203	55766	55906	97.872	3.71e-21	103
Bothrops_jararaca_C9A	JAGTXL010020792.1	583	54	54	107	82054	82215	88.889	4.61e-21	103
Bothrops_jararaca_C9A	JAGTXL010020792.1	583	47	157	203	85873	86013	87.234	4.06e-18	94.4
Bothrops_jararaca_C9A	JAGTXL010020792.1	583	50	107	156	83664	83813	86.000	6.78e-18	93.6
Bothrops_jararaca_C9A	JAGTXL010020792.1	583	52	532	583	97882	98037	73.077	4.32e-16	87.8
Bothrops_jararaca_C9A	JAGTXL010020792.1	583	42	354	395	63075	63200	100.000	2.06e-15	85.9
Bothrops_jararaca_C9A	JAGTXL010020792.1	583	43	26	68	51787	51915	81.395	7.40e-13	77.4
Bothrops_jararaca_C9A	JAGTXL010020792.1	583	74	199	272	87306	87527	52.703	2.89e-12	75.5
Bothrops_jararaca_C9A	JAGTXL010020792.1	583	39	26	64	81270	81386	66.667	1.36e-07	60.5
Bothrops_jararaca_C9A	JAGTXL010003666.1	583	77	456	532	3317	3547	84.416	2.65e-34	144
Bothrops_jararaca_C9A	JAGTXL010003666.1	583	52	532	583	4094	4249	73.077	4.22e-16	87.8
Bothrops_jararaca_C9A	JAGTXL010018694.1	583	52	528	579	228466	228621	53.846	1.99e-09	66.2
Bothrops_jararaca_C9A	JAGTXL010018694.1	583	82	274	355	264952	264707	35.366	2.53e-08	62.8
Bothrops_jararaca_C9A	JAGTXL010018694.1	583	43	537	579	244010	243882	53.488	2.03e-07	59.7
Bothrops_jararaca_C9A	JAGTXL010018694.1	583	80	277	356	214901	215140	28.750	4.50e-06	55.5
Bothrops_jararaca_C9A	JAGTXL010000629.1	583	54	530	583	532350	532511	50.000	2.19e-08	63.2
Bothrops_jararaca_C9A	JAGTXL010000629.1	583	79	277	355	568894	568658	34.177	1.88e-07	60.1
Bothrops_jararaca_C9A	JAGTXL010000629.1	583	69	457	525	531111	531314	40.580	1.94e-06	56.6
Bothrops_jararaca_C9A	JAGTXL010000629.1	583	42	535	575	562756	562631	61.905	3.34e-06	55.8
Bothrops_jararaca_C9A	JAGTXL010020479.1	583	79	277	355	595899	596135	34.177	6.80e-07	58.2
Ptyas_mucosa_C9A	JAGTXL010020792.1	583	81	274	354	60297	60539	88.889	2.47e-37	154
Ptyas_mucosa_C9A	JAGTXL010020792.1	583	80	453	532	69017	69256	83.750	1.60e-34	145
Ptyas_mucosa_C9A	JAGTXL010020792.1	583	92	276	367	89928	90194	70.652	2.77e-33	141
Ptyas_mucosa_C9A	JAGTXL010020792.1	583	77	456	532	97105	97335	81.818	4.17e-33	141
Ptyas_mucosa_C9A	JAGTXL010020792.1	583	75	198	272	57577	57801	66.667	2.82e-22	107
Ptyas_mucosa_C9A	JAGTXL010020792.1	583	62	396	457	67428	67613	72.581	3.07e-20	101
Ptyas_mucosa_C9A	JAGTXL010020792.1	583	50	107	156	83664	83813	92.000	1.68e-19	98.6
Ptyas_mucosa_C9A	JAGTXL010020792.1	583	57	401	457	95899	96069	75.439	1.66e-18	95.5
Ptyas_mucosa_C9A	JAGTXL010020792.1	583	50	107	156	53756	53905	86.000	3.35e-18	94.7
Ptyas_mucosa_C9A	JAGTXL010020792.1	583	54	54	107	82054	82215	77.778	1.66e-17	92.4
Ptyas_mucosa_C9A	JAGTXL010020792.1	583	52	532	583	69670	69825	78.846	2.62e-17	91.7
Ptyas_mucosa_C9A	JAGTXL010020792.1	583	54	54	107	52592	52753	75.926	3.14e-17	91.7
Ptyas_mucosa_C9A	JAGTXL010020792.1	583	47	157	203	55766	55906	80.851	3.66e-16	88.2
Ptyas_mucosa_C9A	JAGTXL010020792.1	583	47	157	203	85873	86013	72.340	7.03e-14	80.9
Ptyas_mucosa_C9A	JAGTXL010020792.1	583	75	198	272	87303	87527	53.333	8.87e-14	80.5
Ptyas_mucosa_C9A	JAGTXL010020792.1	583	52	532	583	97882	98037	61.538	2.38e-11	72.4
Ptyas_mucosa_C9A	JAGTXL010020792.1	583	42	354	395	63075	63200	71.429	5.95e-09	64.7
Ptyas_mucosa_C9A	JAGTXL010020792.1	583	43	26	68	51787	51915	62.791	1.05e-08	63.9
Ptyas_mucosa_C9A	JAGTXL010020792.1	583	39	26	64	81270	81386	69.231	2.72e-08	62.8
Ptyas_mucosa_C9A	JAGTXL010003666.1	583	77	456	532	3317	3547	81.818	4.04e-33	141
Ptyas_mucosa_C9A	JAGTXL010003666.1	583	52	532	583	4094	4249	61.538	2.34e-11	72.4
Ptyas_mucosa_C9A	JAGTXL010018694.1	583	52	528	579	228466	228621	55.769	2.83e-09	65.9
Ptyas_mucosa_C9A	JAGTXL010018694.1	583	82	274	355	264952	264707	36.585	7.74e-09	64.3
Ptyas_mucosa_C9A	JAGTXL010018694.1	583	82	277	358	214901	215146	30.488	8.20e-07	57.8
Ptyas_mucosa_C9A	JAGTXL010000629.1	583	54	530	583	532350	532511	51.852	3.78e-09	65.5
Ptyas_mucosa_C9A	JAGTXL010000629.1	583	78	457	534	531111	531335	42.308	5.83e-07	58.5
Ptyas_mucosa_C9A	JAGTXL010000629.1	583	46	529	573	596163	596026	56.522	1.32e-06	57.4
Ptyas_mucosa_C9A	JAGTXL010000629.1	583	84	277	360	568894	568643	32.143	2.72e-06	56.2
Ptyas_mucosa_C9A	JAGTXL010000629.1	583	50	535	583	562756	562607	52.000	3.83e-06	55.8
Ptyas_mucosa_C9A	JAGTXL010020479.1	583	79	277	355	595899	596135	34.177	3.07e-06	55.8
Vipera_berus_C9A	JAGTXL010020792.1	583	81	274	354	60297	60539	92.593	4.50e-40	162
Vipera_berus_C9A	JAGTXL010020792.1	583	80	453	532	69017	69256	92.500	7.12e-38	155
Vipera_berus_C9A	JAGTXL010020792.1	583	77	456	532	97105	97335	85.714	2.20e-35	148
Vipera_berus_C9A	JAGTXL010020792.1	583	92	276	367	89928	90194	66.304	1.01e-30	134
Vipera_berus_C9A	JAGTXL010020792.1	583	78	199	276	57580	57813	79.487	1.03e-28	127
Vipera_berus_C9A	JAGTXL010020792.1	583	62	396	457	67428	67613	91.935	4.04e-26	119
Vipera_berus_C9A	JAGTXL010020792.1	583	57	401	457	95899	96069	91.228	3.70e-22	107
Vipera_berus_C9A	JAGTXL010020792.1	583	52	532	583	69670	69825	90.385	5.63e-22	106
Vipera_berus_C9A	JAGTXL010020792.1	583	47	157	203	55766	55906	95.745	4.42e-21	103
Vipera_berus_C9A	JAGTXL010020792.1	583	54	54	107	52592	52753	87.037	4.91e-21	103
Vipera_berus_C9A	JAGTXL010020792.1	583	54	54	107	82054	82215	87.037	2.49e-20	101
Vipera_berus_C9A	JAGTXL010020792.1	583	50	107	156	53756	53905	92.000	5.50e-19	97.1
Vipera_berus_C9A	JAGTXL010020792.1	583	50	107	156	83664	83813	88.000	2.92e-18	94.7
Vipera_berus_C9A	JAGTXL010020792.1	583	47	157	203	85873	86013	87.234	3.41e-18	94.7
Vipera_berus_C9A	JAGTXL010020792.1	583	52	532	583	97882	98037	73.077	1.07e-16	89.7
Vipera_berus_C9A	JAGTXL010020792.1	583	42	354	395	63075	63200	92.857	5.53e-14	81.3
Vipera_berus_C9A	JAGTXL010020792.1	583	74	199	272	87306	87527	54.054	6.62e-14	80.9
Vipera_berus_C9A	JAGTXL010020792.1	583	43	26	68	51787	51915	67.442	2.57e-10	69.3
Vipera_berus_C9A	JAGTXL010020792.1	583	39	26	64	81270	81386	69.231	5.42e-08	61.6
Vipera_berus_C9A	JAGTXL010003666.1	583	77	456	532	3317	3547	85.714	2.14e-35	148
Vipera_berus_C9A	JAGTXL010003666.1	583	52	532	583	4094	4249	73.077	1.05e-16	89.7
Vipera_berus_C9A	JAGTXL010018694.1	583	52	528	579	228466	228621	55.769	2.83e-09	65.9
Vipera_berus_C9A	JAGTXL010018694.1	583	43	537	579	244010	243882	55.814	1.49e-07	60.5
Vipera_berus_C9A	JAGTXL010018694.1	583	82	274	355	264952	264707	34.146	2.12e-07	59.7
Vipera_berus_C9A	JAGTXL010018694.1	583	83	274	356	214892	215140	28.916	2.48e-06	56.2
Vipera_berus_C9A	JAGTXL010000629.1	583	54	530	583	532350	532511	51.852	1.58e-08	63.5
Vipera_berus_C9A	JAGTXL010000629.1	583	69	457	525	531111	531314	42.029	1.23e-07	60.5
Vipera_berus_C9A	JAGTXL010000629.1	583	67	277	343	568894	568694	38.806	3.53e-07	58.9
Vipera_berus_C9A	JAGTXL010000629.1	583	42	535	575	562756	562631	61.905	5.15e-06	55.5
Vipera_berus_C9A	JAGTXL010020479.1	583	79	277	355	595899	596135	34.177	5.22e-07	58.5
Sceloporus_undulatus_C9A	JAGTXL010003666.1	591	78	460	537	3317	3550	67.949	2.88e-28	126
Sceloporus_undulatus_C9A	JAGTXL010003666.1	591	48	540	587	4106	4249	56.250	2.47e-08	62.8
Sceloporus_undulatus_C9A	JAGTXL010020792.1	591	78	460	537	97105	97338	67.949	2.97e-28	126
Sceloporus_undulatus_C9A	JAGTXL010020792.1	591	78	460	537	69026	69259	67.949	9.46e-28	124
Sceloporus_undulatus_C9A	JAGTXL010020792.1	591	79	280	358	60303	60539	68.354	3.65e-26	119
Sceloporus_undulatus_C9A	JAGTXL010020792.1	591	94	280	373	89928	90200	55.319	8.32e-26	118
Sceloporus_undulatus_C9A	JAGTXL010020792.1	591	50	538	587	69676	69825	64.000	4.13e-12	75.1
Sceloporus_undulatus_C9A	JAGTXL010020792.1	591	68	400	467	67428	67631	48.529	1.30e-11	73.6
Sceloporus_undulatus_C9A	JAGTXL010020792.1	591	50	106	155	83664	83813	68.000	1.42e-11	73.2
Sceloporus_undulatus_C9A	JAGTXL010020792.1	591	47	156	202	55766	55906	59.574	3.63e-11	72.0
Sceloporus_undulatus_C9A	JAGTXL010020792.1	591	53	408	460	95908	96066	58.491	1.16e-10	70.5
Sceloporus_undulatus_C9A	JAGTXL010020792.1	591	47	156	202	85873	86013	59.574	3.21e-10	68.9
Sceloporus_undulatus_C9A	JAGTXL010020792.1	591	50	106	155	53756	53905	64.000	1.42e-09	67.0
Sceloporus_undulatus_C9A	JAGTXL010020792.1	591	79	198	276	57580	57801	37.975	2.19e-08	63.2
Sceloporus_undulatus_C9A	JAGTXL010020792.1	591	48	540	587	97894	98037	56.250	2.52e-08	62.8
Sceloporus_undulatus_C9A	JAGTXL010020792.1	591	51	57	106	52601	52753	49.020	1.20e-06	57.4
Sceloporus_undulatus_C9A	JAGTXL010020792.1	591	40	25	64	81267	81386	57.500	3.79e-06	55.8
Sceloporus_undulatus_C9A	JAGTXL010020792.1	591	51	57	106	82063	82215	50.980	4.46e-06	55.5
Sceloporus_undulatus_C9A	JAGTXL010018694.1	591	53	532	584	228466	228624	50.943	1.23e-09	67.0
Sceloporus_undulatus_C9A	JAGTXL010018694.1	591	82	280	361	264946	264701	34.146	2.75e-07	59.3
Sceloporus_undulatus_C9A	JAGTXL010018694.1	591	91	281	371	214901	215164	32.967	4.36e-07	58.9
Sceloporus_undulatus_C9A	JAGTXL010018694.1	591	54	534	587	244028	243870	48.148	6.50e-07	58.2
Sceloporus_undulatus_C9A	JAGTXL010000629.1	591	52	540	591	532368	532523	51.923	2.30e-09	66.2
Sceloporus_undulatus_C9A	JAGTXL010000629.1	591	51	528	577	596178	596026	54.902	5.83e-08	61.6
Sceloporus_undulatus_C9A	JAGTXL010000629.1	591	84	281	364	568894	568643	32.143	2.01e-07	60.1
Sceloporus_undulatus_C9A	JAGTXL010000629.1	591	69	463	531	531117	531320	42.029	3.31e-07	59.3
Sceloporus_undulatus_C9A	JAGTXL010000629.1	591	42	539	579	562756	562631	66.667	4.03e-07	58.9
Sceloporus_undulatus_C9A	JAGTXL010020479.1	591	79	281	359	595899	596135	35.443	8.56e-08	61.2
Sceloporus_undulatus_C9A	JAGTXL010019421.1	591	224	303	520	408318	408941	24.554	2.93e-06	56.2
Anolis_carolinensis_C9B	JAGTXL010020792.1	538	118	254	371	89862	90194	48.305	2.29e-24	113
Anolis_carolinensis_C9B	JAGTXL010020792.1	538	75	280	354	60303	60527	70.667	4.23e-24	112
Anolis_carolinensis_C9B	JAGTXL010020792.1	538	68	462	529	69032	69235	69.118	2.62e-22	107
Anolis_carolinensis_C9B	JAGTXL010020792.1	538	68	462	529	97111	97314	67.647	4.59e-22	106
Anolis_carolinensis_C9B	JAGTXL010020792.1	538	46	156	201	55766	55903	67.391	3.02e-13	78.6
Anolis_carolinensis_C9B	JAGTXL010020792.1	538	47	156	202	85873	86013	68.085	3.68e-13	78.2
Anolis_carolinensis_C9B	JAGTXL010020792.1	538	50	106	155	83664	83813	72.000	1.98e-12	75.9
Anolis_carolinensis_C9B	JAGTXL010020792.1	538	61	400	460	95884	96066	55.738	5.43e-12	74.3
Anolis_carolinensis_C9B	JAGTXL010020792.1	538	55	406	460	67446	67610	54.545	1.03e-10	70.5
Anolis_carolinensis_C9B	JAGTXL010020792.1	538	50	106	155	53756	53905	68.000	1.55e-10	69.7
Anolis_carolinensis_C9B	JAGTXL010020792.1	538	89	194	280	57568	57813	35.955	5.35e-07	58.2
Anolis_carolinensis_C9B	JAGTXL010020792.1	538	64	1	64	81207	81386	42.188	7.40e-07	57.8
Anolis_carolinensis_C9B	JAGTXL010020792.1	538	84	194	277	87294	87530	38.095	1.39e-06	57.0
Anolis_carolinensis_C9B	JAGTXL010020792.1	538	52	57	107	52601	52756	46.154	4.26e-06	55.5
Anolis_carolinensis_C9B	JAGTXL010020792.1	538	40	25	64	51784	51903	47.500	4.88e-06	55.1
Anolis_carolinensis_C9B	JAGTXL010020792.1	538	52	57	107	82063	82218	48.077	9.92e-06	54.3
Anolis_carolinensis_C9B	JAGTXL010003666.1	538	68	462	529	3323	3526	67.647	4.47e-22	106
Anolis_carolinensis_C9B	JAGTXL010000629.1	538	71	462	532	531114	531323	43.662	2.74e-09	65.9
Anolis_carolinensis_C9B	JAGTXL010000629.1	538	111	254	364	568942	568643	32.432	4.00e-08	62.0
Anolis_carolinensis_C9B	JAGTXL010018694.1	538	77	281	357	214901	215131	35.065	3.52e-08	62.0
Anolis_carolinensis_C9B	JAGTXL010018694.1	538	74	281	354	264943	264722	36.486	2.58e-07	59.3
Anolis_carolinensis_C9B	JAGTXL010020479.1	538	79	281	359	595899	596135	35.443	1.35e-07	60.1
Anolis_carolinensis_C9B	JAGTXL010003049.1	538	219	305	520	165985	165395	27.397	1.94e-07	59.7
Hydrophis_cyanocinctus_C9B	JAGTXL010020792.1	582	125	273	394	60297	60662	64.800	1.04e-37	155
Hydrophis_cyanocinctus_C9B	JAGTXL010020792.1	582	77	455	531	97105	97335	83.117	3.90e-33	141
Hydrophis_cyanocinctus_C9B	JAGTXL010020792.1	582	92	275	366	89928	90194	68.478	6.77e-33	140
Hydrophis_cyanocinctus_C9B	JAGTXL010020792.1	582	80	452	531	69017	69256	81.250	8.11e-33	140
Hydrophis_cyanocinctus_C9B	JAGTXL010020792.1	582	78	194	271	57568	57801	71.795	1.96e-23	111
Hydrophis_cyanocinctus_C9B	JAGTXL010020792.1	582	60	397	456	67434	67613	75.000	6.36e-20	100
Hydrophis_cyanocinctus_C9B	JAGTXL010020792.1	582	50	106	155	83664	83813	92.000	1.02e-19	99.4
Hydrophis_cyanocinctus_C9B	JAGTXL010020792.1	582	50	106	155	53756	53905	86.000	2.24e-18	95.1
Hydrophis_cyanocinctus_C9B	JAGTXL010020792.1	582	57	400	456	95899	96069	73.684	5.24e-18	94.0
Hydrophis_cyanocinctus_C9B	JAGTXL010020792.1	582	47	156	202	55766	55906	85.106	3.47e-17	91.3
Hydrophis_cyanocinctus_C9B	JAGTXL010020792.1	582	52	531	582	69670	69825	73.077	8.24e-17	90.1
Hydrophis_cyanocinctus_C9B	JAGTXL010020792.1	582	54	53	106	52592	52753	72.222	1.58e-15	85.9
Hydrophis_cyanocinctus_C9B	JAGTXL010020792.1	582	47	156	202	85873	86013	78.723	2.44e-15	85.5
Hydrophis_cyanocinctus_C9B	JAGTXL010020792.1	582	74	198	271	87306	87527	56.757	2.21e-14	82.4
Hydrophis_cyanocinctus_C9B	JAGTXL010020792.1	582	54	53	106	82054	82215	72.222	2.58e-14	82.0
Hydrophis_cyanocinctus_C9B	JAGTXL010020792.1	582	52	531	582	97882	98037	57.692	7.79e-12	74.3
Hydrophis_cyanocinctus_C9B	JAGTXL010020792.1	582	43	353	395	63075	63200	67.442	1.67e-07	60.1
Hydrophis_cyanocinctus_C9B	JAGTXL010020792.1	582	38	25	62	51787	51900	71.053	2.23e-07	59.7
Hydrophis_cyanocinctus_C9B	JAGTXL010003666.1	582	77	455	531	3317	3547	83.117	3.78e-33	141
Hydrophis_cyanocinctus_C9B	JAGTXL010003666.1	582	52	531	582	4094	4249	57.692	7.64e-12	74.3
Hydrophis_cyanocinctus_C9B	JAGTXL010018694.1	582	52	527	578	228466	228621	53.846	3.55e-09	65.5
Hydrophis_cyanocinctus_C9B	JAGTXL010018694.1	582	82	273	354	264952	264707	34.146	1.24e-07	60.5
Hydrophis_cyanocinctus_C9B	JAGTXL010018694.1	582	82	276	357	214901	215146	30.488	7.97e-07	57.8
Hydrophis_cyanocinctus_C9B	JAGTXL010018694.1	582	47	536	582	244010	243870	44.681	6.75e-06	55.1
Hydrophis_cyanocinctus_C9B	JAGTXL010000629.1	582	54	529	582	532350	532511	50.000	1.89e-08	63.2
Hydrophis_cyanocinctus_C9B	JAGTXL010000629.1	582	69	456	524	531111	531314	43.478	5.97e-08	61.6
Hydrophis_cyanocinctus_C9B	JAGTXL010000629.1	582	74	456	529	599901	599683	41.892	1.13e-06	57.4
Hydrophis_cyanocinctus_C9B	JAGTXL010000629.1	582	84	276	359	568894	568643	30.952	3.33e-06	55.8
Hydrophis_cyanocinctus_C9B	JAGTXL010000629.1	582	50	534	582	562756	562607	48.000	8.27e-06	54.7
Hydrophis_cyanocinctus_C9B	JAGTXL010020479.1	582	79	276	354	595899	596135	32.911	7.04e-06	54.7
Bothrops_jararaca_C9B	JAGTXL010020792.1	583	81	274	354	60297	60539	100.000	2.01e-43	172
Bothrops_jararaca_C9B	JAGTXL010020792.1	583	80	453	532	69017	69256	96.250	1.21e-39	160
Bothrops_jararaca_C9B	JAGTXL010020792.1	583	77	456	532	97105	97335	84.416	3.21e-34	144
Bothrops_jararaca_C9B	JAGTXL010020792.1	583	80	194	273	57565	57804	86.250	1.54e-33	142
Bothrops_jararaca_C9B	JAGTXL010020792.1	583	92	276	367	89928	90194	69.565	6.21e-32	137
Bothrops_jararaca_C9B	JAGTXL010020792.1	583	68	396	463	67428	67631	85.294	2.59e-26	120
Bothrops_jararaca_C9B	JAGTXL010020792.1	583	52	532	583	69670	69825	98.077	7.76e-24	112
Bothrops_jararaca_C9B	JAGTXL010020792.1	583	54	54	107	52592	52753	92.593	2.69e-23	110
Bothrops_jararaca_C9B	JAGTXL010020792.1	583	57	401	457	95899	96069	91.228	1.91e-22	108
Bothrops_jararaca_C9B	JAGTXL010020792.1	583	54	54	107	82054	82215	90.741	1.16e-21	105
Bothrops_jararaca_C9B	JAGTXL010020792.1	583	47	157	203	55766	55906	95.745	1.39e-20	102
Bothrops_jararaca_C9B	JAGTXL010020792.1	583	50	107	156	53756	53905	94.000	4.17e-20	100
Bothrops_jararaca_C9B	JAGTXL010020792.1	583	50	107	156	83664	83813	92.000	8.17e-20	99.8
Bothrops_jararaca_C9B	JAGTXL010020792.1	583	47	157	203	85873	86013	89.362	1.60e-18	95.5
Bothrops_jararaca_C9B	JAGTXL010020792.1	583	52	532	583	97882	98037	71.154	1.70e-15	85.9
Bothrops_jararaca_C9B	JAGTXL010020792.1	583	42	354	395	63075	63200	95.238	3.30e-14	81.6
Bothrops_jararaca_C9B	JAGTXL010020792.1	583	77	196	272	87297	87527	50.649	7.15e-13	77.4
Bothrops_jararaca_C9B	JAGTXL010020792.1	583	43	26	68	51787	51915	79.070	9.65e-13	77.0
Bothrops_jararaca_C9B	JAGTXL010020792.1	583	39	26	64	81270	81386	69.231	9.44e-08	60.8
Bothrops_jararaca_C9B	JAGTXL010003666.1	583	77	456	532	3317	3547	84.416	3.11e-34	144
Bothrops_jararaca_C9B	JAGTXL010003666.1	583	52	532	583	4094	4249	71.154	1.67e-15	85.9
Bothrops_jararaca_C9B	JAGTXL010018694.1	583	52	528	579	228466	228621	53.846	1.98e-09	66.2
Bothrops_jararaca_C9B	JAGTXL010018694.1	583	82	274	355	264952	264707	35.366	2.60e-08	62.8
Bothrops_jararaca_C9B	JAGTXL010018694.1	583	43	537	579	244010	243882	53.488	2.66e-07	59.3
Bothrops_jararaca_C9B	JAGTXL010018694.1	583	81	277	357	214901	215143	28.395	3.70e-06	55.8
Bothrops_jararaca_C9B	JAGTXL010000629.1	583	54	530	583	532350	532511	48.148	8.72e-08	60.8
Bothrops_jararaca_C9B	JAGTXL010000629.1	583	79	277	355	568894	568658	34.177	1.89e-07	60.1
Bothrops_jararaca_C9B	JAGTXL010000629.1	583	69	457	525	531111	531314	40.580	2.07e-06	56.6
Bothrops_jararaca_C9B	JAGTXL010000629.1	583	42	535	575	562756	562631	61.905	4.94e-06	55.5
Bothrops_jararaca_C9B	JAGTXL010020479.1	583	79	277	355	595899	596135	34.177	6.80e-07	58.2
Laticauda_colubrina_C9B	JAGTXL010020792.1	583	92	276	367	60303	60569	75.000	2.12e-34	145
Laticauda_colubrina_C9B	JAGTXL010020792.1	583	80	453	532	69017	69256	83.750	8.10e-34	143
Laticauda_colubrina_C9B	JAGTXL010020792.1	583	94	274	367	89922	90194	68.085	1.69e-33	142
Laticauda_colubrina_C9B	JAGTXL010020792.1	583	77	456	532	97105	97335	79.221	4.65e-32	137
Laticauda_colubrina_C9B	JAGTXL010020792.1	583	83	194	276	57565	57813	65.060	5.50e-21	103
Laticauda_colubrina_C9B	JAGTXL010020792.1	583	60	398	457	67434	67613	80.000	2.02e-20	101
Laticauda_colubrina_C9B	JAGTXL010020792.1	583	57	401	457	95899	96069	78.947	1.70e-18	95.5
Laticauda_colubrina_C9B	JAGTXL010020792.1	583	50	107	156	53756	53905	84.000	1.37e-17	92.8
Laticauda_colubrina_C9B	JAGTXL010020792.1	583	46	157	202	55766	55903	86.957	2.53e-17	91.7
Laticauda_colubrina_C9B	JAGTXL010020792.1	583	54	54	107	52592	52753	75.926	6.07e-17	90.5
Laticauda_colubrina_C9B	JAGTXL010020792.1	583	52	532	583	69670	69825	75.000	6.39e-17	90.5
Laticauda_colubrina_C9B	JAGTXL010020792.1	583	50	107	156	83664	83813	82.000	1.11e-16	89.7
Laticauda_colubrina_C9B	JAGTXL010020792.1	583	46	157	202	85873	86010	80.435	1.17e-15	86.7
Laticauda_colubrina_C9B	JAGTXL010020792.1	583	54	54	107	82054	82215	75.926	1.25e-15	86.3
Laticauda_colubrina_C9B	JAGTXL010020792.1	583	52	532	583	97882	98037	57.692	1.73e-11	73.2
Laticauda_colubrina_C9B	JAGTXL010020792.1	583	73	199	271	87306	87524	50.685	9.12e-11	70.9
Laticauda_colubrina_C9B	JAGTXL010020792.1	583	38	26	63	51787	51900	73.684	2.07e-08	63.2
Laticauda_colubrina_C9B	JAGTXL010020792.1	583	38	26	63	81270	81383	63.158	9.38e-06	54.3
Laticauda_colubrina_C9B	JAGTXL010003666.1	583	77	456	532	3317	3547	79.221	4.52e-32	137
Laticauda_colubrina_C9B	JAGTXL010003666.1	583	52	532	583	4094	4249	57.692	1.70e-11	73.2
Laticauda_colubrina_C9B	JAGTXL010018694.1	583	52	528	579	228466	228621	53.846	4.64e-09	65.1
Laticauda_colubrina_C9B	JAGTXL010018694.1	583	81	277	357	264943	264701	30.864	7.17e-08	61.2
Laticauda_colubrina_C9B	JAGTXL010018694.1	583	83	274	356	214892	215140	32.530	1.16e-07	60.5
Laticauda_colubrina_C9B	JAGTXL010000629.1	583	87	274	360	568903	568643	33.333	6.69e-08	61.2
Laticauda_colubrina_C9B	JAGTXL010000629.1	583	69	457	525	531111	531314	43.478	9.99e-08	60.8
Laticauda_colubrina_C9B	JAGTXL010000629.1	583	54	530	583	532350	532511	46.296	2.90e-07	59.3
Laticauda_colubrina_C9B	JAGTXL010020479.1	583	79	277	355	595899	596135	35.443	1.71e-07	60.1
Pseudonaja_textilis_C9B	JAGTXL010020792.1	583	99	274	372	60297	60584	72.727	1.82e-35	148
Pseudonaja_textilis_C9B	JAGTXL010020792.1	583	94	274	367	89922	90194	69.149	2.88e-34	144
Pseudonaja_textilis_C9B	JAGTXL010020792.1	583	80	453	532	69017	69256	83.750	9.11e-34	143
Pseudonaja_textilis_C9B	JAGTXL010020792.1	583	77	456	532	97105	97335	81.818	1.74e-32	139
Pseudonaja_textilis_C9B	JAGTXL010020792.1	583	61	397	457	67431	67613	77.049	3.13e-20	100
Pseudonaja_textilis_C9B	JAGTXL010020792.1	583	79	194	272	57565	57801	62.025	3.07e-19	97.8
Pseudonaja_textilis_C9B	JAGTXL010020792.1	583	50	107	156	83664	83813	90.000	3.29e-19	97.8
Pseudonaja_textilis_C9B	JAGTXL010020792.1	583	57	401	457	95899	96069	78.947	7.14e-19	96.7
Pseudonaja_textilis_C9B	JAGTXL010020792.1	583	50	107	156	53756	53905	88.000	8.65e-19	96.7
Pseudonaja_textilis_C9B	JAGTXL010020792.1	583	47	157	203	55766	55906	87.234	4.59e-18	94.4
Pseudonaja_textilis_C9B	JAGTXL010020792.1	583	47	157	203	85873	86013	80.851	2.18e-16	89.0
Pseudonaja_textilis_C9B	JAGTXL010020792.1	583	54	54	107	52592	52753	72.222	7.13e-16	87.0
Pseudonaja_textilis_C9B	JAGTXL010020792.1	583	54	54	107	82054	82215	72.222	1.32e-14	83.2
Pseudonaja_textilis_C9B	JAGTXL010020792.1	583	52	532	583	69670	69825	67.308	3.38e-14	81.6
Pseudonaja_textilis_C9B	JAGTXL010020792.1	583	74	199	272	87306	87527	50.000	1.07e-10	70.5
Pseudonaja_textilis_C9B	JAGTXL010020792.1	583	52	532	583	97882	98037	53.846	7.10e-10	67.8
Pseudonaja_textilis_C9B	JAGTXL010020792.1	583	38	26	63	51787	51900	78.947	1.73e-09	66.6
Pseudonaja_textilis_C9B	JAGTXL010020792.1	583	38	26	63	81270	81383	68.421	4.19e-07	58.9
Pseudonaja_textilis_C9B	JAGTXL010020792.1	583	42	354	395	63075	63197	66.667	5.19e-07	58.5
Pseudonaja_textilis_C9B	JAGTXL010003666.1	583	77	456	532	3317	3547	81.818	1.69e-32	139
Pseudonaja_textilis_C9B	JAGTXL010003666.1	583	52	532	583	4094	4249	53.846	6.98e-10	67.8
Pseudonaja_textilis_C9B	JAGTXL010018694.1	583	52	528	579	228466	228621	57.692	4.79e-10	68.6
Pseudonaja_textilis_C9B	JAGTXL010018694.1	583	107	249	355	265021	264707	28.972	3.53e-09	65.5
Pseudonaja_textilis_C9B	JAGTXL010018694.1	583	82	277	358	214901	215146	31.707	1.15e-07	60.5
Pseudonaja_textilis_C9B	JAGTXL010018694.1	583	47	537	583	244010	243870	44.681	5.45e-07	58.5
Pseudonaja_textilis_C9B	JAGTXL010000629.1	583	54	530	583	532350	532511	48.148	1.38e-08	63.5
Pseudonaja_textilis_C9B	JAGTXL010000629.1	583	69	457	525	531111	531314	43.478	3.16e-08	62.4
Pseudonaja_textilis_C9B	JAGTXL010000629.1	583	84	277	360	568894	568643	30.952	1.54e-06	57.0
Pseudonaja_textilis_C9B	JAGTXL010000629.1	583	69	457	525	599901	599698	43.478	4.98e-06	55.5
Pseudonaja_textilis_C9B	JAGTXL010000629.1	583	49	536	583	562753	562607	48.980	5.90e-06	55.1
Pseudonaja_textilis_C9B	JAGTXL010000629.1	583	44	531	573	596151	596026	56.818	8.30e-06	54.7
Pseudonaja_textilis_C9B	JAGTXL010020479.1	583	78	277	354	595899	596132	33.333	2.63e-06	56.2
Notechis_scutatus_C9B	JAGTXL010020792.1	583	82	451	532	69011	69256	84.146	8.85e-35	146
Notechis_scutatus_C9B	JAGTXL010020792.1	583	97	276	372	60303	60584	73.196	9.69e-35	146
Notechis_scutatus_C9B	JAGTXL010020792.1	583	94	274	367	89922	90194	69.149	1.50e-34	145
Notechis_scutatus_C9B	JAGTXL010020792.1	583	77	456	532	97105	97335	81.818	5.09e-33	140
Notechis_scutatus_C9B	JAGTXL010020792.1	583	79	194	272	57565	57801	72.152	2.48e-24	114
Notechis_scutatus_C9B	JAGTXL010020792.1	583	60	398	457	67434	67613	75.000	4.28e-20	100
Notechis_scutatus_C9B	JAGTXL010020792.1	583	50	107	156	83664	83813	92.000	1.02e-19	99.4
Notechis_scutatus_C9B	JAGTXL010020792.1	583	47	157	203	55766	55906	89.362	1.81e-18	95.5
Notechis_scutatus_C9B	JAGTXL010020792.1	583	50	107	156	53756	53905	86.000	2.37e-18	95.1
Notechis_scutatus_C9B	JAGTXL010020792.1	583	57	401	457	95899	96069	73.684	7.99e-18	93.6
Notechis_scutatus_C9B	JAGTXL010020792.1	583	52	532	583	69670	69825	73.077	8.36e-17	90.1
Notechis_scutatus_C9B	JAGTXL010020792.1	583	47	157	203	85873	86013	82.979	9.68e-17	90.1
Notechis_scutatus_C9B	JAGTXL010020792.1	583	54	54	107	52592	52753	72.222	1.13e-15	86.7
Notechis_scutatus_C9B	JAGTXL010020792.1	583	54	54	107	82054	82215	72.222	2.22e-14	82.4
Notechis_scutatus_C9B	JAGTXL010020792.1	583	74	199	272	87306	87527	55.405	4.02e-13	78.2
Notechis_scutatus_C9B	JAGTXL010020792.1	583	52	532	583	97882	98037	57.692	8.59e-12	73.9
Notechis_scutatus_C9B	JAGTXL010020792.1	583	38	26	63	51787	51900	73.684	2.09e-08	63.2
Notechis_scutatus_C9B	JAGTXL010020792.1	583	42	354	395	63075	63197	71.429	1.74e-07	60.1
Notechis_scutatus_C9B	JAGTXL010020792.1	583	38	26	63	81270	81383	63.158	9.30e-06	54.3
Notechis_scutatus_C9B	JAGTXL010003666.1	583	77	456	532	3317	3547	81.818	4.93e-33	140
Notechis_scutatus_C9B	JAGTXL010003666.1	583	52	532	583	4094	4249	57.692	8.43e-12	73.9
Notechis_scutatus_C9B	JAGTXL010018694.1	583	52	528	579	228466	228621	53.846	3.81e-09	65.5
Notechis_scutatus_C9B	JAGTXL010018694.1	583	79	277	355	264943	264707	31.646	2.80e-07	59.3
Notechis_scutatus_C9B	JAGTXL010018694.1	583	85	274	358	214892	215146	29.412	5.05e-07	58.5
Notechis_scutatus_C9B	JAGTXL010018694.1	583	47	537	583	244010	243870	44.681	7.31e-06	54.7
Notechis_scutatus_C9B	JAGTXL010000629.1	583	54	530	583	532350	532511	50.000	2.03e-08	63.2
Notechis_scutatus_C9B	JAGTXL010000629.1	583	69	457	525	531111	531314	43.478	3.22e-08	62.4
Notechis_scutatus_C9B	JAGTXL010000629.1	583	87	274	360	568903	568643	31.034	2.64e-07	59.3
Notechis_scutatus_C9B	JAGTXL010000629.1	583	69	457	525	599901	599698	43.478	6.16e-06	55.1
Notechis_scutatus_C9B	JAGTXL010000629.1	583	50	535	583	562756	562607	48.000	8.02e-06	54.7
Notechis_scutatus_C9B	JAGTXL010020479.1	583	79	277	355	595899	596135	32.911	4.42e-06	55.5
Pituophis_catenifer_C9B	JAGTXL010020792.1	583	115	253	367	89865	90194	67.826	7.12e-38	155
Pituophis_catenifer_C9B	JAGTXL010020792.1	583	77	456	532	69026	69256	89.610	1.49e-36	151
Pituophis_catenifer_C9B	JAGTXL010020792.1	583	77	456	532	97105	97335	87.013	1.92e-35	148
Pituophis_catenifer_C9B	JAGTXL010020792.1	583	77	277	353	60306	60536	83.117	1.80e-31	136
Pituophis_catenifer_C9B	JAGTXL010020792.1	583	52	532	583	97882	98037	92.308	1.78e-22	108
Pituophis_catenifer_C9B	JAGTXL010020792.1	583	76	198	273	87303	87530	71.053	2.69e-22	107
Pituophis_catenifer_C9B	JAGTXL010020792.1	583	61	397	457	95887	96069	81.967	3.68e-21	103
Pituophis_catenifer_C9B	JAGTXL010020792.1	583	50	107	156	83664	83813	90.000	1.63e-18	95.5
Pituophis_catenifer_C9B	JAGTXL010020792.1	583	58	400	457	67440	67613	75.862	4.32e-18	94.4
Pituophis_catenifer_C9B	JAGTXL010020792.1	583	47	157	203	55766	55906	85.106	2.22e-17	92.0
Pituophis_catenifer_C9B	JAGTXL010020792.1	583	47	157	203	85873	86013	82.979	5.28e-17	90.9
Pituophis_catenifer_C9B	JAGTXL010020792.1	583	50	107	156	53756	53905	82.000	8.21e-17	90.1
Pituophis_catenifer_C9B	JAGTXL010020792.1	583	54	54	107	82054	82215	75.926	1.42e-16	89.4
Pituophis_catenifer_C9B	JAGTXL010020792.1	583	54	54	107	52592	52753	74.074	4.63e-16	87.8
Pituophis_catenifer_C9B	JAGTXL010020792.1	583	52	532	583	69670	69825	73.077	1.63e-15	85.9
Pituophis_catenifer_C9B	JAGTXL010020792.1	583	75	198	272	57577	57801	56.000	8.64e-14	80.5
Pituophis_catenifer_C9B	JAGTXL010020792.1	583	39	26	64	81270	81386	74.359	2.79e-09	65.9
Pituophis_catenifer_C9B	JAGTXL010020792.1	583	41	355	395	63078	63200	73.171	6.43e-09	64.7
Pituophis_catenifer_C9B	JAGTXL010020792.1	583	43	26	68	51787	51915	60.465	1.07e-07	60.8
Pituophis_catenifer_C9B	JAGTXL010003666.1	583	77	456	532	3317	3547	87.013	1.86e-35	148
Pituophis_catenifer_C9B	JAGTXL010003666.1	583	52	532	583	4094	4249	92.308	1.74e-22	108
Pituophis_catenifer_C9B	JAGTXL010003049.1	583	232	293	516	166018	165395	25.431	1.55e-08	63.5
Pituophis_catenifer_C9B	JAGTXL010018694.1	583	76	277	352	264943	264716	39.474	2.88e-08	62.8
Pituophis_catenifer_C9B	JAGTXL010018694.1	583	52	528	579	228466	228621	50.000	1.55e-06	57.0
Pituophis_catenifer_C9B	JAGTXL010018694.1	583	41	537	577	244010	243888	56.098	2.72e-06	56.2
Pituophis_catenifer_C9B	JAGTXL010000629.1	583	97	457	549	531111	531392	38.144	2.66e-07	59.3
Pituophis_catenifer_C9B	JAGTXL010000629.1	583	69	457	525	599901	599698	44.928	1.39e-06	57.0
Pantherophis_obsoletus_C9B	JAGTXL010020792.1	583	99	274	372	60297	60584	73.737	2.24e-35	148
Pantherophis_obsoletus_C9B	JAGTXL010020792.1	583	92	276	367	89928	90194	70.652	1.42e-33	142
Pantherophis_obsoletus_C9B	JAGTXL010020792.1	583	77	456	532	97105	97335	80.519	3.64e-33	141
Pantherophis_obsoletus_C9B	JAGTXL010020792.1	583	77	456	532	69026	69256	79.221	4.25e-32	138
Pantherophis_obsoletus_C9B	JAGTXL010020792.1	583	56	528	583	97870	98037	85.714	1.72e-22	108
Pantherophis_obsoletus_C9B	JAGTXL010020792.1	583	75	198	272	87303	87527	70.667	8.51e-22	105
Pantherophis_obsoletus_C9B	JAGTXL010020792.1	583	61	397	457	95887	96069	83.607	2.06e-21	104
Pantherophis_obsoletus_C9B	JAGTXL010020792.1	583	54	54	107	82054	82215	83.333	1.77e-20	102
Pantherophis_obsoletus_C9B	JAGTXL010020792.1	583	54	54	107	52592	52753	79.630	9.69e-19	96.3
Pantherophis_obsoletus_C9B	JAGTXL010020792.1	583	64	400	463	67440	67631	71.875	1.72e-18	95.5
Pantherophis_obsoletus_C9B	JAGTXL010020792.1	583	50	107	156	83664	83813	90.000	1.89e-18	95.5
Pantherophis_obsoletus_C9B	JAGTXL010020792.1	583	47	157	203	55766	55906	85.106	2.88e-17	91.7
Pantherophis_obsoletus_C9B	JAGTXL010020792.1	583	47	157	203	85873	86013	82.979	6.62e-17	90.5
Pantherophis_obsoletus_C9B	JAGTXL010020792.1	583	50	107	156	53756	53905	82.000	9.68e-17	90.1
Pantherophis_obsoletus_C9B	JAGTXL010020792.1	583	56	528	583	69658	69825	71.429	2.05e-16	89.0
Pantherophis_obsoletus_C9B	JAGTXL010020792.1	583	79	198	276	57577	57813	54.430	5.07e-14	81.3
Pantherophis_obsoletus_C9B	JAGTXL010020792.1	583	42	354	395	63075	63200	78.571	1.13e-10	70.5
Pantherophis_obsoletus_C9B	JAGTXL010020792.1	583	43	26	68	51787	51915	62.791	2.56e-08	62.8
Pantherophis_obsoletus_C9B	JAGTXL010020792.1	583	39	26	64	81270	81386	69.231	5.11e-08	61.6
Pantherophis_obsoletus_C9B	JAGTXL010003666.1	583	77	456	532	3317	3547	80.519	3.53e-33	141
Pantherophis_obsoletus_C9B	JAGTXL010003666.1	583	56	528	583	4082	4249	85.714	1.68e-22	108
Pantherophis_obsoletus_C9B	JAGTXL010018694.1	583	82	274	355	264952	264707	36.585	5.01e-09	65.1
Pantherophis_obsoletus_C9B	JAGTXL010018694.1	583	85	274	358	214892	215146	30.588	1.61e-07	60.1
Pantherophis_obsoletus_C9B	JAGTXL010018694.1	583	41	537	577	244010	243888	58.537	1.84e-06	56.6
Pantherophis_obsoletus_C9B	JAGTXL010018694.1	583	52	528	579	228466	228621	48.077	3.99e-06	55.5
Pantherophis_obsoletus_C9B	JAGTXL010003049.1	583	225	298	516	166003	165395	26.222	5.78e-08	61.6
Pantherophis_obsoletus_C9B	JAGTXL010000629.1	583	97	457	549	531111	531392	35.052	9.41e-08	60.8
Pantherophis_obsoletus_C9B	JAGTXL010000629.1	583	86	275	360	568900	568643	33.721	2.90e-07	59.3
Pantherophis_obsoletus_C9B	JAGTXL010000629.1	583	73	457	529	599901	599686	39.726	3.31e-06	55.8
Pantherophis_obsoletus_C9B	JAGTXL010020479.1	583	81	275	355	595893	596135	34.568	4.37e-07	58.9
Crotalus_tigris_C9B	JAGTXL010020792.1	583	94	274	367	89922	90194	87.234	3.99e-43	171
Crotalus_tigris_C9B	JAGTXL010020792.1	583	77	456	532	97105	97335	98.701	5.36e-40	162
Crotalus_tigris_C9B	JAGTXL010020792.1	583	80	453	532	69017	69256	82.500	1.16e-34	145
Crotalus_tigris_C9B	JAGTXL010020792.1	583	77	196	272	87297	87527	93.506	1.04e-32	140
Crotalus_tigris_C9B	JAGTXL010020792.1	583	78	276	353	60303	60536	79.487	1.28e-30	133
Crotalus_tigris_C9B	JAGTXL010020792.1	583	62	396	457	95884	96069	98.387	3.09e-27	123
Crotalus_tigris_C9B	JAGTXL010020792.1	583	52	532	583	97882	98037	100.000	2.22e-25	117
Crotalus_tigris_C9B	JAGTXL010020792.1	583	54	54	107	82054	82215	94.444	3.02e-23	110
Crotalus_tigris_C9B	JAGTXL010020792.1	583	50	107	156	83664	83813	100.000	5.68e-22	106
Crotalus_tigris_C9B	JAGTXL010020792.1	583	54	54	107	52592	52753	88.889	1.66e-21	105
Crotalus_tigris_C9B	JAGTXL010020792.1	583	63	401	463	67443	67631	80.952	3.55e-21	103
Crotalus_tigris_C9B	JAGTXL010020792.1	583	47	157	203	85873	86013	97.872	1.28e-20	102
Crotalus_tigris_C9B	JAGTXL010020792.1	583	47	157	203	55766	55906	87.234	4.35e-18	94.4
Crotalus_tigris_C9B	JAGTXL010020792.1	583	50	107	156	53756	53905	86.000	1.05e-17	93.2
Crotalus_tigris_C9B	JAGTXL010020792.1	583	52	532	583	69670	69825	73.077	2.00e-16	89.0
Crotalus_tigris_C9B	JAGTXL010020792.1	583	43	354	396	92724	92852	97.674	8.92e-16	87.0
Crotalus_tigris_C9B	JAGTXL010020792.1	583	79	195	273	57568	57804	50.633	1.65e-13	79.7
Crotalus_tigris_C9B	JAGTXL010020792.1	583	39	26	64	81270	81386	87.179	3.05e-12	75.5
Crotalus_tigris_C9B	JAGTXL010020792.1	583	43	26	68	51787	51915	62.791	7.69e-08	61.2
Crotalus_tigris_C9B	JAGTXL010003666.1	583	77	456	532	3317	3547	98.701	5.19e-40	162
Crotalus_tigris_C9B	JAGTXL010003666.1	583	52	532	583	4094	4249	100.000	2.16e-25	117
Crotalus_tigris_C9B	JAGTXL010018694.1	583	109	245	353	265033	264713	29.358	7.55e-08	61.2
Crotalus_tigris_C9B	JAGTXL010018694.1	583	43	537	579	244010	243882	53.488	8.34e-07	57.8
Crotalus_tigris_C9B	JAGTXL010018694.1	583	52	528	579	228466	228621	48.077	2.40e-06	56.2
Crotalus_tigris_C9B	JAGTXL010000629.1	583	106	451	549	531093	531392	35.849	1.81e-07	60.1
Crotalus_tigris_C9B	JAGTXL010000629.1	583	54	530	583	532350	532511	44.444	6.00e-06	55.1
Crotalus_tigris_C9B	JAGTXL010019421.1	583	218	302	514	408327	408935	23.853	4.98e-06	55.5
Ptyas_mucosa_C9B	JAGTXL010020792.1	583	115	253	367	89865	90194	69.565	1.26e-38	157
Ptyas_mucosa_C9B	JAGTXL010020792.1	583	78	456	533	97105	97338	78.205	3.82e-32	138
Ptyas_mucosa_C9B	JAGTXL010020792.1	583	84	277	360	60306	60557	78.571	1.12e-31	136
Ptyas_mucosa_C9B	JAGTXL010020792.1	583	77	456	532	69026	69256	77.922	6.07e-31	134
Ptyas_mucosa_C9B	JAGTXL010020792.1	583	56	528	583	97870	98037	85.714	1.25e-22	108
Ptyas_mucosa_C9B	JAGTXL010020792.1	583	76	198	273	87303	87530	69.737	8.66e-22	105
Ptyas_mucosa_C9B	JAGTXL010020792.1	583	61	397	457	95887	96069	80.328	1.41e-19	99.0
Ptyas_mucosa_C9B	JAGTXL010020792.1	583	50	107	156	83664	83813	88.000	9.59e-18	93.2
Ptyas_mucosa_C9B	JAGTXL010020792.1	583	54	54	107	82054	82215	77.778	1.14e-17	92.8
Ptyas_mucosa_C9B	JAGTXL010020792.1	583	58	400	457	67440	67613	75.862	1.48e-17	92.4
Ptyas_mucosa_C9B	JAGTXL010020792.1	583	54	54	107	52592	52753	75.926	2.91e-17	91.7
Ptyas_mucosa_C9B	JAGTXL010020792.1	583	47	157	203	85873	86013	82.979	4.89e-17	90.9
Ptyas_mucosa_C9B	JAGTXL010020792.1	583	47	157	203	55766	55906	82.979	9.76e-17	90.1
Ptyas_mucosa_C9B	JAGTXL010020792.1	583	56	528	583	69658	69825	71.429	1.14e-16	89.7
Ptyas_mucosa_C9B	JAGTXL010020792.1	583	50	107	156	53756	53905	80.000	5.50e-16	87.4
Ptyas_mucosa_C9B	JAGTXL010020792.1	583	78	195	272	57568	57801	55.128	3.50e-14	81.6
Ptyas_mucosa_C9B	JAGTXL010020792.1	583	39	30	68	51799	51915	64.103	1.12e-06	57.4
Ptyas_mucosa_C9B	JAGTXL010020792.1	583	40	27	64	81267	81386	67.500	1.86e-06	56.6
Ptyas_mucosa_C9B	JAGTXL010020792.1	583	39	355	393	92727	92843	66.667	2.08e-06	56.6
Ptyas_mucosa_C9B	JAGTXL010003666.1	583	78	456	533	3317	3550	78.205	3.70e-32	138
Ptyas_mucosa_C9B	JAGTXL010003666.1	583	56	528	583	4082	4249	85.714	1.22e-22	108
Ptyas_mucosa_C9B	JAGTXL010018694.1	583	76	277	352	264943	264716	39.474	3.01e-08	62.4
Ptyas_mucosa_C9B	JAGTXL010018694.1	583	43	537	579	244010	243882	53.488	3.35e-07	59.3
Ptyas_mucosa_C9B	JAGTXL010000629.1	583	97	457	549	531111	531392	35.052	7.34e-07	58.2
Ptyas_mucosa_C9B	JAGTXL010000629.1	583	48	536	583	532368	532511	50.000	1.50e-06	57.0
Ptyas_mucosa_C9B	JAGTXL010000629.1	583	70	460	529	599892	599686	41.429	3.70e-06	55.8
