Bothrops_jararaca_C9A	JAGTXL010020792.1	584	81	274	354	60297	60539	100.000	1.74e-43	172
Bothrops_jararaca_C9A	JAGTXL010020792.1	584	80	453	532	69017	69256	96.250	1.06e-39	161
Bothrops_jararaca_C9A	JAGTXL010020792.1	584	75	199	273	57580	57804	96.000	1.23e-34	145
Bothrops_jararaca_C9A	JAGTXL010020792.1	584	77	456	532	97105	97335	84.416	2.77e-34	144
Bothrops_jararaca_C9A	JAGTXL010020792.1	584	92	276	367	89928	90194	69.565	4.31e-32	138
Bothrops_jararaca_C9A	JAGTXL010020792.1	584	68	396	463	67428	67631	91.176	2.03e-28	126
Bothrops_jararaca_C9A	JAGTXL010020792.1	584	53	532	584	69670	69828	100.000	1.61e-24	114
Bothrops_jararaca_C9A	JAGTXL010020792.1	584	54	54	107	52592	52753	94.444	6.68e-24	112
Bothrops_jararaca_C9A	JAGTXL010020792.1	584	50	107	156	53756	53905	100.000	4.14e-22	107
Bothrops_jararaca_C9A	JAGTXL010020792.1	584	57	401	457	95899	96069	87.719	2.35e-21	104
Bothrops_jararaca_C9A	JAGTXL010020792.1	584	47	157	203	55766	55906	97.872	3.73e-21	103
Bothrops_jararaca_C9A	JAGTXL010020792.1	584	54	54	107	82054	82215	88.889	4.65e-21	103
Bothrops_jararaca_C9A	JAGTXL010020792.1	584	47	157	203	85873	86013	87.234	4.08e-18	94.4
Bothrops_jararaca_C9A	JAGTXL010020792.1	584	50	107	156	83664	83813	86.000	6.81e-18	93.6
Bothrops_jararaca_C9A	JAGTXL010020792.1	584	53	532	584	97882	98040	73.585	3.38e-16	88.2
Bothrops_jararaca_C9A	JAGTXL010020792.1	584	42	354	395	63075	63200	100.000	2.07e-15	85.9
Bothrops_jararaca_C9A	JAGTXL010020792.1	584	43	26	68	51787	51915	81.395	7.43e-13	77.4
Bothrops_jararaca_C9A	JAGTXL010020792.1	584	74	199	272	87306	87527	52.703	2.90e-12	75.5
Bothrops_jararaca_C9A	JAGTXL010020792.1	584	39	26	64	81270	81386	66.667	1.37e-07	60.5
Bothrops_jararaca_C9A	JAGTXL010003666.1	584	77	456	532	3317	3547	84.416	2.68e-34	144
Bothrops_jararaca_C9A	JAGTXL010003666.1	584	53	532	584	4094	4252	73.585	3.30e-16	88.2
Bothrops_jararaca_C9A	JAGTXL010018694.1	584	52	528	579	228466	228621	53.846	2.00e-09	66.2
Bothrops_jararaca_C9A	JAGTXL010018694.1	584	82	274	355	264952	264707	35.366	2.54e-08	62.8
Bothrops_jararaca_C9A	JAGTXL010018694.1	584	48	537	584	244010	243867	52.083	1.73e-07	60.1
Bothrops_jararaca_C9A	JAGTXL010018694.1	584	80	277	356	214901	215140	28.750	4.51e-06	55.5
Bothrops_jararaca_C9A	JAGTXL010000629.1	584	54	530	583	532350	532511	50.000	2.20e-08	63.2
Bothrops_jararaca_C9A	JAGTXL010000629.1	584	79	277	355	568894	568658	34.177	1.88e-07	60.1
Bothrops_jararaca_C9A	JAGTXL010000629.1	584	69	457	525	531111	531314	40.580	1.94e-06	56.6
Bothrops_jararaca_C9A	JAGTXL010000629.1	584	42	535	575	562756	562631	61.905	3.35e-06	55.8
Bothrops_jararaca_C9A	JAGTXL010020479.1	584	79	277	355	595899	596135	34.177	6.82e-07	58.2
Bothrops_jararaca_C9B	JAGTXL010020792.1	584	81	274	354	60297	60539	100.000	2.05e-43	172
Bothrops_jararaca_C9B	JAGTXL010020792.1	584	80	453	532	69017	69256	96.250	1.23e-39	160
Bothrops_jararaca_C9B	JAGTXL010020792.1	584	77	456	532	97105	97335	84.416	3.26e-34	144
Bothrops_jararaca_C9B	JAGTXL010020792.1	584	80	194	273	57565	57804	86.250	1.56e-33	142
Bothrops_jararaca_C9B	JAGTXL010020792.1	584	92	276	367	89928	90194	69.565	6.29e-32	137
Bothrops_jararaca_C9B	JAGTXL010020792.1	584	68	396	463	67428	67631	85.294	2.62e-26	120
Bothrops_jararaca_C9B	JAGTXL010020792.1	584	53	532	584	69670	69828	98.113	6.06e-24	112
Bothrops_jararaca_C9B	JAGTXL010020792.1	584	54	54	107	52592	52753	92.593	2.71e-23	110
Bothrops_jararaca_C9B	JAGTXL010020792.1	584	57	401	457	95899	96069	91.228	1.93e-22	108
Bothrops_jararaca_C9B	JAGTXL010020792.1	584	54	54	107	82054	82215	90.741	1.16e-21	105
Bothrops_jararaca_C9B	JAGTXL010020792.1	584	47	157	203	55766	55906	95.745	1.40e-20	102
Bothrops_jararaca_C9B	JAGTXL010020792.1	584	50	107	156	53756	53905	94.000	4.20e-20	100
Bothrops_jararaca_C9B	JAGTXL010020792.1	584	50	107	156	83664	83813	92.000	8.22e-20	99.8
Bothrops_jararaca_C9B	JAGTXL010020792.1	584	47	157	203	85873	86013	89.362	1.61e-18	95.5
Bothrops_jararaca_C9B	JAGTXL010020792.1	584	53	532	584	97882	98040	71.698	1.33e-15	86.3
Bothrops_jararaca_C9B	JAGTXL010020792.1	584	42	354	395	63075	63200	95.238	3.31e-14	81.6
Bothrops_jararaca_C9B	JAGTXL010020792.1	584	77	196	272	87297	87527	50.649	7.18e-13	77.4
Bothrops_jararaca_C9B	JAGTXL010020792.1	584	43	26	68	51787	51915	79.070	9.69e-13	77.0
Bothrops_jararaca_C9B	JAGTXL010020792.1	584	39	26	64	81270	81386	69.231	9.47e-08	60.8
Bothrops_jararaca_C9B	JAGTXL010003666.1	584	77	456	532	3317	3547	84.416	3.16e-34	144
Bothrops_jararaca_C9B	JAGTXL010003666.1	584	53	532	584	4094	4252	71.698	1.30e-15	86.3
Bothrops_jararaca_C9B	JAGTXL010018694.1	584	52	528	579	228466	228621	53.846	1.98e-09	66.2
Bothrops_jararaca_C9B	JAGTXL010018694.1	584	82	274	355	264952	264707	35.366	2.61e-08	62.8
Bothrops_jararaca_C9B	JAGTXL010018694.1	584	48	537	584	244010	243867	52.083	2.25e-07	59.7
Bothrops_jararaca_C9B	JAGTXL010018694.1	584	81	277	357	214901	215143	28.395	3.71e-06	55.8
Bothrops_jararaca_C9B	JAGTXL010000629.1	584	54	530	583	532350	532511	48.148	8.74e-08	60.8
Bothrops_jararaca_C9B	JAGTXL010000629.1	584	79	277	355	568894	568658	34.177	1.90e-07	60.1
Bothrops_jararaca_C9B	JAGTXL010000629.1	584	69	457	525	531111	531314	40.580	2.08e-06	56.6
Bothrops_jararaca_C9B	JAGTXL010000629.1	584	42	535	575	562756	562631	61.905	4.95e-06	55.5
Bothrops_jararaca_C9B	JAGTXL010020479.1	584	79	277	355	595899	596135	34.177	6.82e-07	58.2
