# Bothrops_jararaca_copy1 subject=JAGTXL010003666.1 region_offset=1 (add to sstart/send)
Lacerta_agilis_C9A	region	589	74	461	534	3326	3547	68.919	7.12e-31	119
Lacerta_agilis_C9A	region	589	52	534	584	4094	4249	51.923	1.20e-11	57.4
Zootoca_vivipara_C9A	region	589	74	461	534	3326	3547	68.919	8.65e-31	118
Zootoca_vivipara_C9A	region	589	53	534	584	4094	4249	54.717	3.62e-11	55.8
Podarcis_muralis_C9A	region	589	74	461	534	3326	3547	67.568	2.86e-30	117
Podarcis_muralis_C9A	region	589	52	534	584	4094	4249	51.923	1.17e-11	57.4
Anolis_carolinensis_C9A	region	591	78	460	537	3317	3550	65.385	7.86e-33	125
Anolis_carolinensis_C9A	region	591	52	536	587	4094	4249	59.615	1.64e-15	70.1
Pogona_vitticeps_C9A	region	576	75	441	515	3317	3541	68.000	3.38e-30	116
Pogona_vitticeps_C9A	region	576	70	502	571	4040	4249	55.714	7.53e-19	80.9
Pogona_vitticeps_C9A	region	576	12	77	88	2479	2514	75.000	0.50	22.7
Gekko_japonicus_C9A	region	582	81	457	537	3326	3550	53.086	1.30e-23	95.9
Gekko_japonicus_C9A	region	582	47	531	577	4097	4237	59.574	5.09e-13	62.0
Crotalus_tigris_C9A	region	583	77	456	532	3317	3547	96.104	8.66e-44	158
Crotalus_tigris_C9A	region	583	52	532	583	4094	4249	94.231	1.52e-28	111
Crotalus_tigris_C9A	region	583	37	462	498	8768	8851	32.432	0.89	21.9
Thamnophis_elegans_C9A	region	583	77	456	532	3317	3547	79.221	2.08e-35	132
Thamnophis_elegans_C9A	region	583	52	532	583	4094	4249	65.385	2.63e-18	79.0
Naja_naja_C9A	region	582	77	455	531	3317	3547	87.013	8.63e-40	146
Naja_naja_C9A	region	582	56	527	582	4082	4249	80.357	1.96e-26	105
Pseudonaja_textilis_C9A	region	583	77	456	532	3317	3547	83.117	3.84e-38	141
Pseudonaja_textilis_C9A	region	583	56	528	583	4082	4249	82.143	9.80e-27	105
Python_bivittatus_C9A	region	582	77	456	532	3317	3547	79.221	5.06e-36	134
Python_bivittatus_C9A	region	582	49	534	582	4103	4249	79.592	4.01e-22	91.3
Notechis_scutatus_C9A	region	583	77	456	532	3317	3547	83.117	1.24e-37	139
Notechis_scutatus_C9A	region	583	56	528	583	4082	4249	82.143	1.06e-26	105
Hydrophis_cyanocinctus_C9A	region	583	77	456	532	3317	3547	81.818	4.57e-37	138
Hydrophis_cyanocinctus_C9A	region	583	56	528	583	4082	4249	82.143	1.24e-26	105
Laticauda_colubrina_C9A	region	583	77	456	532	3317	3547	81.818	3.04e-37	138
Laticauda_colubrina_C9A	region	583	56	528	583	4082	4249	80.357	2.46e-26	104
Protobothrops_mucrosquamatus_C9A	region	583	77	456	532	3317	3547	84.416	1.00e-39	146
Protobothrops_mucrosquamatus_C9A	region	583	52	532	583	4094	4249	75.000	1.20e-21	89.7
Chrysopelea_ornata_C9A	region	584	77	457	533	3317	3547	83.117	3.22e-38	141
Chrysopelea_ornata_C9A	region	584	52	533	584	4094	4249	59.615	1.85e-16	73.2
Chrysopelea_ornata_C9A	region	584	107	176	276	2281	2012	22.430	0.69	22.3
Pituophis_catenifer_C9A	region	583	77	456	532	3317	3547	83.117	3.38e-38	141
Pituophis_catenifer_C9A	region	583	52	532	583	4094	4249	61.538	1.80e-17	76.3
Pantherophis_obsoletus_C9A	region	583	77	456	532	3317	3547	83.117	3.77e-38	141
Pantherophis_obsoletus_C9A	region	583	52	532	583	4094	4249	63.462	7.20e-18	77.8
Bothrops_jararaca_C9A	region	583	77	456	532	3317	3547	84.416	2.96e-39	144
Bothrops_jararaca_C9A	region	583	52	532	583	4094	4249	73.077	4.75e-21	87.8
Ptyas_mucosa_C9A	region	583	77	456	532	3317	3547	81.818	4.52e-38	141
Ptyas_mucosa_C9A	region	583	52	532	583	4094	4249	61.538	2.64e-16	72.4
Vipera_berus_C9A	region	583	77	456	532	3317	3547	85.714	2.39e-40	148
Vipera_berus_C9A	region	583	52	532	583	4094	4249	73.077	1.18e-21	89.7
Sceloporus_undulatus_C9A	region	591	78	460	537	3317	3550	67.949	3.22e-33	126
Sceloporus_undulatus_C9A	region	591	48	540	587	4106	4249	56.250	2.81e-13	62.8
Anolis_carolinensis_C9B	region	538	68	462	529	3323	3526	67.647	5.02e-27	106
Hydrophis_cyanocinctus_C9B	region	582	77	455	531	3317	3547	83.117	4.22e-38	141
Hydrophis_cyanocinctus_C9B	region	582	52	531	582	4094	4249	57.692	8.63e-17	74.3
Bothrops_jararaca_C9B	region	583	77	456	532	3317	3547	84.416	3.48e-39	144
Bothrops_jararaca_C9B	region	583	52	532	583	4094	4249	71.154	1.88e-20	85.9
Laticauda_colubrina_C9B	region	583	77	456	532	3317	3547	79.221	5.05e-37	137
Laticauda_colubrina_C9B	region	583	52	532	583	4094	4249	57.692	1.92e-16	73.2
Pseudonaja_textilis_C9B	region	583	77	456	532	3317	3547	81.818	1.89e-37	139
Pseudonaja_textilis_C9B	region	583	52	532	583	4094	4249	53.846	7.90e-15	67.8
Notechis_scutatus_C9B	region	583	77	456	532	3317	3547	81.818	5.51e-38	140
Notechis_scutatus_C9B	region	583	52	532	583	4094	4249	57.692	9.52e-17	73.9
Pituophis_catenifer_C9B	region	583	77	456	532	3317	3547	87.013	2.08e-40	148
Pituophis_catenifer_C9B	region	583	52	532	583	4094	4249	92.308	1.95e-27	108
Pantherophis_obsoletus_C9B	region	583	77	456	532	3317	3547	80.519	3.95e-38	141
Pantherophis_obsoletus_C9B	region	583	56	528	583	4082	4249	85.714	1.88e-27	108
Crotalus_tigris_C9B	region	583	77	456	532	3317	3547	98.701	5.79e-45	162
Crotalus_tigris_C9B	region	583	52	532	583	4094	4249	100.000	2.42e-30	117
Ptyas_mucosa_C9B	region	583	78	456	533	3317	3550	78.205	4.14e-37	138
Ptyas_mucosa_C9B	region	583	56	528	583	4082	4249	85.714	1.37e-27	108
