Lacerta_agilis_C9A	JAHWGE011068518.1	589	86	279	364	69	326	63.953	5.54e-30	126
Lacerta_agilis_C9A	JAHWGE010987639.1	589	78	279	356	426	659	69.231	1.41e-29	128
Lacerta_agilis_C9A	JAHWGE010167556.1	589	74	461	534	183	404	68.919	1.20e-26	117
Lacerta_agilis_C9A	JAHWGE011052618.1	589	47	155	201	235	95	72.340	3.33e-18	85.1
Lacerta_agilis_C9A	JAHWGE010110265.1	589	68	100	167	1333	1130	55.882	1.39e-14	81.3
Lacerta_agilis_C9A	JAHWGE010325897.1	589	49	105	153	285	431	69.388	9.72e-13	71.2
Lacerta_agilis_C9A	JAHWGE010287672.1	589	56	403	458	643	810	55.357	2.09e-11	70.1
Lacerta_agilis_C9A	JAHWGE010766738.1	589	223	300	517	1560	934	25.561	2.43e-10	68.6
Lacerta_agilis_C9A	JAHWGE010796738.1	589	37	155	191	695	585	72.973	3.72e-10	67.0
Lacerta_agilis_C9A	JAHWGE010604391.1	589	52	56	106	378	533	53.846	3.95e-09	64.3
Lacerta_agilis_C9A	JAHWGE010080063.1	589	81	279	359	756	514	33.333	3.35e-08	61.2
Lacerta_agilis_C9A	JAHWGE010838865.1	589	76	520	584	1040	813	43.421	5.55e-08	60.1
Lacerta_agilis_C9A	JAHWGE010774295.1	589	222	300	518	1381	776	22.072	5.91e-08	60.5
Lacerta_agilis_C9A	JAHWGE010374182.1	589	51	56	105	460	612	49.020	1.17e-07	57.8
Lacerta_agilis_C9A	JAHWGE010578581.1	589	60	470	529	1712	1533	45.000	3.69e-07	58.2
Lacerta_agilis_C9A	JAHWGE010579117.1	589	78	279	356	263	496	26.923	4.85e-07	56.2
Zootoca_vivipara_C9A	JAHWGE011068518.1	589	86	279	364	69	326	63.953	1.30e-29	125
Zootoca_vivipara_C9A	JAHWGE010987639.1	589	78	279	356	426	659	69.231	3.14e-29	127
Zootoca_vivipara_C9A	JAHWGE010167556.1	589	74	461	534	183	404	68.919	1.08e-26	117
Zootoca_vivipara_C9A	JAHWGE011052618.1	589	47	155	201	235	95	72.340	3.89e-18	84.7
Zootoca_vivipara_C9A	JAHWGE010110265.1	589	68	100	167	1333	1130	55.882	1.60e-14	81.3
Zootoca_vivipara_C9A	JAHWGE010325897.1	589	49	105	153	285	431	69.388	1.48e-12	70.9
Zootoca_vivipara_C9A	JAHWGE010287672.1	589	56	403	458	643	810	55.357	1.93e-11	70.1
Zootoca_vivipara_C9A	JAHWGE010796738.1	589	37	155	191	695	585	72.973	3.82e-10	67.0
Zootoca_vivipara_C9A	JAHWGE010604391.1	589	52	56	106	378	533	55.769	8.55e-10	66.2
Zootoca_vivipara_C9A	JAHWGE010766738.1	589	225	300	517	1560	934	24.000	8.39e-09	63.5
Zootoca_vivipara_C9A	JAHWGE010374182.1	589	51	56	105	460	612	49.020	6.44e-08	58.5
Zootoca_vivipara_C9A	JAHWGE010080063.1	589	81	279	359	756	514	33.333	6.57e-08	60.1
Zootoca_vivipara_C9A	JAHWGE010774295.1	589	228	300	518	1381	776	23.246	6.97e-08	60.1
Zootoca_vivipara_C9A	JAHWGE010838865.1	589	76	520	584	1040	813	43.421	2.54e-07	58.2
Zootoca_vivipara_C9A	JAHWGE010579117.1	589	78	279	356	263	496	26.923	6.54e-07	55.8
Zootoca_vivipara_C9A	JAHWGE010578581.1	589	60	470	529	1712	1533	43.333	7.29e-07	57.4
Zootoca_vivipara_C9A	JAHWGE010683816.1	589	66	461	525	594	791	39.394	8.28e-06	52.8
Podarcis_muralis_C9A	JAHWGE010987639.1	589	79	278	356	423	659	68.354	2.39e-29	127
Podarcis_muralis_C9A	JAHWGE011068518.1	589	86	279	364	69	326	62.791	4.19e-29	124
Podarcis_muralis_C9A	JAHWGE010167556.1	589	74	461	534	183	404	67.568	4.75e-26	115
Podarcis_muralis_C9A	JAHWGE011052618.1	589	46	155	200	235	98	73.913	1.96e-19	88.6
Podarcis_muralis_C9A	JAHWGE010110265.1	589	68	100	167	1333	1130	55.882	1.54e-14	81.3
Podarcis_muralis_C9A	JAHWGE010325897.1	589	49	105	153	285	431	69.388	9.81e-13	71.2
Podarcis_muralis_C9A	JAHWGE010796738.1	589	37	155	191	695	585	72.973	3.55e-10	67.0
Podarcis_muralis_C9A	JAHWGE010604391.1	589	52	56	106	378	533	57.692	7.50e-10	66.6
Podarcis_muralis_C9A	JAHWGE010287672.1	589	58	401	458	637	810	50.000	1.05e-09	64.7
Podarcis_muralis_C9A	JAHWGE010838865.1	589	81	508	584	1040	813	44.444	1.83e-08	61.6
Podarcis_muralis_C9A	JAHWGE010766738.1	589	224	300	516	1560	937	25.000	2.50e-08	62.0
Podarcis_muralis_C9A	JAHWGE010374182.1	589	51	56	105	460	612	50.980	7.48e-08	58.2
Podarcis_muralis_C9A	JAHWGE010080063.1	589	81	279	359	756	514	32.099	1.89e-07	58.5
Podarcis_muralis_C9A	JAHWGE010579117.1	589	78	279	356	263	496	28.205	2.86e-07	57.0
Podarcis_muralis_C9A	JAHWGE010578581.1	589	60	470	529	1712	1533	41.667	4.27e-07	57.8
Podarcis_muralis_C9A	JAHWGE010683816.1	589	66	461	525	594	791	39.394	6.79e-06	53.1
Anolis_carolinensis_C9A	JAHWGE010167556.1	591	78	460	537	174	407	71.795	4.27e-31	130
Anolis_carolinensis_C9A	JAHWGE011068518.1	591	84	281	364	69	320	61.905	5.87e-27	117
Anolis_carolinensis_C9A	JAHWGE010987639.1	591	79	280	358	423	659	63.291	8.94e-25	114
Anolis_carolinensis_C9A	JAHWGE011052618.1	591	46	156	201	235	98	76.087	1.40e-19	89.0
Anolis_carolinensis_C9A	JAHWGE010838865.1	591	49	539	587	959	813	61.224	1.13e-10	68.6
Anolis_carolinensis_C9A	JAHWGE010110265.1	591	50	106	155	1318	1169	62.000	1.99e-10	68.2
Anolis_carolinensis_C9A	JAHWGE010287672.1	591	60	408	467	652	831	50.000	5.82e-10	65.5
Anolis_carolinensis_C9A	JAHWGE010796738.1	591	37	156	192	695	585	70.270	1.70e-09	65.1
Anolis_carolinensis_C9A	JAHWGE010325897.1	591	49	106	154	285	431	59.184	2.63e-09	61.6
Anolis_carolinensis_C9A	JAHWGE010398812.1	591	84	521	591	882	631	40.476	4.49e-09	63.2
Anolis_carolinensis_C9A	JAHWGE010579117.1	591	78	281	358	263	496	33.333	7.24e-09	62.0
Anolis_carolinensis_C9A	JAHWGE010766738.1	591	223	302	518	1560	937	26.009	1.20e-08	63.2
Anolis_carolinensis_C9A	JAHWGE010604391.1	591	52	57	107	378	533	55.769	1.25e-08	62.8
Anolis_carolinensis_C9A	JAHWGE010028045.1	591	46	542	587	276	139	50.000	1.88e-07	55.5
Anolis_carolinensis_C9A	JAHWGE010082996.1	591	82	278	359	1088	843	32.927	1.89e-07	58.5
Anolis_carolinensis_C9A	JAHWGE010087358.1	591	82	195	276	664	434	35.366	3.70e-07	58.2
Anolis_carolinensis_C9A	JAHWGE010578581.1	591	38	542	579	411	298	60.526	4.19e-07	58.2
Anolis_carolinensis_C9A	JAHWGE010578581.1	591	71	461	531	1742	1533	39.437	4.41e-07	57.8
Anolis_carolinensis_C9A	JAHWGE010683816.1	591	75	454	527	567	791	33.333	1.97e-06	54.7
Anolis_carolinensis_C9A	JAHWGE010135255.1	591	81	281	361	302	544	30.864	2.30e-06	54.3
Anolis_carolinensis_C9A	JAHWGE010586130.1	591	42	539	579	488	363	59.524	3.06e-06	53.1
Anolis_carolinensis_C9A	JAHWGE010677461.1	591	46	25	70	1079	1216	50.000	3.07e-06	55.1
Anolis_carolinensis_C9A	JAHWGE010374182.1	591	52	57	107	460	615	48.077	4.53e-06	52.8
Pogona_vitticeps_C9A	JAHWGE010167556.1	576	75	441	515	174	398	72.000	2.89e-27	119
Pogona_vitticeps_C9A	JAHWGE010987639.1	576	78	262	339	426	659	66.667	4.69e-26	117
Pogona_vitticeps_C9A	JAHWGE011068518.1	576	78	262	339	69	302	64.103	8.17e-26	114
Pogona_vitticeps_C9A	JAHWGE011052618.1	576	62	155	216	238	53	59.677	5.07e-18	84.3
Pogona_vitticeps_C9A	JAHWGE010838865.1	576	70	502	571	1022	813	54.286	3.91e-15	82.4
Pogona_vitticeps_C9A	JAHWGE010110265.1	576	50	106	155	1318	1169	66.000	1.26e-11	72.0
Pogona_vitticeps_C9A	JAHWGE010766738.1	576	224	283	499	1560	937	28.125	1.33e-11	72.8
Pogona_vitticeps_C9A	JAHWGE010287672.1	576	68	381	448	628	831	48.529	1.70e-11	70.1
Pogona_vitticeps_C9A	JAHWGE010325897.1	576	49	106	154	285	431	63.265	1.05e-10	65.5
Pogona_vitticeps_C9A	JAHWGE010586130.1	576	44	521	563	494	363	70.455	2.69e-10	65.1
Pogona_vitticeps_C9A	JAHWGE010796738.1	576	37	156	192	695	585	70.270	8.62e-10	65.9
Pogona_vitticeps_C9A	JAHWGE010028045.1	576	52	520	571	294	139	51.923	5.74e-09	59.7
Pogona_vitticeps_C9A	JAHWGE010677461.1	576	73	1	70	998	1216	38.356	1.88e-08	62.0
Pogona_vitticeps_C9A	JAHWGE010080063.1	576	84	257	340	771	520	34.524	3.95e-08	60.8
Pogona_vitticeps_C9A	JAHWGE011036436.1	576	53	521	572	131	289	56.604	1.47e-07	56.2
Pogona_vitticeps_C9A	JAHWGE010683816.1	576	107	403	508	480	791	29.907	1.54e-07	58.2
Pogona_vitticeps_C9A	JAHWGE010578581.1	576	68	443	510	1739	1539	42.647	5.38e-07	57.8
Pogona_vitticeps_C9A	JAHWGE010578581.1	576	55	521	575	426	262	45.455	6.02e-07	57.4
Pogona_vitticeps_C9A	JAHWGE010774295.1	576	258	255	498	1459	746	25.969	5.86e-07	57.4
Pogona_vitticeps_C9A	JAHWGE010604391.1	576	52	57	107	378	533	50.000	7.59e-07	57.0
Pogona_vitticeps_C9A	JAHWGE010130373.1	576	70	502	571	199	408	50.000	9.70e-07	53.9
Pogona_vitticeps_C9A	JAHWGE010594165.1	576	32	26	57	264	169	71.875	1.17e-06	54.7
Pogona_vitticeps_C9A	JAHWGE010082996.1	576	82	259	340	1088	843	35.366	1.44e-06	55.8
Pogona_vitticeps_C9A	JAHWGE010579117.1	576	78	262	339	263	496	30.769	1.89e-06	54.7
Pogona_vitticeps_C9A	JAHWGE011095088.1	576	73	453	525	888	670	38.356	7.46e-06	53.5
Gekko_japonicus_C9A	JAHWGE011068518.1	582	86	295	380	69	326	55.814	9.68e-24	108
Gekko_japonicus_C9A	JAHWGE010167556.1	582	81	457	536	183	425	59.259	7.02e-22	103
Gekko_japonicus_C9A	JAHWGE010987639.1	582	78	295	372	426	659	57.692	4.05e-21	102
Gekko_japonicus_C9A	JAHWGE011052618.1	582	45	173	217	235	101	64.444	1.76e-13	71.6
Gekko_japonicus_C9A	JAHWGE010110265.1	582	64	122	185	1318	1130	54.688	1.15e-12	75.5
Gekko_japonicus_C9A	JAHWGE010325897.1	582	50	122	171	285	431	60.000	4.26e-10	63.9
Gekko_japonicus_C9A	JAHWGE010838865.1	582	52	530	581	968	813	59.615	4.89e-10	66.6
Gekko_japonicus_C9A	JAHWGE010774295.1	582	213	316	514	1381	776	25.352	3.99e-09	64.3
Gekko_japonicus_C9A	JAHWGE010578581.1	582	46	536	581	411	274	56.522	4.70e-09	64.3
Gekko_japonicus_C9A	JAHWGE010578581.1	582	67	457	523	1736	1539	43.284	1.88e-07	58.9
Gekko_japonicus_C9A	JAHWGE010604391.1	582	52	71	122	381	530	53.846	4.08e-08	60.8
Gekko_japonicus_C9A	JAHWGE010082996.1	582	82	292	373	1088	843	34.146	8.60e-08	59.7
Gekko_japonicus_C9A	JAHWGE010374182.1	582	52	71	122	463	612	50.000	1.16e-07	57.8
Gekko_japonicus_C9A	JAHWGE010080063.1	582	81	295	375	756	514	33.333	1.37e-07	59.3
Gekko_japonicus_C9A	JAHWGE010683816.1	582	67	456	521	591	791	37.313	4.16e-07	56.6
Gekko_japonicus_C9A	JAHWGE010135255.1	582	75	304	378	329	553	33.333	4.84e-07	56.2
Gekko_japonicus_C9A	JAHWGE011095088.1	582	64	466	527	888	697	40.625	1.03e-06	56.6
Gekko_japonicus_C9A	JAHWGE010579117.1	582	97	295	389	263	553	27.835	3.33e-06	53.9
Gekko_japonicus_C9A	JAHWGE010796738.1	582	37	173	209	695	585	62.162	4.86e-06	53.9
Gekko_japonicus_C9A	JAHWGE010586130.1	582	48	535	581	482	339	52.083	8.72e-06	52.0
Crotalus_tigris_C9A	JAHWGE011068518.1	583	80	274	353	60	299	83.750	4.81e-36	144
Crotalus_tigris_C9A	JAHWGE010167556.1	583	77	456	532	174	404	83.117	2.41e-35	142
Crotalus_tigris_C9A	JAHWGE010987639.1	583	77	276	352	423	653	84.416	2.12e-34	143
Crotalus_tigris_C9A	JAHWGE010838865.1	583	51	533	583	965	813	90.196	1.20e-23	108
Crotalus_tigris_C9A	JAHWGE011052618.1	583	46	157	202	235	98	84.783	2.67e-21	94.0
Crotalus_tigris_C9A	JAHWGE010287672.1	583	58	400	457	640	813	79.310	4.27e-21	98.6
Crotalus_tigris_C9A	JAHWGE010374182.1	583	51	57	107	460	612	78.431	5.23e-20	94.0
Crotalus_tigris_C9A	JAHWGE010325897.1	583	49	107	155	285	431	89.796	5.42e-20	92.4
Crotalus_tigris_C9A	JAHWGE010110265.1	583	50	107	156	1318	1169	90.000	9.20e-20	97.4
Crotalus_tigris_C9A	JAHWGE010604391.1	583	54	54	107	369	530	79.630	2.40e-19	96.7
Crotalus_tigris_C9A	JAHWGE010620781.1	583	79	195	273	237	467	62.025	4.77e-19	91.7
Crotalus_tigris_C9A	JAHWGE010087358.1	583	77	196	272	664	434	48.052	8.12e-13	75.9
Crotalus_tigris_C9A	JAHWGE010796738.1	583	37	157	193	695	585	86.486	2.39e-12	73.9
Crotalus_tigris_C9A	JAHWGE010766738.1	583	222	298	514	1560	937	27.027	9.73e-11	69.7
Crotalus_tigris_C9A	JAHWGE010028045.1	583	47	537	583	279	139	53.191	2.80e-09	60.5
Crotalus_tigris_C9A	JAHWGE010677461.1	583	45	26	70	1082	1216	60.000	7.42e-09	63.2
Crotalus_tigris_C9A	JAHWGE010130373.1	583	52	532	583	253	408	61.538	1.26e-07	56.6
Crotalus_tigris_C9A	JAHWGE010080063.1	583	77	277	353	756	526	36.364	1.35e-07	59.3
Crotalus_tigris_C9A	JAHWGE010774295.1	583	220	298	516	1381	776	25.000	4.64e-07	57.4
Crotalus_tigris_C9A	JAHWGE010578581.1	583	50	530	579	435	286	48.000	1.61e-06	56.2
Crotalus_tigris_C9A	JAHWGE010578581.1	583	69	457	525	1742	1539	39.130	7.88e-06	53.9
Crotalus_tigris_C9A	JAHWGE010683816.1	583	75	450	523	567	791	34.667	7.26e-06	52.8
Thamnophis_elegans_C9A	JAHWGE010987639.1	583	82	274	355	417	662	89.024	1.60e-38	155
Thamnophis_elegans_C9A	JAHWGE010167556.1	583	77	456	532	174	404	88.312	1.26e-35	143
Thamnophis_elegans_C9A	JAHWGE011068518.1	583	87	274	360	60	320	74.713	2.70e-34	139
Thamnophis_elegans_C9A	JAHWGE010287672.1	583	68	396	463	628	831	75.000	3.47e-25	110
Thamnophis_elegans_C9A	JAHWGE010087358.1	583	78	196	273	664	431	69.231	1.65e-23	109
Thamnophis_elegans_C9A	JAHWGE010110265.1	583	50	107	156	1318	1169	92.000	6.43e-20	97.8
Thamnophis_elegans_C9A	JAHWGE011052618.1	583	46	157	202	235	98	82.609	1.41e-19	89.0
Thamnophis_elegans_C9A	JAHWGE010374182.1	583	51	57	107	460	612	76.471	2.28e-18	89.0
Thamnophis_elegans_C9A	JAHWGE010325897.1	583	49	107	155	285	431	83.673	5.19e-18	86.7
Thamnophis_elegans_C9A	JAHWGE010604391.1	583	54	54	107	369	530	72.222	2.31e-15	84.0
Thamnophis_elegans_C9A	JAHWGE010796738.1	583	37	157	193	695	585	94.595	2.50e-14	79.7
Thamnophis_elegans_C9A	JAHWGE010130373.1	583	52	532	583	253	408	80.769	2.55e-13	73.2
Thamnophis_elegans_C9A	JAHWGE010838865.1	583	51	533	583	965	813	62.745	5.85e-13	75.9
Thamnophis_elegans_C9A	JAHWGE010620781.1	583	81	195	271	237	461	48.148	2.95e-09	62.8
Thamnophis_elegans_C9A	JAHWGE010677461.1	583	45	26	70	1082	1216	55.556	6.01e-09	63.5
Thamnophis_elegans_C9A	JAHWGE010586130.1	583	50	535	583	488	339	52.000	9.36e-09	60.8
Thamnophis_elegans_C9A	JAHWGE010594165.1	583	32	26	57	264	169	78.125	1.60e-08	60.5
Thamnophis_elegans_C9A	JAHWGE011036436.1	583	40	535	573	137	256	57.500	6.58e-08	57.0
Thamnophis_elegans_C9A	JAHWGE010766738.1	583	229	298	514	1560	937	26.638	7.43e-08	60.5
Thamnophis_elegans_C9A	JAHWGE010080063.1	583	81	274	354	765	523	33.333	2.88e-07	58.2
Thamnophis_elegans_C9A	JAHWGE010028045.1	583	47	537	583	279	139	46.809	4.91e-07	54.3
Thamnophis_elegans_C9A	JAHWGE010579117.1	583	82	277	358	263	508	30.488	1.12e-06	55.5
Thamnophis_elegans_C9A	JAHWGE010578581.1	583	54	530	583	435	274	44.444	3.03e-06	55.1
Thamnophis_elegans_C9A	JAHWGE010135255.1	583	67	277	343	302	502	35.821	5.80e-06	53.1
Thamnophis_elegans_C9A	JAHWGE010521812.1	583	47	350	395	433	293	57.447	6.09e-06	53.5
Thamnophis_elegans_C9A	JAHWGE010082996.1	583	72	272	343	1088	879	40.278	9.72e-06	53.1
Naja_naja_C9A	JAHWGE011068518.1	582	91	274	364	60	323	76.923	6.65e-36	143
Naja_naja_C9A	JAHWGE010167556.1	582	77	455	531	174	404	81.818	1.34e-34	140
Naja_naja_C9A	JAHWGE010987639.1	582	77	276	352	423	653	80.519	7.25e-32	135
Naja_naja_C9A	JAHWGE010838865.1	582	56	527	582	980	813	85.714	3.08e-24	110
Naja_naja_C9A	JAHWGE011052618.1	582	46	157	202	235	98	95.652	4.60e-24	101
Naja_naja_C9A	JAHWGE010620781.1	582	79	195	273	237	467	67.089	1.75e-22	101
Naja_naja_C9A	JAHWGE010325897.1	582	49	107	155	285	431	91.837	1.04e-21	97.1
Naja_naja_C9A	JAHWGE010604391.1	582	54	54	107	369	530	83.333	5.60e-21	101
Naja_naja_C9A	JAHWGE010110265.1	582	50	107	156	1318	1169	92.000	8.86e-21	100
Naja_naja_C9A	JAHWGE010287672.1	582	58	399	456	640	813	72.414	1.80e-19	94.0
Naja_naja_C9A	JAHWGE010374182.1	582	51	57	107	460	612	72.549	4.27e-18	88.2
Naja_naja_C9A	JAHWGE010087358.1	582	77	196	272	664	434	50.649	1.34e-13	78.6
Naja_naja_C9A	JAHWGE010796738.1	582	37	157	193	695	585	86.486	2.78e-12	73.6
Naja_naja_C9A	JAHWGE010677461.1	582	45	26	70	1082	1216	64.444	5.45e-10	66.6
Naja_naja_C9A	JAHWGE010028045.1	582	47	536	582	279	139	53.191	4.31e-09	60.1
Naja_naja_C9A	JAHWGE010774295.1	582	219	298	515	1381	776	23.288	6.28e-09	63.5
Naja_naja_C9A	JAHWGE010130373.1	582	56	527	582	241	408	62.500	4.18e-08	58.2
Naja_naja_C9A	JAHWGE010080063.1	582	77	277	352	756	526	38.961	1.94e-07	58.5
Naja_naja_C9A	JAHWGE010578581.1	582	69	456	524	1742	1539	40.580	2.52e-07	58.5
Naja_naja_C9A	JAHWGE010578581.1	582	44	535	578	417	286	56.818	1.88e-06	55.8
Naja_naja_C9A	JAHWGE010579117.1	582	101	277	375	263	565	27.723	9.43e-07	55.5
Naja_naja_C9A	JAHWGE010766738.1	582	222	298	513	1560	937	24.775	9.98e-07	57.0
Naja_naja_C9A	JAHWGE010594165.1	582	32	26	57	264	169	68.750	7.88e-06	52.4
Naja_naja_C9A	JAHWGE010683816.1	582	75	449	522	567	791	33.333	9.75e-06	52.4
Pseudonaja_textilis_C9A	JAHWGE011068518.1	583	80	274	353	60	299	87.500	1.41e-37	148
Pseudonaja_textilis_C9A	JAHWGE010167556.1	583	82	451	532	159	404	79.268	1.12e-34	140
Pseudonaja_textilis_C9A	JAHWGE010987639.1	583	77	276	352	423	653	83.117	9.68e-33	138
Pseudonaja_textilis_C9A	JAHWGE010838865.1	583	56	528	583	980	813	87.500	1.10e-24	111
Pseudonaja_textilis_C9A	JAHWGE011052618.1	583	46	157	202	235	98	95.652	3.21e-24	102
Pseudonaja_textilis_C9A	JAHWGE010620781.1	583	79	195	273	237	467	63.291	7.34e-22	99.8
Pseudonaja_textilis_C9A	JAHWGE010110265.1	583	50	107	156	1318	1169	96.000	9.60e-22	103
Pseudonaja_textilis_C9A	JAHWGE010325897.1	583	49	107	155	285	431	91.837	1.22e-21	97.1
Pseudonaja_textilis_C9A	JAHWGE010287672.1	583	58	400	457	640	813	72.414	5.73e-20	95.5
Pseudonaja_textilis_C9A	JAHWGE010604391.1	583	54	54	107	369	530	79.630	2.51e-19	96.3
Pseudonaja_textilis_C9A	JAHWGE010374182.1	583	51	57	107	460	612	74.510	1.92e-18	89.4
Pseudonaja_textilis_C9A	JAHWGE010087358.1	583	77	196	272	664	434	49.351	1.96e-13	77.8
Pseudonaja_textilis_C9A	JAHWGE010796738.1	583	37	157	193	695	585	86.486	2.64e-12	73.6
Pseudonaja_textilis_C9A	JAHWGE010677461.1	583	45	26	70	1082	1216	62.222	2.02e-09	65.1
Pseudonaja_textilis_C9A	JAHWGE010028045.1	583	43	537	579	279	151	55.814	5.14e-09	59.7
Pseudonaja_textilis_C9A	JAHWGE010130373.1	583	56	528	583	241	408	64.286	1.12e-08	59.7
Pseudonaja_textilis_C9A	JAHWGE010774295.1	583	220	298	516	1381	776	24.545	1.90e-08	62.0
Pseudonaja_textilis_C9A	JAHWGE010766738.1	583	222	298	514	1560	937	25.225	2.18e-08	62.4
Pseudonaja_textilis_C9A	JAHWGE010080063.1	583	77	277	352	756	526	38.961	4.55e-08	60.5
Pseudonaja_textilis_C9A	JAHWGE010578581.1	583	71	457	527	1742	1533	40.845	2.73e-07	58.5
Pseudonaja_textilis_C9A	JAHWGE010578581.1	583	48	536	583	417	274	54.167	1.04e-06	56.6
Pseudonaja_textilis_C9A	JAHWGE010594165.1	583	32	26	57	264	169	68.750	2.31e-06	53.9
Pseudonaja_textilis_C9A	JAHWGE010579117.1	583	101	277	375	263	565	26.733	3.19e-06	53.9
Pseudonaja_textilis_C9A	JAHWGE010683816.1	583	75	450	523	567	791	34.667	7.95e-06	52.8
Python_bivittatus_C9A	JAHWGE010987639.1	582	81	274	354	417	659	83.951	5.35e-35	144
Python_bivittatus_C9A	JAHWGE011068518.1	582	88	277	364	69	323	73.864	6.40e-34	137
Python_bivittatus_C9A	JAHWGE010167556.1	582	77	456	532	174	404	77.922	1.24e-32	135
Python_bivittatus_C9A	JAHWGE010287672.1	582	62	396	457	628	813	77.419	6.62e-23	103
Python_bivittatus_C9A	JAHWGE011052618.1	582	46	157	202	235	98	86.957	1.68e-22	97.1
Python_bivittatus_C9A	JAHWGE010110265.1	582	68	107	174	1318	1115	69.118	1.01e-20	100
Python_bivittatus_C9A	JAHWGE010325897.1	582	49	107	155	285	431	87.755	1.00e-19	91.7
Python_bivittatus_C9A	JAHWGE010087358.1	582	77	196	272	664	434	61.039	4.03e-19	95.9
Python_bivittatus_C9A	JAHWGE010838865.1	582	48	535	582	956	813	79.167	7.11e-18	90.9
Python_bivittatus_C9A	JAHWGE010604391.1	582	54	54	107	369	530	62.963	4.88e-13	76.6
Python_bivittatus_C9A	JAHWGE010374182.1	582	51	57	107	460	612	62.745	7.04e-13	73.2
Python_bivittatus_C9A	JAHWGE010796738.1	582	37	157	193	695	585	86.486	1.13e-12	74.7
Python_bivittatus_C9A	JAHWGE010766738.1	582	228	298	514	1560	937	26.316	7.95e-11	70.1
Python_bivittatus_C9A	JAHWGE010028045.1	582	47	536	582	279	139	55.319	8.02e-11	65.1
Python_bivittatus_C9A	JAHWGE010677461.1	582	45	26	70	1082	1216	60.000	4.57e-09	63.9
Python_bivittatus_C9A	JAHWGE010620781.1	582	78	195	272	237	464	46.154	5.48e-09	62.0
Python_bivittatus_C9A	JAHWGE010594165.1	582	32	26	57	264	169	78.125	1.41e-08	60.5
Python_bivittatus_C9A	JAHWGE010080063.1	582	79	277	355	756	520	35.443	9.55e-08	59.7
Python_bivittatus_C9A	JAHWGE010586130.1	582	47	529	574	503	363	57.447	1.32e-07	57.4
Python_bivittatus_C9A	JAHWGE010578581.1	582	67	459	525	1736	1539	41.791	1.48e-06	56.2
Python_bivittatus_C9A	JAHWGE010578581.1	582	45	530	574	432	298	55.556	1.78e-06	55.8
Python_bivittatus_C9A	JAHWGE010579117.1	582	78	277	354	263	496	32.051	1.58e-06	54.7
Python_bivittatus_C9A	JAHWGE010683816.1	582	75	450	523	567	791	36.000	1.95e-06	54.7
Python_bivittatus_C9A	JAHWGE010130373.1	582	52	532	582	253	408	63.462	8.48e-06	51.2
Notechis_scutatus_C9A	JAHWGE011068518.1	583	91	274	364	60	323	80.220	1.65e-37	147
Notechis_scutatus_C9A	JAHWGE010167556.1	583	82	451	532	159	404	78.049	1.15e-33	138
Notechis_scutatus_C9A	JAHWGE010987639.1	583	77	276	352	423	653	83.117	1.16e-32	137
Notechis_scutatus_C9A	JAHWGE010838865.1	583	56	528	583	980	813	87.500	1.13e-24	111
Notechis_scutatus_C9A	JAHWGE011052618.1	583	46	157	202	235	98	95.652	3.24e-24	102
Notechis_scutatus_C9A	JAHWGE010620781.1	583	79	195	273	237	467	64.557	4.51e-22	100
Notechis_scutatus_C9A	JAHWGE010325897.1	583	49	107	155	285	431	93.878	4.64e-22	98.2
Notechis_scutatus_C9A	JAHWGE010110265.1	583	50	107	156	1318	1169	94.000	4.53e-21	101
Notechis_scutatus_C9A	JAHWGE010287672.1	583	60	398	457	634	813	71.667	2.43e-20	96.7
Notechis_scutatus_C9A	JAHWGE010604391.1	583	54	54	107	369	530	79.630	2.62e-19	96.3
Notechis_scutatus_C9A	JAHWGE010374182.1	583	51	57	107	460	612	76.471	1.04e-18	90.1
Notechis_scutatus_C9A	JAHWGE010087358.1	583	77	196	272	664	434	50.649	1.22e-13	78.6
Notechis_scutatus_C9A	JAHWGE010796738.1	583	37	157	193	695	585	86.486	2.55e-12	73.6
Notechis_scutatus_C9A	JAHWGE010677461.1	583	45	26	70	1082	1216	62.222	2.00e-09	65.1
Notechis_scutatus_C9A	JAHWGE010028045.1	583	43	537	579	279	151	55.814	4.94e-09	60.1
Notechis_scutatus_C9A	JAHWGE010130373.1	583	56	528	583	241	408	64.286	8.17e-09	60.1
Notechis_scutatus_C9A	JAHWGE010766738.1	583	222	298	514	1560	937	25.225	1.67e-08	62.8
Notechis_scutatus_C9A	JAHWGE010774295.1	583	220	298	516	1381	776	22.727	2.72e-08	61.6
Notechis_scutatus_C9A	JAHWGE010080063.1	583	145	277	406	756	325	28.966	3.32e-08	61.2
Notechis_scutatus_C9A	JAHWGE010578581.1	583	71	457	527	1742	1533	40.845	4.74e-07	57.8
Notechis_scutatus_C9A	JAHWGE010578581.1	583	48	536	583	417	274	54.167	1.09e-06	56.6
Notechis_scutatus_C9A	JAHWGE010594165.1	583	32	26	57	264	169	68.750	2.26e-06	53.9
Notechis_scutatus_C9A	JAHWGE010579117.1	583	101	277	375	263	565	26.733	3.33e-06	53.9
Hydrophis_cyanocinctus_C9A	JAHWGE011068518.1	583	91	274	364	60	323	81.319	2.38e-38	150
Hydrophis_cyanocinctus_C9A	JAHWGE011068518.1	583	42	355	396	841	966	66.667	3.50e-06	54.7
Hydrophis_cyanocinctus_C9A	JAHWGE010167556.1	583	82	451	532	159	404	76.829	4.92e-33	136
Hydrophis_cyanocinctus_C9A	JAHWGE010987639.1	583	79	274	352	417	653	82.278	9.25e-33	138
Hydrophis_cyanocinctus_C9A	JAHWGE010838865.1	583	56	528	583	980	813	87.500	1.19e-24	111
Hydrophis_cyanocinctus_C9A	JAHWGE011052618.1	583	46	157	202	235	98	93.478	1.24e-23	100
Hydrophis_cyanocinctus_C9A	JAHWGE010325897.1	583	49	107	155	285	431	93.878	4.92e-22	98.2
Hydrophis_cyanocinctus_C9A	JAHWGE010620781.1	583	79	195	273	237	467	63.291	1.88e-21	98.6
Hydrophis_cyanocinctus_C9A	JAHWGE010110265.1	583	50	107	156	1318	1169	94.000	4.61e-21	101
Hydrophis_cyanocinctus_C9A	JAHWGE010287672.1	583	60	398	457	634	813	70.000	2.26e-19	93.6
Hydrophis_cyanocinctus_C9A	JAHWGE010604391.1	583	54	54	107	369	530	79.630	2.53e-19	96.3
Hydrophis_cyanocinctus_C9A	JAHWGE010374182.1	583	51	57	107	460	612	76.471	1.24e-18	89.7
Hydrophis_cyanocinctus_C9A	JAHWGE010087358.1	583	77	196	272	664	434	50.649	2.38e-13	77.8
Hydrophis_cyanocinctus_C9A	JAHWGE010796738.1	583	37	157	193	695	585	86.486	1.50e-12	74.3
Hydrophis_cyanocinctus_C9A	JAHWGE010677461.1	583	45	26	70	1082	1216	62.222	2.07e-09	65.1
Hydrophis_cyanocinctus_C9A	JAHWGE010766738.1	583	222	298	514	1560	937	25.225	2.91e-09	65.1
Hydrophis_cyanocinctus_C9A	JAHWGE010028045.1	583	43	537	579	279	151	55.814	5.18e-09	59.7
Hydrophis_cyanocinctus_C9A	JAHWGE010130373.1	583	56	528	583	241	408	64.286	7.94e-09	60.1
Hydrophis_cyanocinctus_C9A	JAHWGE010774295.1	583	220	298	516	1381	776	23.636	1.26e-08	62.4
Hydrophis_cyanocinctus_C9A	JAHWGE010080063.1	583	149	273	406	768	325	28.859	2.77e-08	61.2
Hydrophis_cyanocinctus_C9A	JAHWGE010578581.1	583	71	457	527	1742	1533	40.845	4.95e-07	57.8
Hydrophis_cyanocinctus_C9A	JAHWGE010578581.1	583	48	536	583	417	274	54.167	9.95e-07	56.6
Hydrophis_cyanocinctus_C9A	JAHWGE010594165.1	583	32	26	57	264	169	68.750	2.35e-06	53.9
Hydrophis_cyanocinctus_C9A	JAHWGE010135255.1	583	79	265	343	272	502	35.443	5.96e-06	53.1
Hydrophis_cyanocinctus_C9A	JAHWGE010579117.1	583	86	277	361	263	520	27.907	6.46e-06	52.8
Hydrophis_cyanocinctus_C9A	JAHWGE010683816.1	583	75	450	523	567	791	34.667	6.46e-06	53.1
Laticauda_colubrina_C9A	JAHWGE011068518.1	583	80	274	353	60	299	87.500	1.44e-37	148
Laticauda_colubrina_C9A	JAHWGE010167556.1	583	77	456	532	174	404	80.519	1.54e-33	137
Laticauda_colubrina_C9A	JAHWGE010987639.1	583	77	276	352	423	653	83.117	6.45e-33	138
Laticauda_colubrina_C9A	JAHWGE010838865.1	583	56	528	583	980	813	85.714	2.50e-24	110
Laticauda_colubrina_C9A	JAHWGE011052618.1	583	46	157	202	235	98	95.652	4.30e-24	101
Laticauda_colubrina_C9A	JAHWGE010620781.1	583	79	195	273	237	467	65.823	4.33e-23	103
Laticauda_colubrina_C9A	JAHWGE010325897.1	583	49	107	155	285	431	91.837	1.21e-21	97.1
Laticauda_colubrina_C9A	JAHWGE010110265.1	583	50	107	156	1318	1169	92.000	1.17e-20	100
Laticauda_colubrina_C9A	JAHWGE010287672.1	583	58	400	457	640	813	74.138	2.50e-20	96.7
Laticauda_colubrina_C9A	JAHWGE010604391.1	583	54	54	107	369	530	81.481	5.93e-20	98.2
Laticauda_colubrina_C9A	JAHWGE010374182.1	583	51	57	107	460	612	74.510	8.35e-18	87.4
Laticauda_colubrina_C9A	JAHWGE010087358.1	583	77	196	272	664	434	49.351	5.02e-13	76.6
Laticauda_colubrina_C9A	JAHWGE010796738.1	583	37	157	193	695	585	86.486	2.81e-12	73.6
Laticauda_colubrina_C9A	JAHWGE010677461.1	583	45	26	70	1082	1216	62.222	3.38e-09	64.3
Laticauda_colubrina_C9A	JAHWGE010028045.1	583	43	537	579	279	151	55.814	6.34e-09	59.7
Laticauda_colubrina_C9A	JAHWGE010130373.1	583	56	528	583	241	408	62.500	2.39e-08	58.5
Laticauda_colubrina_C9A	JAHWGE010080063.1	583	77	277	352	756	526	38.961	4.76e-08	60.5
Laticauda_colubrina_C9A	JAHWGE010766738.1	583	222	298	514	1560	937	24.324	7.00e-08	60.8
Laticauda_colubrina_C9A	JAHWGE010774295.1	583	220	298	516	1381	776	22.727	1.68e-07	58.9
Laticauda_colubrina_C9A	JAHWGE010578581.1	583	71	457	527	1742	1533	40.845	2.50e-07	58.5
Laticauda_colubrina_C9A	JAHWGE010578581.1	583	48	536	583	417	274	54.167	1.15e-06	56.6
Laticauda_colubrina_C9A	JAHWGE010594165.1	583	32	26	57	264	169	68.750	3.65e-06	53.1
Laticauda_colubrina_C9A	JAHWGE010683816.1	583	75	450	523	567	791	34.667	5.21e-06	53.5
Laticauda_colubrina_C9A	JAHWGE010579117.1	583	77	277	353	263	493	28.571	5.90e-06	53.1
Protobothrops_mucrosquamatus_C9A	JAHWGE010987639.1	583	81	274	354	417	659	88.889	8.77e-38	153
Protobothrops_mucrosquamatus_C9A	JAHWGE010167556.1	583	77	456	532	174	404	87.013	5.24e-37	147
Protobothrops_mucrosquamatus_C9A	JAHWGE011068518.1	583	81	274	354	60	302	80.247	1.16e-34	140
Protobothrops_mucrosquamatus_C9A	JAHWGE010087358.1	583	75	199	273	655	431	70.667	8.49e-25	113
Protobothrops_mucrosquamatus_C9A	JAHWGE010287672.1	583	62	396	457	628	813	75.806	4.32e-22	101
Protobothrops_mucrosquamatus_C9A	JAHWGE010110265.1	583	50	107	156	1318	1169	90.000	1.33e-20	100
Protobothrops_mucrosquamatus_C9A	JAHWGE011052618.1	583	46	157	202	235	98	82.609	1.36e-20	91.7
Protobothrops_mucrosquamatus_C9A	JAHWGE010325897.1	583	49	107	155	285	431	87.755	2.06e-20	93.6
Protobothrops_mucrosquamatus_C9A	JAHWGE010374182.1	583	51	57	107	460	612	76.471	5.94e-19	90.9
Protobothrops_mucrosquamatus_C9A	JAHWGE010838865.1	583	72	514	583	1028	813	62.500	2.98e-18	92.0
Protobothrops_mucrosquamatus_C9A	JAHWGE010604391.1	583	54	54	107	369	530	74.074	6.56e-17	89.0
Protobothrops_mucrosquamatus_C9A	JAHWGE010796738.1	583	37	157	193	695	585	94.595	1.77e-14	80.5
Protobothrops_mucrosquamatus_C9A	JAHWGE010766738.1	583	228	298	514	1560	937	28.070	6.78e-12	73.6
Protobothrops_mucrosquamatus_C9A	JAHWGE010620781.1	583	74	199	272	249	464	52.703	9.13e-12	70.1
Protobothrops_mucrosquamatus_C9A	JAHWGE010130373.1	583	52	532	583	253	408	78.846	6.52e-11	66.2
Protobothrops_mucrosquamatus_C9A	JAHWGE010028045.1	583	47	537	583	279	139	53.191	2.45e-09	60.8
Protobothrops_mucrosquamatus_C9A	JAHWGE010080063.1	583	82	274	355	765	520	34.146	3.10e-08	61.2
Protobothrops_mucrosquamatus_C9A	JAHWGE010594165.1	583	32	26	57	264	169	78.125	5.19e-08	58.9
Protobothrops_mucrosquamatus_C9A	JAHWGE010677461.1	583	45	26	70	1082	1216	55.556	5.82e-08	60.5
Protobothrops_mucrosquamatus_C9A	JAHWGE010586130.1	583	42	535	575	488	363	66.667	6.27e-08	58.2
Protobothrops_mucrosquamatus_C9A	JAHWGE010579117.1	583	78	277	354	263	496	30.769	1.11e-07	58.2
Protobothrops_mucrosquamatus_C9A	JAHWGE010135255.1	583	90	266	355	275	538	31.111	1.58e-07	57.8
Protobothrops_mucrosquamatus_C9A	JAHWGE010578581.1	583	50	530	579	435	286	48.000	1.74e-07	59.3
Protobothrops_mucrosquamatus_C9A	JAHWGE010578581.1	583	69	457	525	1742	1539	42.029	3.72e-07	58.2
Protobothrops_mucrosquamatus_C9A	JAHWGE010082996.1	583	79	277	355	1079	843	32.911	4.74e-07	57.4
Protobothrops_mucrosquamatus_C9A	JAHWGE010521812.1	583	43	354	395	421	293	65.116	5.07e-07	57.0
Protobothrops_mucrosquamatus_C9A	JAHWGE011036436.1	583	46	529	573	119	256	54.348	9.28e-07	53.9
Chrysopelea_ornata_C9A	JAHWGE010987639.1	584	81	274	354	417	659	100.000	1.71e-43	169
Chrysopelea_ornata_C9A	JAHWGE010167556.1	584	77	457	533	174	404	98.701	2.95e-42	162
Chrysopelea_ornata_C9A	JAHWGE010087358.1	584	78	196	273	664	431	94.872	6.90e-39	154
Chrysopelea_ornata_C9A	JAHWGE011068518.1	584	87	274	360	60	320	79.310	6.92e-35	140
Chrysopelea_ornata_C9A	JAHWGE010287672.1	584	62	397	458	628	813	98.387	4.11e-30	124
Chrysopelea_ornata_C9A	JAHWGE010130373.1	584	52	533	584	253	408	100.000	8.27e-28	114
Chrysopelea_ornata_C9A	JAHWGE011052618.1	584	46	157	202	235	98	100.000	1.41e-26	108
Chrysopelea_ornata_C9A	JAHWGE010374182.1	584	51	57	107	460	612	98.039	3.18e-26	111
Chrysopelea_ornata_C9A	JAHWGE010110265.1	584	50	107	156	1318	1169	100.000	8.07e-23	107
Chrysopelea_ornata_C9A	JAHWGE010325897.1	584	49	107	155	285	431	87.755	2.61e-20	93.2
Chrysopelea_ornata_C9A	JAHWGE010604391.1	584	54	54	107	369	530	75.926	1.80e-17	90.5
Chrysopelea_ornata_C9A	JAHWGE010521812.1	584	43	354	396	421	293	100.000	4.74e-17	87.4
Chrysopelea_ornata_C9A	JAHWGE010677461.1	584	45	26	70	1082	1216	73.333	4.98e-13	76.3
Chrysopelea_ornata_C9A	JAHWGE010677461.1	584	26	1	26	133	210	100.000	8.49e-06	53.5
Chrysopelea_ornata_C9A	JAHWGE010838865.1	584	51	534	584	965	813	62.745	5.87e-13	75.9
Chrysopelea_ornata_C9A	JAHWGE010796738.1	584	37	157	193	695	585	86.486	2.62e-12	73.6
Chrysopelea_ornata_C9A	JAHWGE010620781.1	584	78	195	272	237	464	50.000	5.74e-12	70.9
Chrysopelea_ornata_C9A	JAHWGE010766738.1	584	228	298	515	1560	937	26.754	2.12e-10	68.9
Chrysopelea_ornata_C9A	JAHWGE010080063.1	584	81	277	357	756	514	35.802	8.07e-09	63.2
Chrysopelea_ornata_C9A	JAHWGE010774295.1	584	223	298	517	1381	776	23.767	7.83e-08	60.1
Chrysopelea_ornata_C9A	JAHWGE011036436.1	584	46	530	574	119	256	56.522	1.81e-07	55.8
Chrysopelea_ornata_C9A	JAHWGE010578581.1	584	54	531	584	435	274	48.148	2.43e-07	58.5
Chrysopelea_ornata_C9A	JAHWGE010578581.1	584	69	458	526	1742	1539	40.580	2.21e-06	55.5
Chrysopelea_ornata_C9A	JAHWGE010594165.1	584	32	26	57	264	169	71.875	2.62e-07	56.6
Chrysopelea_ornata_C9A	JAHWGE010586130.1	584	50	536	584	488	339	50.000	4.03e-07	55.8
Chrysopelea_ornata_C9A	JAHWGE010135255.1	584	96	265	360	272	553	30.208	9.36e-07	55.5
Chrysopelea_ornata_C9A	JAHWGE010028045.1	584	47	538	584	279	139	42.553	1.70e-06	52.8
Chrysopelea_ornata_C9A	JAHWGE010082996.1	584	79	277	355	1079	843	32.911	2.62e-06	55.1
Chrysopelea_ornata_C9A	JAHWGE010579117.1	584	78	277	354	263	496	29.487	4.80e-06	53.5
Pituophis_catenifer_C9A	JAHWGE011068518.1	583	91	274	364	60	323	83.516	4.40e-41	157
Pituophis_catenifer_C9A	JAHWGE010167556.1	583	77	456	532	174	404	88.312	4.61e-37	147
Pituophis_catenifer_C9A	JAHWGE010987639.1	583	76	277	352	426	653	86.842	1.27e-33	140
Pituophis_catenifer_C9A	JAHWGE010087358.1	583	75	198	272	658	434	82.667	4.91e-32	134
Pituophis_catenifer_C9A	JAHWGE010287672.1	583	58	400	457	640	813	89.655	1.28e-24	108
Pituophis_catenifer_C9A	JAHWGE010604391.1	583	54	54	107	369	530	87.037	1.00e-21	103
Pituophis_catenifer_C9A	JAHWGE010110265.1	583	50	107	156	1318	1169	94.000	2.48e-21	102
Pituophis_catenifer_C9A	JAHWGE011052618.1	583	46	157	202	235	98	84.783	6.67e-21	92.8
Pituophis_catenifer_C9A	JAHWGE010374182.1	583	51	57	107	460	612	82.353	2.21e-20	94.7
Pituophis_catenifer_C9A	JAHWGE010325897.1	583	49	107	155	285	431	85.714	1.37e-19	91.3
Pituophis_catenifer_C9A	JAHWGE010796738.1	583	37	157	193	695	585	100.000	1.13e-15	84.0
Pituophis_catenifer_C9A	JAHWGE010130373.1	583	52	532	583	253	408	92.308	1.20e-14	77.0
Pituophis_catenifer_C9A	JAHWGE010838865.1	583	51	533	583	965	813	64.706	1.49e-13	77.8
Pituophis_catenifer_C9A	JAHWGE010620781.1	583	80	198	273	246	467	51.250	2.67e-11	68.9
Pituophis_catenifer_C9A	JAHWGE010677461.1	583	45	26	70	1082	1216	60.000	1.35e-09	65.5
Pituophis_catenifer_C9A	JAHWGE010766738.1	583	224	298	516	1560	931	26.339	1.37e-09	66.2
Pituophis_catenifer_C9A	JAHWGE011036436.1	583	46	529	573	119	256	56.522	9.13e-09	59.7
Pituophis_catenifer_C9A	JAHWGE010594165.1	583	32	26	57	264	169	78.125	1.63e-08	60.5
Pituophis_catenifer_C9A	JAHWGE010578581.1	583	54	530	583	435	274	50.000	3.29e-08	61.6
Pituophis_catenifer_C9A	JAHWGE010586130.1	583	54	531	583	494	339	53.704	6.76e-08	58.2
Pituophis_catenifer_C9A	JAHWGE010028045.1	583	47	537	583	279	139	46.809	8.02e-08	56.6
Pituophis_catenifer_C9A	JAHWGE010080063.1	583	77	277	352	756	526	38.961	9.58e-08	59.7
Pituophis_catenifer_C9A	JAHWGE010521812.1	583	42	355	395	418	293	69.048	1.68e-07	58.5
Pituophis_catenifer_C9A	JAHWGE010683816.1	583	81	450	529	567	809	34.568	1.34e-06	55.1
Pituophis_catenifer_C9A	JAHWGE011095088.1	583	69	457	525	918	715	43.478	2.09e-06	55.5
Pituophis_catenifer_C9A	JAHWGE010579117.1	583	77	277	353	263	493	28.571	5.24e-06	53.1
Pituophis_catenifer_C9A	JAHWGE011040520.1	583	53	528	580	485	327	60.377	6.02e-06	52.8
Pantherophis_obsoletus_C9A	JAHWGE010987639.1	583	81	274	354	417	659	95.062	6.60e-41	162
Pantherophis_obsoletus_C9A	JAHWGE011068518.1	583	91	274	364	60	323	78.022	1.24e-37	148
Pantherophis_obsoletus_C9A	JAHWGE010167556.1	583	77	456	532	174	404	88.312	4.66e-37	147
Pantherophis_obsoletus_C9A	JAHWGE010087358.1	583	75	199	273	655	431	84.000	2.71e-30	129
Pantherophis_obsoletus_C9A	JAHWGE010287672.1	583	62	396	457	628	813	91.935	4.27e-28	119
Pantherophis_obsoletus_C9A	JAHWGE010604391.1	583	54	54	107	369	530	87.037	3.38e-21	102
Pantherophis_obsoletus_C9A	JAHWGE010110265.1	583	50	107	156	1318	1169	88.000	3.96e-20	98.6
Pantherophis_obsoletus_C9A	JAHWGE011052618.1	583	46	157	202	235	98	82.609	4.64e-20	90.1
Pantherophis_obsoletus_C9A	JAHWGE010374182.1	583	51	57	107	460	612	78.431	1.60e-18	89.4
Pantherophis_obsoletus_C9A	JAHWGE010325897.1	583	49	107	155	285	431	79.592	3.09e-18	87.4
Pantherophis_obsoletus_C9A	JAHWGE010796738.1	583	37	157	193	695	585	100.000	9.59e-16	84.3
Pantherophis_obsoletus_C9A	JAHWGE010130373.1	583	52	532	583	253	408	94.231	4.72e-15	78.2
Pantherophis_obsoletus_C9A	JAHWGE010838865.1	583	51	533	583	965	813	66.667	5.51e-14	79.0
Pantherophis_obsoletus_C9A	JAHWGE010766738.1	583	230	298	516	1560	931	27.391	5.46e-11	70.9
Pantherophis_obsoletus_C9A	JAHWGE010620781.1	583	78	199	272	249	464	50.000	2.72e-10	65.9
Pantherophis_obsoletus_C9A	JAHWGE010594165.1	583	32	26	57	264	169	81.250	9.29e-10	63.9
Pantherophis_obsoletus_C9A	JAHWGE010677461.1	583	45	26	70	1082	1216	60.000	4.39e-09	63.9
Pantherophis_obsoletus_C9A	JAHWGE010080063.1	583	79	277	355	756	520	35.443	1.15e-08	62.4
Pantherophis_obsoletus_C9A	JAHWGE010521812.1	583	43	354	395	421	293	69.767	3.49e-08	60.5
Pantherophis_obsoletus_C9A	JAHWGE011036436.1	583	46	529	573	119	256	56.522	6.10e-08	57.4
Pantherophis_obsoletus_C9A	JAHWGE010579117.1	583	78	277	354	263	496	30.769	6.93e-08	58.9
Pantherophis_obsoletus_C9A	JAHWGE010028045.1	583	47	537	583	279	139	46.809	7.71e-08	56.6
Pantherophis_obsoletus_C9A	JAHWGE010578581.1	583	54	530	583	435	274	48.148	1.14e-07	59.7
Pantherophis_obsoletus_C9A	JAHWGE010586130.1	583	50	535	583	488	339	52.000	1.80e-07	57.0
Pantherophis_obsoletus_C9A	JAHWGE010082996.1	583	79	277	355	1079	843	32.911	1.31e-06	55.8
Pantherophis_obsoletus_C9A	JAHWGE010683816.1	583	81	450	529	567	809	34.568	1.34e-06	55.1
Pantherophis_obsoletus_C9A	JAHWGE010135255.1	583	79	277	355	302	538	31.646	1.63e-06	54.7
Pantherophis_obsoletus_C9A	JAHWGE011095088.1	583	69	457	525	918	715	43.478	2.01e-06	55.5
Pantherophis_obsoletus_C9A	JAHWGE011040520.1	583	53	528	580	485	327	60.377	4.14e-06	53.5
Bothrops_jararaca_C9A	JAHWGE010987639.1	583	81	274	354	417	659	87.654	3.25e-37	151
Bothrops_jararaca_C9A	JAHWGE010167556.1	583	77	456	532	174	404	87.013	1.89e-36	145
Bothrops_jararaca_C9A	JAHWGE011068518.1	583	81	274	354	60	302	80.247	3.96e-34	138
Bothrops_jararaca_C9A	JAHWGE010087358.1	583	74	199	272	655	434	71.622	2.67e-24	111
Bothrops_jararaca_C9A	JAHWGE010287672.1	583	62	396	457	628	813	79.032	7.01e-24	107
Bothrops_jararaca_C9A	JAHWGE011052618.1	583	46	157	202	235	98	82.609	8.94e-21	92.4
Bothrops_jararaca_C9A	JAHWGE010374182.1	583	51	57	107	460	612	76.471	6.11e-19	90.9
Bothrops_jararaca_C9A	JAHWGE010110265.1	583	50	107	156	1318	1169	84.000	9.95e-19	94.4
Bothrops_jararaca_C9A	JAHWGE010325897.1	583	49	107	155	285	431	81.633	2.08e-18	87.8
Bothrops_jararaca_C9A	JAHWGE010838865.1	583	51	533	583	965	813	76.471	9.55e-18	90.5
Bothrops_jararaca_C9A	JAHWGE010604391.1	583	54	54	107	369	530	74.074	5.59e-17	89.0
Bothrops_jararaca_C9A	JAHWGE010796738.1	583	37	157	193	695	585	94.595	1.65e-14	80.5
Bothrops_jararaca_C9A	JAHWGE010620781.1	583	74	199	272	249	464	52.703	1.09e-11	70.1
Bothrops_jararaca_C9A	JAHWGE010130373.1	583	52	532	583	253	408	80.769	8.68e-11	65.9
Bothrops_jararaca_C9A	JAHWGE010766738.1	583	226	298	514	1560	937	26.991	1.40e-09	66.2
Bothrops_jararaca_C9A	JAHWGE010028045.1	583	47	537	583	279	139	51.064	8.97e-09	59.3
Bothrops_jararaca_C9A	JAHWGE010594165.1	583	32	26	57	264	169	75.000	3.62e-08	59.3
Bothrops_jararaca_C9A	JAHWGE010080063.1	583	82	274	355	765	520	34.146	4.80e-08	60.5
Bothrops_jararaca_C9A	JAHWGE010578581.1	583	50	530	579	435	286	50.000	4.81e-08	60.8
Bothrops_jararaca_C9A	JAHWGE010578581.1	583	69	457	525	1742	1539	39.130	9.12e-06	53.5
Bothrops_jararaca_C9A	JAHWGE010677461.1	583	45	26	70	1082	1216	53.333	1.78e-07	58.9
Bothrops_jararaca_C9A	JAHWGE010521812.1	583	43	354	395	421	293	65.116	3.88e-07	57.4
Bothrops_jararaca_C9A	JAHWGE010579117.1	583	78	277	354	263	496	30.769	3.91e-07	56.6
Bothrops_jararaca_C9A	JAHWGE010586130.1	583	42	535	575	488	363	61.905	4.46e-07	55.8
Bothrops_jararaca_C9A	JAHWGE010135255.1	583	70	286	355	329	538	34.286	7.50e-07	55.8
Bothrops_jararaca_C9A	JAHWGE010082996.1	583	79	277	355	1079	843	32.911	8.52e-07	56.6
Bothrops_jararaca_C9A	JAHWGE011036436.1	583	46	529	573	119	256	52.174	2.69e-06	52.4
Ptyas_mucosa_C9A	JAHWGE010167556.1	583	77	456	532	174	404	90.909	2.14e-38	151
Ptyas_mucosa_C9A	JAHWGE010987639.1	583	81	274	354	417	659	90.123	3.42e-38	154
Ptyas_mucosa_C9A	JAHWGE011068518.1	583	81	274	354	60	302	82.716	3.14e-36	144
Ptyas_mucosa_C9A	JAHWGE010087358.1	583	76	198	273	658	431	78.947	1.28e-28	124
Ptyas_mucosa_C9A	JAHWGE010287672.1	583	61	397	457	631	813	90.164	4.08e-27	116
Ptyas_mucosa_C9A	JAHWGE010604391.1	583	54	54	107	369	530	90.741	1.90e-22	106
Ptyas_mucosa_C9A	JAHWGE010110265.1	583	50	107	156	1318	1169	98.000	2.32e-22	105
Ptyas_mucosa_C9A	JAHWGE010325897.1	583	49	107	155	285	431	89.796	1.07e-20	94.4
Ptyas_mucosa_C9A	JAHWGE010374182.1	583	51	57	107	460	612	82.353	5.23e-20	94.0
Ptyas_mucosa_C9A	JAHWGE011052618.1	583	46	157	202	235	98	78.261	8.10e-19	86.7
Ptyas_mucosa_C9A	JAHWGE010796738.1	583	37	157	193	695	585	89.189	1.68e-13	77.4
Ptyas_mucosa_C9A	JAHWGE010838865.1	583	72	514	583	1028	813	52.778	2.04e-13	77.0
Ptyas_mucosa_C9A	JAHWGE010130373.1	583	52	532	583	253	408	86.538	6.90e-11	66.2
Ptyas_mucosa_C9A	JAHWGE010620781.1	583	79	198	272	246	464	50.633	2.87e-10	65.9
Ptyas_mucosa_C9A	JAHWGE010766738.1	583	229	298	514	1560	937	27.074	7.74e-10	67.0
Ptyas_mucosa_C9A	JAHWGE010594165.1	583	32	26	57	264	169	81.250	4.69e-09	62.0
Ptyas_mucosa_C9A	JAHWGE010677461.1	583	45	26	70	1082	1216	57.778	5.09e-09	63.9
Ptyas_mucosa_C9A	JAHWGE010080063.1	583	82	274	355	765	520	35.366	1.59e-08	62.0
Ptyas_mucosa_C9A	JAHWGE010521812.1	583	43	354	395	421	293	74.419	2.65e-08	60.8
Ptyas_mucosa_C9A	JAHWGE010578581.1	583	54	530	583	435	274	50.000	3.95e-08	61.2
Ptyas_mucosa_C9A	JAHWGE010578581.1	583	78	457	534	1742	1518	42.308	5.88e-07	57.4
Ptyas_mucosa_C9A	JAHWGE011036436.1	583	40	535	573	137	256	62.500	1.29e-07	56.2
Ptyas_mucosa_C9A	JAHWGE010774295.1	583	222	298	516	1381	776	25.676	3.37e-07	58.2
Ptyas_mucosa_C9A	JAHWGE010579117.1	583	82	277	358	263	508	29.268	7.81e-07	55.8
Ptyas_mucosa_C9A	JAHWGE010586130.1	583	50	535	583	488	339	52.000	1.00e-06	54.7
Ptyas_mucosa_C9A	JAHWGE010082996.1	583	79	277	355	1079	843	32.911	9.80e-06	53.1
Vipera_berus_C9A	JAHWGE010167556.1	583	77	456	532	174	404	85.714	1.62e-36	146
Vipera_berus_C9A	JAHWGE010987639.1	583	81	274	354	417	659	85.185	6.34e-35	144
Vipera_berus_C9A	JAHWGE011068518.1	583	81	274	354	60	302	77.778	7.48e-33	134
Vipera_berus_C9A	JAHWGE010287672.1	583	62	396	457	628	813	83.871	5.86e-26	112
Vipera_berus_C9A	JAHWGE010087358.1	583	78	199	276	655	422	70.513	2.48e-25	114
Vipera_berus_C9A	JAHWGE011052618.1	583	46	157	202	235	98	80.435	1.57e-20	91.7
Vipera_berus_C9A	JAHWGE010374182.1	583	51	57	107	460	612	78.431	4.33e-19	91.3
Vipera_berus_C9A	JAHWGE010110265.1	583	50	107	156	1318	1169	86.000	5.05e-19	95.1
Vipera_berus_C9A	JAHWGE010325897.1	583	49	107	155	285	431	81.633	6.54e-18	86.3
Vipera_berus_C9A	JAHWGE010838865.1	583	51	533	583	965	813	74.510	8.96e-18	90.5
Vipera_berus_C9A	JAHWGE010604391.1	583	54	54	107	369	530	75.926	1.24e-16	88.2
Vipera_berus_C9A	JAHWGE010796738.1	583	37	157	193	695	585	91.892	2.24e-14	80.1
Vipera_berus_C9A	JAHWGE010620781.1	583	76	199	272	249	464	52.632	6.84e-12	70.5
Vipera_berus_C9A	JAHWGE010130373.1	583	52	532	583	253	408	78.846	1.69e-10	65.1
Vipera_berus_C9A	JAHWGE010766738.1	583	241	285	514	1593	937	25.726	6.93e-10	67.0
Vipera_berus_C9A	JAHWGE010028045.1	583	47	537	583	279	139	51.064	1.36e-08	58.5
Vipera_berus_C9A	JAHWGE010677461.1	583	45	26	70	1082	1216	55.556	1.75e-08	62.0
Vipera_berus_C9A	JAHWGE010578581.1	583	50	530	579	435	286	52.000	3.44e-08	61.6
Vipera_berus_C9A	JAHWGE010578581.1	583	69	457	525	1742	1539	40.580	5.98e-07	57.4
Vipera_berus_C9A	JAHWGE010594165.1	583	32	26	57	264	169	71.875	1.23e-07	57.8
Vipera_berus_C9A	JAHWGE010579117.1	583	81	274	354	254	496	30.864	2.29e-07	57.4
Vipera_berus_C9A	JAHWGE010135255.1	583	79	265	343	272	502	35.443	3.69e-07	56.6
Vipera_berus_C9A	JAHWGE010080063.1	583	79	277	355	756	520	32.911	4.65e-07	57.4
Vipera_berus_C9A	JAHWGE010082996.1	583	79	277	355	1079	843	32.911	5.36e-07	57.0
Vipera_berus_C9A	JAHWGE010586130.1	583	42	535	575	488	363	61.905	8.96e-07	54.7
Vipera_berus_C9A	JAHWGE010521812.1	583	43	354	395	421	293	62.791	1.00e-06	55.8
Vipera_berus_C9A	JAHWGE011036436.1	583	46	529	573	119	256	52.174	3.75e-06	52.0
Sceloporus_undulatus_C9A	JAHWGE011068518.1	591	78	281	358	69	302	71.795	8.84e-30	126
Sceloporus_undulatus_C9A	JAHWGE010167556.1	591	78	460	537	174	407	69.231	1.22e-29	126
Sceloporus_undulatus_C9A	JAHWGE010987639.1	591	78	281	358	426	659	66.667	3.04e-26	118
Sceloporus_undulatus_C9A	JAHWGE011052618.1	591	46	156	201	235	98	67.391	8.92e-16	78.2
Sceloporus_undulatus_C9A	JAHWGE010287672.1	591	68	400	467	628	831	54.412	1.70e-14	79.3
Sceloporus_undulatus_C9A	JAHWGE010110265.1	591	50	106	155	1318	1169	62.000	3.31e-10	67.8
Sceloporus_undulatus_C9A	JAHWGE011036436.1	591	62	528	588	104	289	48.387	2.28e-09	61.6
Sceloporus_undulatus_C9A	JAHWGE010838865.1	591	49	539	587	959	813	55.102	4.04e-09	63.9
Sceloporus_undulatus_C9A	JAHWGE010325897.1	591	48	106	153	285	428	60.417	5.03e-09	60.8
Sceloporus_undulatus_C9A	JAHWGE010586130.1	591	42	539	579	488	363	69.048	5.64e-09	61.2
Sceloporus_undulatus_C9A	JAHWGE010578581.1	591	52	540	591	417	262	51.923	8.61e-09	63.5
Sceloporus_undulatus_C9A	JAHWGE010578581.1	591	69	463	531	1736	1533	40.580	1.45e-06	56.2
Sceloporus_undulatus_C9A	JAHWGE010604391.1	591	52	57	107	378	533	55.769	1.39e-08	62.4
Sceloporus_undulatus_C9A	JAHWGE010766738.1	591	227	302	520	1560	931	25.991	2.37e-08	62.4
Sceloporus_undulatus_C9A	JAHWGE010028045.1	591	47	541	587	279	139	51.064	2.48e-08	57.8
Sceloporus_undulatus_C9A	JAHWGE010579117.1	591	78	281	358	263	496	33.333	4.31e-08	59.7
Sceloporus_undulatus_C9A	JAHWGE010082996.1	591	79	281	359	1079	843	34.177	1.13e-07	59.3
Sceloporus_undulatus_C9A	JAHWGE010796738.1	591	37	156	192	695	585	59.459	1.21e-07	59.3
Sceloporus_undulatus_C9A	JAHWGE010774295.1	591	230	302	517	1381	746	25.652	3.75e-07	57.8
Sceloporus_undulatus_C9A	JAHWGE010677461.1	591	46	25	70	1079	1216	52.174	6.65e-07	57.0
Sceloporus_undulatus_C9A	JAHWGE010683816.1	591	75	454	527	567	791	34.667	9.24e-07	55.8
Sceloporus_undulatus_C9A	JAHWGE010135255.1	591	88	277	364	290	553	28.409	1.64e-06	54.7
Sceloporus_undulatus_C9A	JAHWGE010983032.1	591	63	533	591	362	550	42.857	2.08e-06	54.7
Sceloporus_undulatus_C9A	JAHWGE010398812.1	591	62	534	591	813	631	43.548	3.53e-06	54.3
Sceloporus_undulatus_C9A	JAHWGE010087358.1	591	82	195	276	664	434	34.146	3.91e-06	54.7
Anolis_carolinensis_C9B	JAHWGE011068518.1	538	86	281	366	69	326	62.791	2.23e-26	115
Anolis_carolinensis_C9B	JAHWGE010987639.1	538	75	280	354	423	647	68.000	1.66e-24	112
Anolis_carolinensis_C9B	JAHWGE010167556.1	538	68	462	529	180	383	67.647	6.56e-23	106
Anolis_carolinensis_C9B	JAHWGE011052618.1	538	47	156	202	235	95	70.213	7.52e-17	80.9
Anolis_carolinensis_C9B	JAHWGE010287672.1	538	56	405	460	643	810	57.143	3.16e-13	75.1
Anolis_carolinensis_C9B	JAHWGE010110265.1	538	50	106	155	1318	1169	66.000	6.20e-11	69.7
Anolis_carolinensis_C9B	JAHWGE010325897.1	538	49	106	154	285	431	63.265	2.40e-10	64.3
Anolis_carolinensis_C9B	JAHWGE010579117.1	538	77	281	357	263	493	35.065	2.57e-09	63.2
Anolis_carolinensis_C9B	JAHWGE010578581.1	538	71	462	532	1739	1530	42.254	1.06e-08	62.8
Anolis_carolinensis_C9B	JAHWGE010604391.1	538	52	57	107	378	533	51.923	3.38e-08	61.2
Anolis_carolinensis_C9B	JAHWGE010774295.1	538	238	290	520	1414	776	26.891	3.58e-08	60.8
Anolis_carolinensis_C9B	JAHWGE010796738.1	538	37	156	192	695	585	62.162	5.80e-08	60.1
Anolis_carolinensis_C9B	JAHWGE010080063.1	538	81	281	361	756	514	34.568	1.35e-07	58.9
Anolis_carolinensis_C9B	JAHWGE010766738.1	538	222	302	518	1560	937	26.126	1.80e-07	59.3
Anolis_carolinensis_C9B	JAHWGE010082996.1	538	79	281	359	1079	843	34.177	1.87e-07	58.5
Anolis_carolinensis_C9B	JAHWGE010087358.1	538	82	195	276	664	434	40.244	2.30e-07	58.5
Anolis_carolinensis_C9B	JAHWGE010677461.1	538	40	25	64	1079	1198	52.500	6.52e-07	57.0
Anolis_carolinensis_C9B	JAHWGE010135255.1	538	66	290	355	329	526	37.879	5.18e-06	53.1
Anolis_carolinensis_C9B	JAHWGE010554445.1	538	53	57	109	513	671	43.396	9.75e-06	53.1
Hydrophis_cyanocinctus_C9B	JAHWGE010987639.1	582	81	273	353	417	659	90.123	2.00e-38	155
Hydrophis_cyanocinctus_C9B	JAHWGE010167556.1	582	77	455	531	174	404	85.714	6.01e-36	144
Hydrophis_cyanocinctus_C9B	JAHWGE011068518.1	582	81	273	353	60	302	80.247	3.21e-35	141
Hydrophis_cyanocinctus_C9B	JAHWGE010087358.1	582	78	195	272	664	431	74.359	2.39e-26	117
Hydrophis_cyanocinctus_C9B	JAHWGE010287672.1	582	60	397	456	634	813	78.333	6.25e-23	103
Hydrophis_cyanocinctus_C9B	JAHWGE010110265.1	582	50	106	155	1318	1169	98.000	1.48e-22	105
Hydrophis_cyanocinctus_C9B	JAHWGE010325897.1	582	49	106	154	285	431	89.796	7.24e-21	94.7
Hydrophis_cyanocinctus_C9B	JAHWGE010374182.1	582	50	57	106	463	612	82.000	7.82e-19	90.5
Hydrophis_cyanocinctus_C9B	JAHWGE011052618.1	582	46	156	201	235	98	73.913	1.41e-17	83.2
Hydrophis_cyanocinctus_C9B	JAHWGE010604391.1	582	54	53	106	369	530	68.519	2.15e-14	80.9
Hydrophis_cyanocinctus_C9B	JAHWGE010796738.1	582	37	156	192	695	585	91.892	4.98e-14	79.0
Hydrophis_cyanocinctus_C9B	JAHWGE010130373.1	582	52	531	582	253	408	88.462	5.92e-14	75.1
Hydrophis_cyanocinctus_C9B	JAHWGE010838865.1	582	51	532	582	965	813	60.784	5.06e-13	75.9
Hydrophis_cyanocinctus_C9B	JAHWGE010620781.1	582	74	198	271	249	464	52.703	4.74e-12	71.2
Hydrophis_cyanocinctus_C9B	JAHWGE010521812.1	582	45	353	397	421	287	68.889	1.57e-09	64.7
Hydrophis_cyanocinctus_C9B	JAHWGE010766738.1	582	228	297	513	1560	937	26.316	1.36e-08	62.8
Hydrophis_cyanocinctus_C9B	JAHWGE010578581.1	582	54	529	582	435	274	50.000	4.68e-08	60.8
Hydrophis_cyanocinctus_C9B	JAHWGE010578581.1	582	69	456	524	1742	1539	42.029	2.63e-07	58.5
Hydrophis_cyanocinctus_C9B	JAHWGE010594165.1	582	31	25	55	264	172	80.645	4.81e-08	58.9
Hydrophis_cyanocinctus_C9B	JAHWGE010774295.1	582	226	297	515	1381	776	26.106	5.08e-08	60.5
Hydrophis_cyanocinctus_C9B	JAHWGE010579117.1	582	82	276	357	263	508	31.707	1.69e-07	57.8
Hydrophis_cyanocinctus_C9B	JAHWGE010080063.1	582	79	276	354	756	520	32.911	3.60e-07	57.8
Hydrophis_cyanocinctus_C9B	JAHWGE010677461.1	582	38	25	62	1082	1189	71.053	3.99e-07	57.8
Hydrophis_cyanocinctus_C9B	JAHWGE011036436.1	582	45	529	572	122	256	53.333	4.94e-07	54.7
Hydrophis_cyanocinctus_C9B	JAHWGE010586130.1	582	54	530	582	494	339	50.000	6.52e-07	55.1
Hydrophis_cyanocinctus_C9B	JAHWGE010028045.1	582	47	536	582	279	139	44.681	8.08e-07	53.5
Hydrophis_cyanocinctus_C9B	JAHWGE011095088.1	582	74	456	529	918	700	40.541	1.55e-06	55.8
Hydrophis_cyanocinctus_C9B	JAHWGE010683816.1	582	79	449	526	567	803	34.177	3.50e-06	53.9
Bothrops_jararaca_C9B	JAHWGE010987639.1	583	81	274	354	417	659	87.654	4.03e-37	151
Bothrops_jararaca_C9B	JAHWGE010167556.1	583	77	456	532	174	404	87.013	1.88e-36	145
Bothrops_jararaca_C9B	JAHWGE011068518.1	583	81	274	354	60	302	80.247	3.81e-34	138
Bothrops_jararaca_C9B	JAHWGE010087358.1	583	77	196	272	664	434	71.429	6.48e-26	116
Bothrops_jararaca_C9B	JAHWGE010287672.1	583	62	396	457	628	813	83.871	2.34e-25	111
Bothrops_jararaca_C9B	JAHWGE011052618.1	583	46	157	202	235	98	84.783	2.57e-21	94.0
Bothrops_jararaca_C9B	JAHWGE010110265.1	583	50	107	156	1318	1169	90.000	1.35e-20	100
Bothrops_jararaca_C9B	JAHWGE010325897.1	583	49	107	155	285	431	85.714	1.03e-19	91.7
Bothrops_jararaca_C9B	JAHWGE010374182.1	583	51	57	107	460	612	78.431	1.24e-19	92.8
Bothrops_jararaca_C9B	JAHWGE010604391.1	583	54	54	107	369	530	75.926	1.42e-17	90.9
Bothrops_jararaca_C9B	JAHWGE010838865.1	583	51	533	583	965	813	74.510	3.97e-17	88.6
Bothrops_jararaca_C9B	JAHWGE010796738.1	583	37	157	193	695	585	94.595	1.64e-14	80.5
Bothrops_jararaca_C9B	JAHWGE010620781.1	583	78	195	272	237	464	50.000	1.63e-12	72.4
Bothrops_jararaca_C9B	JAHWGE010130373.1	583	52	532	583	253	408	78.846	3.43e-10	63.9
Bothrops_jararaca_C9B	JAHWGE010766738.1	583	228	298	514	1560	937	26.754	3.82e-10	67.8
Bothrops_jararaca_C9B	JAHWGE010028045.1	583	47	537	583	279	139	51.064	1.22e-08	58.9
Bothrops_jararaca_C9B	JAHWGE010594165.1	583	32	26	57	264	169	78.125	2.09e-08	60.1
Bothrops_jararaca_C9B	JAHWGE010080063.1	583	82	274	355	765	520	34.146	5.10e-08	60.5
Bothrops_jararaca_C9B	JAHWGE010677461.1	583	45	26	70	1082	1216	55.556	1.25e-07	59.3
Bothrops_jararaca_C9B	JAHWGE010578581.1	583	50	530	579	435	286	48.000	1.93e-07	58.9
Bothrops_jararaca_C9B	JAHWGE010578581.1	583	69	457	525	1742	1539	39.130	9.60e-06	53.5
Bothrops_jararaca_C9B	JAHWGE010521812.1	583	43	354	395	421	293	67.442	1.97e-07	58.2
Bothrops_jararaca_C9B	JAHWGE010579117.1	583	78	277	354	263	496	30.769	4.06e-07	56.6
Bothrops_jararaca_C9B	JAHWGE010586130.1	583	42	535	575	488	363	61.905	6.23e-07	55.1
Bothrops_jararaca_C9B	JAHWGE010135255.1	583	70	286	355	329	538	34.286	8.22e-07	55.5
Bothrops_jararaca_C9B	JAHWGE010082996.1	583	79	277	355	1079	843	32.911	8.60e-07	56.6
Bothrops_jararaca_C9B	JAHWGE011036436.1	583	46	529	573	119	256	52.174	2.90e-06	52.4
Laticauda_colubrina_C9B	JAHWGE010167556.1	583	77	456	532	174	404	88.312	9.47e-38	149
Laticauda_colubrina_C9B	JAHWGE010987639.1	583	79	276	354	423	659	88.608	1.54e-36	149
Laticauda_colubrina_C9B	JAHWGE011068518.1	583	88	277	364	69	323	75.000	1.55e-35	142
Laticauda_colubrina_C9B	JAHWGE010287672.1	583	60	398	457	634	813	83.333	1.35e-23	105
Laticauda_colubrina_C9B	JAHWGE010087358.1	583	81	196	276	664	422	67.901	2.86e-23	108
Laticauda_colubrina_C9B	JAHWGE011052618.1	583	46	157	202	235	98	82.609	1.01e-20	92.0
Laticauda_colubrina_C9B	JAHWGE010374182.1	583	50	58	107	463	612	86.000	2.65e-20	94.7
Laticauda_colubrina_C9B	JAHWGE010110265.1	583	50	107	156	1318	1169	88.000	1.44e-19	97.1
Laticauda_colubrina_C9B	JAHWGE010325897.1	583	49	107	155	285	431	81.633	3.85e-18	87.0
Laticauda_colubrina_C9B	JAHWGE010604391.1	583	54	54	107	369	530	72.222	8.54e-16	85.5
Laticauda_colubrina_C9B	JAHWGE010796738.1	583	37	157	193	695	585	94.595	7.67e-15	81.6
Laticauda_colubrina_C9B	JAHWGE010130373.1	583	52	532	583	253	408	90.385	1.28e-13	73.9
Laticauda_colubrina_C9B	JAHWGE010838865.1	583	51	533	583	965	813	60.784	1.99e-12	73.9
Laticauda_colubrina_C9B	JAHWGE010620781.1	583	73	199	271	249	461	50.685	1.16e-09	63.9
Laticauda_colubrina_C9B	JAHWGE010766738.1	583	222	298	514	1560	937	25.225	1.96e-09	65.9
Laticauda_colubrina_C9B	JAHWGE010594165.1	583	31	26	56	264	172	83.871	4.69e-09	62.0
Laticauda_colubrina_C9B	JAHWGE010579117.1	583	81	274	354	254	496	33.333	2.02e-08	60.5
Laticauda_colubrina_C9B	JAHWGE010677461.1	583	38	26	63	1082	1189	73.684	3.03e-08	61.2
Laticauda_colubrina_C9B	JAHWGE010080063.1	583	81	277	357	756	514	30.864	1.23e-07	59.3
Laticauda_colubrina_C9B	JAHWGE011036436.1	583	46	529	573	119	256	56.522	1.54e-07	56.2
Laticauda_colubrina_C9B	JAHWGE010082996.1	583	79	277	355	1079	843	34.177	2.45e-07	58.2
Laticauda_colubrina_C9B	JAHWGE010578581.1	583	70	457	525	1742	1539	44.286	3.27e-07	58.2
Laticauda_colubrina_C9B	JAHWGE010578581.1	583	54	530	583	435	274	46.296	8.45e-07	57.0
Laticauda_colubrina_C9B	JAHWGE010135255.1	583	87	274	360	293	553	29.885	6.09e-07	55.8
Laticauda_colubrina_C9B	JAHWGE010586130.1	583	54	531	583	494	339	51.852	7.37e-07	55.1
Laticauda_colubrina_C9B	JAHWGE010774295.1	583	167	298	464	1381	920	23.353	4.26e-06	54.7
Laticauda_colubrina_C9B	JAHWGE010028045.1	583	45	539	583	273	139	44.444	8.54e-06	50.4
Pseudonaja_textilis_C9B	JAHWGE010987639.1	583	81	274	354	417	659	90.123	1.09e-38	155
Pseudonaja_textilis_C9B	JAHWGE011068518.1	583	78	277	354	69	302	84.615	6.80e-37	146
Pseudonaja_textilis_C9B	JAHWGE010167556.1	583	77	456	532	174	404	87.013	1.37e-36	146
Pseudonaja_textilis_C9B	JAHWGE010087358.1	583	78	196	273	664	431	71.795	1.80e-25	115
Pseudonaja_textilis_C9B	JAHWGE010287672.1	583	62	396	457	628	813	79.032	3.48e-23	104
Pseudonaja_textilis_C9B	JAHWGE010110265.1	583	50	107	156	1318	1169	96.000	4.03e-22	104
Pseudonaja_textilis_C9B	JAHWGE010325897.1	583	49	107	155	285	431	87.755	2.70e-20	93.2
Pseudonaja_textilis_C9B	JAHWGE011052618.1	583	46	157	202	235	98	78.261	2.43e-19	88.2
Pseudonaja_textilis_C9B	JAHWGE010374182.1	583	51	57	107	460	612	80.392	3.55e-19	91.3
Pseudonaja_textilis_C9B	JAHWGE010796738.1	583	37	157	193	695	585	94.595	6.40e-15	81.6
Pseudonaja_textilis_C9B	JAHWGE010604391.1	583	54	54	107	369	530	68.519	1.20e-14	81.6
Pseudonaja_textilis_C9B	JAHWGE010521812.1	583	45	354	398	421	287	73.333	1.04e-11	71.2
Pseudonaja_textilis_C9B	JAHWGE010130373.1	583	52	532	583	253	408	80.769	8.12e-11	65.9
Pseudonaja_textilis_C9B	JAHWGE010620781.1	583	74	199	272	249	464	52.703	1.21e-10	67.0
Pseudonaja_textilis_C9B	JAHWGE010838865.1	583	48	536	583	956	813	58.333	1.84e-10	68.2
Pseudonaja_textilis_C9B	JAHWGE010594165.1	583	32	26	57	264	169	84.375	9.29e-10	63.9
Pseudonaja_textilis_C9B	JAHWGE010766738.1	583	228	298	514	1560	937	26.754	1.03e-09	66.6
Pseudonaja_textilis_C9B	JAHWGE010579117.1	583	81	274	354	254	496	32.099	2.63e-08	60.1
Pseudonaja_textilis_C9B	JAHWGE010578581.1	583	54	530	583	435	274	48.148	3.29e-08	61.6
Pseudonaja_textilis_C9B	JAHWGE010578581.1	583	69	457	525	1742	1539	42.029	1.32e-07	59.7
Pseudonaja_textilis_C9B	JAHWGE010028045.1	583	47	537	583	279	139	44.681	3.79e-08	57.4
Pseudonaja_textilis_C9B	JAHWGE010080063.1	583	78	277	354	756	523	32.051	1.47e-07	58.9
Pseudonaja_textilis_C9B	JAHWGE011036436.1	583	44	531	573	131	256	59.091	1.54e-07	56.2
Pseudonaja_textilis_C9B	JAHWGE010677461.1	583	32	26	57	1082	1177	75.000	1.70e-07	58.9
Pseudonaja_textilis_C9B	JAHWGE010586130.1	583	54	531	583	494	339	50.000	7.04e-07	55.1
Pseudonaja_textilis_C9B	JAHWGE010082996.1	583	78	277	354	1079	846	32.051	4.20e-06	54.3
Pseudonaja_textilis_C9B	JAHWGE011095088.1	583	69	457	525	918	715	42.029	7.34e-06	53.9
Notechis_scutatus_C9B	JAHWGE010167556.1	583	77	456	532	174	404	88.312	1.31e-37	149
Notechis_scutatus_C9B	JAHWGE010987639.1	583	79	276	354	423	659	88.608	1.44e-36	149
Notechis_scutatus_C9B	JAHWGE011068518.1	583	78	277	354	69	302	82.051	1.41e-35	142
Notechis_scutatus_C9B	JAHWGE010087358.1	583	78	196	273	664	431	73.077	7.57e-26	116
Notechis_scutatus_C9B	JAHWGE010110265.1	583	50	107	156	1318	1169	98.000	1.35e-22	106
Notechis_scutatus_C9B	JAHWGE010287672.1	583	60	398	457	634	813	78.333	1.48e-22	103
Notechis_scutatus_C9B	JAHWGE010325897.1	583	49	107	155	285	431	89.796	7.33e-21	94.7
Notechis_scutatus_C9B	JAHWGE011052618.1	583	46	157	202	235	98	78.261	4.18e-19	87.4
Notechis_scutatus_C9B	JAHWGE010374182.1	583	50	58	107	463	612	82.000	5.25e-19	90.9
Notechis_scutatus_C9B	JAHWGE010796738.1	583	37	157	193	695	585	97.297	2.37e-15	83.2
Notechis_scutatus_C9B	JAHWGE010604391.1	583	54	54	107	369	530	68.519	2.01e-14	80.9
Notechis_scutatus_C9B	JAHWGE010130373.1	583	52	532	583	253	408	88.462	5.93e-14	75.1
Notechis_scutatus_C9B	JAHWGE010838865.1	583	51	533	583	965	813	60.784	9.40e-13	75.1
Notechis_scutatus_C9B	JAHWGE010620781.1	583	74	199	272	249	464	50.000	3.49e-10	65.5
Notechis_scutatus_C9B	JAHWGE010521812.1	583	45	354	398	421	287	68.889	3.63e-10	66.6
Notechis_scutatus_C9B	JAHWGE010774295.1	583	226	298	516	1381	776	25.664	2.13e-09	65.1
Notechis_scutatus_C9B	JAHWGE010594165.1	583	31	26	56	264	172	83.871	4.96e-09	62.0
Notechis_scutatus_C9B	JAHWGE010766738.1	583	228	298	514	1560	937	27.193	6.21e-09	63.9
Notechis_scutatus_C9B	JAHWGE010677461.1	583	38	26	63	1082	1189	73.684	3.39e-08	61.2
Notechis_scutatus_C9B	JAHWGE010578581.1	583	54	530	583	435	274	50.000	6.29e-08	60.5
Notechis_scutatus_C9B	JAHWGE010578581.1	583	69	457	525	1742	1539	42.029	1.40e-07	59.3
Notechis_scutatus_C9B	JAHWGE010579117.1	583	85	274	358	254	508	30.588	1.02e-07	58.5
Notechis_scutatus_C9B	JAHWGE011036436.1	583	45	530	573	122	256	53.333	5.00e-07	54.7
Notechis_scutatus_C9B	JAHWGE010586130.1	583	54	531	583	494	339	50.000	6.41e-07	55.1
Notechis_scutatus_C9B	JAHWGE010080063.1	583	79	277	355	756	520	30.380	7.14e-07	57.0
Notechis_scutatus_C9B	JAHWGE010028045.1	583	47	537	583	279	139	44.681	9.08e-07	53.5
Notechis_scutatus_C9B	JAHWGE010135255.1	583	82	274	355	293	538	29.268	2.12e-06	54.3
Notechis_scutatus_C9B	JAHWGE010082996.1	583	79	277	355	1079	843	31.646	7.67e-06	53.5
Notechis_scutatus_C9B	JAHWGE011095088.1	583	69	457	525	918	715	42.029	8.96e-06	53.5
Pituophis_catenifer_C9B	JAHWGE011068518.1	583	80	274	353	60	299	92.500	7.42e-41	157
Pituophis_catenifer_C9B	JAHWGE010167556.1	583	77	456	532	174	404	92.208	1.80e-39	154
Pituophis_catenifer_C9B	JAHWGE010987639.1	583	76	277	352	426	653	86.842	1.65e-33	140
Pituophis_catenifer_C9B	JAHWGE010620781.1	583	76	198	273	246	467	77.632	9.14e-26	110
Pituophis_catenifer_C9B	JAHWGE011052618.1	583	46	157	202	235	98	95.652	5.60e-25	104
Pituophis_catenifer_C9B	JAHWGE010838865.1	583	51	533	583	965	813	94.118	7.44e-24	108
Pituophis_catenifer_C9B	JAHWGE010325897.1	583	49	107	155	285	431	91.837	3.41e-21	95.9
Pituophis_catenifer_C9B	JAHWGE010110265.1	583	50	107	156	1318	1169	92.000	2.67e-20	99.4
Pituophis_catenifer_C9B	JAHWGE010604391.1	583	54	54	107	369	530	83.333	2.12e-19	96.7
Pituophis_catenifer_C9B	JAHWGE010287672.1	583	58	400	457	640	813	72.414	5.32e-19	92.4
Pituophis_catenifer_C9B	JAHWGE010374182.1	583	51	57	107	460	612	76.471	1.67e-17	86.7
Pituophis_catenifer_C9B	JAHWGE010087358.1	583	75	198	272	658	434	56.000	5.58e-15	82.8
Pituophis_catenifer_C9B	JAHWGE010677461.1	583	45	26	70	1082	1216	73.333	2.09e-13	77.4
Pituophis_catenifer_C9B	JAHWGE010796738.1	583	37	157	193	695	585	89.189	9.51e-13	75.1
Pituophis_catenifer_C9B	JAHWGE010766738.1	583	228	298	514	1560	937	27.193	9.20e-10	66.6
Pituophis_catenifer_C9B	JAHWGE010028045.1	583	47	537	583	279	139	53.191	2.14e-09	60.8
Pituophis_catenifer_C9B	JAHWGE010774295.1	583	225	295	516	1390	776	24.444	3.82e-08	60.8
Pituophis_catenifer_C9B	JAHWGE010080063.1	583	77	277	352	756	526	38.961	7.83e-08	60.1
Pituophis_catenifer_C9B	JAHWGE010594165.1	583	32	26	57	264	169	71.875	1.65e-07	57.4
Pituophis_catenifer_C9B	JAHWGE010521812.1	583	42	355	395	418	293	69.048	2.38e-07	57.8
Pituophis_catenifer_C9B	JAHWGE010683816.1	583	81	450	529	567	809	35.802	1.18e-06	55.5
Pituophis_catenifer_C9B	JAHWGE011095088.1	583	69	457	525	918	715	43.478	1.81e-06	55.8
Pituophis_catenifer_C9B	JAHWGE010579117.1	583	77	277	353	263	493	28.571	4.75e-06	53.5
Pituophis_catenifer_C9B	JAHWGE010578581.1	583	69	457	525	1742	1539	40.580	4.90e-06	54.7
Pituophis_catenifer_C9B	JAHWGE010130373.1	583	52	532	583	253	408	59.615	9.25e-06	51.2
Pantherophis_obsoletus_C9B	JAHWGE010987639.1	583	81	274	354	417	659	90.123	6.49e-38	153
Pantherophis_obsoletus_C9B	JAHWGE011068518.1	583	91	274	364	60	323	74.725	1.49e-35	142
Pantherophis_obsoletus_C9B	JAHWGE010167556.1	583	77	456	532	174	404	80.519	1.02e-34	141
Pantherophis_obsoletus_C9B	JAHWGE010620781.1	583	75	198	272	246	464	77.333	3.01e-25	109
Pantherophis_obsoletus_C9B	JAHWGE011052618.1	583	46	157	202	235	98	95.652	4.93e-25	104
Pantherophis_obsoletus_C9B	JAHWGE010838865.1	583	56	528	583	980	813	85.714	3.14e-23	107
Pantherophis_obsoletus_C9B	JAHWGE010325897.1	583	49	107	155	285	431	91.837	4.35e-21	95.5
Pantherophis_obsoletus_C9B	JAHWGE010604391.1	583	54	54	107	369	530	87.037	5.28e-21	101
Pantherophis_obsoletus_C9B	JAHWGE010374182.1	583	51	57	107	460	612	82.353	9.06e-21	95.9
Pantherophis_obsoletus_C9B	JAHWGE010110265.1	583	50	107	156	1318	1169	92.000	3.25e-20	99.0
Pantherophis_obsoletus_C9B	JAHWGE010287672.1	583	58	400	457	640	813	74.138	2.10e-19	94.0
Pantherophis_obsoletus_C9B	JAHWGE010087358.1	583	78	198	275	658	425	56.410	1.39e-15	84.7
Pantherophis_obsoletus_C9B	JAHWGE010796738.1	583	37	157	193	695	585	89.189	1.01e-12	75.1
Pantherophis_obsoletus_C9B	JAHWGE010766738.1	583	222	298	514	1560	937	26.126	9.69e-10	66.6
Pantherophis_obsoletus_C9B	JAHWGE010028045.1	583	47	537	583	279	139	55.319	1.43e-09	61.6
Pantherophis_obsoletus_C9B	JAHWGE010677461.1	583	45	26	70	1082	1216	60.000	3.65e-09	64.3
Pantherophis_obsoletus_C9B	JAHWGE010594165.1	583	32	26	57	264	169	78.125	3.86e-09	62.4
Pantherophis_obsoletus_C9B	JAHWGE010080063.1	583	82	274	355	765	520	35.366	1.06e-08	62.8
Pantherophis_obsoletus_C9B	JAHWGE010521812.1	583	43	354	395	421	293	69.767	3.37e-08	60.5
Pantherophis_obsoletus_C9B	JAHWGE010579117.1	583	85	274	358	254	508	29.412	9.89e-08	58.5
Pantherophis_obsoletus_C9B	JAHWGE010578581.1	583	69	457	525	1742	1539	39.130	5.59e-07	57.4
Pantherophis_obsoletus_C9B	JAHWGE010683816.1	583	75	450	523	567	791	37.333	6.15e-07	56.2
Pantherophis_obsoletus_C9B	JAHWGE010082996.1	583	81	275	355	1085	843	33.333	1.96e-06	55.5
Pantherophis_obsoletus_C9B	JAHWGE010135255.1	583	79	277	355	302	538	31.646	2.47e-06	54.3
Pantherophis_obsoletus_C9B	JAHWGE010130373.1	583	56	528	583	241	408	58.929	3.43e-06	52.4
Pantherophis_obsoletus_C9B	JAHWGE011095088.1	583	73	457	529	918	703	38.356	4.56e-06	54.3
Crotalus_tigris_C9B	JAHWGE011068518.1	583	78	274	351	60	293	85.897	1.02e-35	142
Crotalus_tigris_C9B	JAHWGE010167556.1	583	77	456	532	174	404	83.117	2.10e-35	143
Crotalus_tigris_C9B	JAHWGE010987639.1	583	76	276	351	423	650	85.526	3.81e-34	142
Crotalus_tigris_C9B	JAHWGE010838865.1	583	51	533	583	965	813	92.157	4.49e-24	109
Crotalus_tigris_C9B	JAHWGE011052618.1	583	46	157	202	235	98	84.783	2.94e-21	93.6
Crotalus_tigris_C9B	JAHWGE010287672.1	583	58	400	457	640	813	79.310	4.57e-21	98.6
Crotalus_tigris_C9B	JAHWGE010374182.1	583	51	57	107	460	612	80.392	2.95e-20	94.4
Crotalus_tigris_C9B	JAHWGE010325897.1	583	49	107	155	285	431	89.796	4.78e-20	92.4
Crotalus_tigris_C9B	JAHWGE010110265.1	583	50	107	156	1318	1169	90.000	8.80e-20	97.4
Crotalus_tigris_C9B	JAHWGE010604391.1	583	54	54	107	369	530	77.778	7.23e-19	95.1
Crotalus_tigris_C9B	JAHWGE010620781.1	583	78	195	272	237	464	61.538	1.26e-18	90.5
Crotalus_tigris_C9B	JAHWGE010087358.1	583	77	196	272	664	434	50.649	4.37e-14	80.1
Crotalus_tigris_C9B	JAHWGE010796738.1	583	37	157	193	695	585	86.486	2.39e-12	73.9
Crotalus_tigris_C9B	JAHWGE010766738.1	583	222	298	514	1560	937	27.477	9.98e-11	69.7
Crotalus_tigris_C9B	JAHWGE010677461.1	583	45	26	70	1082	1216	62.222	2.49e-09	64.7
Crotalus_tigris_C9B	JAHWGE010028045.1	583	47	537	583	279	139	53.191	3.36e-09	60.5
Crotalus_tigris_C9B	JAHWGE010774295.1	583	220	298	516	1381	776	25.000	4.01e-07	57.8
Crotalus_tigris_C9B	JAHWGE010080063.1	583	74	277	350	756	535	36.486	5.45e-07	57.4
Crotalus_tigris_C9B	JAHWGE010130373.1	583	52	532	583	253	408	59.615	6.14e-07	54.7
Crotalus_tigris_C9B	JAHWGE010578581.1	583	69	457	525	1742	1539	39.130	2.90e-06	55.1
Crotalus_tigris_C9B	JAHWGE010578581.1	583	50	530	579	435	286	46.000	8.81e-06	53.5
Crotalus_tigris_C9B	JAHWGE010594165.1	583	32	26	57	264	169	68.750	4.15e-06	53.1
Crotalus_tigris_C9B	JAHWGE010683816.1	583	75	450	523	567	791	34.667	5.80e-06	53.1
Ptyas_mucosa_C9B	JAHWGE011068518.1	583	80	274	353	60	299	92.500	9.63e-41	157
Ptyas_mucosa_C9B	JAHWGE011068518.1	583	39	355	393	841	957	76.923	2.28e-08	61.2
Ptyas_mucosa_C9B	JAHWGE010987639.1	583	76	277	352	426	653	86.842	1.50e-33	140
Ptyas_mucosa_C9B	JAHWGE010167556.1	583	77	456	532	174	404	79.221	1.60e-33	137
Ptyas_mucosa_C9B	JAHWGE011052618.1	583	46	157	202	235	98	95.652	1.98e-25	105
Ptyas_mucosa_C9B	JAHWGE010838865.1	583	56	528	583	980	813	89.286	1.66e-24	110
Ptyas_mucosa_C9B	JAHWGE010620781.1	583	76	198	273	246	467	75.000	3.83e-24	106
Ptyas_mucosa_C9B	JAHWGE010374182.1	583	51	57	107	460	612	90.196	1.13e-22	101
Ptyas_mucosa_C9B	JAHWGE010325897.1	583	49	107	155	285	431	89.796	2.92e-20	93.2
Ptyas_mucosa_C9B	JAHWGE010110265.1	583	50	107	156	1318	1169	90.000	1.84e-19	96.7
Ptyas_mucosa_C9B	JAHWGE010287672.1	583	58	400	457	640	813	72.414	1.37e-18	91.3
Ptyas_mucosa_C9B	JAHWGE010604391.1	583	54	54	107	369	530	74.074	7.89e-17	88.6
Ptyas_mucosa_C9B	JAHWGE010087358.1	583	77	196	272	664	434	54.545	8.67e-15	82.0
Ptyas_mucosa_C9B	JAHWGE010796738.1	583	37	157	193	695	585	89.189	7.46e-13	75.5
Ptyas_mucosa_C9B	JAHWGE010028045.1	583	47	537	583	279	139	53.191	6.14e-11	65.5
Ptyas_mucosa_C9B	JAHWGE010677461.1	583	46	27	70	1079	1216	65.217	1.47e-09	65.5
Ptyas_mucosa_C9B	JAHWGE010766738.1	583	222	298	514	1560	937	25.676	1.13e-08	63.2
Ptyas_mucosa_C9B	JAHWGE010080063.1	583	77	277	352	756	526	38.961	8.70e-08	59.7
Ptyas_mucosa_C9B	JAHWGE010130373.1	583	56	528	583	241	408	60.714	4.62e-07	55.1
Ptyas_mucosa_C9B	JAHWGE010579117.1	583	86	277	361	263	520	27.907	3.43e-06	53.9
Ptyas_mucosa_C9B	JAHWGE011095088.1	583	70	460	529	909	703	40.000	5.19e-06	54.3
Ptyas_mucosa_C9B	JAHWGE010578581.1	583	44	536	579	417	286	52.273	5.78e-06	54.3
Ptyas_mucosa_C9B	JAHWGE010578581.1	583	69	457	525	1742	1539	37.681	7.04e-06	53.9
Ptyas_mucosa_C9B	JAHWGE010683816.1	583	75	450	523	567	791	36.000	9.95e-06	52.4
