# Chrysopelea_ornata_copy1 subject=JAHWGE010677461.1 region_offset=1 (add to sstart/send)
Lacerta_agilis_C9A	region	589	45	26	69	1082	1216	44.444	1.79e-09	46.2
Lacerta_agilis_C9A	region	589	26	1	26	133	210	61.538	7.80e-06	34.7
Zootoca_vivipara_C9A	region	589	45	26	69	1082	1216	40.000	4.89e-09	44.7
Zootoca_vivipara_C9A	region	589	26	1	26	133	210	57.692	2.92e-05	32.7
Podarcis_muralis_C9A	region	589	45	26	69	1082	1216	44.444	2.81e-09	45.4
Podarcis_muralis_C9A	region	589	22	5	26	145	210	68.182	1.37e-05	33.9
Anolis_carolinensis_C9A	region	591	46	25	70	1079	1216	50.000	3.40e-12	55.1
Pogona_vitticeps_C9A	region	576	73	1	70	998	1216	38.356	2.08e-14	62.0
Pogona_vitticeps_C9A	region	576	26	1	26	133	210	50.000	0.001	27.3
Gekko_japonicus_C9A	region	582	40	39	78	1082	1201	47.500	3.84e-09	45.1
Crotalus_tigris_C9A	region	583	45	26	70	1082	1216	60.000	8.21e-15	63.2
Crotalus_tigris_C9A	region	583	26	1	26	133	210	96.154	5.32e-11	51.2
Crotalus_tigris_C9A	region	583	19	517	532	296	352	47.368	0.76	18.5
Thamnophis_elegans_C9A	region	583	45	26	70	1082	1216	55.556	6.65e-15	63.5
Thamnophis_elegans_C9A	region	583	26	1	26	133	210	92.308	6.81e-10	47.4
Naja_naja_C9A	region	582	45	26	70	1082	1216	64.444	6.03e-16	66.6
Naja_naja_C9A	region	582	26	1	26	133	210	73.077	1.08e-07	40.4
Naja_naja_C9A	region	582	13	516	528	296	334	53.846	0.62	18.9
Pseudonaja_textilis_C9A	region	583	45	26	70	1082	1216	62.222	2.23e-15	65.1
Pseudonaja_textilis_C9A	region	583	26	1	26	133	210	84.615	9.31e-10	47.0
Python_bivittatus_C9A	region	582	45	26	70	1082	1216	60.000	5.06e-15	63.9
Python_bivittatus_C9A	region	582	26	1	26	133	210	80.769	6.40e-09	44.3
Notechis_scutatus_C9A	region	583	45	26	70	1082	1216	62.222	2.21e-15	65.1
Notechis_scutatus_C9A	region	583	26	1	26	133	210	84.615	1.84e-09	46.2
Hydrophis_cyanocinctus_C9A	region	583	45	26	70	1082	1216	62.222	2.29e-15	65.1
Hydrophis_cyanocinctus_C9A	region	583	26	1	26	133	210	84.615	8.99e-10	47.0
Laticauda_colubrina_C9A	region	583	45	26	70	1082	1216	62.222	3.74e-15	64.3
Laticauda_colubrina_C9A	region	583	26	1	26	133	210	84.615	9.63e-10	47.0
Protobothrops_mucrosquamatus_C9A	region	583	45	26	70	1082	1216	55.556	6.44e-14	60.5
Protobothrops_mucrosquamatus_C9A	region	583	26	1	26	133	210	84.615	1.46e-09	46.6
Protobothrops_mucrosquamatus_C9A	region	583	12	392	403	382	417	50.000	0.50	18.9
Chrysopelea_ornata_C9A	region	584	45	26	70	1082	1216	73.333	5.51e-19	76.3
Chrysopelea_ornata_C9A	region	584	26	1	26	133	210	100.000	9.39e-12	53.5
Pituophis_catenifer_C9A	region	583	45	26	70	1082	1216	60.000	1.49e-15	65.5
Pituophis_catenifer_C9A	region	583	26	1	26	133	210	92.308	2.33e-10	48.9
Pantherophis_obsoletus_C9A	region	583	45	26	70	1082	1216	60.000	4.86e-15	63.9
Pantherophis_obsoletus_C9A	region	583	26	1	26	133	210	92.308	6.25e-10	47.8
Pantherophis_obsoletus_C9A	region	583	24	43	66	1165	1094	29.167	0.71	18.5
Bothrops_jararaca_C9A	region	583	45	26	70	1082	1216	53.333	1.97e-13	58.9
Bothrops_jararaca_C9A	region	583	26	1	26	133	210	84.615	8.03e-10	47.4
Bothrops_jararaca_C9A	region	583	9	391	399	379	405	66.667	0.96	18.1
Ptyas_mucosa_C9A	region	583	45	26	70	1082	1216	57.778	5.64e-15	63.9
Ptyas_mucosa_C9A	region	583	26	1	26	133	210	92.308	9.94e-11	50.1
Ptyas_mucosa_C9A	region	583	24	43	66	1165	1094	29.167	0.30	19.6
Vipera_berus_C9A	region	583	45	26	70	1082	1216	55.556	1.93e-14	62.0
Vipera_berus_C9A	region	583	26	1	26	133	210	84.615	2.19e-09	45.8
Vipera_berus_C9A	region	583	9	391	399	379	405	66.667	0.98	18.1
Sceloporus_undulatus_C9A	region	591	46	25	70	1079	1216	52.174	7.36e-13	57.0
Sceloporus_undulatus_C9A	region	591	26	1	26	133	210	61.538	1.95e-04	30.0
Anolis_carolinensis_C9B	region	538	40	25	64	1079	1198	52.500	7.21e-13	57.0
Hydrophis_cyanocinctus_C9B	region	582	38	25	62	1082	1189	71.053	4.41e-13	57.8
Hydrophis_cyanocinctus_C9B	region	582	24	2	25	139	210	83.333	3.40e-08	42.0
Hydrophis_cyanocinctus_C9B	region	582	15	42	56	1165	1121	40.000	0.38	19.2
Bothrops_jararaca_C9B	region	583	45	26	70	1082	1216	55.556	1.39e-13	59.3
Bothrops_jararaca_C9B	region	583	26	1	26	133	210	84.615	1.24e-09	46.6
Laticauda_colubrina_C9B	region	583	38	26	63	1082	1189	73.684	3.35e-14	61.2
Laticauda_colubrina_C9B	region	583	26	1	26	133	210	84.615	1.59e-09	46.2
Laticauda_colubrina_C9B	region	583	15	43	57	1165	1121	40.000	0.39	19.2
Pseudonaja_textilis_C9B	region	583	32	26	57	1082	1177	75.000	1.88e-13	58.9
Pseudonaja_textilis_C9B	region	583	26	1	26	133	210	84.615	1.62e-09	46.2
Pseudonaja_textilis_C9B	region	583	14	43	56	1165	1124	42.857	0.44	19.2
Pseudonaja_textilis_C9B	region	583	31	371	400	1412	1329	38.710	0.56	18.9
Notechis_scutatus_C9B	region	583	38	26	63	1082	1189	73.684	3.75e-14	61.2
Notechis_scutatus_C9B	region	583	26	1	26	133	210	84.615	1.72e-09	46.2
Notechis_scutatus_C9B	region	583	15	43	57	1165	1121	40.000	0.40	19.2
Pituophis_catenifer_C9B	region	583	45	26	70	1082	1216	73.333	2.31e-19	77.4
Pituophis_catenifer_C9B	region	583	26	1	26	133	210	84.615	2.50e-09	45.8
Pantherophis_obsoletus_C9B	region	583	45	26	70	1082	1216	60.000	4.04e-15	64.3
Pantherophis_obsoletus_C9B	region	583	26	1	26	133	210	84.615	2.33e-09	45.8
Crotalus_tigris_C9B	region	583	45	26	70	1082	1216	62.222	2.75e-15	64.7
Crotalus_tigris_C9B	region	583	26	1	26	133	210	96.154	5.70e-11	50.8
Crotalus_tigris_C9B	region	583	19	517	532	296	352	47.368	0.76	18.5
Ptyas_mucosa_C9B	region	583	46	27	70	1079	1216	65.217	1.63e-15	65.5
Ptyas_mucosa_C9B	region	583	25	1	25	133	207	80.000	6.51e-08	41.2
# Chrysopelea_ornata_copy2 subject=JAHWGE011068518.1 region_offset=1 (add to sstart/send)
Lacerta_agilis_C9A	region	589	86	279	364	69	326	63.953	5.07e-36	126
Lacerta_agilis_C9A	region	589	42	356	397	838	963	40.476	6.42e-06	34.7
Lacerta_agilis_C9A	region	589	14	503	516	634	593	50.000	0.42	18.9
Zootoca_vivipara_C9A	region	589	86	279	364	69	326	63.953	1.19e-35	125
Zootoca_vivipara_C9A	region	589	43	356	398	838	966	39.535	3.38e-06	35.4
Zootoca_vivipara_C9A	region	589	14	503	516	634	593	50.000	0.43	18.9
Podarcis_muralis_C9A	region	589	86	279	364	69	326	62.791	3.83e-35	124
Podarcis_muralis_C9A	region	589	42	356	397	838	963	38.095	1.36e-05	33.5
Podarcis_muralis_C9A	region	589	14	503	516	634	593	50.000	0.46	18.9
Anolis_carolinensis_C9A	region	591	84	281	364	69	320	61.905	5.37e-33	117
Anolis_carolinensis_C9A	region	591	40	358	397	838	957	37.500	1.56e-05	33.1
Anolis_carolinensis_C9A	region	591	14	505	518	634	593	42.857	0.67	18.5
Pogona_vitticeps_C9A	region	576	78	262	339	69	302	64.103	7.47e-32	114
Pogona_vitticeps_C9A	region	576	42	339	380	838	963	47.619	2.62e-09	45.1
Pogona_vitticeps_C9A	region	576	35	486	515	634	530	34.286	0.46	18.9
Gekko_japonicus_C9A	region	582	86	295	380	69	326	55.814	8.85e-30	108
Gekko_japonicus_C9A	region	582	14	371	384	835	876	50.000	0.25	19.6
Crotalus_tigris_C9A	region	583	80	274	353	60	299	83.750	4.40e-42	144
Crotalus_tigris_C9A	region	583	41	355	395	841	963	58.537	1.66e-11	52.4
Thamnophis_elegans_C9A	region	583	87	274	360	60	320	74.713	2.47e-40	139
Thamnophis_elegans_C9A	region	583	42	354	395	838	963	40.476	9.01e-07	37.4
Naja_naja_C9A	region	582	91	274	364	60	323	76.923	6.08e-42	143
Naja_naja_C9A	region	582	42	355	395	841	966	50.000	1.80e-06	36.2
Naja_naja_C9A	region	582	21	67	87	237	299	33.333	0.48	18.9
Pseudonaja_textilis_C9A	region	583	80	274	353	60	299	87.500	1.29e-43	148
Pseudonaja_textilis_C9A	region	583	41	355	395	841	963	63.415	1.14e-10	49.7
Pseudonaja_textilis_C9A	region	583	16	67	82	237	284	43.750	0.58	18.5
Python_bivittatus_C9A	region	582	88	277	364	69	323	73.864	5.85e-40	137
Python_bivittatus_C9A	region	582	42	354	395	838	963	40.476	3.23e-08	42.0
Notechis_scutatus_C9A	region	583	91	274	364	60	323	80.220	1.51e-43	147
Notechis_scutatus_C9A	region	583	41	355	395	841	963	63.415	1.10e-10	49.7
Notechis_scutatus_C9A	region	583	21	67	87	237	299	33.333	0.48	18.9
Hydrophis_cyanocinctus_C9A	region	583	91	274	364	60	323	81.319	2.18e-44	150
Hydrophis_cyanocinctus_C9A	region	583	42	355	396	841	966	66.667	3.20e-12	54.7
Hydrophis_cyanocinctus_C9A	region	583	21	67	87	237	299	33.333	0.48	18.9
Laticauda_colubrina_C9A	region	583	80	274	353	60	299	87.500	1.31e-43	148
Laticauda_colubrina_C9A	region	583	42	355	396	841	966	59.524	2.93e-10	48.1
Laticauda_colubrina_C9A	region	583	21	67	87	237	299	33.333	0.51	18.9
Protobothrops_mucrosquamatus_C9A	region	583	81	274	354	60	302	80.247	1.06e-40	140
Protobothrops_mucrosquamatus_C9A	region	583	43	354	396	838	966	41.860	2.60e-07	38.9
Chrysopelea_ornata_C9A	region	584	87	274	360	60	320	79.310	6.33e-41	140
Chrysopelea_ornata_C9A	region	584	37	354	390	838	945	37.838	3.84e-05	32.0
Pituophis_catenifer_C9A	region	583	91	274	364	60	323	83.516	4.03e-47	157
Pituophis_catenifer_C9A	region	583	41	355	395	841	963	36.585	1.76e-06	36.2
Pantherophis_obsoletus_C9A	region	583	91	274	364	60	323	78.022	1.13e-43	148
Pantherophis_obsoletus_C9A	region	583	42	354	395	838	963	38.095	3.35e-07	38.5
Pantherophis_obsoletus_C9A	region	583	101	76	159	598	900	27.723	0.078	21.2
Bothrops_jararaca_C9A	region	583	81	274	354	60	302	80.247	3.62e-40	138
Bothrops_jararaca_C9A	region	583	42	354	395	838	963	42.857	4.87e-07	38.1
Ptyas_mucosa_C9A	region	583	81	274	354	60	302	82.716	2.88e-42	144
Ptyas_mucosa_C9A	region	583	36	354	389	838	945	41.667	1.95e-06	36.2
Vipera_berus_C9A	region	583	81	274	354	60	302	77.778	6.85e-39	134
Vipera_berus_C9A	region	583	42	354	395	838	963	42.857	2.21e-07	39.3
Sceloporus_undulatus_C9A	region	591	78	281	358	69	302	71.795	8.09e-36	126
Sceloporus_undulatus_C9A	region	591	40	358	397	838	957	35.000	1.18e-05	33.5
Sceloporus_undulatus_C9A	region	591	14	505	518	634	593	50.000	0.44	18.9
Anolis_carolinensis_C9B	region	538	86	281	366	69	326	62.791	2.04e-32	115
Anolis_carolinensis_C9B	region	538	39	359	397	841	957	38.462	2.62e-06	35.4
Anolis_carolinensis_C9B	region	538	14	505	518	634	593	42.857	0.57	18.5
Hydrophis_cyanocinctus_C9B	region	582	81	273	353	60	302	80.247	2.94e-41	141
Hydrophis_cyanocinctus_C9B	region	582	43	353	395	838	963	34.884	1.85e-05	33.1
Bothrops_jararaca_C9B	region	583	81	274	354	60	302	80.247	3.49e-40	138
Bothrops_jararaca_C9B	region	583	42	354	395	838	963	42.857	5.74e-07	37.7
Laticauda_colubrina_C9B	region	583	88	277	364	69	323	75.000	1.42e-41	142
Laticauda_colubrina_C9B	region	583	43	354	396	838	966	58.140	9.65e-11	49.7
Pseudonaja_textilis_C9B	region	583	78	277	354	69	302	84.615	6.22e-43	146
Pseudonaja_textilis_C9B	region	583	37	354	390	838	945	37.838	1.06e-04	30.4
Notechis_scutatus_C9B	region	583	78	277	354	69	302	82.051	1.29e-41	142
Notechis_scutatus_C9B	region	583	37	354	390	838	945	37.838	1.07e-04	30.4
Pituophis_catenifer_C9B	region	583	80	274	353	60	299	92.500	6.79e-47	157
Pituophis_catenifer_C9B	region	583	35	355	389	841	945	40.000	4.68e-05	31.6
Pantherophis_obsoletus_C9B	region	583	91	274	364	60	323	74.725	1.37e-41	142
Pantherophis_obsoletus_C9B	region	583	42	354	395	838	963	38.095	3.12e-07	38.5
Crotalus_tigris_C9B	region	583	78	274	351	60	293	85.897	9.30e-42	142
Crotalus_tigris_C9B	region	583	41	355	395	841	963	58.537	1.80e-11	52.0
Ptyas_mucosa_C9B	region	583	80	274	353	60	299	92.500	8.81e-47	157
Ptyas_mucosa_C9B	region	583	39	355	393	841	957	76.923	2.08e-14	61.2
