Chrysopelea_ornata_C9A	JAHWGE010987639.1	585	81	274	354	417	659	100.000	1.74e-43	169
Chrysopelea_ornata_C9A	JAHWGE010167556.1	585	77	457	533	174	404	98.701	2.99e-42	162
Chrysopelea_ornata_C9A	JAHWGE010087358.1	585	78	196	273	664	431	94.872	6.99e-39	154
Chrysopelea_ornata_C9A	JAHWGE011068518.1	585	87	274	360	60	320	79.310	6.99e-35	140
Chrysopelea_ornata_C9A	JAHWGE010287672.1	585	62	397	458	628	813	98.387	4.14e-30	124
Chrysopelea_ornata_C9A	JAHWGE010130373.1	585	53	533	585	253	411	100.000	6.25e-28	115
Chrysopelea_ornata_C9A	JAHWGE011052618.1	585	46	157	202	235	98	100.000	1.41e-26	108
Chrysopelea_ornata_C9A	JAHWGE010374182.1	585	51	57	107	460	612	98.039	3.19e-26	111
Chrysopelea_ornata_C9A	JAHWGE010110265.1	585	50	107	156	1318	1169	100.000	8.11e-23	107
Chrysopelea_ornata_C9A	JAHWGE010325897.1	585	49	107	155	285	431	87.755	2.62e-20	93.2
Chrysopelea_ornata_C9A	JAHWGE010604391.1	585	54	54	107	369	530	75.926	1.80e-17	90.5
Chrysopelea_ornata_C9A	JAHWGE010521812.1	585	43	354	396	421	293	100.000	4.76e-17	87.4
Chrysopelea_ornata_C9A	JAHWGE010838865.1	585	52	534	585	965	810	63.462	3.70e-13	76.3
Chrysopelea_ornata_C9A	JAHWGE010677461.1	585	45	26	70	1082	1216	73.333	5.00e-13	76.3
Chrysopelea_ornata_C9A	JAHWGE010677461.1	585	26	1	26	133	210	100.000	8.51e-06	53.5
Chrysopelea_ornata_C9A	JAHWGE010796738.1	585	37	157	193	695	585	86.486	2.63e-12	73.6
Chrysopelea_ornata_C9A	JAHWGE010620781.1	585	78	195	272	237	464	50.000	5.75e-12	70.9
Chrysopelea_ornata_C9A	JAHWGE010766738.1	585	228	298	515	1560	937	26.754	2.13e-10	68.9
Chrysopelea_ornata_C9A	JAHWGE010080063.1	585	81	277	357	756	514	35.802	8.09e-09	63.2
Chrysopelea_ornata_C9A	JAHWGE010774295.1	585	223	298	517	1381	776	23.767	7.85e-08	60.1
Chrysopelea_ornata_C9A	JAHWGE011036436.1	585	46	530	574	119	256	56.522	1.81e-07	55.8
Chrysopelea_ornata_C9A	JAHWGE010578581.1	585	54	531	584	435	274	48.148	2.43e-07	58.5
Chrysopelea_ornata_C9A	JAHWGE010578581.1	585	69	458	526	1742	1539	40.580	2.21e-06	55.5
Chrysopelea_ornata_C9A	JAHWGE010594165.1	585	32	26	57	264	169	71.875	2.63e-07	56.6
Chrysopelea_ornata_C9A	JAHWGE010586130.1	585	50	536	584	488	339	50.000	4.04e-07	55.8
Chrysopelea_ornata_C9A	JAHWGE010135255.1	585	96	265	360	272	553	30.208	9.38e-07	55.5
Chrysopelea_ornata_C9A	JAHWGE010028045.1	585	48	538	585	279	136	43.750	1.29e-06	52.8
Chrysopelea_ornata_C9A	JAHWGE010082996.1	585	79	277	355	1079	843	32.911	2.63e-06	55.1
Chrysopelea_ornata_C9A	JAHWGE010579117.1	585	78	277	354	263	496	29.487	4.81e-06	53.5
