# Podarcis_raffonei DAB2/FYB1 anchors on NC_070612.1:16594296-20607323 (sstart/send relative to region; add 16594295)
Anolis_carolinensis_DAB2	2027296	2026643	312
Anolis_carolinensis_DAB2	2024366	2023848	214
Anolis_carolinensis_DAB2	2033288	2033139	103
Anolis_carolinensis_DAB2	2035770	2035630	96.7
Anolis_carolinensis_DAB2	2034703	2034587	75.5
Anolis_carolinensis_DAB2	2025947	2025732	61.6
Anolis_carolinensis_DAB2	2029864	2029781	52.4
Anolis_carolinensis_DAB2	2022963	2022823	47.4
Anolis_carolinensis_FYB1	1979595	1978462	366
Anolis_carolinensis_FYB1	1957366	1957214	105
Anolis_carolinensis_FYB1	1946335	1946135	98.6
Anolis_carolinensis_FYB1	1956841	1956689	80.1
Anolis_carolinensis_FYB1	1950714	1950646	47.8
Thamnophis_elegans_DAB2	2027296	2026643	304
Thamnophis_elegans_DAB2	2024366	2023848	197
Thamnophis_elegans_DAB2	2033288	2033139	102
Thamnophis_elegans_DAB2	2035764	2035630	94.7
Thamnophis_elegans_DAB2	2034703	2034587	73.6
Thamnophis_elegans_DAB2	2029864	2029781	54.7
Thamnophis_elegans_DAB2	2025881	2025732	49.3
Thamnophis_elegans_FYB1	1979595	1978477	266
Thamnophis_elegans_FYB1	1946335	1946129	102
Thamnophis_elegans_FYB1	1957366	1957202	92.4
Thamnophis_elegans_FYB1	1956829	1956689	82.0
Thamnophis_elegans_FYB1	1953351	1953151	57.4
