# Phrynosoma_blainvillii DAB2/FYB1 anchors on JANUYF010000002.1:32086907-36120443 (sstart/send relative to region; add 32086906)
Anolis_carolinensis_DAB2	2061761	2061135	378
Anolis_carolinensis_DAB2	2050486	2049965	244
Anolis_carolinensis_DAB2	2070244	2070104	100
Anolis_carolinensis_DAB2	2067831	2067694	100
Anolis_carolinensis_DAB2	2059015	2058854	85.9
Anolis_carolinensis_DAB2	2068549	2068448	72.4
Anolis_carolinensis_DAB2	2047371	2047249	60.1
Anolis_carolinensis_DAB2	2064432	2064352	47.4
Anolis_carolinensis_FYB1	1969636	1968512	517
Anolis_carolinensis_FYB1	1951487	1951320	108
Anolis_carolinensis_FYB1	1923563	1923390	97.8
Anolis_carolinensis_FYB1	1947074	1946880	91.7
Anolis_carolinensis_FYB1	1941793	1941605	66.2
Thamnophis_elegans_DAB2	2061761	2061135	307
Thamnophis_elegans_DAB2	2050486	2049965	192
Thamnophis_elegans_DAB2	2067831	2067694	101
Thamnophis_elegans_DAB2	2070244	2070104	96.3
Thamnophis_elegans_DAB2	2059015	2058854	76.6
Thamnophis_elegans_DAB2	2068549	2068448	70.5
Thamnophis_elegans_DAB2	2064432	2064352	49.3
Thamnophis_elegans_FYB1	1969636	1968515	281
Thamnophis_elegans_FYB1	1951487	1951320	93.6
Thamnophis_elegans_FYB1	1923563	1923390	92.0
Thamnophis_elegans_FYB1	1947020	1946868	80.1
Thamnophis_elegans_FYB1	1941781	1941653	58.9
