Lacerta_agilis_C9A	NC_084480.1	589	83	275	357	28319883	28319635	81.928	1.78e-36	152
Lacerta_agilis_C9A	NC_084480.1	589	80	455	534	28312528	28312289	76.250	1.71e-31	136
Lacerta_agilis_C9A	NC_084480.1	589	47	155	201	28324515	28324375	91.489	2.16e-19	99.0
Lacerta_agilis_C9A	NC_084480.1	589	55	100	154	28328342	28328178	81.818	3.60e-18	95.1
Lacerta_agilis_C9A	NC_084480.1	589	54	53	106	28329825	28329664	72.222	2.06e-17	92.4
Lacerta_agilis_C9A	NC_084480.1	589	75	201	275	28321869	28321648	61.333	7.66e-17	90.9
Lacerta_agilis_C9A	NC_084480.1	589	59	400	458	28315017	28314847	72.881	1.90e-15	86.3
Lacerta_agilis_C9A	NC_084480.1	589	60	470	529	29369364	29369543	46.667	1.47e-08	63.9
Lacerta_agilis_C9A	NC_084480.1	589	81	279	359	29405528	29405286	30.864	8.65e-06	55.1
Lacerta_agilis_C9A	NC_084490.1	589	222	300	516	16134769	16134149	25.676	1.99e-09	67.0
Lacerta_agilis_C9A	NC_084485.1	589	81	279	359	96068639	96068881	35.802	4.12e-08	62.4
Lacerta_agilis_C9A	NC_084485.1	589	44	540	582	96103167	96103036	59.091	3.69e-06	56.2
Zootoca_vivipara_C9A	NC_084480.1	589	83	275	357	28319883	28319635	81.928	1.69e-36	152
Zootoca_vivipara_C9A	NC_084480.1	589	80	455	534	28312528	28312289	76.250	6.20e-31	135
Zootoca_vivipara_C9A	NC_084480.1	589	47	155	201	28324515	28324375	91.489	2.57e-19	98.6
Zootoca_vivipara_C9A	NC_084480.1	589	75	201	275	28321869	28321648	62.667	2.95e-18	95.1
Zootoca_vivipara_C9A	NC_084480.1	589	55	100	154	28328342	28328178	80.000	5.81e-18	94.4
Zootoca_vivipara_C9A	NC_084480.1	589	54	53	106	28329825	28329664	72.222	1.99e-17	92.8
Zootoca_vivipara_C9A	NC_084480.1	589	61	398	458	28315023	28314847	75.410	1.82e-16	89.7
Zootoca_vivipara_C9A	NC_084480.1	589	60	470	529	29369364	29369543	45.000	2.88e-08	63.2
Zootoca_vivipara_C9A	NC_084480.1	589	81	279	359	29405528	29405286	30.864	6.16e-06	55.5
Zootoca_vivipara_C9A	NC_084490.1	589	223	300	516	16134769	16134149	25.112	1.71e-08	63.9
Zootoca_vivipara_C9A	NC_084485.1	589	81	279	359	96068639	96068881	35.802	7.48e-08	61.6
Podarcis_muralis_C9A	NC_084480.1	589	83	275	357	28319883	28319635	81.928	2.86e-36	151
Podarcis_muralis_C9A	NC_084480.1	589	80	455	534	28312528	28312289	73.750	1.48e-30	134
Podarcis_muralis_C9A	NC_084480.1	589	47	155	201	28324515	28324375	91.489	2.42e-19	98.6
Podarcis_muralis_C9A	NC_084480.1	589	55	100	154	28328342	28328178	81.818	4.07e-18	94.7
Podarcis_muralis_C9A	NC_084480.1	589	77	201	275	28321869	28321648	63.636	3.80e-17	91.7
Podarcis_muralis_C9A	NC_084480.1	589	54	53	106	28329825	28329664	70.370	7.60e-17	90.9
Podarcis_muralis_C9A	NC_084480.1	589	59	400	458	28315017	28314847	69.492	2.19e-14	82.8
Podarcis_muralis_C9A	NC_084480.1	589	60	470	529	29369364	29369543	43.333	1.80e-08	63.9
Podarcis_muralis_C9A	NC_084480.1	589	81	279	359	29405528	29405286	30.864	7.94e-06	55.1
Podarcis_muralis_C9A	NC_084490.1	589	228	300	517	16134769	16134146	26.316	1.67e-09	67.0
Podarcis_muralis_C9A	NC_084485.1	589	81	279	359	96068639	96068881	34.568	2.10e-07	60.5
Podarcis_muralis_C9A	NC_084485.1	589	44	540	582	96103167	96103036	59.091	5.90e-06	55.5
Anolis_carolinensis_C9A	NC_084480.1	591	86	277	362	28319883	28319626	73.256	1.75e-31	136
Anolis_carolinensis_C9A	NC_084480.1	591	83	455	537	28312534	28312286	69.880	9.34e-29	128
Anolis_carolinensis_C9A	NC_084480.1	591	47	156	202	28324515	28324375	80.851	8.66e-17	90.5
Anolis_carolinensis_C9A	NC_084480.1	591	52	56	107	28329819	28329664	73.077	2.30e-15	85.9
Anolis_carolinensis_C9A	NC_084480.1	591	50	106	155	28328327	28328178	74.000	2.63e-13	79.3
Anolis_carolinensis_C9A	NC_084480.1	591	60	402	461	28315017	28314844	58.333	7.65e-10	68.2
Anolis_carolinensis_C9A	NC_084480.1	591	71	461	531	29369334	29369543	38.028	3.77e-08	62.8
Anolis_carolinensis_C9A	NC_084480.1	591	77	201	277	28321872	28321648	44.156	4.36e-08	62.4
Anolis_carolinensis_C9A	NC_084480.1	591	81	281	361	29405528	29405286	37.037	1.57e-07	60.8
Anolis_carolinensis_C9A	NC_084480.1	591	107	258	358	29456658	29456338	31.776	2.57e-07	60.1
Anolis_carolinensis_C9A	NC_084480.1	591	50	25	74	28332029	28331880	52.000	6.44e-07	58.5
Anolis_carolinensis_C9A	NC_084480.1	591	40	539	577	29400997	29400878	60.000	7.03e-06	55.5
Anolis_carolinensis_C9A	NC_084480.1	591	50	57	106	29423611	29423462	50.000	7.92e-06	55.1
Anolis_carolinensis_C9A	NC_084480.1	591	73	515	587	28310386	28310168	49.315	8.19e-06	55.1
Anolis_carolinensis_C9A	NC_084490.1	591	224	302	519	16134769	16134146	27.232	5.92e-10	68.6
Anolis_carolinensis_C9A	NC_084485.1	591	79	281	359	96125197	96124961	35.443	5.26e-08	62.4
Pogona_vitticeps_C9A	NC_084480.1	576	86	255	340	28319892	28319635	65.116	8.27e-29	128
Pogona_vitticeps_C9A	NC_084480.1	576	75	438	512	28312528	28312304	73.333	3.45e-27	123
Pogona_vitticeps_C9A	NC_084480.1	576	57	156	212	28324515	28324345	70.175	1.43e-16	89.7
Pogona_vitticeps_C9A	NC_084480.1	576	50	106	155	28328327	28328178	76.000	3.95e-14	82.0
Pogona_vitticeps_C9A	NC_084480.1	576	54	54	107	28329825	28329664	61.111	5.03e-13	78.6
Pogona_vitticeps_C9A	NC_084480.1	576	60	383	442	28315017	28314844	60.000	1.64e-09	67.0
Pogona_vitticeps_C9A	NC_084480.1	576	68	443	510	29369337	29369537	41.176	8.31e-08	61.6
Pogona_vitticeps_C9A	NC_084480.1	576	39	524	561	29400994	29400878	69.231	1.13e-07	61.2
Pogona_vitticeps_C9A	NC_084480.1	576	44	521	563	29446769	29446638	61.364	4.23e-07	59.3
Pogona_vitticeps_C9A	NC_084480.1	576	51	521	571	28310320	28310168	74.510	8.81e-07	58.2
Pogona_vitticeps_C9A	NC_084480.1	576	49	26	74	28332026	28331880	57.143	1.43e-06	57.4
Pogona_vitticeps_C9A	NC_084480.1	576	78	262	339	29456571	29456338	35.897	2.53e-06	56.6
Pogona_vitticeps_C9A	NC_084480.1	576	79	262	340	29405528	29405292	35.443	3.65e-06	56.2
Pogona_vitticeps_C9A	NC_084480.1	576	82	436	517	29402731	29402489	39.024	9.81e-06	54.7
Pogona_vitticeps_C9A	NC_084490.1	576	227	283	501	16134769	16134143	28.194	1.63e-11	73.6
Pogona_vitticeps_C9A	NC_084485.1	576	99	248	345	96125239	96124943	35.354	2.07e-10	70.1
Pogona_vitticeps_C9A	NC_084485.1	576	79	262	340	96068639	96068875	34.177	3.20e-07	59.7
Pogona_vitticeps_C9A	NC_084485.1	576	48	520	567	96103185	96103042	56.250	3.51e-07	59.3
Pogona_vitticeps_C9A	NC_084485.1	576	72	444	514	96084283	96084498	34.722	9.01e-06	55.1
Gekko_japonicus_C9A	NC_084480.1	582	86	288	373	28319892	28319635	63.953	4.20e-27	123
Gekko_japonicus_C9A	NC_084480.1	582	69	456	524	28312513	28312307	72.464	6.37e-23	110
Gekko_japonicus_C9A	NC_084480.1	582	45	173	217	28324515	28324381	75.556	6.40e-13	78.2
Gekko_japonicus_C9A	NC_084480.1	582	51	122	172	28328327	28328178	68.627	6.65e-12	74.7
Gekko_japonicus_C9A	NC_084480.1	582	54	69	122	28329819	28329667	62.963	3.63e-11	72.4
Gekko_japonicus_C9A	NC_084480.1	582	67	457	523	29369340	29369537	44.776	2.23e-09	66.6
Gekko_japonicus_C9A	NC_084480.1	582	58	396	453	28315017	28314850	53.448	2.46e-07	60.1
Gekko_japonicus_C9A	NC_084480.1	582	78	295	372	29456571	29456338	33.333	5.76e-07	58.9
Gekko_japonicus_C9A	NC_084480.1	582	81	295	375	29405528	29405286	33.333	7.56e-07	58.5
Gekko_japonicus_C9A	NC_084480.1	582	94	436	527	29402767	29402492	36.170	6.46e-06	55.5
Gekko_japonicus_C9A	NC_084490.1	582	213	316	513	16134769	16134146	28.638	3.48e-13	79.0
Gekko_japonicus_C9A	NC_084490.1	582	280	309	561	13020693	13021493	22.857	1.44e-06	57.4
Gekko_japonicus_C9A	NC_084485.1	582	74	302	375	96068660	96068881	37.838	3.93e-08	62.8
Crotalus_tigris_C9A	NC_084480.1	583	74	277	350	28319871	28319650	68.919	4.28e-26	120
Crotalus_tigris_C9A	NC_084480.1	583	74	453	526	28312528	28312307	62.162	1.05e-22	109
Crotalus_tigris_C9A	NC_084480.1	583	47	157	203	28324515	28324375	78.723	5.47e-16	88.2
Crotalus_tigris_C9A	NC_084480.1	583	50	107	156	28328327	28328178	78.000	9.68e-16	87.0
Crotalus_tigris_C9A	NC_084480.1	583	62	51	107	28329849	28329667	56.452	2.43e-11	73.2
Crotalus_tigris_C9A	NC_084480.1	583	68	401	468	28315008	28314811	47.059	5.64e-08	62.0
Crotalus_tigris_C9A	NC_084480.1	583	69	457	525	29369334	29369537	36.232	2.54e-06	56.6
Crotalus_tigris_C9A	NC_084490.1	583	228	298	515	16134769	16134146	26.316	2.35e-10	69.7
Crotalus_tigris_C9A	NC_084485.1	583	74	277	350	96125197	96124976	35.135	7.12e-06	55.5
Thamnophis_elegans_C9A	NC_084480.1	583	78	277	354	28319871	28319638	69.231	4.35e-27	123
Thamnophis_elegans_C9A	NC_084480.1	583	74	453	526	28312528	28312307	62.162	2.19e-20	102
Thamnophis_elegans_C9A	NC_084480.1	583	47	157	203	28324515	28324375	72.340	4.04e-14	82.0
Thamnophis_elegans_C9A	NC_084480.1	583	50	107	156	28328327	28328178	74.000	3.46e-13	79.0
Thamnophis_elegans_C9A	NC_084480.1	583	62	51	107	28329849	28329667	54.839	8.00e-11	71.2
Thamnophis_elegans_C9A	NC_084480.1	583	40	535	573	29400997	29400878	67.500	8.94e-09	64.7
Thamnophis_elegans_C9A	NC_084480.1	583	57	401	457	28315008	28314844	54.386	1.24e-08	64.3
Thamnophis_elegans_C9A	NC_084480.1	583	55	530	583	29446778	29446614	47.273	3.97e-07	59.3
Thamnophis_elegans_C9A	NC_084480.1	583	79	199	271	28321881	28321654	41.772	7.62e-06	55.1
Thamnophis_elegans_C9A	NC_084490.1	583	228	298	515	16134769	16134146	26.316	2.03e-08	63.5
Thamnophis_elegans_C9A	NC_084485.1	583	50	530	579	96103191	96103042	48.000	9.23e-07	58.2
Thamnophis_elegans_C9A	NC_084485.1	583	81	274	354	96068630	96068872	32.099	7.00e-06	55.5
Thamnophis_elegans_C9A	NC_084485.1	583	74	277	350	96125197	96124976	33.784	8.22e-06	55.1
Naja_naja_C9A	NC_084480.1	582	75	276	350	28319874	28319650	66.667	3.24e-25	117
Naja_naja_C9A	NC_084480.1	582	74	452	525	28312528	28312307	64.865	4.68e-23	110
Naja_naja_C9A	NC_084480.1	582	50	107	156	28328327	28328178	82.000	6.09e-16	87.8
Naja_naja_C9A	NC_084480.1	582	47	157	203	28324515	28324375	72.340	2.82e-14	82.4
Naja_naja_C9A	NC_084480.1	582	62	51	107	28329849	28329667	54.839	2.85e-10	69.7
Naja_naja_C9A	NC_084480.1	582	76	383	456	28315065	28314844	43.421	1.36e-07	60.8
Naja_naja_C9A	NC_084480.1	582	69	456	524	29369334	29369537	34.783	3.16e-06	56.2
Naja_naja_C9A	NC_084480.1	582	67	277	343	29405528	29405328	40.299	3.69e-06	56.2
Naja_naja_C9A	NC_084490.1	582	222	298	514	16134769	16134146	23.423	3.34e-09	66.2
Naja_naja_C9A	NC_084490.1	582	246	286	522	13020678	13021349	23.577	2.59e-07	60.1
Naja_naja_C9A	NC_084485.1	582	87	277	362	96125197	96124937	36.782	2.82e-07	59.7
Naja_naja_C9A	NC_084485.1	582	50	529	578	96103191	96103042	52.000	2.23e-06	57.0
Pseudonaja_textilis_C9A	NC_084480.1	583	77	277	353	28319871	28319641	66.234	4.81e-26	119
Pseudonaja_textilis_C9A	NC_084480.1	583	75	453	527	28312528	28312304	68.000	1.71e-24	115
Pseudonaja_textilis_C9A	NC_084480.1	583	50	107	156	28328327	28328178	78.000	2.77e-15	85.9
Pseudonaja_textilis_C9A	NC_084480.1	583	47	157	203	28324515	28324375	72.340	2.74e-14	82.4
Pseudonaja_textilis_C9A	NC_084480.1	583	62	51	107	28329849	28329667	56.452	6.74e-11	71.6
Pseudonaja_textilis_C9A	NC_084480.1	583	59	399	457	28315014	28314844	47.458	7.04e-08	61.6
Pseudonaja_textilis_C9A	NC_084480.1	583	71	457	527	29369334	29369543	35.211	3.06e-06	56.6
Pseudonaja_textilis_C9A	NC_084490.1	583	224	298	515	16134769	16134146	24.107	1.13e-08	64.3
Pseudonaja_textilis_C9A	NC_084490.1	583	247	286	523	13020678	13021349	24.696	2.44e-07	60.1
Pseudonaja_textilis_C9A	NC_084485.1	583	87	277	362	96125197	96124937	35.632	4.36e-07	59.3
Pseudonaja_textilis_C9A	NC_084485.1	583	50	530	579	96103191	96103042	52.000	3.17e-06	56.2
Python_bivittatus_C9A	NC_084480.1	582	79	277	355	28319871	28319635	68.354	2.09e-27	124
Python_bivittatus_C9A	NC_084480.1	582	81	453	533	28312528	28312286	65.432	2.74e-26	120
Python_bivittatus_C9A	NC_084480.1	582	47	157	203	28324515	28324375	72.340	7.18e-15	84.3
Python_bivittatus_C9A	NC_084480.1	582	50	107	156	28328327	28328178	72.000	9.10e-14	80.9
Python_bivittatus_C9A	NC_084480.1	582	62	51	107	28329849	28329667	58.065	5.38e-11	72.0
Python_bivittatus_C9A	NC_084480.1	582	57	401	457	28315008	28314844	57.895	3.34e-09	66.2
Python_bivittatus_C9A	NC_084480.1	582	81	198	272	28321884	28321651	44.444	7.64e-08	61.6
Python_bivittatus_C9A	NC_084480.1	582	67	459	525	29369340	29369537	40.299	1.75e-07	60.5
Python_bivittatus_C9A	NC_084480.1	582	39	535	572	29400994	29400878	64.103	3.94e-06	56.2
Python_bivittatus_C9A	NC_084490.1	582	229	298	515	16134769	16134146	27.074	5.76e-11	71.6
Python_bivittatus_C9A	NC_084490.1	582	244	286	523	13020678	13021349	21.721	1.68e-06	57.4
Python_bivittatus_C9A	NC_084485.1	582	79	277	355	96068639	96068875	34.177	3.31e-07	59.7
Python_bivittatus_C9A	NC_084485.1	582	87	277	362	96125197	96124937	33.333	9.28e-07	58.2
Notechis_scutatus_C9A	NC_084480.1	583	74	277	350	28319871	28319650	68.919	5.07e-26	119
Notechis_scutatus_C9A	NC_084480.1	583	75	453	527	28312528	28312304	66.667	3.29e-24	114
Notechis_scutatus_C9A	NC_084480.1	583	50	107	156	28328327	28328178	80.000	1.12e-15	87.0
Notechis_scutatus_C9A	NC_084480.1	583	47	157	203	28324515	28324375	72.340	2.72e-14	82.4
Notechis_scutatus_C9A	NC_084480.1	583	62	51	107	28329849	28329667	56.452	1.43e-10	70.5
Notechis_scutatus_C9A	NC_084480.1	583	65	393	457	28315032	28314844	44.615	5.74e-08	62.0
Notechis_scutatus_C9A	NC_084480.1	583	71	457	527	29369334	29369543	35.211	5.37e-06	55.8
Notechis_scutatus_C9A	NC_084490.1	583	224	298	515	16134769	16134146	24.107	9.82e-09	64.7
Notechis_scutatus_C9A	NC_084490.1	583	247	286	523	13020678	13021349	25.101	1.53e-07	60.8
Notechis_scutatus_C9A	NC_084485.1	583	87	277	362	96125197	96124937	35.632	4.04e-07	59.3
Hydrophis_cyanocinctus_C9A	NC_084480.1	583	75	276	350	28319874	28319650	68.000	4.90e-26	119
Hydrophis_cyanocinctus_C9A	NC_084480.1	583	75	453	527	28312528	28312304	66.667	3.44e-24	114
Hydrophis_cyanocinctus_C9A	NC_084480.1	583	50	107	156	28328327	28328178	80.000	1.21e-15	87.0
Hydrophis_cyanocinctus_C9A	NC_084480.1	583	47	157	203	28324515	28324375	74.468	1.26e-14	83.6
Hydrophis_cyanocinctus_C9A	NC_084480.1	583	62	51	107	28329849	28329667	56.452	1.53e-10	70.5
Hydrophis_cyanocinctus_C9A	NC_084480.1	583	65	393	457	28315032	28314844	43.077	1.50e-06	57.4
Hydrophis_cyanocinctus_C9A	NC_084480.1	583	71	457	527	29369334	29369543	35.211	5.06e-06	55.8
Hydrophis_cyanocinctus_C9A	NC_084490.1	583	223	298	515	16134769	16134146	22.870	7.54e-08	61.6
Hydrophis_cyanocinctus_C9A	NC_084490.1	583	243	286	523	13020678	13021349	23.457	2.84e-06	56.6
Hydrophis_cyanocinctus_C9A	NC_084485.1	583	87	277	362	96125197	96124937	35.632	4.36e-07	59.3
Laticauda_colubrina_C9A	NC_084480.1	583	78	276	353	28319874	28319641	65.385	4.25e-26	120
Laticauda_colubrina_C9A	NC_084480.1	583	75	453	527	28312528	28312304	68.000	1.84e-24	114
Laticauda_colubrina_C9A	NC_084480.1	583	50	107	156	28328327	28328178	78.000	2.82e-15	85.9
Laticauda_colubrina_C9A	NC_084480.1	583	47	157	203	28324515	28324375	72.340	3.09e-14	82.4
Laticauda_colubrina_C9A	NC_084480.1	583	62	51	107	28329849	28329667	56.452	4.50e-10	68.9
Laticauda_colubrina_C9A	NC_084480.1	583	59	399	457	28315014	28314844	52.542	1.54e-08	63.9
Laticauda_colubrina_C9A	NC_084480.1	583	71	457	527	29369334	29369543	35.211	2.96e-06	56.6
Laticauda_colubrina_C9A	NC_084485.1	583	74	277	350	96125197	96124976	36.486	6.18e-07	58.5
Laticauda_colubrina_C9A	NC_084485.1	583	46	534	579	96103179	96103042	54.348	5.90e-06	55.5
Laticauda_colubrina_C9A	NC_084490.1	583	224	298	515	16134769	16134146	22.768	1.03e-06	58.2
Laticauda_colubrina_C9A	NC_084490.1	583	246	286	523	13020678	13021349	22.764	8.51e-06	55.1
Protobothrops_mucrosquamatus_C9A	NC_084480.1	583	79	277	355	28319871	28319635	73.418	4.68e-30	132
Protobothrops_mucrosquamatus_C9A	NC_084480.1	583	74	453	526	28312528	28312307	67.568	9.33e-24	112
Protobothrops_mucrosquamatus_C9A	NC_084480.1	583	47	157	203	28324515	28324375	76.596	3.68e-16	88.6
Protobothrops_mucrosquamatus_C9A	NC_084480.1	583	50	107	156	28328327	28328178	72.000	1.11e-13	80.5
Protobothrops_mucrosquamatus_C9A	NC_084480.1	583	62	51	107	28329849	28329667	56.452	1.38e-11	73.9
Protobothrops_mucrosquamatus_C9A	NC_084480.1	583	54	404	457	28314999	28314844	53.704	9.33e-08	61.2
Protobothrops_mucrosquamatus_C9A	NC_084480.1	583	69	457	525	29369334	29369537	39.130	1.27e-07	60.8
Protobothrops_mucrosquamatus_C9A	NC_084480.1	583	70	274	343	29405537	29405328	38.571	5.21e-07	58.9
Protobothrops_mucrosquamatus_C9A	NC_084480.1	583	40	535	573	29400997	29400878	65.000	8.55e-07	58.2
Protobothrops_mucrosquamatus_C9A	NC_084480.1	583	51	530	579	29446778	29446626	52.941	2.81e-06	56.6
Protobothrops_mucrosquamatus_C9A	NC_084480.1	583	56	528	583	28310335	28310168	62.500	2.99e-06	56.6
Protobothrops_mucrosquamatus_C9A	NC_084480.1	583	81	274	354	29456580	29456338	33.333	4.06e-06	56.2
Protobothrops_mucrosquamatus_C9A	NC_084480.1	583	73	203	272	28321869	28321651	38.356	5.80e-06	55.5
Protobothrops_mucrosquamatus_C9A	NC_084490.1	583	228	298	515	16134769	16134146	28.070	1.39e-13	80.1
Protobothrops_mucrosquamatus_C9A	NC_084485.1	583	87	277	362	96125197	96124937	35.632	2.88e-08	63.2
Protobothrops_mucrosquamatus_C9A	NC_084485.1	583	82	274	355	96068630	96068875	32.927	1.26e-07	60.8
Protobothrops_mucrosquamatus_C9A	NC_084485.1	583	50	530	579	96103191	96103042	52.000	2.89e-06	56.6
Chrysopelea_ornata_C9A	NC_084480.1	584	81	277	357	28319871	28319629	66.667	1.48e-27	124
Chrysopelea_ornata_C9A	NC_084480.1	584	76	452	527	28312534	28312307	65.789	2.78e-23	111
Chrysopelea_ornata_C9A	NC_084480.1	584	47	157	203	28324515	28324375	76.596	7.64e-16	87.4
Chrysopelea_ornata_C9A	NC_084480.1	584	50	107	156	28328327	28328178	76.000	5.46e-15	84.7
Chrysopelea_ornata_C9A	NC_084480.1	584	54	54	107	28329825	28329667	55.556	5.80e-09	65.5
Chrysopelea_ornata_C9A	NC_084480.1	584	55	404	458	28315002	28314844	54.545	9.76e-08	61.2
Chrysopelea_ornata_C9A	NC_084480.1	584	69	458	526	29369334	29369537	39.130	6.81e-07	58.5
Chrysopelea_ornata_C9A	NC_084480.1	584	81	198	272	28321884	28321651	39.506	1.31e-06	57.8
Chrysopelea_ornata_C9A	NC_084480.1	584	70	274	343	29405537	29405328	38.571	1.37e-06	57.8
Chrysopelea_ornata_C9A	NC_084480.1	584	55	531	584	29446778	29446614	47.273	2.82e-06	56.6
Chrysopelea_ornata_C9A	NC_084490.1	584	228	298	516	16134769	16134146	27.632	4.88e-12	75.1
Chrysopelea_ornata_C9A	NC_084485.1	584	81	277	357	96068639	96068881	35.802	6.48e-08	62.0
Chrysopelea_ornata_C9A	NC_084485.1	584	50	531	580	96103191	96103042	52.000	5.65e-07	58.9
Chrysopelea_ornata_C9A	NC_084485.1	584	79	277	355	96125197	96124961	32.911	6.28e-06	55.5
Pituophis_catenifer_C9A	NC_084480.1	583	97	277	373	28319871	28319599	59.794	4.89e-27	122
Pituophis_catenifer_C9A	NC_084480.1	583	76	451	526	28312534	28312307	63.158	7.39e-22	106
Pituophis_catenifer_C9A	NC_084480.1	583	47	157	203	28324515	28324375	72.340	2.12e-14	82.8
Pituophis_catenifer_C9A	NC_084480.1	583	50	107	156	28328327	28328178	74.000	3.31e-14	82.4
Pituophis_catenifer_C9A	NC_084480.1	583	62	51	107	28329849	28329667	56.452	6.62e-11	71.6
Pituophis_catenifer_C9A	NC_084480.1	583	59	399	457	28315014	28314844	50.847	1.58e-07	60.5
Pituophis_catenifer_C9A	NC_084480.1	583	58	527	583	29446787	29446614	46.552	6.08e-07	58.9
Pituophis_catenifer_C9A	NC_084480.1	583	42	533	573	29401003	29400878	59.524	7.59e-07	58.5
Pituophis_catenifer_C9A	NC_084480.1	583	79	198	273	28321884	28321648	39.241	4.13e-06	56.2
Pituophis_catenifer_C9A	NC_084480.1	583	69	457	525	29369334	29369537	37.681	8.73e-06	55.1
Pituophis_catenifer_C9A	NC_084490.1	583	229	298	516	16134769	16134143	27.511	1.39e-11	73.9
Pituophis_catenifer_C9A	NC_084485.1	583	53	530	582	96103191	96103033	49.057	1.55e-06	57.4
Pituophis_catenifer_C9A	NC_084485.1	583	78	273	350	96125209	96124976	35.897	2.00e-06	57.0
Pantherophis_obsoletus_C9A	NC_084480.1	583	79	277	355	28319871	28319635	70.886	2.54e-30	133
Pantherophis_obsoletus_C9A	NC_084480.1	583	76	451	526	28312534	28312307	63.158	6.66e-22	106
Pantherophis_obsoletus_C9A	NC_084480.1	583	47	157	203	28324515	28324375	74.468	4.34e-15	85.1
Pantherophis_obsoletus_C9A	NC_084480.1	583	50	107	156	28328327	28328178	70.000	1.23e-13	80.5
Pantherophis_obsoletus_C9A	NC_084480.1	583	54	54	107	28329825	28329667	61.111	2.05e-11	73.2
Pantherophis_obsoletus_C9A	NC_084480.1	583	55	403	457	28315002	28314844	52.727	2.38e-07	60.1
Pantherophis_obsoletus_C9A	NC_084480.1	583	81	199	272	28321881	28321651	43.210	7.33e-07	58.5
Pantherophis_obsoletus_C9A	NC_084480.1	583	40	535	573	29400997	29400878	62.500	7.92e-07	58.5
Pantherophis_obsoletus_C9A	NC_084480.1	583	70	274	343	29405537	29405328	38.571	1.44e-06	57.4
Pantherophis_obsoletus_C9A	NC_084480.1	583	58	527	583	29446787	29446614	44.828	2.70e-06	56.6
Pantherophis_obsoletus_C9A	NC_084480.1	583	81	274	354	29456580	29456338	33.333	7.68e-06	55.1
Pantherophis_obsoletus_C9A	NC_084480.1	583	69	457	525	29369334	29369537	37.681	8.73e-06	55.1
Pantherophis_obsoletus_C9A	NC_084490.1	583	229	298	516	16134769	16134143	28.384	1.56e-13	80.1
Pantherophis_obsoletus_C9A	NC_084485.1	583	82	274	355	96068630	96068875	35.366	7.67e-08	61.6
Pantherophis_obsoletus_C9A	NC_084485.1	583	79	277	355	96125197	96124961	34.177	4.47e-07	59.3
Pantherophis_obsoletus_C9A	NC_084485.1	583	53	530	582	96103191	96103033	49.057	1.24e-06	57.8
Bothrops_jararaca_C9A	NC_084480.1	583	79	277	355	28319871	28319635	73.418	1.56e-29	130
Bothrops_jararaca_C9A	NC_084480.1	583	74	453	526	28312528	28312307	67.568	3.56e-24	114
Bothrops_jararaca_C9A	NC_084480.1	583	47	157	203	28324515	28324375	76.596	3.55e-16	88.6
Bothrops_jararaca_C9A	NC_084480.1	583	50	107	156	28328327	28328178	76.000	2.56e-14	82.8
Bothrops_jararaca_C9A	NC_084480.1	583	70	51	114	28329849	28329643	55.714	5.48e-12	75.1
Bothrops_jararaca_C9A	NC_084480.1	583	57	401	457	28315008	28314844	52.632	4.01e-09	65.9
Bothrops_jararaca_C9A	NC_084480.1	583	70	274	343	29405537	29405328	38.571	7.85e-07	58.5
Bothrops_jararaca_C9A	NC_084480.1	583	69	457	525	29369334	29369537	36.232	2.54e-06	56.6
Bothrops_jararaca_C9A	NC_084480.1	583	51	530	579	29446778	29446626	52.941	2.54e-06	56.6
Bothrops_jararaca_C9A	NC_084480.1	583	81	274	354	29456580	29456338	33.333	6.00e-06	55.5
Bothrops_jararaca_C9A	NC_084480.1	583	40	535	573	29400997	29400878	60.000	7.55e-06	55.1
Bothrops_jararaca_C9A	NC_084490.1	583	228	298	515	16134769	16134146	26.316	1.39e-10	70.5
Bothrops_jararaca_C9A	NC_084490.1	583	246	284	523	13020672	13021349	22.764	4.29e-07	59.3
Bothrops_jararaca_C9A	NC_084485.1	583	82	274	355	96068630	96068875	32.927	1.84e-07	60.5
Bothrops_jararaca_C9A	NC_084485.1	583	79	277	355	96125197	96124961	34.177	1.26e-06	57.8
Bothrops_jararaca_C9A	NC_084485.1	583	50	530	579	96103191	96103042	52.000	3.66e-06	56.2
Ptyas_mucosa_C9A	NC_084480.1	583	88	276	362	28319874	28319611	68.182	4.09e-30	132
Ptyas_mucosa_C9A	NC_084480.1	583	76	451	526	28312534	28312307	61.842	2.72e-22	108
Ptyas_mucosa_C9A	NC_084480.1	583	50	107	156	28328327	28328178	78.000	2.52e-15	85.9
Ptyas_mucosa_C9A	NC_084480.1	583	47	157	203	28324515	28324375	70.213	8.91e-14	80.9
Ptyas_mucosa_C9A	NC_084480.1	583	62	51	107	28329849	28329667	58.065	9.41e-12	74.3
Ptyas_mucosa_C9A	NC_084480.1	583	78	457	534	29369334	29369558	41.026	3.71e-08	62.8
Ptyas_mucosa_C9A	NC_084480.1	583	55	403	457	28315002	28314844	54.545	4.75e-07	58.9
Ptyas_mucosa_C9A	NC_084480.1	583	50	535	583	29446763	29446614	52.000	5.95e-06	55.5
Ptyas_mucosa_C9A	NC_084480.1	583	78	198	272	28321884	28321651	39.744	8.58e-06	55.1
Ptyas_mucosa_C9A	NC_084480.1	583	81	274	354	29456580	29456338	33.333	9.19e-06	55.1
Ptyas_mucosa_C9A	NC_084490.1	583	228	298	515	16134769	16134146	28.947	6.76e-13	78.2
Ptyas_mucosa_C9A	NC_084485.1	583	82	274	355	96068630	96068875	35.366	8.14e-08	61.6
Ptyas_mucosa_C9A	NC_084485.1	583	79	277	355	96125197	96124961	34.177	7.85e-07	58.5
Ptyas_mucosa_C9A	NC_084485.1	583	50	530	579	96103188	96103042	52.000	9.42e-06	54.7
Vipera_berus_C9A	NC_084480.1	583	79	277	355	28319871	28319635	70.886	3.05e-28	126
Vipera_berus_C9A	NC_084480.1	583	74	453	526	28312528	28312307	64.865	3.35e-23	110
Vipera_berus_C9A	NC_084480.1	583	47	157	203	28324515	28324375	78.723	2.29e-16	89.4
Vipera_berus_C9A	NC_084480.1	583	50	107	156	28328327	28328178	70.000	1.61e-12	77.0
Vipera_berus_C9A	NC_084480.1	583	62	51	107	28329849	28329667	58.065	7.92e-12	74.7
Vipera_berus_C9A	NC_084480.1	583	57	401	457	28315008	28314844	50.877	1.77e-08	63.9
Vipera_berus_C9A	NC_084480.1	583	70	274	343	29405537	29405328	40.000	1.89e-07	60.5
Vipera_berus_C9A	NC_084480.1	583	69	457	525	29369334	29369537	37.681	2.66e-07	60.1
Vipera_berus_C9A	NC_084480.1	583	70	274	343	29456580	29456371	37.143	1.76e-06	57.4
Vipera_berus_C9A	NC_084480.1	583	77	203	272	28321869	28321651	42.857	2.58e-06	56.6
Vipera_berus_C9A	NC_084490.1	583	228	298	515	16134769	16134146	26.754	1.21e-11	73.9
Vipera_berus_C9A	NC_084490.1	583	249	284	523	13020672	13021349	21.687	3.25e-06	56.2
Vipera_berus_C9A	NC_084485.1	583	82	274	355	96068630	96068875	31.707	1.60e-06	57.4
Vipera_berus_C9A	NC_084485.1	583	87	277	362	96125197	96124937	34.483	2.56e-06	56.6
Sceloporus_undulatus_C9A	NC_084480.1	591	86	277	362	28319883	28319626	73.256	1.25e-31	137
Sceloporus_undulatus_C9A	NC_084480.1	591	77	455	531	28312534	28312304	74.026	1.01e-28	128
Sceloporus_undulatus_C9A	NC_084480.1	591	54	54	107	28329825	28329664	68.519	1.29e-15	87.0
Sceloporus_undulatus_C9A	NC_084480.1	591	60	402	461	28315017	28314844	70.000	7.69e-14	81.3
Sceloporus_undulatus_C9A	NC_084480.1	591	47	156	202	28324515	28324375	70.213	7.22e-13	78.2
Sceloporus_undulatus_C9A	NC_084480.1	591	50	106	155	28328327	28328178	72.000	2.57e-12	76.3
Sceloporus_undulatus_C9A	NC_084480.1	591	77	201	277	28321872	28321648	48.052	4.00e-10	68.9
Sceloporus_undulatus_C9A	NC_084480.1	591	55	534	587	29446778	29446614	56.364	6.68e-09	65.1
Sceloporus_undulatus_C9A	NC_084480.1	591	40	539	577	29400997	29400878	70.000	1.94e-08	63.5
Sceloporus_undulatus_C9A	NC_084480.1	591	70	462	531	29369337	29369543	38.571	1.95e-07	60.5
Sceloporus_undulatus_C9A	NC_084480.1	591	81	281	361	29405528	29405286	35.802	2.00e-07	60.5
Sceloporus_undulatus_C9A	NC_084480.1	591	78	281	358	29456571	29456338	34.615	1.33e-06	57.8
Sceloporus_undulatus_C9A	NC_084480.1	591	73	515	587	28310386	28310168	50.685	8.92e-06	55.1
Sceloporus_undulatus_C9A	NC_084485.1	591	47	539	585	96103176	96103036	59.574	2.38e-09	66.6
Sceloporus_undulatus_C9A	NC_084485.1	591	83	277	359	96125209	96124961	33.735	2.50e-07	60.1
Sceloporus_undulatus_C9A	NC_084490.1	591	224	302	520	16134769	16134143	24.107	2.75e-09	66.2
Sceloporus_undulatus_C9A	NC_084490.1	591	232	293	503	13020675	13021337	24.569	2.17e-06	57.0
Anolis_carolinensis_C9B	NC_084480.1	538	108	277	383	28319883	28319587	60.185	1.06e-29	130
Anolis_carolinensis_C9B	NC_084480.1	538	81	457	537	28312528	28312286	69.136	1.77e-26	120
Anolis_carolinensis_C9B	NC_084480.1	538	47	156	202	28324515	28324375	76.596	1.97e-15	85.9
Anolis_carolinensis_C9B	NC_084480.1	538	54	54	107	28329825	28329664	66.667	3.78e-15	85.1
Anolis_carolinensis_C9B	NC_084480.1	538	50	106	155	28328327	28328178	72.000	1.19e-12	77.0
Anolis_carolinensis_C9B	NC_084480.1	538	57	404	460	28315011	28314847	61.404	4.15e-11	72.0
Anolis_carolinensis_C9B	NC_084480.1	538	71	462	532	29369337	29369546	40.845	1.03e-09	67.4
Anolis_carolinensis_C9B	NC_084480.1	538	78	201	277	28321872	28321648	44.872	8.06e-09	64.7
Anolis_carolinensis_C9B	NC_084480.1	538	81	281	361	29405528	29405286	38.272	7.27e-08	61.6
Anolis_carolinensis_C9B	NC_084480.1	538	75	281	355	29456571	29456347	37.333	6.48e-07	58.5
Anolis_carolinensis_C9B	NC_084480.1	538	33	25	57	28332029	28331931	69.697	3.93e-06	55.8
Anolis_carolinensis_C9B	NC_084485.1	538	76	281	356	96125197	96124970	38.158	1.24e-08	63.9
Anolis_carolinensis_C9B	NC_084485.1	538	81	281	361	96068639	96068881	34.568	4.82e-08	62.0
Anolis_carolinensis_C9B	NC_084490.1	538	224	302	519	16134769	16134146	25.000	7.89e-07	58.2
Hydrophis_cyanocinctus_C9B	NC_084480.1	582	79	276	354	28319871	28319635	70.886	3.10e-29	129
Hydrophis_cyanocinctus_C9B	NC_084480.1	582	75	450	524	28312534	28312310	61.333	1.49e-21	105
Hydrophis_cyanocinctus_C9B	NC_084480.1	582	50	106	155	28328327	28328178	78.000	2.06e-15	86.3
Hydrophis_cyanocinctus_C9B	NC_084480.1	582	47	156	202	28324515	28324375	70.213	5.25e-14	81.6
Hydrophis_cyanocinctus_C9B	NC_084480.1	582	54	53	106	28329825	28329667	59.259	9.43e-10	67.8
Hydrophis_cyanocinctus_C9B	NC_084480.1	582	69	456	524	29369334	29369537	39.130	2.84e-07	59.7
Hydrophis_cyanocinctus_C9B	NC_084480.1	582	55	402	456	28315002	28314844	49.091	1.51e-06	57.4
Hydrophis_cyanocinctus_C9B	NC_084480.1	582	70	273	342	29405537	29405328	37.143	4.41e-06	55.8
Hydrophis_cyanocinctus_C9B	NC_084480.1	582	55	529	582	29446778	29446614	45.455	6.74e-06	55.5
Hydrophis_cyanocinctus_C9B	NC_084490.1	582	230	297	514	16134769	16134146	26.957	3.50e-11	72.4
Hydrophis_cyanocinctus_C9B	NC_084485.1	582	79	276	354	96125197	96124961	32.911	1.23e-06	57.8
Hydrophis_cyanocinctus_C9B	NC_084485.1	582	82	273	354	96068630	96068875	31.707	2.35e-06	57.0
Bothrops_jararaca_C9B	NC_084480.1	583	79	277	355	28319871	28319635	73.418	1.66e-29	130
Bothrops_jararaca_C9B	NC_084480.1	583	74	453	526	28312528	28312307	67.568	3.96e-24	114
Bothrops_jararaca_C9B	NC_084480.1	583	47	157	203	28324515	28324375	78.723	1.27e-16	90.1
Bothrops_jararaca_C9B	NC_084480.1	583	50	107	156	28328327	28328178	72.000	1.17e-13	80.5
Bothrops_jararaca_C9B	NC_084480.1	583	62	51	107	28329849	28329667	58.065	4.99e-12	75.1
Bothrops_jararaca_C9B	NC_084480.1	583	57	401	457	28315008	28314844	52.632	1.72e-08	63.9
Bothrops_jararaca_C9B	NC_084480.1	583	70	274	343	29405537	29405328	38.571	7.72e-07	58.5
Bothrops_jararaca_C9B	NC_084480.1	583	69	457	525	29369334	29369537	36.232	2.58e-06	56.6
Bothrops_jararaca_C9B	NC_084480.1	583	51	530	579	29446778	29446626	52.941	2.81e-06	56.6
Bothrops_jararaca_C9B	NC_084480.1	583	81	274	354	29456580	29456338	33.333	6.16e-06	55.5
Bothrops_jararaca_C9B	NC_084490.1	583	228	298	515	16134769	16134146	26.754	2.23e-11	73.2
Bothrops_jararaca_C9B	NC_084490.1	583	246	284	523	13020672	13021349	21.951	7.49e-06	55.1
Bothrops_jararaca_C9B	NC_084485.1	583	87	277	362	96125197	96124937	35.632	9.98e-08	61.2
Bothrops_jararaca_C9B	NC_084485.1	583	82	274	355	96068630	96068875	32.927	1.88e-07	60.5
Bothrops_jararaca_C9B	NC_084485.1	583	50	530	579	96103191	96103042	52.000	4.06e-06	56.2
Laticauda_colubrina_C9B	NC_084480.1	583	79	277	355	28319871	28319635	69.620	1.83e-29	130
Laticauda_colubrina_C9B	NC_084480.1	583	76	451	526	28312534	28312307	63.158	3.33e-22	107
Laticauda_colubrina_C9B	NC_084480.1	583	46	157	202	28324515	28324378	76.087	1.10e-15	87.0
Laticauda_colubrina_C9B	NC_084480.1	583	50	107	156	28328327	28328178	72.000	2.48e-13	79.3
Laticauda_colubrina_C9B	NC_084480.1	583	54	54	107	28329825	28329667	59.259	1.48e-09	67.4
Laticauda_colubrina_C9B	NC_084480.1	583	81	277	357	29405528	29405286	34.568	1.53e-07	60.8
Laticauda_colubrina_C9B	NC_084480.1	583	69	457	525	29369334	29369537	39.130	7.92e-07	58.5
Laticauda_colubrina_C9B	NC_084480.1	583	78	277	354	29456571	29456338	33.333	2.94e-06	56.6
Laticauda_colubrina_C9B	NC_084480.1	583	55	403	457	28315002	28314844	50.909	3.01e-06	56.6
Laticauda_colubrina_C9B	NC_084480.1	583	55	530	583	29446778	29446614	47.273	7.81e-06	55.1
Laticauda_colubrina_C9B	NC_084490.1	583	223	298	515	16134769	16134146	25.112	1.65e-09	67.0
Laticauda_colubrina_C9B	NC_084485.1	583	90	274	362	96125206	96124937	34.444	7.22e-08	61.6
Laticauda_colubrina_C9B	NC_084485.1	583	81	277	357	96068639	96068881	29.630	1.20e-06	57.8
Pseudonaja_textilis_C9B	NC_084480.1	583	78	277	354	28319871	28319638	71.795	6.13e-30	132
Pseudonaja_textilis_C9B	NC_084480.1	583	76	451	526	28312534	28312307	64.474	8.59e-23	109
Pseudonaja_textilis_C9B	NC_084480.1	583	47	157	203	28324515	28324375	74.468	4.02e-15	85.1
Pseudonaja_textilis_C9B	NC_084480.1	583	50	107	156	28328327	28328178	76.000	5.16e-15	84.7
Pseudonaja_textilis_C9B	NC_084480.1	583	62	51	107	28329849	28329667	56.452	3.09e-10	69.3
Pseudonaja_textilis_C9B	NC_084480.1	583	69	457	525	29369334	29369537	39.130	1.43e-07	60.8
Pseudonaja_textilis_C9B	NC_084480.1	583	55	403	457	28315002	28314844	52.727	1.65e-06	57.4
Pseudonaja_textilis_C9B	NC_084480.1	583	67	277	343	29405528	29405328	37.313	4.20e-06	55.8
Pseudonaja_textilis_C9B	NC_084490.1	583	228	298	515	16134769	16134146	28.947	3.28e-12	75.9
Pseudonaja_textilis_C9B	NC_084485.1	583	78	277	354	96125197	96124964	33.333	5.63e-07	58.9
Pseudonaja_textilis_C9B	NC_084485.1	583	79	277	355	96068639	96068875	31.646	8.69e-07	58.2
Pseudonaja_textilis_C9B	NC_084485.1	583	44	536	579	96103173	96103042	52.273	4.02e-06	56.2
Notechis_scutatus_C9B	NC_084480.1	583	79	277	355	28319871	28319635	69.620	1.29e-29	130
Notechis_scutatus_C9B	NC_084480.1	583	74	453	526	28312528	28312307	63.514	6.20e-22	107
Notechis_scutatus_C9B	NC_084480.1	583	50	107	156	28328327	28328178	78.000	1.96e-15	86.3
Notechis_scutatus_C9B	NC_084480.1	583	47	157	203	28324515	28324375	74.468	2.80e-15	85.9
Notechis_scutatus_C9B	NC_084480.1	583	54	54	107	28329825	28329667	59.259	7.71e-10	68.2
Notechis_scutatus_C9B	NC_084480.1	583	69	457	525	29369334	29369537	39.130	1.40e-07	60.8
Notechis_scutatus_C9B	NC_084480.1	583	62	396	457	28315023	28314844	45.161	1.66e-06	57.4
Notechis_scutatus_C9B	NC_084480.1	583	55	530	583	29446778	29446614	45.455	6.76e-06	55.5
Notechis_scutatus_C9B	NC_084490.1	583	230	298	515	16134769	16134146	27.826	8.67e-13	77.8
Notechis_scutatus_C9B	NC_084485.1	583	79	277	355	96125197	96124961	31.646	1.95e-06	57.0
Notechis_scutatus_C9B	NC_084485.1	583	79	277	355	96068639	96068875	30.380	4.73e-06	55.8
Pituophis_catenifer_C9B	NC_084480.1	583	77	277	353	28319871	28319641	68.831	4.93e-27	122
Pituophis_catenifer_C9B	NC_084480.1	583	74	453	526	28312528	28312307	66.216	2.38e-23	111
Pituophis_catenifer_C9B	NC_084480.1	583	50	107	156	28328327	28328178	80.000	8.99e-17	90.5
Pituophis_catenifer_C9B	NC_084480.1	583	47	157	203	28324515	28324375	74.468	1.16e-15	87.0
Pituophis_catenifer_C9B	NC_084480.1	583	62	51	107	28329849	28329667	56.452	2.84e-10	69.7
Pituophis_catenifer_C9B	NC_084480.1	583	69	457	525	29369334	29369537	40.580	9.25e-08	61.2
Pituophis_catenifer_C9B	NC_084480.1	583	59	399	457	28315014	28314844	47.458	4.67e-07	59.3
Pituophis_catenifer_C9B	NC_084490.1	583	228	298	515	16134769	16134146	26.316	5.92e-12	75.1
Pituophis_catenifer_C9B	NC_084490.1	583	240	286	523	13020678	13021349	22.917	1.72e-06	57.4
Pituophis_catenifer_C9B	NC_084485.1	583	78	273	350	96125209	96124976	35.897	1.35e-06	57.8
Pituophis_catenifer_C9B	NC_084485.1	583	50	530	579	96103191	96103042	50.000	9.26e-06	55.1
Pantherophis_obsoletus_C9B	NC_084480.1	583	79	277	355	28319871	28319635	68.354	1.25e-28	127
Pantherophis_obsoletus_C9B	NC_084480.1	583	74	453	526	28312528	28312307	66.216	5.35e-24	113
Pantherophis_obsoletus_C9B	NC_084480.1	583	50	107	156	28328327	28328178	80.000	1.03e-16	90.5
Pantherophis_obsoletus_C9B	NC_084480.1	583	47	157	203	28324515	28324375	74.468	1.44e-15	86.7
Pantherophis_obsoletus_C9B	NC_084480.1	583	54	54	107	28329825	28329667	59.259	3.86e-10	69.3
Pantherophis_obsoletus_C9B	NC_084480.1	583	54	404	457	28314999	28314844	51.852	6.91e-07	58.5
Pantherophis_obsoletus_C9B	NC_084480.1	583	82	274	355	29405537	29405292	34.146	3.09e-06	56.6
Pantherophis_obsoletus_C9B	NC_084480.1	583	81	274	354	29456580	29456338	34.568	3.34e-06	56.2
Pantherophis_obsoletus_C9B	NC_084490.1	583	228	298	515	16134769	16134146	25.877	7.66e-12	74.7
Pantherophis_obsoletus_C9B	NC_084485.1	583	82	274	355	96068630	96068875	35.366	1.02e-07	61.2
Pantherophis_obsoletus_C9B	NC_084485.1	583	50	530	579	96103191	96103042	58.000	3.29e-07	59.7
Pantherophis_obsoletus_C9B	NC_084485.1	583	79	277	355	96125197	96124961	34.177	3.62e-07	59.3
Crotalus_tigris_C9B	NC_084480.1	583	77	276	352	28319874	28319644	67.532	1.66e-26	121
Crotalus_tigris_C9B	NC_084480.1	583	74	453	526	28312528	28312307	64.865	7.16e-24	113
Crotalus_tigris_C9B	NC_084480.1	583	47	157	203	28324515	28324375	78.723	6.07e-16	87.8
Crotalus_tigris_C9B	NC_084480.1	583	50	107	156	28328327	28328178	78.000	9.68e-16	87.0
Crotalus_tigris_C9B	NC_084480.1	583	62	51	107	28329849	28329667	58.065	1.66e-11	73.6
Crotalus_tigris_C9B	NC_084480.1	583	68	401	468	28315008	28314811	47.059	5.84e-08	62.0
Crotalus_tigris_C9B	NC_084480.1	583	69	457	525	29369334	29369537	36.232	9.31e-07	58.2
Crotalus_tigris_C9B	NC_084490.1	583	228	298	515	16134769	16134146	26.316	5.07e-10	68.9
Crotalus_tigris_C9B	NC_084485.1	583	83	457	538	96084277	96084525	33.735	9.34e-06	55.1
Crotalus_tigris_C9B	NC_084485.1	583	74	277	350	96125197	96124976	35.135	9.67e-06	54.7
Ptyas_mucosa_C9B	NC_084480.1	583	104	277	379	28319871	28319587	56.731	1.62e-27	124
Ptyas_mucosa_C9B	NC_084480.1	583	74	453	526	28312528	28312307	64.865	6.96e-23	109
Ptyas_mucosa_C9B	NC_084480.1	583	50	107	156	28328327	28328178	80.000	3.10e-17	92.0
Ptyas_mucosa_C9B	NC_084480.1	583	47	157	203	28324515	28324375	74.468	9.59e-16	87.0
Ptyas_mucosa_C9B	NC_084480.1	583	62	51	107	28329849	28329667	54.839	6.44e-10	68.6
Ptyas_mucosa_C9B	NC_084480.1	583	59	399	457	28315014	28314844	47.458	4.06e-06	56.2
Ptyas_mucosa_C9B	NC_084490.1	583	224	298	515	16134769	16134146	24.554	7.80e-08	61.6
Ptyas_mucosa_C9B	NC_084485.1	583	91	273	362	96125209	96124937	35.165	3.49e-07	59.7
