# Hydrophis_cyanocinctus DAB2/FYB1 anchors on CM033585.1:306037285-310122422 (sstart/send relative to region; add 306037284)
Anolis_carolinensis_DAB2	1976617	1976979	187
Anolis_carolinensis_DAB2	1981552	1982037	134
Anolis_carolinensis_DAB2	1976933	1977247	118
Anolis_carolinensis_DAB2	1972278	1972412	99.4
Anolis_carolinensis_DAB2	1970238	1970378	97.1
Anolis_carolinensis_DAB2	1981946	1982080	84.7
Anolis_carolinensis_DAB2	1971212	1971313	72.4
Anolis_carolinensis_DAB2	1980218	1980376	66.6
Anolis_carolinensis_DAB2	1984371	1984496	51.2
Anolis_carolinensis_FYB1	2152320	2153444	311
Anolis_carolinensis_FYB1	2129517	2130641	310
Anolis_carolinensis_FYB1	2202626	2202808	95.1
Anolis_carolinensis_FYB1	2188551	2188727	91.3
Anolis_carolinensis_FYB1	2190559	2190699	71.2
Anolis_carolinensis_FYB1	2199069	2199173	53.9
Anolis_carolinensis_FYB1	2194220	2194339	50.1
Anolis_carolinensis_FYB1	2198819	2198950	47.8
Thamnophis_elegans_DAB2	1981552	1982037	231
Thamnophis_elegans_DAB2	1976617	1976982	222
Thamnophis_elegans_DAB2	1976933	1977247	170
Thamnophis_elegans_DAB2	1972278	1972412	100
Thamnophis_elegans_DAB2	1970238	1970378	98.6
Thamnophis_elegans_DAB2	1980218	1980376	92.4
Thamnophis_elegans_DAB2	1981946	1982086	90.9
Thamnophis_elegans_DAB2	1971212	1971313	74.7
Thamnophis_elegans_DAB2	1984368	1984496	73.2
Thamnophis_elegans_DAB2	1975318	1975392	46.6
Thamnophis_elegans_DAB2	1986152	1986217	46.6
Thamnophis_elegans_FYB1	2152320	2153447	610
Thamnophis_elegans_FYB1	2129517	2130644	607
Thamnophis_elegans_FYB1	2188551	2188730	108
Thamnophis_elegans_FYB1	2202626	2202808	104
Thamnophis_elegans_FYB1	2190559	2190699	93.2
Thamnophis_elegans_FYB1	2194220	2194369	91.3
Thamnophis_elegans_FYB1	2199054	2199173	69.7
