Lacerta_agilis_C9A	NW_015386198.1	589	78	279	356	331592	331825	73.077	1.42e-29	130
Lacerta_agilis_C9A	NW_015386198.1	589	74	461	534	340011	340232	68.919	2.39e-26	120
Lacerta_agilis_C9A	NW_015386198.1	589	74	461	534	354503	354724	64.865	8.85e-24	112
Lacerta_agilis_C9A	NW_015386198.1	589	47	155	201	326683	326823	74.468	2.07e-15	85.9
Lacerta_agilis_C9A	NW_015386198.1	589	55	100	154	324822	324986	67.273	2.30e-13	79.3
Lacerta_agilis_C9A	NW_015386198.1	589	63	403	465	353223	353411	53.968	2.88e-10	68.9
Lacerta_agilis_C9A	NW_015386198.1	589	51	56	105	323516	323668	56.863	4.76e-10	68.6
Lacerta_agilis_C9A	NW_015386198.1	589	52	534	584	341259	341414	61.538	1.11e-09	67.4
Lacerta_agilis_C9A	NW_015386198.1	589	63	403	465	338389	338577	50.794	1.57e-09	66.6
Lacerta_agilis_C9A	NW_015386198.1	589	52	534	584	355335	355490	51.923	1.11e-06	57.4
Lacerta_agilis_C9A	NW_015386198.1	589	83	192	274	328479	328715	36.145	9.51e-06	54.3
Lacerta_agilis_C9A	NW_015388741.1	589	219	304	517	40335	40949	24.658	1.50e-08	63.5
Lacerta_agilis_C9A	NW_015386646.1	589	81	279	359	839436	839678	35.802	2.89e-08	62.8
Lacerta_agilis_C9A	NW_015386646.1	589	90	279	368	886861	886595	27.778	6.20e-07	58.2
Lacerta_agilis_C9A	NW_015387291.1	589	116	418	529	212975	212643	33.621	5.28e-08	61.6
Lacerta_agilis_C9A	NW_015387291.1	589	46	540	584	211246	211109	52.174	9.59e-06	54.3
Zootoca_vivipara_C9A	NW_015386198.1	589	116	279	393	331592	331912	58.621	3.70e-30	132
Zootoca_vivipara_C9A	NW_015386198.1	589	74	461	534	340011	340232	70.270	1.60e-26	120
Zootoca_vivipara_C9A	NW_015386198.1	589	74	461	534	354503	354724	64.865	8.85e-24	112
Zootoca_vivipara_C9A	NW_015386198.1	589	47	155	201	326683	326823	74.468	2.01e-15	85.9
Zootoca_vivipara_C9A	NW_015386198.1	589	55	100	154	324822	324986	67.273	3.18e-13	78.6
Zootoca_vivipara_C9A	NW_015386198.1	589	63	403	465	353223	353411	55.556	7.52e-11	70.9
Zootoca_vivipara_C9A	NW_015386198.1	589	69	397	465	338371	338577	49.275	1.34e-10	70.1
Zootoca_vivipara_C9A	NW_015386198.1	589	51	56	105	323516	323668	56.863	3.11e-10	68.9
Zootoca_vivipara_C9A	NW_015386198.1	589	52	534	584	341259	341414	61.538	2.45e-09	66.2
Zootoca_vivipara_C9A	NW_015386198.1	589	53	534	584	355335	355490	54.717	3.17e-06	55.8
Zootoca_vivipara_C9A	NW_015386198.1	589	83	192	274	328479	328715	36.145	6.94e-06	54.7
Zootoca_vivipara_C9A	NW_015388741.1	589	219	304	517	40335	40949	24.201	3.55e-08	62.4
Zootoca_vivipara_C9A	NW_015386646.1	589	81	279	359	839436	839678	35.802	4.81e-08	62.0
Zootoca_vivipara_C9A	NW_015386646.1	589	90	279	368	886861	886595	27.778	8.49e-07	57.8
Zootoca_vivipara_C9A	NW_015387291.1	589	60	470	529	212822	212643	45.000	1.65e-07	60.1
Podarcis_muralis_C9A	NW_015386198.1	589	79	278	356	331589	331825	74.684	1.30e-30	133
Podarcis_muralis_C9A	NW_015386198.1	589	74	461	534	340011	340232	67.568	1.41e-25	117
Podarcis_muralis_C9A	NW_015386198.1	589	74	461	534	354503	354724	64.865	3.21e-24	113
Podarcis_muralis_C9A	NW_015386198.1	589	47	155	201	326683	326823	74.468	2.05e-15	85.9
Podarcis_muralis_C9A	NW_015386198.1	589	55	100	154	324822	324986	67.273	2.40e-13	79.0
Podarcis_muralis_C9A	NW_015386198.1	589	58	531	584	341241	341414	60.345	2.69e-10	69.3
Podarcis_muralis_C9A	NW_015386198.1	589	51	56	105	323516	323668	56.863	7.30e-10	67.8
Podarcis_muralis_C9A	NW_015386198.1	589	57	402	458	353220	353390	54.386	1.52e-08	63.5
Podarcis_muralis_C9A	NW_015386198.1	589	60	406	465	338398	338577	50.000	2.14e-08	63.2
Podarcis_muralis_C9A	NW_015386198.1	589	52	534	584	355335	355490	51.923	1.29e-06	57.4
Podarcis_muralis_C9A	NW_015388741.1	589	218	304	516	40335	40946	24.312	7.98e-08	61.2
Podarcis_muralis_C9A	NW_015387291.1	589	93	470	553	212822	212544	35.484	1.05e-07	60.8
Podarcis_muralis_C9A	NW_015387291.1	589	55	531	584	211273	211109	47.273	2.79e-06	56.2
Podarcis_muralis_C9A	NW_015386646.1	589	81	279	359	839436	839678	34.568	1.32e-07	60.5
Podarcis_muralis_C9A	NW_015386646.1	589	90	279	368	886861	886595	28.889	3.03e-07	59.3
Anolis_carolinensis_C9A	NW_015386198.1	591	81	457	537	339993	340235	65.432	9.17e-29	127
Anolis_carolinensis_C9A	NW_015386198.1	591	78	460	537	354494	354727	61.538	8.42e-26	118
Anolis_carolinensis_C9A	NW_015386198.1	591	79	280	358	331589	331825	67.089	1.43e-25	117
Anolis_carolinensis_C9A	NW_015386198.1	591	47	156	202	326683	326823	70.213	2.07e-14	82.4
Anolis_carolinensis_C9A	NW_015386198.1	591	52	536	587	341259	341414	57.692	1.11e-10	70.5
Anolis_carolinensis_C9A	NW_015386198.1	591	52	536	587	355335	355490	57.692	5.09e-10	68.2
Anolis_carolinensis_C9A	NW_015386198.1	591	69	399	467	338371	338577	47.826	5.22e-10	68.2
Anolis_carolinensis_C9A	NW_015386198.1	591	50	106	155	324837	324986	62.000	1.31e-09	67.0
Anolis_carolinensis_C9A	NW_015386198.1	591	60	408	467	353232	353411	50.000	4.08e-09	65.5
Anolis_carolinensis_C9A	NW_015386198.1	591	83	194	276	328482	328715	34.940	4.41e-08	62.0
Anolis_carolinensis_C9A	NW_015386198.1	591	52	57	107	323516	323671	48.077	5.18e-06	55.5
Anolis_carolinensis_C9A	NW_015387291.1	591	50	542	591	211246	211097	52.000	5.50e-08	61.6
Anolis_carolinensis_C9A	NW_015387291.1	591	103	461	554	212852	212547	34.951	6.98e-08	61.2
Anolis_carolinensis_C9A	NW_015387291.1	591	84	281	364	177651	177902	33.333	1.28e-07	60.5
Anolis_carolinensis_C9A	NW_015387291.1	591	79	281	359	137187	137423	34.177	3.23e-07	59.3
Anolis_carolinensis_C9A	NW_015387291.1	591	56	533	587	149910	150077	46.429	4.08e-06	55.5
Anolis_carolinensis_C9A	NW_015386646.1	591	92	281	372	886861	886589	31.522	9.25e-08	60.8
Anolis_carolinensis_C9A	NW_015386646.1	591	72	457	527	854733	854948	36.111	2.14e-06	56.6
Anolis_carolinensis_C9A	NW_015388741.1	591	219	306	518	40335	40946	26.027	5.50e-07	58.5
Anolis_carolinensis_C9A	NW_015387083.1	591	52	542	589	141659	141814	53.846	1.70e-06	57.0
Anolis_carolinensis_C9A	NW_015401687.1	591	60	532	587	1775	1954	46.667	8.62e-06	54.3
Pogona_vitticeps_C9A	NW_015386198.1	576	99	256	354	331574	331861	58.586	3.57e-27	122
Pogona_vitticeps_C9A	NW_015386198.1	576	78	438	515	339993	340226	66.667	3.98e-25	116
Pogona_vitticeps_C9A	NW_015386198.1	576	75	441	515	354494	354718	64.000	5.83e-23	109
Pogona_vitticeps_C9A	NW_015386198.1	576	49	156	204	326683	326829	73.469	2.55e-16	88.6
Pogona_vitticeps_C9A	NW_015386198.1	576	49	523	571	341268	341414	77.551	1.34e-14	83.2
Pogona_vitticeps_C9A	NW_015386198.1	576	70	502	571	355281	355490	54.286	2.12e-13	79.3
Pogona_vitticeps_C9A	NW_015386198.1	576	50	106	155	324837	324986	66.000	1.39e-10	70.1
Pogona_vitticeps_C9A	NW_015386198.1	576	67	382	448	338377	338577	47.761	6.53e-10	67.8
Pogona_vitticeps_C9A	NW_015386198.1	576	69	380	448	353211	353411	46.377	1.48e-09	66.6
Pogona_vitticeps_C9A	NW_015386198.1	576	37	26	62	322703	322813	59.459	9.26e-06	54.3
Pogona_vitticeps_C9A	NW_015387291.1	576	55	521	575	211261	211097	52.727	1.73e-09	66.6
Pogona_vitticeps_C9A	NW_015387291.1	576	41	524	563	184169	184291	73.171	1.14e-08	63.9
Pogona_vitticeps_C9A	NW_015387291.1	576	60	513	571	149907	150077	53.333	1.40e-08	63.5
Pogona_vitticeps_C9A	NW_015387291.1	576	68	443	510	212849	212649	44.118	1.52e-07	60.1
Pogona_vitticeps_C9A	NW_015387291.1	576	79	262	340	137187	137423	39.241	1.87e-07	60.1
Pogona_vitticeps_C9A	NW_015387291.1	576	83	258	340	177639	177887	31.325	5.48e-07	58.5
Pogona_vitticeps_C9A	NW_015386646.1	576	105	258	362	839424	839738	30.476	4.47e-08	62.0
Pogona_vitticeps_C9A	NW_015386646.1	576	46	520	565	857585	857722	56.522	1.28e-06	57.4
Pogona_vitticeps_C9A	NW_015386646.1	576	74	436	508	854730	854948	39.189	1.88e-06	56.6
Gekko_japonicus_C9A	NW_015386198.1	582	86	287	372	331568	331825	55.814	1.41e-21	105
Gekko_japonicus_C9A	NW_015386198.1	582	84	457	539	340011	340262	55.952	2.64e-21	104
Gekko_japonicus_C9A	NW_015386198.1	582	81	457	537	354503	354727	51.852	6.13e-18	94.0
Gekko_japonicus_C9A	NW_015386198.1	582	51	531	581	341262	341414	64.706	8.86e-11	70.9
Gekko_japonicus_C9A	NW_015386198.1	582	51	122	172	324837	324986	64.706	9.48e-11	70.5
Gekko_japonicus_C9A	NW_015386198.1	582	45	173	217	326683	326817	64.444	1.51e-10	70.1
Gekko_japonicus_C9A	NW_015386198.1	582	47	531	577	355338	355478	57.447	1.44e-07	60.5
Gekko_japonicus_C9A	NW_015386198.1	582	52	71	122	323519	323668	50.000	4.87e-07	58.5
Gekko_japonicus_C9A	NW_015386646.1	582	134	243	375	839286	839678	32.090	1.83e-09	66.6
Gekko_japonicus_C9A	NW_015386646.1	582	67	456	521	854748	854948	40.299	3.90e-07	58.9
Gekko_japonicus_C9A	NW_015386646.1	582	90	295	384	886861	886595	30.000	9.82e-06	54.3
Gekko_japonicus_C9A	NW_015387291.1	582	90	438	523	212915	212649	35.556	3.12e-09	65.9
Gekko_japonicus_C9A	NW_015387291.1	582	46	536	581	211246	211109	54.348	3.46e-09	65.5
Gekko_japonicus_C9A	NW_015387291.1	582	88	291	378	177639	177902	29.545	3.73e-07	58.9
Gekko_japonicus_C9A	NW_015387291.1	582	79	295	373	137187	137423	34.177	6.17e-07	58.2
Gekko_japonicus_C9A	NW_015387291.1	582	64	466	527	146179	146370	40.625	2.62e-06	56.2
Gekko_japonicus_C9A	NW_015387291.1	582	61	528	581	149895	150077	44.262	6.98e-06	54.7
Gekko_japonicus_C9A	NW_015388525.1	582	213	316	514	110877	111485	24.413	6.59e-07	58.2
Crotalus_tigris_C9A	NW_015386198.1	583	77	456	532	354494	354724	97.403	9.13e-39	158
Crotalus_tigris_C9A	NW_015386198.1	583	80	453	532	339993	340232	82.500	3.01e-35	147
Crotalus_tigris_C9A	NW_015386198.1	583	78	276	353	331589	331822	78.205	1.27e-30	133
Crotalus_tigris_C9A	NW_015386198.1	583	68	396	463	353208	353411	88.235	1.42e-26	120
Crotalus_tigris_C9A	NW_015386198.1	583	52	532	583	355335	355490	92.308	5.85e-23	109
Crotalus_tigris_C9A	NW_015386198.1	583	67	399	463	338377	338577	80.597	3.37e-21	103
Crotalus_tigris_C9A	NW_015386198.1	583	54	54	107	323507	323668	85.185	1.28e-20	102
Crotalus_tigris_C9A	NW_015386198.1	583	50	107	156	324837	324986	88.000	2.07e-18	95.1
Crotalus_tigris_C9A	NW_015386198.1	583	47	157	203	326683	326823	87.234	4.40e-18	94.4
Crotalus_tigris_C9A	NW_015386198.1	583	52	532	583	341259	341414	73.077	1.26e-16	89.7
Crotalus_tigris_C9A	NW_015386198.1	583	43	354	396	349735	349863	95.349	3.12e-15	85.1
Crotalus_tigris_C9A	NW_015386198.1	583	78	195	272	328482	328715	50.000	4.80e-12	74.7
Crotalus_tigris_C9A	NW_015386198.1	583	38	26	63	322703	322816	68.421	6.30e-07	58.2
Crotalus_tigris_C9A	NW_015387291.1	583	54	530	583	211270	211109	50.000	1.21e-07	60.5
Crotalus_tigris_C9A	NW_015387291.1	583	101	457	550	212852	212568	34.653	5.00e-07	58.5
Crotalus_tigris_C9A	NW_015386646.1	583	77	277	353	839436	839666	36.364	1.37e-07	60.5
Crotalus_tigris_C9A	NW_015386646.1	583	43	537	579	857600	857728	53.488	7.22e-07	58.2
Crotalus_tigris_C9A	NW_015388741.1	583	218	302	514	40335	40946	24.771	2.63e-07	59.3
Thamnophis_elegans_C9A	NW_015386198.1	583	87	274	360	331583	331843	80.460	2.21e-35	148
Thamnophis_elegans_C9A	NW_015386198.1	583	80	453	532	339993	340232	82.500	8.10e-33	140
Thamnophis_elegans_C9A	NW_015386198.1	583	77	456	532	354494	354724	77.922	2.25e-29	129
Thamnophis_elegans_C9A	NW_015386198.1	583	67	397	463	338377	338577	70.149	3.23e-21	104
Thamnophis_elegans_C9A	NW_015386198.1	583	79	195	273	328482	328718	64.557	3.83e-20	100
Thamnophis_elegans_C9A	NW_015386198.1	583	63	401	463	353223	353411	71.429	1.30e-19	99.0
Thamnophis_elegans_C9A	NW_015386198.1	583	50	107	156	324837	324986	86.000	1.35e-17	92.8
Thamnophis_elegans_C9A	NW_015386198.1	583	52	532	583	341259	341414	75.000	4.19e-17	91.3
Thamnophis_elegans_C9A	NW_015386198.1	583	47	157	203	326683	326823	82.979	1.38e-16	89.4
Thamnophis_elegans_C9A	NW_015386198.1	583	54	54	107	323507	323668	72.222	1.10e-15	86.7
Thamnophis_elegans_C9A	NW_015386198.1	583	52	532	583	355335	355490	63.462	7.86e-13	77.4
Thamnophis_elegans_C9A	NW_015386198.1	583	45	351	395	334042	334176	68.889	2.12e-09	66.2
Thamnophis_elegans_C9A	NW_015386198.1	583	38	26	63	322703	322816	68.421	6.65e-08	61.2
Thamnophis_elegans_C9A	NW_015387291.1	583	50	535	583	149928	150077	54.000	3.24e-09	65.9
Thamnophis_elegans_C9A	NW_015387291.1	583	54	530	583	211270	211109	50.000	2.01e-08	63.2
Thamnophis_elegans_C9A	NW_015387291.1	583	50	535	583	184166	184315	52.000	1.47e-07	60.5
Thamnophis_elegans_C9A	NW_015387291.1	583	67	277	343	177651	177851	37.313	3.34e-06	55.8
Thamnophis_elegans_C9A	NW_015387291.1	583	67	277	343	137187	137387	38.806	6.22e-06	55.1
Thamnophis_elegans_C9A	NW_015386646.1	583	81	274	354	839427	839669	33.333	1.11e-06	57.4
Thamnophis_elegans_C9A	NW_015386646.1	583	47	537	583	857600	857740	46.809	5.34e-06	55.1
Thamnophis_elegans_C9A	NW_015388276.1	583	57	531	583	80446	80276	40.351	6.43e-06	55.1
Naja_naja_C9A	NW_015386198.1	582	77	455	531	340002	340232	87.013	1.11e-34	145
Naja_naja_C9A	NW_015386198.1	582	77	455	531	354494	354724	85.714	9.43e-34	143
Naja_naja_C9A	NW_015386198.1	582	78	276	353	331589	331822	75.641	2.76e-29	129
Naja_naja_C9A	NW_015386198.1	582	56	527	582	355323	355490	80.357	2.14e-21	104
Naja_naja_C9A	NW_015386198.1	582	67	396	462	353211	353411	74.627	9.91e-21	102
Naja_naja_C9A	NW_015386198.1	582	89	374	462	338356	338577	58.427	2.38e-19	98.2
Naja_naja_C9A	NW_015386198.1	582	50	107	156	324837	324986	86.000	1.68e-18	95.5
Naja_naja_C9A	NW_015386198.1	582	56	527	582	341247	341414	73.214	7.55e-18	93.6
Naja_naja_C9A	NW_015386198.1	582	47	157	203	326683	326823	80.851	3.10e-16	88.2
Naja_naja_C9A	NW_015386198.1	582	54	54	107	323507	323668	70.370	3.21e-16	88.2
Naja_naja_C9A	NW_015386198.1	582	82	195	272	328482	328715	53.659	7.70e-14	80.5
Naja_naja_C9A	NW_015386198.1	582	38	26	63	322703	322816	68.421	1.19e-06	57.4
Naja_naja_C9A	NW_015387291.1	582	44	535	578	211252	211121	59.091	4.32e-08	62.0
Naja_naja_C9A	NW_015387291.1	582	69	456	524	212852	212649	42.029	5.44e-08	61.6
Naja_naja_C9A	NW_015387291.1	582	67	277	343	137187	137387	37.313	5.94e-06	55.1
Naja_naja_C9A	NW_015386646.1	582	76	277	352	839436	839663	39.474	7.73e-08	61.2
Naja_naja_C9A	NW_015386646.1	582	47	536	582	857600	857740	51.064	1.18e-06	57.4
Pseudonaja_textilis_C9A	NW_015386198.1	583	77	456	532	340002	340232	84.416	1.49e-33	142
Pseudonaja_textilis_C9A	NW_015386198.1	583	77	456	532	354494	354724	81.818	3.86e-32	138
Pseudonaja_textilis_C9A	NW_015386198.1	583	78	276	353	331589	331822	79.487	1.34e-30	133
Pseudonaja_textilis_C9A	NW_015386198.1	583	68	396	463	353208	353411	72.059	2.51e-21	104
Pseudonaja_textilis_C9A	NW_015386198.1	583	56	528	583	355323	355490	80.357	3.23e-21	104
Pseudonaja_textilis_C9A	NW_015386198.1	583	64	400	463	338386	338577	73.438	1.59e-19	99.0
Pseudonaja_textilis_C9A	NW_015386198.1	583	50	107	156	324837	324986	90.000	1.97e-19	98.6
Pseudonaja_textilis_C9A	NW_015386198.1	583	56	528	583	341247	341414	75.000	3.30e-18	94.7
Pseudonaja_textilis_C9A	NW_015386198.1	583	54	54	107	323507	323668	72.222	2.83e-16	88.6
Pseudonaja_textilis_C9A	NW_015386198.1	583	47	157	203	326683	326823	80.851	3.03e-16	88.2
Pseudonaja_textilis_C9A	NW_015386198.1	583	82	195	272	328482	328715	52.439	7.66e-14	80.5
Pseudonaja_textilis_C9A	NW_015386198.1	583	43	354	396	349735	349863	65.116	2.67e-07	59.3
Pseudonaja_textilis_C9A	NW_015386198.1	583	38	26	63	322703	322816	68.421	4.33e-07	58.9
Pseudonaja_textilis_C9A	NW_015387291.1	583	96	457	550	212852	212568	37.500	2.78e-08	62.8
Pseudonaja_textilis_C9A	NW_015387291.1	583	48	536	583	211252	211109	54.167	4.02e-08	62.0
Pseudonaja_textilis_C9A	NW_015386646.1	583	76	277	352	839436	839663	39.474	4.12e-08	62.0
Pseudonaja_textilis_C9A	NW_015386646.1	583	47	537	583	857600	857740	51.064	1.12e-06	57.4
Pseudonaja_textilis_C9A	NW_015388741.1	583	218	302	514	40335	40946	23.853	9.60e-07	57.8
Python_bivittatus_C9A	NW_015386198.1	582	81	274	354	331583	331825	83.951	1.33e-34	145
Python_bivittatus_C9A	NW_015386198.1	582	80	453	532	339993	340232	81.250	7.00e-34	143
Python_bivittatus_C9A	NW_015386198.1	582	77	456	532	354494	354724	77.922	8.76e-30	130
Python_bivittatus_C9A	NW_015386198.1	582	79	194	272	328479	328715	63.291	1.85e-21	105
Python_bivittatus_C9A	NW_015386198.1	582	61	397	457	338377	338559	78.689	9.66e-21	102
Python_bivittatus_C9A	NW_015386198.1	582	63	401	463	353223	353411	74.603	2.93e-20	101
Python_bivittatus_C9A	NW_015386198.1	582	50	107	156	324837	324986	92.000	9.19e-20	99.8
Python_bivittatus_C9A	NW_015386198.1	582	47	157	203	326683	326823	82.979	4.58e-17	90.9
Python_bivittatus_C9A	NW_015386198.1	582	52	532	582	355335	355490	75.000	7.48e-16	87.0
Python_bivittatus_C9A	NW_015386198.1	582	52	532	582	341259	341414	75.000	2.87e-15	85.1
Python_bivittatus_C9A	NW_015386198.1	582	54	54	107	323507	323668	66.667	3.74e-14	81.6
Python_bivittatus_C9A	NW_015386198.1	582	32	26	57	322703	322798	87.500	5.26e-09	65.1
Python_bivittatus_C9A	NW_015386198.1	582	42	354	395	334051	334176	69.048	1.12e-07	60.8
Python_bivittatus_C9A	NW_015387291.1	582	50	529	578	211270	211121	56.000	2.70e-08	62.8
Python_bivittatus_C9A	NW_015387291.1	582	100	457	549	212852	212568	36.000	1.44e-07	60.5
Python_bivittatus_C9A	NW_015387291.1	582	47	529	574	184151	184291	57.447	7.32e-07	58.2
Python_bivittatus_C9A	NW_015386646.1	582	102	254	355	839373	839672	29.412	6.30e-08	61.6
Python_bivittatus_C9A	NW_015386646.1	582	47	530	576	857582	857722	51.064	6.63e-08	61.2
Python_bivittatus_C9A	NW_015386646.1	582	72	453	523	854733	854948	38.889	1.67e-06	57.0
Notechis_scutatus_C9A	NW_015386198.1	583	77	456	532	340002	340232	81.818	1.64e-32	139
Notechis_scutatus_C9A	NW_015386198.1	583	77	456	532	354494	354724	81.818	1.35e-31	136
Notechis_scutatus_C9A	NW_015386198.1	583	78	276	353	331589	331822	79.487	1.29e-30	133
Notechis_scutatus_C9A	NW_015386198.1	583	56	528	583	355323	355490	80.357	3.32e-21	104
Notechis_scutatus_C9A	NW_015386198.1	583	68	396	463	353208	353411	72.059	3.49e-21	103
Notechis_scutatus_C9A	NW_015386198.1	583	71	393	463	338365	338577	67.606	1.07e-19	99.4
Notechis_scutatus_C9A	NW_015386198.1	583	50	107	156	324837	324986	88.000	8.15e-19	96.7
Notechis_scutatus_C9A	NW_015386198.1	583	56	528	583	341247	341414	75.000	2.95e-18	94.7
Notechis_scutatus_C9A	NW_015386198.1	583	54	54	107	323507	323668	72.222	2.93e-16	88.6
Notechis_scutatus_C9A	NW_015386198.1	583	47	157	203	326683	326823	80.851	3.06e-16	88.2
Notechis_scutatus_C9A	NW_015386198.1	583	82	195	272	328482	328715	53.659	7.53e-14	80.5
Notechis_scutatus_C9A	NW_015386198.1	583	43	354	396	349735	349863	65.116	2.55e-07	59.7
Notechis_scutatus_C9A	NW_015386198.1	583	38	26	63	322703	322816	68.421	4.33e-07	58.9
Notechis_scutatus_C9A	NW_015387291.1	583	96	457	550	212852	212568	37.500	3.91e-08	62.0
Notechis_scutatus_C9A	NW_015387291.1	583	48	536	583	211252	211109	54.167	4.05e-08	62.0
Notechis_scutatus_C9A	NW_015386646.1	583	76	277	352	839436	839663	39.474	4.09e-08	62.0
Notechis_scutatus_C9A	NW_015386646.1	583	47	537	583	857600	857740	51.064	1.05e-06	57.4
Notechis_scutatus_C9A	NW_015388741.1	583	218	302	514	40335	40946	23.853	1.15e-06	57.4
Hydrophis_cyanocinctus_C9A	NW_015386198.1	583	77	456	532	340002	340232	80.519	8.17e-32	137
Hydrophis_cyanocinctus_C9A	NW_015386198.1	583	81	273	353	331580	331822	77.778	5.13e-31	134
Hydrophis_cyanocinctus_C9A	NW_015386198.1	583	77	456	532	354494	354724	80.519	5.47e-31	134
Hydrophis_cyanocinctus_C9A	NW_015386198.1	583	56	528	583	355323	355490	80.357	3.59e-21	103
Hydrophis_cyanocinctus_C9A	NW_015386198.1	583	71	393	463	338365	338577	67.606	5.25e-20	100
Hydrophis_cyanocinctus_C9A	NW_015386198.1	583	67	397	463	353211	353411	70.149	1.38e-19	99.0
Hydrophis_cyanocinctus_C9A	NW_015386198.1	583	50	107	156	324837	324986	88.000	8.82e-19	96.7
Hydrophis_cyanocinctus_C9A	NW_015386198.1	583	56	528	583	341247	341414	75.000	3.30e-18	94.7
Hydrophis_cyanocinctus_C9A	NW_015386198.1	583	47	157	203	326683	326823	80.851	1.74e-16	89.0
Hydrophis_cyanocinctus_C9A	NW_015386198.1	583	54	54	107	323507	323668	72.222	3.11e-16	88.2
Hydrophis_cyanocinctus_C9A	NW_015386198.1	583	82	195	272	328482	328715	52.439	2.93e-13	79.0
Hydrophis_cyanocinctus_C9A	NW_015386198.1	583	42	354	395	349735	349860	69.048	2.27e-08	62.8
Hydrophis_cyanocinctus_C9A	NW_015386198.1	583	38	26	63	322703	322816	68.421	4.37e-07	58.9
Hydrophis_cyanocinctus_C9A	NW_015386646.1	583	80	273	352	839424	839663	38.750	3.36e-08	62.4
Hydrophis_cyanocinctus_C9A	NW_015386646.1	583	47	537	583	857600	857740	51.064	1.09e-06	57.4
Hydrophis_cyanocinctus_C9A	NW_015387291.1	583	48	536	583	211252	211109	54.167	3.88e-08	62.0
Hydrophis_cyanocinctus_C9A	NW_015387291.1	583	96	457	550	212852	212568	37.500	4.34e-08	62.0
Hydrophis_cyanocinctus_C9A	NW_015388741.1	583	218	302	514	40335	40946	24.312	3.76e-07	58.9
Laticauda_colubrina_C9A	NW_015386198.1	583	77	456	532	340002	340232	83.117	1.06e-32	139
Laticauda_colubrina_C9A	NW_015386198.1	583	77	456	532	354494	354724	80.519	2.78e-31	135
Laticauda_colubrina_C9A	NW_015386198.1	583	78	276	353	331589	331822	79.487	8.50e-31	134
Laticauda_colubrina_C9A	NW_015386198.1	583	67	397	463	353211	353411	76.119	2.83e-21	104
Laticauda_colubrina_C9A	NW_015386198.1	583	56	528	583	355323	355490	78.571	7.42e-21	103
Laticauda_colubrina_C9A	NW_015386198.1	583	64	400	463	338386	338577	75.000	7.18e-20	100
Laticauda_colubrina_C9A	NW_015386198.1	583	50	107	156	324837	324986	86.000	2.08e-18	95.1
Laticauda_colubrina_C9A	NW_015386198.1	583	56	528	583	341247	341414	73.214	7.53e-18	93.6
Laticauda_colubrina_C9A	NW_015386198.1	583	47	157	203	326683	326823	80.851	3.70e-16	88.2
Laticauda_colubrina_C9A	NW_015386198.1	583	54	54	107	323507	323668	72.222	8.55e-16	87.0
Laticauda_colubrina_C9A	NW_015386198.1	583	82	195	272	328482	328715	52.439	3.03e-13	78.6
Laticauda_colubrina_C9A	NW_015386198.1	583	38	26	63	322703	322816	68.421	6.46e-07	58.2
Laticauda_colubrina_C9A	NW_015387291.1	583	96	457	550	212852	212568	37.500	3.11e-08	62.4
Laticauda_colubrina_C9A	NW_015387291.1	583	48	536	583	211252	211109	54.167	4.45e-08	62.0
Laticauda_colubrina_C9A	NW_015386646.1	583	76	277	352	839436	839663	39.474	4.09e-08	62.0
Laticauda_colubrina_C9A	NW_015386646.1	583	47	537	583	857600	857740	51.064	1.30e-06	57.4
Laticauda_colubrina_C9A	NW_015388741.1	583	218	302	514	40335	40946	23.394	3.98e-06	55.5
Protobothrops_mucrosquamatus_C9A	NW_015386198.1	583	81	274	354	331583	331825	100.000	3.24e-43	171
Protobothrops_mucrosquamatus_C9A	NW_015386198.1	583	80	453	532	339993	340232	96.250	6.29e-40	162
Protobothrops_mucrosquamatus_C9A	NW_015386198.1	583	75	199	273	328494	328718	96.000	1.78e-35	148
Protobothrops_mucrosquamatus_C9A	NW_015386198.1	583	77	456	532	354494	354724	83.117	1.08e-33	142
Protobothrops_mucrosquamatus_C9A	NW_015386198.1	583	67	397	463	338377	338577	91.045	1.85e-27	123
Protobothrops_mucrosquamatus_C9A	NW_015386198.1	583	52	532	583	341259	341414	100.000	3.13e-24	113
Protobothrops_mucrosquamatus_C9A	NW_015386198.1	583	54	54	107	323507	323668	94.444	9.36e-24	112
Protobothrops_mucrosquamatus_C9A	NW_015386198.1	583	50	107	156	324837	324986	100.000	3.74e-22	107
Protobothrops_mucrosquamatus_C9A	NW_015386198.1	583	47	157	203	326683	326823	97.872	3.95e-21	103
Protobothrops_mucrosquamatus_C9A	NW_015386198.1	583	69	395	463	353211	353411	76.812	8.53e-21	102
Protobothrops_mucrosquamatus_C9A	NW_015386198.1	583	52	532	583	355335	355490	73.077	4.55e-16	87.8
Protobothrops_mucrosquamatus_C9A	NW_015386198.1	583	43	354	396	334051	334179	97.674	9.65e-16	86.7
Protobothrops_mucrosquamatus_C9A	NW_015386198.1	583	32	26	57	322703	322798	100.000	1.90e-11	72.8
Protobothrops_mucrosquamatus_C9A	NW_015387291.1	583	50	530	579	211270	211121	54.000	3.98e-09	65.5
Protobothrops_mucrosquamatus_C9A	NW_015387291.1	583	79	277	355	137187	137423	35.443	8.08e-08	61.2
Protobothrops_mucrosquamatus_C9A	NW_015387291.1	583	69	457	525	212852	212649	43.478	9.42e-08	60.8
Protobothrops_mucrosquamatus_C9A	NW_015387291.1	583	79	277	355	177651	177887	32.911	3.68e-07	58.9
Protobothrops_mucrosquamatus_C9A	NW_015387291.1	583	42	535	575	184166	184291	64.286	8.06e-07	57.8
Protobothrops_mucrosquamatus_C9A	NW_015387291.1	583	50	535	583	149928	150077	50.000	2.30e-06	56.2
Protobothrops_mucrosquamatus_C9A	NW_015386646.1	583	82	274	355	839427	839672	35.366	1.40e-08	63.5
Protobothrops_mucrosquamatus_C9A	NW_015386646.1	583	43	537	579	857600	857728	58.140	2.25e-08	62.8
Protobothrops_mucrosquamatus_C9A	NW_015386646.1	583	78	277	354	886861	886628	29.487	2.40e-06	56.2
Protobothrops_mucrosquamatus_C9A	NW_015388741.1	583	220	302	514	40335	40946	25.000	9.76e-07	57.8
Chrysopelea_ornata_C9A	NW_015386198.1	584	81	274	354	331583	331825	88.889	9.99e-36	149
Chrysopelea_ornata_C9A	NW_015386198.1	584	80	454	533	339993	340232	85.000	2.57e-35	147
Chrysopelea_ornata_C9A	NW_015386198.1	584	77	457	533	354494	354724	81.818	3.36e-32	138
Chrysopelea_ornata_C9A	NW_015386198.1	584	79	195	273	328482	328718	70.886	1.25e-26	121
Chrysopelea_ornata_C9A	NW_015386198.1	584	67	398	464	338377	338577	71.642	1.36e-20	102
Chrysopelea_ornata_C9A	NW_015386198.1	584	50	107	156	324837	324986	90.000	1.02e-19	99.4
Chrysopelea_ornata_C9A	NW_015386198.1	584	63	402	464	353223	353411	71.429	4.27e-19	97.4
Chrysopelea_ornata_C9A	NW_015386198.1	584	52	533	584	341259	341414	78.846	6.94e-18	93.6
Chrysopelea_ornata_C9A	NW_015386198.1	584	54	54	107	323507	323668	74.074	5.60e-17	90.9
Chrysopelea_ornata_C9A	NW_015386198.1	584	47	157	203	326683	326823	80.851	4.70e-16	87.8
Chrysopelea_ornata_C9A	NW_015386198.1	584	52	533	584	355335	355490	61.538	6.33e-12	74.3
Chrysopelea_ornata_C9A	NW_015386198.1	584	32	26	57	322703	322798	75.000	1.48e-06	57.0
Chrysopelea_ornata_C9A	NW_015386198.1	584	43	354	396	334051	334176	65.116	1.60e-06	57.0
Chrysopelea_ornata_C9A	NW_015386646.1	584	109	249	357	839358	839678	32.110	9.04e-10	67.4
Chrysopelea_ornata_C9A	NW_015387291.1	584	54	531	584	211270	211109	53.704	2.74e-09	65.9
Chrysopelea_ornata_C9A	NW_015387291.1	584	56	530	584	149910	150077	51.786	2.68e-08	62.8
Chrysopelea_ornata_C9A	NW_015387291.1	584	79	277	355	137187	137423	35.443	3.31e-07	59.3
Chrysopelea_ornata_C9A	NW_015387291.1	584	84	277	360	177651	177902	33.333	4.38e-07	58.9
Chrysopelea_ornata_C9A	NW_015387291.1	584	69	458	526	212852	212649	42.029	5.56e-07	58.5
Chrysopelea_ornata_C9A	NW_015387291.1	584	50	536	584	184166	184315	50.000	5.39e-06	55.1
Chrysopelea_ornata_C9A	NW_015388741.1	584	219	302	515	40335	40946	24.201	9.38e-07	57.8
Pituophis_catenifer_C9A	NW_015386198.1	583	80	453	532	339993	340232	85.000	2.68e-35	147
Pituophis_catenifer_C9A	NW_015386198.1	583	77	456	532	354494	354724	81.818	4.71e-32	137
Pituophis_catenifer_C9A	NW_015386198.1	583	96	277	372	331592	331870	69.792	1.17e-31	136
Pituophis_catenifer_C9A	NW_015386198.1	583	75	198	272	328491	328715	73.333	1.12e-26	121
Pituophis_catenifer_C9A	NW_015386198.1	583	64	400	463	338386	338577	73.438	5.83e-20	100
Pituophis_catenifer_C9A	NW_015386198.1	583	67	397	463	353211	353411	70.149	1.57e-19	99.0
Pituophis_catenifer_C9A	NW_015386198.1	583	50	107	156	324837	324986	88.000	4.25e-19	97.4
Pituophis_catenifer_C9A	NW_015386198.1	583	52	532	583	341259	341414	78.846	3.13e-18	94.7
Pituophis_catenifer_C9A	NW_015386198.1	583	47	157	203	326683	326823	89.362	3.54e-18	94.7
Pituophis_catenifer_C9A	NW_015386198.1	583	54	54	107	323507	323668	74.074	5.43e-17	90.9
Pituophis_catenifer_C9A	NW_015386198.1	583	52	532	583	355335	355490	61.538	1.95e-12	76.3
Pituophis_catenifer_C9A	NW_015386198.1	583	41	355	395	334054	334176	73.171	4.45e-09	65.1
Pituophis_catenifer_C9A	NW_015386198.1	583	38	26	63	322703	322816	73.684	1.31e-08	63.5
Pituophis_catenifer_C9A	NW_015387291.1	583	54	530	583	211270	211109	53.704	4.51e-10	68.6
Pituophis_catenifer_C9A	NW_015387291.1	583	56	529	583	149910	150077	51.786	6.93e-09	64.7
Pituophis_catenifer_C9A	NW_015387291.1	583	50	535	583	184166	184315	52.000	2.42e-06	56.2
Pituophis_catenifer_C9A	NW_015387291.1	583	69	457	525	146149	146352	44.928	2.63e-06	56.2
Pituophis_catenifer_C9A	NW_015386646.1	583	79	277	355	839436	839672	39.241	2.65e-08	62.8
Pituophis_catenifer_C9A	NW_015386646.1	583	47	537	583	857600	857740	46.809	9.40e-07	57.8
Pituophis_catenifer_C9A	NW_015388741.1	583	220	302	516	40335	40952	24.091	6.40e-06	55.1
Pituophis_catenifer_C9A	NW_015388276.1	583	57	531	583	80446	80276	42.105	9.11e-06	54.3
Pantherophis_obsoletus_C9A	NW_015386198.1	583	99	274	372	331583	331870	76.768	4.78e-38	156
Pantherophis_obsoletus_C9A	NW_015386198.1	583	80	453	532	339993	340232	85.000	2.85e-35	147
Pantherophis_obsoletus_C9A	NW_015386198.1	583	77	456	532	354494	354724	81.818	4.59e-32	137
Pantherophis_obsoletus_C9A	NW_015386198.1	583	75	199	273	328494	328718	74.667	1.85e-26	120
Pantherophis_obsoletus_C9A	NW_015386198.1	583	67	397	463	338377	338577	71.642	8.68e-21	102
Pantherophis_obsoletus_C9A	NW_015386198.1	583	47	157	203	326683	326823	91.489	5.19e-19	97.1
Pantherophis_obsoletus_C9A	NW_015386198.1	583	63	401	463	353223	353411	71.429	8.82e-19	96.7
Pantherophis_obsoletus_C9A	NW_015386198.1	583	52	532	583	341259	341414	80.769	1.52e-18	95.9
Pantherophis_obsoletus_C9A	NW_015386198.1	583	50	107	156	324837	324986	82.000	1.00e-17	93.2
Pantherophis_obsoletus_C9A	NW_015386198.1	583	54	54	107	323507	323668	74.074	1.56e-16	89.4
Pantherophis_obsoletus_C9A	NW_015386198.1	583	52	532	583	355335	355490	63.462	7.72e-13	77.4
Pantherophis_obsoletus_C9A	NW_015386198.1	583	42	354	395	334051	334176	73.810	9.73e-10	67.4
Pantherophis_obsoletus_C9A	NW_015386198.1	583	38	26	63	322703	322816	71.053	6.10e-08	61.6
Pantherophis_obsoletus_C9A	NW_015387291.1	583	54	530	583	211270	211109	53.704	1.50e-09	66.6
Pantherophis_obsoletus_C9A	NW_015387291.1	583	56	529	583	149910	150077	51.786	2.19e-08	63.2
Pantherophis_obsoletus_C9A	NW_015387291.1	583	79	277	355	137187	137423	35.443	1.72e-07	60.1
Pantherophis_obsoletus_C9A	NW_015387291.1	583	84	277	360	177651	177902	32.143	8.41e-07	57.8
Pantherophis_obsoletus_C9A	NW_015387291.1	583	50	535	583	184166	184315	52.000	2.36e-06	56.2
Pantherophis_obsoletus_C9A	NW_015387291.1	583	69	457	525	146149	146352	44.928	2.54e-06	56.2
Pantherophis_obsoletus_C9A	NW_015386646.1	583	82	274	355	839427	839672	36.585	5.51e-09	65.1
Pantherophis_obsoletus_C9A	NW_015386646.1	583	47	537	583	857600	857740	46.809	9.90e-07	57.8
Pantherophis_obsoletus_C9A	NW_015386646.1	583	82	277	358	886861	886616	29.268	2.09e-06	56.6
Pantherophis_obsoletus_C9A	NW_015388741.1	583	220	302	516	40335	40952	24.545	3.86e-07	58.9
Bothrops_jararaca_C9A	NW_015386198.1	583	81	274	354	331583	331825	97.531	8.07e-42	167
Bothrops_jararaca_C9A	NW_015386198.1	583	80	453	532	339993	340232	93.750	1.40e-38	157
Bothrops_jararaca_C9A	NW_015386198.1	583	77	456	532	354494	354724	83.117	3.43e-33	141
Bothrops_jararaca_C9A	NW_015386198.1	583	74	199	272	328494	328715	90.541	1.24e-32	139
Bothrops_jararaca_C9A	NW_015386198.1	583	67	397	463	338377	338577	82.090	3.42e-24	113
Bothrops_jararaca_C9A	NW_015386198.1	583	52	532	583	341259	341414	96.154	2.79e-23	110
Bothrops_jararaca_C9A	NW_015386198.1	583	54	54	107	323507	323668	88.889	6.44e-22	106
Bothrops_jararaca_C9A	NW_015386198.1	583	47	157	203	326683	326823	97.872	3.98e-21	103
Bothrops_jararaca_C9A	NW_015386198.1	583	63	401	463	353223	353411	77.778	1.20e-20	102
Bothrops_jararaca_C9A	NW_015386198.1	583	50	107	156	324837	324986	90.000	4.84e-19	97.4
Bothrops_jararaca_C9A	NW_015386198.1	583	52	532	583	355335	355490	73.077	4.88e-16	87.8
Bothrops_jararaca_C9A	NW_015386198.1	583	42	354	395	334051	334176	92.857	4.78e-14	81.3
Bothrops_jararaca_C9A	NW_015386198.1	583	38	26	63	322703	322816	78.947	5.26e-10	68.2
Bothrops_jararaca_C9A	NW_015387291.1	583	54	530	583	211270	211109	53.704	1.11e-09	67.0
Bothrops_jararaca_C9A	NW_015387291.1	583	79	277	355	137187	137423	35.443	1.57e-07	60.1
Bothrops_jararaca_C9A	NW_015387291.1	583	79	277	355	177651	177887	32.911	5.54e-07	58.5
Bothrops_jararaca_C9A	NW_015387291.1	583	99	427	525	212933	212649	34.343	1.59e-06	57.0
Bothrops_jararaca_C9A	NW_015387291.1	583	50	535	583	149928	150077	48.000	5.43e-06	55.1
Bothrops_jararaca_C9A	NW_015387291.1	583	42	535	575	184166	184291	61.905	6.65e-06	55.1
Bothrops_jararaca_C9A	NW_015386646.1	583	82	274	355	839427	839672	35.366	2.33e-08	62.8
Bothrops_jararaca_C9A	NW_015386646.1	583	43	537	579	857600	857728	53.488	1.85e-07	60.1
Bothrops_jararaca_C9A	NW_015386646.1	583	78	277	354	886861	886628	29.487	8.82e-06	54.7
Bothrops_jararaca_C9A	NW_015388741.1	583	220	302	514	40335	40946	24.545	1.85e-06	56.6
Ptyas_mucosa_C9A	NW_015386198.1	583	81	274	354	331583	331825	88.889	3.08e-37	153
Ptyas_mucosa_C9A	NW_015386198.1	583	80	453	532	339993	340232	83.750	3.27e-35	147
Ptyas_mucosa_C9A	NW_015386198.1	583	77	456	532	354494	354724	81.818	4.15e-32	138
Ptyas_mucosa_C9A	NW_015386198.1	583	76	198	273	328491	328718	71.053	6.27e-25	115
Ptyas_mucosa_C9A	NW_015386198.1	583	50	107	156	324837	324986	92.000	5.16e-20	100
Ptyas_mucosa_C9A	NW_015386198.1	583	67	397	463	338377	338577	67.164	7.31e-20	99.8
Ptyas_mucosa_C9A	NW_015386198.1	583	63	401	463	353223	353411	68.254	2.52e-18	95.1
Ptyas_mucosa_C9A	NW_015386198.1	583	52	532	583	341259	341414	78.846	3.23e-17	91.7
Ptyas_mucosa_C9A	NW_015386198.1	583	54	54	107	323507	323668	75.926	4.26e-17	91.3
Ptyas_mucosa_C9A	NW_015386198.1	583	47	157	203	326683	326823	80.851	4.79e-16	87.8
Ptyas_mucosa_C9A	NW_015386198.1	583	52	532	583	355335	355490	61.538	2.68e-11	72.4
Ptyas_mucosa_C9A	NW_015386198.1	583	32	26	57	322703	322798	84.375	2.74e-08	62.8
Ptyas_mucosa_C9A	NW_015386198.1	583	42	354	395	334051	334176	66.667	5.10e-08	61.6
Ptyas_mucosa_C9A	NW_015387291.1	583	54	530	583	211270	211109	55.556	1.79e-10	69.7
Ptyas_mucosa_C9A	NW_015387291.1	583	56	529	583	149910	150077	51.786	9.34e-08	60.8
Ptyas_mucosa_C9A	NW_015387291.1	583	79	277	355	137187	137423	35.443	6.63e-07	58.2
Ptyas_mucosa_C9A	NW_015387291.1	583	78	457	534	212852	212628	42.308	6.74e-07	58.2
Ptyas_mucosa_C9A	NW_015386646.1	583	82	274	355	839427	839672	36.585	9.43e-09	64.3
Ptyas_mucosa_C9A	NW_015386646.1	583	82	277	358	886861	886616	29.268	8.52e-06	54.7
Ptyas_mucosa_C9A	NW_015388741.1	583	218	302	514	40335	40946	24.312	1.74e-06	56.6
Vipera_berus_C9A	NW_015386198.1	583	81	274	354	331583	331825	92.593	5.99e-39	159
Vipera_berus_C9A	NW_015386198.1	583	80	453	532	339993	340232	92.500	1.40e-38	157
Vipera_berus_C9A	NW_015386198.1	583	77	456	532	354494	354724	84.416	2.84e-34	144
Vipera_berus_C9A	NW_015386198.1	583	78	199	276	328494	328727	78.205	1.90e-29	129
Vipera_berus_C9A	NW_015386198.1	583	67	397	463	338377	338577	85.075	3.75e-25	116
Vipera_berus_C9A	NW_015386198.1	583	63	401	463	353223	353411	80.952	1.65e-21	105
Vipera_berus_C9A	NW_015386198.1	583	52	532	583	341259	341414	88.462	2.48e-21	104
Vipera_berus_C9A	NW_015386198.1	583	47	157	203	326683	326823	95.745	4.79e-21	103
Vipera_berus_C9A	NW_015386198.1	583	54	54	107	323507	323668	85.185	4.41e-20	100
Vipera_berus_C9A	NW_015386198.1	583	50	107	156	324837	324986	92.000	2.45e-19	98.2
Vipera_berus_C9A	NW_015386198.1	583	52	532	583	355335	355490	73.077	2.02e-16	89.0
Vipera_berus_C9A	NW_015386198.1	583	42	354	395	334051	334176	88.095	5.57e-13	77.8
Vipera_berus_C9A	NW_015386198.1	583	38	26	63	322703	322816	76.316	9.01e-10	67.4
Vipera_berus_C9A	NW_015387291.1	583	54	530	583	211270	211109	55.556	8.63e-10	67.4
Vipera_berus_C9A	NW_015387291.1	583	79	277	355	137187	137423	35.443	1.03e-07	60.8
Vipera_berus_C9A	NW_015387291.1	583	69	457	525	212852	212649	42.029	1.26e-07	60.5
Vipera_berus_C9A	NW_015387291.1	583	67	277	343	177651	177851	37.313	9.89e-07	57.8
Vipera_berus_C9A	NW_015386646.1	583	43	537	579	857600	857728	55.814	1.36e-07	60.5
Vipera_berus_C9A	NW_015386646.1	583	79	277	355	839436	839672	34.177	2.01e-07	59.7
Vipera_berus_C9A	NW_015386646.1	583	81	274	354	886870	886628	29.630	4.50e-06	55.5
Vipera_berus_C9A	NW_015388741.1	583	220	302	514	40335	40946	24.545	4.76e-06	55.5
Vipera_berus_C9A	NW_015401687.1	583	51	535	583	1802	1954	47.059	7.88e-06	54.3
Sceloporus_undulatus_C9A	NW_015386198.1	591	78	460	537	340002	340235	67.949	1.68e-28	127
Sceloporus_undulatus_C9A	NW_015386198.1	591	78	281	358	331592	331825	69.231	8.61e-27	121
Sceloporus_undulatus_C9A	NW_015386198.1	591	78	460	537	354494	354727	64.103	6.45e-26	119
Sceloporus_undulatus_C9A	NW_015386198.1	591	50	538	587	341265	341414	66.000	1.24e-12	76.6
Sceloporus_undulatus_C9A	NW_015386198.1	591	75	393	467	338371	338577	46.667	7.65e-12	74.3
Sceloporus_undulatus_C9A	NW_015386198.1	591	47	156	202	326683	326823	59.574	4.77e-11	71.6
Sceloporus_undulatus_C9A	NW_015386198.1	591	60	408	467	353232	353411	50.000	3.24e-10	68.9
Sceloporus_undulatus_C9A	NW_015386198.1	591	83	194	276	328482	328715	37.349	4.15e-09	65.5
Sceloporus_undulatus_C9A	NW_015386198.1	591	50	106	155	324837	324986	58.000	2.06e-08	63.2
Sceloporus_undulatus_C9A	NW_015386198.1	591	50	538	587	355341	355490	52.000	6.09e-08	61.6
Sceloporus_undulatus_C9A	NW_015386198.1	591	51	57	106	323516	323668	47.059	7.73e-06	54.7
Sceloporus_undulatus_C9A	NW_015387291.1	591	52	540	591	211252	211097	51.923	1.39e-09	67.0
Sceloporus_undulatus_C9A	NW_015387291.1	591	61	528	587	149895	150077	49.180	2.45e-09	66.2
Sceloporus_undulatus_C9A	NW_015387291.1	591	79	281	359	137187	137423	35.443	2.93e-08	62.8
Sceloporus_undulatus_C9A	NW_015387291.1	591	42	539	579	184166	184291	69.048	4.64e-08	62.0
Sceloporus_undulatus_C9A	NW_015387291.1	591	69	463	531	212846	212643	42.029	3.37e-07	59.3
Sceloporus_undulatus_C9A	NW_015387291.1	591	84	281	364	177651	177902	30.952	7.20e-07	58.2
Sceloporus_undulatus_C9A	NW_015388741.1	591	219	306	518	40335	40946	25.571	4.86e-08	62.0
Sceloporus_undulatus_C9A	NW_015386646.1	591	78	281	358	886861	886628	33.333	3.84e-07	58.9
Sceloporus_undulatus_C9A	NW_015386646.1	591	82	280	361	839433	839678	34.146	4.11e-07	58.9
Sceloporus_undulatus_C9A	NW_015386646.1	591	54	534	587	857582	857740	48.148	7.52e-07	58.2
Sceloporus_undulatus_C9A	NW_015401687.1	591	53	540	589	1805	1960	50.943	1.51e-06	57.0
Sceloporus_undulatus_C9A	NW_015391528.1	591	53	540	589	14227	14382	50.943	1.95e-06	56.6
Anolis_carolinensis_C9B	NW_015386198.1	538	75	280	354	331589	331813	70.667	5.38e-25	115
Anolis_carolinensis_C9B	NW_015386198.1	538	68	462	529	340008	340211	72.059	8.49e-24	111
Anolis_carolinensis_C9B	NW_015386198.1	538	68	462	529	354500	354703	64.706	4.79e-21	103
Anolis_carolinensis_C9B	NW_015386198.1	538	46	156	201	326683	326820	67.391	3.98e-13	78.2
Anolis_carolinensis_C9B	NW_015386198.1	538	61	400	460	353208	353390	52.459	1.75e-11	72.8
Anolis_carolinensis_C9B	NW_015386198.1	538	53	408	460	338398	338556	60.377	2.38e-11	72.4
Anolis_carolinensis_C9B	NW_015386198.1	538	50	106	155	324837	324986	62.000	4.22e-09	65.1
Anolis_carolinensis_C9B	NW_015386198.1	538	85	194	276	328482	328715	38.824	9.83e-08	60.8
Anolis_carolinensis_C9B	NW_015386198.1	538	38	25	62	322700	322813	52.632	4.83e-06	55.1
Anolis_carolinensis_C9B	NW_015387291.1	538	71	462	532	212849	212640	43.662	2.50e-09	65.9
Anolis_carolinensis_C9B	NW_015387291.1	538	111	254	364	177603	177902	31.532	7.16e-08	61.2
Anolis_carolinensis_C9B	NW_015387291.1	538	79	281	359	137187	137423	35.443	2.05e-07	59.7
Anolis_carolinensis_C9B	NW_015386646.1	538	77	281	357	886861	886631	35.065	4.52e-08	61.6
Anolis_carolinensis_C9B	NW_015386646.1	538	74	281	354	839436	839657	36.486	2.61e-07	59.3
Anolis_carolinensis_C9B	NW_015388741.1	538	222	306	518	40335	40946	26.577	9.02e-07	57.4
Hydrophis_cyanocinctus_C9B	NW_015386198.1	582	81	273	353	331583	331825	88.889	3.04e-37	153
Hydrophis_cyanocinctus_C9B	NW_015386198.1	582	80	452	531	339993	340232	81.250	1.83e-33	142
Hydrophis_cyanocinctus_C9B	NW_015386198.1	582	77	455	531	354494	354724	83.117	3.84e-33	141
Hydrophis_cyanocinctus_C9B	NW_015386198.1	582	75	198	272	328494	328718	73.333	3.94e-24	113
Hydrophis_cyanocinctus_C9B	NW_015386198.1	582	50	106	155	324837	324986	92.000	3.09e-20	101
Hydrophis_cyanocinctus_C9B	NW_015386198.1	582	66	397	462	338380	338577	66.667	4.89e-19	97.4
Hydrophis_cyanocinctus_C9B	NW_015386198.1	582	63	400	462	353223	353411	66.667	7.36e-18	93.6
Hydrophis_cyanocinctus_C9B	NW_015386198.1	582	47	156	202	326683	326823	85.106	3.35e-17	91.3
Hydrophis_cyanocinctus_C9B	NW_015386198.1	582	52	531	582	341259	341414	73.077	8.92e-17	90.1
Hydrophis_cyanocinctus_C9B	NW_015386198.1	582	54	53	106	323507	323668	68.519	1.44e-14	82.8
Hydrophis_cyanocinctus_C9B	NW_015386198.1	582	52	531	582	355335	355490	57.692	1.06e-11	73.6
Hydrophis_cyanocinctus_C9B	NW_015386198.1	582	43	353	395	334051	334176	65.116	3.46e-07	58.9
Hydrophis_cyanocinctus_C9B	NW_015386198.1	582	31	25	55	322703	322795	77.419	8.14e-06	54.7
Hydrophis_cyanocinctus_C9B	NW_015387291.1	582	54	529	582	211270	211109	53.704	6.43e-10	67.8
Hydrophis_cyanocinctus_C9B	NW_015387291.1	582	69	456	524	212852	212649	43.478	6.34e-08	61.6
Hydrophis_cyanocinctus_C9B	NW_015387291.1	582	68	516	582	149901	150077	45.588	3.58e-07	58.9
Hydrophis_cyanocinctus_C9B	NW_015387291.1	582	74	456	529	146149	146367	41.892	1.21e-06	57.4
Hydrophis_cyanocinctus_C9B	NW_015387291.1	582	79	276	354	137187	137423	34.177	1.33e-06	57.0
Hydrophis_cyanocinctus_C9B	NW_015386646.1	582	82	273	354	839427	839672	34.146	1.30e-07	60.5
Hydrophis_cyanocinctus_C9B	NW_015386646.1	582	82	276	357	886861	886616	30.488	5.02e-06	55.5
Hydrophis_cyanocinctus_C9B	NW_015386646.1	582	47	536	582	857600	857740	44.681	7.23e-06	54.7
Bothrops_jararaca_C9B	NW_015386198.1	583	81	274	354	331583	331825	97.531	8.07e-42	167
Bothrops_jararaca_C9B	NW_015386198.1	583	80	453	532	339993	340232	93.750	1.92e-38	157
Bothrops_jararaca_C9B	NW_015386198.1	583	78	195	272	328482	328715	85.897	3.25e-33	141
Bothrops_jararaca_C9B	NW_015386198.1	583	77	456	532	354494	354724	83.117	4.07e-33	141
Bothrops_jararaca_C9B	NW_015386198.1	583	67	397	463	338377	338577	85.075	2.17e-25	117
Bothrops_jararaca_C9B	NW_015386198.1	583	52	532	583	341259	341414	94.231	1.12e-22	108
Bothrops_jararaca_C9B	NW_015386198.1	583	54	54	107	323507	323668	88.889	5.45e-22	106
Bothrops_jararaca_C9B	NW_015386198.1	583	63	401	463	353223	353411	80.952	8.38e-22	105
Bothrops_jararaca_C9B	NW_015386198.1	583	50	107	156	324837	324986	96.000	6.74e-21	103
Bothrops_jararaca_C9B	NW_015386198.1	583	47	157	203	326683	326823	95.745	1.52e-20	102
Bothrops_jararaca_C9B	NW_015386198.1	583	52	532	583	355335	355490	71.154	2.08e-15	85.9
Bothrops_jararaca_C9B	NW_015386198.1	583	42	354	395	334051	334176	97.619	2.65e-15	85.5
Bothrops_jararaca_C9B	NW_015386198.1	583	38	26	63	322703	322816	81.579	3.32e-10	68.9
Bothrops_jararaca_C9B	NW_015387291.1	583	54	530	583	211270	211109	51.852	4.37e-09	65.1
Bothrops_jararaca_C9B	NW_015387291.1	583	79	277	355	137187	137423	35.443	1.42e-07	60.5
Bothrops_jararaca_C9B	NW_015387291.1	583	79	277	355	177651	177887	32.911	6.03e-07	58.2
Bothrops_jararaca_C9B	NW_015387291.1	583	99	427	525	212933	212649	34.343	9.48e-07	57.8
Bothrops_jararaca_C9B	NW_015387291.1	583	42	535	575	184166	184291	61.905	8.30e-06	54.7
Bothrops_jararaca_C9B	NW_015387291.1	583	50	535	583	149928	150077	48.000	9.04e-06	54.3
Bothrops_jararaca_C9B	NW_015386646.1	583	82	274	355	839427	839672	35.366	2.35e-08	62.8
Bothrops_jararaca_C9B	NW_015386646.1	583	43	537	579	857600	857728	53.488	2.39e-07	59.7
Bothrops_jararaca_C9B	NW_015386646.1	583	78	277	354	886861	886628	29.487	8.82e-06	54.7
Bothrops_jararaca_C9B	NW_015388741.1	583	220	302	514	40335	40946	24.545	3.27e-06	55.8
Laticauda_colubrina_C9B	NW_015386198.1	583	80	453	532	339993	340232	83.750	1.79e-34	145
Laticauda_colubrina_C9B	NW_015386198.1	583	79	276	354	331589	331825	84.810	2.14e-34	145
Laticauda_colubrina_C9B	NW_015386198.1	583	77	456	532	354494	354724	77.922	5.09e-31	134
Laticauda_colubrina_C9B	NW_015386198.1	583	78	199	276	328494	328727	69.231	7.48e-22	106
Laticauda_colubrina_C9B	NW_015386198.1	583	66	398	463	338380	338577	71.212	1.69e-19	98.6
Laticauda_colubrina_C9B	NW_015386198.1	583	63	401	463	353223	353411	71.429	5.86e-19	97.1
Laticauda_colubrina_C9B	NW_015386198.1	583	50	107	156	324837	324986	86.000	3.30e-18	94.7
Laticauda_colubrina_C9B	NW_015386198.1	583	46	157	202	326683	326820	86.957	3.29e-17	91.7
Laticauda_colubrina_C9B	NW_015386198.1	583	52	532	583	341259	341414	75.000	7.67e-17	90.1
Laticauda_colubrina_C9B	NW_015386198.1	583	54	54	107	323507	323668	72.222	9.56e-16	86.7
Laticauda_colubrina_C9B	NW_015386198.1	583	52	532	583	355335	355490	57.692	2.11e-11	72.8
Laticauda_colubrina_C9B	NW_015386198.1	583	31	26	56	322703	322795	80.645	7.04e-07	58.2
Laticauda_colubrina_C9B	NW_015387291.1	583	54	530	583	211270	211109	50.000	1.09e-08	63.9
Laticauda_colubrina_C9B	NW_015387291.1	583	79	277	355	137187	137423	36.709	3.63e-08	62.4
Laticauda_colubrina_C9B	NW_015387291.1	583	69	457	525	212852	212649	43.478	1.07e-07	60.8
Laticauda_colubrina_C9B	NW_015387291.1	583	56	529	583	149910	150077	48.214	2.28e-07	59.7
Laticauda_colubrina_C9B	NW_015387291.1	583	87	274	360	177642	177902	32.184	2.51e-07	59.7
Laticauda_colubrina_C9B	NW_015386646.1	583	81	277	357	839436	839678	30.864	8.96e-08	60.8
Laticauda_colubrina_C9B	NW_015386646.1	583	86	274	359	886870	886616	32.558	8.56e-07	57.8
Laticauda_colubrina_C9B	NW_015388741.1	583	218	302	514	40335	40946	22.936	1.82e-06	56.6
Pseudonaja_textilis_C9B	NW_015386198.1	583	81	274	354	331583	331825	85.185	1.37e-35	148
Pseudonaja_textilis_C9B	NW_015386198.1	583	80	453	532	339993	340232	83.750	2.41e-34	145
Pseudonaja_textilis_C9B	NW_015386198.1	583	77	456	532	354494	354724	79.221	3.30e-31	135
Pseudonaja_textilis_C9B	NW_015386198.1	583	50	107	156	324837	324986	94.000	1.24e-20	102
Pseudonaja_textilis_C9B	NW_015386198.1	583	75	199	273	328494	328718	65.333	4.52e-20	100
Pseudonaja_textilis_C9B	NW_015386198.1	583	69	395	463	338371	338577	66.667	1.81e-19	98.6
Pseudonaja_textilis_C9B	NW_015386198.1	583	63	401	463	353223	353411	71.429	8.44e-19	96.7
Pseudonaja_textilis_C9B	NW_015386198.1	583	47	157	203	326683	326823	87.234	5.10e-18	94.0
Pseudonaja_textilis_C9B	NW_015386198.1	583	54	54	107	323507	323668	68.519	6.77e-15	84.0
Pseudonaja_textilis_C9B	NW_015386198.1	583	52	532	583	341259	341414	69.231	1.38e-14	83.2
Pseudonaja_textilis_C9B	NW_015386198.1	583	52	532	583	355335	355490	51.923	3.62e-09	65.5
Pseudonaja_textilis_C9B	NW_015386198.1	583	32	26	57	322703	322798	84.375	6.76e-08	61.2
Pseudonaja_textilis_C9B	NW_015386198.1	583	45	354	398	334051	334182	62.222	1.80e-07	60.1
Pseudonaja_textilis_C9B	NW_015386646.1	583	107	249	355	839358	839672	29.907	4.60e-09	65.1
Pseudonaja_textilis_C9B	NW_015386646.1	583	47	537	583	857600	857740	44.681	5.74e-07	58.5
Pseudonaja_textilis_C9B	NW_015386646.1	583	78	277	354	886861	886628	30.769	1.19e-06	57.4
Pseudonaja_textilis_C9B	NW_015387291.1	583	54	530	583	211270	211109	50.000	8.01e-09	64.3
Pseudonaja_textilis_C9B	NW_015387291.1	583	69	457	525	212852	212649	43.478	3.39e-08	62.4
Pseudonaja_textilis_C9B	NW_015387291.1	583	54	531	583	149922	150077	51.852	1.12e-07	60.8
Pseudonaja_textilis_C9B	NW_015387291.1	583	78	277	354	137187	137420	34.615	5.00e-07	58.5
Pseudonaja_textilis_C9B	NW_015387291.1	583	69	457	525	146149	146352	43.478	4.50e-06	55.5
Pseudonaja_textilis_C9B	NW_015387291.1	583	78	277	354	177651	177884	30.769	6.43e-06	55.1
Notechis_scutatus_C9B	NW_015386198.1	583	82	451	532	339987	340232	84.146	2.09e-35	148
Notechis_scutatus_C9B	NW_015386198.1	583	79	276	354	331589	331825	86.076	1.84e-34	145
Notechis_scutatus_C9B	NW_015386198.1	583	77	456	532	354494	354724	80.519	5.69e-32	137
Notechis_scutatus_C9B	NW_015386198.1	583	75	199	273	328494	328718	74.667	4.10e-25	116
Notechis_scutatus_C9B	NW_015386198.1	583	50	107	156	324837	324986	92.000	3.42e-20	100
Notechis_scutatus_C9B	NW_015386198.1	583	66	398	463	338380	338577	66.667	4.07e-19	97.4
Notechis_scutatus_C9B	NW_015386198.1	583	47	157	203	326683	326823	89.362	1.88e-18	95.5
Notechis_scutatus_C9B	NW_015386198.1	583	63	401	463	353223	353411	66.667	1.06e-17	93.2
Notechis_scutatus_C9B	NW_015386198.1	583	52	532	583	341259	341414	73.077	9.95e-17	90.1
Notechis_scutatus_C9B	NW_015386198.1	583	54	54	107	323507	323668	68.519	1.20e-14	83.2
Notechis_scutatus_C9B	NW_015386198.1	583	52	532	583	355335	355490	57.692	1.07e-11	73.6
Notechis_scutatus_C9B	NW_015386198.1	583	31	26	56	322703	322795	80.645	7.41e-07	58.2
Notechis_scutatus_C9B	NW_015386198.1	583	42	354	395	334051	334173	66.667	1.05e-06	57.4
Notechis_scutatus_C9B	NW_015387291.1	583	54	530	583	211270	211109	53.704	7.03e-10	67.8
Notechis_scutatus_C9B	NW_015387291.1	583	69	457	525	212852	212649	43.478	3.39e-08	62.4
Notechis_scutatus_C9B	NW_015387291.1	583	68	517	583	149901	150077	45.588	3.65e-07	58.9
Notechis_scutatus_C9B	NW_015387291.1	583	79	277	355	137187	137423	34.177	9.08e-07	57.8
Notechis_scutatus_C9B	NW_015387291.1	583	87	274	360	177642	177902	29.885	9.80e-07	57.8
Notechis_scutatus_C9B	NW_015387291.1	583	69	457	525	146149	146352	43.478	5.29e-06	55.1
Notechis_scutatus_C9B	NW_015386646.1	583	79	277	355	839436	839672	31.646	3.11e-07	59.3
Notechis_scutatus_C9B	NW_015386646.1	583	85	274	358	886870	886616	29.412	3.46e-06	55.8
Notechis_scutatus_C9B	NW_015386646.1	583	47	537	583	857600	857740	44.681	8.17e-06	54.7
Pituophis_catenifer_C9B	NW_015386198.1	583	77	456	532	340002	340232	89.610	3.11e-37	153
Pituophis_catenifer_C9B	NW_015386198.1	583	77	456	532	354494	354724	84.416	4.12e-34	144
Pituophis_catenifer_C9B	NW_015386198.1	583	77	277	353	331592	331822	83.117	1.96e-31	135
Pituophis_catenifer_C9B	NW_015386198.1	583	52	532	583	355335	355490	88.462	2.59e-21	104
Pituophis_catenifer_C9B	NW_015386198.1	583	67	397	463	353211	353411	73.134	3.08e-20	101
Pituophis_catenifer_C9B	NW_015386198.1	583	64	400	463	338386	338577	75.000	1.01e-19	99.4
Pituophis_catenifer_C9B	NW_015386198.1	583	50	107	156	324837	324986	86.000	5.05e-18	94.0
Pituophis_catenifer_C9B	NW_015386198.1	583	47	157	203	326683	326823	85.106	3.46e-17	91.3
Pituophis_catenifer_C9B	NW_015386198.1	583	52	532	583	341259	341414	75.000	4.88e-16	87.8
Pituophis_catenifer_C9B	NW_015386198.1	583	54	54	107	323507	323668	72.222	1.55e-15	86.3
Pituophis_catenifer_C9B	NW_015386198.1	583	75	198	272	328491	328715	56.000	2.71e-14	82.0
Pituophis_catenifer_C9B	NW_015386198.1	583	41	355	395	334054	334176	68.293	6.05e-08	61.6
Pituophis_catenifer_C9B	NW_015386198.1	583	38	26	63	322703	322816	68.421	2.90e-07	59.3
Pituophis_catenifer_C9B	NW_015386646.1	583	76	277	352	839436	839663	39.474	3.19e-08	62.4
Pituophis_catenifer_C9B	NW_015386646.1	583	78	453	529	854733	854966	38.462	9.56e-07	57.8
Pituophis_catenifer_C9B	NW_015386646.1	583	41	537	577	857600	857722	56.098	2.84e-06	56.2
Pituophis_catenifer_C9B	NW_015387291.1	583	98	457	550	212852	212568	37.755	1.70e-07	60.1
Pituophis_catenifer_C9B	NW_015387291.1	583	50	530	579	211270	211121	50.000	7.34e-07	58.2
Pituophis_catenifer_C9B	NW_015387291.1	583	69	457	525	146149	146352	44.928	1.69e-06	57.0
Pituophis_catenifer_C9B	NW_015388525.1	583	232	293	516	110862	111485	24.138	2.80e-07	59.3
Pituophis_catenifer_C9B	NW_015388741.1	583	218	302	514	40335	40946	24.312	1.25e-06	57.4
Pantherophis_obsoletus_C9B	NW_015386198.1	583	81	274	354	331583	331825	83.951	8.96e-35	146
Pantherophis_obsoletus_C9B	NW_015386198.1	583	77	456	532	340002	340232	79.221	1.23e-32	139
Pantherophis_obsoletus_C9B	NW_015386198.1	583	77	456	532	354494	354724	79.221	4.01e-32	138
Pantherophis_obsoletus_C9B	NW_015386198.1	583	56	528	583	355323	355490	82.143	2.64e-21	104
Pantherophis_obsoletus_C9B	NW_015386198.1	583	67	397	463	353211	353411	74.627	1.18e-20	102
Pantherophis_obsoletus_C9B	NW_015386198.1	583	64	400	463	338386	338577	75.000	8.70e-20	99.8
Pantherophis_obsoletus_C9B	NW_015386198.1	583	54	54	107	323507	323668	77.778	3.89e-18	94.4
Pantherophis_obsoletus_C9B	NW_015386198.1	583	50	107	156	324837	324986	86.000	5.91e-18	94.0
Pantherophis_obsoletus_C9B	NW_015386198.1	583	47	157	203	326683	326823	85.106	4.49e-17	90.9
Pantherophis_obsoletus_C9B	NW_015386198.1	583	56	528	583	341247	341414	73.214	5.82e-17	90.5
Pantherophis_obsoletus_C9B	NW_015386198.1	583	78	198	275	328491	328724	56.410	5.05e-15	84.3
Pantherophis_obsoletus_C9B	NW_015386198.1	583	42	354	395	334051	334176	73.810	8.93e-10	67.4
Pantherophis_obsoletus_C9B	NW_015386198.1	583	38	26	63	322703	322816	71.053	6.21e-08	61.6
Pantherophis_obsoletus_C9B	NW_015386646.1	583	82	274	355	839427	839672	36.585	6.05e-09	64.7
Pantherophis_obsoletus_C9B	NW_015386646.1	583	85	274	358	886870	886616	29.412	1.45e-06	57.0
Pantherophis_obsoletus_C9B	NW_015386646.1	583	72	453	523	854733	854948	38.889	1.62e-06	57.0
Pantherophis_obsoletus_C9B	NW_015386646.1	583	41	537	577	857600	857722	58.537	1.97e-06	56.6
Pantherophis_obsoletus_C9B	NW_015387291.1	583	98	457	550	212852	212568	34.694	1.08e-07	60.8
Pantherophis_obsoletus_C9B	NW_015387291.1	583	81	275	355	137181	137423	35.802	1.32e-07	60.5
Pantherophis_obsoletus_C9B	NW_015387291.1	583	86	275	360	177645	177902	32.558	1.28e-06	57.4
Pantherophis_obsoletus_C9B	NW_015387291.1	583	44	536	579	211252	211121	52.273	1.33e-06	57.0
Pantherophis_obsoletus_C9B	NW_015387291.1	583	73	457	529	146149	146364	39.726	4.35e-06	55.5
Pantherophis_obsoletus_C9B	NW_015388741.1	583	218	302	514	40335	40946	23.853	6.88e-07	58.2
Crotalus_tigris_C9B	NW_015386198.1	583	77	456	532	354494	354724	94.805	9.76e-38	155
Crotalus_tigris_C9B	NW_015386198.1	583	80	453	532	339993	340232	82.500	2.88e-35	147
Crotalus_tigris_C9B	NW_015386198.1	583	78	276	353	331589	331822	78.205	2.00e-30	132
Crotalus_tigris_C9B	NW_015386198.1	583	68	396	463	353208	353411	88.235	1.30e-26	121
Crotalus_tigris_C9B	NW_015386198.1	583	52	532	583	355335	355490	94.231	3.22e-23	110
Crotalus_tigris_C9B	NW_015386198.1	583	67	399	463	338377	338577	80.597	2.99e-21	104
Crotalus_tigris_C9B	NW_015386198.1	583	54	54	107	323507	323668	87.037	6.62e-21	103
Crotalus_tigris_C9B	NW_015386198.1	583	50	107	156	324837	324986	88.000	1.75e-18	95.5
Crotalus_tigris_C9B	NW_015386198.1	583	47	157	203	326683	326823	87.234	4.51e-18	94.4
Crotalus_tigris_C9B	NW_015386198.1	583	52	532	583	341259	341414	75.000	5.48e-17	90.9
Crotalus_tigris_C9B	NW_015386198.1	583	43	354	396	349735	349863	95.349	3.61e-15	85.1
Crotalus_tigris_C9B	NW_015386198.1	583	78	195	272	328482	328715	51.282	4.20e-13	78.2
Crotalus_tigris_C9B	NW_015386198.1	583	38	26	63	322703	322816	71.053	1.71e-07	60.1
Crotalus_tigris_C9B	NW_015386646.1	583	105	249	353	839358	839666	31.429	6.26e-08	61.6
Crotalus_tigris_C9B	NW_015386646.1	583	43	537	579	857600	857728	53.488	7.80e-07	57.8
Crotalus_tigris_C9B	NW_015386646.1	583	74	451	523	854730	854948	39.189	9.85e-06	54.3
Crotalus_tigris_C9B	NW_015387291.1	583	50	530	579	211270	211121	50.000	1.94e-07	60.1
Crotalus_tigris_C9B	NW_015387291.1	583	101	457	550	212852	212568	34.653	2.64e-07	59.3
Crotalus_tigris_C9B	NW_015388741.1	583	218	302	514	40335	40946	25.229	2.33e-07	59.7
Ptyas_mucosa_C9B	NW_015386198.1	583	84	277	360	331592	331843	78.571	1.17e-31	136
Ptyas_mucosa_C9B	NW_015386198.1	583	77	456	532	340002	340232	77.922	1.38e-31	136
Ptyas_mucosa_C9B	NW_015386198.1	583	77	456	532	354494	354724	77.922	5.77e-31	134
Ptyas_mucosa_C9B	NW_015386198.1	583	56	528	583	355323	355490	82.143	1.80e-21	105
Ptyas_mucosa_C9B	NW_015386198.1	583	61	397	457	353211	353393	77.049	1.20e-18	95.9
Ptyas_mucosa_C9B	NW_015386198.1	583	58	400	457	338386	338559	79.310	1.36e-18	95.9
Ptyas_mucosa_C9B	NW_015386198.1	583	50	107	156	324837	324986	84.000	2.94e-17	91.7
Ptyas_mucosa_C9B	NW_015386198.1	583	56	528	583	341247	341414	73.214	3.20e-17	91.7
Ptyas_mucosa_C9B	NW_015386198.1	583	54	54	107	323507	323668	74.074	6.45e-17	90.5
Ptyas_mucosa_C9B	NW_015386198.1	583	47	157	203	326683	326823	82.979	1.56e-16	89.4
Ptyas_mucosa_C9B	NW_015386198.1	583	78	195	272	328482	328715	55.128	1.29e-14	83.2
Ptyas_mucosa_C9B	NW_015386198.1	583	40	354	393	349735	349854	65.000	1.09e-06	57.4
Ptyas_mucosa_C9B	NW_015386646.1	583	76	277	352	839436	839663	39.474	3.39e-08	62.4
Ptyas_mucosa_C9B	NW_015386646.1	583	43	537	579	857600	857728	53.488	3.47e-07	58.9
Ptyas_mucosa_C9B	NW_015387291.1	583	44	536	579	211252	211121	56.818	5.06e-08	61.6
Ptyas_mucosa_C9B	NW_015387291.1	583	98	457	550	212852	212568	34.694	9.48e-07	57.8
Ptyas_mucosa_C9B	NW_015387291.1	583	70	460	529	146158	146364	41.429	5.24e-06	55.1
