Protobothrops_mucrosquamatus_C9A	NW_015386198.1	584	81	274	354	331583	331825	100.000	3.30e-43	171
Protobothrops_mucrosquamatus_C9A	NW_015386198.1	584	80	453	532	339993	340232	96.250	6.39e-40	162
Protobothrops_mucrosquamatus_C9A	NW_015386198.1	584	75	199	273	328494	328718	96.000	1.80e-35	148
Protobothrops_mucrosquamatus_C9A	NW_015386198.1	584	77	456	532	354494	354724	83.117	1.09e-33	142
Protobothrops_mucrosquamatus_C9A	NW_015386198.1	584	67	397	463	338377	338577	91.045	1.87e-27	123
Protobothrops_mucrosquamatus_C9A	NW_015386198.1	584	53	532	584	341259	341417	100.000	2.45e-24	114
Protobothrops_mucrosquamatus_C9A	NW_015386198.1	584	54	54	107	323507	323668	94.444	9.44e-24	112
Protobothrops_mucrosquamatus_C9A	NW_015386198.1	584	50	107	156	324837	324986	100.000	3.77e-22	107
Protobothrops_mucrosquamatus_C9A	NW_015386198.1	584	47	157	203	326683	326823	97.872	3.98e-21	103
Protobothrops_mucrosquamatus_C9A	NW_015386198.1	584	69	395	463	353211	353411	76.812	8.59e-21	102
Protobothrops_mucrosquamatus_C9A	NW_015386198.1	584	53	532	584	355335	355493	73.585	3.56e-16	88.2
Protobothrops_mucrosquamatus_C9A	NW_015386198.1	584	43	354	396	334051	334179	97.674	9.69e-16	86.7
Protobothrops_mucrosquamatus_C9A	NW_015386198.1	584	32	26	57	322703	322798	100.000	1.91e-11	72.8
Protobothrops_mucrosquamatus_C9A	NW_015387291.1	584	50	530	579	211270	211121	54.000	3.99e-09	65.5
Protobothrops_mucrosquamatus_C9A	NW_015387291.1	584	79	277	355	137187	137423	35.443	8.10e-08	61.2
Protobothrops_mucrosquamatus_C9A	NW_015387291.1	584	69	457	525	212852	212649	43.478	9.45e-08	60.8
Protobothrops_mucrosquamatus_C9A	NW_015387291.1	584	79	277	355	177651	177887	32.911	3.69e-07	58.9
Protobothrops_mucrosquamatus_C9A	NW_015387291.1	584	42	535	575	184166	184291	64.286	8.08e-07	57.8
Protobothrops_mucrosquamatus_C9A	NW_015387291.1	584	50	535	583	149928	150077	50.000	2.30e-06	56.2
Protobothrops_mucrosquamatus_C9A	NW_015386646.1	584	82	274	355	839427	839672	35.366	1.40e-08	63.5
Protobothrops_mucrosquamatus_C9A	NW_015386646.1	584	48	537	584	857600	857743	56.250	1.86e-08	63.2
Protobothrops_mucrosquamatus_C9A	NW_015386646.1	584	78	277	354	886861	886628	29.487	2.41e-06	56.2
Protobothrops_mucrosquamatus_C9A	NW_015388741.1	584	220	302	514	40335	40946	25.000	9.79e-07	57.8
Protobothrops_mucrosquamatus_C9B_remnant	NW_015386198.1	230	77	102	178	354494	354724	98.701	2.53e-43	160
Protobothrops_mucrosquamatus_C9B_remnant	NW_015386198.1	230	80	99	178	339993	340232	81.250	2.07e-37	143
Protobothrops_mucrosquamatus_C9B_remnant	NW_015386198.1	230	68	42	109	353208	353411	91.176	2.57e-31	125
Protobothrops_mucrosquamatus_C9B_remnant	NW_015386198.1	230	53	178	230	355335	355493	100.000	3.02e-28	117
Protobothrops_mucrosquamatus_C9B_remnant	NW_015386198.1	230	67	45	109	338377	338577	77.612	6.40e-23	101
Protobothrops_mucrosquamatus_C9B_remnant	NW_015386198.1	230	53	178	230	341259	341417	73.585	1.39e-18	89.0
Protobothrops_mucrosquamatus_C9B_remnant	NW_015386198.1	230	42	1	42	349738	349863	100.000	5.72e-18	87.4
Protobothrops_mucrosquamatus_C9B_remnant	NW_015387291.1	230	54	172	225	211282	211121	48.148	2.92e-09	61.6
Protobothrops_mucrosquamatus_C9B_remnant	NW_015387291.1	230	98	103	196	212852	212568	34.694	9.58e-08	57.4
Protobothrops_mucrosquamatus_C9B_remnant	NW_015387291.1	230	74	103	176	146149	146367	39.189	2.49e-06	53.1
Protobothrops_mucrosquamatus_C9B_remnant	NW_015386646.1	230	48	183	230	857600	857743	50.000	1.46e-07	56.6
Protobothrops_mucrosquamatus_C9B_remnant	NW_015386646.1	230	74	97	169	854730	854948	39.189	8.23e-07	54.3
