# Protobothrops_mucrosquamatus_copy2 subject=NW_015386198.1 region_offset=341418 (add to sstart/send)
Lacerta_agilis_C9A	region	589	74	461	534	13086	13307	64.865	1.47e-28	112
Lacerta_agilis_C9A	region	589	63	403	465	11806	11994	53.968	4.86e-15	68.9
Lacerta_agilis_C9A	region	589	52	534	584	13918	14073	51.923	1.89e-11	57.4
Lacerta_agilis_C9A	region	589	41	357	397	8321	8443	36.585	0.008	29.3
Zootoca_vivipara_C9A	region	589	74	461	534	13086	13307	64.865	1.47e-28	112
Zootoca_vivipara_C9A	region	589	63	403	465	11806	11994	55.556	1.27e-15	70.9
Zootoca_vivipara_C9A	region	589	53	534	584	13918	14073	54.717	5.40e-11	55.8
Zootoca_vivipara_C9A	region	589	47	351	397	8306	8443	38.298	0.001	32.3
Podarcis_muralis_C9A	region	589	74	461	534	13086	13307	64.865	5.35e-29	113
Podarcis_muralis_C9A	region	589	57	402	458	11803	11973	54.386	2.58e-13	63.5
Podarcis_muralis_C9A	region	589	52	534	584	13918	14073	51.923	2.19e-11	57.4
Podarcis_muralis_C9A	region	589	41	357	397	8321	8443	34.146	0.005	30.0
Anolis_carolinensis_C9A	region	591	78	460	537	13077	13310	61.538	1.40e-30	118
Anolis_carolinensis_C9A	region	591	52	536	587	13918	14073	57.692	8.61e-15	68.2
Anolis_carolinensis_C9A	region	591	60	408	467	11815	11994	50.000	6.92e-14	65.5
Anolis_carolinensis_C9A	region	591	77	323	399	8234	8443	24.675	0.017	28.1
Anolis_carolinensis_C9A	region	591	21	167	187	6327	6389	52.381	0.097	25.8
Pogona_vitticeps_C9A	region	576	75	441	515	13077	13301	64.000	9.72e-28	109
Pogona_vitticeps_C9A	region	576	70	502	571	13864	14073	54.286	3.57e-18	79.3
Pogona_vitticeps_C9A	region	576	69	380	448	11794	11994	46.377	2.51e-14	66.6
Pogona_vitticeps_C9A	region	576	74	307	380	8243	8443	31.081	7.16e-05	35.8
Pogona_vitticeps_C9A	region	576	47	17	59	13861	14001	31.915	0.76	22.7
Gekko_japonicus_C9A	region	582	81	457	537	13086	13310	51.852	1.03e-22	94.0
Gekko_japonicus_C9A	region	582	47	531	577	13921	14061	57.447	2.44e-12	60.5
Gekko_japonicus_C9A	region	582	51	401	451	11812	11964	43.137	2.28e-08	47.4
Crotalus_tigris_C9A	region	583	77	456	532	13077	13307	97.403	1.51e-43	158
Crotalus_tigris_C9A	region	583	68	396	463	11791	11994	88.235	2.36e-31	120
Crotalus_tigris_C9A	region	583	52	532	583	13918	14073	92.308	9.75e-28	109
Crotalus_tigris_C9A	region	583	43	354	396	8318	8446	95.349	5.24e-20	85.1
Thamnophis_elegans_C9A	region	583	77	456	532	13077	13307	77.922	3.74e-34	129
Thamnophis_elegans_C9A	region	583	63	401	463	11806	11994	71.429	2.17e-24	99.0
Thamnophis_elegans_C9A	region	583	52	532	583	13918	14073	63.462	1.32e-17	77.4
Thamnophis_elegans_C9A	region	583	40	356	395	8324	8443	40.000	6.26e-04	32.7
Naja_naja_C9A	region	582	77	455	531	13077	13307	85.714	1.56e-38	143
Naja_naja_C9A	region	582	56	527	582	13906	14073	80.357	3.58e-26	104
Naja_naja_C9A	region	582	67	396	462	11794	11994	74.627	1.66e-25	102
Naja_naja_C9A	region	582	42	354	394	8318	8443	54.762	1.52e-07	44.7
Naja_naja_C9A	region	582	35	157	191	28577	28681	28.571	0.28	24.3
Pseudonaja_textilis_C9A	region	583	77	456	532	13077	13307	81.818	6.41e-37	138
Pseudonaja_textilis_C9A	region	583	68	396	463	11791	11994	72.059	4.18e-26	104
Pseudonaja_textilis_C9A	region	583	56	528	583	13906	14073	80.357	5.39e-26	104
Pseudonaja_textilis_C9A	region	583	43	354	396	8318	8446	65.116	4.52e-12	59.3
Pseudonaja_textilis_C9A	region	583	35	157	191	28577	28681	28.571	0.29	24.3
Pseudonaja_textilis_C9A	region	583	21	70	90	28116	28178	38.095	0.37	23.9
Python_bivittatus_C9A	region	582	77	456	532	13077	13307	77.922	1.45e-34	130
Python_bivittatus_C9A	region	582	63	401	463	11806	11994	74.603	4.89e-25	101
Python_bivittatus_C9A	region	582	52	532	582	13918	14073	75.000	1.25e-20	87.0
Python_bivittatus_C9A	region	582	41	355	395	8321	8443	39.024	9.31e-06	38.9
Notechis_scutatus_C9A	region	583	77	456	532	13077	13307	81.818	2.25e-36	136
Notechis_scutatus_C9A	region	583	56	528	583	13906	14073	80.357	5.53e-26	104
Notechis_scutatus_C9A	region	583	68	396	463	11791	11994	72.059	5.83e-26	103
Notechis_scutatus_C9A	region	583	43	354	396	8318	8446	65.116	4.34e-12	59.7
Notechis_scutatus_C9A	region	583	35	157	191	28577	28681	28.571	0.30	24.3
Notechis_scutatus_C9A	region	583	21	70	90	28116	28178	33.333	0.88	22.7
Hydrophis_cyanocinctus_C9A	region	583	77	456	532	13077	13307	80.519	9.07e-36	134
Hydrophis_cyanocinctus_C9A	region	583	56	528	583	13906	14073	80.357	5.99e-26	103
Hydrophis_cyanocinctus_C9A	region	583	67	397	463	11794	11994	70.149	2.31e-24	99.0
Hydrophis_cyanocinctus_C9A	region	583	42	354	395	8318	8443	69.048	3.85e-13	62.8
Hydrophis_cyanocinctus_C9A	region	583	33	159	191	28583	28681	30.303	0.34	23.9
Hydrophis_cyanocinctus_C9A	region	583	21	70	90	28116	28178	33.333	0.88	22.7
Laticauda_colubrina_C9A	region	583	77	456	532	13077	13307	80.519	4.62e-36	135
Laticauda_colubrina_C9A	region	583	67	397	463	11794	11994	76.119	4.73e-26	104
Laticauda_colubrina_C9A	region	583	56	528	583	13906	14073	78.571	1.24e-25	103
Laticauda_colubrina_C9A	region	583	42	354	395	8318	8443	57.143	6.27e-10	52.4
Laticauda_colubrina_C9A	region	583	35	157	191	28577	28681	28.571	0.29	24.3
Protobothrops_mucrosquamatus_C9A	region	583	77	456	532	13077	13307	83.117	1.78e-38	142
Protobothrops_mucrosquamatus_C9A	region	583	69	395	463	11794	11994	76.812	1.42e-25	102
Protobothrops_mucrosquamatus_C9A	region	583	52	532	583	13918	14073	73.077	7.64e-21	87.8
Protobothrops_mucrosquamatus_C9A	region	583	41	355	395	8321	8443	39.024	1.01e-04	35.4
Chrysopelea_ornata_C9A	region	584	77	457	533	13077	13307	81.818	5.57e-37	138
Chrysopelea_ornata_C9A	region	584	63	402	464	11806	11994	71.429	7.14e-24	97.4
Chrysopelea_ornata_C9A	region	584	52	533	584	13918	14073	61.538	1.07e-16	74.3
Chrysopelea_ornata_C9A	region	584	36	355	390	8321	8425	41.667	0.001	32.3
Chrysopelea_ornata_C9A	region	584	35	157	191	28577	28681	25.714	0.95	22.3
Pituophis_catenifer_C9A	region	583	77	456	532	13077	13307	81.818	7.82e-37	137
Pituophis_catenifer_C9A	region	583	67	397	463	11794	11994	70.149	2.63e-24	99.0
Pituophis_catenifer_C9A	region	583	52	532	583	13918	14073	61.538	3.29e-17	76.3
Pituophis_catenifer_C9A	region	583	42	354	395	8318	8443	38.095	4.56e-05	36.6
Pantherophis_obsoletus_C9A	region	583	77	456	532	13077	13307	81.818	7.61e-37	137
Pantherophis_obsoletus_C9A	region	583	63	401	463	11806	11994	71.429	1.48e-23	96.7
Pantherophis_obsoletus_C9A	region	583	52	532	583	13918	14073	63.462	1.30e-17	77.4
Pantherophis_obsoletus_C9A	region	583	41	355	395	8321	8443	39.024	4.52e-05	36.6
Bothrops_jararaca_C9A	region	583	77	456	532	13077	13307	83.117	5.69e-38	141
Bothrops_jararaca_C9A	region	583	63	401	463	11806	11994	77.778	2.00e-25	102
Bothrops_jararaca_C9A	region	583	52	532	583	13918	14073	73.077	8.19e-21	87.8
Bothrops_jararaca_C9A	region	583	41	355	395	8321	8443	41.463	1.48e-05	38.1
Ptyas_mucosa_C9A	region	583	77	456	532	13077	13307	81.818	6.89e-37	138
Ptyas_mucosa_C9A	region	583	63	401	463	11806	11994	68.254	4.22e-23	95.1
Ptyas_mucosa_C9A	region	583	52	532	583	13918	14073	61.538	4.53e-16	72.4
Ptyas_mucosa_C9A	region	583	41	355	395	8321	8443	36.585	0.001	32.0
Vipera_berus_C9A	region	583	77	456	532	13077	13307	84.416	4.71e-39	144
Vipera_berus_C9A	region	583	63	401	463	11806	11994	80.952	2.75e-26	105
Vipera_berus_C9A	region	583	52	532	583	13918	14073	73.077	3.39e-21	89.0
Vipera_berus_C9A	region	583	41	355	395	8321	8443	41.463	3.88e-05	37.0
Vipera_berus_C9A	region	583	33	159	191	28583	28681	30.303	0.80	22.7
Sceloporus_undulatus_C9A	region	591	78	460	537	13077	13310	64.103	1.07e-30	119
Sceloporus_undulatus_C9A	region	591	60	408	467	11815	11994	50.000	5.47e-15	68.9
Sceloporus_undulatus_C9A	region	591	50	538	587	13924	14073	52.000	1.03e-12	61.6
Sceloporus_undulatus_C9A	region	591	73	326	398	8243	8440	26.027	0.001	32.3
Anolis_carolinensis_C9B	region	538	68	462	529	13083	13286	64.706	8.02e-26	103
Anolis_carolinensis_C9B	region	538	61	400	460	11791	11973	52.459	2.95e-16	72.8
Anolis_carolinensis_C9B	region	538	81	323	403	8234	8449	29.630	2.45e-05	37.4
Anolis_carolinensis_C9B	region	538	21	167	187	6327	6389	52.381	0.074	26.2
Hydrophis_cyanocinctus_C9B	region	582	77	455	531	13077	13307	83.117	6.37e-38	141
Hydrophis_cyanocinctus_C9B	region	582	63	400	462	11806	11994	66.667	1.23e-22	93.6
Hydrophis_cyanocinctus_C9B	region	582	52	531	582	13918	14073	57.692	1.79e-16	73.6
Hydrophis_cyanocinctus_C9B	region	582	44	354	395	8321	8443	38.636	0.003	30.8
Hydrophis_cyanocinctus_C9B	region	582	33	158	190	28583	28681	30.303	0.31	24.3
Bothrops_jararaca_C9B	region	583	77	456	532	13077	13307	83.117	6.75e-38	141
Bothrops_jararaca_C9B	region	583	63	401	463	11806	11994	80.952	1.40e-26	105
Bothrops_jararaca_C9B	region	583	52	532	583	13918	14073	71.154	3.49e-20	85.9
Bothrops_jararaca_C9B	region	583	41	355	395	8321	8443	39.024	1.35e-04	35.0
Laticauda_colubrina_C9B	region	583	77	456	532	13077	13307	77.922	8.44e-36	134
Laticauda_colubrina_C9B	region	583	63	401	463	11806	11994	71.429	9.80e-24	97.1
Laticauda_colubrina_C9B	region	583	52	532	583	13918	14073	57.692	3.56e-16	72.8
Laticauda_colubrina_C9B	region	583	41	355	395	8321	8443	58.537	7.18e-10	52.4
Laticauda_colubrina_C9B	region	583	94	369	454	4630	4361	26.596	0.80	22.7
Pseudonaja_textilis_C9B	region	583	77	456	532	13077	13307	79.221	5.48e-36	135
Pseudonaja_textilis_C9B	region	583	63	401	463	11806	11994	71.429	1.41e-23	96.7
Pseudonaja_textilis_C9B	region	583	52	532	583	13918	14073	51.923	6.14e-14	65.5
Pseudonaja_textilis_C9B	region	583	35	356	390	8324	8425	40.000	0.009	29.3
Notechis_scutatus_C9B	region	583	77	456	532	13077	13307	80.519	9.45e-37	137
Notechis_scutatus_C9B	region	583	63	401	463	11806	11994	66.667	1.77e-22	93.2
Notechis_scutatus_C9B	region	583	52	532	583	13918	14073	57.692	1.81e-16	73.6
Notechis_scutatus_C9B	region	583	38	355	390	8321	8425	44.737	0.005	30.0
Pituophis_catenifer_C9B	region	583	77	456	532	13077	13307	84.416	6.83e-39	144
Pituophis_catenifer_C9B	region	583	52	532	583	13918	14073	88.462	4.33e-26	104
Pituophis_catenifer_C9B	region	583	67	397	463	11794	11994	73.134	5.15e-25	101
Pituophis_catenifer_C9B	region	583	40	356	395	8324	8443	37.500	0.001	32.3
Pituophis_catenifer_C9B	region	583	40	159	198	28583	28693	30.000	0.76	22.7
Pantherophis_obsoletus_C9B	region	583	77	456	532	13077	13307	79.221	6.65e-37	138
Pantherophis_obsoletus_C9B	region	583	56	528	583	13906	14073	82.143	4.41e-26	104
Pantherophis_obsoletus_C9B	region	583	67	397	463	11794	11994	74.627	1.97e-25	102
Pantherophis_obsoletus_C9B	region	583	41	355	395	8321	8443	39.024	4.15e-05	36.6
Pantherophis_obsoletus_C9B	region	583	40	159	198	28583	28693	30.000	0.73	22.7
Crotalus_tigris_C9B	region	583	77	456	532	13077	13307	94.805	1.62e-42	155
Crotalus_tigris_C9B	region	583	68	396	463	11791	11994	88.235	2.16e-31	121
Crotalus_tigris_C9B	region	583	52	532	583	13918	14073	94.231	5.36e-28	110
Crotalus_tigris_C9B	region	583	43	354	396	8318	8446	95.349	6.06e-20	85.1
Ptyas_mucosa_C9B	region	583	77	456	532	13077	13307	77.922	9.58e-36	134
Ptyas_mucosa_C9B	region	583	56	528	583	13906	14073	82.143	3.00e-26	105
Ptyas_mucosa_C9B	region	583	61	397	457	11794	11976	77.049	2.00e-23	95.9
Ptyas_mucosa_C9B	region	583	40	354	393	8318	8437	65.000	1.85e-11	57.4
