Lacerta_agilis_C9A	CM122939.1	589	86	275	360	135818949	135819206	67.442	5.15e-28	125
Lacerta_agilis_C9A	CM122939.1	589	74	455	528	135827729	135827950	70.270	4.99e-26	119
Lacerta_agilis_C9A	CM122939.1	589	45	155	199	135815753	135815887	75.556	2.10e-13	79.7
Lacerta_agilis_C9A	CM122939.1	589	66	100	164	135812901	135813098	51.515	9.28e-12	74.3
Lacerta_agilis_C9A	CM122939.1	589	49	537	584	135829601	135829747	59.184	1.57e-08	63.9
Lacerta_agilis_C9A	CM122939.1	589	58	400	457	135822832	135823005	44.828	2.57e-08	63.2
Lacerta_agilis_C9A	CM122939.1	589	86	193	275	135816414	135816665	41.860	3.00e-08	63.2
Lacerta_agilis_C9A	CM122939.1	589	92	275	366	134546517	134546792	28.261	3.23e-07	59.7
Lacerta_agilis_C9A	CM122939.1	589	92	275	366	134941607	134941882	28.261	7.20e-07	58.5
Lacerta_agilis_C9A	CM122939.1	589	60	470	529	134594360	134594181	43.333	1.33e-06	57.8
Lacerta_agilis_C9A	CM122939.1	589	60	470	529	134990684	134990505	43.333	3.51e-06	56.2
Lacerta_agilis_C9A	CM122952.1	589	223	300	517	42943336	42942710	26.009	9.58e-13	77.8
Lacerta_agilis_C9A	CM122952.1	589	216	304	518	42931108	42930512	24.074	9.82e-09	64.7
Lacerta_agilis_C9A	CM122952.1	589	195	300	493	41323305	41323826	23.590	2.61e-07	60.1
Lacerta_agilis_C9A	CM122937.1	589	78	279	356	82270585	82270352	38.462	4.84e-08	62.4
Lacerta_agilis_C9A	CM122937.1	589	49	537	584	82215995	82216141	57.143	7.80e-08	61.6
Zootoca_vivipara_C9A	CM122939.1	589	86	275	360	135818949	135819206	67.442	4.59e-28	126
Zootoca_vivipara_C9A	CM122939.1	589	74	455	528	135827729	135827950	70.270	4.14e-26	120
Zootoca_vivipara_C9A	CM122939.1	589	45	155	199	135815753	135815887	75.556	2.41e-13	79.7
Zootoca_vivipara_C9A	CM122939.1	589	95	71	164	135812820	135813098	42.105	1.20e-11	73.9
Zootoca_vivipara_C9A	CM122939.1	589	49	537	584	135829601	135829747	59.184	1.10e-08	64.3
Zootoca_vivipara_C9A	CM122939.1	589	92	275	366	134546517	134546792	28.261	2.17e-07	60.5
Zootoca_vivipara_C9A	CM122939.1	589	58	400	457	135822832	135823005	41.379	3.21e-07	59.7
Zootoca_vivipara_C9A	CM122939.1	589	92	275	366	134941607	134941882	28.261	5.53e-07	58.9
Zootoca_vivipara_C9A	CM122939.1	589	60	470	529	134594360	134594181	41.667	2.05e-06	57.0
Zootoca_vivipara_C9A	CM122939.1	589	86	193	275	135816414	135816665	39.535	3.88e-06	56.2
Zootoca_vivipara_C9A	CM122939.1	589	60	470	529	134990684	134990505	41.667	5.84e-06	55.5
Zootoca_vivipara_C9A	CM122952.1	589	223	300	517	42943336	42942710	25.561	2.85e-11	72.8
Zootoca_vivipara_C9A	CM122937.1	589	78	279	356	82270585	82270352	38.462	9.81e-08	61.2
Zootoca_vivipara_C9A	CM122937.1	589	49	537	584	82215995	82216141	55.102	2.13e-07	60.5
Podarcis_muralis_C9A	CM122939.1	589	86	275	360	135818949	135819206	67.442	1.03e-27	125
Podarcis_muralis_C9A	CM122939.1	589	73	455	527	135827729	135827947	69.863	6.62e-26	119
Podarcis_muralis_C9A	CM122939.1	589	45	155	199	135815753	135815887	75.556	2.25e-13	79.7
Podarcis_muralis_C9A	CM122939.1	589	66	100	164	135812901	135813098	51.515	7.75e-12	74.7
Podarcis_muralis_C9A	CM122939.1	589	49	537	584	135829601	135829747	61.224	3.98e-09	65.9
Podarcis_muralis_C9A	CM122939.1	589	58	400	457	135822832	135823005	39.655	8.49e-08	61.6
Podarcis_muralis_C9A	CM122939.1	589	92	275	366	134546517	134546792	28.261	6.02e-07	58.9
Podarcis_muralis_C9A	CM122939.1	589	60	470	529	134594360	134594181	40.000	1.25e-06	57.8
Podarcis_muralis_C9A	CM122939.1	589	92	275	366	134941607	134941882	28.261	1.26e-06	57.8
Podarcis_muralis_C9A	CM122939.1	589	60	470	529	134990684	134990505	40.000	3.66e-06	56.2
Podarcis_muralis_C9A	CM122952.1	589	226	300	516	42943336	42942713	26.549	2.09e-10	70.1
Podarcis_muralis_C9A	CM122952.1	589	196	300	493	41323305	41323826	26.531	2.08e-08	63.5
Podarcis_muralis_C9A	CM122937.1	589	56	531	584	82215974	82216141	53.571	3.59e-08	62.8
Podarcis_muralis_C9A	CM122937.1	589	78	279	356	82270585	82270352	37.179	2.64e-07	60.1
Anolis_carolinensis_C9A	CM122939.1	591	83	277	359	135818949	135819197	63.855	2.48e-25	117
Anolis_carolinensis_C9A	CM122939.1	591	84	455	538	135827723	135827974	61.905	2.86e-25	117
Anolis_carolinensis_C9A	CM122939.1	591	47	156	202	135815753	135815893	72.340	4.03e-14	82.0
Anolis_carolinensis_C9A	CM122939.1	591	52	537	588	135829595	135829750	53.846	1.23e-09	67.8
Anolis_carolinensis_C9A	CM122939.1	591	57	101	155	135812901	135813068	59.649	3.15e-09	66.2
Anolis_carolinensis_C9A	CM122939.1	591	88	281	368	134546529	134546792	32.955	3.97e-09	65.9
Anolis_carolinensis_C9A	CM122939.1	591	88	281	368	134941619	134941882	32.955	8.26e-09	65.1
Anolis_carolinensis_C9A	CM122939.1	591	41	17	57	135808917	135809039	63.415	2.32e-06	57.0
Anolis_carolinensis_C9A	CM122939.1	591	114	456	569	134594405	134594085	28.947	2.53e-06	57.0
Anolis_carolinensis_C9A	CM122939.1	591	58	400	457	135822826	135822999	39.655	3.35e-06	56.6
Anolis_carolinensis_C9A	CM122939.1	591	78	281	358	134497488	134497721	32.051	6.23e-06	55.5
Anolis_carolinensis_C9A	CM122939.1	591	78	281	358	134894627	134894860	32.051	7.33e-06	55.5
Anolis_carolinensis_C9A	CM122939.1	591	114	456	569	134990729	134990409	28.947	8.25e-06	55.1
Anolis_carolinensis_C9A	CM122952.1	591	222	302	518	42943336	42942713	25.225	1.84e-09	67.0
Anolis_carolinensis_C9A	CM122952.1	591	217	306	520	42931108	42930512	26.267	6.34e-09	65.5
Anolis_carolinensis_C9A	CM122952.1	591	187	306	492	41323317	41323817	23.529	1.24e-07	61.2
Anolis_carolinensis_C9A	CM122937.1	591	49	539	587	82215995	82216141	51.020	2.86e-07	60.1
Anolis_carolinensis_C9A	CM122937.1	591	78	281	358	82190350	82190583	34.615	1.89e-06	57.4
Anolis_carolinensis_C9A	CM122937.1	591	78	281	358	82270585	82270352	34.615	2.23e-06	57.0
Anolis_carolinensis_C9A	CM122937.1	591	46	542	587	82237339	82237202	50.000	5.53e-06	55.8
Pogona_vitticeps_C9A	CM122939.1	576	91	250	340	135818925	135819197	59.341	2.92e-26	120
Pogona_vitticeps_C9A	CM122939.1	576	74	438	511	135827729	135827950	70.270	2.82e-25	117
Pogona_vitticeps_C9A	CM122939.1	576	73	156	228	135815753	135815953	50.685	4.56e-14	82.0
Pogona_vitticeps_C9A	CM122939.1	576	76	88	162	135812868	135813089	50.000	6.89e-12	74.7
Pogona_vitticeps_C9A	CM122939.1	576	51	522	572	135829598	135829750	60.784	1.21e-09	67.4
Pogona_vitticeps_C9A	CM122939.1	576	42	16	57	135808914	135809039	61.905	1.02e-07	61.2
Pogona_vitticeps_C9A	CM122939.1	576	98	253	349	134546499	134546792	32.653	1.15e-07	61.2
Pogona_vitticeps_C9A	CM122939.1	576	98	253	349	134941589	134941882	32.653	1.60e-07	60.8
Pogona_vitticeps_C9A	CM122939.1	576	52	521	571	134507335	134507490	51.923	2.19e-07	60.1
Pogona_vitticeps_C9A	CM122939.1	576	52	521	571	134905405	134905560	51.923	2.19e-07	60.1
Pogona_vitticeps_C9A	CM122939.1	576	42	521	561	134557271	134557396	66.667	3.06e-07	59.7
Pogona_vitticeps_C9A	CM122939.1	576	42	521	561	134952437	134952562	66.667	3.06e-07	59.7
Pogona_vitticeps_C9A	CM122939.1	576	58	381	438	135822826	135822999	36.207	6.31e-07	58.5
Pogona_vitticeps_C9A	CM122939.1	576	85	433	517	134554617	134554868	38.824	4.44e-06	55.8
Pogona_vitticeps_C9A	CM122939.1	576	87	253	339	134497461	134497721	31.034	4.67e-06	55.8
Pogona_vitticeps_C9A	CM122939.1	576	87	253	339	134894600	134894860	31.034	5.44e-06	55.8
Pogona_vitticeps_C9A	CM122939.1	576	70	441	510	134594393	134594187	37.143	6.19e-06	55.5
Pogona_vitticeps_C9A	CM122952.1	576	225	283	499	42943336	42942713	27.111	8.61e-12	74.3
Pogona_vitticeps_C9A	CM122952.1	576	194	283	476	41323305	41323826	24.742	2.16e-10	70.1
Pogona_vitticeps_C9A	CM122952.1	576	192	287	478	42931108	42930584	26.042	2.26e-09	66.6
Pogona_vitticeps_C9A	CM122937.1	576	52	520	571	82215986	82216141	57.692	4.38e-10	68.9
Pogona_vitticeps_C9A	CM122937.1	576	94	257	348	82270600	82270319	35.106	2.01e-08	63.5
Pogona_vitticeps_C9A	CM122937.1	576	83	257	339	82190335	82190583	33.735	2.81e-07	59.7
Pogona_vitticeps_C9A	CM122937.1	576	57	511	567	82237384	82237214	45.614	6.70e-07	58.5
Pogona_vitticeps_C9A	CM122945.1	576	57	511	563	2793813	2793643	47.368	3.32e-06	56.2
Pogona_vitticeps_C9A	CM122953.1	576	70	510	576	13499894	13499691	42.857	4.29e-06	55.8
Gekko_japonicus_C9A	CM122939.1	582	90	287	376	135818937	135819206	83.333	1.15e-38	158
Gekko_japonicus_C9A	CM122939.1	582	87	446	532	135827714	135827974	83.908	2.71e-38	157
Gekko_japonicus_C9A	CM122939.1	582	74	218	291	135816444	135816665	86.486	2.40e-28	127
Gekko_japonicus_C9A	CM122939.1	582	67	394	460	135822826	135823026	82.090	3.66e-25	117
Gekko_japonicus_C9A	CM122939.1	582	53	530	582	135829592	135829750	96.226	2.73e-24	114
Gekko_japonicus_C9A	CM122939.1	582	120	117	216	135812901	135813254	52.500	1.53e-23	112
Gekko_japonicus_C9A	CM122939.1	582	47	173	219	135815753	135815893	95.745	3.13e-20	101
Gekko_japonicus_C9A	CM122939.1	582	44	26	69	135808905	135809036	72.727	6.36e-12	75.1
Gekko_japonicus_C9A	CM122939.1	582	47	76	122	135812255	135812395	87.234	2.61e-11	72.8
Gekko_japonicus_C9A	CM122939.1	582	67	457	523	134594384	134594187	41.791	1.05e-08	64.7
Gekko_japonicus_C9A	CM122939.1	582	92	291	382	134546517	134546792	30.435	2.33e-08	63.5
Gekko_japonicus_C9A	CM122939.1	582	92	291	382	134941607	134941882	30.435	3.96e-08	62.8
Gekko_japonicus_C9A	CM122939.1	582	67	457	523	134990708	134990511	40.299	5.57e-08	62.0
Gekko_japonicus_C9A	CM122952.1	582	220	316	512	42943336	42942713	27.273	3.81e-10	69.3
Gekko_japonicus_C9A	CM122952.1	582	206	316	512	41323305	41323898	23.786	3.54e-09	66.2
Gekko_japonicus_C9A	CM122952.1	582	222	305	521	41306970	41307602	23.874	3.06e-08	63.2
Gekko_japonicus_C9A	CM122937.1	582	53	529	581	82215983	82216141	49.057	2.21e-07	60.1
Gekko_japonicus_C9A	CM122937.1	582	71	302	372	82270564	82270352	38.028	5.28e-07	58.9
Gekko_japonicus_C9A	CM122937.1	582	68	456	522	82239582	82239379	36.765	1.61e-06	57.4
Crotalus_tigris_C9A	CM122939.1	583	74	453	526	135827729	135827950	55.405	3.07e-19	98.6
Crotalus_tigris_C9A	CM122939.1	583	85	266	350	135818934	135819182	51.765	6.66e-19	97.4
Crotalus_tigris_C9A	CM122939.1	583	86	72	156	135812820	135813068	47.674	1.12e-11	74.3
Crotalus_tigris_C9A	CM122939.1	583	45	157	201	135815753	135815887	64.444	3.54e-10	69.3
Crotalus_tigris_C9A	CM122939.1	583	51	533	583	135829595	135829747	56.863	5.21e-09	65.5
Crotalus_tigris_C9A	CM122939.1	583	70	456	525	134594393	134594187	35.714	1.92e-06	57.0
Crotalus_tigris_C9A	CM122939.1	583	70	456	525	134990717	134990511	37.143	3.14e-06	56.6
Crotalus_tigris_C9A	CM122952.1	583	222	298	514	42943336	42942713	24.775	1.85e-11	73.6
Crotalus_tigris_C9A	CM122952.1	583	222	299	516	42931117	42930512	25.225	3.16e-10	69.3
Crotalus_tigris_C9A	CM122937.1	583	70	456	524	82239588	82239379	40.000	9.06e-07	58.2
Crotalus_tigris_C9A	CM122937.1	583	54	530	583	82215980	82216141	48.148	1.55e-06	57.4
Crotalus_tigris_C9A	CM122937.1	583	43	537	579	82237342	82237214	48.837	8.57e-06	55.1
Thamnophis_elegans_C9A	CM122939.1	583	93	266	358	135818934	135819206	52.688	7.52e-21	103
Thamnophis_elegans_C9A	CM122939.1	583	75	460	534	135827750	135827974	60.000	2.54e-19	98.6
Thamnophis_elegans_C9A	CM122939.1	583	86	72	156	135812820	135813068	48.837	1.40e-10	70.5
Thamnophis_elegans_C9A	CM122939.1	583	47	157	203	135815753	135815893	63.830	5.19e-10	68.9
Thamnophis_elegans_C9A	CM122939.1	583	51	533	583	135829595	135829747	54.902	3.55e-09	66.2
Thamnophis_elegans_C9A	CM122939.1	583	50	535	583	134507341	134507490	52.000	2.52e-07	60.1
Thamnophis_elegans_C9A	CM122939.1	583	50	535	583	134905411	134905560	52.000	2.52e-07	60.1
Thamnophis_elegans_C9A	CM122939.1	583	51	7	57	135808893	135809039	47.059	1.26e-06	57.8
Thamnophis_elegans_C9A	CM122939.1	583	40	535	573	134557277	134557396	60.000	3.17e-06	56.6
Thamnophis_elegans_C9A	CM122939.1	583	40	535	573	134952443	134952562	60.000	3.17e-06	56.6
Thamnophis_elegans_C9A	CM122939.1	583	104	261	364	134941577	134941882	28.846	4.93e-06	55.8
Thamnophis_elegans_C9A	CM122939.1	583	91	274	364	134546520	134546792	29.670	5.14e-06	55.8
Thamnophis_elegans_C9A	CM122937.1	583	54	530	583	82215980	82216141	51.852	6.96e-11	71.6
Thamnophis_elegans_C9A	CM122937.1	583	47	537	583	82237342	82237202	48.936	1.81e-06	57.4
Thamnophis_elegans_C9A	CM122952.1	583	224	298	514	42943336	42942713	26.339	3.95e-10	69.3
Thamnophis_elegans_C9A	CM122952.1	583	222	299	516	42931117	42930512	27.027	1.81e-09	67.0
Thamnophis_elegans_C9A	CM122952.1	583	222	298	514	41323305	41323898	26.577	1.22e-07	61.2
Naja_naja_C9A	CM122939.1	582	73	458	530	135827747	135827965	57.534	3.00e-19	98.6
Naja_naja_C9A	CM122939.1	582	77	277	353	135818961	135819191	53.247	2.05e-18	95.9
Naja_naja_C9A	CM122939.1	582	56	102	156	135812901	135813068	62.500	7.96e-11	71.2
Naja_naja_C9A	CM122939.1	582	56	527	582	135829580	135829747	57.143	5.27e-10	68.9
Naja_naja_C9A	CM122939.1	582	47	157	203	135815753	135815893	59.574	1.55e-09	67.4
Naja_naja_C9A	CM122939.1	582	161	366	524	134990951	134990511	25.466	2.40e-06	57.0
Naja_naja_C9A	CM122939.1	582	88	277	364	134546529	134546792	30.682	2.95e-06	56.6
Naja_naja_C9A	CM122939.1	582	70	455	524	134594393	134594187	34.286	5.26e-06	55.8
Naja_naja_C9A	CM122939.1	582	88	277	364	134941619	134941882	30.682	6.19e-06	55.5
Naja_naja_C9A	CM122952.1	582	292	298	567	41323305	41324090	23.288	4.15e-11	72.4
Naja_naja_C9A	CM122952.1	582	222	299	515	42931117	42930512	25.676	1.25e-10	70.9
Naja_naja_C9A	CM122952.1	582	224	298	513	42943336	42942713	22.768	3.99e-09	65.9
Naja_naja_C9A	CM122952.1	582	230	287	513	41306970	41307569	22.174	2.91e-08	63.2
Naja_naja_C9A	CM122937.1	582	54	529	582	82215980	82216141	48.148	5.15e-07	58.9
Naja_naja_C9A	CM122937.1	582	70	455	523	82239588	82239379	37.143	4.04e-06	56.2
Naja_naja_C9A	CM122937.1	582	74	277	350	82270585	82270364	36.486	7.98e-06	55.1
Pseudonaja_textilis_C9A	CM122939.1	583	73	459	531	135827747	135827965	60.274	4.55e-20	100
Pseudonaja_textilis_C9A	CM122939.1	583	88	266	353	135818934	135819191	48.864	4.09e-19	98.2
Pseudonaja_textilis_C9A	CM122939.1	583	56	102	156	135812901	135813068	62.500	3.39e-11	72.8
Pseudonaja_textilis_C9A	CM122939.1	583	73	516	583	135829529	135829747	52.055	3.60e-11	72.4
Pseudonaja_textilis_C9A	CM122939.1	583	47	157	203	135815753	135815893	59.574	1.56e-09	67.4
Pseudonaja_textilis_C9A	CM122939.1	583	51	7	57	135808893	135809039	47.059	1.95e-06	57.0
Pseudonaja_textilis_C9A	CM122939.1	583	72	456	527	134594393	134594181	34.722	3.39e-06	56.2
Pseudonaja_textilis_C9A	CM122939.1	583	72	456	527	134990717	134990505	36.111	4.61e-06	55.8
Pseudonaja_textilis_C9A	CM122939.1	583	88	277	364	134546529	134546792	29.545	5.84e-06	55.5
Pseudonaja_textilis_C9A	CM122952.1	583	219	298	514	41323305	41323898	24.658	2.79e-11	72.8
Pseudonaja_textilis_C9A	CM122952.1	583	222	298	514	42943336	42942713	22.973	5.90e-10	68.6
Pseudonaja_textilis_C9A	CM122952.1	583	223	299	516	42931117	42930512	23.318	5.87e-09	65.5
Pseudonaja_textilis_C9A	CM122952.1	583	230	287	514	41306970	41307569	20.870	2.36e-07	60.1
Pseudonaja_textilis_C9A	CM122937.1	583	54	530	583	82215980	82216141	46.296	3.29e-07	59.7
Python_bivittatus_C9A	CM122939.1	582	75	453	527	135827729	135827953	58.667	3.91e-21	104
Python_bivittatus_C9A	CM122939.1	582	79	277	355	135818961	135819197	50.633	1.57e-18	96.3
Python_bivittatus_C9A	CM122939.1	582	58	100	156	135812895	135813068	60.345	1.94e-11	73.6
Python_bivittatus_C9A	CM122939.1	582	45	157	201	135815753	135815887	64.444	3.84e-10	69.3
Python_bivittatus_C9A	CM122939.1	582	70	456	525	134594393	134594187	40.000	1.63e-07	60.8
Python_bivittatus_C9A	CM122939.1	582	45	538	582	135829613	135829747	57.778	6.65e-07	58.5
Python_bivittatus_C9A	CM122939.1	582	70	456	525	134990717	134990511	38.571	1.18e-06	57.8
Python_bivittatus_C9A	CM122939.1	582	88	277	364	134546529	134546792	29.545	2.80e-06	56.6
Python_bivittatus_C9A	CM122939.1	582	88	277	364	134941619	134941882	29.545	3.10e-06	56.6
Python_bivittatus_C9A	CM122939.1	582	60	2	57	135808860	135809039	43.333	3.81e-06	56.2
Python_bivittatus_C9A	CM122952.1	582	223	299	516	42931117	42930512	26.009	5.70e-11	72.0
Python_bivittatus_C9A	CM122952.1	582	222	298	514	42943336	42942713	23.874	2.07e-10	70.1
Python_bivittatus_C9A	CM122952.1	582	231	287	514	41306970	41307569	24.675	6.65e-09	65.1
Python_bivittatus_C9A	CM122937.1	582	54	529	582	82215980	82216141	50.000	1.40e-07	60.8
Python_bivittatus_C9A	CM122937.1	582	70	456	524	82239588	82239379	38.571	2.76e-06	56.6
Python_bivittatus_C9A	CM122937.1	582	78	277	354	82270585	82270352	34.615	4.48e-06	55.8
Python_bivittatus_C9A	CM122937.1	582	43	536	578	82237342	82237214	48.837	7.98e-06	55.1
Notechis_scutatus_C9A	CM122939.1	583	68	459	526	135827747	135827950	63.235	9.14e-20	100
Notechis_scutatus_C9A	CM122939.1	583	88	266	353	135818934	135819191	48.864	2.97e-19	98.6
Notechis_scutatus_C9A	CM122939.1	583	73	516	583	135829529	135829747	52.055	2.51e-11	73.2
Notechis_scutatus_C9A	CM122939.1	583	56	102	156	135812901	135813068	60.714	1.08e-10	70.9
Notechis_scutatus_C9A	CM122939.1	583	47	157	203	135815753	135815893	59.574	1.58e-09	67.4
Notechis_scutatus_C9A	CM122939.1	583	51	7	57	135808893	135809039	49.020	2.23e-06	57.0
Notechis_scutatus_C9A	CM122939.1	583	72	456	527	134594393	134594181	34.722	5.84e-06	55.5
Notechis_scutatus_C9A	CM122939.1	583	88	277	364	134546529	134546792	29.545	5.84e-06	55.5
Notechis_scutatus_C9A	CM122939.1	583	72	456	527	134990717	134990505	36.111	7.94e-06	55.1
Notechis_scutatus_C9A	CM122952.1	583	219	298	514	41323305	41323898	24.658	6.07e-11	71.6
Notechis_scutatus_C9A	CM122952.1	583	222	298	514	42943336	42942713	22.973	5.28e-10	68.9
Notechis_scutatus_C9A	CM122952.1	583	223	299	516	42931117	42930512	23.318	5.08e-09	65.5
Notechis_scutatus_C9A	CM122952.1	583	230	287	514	41306970	41307569	21.304	5.35e-08	62.4
Notechis_scutatus_C9A	CM122937.1	583	50	534	583	82215992	82216141	48.000	1.11e-06	57.8
Hydrophis_cyanocinctus_C9A	CM122939.1	583	68	459	526	135827747	135827950	63.235	9.64e-20	100
Hydrophis_cyanocinctus_C9A	CM122939.1	583	77	277	353	135818961	135819191	53.247	5.60e-19	97.4
Hydrophis_cyanocinctus_C9A	CM122939.1	583	73	516	583	135829529	135829747	52.055	2.49e-11	73.2
Hydrophis_cyanocinctus_C9A	CM122939.1	583	56	102	156	135812901	135813068	60.714	1.13e-10	70.9
Hydrophis_cyanocinctus_C9A	CM122939.1	583	47	157	203	135815753	135815893	59.574	1.69e-09	67.0
Hydrophis_cyanocinctus_C9A	CM122939.1	583	51	7	57	135808893	135809039	47.059	2.07e-06	57.0
Hydrophis_cyanocinctus_C9A	CM122939.1	583	92	273	364	134546517	134546792	30.435	2.56e-06	56.6
Hydrophis_cyanocinctus_C9A	CM122939.1	583	92	273	364	134941607	134941882	30.435	5.19e-06	55.8
Hydrophis_cyanocinctus_C9A	CM122939.1	583	72	456	527	134594393	134594181	34.722	5.41e-06	55.8
Hydrophis_cyanocinctus_C9A	CM122939.1	583	72	456	527	134990717	134990505	36.111	6.81e-06	55.5
Hydrophis_cyanocinctus_C9A	CM122952.1	583	219	298	514	41323305	41323898	24.658	1.19e-11	73.9
Hydrophis_cyanocinctus_C9A	CM122952.1	583	222	298	514	42943336	42942713	23.423	6.84e-11	71.6
Hydrophis_cyanocinctus_C9A	CM122952.1	583	219	299	516	42931117	42930512	22.831	2.87e-09	66.2
Hydrophis_cyanocinctus_C9A	CM122952.1	583	230	287	514	41306970	41307569	21.304	3.32e-08	62.8
Hydrophis_cyanocinctus_C9A	CM122937.1	583	50	534	583	82215992	82216141	48.000	1.13e-06	57.8
Hydrophis_cyanocinctus_C9A	CM122937.1	583	78	273	350	82270597	82270364	34.615	6.53e-06	55.5
Laticauda_colubrina_C9A	CM122939.1	583	68	459	526	135827747	135827950	63.235	9.98e-20	100
Laticauda_colubrina_C9A	CM122939.1	583	88	266	353	135818934	135819191	48.864	4.91e-19	97.8
Laticauda_colubrina_C9A	CM122939.1	583	73	516	583	135829529	135829747	50.685	6.79e-11	71.6
Laticauda_colubrina_C9A	CM122939.1	583	56	102	156	135812901	135813068	60.714	1.56e-10	70.5
Laticauda_colubrina_C9A	CM122939.1	583	47	157	203	135815753	135815893	59.574	1.73e-09	67.0
Laticauda_colubrina_C9A	CM122939.1	583	169	365	527	134990969	134990505	26.627	1.97e-06	57.0
Laticauda_colubrina_C9A	CM122939.1	583	88	277	364	134546529	134546792	29.545	2.54e-06	56.6
Laticauda_colubrina_C9A	CM122939.1	583	72	456	527	134594393	134594181	34.722	3.39e-06	56.2
Laticauda_colubrina_C9A	CM122939.1	583	51	7	57	135808893	135809039	47.059	3.42e-06	56.2
Laticauda_colubrina_C9A	CM122939.1	583	88	277	364	134941619	134941882	29.545	4.76e-06	55.8
Laticauda_colubrina_C9A	CM122952.1	583	219	298	514	41323305	41323898	24.658	3.45e-11	72.4
Laticauda_colubrina_C9A	CM122952.1	583	223	299	516	42931117	42930512	23.318	7.44e-10	68.2
Laticauda_colubrina_C9A	CM122952.1	583	222	298	514	42943336	42942713	22.973	1.72e-09	67.0
Laticauda_colubrina_C9A	CM122937.1	583	50	534	583	82215992	82216141	48.000	1.07e-06	58.2
Protobothrops_mucrosquamatus_C9A	CM122939.1	583	76	459	534	135827747	135827974	61.842	7.38e-22	106
Protobothrops_mucrosquamatus_C9A	CM122939.1	583	79	277	355	135818961	135819197	56.962	4.00e-21	104
Protobothrops_mucrosquamatus_C9A	CM122939.1	583	51	533	583	135829595	135829747	64.706	1.80e-11	73.6
Protobothrops_mucrosquamatus_C9A	CM122939.1	583	56	102	156	135812901	135813068	60.714	3.42e-11	72.8
Protobothrops_mucrosquamatus_C9A	CM122939.1	583	45	157	201	135815753	135815887	66.667	6.84e-11	71.6
Protobothrops_mucrosquamatus_C9A	CM122939.1	583	104	261	364	134941577	134941882	31.731	1.71e-08	63.9
Protobothrops_mucrosquamatus_C9A	CM122939.1	583	91	274	364	134546520	134546792	31.868	2.36e-08	63.5
Protobothrops_mucrosquamatus_C9A	CM122939.1	583	70	456	525	134594393	134594187	38.571	3.43e-07	59.7
Protobothrops_mucrosquamatus_C9A	CM122939.1	583	70	456	525	134990717	134990511	40.000	4.54e-07	59.3
Protobothrops_mucrosquamatus_C9A	CM122939.1	583	60	2	57	135808860	135809039	43.333	1.76e-06	57.4
Protobothrops_mucrosquamatus_C9A	CM122952.1	583	222	299	516	42931117	42930512	27.477	1.49e-12	77.0
Protobothrops_mucrosquamatus_C9A	CM122952.1	583	228	298	514	42943336	42942713	25.877	3.92e-11	72.4
Protobothrops_mucrosquamatus_C9A	CM122952.1	583	222	298	514	41323305	41323898	24.775	5.56e-10	68.6
Protobothrops_mucrosquamatus_C9A	CM122937.1	583	54	530	583	82215980	82216141	53.704	3.15e-09	66.2
Protobothrops_mucrosquamatus_C9A	CM122937.1	583	81	274	354	82270594	82270352	33.333	2.14e-06	57.0
Protobothrops_mucrosquamatus_C9A	CM122937.1	583	43	537	579	82237342	82237214	51.163	2.79e-06	56.6
Chrysopelea_ornata_C9A	CM122939.1	584	84	452	535	135827723	135827974	58.333	4.59e-22	107
Chrysopelea_ornata_C9A	CM122939.1	584	93	266	358	135818934	135819206	50.538	3.88e-20	101
Chrysopelea_ornata_C9A	CM122939.1	584	59	99	156	135812892	135813068	59.322	6.75e-12	74.7
Chrysopelea_ornata_C9A	CM122939.1	584	47	157	203	135815753	135815893	63.830	4.88e-11	72.0
Chrysopelea_ornata_C9A	CM122939.1	584	51	534	584	135829595	135829747	58.824	6.51e-10	68.6
Chrysopelea_ornata_C9A	CM122939.1	584	91	274	364	134546520	134546792	34.066	2.31e-08	63.5
Chrysopelea_ornata_C9A	CM122939.1	584	91	274	364	134941610	134941882	34.066	4.19e-08	62.8
Chrysopelea_ornata_C9A	CM122939.1	584	60	2	57	135808860	135809039	40.000	8.17e-06	55.1
Chrysopelea_ornata_C9A	CM122937.1	584	54	531	584	82215980	82216141	53.704	3.83e-10	69.3
Chrysopelea_ornata_C9A	CM122937.1	584	81	274	354	82270594	82270352	35.802	2.84e-06	56.6
Chrysopelea_ornata_C9A	CM122952.1	584	228	298	515	42943336	42942713	25.439	9.40e-10	67.8
Chrysopelea_ornata_C9A	CM122952.1	584	220	299	517	42931117	42930512	23.182	1.26e-08	64.3
Pituophis_catenifer_C9A	CM122939.1	583	82	277	358	135818961	135819206	53.659	2.11e-20	102
Pituophis_catenifer_C9A	CM122939.1	583	77	451	527	135827723	135827953	58.442	2.60e-20	101
Pituophis_catenifer_C9A	CM122939.1	583	56	102	156	135812901	135813068	62.500	1.05e-10	70.9
Pituophis_catenifer_C9A	CM122939.1	583	51	533	583	135829595	135829747	58.824	5.33e-10	68.6
Pituophis_catenifer_C9A	CM122939.1	583	45	157	201	135815753	135815887	62.222	6.97e-09	65.1
Pituophis_catenifer_C9A	CM122939.1	583	88	277	364	134546529	134546792	30.682	3.17e-06	56.6
Pituophis_catenifer_C9A	CM122939.1	583	60	2	57	135808860	135809039	41.667	3.63e-06	56.2
Pituophis_catenifer_C9A	CM122939.1	583	88	277	364	134941619	134941882	30.682	5.70e-06	55.5
Pituophis_catenifer_C9A	CM122939.1	583	52	533	583	134507335	134507490	48.077	8.01e-06	55.1
Pituophis_catenifer_C9A	CM122939.1	583	52	533	583	134905405	134905560	48.077	8.01e-06	55.1
Pituophis_catenifer_C9A	CM122952.1	583	222	298	514	42943336	42942713	26.126	1.31e-11	73.9
Pituophis_catenifer_C9A	CM122952.1	583	217	299	514	42931117	42930518	27.189	1.63e-09	67.0
Pituophis_catenifer_C9A	CM122937.1	583	54	530	583	82215980	82216141	55.556	7.08e-11	71.6
Pituophis_catenifer_C9A	CM122937.1	583	70	456	524	82239588	82239379	38.571	3.28e-06	56.6
Pituophis_catenifer_C9A	CM122937.1	583	47	537	583	82237342	82237202	46.809	3.48e-06	56.2
Pantherophis_obsoletus_C9A	CM122939.1	583	82	277	358	135818961	135819206	54.878	7.77e-22	106
Pantherophis_obsoletus_C9A	CM122939.1	583	84	451	534	135827723	135827974	55.952	1.22e-20	102
Pantherophis_obsoletus_C9A	CM122939.1	583	86	72	156	135812820	135813068	47.674	4.35e-11	72.4
Pantherophis_obsoletus_C9A	CM122939.1	583	51	533	583	135829595	135829747	60.784	1.94e-10	70.1
Pantherophis_obsoletus_C9A	CM122939.1	583	45	157	201	135815753	135815887	64.444	1.30e-09	67.4
Pantherophis_obsoletus_C9A	CM122939.1	583	91	274	364	134546520	134546792	32.967	1.16e-08	64.3
Pantherophis_obsoletus_C9A	CM122939.1	583	91	274	364	134941610	134941882	32.967	1.86e-08	63.5
Pantherophis_obsoletus_C9A	CM122939.1	583	51	7	57	135808893	135809039	49.020	3.63e-06	56.2
Pantherophis_obsoletus_C9A	CM122952.1	583	222	298	514	42943336	42942713	27.027	8.47e-12	74.7
Pantherophis_obsoletus_C9A	CM122952.1	583	217	299	514	42931117	42930518	27.189	6.60e-10	68.6
Pantherophis_obsoletus_C9A	CM122937.1	583	54	530	583	82215980	82216141	55.556	7.52e-11	71.6
Pantherophis_obsoletus_C9A	CM122937.1	583	89	266	354	82270603	82270352	34.831	3.15e-07	59.7
Pantherophis_obsoletus_C9A	CM122937.1	583	70	456	524	82239588	82239379	38.571	2.96e-06	56.6
Pantherophis_obsoletus_C9A	CM122937.1	583	47	537	583	82237342	82237202	46.809	3.45e-06	56.2
Pantherophis_obsoletus_C9A	CM122937.1	583	83	277	359	82190350	82190598	32.530	8.50e-06	55.1
Bothrops_jararaca_C9A	CM122939.1	583	76	459	534	135827747	135827974	60.526	6.37e-21	103
Bothrops_jararaca_C9A	CM122939.1	583	79	277	355	135818961	135819197	56.962	9.69e-21	103
Bothrops_jararaca_C9A	CM122939.1	583	51	533	583	135829595	135829747	62.745	5.57e-11	72.0
Bothrops_jararaca_C9A	CM122939.1	583	45	157	201	135815753	135815887	66.667	6.07e-11	71.6
Bothrops_jararaca_C9A	CM122939.1	583	56	102	156	135812901	135813068	60.714	1.04e-10	70.9
Bothrops_jararaca_C9A	CM122939.1	583	91	274	364	134546520	134546792	31.868	3.35e-08	62.8
Bothrops_jararaca_C9A	CM122939.1	583	91	274	364	134941610	134941882	31.868	5.68e-08	62.0
Bothrops_jararaca_C9A	CM122939.1	583	60	2	57	135808860	135809039	46.667	2.97e-07	59.7
Bothrops_jararaca_C9A	CM122939.1	583	70	456	525	134594393	134594187	35.714	7.67e-06	55.1
Bothrops_jararaca_C9A	CM122939.1	583	70	456	525	134990717	134990511	37.143	9.74e-06	55.1
Bothrops_jararaca_C9A	CM122939.1	583	81	274	354	134497479	134497721	29.630	9.99e-06	54.7
Bothrops_jararaca_C9A	CM122952.1	583	222	299	516	42931117	42930512	26.577	6.23e-11	71.6
Bothrops_jararaca_C9A	CM122952.1	583	226	298	514	42943336	42942713	26.106	2.83e-10	69.7
Bothrops_jararaca_C9A	CM122952.1	583	220	298	514	41323305	41323898	26.364	1.70e-09	67.0
Bothrops_jararaca_C9A	CM122937.1	583	50	530	579	82215980	82216129	56.000	3.64e-09	65.9
Bothrops_jararaca_C9A	CM122937.1	583	81	274	354	82270594	82270352	33.333	2.96e-06	56.6
Ptyas_mucosa_C9A	CM122939.1	583	83	276	358	135818958	135819206	57.831	3.88e-23	110
Ptyas_mucosa_C9A	CM122939.1	583	84	451	534	135827723	135827974	55.952	1.94e-21	105
Ptyas_mucosa_C9A	CM122939.1	583	86	72	156	135812820	135813068	48.837	4.81e-12	75.5
Ptyas_mucosa_C9A	CM122939.1	583	50	534	583	135829598	135829747	60.000	1.08e-09	67.8
Ptyas_mucosa_C9A	CM122939.1	583	45	157	201	135815753	135815887	64.444	1.50e-09	67.4
Ptyas_mucosa_C9A	CM122939.1	583	91	274	364	134546520	134546792	30.769	5.48e-07	58.9
Ptyas_mucosa_C9A	CM122939.1	583	91	274	364	134941610	134941882	30.769	6.33e-07	58.9
Ptyas_mucosa_C9A	CM122939.1	583	60	2	57	135808860	135809039	43.333	1.10e-06	58.2
Ptyas_mucosa_C9A	CM122939.1	583	79	456	534	134594393	134594166	36.709	1.33e-06	57.8
Ptyas_mucosa_C9A	CM122939.1	583	79	456	534	134990717	134990490	37.975	1.51e-06	57.4
Ptyas_mucosa_C9A	CM122952.1	583	233	287	514	41323272	41323898	26.180	4.28e-11	72.4
Ptyas_mucosa_C9A	CM122952.1	583	222	298	514	42943336	42942713	26.126	7.46e-11	71.6
Ptyas_mucosa_C9A	CM122952.1	583	222	299	516	42931117	42930512	25.676	1.18e-09	67.8
Ptyas_mucosa_C9A	CM122937.1	583	54	530	583	82215980	82216141	51.852	5.26e-09	65.5
Ptyas_mucosa_C9A	CM122937.1	583	43	537	579	82237342	82237214	51.163	9.21e-07	58.2
Ptyas_mucosa_C9A	CM122937.1	583	81	274	354	82270594	82270352	35.802	1.22e-06	57.8
Ptyas_mucosa_C9A	CM122937.1	583	70	456	524	82239588	82239379	38.571	3.33e-06	56.2
Vipera_berus_C9A	CM122939.1	583	76	459	534	135827747	135827974	59.211	4.41e-21	104
Vipera_berus_C9A	CM122939.1	583	79	277	355	135818961	135819197	53.165	2.86e-19	98.6
Vipera_berus_C9A	CM122939.1	583	45	157	201	135815753	135815887	64.444	8.62e-11	71.2
Vipera_berus_C9A	CM122939.1	583	51	533	583	135829595	135829747	60.784	1.78e-10	70.1
Vipera_berus_C9A	CM122939.1	583	56	102	156	135812901	135813068	57.143	2.59e-09	66.6
Vipera_berus_C9A	CM122939.1	583	91	274	364	134546520	134546792	31.868	4.07e-08	62.8
Vipera_berus_C9A	CM122939.1	583	70	456	525	134594393	134594187	40.000	5.68e-08	62.0
Vipera_berus_C9A	CM122939.1	583	91	274	364	134941610	134941882	31.868	6.46e-08	62.0
Vipera_berus_C9A	CM122939.1	583	70	456	525	134990717	134990511	41.429	8.41e-08	61.6
Vipera_berus_C9A	CM122939.1	583	81	274	354	134497479	134497721	30.864	4.72e-06	55.8
Vipera_berus_C9A	CM122939.1	583	81	274	354	134894618	134894860	30.864	6.00e-06	55.5
Vipera_berus_C9A	CM122952.1	583	224	298	514	42943336	42942713	26.786	4.62e-11	72.0
Vipera_berus_C9A	CM122952.1	583	222	299	516	42931117	42930512	27.027	4.86e-11	72.0
Vipera_berus_C9A	CM122952.1	583	219	298	514	41323305	41323898	24.201	4.55e-09	65.9
Vipera_berus_C9A	CM122937.1	583	54	530	583	82215980	82216141	53.704	1.11e-08	64.3
Vipera_berus_C9A	CM122937.1	583	70	456	524	82239588	82239379	37.143	3.17e-06	56.6
Vipera_berus_C9A	CM122937.1	583	81	274	354	82270594	82270352	33.333	8.72e-06	55.1
Sceloporus_undulatus_C9A	CM122939.1	591	84	455	538	135827723	135827974	60.714	2.19e-25	117
Sceloporus_undulatus_C9A	CM122939.1	591	83	277	359	135818949	135819197	60.241	9.35e-24	112
Sceloporus_undulatus_C9A	CM122939.1	591	92	277	368	134546517	134546792	32.609	2.93e-10	69.7
Sceloporus_undulatus_C9A	CM122939.1	591	47	156	202	135815753	135815893	57.447	4.61e-10	68.9
Sceloporus_undulatus_C9A	CM122939.1	591	92	277	368	134941607	134941882	32.609	5.81e-10	68.6
Sceloporus_undulatus_C9A	CM122939.1	591	53	536	588	135829592	135829750	52.830	3.55e-09	66.2
Sceloporus_undulatus_C9A	CM122939.1	591	56	101	155	135812901	135813068	57.143	2.99e-08	63.2
Sceloporus_undulatus_C9A	CM122939.1	591	60	530	587	134507311	134507490	53.333	5.21e-08	62.4
Sceloporus_undulatus_C9A	CM122939.1	591	60	530	587	134905381	134905560	53.333	5.21e-08	62.4
Sceloporus_undulatus_C9A	CM122939.1	591	51	528	577	134557244	134557396	54.902	1.52e-06	57.4
Sceloporus_undulatus_C9A	CM122939.1	591	51	528	577	134952410	134952562	54.902	1.52e-06	57.4
Sceloporus_undulatus_C9A	CM122939.1	591	41	17	57	135808917	135809039	58.537	2.85e-06	56.6
Sceloporus_undulatus_C9A	CM122939.1	591	87	194	277	135816414	135816665	39.080	4.36e-06	56.2
Sceloporus_undulatus_C9A	CM122939.1	591	72	460	531	134594393	134594181	34.722	8.76e-06	55.1
Sceloporus_undulatus_C9A	CM122937.1	591	49	539	587	82215995	82216141	61.224	1.45e-11	73.9
Sceloporus_undulatus_C9A	CM122937.1	591	47	541	587	82237342	82237202	48.936	9.27e-07	58.2
Sceloporus_undulatus_C9A	CM122937.1	591	89	270	358	82190332	82190583	34.831	3.13e-06	56.6
Sceloporus_undulatus_C9A	CM122937.1	591	79	280	358	82270588	82270352	36.709	5.30e-06	55.8
Sceloporus_undulatus_C9A	CM122952.1	591	192	306	497	42931108	42930584	25.000	5.87e-08	62.0
Sceloporus_undulatus_C9A	CM122952.1	591	222	302	518	42943336	42942713	22.072	6.50e-08	62.0
Sceloporus_undulatus_C9A	CM122952.1	591	194	302	495	41323305	41323826	22.680	1.44e-07	60.8
Anolis_carolinensis_C9B	CM122939.1	538	73	457	529	135827729	135827947	68.493	5.83e-24	112
Anolis_carolinensis_C9B	CM122939.1	538	119	277	394	135818949	135819272	47.059	1.04e-20	102
Anolis_carolinensis_C9B	CM122939.1	538	47	156	202	135815753	135815893	70.213	1.39e-13	80.1
Anolis_carolinensis_C9B	CM122939.1	538	92	277	368	134546517	134546792	33.696	1.76e-09	67.0
Anolis_carolinensis_C9B	CM122939.1	538	88	281	368	134941619	134941882	34.091	3.41e-09	65.9
Anolis_carolinensis_C9B	CM122939.1	538	57	101	155	135812901	135813068	57.895	8.54e-09	64.7
Anolis_carolinensis_C9B	CM122939.1	538	57	401	457	135822829	135822999	42.105	1.07e-07	61.2
Anolis_carolinensis_C9B	CM122939.1	538	72	463	534	134594384	134594172	36.111	8.15e-07	58.2
Anolis_carolinensis_C9B	CM122939.1	538	75	281	355	134497488	134497712	34.667	8.58e-07	58.2
Anolis_carolinensis_C9B	CM122939.1	538	75	281	355	134894627	134894851	34.667	9.51e-07	58.2
Anolis_carolinensis_C9B	CM122939.1	538	72	463	534	134990708	134990496	36.111	4.06e-06	55.8
Anolis_carolinensis_C9B	CM122939.1	538	58	2	57	135808866	135809039	44.828	7.57e-06	55.1
Anolis_carolinensis_C9B	CM122939.1	538	54	53	106	134930595	134930756	46.296	9.36e-06	54.7
Anolis_carolinensis_C9B	CM122952.1	538	216	306	520	42931108	42930512	25.926	6.49e-08	61.6
Anolis_carolinensis_C9B	CM122952.1	538	225	302	518	42943336	42942713	24.000	7.64e-08	61.6
Anolis_carolinensis_C9B	CM122952.1	538	230	291	518	41323272	41323898	24.348	8.18e-08	61.6
Anolis_carolinensis_C9B	CM122937.1	538	87	270	356	82190332	82190577	36.782	1.50e-07	60.5
Anolis_carolinensis_C9B	CM122937.1	538	77	281	357	82270585	82270355	36.364	1.64e-07	60.5
Hydrophis_cyanocinctus_C9B	CM122939.1	582	82	276	357	135818961	135819206	52.439	6.55e-21	103
Hydrophis_cyanocinctus_C9B	CM122939.1	582	81	450	530	135827723	135827965	53.086	1.88e-18	95.9
Hydrophis_cyanocinctus_C9B	CM122939.1	582	59	98	155	135812892	135813068	61.017	6.87e-12	74.7
Hydrophis_cyanocinctus_C9B	CM122939.1	582	51	532	582	135829595	135829747	56.863	2.48e-10	69.7
Hydrophis_cyanocinctus_C9B	CM122939.1	582	45	156	200	135815753	135815887	64.444	6.75e-10	68.6
Hydrophis_cyanocinctus_C9B	CM122939.1	582	91	273	363	134546520	134546792	30.769	2.54e-07	60.1
Hydrophis_cyanocinctus_C9B	CM122939.1	582	104	260	363	134941577	134941882	29.808	3.92e-07	59.3
Hydrophis_cyanocinctus_C9B	CM122939.1	582	70	455	524	134594393	134594187	35.714	2.36e-06	57.0
Hydrophis_cyanocinctus_C9B	CM122939.1	582	70	455	524	134990717	134990511	37.143	2.88e-06	56.6
Hydrophis_cyanocinctus_C9B	CM122939.1	582	55	1	55	135808878	135809036	45.455	3.71e-06	56.2
Hydrophis_cyanocinctus_C9B	CM122952.1	582	221	298	515	42931117	42930512	27.602	5.37e-11	72.0
Hydrophis_cyanocinctus_C9B	CM122952.1	582	220	297	514	41323305	41323901	24.091	4.67e-10	68.9
Hydrophis_cyanocinctus_C9B	CM122952.1	582	229	297	513	42943336	42942713	24.454	1.25e-09	67.4
Hydrophis_cyanocinctus_C9B	CM122937.1	582	55	528	582	82215977	82216141	47.273	5.38e-09	65.5
Hydrophis_cyanocinctus_C9B	CM122937.1	582	70	455	523	82239588	82239379	40.000	9.43e-07	58.2
Hydrophis_cyanocinctus_C9B	CM122937.1	582	47	536	582	82237342	82237202	46.809	9.63e-06	55.1
Bothrops_jararaca_C9B	CM122939.1	583	76	459	534	135827747	135827974	60.526	7.59e-21	103
Bothrops_jararaca_C9B	CM122939.1	583	79	277	355	135818961	135819197	56.962	9.61e-21	103
Bothrops_jararaca_C9B	CM122939.1	583	45	157	201	135815753	135815887	68.889	2.05e-11	73.2
Bothrops_jararaca_C9B	CM122939.1	583	56	102	156	135812901	135813068	60.714	2.76e-11	72.8
Bothrops_jararaca_C9B	CM122939.1	583	51	533	583	135829595	135829747	62.745	7.14e-11	71.6
Bothrops_jararaca_C9B	CM122939.1	583	91	274	364	134546520	134546792	31.868	6.08e-08	62.0
Bothrops_jararaca_C9B	CM122939.1	583	91	274	364	134941610	134941882	31.868	8.70e-08	61.6
Bothrops_jararaca_C9B	CM122939.1	583	60	2	57	135808860	135809039	45.000	3.90e-07	59.3
Bothrops_jararaca_C9B	CM122939.1	583	70	456	525	134594393	134594187	35.714	7.29e-06	55.5
Bothrops_jararaca_C9B	CM122939.1	583	81	274	354	134497479	134497721	29.630	9.74e-06	55.1
Bothrops_jararaca_C9B	CM122952.1	583	222	299	516	42931117	42930512	26.577	2.60e-11	73.2
Bothrops_jararaca_C9B	CM122952.1	583	228	298	514	42943336	42942713	25.439	2.08e-10	70.1
Bothrops_jararaca_C9B	CM122952.1	583	222	298	514	41323305	41323898	25.676	1.99e-09	67.0
Bothrops_jararaca_C9B	CM122937.1	583	54	530	583	82215980	82216141	53.704	4.99e-09	65.5
Bothrops_jararaca_C9B	CM122937.1	583	89	266	354	82270603	82270352	33.708	2.74e-06	56.6
Laticauda_colubrina_C9B	CM122939.1	583	90	266	355	135818934	135819197	50.000	8.28e-21	103
Laticauda_colubrina_C9B	CM122939.1	583	77	451	527	135827723	135827953	57.143	1.33e-19	99.8
Laticauda_colubrina_C9B	CM122939.1	583	51	533	583	135829595	135829747	60.784	5.34e-11	72.0
Laticauda_colubrina_C9B	CM122939.1	583	45	157	201	135815753	135815887	64.444	2.39e-10	69.7
Laticauda_colubrina_C9B	CM122939.1	583	59	99	156	135812892	135813068	55.932	8.98e-10	68.2
Laticauda_colubrina_C9B	CM122939.1	583	88	277	364	134546529	134546792	30.682	2.15e-08	63.5
Laticauda_colubrina_C9B	CM122939.1	583	88	277	364	134941619	134941882	30.682	2.82e-08	63.2
Laticauda_colubrina_C9B	CM122939.1	583	50	7	56	135808893	135809036	52.000	1.99e-07	60.5
Laticauda_colubrina_C9B	CM122939.1	583	70	456	525	134594393	134594187	35.714	9.99e-06	54.7
Laticauda_colubrina_C9B	CM122952.1	583	222	298	514	42943336	42942713	25.225	1.09e-10	70.9
Laticauda_colubrina_C9B	CM122952.1	583	219	299	516	42931117	42930512	24.201	3.48e-10	69.3
Laticauda_colubrina_C9B	CM122952.1	583	220	298	515	41323305	41323901	24.091	7.37e-10	68.2
Laticauda_colubrina_C9B	CM122937.1	583	54	530	583	82215980	82216141	51.852	4.21e-09	65.9
Laticauda_colubrina_C9B	CM122937.1	583	78	277	354	82270585	82270352	32.051	6.93e-06	55.5
Pseudonaja_textilis_C9B	CM122939.1	583	82	277	358	135818961	135819206	54.878	8.87e-22	106
Pseudonaja_textilis_C9B	CM122939.1	583	77	451	527	135827723	135827953	57.143	4.32e-20	101
Pseudonaja_textilis_C9B	CM122939.1	583	59	99	156	135812892	135813068	61.017	8.69e-12	74.7
Pseudonaja_textilis_C9B	CM122939.1	583	51	533	583	135829595	135829747	58.824	1.38e-10	70.5
Pseudonaja_textilis_C9B	CM122939.1	583	45	157	201	135815753	135815887	66.667	3.11e-10	69.3
Pseudonaja_textilis_C9B	CM122939.1	583	51	7	57	135808893	135809039	50.980	2.38e-07	60.1
Pseudonaja_textilis_C9B	CM122939.1	583	88	277	364	134546529	134546792	29.545	6.84e-07	58.5
Pseudonaja_textilis_C9B	CM122939.1	583	88	277	364	134941619	134941882	29.545	8.11e-07	58.5
Pseudonaja_textilis_C9B	CM122939.1	583	70	456	525	134594393	134594187	35.714	1.34e-06	57.8
Pseudonaja_textilis_C9B	CM122939.1	583	70	456	525	134990717	134990511	37.143	1.69e-06	57.4
Pseudonaja_textilis_C9B	CM122952.1	583	221	299	516	42931117	42930512	27.602	8.70e-11	71.2
Pseudonaja_textilis_C9B	CM122952.1	583	227	298	514	42943336	42942713	26.872	5.02e-10	68.9
Pseudonaja_textilis_C9B	CM122937.1	583	54	530	583	82215980	82216141	50.000	3.61e-09	65.9
Pseudonaja_textilis_C9B	CM122937.1	583	78	277	354	82270585	82270352	33.333	2.31e-06	57.0
Pseudonaja_textilis_C9B	CM122937.1	583	47	537	583	82237342	82237202	44.681	2.98e-06	56.6
Pseudonaja_textilis_C9B	CM122937.1	583	70	456	524	82239588	82239379	38.571	3.54e-06	56.2
Notechis_scutatus_C9B	CM122939.1	583	82	277	358	135818961	135819206	54.878	6.35e-22	107
Notechis_scutatus_C9B	CM122939.1	583	73	459	531	135827747	135827965	60.274	9.31e-20	100
Notechis_scutatus_C9B	CM122939.1	583	59	99	156	135812892	135813068	61.017	7.45e-12	74.7
Notechis_scutatus_C9B	CM122939.1	583	51	533	583	135829595	135829747	56.863	3.14e-10	69.3
Notechis_scutatus_C9B	CM122939.1	583	45	157	201	135815753	135815887	64.444	6.95e-10	68.6
Notechis_scutatus_C9B	CM122939.1	583	50	7	56	135808893	135809036	52.000	1.99e-07	60.5
Notechis_scutatus_C9B	CM122939.1	583	88	277	364	134546529	134546792	30.682	5.08e-07	58.9
Notechis_scutatus_C9B	CM122939.1	583	88	277	364	134941619	134941882	30.682	5.53e-07	58.9
Notechis_scutatus_C9B	CM122939.1	583	70	456	525	134594393	134594187	35.714	1.41e-06	57.8
Notechis_scutatus_C9B	CM122939.1	583	70	456	525	134990717	134990511	37.143	1.79e-06	57.4
Notechis_scutatus_C9B	CM122952.1	583	221	299	516	42931117	42930512	28.054	8.77e-12	74.3
Notechis_scutatus_C9B	CM122952.1	583	229	298	514	42943336	42942713	26.201	2.69e-11	72.8
Notechis_scutatus_C9B	CM122952.1	583	220	298	515	41323305	41323901	24.091	1.00e-09	67.8
Notechis_scutatus_C9B	CM122937.1	583	54	530	583	82215980	82216141	48.148	1.19e-08	64.3
Notechis_scutatus_C9B	CM122937.1	583	70	456	524	82239588	82239379	38.571	3.75e-06	56.2
Pituophis_catenifer_C9B	CM122939.1	583	75	453	527	135827729	135827953	61.333	7.31e-22	106
Pituophis_catenifer_C9B	CM122939.1	583	82	277	358	135818961	135819206	53.659	4.06e-20	101
Pituophis_catenifer_C9B	CM122939.1	583	86	72	156	135812820	135813068	48.837	9.35e-13	77.8
Pituophis_catenifer_C9B	CM122939.1	583	47	157	203	135815753	135815893	61.702	1.69e-10	70.5
Pituophis_catenifer_C9B	CM122939.1	583	45	539	583	135829613	135829747	57.778	1.24e-07	61.2
Pituophis_catenifer_C9B	CM122939.1	583	70	456	525	134594393	134594187	37.143	1.46e-06	57.4
Pituophis_catenifer_C9B	CM122939.1	583	70	456	525	134990717	134990511	38.571	1.95e-06	57.0
Pituophis_catenifer_C9B	CM122952.1	583	222	299	516	42931117	42930512	26.126	1.62e-11	73.6
Pituophis_catenifer_C9B	CM122952.1	583	228	298	514	42943336	42942713	26.316	2.81e-11	72.8
Pituophis_catenifer_C9B	CM122937.1	583	70	456	524	82239588	82239379	40.000	6.72e-07	58.5
Pituophis_catenifer_C9B	CM122937.1	583	54	530	583	82215980	82216141	46.296	8.18e-07	58.5
Pantherophis_obsoletus_C9B	CM122939.1	583	82	277	358	135818961	135819206	54.878	1.22e-21	105
Pantherophis_obsoletus_C9B	CM122939.1	583	79	453	531	135827729	135827965	55.696	2.17e-20	102
Pantherophis_obsoletus_C9B	CM122939.1	583	56	102	156	135812901	135813068	60.714	1.60e-11	73.6
Pantherophis_obsoletus_C9B	CM122939.1	583	47	157	203	135815753	135815893	61.702	1.88e-10	70.1
Pantherophis_obsoletus_C9B	CM122939.1	583	56	528	583	135829580	135829747	55.357	4.99e-09	65.5
Pantherophis_obsoletus_C9B	CM122939.1	583	91	274	364	134546520	134546792	34.066	7.99e-09	65.1
Pantherophis_obsoletus_C9B	CM122939.1	583	91	274	364	134941610	134941882	34.066	1.21e-08	64.3
Pantherophis_obsoletus_C9B	CM122939.1	583	70	456	525	134594393	134594187	35.714	3.42e-06	56.2
Pantherophis_obsoletus_C9B	CM122939.1	583	51	7	57	135808893	135809039	49.020	4.16e-06	56.2
Pantherophis_obsoletus_C9B	CM122952.1	583	222	298	514	42943336	42942713	25.676	9.23e-12	74.3
Pantherophis_obsoletus_C9B	CM122952.1	583	219	299	516	42931117	42930512	26.027	2.10e-10	70.1
Pantherophis_obsoletus_C9B	CM122937.1	583	54	530	583	82215980	82216141	51.852	6.74e-08	62.0
Pantherophis_obsoletus_C9B	CM122937.1	583	81	274	354	82270594	82270352	35.802	7.51e-07	58.5
Pantherophis_obsoletus_C9B	CM122937.1	583	86	274	359	82190341	82190598	32.558	2.47e-06	57.0
Pantherophis_obsoletus_C9B	CM122937.1	583	70	456	524	82239588	82239379	37.143	2.98e-06	56.6
Pantherophis_obsoletus_C9B	CM122937.1	583	43	537	579	82237342	82237214	53.488	7.74e-06	55.1
Crotalus_tigris_C9B	CM122939.1	583	74	453	526	135827729	135827950	55.405	2.74e-19	98.6
Crotalus_tigris_C9B	CM122939.1	583	74	277	350	135818961	135819182	56.757	8.73e-19	97.1
Crotalus_tigris_C9B	CM122939.1	583	56	102	156	135812901	135813068	60.714	1.09e-11	74.3
Crotalus_tigris_C9B	CM122939.1	583	45	157	201	135815753	135815887	64.444	3.82e-10	69.3
Crotalus_tigris_C9B	CM122939.1	583	45	539	583	135829613	135829747	60.000	2.42e-08	63.5
Crotalus_tigris_C9B	CM122939.1	583	70	456	525	134594393	134594187	35.714	1.43e-06	57.8
Crotalus_tigris_C9B	CM122939.1	583	70	456	525	134990717	134990511	37.143	2.16e-06	57.0
Crotalus_tigris_C9B	CM122952.1	583	222	298	514	42943336	42942713	25.225	1.91e-11	73.6
Crotalus_tigris_C9B	CM122952.1	583	222	299	516	42931117	42930512	25.676	2.41e-10	69.7
Crotalus_tigris_C9B	CM122937.1	583	70	456	524	82239588	82239379	40.000	5.21e-07	58.9
Crotalus_tigris_C9B	CM122937.1	583	54	530	583	82215980	82216141	46.296	4.02e-06	56.2
Crotalus_tigris_C9B	CM122937.1	583	43	537	579	82237342	82237214	51.163	4.41e-06	55.8
Ptyas_mucosa_C9B	CM122939.1	583	77	277	353	135818961	135819191	55.844	5.14e-20	100
Ptyas_mucosa_C9B	CM122939.1	583	72	460	531	135827750	135827965	58.333	1.94e-19	99.0
Ptyas_mucosa_C9B	CM122939.1	583	86	72	156	135812820	135813068	47.674	5.86e-12	75.1
Ptyas_mucosa_C9B	CM122939.1	583	47	157	203	135815753	135815893	61.702	1.21e-10	70.9
Ptyas_mucosa_C9B	CM122939.1	583	56	528	583	135829580	135829747	55.357	3.90e-09	65.9
Ptyas_mucosa_C9B	CM122952.1	583	222	298	514	42943336	42942713	22.973	2.38e-09	66.6
Ptyas_mucosa_C9B	CM122952.1	583	219	299	516	42931117	42930512	24.658	3.24e-08	62.8
Ptyas_mucosa_C9B	CM122937.1	583	54	530	583	82215980	82216141	46.296	3.17e-06	56.6
Ptyas_mucosa_C9B	CM122937.1	583	43	537	579	82237342	82237214	48.837	9.10e-06	55.1
