Lacerta_agilis_C9A	NC_132823.1	589	73	461	533	298140288	298140506	75.342	2.48e-28	126
Lacerta_agilis_C9A	NC_132823.1	589	84	277	360	298132065	298132316	64.286	2.41e-27	123
Lacerta_agilis_C9A	NC_132823.1	589	48	155	202	298129471	298129614	75.000	1.71e-16	89.4
Lacerta_agilis_C9A	NC_132823.1	589	50	105	154	298127152	298127301	76.000	1.65e-14	82.8
Lacerta_agilis_C9A	NC_132823.1	589	67	400	461	298137985	298138185	58.209	1.04e-13	80.5
Lacerta_agilis_C9A	NC_132823.1	589	55	53	107	298125058	298125222	60.000	1.97e-13	79.3
Lacerta_agilis_C9A	NC_132823.1	589	80	201	275	298130171	298130410	43.750	1.72e-07	60.1
Lacerta_agilis_C9A	NC_132823.1	589	58	470	527	297440047	297439874	44.828	5.42e-07	58.5
Lacerta_agilis_C9A	NC_132823.1	589	52	535	585	298144437	298144592	67.308	3.38e-06	55.8
Lacerta_agilis_C9A	NC_132827.1	589	208	300	502	116387954	116388538	25.000	2.87e-09	65.9
Lacerta_agilis_C9A	NC_132827.1	589	226	300	525	118723025	118722438	22.124	3.64e-08	62.4
Lacerta_agilis_C9A	NC_132825.1	589	84	279	362	74083957	74084208	32.143	2.23e-07	59.7
Lacerta_agilis_C9A	NC_132825.1	589	73	455	526	74101332	74101550	35.616	1.74e-06	57.0
Zootoca_vivipara_C9A	NC_132823.1	589	73	461	533	298140288	298140506	72.603	1.22e-27	124
Zootoca_vivipara_C9A	NC_132823.1	589	84	277	360	298132065	298132316	64.286	2.24e-27	123
Zootoca_vivipara_C9A	NC_132823.1	589	47	155	201	298129471	298129611	76.596	2.97e-16	88.6
Zootoca_vivipara_C9A	NC_132823.1	589	50	105	154	298127152	298127301	74.000	2.98e-14	82.0
Zootoca_vivipara_C9A	NC_132823.1	589	55	53	107	298125058	298125222	61.818	9.03e-14	80.5
Zootoca_vivipara_C9A	NC_132823.1	589	67	400	461	298137985	298138185	56.716	7.99e-13	77.4
Zootoca_vivipara_C9A	NC_132823.1	589	58	470	527	297440047	297439874	43.103	1.06e-06	57.8
Zootoca_vivipara_C9A	NC_132823.1	589	80	201	275	298130171	298130410	40.000	1.26e-06	57.4
Zootoca_vivipara_C9A	NC_132827.1	589	208	300	502	116387954	116388538	25.000	3.26e-08	62.4
Zootoca_vivipara_C9A	NC_132827.1	589	228	300	525	118723025	118722438	21.930	2.96e-07	59.3
Zootoca_vivipara_C9A	NC_132825.1	589	84	279	362	74083957	74084208	32.143	4.97e-07	58.5
Zootoca_vivipara_C9A	NC_132825.1	589	73	455	526	74101332	74101550	35.616	1.50e-06	57.0
Podarcis_muralis_C9A	NC_132823.1	589	94	461	554	298140288	298140551	63.830	6.11e-28	125
Podarcis_muralis_C9A	NC_132823.1	589	86	275	360	298132059	298132316	60.465	4.17e-26	119
Podarcis_muralis_C9A	NC_132823.1	589	47	155	201	298129471	298129611	76.596	3.18e-16	88.6
Podarcis_muralis_C9A	NC_132823.1	589	50	105	154	298127152	298127301	76.000	1.59e-14	82.8
Podarcis_muralis_C9A	NC_132823.1	589	67	400	461	298137985	298138185	56.716	4.34e-13	78.2
Podarcis_muralis_C9A	NC_132823.1	589	55	53	107	298125058	298125222	60.000	4.38e-13	78.2
Podarcis_muralis_C9A	NC_132823.1	589	126	417	527	297440248	297439874	31.746	1.88e-07	60.1
Podarcis_muralis_C9A	NC_132823.1	589	82	201	275	298130171	298130410	41.463	9.34e-07	57.8
Podarcis_muralis_C9A	NC_132823.1	589	71	518	587	297437054	297436866	39.437	3.26e-06	56.2
Podarcis_muralis_C9A	NC_132823.1	589	52	535	585	298144437	298144592	67.308	4.99e-06	55.5
Podarcis_muralis_C9A	NC_132823.1	589	46	26	70	298122840	298122977	56.522	9.69e-06	54.7
Podarcis_muralis_C9A	NC_132827.1	589	222	300	516	116387954	116388577	25.225	1.40e-08	63.9
Podarcis_muralis_C9A	NC_132827.1	589	228	300	525	118723025	118722438	21.491	1.00e-06	57.8
Podarcis_muralis_C9A	NC_132825.1	589	73	455	526	74101332	74101550	35.616	1.05e-06	57.8
Podarcis_muralis_C9A	NC_132825.1	589	84	279	362	74083957	74084208	30.952	1.17e-06	57.4
Anolis_carolinensis_C9A	NC_132823.1	591	83	277	359	298132059	298132307	75.904	4.12e-32	138
Anolis_carolinensis_C9A	NC_132823.1	591	80	458	537	298140273	298140512	72.500	5.23e-30	132
Anolis_carolinensis_C9A	NC_132823.1	591	50	106	155	298127152	298127301	84.000	2.00e-18	95.5
Anolis_carolinensis_C9A	NC_132823.1	591	49	154	202	298129465	298129611	77.551	1.27e-17	92.8
Anolis_carolinensis_C9A	NC_132823.1	591	57	56	112	298125064	298125234	68.421	3.30e-16	88.6
Anolis_carolinensis_C9A	NC_132823.1	591	62	400	461	298137979	298138164	56.452	4.99e-12	75.1
Anolis_carolinensis_C9A	NC_132823.1	591	80	202	277	298130171	298130410	48.750	1.16e-10	70.5
Anolis_carolinensis_C9A	NC_132823.1	591	66	6	71	298122792	298122977	50.000	1.82e-08	63.5
Anolis_carolinensis_C9A	NC_132823.1	591	49	543	591	297437009	297436863	53.061	2.27e-07	59.7
Anolis_carolinensis_C9A	NC_132823.1	591	73	456	528	297440092	297439877	38.356	2.69e-07	59.7
Anolis_carolinensis_C9A	NC_132823.1	591	54	538	591	298144440	298144601	64.815	2.73e-07	59.7
Anolis_carolinensis_C9A	NC_132823.1	591	78	281	358	297391655	297391888	35.897	4.23e-06	55.8
Anolis_carolinensis_C9A	NC_132827.1	591	208	302	504	116387954	116388538	26.442	1.88e-09	66.6
Anolis_carolinensis_C9A	NC_132825.1	591	84	281	364	74083957	74084208	32.143	9.59e-08	60.8
Anolis_carolinensis_C9A	NC_132825.1	591	78	281	358	74132835	74132602	33.333	9.67e-08	60.8
Anolis_carolinensis_C9A	NC_132825.1	591	93	437	528	74101272	74101550	29.032	1.33e-07	60.5
Anolis_carolinensis_C9A	NC_132828.1	591	64	527	587	7532045	7531863	42.188	5.61e-06	55.5
Pogona_vitticeps_C9A	NC_132823.1	576	107	234	340	298131987	298132307	97.196	7.05e-61	224
Pogona_vitticeps_C9A	NC_132823.1	576	80	154	233	298129465	298129704	97.500	3.73e-41	165
Pogona_vitticeps_C9A	NC_132823.1	576	79	439	517	298140273	298140509	97.468	1.26e-39	160
Pogona_vitticeps_C9A	NC_132823.1	576	62	381	442	298137979	298138164	98.387	1.35e-27	124
Pogona_vitticeps_C9A	NC_132823.1	576	57	56	112	298125064	298125234	89.474	3.84e-24	113
Pogona_vitticeps_C9A	NC_132823.1	576	50	106	155	298127152	298127301	100.000	2.22e-22	107
Pogona_vitticeps_C9A	NC_132823.1	576	76	501	576	298144377	298144604	81.579	2.72e-22	107
Pogona_vitticeps_C9A	NC_132823.1	576	43	338	380	298135365	298135493	97.674	3.20e-16	88.2
Pogona_vitticeps_C9A	NC_132823.1	576	70	6	71	298122768	298122977	61.429	8.28e-15	84.0
Pogona_vitticeps_C9A	NC_132823.1	576	73	438	510	297440089	297439874	42.466	2.85e-07	59.3
Pogona_vitticeps_C9A	NC_132823.1	576	40	523	561	297401284	297401403	67.500	1.35e-06	57.4
Pogona_vitticeps_C9A	NC_132823.1	576	90	250	339	297391619	297391888	34.444	1.55e-06	57.0
Pogona_vitticeps_C9A	NC_132823.1	576	26	1	26	298121791	298121868	100.000	5.38e-06	55.5
Pogona_vitticeps_C9A	NC_132823.1	576	50	526	575	297437012	297436863	48.000	8.96e-06	54.7
Pogona_vitticeps_C9A	NC_132827.1	576	257	250	501	116387855	116388583	23.735	7.00e-10	67.8
Pogona_vitticeps_C9A	NC_132827.1	576	222	287	501	118723013	118722420	23.423	4.03e-06	55.8
Pogona_vitticeps_C9A	NC_132825.1	576	91	249	339	74132874	74132602	30.769	2.75e-08	62.8
Pogona_vitticeps_C9A	NC_132825.1	576	83	258	340	74083945	74084193	33.735	3.81e-08	62.4
Pogona_vitticeps_C9A	NC_132825.1	576	73	438	509	74101332	74101550	34.247	8.86e-08	61.2
Pogona_vitticeps_C9A	NC_132825.1	576	42	526	567	74103245	74103370	54.762	6.94e-06	55.1
Gekko_japonicus_C9A	NC_132823.1	582	88	289	376	298132053	298132316	59.091	2.07e-25	117
Gekko_japonicus_C9A	NC_132823.1	582	95	456	550	298140285	298140551	58.947	1.17e-23	112
Gekko_japonicus_C9A	NC_132823.1	582	49	171	219	298129465	298129611	63.265	2.41e-12	75.9
Gekko_japonicus_C9A	NC_132823.1	582	51	122	172	298127152	298127301	60.784	9.66e-11	70.9
Gekko_japonicus_C9A	NC_132823.1	582	67	457	523	297440071	297439874	46.269	4.33e-09	65.5
Gekko_japonicus_C9A	NC_132823.1	582	68	514	581	297437054	297436875	44.118	5.84e-09	65.1
Gekko_japonicus_C9A	NC_132823.1	582	56	69	124	298125064	298125222	55.357	3.08e-08	62.8
Gekko_japonicus_C9A	NC_132823.1	582	65	387	451	298137958	298138152	36.923	3.94e-08	62.4
Gekko_japonicus_C9A	NC_132823.1	582	63	466	526	297400390	297400578	39.683	2.61e-06	56.2
Gekko_japonicus_C9A	NC_132823.1	582	46	39	84	298122840	298122977	54.348	2.94e-06	56.2
Gekko_japonicus_C9A	NC_132823.1	582	82	291	372	297391643	297391888	30.488	7.00e-06	55.1
Gekko_japonicus_C9A	NC_132825.1	582	84	295	378	74083957	74084208	29.762	3.35e-07	59.3
Gekko_japonicus_C9A	NC_132825.1	582	78	295	372	74132835	74132602	30.769	2.52e-06	56.2
Crotalus_tigris_C9A	NC_132823.1	583	88	264	351	298132038	298132295	60.227	6.44e-25	115
Crotalus_tigris_C9A	NC_132823.1	583	108	454	555	298140273	298140596	51.852	1.48e-24	114
Crotalus_tigris_C9A	NC_132823.1	583	64	155	215	298129465	298129656	57.812	1.51e-14	83.2
Crotalus_tigris_C9A	NC_132823.1	583	50	107	156	298127152	298127301	70.000	2.81e-13	79.0
Crotalus_tigris_C9A	NC_132823.1	583	62	398	457	298137979	298138164	51.613	2.10e-09	66.2
Crotalus_tigris_C9A	NC_132823.1	583	47	25	71	298122837	298122977	51.064	3.57e-08	62.4
Crotalus_tigris_C9A	NC_132823.1	583	73	453	525	297440089	297439874	39.726	9.02e-07	57.8
Crotalus_tigris_C9A	NC_132823.1	583	50	534	583	298144440	298144589	72.000	1.36e-06	57.4
Crotalus_tigris_C9A	NC_132823.1	583	60	54	113	298125058	298125234	43.333	6.18e-06	55.1
Crotalus_tigris_C9A	NC_132827.1	583	224	298	514	116387954	116388577	28.125	3.72e-11	72.0
Crotalus_tigris_C9A	NC_132827.1	583	226	298	523	118723025	118722438	22.566	6.77e-08	61.6
Crotalus_tigris_C9A	NC_132825.1	583	73	453	524	74101332	74101550	34.247	2.49e-07	59.7
Crotalus_tigris_C9A	NC_132825.1	583	74	277	350	74083957	74084178	32.432	7.14e-06	55.1
Thamnophis_elegans_C9A	NC_132823.1	583	78	277	354	298132071	298132304	67.949	2.39e-25	117
Thamnophis_elegans_C9A	NC_132823.1	583	71	456	526	298140279	298140491	70.423	1.44e-22	108
Thamnophis_elegans_C9A	NC_132823.1	583	49	155	203	298129465	298129611	69.388	6.66e-15	84.3
Thamnophis_elegans_C9A	NC_132823.1	583	50	107	156	298127152	298127301	64.000	1.73e-10	70.1
Thamnophis_elegans_C9A	NC_132823.1	583	62	396	457	298137979	298138164	50.000	1.34e-09	67.0
Thamnophis_elegans_C9A	NC_132823.1	583	47	25	71	298122837	298122977	53.191	1.04e-08	64.3
Thamnophis_elegans_C9A	NC_132823.1	583	60	54	113	298125058	298125234	46.667	2.02e-07	60.1
Thamnophis_elegans_C9A	NC_132823.1	583	68	516	583	297437054	297436875	39.706	5.10e-07	58.5
Thamnophis_elegans_C9A	NC_132823.1	583	45	530	573	297401269	297401403	55.556	4.47e-06	55.5
Thamnophis_elegans_C9A	NC_132827.1	583	226	298	514	116387954	116388577	26.991	3.87e-10	68.9
Thamnophis_elegans_C9A	NC_132825.1	583	81	274	354	74083948	74084190	32.099	4.57e-07	58.9
Naja_naja_C9A	NC_132823.1	582	108	455	560	298140279	298140602	52.778	2.75e-25	117
Naja_naja_C9A	NC_132823.1	582	90	264	353	298132038	298132301	58.889	9.09e-25	115
Naja_naja_C9A	NC_132823.1	582	49	155	203	298129465	298129611	65.306	1.13e-13	80.1
Naja_naja_C9A	NC_132823.1	582	50	107	156	298127152	298127301	72.000	2.52e-13	79.0
Naja_naja_C9A	NC_132823.1	582	47	25	71	298122837	298122977	55.319	1.97e-09	66.6
Naja_naja_C9A	NC_132823.1	582	67	390	456	298137973	298138164	50.746	2.15e-09	66.2
Naja_naja_C9A	NC_132823.1	582	69	456	524	297440077	297439874	37.681	8.06e-07	58.2
Naja_naja_C9A	NC_132823.1	582	50	533	582	298144440	298144589	68.000	1.26e-06	57.4
Naja_naja_C9A	NC_132823.1	582	60	54	113	298125058	298125234	45.000	1.37e-06	57.4
Naja_naja_C9A	NC_132823.1	582	64	515	578	297437054	297436887	42.188	2.02e-06	56.6
Naja_naja_C9A	NC_132827.1	582	193	298	490	118723025	118722489	22.798	1.62e-08	63.5
Naja_naja_C9A	NC_132827.1	582	222	298	513	116387954	116388577	24.775	1.77e-08	63.5
Naja_naja_C9A	NC_132825.1	582	73	452	523	74101332	74101550	32.877	3.74e-07	58.9
Naja_naja_C9A	NC_132825.1	582	74	277	350	74132835	74132614	33.784	4.57e-06	55.5
Naja_naja_C9A	NC_132825.1	582	74	277	350	74083957	74084178	35.135	9.35e-06	54.7
Pseudonaja_textilis_C9A	NC_132823.1	583	108	456	561	298140279	298140602	51.852	6.27e-25	115
Pseudonaja_textilis_C9A	NC_132823.1	583	90	264	353	298132038	298132301	57.778	2.72e-24	114
Pseudonaja_textilis_C9A	NC_132823.1	583	49	155	203	298129465	298129611	65.306	1.18e-13	80.1
Pseudonaja_textilis_C9A	NC_132823.1	583	50	107	156	298127152	298127301	68.000	1.58e-12	76.6
Pseudonaja_textilis_C9A	NC_132823.1	583	47	25	71	298122837	298122977	57.447	5.99e-10	68.2
Pseudonaja_textilis_C9A	NC_132823.1	583	67	391	457	298137973	298138164	46.269	2.22e-08	63.2
Pseudonaja_textilis_C9A	NC_132823.1	583	68	516	583	297437054	297436875	41.176	8.50e-07	57.8
Pseudonaja_textilis_C9A	NC_132823.1	583	50	534	583	298144440	298144589	70.000	8.72e-07	57.8
Pseudonaja_textilis_C9A	NC_132823.1	583	69	457	525	297440077	297439874	37.681	1.44e-06	57.0
Pseudonaja_textilis_C9A	NC_132823.1	583	60	54	113	298125058	298125234	41.667	7.20e-06	55.1
Pseudonaja_textilis_C9A	NC_132827.1	583	226	298	523	118723025	118722438	21.239	2.91e-09	65.9
Pseudonaja_textilis_C9A	NC_132827.1	583	222	298	514	116387954	116388577	24.324	7.00e-09	64.7
Pseudonaja_textilis_C9A	NC_132825.1	583	73	453	524	74101332	74101550	31.507	1.28e-06	57.4
Python_bivittatus_C9A	NC_132823.1	582	77	454	530	298140273	298140503	68.831	5.44e-25	116
Python_bivittatus_C9A	NC_132823.1	582	79	277	355	298132071	298132307	64.557	1.47e-24	114
Python_bivittatus_C9A	NC_132823.1	582	49	155	203	298129465	298129611	65.306	5.28e-14	81.3
Python_bivittatus_C9A	NC_132823.1	582	50	107	156	298127152	298127301	68.000	4.03e-12	75.1
Python_bivittatus_C9A	NC_132823.1	582	47	25	71	298122837	298122977	59.574	1.88e-09	66.6
Python_bivittatus_C9A	NC_132823.1	582	62	396	457	298137979	298138164	50.000	2.08e-08	63.2
Python_bivittatus_C9A	NC_132823.1	582	194	406	582	298144020	298144589	32.990	5.84e-08	61.6
Python_bivittatus_C9A	NC_132823.1	582	73	453	525	297440089	297439874	41.096	3.29e-07	59.3
Python_bivittatus_C9A	NC_132823.1	582	66	513	578	297437063	297436887	42.424	1.17e-06	57.4
Python_bivittatus_C9A	NC_132823.1	582	79	203	272	298130171	298130407	39.241	2.11e-06	56.6
Python_bivittatus_C9A	NC_132823.1	582	56	54	109	298125058	298125222	46.429	3.12e-06	56.2
Python_bivittatus_C9A	NC_132827.1	582	251	277	514	116387885	116388577	25.100	1.29e-09	67.0
Python_bivittatus_C9A	NC_132827.1	582	226	298	514	118723025	118722426	25.664	1.80e-07	60.1
Python_bivittatus_C9A	NC_132825.1	582	73	453	524	74101332	74101550	36.986	3.05e-09	65.9
Python_bivittatus_C9A	NC_132825.1	582	79	277	355	74083957	74084193	31.646	8.62e-07	57.8
Python_bivittatus_C9A	NC_132825.1	582	84	277	360	74132835	74132584	32.143	4.38e-06	55.5
Python_bivittatus_C9A	NC_132825.1	582	42	537	578	74103245	74103370	52.381	8.88e-06	54.7
Notechis_scutatus_C9A	NC_132823.1	583	113	456	561	298140279	298140602	50.442	1.12e-24	115
Notechis_scutatus_C9A	NC_132823.1	583	90	264	353	298132038	298132301	57.778	2.92e-24	114
Notechis_scutatus_C9A	NC_132823.1	583	49	155	203	298129465	298129611	65.306	1.12e-13	80.1
Notechis_scutatus_C9A	NC_132823.1	583	50	107	156	298127152	298127301	70.000	4.70e-13	78.2
Notechis_scutatus_C9A	NC_132823.1	583	47	25	71	298122837	298122977	57.447	5.74e-10	68.2
Notechis_scutatus_C9A	NC_132823.1	583	67	391	457	298137973	298138164	46.269	3.79e-08	62.4
Notechis_scutatus_C9A	NC_132823.1	583	50	534	583	298144440	298144589	70.000	7.68e-07	58.2
Notechis_scutatus_C9A	NC_132823.1	583	68	516	583	297437054	297436875	41.176	8.80e-07	57.8
Notechis_scutatus_C9A	NC_132823.1	583	69	457	525	297440077	297439874	37.681	2.30e-06	56.6
Notechis_scutatus_C9A	NC_132823.1	583	60	54	113	298125058	298125234	43.333	4.47e-06	55.5
Notechis_scutatus_C9A	NC_132827.1	583	226	298	523	118723025	118722438	21.681	3.31e-09	65.9
Notechis_scutatus_C9A	NC_132827.1	583	222	298	514	116387954	116388577	24.324	5.24e-09	65.1
Notechis_scutatus_C9A	NC_132825.1	583	73	453	524	74101332	74101550	31.507	2.26e-06	56.6
Notechis_scutatus_C9A	NC_132825.1	583	74	277	350	74083957	74084178	33.784	9.70e-06	54.3
Hydrophis_cyanocinctus_C9A	NC_132823.1	583	113	456	561	298140279	298140602	50.442	7.89e-25	115
Hydrophis_cyanocinctus_C9A	NC_132823.1	583	77	277	353	298132071	298132301	63.636	6.52e-24	112
Hydrophis_cyanocinctus_C9A	NC_132823.1	583	49	155	203	298129465	298129611	67.347	4.82e-14	81.3
Hydrophis_cyanocinctus_C9A	NC_132823.1	583	50	107	156	298127152	298127301	70.000	4.70e-13	78.2
Hydrophis_cyanocinctus_C9A	NC_132823.1	583	47	25	71	298122837	298122977	57.447	6.04e-10	68.2
Hydrophis_cyanocinctus_C9A	NC_132823.1	583	67	391	457	298137973	298138164	47.761	1.06e-08	63.9
Hydrophis_cyanocinctus_C9A	NC_132823.1	583	50	534	583	298144440	298144589	70.000	7.87e-07	58.2
Hydrophis_cyanocinctus_C9A	NC_132823.1	583	68	516	583	297437054	297436875	41.176	8.22e-07	58.2
Hydrophis_cyanocinctus_C9A	NC_132823.1	583	69	457	525	297440077	297439874	37.681	2.49e-06	56.2
Hydrophis_cyanocinctus_C9A	NC_132823.1	583	60	54	113	298125058	298125234	43.333	4.47e-06	55.5
Hydrophis_cyanocinctus_C9A	NC_132827.1	583	226	298	523	118723025	118722438	22.124	5.64e-10	68.2
Hydrophis_cyanocinctus_C9A	NC_132827.1	583	222	298	514	116387954	116388577	24.324	7.00e-09	64.7
Hydrophis_cyanocinctus_C9A	NC_132825.1	583	73	453	524	74101332	74101550	31.507	1.11e-06	57.4
Hydrophis_cyanocinctus_C9A	NC_132825.1	583	78	273	350	74083945	74084178	33.333	2.75e-06	56.2
Laticauda_colubrina_C9A	NC_132823.1	583	108	456	561	298140279	298140602	51.852	6.79e-25	115
Laticauda_colubrina_C9A	NC_132823.1	583	90	264	353	298132038	298132301	57.778	3.48e-24	113
Laticauda_colubrina_C9A	NC_132823.1	583	49	155	203	298129465	298129611	65.306	1.31e-13	80.1
Laticauda_colubrina_C9A	NC_132823.1	583	50	107	156	298127152	298127301	68.000	1.17e-12	77.0
Laticauda_colubrina_C9A	NC_132823.1	583	47	25	71	298122837	298122977	57.447	8.80e-10	67.8
Laticauda_colubrina_C9A	NC_132823.1	583	67	391	457	298137973	298138164	50.746	1.43e-09	67.0
Laticauda_colubrina_C9A	NC_132823.1	583	68	516	583	297437054	297436875	41.176	9.18e-07	57.8
Laticauda_colubrina_C9A	NC_132823.1	583	69	457	525	297440077	297439874	37.681	1.50e-06	57.0
Laticauda_colubrina_C9A	NC_132823.1	583	50	534	583	298144440	298144589	68.000	2.55e-06	56.2
Laticauda_colubrina_C9A	NC_132827.1	583	226	298	523	118723025	118722438	21.239	3.31e-09	65.9
Laticauda_colubrina_C9A	NC_132827.1	583	222	298	514	116387954	116388577	23.874	1.36e-08	63.9
Laticauda_colubrina_C9A	NC_132825.1	583	73	453	524	74101332	74101550	31.507	1.16e-06	57.4
Laticauda_colubrina_C9A	NC_132825.1	583	81	277	357	74083957	74084199	32.099	7.77e-06	54.7
Protobothrops_mucrosquamatus_C9A	NC_132823.1	583	79	277	355	298132071	298132307	67.089	6.66e-27	122
Protobothrops_mucrosquamatus_C9A	NC_132823.1	583	108	456	561	298140279	298140602	52.778	3.17e-25	117
Protobothrops_mucrosquamatus_C9A	NC_132823.1	583	49	155	203	298129465	298129611	69.388	1.01e-15	86.7
Protobothrops_mucrosquamatus_C9A	NC_132823.1	583	50	107	156	298127152	298127301	66.000	1.12e-11	73.9
Protobothrops_mucrosquamatus_C9A	NC_132823.1	583	54	404	457	298138003	298138164	55.556	4.16e-09	65.5
Protobothrops_mucrosquamatus_C9A	NC_132823.1	583	50	534	583	298144440	298144589	76.000	1.11e-08	63.9
Protobothrops_mucrosquamatus_C9A	NC_132823.1	583	47	25	71	298122837	298122977	51.064	4.77e-08	62.0
Protobothrops_mucrosquamatus_C9A	NC_132823.1	583	64	516	579	297437054	297436887	42.188	1.15e-07	60.8
Protobothrops_mucrosquamatus_C9A	NC_132823.1	583	69	457	525	297440077	297439874	42.029	2.74e-07	59.7
Protobothrops_mucrosquamatus_C9A	NC_132827.1	583	228	298	514	116387954	116388577	27.193	7.01e-11	71.2
Protobothrops_mucrosquamatus_C9A	NC_132827.1	583	232	298	523	118723025	118722438	21.983	2.14e-07	59.7
Protobothrops_mucrosquamatus_C9A	NC_132825.1	583	82	274	355	74083948	74084193	30.488	3.03e-07	59.3
Protobothrops_mucrosquamatus_C9A	NC_132825.1	583	73	453	524	74101332	74101550	31.507	1.41e-06	57.4
Protobothrops_mucrosquamatus_C9A	NC_132825.1	583	78	277	354	74132835	74132602	32.051	1.75e-06	57.0
Protobothrops_mucrosquamatus_C9A	NC_132825.1	583	38	538	575	74103245	74103358	57.895	7.91e-06	54.7
Chrysopelea_ornata_C9A	NC_132823.1	584	75	457	531	298140279	298140503	72.000	4.35e-26	119
Chrysopelea_ornata_C9A	NC_132823.1	584	82	277	358	298132071	298132316	64.634	8.46e-26	118
Chrysopelea_ornata_C9A	NC_132823.1	584	49	155	203	298129465	298129611	65.306	1.36e-13	80.1
Chrysopelea_ornata_C9A	NC_132823.1	584	50	107	156	298127152	298127301	66.000	3.51e-12	75.5
Chrysopelea_ornata_C9A	NC_132823.1	584	62	397	458	298137979	298138164	51.613	1.55e-09	67.0
Chrysopelea_ornata_C9A	NC_132823.1	584	47	25	71	298122837	298122977	55.319	5.12e-09	65.1
Chrysopelea_ornata_C9A	NC_132823.1	584	68	517	584	297437054	297436875	41.176	2.28e-07	59.7
Chrysopelea_ornata_C9A	NC_132823.1	584	69	458	526	297440077	297439874	40.580	4.10e-07	58.9
Chrysopelea_ornata_C9A	NC_132827.1	584	228	298	515	116387954	116388577	27.193	1.35e-09	67.0
Chrysopelea_ornata_C9A	NC_132825.1	584	84	274	357	74083948	74084199	32.143	1.39e-07	60.5
Chrysopelea_ornata_C9A	NC_132825.1	584	87	440	525	74101290	74101550	31.034	5.79e-06	55.1
Pituophis_catenifer_C9A	NC_132823.1	583	75	456	530	298140279	298140503	68.000	5.69e-25	116
Pituophis_catenifer_C9A	NC_132823.1	583	77	277	353	298132071	298132301	66.234	6.49e-25	115
Pituophis_catenifer_C9A	NC_132823.1	583	47	157	203	298129471	298129611	65.957	2.56e-13	79.0
Pituophis_catenifer_C9A	NC_132823.1	583	50	107	156	298127152	298127301	66.000	4.68e-12	75.1
Pituophis_catenifer_C9A	NC_132823.1	583	56	402	457	298137997	298138164	53.571	5.89e-10	68.2
Pituophis_catenifer_C9A	NC_132823.1	583	47	25	71	298122837	298122977	57.447	1.91e-09	66.6
Pituophis_catenifer_C9A	NC_132823.1	583	47	537	583	297437015	297436875	53.191	2.31e-07	59.7
Pituophis_catenifer_C9A	NC_132823.1	583	60	54	113	298125058	298125234	48.333	2.67e-07	59.7
Pituophis_catenifer_C9A	NC_132827.1	583	224	298	516	116387954	116388583	28.125	1.97e-13	79.3
Pituophis_catenifer_C9A	NC_132825.1	583	87	439	524	74101290	74101550	32.184	7.23e-07	58.2
Pituophis_catenifer_C9A	NC_132825.1	583	77	277	353	74083957	74084187	32.468	5.08e-06	55.5
Pantherophis_obsoletus_C9A	NC_132823.1	583	79	277	355	298132071	298132307	68.354	4.93e-28	125
Pantherophis_obsoletus_C9A	NC_132823.1	583	75	456	530	298140279	298140503	68.000	5.54e-25	116
Pantherophis_obsoletus_C9A	NC_132823.1	583	49	155	203	298129465	298129611	65.306	4.91e-14	81.3
Pantherophis_obsoletus_C9A	NC_132823.1	583	50	107	156	298127152	298127301	64.000	8.68e-12	73.9
Pantherophis_obsoletus_C9A	NC_132823.1	583	47	25	71	298122837	298122977	61.702	5.50e-10	68.2
Pantherophis_obsoletus_C9A	NC_132823.1	583	62	396	457	298137979	298138164	50.000	4.49e-09	65.5
Pantherophis_obsoletus_C9A	NC_132823.1	583	60	54	113	298125058	298125234	50.000	6.49e-08	61.6
Pantherophis_obsoletus_C9A	NC_132823.1	583	47	537	583	297437015	297436875	53.191	2.45e-07	59.7
Pantherophis_obsoletus_C9A	NC_132827.1	583	224	298	516	116387954	116388583	29.911	2.30e-14	82.4
Pantherophis_obsoletus_C9A	NC_132825.1	583	82	274	355	74083948	74084193	32.927	6.95e-08	61.6
Pantherophis_obsoletus_C9A	NC_132825.1	583	87	439	524	74101290	74101550	32.184	6.81e-07	58.2
Pantherophis_obsoletus_C9A	NC_132825.1	583	84	277	360	74132835	74132584	32.143	1.26e-06	57.4
Bothrops_jararaca_C9A	NC_132823.1	583	79	277	355	298132071	298132307	67.089	2.60e-26	120
Bothrops_jararaca_C9A	NC_132823.1	583	75	456	530	298140279	298140503	68.000	1.83e-24	114
Bothrops_jararaca_C9A	NC_132823.1	583	47	157	203	298129471	298129611	72.340	1.05e-15	86.7
Bothrops_jararaca_C9A	NC_132823.1	583	50	107	156	298127152	298127301	70.000	1.62e-12	76.6
Bothrops_jararaca_C9A	NC_132823.1	583	62	396	457	298137979	298138164	48.387	6.38e-09	64.7
Bothrops_jararaca_C9A	NC_132823.1	583	50	534	583	298144440	298144589	74.000	4.50e-08	62.0
Bothrops_jararaca_C9A	NC_132823.1	583	64	516	579	297437054	297436887	42.188	2.41e-07	59.7
Bothrops_jararaca_C9A	NC_132823.1	583	47	25	71	298122837	298122977	44.681	1.36e-06	57.4
Bothrops_jararaca_C9A	NC_132823.1	583	69	457	525	297440077	297439874	39.130	6.02e-06	55.1
Bothrops_jararaca_C9A	NC_132827.1	583	226	298	514	116387954	116388577	26.106	6.87e-10	67.8
Bothrops_jararaca_C9A	NC_132827.1	583	232	298	523	118723025	118722438	22.845	3.35e-06	55.8
Bothrops_jararaca_C9A	NC_132825.1	583	82	274	355	74083948	74084193	30.488	4.30e-07	58.9
Bothrops_jararaca_C9A	NC_132825.1	583	73	453	524	74101332	74101550	31.507	8.29e-07	57.8
Bothrops_jararaca_C9A	NC_132825.1	583	78	277	354	74132835	74132602	32.051	5.92e-06	55.1
Ptyas_mucosa_C9A	NC_132823.1	583	82	274	355	298132062	298132307	68.293	6.77e-29	128
Ptyas_mucosa_C9A	NC_132823.1	583	75	456	530	298140279	298140503	68.000	6.61e-25	115
Ptyas_mucosa_C9A	NC_132823.1	583	49	155	203	298129465	298129611	63.265	1.83e-13	79.7
Ptyas_mucosa_C9A	NC_132823.1	583	50	107	156	298127152	298127301	68.000	1.45e-12	76.6
Ptyas_mucosa_C9A	NC_132823.1	583	47	25	71	298122837	298122977	61.702	2.02e-10	69.7
Ptyas_mucosa_C9A	NC_132823.1	583	79	379	457	298137928	298138164	43.038	3.42e-09	65.9
Ptyas_mucosa_C9A	NC_132823.1	583	68	516	583	297437054	297436875	42.647	1.08e-08	63.9
Ptyas_mucosa_C9A	NC_132823.1	583	60	54	113	298125058	298125234	50.000	3.42e-08	62.4
Ptyas_mucosa_C9A	NC_132823.1	583	69	457	525	297440077	297439874	42.029	1.42e-06	57.4
Ptyas_mucosa_C9A	NC_132827.1	583	222	298	514	116387954	116388577	27.928	3.41e-11	72.0
Ptyas_mucosa_C9A	NC_132825.1	583	82	274	355	74083948	74084193	32.927	1.93e-07	60.1
Ptyas_mucosa_C9A	NC_132825.1	583	84	277	360	74132835	74132584	33.333	2.45e-07	59.7
Ptyas_mucosa_C9A	NC_132825.1	583	90	436	524	74101281	74101550	32.222	1.30e-06	57.4
Vipera_berus_C9A	NC_132823.1	583	79	277	355	298132071	298132307	68.354	3.13e-26	120
Vipera_berus_C9A	NC_132823.1	583	114	456	561	298140279	298140602	51.754	7.62e-25	115
Vipera_berus_C9A	NC_132823.1	583	49	155	203	298129465	298129611	71.429	6.55e-16	87.4
Vipera_berus_C9A	NC_132823.1	583	50	107	156	298127152	298127301	66.000	1.88e-11	73.2
Vipera_berus_C9A	NC_132823.1	583	62	396	457	298137979	298138164	50.000	1.28e-09	67.0
Vipera_berus_C9A	NC_132823.1	583	69	457	525	297440077	297439874	43.478	4.46e-08	62.0
Vipera_berus_C9A	NC_132823.1	583	47	25	71	298122837	298122977	51.064	7.69e-08	61.2
Vipera_berus_C9A	NC_132823.1	583	50	534	583	298144440	298144589	74.000	8.97e-08	61.2
Vipera_berus_C9A	NC_132823.1	583	64	516	579	297437054	297436887	42.188	5.95e-07	58.5
Vipera_berus_C9A	NC_132827.1	583	245	275	514	116387903	116388577	26.939	1.27e-10	70.5
Vipera_berus_C9A	NC_132827.1	583	226	298	523	118723025	118722438	21.681	3.65e-06	55.8
Vipera_berus_C9A	NC_132825.1	583	73	453	524	74101332	74101550	32.877	5.01e-07	58.5
Vipera_berus_C9A	NC_132825.1	583	82	274	355	74083948	74084193	30.488	1.77e-06	57.0
Sceloporus_undulatus_C9A	NC_132823.1	591	78	460	537	298140279	298140512	79.487	8.34e-33	140
Sceloporus_undulatus_C9A	NC_132823.1	591	83	277	359	298132059	298132307	74.699	2.07e-32	139
Sceloporus_undulatus_C9A	NC_132823.1	591	59	54	112	298125058	298125234	62.712	2.48e-16	89.0
Sceloporus_undulatus_C9A	NC_132823.1	591	62	400	461	298137979	298138164	66.129	7.55e-16	87.4
Sceloporus_undulatus_C9A	NC_132823.1	591	50	106	155	298127152	298127301	76.000	7.66e-15	84.0
Sceloporus_undulatus_C9A	NC_132823.1	591	80	202	277	298130171	298130410	53.750	6.98e-14	80.9
Sceloporus_undulatus_C9A	NC_132823.1	591	47	156	202	298129471	298129611	72.340	1.63e-13	79.7
Sceloporus_undulatus_C9A	NC_132823.1	591	75	520	591	298144377	298144601	56.000	2.52e-09	66.2
Sceloporus_undulatus_C9A	NC_132823.1	591	68	4	71	298122786	298122977	50.000	4.69e-09	65.5
Sceloporus_undulatus_C9A	NC_132823.1	591	65	529	591	297437057	297436863	43.077	6.70e-08	61.6
Sceloporus_undulatus_C9A	NC_132823.1	591	45	534	577	297401269	297401403	62.222	6.68e-07	58.2
Sceloporus_undulatus_C9A	NC_132823.1	591	68	462	529	297440074	297439874	39.706	1.38e-06	57.4
Sceloporus_undulatus_C9A	NC_132823.1	591	82	277	358	297391643	297391888	32.927	4.98e-06	55.5
Sceloporus_undulatus_C9A	NC_132825.1	591	85	280	364	74083954	74084208	35.294	1.14e-08	63.9
Sceloporus_undulatus_C9A	NC_132825.1	591	87	443	528	74101290	74101550	31.034	2.53e-07	59.7
Sceloporus_undulatus_C9A	NC_132825.1	591	78	281	358	74132835	74132602	33.333	6.35e-07	58.5
Sceloporus_undulatus_C9A	NC_132827.1	591	229	297	520	116387939	116388583	24.017	3.82e-08	62.4
Anolis_carolinensis_C9B	NC_132823.1	538	81	277	357	298132059	298132301	74.074	9.41e-29	127
Anolis_carolinensis_C9B	NC_132823.1	538	80	458	537	298140273	298140512	68.750	3.72e-26	119
Anolis_carolinensis_C9B	NC_132823.1	538	50	106	155	298127152	298127301	78.000	6.07e-17	90.5
Anolis_carolinensis_C9B	NC_132823.1	538	59	54	112	298125058	298125234	66.102	7.22e-17	90.1
Anolis_carolinensis_C9B	NC_132823.1	538	49	154	202	298129465	298129611	75.510	3.98e-16	87.8
Anolis_carolinensis_C9B	NC_132823.1	538	55	406	460	298137997	298138161	72.727	9.59e-16	86.7
Anolis_carolinensis_C9B	NC_132823.1	538	80	202	277	298130171	298130410	50.000	1.01e-12	77.0
Anolis_carolinensis_C9B	NC_132823.1	538	68	4	71	298122786	298122977	48.529	9.10e-10	67.4
Anolis_carolinensis_C9B	NC_132823.1	538	68	462	529	297440074	297439874	42.647	1.63e-08	63.2
Anolis_carolinensis_C9B	NC_132823.1	538	75	281	355	297391655	297391879	38.667	2.04e-06	56.6
Anolis_carolinensis_C9B	NC_132825.1	538	76	281	356	74132835	74132608	35.526	1.68e-08	63.2
Anolis_carolinensis_C9B	NC_132825.1	538	82	281	362	74083957	74084202	34.146	5.10e-08	61.6
Anolis_carolinensis_C9B	NC_132827.1	538	232	292	518	116387927	116388577	24.138	5.74e-06	55.1
Hydrophis_cyanocinctus_C9B	NC_132823.1	582	79	276	354	298132071	298132307	68.354	3.76e-27	122
Hydrophis_cyanocinctus_C9B	NC_132823.1	582	84	455	538	298140279	298140512	59.524	1.09e-22	108
Hydrophis_cyanocinctus_C9B	NC_132823.1	582	47	156	202	298129471	298129611	68.085	4.68e-14	81.3
Hydrophis_cyanocinctus_C9B	NC_132823.1	582	50	106	155	298127152	298127301	68.000	1.29e-12	76.6
Hydrophis_cyanocinctus_C9B	NC_132823.1	582	54	403	456	298138003	298138164	53.704	5.45e-08	61.6
Hydrophis_cyanocinctus_C9B	NC_132823.1	582	68	515	582	297437054	297436875	42.647	5.79e-08	61.6
Hydrophis_cyanocinctus_C9B	NC_132823.1	582	69	456	524	297440077	297439874	40.580	7.61e-08	61.2
Hydrophis_cyanocinctus_C9B	NC_132823.1	582	47	24	70	298122837	298122977	53.191	6.40e-07	58.2
Hydrophis_cyanocinctus_C9B	NC_132827.1	582	247	276	514	116387885	116388580	26.316	1.71e-09	66.6
Hydrophis_cyanocinctus_C9B	NC_132825.1	582	90	435	523	74101281	74101550	34.444	4.97e-08	62.0
Hydrophis_cyanocinctus_C9B	NC_132825.1	582	82	273	354	74083948	74084193	29.268	6.03e-07	58.5
Hydrophis_cyanocinctus_C9B	NC_132825.1	582	84	276	359	74132835	74132584	32.143	9.97e-07	57.8
Bothrops_jararaca_C9B	NC_132823.1	583	79	277	355	298132071	298132307	67.089	2.57e-26	120
Bothrops_jararaca_C9B	NC_132823.1	583	75	456	530	298140279	298140503	68.000	2.16e-24	114
Bothrops_jararaca_C9B	NC_132823.1	583	49	155	203	298129465	298129611	71.429	3.90e-16	88.2
Bothrops_jararaca_C9B	NC_132823.1	583	50	107	156	298127152	298127301	68.000	1.56e-12	76.6
Bothrops_jararaca_C9B	NC_132823.1	583	62	396	457	298137979	298138164	51.613	1.61e-09	66.6
Bothrops_jararaca_C9B	NC_132823.1	583	50	534	583	298144440	298144589	74.000	7.63e-08	61.2
Bothrops_jararaca_C9B	NC_132823.1	583	64	516	579	297437054	297436887	40.625	8.36e-07	57.8
Bothrops_jararaca_C9B	NC_132823.1	583	47	25	71	298122837	298122977	46.809	9.18e-07	57.8
Bothrops_jararaca_C9B	NC_132823.1	583	69	457	525	297440077	297439874	39.130	6.34e-06	55.1
Bothrops_jararaca_C9B	NC_132827.1	583	228	298	514	116387954	116388577	26.316	9.50e-10	67.4
Bothrops_jararaca_C9B	NC_132827.1	583	226	298	523	118723025	118722438	22.566	1.22e-06	57.4
Bothrops_jararaca_C9B	NC_132825.1	583	82	274	355	74083948	74084193	30.488	4.34e-07	58.9
Bothrops_jararaca_C9B	NC_132825.1	583	73	453	524	74101332	74101550	31.507	8.65e-07	57.8
Bothrops_jararaca_C9B	NC_132825.1	583	78	277	354	74132835	74132602	32.051	6.13e-06	55.1
Laticauda_colubrina_C9B	NC_132823.1	583	82	277	358	298132071	298132316	65.854	2.52e-27	123
Laticauda_colubrina_C9B	NC_132823.1	583	75	456	530	298140279	298140503	66.667	6.52e-24	112
Laticauda_colubrina_C9B	NC_132823.1	583	62	157	215	298129471	298129656	56.452	5.88e-13	77.8
Laticauda_colubrina_C9B	NC_132823.1	583	50	107	156	298127152	298127301	68.000	1.17e-11	73.6
Laticauda_colubrina_C9B	NC_132823.1	583	47	25	71	298122837	298122977	55.319	4.77e-08	62.0
Laticauda_colubrina_C9B	NC_132823.1	583	54	404	457	298138003	298138164	50.000	2.09e-07	60.1
Laticauda_colubrina_C9B	NC_132823.1	583	69	457	525	297440077	297439874	40.580	2.47e-07	59.7
Laticauda_colubrina_C9B	NC_132823.1	583	68	516	583	297437054	297436875	38.235	4.47e-06	55.5
Laticauda_colubrina_C9B	NC_132827.1	583	246	275	515	116387903	116388580	24.797	2.86e-09	65.9
Laticauda_colubrina_C9B	NC_132827.1	583	191	298	488	118723025	118722498	21.466	6.00e-07	58.5
Laticauda_colubrina_C9B	NC_132825.1	583	81	274	354	74132844	74132602	33.333	8.45e-08	61.2
Laticauda_colubrina_C9B	NC_132825.1	583	95	431	524	74101266	74101550	31.579	1.80e-07	60.1
Laticauda_colubrina_C9B	NC_132825.1	583	81	277	357	74083957	74084199	29.630	1.07e-06	57.8
Pseudonaja_textilis_C9B	NC_132823.1	583	78	277	354	298132071	298132304	69.231	1.14e-27	124
Pseudonaja_textilis_C9B	NC_132823.1	583	108	454	557	298140273	298140596	50.000	4.05e-24	113
Pseudonaja_textilis_C9B	NC_132823.1	583	47	157	203	298129471	298129611	68.085	4.82e-14	81.3
Pseudonaja_textilis_C9B	NC_132823.1	583	50	107	156	298127152	298127301	70.000	5.88e-13	77.8
Pseudonaja_textilis_C9B	NC_132823.1	583	73	453	525	297440089	297439874	41.096	2.67e-08	62.8
Pseudonaja_textilis_C9B	NC_132823.1	583	47	25	71	298122837	298122977	55.319	3.89e-08	62.4
Pseudonaja_textilis_C9B	NC_132823.1	583	68	516	583	297437054	297436875	41.176	4.06e-08	62.4
Pseudonaja_textilis_C9B	NC_132823.1	583	54	404	457	298138003	298138164	53.704	4.61e-08	62.0
Pseudonaja_textilis_C9B	NC_132827.1	583	224	298	515	116387954	116388580	27.679	6.47e-10	68.2
Pseudonaja_textilis_C9B	NC_132825.1	583	90	436	524	74101281	74101550	33.333	6.60e-08	61.6
Pseudonaja_textilis_C9B	NC_132825.1	583	78	277	354	74083957	74084190	30.769	2.56e-07	59.7
Pseudonaja_textilis_C9B	NC_132825.1	583	87	274	360	74132844	74132584	32.184	3.69e-07	58.9
Notechis_scutatus_C9B	NC_132823.1	583	79	277	355	298132071	298132307	67.089	2.46e-27	123
Notechis_scutatus_C9B	NC_132823.1	583	71	456	526	298140279	298140491	70.423	6.76e-24	112
Notechis_scutatus_C9B	NC_132823.1	583	49	155	203	298129465	298129611	65.306	3.48e-14	82.0
Notechis_scutatus_C9B	NC_132823.1	583	50	107	156	298127152	298127301	68.000	1.22e-12	77.0
Notechis_scutatus_C9B	NC_132823.1	583	54	404	457	298138003	298138164	53.704	3.73e-08	62.4
Notechis_scutatus_C9B	NC_132823.1	583	47	25	71	298122837	298122977	55.319	4.38e-08	62.0
Notechis_scutatus_C9B	NC_132823.1	583	69	457	525	297440077	297439874	40.580	4.57e-08	62.0
Notechis_scutatus_C9B	NC_132823.1	583	68	516	583	297437054	297436875	41.176	1.74e-07	60.1
Notechis_scutatus_C9B	NC_132827.1	583	224	298	515	116387954	116388580	28.125	7.37e-11	71.2
Notechis_scutatus_C9B	NC_132825.1	583	73	453	524	74101332	74101550	34.247	3.98e-07	58.9
Notechis_scutatus_C9B	NC_132825.1	583	87	274	360	74132844	74132584	31.034	9.42e-07	57.8
Pituophis_catenifer_C9B	NC_132823.1	583	75	456	530	298140279	298140503	72.000	3.51e-26	119
Pituophis_catenifer_C9B	NC_132823.1	583	90	264	353	298132038	298132301	60.000	2.93e-25	117
Pituophis_catenifer_C9B	NC_132823.1	583	50	107	156	298127152	298127301	70.000	6.98e-14	80.9
Pituophis_catenifer_C9B	NC_132823.1	583	47	157	203	298129471	298129611	65.957	1.33e-13	80.1
Pituophis_catenifer_C9B	NC_132823.1	583	56	402	457	298137997	298138164	51.786	9.20e-09	64.3
Pituophis_catenifer_C9B	NC_132823.1	583	47	25	71	298122837	298122977	51.064	2.25e-08	63.2
Pituophis_catenifer_C9B	NC_132823.1	583	60	54	113	298125058	298125234	50.000	2.49e-07	59.7
Pituophis_catenifer_C9B	NC_132823.1	583	48	536	583	298144446	298144589	75.000	3.79e-07	58.9
Pituophis_catenifer_C9B	NC_132823.1	583	69	457	525	297440077	297439874	40.580	8.08e-07	58.2
Pituophis_catenifer_C9B	NC_132827.1	583	222	298	514	116387954	116388577	27.027	1.12e-12	77.0
Pituophis_catenifer_C9B	NC_132827.1	583	198	298	491	118723025	118722489	25.253	7.23e-07	58.2
Pituophis_catenifer_C9B	NC_132825.1	583	73	453	524	74101332	74101550	34.247	5.28e-07	58.5
Pituophis_catenifer_C9B	NC_132825.1	583	77	277	353	74083957	74084187	32.468	4.87e-06	55.5
Pituophis_catenifer_C9B	NC_132825.1	583	46	538	583	74103245	74103382	52.174	7.26e-06	55.1
Pituophis_catenifer_C9B	NC_132825.1	583	78	273	350	74132847	74132614	32.051	9.14e-06	54.7
Pantherophis_obsoletus_C9B	NC_132823.1	583	79	277	355	298132071	298132307	68.354	4.59e-28	125
Pantherophis_obsoletus_C9B	NC_132823.1	583	75	456	530	298140279	298140503	69.333	1.51e-25	117
Pantherophis_obsoletus_C9B	NC_132823.1	583	50	107	156	298127152	298127301	70.000	9.04e-14	80.5
Pantherophis_obsoletus_C9B	NC_132823.1	583	49	155	203	298129465	298129611	63.265	1.63e-13	79.7
Pantherophis_obsoletus_C9B	NC_132823.1	583	47	25	71	298122837	298122977	55.319	1.45e-08	63.5
Pantherophis_obsoletus_C9B	NC_132823.1	583	54	404	457	298138003	298138164	51.852	3.89e-08	62.4
Pantherophis_obsoletus_C9B	NC_132823.1	583	48	536	583	298144446	298144589	75.000	3.03e-07	59.3
Pantherophis_obsoletus_C9B	NC_132823.1	583	69	457	525	297440077	297439874	36.232	2.87e-06	56.2
Pantherophis_obsoletus_C9B	NC_132823.1	583	60	54	113	298125058	298125234	46.667	3.74e-06	55.8
Pantherophis_obsoletus_C9B	NC_132827.1	583	222	298	514	116387954	116388577	25.676	1.07e-11	73.9
Pantherophis_obsoletus_C9B	NC_132827.1	583	191	298	488	118723025	118722498	22.513	3.55e-06	55.8
Pantherophis_obsoletus_C9B	NC_132825.1	583	87	274	360	74132844	74132584	33.333	3.37e-08	62.4
Pantherophis_obsoletus_C9B	NC_132825.1	583	82	274	355	74083948	74084193	32.927	1.12e-07	60.8
Pantherophis_obsoletus_C9B	NC_132825.1	583	73	453	524	74101332	74101550	34.247	6.26e-07	58.5
Pantherophis_obsoletus_C9B	NC_132825.1	583	42	538	579	74103245	74103370	54.762	5.77e-06	55.1
Crotalus_tigris_C9B	NC_132823.1	583	108	454	555	298140273	298140596	53.704	7.88e-26	119
Crotalus_tigris_C9B	NC_132823.1	583	76	277	352	298132071	298132298	65.789	1.76e-24	114
Crotalus_tigris_C9B	NC_132823.1	583	49	155	203	298129465	298129611	67.347	1.76e-14	82.8
Crotalus_tigris_C9B	NC_132823.1	583	50	107	156	298127152	298127301	70.000	1.32e-13	80.1
Crotalus_tigris_C9B	NC_132823.1	583	62	398	457	298137979	298138164	51.613	2.14e-09	66.2
Crotalus_tigris_C9B	NC_132823.1	583	47	25	71	298122837	298122977	53.191	1.27e-08	63.9
Crotalus_tigris_C9B	NC_132823.1	583	73	453	525	297440089	297439874	39.726	3.63e-07	59.3
Crotalus_tigris_C9B	NC_132823.1	583	48	536	583	298144446	298144589	72.917	2.53e-06	56.2
Crotalus_tigris_C9B	NC_132827.1	583	224	298	514	116387954	116388577	28.571	4.45e-11	71.6
Crotalus_tigris_C9B	NC_132827.1	583	194	298	491	118723025	118722489	23.711	3.48e-08	62.4
Crotalus_tigris_C9B	NC_132825.1	583	73	453	524	74101332	74101550	34.247	1.60e-07	60.5
Crotalus_tigris_C9B	NC_132825.1	583	46	530	575	74103221	74103358	54.348	3.77e-06	55.8
Crotalus_tigris_C9B	NC_132825.1	583	74	277	350	74083957	74084178	32.432	7.84e-06	54.7
Ptyas_mucosa_C9B	NC_132823.1	583	90	264	353	298132038	298132301	60.000	3.46e-25	116
Ptyas_mucosa_C9B	NC_132823.1	583	110	456	561	298140279	298140602	51.818	5.30e-25	116
Ptyas_mucosa_C9B	NC_132823.1	583	47	157	203	298129471	298129611	65.957	1.45e-13	79.7
Ptyas_mucosa_C9B	NC_132823.1	583	50	107	156	298127152	298127301	70.000	3.57e-13	78.6
Ptyas_mucosa_C9B	NC_132823.1	583	65	399	463	298137988	298138182	44.615	2.25e-07	59.7
Ptyas_mucosa_C9B	NC_132823.1	583	48	536	583	298144446	298144589	72.917	8.36e-07	57.8
Ptyas_mucosa_C9B	NC_132823.1	583	73	457	529	297400360	297400575	38.356	2.64e-06	56.2
Ptyas_mucosa_C9B	NC_132827.1	583	222	298	514	116387954	116388577	24.775	4.02e-09	65.5
Ptyas_mucosa_C9B	NC_132825.1	583	75	457	524	74101326	74101550	30.667	4.07e-06	55.8
Ptyas_mucosa_C9B	NC_132825.1	583	77	277	353	74083957	74084187	32.468	4.95e-06	55.5
Ptyas_mucosa_C9B	NC_132825.1	583	78	273	350	74132847	74132614	32.051	8.18e-06	54.7
