Pogona_vitticeps_C9A	NC_132823.1	599	83	281	363	298132059	298132307	97.590	3.13e-43	172
Pogona_vitticeps_C9A	NC_132823.1	599	79	462	540	298140273	298140509	97.468	7.02e-40	162
Pogona_vitticeps_C9A	NC_132823.1	599	80	202	281	298130171	298130410	100.000	3.19e-38	157
Pogona_vitticeps_C9A	NC_132823.1	599	62	404	465	298137979	298138164	98.387	9.23e-28	125
Pogona_vitticeps_C9A	NC_132823.1	599	57	56	112	298125064	298125234	89.474	2.52e-24	114
Pogona_vitticeps_C9A	NC_132823.1	599	50	106	155	298127152	298127301	100.000	1.47e-22	108
Pogona_vitticeps_C9A	NC_132823.1	599	76	524	599	298144377	298144604	81.579	2.20e-22	108
Pogona_vitticeps_C9A	NC_132823.1	599	48	156	203	298129471	298129614	97.917	3.62e-22	107
Pogona_vitticeps_C9A	NC_132823.1	599	42	362	403	298135368	298135493	100.000	2.76e-16	88.6
Pogona_vitticeps_C9A	NC_132823.1	599	70	6	71	298122768	298122977	61.429	6.02e-15	84.3
Pogona_vitticeps_C9A	NC_132823.1	599	73	461	533	297440089	297439874	42.466	2.59e-07	59.7
Pogona_vitticeps_C9A	NC_132823.1	599	40	546	584	297401284	297401403	67.500	9.77e-07	57.8
Pogona_vitticeps_C9A	NC_132823.1	599	26	1	26	298121791	298121868	100.000	6.34e-06	55.1
Pogona_vitticeps_C9A	NC_132823.1	599	82	281	362	297391643	297391888	34.146	9.70e-06	54.7
Pogona_vitticeps_C9A	NC_132827.1	599	224	306	524	116387954	116388583	25.893	8.73e-10	67.8
Pogona_vitticeps_C9A	NC_132827.1	599	222	310	524	118723013	118722420	23.874	3.38e-06	55.8
Pogona_vitticeps_C9A	NC_132825.1	599	79	285	363	74083957	74084193	35.443	2.17e-08	63.2
Pogona_vitticeps_C9A	NC_132825.1	599	73	461	532	74101332	74101550	34.247	8.28e-08	61.2
Pogona_vitticeps_C9A	NC_132825.1	599	78	285	362	74132835	74132602	33.333	2.40e-07	59.7
Pogona_vitticeps_C9A	NC_132825.1	599	42	549	590	74103245	74103370	54.762	7.71e-06	54.7
