Lacerta_agilis_C9A	CM077919.1	589	78	279	356	265232584	265232817	73.077	2.30e-29	129
Lacerta_agilis_C9A	CM077919.1	589	93	279	371	265263602	265263871	58.065	5.77e-29	128
Lacerta_agilis_C9A	CM077919.1	589	74	461	534	265241718	265241939	67.568	1.40e-25	118
Lacerta_agilis_C9A	CM077919.1	589	74	461	534	265271561	265271782	66.216	1.85e-24	114
Lacerta_agilis_C9A	CM077919.1	589	47	155	201	265228339	265228479	76.596	5.01e-16	87.8
Lacerta_agilis_C9A	CM077919.1	589	47	155	201	265259722	265259862	76.596	1.73e-15	85.9
Lacerta_agilis_C9A	CM077919.1	589	50	105	154	265257449	265257598	74.000	2.16e-13	79.3
Lacerta_agilis_C9A	CM077919.1	589	55	100	154	265226404	265226568	67.273	3.18e-13	78.6
Lacerta_agilis_C9A	CM077919.1	589	56	403	458	265270325	265270492	58.929	7.76e-11	70.9
Lacerta_agilis_C9A	CM077919.1	589	63	403	465	265240101	265240289	50.794	9.21e-11	70.9
Lacerta_agilis_C9A	CM077919.1	589	51	56	105	265225275	265225427	58.824	2.61e-10	69.3
Lacerta_agilis_C9A	CM077919.1	589	52	534	584	265242346	265242501	61.538	2.12e-09	66.2
Lacerta_agilis_C9A	CM077919.1	589	51	56	105	265255796	265255948	58.824	4.64e-09	65.1
Lacerta_agilis_C9A	CM077919.1	589	60	470	529	264640086	264639907	46.667	1.02e-07	60.8
Lacerta_agilis_C9A	CM077919.1	589	83	192	274	265230111	265230347	37.349	9.90e-06	54.3
Lacerta_agilis_C9A	CM077936.1	589	222	301	517	128218416	128219039	24.775	5.14e-09	65.1
Lacerta_agilis_C9A	CM077920.1	589	81	279	359	144113211	144112969	34.568	3.19e-08	62.4
Lacerta_agilis_C9A	CM077920.1	589	82	279	360	144065077	144065322	28.049	1.07e-06	57.4
Zootoca_vivipara_C9A	CM077919.1	589	78	279	356	265232584	265232817	74.359	7.77e-30	131
Zootoca_vivipara_C9A	CM077919.1	589	93	279	371	265263602	265263871	58.065	9.87e-29	127
Zootoca_vivipara_C9A	CM077919.1	589	74	461	534	265241718	265241939	68.919	9.41e-26	118
Zootoca_vivipara_C9A	CM077919.1	589	74	461	534	265271561	265271782	66.216	1.85e-24	114
Zootoca_vivipara_C9A	CM077919.1	589	47	155	201	265228339	265228479	76.596	4.67e-16	87.8
Zootoca_vivipara_C9A	CM077919.1	589	47	155	201	265259722	265259862	76.596	1.67e-15	85.9
Zootoca_vivipara_C9A	CM077919.1	589	50	105	154	265257449	265257598	74.000	2.84e-13	79.0
Zootoca_vivipara_C9A	CM077919.1	589	55	100	154	265226404	265226568	67.273	4.22e-13	78.2
Zootoca_vivipara_C9A	CM077919.1	589	56	403	458	265270325	265270492	60.714	2.36e-11	72.8
Zootoca_vivipara_C9A	CM077919.1	589	63	403	465	265240101	265240289	52.381	2.71e-11	72.4
Zootoca_vivipara_C9A	CM077919.1	589	51	56	105	265225275	265225427	58.824	1.87e-10	69.7
Zootoca_vivipara_C9A	CM077919.1	589	51	56	105	265255796	265255948	60.784	9.73e-10	67.4
Zootoca_vivipara_C9A	CM077919.1	589	52	534	584	265242346	265242501	61.538	5.01e-09	65.1
Zootoca_vivipara_C9A	CM077919.1	589	60	470	529	264640086	264639907	45.000	1.77e-07	60.1
Zootoca_vivipara_C9A	CM077919.1	589	46	540	584	264638853	264638716	52.174	4.88e-06	55.5
Zootoca_vivipara_C9A	CM077919.1	589	83	192	274	265230111	265230347	37.349	6.47e-06	55.1
Zootoca_vivipara_C9A	CM077936.1	589	222	301	517	128218416	128219039	24.324	1.38e-08	63.5
Zootoca_vivipara_C9A	CM077920.1	589	81	279	359	144113211	144112969	34.568	5.41e-08	61.6
Zootoca_vivipara_C9A	CM077920.1	589	82	279	360	144065077	144065322	28.049	1.47e-06	57.0
Podarcis_muralis_C9A	CM077919.1	589	79	278	356	265232581	265232817	74.684	2.38e-30	132
Podarcis_muralis_C9A	CM077919.1	589	94	278	371	265263599	265263871	56.383	1.83e-28	127
Podarcis_muralis_C9A	CM077919.1	589	74	461	534	265241718	265241939	66.216	1.13e-24	115
Podarcis_muralis_C9A	CM077919.1	589	74	461	534	265271561	265271782	64.865	7.53e-24	112
Podarcis_muralis_C9A	CM077919.1	589	47	155	201	265228339	265228479	76.596	4.92e-16	87.8
Podarcis_muralis_C9A	CM077919.1	589	47	155	201	265259722	265259862	76.596	1.69e-15	85.9
Podarcis_muralis_C9A	CM077919.1	589	50	105	154	265257449	265257598	74.000	2.00e-13	79.3
Podarcis_muralis_C9A	CM077919.1	589	55	100	154	265226404	265226568	67.273	3.26e-13	78.6
Podarcis_muralis_C9A	CM077919.1	589	51	56	105	265225275	265225427	58.824	4.25e-10	68.6
Podarcis_muralis_C9A	CM077919.1	589	58	531	584	265242328	265242501	60.345	5.35e-10	68.2
Podarcis_muralis_C9A	CM077919.1	589	51	56	105	265255796	265255948	60.784	1.50e-09	66.6
Podarcis_muralis_C9A	CM077919.1	589	61	399	458	265270310	265270492	54.098	2.49e-09	66.2
Podarcis_muralis_C9A	CM077919.1	589	66	400	465	265240092	265240289	45.455	4.12e-09	65.5
Podarcis_muralis_C9A	CM077919.1	589	60	470	529	264640086	264639907	43.333	1.09e-07	60.8
Podarcis_muralis_C9A	CM077919.1	589	55	531	584	264638880	264638716	45.455	4.88e-06	55.5
Podarcis_muralis_C9A	CM077936.1	589	221	301	516	128218416	128219036	24.887	9.74e-09	64.3
Podarcis_muralis_C9A	CM077920.1	589	81	279	359	144113211	144112969	33.333	1.53e-07	60.5
Podarcis_muralis_C9A	CM077920.1	589	82	279	360	144065077	144065322	29.268	5.62e-07	58.5
Anolis_carolinensis_C9A	CM077919.1	591	81	457	537	265241700	265241942	64.198	1.14e-27	124
Anolis_carolinensis_C9A	CM077919.1	591	78	460	537	265271552	265271785	62.821	1.72e-26	120
Anolis_carolinensis_C9A	CM077919.1	591	79	280	358	265232581	265232817	67.089	5.01e-25	116
Anolis_carolinensis_C9A	CM077919.1	591	75	280	354	265263599	265263823	62.667	4.00e-23	110
Anolis_carolinensis_C9A	CM077919.1	591	47	156	202	265228339	265228479	72.340	4.67e-15	84.7
Anolis_carolinensis_C9A	CM077919.1	591	47	156	202	265259722	265259862	70.213	3.23e-14	82.0
Anolis_carolinensis_C9A	CM077919.1	591	50	106	155	265257449	265257598	66.000	5.65e-11	71.6
Anolis_carolinensis_C9A	CM077919.1	591	50	106	155	265226419	265226568	66.000	1.13e-10	70.5
Anolis_carolinensis_C9A	CM077919.1	591	52	536	587	265242346	265242501	55.769	6.18e-10	68.2
Anolis_carolinensis_C9A	CM077919.1	591	60	408	467	265270334	265270513	53.333	7.08e-10	67.8
Anolis_carolinensis_C9A	CM077919.1	591	60	408	467	265240110	265240289	51.667	3.13e-09	65.9
Anolis_carolinensis_C9A	CM077919.1	591	81	281	361	264602477	264602719	34.568	2.53e-08	62.8
Anolis_carolinensis_C9A	CM077919.1	591	82	195	276	265230117	265230347	37.805	8.19e-08	61.2
Anolis_carolinensis_C9A	CM077919.1	591	50	542	591	264638853	264638704	50.000	1.05e-07	60.8
Anolis_carolinensis_C9A	CM077919.1	591	71	461	531	264640116	264639907	40.845	1.06e-07	60.8
Anolis_carolinensis_C9A	CM077919.1	591	79	281	359	264563047	264563283	34.177	1.79e-07	60.1
Anolis_carolinensis_C9A	CM077919.1	591	52	57	107	265225275	265225430	51.923	4.42e-07	58.9
Anolis_carolinensis_C9A	CM077919.1	591	52	57	107	265255796	265255951	51.923	1.88e-06	56.6
Anolis_carolinensis_C9A	CM077920.1	591	80	281	360	144065077	144065316	32.500	8.19e-08	61.2
Anolis_carolinensis_C9A	CM077918.1	591	52	542	589	128629354	128629199	51.923	4.71e-06	55.5
Pogona_vitticeps_C9A	CM077919.1	576	98	239	336	265263539	265263826	56.122	3.36e-26	119
Pogona_vitticeps_C9A	CM077919.1	576	99	256	354	265232566	265232853	57.576	1.06e-25	118
Pogona_vitticeps_C9A	CM077919.1	576	78	438	515	265241700	265241933	66.667	1.53e-24	114
Pogona_vitticeps_C9A	CM077919.1	576	75	441	515	265271552	265271776	65.333	1.33e-23	111
Pogona_vitticeps_C9A	CM077919.1	576	49	156	204	265228339	265228485	75.510	7.44e-17	90.1
Pogona_vitticeps_C9A	CM077919.1	576	49	156	204	265259722	265259868	71.429	3.80e-15	84.7
Pogona_vitticeps_C9A	CM077919.1	576	49	523	571	265242355	265242501	75.510	7.94e-14	80.5
Pogona_vitticeps_C9A	CM077919.1	576	50	106	155	265257449	265257598	70.000	3.89e-12	75.1
Pogona_vitticeps_C9A	CM077919.1	576	50	106	155	265226419	265226568	68.000	2.22e-11	72.8
Pogona_vitticeps_C9A	CM077919.1	576	68	381	448	265240086	265240289	48.529	2.48e-10	69.3
Pogona_vitticeps_C9A	CM077919.1	576	69	380	448	265270313	265270513	47.826	6.79e-10	67.8
Pogona_vitticeps_C9A	CM077919.1	576	44	521	563	264608092	264608223	72.727	1.17e-09	67.0
Pogona_vitticeps_C9A	CM077919.1	576	55	521	575	264638868	264638704	49.091	3.79e-08	62.4
Pogona_vitticeps_C9A	CM077919.1	576	70	5	64	265254910	265255119	41.429	5.80e-08	61.6
Pogona_vitticeps_C9A	CM077919.1	576	84	257	340	264602462	264602713	32.143	8.23e-08	61.2
Pogona_vitticeps_C9A	CM077919.1	576	68	443	510	264640113	264639913	44.118	1.51e-07	60.1
Pogona_vitticeps_C9A	CM077919.1	576	50	513	561	264576894	264577034	58.000	1.69e-07	60.1
Pogona_vitticeps_C9A	CM077919.1	576	70	502	571	265272275	265272484	57.143	3.03e-07	59.3
Pogona_vitticeps_C9A	CM077919.1	576	79	262	340	264563047	264563283	37.975	9.03e-07	57.8
Pogona_vitticeps_C9A	CM077919.1	576	39	26	64	265224468	265224584	56.410	4.04e-06	55.5
Pogona_vitticeps_C9A	CM077920.1	576	83	258	340	144113223	144112975	33.735	1.36e-07	60.5
Pogona_vitticeps_C9A	CM077920.1	576	46	520	565	144094356	144094219	56.522	1.30e-06	57.4
Pogona_vitticeps_C9A	CM077920.1	576	74	436	508	144097594	144097376	37.838	3.35e-06	55.8
Gekko_japonicus_C9A	CM077919.1	582	78	295	372	265232584	265232817	58.974	1.54e-20	102
Gekko_japonicus_C9A	CM077919.1	582	75	294	368	265263599	265263823	58.667	2.35e-20	101
Gekko_japonicus_C9A	CM077919.1	582	84	457	539	265241718	265241969	54.762	2.65e-20	101
Gekko_japonicus_C9A	CM077919.1	582	81	457	537	265271561	265271785	53.086	2.98e-18	94.7
Gekko_japonicus_C9A	CM077919.1	582	45	173	217	265228339	265228473	66.667	2.51e-11	72.4
Gekko_japonicus_C9A	CM077919.1	582	51	122	172	265257449	265257598	64.706	3.42e-11	72.0
Gekko_japonicus_C9A	CM077919.1	582	51	122	172	265226419	265226568	64.706	6.60e-11	71.2
Gekko_japonicus_C9A	CM077919.1	582	45	173	217	265259722	265259856	64.444	3.10e-10	68.9
Gekko_japonicus_C9A	CM077919.1	582	51	531	581	265242349	265242501	62.745	4.64e-10	68.6
Gekko_japonicus_C9A	CM077919.1	582	46	536	581	264638853	264638716	52.174	4.46e-09	65.1
Gekko_japonicus_C9A	CM077919.1	582	67	457	523	264640110	264639913	44.776	1.93e-08	63.2
Gekko_japonicus_C9A	CM077919.1	582	52	71	122	265225278	265225427	51.923	7.97e-08	61.2
Gekko_japonicus_C9A	CM077919.1	582	86	291	376	264602465	264602722	30.233	1.09e-07	60.8
Gekko_japonicus_C9A	CM077919.1	582	79	295	373	264563047	264563283	35.443	1.30e-07	60.5
Gekko_japonicus_C9A	CM077919.1	582	52	71	122	265255799	265255948	51.923	4.38e-07	58.9
Gekko_japonicus_C9A	CM077919.1	582	64	466	527	264572890	264573081	40.625	2.62e-06	56.2
Gekko_japonicus_C9A	CM077936.1	582	213	316	514	130864789	130864181	26.291	5.76e-08	61.6
Gekko_japonicus_C9A	CM077936.1	582	48	536	581	1477000	1477143	52.083	6.29e-06	55.1
Gekko_japonicus_C9A	CM077920.1	582	81	295	375	144113211	144112969	33.333	2.00e-07	59.7
Gekko_japonicus_C9A	CM077920.1	582	67	456	521	144097576	144097376	37.313	5.00e-06	55.5
Crotalus_tigris_C9A	CM077919.1	583	95	273	367	265263590	265263865	86.316	2.34e-43	172
Crotalus_tigris_C9A	CM077919.1	583	77	456	532	265271552	265271782	97.403	1.30e-38	157
Crotalus_tigris_C9A	CM077919.1	583	86	453	538	265241700	265241957	77.907	3.57e-35	147
Crotalus_tigris_C9A	CM077919.1	583	79	195	273	265261212	265261448	92.405	3.65e-34	144
Crotalus_tigris_C9A	CM077919.1	583	78	276	353	265232581	265232814	78.205	1.12e-30	133
Crotalus_tigris_C9A	CM077919.1	583	68	396	463	265270310	265270513	91.176	4.57e-27	122
Crotalus_tigris_C9A	CM077919.1	583	52	532	583	265272329	265272484	100.000	3.52e-25	116
Crotalus_tigris_C9A	CM077919.1	583	54	54	107	265255787	265255948	94.444	2.27e-23	110
Crotalus_tigris_C9A	CM077919.1	583	68	398	463	265240086	265240289	80.882	1.47e-22	108
Crotalus_tigris_C9A	CM077919.1	583	50	107	156	265257449	265257598	100.000	3.83e-22	107
Crotalus_tigris_C9A	CM077919.1	583	54	54	107	265225266	265225427	88.889	9.12e-22	105
Crotalus_tigris_C9A	CM077919.1	583	47	157	203	265259722	265259862	97.872	1.24e-20	102
Crotalus_tigris_C9A	CM077919.1	583	50	107	156	265226419	265226568	90.000	7.20e-19	96.7
Crotalus_tigris_C9A	CM077919.1	583	47	157	203	265228339	265228479	89.362	1.43e-18	95.9
Crotalus_tigris_C9A	CM077919.1	583	43	354	396	265266875	265267003	97.674	4.20e-16	87.8
Crotalus_tigris_C9A	CM077919.1	583	52	532	583	265242346	265242501	69.231	2.57e-15	85.5
Crotalus_tigris_C9A	CM077919.1	583	39	26	64	265255003	265255119	87.179	2.37e-12	75.9
Crotalus_tigris_C9A	CM077919.1	583	77	196	272	265230117	265230347	49.351	4.03e-12	75.1
Crotalus_tigris_C9A	CM077919.1	583	42	26	67	265224468	265224593	64.286	1.66e-07	60.1
Crotalus_tigris_C9A	CM077919.1	583	100	457	549	264640116	264639835	35.000	9.37e-07	57.8
Crotalus_tigris_C9A	CM077919.1	583	54	530	583	264638877	264638716	46.296	3.30e-06	55.8
Crotalus_tigris_C9A	CM077936.1	583	218	302	514	128218425	128219036	25.229	2.10e-08	63.2
Crotalus_tigris_C9A	CM077920.1	583	77	277	353	144113211	144112981	36.364	1.86e-07	60.1
Crotalus_tigris_C9A	CM077920.1	583	43	537	579	144094341	144094213	53.488	7.32e-07	58.2
Thamnophis_elegans_C9A	CM077919.1	583	92	276	367	265263599	265263865	72.826	1.71e-35	148
Thamnophis_elegans_C9A	CM077919.1	583	82	274	355	265232575	265232820	84.146	2.50e-35	147
Thamnophis_elegans_C9A	CM077919.1	583	80	453	532	265241700	265241939	82.500	3.16e-32	138
Thamnophis_elegans_C9A	CM077919.1	583	77	456	532	265271552	265271782	79.221	5.02e-30	131
Thamnophis_elegans_C9A	CM077919.1	583	68	396	463	265240086	265240289	76.471	4.22e-24	113
Thamnophis_elegans_C9A	CM077919.1	583	63	401	463	265270325	265270513	74.603	1.99e-20	101
Thamnophis_elegans_C9A	CM077919.1	583	76	196	271	265230117	265230344	65.789	7.68e-20	99.8
Thamnophis_elegans_C9A	CM077919.1	583	50	107	156	265226419	265226568	86.000	1.19e-17	92.8
Thamnophis_elegans_C9A	CM077919.1	583	47	157	203	265228339	265228479	85.106	2.95e-17	91.7
Thamnophis_elegans_C9A	CM077919.1	583	52	532	583	265242346	265242501	75.000	6.55e-17	90.5
Thamnophis_elegans_C9A	CM077919.1	583	50	107	156	265257449	265257598	86.000	6.96e-17	90.5
Thamnophis_elegans_C9A	CM077919.1	583	54	54	107	265225266	265225427	75.926	9.26e-17	90.1
Thamnophis_elegans_C9A	CM077919.1	583	54	54	107	265255787	265255948	77.778	2.03e-16	89.0
Thamnophis_elegans_C9A	CM077919.1	583	47	157	203	265259722	265259862	78.723	3.11e-15	85.1
Thamnophis_elegans_C9A	CM077919.1	583	45	351	395	265235046	265235180	68.889	3.80e-09	65.5
Thamnophis_elegans_C9A	CM077919.1	583	42	26	67	265224468	265224593	66.667	5.73e-09	65.1
Thamnophis_elegans_C9A	CM077919.1	583	45	530	573	264576906	264577034	57.778	2.73e-08	62.8
Thamnophis_elegans_C9A	CM077919.1	583	77	195	271	265261212	265261442	42.857	2.92e-08	62.8
Thamnophis_elegans_C9A	CM077919.1	583	50	535	583	264608098	264608247	54.000	3.21e-08	62.4
Thamnophis_elegans_C9A	CM077919.1	583	39	26	64	265255003	265255119	64.103	9.40e-08	60.8
Thamnophis_elegans_C9A	CM077919.1	583	67	277	343	264602477	264602677	38.806	4.74e-07	58.5
Thamnophis_elegans_C9A	CM077919.1	583	54	530	583	264638877	264638716	46.296	5.03e-07	58.5
Thamnophis_elegans_C9A	CM077919.1	583	67	277	343	264563047	264563247	38.806	7.05e-06	54.7
Thamnophis_elegans_C9A	CM077919.1	583	52	532	583	265272329	265272484	61.538	8.94e-06	54.7
Thamnophis_elegans_C9A	CM077920.1	583	81	274	354	144113220	144112978	33.333	1.14e-06	57.4
Thamnophis_elegans_C9A	CM077920.1	583	47	537	583	144094341	144094201	46.809	5.41e-06	55.1
Naja_naja_C9A	CM077919.1	582	95	273	367	265263590	265263865	75.789	2.69e-37	154
Naja_naja_C9A	CM077919.1	582	86	452	537	265241700	265241957	80.233	1.02e-34	146
Naja_naja_C9A	CM077919.1	582	77	455	531	265271552	265271782	87.013	4.23e-34	144
Naja_naja_C9A	CM077919.1	582	78	276	353	265232581	265232814	75.641	2.36e-29	129
Naja_naja_C9A	CM077919.1	582	79	195	273	265261212	265261448	78.481	2.41e-26	120
Naja_naja_C9A	CM077919.1	582	61	396	456	265270313	265270495	80.328	3.43e-21	103
Naja_naja_C9A	CM077919.1	582	64	399	462	265240098	265240289	73.438	6.19e-20	100
Naja_naja_C9A	CM077919.1	582	50	107	156	265257449	265257598	90.000	1.08e-18	96.3
Naja_naja_C9A	CM077919.1	582	50	107	156	265226419	265226568	86.000	1.61e-18	95.5
Naja_naja_C9A	CM077919.1	582	54	54	107	265255787	265255948	75.926	3.11e-18	94.7
Naja_naja_C9A	CM077919.1	582	47	157	203	265259722	265259862	87.234	5.91e-18	94.0
Naja_naja_C9A	CM077919.1	582	54	54	107	265225266	265225427	72.222	6.24e-17	90.5
Naja_naja_C9A	CM077919.1	582	47	157	203	265228339	265228479	82.979	7.10e-17	90.5
Naja_naja_C9A	CM077919.1	582	56	527	582	265242334	265242501	69.643	1.70e-16	89.4
Naja_naja_C9A	CM077919.1	582	56	527	582	265272317	265272484	80.357	2.88e-14	82.0
Naja_naja_C9A	CM077919.1	582	77	196	272	265230117	265230347	51.948	7.87e-13	77.4
Naja_naja_C9A	CM077919.1	582	39	26	64	265255003	265255119	74.359	2.81e-09	65.9
Naja_naja_C9A	CM077919.1	582	69	456	524	264640116	264639913	42.029	5.03e-08	62.0
Naja_naja_C9A	CM077919.1	582	42	26	67	265224468	265224593	64.286	3.48e-07	58.9
Naja_naja_C9A	CM077919.1	582	48	535	582	264638859	264638716	52.083	1.46e-06	57.0
Naja_naja_C9A	CM077919.1	582	67	277	343	264563047	264563247	37.313	7.09e-06	54.7
Naja_naja_C9A	CM077920.1	582	76	277	352	144113211	144112984	39.474	8.83e-08	60.8
Naja_naja_C9A	CM077920.1	582	47	536	582	144094341	144094201	51.064	1.20e-06	57.4
Naja_naja_C9A	CM077936.1	582	226	293	515	130864804	130864181	23.451	2.80e-06	56.2
Pseudonaja_textilis_C9A	CM077919.1	583	95	273	367	265263590	265263865	76.842	6.44e-38	155
Pseudonaja_textilis_C9A	CM077919.1	583	83	456	538	265241709	265241957	79.518	1.24e-33	142
Pseudonaja_textilis_C9A	CM077919.1	583	77	456	532	265271552	265271782	83.117	1.52e-32	139
Pseudonaja_textilis_C9A	CM077919.1	583	78	276	353	265232581	265232814	79.487	1.22e-30	133
Pseudonaja_textilis_C9A	CM077919.1	583	79	195	273	265261212	265261448	73.418	4.39e-25	116
Pseudonaja_textilis_C9A	CM077919.1	583	62	396	457	265270310	265270495	80.645	3.83e-22	107
Pseudonaja_textilis_C9A	CM077919.1	583	64	400	463	265240098	265240289	73.438	1.99e-20	101
Pseudonaja_textilis_C9A	CM077919.1	583	50	107	156	265226419	265226568	90.000	1.79e-19	98.6
Pseudonaja_textilis_C9A	CM077919.1	583	50	107	156	265257449	265257598	90.000	1.32e-18	95.9
Pseudonaja_textilis_C9A	CM077919.1	583	47	157	203	265259722	265259862	87.234	6.26e-18	94.0
Pseudonaja_textilis_C9A	CM077919.1	583	54	54	107	265255787	265255948	74.074	4.00e-17	91.3
Pseudonaja_textilis_C9A	CM077919.1	583	54	54	107	265225266	265225427	74.074	6.55e-17	90.5
Pseudonaja_textilis_C9A	CM077919.1	583	47	157	203	265228339	265228479	82.979	7.08e-17	90.5
Pseudonaja_textilis_C9A	CM077919.1	583	56	528	583	265242334	265242501	71.429	9.02e-17	90.1
Pseudonaja_textilis_C9A	CM077919.1	583	56	528	583	265272317	265272484	80.357	2.84e-14	82.0
Pseudonaja_textilis_C9A	CM077919.1	583	77	196	272	265230117	265230347	50.649	1.19e-12	76.6
Pseudonaja_textilis_C9A	CM077919.1	583	39	26	64	265255003	265255119	79.487	3.31e-10	68.9
Pseudonaja_textilis_C9A	CM077919.1	583	95	457	549	264640116	264639835	37.895	4.63e-08	62.0
Pseudonaja_textilis_C9A	CM077919.1	583	42	26	67	265224468	265224593	64.286	1.34e-07	60.5
Pseudonaja_textilis_C9A	CM077919.1	583	42	355	396	265266878	265267003	66.667	3.58e-07	58.9
Pseudonaja_textilis_C9A	CM077919.1	583	48	536	583	264638859	264638716	50.000	1.16e-06	57.4
Pseudonaja_textilis_C9A	CM077919.1	583	67	277	343	264602477	264602677	37.313	5.51e-06	55.1
Pseudonaja_textilis_C9A	CM077920.1	583	76	277	352	144113211	144112984	39.474	4.51e-08	62.0
Pseudonaja_textilis_C9A	CM077920.1	583	47	537	583	144094341	144094201	51.064	1.14e-06	57.4
Pseudonaja_textilis_C9A	CM077936.1	583	218	302	514	128218425	128219036	24.312	1.32e-07	60.5
Pseudonaja_textilis_C9A	CM077936.1	583	225	293	516	130864804	130864181	22.222	4.60e-06	55.5
Python_bivittatus_C9A	CM077919.1	582	81	274	354	265232575	265232817	83.951	1.15e-34	145
Python_bivittatus_C9A	CM077919.1	582	80	453	532	265241700	265241939	82.500	2.20e-34	145
Python_bivittatus_C9A	CM077919.1	582	92	276	367	265263599	265263865	67.391	4.39e-32	138
Python_bivittatus_C9A	CM077919.1	582	77	456	532	265271552	265271782	79.221	1.42e-30	133
Python_bivittatus_C9A	CM077919.1	582	62	396	457	265240086	265240271	79.032	2.43e-22	107
Python_bivittatus_C9A	CM077919.1	582	57	401	457	265270325	265270495	84.211	7.41e-21	103
Python_bivittatus_C9A	CM077919.1	582	78	196	273	265230117	265230350	61.538	1.84e-20	101
Python_bivittatus_C9A	CM077919.1	582	50	107	156	265226419	265226568	94.000	3.19e-20	100
Python_bivittatus_C9A	CM077919.1	582	50	107	156	265257449	265257598	92.000	1.78e-19	98.6
Python_bivittatus_C9A	CM077919.1	582	47	157	203	265228339	265228479	85.106	8.14e-18	93.6
Python_bivittatus_C9A	CM077919.1	582	47	157	203	265259722	265259862	80.851	1.42e-16	89.4
Python_bivittatus_C9A	CM077919.1	582	54	54	107	265225266	265225427	70.370	2.58e-15	85.5
Python_bivittatus_C9A	CM077919.1	582	52	532	582	265242346	265242501	71.154	5.04e-14	81.3
Python_bivittatus_C9A	CM077919.1	582	54	54	107	265255787	265255948	64.815	1.05e-12	77.0
Python_bivittatus_C9A	CM077919.1	582	78	195	272	265261212	265261445	48.718	1.11e-11	73.6
Python_bivittatus_C9A	CM077919.1	582	48	535	582	265272341	265272484	83.333	4.41e-10	68.6
Python_bivittatus_C9A	CM077919.1	582	42	26	67	265224468	265224593	66.667	3.39e-09	65.5
Python_bivittatus_C9A	CM077919.1	582	42	354	395	265235055	265235180	69.048	1.26e-07	60.5
Python_bivittatus_C9A	CM077919.1	582	113	453	548	264640161	264639835	35.398	2.56e-07	59.7
Python_bivittatus_C9A	CM077919.1	582	46	529	574	264638877	264638740	56.522	3.82e-07	58.9
Python_bivittatus_C9A	CM077919.1	582	39	26	64	265255003	265255119	64.103	4.85e-07	58.5
Python_bivittatus_C9A	CM077919.1	582	79	277	355	264602477	264602713	32.911	3.56e-06	55.8
Python_bivittatus_C9A	CM077919.1	582	47	529	574	264608083	264608223	55.319	5.00e-06	55.5
Python_bivittatus_C9A	CM077920.1	582	47	530	576	144094359	144094219	51.064	6.72e-08	61.2
Python_bivittatus_C9A	CM077920.1	582	79	277	355	144113211	144112975	35.443	7.70e-08	61.2
Python_bivittatus_C9A	CM077936.1	582	218	302	514	128218425	128219036	24.312	1.57e-06	57.0
Notechis_scutatus_C9A	CM077919.1	583	95	273	367	265263590	265263865	76.842	6.81e-38	155
Notechis_scutatus_C9A	CM077919.1	583	83	456	538	265241709	265241957	77.108	1.90e-32	139
Notechis_scutatus_C9A	CM077919.1	583	77	456	532	265271552	265271782	83.117	5.28e-32	137
Notechis_scutatus_C9A	CM077919.1	583	78	276	353	265232581	265232814	79.487	1.20e-30	133
Notechis_scutatus_C9A	CM077919.1	583	79	195	273	265261212	265261448	75.949	5.56e-26	119
Notechis_scutatus_C9A	CM077919.1	583	62	396	457	265270310	265270495	80.645	4.25e-22	107
Notechis_scutatus_C9A	CM077919.1	583	64	400	463	265240098	265240289	73.438	1.93e-20	101
Notechis_scutatus_C9A	CM077919.1	583	50	107	156	265257449	265257598	92.000	5.04e-19	97.4
Notechis_scutatus_C9A	CM077919.1	583	50	107	156	265226419	265226568	88.000	8.79e-19	96.7
Notechis_scutatus_C9A	CM077919.1	583	47	157	203	265259722	265259862	87.234	6.05e-18	94.0
Notechis_scutatus_C9A	CM077919.1	583	54	54	107	265255787	265255948	74.074	3.73e-17	91.3
Notechis_scutatus_C9A	CM077919.1	583	54	54	107	265225266	265225427	74.074	5.95e-17	90.5
Notechis_scutatus_C9A	CM077919.1	583	47	157	203	265228339	265228479	82.979	6.66e-17	90.5
Notechis_scutatus_C9A	CM077919.1	583	56	528	583	265242334	265242501	71.429	7.65e-17	90.5
Notechis_scutatus_C9A	CM077919.1	583	56	528	583	265272317	265272484	80.357	2.94e-14	82.0
Notechis_scutatus_C9A	CM077919.1	583	77	196	272	265230117	265230347	51.948	7.25e-13	77.4
Notechis_scutatus_C9A	CM077919.1	583	39	26	64	265255003	265255119	79.487	3.22e-10	68.9
Notechis_scutatus_C9A	CM077919.1	583	95	457	549	264640116	264639835	37.895	6.51e-08	61.6
Notechis_scutatus_C9A	CM077919.1	583	42	26	67	265224468	265224593	64.286	1.30e-07	60.5
Notechis_scutatus_C9A	CM077919.1	583	42	355	396	265266878	265267003	66.667	3.40e-07	59.3
Notechis_scutatus_C9A	CM077919.1	583	48	536	583	264638859	264638716	50.000	1.20e-06	57.4
Notechis_scutatus_C9A	CM077919.1	583	67	277	343	264602477	264602677	37.313	5.65e-06	55.1
Notechis_scutatus_C9A	CM077920.1	583	76	277	352	144113211	144112984	39.474	4.40e-08	62.0
Notechis_scutatus_C9A	CM077920.1	583	47	537	583	144094341	144094201	51.064	1.07e-06	57.4
Notechis_scutatus_C9A	CM077936.1	583	218	302	514	128218425	128219036	24.312	1.68e-07	60.1
Notechis_scutatus_C9A	CM077936.1	583	225	293	516	130864804	130864181	22.222	4.85e-06	55.5
Hydrophis_cyanocinctus_C9A	CM077919.1	583	95	273	367	265263590	265263865	76.842	8.17e-38	155
Hydrophis_cyanocinctus_C9A	CM077919.1	583	83	456	538	265241709	265241957	75.904	8.52e-32	137
Hydrophis_cyanocinctus_C9A	CM077919.1	583	77	456	532	265271552	265271782	81.818	2.21e-31	135
Hydrophis_cyanocinctus_C9A	CM077919.1	583	80	274	353	265232575	265232814	78.750	9.96e-31	134
Hydrophis_cyanocinctus_C9A	CM077919.1	583	79	195	273	265261212	265261448	74.684	1.94e-25	117
Hydrophis_cyanocinctus_C9A	CM077919.1	583	61	397	457	265270313	265270495	78.689	1.95e-20	101
Hydrophis_cyanocinctus_C9A	CM077919.1	583	64	400	463	265240098	265240289	71.875	1.85e-19	98.6
Hydrophis_cyanocinctus_C9A	CM077919.1	583	50	107	156	265257449	265257598	92.000	5.45e-19	97.1
Hydrophis_cyanocinctus_C9A	CM077919.1	583	50	107	156	265226419	265226568	88.000	8.35e-19	96.7
Hydrophis_cyanocinctus_C9A	CM077919.1	583	47	157	203	265259722	265259862	87.234	2.99e-18	94.7
Hydrophis_cyanocinctus_C9A	CM077919.1	583	54	54	107	265255787	265255948	74.074	3.93e-17	91.3
Hydrophis_cyanocinctus_C9A	CM077919.1	583	47	157	203	265228339	265228479	82.979	4.51e-17	90.9
Hydrophis_cyanocinctus_C9A	CM077919.1	583	54	54	107	265225266	265225427	74.074	6.16e-17	90.5
Hydrophis_cyanocinctus_C9A	CM077919.1	583	56	528	583	265242334	265242501	71.429	8.20e-17	90.1
Hydrophis_cyanocinctus_C9A	CM077919.1	583	56	528	583	265272317	265272484	80.357	3.12e-14	82.0
Hydrophis_cyanocinctus_C9A	CM077919.1	583	77	196	272	265230117	265230347	50.649	3.01e-12	75.5
Hydrophis_cyanocinctus_C9A	CM077919.1	583	39	26	64	265255003	265255119	79.487	3.17e-10	68.9
Hydrophis_cyanocinctus_C9A	CM077919.1	583	41	355	395	265266878	265267000	70.732	2.95e-08	62.8
Hydrophis_cyanocinctus_C9A	CM077919.1	583	95	457	549	264640116	264639835	37.895	6.74e-08	61.2
Hydrophis_cyanocinctus_C9A	CM077919.1	583	42	26	67	265224468	265224593	64.286	1.34e-07	60.5
Hydrophis_cyanocinctus_C9A	CM077919.1	583	48	536	583	264638859	264638716	50.000	1.16e-06	57.4
Hydrophis_cyanocinctus_C9A	CM077919.1	583	67	277	343	264602477	264602677	37.313	5.37e-06	55.1
Hydrophis_cyanocinctus_C9A	CM077936.1	583	218	302	514	128218425	128219036	24.771	5.17e-08	61.6
Hydrophis_cyanocinctus_C9A	CM077936.1	583	225	293	516	130864804	130864181	21.333	4.97e-06	55.5
Hydrophis_cyanocinctus_C9A	CM077920.1	583	80	273	352	144113223	144112984	38.750	6.19e-08	61.6
Hydrophis_cyanocinctus_C9A	CM077920.1	583	47	537	583	144094341	144094201	51.064	1.10e-06	57.4
Laticauda_colubrina_C9A	CM077919.1	583	95	273	367	265263590	265263865	77.895	4.94e-38	156
Laticauda_colubrina_C9A	CM077919.1	583	83	456	538	265241709	265241957	78.313	1.14e-32	139
Laticauda_colubrina_C9A	CM077919.1	583	77	456	532	265271552	265271782	81.818	1.21e-31	136
Laticauda_colubrina_C9A	CM077919.1	583	78	276	353	265232581	265232814	79.487	6.58e-31	134
Laticauda_colubrina_C9A	CM077919.1	583	79	195	273	265261212	265261448	73.418	4.97e-25	116
Laticauda_colubrina_C9A	CM077919.1	583	61	397	457	265270313	265270495	81.967	9.70e-22	105
Laticauda_colubrina_C9A	CM077919.1	583	64	400	463	265240098	265240289	75.000	9.04e-21	102
Laticauda_colubrina_C9A	CM077919.1	583	50	107	156	265257449	265257598	90.000	1.23e-18	95.9
Laticauda_colubrina_C9A	CM077919.1	583	50	107	156	265226419	265226568	86.000	2.13e-18	95.1
Laticauda_colubrina_C9A	CM077919.1	583	47	157	203	265259722	265259862	87.234	7.13e-18	93.6
Laticauda_colubrina_C9A	CM077919.1	583	54	54	107	265255787	265255948	75.926	7.44e-18	93.6
Laticauda_colubrina_C9A	CM077919.1	583	47	157	203	265228339	265228479	82.979	8.13e-17	90.1
Laticauda_colubrina_C9A	CM077919.1	583	54	54	107	265225266	265225427	74.074	1.50e-16	89.4
Laticauda_colubrina_C9A	CM077919.1	583	56	528	583	265242334	265242501	69.643	1.70e-16	89.4
Laticauda_colubrina_C9A	CM077919.1	583	56	528	583	265272317	265272484	80.357	1.93e-14	82.4
Laticauda_colubrina_C9A	CM077919.1	583	77	196	272	265230117	265230347	50.649	3.20e-12	75.5
Laticauda_colubrina_C9A	CM077919.1	583	39	26	64	265255003	265255119	76.923	1.11e-09	67.4
Laticauda_colubrina_C9A	CM077919.1	583	95	457	549	264640116	264639835	37.895	3.35e-08	62.4
Laticauda_colubrina_C9A	CM077919.1	583	42	26	67	265224468	265224593	64.286	2.22e-07	59.7
Laticauda_colubrina_C9A	CM077919.1	583	48	536	583	264638859	264638716	50.000	1.34e-06	57.4
Laticauda_colubrina_C9A	CM077919.1	583	67	277	343	264602477	264602677	37.313	5.06e-06	55.5
Laticauda_colubrina_C9A	CM077920.1	583	81	277	357	144113211	144112969	38.272	3.16e-08	62.4
Laticauda_colubrina_C9A	CM077920.1	583	47	537	583	144094341	144094201	51.064	1.32e-06	57.4
Laticauda_colubrina_C9A	CM077936.1	583	218	302	514	128218425	128219036	23.853	5.82e-07	58.5
Laticauda_colubrina_C9A	CM077936.1	583	225	293	516	130864804	130864181	22.222	6.10e-06	55.1
Protobothrops_mucrosquamatus_C9A	CM077919.1	583	81	274	354	265232575	265232817	98.765	1.83e-42	169
Protobothrops_mucrosquamatus_C9A	CM077919.1	583	80	453	532	265241700	265241939	93.750	2.47e-38	157
Protobothrops_mucrosquamatus_C9A	CM077919.1	583	77	456	532	265271552	265271782	84.416	2.58e-34	144
Protobothrops_mucrosquamatus_C9A	CM077919.1	583	74	199	272	265230126	265230347	89.189	1.84e-32	139
Protobothrops_mucrosquamatus_C9A	CM077919.1	583	92	276	367	265263599	265263865	68.478	1.90e-32	139
Protobothrops_mucrosquamatus_C9A	CM077919.1	583	68	396	463	265240086	265240289	83.824	5.88e-25	115
Protobothrops_mucrosquamatus_C9A	CM077919.1	583	52	532	583	265242346	265242501	94.231	1.98e-22	108
Protobothrops_mucrosquamatus_C9A	CM077919.1	583	54	54	107	265225266	265225427	88.889	5.78e-22	106
Protobothrops_mucrosquamatus_C9A	CM077919.1	583	69	395	463	265270313	265270513	79.710	1.58e-21	105
Protobothrops_mucrosquamatus_C9A	CM077919.1	583	50	107	156	265226419	265226568	96.000	6.21e-21	103
Protobothrops_mucrosquamatus_C9A	CM077919.1	583	47	157	203	265228339	265228479	95.745	1.33e-20	102
Protobothrops_mucrosquamatus_C9A	CM077919.1	583	54	54	107	265255787	265255948	85.185	2.79e-20	101
Protobothrops_mucrosquamatus_C9A	CM077919.1	583	50	107	156	265257449	265257598	88.000	1.94e-18	95.5
Protobothrops_mucrosquamatus_C9A	CM077919.1	583	47	157	203	265259722	265259862	87.234	4.58e-18	94.4
Protobothrops_mucrosquamatus_C9A	CM077919.1	583	89	354	432	265235055	265235318	52.809	4.06e-15	84.7
Protobothrops_mucrosquamatus_C9A	CM077919.1	583	42	26	67	265224468	265224593	76.190	2.74e-11	72.4
Protobothrops_mucrosquamatus_C9A	CM077919.1	583	74	199	272	265261224	265261445	51.351	5.93e-11	71.2
Protobothrops_mucrosquamatus_C9A	CM077919.1	583	52	532	583	265272329	265272484	73.077	2.94e-09	65.9
Protobothrops_mucrosquamatus_C9A	CM077919.1	583	79	277	355	264602477	264602713	34.177	5.13e-08	61.6
Protobothrops_mucrosquamatus_C9A	CM077919.1	583	54	530	583	264638877	264638716	48.148	8.27e-08	61.2
Protobothrops_mucrosquamatus_C9A	CM077919.1	583	39	26	64	265255003	265255119	66.667	9.32e-08	60.8
Protobothrops_mucrosquamatus_C9A	CM077919.1	583	69	457	525	264640116	264639913	43.478	9.89e-08	60.8
Protobothrops_mucrosquamatus_C9A	CM077919.1	583	42	535	575	264608098	264608223	66.667	1.72e-07	60.1
Protobothrops_mucrosquamatus_C9A	CM077919.1	583	79	277	355	264563047	264563283	34.177	3.40e-07	59.3
Protobothrops_mucrosquamatus_C9A	CM077919.1	583	46	529	573	264576903	264577034	54.348	1.73e-06	57.0
Protobothrops_mucrosquamatus_C9A	CM077920.1	583	82	274	355	144113220	144112975	35.366	1.38e-08	63.5
Protobothrops_mucrosquamatus_C9A	CM077920.1	583	43	537	579	144094341	144094213	58.140	2.28e-08	62.8
Protobothrops_mucrosquamatus_C9A	CM077920.1	583	81	277	357	144065077	144065319	28.395	1.21e-06	57.4
Protobothrops_mucrosquamatus_C9A	CM077936.1	583	220	302	514	128218425	128219036	25.455	6.97e-08	61.2
Chrysopelea_ornata_C9A	CM077919.1	584	81	274	354	265232575	265232817	88.889	1.25e-35	149
Chrysopelea_ornata_C9A	CM077919.1	584	80	454	533	265241700	265241939	85.000	1.05e-34	146
Chrysopelea_ornata_C9A	CM077919.1	584	92	276	367	265263599	265263865	72.826	1.84e-34	145
Chrysopelea_ornata_C9A	CM077919.1	584	77	457	533	265271552	265271782	83.117	7.01e-33	140
Chrysopelea_ornata_C9A	CM077919.1	584	77	196	272	265230117	265230347	72.727	3.12e-26	120
Chrysopelea_ornata_C9A	CM077919.1	584	68	397	464	265240086	265240289	77.941	2.59e-23	110
Chrysopelea_ornata_C9A	CM077919.1	584	50	107	156	265226419	265226568	90.000	9.28e-20	99.8
Chrysopelea_ornata_C9A	CM077919.1	584	57	402	458	265270325	265270495	80.702	9.53e-20	99.8
Chrysopelea_ornata_C9A	CM077919.1	584	50	107	156	265257449	265257598	90.000	5.78e-19	97.1
Chrysopelea_ornata_C9A	CM077919.1	584	52	533	584	265242346	265242501	78.846	1.12e-17	92.8
Chrysopelea_ornata_C9A	CM077919.1	584	54	54	107	265255787	265255948	75.926	1.27e-17	92.8
Chrysopelea_ornata_C9A	CM077919.1	584	54	54	107	265225266	265225427	75.926	1.55e-17	92.4
Chrysopelea_ornata_C9A	CM077919.1	584	47	157	203	265259722	265259862	82.979	6.64e-17	90.5
Chrysopelea_ornata_C9A	CM077919.1	584	47	157	203	265228339	265228479	82.979	6.81e-17	90.5
Chrysopelea_ornata_C9A	CM077919.1	584	78	195	272	265261212	265261445	48.718	4.06e-13	78.2
Chrysopelea_ornata_C9A	CM077919.1	584	54	531	584	264638877	264638716	50.000	7.55e-08	61.2
Chrysopelea_ornata_C9A	CM077919.1	584	82	277	358	264602477	264602722	34.146	1.24e-07	60.5
Chrysopelea_ornata_C9A	CM077919.1	584	39	26	64	265255003	265255119	66.667	1.94e-07	60.1
Chrysopelea_ornata_C9A	CM077919.1	584	46	530	574	264576897	264577034	56.522	3.13e-07	59.3
Chrysopelea_ornata_C9A	CM077919.1	584	42	26	67	265224468	265224593	59.524	5.05e-07	58.5
Chrysopelea_ornata_C9A	CM077919.1	584	69	458	526	264640116	264639913	42.029	5.27e-07	58.5
Chrysopelea_ornata_C9A	CM077919.1	584	43	354	396	265235055	265235180	67.442	7.28e-07	58.2
Chrysopelea_ornata_C9A	CM077919.1	584	50	536	584	264608098	264608247	52.000	1.15e-06	57.4
Chrysopelea_ornata_C9A	CM077919.1	584	79	277	355	264563047	264563283	34.177	1.51e-06	57.0
Chrysopelea_ornata_C9A	CM077919.1	584	59	296	354	264644972	264644796	44.068	7.76e-06	54.7
Chrysopelea_ornata_C9A	CM077920.1	584	84	274	357	144113220	144112969	36.905	4.53e-09	65.1
Chrysopelea_ornata_C9A	CM077936.1	584	219	302	515	128218425	128219036	24.658	8.37e-08	61.2
Pituophis_catenifer_C9A	CM077919.1	583	95	273	367	265263590	265263865	76.842	6.27e-38	155
Pituophis_catenifer_C9A	CM077919.1	583	80	453	532	265241700	265241939	83.750	2.86e-34	144
Pituophis_catenifer_C9A	CM077919.1	583	77	456	532	265271552	265271782	83.117	6.10e-33	140
Pituophis_catenifer_C9A	CM077919.1	583	96	277	372	265232584	265232862	69.792	7.51e-32	137
Pituophis_catenifer_C9A	CM077919.1	583	75	198	272	265230123	265230347	72.000	2.35e-26	120
Pituophis_catenifer_C9A	CM077919.1	583	64	400	463	265240098	265240289	76.562	1.13e-20	102
Pituophis_catenifer_C9A	CM077919.1	583	61	397	457	265270313	265270495	78.689	1.57e-20	102
Pituophis_catenifer_C9A	CM077919.1	583	50	107	156	265226419	265226568	90.000	1.32e-19	99.0
Pituophis_catenifer_C9A	CM077919.1	583	54	54	107	265255787	265255948	81.481	1.82e-19	98.6
Pituophis_catenifer_C9A	CM077919.1	583	50	107	156	265257449	265257598	90.000	6.05e-19	97.1
Pituophis_catenifer_C9A	CM077919.1	583	54	54	107	265225266	265225427	77.778	4.74e-18	94.4
Pituophis_catenifer_C9A	CM077919.1	583	47	157	203	265228339	265228479	87.234	6.95e-18	93.6
Pituophis_catenifer_C9A	CM077919.1	583	52	532	583	265242346	265242501	76.923	1.61e-17	92.4
Pituophis_catenifer_C9A	CM077919.1	583	47	157	203	265259722	265259862	80.851	6.58e-16	87.4
Pituophis_catenifer_C9A	CM077919.1	583	76	198	273	265261221	265261448	50.000	1.05e-12	77.0
Pituophis_catenifer_C9A	CM077919.1	583	39	26	64	265255003	265255119	74.359	2.01e-09	66.2
Pituophis_catenifer_C9A	CM077919.1	583	41	355	395	265235058	265235180	75.610	2.50e-09	66.2
Pituophis_catenifer_C9A	CM077919.1	583	42	26	67	265224468	265224593	69.048	3.29e-09	65.9
Pituophis_catenifer_C9A	CM077919.1	583	54	530	583	264638877	264638716	50.000	1.12e-08	63.9
Pituophis_catenifer_C9A	CM077919.1	583	46	529	573	264576897	264577034	56.522	3.97e-08	62.0
Pituophis_catenifer_C9A	CM077919.1	583	54	531	583	264608092	264608247	55.556	1.86e-07	60.1
Pituophis_catenifer_C9A	CM077919.1	583	69	457	525	264572860	264573063	44.928	1.54e-06	57.0
Pituophis_catenifer_C9A	CM077919.1	583	52	532	583	265272329	265272484	63.462	1.84e-06	56.6
Pituophis_catenifer_C9A	CM077920.1	583	79	277	355	144113211	144112975	39.241	3.18e-08	62.4
Pituophis_catenifer_C9A	CM077920.1	583	47	537	583	144094341	144094201	46.809	9.53e-07	57.8
Pituophis_catenifer_C9A	CM077936.1	583	220	302	516	128218425	128219042	24.545	4.28e-07	58.9
Pantherophis_obsoletus_C9A	CM077919.1	583	99	274	372	265232575	265232862	76.768	3.16e-38	156
Pantherophis_obsoletus_C9A	CM077919.1	583	92	276	367	265263599	265263865	71.739	4.32e-35	147
Pantherophis_obsoletus_C9A	CM077919.1	583	80	453	532	265241700	265241939	83.750	2.78e-34	144
Pantherophis_obsoletus_C9A	CM077919.1	583	77	456	532	265271552	265271782	83.117	6.04e-33	140
Pantherophis_obsoletus_C9A	CM077919.1	583	74	199	272	265230126	265230347	72.973	7.94e-25	115
Pantherophis_obsoletus_C9A	CM077919.1	583	68	396	463	265240086	265240289	77.941	1.21e-23	112
Pantherophis_obsoletus_C9A	CM077919.1	583	57	401	457	265270325	265270495	80.702	1.41e-19	99.0
Pantherophis_obsoletus_C9A	CM077919.1	583	47	157	203	265228339	265228479	89.362	1.57e-18	95.9
Pantherophis_obsoletus_C9A	CM077919.1	583	50	107	156	265226419	265226568	84.000	4.06e-18	94.4
Pantherophis_obsoletus_C9A	CM077919.1	583	52	532	583	265242346	265242501	78.846	7.07e-18	93.6
Pantherophis_obsoletus_C9A	CM077919.1	583	54	54	107	265255787	265255948	79.630	8.33e-18	93.6
Pantherophis_obsoletus_C9A	CM077919.1	583	54	54	107	265225266	265225427	77.778	1.39e-17	92.8
Pantherophis_obsoletus_C9A	CM077919.1	583	50	107	156	265257449	265257598	84.000	1.74e-17	92.4
Pantherophis_obsoletus_C9A	CM077919.1	583	47	157	203	265259722	265259862	82.979	1.45e-16	89.4
Pantherophis_obsoletus_C9A	CM077919.1	583	74	199	272	265261224	265261445	48.649	1.76e-11	73.2
Pantherophis_obsoletus_C9A	CM077919.1	583	42	354	395	265235055	265235180	76.190	5.25e-10	68.2
Pantherophis_obsoletus_C9A	CM077919.1	583	42	26	67	265224468	265224593	66.667	1.81e-08	63.2
Pantherophis_obsoletus_C9A	CM077919.1	583	54	530	583	264638877	264638716	50.000	3.81e-08	62.4
Pantherophis_obsoletus_C9A	CM077919.1	583	46	529	573	264576897	264577034	56.522	1.14e-07	60.8
Pantherophis_obsoletus_C9A	CM077919.1	583	79	277	355	264602477	264602713	34.177	1.27e-07	60.5
Pantherophis_obsoletus_C9A	CM077919.1	583	39	26	64	265255003	265255119	66.667	1.66e-07	60.1
Pantherophis_obsoletus_C9A	CM077919.1	583	50	535	583	264608098	264608247	54.000	4.32e-07	58.9
Pantherophis_obsoletus_C9A	CM077919.1	583	52	532	583	265272329	265272484	65.385	6.84e-07	58.2
Pantherophis_obsoletus_C9A	CM077919.1	583	79	277	355	264563047	264563283	34.177	7.64e-07	58.2
Pantherophis_obsoletus_C9A	CM077919.1	583	69	457	525	264572860	264573063	44.928	1.48e-06	57.0
Pantherophis_obsoletus_C9A	CM077920.1	583	82	274	355	144113220	144112975	36.585	5.83e-09	64.7
Pantherophis_obsoletus_C9A	CM077920.1	583	94	277	370	144065077	144065349	29.787	4.32e-07	58.9
Pantherophis_obsoletus_C9A	CM077920.1	583	47	537	583	144094341	144094201	46.809	1.00e-06	57.8
Pantherophis_obsoletus_C9A	CM077936.1	583	220	302	516	128218425	128219042	25.000	3.02e-08	62.4
Bothrops_jararaca_C9A	CM077919.1	583	81	274	354	265232575	265232817	98.765	2.94e-43	172
Bothrops_jararaca_C9A	CM077919.1	583	80	453	532	265241700	265241939	96.250	1.08e-39	161
Bothrops_jararaca_C9A	CM077919.1	583	77	456	532	265271552	265271782	84.416	7.13e-34	143
Bothrops_jararaca_C9A	CM077919.1	583	75	199	273	265230126	265230350	92.000	2.08e-33	142
Bothrops_jararaca_C9A	CM077919.1	583	92	276	367	265263599	265263865	69.565	2.41e-32	139
Bothrops_jararaca_C9A	CM077919.1	583	68	396	463	265240086	265240289	85.294	1.33e-26	121
Bothrops_jararaca_C9A	CM077919.1	583	52	532	583	265242346	265242501	98.077	1.39e-23	111
Bothrops_jararaca_C9A	CM077919.1	583	54	54	107	265225266	265225427	92.593	4.64e-23	110
Bothrops_jararaca_C9A	CM077919.1	583	57	401	457	265270325	265270495	87.719	2.04e-21	104
Bothrops_jararaca_C9A	CM077919.1	583	54	54	107	265255787	265255948	87.037	9.70e-21	102
Bothrops_jararaca_C9A	CM077919.1	583	47	157	203	265228339	265228479	95.745	1.29e-20	102
Bothrops_jararaca_C9A	CM077919.1	583	50	107	156	265226419	265226568	94.000	3.29e-20	100
Bothrops_jararaca_C9A	CM077919.1	583	47	157	203	265259722	265259862	87.234	4.16e-18	94.4
Bothrops_jararaca_C9A	CM077919.1	583	50	107	156	265257449	265257598	84.000	5.46e-17	90.9
Bothrops_jararaca_C9A	CM077919.1	583	42	354	395	265235055	265235180	95.238	3.81e-14	81.6
Bothrops_jararaca_C9A	CM077919.1	583	42	26	67	265224468	265224593	80.952	1.06e-12	77.0
Bothrops_jararaca_C9A	CM077919.1	583	74	199	272	265261224	265261445	51.351	4.91e-11	71.6
Bothrops_jararaca_C9A	CM077919.1	583	52	532	583	265272329	265272484	71.154	1.06e-08	63.9
Bothrops_jararaca_C9A	CM077919.1	583	54	530	583	264638877	264638716	50.000	2.42e-08	62.8
Bothrops_jararaca_C9A	CM077919.1	583	79	277	355	264602477	264602713	34.177	8.48e-08	61.2
Bothrops_jararaca_C9A	CM077919.1	583	39	26	64	265255003	265255119	64.103	3.83e-07	58.9
Bothrops_jararaca_C9A	CM077919.1	583	79	277	355	264563047	264563283	34.177	6.12e-07	58.2
Bothrops_jararaca_C9A	CM077919.1	583	42	535	575	264608098	264608223	64.286	1.50e-06	57.0
Bothrops_jararaca_C9A	CM077919.1	583	69	457	525	264640116	264639913	40.580	1.97e-06	56.6
Bothrops_jararaca_C9A	CM077919.1	583	46	529	573	264576903	264577034	52.174	4.26e-06	55.5
Bothrops_jararaca_C9A	CM077920.1	583	82	274	355	144113220	144112975	35.366	2.68e-08	62.8
Bothrops_jararaca_C9A	CM077920.1	583	43	537	579	144094341	144094213	53.488	1.87e-07	60.1
Bothrops_jararaca_C9A	CM077920.1	583	80	277	356	144065077	144065316	28.750	5.28e-06	55.1
Bothrops_jararaca_C9A	CM077936.1	583	220	302	514	128218425	128219036	25.000	1.23e-07	60.5
Ptyas_mucosa_C9A	CM077919.1	583	81	274	354	265232575	265232817	88.889	3.02e-37	154
Ptyas_mucosa_C9A	CM077919.1	583	80	453	532	265241700	265241939	83.750	1.64e-34	145
Ptyas_mucosa_C9A	CM077919.1	583	92	276	367	265263599	265263865	70.652	1.60e-33	142
Ptyas_mucosa_C9A	CM077919.1	583	77	456	532	265271552	265271782	83.117	9.76e-33	140
Ptyas_mucosa_C9A	CM077919.1	583	75	198	272	265230123	265230347	65.333	1.77e-22	108
Ptyas_mucosa_C9A	CM077919.1	583	76	390	463	265240062	265240289	69.737	2.40e-22	107
Ptyas_mucosa_C9A	CM077919.1	583	50	107	156	265226419	265226568	92.000	4.63e-20	100
Ptyas_mucosa_C9A	CM077919.1	583	50	107	156	265257449	265257598	92.000	2.96e-19	98.2
Ptyas_mucosa_C9A	CM077919.1	583	57	401	457	265270325	265270495	75.439	1.41e-18	95.9
Ptyas_mucosa_C9A	CM077919.1	583	54	54	107	265255787	265255948	79.630	6.95e-18	93.6
Ptyas_mucosa_C9A	CM077919.1	583	54	54	107	265225266	265225427	77.778	9.49e-18	93.2
Ptyas_mucosa_C9A	CM077919.1	583	52	532	583	265242346	265242501	76.923	1.49e-16	89.4
Ptyas_mucosa_C9A	CM077919.1	583	47	157	203	265228339	265228479	78.723	1.06e-15	86.7
Ptyas_mucosa_C9A	CM077919.1	583	47	157	203	265259722	265259862	72.340	7.20e-14	80.9
Ptyas_mucosa_C9A	CM077919.1	583	75	198	272	265261221	265261445	50.667	2.76e-12	75.5
Ptyas_mucosa_C9A	CM077919.1	583	54	530	583	264638877	264638716	51.852	4.07e-09	65.5
Ptyas_mucosa_C9A	CM077919.1	583	42	26	67	265224468	265224593	66.667	7.99e-09	64.3
Ptyas_mucosa_C9A	CM077919.1	583	42	354	395	265235055	265235180	69.048	2.90e-08	62.8
Ptyas_mucosa_C9A	CM077919.1	583	39	26	64	265255003	265255119	66.667	7.66e-08	61.2
Ptyas_mucosa_C9A	CM077919.1	583	46	529	573	264576903	264577034	56.522	2.22e-07	59.7
Ptyas_mucosa_C9A	CM077919.1	583	78	457	534	264640116	264639892	42.308	5.92e-07	58.5
Ptyas_mucosa_C9A	CM077919.1	583	79	277	355	264602477	264602713	32.911	1.55e-06	57.0
Ptyas_mucosa_C9A	CM077919.1	583	50	535	583	264608098	264608247	54.000	2.43e-06	56.2
Ptyas_mucosa_C9A	CM077919.1	583	79	277	355	264563047	264563283	34.177	2.86e-06	56.2
Ptyas_mucosa_C9A	CM077920.1	583	82	274	355	144113220	144112975	36.585	1.07e-08	63.9
Ptyas_mucosa_C9A	CM077920.1	583	82	277	358	144065077	144065322	29.268	2.41e-06	56.2
Ptyas_mucosa_C9A	CM077936.1	583	218	302	514	128218425	128219036	23.853	1.21e-06	57.4
Vipera_berus_C9A	CM077919.1	583	81	274	354	265232575	265232817	93.827	2.82e-40	162
Vipera_berus_C9A	CM077919.1	583	80	453	532	265241700	265241939	92.500	7.32e-38	155
Vipera_berus_C9A	CM077919.1	583	77	456	532	265271552	265271782	84.416	2.86e-34	144
Vipera_berus_C9A	CM077919.1	583	92	276	367	265263599	265263865	66.304	5.70e-31	134
Vipera_berus_C9A	CM077919.1	583	78	199	276	265230126	265230359	78.205	2.22e-28	126
Vipera_berus_C9A	CM077919.1	583	68	396	463	265240086	265240289	88.235	1.31e-27	124
Vipera_berus_C9A	CM077919.1	583	57	401	457	265270325	265270495	91.228	2.81e-22	107
Vipera_berus_C9A	CM077919.1	583	54	54	107	265225266	265225427	88.889	2.27e-21	104
Vipera_berus_C9A	CM077919.1	583	52	532	583	265242346	265242501	88.462	3.90e-21	103
Vipera_berus_C9A	CM077919.1	583	47	157	203	265228339	265228479	93.617	1.60e-20	102
Vipera_berus_C9A	CM077919.1	583	50	107	156	265226419	265226568	96.000	1.71e-20	102
Vipera_berus_C9A	CM077919.1	583	54	54	107	265255787	265255948	87.037	3.47e-20	100
Vipera_berus_C9A	CM077919.1	583	47	157	203	265259722	265259862	87.234	3.50e-18	94.7
Vipera_berus_C9A	CM077919.1	583	50	107	156	265257449	265257598	86.000	2.46e-17	92.0
Vipera_berus_C9A	CM077919.1	583	42	354	395	265235055	265235180	90.476	2.92e-13	79.0
Vipera_berus_C9A	CM077919.1	583	74	199	272	265261224	265261445	51.351	1.48e-12	76.6
Vipera_berus_C9A	CM077919.1	583	42	26	67	265224468	265224593	71.429	1.79e-10	69.7
Vipera_berus_C9A	CM077919.1	583	52	532	583	265272329	265272484	73.077	5.38e-10	68.2
Vipera_berus_C9A	CM077919.1	583	54	530	583	264638877	264638716	51.852	1.81e-08	63.2
Vipera_berus_C9A	CM077919.1	583	69	457	525	264640116	264639913	42.029	1.24e-07	60.5
Vipera_berus_C9A	CM077919.1	583	39	26	64	265255003	265255119	66.667	1.77e-07	60.1
Vipera_berus_C9A	CM077919.1	583	67	277	343	264602477	264602677	38.806	1.81e-07	60.1
Vipera_berus_C9A	CM077919.1	583	79	277	355	264563047	264563283	34.177	4.25e-07	58.9
Vipera_berus_C9A	CM077919.1	583	42	535	575	264608098	264608223	64.286	2.10e-06	56.6
Vipera_berus_C9A	CM077920.1	583	43	537	579	144094341	144094213	55.814	1.38e-07	60.5
Vipera_berus_C9A	CM077920.1	583	79	277	355	144113211	144112975	34.177	1.96e-07	60.1
Vipera_berus_C9A	CM077920.1	583	83	274	356	144065068	144065316	28.916	3.25e-06	55.8
Vipera_berus_C9A	CM077936.1	583	220	302	514	128218425	128219036	25.000	3.15e-07	59.3
Sceloporus_undulatus_C9A	CM077919.1	591	78	460	537	265241709	265241942	67.949	9.71e-28	124
Sceloporus_undulatus_C9A	CM077919.1	591	78	460	537	265271552	265271785	65.385	9.99e-27	121
Sceloporus_undulatus_C9A	CM077919.1	591	78	281	358	265232584	265232817	69.231	4.55e-26	119
Sceloporus_undulatus_C9A	CM077919.1	591	94	280	373	265263599	265263871	55.319	1.35e-25	118
Sceloporus_undulatus_C9A	CM077919.1	591	68	400	467	265240086	265240289	50.000	5.51e-12	74.7
Sceloporus_undulatus_C9A	CM077919.1	591	50	538	587	265242352	265242501	64.000	7.37e-12	74.3
Sceloporus_undulatus_C9A	CM077919.1	591	47	156	202	265228339	265228479	61.702	1.01e-11	73.9
Sceloporus_undulatus_C9A	CM077919.1	591	60	408	467	265270334	265270513	53.333	7.75e-11	70.9
Sceloporus_undulatus_C9A	CM077919.1	591	50	106	155	265257449	265257598	66.000	1.04e-10	70.5
Sceloporus_undulatus_C9A	CM077919.1	591	47	156	202	265259722	265259862	59.574	3.28e-10	68.9
Sceloporus_undulatus_C9A	CM077919.1	591	52	540	591	264638859	264638704	53.846	8.26e-10	67.8
Sceloporus_undulatus_C9A	CM077919.1	591	50	106	155	265226419	265226568	62.000	2.15e-09	66.2
Sceloporus_undulatus_C9A	CM077919.1	591	42	539	579	264608098	264608223	71.429	1.09e-08	63.9
Sceloporus_undulatus_C9A	CM077919.1	591	56	533	587	264576897	264577064	51.786	2.18e-08	63.2
Sceloporus_undulatus_C9A	CM077919.1	591	82	195	276	265230117	265230347	37.805	2.40e-08	62.8
Sceloporus_undulatus_C9A	CM077919.1	591	79	281	359	264563047	264563283	35.443	7.91e-08	61.2
Sceloporus_undulatus_C9A	CM077919.1	591	81	281	361	264602477	264602719	32.099	1.76e-07	60.1
Sceloporus_undulatus_C9A	CM077919.1	591	69	463	531	264640110	264639907	42.029	3.37e-07	59.3
Sceloporus_undulatus_C9A	CM077919.1	591	51	57	106	265225275	265225427	50.980	4.09e-07	58.9
Sceloporus_undulatus_C9A	CM077919.1	591	51	57	106	265255796	265255948	52.941	1.86e-06	56.6
Sceloporus_undulatus_C9A	CM077920.1	591	114	248	361	144113304	144112969	30.702	1.96e-08	63.2
Sceloporus_undulatus_C9A	CM077920.1	591	91	281	371	144065077	144065340	32.967	2.27e-07	59.7
Sceloporus_undulatus_C9A	CM077920.1	591	54	534	587	144094359	144094201	48.148	7.62e-07	58.2
Sceloporus_undulatus_C9A	CM077936.1	591	222	303	518	128218416	128219036	25.676	2.59e-08	62.8
Sceloporus_undulatus_C9A	CM077936.1	591	56	540	591	1503164	1503331	46.429	1.94e-06	56.6
Sceloporus_undulatus_C9A	CM077936.1	591	53	540	589	1476994	1477149	50.943	7.39e-06	54.7
Anolis_carolinensis_C9B	CM077919.1	538	75	280	354	265232581	265232805	70.667	3.44e-24	113
Anolis_carolinensis_C9B	CM077919.1	538	92	280	371	265263599	265263865	56.522	4.74e-24	112
Anolis_carolinensis_C9B	CM077919.1	538	68	462	529	265241715	265241918	69.118	2.69e-22	107
Anolis_carolinensis_C9B	CM077919.1	538	68	462	529	265271558	265271761	64.706	9.69e-21	102
Anolis_carolinensis_C9B	CM077919.1	538	47	156	202	265228339	265228479	68.085	9.96e-14	80.1
Anolis_carolinensis_C9B	CM077919.1	538	47	156	202	265259722	265259862	68.085	3.77e-13	78.2
Anolis_carolinensis_C9B	CM077919.1	538	61	400	460	265270310	265270492	55.738	4.25e-12	74.7
Anolis_carolinensis_C9B	CM077919.1	538	50	106	155	265257449	265257598	70.000	1.56e-11	72.8
Anolis_carolinensis_C9B	CM077919.1	538	56	405	460	265240101	265240268	57.143	2.55e-11	72.4
Anolis_carolinensis_C9B	CM077919.1	538	50	106	155	265226419	265226568	66.000	2.95e-10	68.9
Anolis_carolinensis_C9B	CM077919.1	538	71	462	532	264640113	264639904	43.662	2.79e-09	65.9
Anolis_carolinensis_C9B	CM077919.1	538	108	254	361	264602429	264602719	32.407	2.99e-08	62.4
Anolis_carolinensis_C9B	CM077919.1	538	79	281	359	264563047	264563283	35.443	1.30e-07	60.5
Anolis_carolinensis_C9B	CM077919.1	538	84	195	276	265230117	265230347	38.095	1.10e-06	57.4
Anolis_carolinensis_C9B	CM077919.1	538	52	57	107	265225275	265225430	48.077	1.17e-06	57.4
Anolis_carolinensis_C9B	CM077919.1	538	40	25	64	265224465	265224584	50.000	3.28e-06	55.8
Anolis_carolinensis_C9B	CM077919.1	538	48	17	64	265254988	265255119	50.000	3.34e-06	55.8
Anolis_carolinensis_C9B	CM077919.1	538	52	57	107	265255796	265255951	48.077	5.86e-06	55.1
Anolis_carolinensis_C9B	CM077920.1	538	100	260	357	144065023	144065307	35.000	4.28e-08	62.0
Anolis_carolinensis_C9B	CM077920.1	538	81	281	361	144113211	144112969	34.568	1.43e-07	60.1
Anolis_carolinensis_C9B	CM077936.1	538	222	306	518	128218425	128219036	26.577	6.37e-07	58.2
Hydrophis_cyanocinctus_C9B	CM077919.1	582	125	273	394	265232575	265232940	64.800	8.35e-38	155
Hydrophis_cyanocinctus_C9B	CM077919.1	582	92	275	366	265263599	265263865	68.478	3.90e-33	141
Hydrophis_cyanocinctus_C9B	CM077919.1	582	80	452	531	265241700	265241939	81.250	8.33e-33	140
Hydrophis_cyanocinctus_C9B	CM077919.1	582	77	455	531	265271552	265271782	83.117	1.97e-32	139
Hydrophis_cyanocinctus_C9B	CM077919.1	582	77	195	271	265230117	265230347	71.429	2.32e-23	110
Hydrophis_cyanocinctus_C9B	CM077919.1	582	66	397	462	265240092	265240289	72.727	2.21e-21	104
Hydrophis_cyanocinctus_C9B	CM077919.1	582	50	106	155	265226419	265226568	92.000	2.87e-20	101
Hydrophis_cyanocinctus_C9B	CM077919.1	582	50	106	155	265257449	265257598	92.000	1.76e-19	98.6
Hydrophis_cyanocinctus_C9B	CM077919.1	582	57	400	456	265270325	265270495	73.684	3.93e-18	94.4
Hydrophis_cyanocinctus_C9B	CM077919.1	582	47	156	202	265228339	265228479	85.106	1.99e-17	92.0
Hydrophis_cyanocinctus_C9B	CM077919.1	582	52	531	582	265242346	265242501	71.154	5.01e-16	87.8
Hydrophis_cyanocinctus_C9B	CM077919.1	582	54	53	106	265225266	265225427	72.222	1.14e-15	86.7
Hydrophis_cyanocinctus_C9B	CM077919.1	582	47	156	202	265259722	265259862	78.723	2.49e-15	85.5
Hydrophis_cyanocinctus_C9B	CM077919.1	582	54	53	106	265255787	265255948	70.370	4.54e-14	81.3
Hydrophis_cyanocinctus_C9B	CM077919.1	582	74	198	271	265261224	265261445	54.054	4.58e-13	78.2
Hydrophis_cyanocinctus_C9B	CM077919.1	582	54	529	582	264638877	264638716	50.000	1.95e-08	63.2
Hydrophis_cyanocinctus_C9B	CM077919.1	582	69	456	524	264640116	264639913	43.478	6.07e-08	61.6
Hydrophis_cyanocinctus_C9B	CM077919.1	582	38	25	62	265224468	265224581	73.684	1.51e-07	60.5
Hydrophis_cyanocinctus_C9B	CM077919.1	582	43	353	395	265235055	265235180	65.116	6.65e-07	58.2
Hydrophis_cyanocinctus_C9B	CM077919.1	582	74	456	529	264572860	264573078	41.892	1.15e-06	57.4
Hydrophis_cyanocinctus_C9B	CM077919.1	582	54	530	582	264608092	264608247	51.852	1.49e-06	57.0
Hydrophis_cyanocinctus_C9B	CM077919.1	582	79	276	354	264602477	264602713	31.646	1.82e-06	56.6
Hydrophis_cyanocinctus_C9B	CM077919.1	582	45	529	572	264576906	264577034	55.556	2.45e-06	56.2
Hydrophis_cyanocinctus_C9B	CM077919.1	582	79	276	354	264563047	264563283	32.911	6.34e-06	55.1
Hydrophis_cyanocinctus_C9B	CM077919.1	582	52	531	582	265272329	265272484	59.615	9.46e-06	54.3
Hydrophis_cyanocinctus_C9B	CM077920.1	582	82	273	354	144113220	144112975	34.146	1.48e-07	60.5
Hydrophis_cyanocinctus_C9B	CM077920.1	582	82	276	357	144065077	144065322	30.488	1.37e-06	57.0
Hydrophis_cyanocinctus_C9B	CM077920.1	582	47	536	582	144094341	144094201	44.681	7.33e-06	54.7
Bothrops_jararaca_C9B	CM077919.1	583	81	274	354	265232575	265232817	98.765	3.26e-43	171
Bothrops_jararaca_C9B	CM077919.1	583	80	453	532	265241700	265241939	96.250	1.25e-39	160
Bothrops_jararaca_C9B	CM077919.1	583	78	196	273	265230117	265230350	93.590	3.98e-36	150
Bothrops_jararaca_C9B	CM077919.1	583	77	456	532	265271552	265271782	84.416	8.17e-34	143
Bothrops_jararaca_C9B	CM077919.1	583	92	276	367	265263599	265263865	69.565	3.62e-32	138
Bothrops_jararaca_C9B	CM077919.1	583	68	396	463	265240086	265240289	91.176	3.01e-28	126
Bothrops_jararaca_C9B	CM077919.1	583	52	532	583	265242346	265242501	100.000	1.47e-24	114
Bothrops_jararaca_C9B	CM077919.1	583	54	54	107	265225266	265225427	94.444	1.14e-23	112
Bothrops_jararaca_C9B	CM077919.1	583	57	401	457	265270325	265270495	91.228	1.50e-22	108
Bothrops_jararaca_C9B	CM077919.1	583	50	107	156	265226419	265226568	100.000	5.16e-22	106
Bothrops_jararaca_C9B	CM077919.1	583	54	54	107	265255787	265255948	88.889	2.33e-21	104
Bothrops_jararaca_C9B	CM077919.1	583	47	157	203	265228339	265228479	97.872	4.53e-21	103
Bothrops_jararaca_C9B	CM077919.1	583	50	107	156	265257449	265257598	90.000	8.06e-19	96.7
Bothrops_jararaca_C9B	CM077919.1	583	47	157	203	265259722	265259862	89.362	1.64e-18	95.5
Bothrops_jararaca_C9B	CM077919.1	583	42	354	395	265235055	265235180	100.000	1.95e-15	85.9
Bothrops_jararaca_C9B	CM077919.1	583	42	26	67	265224468	265224593	83.333	6.95e-13	77.4
Bothrops_jararaca_C9B	CM077919.1	583	78	195	272	265261212	265261445	48.718	1.06e-11	73.9
Bothrops_jararaca_C9B	CM077919.1	583	52	532	583	265272329	265272484	69.231	4.87e-08	62.0
Bothrops_jararaca_C9B	CM077919.1	583	79	277	355	264602477	264602713	34.177	9.16e-08	60.8
Bothrops_jararaca_C9B	CM077919.1	583	54	530	583	264638877	264638716	48.148	9.48e-08	60.8
Bothrops_jararaca_C9B	CM077919.1	583	39	26	64	265255003	265255119	66.667	2.64e-07	59.3
Bothrops_jararaca_C9B	CM077919.1	583	79	277	355	264563047	264563283	34.177	6.02e-07	58.2
Bothrops_jararaca_C9B	CM077919.1	583	42	535	575	264608098	264608223	64.286	1.95e-06	56.6
Bothrops_jararaca_C9B	CM077919.1	583	69	457	525	264640116	264639913	40.580	2.10e-06	56.6
Bothrops_jararaca_C9B	CM077919.1	583	46	529	573	264576903	264577034	52.174	6.58e-06	55.1
Bothrops_jararaca_C9B	CM077920.1	583	82	274	355	144113220	144112975	35.366	2.85e-08	62.8
Bothrops_jararaca_C9B	CM077920.1	583	43	537	579	144094341	144094213	53.488	2.42e-07	59.7
Bothrops_jararaca_C9B	CM077920.1	583	81	277	357	144065077	144065319	28.395	4.38e-06	55.5
Bothrops_jararaca_C9B	CM077936.1	583	220	302	514	128218425	128219036	25.000	2.55e-07	59.7
Laticauda_colubrina_C9B	CM077919.1	583	79	276	354	265232581	265232817	84.810	1.64e-34	145
Laticauda_colubrina_C9B	CM077919.1	583	80	453	532	265241700	265241939	83.750	8.32e-34	143
Laticauda_colubrina_C9B	CM077919.1	583	94	274	367	265263593	265263865	68.085	1.03e-33	143
Laticauda_colubrina_C9B	CM077919.1	583	77	456	532	265271552	265271782	79.221	2.18e-31	135
Laticauda_colubrina_C9B	CM077919.1	583	66	398	463	265240092	265240289	77.273	6.65e-22	106
Laticauda_colubrina_C9B	CM077919.1	583	76	196	271	265230117	265230344	68.421	7.27e-21	103
Laticauda_colubrina_C9B	CM077919.1	583	57	401	457	265270325	265270495	78.947	1.62e-18	95.5
Laticauda_colubrina_C9B	CM077919.1	583	50	107	156	265226419	265226568	86.000	3.07e-18	94.7
Laticauda_colubrina_C9B	CM077919.1	583	46	157	202	265228339	265228476	86.957	1.08e-17	93.2
Laticauda_colubrina_C9B	CM077919.1	583	54	54	107	265225266	265225427	75.926	6.49e-17	90.5
Laticauda_colubrina_C9B	CM077919.1	583	50	107	156	265257449	265257598	82.000	1.82e-16	89.0
Laticauda_colubrina_C9B	CM077919.1	583	52	532	583	265242346	265242501	73.077	3.56e-16	88.2
Laticauda_colubrina_C9B	CM077919.1	583	46	157	202	265259722	265259859	80.435	1.19e-15	86.7
Laticauda_colubrina_C9B	CM077919.1	583	54	54	107	265255787	265255948	74.074	2.30e-15	85.5
Laticauda_colubrina_C9B	CM077919.1	583	64	26	89	265224468	265224629	54.688	2.73e-09	65.9
Laticauda_colubrina_C9B	CM077919.1	583	73	199	271	265261224	265261442	47.945	5.40e-09	65.1
Laticauda_colubrina_C9B	CM077919.1	583	84	274	357	264602468	264602719	33.333	5.31e-08	61.6
Laticauda_colubrina_C9B	CM077919.1	583	69	457	525	264640116	264639913	43.478	1.01e-07	60.8
Laticauda_colubrina_C9B	CM077919.1	583	79	277	355	264563047	264563283	35.443	1.71e-07	60.1
Laticauda_colubrina_C9B	CM077919.1	583	54	530	583	264638877	264638716	46.296	3.15e-07	59.3
Laticauda_colubrina_C9B	CM077919.1	583	46	529	573	264576903	264577034	58.696	5.62e-07	58.5
Laticauda_colubrina_C9B	CM077919.1	583	54	531	583	264608092	264608247	53.704	1.75e-06	57.0
Laticauda_colubrina_C9B	CM077920.1	583	81	277	357	144113211	144112969	32.099	5.68e-08	61.6
Laticauda_colubrina_C9B	CM077920.1	583	83	274	356	144065068	144065316	31.325	5.77e-07	58.5
Laticauda_colubrina_C9B	CM077936.1	583	218	302	514	128218425	128219036	23.394	2.55e-07	59.7
Pseudonaja_textilis_C9B	CM077919.1	583	81	274	354	265232575	265232817	85.185	1.37e-35	148
Pseudonaja_textilis_C9B	CM077919.1	583	94	274	367	265263593	265263865	69.149	1.64e-34	145
Pseudonaja_textilis_C9B	CM077919.1	583	80	453	532	265241700	265241939	83.750	9.36e-34	143
Pseudonaja_textilis_C9B	CM077919.1	583	77	456	532	265271552	265271782	80.519	1.49e-31	136
Pseudonaja_textilis_C9B	CM077919.1	583	68	396	463	265240086	265240289	73.529	1.15e-21	105
Pseudonaja_textilis_C9B	CM077919.1	583	50	107	156	265226419	265226568	94.000	1.14e-20	102
Pseudonaja_textilis_C9B	CM077919.1	583	77	196	272	265230117	265230347	62.338	3.44e-19	97.8
Pseudonaja_textilis_C9B	CM077919.1	583	50	107	156	265257449	265257598	90.000	5.94e-19	97.1
Pseudonaja_textilis_C9B	CM077919.1	583	57	401	457	265270325	265270495	78.947	6.00e-19	97.1
Pseudonaja_textilis_C9B	CM077919.1	583	47	157	203	265228339	265228479	87.234	2.02e-18	95.5
Pseudonaja_textilis_C9B	CM077919.1	583	47	157	203	265259722	265259862	80.851	2.24e-16	89.0
Pseudonaja_textilis_C9B	CM077919.1	583	54	54	107	265225266	265225427	72.222	5.30e-16	87.8
Pseudonaja_textilis_C9B	CM077919.1	583	54	54	107	265255787	265255948	70.370	2.46e-14	82.4
Pseudonaja_textilis_C9B	CM077919.1	583	52	532	583	265242346	265242501	65.385	1.98e-13	79.3
Pseudonaja_textilis_C9B	CM077919.1	583	38	26	63	265224468	265224581	81.579	1.14e-09	67.0
Pseudonaja_textilis_C9B	CM077919.1	583	74	199	272	265261224	265261445	47.297	2.94e-09	65.9
Pseudonaja_textilis_C9B	CM077919.1	583	54	530	583	264638877	264638716	48.148	1.55e-08	63.5
Pseudonaja_textilis_C9B	CM077919.1	583	69	457	525	264640116	264639913	43.478	3.21e-08	62.4
Pseudonaja_textilis_C9B	CM077919.1	583	42	354	395	265235055	265235177	69.048	1.32e-07	60.5
Pseudonaja_textilis_C9B	CM077919.1	583	78	277	354	264602477	264602710	32.051	8.25e-07	57.8
Pseudonaja_textilis_C9B	CM077919.1	583	54	531	583	264608092	264608247	51.852	9.14e-07	57.8
Pseudonaja_textilis_C9B	CM077919.1	583	45	530	573	264576906	264577034	55.556	9.22e-07	57.8
Pseudonaja_textilis_C9B	CM077919.1	583	38	26	63	265255003	265255116	65.789	1.22e-06	57.4
Pseudonaja_textilis_C9B	CM077919.1	583	78	277	354	264563047	264563280	33.333	2.03e-06	56.6
Pseudonaja_textilis_C9B	CM077919.1	583	69	457	525	264572860	264573063	43.478	5.06e-06	55.5
Pseudonaja_textilis_C9B	CM077920.1	583	92	263	354	144113247	144112978	30.435	9.24e-08	60.8
Pseudonaja_textilis_C9B	CM077920.1	583	82	277	358	144065077	144065322	30.488	5.21e-07	58.5
Pseudonaja_textilis_C9B	CM077920.1	583	47	537	583	144094341	144094201	44.681	5.82e-07	58.5
Pseudonaja_textilis_C9B	CM077936.1	583	222	298	516	130864789	130864181	26.126	5.58e-07	58.5
Pseudonaja_textilis_C9B	CM077936.1	583	218	302	514	128218425	128219036	24.312	9.25e-06	54.3
Notechis_scutatus_C9B	CM077919.1	583	123	276	395	265232581	265232940	62.602	7.18e-35	146
Notechis_scutatus_C9B	CM077919.1	583	94	274	367	265263593	265263865	69.149	8.77e-35	146
Notechis_scutatus_C9B	CM077919.1	583	82	451	532	265241694	265241939	84.146	9.10e-35	146
Notechis_scutatus_C9B	CM077919.1	583	77	456	532	265271552	265271782	81.818	2.08e-32	139
Notechis_scutatus_C9B	CM077919.1	583	77	196	272	265230117	265230347	72.727	2.42e-24	114
Notechis_scutatus_C9B	CM077919.1	583	66	398	463	265240092	265240289	72.727	2.25e-21	104
Notechis_scutatus_C9B	CM077919.1	583	50	107	156	265226419	265226568	92.000	3.18e-20	101
Notechis_scutatus_C9B	CM077919.1	583	50	107	156	265257449	265257598	92.000	1.92e-19	98.6
Notechis_scutatus_C9B	CM077919.1	583	47	157	203	265228339	265228479	89.362	8.79e-19	96.7
Notechis_scutatus_C9B	CM077919.1	583	57	401	457	265270325	265270495	73.684	6.10e-18	94.0
Notechis_scutatus_C9B	CM077919.1	583	47	157	203	265259722	265259862	82.979	9.92e-17	90.1
Notechis_scutatus_C9B	CM077919.1	583	52	532	583	265242346	265242501	71.154	5.17e-16	87.8
Notechis_scutatus_C9B	CM077919.1	583	54	54	107	265225266	265225427	72.222	8.98e-16	87.0
Notechis_scutatus_C9B	CM077919.1	583	54	54	107	265255787	265255948	70.370	4.01e-14	81.6
Notechis_scutatus_C9B	CM077919.1	583	74	199	272	265261224	265261445	52.703	8.79e-12	73.9
Notechis_scutatus_C9B	CM077919.1	583	38	26	63	265224468	265224581	76.316	1.39e-08	63.5
Notechis_scutatus_C9B	CM077919.1	583	54	530	583	264638877	264638716	50.000	2.17e-08	63.2
Notechis_scutatus_C9B	CM077919.1	583	69	457	525	264640116	264639913	43.478	3.27e-08	62.4
Notechis_scutatus_C9B	CM077919.1	583	82	274	355	264602468	264602713	31.707	1.61e-07	60.1
Notechis_scutatus_C9B	CM077919.1	583	42	354	395	265235055	265235177	69.048	7.08e-07	58.2
Notechis_scutatus_C9B	CM077919.1	583	54	531	583	264608092	264608247	51.852	1.48e-06	57.0
Notechis_scutatus_C9B	CM077919.1	583	45	530	573	264576906	264577034	55.556	2.27e-06	56.6
Notechis_scutatus_C9B	CM077919.1	583	79	277	355	264563047	264563283	32.911	3.88e-06	55.8
Notechis_scutatus_C9B	CM077919.1	583	69	457	525	264572860	264573063	43.478	6.25e-06	55.1
Notechis_scutatus_C9B	CM077920.1	583	79	277	355	144113211	144112975	31.646	3.29e-07	59.3
Notechis_scutatus_C9B	CM077920.1	583	85	274	358	144065068	144065322	29.412	8.83e-07	57.8
Notechis_scutatus_C9B	CM077920.1	583	47	537	583	144094341	144094201	44.681	8.28e-06	54.7
Notechis_scutatus_C9B	CM077936.1	583	222	298	516	130864789	130864181	25.676	4.55e-07	58.5
Notechis_scutatus_C9B	CM077936.1	583	218	302	514	128218425	128219036	24.771	7.48e-06	54.7
Pituophis_catenifer_C9B	CM077919.1	583	95	273	367	265263590	265263865	76.842	1.58e-37	154
Pituophis_catenifer_C9B	CM077919.1	583	83	456	538	265241709	265241957	84.337	7.31e-37	152
Pituophis_catenifer_C9B	CM077919.1	583	77	456	532	265271552	265271782	85.714	8.93e-35	146
Pituophis_catenifer_C9B	CM077919.1	583	77	277	353	265232584	265232814	83.117	1.85e-31	136
Pituophis_catenifer_C9B	CM077919.1	583	76	198	273	265261221	265261448	71.053	4.81e-22	106
Pituophis_catenifer_C9B	CM077919.1	583	61	397	457	265270313	265270495	81.967	3.08e-21	104
Pituophis_catenifer_C9B	CM077919.1	583	76	390	463	265240062	265240289	67.105	1.53e-19	99.0
Pituophis_catenifer_C9B	CM077919.1	583	50	107	156	265257449	265257598	90.000	3.29e-18	94.7
Pituophis_catenifer_C9B	CM077919.1	583	50	107	156	265226419	265226568	86.000	5.54e-18	94.0
Pituophis_catenifer_C9B	CM077919.1	583	47	157	203	265259722	265259862	82.979	5.41e-17	90.9
Pituophis_catenifer_C9B	CM077919.1	583	47	157	203	265228339	265228479	82.979	5.75e-17	90.9
Pituophis_catenifer_C9B	CM077919.1	583	54	54	107	265255787	265255948	77.778	6.06e-17	90.5
Pituophis_catenifer_C9B	CM077919.1	583	54	54	107	265225266	265225427	75.926	1.45e-16	89.4
Pituophis_catenifer_C9B	CM077919.1	583	52	532	583	265242346	265242501	71.154	9.13e-15	83.6
Pituophis_catenifer_C9B	CM077919.1	583	52	532	583	265272329	265272484	88.462	1.90e-14	82.8
Pituophis_catenifer_C9B	CM077919.1	583	75	198	272	265230123	265230347	54.667	6.38e-14	80.9
Pituophis_catenifer_C9B	CM077919.1	583	39	26	64	265255003	265255119	71.795	8.06e-09	64.3
Pituophis_catenifer_C9B	CM077919.1	583	41	355	395	265235058	265235180	70.732	3.21e-08	62.4
Pituophis_catenifer_C9B	CM077919.1	583	42	26	67	265224468	265224593	64.286	7.79e-08	61.2
Pituophis_catenifer_C9B	CM077919.1	583	97	457	549	264640116	264639835	38.144	2.70e-07	59.3
Pituophis_catenifer_C9B	CM077919.1	583	69	457	525	264572860	264573063	44.928	1.41e-06	57.0
Pituophis_catenifer_C9B	CM077920.1	583	114	239	352	144113319	144112984	31.579	2.28e-08	62.8
Pituophis_catenifer_C9B	CM077920.1	583	41	537	577	144094341	144094219	56.098	2.88e-06	56.2
Pituophis_catenifer_C9B	CM077936.1	583	232	293	516	130864804	130864181	24.569	6.14e-08	61.6
Pituophis_catenifer_C9B	CM077936.1	583	218	302	514	128218425	128219036	24.771	1.10e-07	60.8
Pantherophis_obsoletus_C9B	CM077919.1	583	99	274	372	265232575	265232862	71.717	7.38e-35	146
Pantherophis_obsoletus_C9B	CM077919.1	583	92	276	367	265263599	265263865	70.652	7.40e-34	143
Pantherophis_obsoletus_C9B	CM077919.1	583	77	456	532	265271552	265271782	80.519	1.77e-32	139
Pantherophis_obsoletus_C9B	CM077919.1	583	83	456	538	265241709	265241957	74.699	2.20e-32	139
Pantherophis_obsoletus_C9B	CM077919.1	583	75	198	272	265261221	265261445	70.667	1.57e-21	105
Pantherophis_obsoletus_C9B	CM077919.1	583	61	397	457	265270313	265270495	83.607	1.76e-21	105
Pantherophis_obsoletus_C9B	CM077919.1	583	54	54	107	265255787	265255948	85.185	7.59e-21	103
Pantherophis_obsoletus_C9B	CM077919.1	583	64	400	463	265240098	265240289	75.000	6.74e-20	100
Pantherophis_obsoletus_C9B	CM077919.1	583	54	54	107	265225266	265225427	81.481	3.04e-19	97.8
Pantherophis_obsoletus_C9B	CM077919.1	583	50	107	156	265257449	265257598	90.000	3.59e-18	94.7
Pantherophis_obsoletus_C9B	CM077919.1	583	50	107	156	265226419	265226568	86.000	6.26e-18	94.0
Pantherophis_obsoletus_C9B	CM077919.1	583	47	157	203	265259722	265259862	82.979	6.78e-17	90.5
Pantherophis_obsoletus_C9B	CM077919.1	583	47	157	203	265228339	265228479	82.979	7.20e-17	90.5
Pantherophis_obsoletus_C9B	CM077919.1	583	56	528	583	265242334	265242501	69.643	1.19e-15	86.7
Pantherophis_obsoletus_C9B	CM077919.1	583	56	528	583	265272317	265272484	82.143	1.90e-14	82.8
Pantherophis_obsoletus_C9B	CM077919.1	583	75	198	272	265230123	265230347	54.667	6.60e-14	80.9
Pantherophis_obsoletus_C9B	CM077919.1	583	42	354	395	265235055	265235180	76.190	4.86e-10	68.6
Pantherophis_obsoletus_C9B	CM077919.1	583	39	26	64	265255003	265255119	71.795	1.30e-08	63.9
Pantherophis_obsoletus_C9B	CM077919.1	583	42	26	67	265224468	265224593	66.667	1.83e-08	63.2
Pantherophis_obsoletus_C9B	CM077919.1	583	97	457	549	264640116	264639835	35.052	9.56e-08	60.8
Pantherophis_obsoletus_C9B	CM077919.1	583	81	275	355	264602471	264602713	34.568	1.99e-07	60.1
Pantherophis_obsoletus_C9B	CM077919.1	583	81	275	355	264563041	264563283	34.568	5.58e-07	58.5
Pantherophis_obsoletus_C9B	CM077919.1	583	73	457	529	264572860	264573075	39.726	3.36e-06	55.8
Pantherophis_obsoletus_C9B	CM077920.1	583	117	239	355	144113319	144112975	30.769	2.77e-09	65.9
Pantherophis_obsoletus_C9B	CM077920.1	583	97	274	370	144065068	144065349	29.897	3.07e-07	59.3
Pantherophis_obsoletus_C9B	CM077920.1	583	41	537	577	144094341	144094219	58.537	2.00e-06	56.6
Pantherophis_obsoletus_C9B	CM077936.1	583	218	302	514	128218425	128219036	24.312	1.38e-07	60.5
Pantherophis_obsoletus_C9B	CM077936.1	583	220	298	516	130864789	130864181	23.182	2.39e-06	56.2
Crotalus_tigris_C9B	CM077919.1	583	94	274	367	265263593	265263865	86.170	2.26e-42	169
Crotalus_tigris_C9B	CM077919.1	583	77	456	532	265271552	265271782	94.805	1.09e-37	155
Crotalus_tigris_C9B	CM077919.1	583	86	453	538	265241700	265241957	77.907	1.32e-35	149
Crotalus_tigris_C9B	CM077919.1	583	78	276	353	265232581	265232814	78.205	1.95e-30	132
Crotalus_tigris_C9B	CM077919.1	583	78	195	272	265261212	265261445	87.179	3.12e-30	132
Crotalus_tigris_C9B	CM077919.1	583	68	396	463	265270310	265270513	91.176	4.41e-27	122
Crotalus_tigris_C9B	CM077919.1	583	54	54	107	265255787	265255948	92.593	5.89e-23	109
Crotalus_tigris_C9B	CM077919.1	583	68	398	463	265240086	265240289	80.882	1.36e-22	108
Crotalus_tigris_C9B	CM077919.1	583	54	54	107	265225266	265225427	90.741	4.56e-22	107
Crotalus_tigris_C9B	CM077919.1	583	50	107	156	265257449	265257598	98.000	4.61e-21	103
Crotalus_tigris_C9B	CM077919.1	583	47	157	203	265259722	265259862	97.872	1.32e-20	102
Crotalus_tigris_C9B	CM077919.1	583	50	107	156	265226419	265226568	92.000	1.37e-19	99.0
Crotalus_tigris_C9B	CM077919.1	583	47	157	203	265228339	265228479	89.362	1.53e-18	95.9
Crotalus_tigris_C9B	CM077919.1	583	52	532	583	265272329	265272484	94.231	2.80e-16	88.6
Crotalus_tigris_C9B	CM077919.1	583	43	354	396	265266875	265267003	97.674	4.86e-16	87.8
Crotalus_tigris_C9B	CM077919.1	583	52	532	583	265242346	265242501	71.154	1.34e-15	86.3
Crotalus_tigris_C9B	CM077919.1	583	78	196	273	265230117	265230350	51.282	6.95e-14	80.9
Crotalus_tigris_C9B	CM077919.1	583	39	26	64	265255003	265255119	84.615	8.07e-12	74.3
Crotalus_tigris_C9B	CM077919.1	583	42	26	67	265224468	265224593	66.667	5.35e-08	61.6
Crotalus_tigris_C9B	CM077919.1	583	100	457	549	264640116	264639835	35.000	4.70e-07	58.5
Crotalus_tigris_C9B	CM077919.1	583	54	530	583	264638877	264638716	44.444	5.60e-06	55.1
Crotalus_tigris_C9B	CM077936.1	583	218	302	514	128218425	128219036	25.688	2.17e-08	63.2
Crotalus_tigris_C9B	CM077920.1	583	75	277	351	144113211	144112987	37.333	2.70e-07	59.3
Crotalus_tigris_C9B	CM077920.1	583	43	537	579	144094341	144094213	53.488	7.91e-07	57.8
Ptyas_mucosa_C9B	CM077919.1	583	115	253	367	265263536	265263865	68.696	5.67e-38	155
Ptyas_mucosa_C9B	CM077919.1	583	84	277	360	265232584	265232835	78.571	1.15e-31	136
Ptyas_mucosa_C9B	CM077919.1	583	77	456	532	265271552	265271782	79.221	1.71e-31	136
Ptyas_mucosa_C9B	CM077919.1	583	83	456	538	265241709	265241957	73.494	2.60e-31	135
Ptyas_mucosa_C9B	CM077919.1	583	76	198	273	265261221	265261448	69.737	1.87e-21	105
Ptyas_mucosa_C9B	CM077919.1	583	61	397	457	265270313	265270495	80.328	1.31e-19	99.0
Ptyas_mucosa_C9B	CM077919.1	583	58	400	457	265240098	265240271	79.310	1.12e-18	96.3
Ptyas_mucosa_C9B	CM077919.1	583	54	54	107	265225266	265225427	77.778	7.32e-18	93.6
Ptyas_mucosa_C9B	CM077919.1	583	50	107	156	265257449	265257598	88.000	1.76e-17	92.4
Ptyas_mucosa_C9B	CM077919.1	583	54	54	107	265255787	265255948	75.926	2.07e-17	92.0
Ptyas_mucosa_C9B	CM077919.1	583	50	107	156	265226419	265226568	84.000	2.98e-17	91.7
Ptyas_mucosa_C9B	CM077919.1	583	47	157	203	265228339	265228479	82.979	4.80e-17	90.9
Ptyas_mucosa_C9B	CM077919.1	583	47	157	203	265259722	265259862	82.979	5.01e-17	90.9
Ptyas_mucosa_C9B	CM077919.1	583	56	528	583	265242334	265242501	69.643	7.49e-16	87.0
Ptyas_mucosa_C9B	CM077919.1	583	56	528	583	265272317	265272484	83.929	5.21e-15	84.3
Ptyas_mucosa_C9B	CM077919.1	583	77	196	272	265230117	265230347	54.545	3.29e-14	82.0
Ptyas_mucosa_C9B	CM077919.1	583	97	457	549	264640116	264639835	35.052	7.45e-07	58.2
Ptyas_mucosa_C9B	CM077919.1	583	38	30	67	265224480	265224593	68.421	8.04e-07	57.8
Ptyas_mucosa_C9B	CM077919.1	583	40	354	393	265266875	265266994	65.000	1.02e-06	57.8
Ptyas_mucosa_C9B	CM077919.1	583	40	27	64	265255000	265255119	67.500	1.43e-06	57.0
Ptyas_mucosa_C9B	CM077919.1	583	48	536	583	264638859	264638716	50.000	1.56e-06	57.0
Ptyas_mucosa_C9B	CM077919.1	583	70	460	529	264572869	264573075	41.429	3.75e-06	55.8
Ptyas_mucosa_C9B	CM077920.1	583	76	277	352	144113211	144112984	39.474	5.04e-08	62.0
Ptyas_mucosa_C9B	CM077920.1	583	43	537	579	144094341	144094213	53.488	3.52e-07	58.9
Ptyas_mucosa_C9B	CM077936.1	583	218	302	514	128218425	128219036	23.853	6.15e-06	55.1
