Crotalus_adamanteus_C9A	CM077919.1	584	81	274	354	265232575	265232817	100.000	2.19e-43	172
Crotalus_adamanteus_C9A	CM077919.1	584	80	453	532	265241700	265241939	96.250	1.30e-39	160
Crotalus_adamanteus_C9A	CM077919.1	584	78	196	273	265230117	265230350	93.590	3.93e-36	150
Crotalus_adamanteus_C9A	CM077919.1	584	77	456	532	265271552	265271782	84.416	8.36e-34	143
Crotalus_adamanteus_C9A	CM077919.1	584	92	276	367	265263599	265263865	68.478	6.12e-32	137
Crotalus_adamanteus_C9A	CM077919.1	584	68	396	463	265240086	265240289	91.176	3.10e-28	126
Crotalus_adamanteus_C9A	CM077919.1	584	53	532	584	265242346	265242504	100.000	1.16e-24	115
Crotalus_adamanteus_C9A	CM077919.1	584	54	54	107	265225266	265225427	94.444	1.15e-23	112
Crotalus_adamanteus_C9A	CM077919.1	584	57	401	457	265270325	265270495	91.228	1.56e-22	108
Crotalus_adamanteus_C9A	CM077919.1	584	50	107	156	265226419	265226568	100.000	5.20e-22	106
Crotalus_adamanteus_C9A	CM077919.1	584	54	54	107	265255787	265255948	88.889	2.35e-21	104
Crotalus_adamanteus_C9A	CM077919.1	584	47	157	203	265228339	265228479	97.872	4.64e-21	103
Crotalus_adamanteus_C9A	CM077919.1	584	50	107	156	265257449	265257598	90.000	8.11e-19	96.7
Crotalus_adamanteus_C9A	CM077919.1	584	47	157	203	265259722	265259862	89.362	1.64e-18	95.5
Crotalus_adamanteus_C9A	CM077919.1	584	42	354	395	265235055	265235180	100.000	1.96e-15	85.9
Crotalus_adamanteus_C9A	CM077919.1	584	42	26	67	265224468	265224593	83.333	6.92e-13	77.4
Crotalus_adamanteus_C9A	CM077919.1	584	78	195	272	265261212	265261445	48.718	1.05e-11	73.9
Crotalus_adamanteus_C9A	CM077919.1	584	53	532	584	265272329	265272487	69.811	3.85e-08	62.4
Crotalus_adamanteus_C9A	CM077919.1	584	79	277	355	264602477	264602713	34.177	9.03e-08	60.8
Crotalus_adamanteus_C9A	CM077919.1	584	54	530	583	264638877	264638716	48.148	9.59e-08	60.8
Crotalus_adamanteus_C9A	CM077919.1	584	39	26	64	265255003	265255119	66.667	2.83e-07	59.3
Crotalus_adamanteus_C9A	CM077919.1	584	79	277	355	264563047	264563283	34.177	6.09e-07	58.2
Crotalus_adamanteus_C9A	CM077919.1	584	42	535	575	264608098	264608223	64.286	1.95e-06	56.6
Crotalus_adamanteus_C9A	CM077919.1	584	69	457	525	264640116	264639913	40.580	2.11e-06	56.6
Crotalus_adamanteus_C9A	CM077919.1	584	46	529	573	264576903	264577034	52.174	6.49e-06	55.1
Crotalus_adamanteus_C9A	CM077920.1	584	82	274	355	144113220	144112975	35.366	3.66e-08	62.4
Crotalus_adamanteus_C9A	CM077920.1	584	48	537	584	144094341	144094198	52.083	2.00e-07	60.1
Crotalus_adamanteus_C9A	CM077920.1	584	81	277	357	144065077	144065319	28.395	4.39e-06	55.5
Crotalus_adamanteus_C9A	CM077936.1	584	220	302	514	128218425	128219036	25.000	2.51e-07	59.7
Crotalus_adamanteus_C9B	CM077919.1	584	95	273	367	265263590	265263865	86.316	2.47e-43	172
Crotalus_adamanteus_C9B	CM077919.1	584	77	456	532	265271552	265271782	98.701	2.95e-40	162
Crotalus_adamanteus_C9B	CM077919.1	584	86	453	538	265241700	265241957	77.907	6.30e-35	146
Crotalus_adamanteus_C9B	CM077919.1	584	79	195	273	265261212	265261448	92.405	4.16e-34	144
Crotalus_adamanteus_C9B	CM077919.1	584	78	276	353	265232581	265232814	78.205	1.12e-30	133
Crotalus_adamanteus_C9B	CM077919.1	584	68	396	463	265270310	265270513	91.176	5.32e-27	122
Crotalus_adamanteus_C9B	CM077919.1	584	53	532	584	265272329	265272487	100.000	3.05e-25	117
Crotalus_adamanteus_C9B	CM077919.1	584	54	54	107	265255787	265255948	94.444	2.14e-23	111
Crotalus_adamanteus_C9B	CM077919.1	584	68	398	463	265240086	265240289	80.882	1.62e-22	108
Crotalus_adamanteus_C9B	CM077919.1	584	50	107	156	265257449	265257598	100.000	3.72e-22	107
Crotalus_adamanteus_C9B	CM077919.1	584	54	54	107	265225266	265225427	88.889	8.95e-22	105
Crotalus_adamanteus_C9B	CM077919.1	584	47	157	203	265259722	265259862	97.872	1.36e-20	102
Crotalus_adamanteus_C9B	CM077919.1	584	50	107	156	265226419	265226568	90.000	7.30e-19	96.7
Crotalus_adamanteus_C9B	CM077919.1	584	47	157	203	265228339	265228479	89.362	1.58e-18	95.9
Crotalus_adamanteus_C9B	CM077919.1	584	43	354	396	265266875	265267003	97.674	4.60e-16	87.8
Crotalus_adamanteus_C9B	CM077919.1	584	53	532	584	265242346	265242504	69.811	2.10e-15	85.9
Crotalus_adamanteus_C9B	CM077919.1	584	39	26	64	265255003	265255119	87.179	2.59e-12	75.9
Crotalus_adamanteus_C9B	CM077919.1	584	77	196	272	265230117	265230347	49.351	3.91e-12	75.1
Crotalus_adamanteus_C9B	CM077919.1	584	42	26	67	265224468	265224593	64.286	1.77e-07	60.1
Crotalus_adamanteus_C9B	CM077919.1	584	100	457	549	264640116	264639835	35.000	3.34e-06	55.8
Crotalus_adamanteus_C9B	CM077919.1	584	54	530	583	264638877	264638716	46.296	3.46e-06	55.8
Crotalus_adamanteus_C9B	CM077936.1	584	218	302	514	128218425	128219036	25.229	5.19e-08	61.6
Crotalus_adamanteus_C9B	CM077920.1	584	77	277	353	144113211	144112981	36.364	1.83e-07	60.1
Crotalus_adamanteus_C9B	CM077920.1	584	48	537	584	144094341	144094198	52.083	6.19e-07	58.2
