# Crotalus_tigris DAB2/FYB1 anchors on NW_024096824.1:37725-4083748 (sstart/send relative to region; add 37724)
Anolis_carolinensis_DAB2	2062672	2062061	285
Anolis_carolinensis_DAB2	2057262	2056726	213
Anolis_carolinensis_DAB2	2066053	2065919	99.4
Anolis_carolinensis_DAB2	2069562	2069422	98.2
Anolis_carolinensis_DAB2	2058619	2058461	77.0
Anolis_carolinensis_DAB2	2067372	2067271	73.2
Anolis_carolinensis_DAB2	2055321	2055199	51.6
Anolis_carolinensis_DAB2	2064040	2063957	49.3
Anolis_carolinensis_FYB1	1965123	1963972	312
Anolis_carolinensis_FYB1	1945295	1945131	95.5
Anolis_carolinensis_FYB1	1931869	1931687	94.7
Anolis_carolinensis_FYB1	1943361	1943221	70.5
Anolis_carolinensis_FYB1	1934259	1934140	57.4
Anolis_carolinensis_FYB1	1939878	1939756	54.7
Thamnophis_elegans_DAB2	2062672	2062061	362
Thamnophis_elegans_DAB2	2057262	2056717	283
Thamnophis_elegans_DAB2	2066053	2065919	100
Thamnophis_elegans_DAB2	2069562	2069422	99.4
Thamnophis_elegans_DAB2	2058619	2058461	94.7
Thamnophis_elegans_DAB2	2067372	2067271	75.1
Thamnophis_elegans_DAB2	2055324	2055202	65.1
Thamnophis_elegans_DAB2	2064040	2063957	51.2
Thamnophis_elegans_DAB2	2053256	2053191	46.2
Thamnophis_elegans_FYB1	1965123	1963996	611
Thamnophis_elegans_FYB1	1945295	1945131	111
Thamnophis_elegans_FYB1	1931869	1931687	100
Thamnophis_elegans_FYB1	1943361	1943221	89.4
Thamnophis_elegans_FYB1	1939875	1939726	84.7
Thamnophis_elegans_FYB1	1934259	1934140	75.9
Thamnophis_elegans_FYB1	1935313	1935197	47.8
