Lacerta_agilis_C9A	JAUMIR010000002.1	589	75	458	532	416294326	416294550	77.333	3.56e-31	135
Lacerta_agilis_C9A	JAUMIR010000002.1	589	82	275	356	416286250	416286495	64.634	3.95e-26	120
Lacerta_agilis_C9A	JAUMIR010000002.1	589	82	120	201	416278144	416278389	54.878	9.28e-19	97.1
Lacerta_agilis_C9A	JAUMIR010000002.1	589	56	400	455	416291891	416292058	66.071	6.50e-15	84.7
Lacerta_agilis_C9A	JAUMIR010000002.1	589	51	104	154	416269107	416269259	70.588	2.28e-12	76.6
Lacerta_agilis_C9A	JAUMIR010000002.1	589	93	185	275	416281850	416282125	43.011	2.94e-12	76.3
Lacerta_agilis_C9A	JAUMIR010000002.1	589	50	56	105	416267872	416268021	62.000	6.31e-11	71.6
Lacerta_agilis_C9A	JAUMIR010000002.1	589	48	539	585	416296364	416296507	70.833	1.72e-10	70.5
Lacerta_agilis_C9A	JAUMIR010000002.1	589	60	470	529	415218834	415218655	50.000	2.76e-08	63.2
Lacerta_agilis_C9A	JAUMIR010000006.1	589	231	279	504	13271348	13270722	24.675	5.69e-08	62.4
Lacerta_agilis_C9A	JAUMIR010000006.1	589	238	281	516	11097465	11098130	21.849	4.32e-07	59.3
Lacerta_agilis_C9A	JAUMIR010000004.1	589	67	461	526	102859673	102859873	38.806	2.54e-06	57.0
Lacerta_agilis_C9A	JAUMIR010000004.1	589	74	286	359	102824503	102824724	32.432	3.17e-06	56.6
Zootoca_vivipara_C9A	JAUMIR010000002.1	589	75	458	532	416294326	416294550	77.333	5.44e-31	135
Zootoca_vivipara_C9A	JAUMIR010000002.1	589	102	255	356	416286190	416286495	55.882	1.73e-26	121
Zootoca_vivipara_C9A	JAUMIR010000002.1	589	82	120	201	416278144	416278389	54.878	9.44e-19	97.1
Zootoca_vivipara_C9A	JAUMIR010000002.1	589	58	398	455	416291885	416292058	63.793	5.86e-15	84.7
Zootoca_vivipara_C9A	JAUMIR010000002.1	589	51	104	154	416269107	416269259	68.627	3.59e-12	75.9
Zootoca_vivipara_C9A	JAUMIR010000002.1	589	92	185	275	416281850	416282125	39.130	3.47e-11	72.8
Zootoca_vivipara_C9A	JAUMIR010000002.1	589	50	56	105	416267872	416268021	60.000	1.43e-10	70.5
Zootoca_vivipara_C9A	JAUMIR010000002.1	589	48	539	585	416296364	416296507	68.750	6.39e-10	68.6
Zootoca_vivipara_C9A	JAUMIR010000002.1	589	60	470	529	415218834	415218655	48.333	5.13e-08	62.4
Zootoca_vivipara_C9A	JAUMIR010000002.1	589	56	341	396	416287977	416288144	44.643	1.10e-06	58.2
Zootoca_vivipara_C9A	JAUMIR010000006.1	589	241	281	516	11097465	11098130	21.992	8.46e-07	58.5
Zootoca_vivipara_C9A	JAUMIR010000006.1	589	231	279	504	13271348	13270722	24.242	1.64e-06	57.4
Zootoca_vivipara_C9A	JAUMIR010000004.1	589	67	461	526	102859673	102859873	38.806	2.23e-06	57.0
Zootoca_vivipara_C9A	JAUMIR010000004.1	589	81	279	359	102824482	102824724	30.864	6.92e-06	55.5
Podarcis_muralis_C9A	JAUMIR010000002.1	589	75	458	532	416294326	416294550	74.667	5.42e-30	132
Podarcis_muralis_C9A	JAUMIR010000002.1	589	82	275	356	416286250	416286495	65.854	1.98e-26	121
Podarcis_muralis_C9A	JAUMIR010000002.1	589	82	120	201	416278144	416278389	54.878	1.27e-18	96.7
Podarcis_muralis_C9A	JAUMIR010000002.1	589	56	400	455	416291891	416292058	69.643	3.56e-15	85.5
Podarcis_muralis_C9A	JAUMIR010000002.1	589	51	104	154	416269107	416269259	70.588	1.95e-12	76.6
Podarcis_muralis_C9A	JAUMIR010000002.1	589	49	538	585	416296361	416296507	69.388	2.18e-11	73.2
Podarcis_muralis_C9A	JAUMIR010000002.1	589	93	185	275	416281850	416282125	43.011	2.46e-11	73.2
Podarcis_muralis_C9A	JAUMIR010000002.1	589	50	56	105	416267872	416268021	60.000	4.43e-10	68.9
Podarcis_muralis_C9A	JAUMIR010000002.1	589	60	470	529	415218834	415218655	46.667	2.10e-08	63.5
Podarcis_muralis_C9A	JAUMIR010000006.1	589	249	275	516	11097441	11098130	22.490	1.03e-07	61.2
Podarcis_muralis_C9A	JAUMIR010000006.1	589	231	279	504	13271348	13270722	25.108	7.58e-07	58.5
Podarcis_muralis_C9A	JAUMIR010000004.1	589	67	461	526	102859673	102859873	38.806	1.46e-06	57.8
Podarcis_muralis_C9A	JAUMIR010000004.1	589	79	279	357	102901252	102901016	29.114	9.17e-06	55.1
Anolis_carolinensis_C9A	JAUMIR010000002.1	591	82	277	358	416286250	416286495	82.927	1.35e-35	149
Anolis_carolinensis_C9A	JAUMIR010000002.1	591	80	458	537	416294320	416294559	85.000	8.51e-35	147
Anolis_carolinensis_C9A	JAUMIR010000002.1	591	52	151	202	416278234	416278389	82.692	4.29e-19	98.2
Anolis_carolinensis_C9A	JAUMIR010000002.1	591	51	105	155	416269107	416269259	88.235	5.20e-19	97.8
Anolis_carolinensis_C9A	JAUMIR010000002.1	591	92	186	277	416281850	416282125	50.000	5.66e-18	94.4
Anolis_carolinensis_C9A	JAUMIR010000002.1	591	58	534	591	416296343	416296516	72.414	6.39e-18	94.4
Anolis_carolinensis_C9A	JAUMIR010000002.1	591	50	57	106	416267872	416268021	84.000	1.01e-17	93.6
Anolis_carolinensis_C9A	JAUMIR010000002.1	591	66	400	465	416291885	416292082	63.636	1.73e-17	92.8
Anolis_carolinensis_C9A	JAUMIR010000002.1	591	38	26	63	416264840	416264953	78.947	3.89e-10	69.3
Anolis_carolinensis_C9A	JAUMIR010000002.1	591	68	461	528	415218864	415218664	38.235	1.41e-07	60.8
Anolis_carolinensis_C9A	JAUMIR010000002.1	591	50	542	591	415217034	415216885	54.000	1.44e-07	60.8
Anolis_carolinensis_C9A	JAUMIR010000002.1	591	79	281	359	415108835	415109071	35.443	1.69e-07	60.8
Anolis_carolinensis_C9A	JAUMIR010000002.1	591	78	281	358	415168255	415168488	33.333	1.46e-06	57.8
Anolis_carolinensis_C9A	JAUMIR010000006.1	591	213	301	506	13271315	13270722	28.169	7.58e-08	62.0
Anolis_carolinensis_C9A	JAUMIR010000004.1	591	79	281	359	102901252	102901016	32.911	2.12e-07	60.5
Anolis_carolinensis_C9A	JAUMIR010000004.1	591	81	460	539	102859664	102859897	34.568	5.24e-07	58.9
Anolis_carolinensis_C9A	JAUMIR010000004.1	591	82	281	362	102824482	102824727	32.927	1.04e-06	58.2
Pogona_vitticeps_C9A	JAUMIR010000002.1	576	146	230	375	416286169	416286600	50.000	2.25e-32	139
Pogona_vitticeps_C9A	JAUMIR010000002.1	576	97	439	535	416294320	416294610	64.948	5.40e-31	135
Pogona_vitticeps_C9A	JAUMIR010000002.1	576	51	105	155	416269107	416269259	82.353	2.27e-17	92.4
Pogona_vitticeps_C9A	JAUMIR010000002.1	576	66	381	446	416291885	416292082	62.121	3.86e-16	88.6
Pogona_vitticeps_C9A	JAUMIR010000002.1	576	57	151	207	416278234	416278404	68.421	4.47e-16	88.2
Pogona_vitticeps_C9A	JAUMIR010000002.1	576	50	57	106	416267872	416268021	72.000	1.32e-14	83.6
Pogona_vitticeps_C9A	JAUMIR010000002.1	576	52	524	575	416296361	416296516	73.077	1.99e-14	83.2
Pogona_vitticeps_C9A	JAUMIR010000002.1	576	51	13	63	416264801	416264953	54.902	1.33e-08	64.3
Pogona_vitticeps_C9A	JAUMIR010000002.1	576	49	524	571	415175398	415175544	63.265	2.14e-08	63.5
Pogona_vitticeps_C9A	JAUMIR010000002.1	576	69	442	510	415218864	415218661	42.029	9.68e-08	61.2
Pogona_vitticeps_C9A	JAUMIR010000002.1	576	42	521	561	415120985	415121110	61.905	4.85e-07	59.3
Pogona_vitticeps_C9A	JAUMIR010000002.1	576	79	262	340	415108835	415109071	36.709	7.48e-07	58.5
Pogona_vitticeps_C9A	JAUMIR010000002.1	576	50	526	575	415217034	415216885	52.000	2.03e-06	57.0
Pogona_vitticeps_C9A	JAUMIR010000002.1	576	119	226	339	415168165	415168488	30.252	2.62e-06	56.6
Pogona_vitticeps_C9A	JAUMIR010000004.1	576	96	245	340	102901303	102901016	33.333	3.76e-10	69.3
Pogona_vitticeps_C9A	JAUMIR010000004.1	576	48	520	567	102880438	102880295	62.500	2.23e-08	63.5
Pogona_vitticeps_C9A	JAUMIR010000004.1	576	70	441	509	102859664	102859873	38.571	1.27e-07	60.8
Pogona_vitticeps_C9A	JAUMIR010000004.1	576	88	253	340	102824461	102824718	31.818	4.64e-07	59.3
Pogona_vitticeps_C9A	JAUMIR010000004.1	576	52	520	571	102862543	102862698	48.077	3.32e-06	56.2
Pogona_vitticeps_C9A	JAUMIR010000006.1	576	213	282	487	13271315	13270722	26.761	1.75e-09	67.0
Pogona_vitticeps_C9A	JAUMIR010000006.1	576	249	259	501	11097438	11098136	24.900	1.76e-08	63.9
Gekko_japonicus_C9A	JAUMIR010000002.1	582	82	291	372	416286250	416286495	62.195	2.13e-24	114
Gekko_japonicus_C9A	JAUMIR010000002.1	582	83	455	537	416294329	416294559	63.855	4.02e-24	114
Gekko_japonicus_C9A	JAUMIR010000002.1	582	47	173	219	416278249	416278389	72.340	1.08e-13	80.9
Gekko_japonicus_C9A	JAUMIR010000002.1	582	53	120	172	416269104	416269259	58.491	9.10e-10	68.2
Gekko_japonicus_C9A	JAUMIR010000002.1	582	54	529	582	416296346	416296507	55.556	2.71e-09	66.6
Gekko_japonicus_C9A	JAUMIR010000002.1	582	67	457	523	415218858	415218661	46.269	6.06e-09	65.5
Gekko_japonicus_C9A	JAUMIR010000002.1	582	52	71	122	416267875	416268021	61.538	3.34e-08	62.8
Gekko_japonicus_C9A	JAUMIR010000002.1	582	46	536	581	415217034	415216897	54.348	6.11e-08	62.0
Gekko_japonicus_C9A	JAUMIR010000002.1	582	76	383	451	416291831	416292058	38.158	6.72e-08	62.0
Gekko_japonicus_C9A	JAUMIR010000002.1	582	86	203	285	416281850	416282107	31.395	1.49e-06	57.4
Gekko_japonicus_C9A	JAUMIR010000002.1	582	79	295	373	415108835	415109071	31.646	1.91e-06	57.4
Gekko_japonicus_C9A	JAUMIR010000002.1	582	82	291	372	415168243	415168488	29.268	7.65e-06	55.1
Gekko_japonicus_C9A	JAUMIR010000002.1	582	75	448	522	415171813	415172034	38.667	8.26e-06	55.1
Gekko_japonicus_C9A	JAUMIR010000006.1	582	216	316	512	11097522	11098130	25.000	3.17e-07	59.7
Gekko_japonicus_C9A	JAUMIR010000004.1	582	79	295	373	102901252	102901016	30.380	3.35e-06	56.6
Gekko_japonicus_C9A	JAUMIR010000004.1	582	74	302	375	102824503	102824724	29.730	6.85e-06	55.5
Crotalus_tigris_C9A	JAUMIR010000002.1	583	78	454	531	416294320	416294553	65.385	2.55e-26	120
Crotalus_tigris_C9A	JAUMIR010000002.1	583	75	277	351	416286262	416286486	65.333	6.41e-24	113
Crotalus_tigris_C9A	JAUMIR010000002.1	583	47	157	203	416278249	416278389	70.213	1.01e-14	84.0
Crotalus_tigris_C9A	JAUMIR010000002.1	583	62	400	461	416291897	416292082	56.452	1.61e-12	77.0
Crotalus_tigris_C9A	JAUMIR010000002.1	583	51	106	156	416269107	416269259	68.627	7.71e-12	74.7
Crotalus_tigris_C9A	JAUMIR010000002.1	583	54	530	583	416296343	416296504	50.000	3.46e-08	62.8
Crotalus_tigris_C9A	JAUMIR010000002.1	583	73	35	107	416267827	416268021	42.466	8.98e-07	58.2
Crotalus_tigris_C9A	JAUMIR010000002.1	583	69	457	525	415218864	415218661	39.130	1.08e-06	58.2
Crotalus_tigris_C9A	JAUMIR010000002.1	583	51	13	63	416264801	416264953	47.059	2.20e-06	57.0
Crotalus_tigris_C9A	JAUMIR010000006.1	583	224	297	514	13271315	13270689	26.786	2.04e-09	67.0
Crotalus_tigris_C9A	JAUMIR010000006.1	583	242	278	514	11097450	11098130	24.380	1.23e-06	57.8
Crotalus_tigris_C9A	JAUMIR010000004.1	583	47	537	583	102862558	102862698	55.319	2.64e-08	63.2
Crotalus_tigris_C9A	JAUMIR010000004.1	583	70	456	524	102859664	102859873	38.571	2.86e-06	56.6
Crotalus_tigris_C9A	JAUMIR010000004.1	583	87	277	362	102901252	102900992	32.184	5.99e-06	55.5
Crotalus_tigris_C9A	JAUMIR010000004.1	583	114	242	350	102824380	102824703	31.579	6.58e-06	55.5
Thamnophis_elegans_C9A	JAUMIR010000002.1	583	118	261	368	416286226	416286567	52.542	4.22e-27	123
Thamnophis_elegans_C9A	JAUMIR010000002.1	583	72	460	531	416294338	416294553	70.833	2.11e-24	114
Thamnophis_elegans_C9A	JAUMIR010000002.1	583	54	530	583	416296343	416296504	59.259	1.72e-13	80.1
Thamnophis_elegans_C9A	JAUMIR010000002.1	583	82	122	203	416278144	416278389	43.902	3.54e-13	79.0
Thamnophis_elegans_C9A	JAUMIR010000002.1	583	69	393	461	416291876	416292082	53.623	3.80e-13	79.0
Thamnophis_elegans_C9A	JAUMIR010000002.1	583	51	106	156	416269107	416269259	64.706	1.18e-10	70.9
Thamnophis_elegans_C9A	JAUMIR010000002.1	583	51	57	107	416267872	416268021	58.824	4.47e-09	65.9
Thamnophis_elegans_C9A	JAUMIR010000002.1	583	84	194	271	416281871	416282119	38.095	3.05e-08	63.2
Thamnophis_elegans_C9A	JAUMIR010000002.1	583	45	530	573	415120976	415121110	55.556	2.32e-07	60.1
Thamnophis_elegans_C9A	JAUMIR010000002.1	583	51	13	63	416264801	416264953	43.137	5.39e-07	58.9
Thamnophis_elegans_C9A	JAUMIR010000002.1	583	49	536	583	415175398	415175544	55.102	5.48e-07	58.9
Thamnophis_elegans_C9A	JAUMIR010000004.1	583	47	537	583	102862558	102862698	53.191	6.13e-08	62.0
Thamnophis_elegans_C9A	JAUMIR010000004.1	583	50	530	579	102880444	102880295	48.000	5.32e-06	55.8
Thamnophis_elegans_C9A	JAUMIR010000006.1	583	229	297	514	13271315	13270689	25.764	8.26e-08	61.6
Naja_naja_C9A	JAUMIR010000002.1	582	73	458	530	416294335	416294553	69.863	9.91e-26	119
Naja_naja_C9A	JAUMIR010000002.1	582	102	277	368	416286262	416286567	51.961	1.25e-21	105
Naja_naja_C9A	JAUMIR010000002.1	582	82	122	203	416278144	416278389	43.902	1.07e-13	80.9
Naja_naja_C9A	JAUMIR010000002.1	582	51	106	156	416269107	416269259	70.588	1.42e-11	73.9
Naja_naja_C9A	JAUMIR010000002.1	582	61	400	460	416291900	416292082	50.820	2.55e-10	69.7
Naja_naja_C9A	JAUMIR010000002.1	582	54	529	582	416296343	416296504	48.148	3.73e-08	62.8
Naja_naja_C9A	JAUMIR010000002.1	582	69	456	524	415218864	415218661	39.130	1.50e-07	60.8
Naja_naja_C9A	JAUMIR010000002.1	582	72	36	107	416267830	416268021	43.056	3.36e-07	59.7
Naja_naja_C9A	JAUMIR010000002.1	582	85	194	273	416281871	416282125	36.471	5.10e-07	58.9
Naja_naja_C9A	JAUMIR010000002.1	582	39	25	63	416264837	416264953	58.974	1.19e-06	57.8
Naja_naja_C9A	JAUMIR010000002.1	582	92	273	364	415168243	415168497	32.609	7.15e-06	55.5
Naja_naja_C9A	JAUMIR010000004.1	582	47	536	582	102862558	102862698	55.319	5.11e-08	62.4
Naja_naja_C9A	JAUMIR010000004.1	582	87	277	362	102901252	102900992	34.483	1.45e-06	57.8
Naja_naja_C9A	JAUMIR010000004.1	582	70	455	523	102859664	102859873	38.571	2.30e-06	57.0
Naja_naja_C9A	JAUMIR010000004.1	582	74	277	350	102824482	102824703	35.135	9.88e-06	55.1
Naja_naja_C9A	JAUMIR010000006.1	582	238	277	513	11097474	11098130	23.950	7.01e-08	62.0
Naja_naja_C9A	JAUMIR010000006.1	582	223	297	513	13271315	13270689	25.112	1.94e-06	57.4
Pseudonaja_textilis_C9A	JAUMIR010000002.1	583	73	459	531	416294335	416294553	72.603	1.07e-26	122
Pseudonaja_textilis_C9A	JAUMIR010000002.1	583	115	277	381	416286262	416286600	50.435	6.02e-23	110
Pseudonaja_textilis_C9A	JAUMIR010000002.1	583	47	157	203	416278249	416278389	68.085	1.03e-13	80.9
Pseudonaja_textilis_C9A	JAUMIR010000002.1	583	51	106	156	416269107	416269259	66.667	5.77e-11	72.0
Pseudonaja_textilis_C9A	JAUMIR010000002.1	583	61	401	461	416291900	416292082	52.459	7.02e-11	71.6
Pseudonaja_textilis_C9A	JAUMIR010000002.1	583	54	530	583	416296343	416296504	48.148	6.24e-08	62.0
Pseudonaja_textilis_C9A	JAUMIR010000002.1	583	85	194	273	416281871	416282125	38.824	1.03e-07	61.2
Pseudonaja_textilis_C9A	JAUMIR010000002.1	583	51	13	63	416264801	416264953	50.980	1.20e-07	61.2
Pseudonaja_textilis_C9A	JAUMIR010000002.1	583	71	457	527	415218864	415218655	39.437	2.06e-07	60.5
Pseudonaja_textilis_C9A	JAUMIR010000002.1	583	72	36	107	416267830	416268021	43.056	3.43e-07	59.7
Pseudonaja_textilis_C9A	JAUMIR010000002.1	583	47	537	583	415217037	415216897	53.191	7.94e-06	55.1
Pseudonaja_textilis_C9A	JAUMIR010000006.1	583	244	278	514	11097450	11098130	25.000	9.55e-09	64.7
Pseudonaja_textilis_C9A	JAUMIR010000006.1	583	223	297	514	13271315	13270689	24.215	5.48e-07	58.9
Pseudonaja_textilis_C9A	JAUMIR010000004.1	583	47	537	583	102862558	102862698	55.319	6.85e-08	62.0
Pseudonaja_textilis_C9A	JAUMIR010000004.1	583	87	277	362	102901252	102900992	33.333	1.98e-06	57.0
Python_bivittatus_C9A	JAUMIR010000002.1	582	86	454	539	416294320	416294577	67.442	2.69e-28	127
Python_bivittatus_C9A	JAUMIR010000002.1	582	78	277	354	416286262	416286495	65.385	1.69e-23	112
Python_bivittatus_C9A	JAUMIR010000002.1	582	47	157	203	416278249	416278389	63.830	2.66e-13	79.3
Python_bivittatus_C9A	JAUMIR010000002.1	582	65	393	457	416291876	416292070	53.846	1.76e-12	76.6
Python_bivittatus_C9A	JAUMIR010000002.1	582	52	105	156	416269104	416269259	61.538	5.64e-10	68.6
Python_bivittatus_C9A	JAUMIR010000002.1	582	84	194	272	416281871	416282122	40.476	6.19e-10	68.6
Python_bivittatus_C9A	JAUMIR010000002.1	582	48	535	582	416296361	416296504	62.500	1.52e-09	67.4
Python_bivittatus_C9A	JAUMIR010000002.1	582	69	457	525	415218864	415218661	43.478	6.38e-08	62.0
Python_bivittatus_C9A	JAUMIR010000002.1	582	80	35	114	416267827	416268042	43.750	8.58e-07	58.5
Python_bivittatus_C9A	JAUMIR010000002.1	582	51	13	63	416264801	416264953	47.059	8.95e-07	58.2
Python_bivittatus_C9A	JAUMIR010000002.1	582	55	529	582	415175380	415175544	50.909	1.24e-06	57.8
Python_bivittatus_C9A	JAUMIR010000002.1	582	43	536	578	415217037	415216909	58.140	3.84e-06	56.2
Python_bivittatus_C9A	JAUMIR010000004.1	582	58	525	582	102862525	102862698	46.552	8.28e-10	68.2
Python_bivittatus_C9A	JAUMIR010000004.1	582	70	456	524	102859664	102859873	40.000	6.59e-07	58.5
Python_bivittatus_C9A	JAUMIR010000004.1	582	50	529	578	102880444	102880295	56.000	1.04e-06	58.2
Python_bivittatus_C9A	JAUMIR010000004.1	582	87	277	362	102901252	102900992	32.184	3.18e-06	56.6
Python_bivittatus_C9A	JAUMIR010000004.1	582	79	277	355	102824482	102824718	31.646	7.52e-06	55.5
Python_bivittatus_C9A	JAUMIR010000006.1	582	230	297	514	13271315	13270689	26.087	7.25e-09	65.1
Python_bivittatus_C9A	JAUMIR010000006.1	582	248	278	514	11097450	11098130	26.613	1.60e-08	63.9
Notechis_scutatus_C9A	JAUMIR010000002.1	583	70	459	528	416294335	416294544	74.286	5.19e-26	119
Notechis_scutatus_C9A	JAUMIR010000002.1	583	115	277	381	416286262	416286600	50.435	6.52e-23	110
Notechis_scutatus_C9A	JAUMIR010000002.1	583	47	157	203	416278249	416278389	68.085	9.77e-14	80.9
Notechis_scutatus_C9A	JAUMIR010000002.1	583	51	106	156	416269107	416269259	68.627	2.29e-11	73.2
Notechis_scutatus_C9A	JAUMIR010000002.1	583	61	401	461	416291900	416292082	52.459	4.99e-11	72.0
Notechis_scutatus_C9A	JAUMIR010000002.1	583	51	13	63	416264801	416264953	50.980	2.77e-08	63.2
Notechis_scutatus_C9A	JAUMIR010000002.1	583	72	36	107	416267830	416268021	44.444	1.78e-07	60.5
Notechis_scutatus_C9A	JAUMIR010000002.1	583	71	457	527	415218864	415218655	39.437	3.43e-07	59.7
Notechis_scutatus_C9A	JAUMIR010000002.1	583	85	194	273	416281871	416282125	37.647	3.70e-07	59.7
Notechis_scutatus_C9A	JAUMIR010000002.1	583	48	536	583	416296361	416296504	52.083	5.08e-07	58.9
Notechis_scutatus_C9A	JAUMIR010000002.1	583	47	537	583	415217037	415216897	53.191	7.48e-06	55.5
Notechis_scutatus_C9A	JAUMIR010000006.1	583	244	278	514	11097450	11098130	25.000	9.39e-09	64.7
Notechis_scutatus_C9A	JAUMIR010000006.1	583	223	297	514	13271315	13270689	24.215	3.40e-07	59.7
Notechis_scutatus_C9A	JAUMIR010000004.1	583	47	537	583	102862558	102862698	55.319	6.91e-08	62.0
Notechis_scutatus_C9A	JAUMIR010000004.1	583	87	277	362	102901252	102900992	33.333	1.93e-06	57.4
Hydrophis_cyanocinctus_C9A	JAUMIR010000002.1	583	70	459	528	416294335	416294544	74.286	5.42e-26	119
Hydrophis_cyanocinctus_C9A	JAUMIR010000002.1	583	120	261	369	416286226	416286570	50.000	4.83e-23	110
Hydrophis_cyanocinctus_C9A	JAUMIR010000002.1	583	47	157	203	416278249	416278389	70.213	4.83e-14	82.0
Hydrophis_cyanocinctus_C9A	JAUMIR010000002.1	583	51	106	156	416269107	416269259	68.627	2.56e-11	73.2
Hydrophis_cyanocinctus_C9A	JAUMIR010000002.1	583	58	404	461	416291909	416292082	55.172	9.15e-11	71.2
Hydrophis_cyanocinctus_C9A	JAUMIR010000002.1	583	51	13	63	416264801	416264953	50.980	1.35e-07	60.8
Hydrophis_cyanocinctus_C9A	JAUMIR010000002.1	583	72	36	107	416267830	416268021	44.444	1.87e-07	60.5
Hydrophis_cyanocinctus_C9A	JAUMIR010000002.1	583	71	457	527	415218864	415218655	39.437	4.03e-07	59.3
Hydrophis_cyanocinctus_C9A	JAUMIR010000002.1	583	48	536	583	416296361	416296504	52.083	5.03e-07	58.9
Hydrophis_cyanocinctus_C9A	JAUMIR010000002.1	583	85	194	273	416281871	416282125	37.647	8.53e-07	58.5
Hydrophis_cyanocinctus_C9A	JAUMIR010000002.1	583	47	537	583	415217037	415216897	53.191	7.23e-06	55.5
Hydrophis_cyanocinctus_C9A	JAUMIR010000006.1	583	242	278	514	11097450	11098130	23.140	1.05e-08	64.7
Hydrophis_cyanocinctus_C9A	JAUMIR010000006.1	583	223	297	514	13271315	13270689	24.664	6.35e-08	62.0
Hydrophis_cyanocinctus_C9A	JAUMIR010000004.1	583	47	537	583	102862558	102862698	55.319	6.97e-08	62.0
Hydrophis_cyanocinctus_C9A	JAUMIR010000004.1	583	87	277	362	102901252	102900992	33.333	2.16e-06	57.0
Laticauda_colubrina_C9A	JAUMIR010000002.1	583	70	459	528	416294335	416294544	75.714	3.04e-26	120
Laticauda_colubrina_C9A	JAUMIR010000002.1	583	77	277	353	416286262	416286492	62.338	9.02e-23	109
Laticauda_colubrina_C9A	JAUMIR010000002.1	583	47	157	203	416278249	416278389	68.085	1.24e-13	80.5
Laticauda_colubrina_C9A	JAUMIR010000002.1	583	51	106	156	416269107	416269259	66.667	5.48e-11	72.0
Laticauda_colubrina_C9A	JAUMIR010000002.1	583	61	401	461	416291900	416292082	52.459	6.78e-11	71.6
Laticauda_colubrina_C9A	JAUMIR010000002.1	583	71	457	527	415218864	415218655	39.437	1.97e-07	60.5
Laticauda_colubrina_C9A	JAUMIR010000002.1	583	51	13	63	416264801	416264953	50.980	2.32e-07	60.1
Laticauda_colubrina_C9A	JAUMIR010000002.1	583	72	36	107	416267830	416268021	43.056	9.37e-07	58.2
Laticauda_colubrina_C9A	JAUMIR010000002.1	583	48	536	583	416296361	416296504	50.000	1.56e-06	57.4
Laticauda_colubrina_C9A	JAUMIR010000002.1	583	85	194	273	416281871	416282125	36.471	2.33e-06	57.0
Laticauda_colubrina_C9A	JAUMIR010000002.1	583	47	537	583	415217037	415216897	53.191	7.94e-06	55.1
Laticauda_colubrina_C9A	JAUMIR010000004.1	583	47	537	583	102862558	102862698	55.319	6.91e-08	62.0
Laticauda_colubrina_C9A	JAUMIR010000004.1	583	87	277	362	102901252	102900992	33.333	8.53e-07	58.5
Laticauda_colubrina_C9A	JAUMIR010000006.1	583	244	278	514	11097450	11098130	23.770	7.34e-08	62.0
Laticauda_colubrina_C9A	JAUMIR010000006.1	583	223	297	514	13271315	13270689	23.767	8.90e-07	58.2
Protobothrops_mucrosquamatus_C9A	JAUMIR010000002.1	583	73	459	531	416294335	416294553	73.973	5.62e-28	125
Protobothrops_mucrosquamatus_C9A	JAUMIR010000002.1	583	78	277	354	416286262	416286495	67.949	1.26e-25	118
Protobothrops_mucrosquamatus_C9A	JAUMIR010000002.1	583	47	157	203	416278249	416278389	68.085	5.33e-15	85.1
Protobothrops_mucrosquamatus_C9A	JAUMIR010000002.1	583	54	530	583	416296343	416296504	59.259	1.12e-11	74.3
Protobothrops_mucrosquamatus_C9A	JAUMIR010000002.1	583	58	404	461	416291909	416292082	55.172	1.80e-11	73.6
Protobothrops_mucrosquamatus_C9A	JAUMIR010000002.1	583	51	106	156	416269107	416269259	60.784	1.04e-09	67.8
Protobothrops_mucrosquamatus_C9A	JAUMIR010000002.1	583	84	194	272	416281871	416282122	35.714	7.65e-09	65.1
Protobothrops_mucrosquamatus_C9A	JAUMIR010000002.1	583	69	457	525	415218864	415218661	43.478	1.91e-08	63.5
Protobothrops_mucrosquamatus_C9A	JAUMIR010000002.1	583	43	537	579	415217037	415216909	60.465	2.04e-07	60.5
Protobothrops_mucrosquamatus_C9A	JAUMIR010000002.1	583	82	274	355	415108826	415109071	32.927	1.73e-06	57.4
Protobothrops_mucrosquamatus_C9A	JAUMIR010000002.1	583	51	13	63	416264801	416264953	45.098	2.49e-06	57.0
Protobothrops_mucrosquamatus_C9A	JAUMIR010000002.1	583	73	271	343	415168243	415168455	35.616	4.05e-06	56.2
Protobothrops_mucrosquamatus_C9A	JAUMIR010000002.1	583	49	536	583	415175398	415175544	57.143	4.30e-06	56.2
Protobothrops_mucrosquamatus_C9A	JAUMIR010000002.1	583	46	529	573	415120973	415121110	56.522	7.80e-06	55.1
Protobothrops_mucrosquamatus_C9A	JAUMIR010000006.1	583	229	297	514	13271315	13270689	27.074	7.33e-11	71.6
Protobothrops_mucrosquamatus_C9A	JAUMIR010000006.1	583	246	278	514	11097450	11098130	22.764	1.81e-07	60.5
Protobothrops_mucrosquamatus_C9A	JAUMIR010000004.1	583	47	537	583	102862558	102862698	55.319	7.92e-09	65.1
Protobothrops_mucrosquamatus_C9A	JAUMIR010000004.1	583	70	456	524	102859664	102859873	38.571	1.16e-06	57.8
Protobothrops_mucrosquamatus_C9A	JAUMIR010000004.1	583	79	277	355	102901252	102901016	31.646	1.34e-06	57.8
Protobothrops_mucrosquamatus_C9A	JAUMIR010000004.1	583	50	530	579	102880444	102880295	52.000	2.16e-06	57.0
Protobothrops_mucrosquamatus_C9A	JAUMIR010000004.1	583	79	277	355	102824482	102824718	30.380	5.65e-06	55.8
Chrysopelea_ornata_C9A	JAUMIR010000002.1	584	73	460	532	416294335	416294553	73.973	1.76e-27	124
Chrysopelea_ornata_C9A	JAUMIR010000002.1	584	102	277	368	416286262	416286567	57.843	6.54e-26	119
Chrysopelea_ornata_C9A	JAUMIR010000002.1	584	47	157	203	416278249	416278389	72.340	3.33e-15	85.5
Chrysopelea_ornata_C9A	JAUMIR010000002.1	584	69	394	462	416291876	416292082	56.522	2.09e-14	83.2
Chrysopelea_ornata_C9A	JAUMIR010000002.1	584	51	106	156	416269107	416269259	66.667	4.22e-11	72.4
Chrysopelea_ornata_C9A	JAUMIR010000002.1	584	54	531	584	416296343	416296504	53.704	9.26e-11	71.2
Chrysopelea_ornata_C9A	JAUMIR010000002.1	584	84	194	272	416281871	416282122	38.095	1.08e-09	67.8
Chrysopelea_ornata_C9A	JAUMIR010000002.1	584	69	458	526	415218864	415218661	43.478	2.16e-08	63.5
Chrysopelea_ornata_C9A	JAUMIR010000002.1	584	45	13	57	416264801	416264935	53.333	1.22e-06	57.8
Chrysopelea_ornata_C9A	JAUMIR010000002.1	584	82	274	355	415108826	415109071	32.927	5.86e-06	55.5
Chrysopelea_ornata_C9A	JAUMIR010000002.1	584	47	538	584	415217037	415216897	53.191	6.01e-06	55.5
Chrysopelea_ornata_C9A	JAUMIR010000002.1	584	49	537	584	415175398	415175544	55.102	6.95e-06	55.5
Chrysopelea_ornata_C9A	JAUMIR010000002.1	584	46	530	574	415120973	415121110	54.348	7.13e-06	55.5
Chrysopelea_ornata_C9A	JAUMIR010000004.1	584	47	538	584	102862558	102862698	53.191	9.34e-08	61.6
Chrysopelea_ornata_C9A	JAUMIR010000004.1	584	81	277	357	102824482	102824724	32.099	6.80e-07	58.5
Chrysopelea_ornata_C9A	JAUMIR010000004.1	584	50	531	580	102880444	102880295	50.000	4.17e-06	56.2
Chrysopelea_ornata_C9A	JAUMIR010000004.1	584	87	277	362	102901252	102900992	31.034	6.77e-06	55.5
Chrysopelea_ornata_C9A	JAUMIR010000006.1	584	229	297	515	13271315	13270689	25.764	7.22e-07	58.5
Chrysopelea_ornata_C9A	JAUMIR010000006.1	584	220	298	515	11097522	11098130	22.727	1.40e-06	57.8
Pituophis_catenifer_C9A	JAUMIR010000002.1	583	73	459	531	416294335	416294553	69.863	1.35e-25	118
Pituophis_catenifer_C9A	JAUMIR010000002.1	583	100	255	353	416286205	416286492	56.000	2.56e-24	114
Pituophis_catenifer_C9A	JAUMIR010000002.1	583	61	401	461	416291900	416292082	62.295	2.47e-14	82.8
Pituophis_catenifer_C9A	JAUMIR010000002.1	583	47	157	203	416278249	416278389	61.702	1.51e-12	77.0
Pituophis_catenifer_C9A	JAUMIR010000002.1	583	54	530	583	416296343	416296504	57.407	1.35e-11	73.9
Pituophis_catenifer_C9A	JAUMIR010000002.1	583	51	106	156	416269107	416269259	64.706	1.72e-10	70.5
Pituophis_catenifer_C9A	JAUMIR010000002.1	583	97	194	284	416281871	416282161	37.113	1.39e-09	67.4
Pituophis_catenifer_C9A	JAUMIR010000002.1	583	51	13	63	416264801	416264953	47.059	1.61e-07	60.8
Pituophis_catenifer_C9A	JAUMIR010000002.1	583	72	36	107	416267830	416268021	45.833	2.68e-07	60.1
Pituophis_catenifer_C9A	JAUMIR010000002.1	583	46	529	573	415120973	415121110	54.348	1.33e-06	57.8
Pituophis_catenifer_C9A	JAUMIR010000002.1	583	69	457	525	415218864	415218661	40.580	1.87e-06	57.4
Pituophis_catenifer_C9A	JAUMIR010000002.1	583	49	536	583	415175398	415175544	55.102	3.51e-06	56.2
Pituophis_catenifer_C9A	JAUMIR010000002.1	583	47	537	583	415217037	415216897	53.191	4.09e-06	56.2
Pituophis_catenifer_C9A	JAUMIR010000006.1	583	227	297	516	13271315	13270683	29.956	1.19e-11	73.9
Pituophis_catenifer_C9A	JAUMIR010000004.1	583	47	537	583	102862558	102862698	55.319	9.15e-09	64.7
Pituophis_catenifer_C9A	JAUMIR010000004.1	583	70	456	524	102859664	102859873	38.571	2.07e-06	57.0
Pituophis_catenifer_C9A	JAUMIR010000004.1	583	102	256	350	102824398	102824703	32.353	3.19e-06	56.6
Pituophis_catenifer_C9A	JAUMIR010000004.1	583	78	273	350	102901264	102901031	33.333	4.57e-06	55.8
Pituophis_catenifer_C9A	JAUMIR010000004.1	583	51	530	580	102880444	102880292	49.020	7.23e-06	55.5
Pantherophis_obsoletus_C9A	JAUMIR010000002.1	583	82	277	358	416286262	416286507	65.854	1.15e-26	121
Pantherophis_obsoletus_C9A	JAUMIR010000002.1	583	73	459	531	416294335	416294553	69.863	1.35e-25	118
Pantherophis_obsoletus_C9A	JAUMIR010000002.1	583	69	393	461	416291876	416292082	55.072	5.17e-14	81.6
Pantherophis_obsoletus_C9A	JAUMIR010000002.1	583	47	157	203	416278249	416278389	63.830	2.39e-13	79.7
Pantherophis_obsoletus_C9A	JAUMIR010000002.1	583	54	530	583	416296343	416296504	57.407	6.17e-12	75.1
Pantherophis_obsoletus_C9A	JAUMIR010000002.1	583	51	106	156	416269107	416269259	62.745	1.12e-10	70.9
Pantherophis_obsoletus_C9A	JAUMIR010000002.1	583	84	194	272	416281871	416282122	38.095	5.97e-09	65.5
Pantherophis_obsoletus_C9A	JAUMIR010000002.1	583	69	457	525	415218864	415218661	40.580	2.03e-06	57.0
Pantherophis_obsoletus_C9A	JAUMIR010000002.1	583	51	57	107	416267872	416268021	54.902	2.60e-06	56.6
Pantherophis_obsoletus_C9A	JAUMIR010000002.1	583	51	13	63	416264801	416264953	47.059	2.83e-06	56.6
Pantherophis_obsoletus_C9A	JAUMIR010000002.1	583	82	274	355	415108826	415109071	32.927	2.98e-06	56.6
Pantherophis_obsoletus_C9A	JAUMIR010000002.1	583	49	536	583	415175398	415175544	55.102	3.33e-06	56.6
Pantherophis_obsoletus_C9A	JAUMIR010000002.1	583	47	537	583	415217037	415216897	53.191	3.98e-06	56.2
Pantherophis_obsoletus_C9A	JAUMIR010000002.1	583	46	529	573	415120973	415121110	52.174	4.19e-06	56.2
Pantherophis_obsoletus_C9A	JAUMIR010000006.1	583	231	297	516	13271315	13270683	28.139	5.86e-12	75.1
Pantherophis_obsoletus_C9A	JAUMIR010000006.1	583	244	278	516	11097450	11098136	21.311	6.25e-06	55.5
Pantherophis_obsoletus_C9A	JAUMIR010000004.1	583	47	537	583	102862558	102862698	55.319	8.48e-09	64.7
Pantherophis_obsoletus_C9A	JAUMIR010000004.1	583	94	277	368	102824482	102824763	31.915	9.06e-07	58.2
Pantherophis_obsoletus_C9A	JAUMIR010000004.1	583	79	277	355	102901252	102901016	31.646	1.72e-06	57.4
Pantherophis_obsoletus_C9A	JAUMIR010000004.1	583	70	456	524	102859664	102859873	38.571	2.00e-06	57.0
Pantherophis_obsoletus_C9A	JAUMIR010000004.1	583	51	530	580	102880444	102880292	49.020	6.53e-06	55.5
Bothrops_jararaca_C9A	JAUMIR010000002.1	583	73	459	531	416294335	416294553	73.973	1.71e-27	124
Bothrops_jararaca_C9A	JAUMIR010000002.1	583	127	255	368	416286205	416286567	54.331	7.40e-26	119
Bothrops_jararaca_C9A	JAUMIR010000002.1	583	47	157	203	416278249	416278389	68.085	4.52e-15	85.1
Bothrops_jararaca_C9A	JAUMIR010000002.1	583	69	393	461	416291876	416292082	47.826	2.64e-12	76.3
Bothrops_jararaca_C9A	JAUMIR010000002.1	583	54	530	583	416296343	416296504	57.407	4.09e-11	72.4
Bothrops_jararaca_C9A	JAUMIR010000002.1	583	51	106	156	416269107	416269259	66.667	7.27e-11	71.6
Bothrops_jararaca_C9A	JAUMIR010000002.1	583	84	194	272	416281871	416282122	35.714	2.08e-08	63.5
Bothrops_jararaca_C9A	JAUMIR010000002.1	583	69	457	525	415218864	415218661	40.580	3.46e-07	59.7
Bothrops_jararaca_C9A	JAUMIR010000002.1	583	43	537	579	415217037	415216909	60.465	4.35e-07	59.3
Bothrops_jararaca_C9A	JAUMIR010000002.1	583	82	274	355	415108826	415109071	32.927	2.14e-06	57.0
Bothrops_jararaca_C9A	JAUMIR010000002.1	583	51	13	63	416264801	416264953	45.098	2.54e-06	57.0
Bothrops_jararaca_C9A	JAUMIR010000002.1	583	67	277	343	415168255	415168455	32.836	8.28e-06	55.1
Bothrops_jararaca_C9A	JAUMIR010000006.1	583	241	285	514	13271348	13270689	25.311	3.43e-09	66.2
Bothrops_jararaca_C9A	JAUMIR010000006.1	583	246	278	514	11097450	11098130	22.764	7.23e-06	55.5
Bothrops_jararaca_C9A	JAUMIR010000004.1	583	47	537	583	102862558	102862698	55.319	6.23e-09	65.5
Bothrops_jararaca_C9A	JAUMIR010000004.1	583	81	277	357	102901252	102901010	32.099	2.35e-06	57.0
Bothrops_jararaca_C9A	JAUMIR010000004.1	583	50	530	579	102880444	102880295	52.000	2.47e-06	57.0
Bothrops_jararaca_C9A	JAUMIR010000004.1	583	67	289	355	102824518	102824718	35.821	5.65e-06	55.8
Bothrops_jararaca_C9A	JAUMIR010000004.1	583	70	456	524	102859664	102859873	37.143	8.07e-06	55.1
Ptyas_mucosa_C9A	JAUMIR010000002.1	583	73	459	531	416294335	416294553	71.233	1.80e-26	121
Ptyas_mucosa_C9A	JAUMIR010000002.1	583	106	255	358	416286205	416286507	58.491	2.23e-26	120
Ptyas_mucosa_C9A	JAUMIR010000002.1	583	69	393	461	416291876	416292082	53.623	2.51e-13	79.7
Ptyas_mucosa_C9A	JAUMIR010000002.1	583	47	157	203	416278249	416278389	63.830	3.20e-13	79.3
Ptyas_mucosa_C9A	JAUMIR010000002.1	583	51	106	156	416269107	416269259	66.667	3.54e-11	72.4
Ptyas_mucosa_C9A	JAUMIR010000002.1	583	54	530	583	416296343	416296504	55.556	7.91e-11	71.6
Ptyas_mucosa_C9A	JAUMIR010000002.1	583	91	187	272	416281850	416282122	36.264	1.06e-09	67.8
Ptyas_mucosa_C9A	JAUMIR010000002.1	583	78	457	534	415218864	415218640	43.590	3.38e-08	62.8
Ptyas_mucosa_C9A	JAUMIR010000002.1	583	47	537	583	415217037	415216897	55.319	2.28e-07	60.1
Ptyas_mucosa_C9A	JAUMIR010000002.1	583	51	13	63	416264801	416264953	47.059	8.04e-07	58.5
Ptyas_mucosa_C9A	JAUMIR010000002.1	583	51	57	107	416267872	416268021	54.902	1.70e-06	57.4
Ptyas_mucosa_C9A	JAUMIR010000002.1	583	82	274	355	415108826	415109071	32.927	3.36e-06	56.6
Ptyas_mucosa_C9A	JAUMIR010000006.1	583	239	288	514	13271339	13270689	25.941	3.68e-08	62.8
Ptyas_mucosa_C9A	JAUMIR010000004.1	583	79	277	355	102901252	102901016	32.911	7.20e-07	58.5
Ptyas_mucosa_C9A	JAUMIR010000004.1	583	47	537	583	102862558	102862698	53.191	1.26e-06	57.8
Ptyas_mucosa_C9A	JAUMIR010000004.1	583	82	274	355	102824473	102824718	32.927	3.36e-06	56.6
Ptyas_mucosa_C9A	JAUMIR010000004.1	583	70	456	524	102859664	102859873	37.143	9.25e-06	55.1
Vipera_berus_C9A	JAUMIR010000002.1	583	73	459	531	416294335	416294553	73.973	8.86e-28	125
Vipera_berus_C9A	JAUMIR010000002.1	583	78	277	354	416286262	416286495	69.231	2.37e-25	117
Vipera_berus_C9A	JAUMIR010000002.1	583	47	157	203	416278249	416278389	70.213	3.31e-15	85.5
Vipera_berus_C9A	JAUMIR010000002.1	583	69	393	461	416291876	416292082	49.275	6.14e-13	78.2
Vipera_berus_C9A	JAUMIR010000002.1	583	51	106	156	416269107	416269259	66.667	1.91e-11	73.6
Vipera_berus_C9A	JAUMIR010000002.1	583	84	194	272	416281871	416282122	40.476	9.23e-11	71.2
Vipera_berus_C9A	JAUMIR010000002.1	583	54	530	583	416296343	416296504	57.407	1.26e-10	70.9
Vipera_berus_C9A	JAUMIR010000002.1	583	69	457	525	415218864	415218661	40.580	8.55e-08	61.6
Vipera_berus_C9A	JAUMIR010000002.1	583	72	36	107	416267830	416268021	45.833	4.03e-07	59.3
Vipera_berus_C9A	JAUMIR010000002.1	583	82	274	355	415108826	415109071	34.146	7.70e-07	58.5
Vipera_berus_C9A	JAUMIR010000002.1	583	43	537	579	415217037	415216909	55.814	2.29e-06	57.0
Vipera_berus_C9A	JAUMIR010000002.1	583	73	271	343	415168243	415168455	35.616	5.23e-06	55.8
Vipera_berus_C9A	JAUMIR010000006.1	583	242	285	514	13271348	13270689	26.860	8.77e-11	71.2
Vipera_berus_C9A	JAUMIR010000004.1	583	47	537	583	102862558	102862698	57.447	5.77e-09	65.5
Vipera_berus_C9A	JAUMIR010000004.1	583	50	530	579	102880444	102880295	54.000	9.06e-07	58.2
Vipera_berus_C9A	JAUMIR010000004.1	583	70	456	524	102859664	102859873	38.571	9.78e-07	58.2
Vipera_berus_C9A	JAUMIR010000004.1	583	87	277	362	102901252	102900992	32.184	7.42e-06	55.5
Vipera_berus_C9A	JAUMIR010000004.1	583	64	524	583	157271376	157271197	40.625	8.35e-06	55.1
Sceloporus_undulatus_C9A	JAUMIR010000002.1	591	78	460	537	416294326	416294559	88.462	7.07e-36	150
Sceloporus_undulatus_C9A	JAUMIR010000002.1	591	82	277	358	416286250	416286495	82.927	5.55e-35	147
Sceloporus_undulatus_C9A	JAUMIR010000002.1	591	89	189	277	416281859	416282125	64.045	4.18e-26	120
Sceloporus_undulatus_C9A	JAUMIR010000002.1	591	58	534	591	416296343	416296516	81.034	1.58e-22	108
Sceloporus_undulatus_C9A	JAUMIR010000002.1	591	66	400	465	416291885	416292082	72.727	1.84e-21	105
Sceloporus_undulatus_C9A	JAUMIR010000002.1	591	50	57	106	416267872	416268021	80.000	1.22e-17	93.6
Sceloporus_undulatus_C9A	JAUMIR010000002.1	591	51	105	155	416269107	416269259	82.353	1.10e-16	90.5
Sceloporus_undulatus_C9A	JAUMIR010000002.1	591	82	121	202	416278144	416278389	51.220	6.34e-15	84.7
Sceloporus_undulatus_C9A	JAUMIR010000002.1	591	51	13	63	416264801	416264953	58.824	1.52e-10	70.5
Sceloporus_undulatus_C9A	JAUMIR010000002.1	591	57	343	399	416287977	416288147	52.632	2.15e-08	63.5
Sceloporus_undulatus_C9A	JAUMIR010000002.1	591	51	541	591	415217037	415216885	49.020	1.46e-07	60.8
Sceloporus_undulatus_C9A	JAUMIR010000002.1	591	79	281	359	415108835	415109071	35.443	1.55e-07	60.8
Sceloporus_undulatus_C9A	JAUMIR010000002.1	591	73	461	533	415218864	415218649	38.356	3.39e-07	59.7
Sceloporus_undulatus_C9A	JAUMIR010000002.1	591	41	540	579	415175398	415175520	65.854	6.37e-07	58.9
Sceloporus_undulatus_C9A	JAUMIR010000002.1	591	87	277	363	415168243	415168503	31.034	8.88e-07	58.2
Sceloporus_undulatus_C9A	JAUMIR010000002.1	591	47	532	577	415120970	415121110	57.447	1.11e-06	58.2
Sceloporus_undulatus_C9A	JAUMIR010000004.1	591	46	539	584	102880429	102880292	60.870	4.32e-08	62.8
Sceloporus_undulatus_C9A	JAUMIR010000004.1	591	81	460	539	102859664	102859897	34.568	3.99e-07	59.3
Sceloporus_undulatus_C9A	JAUMIR010000004.1	591	95	280	372	102824479	102824763	32.632	6.71e-07	58.9
Sceloporus_undulatus_C9A	JAUMIR010000004.1	591	83	277	359	102901264	102901016	31.325	8.09e-07	58.5
Sceloporus_undulatus_C9A	JAUMIR010000004.1	591	47	541	587	102862558	102862698	48.936	3.87e-06	56.2
Sceloporus_undulatus_C9A	JAUMIR010000006.1	591	215	297	506	13271327	13270722	22.791	6.48e-07	58.9
Sceloporus_undulatus_C9A	JAUMIR010000006.1	591	254	273	520	11097423	11098136	23.228	3.05e-06	56.6
Anolis_carolinensis_C9B	JAUMIR010000002.1	538	80	458	537	416294320	416294559	81.250	7.39e-32	137
Anolis_carolinensis_C9B	JAUMIR010000002.1	538	81	277	357	416286250	416286492	76.543	4.40e-31	134
Anolis_carolinensis_C9B	JAUMIR010000002.1	538	65	401	465	416291888	416292082	76.923	6.26e-22	106
Anolis_carolinensis_C9B	JAUMIR010000002.1	538	92	186	277	416281850	416282125	53.261	7.15e-22	106
Anolis_carolinensis_C9B	JAUMIR010000002.1	538	47	156	202	416278249	416278389	91.489	1.16e-18	96.3
Anolis_carolinensis_C9B	JAUMIR010000002.1	538	51	105	155	416269107	416269259	82.353	3.26e-18	94.7
Anolis_carolinensis_C9B	JAUMIR010000002.1	538	50	57	106	416267872	416268021	80.000	3.28e-17	91.7
Anolis_carolinensis_C9B	JAUMIR010000002.1	538	73	462	534	415218861	415218646	41.096	2.04e-09	66.6
Anolis_carolinensis_C9B	JAUMIR010000002.1	538	79	281	359	415108835	415109071	36.709	7.19e-08	61.6
Anolis_carolinensis_C9B	JAUMIR010000002.1	538	51	13	63	416264801	416264953	49.020	1.34e-07	60.8
Anolis_carolinensis_C9B	JAUMIR010000002.1	538	75	281	355	415168255	415168479	36.000	5.27e-07	58.9
Anolis_carolinensis_C9B	JAUMIR010000004.1	538	76	281	356	102901252	102901025	35.526	4.73e-08	62.4
Anolis_carolinensis_C9B	JAUMIR010000004.1	538	94	281	372	102824482	102824763	32.979	2.36e-07	60.1
Anolis_carolinensis_C9B	JAUMIR010000006.1	538	240	281	518	11097474	11098130	25.833	5.15e-08	62.0
Anolis_carolinensis_C9B	JAUMIR010000006.1	538	232	292	518	13271339	13270689	24.138	7.19e-06	55.1
Hydrophis_cyanocinctus_C9B	JAUMIR010000002.1	582	88	276	363	416286262	416286522	63.636	4.91e-26	119
Hydrophis_cyanocinctus_C9B	JAUMIR010000002.1	582	73	458	530	416294335	416294553	65.753	4.79e-24	113
Hydrophis_cyanocinctus_C9B	JAUMIR010000002.1	582	47	156	202	416278249	416278389	68.085	6.01e-14	81.6
Hydrophis_cyanocinctus_C9B	JAUMIR010000002.1	582	51	105	155	416269107	416269259	66.667	2.95e-11	72.8
Hydrophis_cyanocinctus_C9B	JAUMIR010000002.1	582	61	400	460	416291900	416292082	52.459	4.52e-11	72.4
Hydrophis_cyanocinctus_C9B	JAUMIR010000002.1	582	59	524	582	416296328	416296504	50.847	6.59e-11	71.6
Hydrophis_cyanocinctus_C9B	JAUMIR010000002.1	582	91	186	271	416281850	416282122	38.462	6.98e-10	68.6
Hydrophis_cyanocinctus_C9B	JAUMIR010000002.1	582	69	456	524	415218864	415218661	42.029	1.62e-08	63.9
Hydrophis_cyanocinctus_C9B	JAUMIR010000002.1	582	48	535	582	415217040	415216897	50.000	5.00e-06	55.8
Hydrophis_cyanocinctus_C9B	JAUMIR010000006.1	582	232	296	514	13271315	13270686	27.586	5.15e-07	58.9
Hydrophis_cyanocinctus_C9B	JAUMIR010000004.1	582	47	536	582	102862558	102862698	48.936	6.99e-07	58.5
Hydrophis_cyanocinctus_C9B	JAUMIR010000004.1	582	70	455	523	102859664	102859873	40.000	8.44e-07	58.5
Hydrophis_cyanocinctus_C9B	JAUMIR010000004.1	582	79	276	354	102901252	102901016	31.646	1.98e-06	57.0
Bothrops_jararaca_C9B	JAUMIR010000002.1	583	73	459	531	416294335	416294553	73.973	1.94e-27	124
Bothrops_jararaca_C9B	JAUMIR010000002.1	583	102	255	354	416286205	416286495	60.784	1.34e-25	118
Bothrops_jararaca_C9B	JAUMIR010000002.1	583	47	157	203	416278249	416278389	70.213	2.08e-15	86.3
Bothrops_jararaca_C9B	JAUMIR010000002.1	583	69	393	461	416291876	416292082	50.725	7.29e-13	78.2
Bothrops_jararaca_C9B	JAUMIR010000002.1	583	54	530	583	416296343	416296504	57.407	4.24e-11	72.4
Bothrops_jararaca_C9B	JAUMIR010000002.1	583	51	106	156	416269107	416269259	64.706	1.02e-10	71.2
Bothrops_jararaca_C9B	JAUMIR010000002.1	583	84	194	272	416281871	416282122	35.714	6.97e-09	65.1
Bothrops_jararaca_C9B	JAUMIR010000002.1	583	69	457	525	415218864	415218661	40.580	3.52e-07	59.7
Bothrops_jararaca_C9B	JAUMIR010000002.1	583	82	274	355	415108826	415109071	32.927	1.15e-06	57.8
Bothrops_jararaca_C9B	JAUMIR010000002.1	583	43	537	579	415217037	415216909	58.140	1.37e-06	57.8
Bothrops_jararaca_C9B	JAUMIR010000002.1	583	51	13	63	416264801	416264953	43.137	2.98e-06	56.6
Bothrops_jararaca_C9B	JAUMIR010000002.1	583	51	57	107	416267872	416268021	50.980	3.79e-06	56.2
Bothrops_jararaca_C9B	JAUMIR010000002.1	583	67	277	343	415168255	415168455	32.836	7.87e-06	55.1
Bothrops_jararaca_C9B	JAUMIR010000006.1	583	241	285	514	13271348	13270689	25.726	5.47e-10	68.6
Bothrops_jararaca_C9B	JAUMIR010000006.1	583	242	278	514	11097450	11098130	23.967	2.56e-06	57.0
Bothrops_jararaca_C9B	JAUMIR010000004.1	583	47	537	583	102862558	102862698	55.319	7.39e-09	65.1
Bothrops_jararaca_C9B	JAUMIR010000004.1	583	50	530	579	102880444	102880295	52.000	2.88e-06	56.6
Bothrops_jararaca_C9B	JAUMIR010000004.1	583	79	277	355	102901252	102901016	31.646	3.88e-06	56.2
Bothrops_jararaca_C9B	JAUMIR010000004.1	583	67	289	355	102824518	102824718	35.821	5.89e-06	55.5
Bothrops_jararaca_C9B	JAUMIR010000004.1	583	70	456	524	102859664	102859873	37.143	8.57e-06	55.1
Laticauda_colubrina_C9B	JAUMIR010000002.1	583	73	459	531	416294335	416294553	69.863	6.03e-26	119
Laticauda_colubrina_C9B	JAUMIR010000002.1	583	78	277	354	416286262	416286495	66.667	1.55e-25	118
Laticauda_colubrina_C9B	JAUMIR010000002.1	583	46	157	202	416278249	416278386	69.565	3.11e-14	82.4
Laticauda_colubrina_C9B	JAUMIR010000002.1	583	51	106	156	416269107	416269259	66.667	1.29e-11	73.9
Laticauda_colubrina_C9B	JAUMIR010000002.1	583	61	401	461	416291900	416292082	52.459	3.96e-11	72.4
Laticauda_colubrina_C9B	JAUMIR010000002.1	583	54	530	583	416296343	416296504	55.556	7.65e-11	71.6
Laticauda_colubrina_C9B	JAUMIR010000002.1	583	69	457	525	415218864	415218661	42.029	5.54e-08	62.4
Laticauda_colubrina_C9B	JAUMIR010000002.1	583	79	277	355	415108835	415109071	34.177	4.47e-07	59.3
Laticauda_colubrina_C9B	JAUMIR010000002.1	583	70	274	343	415168246	415168455	34.286	2.63e-06	56.6
Laticauda_colubrina_C9B	JAUMIR010000002.1	583	83	194	271	416281871	416282119	34.940	3.79e-06	56.2
Laticauda_colubrina_C9B	JAUMIR010000002.1	583	44	13	56	416264801	416264932	50.000	3.98e-06	56.2
Laticauda_colubrina_C9B	JAUMIR010000006.1	583	242	278	514	11097450	11098130	23.140	5.21e-09	65.5
Laticauda_colubrina_C9B	JAUMIR010000006.1	583	227	297	515	13271315	13270686	25.551	1.95e-07	60.5
Laticauda_colubrina_C9B	JAUMIR010000004.1	583	90	274	362	102901261	102900992	33.333	5.83e-08	62.0
Laticauda_colubrina_C9B	JAUMIR010000004.1	583	45	539	583	102862564	102862698	51.111	1.25e-06	57.8
Laticauda_colubrina_C9B	JAUMIR010000004.1	583	70	456	524	102859664	102859873	40.000	2.31e-06	57.0
Laticauda_colubrina_C9B	JAUMIR010000004.1	583	81	277	357	102824482	102824724	29.630	6.42e-06	55.5
Pseudonaja_textilis_C9B	JAUMIR010000002.1	583	88	277	364	416286262	416286522	63.636	1.83e-26	121
Pseudonaja_textilis_C9B	JAUMIR010000002.1	583	73	459	531	416294335	416294553	69.863	2.28e-25	117
Pseudonaja_textilis_C9B	JAUMIR010000002.1	583	82	122	203	416278144	416278389	43.902	5.68e-14	81.6
Pseudonaja_textilis_C9B	JAUMIR010000002.1	583	61	401	461	416291900	416292082	55.738	7.58e-12	74.7
Pseudonaja_textilis_C9B	JAUMIR010000002.1	583	51	106	156	416269107	416269259	64.706	7.14e-11	71.6
Pseudonaja_textilis_C9B	JAUMIR010000002.1	583	84	194	272	416281871	416282122	40.476	3.85e-10	69.3
Pseudonaja_textilis_C9B	JAUMIR010000002.1	583	54	530	583	416296343	416296504	50.000	5.04e-09	65.5
Pseudonaja_textilis_C9B	JAUMIR010000002.1	583	69	457	525	415218864	415218661	42.029	9.23e-09	64.7
Pseudonaja_textilis_C9B	JAUMIR010000002.1	583	48	536	583	415217040	415216897	50.000	1.31e-06	57.8
Pseudonaja_textilis_C9B	JAUMIR010000002.1	583	51	13	63	416264801	416264953	43.137	3.45e-06	56.2
Pseudonaja_textilis_C9B	JAUMIR010000002.1	583	51	57	107	416267872	416268021	50.980	6.36e-06	55.5
Pseudonaja_textilis_C9B	JAUMIR010000002.1	583	78	277	354	415108835	415109068	32.051	9.02e-06	55.1
Pseudonaja_textilis_C9B	JAUMIR010000006.1	583	233	297	515	13271315	13270686	27.897	1.94e-07	60.5
Pseudonaja_textilis_C9B	JAUMIR010000004.1	583	70	456	524	102859664	102859873	41.429	2.15e-07	60.5
Pseudonaja_textilis_C9B	JAUMIR010000004.1	583	47	537	583	102862558	102862698	48.936	4.70e-07	59.3
Pseudonaja_textilis_C9B	JAUMIR010000004.1	583	78	277	354	102901252	102901019	32.051	7.90e-07	58.5
Pseudonaja_textilis_C9B	JAUMIR010000004.1	583	78	277	354	102824482	102824715	30.769	7.48e-06	55.5
Notechis_scutatus_C9B	JAUMIR010000002.1	583	88	277	364	416286262	416286522	62.500	4.15e-26	120
Notechis_scutatus_C9B	JAUMIR010000002.1	583	73	459	531	416294335	416294553	69.863	8.30e-26	119
Notechis_scutatus_C9B	JAUMIR010000002.1	583	47	157	203	416278249	416278389	68.085	4.28e-14	82.0
Notechis_scutatus_C9B	JAUMIR010000002.1	583	51	106	156	416269107	416269259	66.667	2.83e-11	72.8
Notechis_scutatus_C9B	JAUMIR010000002.1	583	61	401	461	416291900	416292082	52.459	9.31e-11	71.2
Notechis_scutatus_C9B	JAUMIR010000002.1	583	54	530	583	416296343	416296504	53.704	2.90e-10	69.7
Notechis_scutatus_C9B	JAUMIR010000002.1	583	84	194	272	416281871	416282122	40.476	2.28e-09	66.6
Notechis_scutatus_C9B	JAUMIR010000002.1	583	69	457	525	415218864	415218661	42.029	8.62e-09	64.7
Notechis_scutatus_C9B	JAUMIR010000002.1	583	44	13	56	416264801	416264932	50.000	3.63e-06	56.2
Notechis_scutatus_C9B	JAUMIR010000002.1	583	48	536	583	415217040	415216897	50.000	5.32e-06	55.8
Notechis_scutatus_C9B	JAUMIR010000006.1	583	234	297	515	13271315	13270686	27.778	2.95e-08	63.2
Notechis_scutatus_C9B	JAUMIR010000004.1	583	70	456	524	102859664	102859873	41.429	2.38e-07	60.1
Notechis_scutatus_C9B	JAUMIR010000004.1	583	47	537	583	102862558	102862698	48.936	7.38e-07	58.5
Notechis_scutatus_C9B	JAUMIR010000004.1	583	79	277	355	102901252	102901016	30.380	2.76e-06	56.6
Pituophis_catenifer_C9B	JAUMIR010000002.1	583	76	456	531	416294326	416294553	73.684	7.61e-28	125
Pituophis_catenifer_C9B	JAUMIR010000002.1	583	78	276	353	416286259	416286492	64.103	5.62e-24	113
Pituophis_catenifer_C9B	JAUMIR010000002.1	583	146	122	267	416278144	416278548	32.877	8.55e-16	87.4
Pituophis_catenifer_C9B	JAUMIR010000002.1	583	51	106	156	416269107	416269259	68.627	2.47e-12	76.3
Pituophis_catenifer_C9B	JAUMIR010000002.1	583	69	393	461	416291876	416292082	50.725	1.27e-11	73.9
Pituophis_catenifer_C9B	JAUMIR010000002.1	583	48	536	583	416296361	416296504	58.333	2.42e-08	63.5
Pituophis_catenifer_C9B	JAUMIR010000002.1	583	69	457	525	415218864	415218661	43.478	4.96e-08	62.4
Pituophis_catenifer_C9B	JAUMIR010000002.1	583	51	13	63	416264801	416264953	47.059	1.35e-07	60.8
Pituophis_catenifer_C9B	JAUMIR010000002.1	583	97	194	284	416281871	416282161	35.052	6.28e-07	58.9
Pituophis_catenifer_C9B	JAUMIR010000006.1	583	225	297	514	13271315	13270689	28.000	3.60e-10	69.3
Pituophis_catenifer_C9B	JAUMIR010000004.1	583	53	531	583	102862543	102862698	54.717	7.27e-09	65.1
Pituophis_catenifer_C9B	JAUMIR010000004.1	583	70	456	524	102859664	102859873	40.000	5.03e-07	58.9
Pituophis_catenifer_C9B	JAUMIR010000004.1	583	78	273	350	102901264	102901031	33.333	3.30e-06	56.6
Pituophis_catenifer_C9B	JAUMIR010000004.1	583	74	277	350	102824482	102824703	35.135	5.14e-06	55.8
Pantherophis_obsoletus_C9B	JAUMIR010000002.1	583	76	456	531	416294326	416294553	68.421	1.68e-26	121
Pantherophis_obsoletus_C9B	JAUMIR010000002.1	583	82	277	358	416286262	416286507	64.634	7.67e-26	119
Pantherophis_obsoletus_C9B	JAUMIR010000002.1	583	146	122	267	416278144	416278548	32.877	8.34e-16	87.4
Pantherophis_obsoletus_C9B	JAUMIR010000002.1	583	51	106	156	416269107	416269259	68.627	2.90e-12	76.3
Pantherophis_obsoletus_C9B	JAUMIR010000002.1	583	61	401	461	416291900	416292082	54.098	9.64e-11	71.2
Pantherophis_obsoletus_C9B	JAUMIR010000002.1	583	54	530	583	416296343	416296504	53.704	3.64e-09	66.2
Pantherophis_obsoletus_C9B	JAUMIR010000002.1	583	51	13	63	416264801	416264953	47.059	3.32e-07	59.7
Pantherophis_obsoletus_C9B	JAUMIR010000002.1	583	82	274	355	415108826	415109071	34.146	1.52e-06	57.4
Pantherophis_obsoletus_C9B	JAUMIR010000002.1	583	69	457	525	415218864	415218661	36.232	1.66e-06	57.4
Pantherophis_obsoletus_C9B	JAUMIR010000002.1	583	73	35	107	416267827	416268021	45.205	1.84e-06	57.4
Pantherophis_obsoletus_C9B	JAUMIR010000002.1	583	84	194	272	416281871	416282122	34.524	3.36e-06	56.6
Pantherophis_obsoletus_C9B	JAUMIR010000006.1	583	235	288	514	13271339	13270689	28.511	2.03e-10	70.1
Pantherophis_obsoletus_C9B	JAUMIR010000006.1	583	246	278	514	11097450	11098130	23.171	5.98e-08	62.0
Pantherophis_obsoletus_C9B	JAUMIR010000004.1	583	53	531	583	102862543	102862698	52.830	4.39e-09	65.9
Pantherophis_obsoletus_C9B	JAUMIR010000004.1	583	79	277	355	102901252	102901016	32.911	1.95e-07	60.5
Pantherophis_obsoletus_C9B	JAUMIR010000004.1	583	94	277	368	102824482	102824763	31.915	1.76e-06	57.4
Pantherophis_obsoletus_C9B	JAUMIR010000004.1	583	70	456	524	102859664	102859873	37.143	2.41e-06	57.0
Crotalus_tigris_C9B	JAUMIR010000002.1	583	78	454	531	416294320	416294553	67.949	1.73e-27	124
Crotalus_tigris_C9B	JAUMIR010000002.1	583	120	261	369	416286226	416286570	49.167	4.27e-24	114
Crotalus_tigris_C9B	JAUMIR010000002.1	583	47	157	203	416278249	416278389	70.213	1.26e-14	83.6
Crotalus_tigris_C9B	JAUMIR010000002.1	583	51	106	156	416269107	416269259	70.588	1.46e-12	77.0
Crotalus_tigris_C9B	JAUMIR010000002.1	583	62	400	461	416291897	416292082	56.452	1.68e-12	77.0
Crotalus_tigris_C9B	JAUMIR010000002.1	583	54	530	583	416296343	416296504	51.852	1.59e-08	63.9
Crotalus_tigris_C9B	JAUMIR010000002.1	583	69	457	525	415218864	415218661	39.130	4.39e-07	59.3
Crotalus_tigris_C9B	JAUMIR010000002.1	583	51	13	63	416264801	416264953	49.020	6.84e-07	58.5
Crotalus_tigris_C9B	JAUMIR010000002.1	583	73	35	107	416267827	416268021	42.466	7.38e-07	58.5
Crotalus_tigris_C9B	JAUMIR010000006.1	583	224	297	514	13271315	13270689	27.232	2.77e-09	66.6
Crotalus_tigris_C9B	JAUMIR010000006.1	583	242	278	514	11097450	11098130	23.967	1.87e-06	57.4
Crotalus_tigris_C9B	JAUMIR010000004.1	583	47	537	583	102862558	102862698	55.319	3.02e-08	63.2
Crotalus_tigris_C9B	JAUMIR010000004.1	583	70	456	524	102859664	102859873	38.571	2.14e-06	57.0
Crotalus_tigris_C9B	JAUMIR010000004.1	583	87	277	362	102901252	102900992	32.184	5.01e-06	55.8
Crotalus_tigris_C9B	JAUMIR010000004.1	583	114	242	350	102824380	102824703	31.579	6.58e-06	55.5
Ptyas_mucosa_C9B	JAUMIR010000002.1	583	72	460	531	416294338	416294553	69.444	1.38e-25	118
Ptyas_mucosa_C9B	JAUMIR010000002.1	583	104	276	369	416286259	416286570	54.808	4.20e-24	114
Ptyas_mucosa_C9B	JAUMIR010000002.1	583	47	157	203	416278249	416278389	70.213	3.71e-15	85.5
Ptyas_mucosa_C9B	JAUMIR010000002.1	583	51	106	156	416269107	416269259	68.627	1.07e-11	74.3
Ptyas_mucosa_C9B	JAUMIR010000002.1	583	61	401	461	416291900	416292082	52.459	2.34e-09	66.6
Ptyas_mucosa_C9B	JAUMIR010000002.1	583	54	530	583	416296343	416296504	51.852	1.31e-08	64.3
Ptyas_mucosa_C9B	JAUMIR010000002.1	583	97	194	284	416281871	416282161	37.113	5.58e-08	62.4
Ptyas_mucosa_C9B	JAUMIR010000002.1	583	59	467	525	415218837	415218661	37.288	8.94e-06	55.1
Ptyas_mucosa_C9B	JAUMIR010000006.1	583	224	297	514	13271315	13270689	26.339	2.09e-08	63.5
Ptyas_mucosa_C9B	JAUMIR010000006.1	583	244	276	514	11097444	11098130	24.590	8.32e-07	58.5
Ptyas_mucosa_C9B	JAUMIR010000004.1	583	53	531	583	102862543	102862698	50.943	2.75e-08	63.2
Ptyas_mucosa_C9B	JAUMIR010000004.1	583	78	273	350	102901264	102901031	33.333	1.37e-06	57.8
Ptyas_mucosa_C9B	JAUMIR010000004.1	583	74	277	350	102824482	102824703	35.135	5.19e-06	55.8
