Lacerta_agilis_C9A	NC_086176.1	589	84	277	360	98451074	98451325	69.048	9.69e-31	134
Lacerta_agilis_C9A	NC_086176.1	589	74	461	534	98462809	98463030	71.622	6.23e-27	122
Lacerta_agilis_C9A	NC_086176.1	589	47	155	201	98445537	98445677	89.362	4.17e-18	94.4
Lacerta_agilis_C9A	NC_086176.1	589	53	53	105	98440938	98441096	71.698	1.05e-16	90.1
Lacerta_agilis_C9A	NC_086176.1	589	55	100	154	98443075	98443239	76.364	8.35e-16	87.0
Lacerta_agilis_C9A	NC_086176.1	589	61	399	458	98459517	98459699	65.574	2.44e-13	79.3
Lacerta_agilis_C9A	NC_086176.1	589	60	470	529	97704614	97704435	43.333	1.52e-07	60.5
Lacerta_agilis_C9A	NC_086176.1	589	42	201	242	98448214	98448339	59.524	1.75e-06	57.0
Lacerta_agilis_C9A	NC_086181.1	589	227	300	517	34717782	34718408	28.634	1.04e-11	73.9
Lacerta_agilis_C9A	NC_086171.1	589	67	461	526	144898600	144898400	41.791	3.39e-07	59.3
Lacerta_agilis_C9A	NC_086171.1	589	84	279	362	144919192	144918941	32.143	5.59e-07	58.5
Zootoca_vivipara_C9A	NC_086176.1	589	84	277	360	98451074	98451325	67.857	3.29e-30	132
Zootoca_vivipara_C9A	NC_086176.1	589	74	461	534	98462809	98463030	71.622	8.35e-27	122
Zootoca_vivipara_C9A	NC_086176.1	589	47	155	201	98445537	98445677	89.362	4.83e-18	94.4
Zootoca_vivipara_C9A	NC_086176.1	589	53	53	105	98440938	98441096	73.585	2.20e-17	92.0
Zootoca_vivipara_C9A	NC_086176.1	589	55	100	154	98443075	98443239	74.545	1.33e-15	86.3
Zootoca_vivipara_C9A	NC_086176.1	589	53	406	458	98459541	98459699	69.811	6.60e-13	77.8
Zootoca_vivipara_C9A	NC_086176.1	589	60	470	529	97704614	97704435	41.667	2.85e-07	59.3
Zootoca_vivipara_C9A	NC_086176.1	589	42	201	242	98448214	98448339	57.143	4.70e-06	55.5
Zootoca_vivipara_C9A	NC_086181.1	589	223	300	517	34717782	34718408	27.354	5.39e-11	71.6
Zootoca_vivipara_C9A	NC_086171.1	589	67	461	526	144898600	144898400	41.791	4.19e-07	58.9
Zootoca_vivipara_C9A	NC_086171.1	589	84	279	362	144919192	144918941	32.143	9.40e-07	57.8
Zootoca_vivipara_C9A	NC_086171.1	589	129	247	362	144859615	144860001	27.907	6.27e-06	55.1
Podarcis_muralis_C9A	NC_086176.1	589	84	277	360	98451074	98451325	69.048	6.02e-31	134
Podarcis_muralis_C9A	NC_086176.1	589	93	446	534	98462752	98463030	58.065	2.90e-25	117
Podarcis_muralis_C9A	NC_086176.1	589	47	155	201	98445537	98445677	89.362	4.71e-18	94.4
Podarcis_muralis_C9A	NC_086176.1	589	53	53	105	98440938	98441096	73.585	3.93e-17	91.3
Podarcis_muralis_C9A	NC_086176.1	589	55	100	154	98443075	98443239	76.364	8.14e-16	87.0
Podarcis_muralis_C9A	NC_086176.1	589	59	400	458	98459523	98459699	59.322	3.06e-12	75.5
Podarcis_muralis_C9A	NC_086176.1	589	60	470	529	97704614	97704435	40.000	1.74e-07	60.1
Podarcis_muralis_C9A	NC_086176.1	589	43	201	243	98448214	98448342	58.140	5.47e-06	55.5
Podarcis_muralis_C9A	NC_086181.1	589	222	300	516	34717782	34718405	26.577	9.35e-10	67.4
Podarcis_muralis_C9A	NC_086171.1	589	81	447	526	144898642	144898400	35.802	1.05e-07	60.8
Podarcis_muralis_C9A	NC_086171.1	589	84	279	362	144919192	144918941	30.952	2.79e-06	56.2
Podarcis_muralis_C9A	NC_086171.1	589	84	279	362	144859750	144860001	29.762	8.89e-06	54.7
Anolis_carolinensis_C9A	NC_086176.1	591	81	457	537	98462791	98463033	72.840	8.52e-31	134
Anolis_carolinensis_C9A	NC_086176.1	591	92	268	359	98451044	98451316	67.391	3.95e-30	132
Anolis_carolinensis_C9A	NC_086176.1	591	47	156	202	98445537	98445677	82.979	3.87e-17	91.3
Anolis_carolinensis_C9A	NC_086176.1	591	50	106	155	98443090	98443239	80.000	2.61e-16	88.6
Anolis_carolinensis_C9A	NC_086176.1	591	51	57	107	98440947	98441099	74.510	2.87e-15	85.5
Anolis_carolinensis_C9A	NC_086176.1	591	54	408	461	98459541	98459702	53.704	1.24e-10	70.5
Anolis_carolinensis_C9A	NC_086176.1	591	71	461	531	97704644	97704435	36.620	3.13e-07	59.3
Anolis_carolinensis_C9A	NC_086176.1	591	80	281	360	97652927	97653166	35.000	1.95e-06	56.6
Anolis_carolinensis_C9A	NC_086176.1	591	70	522	591	97703988	97703788	41.429	2.72e-06	56.2
Anolis_carolinensis_C9A	NC_086176.1	591	76	284	358	97709383	97709156	35.526	6.25e-06	55.1
Anolis_carolinensis_C9A	NC_086176.1	591	120	201	277	98448211	98448570	32.500	9.81e-06	54.3
Anolis_carolinensis_C9A	NC_086181.1	591	223	302	518	34717782	34718405	28.251	4.29e-10	68.6
Anolis_carolinensis_C9A	NC_086171.1	591	78	281	358	144859750	144859983	39.744	2.69e-09	66.2
Anolis_carolinensis_C9A	NC_086171.1	591	75	460	533	144898609	144898385	33.333	1.32e-06	57.4
Anolis_carolinensis_C9A	NC_086171.1	591	46	542	587	144897534	144897397	52.174	1.41e-06	57.4
Pogona_vitticeps_C9A	NC_086176.1	576	78	438	515	98462791	98463024	78.205	5.62e-31	134
Pogona_vitticeps_C9A	NC_086176.1	576	84	257	340	98451065	98451316	65.476	6.42e-29	128
Pogona_vitticeps_C9A	NC_086176.1	576	49	156	204	98445537	98445683	79.592	1.14e-17	92.8
Pogona_vitticeps_C9A	NC_086176.1	576	50	106	155	98443090	98443239	82.000	1.67e-16	89.4
Pogona_vitticeps_C9A	NC_086176.1	576	72	54	121	98440938	98441153	56.944	1.42e-13	79.7
Pogona_vitticeps_C9A	NC_086176.1	576	61	382	442	98459520	98459702	59.016	1.68e-12	76.3
Pogona_vitticeps_C9A	NC_086176.1	576	65	513	575	97703982	97703788	49.231	1.72e-08	63.5
Pogona_vitticeps_C9A	NC_086176.1	576	68	443	510	97704641	97704441	38.235	9.13e-07	57.8
Pogona_vitticeps_C9A	NC_086176.1	576	85	257	341	97652912	97653166	35.294	1.60e-06	57.0
Pogona_vitticeps_C9A	NC_086176.1	576	69	444	512	97661625	97661828	43.478	3.25e-06	55.8
Pogona_vitticeps_C9A	NC_086181.1	576	288	283	554	34717782	34718591	28.819	2.37e-12	75.9
Pogona_vitticeps_C9A	NC_086171.1	576	92	248	339	144859708	144859983	34.783	1.66e-09	66.6
Pogona_vitticeps_C9A	NC_086171.1	576	84	257	340	144919207	144918956	35.714	5.21e-08	62.0
Pogona_vitticeps_C9A	NC_086171.1	576	70	441	509	144898609	144898400	38.571	5.48e-08	61.6
Pogona_vitticeps_C9A	NC_086171.1	576	52	520	571	144897552	144897397	53.846	1.33e-07	60.5
Gekko_japonicus_C9A	NC_086176.1	582	86	291	376	98451068	98451325	62.791	8.29e-26	118
Gekko_japonicus_C9A	NC_086176.1	582	68	457	524	98462809	98463012	77.941	7.44e-24	112
Gekko_japonicus_C9A	NC_086176.1	582	45	173	217	98445537	98445671	77.778	6.37e-14	80.9
Gekko_japonicus_C9A	NC_086176.1	582	52	71	122	98440950	98441096	69.231	2.12e-12	76.3
Gekko_japonicus_C9A	NC_086176.1	582	103	457	549	97704638	97704333	34.951	2.62e-10	69.3
Gekko_japonicus_C9A	NC_086176.1	582	46	536	581	97703937	97703800	65.217	5.24e-10	68.2
Gekko_japonicus_C9A	NC_086176.1	582	56	117	172	98443075	98443239	57.143	1.24e-09	67.0
Gekko_japonicus_C9A	NC_086176.1	582	56	396	451	98459523	98459690	42.857	5.48e-07	58.5
Gekko_japonicus_C9A	NC_086176.1	582	72	457	526	97661625	97661837	40.278	8.18e-07	58.2
Gekko_japonicus_C9A	NC_086176.1	582	84	291	374	97652915	97653166	30.952	5.89e-06	55.1
Gekko_japonicus_C9A	NC_086181.1	582	222	316	512	34717782	34718405	29.279	2.52e-11	72.8
Gekko_japonicus_C9A	NC_086171.1	582	84	295	378	144919192	144918941	32.143	2.57e-07	59.7
Gekko_japonicus_C9A	NC_086171.1	582	67	457	522	144898600	144898400	37.313	4.95e-07	58.5
Gekko_japonicus_C9A	NC_086171.1	582	98	281	378	144859717	144860001	32.653	4.95e-07	58.5
Crotalus_tigris_C9A	NC_086176.1	583	76	276	351	98451077	98451304	61.842	3.32e-26	120
Crotalus_tigris_C9A	NC_086176.1	583	80	453	532	98462791	98463030	62.500	2.89e-24	114
Crotalus_tigris_C9A	NC_086176.1	583	47	157	203	98445537	98445677	70.213	1.05e-13	80.5
Crotalus_tigris_C9A	NC_086176.1	583	50	107	156	98443090	98443239	68.000	1.64e-12	76.6
Crotalus_tigris_C9A	NC_086176.1	583	62	396	457	98459517	98459702	51.613	3.00e-11	72.4
Crotalus_tigris_C9A	NC_086176.1	583	66	54	117	98440938	98441129	56.061	1.07e-10	70.5
Crotalus_tigris_C9A	NC_086176.1	583	69	457	525	97704644	97704441	40.580	2.76e-07	59.7
Crotalus_tigris_C9A	NC_086181.1	583	224	298	514	34717782	34718405	28.571	7.95e-11	70.9
Crotalus_tigris_C9A	NC_086171.1	583	47	537	583	144897537	144897397	57.447	1.37e-07	60.5
Crotalus_tigris_C9A	NC_086171.1	583	70	456	524	144898609	144898400	37.143	3.29e-06	55.8
Thamnophis_elegans_C9A	NC_086176.1	583	83	276	358	98451077	98451325	57.831	8.60e-26	118
Thamnophis_elegans_C9A	NC_086176.1	583	81	453	533	98462791	98463033	59.259	2.03e-21	105
Thamnophis_elegans_C9A	NC_086176.1	583	47	157	203	98445537	98445677	68.085	3.82e-13	78.6
Thamnophis_elegans_C9A	NC_086176.1	583	50	107	156	98443090	98443239	66.000	6.99e-12	74.3
Thamnophis_elegans_C9A	NC_086176.1	583	58	404	461	98459541	98459714	53.448	1.15e-11	73.6
Thamnophis_elegans_C9A	NC_086176.1	583	73	54	122	98440938	98441153	53.425	1.20e-11	73.6
Thamnophis_elegans_C9A	NC_086181.1	583	228	298	514	34717782	34718405	26.754	4.07e-10	68.6
Thamnophis_elegans_C9A	NC_086171.1	583	93	277	368	144859750	144860028	35.484	1.19e-07	60.8
Naja_naja_C9A	NC_086176.1	582	78	276	353	98451077	98451310	61.538	2.76e-26	120
Naja_naja_C9A	NC_086176.1	582	108	452	554	98462791	98463114	50.000	2.58e-23	110
Naja_naja_C9A	NC_086176.1	582	50	107	156	98443090	98443239	72.000	8.17e-13	77.4
Naja_naja_C9A	NC_086176.1	582	47	157	203	98445537	98445677	63.830	2.62e-12	75.9
Naja_naja_C9A	NC_086176.1	582	56	401	456	98459535	98459702	53.571	4.38e-10	68.6
Naja_naja_C9A	NC_086176.1	582	66	54	117	98440938	98441129	51.515	9.78e-10	67.4
Naja_naja_C9A	NC_086176.1	582	69	456	524	97704644	97704441	37.681	1.39e-07	60.5
Naja_naja_C9A	NC_086176.1	582	43	536	578	97703940	97703812	60.465	5.65e-06	55.1
Naja_naja_C9A	NC_086181.1	582	224	298	513	34717782	34718405	24.107	2.63e-09	66.2
Naja_naja_C9A	NC_086171.1	582	47	536	582	144897537	144897397	55.319	1.03e-06	57.8
Naja_naja_C9A	NC_086171.1	582	74	277	350	144859750	144859971	35.135	3.51e-06	55.8
Naja_naja_C9A	NC_086171.1	582	70	455	523	144898609	144898400	35.714	6.42e-06	55.1
Pseudonaja_textilis_C9A	NC_086176.1	583	78	276	353	98451077	98451310	58.974	1.81e-25	117
Pseudonaja_textilis_C9A	NC_086176.1	583	108	453	555	98462791	98463114	52.778	1.14e-24	115
Pseudonaja_textilis_C9A	NC_086176.1	583	47	157	203	98445537	98445677	63.830	2.59e-12	75.9
Pseudonaja_textilis_C9A	NC_086176.1	583	50	107	156	98443090	98443239	68.000	3.81e-12	75.1
Pseudonaja_textilis_C9A	NC_086176.1	583	62	396	457	98459517	98459702	48.387	7.12e-11	71.2
Pseudonaja_textilis_C9A	NC_086176.1	583	73	54	122	98440938	98441153	47.945	4.32e-10	68.6
Pseudonaja_textilis_C9A	NC_086176.1	583	71	457	527	97704644	97704435	36.620	3.00e-07	59.3
Pseudonaja_textilis_C9A	NC_086176.1	583	47	537	583	97703940	97703800	57.447	2.92e-06	56.2
Pseudonaja_textilis_C9A	NC_086181.1	583	222	298	514	34717782	34718405	24.324	2.12e-09	66.2
Pseudonaja_textilis_C9A	NC_086171.1	583	47	537	583	144897537	144897397	57.447	4.96e-07	58.5
Pseudonaja_textilis_C9A	NC_086171.1	583	74	277	350	144859750	144859971	33.784	4.50e-06	55.5
Python_bivittatus_C9A	NC_086176.1	582	80	453	532	98462791	98463030	63.750	2.95e-25	117
Python_bivittatus_C9A	NC_086176.1	582	80	276	355	98451077	98451316	57.500	6.43e-25	115
Python_bivittatus_C9A	NC_086176.1	582	47	157	203	98445537	98445677	65.957	4.40e-13	78.2
Python_bivittatus_C9A	NC_086176.1	582	50	107	156	98443090	98443239	66.000	1.18e-11	73.6
Python_bivittatus_C9A	NC_086176.1	582	54	404	457	98459541	98459702	53.704	1.82e-09	66.6
Python_bivittatus_C9A	NC_086176.1	582	73	54	122	98440938	98441153	47.945	2.59e-09	66.2
Python_bivittatus_C9A	NC_086176.1	582	67	459	525	97704638	97704441	40.299	2.17e-07	59.7
Python_bivittatus_C9A	NC_086176.1	582	44	203	246	98448214	98448345	56.818	2.77e-07	59.3
Python_bivittatus_C9A	NC_086176.1	582	42	533	574	97703949	97703824	59.524	2.79e-06	56.2
Python_bivittatus_C9A	NC_086181.1	582	222	298	514	34717782	34718405	26.126	5.72e-11	71.6
Python_bivittatus_C9A	NC_086171.1	582	70	456	524	144898609	144898400	40.000	9.64e-08	60.8
Python_bivittatus_C9A	NC_086171.1	582	48	531	578	144897552	144897409	52.083	1.40e-07	60.5
Python_bivittatus_C9A	NC_086171.1	582	79	277	355	144919192	144918956	35.443	5.67e-07	58.5
Python_bivittatus_C9A	NC_086171.1	582	93	277	368	144859750	144860028	33.333	3.79e-06	55.8
Notechis_scutatus_C9A	NC_086176.1	583	108	453	555	98462791	98463114	54.630	3.94e-26	119
Notechis_scutatus_C9A	NC_086176.1	583	78	276	353	98451077	98451310	58.974	1.76e-25	117
Notechis_scutatus_C9A	NC_086176.1	583	50	107	156	98443090	98443239	70.000	1.42e-12	76.6
Notechis_scutatus_C9A	NC_086176.1	583	47	157	203	98445537	98445677	63.830	2.61e-12	75.9
Notechis_scutatus_C9A	NC_086176.1	583	62	396	457	98459517	98459702	48.387	8.96e-11	70.9
Notechis_scutatus_C9A	NC_086176.1	583	66	54	117	98440938	98441129	53.030	3.02e-10	68.9
Notechis_scutatus_C9A	NC_086176.1	583	71	457	527	97704644	97704435	36.620	5.41e-07	58.5
Notechis_scutatus_C9A	NC_086176.1	583	47	537	583	97703940	97703800	57.447	2.82e-06	56.2
Notechis_scutatus_C9A	NC_086181.1	583	222	298	514	34717782	34718405	24.324	1.50e-09	67.0
Notechis_scutatus_C9A	NC_086171.1	583	47	537	583	144897537	144897397	57.447	4.84e-07	58.5
Notechis_scutatus_C9A	NC_086171.1	583	74	277	350	144859750	144859971	33.784	4.74e-06	55.5
Hydrophis_cyanocinctus_C9A	NC_086176.1	583	108	453	555	98462791	98463114	54.630	2.76e-26	120
Hydrophis_cyanocinctus_C9A	NC_086176.1	583	78	276	353	98451077	98451310	60.256	6.89e-26	119
Hydrophis_cyanocinctus_C9A	NC_086176.1	583	50	107	156	98443090	98443239	70.000	1.37e-12	76.6
Hydrophis_cyanocinctus_C9A	NC_086176.1	583	47	157	203	98445537	98445677	63.830	3.05e-12	75.5
Hydrophis_cyanocinctus_C9A	NC_086176.1	583	66	54	117	98440938	98441129	53.030	3.37e-10	68.9
Hydrophis_cyanocinctus_C9A	NC_086176.1	583	59	399	457	98459526	98459702	49.153	3.55e-10	68.9
Hydrophis_cyanocinctus_C9A	NC_086176.1	583	71	457	527	97704644	97704435	36.620	4.64e-07	58.9
Hydrophis_cyanocinctus_C9A	NC_086176.1	583	47	537	583	97703940	97703800	57.447	2.89e-06	56.2
Hydrophis_cyanocinctus_C9A	NC_086181.1	583	222	298	514	34717782	34718405	24.324	9.32e-10	67.4
Hydrophis_cyanocinctus_C9A	NC_086171.1	583	47	537	583	144897537	144897397	57.447	4.56e-07	58.9
Hydrophis_cyanocinctus_C9A	NC_086171.1	583	74	277	350	144859750	144859971	33.784	6.06e-06	55.1
Hydrophis_cyanocinctus_C9A	NC_086171.1	583	78	273	350	144919204	144918971	34.615	7.07e-06	55.1
Laticauda_colubrina_C9A	NC_086176.1	583	78	276	353	98451077	98451310	60.256	6.77e-26	119
Laticauda_colubrina_C9A	NC_086176.1	583	108	453	555	98462791	98463114	52.778	2.54e-25	117
Laticauda_colubrina_C9A	NC_086176.1	583	47	157	203	98445537	98445677	63.830	3.18e-12	75.5
Laticauda_colubrina_C9A	NC_086176.1	583	50	107	156	98443090	98443239	68.000	3.35e-12	75.5
Laticauda_colubrina_C9A	NC_086176.1	583	59	399	457	98459526	98459702	54.237	6.05e-11	71.2
Laticauda_colubrina_C9A	NC_086176.1	583	66	54	117	98440938	98441129	51.515	2.35e-09	66.2
Laticauda_colubrina_C9A	NC_086176.1	583	71	457	527	97704644	97704435	36.620	2.98e-07	59.3
Laticauda_colubrina_C9A	NC_086176.1	583	47	537	583	97703940	97703800	57.447	2.82e-06	56.2
Laticauda_colubrina_C9A	NC_086181.1	583	222	298	514	34717782	34718405	23.874	7.05e-09	64.7
Laticauda_colubrina_C9A	NC_086171.1	583	47	537	583	144897537	144897397	55.319	1.46e-06	57.0
Laticauda_colubrina_C9A	NC_086171.1	583	74	277	350	144859750	144859971	33.784	4.35e-06	55.5
Protobothrops_mucrosquamatus_C9A	NC_086176.1	583	80	276	355	98451077	98451316	62.500	3.32e-27	123
Protobothrops_mucrosquamatus_C9A	NC_086176.1	583	90	453	541	98462791	98463060	58.889	8.09e-25	115
Protobothrops_mucrosquamatus_C9A	NC_086176.1	583	47	157	203	98445537	98445677	72.340	3.58e-15	85.1
Protobothrops_mucrosquamatus_C9A	NC_086176.1	583	50	107	156	98443090	98443239	66.000	1.26e-11	73.6
Protobothrops_mucrosquamatus_C9A	NC_086176.1	583	54	404	457	98459541	98459702	55.556	2.46e-11	72.8
Protobothrops_mucrosquamatus_C9A	NC_086176.1	583	66	54	117	98440938	98441129	51.515	2.58e-09	66.2
Protobothrops_mucrosquamatus_C9A	NC_086176.1	583	69	457	525	97704644	97704441	40.580	1.06e-07	60.8
Protobothrops_mucrosquamatus_C9A	NC_086176.1	583	43	537	579	97703940	97703812	58.140	4.37e-07	58.9
Protobothrops_mucrosquamatus_C9A	NC_086176.1	583	118	203	272	98448214	98448567	29.661	1.13e-06	57.4
Protobothrops_mucrosquamatus_C9A	NC_086181.1	583	232	298	514	34717782	34718405	27.155	2.54e-12	75.9
Protobothrops_mucrosquamatus_C9A	NC_086171.1	583	78	277	354	144859750	144859983	34.615	1.88e-07	60.1
Protobothrops_mucrosquamatus_C9A	NC_086171.1	583	47	537	583	144897537	144897397	57.447	2.08e-07	60.1
Protobothrops_mucrosquamatus_C9A	NC_086171.1	583	79	277	355	144919192	144918956	32.911	8.63e-07	57.8
Protobothrops_mucrosquamatus_C9A	NC_086171.1	583	70	456	524	144898609	144898400	35.714	3.43e-06	55.8
Chrysopelea_ornata_C9A	NC_086176.1	584	83	276	358	98451077	98451325	59.036	4.01e-27	122
Chrysopelea_ornata_C9A	NC_086176.1	584	80	454	533	98462791	98463030	63.750	1.61e-24	114
Chrysopelea_ornata_C9A	NC_086176.1	584	47	157	203	98445537	98445677	68.085	1.00e-13	80.5
Chrysopelea_ornata_C9A	NC_086176.1	584	50	107	156	98443090	98443239	68.000	1.68e-12	76.3
Chrysopelea_ornata_C9A	NC_086176.1	584	54	405	458	98459541	98459702	53.704	7.20e-11	71.2
Chrysopelea_ornata_C9A	NC_086176.1	584	73	54	122	98440938	98441153	46.575	1.58e-08	63.5
Chrysopelea_ornata_C9A	NC_086176.1	584	69	458	526	97704644	97704441	40.580	1.16e-07	60.8
Chrysopelea_ornata_C9A	NC_086176.1	584	47	538	584	97703940	97703800	53.191	1.51e-06	57.0
Chrysopelea_ornata_C9A	NC_086176.1	584	119	202	272	98448211	98448567	29.412	8.47e-06	54.7
Chrysopelea_ornata_C9A	NC_086181.1	584	228	298	515	34717782	34718405	28.509	1.65e-11	73.2
Chrysopelea_ornata_C9A	NC_086171.1	584	84	277	360	144919192	144918941	33.333	3.25e-07	59.3
Chrysopelea_ornata_C9A	NC_086171.1	584	93	277	368	144859750	144860028	33.333	1.44e-06	57.0
Chrysopelea_ornata_C9A	NC_086171.1	584	75	457	530	144898609	144898385	34.667	8.62e-06	54.7
Pituophis_catenifer_C9A	NC_086176.1	583	82	277	358	98451080	98451325	57.317	1.61e-25	117
Pituophis_catenifer_C9A	NC_086176.1	583	80	453	532	98462791	98463030	62.500	6.07e-24	112
Pituophis_catenifer_C9A	NC_086176.1	583	47	157	203	98445537	98445677	65.957	5.11e-13	78.2
Pituophis_catenifer_C9A	NC_086176.1	583	60	398	457	98459523	98459702	51.667	1.07e-11	73.9
Pituophis_catenifer_C9A	NC_086176.1	583	50	107	156	98443090	98443239	64.000	4.19e-11	72.0
Pituophis_catenifer_C9A	NC_086176.1	583	73	54	122	98440938	98441153	50.685	7.49e-11	71.2
Pituophis_catenifer_C9A	NC_086176.1	583	58	526	583	97703964	97703800	48.276	1.18e-06	57.4
Pituophis_catenifer_C9A	NC_086176.1	583	69	457	525	97704644	97704441	40.580	3.26e-06	55.8
Pituophis_catenifer_C9A	NC_086181.1	583	226	298	516	34717782	34718411	26.991	4.22e-11	72.0
Pituophis_catenifer_C9A	NC_086171.1	583	75	456	529	144898609	144898385	36.000	1.36e-06	57.4
Pituophis_catenifer_C9A	NC_086171.1	583	88	273	360	144859738	144860001	32.955	4.24e-06	55.5
Pantherophis_obsoletus_C9A	NC_086176.1	583	83	276	358	98451077	98451325	60.241	1.71e-28	127
Pantherophis_obsoletus_C9A	NC_086176.1	583	80	453	532	98462791	98463030	62.500	5.91e-24	112
Pantherophis_obsoletus_C9A	NC_086176.1	583	47	157	203	98445537	98445677	68.085	1.10e-13	80.1
Pantherophis_obsoletus_C9A	NC_086176.1	583	73	54	122	98440938	98441153	52.055	1.58e-11	73.2
Pantherophis_obsoletus_C9A	NC_086176.1	583	50	107	156	98443090	98443239	62.000	2.18e-11	72.8
Pantherophis_obsoletus_C9A	NC_086176.1	583	54	404	457	98459541	98459702	51.852	2.11e-10	69.7
Pantherophis_obsoletus_C9A	NC_086176.1	583	70	514	583	97703985	97703800	41.429	1.27e-06	57.4
Pantherophis_obsoletus_C9A	NC_086176.1	583	118	203	272	98448214	98448567	31.356	1.55e-06	57.0
Pantherophis_obsoletus_C9A	NC_086176.1	583	69	457	525	97704644	97704441	40.580	3.31e-06	55.8
Pantherophis_obsoletus_C9A	NC_086181.1	583	230	298	516	34717782	34718411	28.261	8.09e-12	74.3
Pantherophis_obsoletus_C9A	NC_086171.1	583	84	277	360	144859750	144860001	35.714	4.61e-08	62.0
Pantherophis_obsoletus_C9A	NC_086171.1	583	99	277	370	144919192	144918896	33.333	2.45e-07	59.7
Pantherophis_obsoletus_C9A	NC_086171.1	583	75	456	529	144898609	144898385	36.000	1.36e-06	57.4
Bothrops_jararaca_C9A	NC_086176.1	583	80	276	355	98451077	98451316	63.750	8.53e-27	121
Bothrops_jararaca_C9A	NC_086176.1	583	90	453	541	98462791	98463060	58.889	3.19e-25	117
Bothrops_jararaca_C9A	NC_086176.1	583	47	157	203	98445537	98445677	72.340	3.52e-15	85.1
Bothrops_jararaca_C9A	NC_086176.1	583	54	404	457	98459541	98459702	53.704	1.94e-11	73.2
Bothrops_jararaca_C9A	NC_086176.1	583	50	107	156	98443090	98443239	68.000	2.55e-11	72.8
Bothrops_jararaca_C9A	NC_086176.1	583	73	54	122	98440938	98441153	49.315	2.34e-10	69.3
Bothrops_jararaca_C9A	NC_086176.1	583	47	203	249	98448214	98448354	53.191	4.56e-07	58.9
Bothrops_jararaca_C9A	NC_086176.1	583	43	537	579	97703940	97703812	58.140	9.81e-07	57.8
Bothrops_jararaca_C9A	NC_086176.1	583	69	457	525	97704644	97704441	37.681	2.57e-06	56.2
Bothrops_jararaca_C9A	NC_086181.1	583	226	298	514	34717782	34718405	27.434	1.08e-10	70.5
Bothrops_jararaca_C9A	NC_086171.1	583	47	537	583	144897537	144897397	55.319	5.50e-07	58.5
Bothrops_jararaca_C9A	NC_086171.1	583	78	277	354	144859750	144859983	34.615	5.94e-07	58.5
Bothrops_jararaca_C9A	NC_086171.1	583	79	277	355	144919192	144918956	32.911	1.77e-06	57.0
Bothrops_jararaca_C9A	NC_086171.1	583	70	456	524	144898609	144898400	35.714	2.01e-06	56.6
Ptyas_mucosa_C9A	NC_086176.1	583	83	276	358	98451077	98451325	61.446	1.93e-27	124
Ptyas_mucosa_C9A	NC_086176.1	583	90	453	541	98462791	98463060	56.667	8.79e-24	112
Ptyas_mucosa_C9A	NC_086176.1	583	47	157	203	98445537	98445677	68.085	1.43e-13	79.7
Ptyas_mucosa_C9A	NC_086176.1	583	50	107	156	98443090	98443239	68.000	2.84e-12	75.9
Ptyas_mucosa_C9A	NC_086176.1	583	73	54	122	98440938	98441153	52.055	1.04e-11	73.9
Ptyas_mucosa_C9A	NC_086176.1	583	54	404	457	98459541	98459702	51.852	3.34e-10	68.9
Ptyas_mucosa_C9A	NC_086176.1	583	78	457	534	97704644	97704420	41.026	7.30e-08	61.2
Ptyas_mucosa_C9A	NC_086176.1	583	47	537	583	97703940	97703800	55.319	1.34e-07	60.5
Ptyas_mucosa_C9A	NC_086176.1	583	118	203	272	98448214	98448567	33.051	3.49e-06	55.8
Ptyas_mucosa_C9A	NC_086181.1	583	228	298	514	34717782	34718405	27.632	4.33e-12	75.1
Ptyas_mucosa_C9A	NC_086171.1	583	84	277	360	144859750	144860001	35.714	4.12e-08	62.0
Ptyas_mucosa_C9A	NC_086171.1	583	82	274	355	144919201	144918956	35.366	6.46e-07	58.2
Ptyas_mucosa_C9A	NC_086171.1	583	47	537	583	144897537	144897397	53.191	1.31e-06	57.4
Ptyas_mucosa_C9A	NC_086171.1	583	75	456	529	144898609	144898385	34.667	6.06e-06	55.1
Vipera_berus_C9A	NC_086176.1	583	81	275	355	98451074	98451316	59.259	1.48e-25	117
Vipera_berus_C9A	NC_086176.1	583	90	453	541	98462791	98463060	56.667	3.64e-24	113
Vipera_berus_C9A	NC_086176.1	583	47	157	203	98445537	98445677	74.468	2.23e-15	85.9
Vipera_berus_C9A	NC_086176.1	583	50	107	156	98443090	98443239	70.000	5.62e-13	77.8
Vipera_berus_C9A	NC_086176.1	583	54	404	457	98459541	98459702	53.704	1.36e-11	73.6
Vipera_berus_C9A	NC_086176.1	583	73	54	122	98440938	98441153	50.685	3.67e-10	68.9
Vipera_berus_C9A	NC_086176.1	583	47	203	249	98448214	98448354	57.447	5.46e-08	61.6
Vipera_berus_C9A	NC_086176.1	583	69	457	525	97704644	97704441	40.580	6.48e-08	61.6
Vipera_berus_C9A	NC_086176.1	583	43	537	579	97703940	97703812	58.140	2.93e-07	59.3
Vipera_berus_C9A	NC_086181.1	583	228	298	514	34717782	34718405	25.877	2.95e-11	72.4
Vipera_berus_C9A	NC_086171.1	583	96	274	368	144859741	144860028	34.375	4.15e-07	58.9
Vipera_berus_C9A	NC_086171.1	583	43	537	579	144897537	144897409	58.140	9.09e-07	57.8
Vipera_berus_C9A	NC_086171.1	583	70	456	524	144898609	144898400	35.714	3.31e-06	55.8
Sceloporus_undulatus_C9A	NC_086176.1	591	83	277	359	98451068	98451316	69.880	3.60e-31	135
Sceloporus_undulatus_C9A	NC_086176.1	591	81	457	537	98462791	98463033	70.370	5.66e-30	131
Sceloporus_undulatus_C9A	NC_086176.1	591	72	54	121	98440938	98441153	58.333	3.07e-15	85.1
Sceloporus_undulatus_C9A	NC_086176.1	591	58	408	465	98459541	98459714	62.069	3.78e-13	78.6
Sceloporus_undulatus_C9A	NC_086176.1	591	47	156	202	98445537	98445677	68.085	1.31e-12	76.6
Sceloporus_undulatus_C9A	NC_086176.1	591	50	106	155	98443090	98443239	68.000	2.83e-12	75.9
Sceloporus_undulatus_C9A	NC_086176.1	591	62	530	591	97703964	97703788	46.774	1.29e-08	63.9
Sceloporus_undulatus_C9A	NC_086176.1	591	121	201	277	98448211	98448570	33.058	3.77e-07	58.9
Sceloporus_undulatus_C9A	NC_086176.1	591	111	250	360	97652837	97653166	31.532	8.99e-07	57.8
Sceloporus_undulatus_C9A	NC_086176.1	591	70	462	531	97704641	97704435	35.714	2.41e-06	56.6
Sceloporus_undulatus_C9A	NC_086181.1	591	222	302	518	34717782	34718405	25.676	1.83e-10	69.7
Sceloporus_undulatus_C9A	NC_086171.1	591	78	281	358	144859750	144859983	38.462	3.62e-08	62.4
Sceloporus_undulatus_C9A	NC_086171.1	591	81	449	528	144898642	144898400	32.099	4.11e-07	58.9
Sceloporus_undulatus_C9A	NC_086171.1	591	47	541	587	144897537	144897397	51.064	4.68e-06	55.5
Anolis_carolinensis_C9B	NC_086176.1	538	81	277	357	98451068	98451310	70.370	2.93e-28	125
Anolis_carolinensis_C9B	NC_086176.1	538	75	457	531	98462791	98463015	74.667	1.70e-26	120
Anolis_carolinensis_C9B	NC_086176.1	538	50	106	155	98443090	98443239	76.000	5.39e-16	87.4
Anolis_carolinensis_C9B	NC_086176.1	538	47	156	202	98445537	98445677	78.723	8.55e-16	86.7
Anolis_carolinensis_C9B	NC_086176.1	538	54	54	107	98440938	98441099	66.667	5.53e-15	84.0
Anolis_carolinensis_C9B	NC_086176.1	538	62	399	460	98459514	98459699	54.839	8.07e-13	77.0
Anolis_carolinensis_C9B	NC_086176.1	538	71	462	532	97704641	97704432	39.437	9.76e-09	63.9
Anolis_carolinensis_C9B	NC_086176.1	538	80	281	360	97652927	97653166	36.250	9.46e-07	57.4
Anolis_carolinensis_C9B	NC_086171.1	538	76	281	356	144859750	144859977	40.789	1.71e-09	66.6
Anolis_carolinensis_C9B	NC_086171.1	538	84	281	364	144919192	144918941	34.524	1.05e-07	60.8
Anolis_carolinensis_C9B	NC_086181.1	538	222	302	518	34717782	34718405	26.126	7.74e-08	61.2
Hydrophis_cyanocinctus_C9B	NC_086176.1	582	83	275	357	98451077	98451325	59.036	5.04e-27	122
Hydrophis_cyanocinctus_C9B	NC_086176.1	582	80	452	531	98462791	98463030	57.500	2.64e-21	104
Hydrophis_cyanocinctus_C9B	NC_086176.1	582	47	156	202	98445537	98445677	72.340	2.33e-14	82.4
Hydrophis_cyanocinctus_C9B	NC_086176.1	582	50	106	155	98443090	98443239	68.000	2.71e-12	75.9
Hydrophis_cyanocinctus_C9B	NC_086176.1	582	73	53	121	98440938	98441153	50.685	2.91e-10	69.3
Hydrophis_cyanocinctus_C9B	NC_086176.1	582	69	456	524	97704644	97704441	42.029	1.36e-08	63.9
Hydrophis_cyanocinctus_C9B	NC_086176.1	582	54	403	456	98459541	98459702	46.296	1.54e-08	63.5
Hydrophis_cyanocinctus_C9B	NC_086176.1	582	48	535	582	97703943	97703800	52.083	2.10e-06	56.6
Hydrophis_cyanocinctus_C9B	NC_086176.1	582	47	202	248	98448214	98448354	51.064	4.61e-06	55.5
Hydrophis_cyanocinctus_C9B	NC_086181.1	582	225	297	513	34717782	34718405	27.111	3.85e-10	68.9
Hydrophis_cyanocinctus_C9B	NC_086171.1	582	84	276	359	144859750	144860001	34.524	1.54e-07	60.5
Hydrophis_cyanocinctus_C9B	NC_086171.1	582	73	455	526	144898609	144898391	36.986	1.76e-06	57.0
Hydrophis_cyanocinctus_C9B	NC_086171.1	582	79	276	354	144919192	144918956	31.646	8.28e-06	54.7
Bothrops_jararaca_C9B	NC_086176.1	583	80	276	355	98451077	98451316	63.750	8.30e-27	121
Bothrops_jararaca_C9B	NC_086176.1	583	90	453	541	98462791	98463060	58.889	3.71e-25	116
Bothrops_jararaca_C9B	NC_086176.1	583	47	157	203	98445537	98445677	74.468	1.43e-15	86.3
Bothrops_jararaca_C9B	NC_086176.1	583	50	107	156	98443090	98443239	66.000	1.33e-11	73.6
Bothrops_jararaca_C9B	NC_086176.1	583	54	404	457	98459541	98459702	55.556	3.38e-11	72.0
Bothrops_jararaca_C9B	NC_086176.1	583	73	54	122	98440938	98441153	49.315	3.77e-10	68.9
Bothrops_jararaca_C9B	NC_086176.1	583	118	203	272	98448214	98448567	30.508	3.91e-07	58.9
Bothrops_jararaca_C9B	NC_086176.1	583	69	457	525	97704644	97704441	37.681	2.63e-06	56.2
Bothrops_jararaca_C9B	NC_086176.1	583	43	537	579	97703940	97703812	55.814	3.46e-06	55.8
Bothrops_jararaca_C9B	NC_086181.1	583	232	298	514	34717782	34718405	26.293	6.20e-11	71.2
Bothrops_jararaca_C9B	NC_086171.1	583	78	277	354	144859750	144859983	34.615	6.09e-07	58.5
Bothrops_jararaca_C9B	NC_086171.1	583	79	277	355	144919192	144918956	32.911	1.91e-06	56.6
Bothrops_jararaca_C9B	NC_086171.1	583	47	537	583	144897537	144897397	53.191	1.92e-06	56.6
Bothrops_jararaca_C9B	NC_086171.1	583	70	456	524	144898609	144898400	35.714	2.24e-06	56.6
Laticauda_colubrina_C9B	NC_086176.1	583	80	276	355	98451077	98451316	61.250	1.09e-27	124
Laticauda_colubrina_C9B	NC_086176.1	583	80	453	532	98462791	98463030	58.750	1.59e-22	108
Laticauda_colubrina_C9B	NC_086176.1	583	46	157	202	98445537	98445674	73.913	8.92e-15	83.6
Laticauda_colubrina_C9B	NC_086176.1	583	50	107	156	98443090	98443239	70.000	1.75e-13	79.7
Laticauda_colubrina_C9B	NC_086176.1	583	73	54	122	98440938	98441153	47.945	2.95e-09	65.9
Laticauda_colubrina_C9B	NC_086176.1	583	54	404	457	98459541	98459702	48.148	1.26e-08	63.9
Laticauda_colubrina_C9B	NC_086176.1	583	69	457	525	97704644	97704441	40.580	5.75e-08	61.6
Laticauda_colubrina_C9B	NC_086176.1	583	94	263	356	97652888	97653166	30.851	4.06e-06	55.8
Laticauda_colubrina_C9B	NC_086181.1	583	222	298	514	34717782	34718405	26.577	5.84e-11	71.2
Laticauda_colubrina_C9B	NC_086171.1	583	81	274	354	144859741	144859983	33.333	1.77e-07	60.1
Laticauda_colubrina_C9B	NC_086171.1	583	84	277	360	144919192	144918941	28.571	3.55e-06	55.8
Pseudonaja_textilis_C9B	NC_086176.1	583	83	276	358	98451077	98451325	60.241	6.55e-28	125
Pseudonaja_textilis_C9B	NC_086176.1	583	80	453	532	98462791	98463030	60.000	9.23e-23	109
Pseudonaja_textilis_C9B	NC_086176.1	583	47	157	203	98445537	98445677	74.468	7.97e-15	84.0
Pseudonaja_textilis_C9B	NC_086176.1	583	50	107	156	98443090	98443239	70.000	7.21e-13	77.8
Pseudonaja_textilis_C9B	NC_086176.1	583	73	54	122	98440938	98441153	50.685	1.21e-10	70.5
Pseudonaja_textilis_C9B	NC_086176.1	583	69	457	525	97704644	97704441	42.029	6.26e-09	64.7
Pseudonaja_textilis_C9B	NC_086176.1	583	54	404	457	98459541	98459702	50.000	1.29e-08	63.9
Pseudonaja_textilis_C9B	NC_086176.1	583	59	525	583	97703976	97703800	44.068	4.56e-07	58.9
Pseudonaja_textilis_C9B	NC_086181.1	583	227	298	514	34717782	34718405	27.753	1.76e-10	69.7
Pseudonaja_textilis_C9B	NC_086171.1	583	87	274	360	144859741	144860001	34.483	5.46e-08	61.6
Pseudonaja_textilis_C9B	NC_086171.1	583	70	456	524	144898609	144898400	38.571	1.92e-06	56.6
Pseudonaja_textilis_C9B	NC_086171.1	583	78	277	354	144919192	144918959	32.051	2.63e-06	56.2
Notechis_scutatus_C9B	NC_086176.1	583	83	276	358	98451077	98451325	59.036	2.98e-27	123
Notechis_scutatus_C9B	NC_086176.1	583	80	453	532	98462791	98463030	58.750	1.52e-22	108
Notechis_scutatus_C9B	NC_086176.1	583	47	157	203	98445537	98445677	72.340	1.59e-14	82.8
Notechis_scutatus_C9B	NC_086176.1	583	50	107	156	98443090	98443239	68.000	2.42e-12	75.9
Notechis_scutatus_C9B	NC_086176.1	583	73	54	122	98440938	98441153	50.685	2.26e-10	69.7
Notechis_scutatus_C9B	NC_086176.1	583	69	457	525	97704644	97704441	42.029	6.93e-09	64.7
Notechis_scutatus_C9B	NC_086176.1	583	54	404	457	98459541	98459702	46.296	1.79e-08	63.5
Notechis_scutatus_C9B	NC_086176.1	583	48	536	583	97703943	97703800	52.083	2.20e-06	56.6
Notechis_scutatus_C9B	NC_086176.1	583	47	203	249	98448214	98448354	51.064	7.57e-06	54.7
Notechis_scutatus_C9B	NC_086181.1	583	228	298	514	34717782	34718405	28.509	1.33e-10	70.1
Notechis_scutatus_C9B	NC_086171.1	583	87	274	360	144859741	144860001	33.333	1.14e-07	60.8
Notechis_scutatus_C9B	NC_086171.1	583	70	456	524	144898609	144898400	38.571	1.89e-06	56.6
Pituophis_catenifer_C9B	NC_086176.1	583	82	277	358	98451080	98451325	57.317	2.65e-25	117
Pituophis_catenifer_C9B	NC_086176.1	583	80	453	532	98462791	98463030	63.750	1.33e-24	115
Pituophis_catenifer_C9B	NC_086176.1	583	50	107	156	98443090	98443239	70.000	1.23e-13	80.1
Pituophis_catenifer_C9B	NC_086176.1	583	47	157	203	98445537	98445677	65.957	2.17e-13	79.3
Pituophis_catenifer_C9B	NC_086176.1	583	60	398	457	98459523	98459702	51.667	1.39e-10	70.1
Pituophis_catenifer_C9B	NC_086176.1	583	66	54	117	98440938	98441129	54.545	1.12e-09	67.4
Pituophis_catenifer_C9B	NC_086176.1	583	69	457	525	97704644	97704441	42.029	9.59e-08	60.8
Pituophis_catenifer_C9B	NC_086181.1	583	228	298	514	34717782	34718405	27.193	8.37e-12	74.3
Pituophis_catenifer_C9B	NC_086171.1	583	47	537	583	144897537	144897397	59.574	6.99e-08	61.6
Pituophis_catenifer_C9B	NC_086171.1	583	75	456	529	144898609	144898385	37.333	2.60e-07	59.7
Pituophis_catenifer_C9B	NC_086171.1	583	78	273	350	144859738	144859971	33.333	3.43e-06	55.8
Pantherophis_obsoletus_C9B	NC_086176.1	583	83	276	358	98451077	98451325	60.241	1.84e-27	124
Pantherophis_obsoletus_C9B	NC_086176.1	583	81	453	533	98462791	98463033	60.494	3.80e-24	113
Pantherophis_obsoletus_C9B	NC_086176.1	583	50	107	156	98443090	98443239	70.000	1.56e-13	79.7
Pantherophis_obsoletus_C9B	NC_086176.1	583	47	157	203	98445537	98445677	65.957	2.69e-13	79.0
Pantherophis_obsoletus_C9B	NC_086176.1	583	60	398	457	98459523	98459702	51.667	2.00e-10	69.7
Pantherophis_obsoletus_C9B	NC_086176.1	583	66	54	117	98440938	98441129	53.030	1.77e-09	66.6
Pantherophis_obsoletus_C9B	NC_086176.1	583	69	457	525	97704644	97704441	33.333	1.33e-06	57.4
Pantherophis_obsoletus_C9B	NC_086181.1	583	224	298	514	34717782	34718405	25.446	1.26e-10	70.5
Pantherophis_obsoletus_C9B	NC_086171.1	583	87	274	360	144859741	144860001	35.632	8.81e-09	64.3
Pantherophis_obsoletus_C9B	NC_086171.1	583	47	537	583	144897537	144897397	57.447	1.09e-07	60.8
Pantherophis_obsoletus_C9B	NC_086171.1	583	102	274	370	144919201	144918896	33.333	3.98e-07	58.9
Pantherophis_obsoletus_C9B	NC_086171.1	583	70	456	524	144898609	144898400	37.143	1.51e-06	57.0
Crotalus_tigris_C9B	NC_086176.1	583	77	276	352	98451077	98451307	61.039	3.10e-26	120
Crotalus_tigris_C9B	NC_086176.1	583	80	453	532	98462791	98463030	65.000	2.01e-25	117
Crotalus_tigris_C9B	NC_086176.1	583	47	157	203	98445537	98445677	70.213	1.15e-13	80.1
Crotalus_tigris_C9B	NC_086176.1	583	50	107	156	98443090	98443239	68.000	1.51e-12	76.6
Crotalus_tigris_C9B	NC_086176.1	583	62	396	457	98459517	98459702	51.613	3.10e-11	72.4
Crotalus_tigris_C9B	NC_086176.1	583	66	54	117	98440938	98441129	54.545	3.02e-10	68.9
Crotalus_tigris_C9B	NC_086176.1	583	69	457	525	97704644	97704441	40.580	1.00e-07	60.8
Crotalus_tigris_C9B	NC_086181.1	583	224	298	514	34717782	34718405	29.018	8.30e-11	70.9
Crotalus_tigris_C9B	NC_086171.1	583	47	537	583	144897537	144897397	59.574	7.75e-08	61.2
Crotalus_tigris_C9B	NC_086171.1	583	70	456	524	144898609	144898400	37.143	2.38e-06	56.6
Ptyas_mucosa_C9B	NC_086176.1	583	77	277	353	98451080	98451310	59.740	5.99e-25	115
Ptyas_mucosa_C9B	NC_086176.1	583	81	453	533	98462791	98463033	59.259	4.45e-23	110
Ptyas_mucosa_C9B	NC_086176.1	583	47	157	203	98445537	98445677	65.957	2.20e-13	79.3
Ptyas_mucosa_C9B	NC_086176.1	583	50	107	156	98443090	98443239	70.000	5.87e-13	77.8
Ptyas_mucosa_C9B	NC_086176.1	583	66	54	117	98440938	98441129	51.515	2.12e-09	66.2
Ptyas_mucosa_C9B	NC_086176.1	583	54	404	457	98459541	98459702	53.704	4.45e-09	65.5
Ptyas_mucosa_C9B	NC_086181.1	583	222	298	514	34717782	34718405	24.775	7.88e-09	64.7
Ptyas_mucosa_C9B	NC_086171.1	583	47	537	583	144897537	144897397	57.447	1.82e-07	60.1
Ptyas_mucosa_C9B	NC_086171.1	583	78	273	350	144859738	144859971	33.333	3.26e-06	55.8
