# Elgaria_multicarinata_copy1 subject=NC_086176.1 region_offset=98418139 (add to sstart/send)
Lacerta_agilis_C9A	region	589	84	277	360	32936	33187	69.048	3.28e-35	134
Lacerta_agilis_C9A	region	589	74	461	534	44671	44892	71.622	2.11e-31	122
Lacerta_agilis_C9A	region	589	47	155	201	27399	27539	89.362	1.41e-22	94.4
Lacerta_agilis_C9A	region	589	53	53	105	22800	22958	71.698	3.57e-21	90.1
Lacerta_agilis_C9A	region	589	55	100	154	24937	25101	76.364	2.84e-20	87.0
Lacerta_agilis_C9A	region	589	61	399	458	41379	41561	65.574	8.31e-18	79.3
Lacerta_agilis_C9A	region	589	42	201	242	30076	30201	59.524	5.98e-11	57.0
Lacerta_agilis_C9A	region	589	29	28	56	18080	18166	75.862	8.22e-10	53.1
Lacerta_agilis_C9A	region	589	47	539	584	46751	46891	59.574	1.44e-04	36.2
Lacerta_agilis_C9A	region	589	25	355	379	37724	37798	52.000	0.001	33.5
Lacerta_agilis_C9A	region	589	21	240	260	56535	56473	52.381	0.72	23.9
Zootoca_vivipara_C9A	region	589	84	277	360	32936	33187	67.857	1.11e-34	132
Zootoca_vivipara_C9A	region	589	74	461	534	44671	44892	71.622	2.83e-31	122
Zootoca_vivipara_C9A	region	589	47	155	201	27399	27539	89.362	1.64e-22	94.4
Zootoca_vivipara_C9A	region	589	53	53	105	22800	22958	73.585	7.47e-22	92.0
Zootoca_vivipara_C9A	region	589	55	100	154	24937	25101	74.545	4.52e-20	86.3
Zootoca_vivipara_C9A	region	589	53	406	458	41403	41561	69.811	2.25e-17	77.8
Zootoca_vivipara_C9A	region	589	42	201	242	30076	30201	57.143	1.61e-10	55.5
Zootoca_vivipara_C9A	region	589	29	28	56	18080	18166	72.414	1.21e-09	52.8
Zootoca_vivipara_C9A	region	589	36	356	391	37727	37828	44.444	6.82e-05	37.0
Zootoca_vivipara_C9A	region	589	47	539	584	46751	46891	59.574	7.36e-05	37.0
Podarcis_muralis_C9A	region	589	84	277	360	32936	33187	69.048	2.04e-35	134
Podarcis_muralis_C9A	region	589	93	446	534	44614	44892	58.065	9.82e-30	117
Podarcis_muralis_C9A	region	589	47	155	201	27399	27539	89.362	1.60e-22	94.4
Podarcis_muralis_C9A	region	589	53	53	105	22800	22958	73.585	1.33e-21	91.3
Podarcis_muralis_C9A	region	589	55	100	154	24937	25101	76.364	2.77e-20	87.0
Podarcis_muralis_C9A	region	589	59	400	458	41385	41561	59.322	1.04e-16	75.5
Podarcis_muralis_C9A	region	589	43	201	243	30076	30204	58.140	1.87e-10	55.5
Podarcis_muralis_C9A	region	589	29	28	56	18080	18166	75.862	5.75e-10	53.5
Podarcis_muralis_C9A	region	589	36	356	391	37727	37828	44.444	1.22e-04	36.2
Podarcis_muralis_C9A	region	589	47	539	584	46751	46891	59.574	1.59e-04	35.8
Anolis_carolinensis_C9A	region	591	81	457	537	44653	44895	72.840	2.88e-35	134
Anolis_carolinensis_C9A	region	591	92	268	359	32906	33178	67.391	1.34e-34	132
Anolis_carolinensis_C9A	region	591	47	156	202	27399	27539	82.979	1.31e-21	91.3
Anolis_carolinensis_C9A	region	591	50	106	155	24952	25101	80.000	8.86e-21	88.6
Anolis_carolinensis_C9A	region	591	51	57	107	22809	22961	74.510	9.74e-20	85.5
Anolis_carolinensis_C9A	region	591	54	408	461	41403	41564	53.704	4.24e-15	70.5
Anolis_carolinensis_C9A	region	591	120	201	277	30073	30432	32.500	3.36e-10	54.3
Anolis_carolinensis_C9A	region	591	41	26	66	18071	18190	58.537	9.56e-09	49.7
Anolis_carolinensis_C9A	region	591	51	537	587	46739	46891	60.784	1.61e-08	48.9
Anolis_carolinensis_C9A	region	591	27	358	384	37727	37807	44.444	0.029	28.5
Pogona_vitticeps_C9A	region	576	78	438	515	44653	44886	78.205	1.90e-35	134
Pogona_vitticeps_C9A	region	576	84	257	340	32927	33178	65.476	2.17e-33	128
Pogona_vitticeps_C9A	region	576	49	156	204	27399	27545	79.592	3.86e-22	92.8
Pogona_vitticeps_C9A	region	576	50	106	155	24952	25101	82.000	5.66e-21	89.4
Pogona_vitticeps_C9A	region	576	72	54	121	22800	23015	56.944	4.82e-18	79.7
Pogona_vitticeps_C9A	region	576	61	382	442	41382	41564	59.016	5.73e-17	76.3
Pogona_vitticeps_C9A	region	576	32	26	57	18071	18166	71.875	4.60e-10	53.9
Pogona_vitticeps_C9A	region	576	48	524	571	46748	46891	64.583	5.34e-07	43.9
Gekko_japonicus_C9A	region	582	86	291	376	32930	33187	62.791	2.81e-30	118
Gekko_japonicus_C9A	region	582	68	457	524	44671	44874	77.941	2.52e-28	112
Gekko_japonicus_C9A	region	582	45	173	217	27399	27533	77.778	2.17e-18	80.9
Gekko_japonicus_C9A	region	582	52	71	122	22812	22958	69.231	7.21e-17	76.3
Gekko_japonicus_C9A	region	582	56	117	172	24937	25101	57.143	4.24e-14	67.0
Gekko_japonicus_C9A	region	582	56	396	451	41385	41552	42.857	1.87e-11	58.5
Gekko_japonicus_C9A	region	582	55	218	272	30073	30237	40.000	3.64e-08	47.8
Gekko_japonicus_C9A	region	582	31	39	69	18071	18163	58.065	9.90e-07	43.1
Gekko_japonicus_C9A	region	582	52	530	581	46736	46891	53.846	0.001	33.5
Gekko_japonicus_C9A	region	582	20	372	391	37727	37786	55.000	0.26	25.4
Gekko_japonicus_C9A	region	582	28	32	56	1372	1455	46.429	0.38	25.0
Gekko_japonicus_C9A	region	582	28	312	337	11291	11374	39.286	0.67	23.9
Crotalus_tigris_C9A	region	583	76	276	351	32939	33166	61.842	1.13e-30	120
Crotalus_tigris_C9A	region	583	80	453	532	44653	44892	62.500	9.78e-29	114
Crotalus_tigris_C9A	region	583	47	157	203	27399	27539	70.213	3.58e-18	80.5
Crotalus_tigris_C9A	region	583	50	107	156	24952	25101	68.000	5.59e-17	76.6
Crotalus_tigris_C9A	region	583	62	396	457	41379	41564	51.613	1.02e-15	72.4
Crotalus_tigris_C9A	region	583	66	54	117	22800	22991	56.061	3.66e-15	70.5
Crotalus_tigris_C9A	region	583	41	26	66	18071	18190	56.098	5.53e-08	47.4
Crotalus_tigris_C9A	region	583	41	203	243	30076	30198	46.341	5.56e-06	40.8
Crotalus_tigris_C9A	region	583	51	533	583	46739	46891	50.980	0.001	33.1
Crotalus_tigris_C9A	region	583	16	355	370	37730	37777	50.000	0.35	25.0
Thamnophis_elegans_C9A	region	583	83	276	358	32939	33187	57.831	2.91e-30	118
Thamnophis_elegans_C9A	region	583	81	453	533	44653	44895	59.259	6.87e-26	105
Thamnophis_elegans_C9A	region	583	47	157	203	27399	27539	68.085	1.30e-17	78.6
Thamnophis_elegans_C9A	region	583	50	107	156	24952	25101	66.000	2.38e-16	74.3
Thamnophis_elegans_C9A	region	583	58	404	461	41403	41576	53.448	3.92e-16	73.6
Thamnophis_elegans_C9A	region	583	73	54	122	22800	23015	53.425	4.09e-16	73.6
Thamnophis_elegans_C9A	region	583	45	202	246	30073	30207	48.889	1.41e-09	52.4
Thamnophis_elegans_C9A	region	583	48	26	69	18071	18214	43.750	1.19e-08	49.3
Thamnophis_elegans_C9A	region	583	51	533	583	46739	46891	58.824	1.96e-07	45.4
Thamnophis_elegans_C9A	region	583	36	354	389	37727	37828	38.889	0.14	26.2
Naja_naja_C9A	region	582	78	276	353	32939	33172	61.538	9.33e-31	120
Naja_naja_C9A	region	582	108	452	554	44653	44976	50.000	8.73e-28	110
Naja_naja_C9A	region	582	50	107	156	24952	25101	72.000	2.78e-17	77.4
Naja_naja_C9A	region	582	47	157	203	27399	27539	63.830	8.93e-17	75.9
Naja_naja_C9A	region	582	56	401	456	41397	41564	53.571	1.49e-14	68.6
Naja_naja_C9A	region	582	66	54	117	22800	22991	51.515	3.34e-14	67.4
Naja_naja_C9A	region	582	32	26	57	18071	18166	65.625	7.12e-09	50.1
Naja_naja_C9A	region	582	41	202	242	30073	30195	43.902	1.75e-06	42.4
Naja_naja_C9A	region	582	48	535	582	46748	46891	52.083	0.002	32.3
Naja_naja_C9A	region	582	40	355	392	37730	37840	35.000	0.022	28.9
Pseudonaja_textilis_C9A	region	583	78	276	353	32939	33172	58.974	6.13e-30	117
Pseudonaja_textilis_C9A	region	583	108	453	555	44653	44976	52.778	3.87e-29	115
Pseudonaja_textilis_C9A	region	583	47	157	203	27399	27539	63.830	8.81e-17	75.9
Pseudonaja_textilis_C9A	region	583	50	107	156	24952	25101	68.000	1.30e-16	75.1
Pseudonaja_textilis_C9A	region	583	62	396	457	41379	41564	48.387	2.43e-15	71.2
Pseudonaja_textilis_C9A	region	583	73	54	122	22800	23015	47.945	1.47e-14	68.6
Pseudonaja_textilis_C9A	region	583	32	26	57	18071	18166	68.750	2.05e-09	52.0
Pseudonaja_textilis_C9A	region	583	40	203	242	30076	30195	47.500	8.74e-07	43.1
Pseudonaja_textilis_C9A	region	583	48	536	583	46748	46891	54.167	8.48e-04	33.5
Pseudonaja_textilis_C9A	region	583	44	355	396	37730	37849	36.364	0.004	31.2
Pseudonaja_textilis_C9A	region	583	33	490	516	561	659	36.364	0.99	23.5
Python_bivittatus_C9A	region	582	80	453	532	44653	44892	63.750	9.98e-30	117
Python_bivittatus_C9A	region	582	80	276	355	32939	33178	57.500	2.18e-29	115
Python_bivittatus_C9A	region	582	47	157	203	27399	27539	65.957	1.50e-17	78.2
Python_bivittatus_C9A	region	582	50	107	156	24952	25101	66.000	4.04e-16	73.6
Python_bivittatus_C9A	region	582	54	404	457	41403	41564	53.704	6.23e-14	66.6
Python_bivittatus_C9A	region	582	73	54	122	22800	23015	47.945	8.84e-14	66.2
Python_bivittatus_C9A	region	582	44	203	246	30076	30207	56.818	9.48e-12	59.3
Python_bivittatus_C9A	region	582	38	26	63	18071	18184	52.632	3.55e-08	47.8
Python_bivittatus_C9A	region	582	48	535	582	46748	46891	60.417	1.66e-04	35.8
Python_bivittatus_C9A	region	582	26	1	26	15001	15069	65.385	0.049	27.7
Python_bivittatus_C9A	region	582	17	354	370	37727	37777	52.941	0.29	25.4
Python_bivittatus_C9A	region	582	12	294	305	11291	11326	66.667	0.72	23.9
Notechis_scutatus_C9A	region	583	108	453	555	44653	44976	54.630	1.33e-30	119
Notechis_scutatus_C9A	region	583	78	276	353	32939	33172	58.974	5.97e-30	117
Notechis_scutatus_C9A	region	583	50	107	156	24952	25101	70.000	4.83e-17	76.6
Notechis_scutatus_C9A	region	583	47	157	203	27399	27539	63.830	8.89e-17	75.9
Notechis_scutatus_C9A	region	583	62	396	457	41379	41564	48.387	3.06e-15	70.9
Notechis_scutatus_C9A	region	583	66	54	117	22800	22991	53.030	1.03e-14	68.9
Notechis_scutatus_C9A	region	583	32	26	57	18071	18166	68.750	2.03e-09	52.0
Notechis_scutatus_C9A	region	583	40	203	242	30076	30195	45.000	2.50e-06	42.0
Notechis_scutatus_C9A	region	583	56	528	583	46724	46891	48.214	5.46e-04	34.3
Notechis_scutatus_C9A	region	583	44	355	396	37730	37849	36.364	0.004	31.2
Hydrophis_cyanocinctus_C9A	region	583	108	453	555	44653	44976	54.630	9.34e-31	120
Hydrophis_cyanocinctus_C9A	region	583	78	276	353	32939	33172	60.256	2.33e-30	119
Hydrophis_cyanocinctus_C9A	region	583	50	107	156	24952	25101	70.000	4.67e-17	76.6
Hydrophis_cyanocinctus_C9A	region	583	47	157	203	27399	27539	63.830	1.04e-16	75.5
Hydrophis_cyanocinctus_C9A	region	583	66	54	117	22800	22991	53.030	1.15e-14	68.9
Hydrophis_cyanocinctus_C9A	region	583	59	399	457	41388	41564	49.153	1.21e-14	68.9
Hydrophis_cyanocinctus_C9A	region	583	32	26	57	18071	18166	68.750	2.06e-09	52.0
Hydrophis_cyanocinctus_C9A	region	583	40	203	242	30076	30195	45.000	2.34e-06	42.0
Hydrophis_cyanocinctus_C9A	region	583	56	528	583	46724	46891	48.214	5.60e-04	34.3
Hydrophis_cyanocinctus_C9A	region	583	41	355	393	37730	37840	39.024	0.014	29.6
Hydrophis_cyanocinctus_C9A	region	583	33	490	516	561	659	36.364	1.00	23.5
Laticauda_colubrina_C9A	region	583	78	276	353	32939	33172	60.256	2.29e-30	119
Laticauda_colubrina_C9A	region	583	108	453	555	44653	44976	52.778	8.58e-30	117
Laticauda_colubrina_C9A	region	583	47	157	203	27399	27539	63.830	1.08e-16	75.5
Laticauda_colubrina_C9A	region	583	50	107	156	24952	25101	68.000	1.14e-16	75.5
Laticauda_colubrina_C9A	region	583	59	399	457	41388	41564	54.237	2.06e-15	71.2
Laticauda_colubrina_C9A	region	583	66	54	117	22800	22991	51.515	8.00e-14	66.2
Laticauda_colubrina_C9A	region	583	32	26	57	18071	18166	68.750	2.73e-09	51.6
Laticauda_colubrina_C9A	region	583	40	203	242	30076	30195	40.000	2.83e-05	38.5
Laticauda_colubrina_C9A	region	583	56	528	583	46724	46891	48.214	4.65e-04	34.3
Laticauda_colubrina_C9A	region	583	41	355	393	37730	37840	39.024	0.045	27.7
Protobothrops_mucrosquamatus_C9A	region	583	80	276	355	32939	33178	62.500	1.12e-31	123
Protobothrops_mucrosquamatus_C9A	region	583	90	453	541	44653	44922	58.889	2.74e-29	115
Protobothrops_mucrosquamatus_C9A	region	583	47	157	203	27399	27539	72.340	1.22e-19	85.1
Protobothrops_mucrosquamatus_C9A	region	583	50	107	156	24952	25101	66.000	4.30e-16	73.6
Protobothrops_mucrosquamatus_C9A	region	583	54	404	457	41403	41564	55.556	8.39e-16	72.8
Protobothrops_mucrosquamatus_C9A	region	583	66	54	117	22800	22991	51.515	8.79e-14	66.2
Protobothrops_mucrosquamatus_C9A	region	583	118	203	272	30076	30429	29.661	3.88e-11	57.4
Protobothrops_mucrosquamatus_C9A	region	583	48	26	69	18071	18214	45.833	2.17e-08	48.5
Protobothrops_mucrosquamatus_C9A	region	583	51	533	583	46739	46891	56.863	1.07e-05	39.7
Protobothrops_mucrosquamatus_C9A	region	583	30	354	381	37727	37816	40.000	0.41	24.6
Chrysopelea_ornata_C9A	region	584	83	276	358	32939	33187	59.036	1.36e-31	122
Chrysopelea_ornata_C9A	region	584	80	454	533	44653	44892	63.750	5.46e-29	114
Chrysopelea_ornata_C9A	region	584	47	157	203	27399	27539	68.085	3.42e-18	80.5
Chrysopelea_ornata_C9A	region	584	50	107	156	24952	25101	68.000	5.71e-17	76.3
Chrysopelea_ornata_C9A	region	584	54	405	458	41403	41564	53.704	2.45e-15	71.2
Chrysopelea_ornata_C9A	region	584	73	54	122	22800	23015	46.575	5.39e-13	63.5
Chrysopelea_ornata_C9A	region	584	119	202	272	30073	30429	29.412	2.90e-10	54.7
Chrysopelea_ornata_C9A	region	584	48	26	69	18071	18214	45.833	1.11e-08	49.7
Chrysopelea_ornata_C9A	region	584	51	534	584	46739	46891	54.902	1.25e-04	36.2
Chrysopelea_ornata_C9A	region	584	19	354	372	37727	37783	42.105	0.17	26.2
Pituophis_catenifer_C9A	region	583	82	277	358	32942	33187	57.317	5.46e-30	117
Pituophis_catenifer_C9A	region	583	80	453	532	44653	44892	62.500	2.05e-28	112
Pituophis_catenifer_C9A	region	583	47	157	203	27399	27539	65.957	1.74e-17	78.2
Pituophis_catenifer_C9A	region	583	60	398	457	41385	41564	51.667	3.66e-16	73.9
Pituophis_catenifer_C9A	region	583	50	107	156	24952	25101	64.000	1.43e-15	72.0
Pituophis_catenifer_C9A	region	583	73	54	122	22800	23015	50.685	2.55e-15	71.2
Pituophis_catenifer_C9A	region	583	119	203	273	30076	30432	30.252	3.96e-10	54.3
Pituophis_catenifer_C9A	region	583	32	26	57	18071	18166	59.375	1.29e-08	49.3
Pituophis_catenifer_C9A	region	583	50	534	583	46742	46891	56.000	2.20e-05	38.9
Pituophis_catenifer_C9A	region	583	51	355	405	37730	37876	33.333	0.010	30.0
Pantherophis_obsoletus_C9A	region	583	83	276	358	32939	33187	60.241	5.80e-33	127
Pantherophis_obsoletus_C9A	region	583	80	453	532	44653	44892	62.500	2.00e-28	112
Pantherophis_obsoletus_C9A	region	583	47	157	203	27399	27539	68.085	3.74e-18	80.1
Pantherophis_obsoletus_C9A	region	583	73	54	122	22800	23015	52.055	5.38e-16	73.2
Pantherophis_obsoletus_C9A	region	583	50	107	156	24952	25101	62.000	7.44e-16	72.8
Pantherophis_obsoletus_C9A	region	583	54	404	457	41403	41564	51.852	7.19e-15	69.7
Pantherophis_obsoletus_C9A	region	583	118	203	272	30076	30429	31.356	5.31e-11	57.0
Pantherophis_obsoletus_C9A	region	583	32	26	57	18071	18166	62.500	1.24e-08	49.3
Pantherophis_obsoletus_C9A	region	583	51	533	583	46739	46891	54.902	2.07e-05	38.9
Pantherophis_obsoletus_C9A	region	583	40	353	392	37724	37837	37.500	0.003	31.6
Bothrops_jararaca_C9A	region	583	80	276	355	32939	33178	63.750	2.89e-31	121
Bothrops_jararaca_C9A	region	583	90	453	541	44653	44922	58.889	1.08e-29	117
Bothrops_jararaca_C9A	region	583	47	157	203	27399	27539	72.340	1.20e-19	85.1
Bothrops_jararaca_C9A	region	583	54	404	457	41403	41564	53.704	6.60e-16	73.2
Bothrops_jararaca_C9A	region	583	50	107	156	24952	25101	68.000	8.68e-16	72.8
Bothrops_jararaca_C9A	region	583	73	54	122	22800	23015	49.315	7.96e-15	69.3
Bothrops_jararaca_C9A	region	583	47	203	249	30076	30216	53.191	1.56e-11	58.9
Bothrops_jararaca_C9A	region	583	41	26	66	18071	18190	48.780	3.55e-07	44.7
Bothrops_jararaca_C9A	region	583	51	533	583	46739	46891	54.902	3.14e-05	38.1
Bothrops_jararaca_C9A	region	583	36	1	33	15001	15099	52.778	0.055	27.7
Bothrops_jararaca_C9A	region	583	30	354	381	37727	37816	43.333	0.091	26.9
Ptyas_mucosa_C9A	region	583	83	276	358	32939	33187	61.446	6.52e-32	124
Ptyas_mucosa_C9A	region	583	90	453	541	44653	44922	56.667	2.98e-28	112
Ptyas_mucosa_C9A	region	583	47	157	203	27399	27539	68.085	4.88e-18	79.7
Ptyas_mucosa_C9A	region	583	50	107	156	24952	25101	68.000	9.68e-17	75.9
Ptyas_mucosa_C9A	region	583	73	54	122	22800	23015	52.055	3.53e-16	73.9
Ptyas_mucosa_C9A	region	583	54	404	457	41403	41564	51.852	1.14e-14	68.9
Ptyas_mucosa_C9A	region	583	118	203	272	30076	30429	33.051	1.19e-10	55.8
Ptyas_mucosa_C9A	region	583	32	26	57	18071	18166	62.500	4.59e-09	50.8
Ptyas_mucosa_C9A	region	583	50	534	583	46742	46891	58.000	4.08e-05	37.7
Ptyas_mucosa_C9A	region	583	36	354	389	37727	37828	38.889	0.049	27.7
Vipera_berus_C9A	region	583	81	275	355	32936	33178	59.259	5.00e-30	117
Vipera_berus_C9A	region	583	90	453	541	44653	44922	56.667	1.23e-28	113
Vipera_berus_C9A	region	583	47	157	203	27399	27539	74.468	7.57e-20	85.9
Vipera_berus_C9A	region	583	50	107	156	24952	25101	70.000	1.91e-17	77.8
Vipera_berus_C9A	region	583	54	404	457	41403	41564	53.704	4.65e-16	73.6
Vipera_berus_C9A	region	583	73	54	122	22800	23015	50.685	1.25e-14	68.9
Vipera_berus_C9A	region	583	47	203	249	30076	30216	57.447	1.87e-12	61.6
Vipera_berus_C9A	region	583	41	26	66	18071	18190	53.659	4.79e-08	47.4
Vipera_berus_C9A	region	583	51	533	583	46739	46891	54.902	5.35e-05	37.4
Vipera_berus_C9A	region	583	21	354	374	37727	37789	47.619	0.31	25.0
Sceloporus_undulatus_C9A	region	591	83	277	359	32930	33178	69.880	1.22e-35	135
Sceloporus_undulatus_C9A	region	591	81	457	537	44653	44895	70.370	1.91e-34	131
Sceloporus_undulatus_C9A	region	591	72	54	121	22800	23015	58.333	1.04e-19	85.1
Sceloporus_undulatus_C9A	region	591	58	408	465	41403	41576	62.069	1.29e-17	78.6
Sceloporus_undulatus_C9A	region	591	47	156	202	27399	27539	68.085	4.46e-17	76.6
Sceloporus_undulatus_C9A	region	591	50	106	155	24952	25101	68.000	9.65e-17	75.9
Sceloporus_undulatus_C9A	region	591	121	201	277	30073	30432	33.058	1.29e-11	58.9
Sceloporus_undulatus_C9A	region	591	41	26	66	18071	18190	60.976	4.80e-09	50.8
Sceloporus_undulatus_C9A	region	591	52	536	587	46736	46891	57.692	5.74e-08	47.4
Sceloporus_undulatus_C9A	region	591	36	358	393	37727	37828	38.889	6.75e-04	33.9
Sceloporus_undulatus_C9A	region	591	26	1	26	15001	15069	65.385	0.054	27.7
Anolis_carolinensis_C9B	region	538	81	277	357	32930	33172	70.370	9.93e-33	125
Anolis_carolinensis_C9B	region	538	75	457	531	44653	44877	74.667	5.77e-31	120
Anolis_carolinensis_C9B	region	538	50	106	155	24952	25101	76.000	1.83e-20	87.4
Anolis_carolinensis_C9B	region	538	47	156	202	27399	27539	78.723	2.91e-20	86.7
Anolis_carolinensis_C9B	region	538	54	54	107	22800	22961	66.667	1.88e-19	84.0
Anolis_carolinensis_C9B	region	538	62	399	460	41376	41561	54.839	2.75e-17	77.0
Anolis_carolinensis_C9B	region	538	145	190	277	29998	30432	28.966	3.72e-10	54.3
Anolis_carolinensis_C9B	region	538	32	26	57	18071	18166	68.750	2.58e-09	51.2
Anolis_carolinensis_C9B	region	538	18	359	376	37730	37783	55.556	0.23	25.4
Hydrophis_cyanocinctus_C9B	region	582	83	275	357	32939	33187	59.036	1.70e-31	122
Hydrophis_cyanocinctus_C9B	region	582	80	452	531	44653	44892	57.500	8.95e-26	104
Hydrophis_cyanocinctus_C9B	region	582	47	156	202	27399	27539	72.340	7.92e-19	82.4
Hydrophis_cyanocinctus_C9B	region	582	50	106	155	24952	25101	68.000	9.24e-17	75.9
Hydrophis_cyanocinctus_C9B	region	582	73	53	121	22800	23015	50.685	9.91e-15	69.3
Hydrophis_cyanocinctus_C9B	region	582	54	403	456	41403	41564	46.296	5.26e-13	63.5
Hydrophis_cyanocinctus_C9B	region	582	47	202	248	30076	30216	51.064	1.58e-10	55.5
Hydrophis_cyanocinctus_C9B	region	582	31	25	55	18071	18163	61.290	5.02e-09	50.4
Hydrophis_cyanocinctus_C9B	region	582	50	533	582	46742	46891	54.000	2.35e-05	38.5
Hydrophis_cyanocinctus_C9B	region	582	15	353	367	37727	37771	66.667	0.060	27.3
Bothrops_jararaca_C9B	region	583	80	276	355	32939	33178	63.750	2.81e-31	121
Bothrops_jararaca_C9B	region	583	90	453	541	44653	44922	58.889	1.26e-29	116
Bothrops_jararaca_C9B	region	583	47	157	203	27399	27539	74.468	4.87e-20	86.3
Bothrops_jararaca_C9B	region	583	50	107	156	24952	25101	66.000	4.53e-16	73.6
Bothrops_jararaca_C9B	region	583	54	404	457	41403	41564	55.556	1.15e-15	72.0
Bothrops_jararaca_C9B	region	583	73	54	122	22800	23015	49.315	1.29e-14	68.9
Bothrops_jararaca_C9B	region	583	118	203	272	30076	30429	30.508	1.34e-11	58.9
Bothrops_jararaca_C9B	region	583	41	26	66	18071	18190	51.220	2.34e-07	45.1
Bothrops_jararaca_C9B	region	583	51	533	583	46739	46891	54.902	3.62e-05	38.1
Bothrops_jararaca_C9B	region	583	36	1	33	15001	15099	52.778	0.081	26.9
Bothrops_jararaca_C9B	region	583	30	354	381	37727	37816	40.000	0.33	25.0
Laticauda_colubrina_C9B	region	583	80	276	355	32939	33178	61.250	3.68e-32	124
Laticauda_colubrina_C9B	region	583	80	453	532	44653	44892	58.750	5.39e-27	108
Laticauda_colubrina_C9B	region	583	46	157	202	27399	27536	73.913	3.03e-19	83.6
Laticauda_colubrina_C9B	region	583	50	107	156	24952	25101	70.000	5.95e-18	79.7
Laticauda_colubrina_C9B	region	583	73	54	122	22800	23015	47.945	1.01e-13	65.9
Laticauda_colubrina_C9B	region	583	54	404	457	41403	41564	48.148	4.30e-13	63.9
Laticauda_colubrina_C9B	region	583	47	203	249	30076	30216	46.809	1.85e-09	52.0
Laticauda_colubrina_C9B	region	583	31	26	56	18071	18163	58.065	4.36e-08	47.8
Laticauda_colubrina_C9B	region	583	50	534	583	46742	46891	58.000	5.02e-06	40.8
Laticauda_colubrina_C9B	region	583	42	354	393	37727	37840	40.476	0.017	29.3
Laticauda_colubrina_C9B	region	583	26	1	26	15001	15069	61.538	0.16	26.2
Pseudonaja_textilis_C9B	region	583	83	276	358	32939	33187	60.241	2.21e-32	125
Pseudonaja_textilis_C9B	region	583	80	453	532	44653	44892	60.000	3.13e-27	109
Pseudonaja_textilis_C9B	region	583	47	157	203	27399	27539	74.468	2.71e-19	84.0
Pseudonaja_textilis_C9B	region	583	50	107	156	24952	25101	70.000	2.45e-17	77.8
Pseudonaja_textilis_C9B	region	583	73	54	122	22800	23015	50.685	4.12e-15	70.5
Pseudonaja_textilis_C9B	region	583	54	404	457	41403	41564	50.000	4.41e-13	63.9
Pseudonaja_textilis_C9B	region	583	43	203	245	30076	30204	48.837	8.18e-09	50.1
Pseudonaja_textilis_C9B	region	583	32	26	57	18071	18166	56.250	4.87e-08	47.4
Pseudonaja_textilis_C9B	region	583	50	534	583	46742	46891	54.000	1.03e-04	36.6
Pseudonaja_textilis_C9B	region	583	42	353	392	37724	37834	38.095	0.020	29.3
Pseudonaja_textilis_C9B	region	583	26	1	26	15001	15069	61.538	0.18	25.8
Notechis_scutatus_C9B	region	583	83	276	358	32939	33187	59.036	1.01e-31	123
Notechis_scutatus_C9B	region	583	80	453	532	44653	44892	58.750	5.16e-27	108
Notechis_scutatus_C9B	region	583	47	157	203	27399	27539	72.340	5.40e-19	82.8
Notechis_scutatus_C9B	region	583	50	107	156	24952	25101	68.000	8.23e-17	75.9
Notechis_scutatus_C9B	region	583	73	54	122	22800	23015	50.685	7.70e-15	69.7
Notechis_scutatus_C9B	region	583	54	404	457	41403	41564	46.296	6.10e-13	63.5
Notechis_scutatus_C9B	region	583	47	203	249	30076	30216	51.064	2.59e-10	54.7
Notechis_scutatus_C9B	region	583	31	26	56	18071	18163	58.065	4.36e-08	47.8
Notechis_scutatus_C9B	region	583	50	534	583	46742	46891	54.000	2.41e-05	38.5
Notechis_scutatus_C9B	region	583	20	353	372	37724	37783	55.000	0.036	28.1
Notechis_scutatus_C9B	region	583	26	1	26	15001	15069	61.538	0.17	26.2
Pituophis_catenifer_C9B	region	583	82	277	358	32942	33187	57.317	8.97e-30	117
Pituophis_catenifer_C9B	region	583	80	453	532	44653	44892	63.750	4.49e-29	115
Pituophis_catenifer_C9B	region	583	50	107	156	24952	25101	70.000	4.18e-18	80.1
Pituophis_catenifer_C9B	region	583	47	157	203	27399	27539	65.957	7.37e-18	79.3
Pituophis_catenifer_C9B	region	583	60	398	457	41385	41564	51.667	4.73e-15	70.1
Pituophis_catenifer_C9B	region	583	66	54	117	22800	22991	54.545	3.81e-14	67.4
Pituophis_catenifer_C9B	region	583	32	26	57	18071	18166	56.250	1.02e-07	46.2
Pituophis_catenifer_C9B	region	583	42	202	243	30073	30198	42.857	1.34e-06	42.7
Pituophis_catenifer_C9B	region	583	48	536	583	46748	46891	52.083	0.001	32.7
Pituophis_catenifer_C9B	region	583	20	355	374	37730	37789	50.000	0.077	27.3
Pantherophis_obsoletus_C9B	region	583	83	276	358	32939	33187	60.241	6.23e-32	124
Pantherophis_obsoletus_C9B	region	583	81	453	533	44653	44895	60.494	1.29e-28	113
Pantherophis_obsoletus_C9B	region	583	50	107	156	24952	25101	70.000	5.32e-18	79.7
Pantherophis_obsoletus_C9B	region	583	47	157	203	27399	27539	65.957	9.14e-18	79.0
Pantherophis_obsoletus_C9B	region	583	60	398	457	41385	41564	51.667	6.83e-15	69.7
Pantherophis_obsoletus_C9B	region	583	66	54	117	22800	22991	53.030	6.04e-14	66.6
Pantherophis_obsoletus_C9B	region	583	32	26	57	18071	18166	59.375	3.00e-08	48.1
Pantherophis_obsoletus_C9B	region	583	42	202	243	30073	30198	42.857	1.20e-06	42.7
Pantherophis_obsoletus_C9B	region	583	39	354	392	37727	37837	38.462	0.003	32.0
Pantherophis_obsoletus_C9B	region	583	48	536	583	46748	46891	52.083	0.003	31.6
Crotalus_tigris_C9B	region	583	77	276	352	32939	33169	61.039	1.05e-30	120
Crotalus_tigris_C9B	region	583	80	453	532	44653	44892	65.000	6.82e-30	117
Crotalus_tigris_C9B	region	583	47	157	203	27399	27539	70.213	3.90e-18	80.1
Crotalus_tigris_C9B	region	583	50	107	156	24952	25101	68.000	5.13e-17	76.6
Crotalus_tigris_C9B	region	583	62	396	457	41379	41564	51.613	1.06e-15	72.4
Crotalus_tigris_C9B	region	583	66	54	117	22800	22991	54.545	1.03e-14	68.9
Crotalus_tigris_C9B	region	583	41	26	66	18071	18190	58.537	1.85e-08	48.9
Crotalus_tigris_C9B	region	583	41	203	243	30076	30198	51.220	1.61e-07	45.8
Crotalus_tigris_C9B	region	583	48	536	583	46748	46891	52.083	0.002	32.3
Crotalus_tigris_C9B	region	583	16	355	370	37730	37777	50.000	0.35	25.0
Ptyas_mucosa_C9B	region	583	77	277	353	32942	33172	59.740	2.03e-29	115
Ptyas_mucosa_C9B	region	583	81	453	533	44653	44895	59.259	1.51e-27	110
Ptyas_mucosa_C9B	region	583	47	157	203	27399	27539	65.957	7.50e-18	79.3
Ptyas_mucosa_C9B	region	583	50	107	156	24952	25101	70.000	2.00e-17	77.8
Ptyas_mucosa_C9B	region	583	66	54	117	22800	22991	51.515	7.22e-14	66.2
Ptyas_mucosa_C9B	region	583	54	404	457	41403	41564	53.704	1.52e-13	65.5
Ptyas_mucosa_C9B	region	583	42	202	243	30073	30198	45.238	2.53e-07	45.1
Ptyas_mucosa_C9B	region	583	38	36	69	18101	18214	39.474	4.59e-05	37.7
Ptyas_mucosa_C9B	region	583	48	536	583	46748	46891	52.083	0.003	31.6
Ptyas_mucosa_C9B	region	583	35	355	389	37730	37828	31.429	0.29	25.4
