# Anniella_stebbinsi_copy1 subject=CM119773.1 region_offset=344565503 (add to sstart/send)
Lacerta_agilis_C9A	region	589	84	277	360	40918	41169	64.286	5.27e-33	127
Lacerta_agilis_C9A	region	589	72	461	532	49343	49558	70.833	5.42e-31	121
Lacerta_agilis_C9A	region	589	50	105	154	26198	26347	80.000	1.07e-19	85.5
Lacerta_agilis_C9A	region	589	69	56	120	24464	24670	57.971	1.11e-19	85.1
Lacerta_agilis_C9A	region	589	47	155	201	29388	29528	74.468	4.41e-19	83.2
Lacerta_agilis_C9A	region	589	57	400	456	44415	44585	66.667	2.38e-18	80.9
Lacerta_agilis_C9A	region	589	47	539	584	50746	50886	59.574	1.58e-12	62.0
Lacerta_agilis_C9A	region	589	42	201	242	32565	32690	50.000	1.93e-09	52.0
Lacerta_agilis_C9A	region	589	28	35	62	17289	17372	71.429	4.64e-08	47.8
Lacerta_agilis_C9A	region	589	36	356	391	42104	42205	47.222	6.03e-05	37.4
Lacerta_agilis_C9A	region	589	20	94	113	41306	41247	45.000	0.27	25.4
Zootoca_vivipara_C9A	region	589	84	277	360	40918	41169	63.095	1.51e-32	125
Zootoca_vivipara_C9A	region	589	72	461	532	49343	49558	69.444	7.73e-31	120
Zootoca_vivipara_C9A	region	589	69	56	120	24464	24670	60.870	9.28e-21	88.6
Zootoca_vivipara_C9A	region	589	50	105	154	26198	26347	78.000	1.80e-19	84.7
Zootoca_vivipara_C9A	region	589	47	155	201	29388	29528	74.468	5.52e-19	83.2
Zootoca_vivipara_C9A	region	589	51	406	456	44433	44585	74.510	3.16e-18	80.5
Zootoca_vivipara_C9A	region	589	47	539	584	50746	50886	59.574	1.97e-12	62.0
Zootoca_vivipara_C9A	region	589	50	201	249	32565	32714	48.000	6.13e-10	53.5
Zootoca_vivipara_C9A	region	589	28	35	62	17289	17372	67.857	7.85e-08	47.0
Zootoca_vivipara_C9A	region	589	38	356	393	42104	42211	47.368	6.37e-06	40.4
Zootoca_vivipara_C9A	region	589	20	94	113	41306	41247	50.000	0.20	25.8
Podarcis_muralis_C9A	region	589	89	272	360	40903	41169	61.798	2.87e-33	128
Podarcis_muralis_C9A	region	589	70	461	530	49343	49552	67.143	6.24e-29	114
Podarcis_muralis_C9A	region	589	69	56	120	24464	24670	59.420	5.73e-20	86.3
Podarcis_muralis_C9A	region	589	50	105	154	26198	26347	80.000	1.06e-19	85.5
Podarcis_muralis_C9A	region	589	47	155	201	29388	29528	74.468	5.06e-19	83.2
Podarcis_muralis_C9A	region	589	59	400	458	44415	44591	62.712	6.28e-18	79.7
Podarcis_muralis_C9A	region	589	58	531	584	50713	50886	53.448	2.95e-12	61.2
Podarcis_muralis_C9A	region	589	50	201	249	32565	32714	50.000	8.69e-10	53.1
Podarcis_muralis_C9A	region	589	28	35	62	17289	17372	71.429	4.48e-08	47.8
Podarcis_muralis_C9A	region	589	36	356	391	42104	42205	50.000	9.57e-06	40.0
Podarcis_muralis_C9A	region	589	20	94	113	41306	41247	45.000	0.28	25.4
Podarcis_muralis_C9A	region	589	24	496	519	61460	61389	33.333	0.36	25.0
Anolis_carolinensis_C9A	region	591	82	457	538	49325	49570	69.512	8.70e-35	132
Anolis_carolinensis_C9A	region	591	89	273	361	40900	41166	62.921	1.06e-32	126
Anolis_carolinensis_C9A	region	591	50	106	155	26198	26347	80.000	1.93e-20	87.8
Anolis_carolinensis_C9A	region	591	47	156	202	29388	29528	72.340	1.09e-18	82.0
Anolis_carolinensis_C9A	region	591	69	57	121	24464	24670	55.072	1.06e-17	79.0
Anolis_carolinensis_C9A	region	591	54	408	461	44433	44594	59.259	2.61e-17	77.8
Anolis_carolinensis_C9A	region	591	56	532	587	50719	50886	53.571	1.63e-15	72.0
Anolis_carolinensis_C9A	region	591	41	26	66	17259	17378	65.854	2.54e-11	58.2
Anolis_carolinensis_C9A	region	591	51	202	252	32565	32717	50.980	1.18e-09	52.8
Anolis_carolinensis_C9A	region	591	27	358	384	42104	42184	44.444	0.012	30.0
Anolis_carolinensis_C9A	region	591	30	492	521	61478	61389	30.000	0.10	26.9
Pogona_vitticeps_C9A	region	576	80	438	517	49325	49564	77.500	7.58e-36	135
Pogona_vitticeps_C9A	region	576	84	256	339	40906	41157	67.857	2.07e-34	131
Pogona_vitticeps_C9A	region	576	55	156	210	29388	29552	69.091	9.55e-21	88.6
Pogona_vitticeps_C9A	region	576	66	382	447	44412	44609	62.121	1.01e-19	85.5
Pogona_vitticeps_C9A	region	576	50	106	155	26198	26347	76.000	1.06e-19	85.1
Pogona_vitticeps_C9A	region	576	78	57	134	24464	24682	48.718	2.94e-17	77.4
Pogona_vitticeps_C9A	region	576	48	524	571	50743	50886	64.583	5.35e-15	70.1
Pogona_vitticeps_C9A	region	576	38	26	63	17259	17372	65.789	3.13e-11	57.8
Pogona_vitticeps_C9A	region	576	26	1	26	15001	15069	53.846	0.72	23.9
Gekko_japonicus_C9A	region	582	89	288	376	40903	41169	58.427	1.89e-29	116
Gekko_japonicus_C9A	region	582	68	457	524	49343	49546	76.471	8.01e-29	114
Gekko_japonicus_C9A	region	582	45	173	217	29388	29522	66.667	3.63e-15	70.9
Gekko_japonicus_C9A	region	582	71	71	137	24467	24670	50.704	1.31e-14	68.9
Gekko_japonicus_C9A	region	582	51	122	172	26198	26347	58.824	9.10e-14	66.2
Gekko_japonicus_C9A	region	582	57	395	451	44412	44582	49.123	1.63e-12	62.0
Gekko_japonicus_C9A	region	582	52	530	581	50731	50886	55.769	2.47e-12	61.6
Gekko_japonicus_C9A	region	582	31	39	69	17259	17351	64.516	3.33e-08	48.1
Gekko_japonicus_C9A	region	582	39	222	260	32574	32690	43.590	1.10e-06	43.1
Gekko_japonicus_C9A	region	582	14	372	385	42104	42145	64.286	0.53	24.6
Gekko_japonicus_C9A	region	582	30	486	515	61478	61389	30.000	0.92	23.9
Crotalus_tigris_C9A	region	583	76	276	351	40921	41148	61.842	1.28e-29	116
Crotalus_tigris_C9A	region	583	78	453	530	49325	49558	60.256	1.20e-27	110
Crotalus_tigris_C9A	region	583	89	157	245	29388	29645	46.067	2.88e-18	80.9
Crotalus_tigris_C9A	region	583	50	107	156	26198	26347	68.000	1.14e-17	79.0
Crotalus_tigris_C9A	region	583	62	396	457	44409	44594	53.226	1.15e-15	72.4
Crotalus_tigris_C9A	region	583	73	54	122	24455	24670	46.575	1.19e-13	65.9
Crotalus_tigris_C9A	region	583	56	528	583	50719	50886	50.000	2.22e-12	61.6
Crotalus_tigris_C9A	region	583	49	9	57	17208	17354	51.020	1.08e-09	52.8
Crotalus_tigris_C9A	region	583	41	203	243	32565	32687	39.024	1.34e-04	36.2
Crotalus_tigris_C9A	region	583	55	44	97	50767	50925	34.545	0.17	26.2
Thamnophis_elegans_C9A	region	583	75	276	350	40921	41145	64.000	1.17e-29	117
Thamnophis_elegans_C9A	region	583	93	453	540	49325	49603	54.839	2.54e-25	103
Thamnophis_elegans_C9A	region	583	50	107	156	26198	26347	66.000	5.91e-17	76.6
Thamnophis_elegans_C9A	region	583	54	404	457	44433	44594	55.556	4.79e-16	73.6
Thamnophis_elegans_C9A	region	583	51	533	583	50734	50886	60.784	7.16e-16	72.8
Thamnophis_elegans_C9A	region	583	47	157	203	29388	29528	61.702	1.28e-15	72.0
Thamnophis_elegans_C9A	region	583	73	54	122	24455	24670	47.945	1.90e-14	68.2
Thamnophis_elegans_C9A	region	583	65	9	69	17208	17402	40.000	4.40e-10	54.3
Thamnophis_elegans_C9A	region	583	48	203	250	32565	32708	50.000	4.44e-10	54.3
Thamnophis_elegans_C9A	region	583	15	354	368	42104	42148	73.333	0.090	26.9
Naja_naja_C9A	region	582	78	276	353	40921	41154	60.256	2.10e-29	115
Naja_naja_C9A	region	582	95	452	541	49325	49609	53.684	6.46e-27	108
Naja_naja_C9A	region	582	50	107	156	26198	26347	70.000	2.41e-17	77.8
Naja_naja_C9A	region	582	74	157	230	29388	29603	45.946	5.06e-16	73.6
Naja_naja_C9A	region	582	64	393	456	44412	44594	53.125	1.47e-14	68.6
Naja_naja_C9A	region	582	73	54	122	24455	24670	46.575	2.32e-14	68.2
Naja_naja_C9A	region	582	49	9	57	17208	17354	59.184	2.33e-12	61.6
Naja_naja_C9A	region	582	56	527	582	50719	50886	48.214	5.19e-12	60.5
Naja_naja_C9A	region	582	54	189	242	32523	32684	33.333	3.93e-06	41.2
Naja_naja_C9A	region	582	36	355	389	42107	42208	38.889	0.087	26.9
Naja_naja_C9A	region	582	24	493	516	61460	61389	29.167	0.85	23.9
Pseudonaja_textilis_C9A	region	583	78	276	353	40921	41154	60.256	1.05e-29	117
Pseudonaja_textilis_C9A	region	583	95	453	542	49325	49609	54.737	1.65e-27	110
Pseudonaja_textilis_C9A	region	583	50	107	156	26198	26347	66.000	1.29e-16	75.5
Pseudonaja_textilis_C9A	region	583	74	157	230	29388	29603	45.946	4.21e-16	73.6
Pseudonaja_textilis_C9A	region	583	62	396	457	44409	44594	50.000	4.87e-15	70.1
Pseudonaja_textilis_C9A	region	583	73	54	122	24455	24670	46.575	1.93e-14	68.2
Pseudonaja_textilis_C9A	region	583	56	528	583	50719	50886	51.786	4.51e-13	63.9
Pseudonaja_textilis_C9A	region	583	32	26	57	17259	17354	75.000	3.15e-11	57.8
Pseudonaja_textilis_C9A	region	583	54	189	242	32523	32684	35.185	1.34e-06	42.7
Pseudonaja_textilis_C9A	region	583	19	355	373	42107	42163	47.368	0.082	27.3
Pseudonaja_textilis_C9A	region	583	24	494	517	61460	61389	33.333	0.28	25.4
Pseudonaja_textilis_C9A	region	583	80	322	396	483	722	25.000	0.33	25.0
Python_bivittatus_C9A	region	582	82	453	534	49325	49570	62.195	2.60e-29	115
Python_bivittatus_C9A	region	582	79	276	354	40921	41157	59.494	1.84e-28	113
Python_bivittatus_C9A	region	582	50	107	156	26198	26347	64.000	3.98e-16	73.9
Python_bivittatus_C9A	region	582	47	157	203	29388	29528	61.702	5.71e-16	73.2
Python_bivittatus_C9A	region	582	54	404	457	44433	44594	57.407	1.25e-14	68.9
Python_bivittatus_C9A	region	582	48	535	582	50743	50886	60.417	2.72e-13	64.7
Python_bivittatus_C9A	region	582	73	54	122	24455	24670	45.205	2.79e-13	64.7
Python_bivittatus_C9A	region	582	58	189	246	32523	32696	43.103	1.24e-11	59.3
Python_bivittatus_C9A	region	582	38	26	63	17259	17372	55.263	1.53e-09	52.4
Python_bivittatus_C9A	region	582	26	1	26	15001	15069	65.385	0.033	28.5
Python_bivittatus_C9A	region	582	36	354	389	42104	42205	38.889	0.066	27.3
Python_bivittatus_C9A	region	582	42	44	84	50767	50886	38.095	0.30	25.4
Notechis_scutatus_C9A	region	583	78	276	353	40921	41154	60.256	1.11e-29	117
Notechis_scutatus_C9A	region	583	95	453	542	49325	49609	53.684	7.80e-28	111
Notechis_scutatus_C9A	region	583	50	107	156	26198	26347	68.000	4.69e-17	76.6
Notechis_scutatus_C9A	region	583	74	157	230	29388	29603	45.946	4.07e-16	73.9
Notechis_scutatus_C9A	region	583	62	396	457	44409	44594	50.000	6.03e-15	70.1
Notechis_scutatus_C9A	region	583	59	54	110	24455	24628	54.237	2.31e-14	68.2
Notechis_scutatus_C9A	region	583	56	528	583	50719	50886	51.786	3.02e-13	64.3
Notechis_scutatus_C9A	region	583	32	26	57	17259	17354	75.000	3.23e-11	57.8
Notechis_scutatus_C9A	region	583	54	189	242	32523	32684	33.333	4.22e-06	41.2
Notechis_scutatus_C9A	region	583	19	355	373	42107	42163	47.368	0.086	26.9
Notechis_scutatus_C9A	region	583	24	494	517	61460	61389	33.333	0.28	25.4
Notechis_scutatus_C9A	region	583	80	322	396	483	722	25.000	0.31	25.4
Hydrophis_cyanocinctus_C9A	region	583	78	276	353	40921	41154	60.256	1.44e-29	116
Hydrophis_cyanocinctus_C9A	region	583	95	453	542	49325	49609	53.684	5.94e-28	111
Hydrophis_cyanocinctus_C9A	region	583	50	107	156	26198	26347	68.000	4.42e-17	77.0
Hydrophis_cyanocinctus_C9A	region	583	74	157	230	29388	29603	45.946	4.63e-16	73.6
Hydrophis_cyanocinctus_C9A	region	583	64	394	457	44412	44594	51.562	1.04e-14	69.3
Hydrophis_cyanocinctus_C9A	region	583	59	54	110	24455	24628	54.237	2.43e-14	68.2
Hydrophis_cyanocinctus_C9A	region	583	56	528	583	50719	50886	51.786	3.07e-13	64.3
Hydrophis_cyanocinctus_C9A	region	583	32	26	57	17259	17354	75.000	3.17e-11	57.8
Hydrophis_cyanocinctus_C9A	region	583	54	189	242	32523	32684	33.333	3.87e-06	41.2
Hydrophis_cyanocinctus_C9A	region	583	24	494	517	61460	61389	33.333	0.29	25.4
Hydrophis_cyanocinctus_C9A	region	583	38	355	390	42107	42208	36.842	0.35	25.0
Laticauda_colubrina_C9A	region	583	78	276	353	40921	41154	60.256	1.54e-29	116
Laticauda_colubrina_C9A	region	583	95	453	542	49325	49609	54.737	5.39e-28	111
Laticauda_colubrina_C9A	region	583	50	107	156	26198	26347	66.000	1.16e-16	75.5
Laticauda_colubrina_C9A	region	583	74	157	230	29388	29603	45.946	2.81e-16	74.3
Laticauda_colubrina_C9A	region	583	64	394	457	44412	44594	56.250	1.76e-15	71.6
Laticauda_colubrina_C9A	region	583	59	54	110	24455	24628	54.237	9.13e-14	66.2
Laticauda_colubrina_C9A	region	583	56	528	583	50719	50886	51.786	2.66e-13	64.7
Laticauda_colubrina_C9A	region	583	32	26	57	17259	17354	75.000	4.65e-11	57.4
Laticauda_colubrina_C9A	region	583	54	189	242	32523	32684	33.333	4.44e-06	41.2
Laticauda_colubrina_C9A	region	583	24	494	517	61460	61389	33.333	0.29	25.4
Laticauda_colubrina_C9A	region	583	16	355	370	42107	42154	50.000	0.74	23.9
Protobothrops_mucrosquamatus_C9A	region	583	79	276	354	40921	41157	63.291	1.70e-30	119
Protobothrops_mucrosquamatus_C9A	region	583	82	453	534	49325	49570	60.976	2.15e-28	112
Protobothrops_mucrosquamatus_C9A	region	583	47	157	203	29388	29528	63.830	6.84e-17	76.3
Protobothrops_mucrosquamatus_C9A	region	583	50	107	156	26198	26347	66.000	1.08e-16	75.5
Protobothrops_mucrosquamatus_C9A	region	583	54	404	457	44433	44594	59.259	2.61e-16	74.3
Protobothrops_mucrosquamatus_C9A	region	583	56	528	583	50719	50886	55.357	2.88e-14	67.8
Protobothrops_mucrosquamatus_C9A	region	583	73	54	122	24455	24670	45.205	5.92e-13	63.5
Protobothrops_mucrosquamatus_C9A	region	583	43	203	245	32565	32693	55.814	7.91e-12	59.7
Protobothrops_mucrosquamatus_C9A	region	583	48	26	69	17259	17402	47.917	2.22e-09	52.0
Protobothrops_mucrosquamatus_C9A	region	583	78	197	272	32760	32981	29.487	0.011	30.0
Protobothrops_mucrosquamatus_C9A	region	583	93	8	97	50653	50925	26.882	0.056	27.7
Protobothrops_mucrosquamatus_C9A	region	583	39	354	392	42104	42214	33.333	0.84	23.9
Chrysopelea_ornata_C9A	region	584	83	276	358	40921	41169	60.241	6.45e-31	120
Chrysopelea_ornata_C9A	region	584	82	454	535	49325	49570	60.976	2.08e-28	112
Chrysopelea_ornata_C9A	region	584	50	107	156	26198	26347	68.000	1.72e-17	78.2
Chrysopelea_ornata_C9A	region	584	47	157	203	29388	29528	59.574	1.10e-15	72.4
Chrysopelea_ornata_C9A	region	584	54	405	458	44433	44594	53.704	1.26e-15	72.0
Chrysopelea_ornata_C9A	region	584	56	529	584	50719	50886	53.571	2.95e-13	64.3
Chrysopelea_ornata_C9A	region	584	65	9	69	17208	17402	46.154	1.04e-11	59.3
Chrysopelea_ornata_C9A	region	584	73	54	122	24455	24670	39.726	1.49e-11	58.9
Chrysopelea_ornata_C9A	region	584	62	189	250	32523	32708	38.710	4.81e-10	53.9
Chrysopelea_ornata_C9A	region	584	40	354	393	42104	42214	37.500	0.050	27.7
Chrysopelea_ornata_C9A	region	584	24	495	518	61460	61389	33.333	0.32	25.0
Pituophis_catenifer_C9A	region	583	77	277	353	40924	41154	62.338	3.00e-29	115
Pituophis_catenifer_C9A	region	583	78	453	530	49325	49558	58.974	5.00e-27	108
Pituophis_catenifer_C9A	region	583	65	393	457	44400	44594	49.231	1.01e-16	75.9
Pituophis_catenifer_C9A	region	583	50	107	156	26198	26347	64.000	3.43e-16	73.9
Pituophis_catenifer_C9A	region	583	47	157	203	29388	29528	59.574	5.40e-15	70.1
Pituophis_catenifer_C9A	region	583	73	54	122	24455	24670	47.945	7.09e-15	69.7
Pituophis_catenifer_C9A	region	583	50	534	583	50737	50886	60.000	8.46e-14	66.2
Pituophis_catenifer_C9A	region	583	48	203	250	32565	32708	47.917	5.98e-10	53.9
Pituophis_catenifer_C9A	region	583	32	26	57	17259	17354	62.500	7.85e-10	53.5
Pituophis_catenifer_C9A	region	583	35	355	389	42107	42205	42.857	0.015	29.6
Pantherophis_obsoletus_C9A	region	583	100	255	354	40864	41157	53.000	1.01e-31	123
Pantherophis_obsoletus_C9A	region	583	82	453	534	49325	49570	57.317	4.74e-27	108
Pantherophis_obsoletus_C9A	region	583	50	107	156	26198	26347	64.000	1.47e-16	75.1
Pantherophis_obsoletus_C9A	region	583	47	157	203	29388	29528	61.702	9.83e-16	72.4
Pantherophis_obsoletus_C9A	region	583	73	54	122	24455	24670	47.945	2.84e-15	70.9
Pantherophis_obsoletus_C9A	region	583	54	404	457	44433	44594	51.852	3.04e-15	70.9
Pantherophis_obsoletus_C9A	region	583	56	528	583	50719	50886	55.357	5.38e-14	67.0
Pantherophis_obsoletus_C9A	region	583	48	203	250	32565	32708	50.000	2.14e-11	58.5
Pantherophis_obsoletus_C9A	region	583	32	26	57	17259	17354	65.625	9.55e-10	53.1
Pantherophis_obsoletus_C9A	region	583	36	354	389	42104	42205	44.444	0.003	32.0
Bothrops_jararaca_C9A	region	583	79	276	354	40921	41157	63.291	8.01e-30	117
Bothrops_jararaca_C9A	region	583	82	453	534	49325	49570	62.195	5.87e-29	114
Bothrops_jararaca_C9A	region	583	47	157	203	29388	29528	63.830	7.02e-17	76.3
Bothrops_jararaca_C9A	region	583	50	107	156	26198	26347	66.000	9.42e-16	72.4
Bothrops_jararaca_C9A	region	583	54	404	457	44433	44594	55.556	1.11e-15	72.4
Bothrops_jararaca_C9A	region	583	73	54	122	24455	24670	47.945	4.20e-14	67.4
Bothrops_jararaca_C9A	region	583	56	528	583	50719	50886	53.571	8.10e-14	66.2
Bothrops_jararaca_C9A	region	583	47	203	249	32565	32705	51.064	1.35e-11	58.9
Bothrops_jararaca_C9A	region	583	41	26	66	17259	17378	51.220	2.63e-08	48.5
Bothrops_jararaca_C9A	region	583	31	242	272	32889	32981	41.935	0.012	30.0
Bothrops_jararaca_C9A	region	583	93	8	97	50653	50925	29.032	0.076	27.3
Bothrops_jararaca_C9A	region	583	39	354	392	42104	42214	33.333	0.37	25.0
Bothrops_jararaca_C9A	region	583	24	494	517	61460	61389	29.167	0.99	23.5
Ptyas_mucosa_C9A	region	583	78	277	354	40924	41157	65.385	4.55e-31	121
Ptyas_mucosa_C9A	region	583	78	453	530	49325	49558	60.256	1.01e-27	110
Ptyas_mucosa_C9A	region	583	50	107	156	26198	26347	68.000	2.51e-17	77.8
Ptyas_mucosa_C9A	region	583	73	54	122	24455	24670	47.945	1.92e-15	71.6
Ptyas_mucosa_C9A	region	583	54	404	457	44433	44594	53.704	3.52e-15	70.9
Ptyas_mucosa_C9A	region	583	47	157	203	29388	29528	59.574	3.64e-15	70.9
Ptyas_mucosa_C9A	region	583	56	528	583	50719	50886	57.143	4.23e-14	67.4
Ptyas_mucosa_C9A	region	583	48	203	250	32565	32708	52.083	8.09e-11	56.6
Ptyas_mucosa_C9A	region	583	49	9	57	17208	17354	51.020	1.67e-10	55.5
Ptyas_mucosa_C9A	region	583	39	354	392	42104	42214	43.590	0.002	32.7
Ptyas_mucosa_C9A	region	583	24	494	517	61460	61389	33.333	0.33	25.0
Vipera_berus_C9A	region	583	79	276	354	40921	41157	60.759	6.09e-29	114
Vipera_berus_C9A	region	583	82	453	534	49325	49570	59.756	5.34e-28	111
Vipera_berus_C9A	region	583	50	107	156	26198	26347	70.000	5.34e-18	79.7
Vipera_berus_C9A	region	583	47	157	203	29388	29528	65.957	4.49e-17	77.0
Vipera_berus_C9A	region	583	54	404	457	44433	44594	57.407	1.70e-16	75.1
Vipera_berus_C9A	region	583	73	54	122	24455	24670	50.685	3.52e-15	70.9
Vipera_berus_C9A	region	583	56	528	583	50719	50886	53.571	9.37e-14	66.2
Vipera_berus_C9A	region	583	47	203	249	32565	32705	55.319	1.73e-12	62.0
Vipera_berus_C9A	region	583	41	26	66	17259	17378	51.220	1.08e-08	49.7
Vipera_berus_C9A	region	583	39	354	392	42104	42214	38.462	0.021	28.9
Vipera_berus_C9A	region	583	24	494	517	61460	61389	29.167	0.94	23.5
Sceloporus_undulatus_C9A	region	591	86	273	358	40900	41157	70.930	1.39e-35	135
Sceloporus_undulatus_C9A	region	591	82	457	538	49325	49570	69.512	4.90e-35	133
Sceloporus_undulatus_C9A	region	591	61	401	461	44412	44594	62.295	4.66e-20	86.7
Sceloporus_undulatus_C9A	region	591	50	57	106	24464	24613	66.000	1.63e-17	78.2
Sceloporus_undulatus_C9A	region	591	50	106	155	26198	26347	68.000	2.20e-16	74.7
Sceloporus_undulatus_C9A	region	591	52	536	587	50731	50886	53.846	1.44e-14	68.9
Sceloporus_undulatus_C9A	region	591	47	156	202	29388	29528	59.574	3.96e-14	67.4
Sceloporus_undulatus_C9A	region	591	41	26	66	17259	17378	65.854	4.15e-11	57.4
Sceloporus_undulatus_C9A	region	591	64	202	258	32565	32756	42.188	8.30e-10	53.1
Sceloporus_undulatus_C9A	region	591	36	358	393	42104	42205	44.444	8.05e-06	40.4
Sceloporus_undulatus_C9A	region	591	26	1	26	15001	15069	65.385	0.035	28.5
Anolis_carolinensis_C9B	region	538	84	274	357	40903	41154	69.048	4.10e-33	127
Anolis_carolinensis_C9B	region	538	75	457	531	49325	49549	72.000	2.66e-30	118
Anolis_carolinensis_C9B	region	538	62	399	460	44406	44591	59.677	2.49e-20	87.0
Anolis_carolinensis_C9B	region	538	50	106	155	26198	26347	76.000	9.84e-20	85.1
Anolis_carolinensis_C9B	region	538	47	156	202	29388	29528	72.340	2.35e-18	80.9
Anolis_carolinensis_C9B	region	538	69	57	121	24464	24670	55.072	5.34e-18	79.7
Anolis_carolinensis_C9B	region	538	55	4	57	17190	17354	50.909	3.63e-11	57.4
Anolis_carolinensis_C9B	region	538	56	188	243	32523	32690	39.286	5.37e-08	47.4
Anolis_carolinensis_C9B	region	538	21	257	277	32922	32984	52.381	0.024	28.9
Anolis_carolinensis_C9B	region	538	18	359	376	42107	42160	61.111	0.053	27.7
Anolis_carolinensis_C9B	region	538	24	498	521	61460	61389	37.500	0.11	26.6
Hydrophis_cyanocinctus_C9B	region	582	79	275	353	40921	41157	62.025	4.23e-30	118
Hydrophis_cyanocinctus_C9B	region	582	76	452	527	49325	49552	56.579	1.11e-24	101
Hydrophis_cyanocinctus_C9B	region	582	50	106	155	26198	26347	68.000	2.19e-17	77.8
Hydrophis_cyanocinctus_C9B	region	582	47	156	202	29388	29528	65.957	1.32e-16	75.5
Hydrophis_cyanocinctus_C9B	region	582	73	53	121	24455	24670	46.575	4.22e-14	67.4
Hydrophis_cyanocinctus_C9B	region	582	50	533	582	50737	50886	58.000	7.17e-14	66.6
Hydrophis_cyanocinctus_C9B	region	582	54	403	456	44433	44594	48.148	1.65e-13	65.5
Hydrophis_cyanocinctus_C9B	region	582	48	202	249	32565	32708	47.917	1.94e-10	55.5
Hydrophis_cyanocinctus_C9B	region	582	31	25	55	17259	17351	61.290	2.31e-08	48.5
Hydrophis_cyanocinctus_C9B	region	582	40	353	392	42104	42214	45.000	0.004	31.6
Bothrops_jararaca_C9B	region	583	79	276	354	40921	41157	63.291	8.23e-30	117
Bothrops_jararaca_C9B	region	583	82	453	534	49325	49570	62.195	7.14e-29	114
Bothrops_jararaca_C9B	region	583	47	157	203	29388	29528	65.957	2.68e-17	77.4
Bothrops_jararaca_C9B	region	583	50	107	156	26198	26347	66.000	1.19e-16	75.5
Bothrops_jararaca_C9B	region	583	54	404	457	44433	44594	55.556	8.57e-16	72.8
Bothrops_jararaca_C9B	region	583	73	54	122	24455	24670	47.945	1.93e-14	68.2
Bothrops_jararaca_C9B	region	583	56	528	583	50719	50886	53.571	8.38e-14	66.2
Bothrops_jararaca_C9B	region	583	47	203	249	32565	32705	48.936	3.12e-11	57.8
Bothrops_jararaca_C9B	region	583	41	26	66	17259	17378	53.659	1.61e-08	48.9
Bothrops_jararaca_C9B	region	583	62	37	97	50746	50925	30.645	0.099	26.9
Bothrops_jararaca_C9B	region	583	39	354	392	42104	42214	33.333	0.84	23.9
Bothrops_jararaca_C9B	region	583	24	494	517	61460	61389	29.167	0.99	23.5
Laticauda_colubrina_C9B	region	583	79	276	354	40921	41157	60.759	4.09e-30	118
Laticauda_colubrina_C9B	region	583	78	453	530	49325	49558	58.974	1.38e-26	107
Laticauda_colubrina_C9B	region	583	50	107	156	26198	26347	66.000	1.59e-17	78.2
Laticauda_colubrina_C9B	region	583	46	157	202	29388	29525	63.043	2.05e-15	71.6
Laticauda_colubrina_C9B	region	583	50	534	583	50737	50886	62.000	1.29e-14	68.9
Laticauda_colubrina_C9B	region	583	54	404	457	44433	44594	50.000	1.90e-13	65.1
Laticauda_colubrina_C9B	region	583	73	54	122	24455	24670	46.575	3.52e-13	64.3
Laticauda_colubrina_C9B	region	583	31	26	56	17259	17351	64.516	1.84e-09	52.0
Laticauda_colubrina_C9B	region	583	48	203	250	32565	32708	43.750	3.63e-09	51.2
Laticauda_colubrina_C9B	region	583	17	354	370	42104	42154	52.941	0.17	26.2
Laticauda_colubrina_C9B	region	583	24	494	517	61460	61389	33.333	0.30	25.4
Laticauda_colubrina_C9B	region	583	86	322	399	483	731	25.581	0.31	25.4
Pseudonaja_textilis_C9B	region	583	79	276	354	40921	41157	63.291	2.01e-31	122
Pseudonaja_textilis_C9B	region	583	76	453	528	49325	49552	61.842	6.45e-27	108
Pseudonaja_textilis_C9B	region	583	50	107	156	26198	26347	70.000	5.97e-18	79.7
Pseudonaja_textilis_C9B	region	583	47	157	203	29388	29528	68.085	5.52e-17	76.6
Pseudonaja_textilis_C9B	region	583	73	54	122	24455	24670	46.575	1.73e-14	68.6
Pseudonaja_textilis_C9B	region	583	50	534	583	50737	50886	58.000	1.49e-13	65.5
Pseudonaja_textilis_C9B	region	583	54	404	457	44433	44594	51.852	1.54e-13	65.5
Pseudonaja_textilis_C9B	region	583	48	203	250	32565	32708	45.833	1.25e-09	52.8
Pseudonaja_textilis_C9B	region	583	48	26	69	17259	17402	47.917	2.37e-09	51.6
Pseudonaja_textilis_C9B	region	583	40	354	393	42104	42214	45.000	0.006	30.8
Notechis_scutatus_C9B	region	583	79	276	354	40921	41157	62.025	1.64e-30	119
Notechis_scutatus_C9B	region	583	78	453	530	49325	49558	58.974	1.34e-26	107
Notechis_scutatus_C9B	region	583	50	107	156	26198	26347	68.000	2.22e-17	77.8
Notechis_scutatus_C9B	region	583	47	157	203	29388	29528	65.957	1.20e-16	75.5
Notechis_scutatus_C9B	region	583	73	54	122	24455	24670	46.575	3.42e-14	67.4
Notechis_scutatus_C9B	region	583	50	534	583	50737	50886	58.000	7.19e-14	66.6
Notechis_scutatus_C9B	region	583	54	404	457	44433	44594	48.148	2.20e-13	65.1
Notechis_scutatus_C9B	region	583	48	203	250	32565	32708	47.917	2.88e-10	54.7
Notechis_scutatus_C9B	region	583	31	26	56	17259	17351	64.516	1.92e-09	52.0
Notechis_scutatus_C9B	region	583	40	354	393	42104	42214	45.000	0.003	32.0
Pituophis_catenifer_C9B	region	583	77	277	353	40924	41154	62.338	2.28e-29	115
Pituophis_catenifer_C9B	region	583	78	453	530	49325	49558	62.821	2.31e-28	112
Pituophis_catenifer_C9B	region	583	50	107	156	26198	26347	68.000	3.85e-18	80.1
Pituophis_catenifer_C9B	region	583	65	393	457	44400	44594	52.308	1.35e-15	72.0
Pituophis_catenifer_C9B	region	583	59	157	215	29388	29564	49.153	1.77e-15	71.6
Pituophis_catenifer_C9B	region	583	59	54	110	24455	24628	52.542	3.37e-13	64.3
Pituophis_catenifer_C9B	region	583	48	536	583	50743	50886	54.167	6.96e-12	60.1
Pituophis_catenifer_C9B	region	583	32	26	57	17259	17354	68.750	1.17e-10	56.2
Pituophis_catenifer_C9B	region	583	41	203	243	32565	32687	43.902	9.72e-07	43.1
Pituophis_catenifer_C9B	region	583	37	356	392	42110	42214	40.541	0.021	29.3
Pantherophis_obsoletus_C9B	region	583	116	239	354	40846	41157	48.276	1.45e-30	119
Pantherophis_obsoletus_C9B	region	583	78	453	530	49325	49558	58.974	1.24e-27	110
Pantherophis_obsoletus_C9B	region	583	50	107	156	26198	26347	68.000	5.12e-18	79.7
Pantherophis_obsoletus_C9B	region	583	59	157	215	29388	29564	49.153	2.09e-15	71.6
Pantherophis_obsoletus_C9B	region	583	54	404	457	44433	44594	59.259	6.24e-15	70.1
Pantherophis_obsoletus_C9B	region	583	59	54	110	24455	24628	54.237	1.56e-13	65.5
Pantherophis_obsoletus_C9B	region	583	56	528	583	50719	50886	50.000	2.57e-12	61.6
Pantherophis_obsoletus_C9B	region	583	32	26	57	17259	17354	62.500	2.12e-09	52.0
Pantherophis_obsoletus_C9B	region	583	41	203	243	32565	32687	43.902	9.23e-07	43.5
Pantherophis_obsoletus_C9B	region	583	36	354	389	42104	42205	44.444	0.003	31.6
Pantherophis_obsoletus_C9B	region	583	30	488	517	61478	61389	30.000	0.12	26.6
Crotalus_tigris_C9B	region	583	76	276	351	40921	41148	61.842	1.34e-29	116
Crotalus_tigris_C9B	region	583	78	453	530	49325	49558	62.821	6.95e-29	114
Crotalus_tigris_C9B	region	583	89	157	245	29388	29645	46.067	6.85e-18	79.3
Crotalus_tigris_C9B	region	583	50	107	156	26198	26347	68.000	1.08e-17	79.0
Crotalus_tigris_C9B	region	583	62	396	457	44409	44594	53.226	1.24e-15	72.0
Crotalus_tigris_C9B	region	583	73	54	122	24455	24670	45.205	3.29e-13	64.3
Crotalus_tigris_C9B	region	583	48	536	583	50743	50886	54.167	8.40e-12	59.7
Crotalus_tigris_C9B	region	583	49	9	57	17208	17354	53.061	4.37e-10	54.3
Crotalus_tigris_C9B	region	583	41	203	243	32565	32687	43.902	3.56e-06	41.6
Crotalus_tigris_C9B	region	583	55	44	97	50767	50925	32.727	0.43	24.6
Ptyas_mucosa_C9B	region	583	77	277	353	40924	41154	62.338	2.54e-29	115
Ptyas_mucosa_C9B	region	583	78	453	530	49325	49558	57.692	1.66e-26	107
Ptyas_mucosa_C9B	region	583	50	107	156	26198	26347	68.000	1.78e-17	78.2
Ptyas_mucosa_C9B	region	583	47	157	203	29388	29528	57.447	2.29e-15	71.2
Ptyas_mucosa_C9B	region	583	59	399	457	44418	44594	54.237	7.07e-14	66.6
Ptyas_mucosa_C9B	region	583	56	528	583	50719	50886	50.000	2.66e-12	61.2
Ptyas_mucosa_C9B	region	583	59	54	110	24455	24628	47.458	4.55e-12	60.5
Ptyas_mucosa_C9B	region	583	41	33	69	17280	17402	46.341	6.10e-08	47.4
Ptyas_mucosa_C9B	region	583	55	189	243	32523	32687	38.182	8.28e-08	46.6
Ptyas_mucosa_C9B	region	583	30	488	517	61478	61389	30.000	0.10	26.9
Ptyas_mucosa_C9B	region	583	37	355	391	42107	42211	35.135	0.14	26.6
