Lacerta_agilis_C9A	CM119773.1	589	84	277	360	344606420	344606671	64.286	1.54e-28	127
Lacerta_agilis_C9A	CM119773.1	589	72	461	532	344614845	344615060	70.833	1.58e-26	121
Lacerta_agilis_C9A	CM119773.1	589	50	105	154	344591700	344591849	80.000	3.13e-15	85.5
Lacerta_agilis_C9A	CM119773.1	589	69	56	120	344589966	344590172	57.971	3.24e-15	85.1
Lacerta_agilis_C9A	CM119773.1	589	47	155	201	344594890	344595030	74.468	1.28e-14	83.2
Lacerta_agilis_C9A	CM119773.1	589	57	400	456	344609917	344610087	66.667	6.92e-14	80.9
Lacerta_agilis_C9A	CM119773.1	589	47	539	584	344616248	344616388	59.574	4.58e-08	62.0
Lacerta_agilis_C9A	CM119773.1	589	60	470	529	343803924	343803745	41.667	4.57e-07	58.9
Lacerta_agilis_C9A	CM119779.1	589	227	300	517	15068004	15067378	29.515	1.13e-12	77.0
Lacerta_agilis_C9A	CM119775.1	589	67	461	526	79263075	79263275	43.284	1.21e-07	60.8
Lacerta_agilis_C9A	CM119775.1	589	79	279	357	79239575	79239811	32.911	2.49e-06	56.6
Lacerta_agilis_C9A	CM119775.1	589	93	264	356	79290008	79289739	27.957	4.83e-06	55.5
Zootoca_vivipara_C9A	CM119773.1	589	84	277	360	344606420	344606671	63.095	4.42e-28	125
Zootoca_vivipara_C9A	CM119773.1	589	72	461	532	344614845	344615060	69.444	2.26e-26	120
Zootoca_vivipara_C9A	CM119773.1	589	69	56	120	344589966	344590172	60.870	2.70e-16	88.6
Zootoca_vivipara_C9A	CM119773.1	589	50	105	154	344591700	344591849	78.000	5.24e-15	84.7
Zootoca_vivipara_C9A	CM119773.1	589	47	155	201	344594890	344595030	74.468	1.60e-14	83.2
Zootoca_vivipara_C9A	CM119773.1	589	51	406	456	344609935	344610087	74.510	9.18e-14	80.5
Zootoca_vivipara_C9A	CM119773.1	589	47	539	584	344616248	344616388	59.574	5.72e-08	62.0
Zootoca_vivipara_C9A	CM119773.1	589	60	470	529	343803924	343803745	40.000	9.18e-07	57.8
Zootoca_vivipara_C9A	CM119779.1	589	223	300	517	15068004	15067378	26.906	1.34e-10	70.5
Zootoca_vivipara_C9A	CM119775.1	589	67	461	526	79263075	79263275	43.284	7.07e-08	61.6
Zootoca_vivipara_C9A	CM119775.1	589	79	279	357	79239575	79239811	32.911	4.51e-06	55.8
Zootoca_vivipara_C9A	CM119775.1	589	78	279	356	79289972	79289739	28.205	7.90e-06	54.7
Podarcis_muralis_C9A	CM119773.1	589	89	272	360	344606405	344606671	61.798	8.40e-29	128
Podarcis_muralis_C9A	CM119773.1	589	70	461	530	344614845	344615054	67.143	1.82e-24	114
Podarcis_muralis_C9A	CM119773.1	589	69	56	120	344589966	344590172	59.420	1.67e-15	86.3
Podarcis_muralis_C9A	CM119773.1	589	50	105	154	344591700	344591849	80.000	3.07e-15	85.5
Podarcis_muralis_C9A	CM119773.1	589	47	155	201	344594890	344595030	74.468	1.47e-14	83.2
Podarcis_muralis_C9A	CM119773.1	589	59	400	458	344609917	344610093	62.712	1.83e-13	79.7
Podarcis_muralis_C9A	CM119773.1	589	58	531	584	344616215	344616388	53.448	8.53e-08	61.2
Podarcis_muralis_C9A	CM119773.1	589	60	470	529	343803924	343803745	38.333	4.69e-07	58.9
Podarcis_muralis_C9A	CM119779.1	589	226	300	516	15068004	15067381	27.876	1.23e-09	67.4
Podarcis_muralis_C9A	CM119775.1	589	67	461	526	79263075	79263275	43.284	3.37e-08	62.4
Podarcis_muralis_C9A	CM119775.1	589	130	231	360	79290107	79289727	26.154	1.88e-06	57.0
Anolis_carolinensis_C9A	CM119773.1	591	82	457	538	344614827	344615072	69.512	2.54e-30	132
Anolis_carolinensis_C9A	CM119773.1	591	89	273	361	344606402	344606668	62.921	3.10e-28	126
Anolis_carolinensis_C9A	CM119773.1	591	50	106	155	344591700	344591849	80.000	5.63e-16	87.8
Anolis_carolinensis_C9A	CM119773.1	591	47	156	202	344594890	344595030	72.340	3.16e-14	82.0
Anolis_carolinensis_C9A	CM119773.1	591	69	57	121	344589966	344590172	55.072	3.08e-13	79.0
Anolis_carolinensis_C9A	CM119773.1	591	54	408	461	344609935	344610096	59.259	7.58e-13	77.8
Anolis_carolinensis_C9A	CM119773.1	591	56	532	587	344616221	344616388	53.571	4.74e-11	72.0
Anolis_carolinensis_C9A	CM119773.1	591	69	460	528	343803957	343803754	36.232	3.68e-07	59.3
Anolis_carolinensis_C9A	CM119773.1	591	81	281	361	343755017	343755259	34.568	5.78e-07	58.5
Anolis_carolinensis_C9A	CM119773.1	591	41	26	66	344582761	344582880	65.854	7.34e-07	58.2
Anolis_carolinensis_C9A	CM119773.1	591	76	284	358	343812026	343811799	35.526	5.24e-06	55.5
Anolis_carolinensis_C9A	CM119779.1	591	223	302	518	15068004	15067381	27.354	9.35e-10	67.8
Anolis_carolinensis_C9A	CM119775.1	591	78	281	358	79289972	79289739	39.744	1.11e-09	67.4
Anolis_carolinensis_C9A	CM119775.1	591	75	460	533	79263066	79263290	34.667	2.37e-07	59.7
Anolis_carolinensis_C9A	CM119775.1	591	46	542	587	79264149	79264286	50.000	6.48e-06	55.1
Pogona_vitticeps_C9A	CM119773.1	576	80	438	517	344614827	344615066	77.500	2.22e-31	135
Pogona_vitticeps_C9A	CM119773.1	576	84	256	339	344606408	344606659	67.857	6.05e-30	131
Pogona_vitticeps_C9A	CM119773.1	576	55	156	210	344594890	344595054	69.091	2.78e-16	88.6
Pogona_vitticeps_C9A	CM119773.1	576	66	382	447	344609914	344610111	62.121	2.94e-15	85.5
Pogona_vitticeps_C9A	CM119773.1	576	50	106	155	344591700	344591849	76.000	3.07e-15	85.1
Pogona_vitticeps_C9A	CM119773.1	576	78	57	134	344589966	344590184	48.718	8.55e-13	77.4
Pogona_vitticeps_C9A	CM119773.1	576	48	524	571	344616245	344616388	64.583	1.55e-10	70.1
Pogona_vitticeps_C9A	CM119773.1	576	85	257	341	343755002	343755256	35.294	6.08e-07	58.5
Pogona_vitticeps_C9A	CM119773.1	576	38	26	63	344582761	344582874	65.789	9.07e-07	57.8
Pogona_vitticeps_C9A	CM119773.1	576	70	441	510	343803957	343803751	35.714	1.12e-06	57.4
Pogona_vitticeps_C9A	CM119773.1	576	67	512	574	130023672	130023872	41.791	6.65e-06	55.1
Pogona_vitticeps_C9A	CM119779.1	576	224	283	499	15068004	15067381	29.464	2.20e-12	76.3
Pogona_vitticeps_C9A	CM119775.1	576	115	225	339	79290065	79289739	31.304	8.23e-12	74.3
Pogona_vitticeps_C9A	CM119775.1	576	70	441	509	79263066	79263275	40.000	2.08e-08	63.2
Pogona_vitticeps_C9A	CM119775.1	576	84	257	340	79239560	79239811	35.714	1.45e-07	60.5
Pogona_vitticeps_C9A	CM119775.1	576	52	520	571	79264131	79264286	51.923	4.47e-07	58.9
Gekko_japonicus_C9A	CM119773.1	582	89	288	376	344606405	344606671	58.427	5.53e-25	116
Gekko_japonicus_C9A	CM119773.1	582	68	457	524	344614845	344615048	76.471	2.34e-24	114
Gekko_japonicus_C9A	CM119773.1	582	45	173	217	344594890	344595024	66.667	1.05e-10	70.9
Gekko_japonicus_C9A	CM119773.1	582	71	71	137	344589969	344590172	50.704	3.80e-10	68.9
Gekko_japonicus_C9A	CM119773.1	582	67	457	523	343803948	343803751	41.791	1.84e-09	66.6
Gekko_japonicus_C9A	CM119773.1	582	51	122	172	344591700	344591849	58.824	2.64e-09	66.2
Gekko_japonicus_C9A	CM119773.1	582	57	395	451	344609914	344610084	49.123	4.72e-08	62.0
Gekko_japonicus_C9A	CM119773.1	582	52	530	581	344616233	344616388	55.769	7.17e-08	61.6
Gekko_japonicus_C9A	CM119773.1	582	85	291	375	343755005	343755259	30.588	1.90e-06	57.0
Gekko_japonicus_C9A	CM119779.1	582	213	316	512	15068004	15067381	28.169	1.31e-10	70.5
Gekko_japonicus_C9A	CM119775.1	582	68	456	522	79263072	79263275	39.706	3.44e-08	62.4
Gekko_japonicus_C9A	CM119775.1	582	93	280	372	79290008	79289739	32.258	3.62e-07	59.3
Gekko_japonicus_C9A	CM119775.1	582	79	295	373	79239575	79239811	32.911	3.28e-06	56.2
Crotalus_tigris_C9A	CM119773.1	583	76	276	351	344606423	344606650	61.842	3.74e-25	116
Crotalus_tigris_C9A	CM119773.1	583	78	453	530	344614827	344615060	60.256	3.51e-23	110
Crotalus_tigris_C9A	CM119773.1	583	89	157	245	344594890	344595147	46.067	8.36e-14	80.9
Crotalus_tigris_C9A	CM119773.1	583	50	107	156	344591700	344591849	68.000	3.31e-13	79.0
Crotalus_tigris_C9A	CM119773.1	583	62	396	457	344609911	344610096	53.226	3.33e-11	72.4
Crotalus_tigris_C9A	CM119773.1	583	73	54	122	344589957	344590172	46.575	3.45e-09	65.9
Crotalus_tigris_C9A	CM119773.1	583	70	456	525	343803957	343803751	40.000	5.71e-08	61.6
Crotalus_tigris_C9A	CM119773.1	583	56	528	583	344616221	344616388	50.000	6.43e-08	61.6
Crotalus_tigris_C9A	CM119779.1	583	223	298	514	15068004	15067381	27.803	1.79e-10	70.1
Crotalus_tigris_C9A	CM119775.1	583	70	456	524	79263066	79263275	40.000	1.20e-07	60.8
Crotalus_tigris_C9A	CM119775.1	583	47	537	583	79264146	79264286	57.447	2.21e-07	60.1
Crotalus_tigris_C9A	CM119775.1	583	89	262	350	79290008	79289751	32.584	2.44e-06	56.6
Thamnophis_elegans_C9A	CM119773.1	583	75	276	350	344606423	344606647	64.000	3.43e-25	117
Thamnophis_elegans_C9A	CM119773.1	583	93	453	540	344614827	344615105	54.839	7.41e-21	103
Thamnophis_elegans_C9A	CM119773.1	583	50	107	156	344591700	344591849	66.000	1.72e-12	76.6
Thamnophis_elegans_C9A	CM119773.1	583	54	404	457	344609935	344610096	55.556	1.39e-11	73.6
Thamnophis_elegans_C9A	CM119773.1	583	51	533	583	344616236	344616388	60.784	2.08e-11	72.8
Thamnophis_elegans_C9A	CM119773.1	583	47	157	203	344594890	344595030	61.702	3.72e-11	72.0
Thamnophis_elegans_C9A	CM119773.1	583	73	54	122	344589957	344590172	47.945	5.50e-10	68.2
Thamnophis_elegans_C9A	CM119779.1	583	228	298	514	15068004	15067381	25.000	3.14e-08	62.8
Thamnophis_elegans_C9A	CM119775.1	583	82	277	358	79289972	79289727	35.366	4.94e-08	62.0
Naja_naja_C9A	CM119773.1	582	78	276	353	344606423	344606656	60.256	6.15e-25	115
Naja_naja_C9A	CM119773.1	582	95	452	541	344614827	344615111	53.684	1.88e-22	108
Naja_naja_C9A	CM119773.1	582	50	107	156	344591700	344591849	70.000	7.01e-13	77.8
Naja_naja_C9A	CM119773.1	582	74	157	230	344594890	344595105	45.946	1.47e-11	73.6
Naja_naja_C9A	CM119773.1	582	64	393	456	344609914	344610096	53.125	4.28e-10	68.6
Naja_naja_C9A	CM119773.1	582	73	54	122	344589957	344590172	46.575	6.73e-10	68.2
Naja_naja_C9A	CM119773.1	582	70	455	524	343803957	343803751	37.143	2.69e-08	62.8
Naja_naja_C9A	CM119773.1	582	49	9	57	344582710	344582856	59.184	6.75e-08	61.6
Naja_naja_C9A	CM119773.1	582	56	527	582	344616221	344616388	48.214	1.50e-07	60.5
Naja_naja_C9A	CM119779.1	582	224	298	513	15068004	15067381	24.107	1.54e-08	63.5
Naja_naja_C9A	CM119775.1	582	70	455	523	79263066	79263275	38.571	1.52e-07	60.5
Naja_naja_C9A	CM119775.1	582	89	262	350	79290008	79289751	34.831	9.97e-07	57.8
Naja_naja_C9A	CM119775.1	582	47	536	582	79264146	79264286	55.319	1.12e-06	57.8
Pseudonaja_textilis_C9A	CM119773.1	583	78	276	353	344606423	344606656	60.256	3.08e-25	117
Pseudonaja_textilis_C9A	CM119773.1	583	95	453	542	344614827	344615111	54.737	4.81e-23	110
Pseudonaja_textilis_C9A	CM119773.1	583	50	107	156	344591700	344591849	66.000	3.75e-12	75.5
Pseudonaja_textilis_C9A	CM119773.1	583	74	157	230	344594890	344595105	45.946	1.22e-11	73.6
Pseudonaja_textilis_C9A	CM119773.1	583	62	396	457	344609911	344610096	50.000	1.41e-10	70.1
Pseudonaja_textilis_C9A	CM119773.1	583	73	54	122	344589957	344590172	46.575	5.59e-10	68.2
Pseudonaja_textilis_C9A	CM119773.1	583	56	528	583	344616221	344616388	51.786	1.31e-08	63.9
Pseudonaja_textilis_C9A	CM119773.1	583	72	456	527	343803957	343803745	36.111	6.43e-08	61.6
Pseudonaja_textilis_C9A	CM119773.1	583	32	26	57	344582761	344582856	75.000	9.10e-07	57.8
Pseudonaja_textilis_C9A	CM119779.1	583	222	298	514	15068004	15067381	24.324	7.25e-09	64.7
Pseudonaja_textilis_C9A	CM119779.1	583	215	302	514	13541698	13542294	21.395	3.68e-06	55.8
Pseudonaja_textilis_C9A	CM119775.1	583	70	456	524	79263066	79263275	37.143	6.00e-07	58.5
Pseudonaja_textilis_C9A	CM119775.1	583	47	537	583	79264146	79264286	57.447	6.26e-07	58.5
Pseudonaja_textilis_C9A	CM119775.1	583	89	262	350	79290008	79289751	33.708	1.20e-06	57.4
Python_bivittatus_C9A	CM119773.1	582	82	453	534	344614827	344615072	62.195	7.60e-25	115
Python_bivittatus_C9A	CM119773.1	582	79	276	354	344606423	344606659	59.494	5.36e-24	113
Python_bivittatus_C9A	CM119773.1	582	50	107	156	344591700	344591849	64.000	1.16e-11	73.9
Python_bivittatus_C9A	CM119773.1	582	47	157	203	344594890	344595030	61.702	1.66e-11	73.2
Python_bivittatus_C9A	CM119773.1	582	54	404	457	344609935	344610096	57.407	3.64e-10	68.9
Python_bivittatus_C9A	CM119773.1	582	48	535	582	344616245	344616388	60.417	7.87e-09	64.7
Python_bivittatus_C9A	CM119773.1	582	73	54	122	344589957	344590172	45.205	8.07e-09	64.7
Python_bivittatus_C9A	CM119773.1	582	70	456	525	343803957	343803751	38.571	5.94e-08	61.6
Python_bivittatus_C9A	CM119773.1	582	58	189	246	344598025	344598198	43.103	3.59e-07	59.3
Python_bivittatus_C9A	CM119779.1	582	222	298	514	15068004	15067381	25.225	3.35e-09	65.9
Python_bivittatus_C9A	CM119775.1	582	70	456	524	79263066	79263275	41.429	1.32e-08	63.9
Python_bivittatus_C9A	CM119775.1	582	52	531	582	79264131	79264286	50.000	1.30e-07	60.5
Python_bivittatus_C9A	CM119775.1	582	78	277	354	79289972	79289739	33.333	1.40e-06	57.4
Python_bivittatus_C9A	CM119775.1	582	79	277	355	79239575	79239811	35.443	1.49e-06	57.4
Notechis_scutatus_C9A	CM119773.1	583	78	276	353	344606423	344606656	60.256	3.25e-25	117
Notechis_scutatus_C9A	CM119773.1	583	95	453	542	344614827	344615111	53.684	2.28e-23	111
Notechis_scutatus_C9A	CM119773.1	583	50	107	156	344591700	344591849	68.000	1.36e-12	76.6
Notechis_scutatus_C9A	CM119773.1	583	74	157	230	344594890	344595105	45.946	1.18e-11	73.9
Notechis_scutatus_C9A	CM119773.1	583	62	396	457	344609911	344610096	50.000	1.75e-10	70.1
Notechis_scutatus_C9A	CM119773.1	583	59	54	110	344589957	344590130	54.237	6.69e-10	68.2
Notechis_scutatus_C9A	CM119773.1	583	56	528	583	344616221	344616388	51.786	8.75e-09	64.3
Notechis_scutatus_C9A	CM119773.1	583	72	456	527	343803957	343803745	36.111	1.18e-07	60.8
Notechis_scutatus_C9A	CM119773.1	583	32	26	57	344582761	344582856	75.000	9.34e-07	57.8
Notechis_scutatus_C9A	CM119779.1	583	222	298	514	15068004	15067381	24.324	4.90e-09	65.1
Notechis_scutatus_C9A	CM119779.1	583	215	302	514	13541698	13542294	21.860	3.90e-06	55.8
Notechis_scutatus_C9A	CM119775.1	583	47	537	583	79264146	79264286	57.447	6.21e-07	58.5
Notechis_scutatus_C9A	CM119775.1	583	70	456	524	79263066	79263275	37.143	7.48e-07	58.2
Notechis_scutatus_C9A	CM119775.1	583	89	262	350	79290008	79289751	33.708	1.23e-06	57.4
Hydrophis_cyanocinctus_C9A	CM119773.1	583	78	276	353	344606423	344606656	60.256	4.20e-25	116
Hydrophis_cyanocinctus_C9A	CM119773.1	583	95	453	542	344614827	344615111	53.684	1.73e-23	111
Hydrophis_cyanocinctus_C9A	CM119773.1	583	50	107	156	344591700	344591849	68.000	1.28e-12	77.0
Hydrophis_cyanocinctus_C9A	CM119773.1	583	74	157	230	344594890	344595105	45.946	1.34e-11	73.6
Hydrophis_cyanocinctus_C9A	CM119773.1	583	64	394	457	344609914	344610096	51.562	3.02e-10	69.3
Hydrophis_cyanocinctus_C9A	CM119773.1	583	59	54	110	344589957	344590130	54.237	7.05e-10	68.2
Hydrophis_cyanocinctus_C9A	CM119773.1	583	56	528	583	344616221	344616388	51.786	8.90e-09	64.3
Hydrophis_cyanocinctus_C9A	CM119773.1	583	72	456	527	343803957	343803745	36.111	1.10e-07	60.8
Hydrophis_cyanocinctus_C9A	CM119773.1	583	32	26	57	344582761	344582856	75.000	9.18e-07	57.8
Hydrophis_cyanocinctus_C9A	CM119779.1	583	222	298	514	15068004	15067381	24.324	2.07e-09	66.6
Hydrophis_cyanocinctus_C9A	CM119775.1	583	70	456	524	79263066	79263275	37.143	4.41e-07	58.9
Hydrophis_cyanocinctus_C9A	CM119775.1	583	47	537	583	79264146	79264286	57.447	6.26e-07	58.5
Hydrophis_cyanocinctus_C9A	CM119775.1	583	89	262	350	79290008	79289751	33.708	8.72e-07	57.8
Laticauda_colubrina_C9A	CM119773.1	583	78	276	353	344606423	344606656	60.256	4.51e-25	116
Laticauda_colubrina_C9A	CM119773.1	583	95	453	542	344614827	344615111	54.737	1.57e-23	111
Laticauda_colubrina_C9A	CM119773.1	583	50	107	156	344591700	344591849	66.000	3.38e-12	75.5
Laticauda_colubrina_C9A	CM119773.1	583	74	157	230	344594890	344595105	45.946	8.17e-12	74.3
Laticauda_colubrina_C9A	CM119773.1	583	64	394	457	344609914	344610096	56.250	5.10e-11	71.6
Laticauda_colubrina_C9A	CM119773.1	583	59	54	110	344589957	344590130	54.237	2.65e-09	66.2
Laticauda_colubrina_C9A	CM119773.1	583	56	528	583	344616221	344616388	51.786	7.70e-09	64.7
Laticauda_colubrina_C9A	CM119773.1	583	72	456	527	343803957	343803745	36.111	6.83e-08	61.6
Laticauda_colubrina_C9A	CM119773.1	583	32	26	57	344582761	344582856	75.000	1.35e-06	57.4
Laticauda_colubrina_C9A	CM119779.1	583	222	298	514	15068004	15067381	24.324	5.52e-09	65.1
Laticauda_colubrina_C9A	CM119775.1	583	70	456	524	79263066	79263275	37.143	5.75e-07	58.5
Laticauda_colubrina_C9A	CM119775.1	583	89	262	350	79290008	79289751	33.708	1.07e-06	57.8
Laticauda_colubrina_C9A	CM119775.1	583	47	537	583	79264146	79264286	55.319	1.80e-06	57.0
Protobothrops_mucrosquamatus_C9A	CM119773.1	583	79	276	354	344606423	344606659	63.291	4.96e-26	119
Protobothrops_mucrosquamatus_C9A	CM119773.1	583	82	453	534	344614827	344615072	60.976	6.29e-24	112
Protobothrops_mucrosquamatus_C9A	CM119773.1	583	47	157	203	344594890	344595030	63.830	1.99e-12	76.3
Protobothrops_mucrosquamatus_C9A	CM119773.1	583	50	107	156	344591700	344591849	66.000	3.13e-12	75.5
Protobothrops_mucrosquamatus_C9A	CM119773.1	583	54	404	457	344609935	344610096	59.259	7.56e-12	74.3
Protobothrops_mucrosquamatus_C9A	CM119773.1	583	56	528	583	344616221	344616388	55.357	8.36e-10	67.8
Protobothrops_mucrosquamatus_C9A	CM119773.1	583	73	54	122	344589957	344590172	45.205	1.72e-08	63.5
Protobothrops_mucrosquamatus_C9A	CM119773.1	583	70	456	525	343803957	343803751	40.000	2.46e-08	63.2
Protobothrops_mucrosquamatus_C9A	CM119773.1	583	43	203	245	344598067	344598195	55.814	2.29e-07	59.7
Protobothrops_mucrosquamatus_C9A	CM119779.1	583	228	298	514	15068004	15067381	25.877	1.05e-10	70.9
Protobothrops_mucrosquamatus_C9A	CM119779.1	583	212	309	514	13541719	13542294	22.642	5.82e-06	55.5
Protobothrops_mucrosquamatus_C9A	CM119775.1	583	78	277	354	79289972	79289739	34.615	1.36e-07	60.5
Protobothrops_mucrosquamatus_C9A	CM119775.1	583	47	537	583	79264146	79264286	55.319	4.30e-07	58.9
Protobothrops_mucrosquamatus_C9A	CM119775.1	583	70	456	524	79263066	79263275	37.143	4.93e-07	58.9
Protobothrops_mucrosquamatus_C9A	CM119775.1	583	79	277	355	79239575	79239811	32.911	1.75e-06	57.0
Chrysopelea_ornata_C9A	CM119773.1	584	83	276	358	344606423	344606671	60.241	1.88e-26	120
Chrysopelea_ornata_C9A	CM119773.1	584	82	454	535	344614827	344615072	60.976	6.07e-24	112
Chrysopelea_ornata_C9A	CM119773.1	584	50	107	156	344591700	344591849	68.000	5.01e-13	78.2
Chrysopelea_ornata_C9A	CM119773.1	584	47	157	203	344594890	344595030	59.574	3.20e-11	72.4
Chrysopelea_ornata_C9A	CM119773.1	584	54	405	458	344609935	344610096	53.704	3.67e-11	72.0
Chrysopelea_ornata_C9A	CM119773.1	584	56	529	584	344616221	344616388	53.571	8.55e-09	64.3
Chrysopelea_ornata_C9A	CM119773.1	584	70	457	526	343803957	343803751	40.000	1.92e-08	63.2
Chrysopelea_ornata_C9A	CM119773.1	584	65	9	69	344582710	344582904	46.154	3.02e-07	59.3
Chrysopelea_ornata_C9A	CM119773.1	584	73	54	122	344589957	344590172	39.726	4.32e-07	58.9
Chrysopelea_ornata_C9A	CM119779.1	584	228	298	515	15068004	15067381	25.439	1.54e-09	67.0
Chrysopelea_ornata_C9A	CM119775.1	584	78	277	354	79289972	79289739	33.333	1.01e-06	57.8
Chrysopelea_ornata_C9A	CM119775.1	584	75	457	530	79263066	79263290	36.000	1.04e-06	57.8
Chrysopelea_ornata_C9A	CM119775.1	584	79	277	355	79239575	79239811	35.443	1.19e-06	57.4
Pituophis_catenifer_C9A	CM119773.1	583	77	277	353	344606426	344606656	62.338	8.76e-25	115
Pituophis_catenifer_C9A	CM119773.1	583	78	453	530	344614827	344615060	58.974	1.46e-22	108
Pituophis_catenifer_C9A	CM119773.1	583	65	393	457	344609902	344610096	49.231	2.92e-12	75.9
Pituophis_catenifer_C9A	CM119773.1	583	50	107	156	344591700	344591849	64.000	9.95e-12	73.9
Pituophis_catenifer_C9A	CM119773.1	583	47	157	203	344594890	344595030	59.574	1.57e-10	70.1
Pituophis_catenifer_C9A	CM119773.1	583	73	54	122	344589957	344590172	47.945	2.06e-10	69.7
Pituophis_catenifer_C9A	CM119773.1	583	50	534	583	344616239	344616388	60.000	2.45e-09	66.2
Pituophis_catenifer_C9A	CM119773.1	583	70	456	525	343803957	343803751	40.000	5.65e-07	58.5
Pituophis_catenifer_C9A	CM119779.1	583	226	298	516	15068004	15067375	27.876	1.69e-11	73.2
Pituophis_catenifer_C9A	CM119775.1	583	75	456	529	79263066	79263290	38.667	5.47e-08	62.0
Pituophis_catenifer_C9A	CM119775.1	583	78	273	350	79289984	79289751	33.333	2.15e-06	56.6
Pantherophis_obsoletus_C9A	CM119773.1	583	100	255	354	344606366	344606659	53.000	2.95e-27	123
Pantherophis_obsoletus_C9A	CM119773.1	583	82	453	534	344614827	344615072	57.317	1.38e-22	108
Pantherophis_obsoletus_C9A	CM119773.1	583	50	107	156	344591700	344591849	64.000	4.26e-12	75.1
Pantherophis_obsoletus_C9A	CM119773.1	583	47	157	203	344594890	344595030	61.702	2.85e-11	72.4
Pantherophis_obsoletus_C9A	CM119773.1	583	73	54	122	344589957	344590172	47.945	8.24e-11	70.9
Pantherophis_obsoletus_C9A	CM119773.1	583	54	404	457	344609935	344610096	51.852	8.83e-11	70.9
Pantherophis_obsoletus_C9A	CM119773.1	583	56	528	583	344616221	344616388	55.357	1.56e-09	67.0
Pantherophis_obsoletus_C9A	CM119773.1	583	70	456	525	343803957	343803751	40.000	5.46e-07	58.5
Pantherophis_obsoletus_C9A	CM119773.1	583	48	203	250	344598067	344598210	50.000	6.21e-07	58.5
Pantherophis_obsoletus_C9A	CM119779.1	583	226	298	516	15068004	15067375	28.761	2.42e-12	75.9
Pantherophis_obsoletus_C9A	CM119775.1	583	82	277	358	79289972	79289727	35.366	2.43e-08	63.2
Pantherophis_obsoletus_C9A	CM119775.1	583	75	456	529	79263066	79263290	38.667	5.07e-08	62.0
Pantherophis_obsoletus_C9A	CM119775.1	583	79	277	355	79239575	79239811	35.443	5.80e-07	58.5
Bothrops_jararaca_C9A	CM119773.1	583	79	276	354	344606423	344606659	63.291	2.34e-25	117
Bothrops_jararaca_C9A	CM119773.1	583	82	453	534	344614827	344615072	62.195	1.72e-24	114
Bothrops_jararaca_C9A	CM119773.1	583	47	157	203	344594890	344595030	63.830	2.04e-12	76.3
Bothrops_jararaca_C9A	CM119773.1	583	50	107	156	344591700	344591849	66.000	2.73e-11	72.4
Bothrops_jararaca_C9A	CM119773.1	583	54	404	457	344609935	344610096	55.556	3.22e-11	72.4
Bothrops_jararaca_C9A	CM119773.1	583	73	54	122	344589957	344590172	47.945	1.22e-09	67.4
Bothrops_jararaca_C9A	CM119773.1	583	56	528	583	344616221	344616388	53.571	2.35e-09	66.2
Bothrops_jararaca_C9A	CM119773.1	583	47	203	249	344598067	344598207	51.064	3.92e-07	58.9
Bothrops_jararaca_C9A	CM119773.1	583	70	456	525	343803957	343803751	37.143	4.69e-07	58.9
Bothrops_jararaca_C9A	CM119779.1	583	226	298	514	15068004	15067381	26.991	1.52e-09	67.0
Bothrops_jararaca_C9A	CM119775.1	583	70	456	524	79263066	79263275	37.143	2.88e-07	59.7
Bothrops_jararaca_C9A	CM119775.1	583	78	277	354	79289972	79289739	34.615	3.79e-07	59.3
Bothrops_jararaca_C9A	CM119775.1	583	47	537	583	79264146	79264286	55.319	1.08e-06	57.8
Bothrops_jararaca_C9A	CM119775.1	583	82	274	355	79239566	79239811	32.927	2.71e-06	56.2
Ptyas_mucosa_C9A	CM119773.1	583	78	277	354	344606426	344606659	65.385	1.33e-26	121
Ptyas_mucosa_C9A	CM119773.1	583	78	453	530	344614827	344615060	60.256	2.94e-23	110
Ptyas_mucosa_C9A	CM119773.1	583	50	107	156	344591700	344591849	68.000	7.28e-13	77.8
Ptyas_mucosa_C9A	CM119773.1	583	73	54	122	344589957	344590172	47.945	5.56e-11	71.6
Ptyas_mucosa_C9A	CM119773.1	583	54	404	457	344609935	344610096	53.704	1.02e-10	70.9
Ptyas_mucosa_C9A	CM119773.1	583	47	157	203	344594890	344595030	59.574	1.06e-10	70.9
Ptyas_mucosa_C9A	CM119773.1	583	56	528	583	344616221	344616388	57.143	1.23e-09	67.4
Ptyas_mucosa_C9A	CM119773.1	583	80	456	535	343803957	343803727	40.000	1.27e-08	63.9
Ptyas_mucosa_C9A	CM119773.1	583	48	203	250	344598067	344598210	52.083	2.34e-06	56.6
Ptyas_mucosa_C9A	CM119773.1	583	49	9	57	344582710	344582856	51.020	4.83e-06	55.5
Ptyas_mucosa_C9A	CM119779.1	583	229	298	514	15068004	15067381	27.511	1.51e-10	70.1
Ptyas_mucosa_C9A	CM119775.1	583	86	277	362	79289972	79289715	34.884	1.63e-08	63.5
Ptyas_mucosa_C9A	CM119775.1	583	75	456	529	79263066	79263290	37.333	2.39e-07	59.7
Ptyas_mucosa_C9A	CM119775.1	583	47	537	583	79264146	79264286	53.191	6.87e-07	58.2
Ptyas_mucosa_C9A	CM119775.1	583	82	274	355	79239566	79239811	35.366	9.18e-07	57.8
Vipera_berus_C9A	CM119773.1	583	79	276	354	344606423	344606659	60.759	1.78e-24	114
Vipera_berus_C9A	CM119773.1	583	82	453	534	344614827	344615072	59.756	1.56e-23	111
Vipera_berus_C9A	CM119773.1	583	50	107	156	344591700	344591849	70.000	1.55e-13	79.7
Vipera_berus_C9A	CM119773.1	583	47	157	203	344594890	344595030	65.957	1.30e-12	77.0
Vipera_berus_C9A	CM119773.1	583	54	404	457	344609935	344610096	57.407	4.93e-12	75.1
Vipera_berus_C9A	CM119773.1	583	73	54	122	344589957	344590172	50.685	1.02e-10	70.9
Vipera_berus_C9A	CM119773.1	583	56	528	583	344616221	344616388	53.571	2.72e-09	66.2
Vipera_berus_C9A	CM119773.1	583	70	456	525	343803957	343803751	40.000	1.17e-08	63.9
Vipera_berus_C9A	CM119773.1	583	47	203	249	344598067	344598207	55.319	5.03e-08	62.0
Vipera_berus_C9A	CM119779.1	583	224	298	514	15068004	15067381	26.786	4.68e-10	68.6
Vipera_berus_C9A	CM119775.1	583	90	274	359	79289981	79289712	34.444	1.98e-07	60.1
Vipera_berus_C9A	CM119775.1	583	70	456	524	79263066	79263275	37.143	4.38e-07	58.9
Vipera_berus_C9A	CM119775.1	583	47	537	583	79264146	79264286	55.319	1.25e-06	57.4
Sceloporus_undulatus_C9A	CM119773.1	591	86	273	358	344606402	344606659	70.930	4.07e-31	135
Sceloporus_undulatus_C9A	CM119773.1	591	82	457	538	344614827	344615072	69.512	1.43e-30	133
Sceloporus_undulatus_C9A	CM119773.1	591	61	401	461	344609914	344610096	62.295	1.36e-15	86.7
Sceloporus_undulatus_C9A	CM119773.1	591	50	57	106	344589966	344590115	66.000	4.73e-13	78.2
Sceloporus_undulatus_C9A	CM119773.1	591	50	106	155	344591700	344591849	68.000	6.40e-12	74.7
Sceloporus_undulatus_C9A	CM119773.1	591	52	536	587	344616233	344616388	53.846	4.19e-10	68.9
Sceloporus_undulatus_C9A	CM119773.1	591	47	156	202	344594890	344595030	59.574	1.15e-09	67.4
Sceloporus_undulatus_C9A	CM119773.1	591	81	281	361	343755017	343755259	34.568	7.22e-07	58.2
Sceloporus_undulatus_C9A	CM119773.1	591	41	26	66	344582761	344582880	65.854	1.20e-06	57.4
Sceloporus_undulatus_C9A	CM119773.1	591	72	460	531	343803957	343803745	33.333	4.50e-06	55.8
Sceloporus_undulatus_C9A	CM119779.1	591	222	302	518	15068004	15067381	25.225	3.56e-10	68.9
Sceloporus_undulatus_C9A	CM119775.1	591	93	266	358	79290008	79289739	36.559	8.45e-09	64.7
Sceloporus_undulatus_C9A	CM119775.1	591	70	460	528	79263066	79263275	37.143	1.16e-07	60.8
Sceloporus_undulatus_C9A	CM119775.1	591	47	541	587	79264146	79264286	51.064	6.70e-06	55.1
Anolis_carolinensis_C9B	CM119773.1	538	84	274	357	344606405	344606656	69.048	1.20e-28	127
Anolis_carolinensis_C9B	CM119773.1	538	75	457	531	344614827	344615051	72.000	7.75e-26	118
Anolis_carolinensis_C9B	CM119773.1	538	62	399	460	344609908	344610093	59.677	7.25e-16	87.0
Anolis_carolinensis_C9B	CM119773.1	538	50	106	155	344591700	344591849	76.000	2.86e-15	85.1
Anolis_carolinensis_C9B	CM119773.1	538	47	156	202	344594890	344595030	72.340	6.83e-14	80.9
Anolis_carolinensis_C9B	CM119773.1	538	69	57	121	344589966	344590172	55.072	1.55e-13	79.7
Anolis_carolinensis_C9B	CM119773.1	538	71	462	532	343803951	343803742	38.028	2.97e-08	62.4
Anolis_carolinensis_C9B	CM119773.1	538	81	281	361	343755017	343755259	35.802	2.61e-07	59.3
Anolis_carolinensis_C9B	CM119773.1	538	55	4	57	344582692	344582856	50.909	1.05e-06	57.4
Anolis_carolinensis_C9B	CM119775.1	538	91	266	356	79290008	79289745	38.462	1.94e-10	69.7
Anolis_carolinensis_C9B	CM119775.1	538	76	281	356	79239575	79239802	38.158	2.11e-07	59.7
Anolis_carolinensis_C9B	CM119779.1	538	222	302	518	15068004	15067381	26.577	1.42e-08	63.5
Anolis_carolinensis_C9B	CM119779.1	538	178	305	482	13541704	13542195	24.719	4.32e-07	58.9
Hydrophis_cyanocinctus_C9B	CM119773.1	582	79	275	353	344606423	344606659	62.025	1.24e-25	118
Hydrophis_cyanocinctus_C9B	CM119773.1	582	76	452	527	344614827	344615054	56.579	3.22e-20	101
Hydrophis_cyanocinctus_C9B	CM119773.1	582	50	106	155	344591700	344591849	68.000	6.38e-13	77.8
Hydrophis_cyanocinctus_C9B	CM119773.1	582	47	156	202	344594890	344595030	65.957	3.83e-12	75.5
Hydrophis_cyanocinctus_C9B	CM119773.1	582	73	53	121	344589957	344590172	46.575	1.22e-09	67.4
Hydrophis_cyanocinctus_C9B	CM119773.1	582	70	455	524	343803957	343803751	41.429	1.94e-09	66.6
Hydrophis_cyanocinctus_C9B	CM119773.1	582	50	533	582	344616239	344616388	58.000	2.08e-09	66.6
Hydrophis_cyanocinctus_C9B	CM119773.1	582	54	403	456	344609935	344610096	48.148	4.80e-09	65.5
Hydrophis_cyanocinctus_C9B	CM119773.1	582	48	202	249	344598067	344598210	47.917	5.61e-06	55.5
Hydrophis_cyanocinctus_C9B	CM119779.1	582	229	297	513	15068004	15067381	26.638	1.98e-08	63.2
Hydrophis_cyanocinctus_C9B	CM119775.1	582	73	455	526	79263066	79263284	39.726	4.88e-08	62.0
Hydrophis_cyanocinctus_C9B	CM119775.1	582	82	276	357	79289972	79289727	34.146	8.21e-08	61.2
Bothrops_jararaca_C9B	CM119773.1	583	79	276	354	344606423	344606659	63.291	2.40e-25	117
Bothrops_jararaca_C9B	CM119773.1	583	82	453	534	344614827	344615072	62.195	2.08e-24	114
Bothrops_jararaca_C9B	CM119773.1	583	47	157	203	344594890	344595030	65.957	7.80e-13	77.4
Bothrops_jararaca_C9B	CM119773.1	583	50	107	156	344591700	344591849	66.000	3.47e-12	75.5
Bothrops_jararaca_C9B	CM119773.1	583	54	404	457	344609935	344610096	55.556	2.49e-11	72.8
Bothrops_jararaca_C9B	CM119773.1	583	73	54	122	344589957	344590172	47.945	5.59e-10	68.2
Bothrops_jararaca_C9B	CM119773.1	583	56	528	583	344616221	344616388	53.571	2.43e-09	66.2
Bothrops_jararaca_C9B	CM119773.1	583	70	456	525	343803957	343803751	37.143	5.06e-07	58.5
Bothrops_jararaca_C9B	CM119773.1	583	47	203	249	344598067	344598207	48.936	9.03e-07	57.8
Bothrops_jararaca_C9B	CM119779.1	583	224	298	514	15068004	15067381	26.786	2.00e-09	66.6
Bothrops_jararaca_C9B	CM119775.1	583	70	456	524	79263066	79263275	37.143	3.19e-07	59.3
Bothrops_jararaca_C9B	CM119775.1	583	78	277	354	79289972	79289739	34.615	3.54e-07	59.3
Bothrops_jararaca_C9B	CM119775.1	583	82	274	355	79239566	79239811	32.927	2.90e-06	56.2
Bothrops_jararaca_C9B	CM119775.1	583	47	537	583	79264146	79264286	53.191	4.00e-06	55.8
Laticauda_colubrina_C9B	CM119773.1	583	79	276	354	344606423	344606659	60.759	1.19e-25	118
Laticauda_colubrina_C9B	CM119773.1	583	78	453	530	344614827	344615060	58.974	4.04e-22	107
Laticauda_colubrina_C9B	CM119773.1	583	50	107	156	344591700	344591849	66.000	4.62e-13	78.2
Laticauda_colubrina_C9B	CM119773.1	583	46	157	202	344594890	344595027	63.043	5.95e-11	71.6
Laticauda_colubrina_C9B	CM119773.1	583	50	534	583	344616239	344616388	62.000	3.74e-10	68.9
Laticauda_colubrina_C9B	CM119773.1	583	54	404	457	344609935	344610096	50.000	5.52e-09	65.1
Laticauda_colubrina_C9B	CM119773.1	583	73	54	122	344589957	344590172	46.575	1.02e-08	64.3
Laticauda_colubrina_C9B	CM119773.1	583	70	456	525	343803957	343803751	40.000	1.07e-08	64.3
Laticauda_colubrina_C9B	CM119773.1	583	81	277	357	343755017	343755259	30.864	8.61e-06	54.7
Laticauda_colubrina_C9B	CM119779.1	583	222	298	514	15068004	15067381	27.027	1.07e-10	70.5
Laticauda_colubrina_C9B	CM119775.1	583	81	274	354	79289981	79289739	33.333	9.44e-08	61.2
Laticauda_colubrina_C9B	CM119775.1	583	70	456	524	79263066	79263275	38.571	1.83e-06	57.0
Pseudonaja_textilis_C9B	CM119773.1	583	79	276	354	344606423	344606659	63.291	5.87e-27	122
Pseudonaja_textilis_C9B	CM119773.1	583	76	453	528	344614827	344615054	61.842	1.88e-22	108
Pseudonaja_textilis_C9B	CM119773.1	583	50	107	156	344591700	344591849	70.000	1.74e-13	79.7
Pseudonaja_textilis_C9B	CM119773.1	583	47	157	203	344594890	344595030	68.085	1.60e-12	76.6
Pseudonaja_textilis_C9B	CM119773.1	583	73	54	122	344589957	344590172	46.575	5.01e-10	68.6
Pseudonaja_textilis_C9B	CM119773.1	583	70	456	525	343803957	343803751	41.429	1.05e-09	67.4
Pseudonaja_textilis_C9B	CM119773.1	583	50	534	583	344616239	344616388	58.000	4.31e-09	65.5
Pseudonaja_textilis_C9B	CM119773.1	583	54	404	457	344609935	344610096	51.852	4.46e-09	65.5
Pseudonaja_textilis_C9B	CM119779.1	583	227	298	514	15068004	15067381	25.551	4.27e-09	65.5
Pseudonaja_textilis_C9B	CM119775.1	583	85	274	358	79289981	79289727	34.118	3.51e-08	62.4
Pseudonaja_textilis_C9B	CM119775.1	583	70	456	524	79263066	79263275	40.000	2.05e-07	60.1
Pseudonaja_textilis_C9B	CM119775.1	583	79	277	355	79239575	79239811	31.646	7.26e-06	55.1
Notechis_scutatus_C9B	CM119773.1	583	79	276	354	344606423	344606659	62.025	4.78e-26	119
Notechis_scutatus_C9B	CM119773.1	583	78	453	530	344614827	344615060	58.974	3.90e-22	107
Notechis_scutatus_C9B	CM119773.1	583	50	107	156	344591700	344591849	68.000	6.46e-13	77.8
Notechis_scutatus_C9B	CM119773.1	583	47	157	203	344594890	344595030	65.957	3.50e-12	75.5
Notechis_scutatus_C9B	CM119773.1	583	70	456	525	343803957	343803751	41.429	9.50e-10	67.4
Notechis_scutatus_C9B	CM119773.1	583	73	54	122	344589957	344590172	46.575	9.92e-10	67.4
Notechis_scutatus_C9B	CM119773.1	583	50	534	583	344616239	344616388	58.000	2.08e-09	66.6
Notechis_scutatus_C9B	CM119773.1	583	54	404	457	344609935	344610096	48.148	6.38e-09	65.1
Notechis_scutatus_C9B	CM119773.1	583	48	203	250	344598067	344598210	47.917	8.32e-06	54.7
Notechis_scutatus_C9B	CM119779.1	583	229	298	514	15068004	15067381	27.511	1.14e-09	67.4
Notechis_scutatus_C9B	CM119775.1	583	85	274	358	79289981	79289727	32.941	9.44e-08	61.2
Notechis_scutatus_C9B	CM119775.1	583	70	456	524	79263066	79263275	40.000	2.12e-07	60.1
Pituophis_catenifer_C9B	CM119773.1	583	77	277	353	344606426	344606656	62.338	6.66e-25	115
Pituophis_catenifer_C9B	CM119773.1	583	78	453	530	344614827	344615060	62.821	6.75e-24	112
Pituophis_catenifer_C9B	CM119773.1	583	50	107	156	344591700	344591849	68.000	1.12e-13	80.1
Pituophis_catenifer_C9B	CM119773.1	583	65	393	457	344609902	344610096	52.308	3.92e-11	72.0
Pituophis_catenifer_C9B	CM119773.1	583	59	157	215	344594890	344595066	49.153	5.15e-11	71.6
Pituophis_catenifer_C9B	CM119773.1	583	70	456	525	343803957	343803751	42.857	7.63e-09	64.7
Pituophis_catenifer_C9B	CM119773.1	583	59	54	110	344589957	344590130	52.542	9.77e-09	64.3
Pituophis_catenifer_C9B	CM119773.1	583	48	536	583	344616245	344616388	54.167	2.02e-07	60.1
Pituophis_catenifer_C9B	CM119773.1	583	32	26	57	344582761	344582856	68.750	3.38e-06	56.2
Pituophis_catenifer_C9B	CM119779.1	583	224	298	514	15068004	15067381	27.232	2.01e-11	73.2
Pituophis_catenifer_C9B	CM119775.1	583	75	456	529	79263066	79263290	40.000	1.26e-08	63.9
Pituophis_catenifer_C9B	CM119775.1	583	47	537	583	79264146	79264286	59.574	7.13e-08	61.6
Pituophis_catenifer_C9B	CM119775.1	583	90	273	362	79289984	79289715	32.222	1.57e-06	57.0
Pantherophis_obsoletus_C9B	CM119773.1	583	116	239	354	344606348	344606659	48.276	4.22e-26	119
Pantherophis_obsoletus_C9B	CM119773.1	583	78	453	530	344614827	344615060	58.974	3.63e-23	110
Pantherophis_obsoletus_C9B	CM119773.1	583	50	107	156	344591700	344591849	68.000	1.49e-13	79.7
Pantherophis_obsoletus_C9B	CM119773.1	583	59	157	215	344594890	344595066	49.153	6.06e-11	71.6
Pantherophis_obsoletus_C9B	CM119773.1	583	54	404	457	344609935	344610096	59.259	1.81e-10	70.1
Pantherophis_obsoletus_C9B	CM119773.1	583	59	54	110	344589957	344590130	54.237	4.53e-09	65.5
Pantherophis_obsoletus_C9B	CM119773.1	583	56	528	583	344616221	344616388	50.000	7.44e-08	61.6
Pantherophis_obsoletus_C9B	CM119773.1	583	70	456	525	343803957	343803751	34.286	1.29e-07	60.5
Pantherophis_obsoletus_C9B	CM119779.1	583	224	298	514	15068004	15067381	26.339	5.66e-11	71.6
Pantherophis_obsoletus_C9B	CM119775.1	583	85	274	358	79289981	79289727	35.294	7.07e-09	64.7
Pantherophis_obsoletus_C9B	CM119775.1	583	70	456	524	79263066	79263275	40.000	3.96e-08	62.4
Pantherophis_obsoletus_C9B	CM119775.1	583	47	537	583	79264146	79264286	57.447	1.20e-07	60.8
Pantherophis_obsoletus_C9B	CM119775.1	583	82	274	355	79239566	79239811	35.366	1.32e-06	57.4
Crotalus_tigris_C9B	CM119773.1	583	76	276	351	344606423	344606650	61.842	3.91e-25	116
Crotalus_tigris_C9B	CM119773.1	583	78	453	530	344614827	344615060	62.821	2.03e-24	114
Crotalus_tigris_C9B	CM119773.1	583	89	157	245	344594890	344595147	46.067	1.99e-13	79.3
Crotalus_tigris_C9B	CM119773.1	583	50	107	156	344591700	344591849	68.000	3.14e-13	79.0
Crotalus_tigris_C9B	CM119773.1	583	62	396	457	344609911	344610096	53.226	3.59e-11	72.0
Crotalus_tigris_C9B	CM119773.1	583	73	54	122	344589957	344590172	45.205	9.53e-09	64.3
Crotalus_tigris_C9B	CM119773.1	583	70	456	525	343803957	343803751	40.000	1.95e-08	63.2
Crotalus_tigris_C9B	CM119773.1	583	48	536	583	344616245	344616388	54.167	2.43e-07	59.7
Crotalus_tigris_C9B	CM119779.1	583	225	298	514	15068004	15067381	28.000	1.59e-10	70.1
Crotalus_tigris_C9B	CM119775.1	583	49	535	583	79264140	79264286	59.184	4.94e-08	62.0
Crotalus_tigris_C9B	CM119775.1	583	70	456	524	79263066	79263275	40.000	9.05e-08	61.2
Crotalus_tigris_C9B	CM119775.1	583	74	277	350	79289972	79289751	32.432	6.62e-06	55.1
Ptyas_mucosa_C9B	CM119773.1	583	77	277	353	344606426	344606656	62.338	7.40e-25	115
Ptyas_mucosa_C9B	CM119773.1	583	78	453	530	344614827	344615060	57.692	4.86e-22	107
Ptyas_mucosa_C9B	CM119773.1	583	50	107	156	344591700	344591849	68.000	5.17e-13	78.2
Ptyas_mucosa_C9B	CM119773.1	583	47	157	203	344594890	344595030	57.447	6.66e-11	71.2
Ptyas_mucosa_C9B	CM119773.1	583	59	399	457	344609920	344610096	54.237	2.05e-09	66.6
Ptyas_mucosa_C9B	CM119773.1	583	56	528	583	344616221	344616388	50.000	7.70e-08	61.2
Ptyas_mucosa_C9B	CM119773.1	583	59	54	110	344589957	344590130	47.458	1.32e-07	60.5
Ptyas_mucosa_C9B	CM119773.1	583	70	456	525	343803957	343803751	32.857	1.37e-06	57.4
Ptyas_mucosa_C9B	CM119779.1	583	222	298	514	15068004	15067381	24.775	1.75e-08	63.5
Ptyas_mucosa_C9B	CM119775.1	583	82	450	524	79263030	79263275	32.927	2.03e-07	60.1
Ptyas_mucosa_C9B	CM119775.1	583	47	537	583	79264146	79264286	57.447	3.01e-07	59.3
Ptyas_mucosa_C9B	CM119775.1	583	78	273	350	79289984	79289751	33.333	1.49e-06	57.4
