# Malpolon_monspessulanus DAB2/FYB1 anchors on OZ184073.1:283577603-287654504 (sstart/send relative to region; add 283577602)
Anolis_carolinensis_DAB2	1978532	1979158	303
Anolis_carolinensis_DAB2	1983809	1984336	191
Anolis_carolinensis_DAB2	1972431	1972565	99.4
Anolis_carolinensis_DAB2	1969510	1969650	96.7
Anolis_carolinensis_DAB2	1971354	1971455	72.0
Anolis_carolinensis_DAB2	1982372	1982533	67.8
Anolis_carolinensis_DAB2	1986157	1986282	51.6
Anolis_carolinensis_FYB1	2098933	2100057	286
Anolis_carolinensis_FYB1	2132413	2132595	96.7
Anolis_carolinensis_FYB1	2118724	2118897	91.3
Anolis_carolinensis_FYB1	2120865	2121005	70.1
Anolis_carolinensis_FYB1	2129296	2129409	57.8
Anolis_carolinensis_FYB1	2125283	2125405	51.2
Thamnophis_elegans_DAB2	1978532	1979158	385
Thamnophis_elegans_DAB2	1983809	1984342	293
Thamnophis_elegans_DAB2	1972431	1972565	100
Thamnophis_elegans_DAB2	1969510	1969650	99.4
Thamnophis_elegans_DAB2	1982372	1982533	90.1
Thamnophis_elegans_DAB2	1971354	1971455	74.3
Thamnophis_elegans_DAB2	1986154	1986282	73.6
Thamnophis_elegans_DAB2	1977212	1977292	48.5
Thamnophis_elegans_FYB1	2098933	2100060	588
Thamnophis_elegans_FYB1	2118724	2118897	108
Thamnophis_elegans_FYB1	2132413	2132595	106
Thamnophis_elegans_FYB1	2125286	2125435	93.6
Thamnophis_elegans_FYB1	2120865	2121005	90.9
Thamnophis_elegans_FYB1	2129290	2129409	68.6
Thamnophis_elegans_FYB1	2111254	2111415	46.6
