Lacerta_agilis_C9A	NW_024096824.1	589	78	279	356	2074087	2073854	73.077	2.18e-29	129
Lacerta_agilis_C9A	NW_024096824.1	589	93	279	371	2046621	2046352	58.065	5.48e-29	128
Lacerta_agilis_C9A	NW_024096824.1	589	74	461	534	2068535	2068314	67.568	1.33e-25	118
Lacerta_agilis_C9A	NW_024096824.1	589	74	461	534	2038658	2038437	66.216	7.21e-25	115
Lacerta_agilis_C9A	NW_024096824.1	589	47	155	201	2078549	2078409	76.596	6.38e-16	87.4
Lacerta_agilis_C9A	NW_024096824.1	589	47	155	201	2050506	2050366	76.596	1.65e-15	85.9
Lacerta_agilis_C9A	NW_024096824.1	589	55	100	154	2080490	2080326	67.273	1.79e-13	79.3
Lacerta_agilis_C9A	NW_024096824.1	589	50	105	154	2052772	2052623	74.000	2.05e-13	79.3
Lacerta_agilis_C9A	NW_024096824.1	589	56	403	458	2039897	2039730	58.929	7.37e-11	70.9
Lacerta_agilis_C9A	NW_024096824.1	589	63	403	465	2070085	2069897	50.794	1.13e-10	70.5
Lacerta_agilis_C9A	NW_024096824.1	589	51	56	105	2081620	2081468	58.824	1.23e-10	70.1
Lacerta_agilis_C9A	NW_024096824.1	589	52	534	584	2067907	2067752	61.538	2.01e-09	66.2
Lacerta_agilis_C9A	NW_024096824.1	589	51	56	105	2054425	2054273	58.824	4.41e-09	65.1
Lacerta_agilis_C9A	NW_024096824.1	589	81	194	274	2076769	2076539	38.272	8.56e-06	54.7
Lacerta_agilis_C9A	NW_024100595.1	589	222	301	517	3265120	3265743	25.676	1.94e-10	69.7
Lacerta_agilis_C9A	NW_024100081.1	589	81	279	359	1814695	1814453	34.568	3.91e-08	62.0
Lacerta_agilis_C9A	NW_024100081.1	589	82	279	360	1766930	1767175	28.049	6.84e-07	58.2
Lacerta_agilis_C9A	NW_024100607.1	589	60	470	529	30867	30688	46.667	9.73e-08	60.8
Zootoca_vivipara_C9A	NW_024096824.1	589	78	279	356	2074087	2073854	74.359	7.38e-30	131
Zootoca_vivipara_C9A	NW_024096824.1	589	93	279	371	2046621	2046352	58.065	9.37e-29	127
Zootoca_vivipara_C9A	NW_024096824.1	589	74	461	534	2068535	2068314	68.919	8.94e-26	118
Zootoca_vivipara_C9A	NW_024096824.1	589	74	461	534	2038658	2038437	66.216	7.61e-25	115
Zootoca_vivipara_C9A	NW_024096824.1	589	47	155	201	2078549	2078409	76.596	6.27e-16	87.4
Zootoca_vivipara_C9A	NW_024096824.1	589	47	155	201	2050506	2050366	76.596	1.59e-15	85.9
Zootoca_vivipara_C9A	NW_024096824.1	589	55	100	154	2080490	2080326	67.273	2.52e-13	79.0
Zootoca_vivipara_C9A	NW_024096824.1	589	50	105	154	2052772	2052623	74.000	2.70e-13	79.0
Zootoca_vivipara_C9A	NW_024096824.1	589	56	403	458	2039897	2039730	60.714	2.25e-11	72.8
Zootoca_vivipara_C9A	NW_024096824.1	589	63	403	465	2070085	2069897	52.381	3.39e-11	72.0
Zootoca_vivipara_C9A	NW_024096824.1	589	51	56	105	2081620	2081468	58.824	9.13e-11	70.9
Zootoca_vivipara_C9A	NW_024096824.1	589	51	56	105	2054425	2054273	60.784	9.24e-10	67.4
Zootoca_vivipara_C9A	NW_024096824.1	589	52	534	584	2067907	2067752	61.538	4.76e-09	65.1
Zootoca_vivipara_C9A	NW_024096824.1	589	81	194	274	2076769	2076539	38.272	5.99e-06	55.1
Zootoca_vivipara_C9A	NW_024100595.1	589	222	301	517	3265120	3265743	25.225	5.49e-10	68.2
Zootoca_vivipara_C9A	NW_024100081.1	589	81	279	359	1814695	1814453	34.568	6.86e-08	61.2
Zootoca_vivipara_C9A	NW_024100081.1	589	82	279	360	1766930	1767175	28.049	9.06e-07	57.8
Zootoca_vivipara_C9A	NW_024100607.1	589	60	470	529	30867	30688	45.000	1.68e-07	60.1
Zootoca_vivipara_C9A	NW_024100607.1	589	46	540	584	29641	29504	52.174	4.64e-06	55.5
Podarcis_muralis_C9A	NW_024096824.1	589	79	278	356	2074090	2073854	73.418	3.84e-30	132
Podarcis_muralis_C9A	NW_024096824.1	589	94	278	371	2046624	2046352	56.383	1.74e-28	127
Podarcis_muralis_C9A	NW_024096824.1	589	74	461	534	2068535	2068314	66.216	1.07e-24	115
Podarcis_muralis_C9A	NW_024096824.1	589	74	461	534	2038658	2038437	64.865	2.76e-24	114
Podarcis_muralis_C9A	NW_024096824.1	589	47	155	201	2078549	2078409	76.596	6.55e-16	87.4
Podarcis_muralis_C9A	NW_024096824.1	589	47	155	201	2050506	2050366	76.596	1.60e-15	85.9
Podarcis_muralis_C9A	NW_024096824.1	589	55	100	154	2080490	2080326	67.273	1.83e-13	79.3
Podarcis_muralis_C9A	NW_024096824.1	589	50	105	154	2052772	2052623	74.000	1.90e-13	79.3
Podarcis_muralis_C9A	NW_024096824.1	589	51	56	105	2081620	2081468	58.824	2.15e-10	69.3
Podarcis_muralis_C9A	NW_024096824.1	589	58	531	584	2067925	2067752	60.345	5.08e-10	68.2
Podarcis_muralis_C9A	NW_024096824.1	589	51	56	105	2054425	2054273	60.784	1.43e-09	66.6
Podarcis_muralis_C9A	NW_024096824.1	589	61	399	458	2039912	2039730	54.098	2.36e-09	66.2
Podarcis_muralis_C9A	NW_024096824.1	589	66	400	465	2070094	2069897	45.455	5.23e-09	65.1
Podarcis_muralis_C9A	NW_024100595.1	589	221	301	516	3265120	3265740	25.339	1.71e-09	66.6
Podarcis_muralis_C9A	NW_024100607.1	589	60	470	529	30867	30688	43.333	1.03e-07	60.8
Podarcis_muralis_C9A	NW_024100607.1	589	55	531	584	29668	29504	45.455	4.64e-06	55.5
Podarcis_muralis_C9A	NW_024100081.1	589	81	279	359	1814695	1814453	33.333	2.02e-07	59.7
Podarcis_muralis_C9A	NW_024100081.1	589	82	279	360	1766930	1767175	29.268	3.74e-07	58.9
Anolis_carolinensis_C9A	NW_024096824.1	591	81	457	537	2068553	2068311	64.198	1.08e-27	124
Anolis_carolinensis_C9A	NW_024096824.1	591	78	460	537	2038667	2038434	62.821	5.82e-27	122
Anolis_carolinensis_C9A	NW_024096824.1	591	79	280	358	2074090	2073854	67.089	5.63e-25	115
Anolis_carolinensis_C9A	NW_024096824.1	591	75	280	354	2046624	2046400	62.667	3.80e-23	110
Anolis_carolinensis_C9A	NW_024096824.1	591	47	156	202	2078549	2078409	72.340	5.74e-15	84.3
Anolis_carolinensis_C9A	NW_024096824.1	591	47	156	202	2050506	2050366	70.213	3.07e-14	82.0
Anolis_carolinensis_C9A	NW_024096824.1	591	50	106	155	2052772	2052623	66.000	5.36e-11	71.6
Anolis_carolinensis_C9A	NW_024096824.1	591	50	106	155	2080475	2080326	66.000	1.07e-10	70.5
Anolis_carolinensis_C9A	NW_024096824.1	591	52	536	587	2067907	2067752	55.769	5.87e-10	68.2
Anolis_carolinensis_C9A	NW_024096824.1	591	60	408	467	2039888	2039709	53.333	6.73e-10	67.8
Anolis_carolinensis_C9A	NW_024096824.1	591	63	408	470	2070076	2069888	50.794	2.11e-09	66.2
Anolis_carolinensis_C9A	NW_024096824.1	591	82	195	276	2076769	2076539	37.805	7.20e-08	61.2
Anolis_carolinensis_C9A	NW_024096824.1	591	52	57	107	2081620	2081465	51.923	2.96e-07	59.3
Anolis_carolinensis_C9A	NW_024096824.1	591	52	57	107	2054425	2054270	51.923	1.78e-06	56.6
Anolis_carolinensis_C9A	NW_024100608.1	591	81	281	361	349438	349680	34.568	4.06e-08	62.0
Anolis_carolinensis_C9A	NW_024100608.1	591	79	281	359	310789	311025	32.911	1.35e-06	57.0
Anolis_carolinensis_C9A	NW_024100081.1	591	79	281	359	1766930	1767166	32.911	5.68e-08	61.6
Anolis_carolinensis_C9A	NW_024100607.1	591	50	542	591	29641	29492	50.000	9.95e-08	60.8
Anolis_carolinensis_C9A	NW_024100607.1	591	71	461	531	30897	30688	40.845	1.00e-07	60.8
Anolis_carolinensis_C9A	NW_024100591.1	591	52	542	589	569920	570075	51.923	9.37e-06	54.3
Pogona_vitticeps_C9A	NW_024096824.1	576	98	239	336	2046684	2046397	56.122	3.19e-26	119
Pogona_vitticeps_C9A	NW_024096824.1	576	99	256	354	2074105	2073818	57.576	7.56e-26	118
Pogona_vitticeps_C9A	NW_024096824.1	576	78	438	515	2068553	2068320	66.667	1.45e-24	114
Pogona_vitticeps_C9A	NW_024096824.1	576	75	441	515	2038667	2038443	65.333	3.91e-24	113
Pogona_vitticeps_C9A	NW_024096824.1	576	49	156	204	2078549	2078403	75.510	8.47e-17	90.1
Pogona_vitticeps_C9A	NW_024096824.1	576	49	156	204	2050506	2050360	71.429	3.61e-15	84.7
Pogona_vitticeps_C9A	NW_024096824.1	576	49	523	571	2067898	2067752	75.510	7.55e-14	80.5
Pogona_vitticeps_C9A	NW_024096824.1	576	50	106	155	2052772	2052623	70.000	3.69e-12	75.1
Pogona_vitticeps_C9A	NW_024096824.1	576	50	106	155	2080475	2080326	68.000	2.10e-11	72.8
Pogona_vitticeps_C9A	NW_024096824.1	576	68	381	448	2070100	2069897	48.529	2.31e-10	69.3
Pogona_vitticeps_C9A	NW_024096824.1	576	69	380	448	2039909	2039709	47.826	6.45e-10	67.8
Pogona_vitticeps_C9A	NW_024096824.1	576	70	502	571	2037944	2037735	57.143	2.88e-07	59.3
Pogona_vitticeps_C9A	NW_024096824.1	576	57	1	57	2055281	2055123	47.368	6.37e-07	58.2
Pogona_vitticeps_C9A	NW_024096824.1	576	39	26	64	2082426	2082310	56.410	3.84e-06	55.5
Pogona_vitticeps_C9A	NW_024100608.1	576	44	521	563	355916	356047	70.455	3.16e-09	65.5
Pogona_vitticeps_C9A	NW_024100608.1	576	84	257	340	349423	349674	32.143	1.44e-07	60.1
Pogona_vitticeps_C9A	NW_024100608.1	576	79	262	340	310789	311025	36.709	6.28e-06	55.1
Pogona_vitticeps_C9A	NW_024100607.1	576	55	521	575	29656	29492	49.091	3.60e-08	62.4
Pogona_vitticeps_C9A	NW_024100607.1	576	68	443	510	30894	30694	44.118	1.43e-07	60.1
Pogona_vitticeps_C9A	NW_024100081.1	576	83	258	340	1814707	1814459	33.735	1.53e-07	60.1
Pogona_vitticeps_C9A	NW_024100081.1	576	46	520	565	1795919	1795782	56.522	1.24e-06	57.4
Pogona_vitticeps_C9A	NW_024100081.1	576	74	436	508	1799174	1798956	37.838	3.18e-06	55.8
Pogona_vitticeps_C9A	NW_024100081.1	576	81	262	342	1766930	1767172	29.630	9.71e-06	54.3
Gekko_japonicus_C9A	NW_024096824.1	582	78	295	372	2074087	2073854	58.974	1.47e-20	102
Gekko_japonicus_C9A	NW_024096824.1	582	75	294	368	2046624	2046400	58.667	2.23e-20	101
Gekko_japonicus_C9A	NW_024096824.1	582	84	457	539	2068535	2068284	54.762	2.52e-20	101
Gekko_japonicus_C9A	NW_024096824.1	582	81	457	537	2038658	2038434	53.086	9.96e-19	96.3
Gekko_japonicus_C9A	NW_024096824.1	582	45	173	217	2078549	2078415	66.667	3.08e-11	72.0
Gekko_japonicus_C9A	NW_024096824.1	582	51	122	172	2052772	2052623	64.706	3.25e-11	72.0
Gekko_japonicus_C9A	NW_024096824.1	582	51	122	172	2080475	2080326	64.706	6.27e-11	71.2
Gekko_japonicus_C9A	NW_024096824.1	582	45	173	217	2050506	2050372	64.444	2.95e-10	68.9
Gekko_japonicus_C9A	NW_024096824.1	582	51	531	581	2067904	2067752	62.745	4.41e-10	68.6
Gekko_japonicus_C9A	NW_024096824.1	582	52	71	122	2081617	2081468	51.923	5.57e-08	61.6
Gekko_japonicus_C9A	NW_024096824.1	582	52	71	122	2054422	2054273	51.923	4.16e-07	58.9
Gekko_japonicus_C9A	NW_024100607.1	582	46	536	581	29641	29504	52.174	4.24e-09	65.1
Gekko_japonicus_C9A	NW_024100607.1	582	67	457	523	30891	30694	44.776	1.84e-08	63.2
Gekko_japonicus_C9A	NW_024100081.1	582	134	243	375	1814845	1814453	30.597	1.04e-08	63.9
Gekko_japonicus_C9A	NW_024100081.1	582	67	456	521	1799156	1798956	37.313	4.75e-06	55.5
Gekko_japonicus_C9A	NW_024100081.1	582	82	295	376	1766930	1767175	30.488	6.18e-06	55.1
Gekko_japonicus_C9A	NW_024096934.1	582	213	316	514	2029378	2029986	26.291	7.77e-08	61.2
Gekko_japonicus_C9A	NW_024100608.1	582	79	298	376	349447	349683	32.911	1.41e-07	60.5
Gekko_japonicus_C9A	NW_024100608.1	582	79	295	373	310789	311025	34.177	1.02e-06	57.4
Gekko_japonicus_C9A	NW_024100608.1	582	64	466	527	319796	319987	40.625	2.30e-06	56.2
Crotalus_tigris_C9A	NW_024096824.1	583	95	273	367	2046633	2046358	86.316	2.22e-43	172
Crotalus_tigris_C9A	NW_024096824.1	583	77	456	532	2038667	2038437	98.701	5.63e-40	162
Crotalus_tigris_C9A	NW_024096824.1	583	86	453	538	2068553	2068296	77.907	3.39e-35	147
Crotalus_tigris_C9A	NW_024096824.1	583	79	195	273	2049016	2048780	92.405	3.46e-34	144
Crotalus_tigris_C9A	NW_024096824.1	583	78	276	353	2074090	2073857	79.487	7.03e-31	134
Crotalus_tigris_C9A	NW_024096824.1	583	68	396	463	2039912	2039709	91.176	4.34e-27	122
Crotalus_tigris_C9A	NW_024096824.1	583	52	532	583	2037890	2037735	100.000	3.34e-25	116
Crotalus_tigris_C9A	NW_024096824.1	583	54	54	107	2054434	2054273	94.444	2.16e-23	110
Crotalus_tigris_C9A	NW_024096824.1	583	71	398	466	2070100	2069888	78.873	1.19e-22	108
Crotalus_tigris_C9A	NW_024096824.1	583	50	107	156	2052772	2052623	100.000	3.63e-22	107
Crotalus_tigris_C9A	NW_024096824.1	583	54	54	107	2081629	2081468	88.889	5.49e-22	106
Crotalus_tigris_C9A	NW_024096824.1	583	47	157	203	2050506	2050366	97.872	1.18e-20	102
Crotalus_tigris_C9A	NW_024096824.1	583	50	107	156	2080475	2080326	90.000	6.84e-19	96.7
Crotalus_tigris_C9A	NW_024096824.1	583	47	157	203	2078549	2078409	89.362	1.76e-18	95.5
Crotalus_tigris_C9A	NW_024096824.1	583	43	354	396	2043347	2043219	97.674	3.99e-16	87.8
Crotalus_tigris_C9A	NW_024096824.1	583	52	532	583	2067907	2067752	69.231	2.44e-15	85.5
Crotalus_tigris_C9A	NW_024096824.1	583	77	196	272	2076769	2076539	49.351	4.43e-12	75.1
Crotalus_tigris_C9A	NW_024096824.1	583	32	26	57	2055218	2055123	100.000	6.19e-12	74.3
Crotalus_tigris_C9A	NW_024096824.1	583	42	26	67	2082426	2082301	64.286	1.58e-07	60.1
Crotalus_tigris_C9A	NW_024100595.1	583	218	302	514	3265129	3265740	25.688	8.91e-10	67.4
Crotalus_tigris_C9A	NW_024100081.1	583	77	277	353	1814695	1814465	36.364	2.26e-07	59.7
Crotalus_tigris_C9A	NW_024100081.1	583	43	537	579	1795904	1795776	53.488	6.96e-07	58.2
Crotalus_tigris_C9A	NW_024100607.1	583	106	451	549	30915	30616	35.849	3.74e-07	58.9
Crotalus_tigris_C9A	NW_024100607.1	583	54	530	583	29665	29504	46.296	3.14e-06	55.8
Crotalus_tigris_C9A	NW_024096934.1	583	225	293	516	2029363	2029986	23.111	7.11e-06	54.7
Thamnophis_elegans_C9A	NW_024096824.1	583	92	276	367	2046624	2046358	72.826	1.62e-35	148
Thamnophis_elegans_C9A	NW_024096824.1	583	82	274	355	2074096	2073851	82.927	3.68e-35	147
Thamnophis_elegans_C9A	NW_024096824.1	583	80	453	532	2068553	2068314	82.500	3.00e-32	138
Thamnophis_elegans_C9A	NW_024096824.1	583	77	456	532	2038667	2038437	79.221	1.44e-30	133
Thamnophis_elegans_C9A	NW_024096824.1	583	72	396	464	2070100	2069885	76.389	2.69e-24	114
Thamnophis_elegans_C9A	NW_024096824.1	583	63	401	463	2039897	2039709	74.603	1.89e-20	101
Thamnophis_elegans_C9A	NW_024096824.1	583	76	196	271	2076769	2076542	65.789	7.89e-20	99.8
Thamnophis_elegans_C9A	NW_024096824.1	583	50	107	156	2080475	2080326	86.000	1.13e-17	92.8
Thamnophis_elegans_C9A	NW_024096824.1	583	47	157	203	2078549	2078409	85.106	3.34e-17	91.3
Thamnophis_elegans_C9A	NW_024096824.1	583	51	57	107	2081620	2081468	78.431	4.92e-17	90.9
Thamnophis_elegans_C9A	NW_024096824.1	583	52	532	583	2067907	2067752	75.000	6.22e-17	90.5
Thamnophis_elegans_C9A	NW_024096824.1	583	50	107	156	2052772	2052623	86.000	6.61e-17	90.5
Thamnophis_elegans_C9A	NW_024096824.1	583	54	54	107	2054434	2054273	77.778	1.93e-16	89.0
Thamnophis_elegans_C9A	NW_024096824.1	583	47	157	203	2050506	2050366	78.723	2.95e-15	85.1
Thamnophis_elegans_C9A	NW_024096824.1	583	45	351	395	2071624	2071490	68.889	3.61e-09	65.5
Thamnophis_elegans_C9A	NW_024096824.1	583	42	26	67	2082426	2082301	66.667	5.44e-09	65.1
Thamnophis_elegans_C9A	NW_024096824.1	583	77	195	271	2049016	2048786	42.857	2.78e-08	62.8
Thamnophis_elegans_C9A	NW_024096824.1	583	32	26	57	2055218	2055123	71.875	2.48e-07	59.7
Thamnophis_elegans_C9A	NW_024096824.1	583	52	532	583	2037890	2037735	61.538	8.49e-06	54.7
Thamnophis_elegans_C9A	NW_024100608.1	583	50	535	583	355922	356071	52.000	8.76e-08	60.8
Thamnophis_elegans_C9A	NW_024100608.1	583	67	277	343	349438	349638	38.806	7.83e-07	57.8
Thamnophis_elegans_C9A	NW_024100608.1	583	45	530	573	323573	323701	55.556	1.18e-06	57.4
Thamnophis_elegans_C9A	NW_024100607.1	583	54	530	583	29665	29504	46.296	4.78e-07	58.5
Thamnophis_elegans_C9A	NW_024100081.1	583	81	274	354	1814704	1814462	33.333	1.56e-06	57.0
Thamnophis_elegans_C9A	NW_024100081.1	583	47	537	583	1795904	1795764	46.809	5.14e-06	55.1
Thamnophis_elegans_C9A	NW_024100595.1	583	218	302	514	3265129	3265740	23.394	3.75e-06	55.8
Naja_naja_C9A	NW_024096824.1	582	95	273	367	2046633	2046358	75.789	2.55e-37	154
Naja_naja_C9A	NW_024096824.1	582	77	455	531	2038667	2038437	87.013	6.61e-35	146
Naja_naja_C9A	NW_024096824.1	582	86	452	537	2068553	2068296	80.233	9.68e-35	146
Naja_naja_C9A	NW_024096824.1	582	78	276	353	2074090	2073857	76.923	1.55e-29	130
Naja_naja_C9A	NW_024096824.1	582	79	195	273	2049016	2048780	78.481	2.29e-26	120
Naja_naja_C9A	NW_024096824.1	582	61	396	456	2039909	2039727	80.328	3.26e-21	103
Naja_naja_C9A	NW_024096824.1	582	67	399	465	2070088	2069888	71.642	5.48e-20	100
Naja_naja_C9A	NW_024096824.1	582	50	107	156	2052772	2052623	90.000	1.02e-18	96.3
Naja_naja_C9A	NW_024096824.1	582	50	107	156	2080475	2080326	86.000	1.53e-18	95.5
Naja_naja_C9A	NW_024096824.1	582	54	54	107	2054434	2054273	75.926	2.95e-18	94.7
Naja_naja_C9A	NW_024096824.1	582	47	157	203	2050506	2050366	87.234	5.61e-18	94.0
Naja_naja_C9A	NW_024096824.1	582	54	54	107	2081629	2081468	72.222	3.49e-17	91.3
Naja_naja_C9A	NW_024096824.1	582	47	157	203	2078549	2078409	82.979	8.38e-17	90.1
Naja_naja_C9A	NW_024096824.1	582	56	527	582	2067919	2067752	69.643	1.62e-16	89.4
Naja_naja_C9A	NW_024096824.1	582	56	527	582	2037902	2037735	80.357	2.74e-14	82.0
Naja_naja_C9A	NW_024096824.1	582	77	196	272	2076769	2076539	51.948	8.15e-13	77.4
Naja_naja_C9A	NW_024096824.1	582	32	26	57	2055218	2055123	84.375	7.51e-09	64.3
Naja_naja_C9A	NW_024096824.1	582	42	26	67	2082426	2082301	64.286	3.31e-07	58.9
Naja_naja_C9A	NW_024100607.1	582	69	456	524	30897	30694	42.029	4.78e-08	62.0
Naja_naja_C9A	NW_024100607.1	582	48	535	582	29647	29504	52.083	1.38e-06	57.0
Naja_naja_C9A	NW_024100081.1	582	76	277	352	1814695	1814468	39.474	1.01e-07	60.8
Naja_naja_C9A	NW_024100081.1	582	47	536	582	1795904	1795764	51.064	1.14e-06	57.4
Naja_naja_C9A	NW_024100595.1	582	218	302	513	3265129	3265740	25.229	4.06e-07	58.9
Naja_naja_C9A	NW_024096934.1	582	226	293	515	2029363	2029986	23.451	1.99e-06	56.6
Pseudonaja_textilis_C9A	NW_024096824.1	583	95	273	367	2046633	2046358	76.842	6.12e-38	155
Pseudonaja_textilis_C9A	NW_024096824.1	583	83	456	538	2068544	2068296	79.518	1.18e-33	142
Pseudonaja_textilis_C9A	NW_024096824.1	583	77	456	532	2038667	2038437	83.117	2.36e-33	142
Pseudonaja_textilis_C9A	NW_024096824.1	583	78	276	353	2074090	2073857	79.487	1.26e-30	133
Pseudonaja_textilis_C9A	NW_024096824.1	583	79	195	273	2049016	2048780	73.418	4.17e-25	116
Pseudonaja_textilis_C9A	NW_024096824.1	583	62	396	457	2039912	2039727	80.645	3.63e-22	107
Pseudonaja_textilis_C9A	NW_024096824.1	583	67	400	466	2070088	2069888	71.642	1.45e-20	102
Pseudonaja_textilis_C9A	NW_024096824.1	583	50	107	156	2080475	2080326	90.000	1.70e-19	98.6
Pseudonaja_textilis_C9A	NW_024096824.1	583	50	107	156	2052772	2052623	90.000	1.26e-18	95.9
Pseudonaja_textilis_C9A	NW_024096824.1	583	47	157	203	2050506	2050366	87.234	5.95e-18	94.0
Pseudonaja_textilis_C9A	NW_024096824.1	583	54	54	107	2054434	2054273	74.074	3.80e-17	91.3
Pseudonaja_textilis_C9A	NW_024096824.1	583	54	54	107	2081629	2081468	74.074	4.48e-17	90.9
Pseudonaja_textilis_C9A	NW_024096824.1	583	47	157	203	2078549	2078409	82.979	8.20e-17	90.1
Pseudonaja_textilis_C9A	NW_024096824.1	583	56	528	583	2067919	2067752	71.429	8.57e-17	90.1
Pseudonaja_textilis_C9A	NW_024096824.1	583	56	528	583	2037902	2037735	80.357	2.70e-14	82.0
Pseudonaja_textilis_C9A	NW_024096824.1	583	77	196	272	2076769	2076539	50.649	1.10e-12	77.0
Pseudonaja_textilis_C9A	NW_024096824.1	583	32	26	57	2055218	2055123	90.625	7.32e-10	67.8
Pseudonaja_textilis_C9A	NW_024096824.1	583	42	26	67	2082426	2082301	64.286	1.28e-07	60.5
Pseudonaja_textilis_C9A	NW_024096824.1	583	42	355	396	2043344	2043219	66.667	3.40e-07	58.9
Pseudonaja_textilis_C9A	NW_024100595.1	583	218	302	514	3265129	3265740	24.771	4.79e-09	65.1
Pseudonaja_textilis_C9A	NW_024100607.1	583	95	457	549	30897	30616	37.895	4.40e-08	62.0
Pseudonaja_textilis_C9A	NW_024100607.1	583	48	536	583	29647	29504	50.000	1.10e-06	57.4
Pseudonaja_textilis_C9A	NW_024100081.1	583	76	277	352	1814695	1814468	39.474	5.40e-08	61.6
Pseudonaja_textilis_C9A	NW_024100081.1	583	47	537	583	1795904	1795764	51.064	1.08e-06	57.4
Pseudonaja_textilis_C9A	NW_024096934.1	583	225	293	516	2029363	2029986	22.222	3.85e-06	55.5
Pseudonaja_textilis_C9A	NW_024100608.1	583	67	277	343	349438	349638	37.313	8.78e-06	54.3
Python_bivittatus_C9A	NW_024096824.1	582	81	274	354	2074096	2073854	82.716	1.62e-34	145
Python_bivittatus_C9A	NW_024096824.1	582	80	453	532	2068553	2068314	82.500	2.09e-34	145
Python_bivittatus_C9A	NW_024096824.1	582	92	276	367	2046624	2046358	67.391	4.17e-32	138
Python_bivittatus_C9A	NW_024096824.1	582	77	456	532	2038667	2038437	79.221	4.67e-31	134
Python_bivittatus_C9A	NW_024096824.1	582	71	396	466	2070100	2069888	71.831	2.13e-22	107
Python_bivittatus_C9A	NW_024096824.1	582	57	401	457	2039897	2039727	84.211	7.04e-21	103
Python_bivittatus_C9A	NW_024096824.1	582	78	196	273	2076769	2076536	61.538	2.57e-20	101
Python_bivittatus_C9A	NW_024096824.1	582	50	107	156	2080475	2080326	94.000	3.03e-20	100
Python_bivittatus_C9A	NW_024096824.1	582	50	107	156	2052772	2052623	92.000	1.69e-19	98.6
Python_bivittatus_C9A	NW_024096824.1	582	47	157	203	2078549	2078409	85.106	9.69e-18	93.2
Python_bivittatus_C9A	NW_024096824.1	582	47	157	203	2050506	2050366	80.851	1.35e-16	89.4
Python_bivittatus_C9A	NW_024096824.1	582	51	57	107	2081620	2081468	72.549	1.65e-15	85.9
Python_bivittatus_C9A	NW_024096824.1	582	52	532	582	2067907	2067752	71.154	4.78e-14	81.3
Python_bivittatus_C9A	NW_024096824.1	582	54	54	107	2054434	2054273	64.815	1.00e-12	77.0
Python_bivittatus_C9A	NW_024096824.1	582	78	195	272	2049016	2048783	48.718	1.06e-11	73.6
Python_bivittatus_C9A	NW_024096824.1	582	48	535	582	2037878	2037735	83.333	4.19e-10	68.6
Python_bivittatus_C9A	NW_024096824.1	582	42	26	67	2082426	2082301	66.667	3.22e-09	65.5
Python_bivittatus_C9A	NW_024096824.1	582	32	26	57	2055218	2055123	78.125	1.01e-07	60.8
Python_bivittatus_C9A	NW_024096824.1	582	42	354	395	2071615	2071490	69.048	1.20e-07	60.5
Python_bivittatus_C9A	NW_024100595.1	582	218	302	514	3265129	3265740	25.229	5.07e-08	61.6
Python_bivittatus_C9A	NW_024100081.1	582	47	530	576	1795922	1795782	51.064	6.39e-08	61.2
Python_bivittatus_C9A	NW_024100081.1	582	102	254	355	1814758	1814459	29.412	7.01e-08	61.2
Python_bivittatus_C9A	NW_024100607.1	582	105	451	548	30915	30616	37.143	9.29e-08	60.8
Python_bivittatus_C9A	NW_024100607.1	582	46	529	574	29665	29528	56.522	3.63e-07	58.9
Python_bivittatus_C9A	NW_024100608.1	582	79	277	355	349438	349674	32.911	6.44e-06	55.1
Python_bivittatus_C9A	NW_024100608.1	582	47	529	574	355907	356047	55.319	6.78e-06	54.7
Notechis_scutatus_C9A	NW_024096824.1	583	95	273	367	2046633	2046358	76.842	6.47e-38	155
Notechis_scutatus_C9A	NW_024096824.1	583	77	456	532	2038667	2038437	83.117	9.18e-33	140
Notechis_scutatus_C9A	NW_024096824.1	583	83	456	538	2068544	2068296	77.108	1.81e-32	139
Notechis_scutatus_C9A	NW_024096824.1	583	78	276	353	2074090	2073857	79.487	1.25e-30	133
Notechis_scutatus_C9A	NW_024096824.1	583	79	195	273	2049016	2048780	75.949	5.28e-26	119
Notechis_scutatus_C9A	NW_024096824.1	583	62	396	457	2039912	2039727	80.645	4.04e-22	107
Notechis_scutatus_C9A	NW_024096824.1	583	67	400	466	2070088	2069888	71.642	1.63e-20	102
Notechis_scutatus_C9A	NW_024096824.1	583	50	107	156	2052772	2052623	92.000	4.79e-19	97.4
Notechis_scutatus_C9A	NW_024096824.1	583	50	107	156	2080475	2080326	88.000	8.35e-19	96.7
Notechis_scutatus_C9A	NW_024096824.1	583	47	157	203	2050506	2050366	87.234	5.74e-18	94.0
Notechis_scutatus_C9A	NW_024096824.1	583	54	54	107	2054434	2054273	74.074	3.54e-17	91.3
Notechis_scutatus_C9A	NW_024096824.1	583	54	54	107	2081629	2081468	74.074	3.93e-17	91.3
Notechis_scutatus_C9A	NW_024096824.1	583	56	528	583	2067919	2067752	71.429	7.27e-17	90.5
Notechis_scutatus_C9A	NW_024096824.1	583	47	157	203	2078549	2078409	82.979	7.93e-17	90.1
Notechis_scutatus_C9A	NW_024096824.1	583	56	528	583	2037902	2037735	80.357	2.80e-14	82.0
Notechis_scutatus_C9A	NW_024096824.1	583	77	196	272	2076769	2076539	51.948	8.25e-13	77.4
Notechis_scutatus_C9A	NW_024096824.1	583	32	26	57	2055218	2055123	90.625	7.57e-10	67.8
Notechis_scutatus_C9A	NW_024096824.1	583	42	26	67	2082426	2082301	64.286	1.23e-07	60.5
Notechis_scutatus_C9A	NW_024096824.1	583	42	355	396	2043344	2043219	66.667	3.23e-07	59.3
Notechis_scutatus_C9A	NW_024100595.1	583	218	302	514	3265129	3265740	24.771	5.59e-09	64.7
Notechis_scutatus_C9A	NW_024100081.1	583	76	277	352	1814695	1814468	39.474	5.45e-08	61.6
Notechis_scutatus_C9A	NW_024100081.1	583	47	537	583	1795904	1795764	51.064	1.01e-06	57.4
Notechis_scutatus_C9A	NW_024100607.1	583	95	457	549	30897	30616	37.895	6.19e-08	61.6
Notechis_scutatus_C9A	NW_024100607.1	583	48	536	583	29647	29504	50.000	1.14e-06	57.4
Notechis_scutatus_C9A	NW_024096934.1	583	225	293	516	2029363	2029986	22.222	3.79e-06	55.8
Notechis_scutatus_C9A	NW_024100608.1	583	67	277	343	349438	349638	37.313	8.48e-06	54.7
Hydrophis_cyanocinctus_C9A	NW_024096824.1	583	95	273	367	2046633	2046358	76.842	7.76e-38	155
Hydrophis_cyanocinctus_C9A	NW_024096824.1	583	77	456	532	2038667	2038437	81.818	3.63e-32	138
Hydrophis_cyanocinctus_C9A	NW_024096824.1	583	83	456	538	2068544	2068296	75.904	8.09e-32	137
Hydrophis_cyanocinctus_C9A	NW_024096824.1	583	80	274	353	2074096	2073857	80.000	5.93e-31	134
Hydrophis_cyanocinctus_C9A	NW_024096824.1	583	79	195	273	2049016	2048780	74.684	1.84e-25	117
Hydrophis_cyanocinctus_C9A	NW_024096824.1	583	61	397	457	2039909	2039727	78.689	1.85e-20	101
Hydrophis_cyanocinctus_C9A	NW_024096824.1	583	67	400	466	2070088	2069888	70.149	1.54e-19	99.0
Hydrophis_cyanocinctus_C9A	NW_024096824.1	583	50	107	156	2052772	2052623	92.000	5.18e-19	97.1
Hydrophis_cyanocinctus_C9A	NW_024096824.1	583	50	107	156	2080475	2080326	88.000	7.93e-19	96.7
Hydrophis_cyanocinctus_C9A	NW_024096824.1	583	47	157	203	2050506	2050366	87.234	2.84e-18	94.7
Hydrophis_cyanocinctus_C9A	NW_024096824.1	583	54	54	107	2054434	2054273	74.074	3.73e-17	91.3
Hydrophis_cyanocinctus_C9A	NW_024096824.1	583	54	54	107	2081629	2081468	74.074	4.48e-17	90.9
Hydrophis_cyanocinctus_C9A	NW_024096824.1	583	47	157	203	2078549	2078409	82.979	4.84e-17	90.9
Hydrophis_cyanocinctus_C9A	NW_024096824.1	583	56	528	583	2067919	2067752	71.429	7.79e-17	90.1
Hydrophis_cyanocinctus_C9A	NW_024096824.1	583	56	528	583	2037902	2037735	80.357	2.97e-14	82.0
Hydrophis_cyanocinctus_C9A	NW_024096824.1	583	77	196	272	2076769	2076539	50.649	3.37e-12	75.5
Hydrophis_cyanocinctus_C9A	NW_024096824.1	583	32	26	57	2055218	2055123	90.625	7.45e-10	67.8
Hydrophis_cyanocinctus_C9A	NW_024096824.1	583	41	355	395	2043344	2043222	70.732	2.80e-08	62.8
Hydrophis_cyanocinctus_C9A	NW_024096824.1	583	42	26	67	2082426	2082301	64.286	1.28e-07	60.5
Hydrophis_cyanocinctus_C9A	NW_024100595.1	583	218	302	514	3265129	3265740	25.229	1.63e-09	66.6
Hydrophis_cyanocinctus_C9A	NW_024100081.1	583	80	273	352	1814707	1814468	38.750	4.59e-08	62.0
Hydrophis_cyanocinctus_C9A	NW_024100081.1	583	47	537	583	1795904	1795764	51.064	1.05e-06	57.4
Hydrophis_cyanocinctus_C9A	NW_024100607.1	583	95	457	549	30897	30616	37.895	6.40e-08	61.2
Hydrophis_cyanocinctus_C9A	NW_024100607.1	583	48	536	583	29647	29504	50.000	1.10e-06	57.4
Hydrophis_cyanocinctus_C9A	NW_024096934.1	583	225	293	516	2029363	2029986	21.333	4.49e-06	55.5
Hydrophis_cyanocinctus_C9A	NW_024100608.1	583	67	277	343	349438	349638	37.313	8.56e-06	54.7
Laticauda_colubrina_C9A	NW_024096824.1	583	95	273	367	2046633	2046358	77.895	4.70e-38	156
Laticauda_colubrina_C9A	NW_024096824.1	583	83	456	538	2068544	2068296	78.313	1.08e-32	139
Laticauda_colubrina_C9A	NW_024096824.1	583	77	456	532	2038667	2038437	81.818	1.86e-32	139
Laticauda_colubrina_C9A	NW_024096824.1	583	78	276	353	2074090	2073857	80.769	4.10e-31	135
Laticauda_colubrina_C9A	NW_024096824.1	583	79	195	273	2049016	2048780	73.418	4.72e-25	116
Laticauda_colubrina_C9A	NW_024096824.1	583	61	397	457	2039909	2039727	81.967	9.21e-22	105
Laticauda_colubrina_C9A	NW_024096824.1	583	67	400	466	2070088	2069888	73.134	7.15e-21	103
Laticauda_colubrina_C9A	NW_024096824.1	583	50	107	156	2052772	2052623	90.000	1.17e-18	95.9
Laticauda_colubrina_C9A	NW_024096824.1	583	50	107	156	2080475	2080326	86.000	2.03e-18	95.1
Laticauda_colubrina_C9A	NW_024096824.1	583	47	157	203	2050506	2050366	87.234	6.77e-18	93.6
Laticauda_colubrina_C9A	NW_024096824.1	583	54	54	107	2054434	2054273	75.926	7.07e-18	93.6
Laticauda_colubrina_C9A	NW_024096824.1	583	78	30	107	2081692	2081468	56.410	8.72e-17	90.1
Laticauda_colubrina_C9A	NW_024096824.1	583	47	157	203	2078549	2078409	82.979	1.01e-16	89.7
Laticauda_colubrina_C9A	NW_024096824.1	583	56	528	583	2067919	2067752	69.643	1.61e-16	89.4
Laticauda_colubrina_C9A	NW_024096824.1	583	56	528	583	2037902	2037735	80.357	1.83e-14	82.4
Laticauda_colubrina_C9A	NW_024096824.1	583	77	196	272	2076769	2076539	50.649	3.31e-12	75.5
Laticauda_colubrina_C9A	NW_024096824.1	583	32	26	57	2055218	2055123	87.500	2.46e-09	65.9
Laticauda_colubrina_C9A	NW_024096824.1	583	42	26	67	2082426	2082301	64.286	2.11e-07	59.7
Laticauda_colubrina_C9A	NW_024100595.1	583	218	302	514	3265129	3265740	24.312	1.99e-08	63.2
Laticauda_colubrina_C9A	NW_024100607.1	583	95	457	549	30897	30616	37.895	3.18e-08	62.4
Laticauda_colubrina_C9A	NW_024100607.1	583	48	536	583	29647	29504	50.000	1.27e-06	57.4
Laticauda_colubrina_C9A	NW_024100081.1	583	81	277	357	1814695	1814453	38.272	3.71e-08	62.0
Laticauda_colubrina_C9A	NW_024100081.1	583	47	537	583	1795904	1795764	51.064	1.25e-06	57.4
Laticauda_colubrina_C9A	NW_024096934.1	583	225	293	516	2029363	2029986	22.222	5.01e-06	55.1
Laticauda_colubrina_C9A	NW_024100608.1	583	67	277	343	349438	349638	37.313	8.13e-06	54.7
Protobothrops_mucrosquamatus_C9A	NW_024096824.1	583	81	274	354	2074096	2073854	97.531	2.51e-42	169
Protobothrops_mucrosquamatus_C9A	NW_024096824.1	583	80	453	532	2068553	2068314	93.750	2.34e-38	157
Protobothrops_mucrosquamatus_C9A	NW_024096824.1	583	77	456	532	2038667	2038437	84.416	7.41e-35	146
Protobothrops_mucrosquamatus_C9A	NW_024096824.1	583	74	199	272	2076760	2076539	89.189	1.68e-32	139
Protobothrops_mucrosquamatus_C9A	NW_024096824.1	583	92	276	367	2046624	2046358	68.478	1.81e-32	139
Protobothrops_mucrosquamatus_C9A	NW_024096824.1	583	71	396	466	2070100	2069888	81.690	4.68e-25	116
Protobothrops_mucrosquamatus_C9A	NW_024096824.1	583	52	532	583	2067907	2067752	94.231	1.88e-22	108
Protobothrops_mucrosquamatus_C9A	NW_024096824.1	583	54	54	107	2081629	2081468	88.889	4.15e-22	107
Protobothrops_mucrosquamatus_C9A	NW_024096824.1	583	69	395	463	2039909	2039709	79.710	1.50e-21	105
Protobothrops_mucrosquamatus_C9A	NW_024096824.1	583	50	107	156	2080475	2080326	96.000	5.90e-21	103
Protobothrops_mucrosquamatus_C9A	NW_024096824.1	583	47	157	203	2078549	2078409	95.745	1.68e-20	102
Protobothrops_mucrosquamatus_C9A	NW_024096824.1	583	54	54	107	2054434	2054273	85.185	2.65e-20	101
Protobothrops_mucrosquamatus_C9A	NW_024096824.1	583	50	107	156	2052772	2052623	88.000	1.84e-18	95.5
Protobothrops_mucrosquamatus_C9A	NW_024096824.1	583	47	157	203	2050506	2050366	87.234	4.35e-18	94.4
Protobothrops_mucrosquamatus_C9A	NW_024096824.1	583	89	354	432	2071615	2071352	52.809	3.86e-15	84.7
Protobothrops_mucrosquamatus_C9A	NW_024096824.1	583	42	26	67	2082426	2082301	76.190	2.61e-11	72.4
Protobothrops_mucrosquamatus_C9A	NW_024096824.1	583	74	199	272	2049004	2048783	51.351	5.63e-11	71.2
Protobothrops_mucrosquamatus_C9A	NW_024096824.1	583	52	532	583	2037890	2037735	73.077	2.80e-09	65.9
Protobothrops_mucrosquamatus_C9A	NW_024096824.1	583	32	26	57	2055218	2055123	78.125	1.26e-07	60.5
Protobothrops_mucrosquamatus_C9A	NW_024100595.1	583	220	302	514	3265129	3265740	25.909	2.90e-09	65.9
Protobothrops_mucrosquamatus_C9A	NW_024100081.1	583	82	274	355	1814704	1814459	35.366	1.74e-08	63.2
Protobothrops_mucrosquamatus_C9A	NW_024100081.1	583	43	537	579	1795904	1795776	58.140	2.17e-08	62.8
Protobothrops_mucrosquamatus_C9A	NW_024100081.1	583	81	277	357	1766930	1767172	28.395	9.37e-07	57.8
Protobothrops_mucrosquamatus_C9A	NW_024100608.1	583	79	277	355	349438	349674	34.177	7.78e-08	61.2
Protobothrops_mucrosquamatus_C9A	NW_024100608.1	583	42	535	575	355922	356047	64.286	4.17e-07	58.9
Protobothrops_mucrosquamatus_C9A	NW_024100608.1	583	79	277	355	310789	311025	32.911	2.58e-06	56.2
Protobothrops_mucrosquamatus_C9A	NW_024100607.1	583	54	530	583	29665	29504	48.148	7.86e-08	61.2
Protobothrops_mucrosquamatus_C9A	NW_024100607.1	583	69	457	525	30897	30694	43.478	9.39e-08	60.8
Chrysopelea_ornata_C9A	NW_024096824.1	584	81	274	354	2074096	2073854	87.654	1.80e-35	148
Chrysopelea_ornata_C9A	NW_024096824.1	584	80	454	533	2068553	2068314	85.000	9.95e-35	146
Chrysopelea_ornata_C9A	NW_024096824.1	584	92	276	367	2046624	2046358	72.826	1.75e-34	145
Chrysopelea_ornata_C9A	NW_024096824.1	584	77	457	533	2038667	2038437	83.117	2.29e-33	142
Chrysopelea_ornata_C9A	NW_024096824.1	584	77	196	272	2076769	2076539	72.727	3.51e-26	119
Chrysopelea_ornata_C9A	NW_024096824.1	584	71	397	467	2070100	2069888	76.056	2.34e-23	110
Chrysopelea_ornata_C9A	NW_024096824.1	584	50	107	156	2080475	2080326	90.000	8.82e-20	99.8
Chrysopelea_ornata_C9A	NW_024096824.1	584	57	402	458	2039897	2039727	80.702	9.05e-20	99.8
Chrysopelea_ornata_C9A	NW_024096824.1	584	50	107	156	2052772	2052623	90.000	5.49e-19	97.1
Chrysopelea_ornata_C9A	NW_024096824.1	584	52	533	584	2067907	2067752	78.846	1.06e-17	92.8
Chrysopelea_ornata_C9A	NW_024096824.1	584	54	54	107	2054434	2054273	75.926	1.21e-17	92.8
Chrysopelea_ornata_C9A	NW_024096824.1	584	51	57	107	2081620	2081468	78.431	1.32e-17	92.8
Chrysopelea_ornata_C9A	NW_024096824.1	584	47	157	203	2050506	2050366	82.979	6.31e-17	90.5
Chrysopelea_ornata_C9A	NW_024096824.1	584	47	157	203	2078549	2078409	82.979	8.69e-17	90.1
Chrysopelea_ornata_C9A	NW_024096824.1	584	78	195	272	2049016	2048783	48.718	3.86e-13	78.2
Chrysopelea_ornata_C9A	NW_024096824.1	584	32	26	57	2055218	2055123	78.125	5.15e-08	61.6
Chrysopelea_ornata_C9A	NW_024096824.1	584	42	26	67	2082426	2082301	59.524	4.80e-07	58.5
Chrysopelea_ornata_C9A	NW_024096824.1	584	43	354	396	2071615	2071490	67.442	6.92e-07	58.2
Chrysopelea_ornata_C9A	NW_024100595.1	584	219	302	515	3265129	3265740	25.114	4.09e-09	65.5
Chrysopelea_ornata_C9A	NW_024100081.1	584	84	274	357	1814704	1814453	36.905	5.46e-09	65.1
Chrysopelea_ornata_C9A	NW_024100607.1	584	54	531	584	29665	29504	50.000	7.17e-08	61.2
Chrysopelea_ornata_C9A	NW_024100607.1	584	69	458	526	30897	30694	42.029	5.00e-07	58.5
Chrysopelea_ornata_C9A	NW_024100607.1	584	59	296	354	37510	37334	44.068	7.37e-06	54.7
Chrysopelea_ornata_C9A	NW_024100608.1	584	82	277	358	349438	349683	34.146	2.01e-07	59.7
Chrysopelea_ornata_C9A	NW_024100608.1	584	50	536	584	355922	356071	50.000	2.94e-06	55.8
Chrysopelea_ornata_C9A	NW_024100608.1	584	45	531	574	323573	323701	55.556	6.26e-06	55.1
Pituophis_catenifer_C9A	NW_024096824.1	583	95	273	367	2046633	2046358	76.842	5.96e-38	155
Pituophis_catenifer_C9A	NW_024096824.1	583	80	453	532	2068553	2068314	83.750	2.71e-34	144
Pituophis_catenifer_C9A	NW_024096824.1	583	77	456	532	2038667	2038437	83.117	2.61e-33	141
Pituophis_catenifer_C9A	NW_024096824.1	583	77	277	353	2074087	2073857	83.117	1.58e-31	136
Pituophis_catenifer_C9A	NW_024096824.1	583	75	198	272	2076763	2076539	72.000	2.74e-26	120
Pituophis_catenifer_C9A	NW_024096824.1	583	67	400	466	2070088	2069888	74.627	9.05e-21	102
Pituophis_catenifer_C9A	NW_024096824.1	583	61	397	457	2039909	2039727	78.689	1.49e-20	102
Pituophis_catenifer_C9A	NW_024096824.1	583	50	107	156	2080475	2080326	90.000	1.25e-19	99.0
Pituophis_catenifer_C9A	NW_024096824.1	583	54	54	107	2054434	2054273	81.481	1.73e-19	98.6
Pituophis_catenifer_C9A	NW_024096824.1	583	50	107	156	2052772	2052623	90.000	5.75e-19	97.1
Pituophis_catenifer_C9A	NW_024096824.1	583	51	57	107	2081620	2081468	80.392	2.65e-18	94.7
Pituophis_catenifer_C9A	NW_024096824.1	583	47	157	203	2078549	2078409	87.234	8.94e-18	93.2
Pituophis_catenifer_C9A	NW_024096824.1	583	52	532	583	2067907	2067752	76.923	1.53e-17	92.4
Pituophis_catenifer_C9A	NW_024096824.1	583	47	157	203	2050506	2050366	80.851	6.25e-16	87.4
Pituophis_catenifer_C9A	NW_024096824.1	583	76	198	273	2049007	2048780	50.000	9.96e-13	77.0
Pituophis_catenifer_C9A	NW_024096824.1	583	41	355	395	2071612	2071490	75.610	2.38e-09	66.2
Pituophis_catenifer_C9A	NW_024096824.1	583	42	26	67	2082426	2082301	69.048	3.13e-09	65.9
Pituophis_catenifer_C9A	NW_024096824.1	583	32	26	57	2055218	2055123	84.375	3.15e-09	65.9
Pituophis_catenifer_C9A	NW_024096824.1	583	52	532	583	2037890	2037735	63.462	1.74e-06	56.6
Pituophis_catenifer_C9A	NW_024100607.1	583	54	530	583	29665	29504	50.000	1.07e-08	63.9
Pituophis_catenifer_C9A	NW_024100595.1	583	220	302	516	3265129	3265746	25.000	1.78e-08	63.2
Pituophis_catenifer_C9A	NW_024100081.1	583	79	277	355	1814695	1814459	39.241	3.78e-08	62.0
Pituophis_catenifer_C9A	NW_024100081.1	583	47	537	583	1795904	1795764	46.809	9.06e-07	57.8
Pituophis_catenifer_C9A	NW_024100608.1	583	54	531	583	355916	356071	53.704	5.03e-07	58.5
Pituophis_catenifer_C9A	NW_024100608.1	583	45	530	573	323573	323701	57.778	8.03e-07	57.8
Pituophis_catenifer_C9A	NW_024100608.1	583	69	457	525	319766	319969	43.478	4.96e-06	55.5
Pantherophis_obsoletus_C9A	NW_024096824.1	583	81	274	354	2074096	2073854	88.889	1.15e-37	155
Pantherophis_obsoletus_C9A	NW_024096824.1	583	92	276	367	2046624	2046358	71.739	4.10e-35	147
Pantherophis_obsoletus_C9A	NW_024096824.1	583	80	453	532	2068553	2068314	83.750	2.64e-34	144
Pantherophis_obsoletus_C9A	NW_024096824.1	583	77	456	532	2038667	2038437	83.117	2.52e-33	141
Pantherophis_obsoletus_C9A	NW_024096824.1	583	74	199	272	2076760	2076539	72.973	1.24e-24	114
Pantherophis_obsoletus_C9A	NW_024096824.1	583	71	396	466	2070100	2069888	76.056	1.03e-23	112
Pantherophis_obsoletus_C9A	NW_024096824.1	583	57	401	457	2039897	2039727	80.702	1.34e-19	99.0
Pantherophis_obsoletus_C9A	NW_024096824.1	583	47	157	203	2078549	2078409	89.362	1.89e-18	95.5
Pantherophis_obsoletus_C9A	NW_024096824.1	583	50	107	156	2080475	2080326	84.000	3.85e-18	94.4
Pantherophis_obsoletus_C9A	NW_024096824.1	583	52	532	583	2067907	2067752	78.846	6.71e-18	93.6
Pantherophis_obsoletus_C9A	NW_024096824.1	583	54	54	107	2054434	2054273	79.630	7.92e-18	93.6
Pantherophis_obsoletus_C9A	NW_024096824.1	583	51	57	107	2081620	2081468	80.392	9.33e-18	93.2
Pantherophis_obsoletus_C9A	NW_024096824.1	583	50	107	156	2052772	2052623	84.000	1.65e-17	92.4
Pantherophis_obsoletus_C9A	NW_024096824.1	583	47	157	203	2050506	2050366	82.979	1.38e-16	89.4
Pantherophis_obsoletus_C9A	NW_024096824.1	583	74	199	272	2049004	2048783	48.649	1.67e-11	73.2
Pantherophis_obsoletus_C9A	NW_024096824.1	583	42	354	395	2071615	2071490	76.190	4.98e-10	68.2
Pantherophis_obsoletus_C9A	NW_024096824.1	583	42	26	67	2082426	2082301	66.667	1.72e-08	63.2
Pantherophis_obsoletus_C9A	NW_024096824.1	583	32	26	57	2055218	2055123	75.000	2.18e-07	59.7
Pantherophis_obsoletus_C9A	NW_024096824.1	583	52	532	583	2037890	2037735	65.385	6.50e-07	58.2
Pantherophis_obsoletus_C9A	NW_024100595.1	583	220	302	516	3265129	3265746	25.455	1.18e-09	67.0
Pantherophis_obsoletus_C9A	NW_024100081.1	583	82	274	355	1814704	1814459	36.585	7.22e-09	64.3
Pantherophis_obsoletus_C9A	NW_024100081.1	583	94	277	370	1766930	1767202	29.787	2.80e-07	59.3
Pantherophis_obsoletus_C9A	NW_024100081.1	583	47	537	583	1795904	1795764	46.809	9.54e-07	57.8
Pantherophis_obsoletus_C9A	NW_024100607.1	583	54	530	583	29665	29504	50.000	3.62e-08	62.4
Pantherophis_obsoletus_C9A	NW_024100608.1	583	79	277	355	349438	349674	34.177	2.14e-07	59.7
Pantherophis_obsoletus_C9A	NW_024100608.1	583	50	535	583	355922	356071	52.000	1.15e-06	57.4
Pantherophis_obsoletus_C9A	NW_024100608.1	583	45	530	573	323573	323701	55.556	2.39e-06	56.2
Pantherophis_obsoletus_C9A	NW_024100608.1	583	69	457	525	319766	319969	43.478	4.88e-06	55.5
Pantherophis_obsoletus_C9A	NW_024100608.1	583	79	277	355	310789	311025	32.911	6.52e-06	55.1
Bothrops_jararaca_C9A	NW_024096824.1	583	81	274	354	2074096	2073854	100.000	1.67e-43	172
Bothrops_jararaca_C9A	NW_024096824.1	583	80	453	532	2068553	2068314	96.250	1.02e-39	161
Bothrops_jararaca_C9A	NW_024096824.1	583	77	456	532	2038667	2038437	84.416	2.10e-34	145
Bothrops_jararaca_C9A	NW_024096824.1	583	75	199	273	2076760	2076536	92.000	1.90e-33	142
Bothrops_jararaca_C9A	NW_024096824.1	583	92	276	367	2046624	2046358	69.565	2.29e-32	139
Bothrops_jararaca_C9A	NW_024096824.1	583	71	396	466	2070100	2069888	83.099	9.67e-27	121
Bothrops_jararaca_C9A	NW_024096824.1	583	52	532	583	2067907	2067752	98.077	1.32e-23	111
Bothrops_jararaca_C9A	NW_024096824.1	583	54	54	107	2081629	2081468	92.593	3.21e-23	110
Bothrops_jararaca_C9A	NW_024096824.1	583	57	401	457	2039897	2039727	87.719	1.94e-21	104
Bothrops_jararaca_C9A	NW_024096824.1	583	54	54	107	2054434	2054273	87.037	9.21e-21	102
Bothrops_jararaca_C9A	NW_024096824.1	583	47	157	203	2078549	2078409	95.745	1.71e-20	102
Bothrops_jararaca_C9A	NW_024096824.1	583	50	107	156	2080475	2080326	94.000	3.13e-20	100
Bothrops_jararaca_C9A	NW_024096824.1	583	47	157	203	2050506	2050366	87.234	3.95e-18	94.4
Bothrops_jararaca_C9A	NW_024096824.1	583	50	107	156	2052772	2052623	84.000	5.19e-17	90.9
Bothrops_jararaca_C9A	NW_024096824.1	583	42	354	395	2071615	2071490	95.238	3.62e-14	81.6
Bothrops_jararaca_C9A	NW_024096824.1	583	42	26	67	2082426	2082301	80.952	1.00e-12	77.0
Bothrops_jararaca_C9A	NW_024096824.1	583	74	199	272	2049004	2048783	51.351	4.67e-11	71.6
Bothrops_jararaca_C9A	NW_024096824.1	583	52	532	583	2037890	2037735	71.154	1.01e-08	63.9
Bothrops_jararaca_C9A	NW_024096824.1	583	32	26	57	2055218	2055123	71.875	1.17e-06	57.4
Bothrops_jararaca_C9A	NW_024100595.1	583	220	302	514	3265129	3265740	25.455	5.78e-09	64.7
Bothrops_jararaca_C9A	NW_024100607.1	583	54	530	583	29665	29504	50.000	2.30e-08	62.8
Bothrops_jararaca_C9A	NW_024100607.1	583	69	457	525	30897	30694	40.580	1.87e-06	56.6
Bothrops_jararaca_C9A	NW_024100081.1	583	82	274	355	1814704	1814459	35.366	2.92e-08	62.4
Bothrops_jararaca_C9A	NW_024100081.1	583	43	537	579	1795904	1795776	53.488	1.78e-07	60.1
Bothrops_jararaca_C9A	NW_024100081.1	583	79	277	355	1766930	1767166	29.114	3.72e-06	55.8
Bothrops_jararaca_C9A	NW_024100608.1	583	79	277	355	349438	349674	34.177	1.23e-07	60.5
Bothrops_jararaca_C9A	NW_024100608.1	583	42	535	575	355922	356047	61.905	3.68e-06	55.8
Bothrops_jararaca_C9A	NW_024100608.1	583	79	277	355	310789	311025	32.911	4.37e-06	55.5
Ptyas_mucosa_C9A	NW_024096824.1	583	81	274	354	2074096	2073854	88.889	2.41e-37	154
Ptyas_mucosa_C9A	NW_024096824.1	583	80	453	532	2068553	2068314	83.750	1.56e-34	145
Ptyas_mucosa_C9A	NW_024096824.1	583	92	276	367	2046624	2046358	70.652	1.52e-33	142
Ptyas_mucosa_C9A	NW_024096824.1	583	77	456	532	2038667	2038437	83.117	2.76e-33	141
Ptyas_mucosa_C9A	NW_024096824.1	583	75	198	272	2076763	2076539	65.333	2.47e-22	107
Ptyas_mucosa_C9A	NW_024096824.1	583	79	390	466	2070124	2069888	68.354	2.67e-22	107
Ptyas_mucosa_C9A	NW_024096824.1	583	50	107	156	2080475	2080326	92.000	4.40e-20	100
Ptyas_mucosa_C9A	NW_024096824.1	583	50	107	156	2052772	2052623	92.000	2.81e-19	98.2
Ptyas_mucosa_C9A	NW_024096824.1	583	57	401	457	2039897	2039727	75.439	1.34e-18	95.9
Ptyas_mucosa_C9A	NW_024096824.1	583	51	57	107	2081620	2081468	80.392	6.43e-18	93.6
Ptyas_mucosa_C9A	NW_024096824.1	583	54	54	107	2054434	2054273	79.630	6.60e-18	93.6
Ptyas_mucosa_C9A	NW_024096824.1	583	52	532	583	2067907	2067752	76.923	1.41e-16	89.4
Ptyas_mucosa_C9A	NW_024096824.1	583	47	157	203	2078549	2078409	78.723	1.37e-15	86.3
Ptyas_mucosa_C9A	NW_024096824.1	583	47	157	203	2050506	2050366	72.340	6.84e-14	80.9
Ptyas_mucosa_C9A	NW_024096824.1	583	75	198	272	2049007	2048783	50.667	2.63e-12	75.5
Ptyas_mucosa_C9A	NW_024096824.1	583	42	26	67	2082426	2082301	66.667	7.59e-09	64.3
Ptyas_mucosa_C9A	NW_024096824.1	583	42	354	395	2071615	2071490	69.048	2.75e-08	62.8
Ptyas_mucosa_C9A	NW_024096824.1	583	32	26	57	2055218	2055123	78.125	5.09e-08	61.6
Ptyas_mucosa_C9A	NW_024100607.1	583	54	530	583	29665	29504	51.852	3.87e-09	65.5
Ptyas_mucosa_C9A	NW_024100607.1	583	78	457	534	30897	30673	42.308	5.62e-07	58.5
Ptyas_mucosa_C9A	NW_024100081.1	583	82	274	355	1814704	1814459	36.585	1.16e-08	63.9
Ptyas_mucosa_C9A	NW_024100081.1	583	82	277	358	1766930	1767175	29.268	1.52e-06	57.0
Ptyas_mucosa_C9A	NW_024100595.1	583	218	302	514	3265129	3265740	24.771	3.00e-08	62.4
Ptyas_mucosa_C9A	NW_024100608.1	583	79	277	355	349438	349674	32.911	3.11e-06	55.8
Ptyas_mucosa_C9A	NW_024100608.1	583	50	535	583	355922	356071	52.000	6.41e-06	55.1
Vipera_berus_C9A	NW_024096824.1	583	81	274	354	2074096	2073854	92.593	4.40e-40	162
Vipera_berus_C9A	NW_024096824.1	583	80	453	532	2068553	2068314	92.500	6.96e-38	155
Vipera_berus_C9A	NW_024096824.1	583	77	456	532	2038667	2038437	85.714	1.67e-35	148
Vipera_berus_C9A	NW_024096824.1	583	92	276	367	2046624	2046358	66.304	5.42e-31	134
Vipera_berus_C9A	NW_024096824.1	583	78	199	276	2076760	2076527	78.205	2.54e-28	126
Vipera_berus_C9A	NW_024096824.1	583	71	396	466	2070100	2069888	85.915	1.06e-27	124
Vipera_berus_C9A	NW_024096824.1	583	57	401	457	2039897	2039727	91.228	2.67e-22	107
Vipera_berus_C9A	NW_024096824.1	583	51	57	107	2081620	2081468	92.157	1.72e-21	105
Vipera_berus_C9A	NW_024096824.1	583	52	532	583	2067907	2067752	88.462	3.71e-21	103
Vipera_berus_C9A	NW_024096824.1	583	50	107	156	2080475	2080326	96.000	1.63e-20	102
Vipera_berus_C9A	NW_024096824.1	583	47	157	203	2078549	2078409	93.617	2.04e-20	101
Vipera_berus_C9A	NW_024096824.1	583	54	54	107	2054434	2054273	87.037	3.30e-20	100
Vipera_berus_C9A	NW_024096824.1	583	47	157	203	2050506	2050366	87.234	3.32e-18	94.7
Vipera_berus_C9A	NW_024096824.1	583	50	107	156	2052772	2052623	86.000	2.34e-17	92.0
Vipera_berus_C9A	NW_024096824.1	583	42	354	395	2071615	2071490	90.476	2.77e-13	79.0
Vipera_berus_C9A	NW_024096824.1	583	74	199	272	2049004	2048783	51.351	1.40e-12	76.6
Vipera_berus_C9A	NW_024096824.1	583	42	26	67	2082426	2082301	71.429	1.70e-10	69.7
Vipera_berus_C9A	NW_024096824.1	583	52	532	583	2037890	2037735	73.077	5.11e-10	68.2
Vipera_berus_C9A	NW_024096824.1	583	32	26	57	2055218	2055123	75.000	4.25e-07	58.9
Vipera_berus_C9A	NW_024100595.1	583	220	302	514	3265129	3265740	25.455	1.40e-08	63.5
Vipera_berus_C9A	NW_024100607.1	583	54	530	583	29665	29504	51.852	1.72e-08	63.2
Vipera_berus_C9A	NW_024100607.1	583	69	457	525	30897	30694	42.029	1.18e-07	60.5
Vipera_berus_C9A	NW_024100081.1	583	43	537	579	1795904	1795776	55.814	1.31e-07	60.5
Vipera_berus_C9A	NW_024100081.1	583	79	277	355	1814695	1814459	34.177	2.66e-07	59.3
Vipera_berus_C9A	NW_024100081.1	583	82	274	355	1766921	1767166	29.268	2.16e-06	56.6
Vipera_berus_C9A	NW_024100608.1	583	67	277	343	349438	349638	38.806	2.30e-07	59.7
Vipera_berus_C9A	NW_024100608.1	583	79	277	355	310789	311025	32.911	3.27e-06	55.8
Vipera_berus_C9A	NW_024100608.1	583	42	535	575	355922	356047	61.905	5.40e-06	55.1
Sceloporus_undulatus_C9A	NW_024096824.1	591	78	460	537	2068544	2068311	67.949	9.23e-28	124
Sceloporus_undulatus_C9A	NW_024096824.1	591	78	460	537	2038667	2038434	65.385	3.21e-27	123
Sceloporus_undulatus_C9A	NW_024096824.1	591	79	280	358	2074090	2073854	68.354	3.56e-26	119
Sceloporus_undulatus_C9A	NW_024096824.1	591	94	280	373	2046624	2046352	55.319	1.29e-25	118
Sceloporus_undulatus_C9A	NW_024096824.1	591	71	400	470	2070100	2069888	49.296	3.91e-12	75.1
Sceloporus_undulatus_C9A	NW_024096824.1	591	50	538	587	2067901	2067752	64.000	7.00e-12	74.3
Sceloporus_undulatus_C9A	NW_024096824.1	591	47	156	202	2078549	2078409	61.702	1.14e-11	73.6
Sceloporus_undulatus_C9A	NW_024096824.1	591	60	408	467	2039888	2039709	53.333	7.36e-11	70.9
Sceloporus_undulatus_C9A	NW_024096824.1	591	50	106	155	2052772	2052623	66.000	9.84e-11	70.5
Sceloporus_undulatus_C9A	NW_024096824.1	591	47	156	202	2050506	2050366	59.574	3.12e-10	68.9
Sceloporus_undulatus_C9A	NW_024096824.1	591	50	106	155	2080475	2080326	62.000	2.04e-09	66.2
Sceloporus_undulatus_C9A	NW_024096824.1	591	82	195	276	2076769	2076539	37.805	1.99e-08	63.2
Sceloporus_undulatus_C9A	NW_024096824.1	591	78	30	106	2081692	2081468	41.026	1.17e-07	60.5
Sceloporus_undulatus_C9A	NW_024096824.1	591	51	57	106	2054425	2054273	52.941	1.77e-06	56.6
Sceloporus_undulatus_C9A	NW_024096824.1	591	57	1	57	2055281	2055123	47.368	8.61e-06	54.7
Sceloporus_undulatus_C9A	NW_024100607.1	591	52	540	591	29647	29492	53.846	7.84e-10	67.8
Sceloporus_undulatus_C9A	NW_024100607.1	591	69	463	531	30891	30688	42.029	3.20e-07	59.3
Sceloporus_undulatus_C9A	NW_024100595.1	591	224	303	520	3265120	3265746	26.339	8.33e-10	67.4
Sceloporus_undulatus_C9A	NW_024100608.1	591	42	539	579	355922	356047	69.048	2.82e-08	62.8
Sceloporus_undulatus_C9A	NW_024100608.1	591	81	281	361	349438	349680	32.099	2.81e-07	59.3
Sceloporus_undulatus_C9A	NW_024100608.1	591	79	281	359	310789	311025	34.177	6.36e-07	58.2
Sceloporus_undulatus_C9A	NW_024100608.1	591	40	539	577	323582	323701	60.000	6.28e-06	55.1
Sceloporus_undulatus_C9A	NW_024100081.1	591	91	281	371	1766930	1767193	32.967	1.25e-07	60.5
Sceloporus_undulatus_C9A	NW_024100081.1	591	82	280	361	1814698	1814453	35.366	3.76e-07	58.9
Sceloporus_undulatus_C9A	NW_024100081.1	591	54	534	587	1795922	1795764	48.148	7.24e-07	58.2
Sceloporus_undulatus_C9A	NW_024100492.1	591	52	540	589	121098	120943	50.000	4.99e-06	55.5
Anolis_carolinensis_C9B	NW_024096824.1	538	75	280	354	2074090	2073866	70.667	4.12e-24	112
Anolis_carolinensis_C9B	NW_024096824.1	538	92	280	371	2046624	2046358	56.522	4.51e-24	112
Anolis_carolinensis_C9B	NW_024096824.1	538	68	462	529	2068538	2068335	69.118	2.56e-22	107
Anolis_carolinensis_C9B	NW_024096824.1	538	68	462	529	2038661	2038458	64.706	4.62e-21	103
Anolis_carolinensis_C9B	NW_024096824.1	538	47	156	202	2078549	2078409	68.085	1.27e-13	79.7
Anolis_carolinensis_C9B	NW_024096824.1	538	47	156	202	2050506	2050366	68.085	3.58e-13	78.2
Anolis_carolinensis_C9B	NW_024096824.1	538	61	400	460	2039912	2039730	55.738	4.04e-12	74.7
Anolis_carolinensis_C9B	NW_024096824.1	538	50	106	155	2052772	2052623	70.000	1.48e-11	72.8
Anolis_carolinensis_C9B	NW_024096824.1	538	66	405	470	2070085	2069888	51.515	1.81e-11	72.8
Anolis_carolinensis_C9B	NW_024096824.1	538	50	106	155	2080475	2080326	66.000	2.80e-10	68.9
Anolis_carolinensis_C9B	NW_024096824.1	538	52	57	107	2081620	2081465	48.077	8.23e-07	57.8
Anolis_carolinensis_C9B	NW_024096824.1	538	84	195	276	2076769	2076539	38.095	1.12e-06	57.0
Anolis_carolinensis_C9B	NW_024096824.1	538	57	1	57	2055281	2055123	45.614	1.24e-06	57.0
Anolis_carolinensis_C9B	NW_024096824.1	538	40	25	64	2082429	2082310	50.000	3.12e-06	55.8
Anolis_carolinensis_C9B	NW_024096824.1	538	52	57	107	2054425	2054270	48.077	5.57e-06	55.1
Anolis_carolinensis_C9B	NW_024100607.1	538	71	462	532	30894	30685	43.662	2.65e-09	65.9
Anolis_carolinensis_C9B	NW_024100595.1	538	220	306	518	3265129	3265740	27.273	2.03e-08	62.8
Anolis_carolinensis_C9B	NW_024100081.1	538	100	260	357	1766876	1767160	35.000	3.06e-08	62.4
Anolis_carolinensis_C9B	NW_024100081.1	538	81	281	361	1814695	1814453	34.568	2.58e-07	59.3
Anolis_carolinensis_C9B	NW_024100608.1	538	81	281	361	349438	349680	34.568	9.38e-08	60.8
Anolis_carolinensis_C9B	NW_024100608.1	538	79	281	359	310789	311025	34.177	9.67e-07	57.4
Hydrophis_cyanocinctus_C9B	NW_024096824.1	582	81	273	353	2074096	2073854	87.654	3.04e-37	153
Hydrophis_cyanocinctus_C9B	NW_024096824.1	582	77	455	531	2038667	2038437	83.117	3.09e-33	141
Hydrophis_cyanocinctus_C9B	NW_024096824.1	582	92	275	366	2046624	2046358	68.478	3.70e-33	141
Hydrophis_cyanocinctus_C9B	NW_024096824.1	582	80	452	531	2068553	2068314	81.250	7.91e-33	140
Hydrophis_cyanocinctus_C9B	NW_024096824.1	582	74	198	271	2076760	2076539	74.324	2.14e-23	110
Hydrophis_cyanocinctus_C9B	NW_024096824.1	582	69	397	465	2070094	2069888	71.014	1.63e-21	105
Hydrophis_cyanocinctus_C9B	NW_024096824.1	582	50	106	155	2080475	2080326	92.000	2.73e-20	101
Hydrophis_cyanocinctus_C9B	NW_024096824.1	582	50	106	155	2052772	2052623	92.000	1.67e-19	98.6
Hydrophis_cyanocinctus_C9B	NW_024096824.1	582	57	400	456	2039897	2039727	73.684	3.73e-18	94.4
Hydrophis_cyanocinctus_C9B	NW_024096824.1	582	47	156	202	2078549	2078409	85.106	2.25e-17	92.0
Hydrophis_cyanocinctus_C9B	NW_024096824.1	582	52	531	582	2067907	2067752	71.154	4.76e-16	87.8
Hydrophis_cyanocinctus_C9B	NW_024096824.1	582	50	57	106	2081617	2081468	76.000	5.96e-16	87.4
Hydrophis_cyanocinctus_C9B	NW_024096824.1	582	47	156	202	2050506	2050366	78.723	2.37e-15	85.5
Hydrophis_cyanocinctus_C9B	NW_024096824.1	582	54	53	106	2054434	2054273	70.370	4.32e-14	81.3
Hydrophis_cyanocinctus_C9B	NW_024096824.1	582	74	198	271	2049004	2048783	54.054	4.35e-13	78.2
Hydrophis_cyanocinctus_C9B	NW_024096824.1	582	38	25	62	2082426	2082313	73.684	1.43e-07	60.5
Hydrophis_cyanocinctus_C9B	NW_024096824.1	582	43	353	395	2071615	2071490	65.116	6.32e-07	58.2
Hydrophis_cyanocinctus_C9B	NW_024096824.1	582	52	531	582	2037890	2037735	59.615	8.99e-06	54.3
Hydrophis_cyanocinctus_C9B	NW_024100607.1	582	54	529	582	29665	29504	50.000	1.85e-08	63.2
Hydrophis_cyanocinctus_C9B	NW_024100607.1	582	69	456	524	30897	30694	43.478	5.76e-08	61.6
Hydrophis_cyanocinctus_C9B	NW_024100081.1	582	82	273	354	1814704	1814459	34.146	1.95e-07	59.7
Hydrophis_cyanocinctus_C9B	NW_024100081.1	582	82	276	357	1766930	1767175	30.488	9.67e-07	57.8
Hydrophis_cyanocinctus_C9B	NW_024100081.1	582	47	536	582	1795904	1795764	44.681	6.97e-06	54.7
Hydrophis_cyanocinctus_C9B	NW_024100595.1	582	218	301	513	3265129	3265740	24.771	7.55e-07	57.8
Hydrophis_cyanocinctus_C9B	NW_024100608.1	582	79	276	354	349438	349674	31.646	3.26e-06	55.8
Hydrophis_cyanocinctus_C9B	NW_024100608.1	582	74	456	529	319766	319984	40.541	3.29e-06	55.8
Hydrophis_cyanocinctus_C9B	NW_024100608.1	582	54	530	582	355916	356071	50.000	4.62e-06	55.5
Bothrops_jararaca_C9B	NW_024096824.1	583	81	274	354	2074096	2073854	100.000	1.97e-43	172
Bothrops_jararaca_C9B	NW_024096824.1	583	80	453	532	2068553	2068314	96.250	1.18e-39	160
Bothrops_jararaca_C9B	NW_024096824.1	583	78	196	273	2076769	2076536	93.590	3.78e-36	150
Bothrops_jararaca_C9B	NW_024096824.1	583	77	456	532	2038667	2038437	84.416	2.20e-34	145
Bothrops_jararaca_C9B	NW_024096824.1	583	92	276	367	2046624	2046358	69.565	3.43e-32	138
Bothrops_jararaca_C9B	NW_024096824.1	583	71	396	466	2070100	2069888	88.732	2.54e-28	126
Bothrops_jararaca_C9B	NW_024096824.1	583	52	532	583	2067907	2067752	100.000	1.40e-24	114
Bothrops_jararaca_C9B	NW_024096824.1	583	54	54	107	2081629	2081468	94.444	7.91e-24	112
Bothrops_jararaca_C9B	NW_024096824.1	583	57	401	457	2039897	2039727	91.228	1.42e-22	108
Bothrops_jararaca_C9B	NW_024096824.1	583	50	107	156	2080475	2080326	100.000	4.90e-22	106
Bothrops_jararaca_C9B	NW_024096824.1	583	54	54	107	2054434	2054273	88.889	2.21e-21	104
Bothrops_jararaca_C9B	NW_024096824.1	583	47	157	203	2078549	2078409	97.872	6.11e-21	103
Bothrops_jararaca_C9B	NW_024096824.1	583	50	107	156	2052772	2052623	90.000	7.66e-19	96.7
Bothrops_jararaca_C9B	NW_024096824.1	583	47	157	203	2050506	2050366	89.362	1.56e-18	95.5
Bothrops_jararaca_C9B	NW_024096824.1	583	42	354	395	2071615	2071490	100.000	1.85e-15	85.9
Bothrops_jararaca_C9B	NW_024096824.1	583	42	26	67	2082426	2082301	83.333	6.60e-13	77.4
Bothrops_jararaca_C9B	NW_024096824.1	583	78	195	272	2049016	2048783	48.718	1.01e-11	73.9
Bothrops_jararaca_C9B	NW_024096824.1	583	52	532	583	2037890	2037735	69.231	4.63e-08	62.0
Bothrops_jararaca_C9B	NW_024096824.1	583	32	26	57	2055218	2055123	75.000	7.45e-07	57.8
Bothrops_jararaca_C9B	NW_024100595.1	583	220	302	514	3265129	3265740	25.455	1.09e-08	63.9
Bothrops_jararaca_C9B	NW_024100081.1	583	82	274	355	1814704	1814459	35.366	2.97e-08	62.4
Bothrops_jararaca_C9B	NW_024100081.1	583	43	537	579	1795904	1795776	53.488	2.30e-07	59.7
Bothrops_jararaca_C9B	NW_024100081.1	583	81	277	357	1766930	1767172	28.395	3.03e-06	55.8
Bothrops_jararaca_C9B	NW_024100607.1	583	54	530	583	29665	29504	48.148	9.00e-08	60.8
Bothrops_jararaca_C9B	NW_024100607.1	583	69	457	525	30897	30694	40.580	2.00e-06	56.6
Bothrops_jararaca_C9B	NW_024100608.1	583	79	277	355	349438	349674	34.177	1.34e-07	60.5
Bothrops_jararaca_C9B	NW_024100608.1	583	79	277	355	310789	311025	32.911	4.33e-06	55.5
Bothrops_jararaca_C9B	NW_024100608.1	583	42	535	575	355922	356047	61.905	4.96e-06	55.5
Laticauda_colubrina_C9B	NW_024096824.1	583	79	276	354	2074090	2073854	83.544	2.30e-34	145
Laticauda_colubrina_C9B	NW_024096824.1	583	80	453	532	2068553	2068314	83.750	7.90e-34	143
Laticauda_colubrina_C9B	NW_024096824.1	583	94	274	367	2046630	2046358	68.085	9.82e-34	143
Laticauda_colubrina_C9B	NW_024096824.1	583	77	456	532	2038667	2038437	79.221	3.72e-32	138
Laticauda_colubrina_C9B	NW_024096824.1	583	69	398	466	2070094	2069888	75.362	5.59e-22	106
Laticauda_colubrina_C9B	NW_024096824.1	583	73	199	271	2076760	2076542	71.233	7.47e-21	103
Laticauda_colubrina_C9B	NW_024096824.1	583	57	401	457	2039897	2039727	78.947	1.53e-18	95.5
Laticauda_colubrina_C9B	NW_024096824.1	583	50	107	156	2080475	2080326	86.000	2.92e-18	94.7
Laticauda_colubrina_C9B	NW_024096824.1	583	46	157	202	2078549	2078412	86.957	1.20e-17	92.8
Laticauda_colubrina_C9B	NW_024096824.1	583	50	58	107	2081617	2081468	80.000	4.14e-17	91.3
Laticauda_colubrina_C9B	NW_024096824.1	583	50	107	156	2052772	2052623	82.000	1.73e-16	89.0
Laticauda_colubrina_C9B	NW_024096824.1	583	52	532	583	2067907	2067752	73.077	3.39e-16	88.2
Laticauda_colubrina_C9B	NW_024096824.1	583	46	157	202	2050506	2050369	80.435	1.13e-15	86.7
Laticauda_colubrina_C9B	NW_024096824.1	583	54	54	107	2054434	2054273	74.074	2.18e-15	85.5
Laticauda_colubrina_C9B	NW_024096824.1	583	64	26	89	2082426	2082265	54.688	2.59e-09	65.9
Laticauda_colubrina_C9B	NW_024096824.1	583	73	199	271	2049004	2048786	47.945	5.13e-09	65.1
Laticauda_colubrina_C9B	NW_024096824.1	583	31	26	56	2055218	2055126	67.742	4.34e-06	55.5
Laticauda_colubrina_C9B	NW_024100595.1	583	218	302	514	3265129	3265740	23.853	1.16e-08	63.9
Laticauda_colubrina_C9B	NW_024100081.1	583	81	277	357	1814695	1814453	32.099	7.40e-08	61.2
Laticauda_colubrina_C9B	NW_024100081.1	583	111	274	384	1766921	1767241	28.829	1.26e-07	60.5
Laticauda_colubrina_C9B	NW_024100607.1	583	69	457	525	30897	30694	43.478	9.64e-08	60.8
Laticauda_colubrina_C9B	NW_024100607.1	583	54	530	583	29665	29504	46.296	2.99e-07	59.3
Laticauda_colubrina_C9B	NW_024100608.1	583	84	274	357	349429	349680	33.333	9.79e-08	60.8
Laticauda_colubrina_C9B	NW_024100608.1	583	79	277	355	310789	311025	34.177	1.27e-06	57.4
Laticauda_colubrina_C9B	NW_024100608.1	583	54	531	583	355916	356071	51.852	4.88e-06	55.5
Pseudonaja_textilis_C9B	NW_024096824.1	583	81	274	354	2074096	2073854	83.951	1.95e-35	148
Pseudonaja_textilis_C9B	NW_024096824.1	583	94	274	367	2046630	2046358	69.149	1.56e-34	145
Pseudonaja_textilis_C9B	NW_024096824.1	583	80	453	532	2068553	2068314	83.750	8.89e-34	143
Pseudonaja_textilis_C9B	NW_024096824.1	583	77	456	532	2038667	2038437	80.519	2.44e-32	138
Pseudonaja_textilis_C9B	NW_024096824.1	583	71	396	466	2070100	2069888	71.831	7.94e-22	106
Pseudonaja_textilis_C9B	NW_024096824.1	583	50	107	156	2080475	2080326	94.000	1.09e-20	102
Pseudonaja_textilis_C9B	NW_024096824.1	583	77	196	272	2076769	2076539	62.338	3.53e-19	97.8
Pseudonaja_textilis_C9B	NW_024096824.1	583	50	107	156	2052772	2052623	90.000	5.65e-19	97.1
Pseudonaja_textilis_C9B	NW_024096824.1	583	57	401	457	2039897	2039727	78.947	5.70e-19	97.1
Pseudonaja_textilis_C9B	NW_024096824.1	583	47	157	203	2078549	2078409	87.234	2.39e-18	95.1
Pseudonaja_textilis_C9B	NW_024096824.1	583	47	157	203	2050506	2050366	80.851	2.12e-16	89.0
Pseudonaja_textilis_C9B	NW_024096824.1	583	51	57	107	2081620	2081468	74.510	3.05e-16	88.2
Pseudonaja_textilis_C9B	NW_024096824.1	583	54	54	107	2054434	2054273	70.370	2.33e-14	82.4
Pseudonaja_textilis_C9B	NW_024096824.1	583	52	532	583	2067907	2067752	65.385	1.88e-13	79.3
Pseudonaja_textilis_C9B	NW_024096824.1	583	38	26	63	2082426	2082313	81.579	1.08e-09	67.0
Pseudonaja_textilis_C9B	NW_024096824.1	583	74	199	272	2049004	2048783	47.297	2.80e-09	65.9
Pseudonaja_textilis_C9B	NW_024096824.1	583	42	354	395	2071615	2071493	69.048	1.26e-07	60.5
Pseudonaja_textilis_C9B	NW_024096824.1	583	32	26	57	2055218	2055123	71.875	5.43e-07	58.5
Pseudonaja_textilis_C9B	NW_024100607.1	583	54	530	583	29665	29504	48.148	1.48e-08	63.5
Pseudonaja_textilis_C9B	NW_024100607.1	583	69	457	525	30897	30694	43.478	3.05e-08	62.4
Pseudonaja_textilis_C9B	NW_024100081.1	583	102	254	355	1814758	1814459	29.412	2.75e-08	62.8
Pseudonaja_textilis_C9B	NW_024100081.1	583	85	274	358	1766921	1767175	30.588	3.40e-07	58.9
Pseudonaja_textilis_C9B	NW_024100081.1	583	47	537	583	1795904	1795764	44.681	5.53e-07	58.5
Pseudonaja_textilis_C9B	NW_024100595.1	583	218	302	514	3265129	3265740	25.229	3.10e-07	59.3
Pseudonaja_textilis_C9B	NW_024096934.1	583	222	298	516	2029378	2029986	26.126	6.90e-07	58.2
Pseudonaja_textilis_C9B	NW_024100608.1	583	78	277	354	349438	349671	32.051	1.28e-06	57.0
Pseudonaja_textilis_C9B	NW_024100608.1	583	54	531	583	355916	356071	50.000	2.98e-06	55.8
Notechis_scutatus_C9B	NW_024096824.1	583	94	274	367	2046630	2046358	69.149	8.33e-35	146
Notechis_scutatus_C9B	NW_024096824.1	583	82	451	532	2068559	2068314	84.146	8.64e-35	146
Notechis_scutatus_C9B	NW_024096824.1	583	79	276	354	2074090	2073854	84.810	1.56e-34	145
Notechis_scutatus_C9B	NW_024096824.1	583	77	456	532	2038667	2038437	81.818	3.59e-33	141
Notechis_scutatus_C9B	NW_024096824.1	583	77	196	272	2076769	2076539	72.727	2.53e-24	114
Notechis_scutatus_C9B	NW_024096824.1	583	69	398	466	2070094	2069888	71.014	1.73e-21	105
Notechis_scutatus_C9B	NW_024096824.1	583	50	107	156	2080475	2080326	92.000	3.02e-20	101
Notechis_scutatus_C9B	NW_024096824.1	583	50	107	156	2052772	2052623	92.000	1.82e-19	98.6
Notechis_scutatus_C9B	NW_024096824.1	583	47	157	203	2078549	2078409	89.362	1.06e-18	96.3
Notechis_scutatus_C9B	NW_024096824.1	583	57	401	457	2039897	2039727	73.684	5.79e-18	94.0
Notechis_scutatus_C9B	NW_024096824.1	583	47	157	203	2050506	2050366	82.979	9.42e-17	90.1
Notechis_scutatus_C9B	NW_024096824.1	583	52	532	583	2067907	2067752	71.154	4.91e-16	87.8
Notechis_scutatus_C9B	NW_024096824.1	583	50	58	107	2081617	2081468	76.000	4.99e-16	87.8
Notechis_scutatus_C9B	NW_024096824.1	583	54	54	107	2054434	2054273	70.370	3.81e-14	81.6
Notechis_scutatus_C9B	NW_024096824.1	583	74	199	272	2049004	2048783	52.703	8.35e-12	73.9
Notechis_scutatus_C9B	NW_024096824.1	583	38	26	63	2082426	2082313	76.316	1.32e-08	63.5
Notechis_scutatus_C9B	NW_024096824.1	583	42	354	395	2071615	2071493	69.048	6.72e-07	58.2
Notechis_scutatus_C9B	NW_024096824.1	583	31	26	56	2055218	2055126	67.742	4.45e-06	55.5
Notechis_scutatus_C9B	NW_024096824.1	583	52	532	583	2037890	2037735	59.615	9.65e-06	54.3
Notechis_scutatus_C9B	NW_024100607.1	583	54	530	583	29665	29504	50.000	2.06e-08	63.2
Notechis_scutatus_C9B	NW_024100607.1	583	69	457	525	30897	30694	43.478	3.10e-08	62.4
Notechis_scutatus_C9B	NW_024100608.1	583	82	274	355	349429	349674	31.707	2.59e-07	59.3
Notechis_scutatus_C9B	NW_024100608.1	583	54	531	583	355916	356071	50.000	4.76e-06	55.5
Notechis_scutatus_C9B	NW_024100081.1	583	79	277	355	1814695	1814459	31.646	4.17e-07	58.9
Notechis_scutatus_C9B	NW_024100081.1	583	85	274	358	1766921	1767175	29.412	5.97e-07	58.2
Notechis_scutatus_C9B	NW_024100081.1	583	47	537	583	1795904	1795764	44.681	7.87e-06	54.7
Notechis_scutatus_C9B	NW_024100595.1	583	218	302	514	3265129	3265740	25.229	5.44e-07	58.5
Notechis_scutatus_C9B	NW_024096934.1	583	222	298	516	2029378	2029986	25.676	7.08e-07	58.2
Pituophis_catenifer_C9B	NW_024096824.1	583	95	273	367	2046633	2046358	76.842	1.50e-37	154
Pituophis_catenifer_C9B	NW_024096824.1	583	83	456	538	2068544	2068296	84.337	6.94e-37	152
Pituophis_catenifer_C9B	NW_024096824.1	583	77	456	532	2038667	2038437	85.714	2.47e-35	147
Pituophis_catenifer_C9B	NW_024096824.1	583	77	277	353	2074087	2073857	83.117	1.76e-31	136
Pituophis_catenifer_C9B	NW_024096824.1	583	76	198	273	2049007	2048780	71.053	4.57e-22	106
Pituophis_catenifer_C9B	NW_024096824.1	583	61	397	457	2039909	2039727	81.967	2.93e-21	104
Pituophis_catenifer_C9B	NW_024096824.1	583	67	400	466	2070088	2069888	71.642	1.45e-19	99.0
Pituophis_catenifer_C9B	NW_024096824.1	583	50	107	156	2052772	2052623	90.000	3.13e-18	94.7
Pituophis_catenifer_C9B	NW_024096824.1	583	50	107	156	2080475	2080326	86.000	5.27e-18	94.0
Pituophis_catenifer_C9B	NW_024096824.1	583	47	157	203	2050506	2050366	82.979	5.14e-17	90.9
Pituophis_catenifer_C9B	NW_024096824.1	583	54	54	107	2054434	2054273	77.778	5.75e-17	90.5
Pituophis_catenifer_C9B	NW_024096824.1	583	47	157	203	2078549	2078409	82.979	7.33e-17	90.1
Pituophis_catenifer_C9B	NW_024096824.1	583	51	57	107	2081620	2081468	78.431	1.29e-16	89.4
Pituophis_catenifer_C9B	NW_024096824.1	583	52	532	583	2067907	2067752	71.154	8.67e-15	83.6
Pituophis_catenifer_C9B	NW_024096824.1	583	52	532	583	2037890	2037735	88.462	1.80e-14	82.8
Pituophis_catenifer_C9B	NW_024096824.1	583	75	198	272	2076763	2076539	54.667	7.39e-14	80.5
Pituophis_catenifer_C9B	NW_024096824.1	583	32	26	57	2055218	2055123	81.250	2.49e-08	62.8
Pituophis_catenifer_C9B	NW_024096824.1	583	41	355	395	2071612	2071490	70.732	3.05e-08	62.4
Pituophis_catenifer_C9B	NW_024096824.1	583	42	26	67	2082426	2082301	64.286	7.40e-08	61.2
Pituophis_catenifer_C9B	NW_024100595.1	583	218	302	514	3265129	3265740	25.229	4.40e-09	65.1
Pituophis_catenifer_C9B	NW_024100081.1	583	76	277	352	1814695	1814468	39.474	4.29e-08	62.0
Pituophis_catenifer_C9B	NW_024100081.1	583	41	537	577	1795904	1795782	56.098	2.74e-06	56.2
Pituophis_catenifer_C9B	NW_024096934.1	583	232	293	516	2029363	2029986	24.569	9.98e-08	60.8
Pituophis_catenifer_C9B	NW_024100607.1	583	97	457	549	30897	30616	38.144	2.57e-07	59.3
Pituophis_catenifer_C9B	NW_024100608.1	583	69	457	525	319766	319969	43.478	4.60e-06	55.5
Pantherophis_obsoletus_C9B	NW_024096824.1	583	81	274	354	2074096	2073854	85.185	1.04e-34	145
Pantherophis_obsoletus_C9B	NW_024096824.1	583	92	276	367	2046624	2046358	70.652	7.03e-34	143
Pantherophis_obsoletus_C9B	NW_024096824.1	583	77	456	532	2038667	2038437	80.519	2.71e-33	141
Pantherophis_obsoletus_C9B	NW_024096824.1	583	83	456	538	2068544	2068296	74.699	2.09e-32	139
Pantherophis_obsoletus_C9B	NW_024096824.1	583	75	198	272	2049007	2048783	70.667	1.49e-21	105
Pantherophis_obsoletus_C9B	NW_024096824.1	583	61	397	457	2039909	2039727	83.607	1.67e-21	105
Pantherophis_obsoletus_C9B	NW_024096824.1	583	54	54	107	2054434	2054273	85.185	7.21e-21	103
Pantherophis_obsoletus_C9B	NW_024096824.1	583	67	400	466	2070088	2069888	73.134	5.15e-20	100
Pantherophis_obsoletus_C9B	NW_024096824.1	583	51	57	107	2081620	2081468	84.314	1.94e-19	98.6
Pantherophis_obsoletus_C9B	NW_024096824.1	583	50	107	156	2052772	2052623	90.000	3.41e-18	94.7
Pantherophis_obsoletus_C9B	NW_024096824.1	583	50	107	156	2080475	2080326	86.000	5.95e-18	94.0
Pantherophis_obsoletus_C9B	NW_024096824.1	583	47	157	203	2050506	2050366	82.979	6.44e-17	90.5
Pantherophis_obsoletus_C9B	NW_024096824.1	583	47	157	203	2078549	2078409	82.979	8.79e-17	90.1
Pantherophis_obsoletus_C9B	NW_024096824.1	583	56	528	583	2067919	2067752	69.643	1.13e-15	86.7
Pantherophis_obsoletus_C9B	NW_024096824.1	583	56	528	583	2037902	2037735	82.143	1.80e-14	82.8
Pantherophis_obsoletus_C9B	NW_024096824.1	583	75	198	272	2076763	2076539	54.667	7.84e-14	80.5
Pantherophis_obsoletus_C9B	NW_024096824.1	583	42	354	395	2071615	2071490	76.190	4.61e-10	68.6
Pantherophis_obsoletus_C9B	NW_024096824.1	583	32	26	57	2055218	2055123	81.250	1.68e-08	63.2
Pantherophis_obsoletus_C9B	NW_024096824.1	583	42	26	67	2082426	2082301	66.667	1.74e-08	63.2
Pantherophis_obsoletus_C9B	NW_024100595.1	583	218	302	514	3265129	3265740	24.771	5.73e-09	64.7
Pantherophis_obsoletus_C9B	NW_024100081.1	583	82	274	355	1814704	1814459	36.585	7.93e-09	64.3
Pantherophis_obsoletus_C9B	NW_024100081.1	583	97	274	370	1766921	1767202	29.897	1.80e-07	60.1
Pantherophis_obsoletus_C9B	NW_024100081.1	583	41	537	577	1795904	1795782	58.537	1.90e-06	56.6
Pantherophis_obsoletus_C9B	NW_024100607.1	583	97	457	549	30897	30616	35.052	9.08e-08	60.8
Pantherophis_obsoletus_C9B	NW_024100608.1	583	81	275	355	349432	349674	34.568	3.54e-07	58.9
Pantherophis_obsoletus_C9B	NW_024100608.1	583	73	457	529	319766	319981	39.726	2.95e-06	55.8
Pantherophis_obsoletus_C9B	NW_024100608.1	583	81	275	355	310783	311025	33.333	5.09e-06	55.1
Crotalus_tigris_C9B	NW_024096824.1	583	94	274	367	2046630	2046358	86.170	2.14e-42	169
Crotalus_tigris_C9B	NW_024096824.1	583	77	456	532	2038667	2038437	96.104	5.94e-39	159
Crotalus_tigris_C9B	NW_024096824.1	583	86	453	538	2068553	2068296	77.907	1.26e-35	149
Crotalus_tigris_C9B	NW_024096824.1	583	78	276	353	2074090	2073857	79.487	1.25e-30	133
Crotalus_tigris_C9B	NW_024096824.1	583	78	195	272	2049016	2048783	87.179	2.96e-30	132
Crotalus_tigris_C9B	NW_024096824.1	583	68	396	463	2039912	2039709	91.176	4.19e-27	122
Crotalus_tigris_C9B	NW_024096824.1	583	52	532	583	2037890	2037735	94.231	1.66e-23	111
Crotalus_tigris_C9B	NW_024096824.1	583	54	54	107	2054434	2054273	92.593	5.59e-23	109
Crotalus_tigris_C9B	NW_024096824.1	583	71	398	466	2070100	2069888	78.873	1.11e-22	108
Crotalus_tigris_C9B	NW_024096824.1	583	54	54	107	2081629	2081468	90.741	3.19e-22	107
Crotalus_tigris_C9B	NW_024096824.1	583	50	107	156	2052772	2052623	98.000	4.38e-21	103
Crotalus_tigris_C9B	NW_024096824.1	583	47	157	203	2050506	2050366	97.872	1.25e-20	102
Crotalus_tigris_C9B	NW_024096824.1	583	50	107	156	2080475	2080326	92.000	1.30e-19	99.0
Crotalus_tigris_C9B	NW_024096824.1	583	47	157	203	2078549	2078409	89.362	1.87e-18	95.5
Crotalus_tigris_C9B	NW_024096824.1	583	43	354	396	2043347	2043219	97.674	4.62e-16	87.8
Crotalus_tigris_C9B	NW_024096824.1	583	52	532	583	2067907	2067752	71.154	1.27e-15	86.3
Crotalus_tigris_C9B	NW_024096824.1	583	78	196	273	2076769	2076536	51.282	8.19e-14	80.5
Crotalus_tigris_C9B	NW_024096824.1	583	32	26	57	2055218	2055123	96.875	2.20e-11	72.8
Crotalus_tigris_C9B	NW_024096824.1	583	42	26	67	2082426	2082301	66.667	5.09e-08	61.6
Crotalus_tigris_C9B	NW_024100595.1	583	218	302	514	3265129	3265740	26.147	9.87e-10	67.4
Crotalus_tigris_C9B	NW_024100607.1	583	106	451	549	30915	30616	35.849	1.75e-07	60.1
Crotalus_tigris_C9B	NW_024100607.1	583	54	530	583	29665	29504	44.444	5.32e-06	55.1
Crotalus_tigris_C9B	NW_024100081.1	583	77	277	353	1814695	1814465	36.364	2.97e-07	59.3
Crotalus_tigris_C9B	NW_024100081.1	583	43	537	579	1795904	1795776	53.488	7.51e-07	57.8
Ptyas_mucosa_C9B	NW_024096824.1	583	115	253	367	2046687	2046358	68.696	5.39e-38	155
Ptyas_mucosa_C9B	NW_024096824.1	583	77	456	532	2038667	2038437	79.221	2.67e-32	138
Ptyas_mucosa_C9B	NW_024096824.1	583	77	277	353	2074087	2073857	83.117	1.74e-31	136
Ptyas_mucosa_C9B	NW_024096824.1	583	83	456	538	2068544	2068296	73.494	2.47e-31	135
Ptyas_mucosa_C9B	NW_024096824.1	583	76	198	273	2049007	2048780	69.737	1.78e-21	105
Ptyas_mucosa_C9B	NW_024096824.1	583	61	397	457	2039909	2039727	80.328	1.24e-19	99.0
Ptyas_mucosa_C9B	NW_024096824.1	583	58	400	457	2070088	2069915	79.310	1.10e-18	96.3
Ptyas_mucosa_C9B	NW_024096824.1	583	51	57	107	2081620	2081468	80.392	6.00e-18	94.0
Ptyas_mucosa_C9B	NW_024096824.1	583	50	107	156	2052772	2052623	88.000	1.67e-17	92.4
Ptyas_mucosa_C9B	NW_024096824.1	583	54	54	107	2054434	2054273	75.926	1.97e-17	92.0
Ptyas_mucosa_C9B	NW_024096824.1	583	50	107	156	2080475	2080326	84.000	2.83e-17	91.7
Ptyas_mucosa_C9B	NW_024096824.1	583	47	157	203	2050506	2050366	82.979	4.76e-17	90.9
Ptyas_mucosa_C9B	NW_024096824.1	583	47	157	203	2078549	2078409	82.979	6.01e-17	90.5
Ptyas_mucosa_C9B	NW_024096824.1	583	56	528	583	2067919	2067752	69.643	7.12e-16	87.0
Ptyas_mucosa_C9B	NW_024096824.1	583	56	528	583	2037902	2037735	83.929	4.95e-15	84.3
Ptyas_mucosa_C9B	NW_024096824.1	583	75	198	272	2076763	2076539	56.000	4.08e-14	81.6
Ptyas_mucosa_C9B	NW_024096824.1	583	38	30	67	2082414	2082301	68.421	7.64e-07	57.8
Ptyas_mucosa_C9B	NW_024096824.1	583	40	354	393	2043347	2043228	65.000	9.70e-07	57.8
Ptyas_mucosa_C9B	NW_024096824.1	583	53	8	57	2055281	2055123	56.604	2.86e-06	56.2
Ptyas_mucosa_C9B	NW_024100081.1	583	76	277	352	1814695	1814468	39.474	5.09e-08	61.6
Ptyas_mucosa_C9B	NW_024100081.1	583	43	537	579	1795904	1795776	53.488	3.35e-07	58.9
Ptyas_mucosa_C9B	NW_024100595.1	583	218	302	514	3265129	3265740	24.312	2.22e-07	59.7
Ptyas_mucosa_C9B	NW_024100607.1	583	97	457	549	30897	30616	35.052	7.08e-07	58.2
Ptyas_mucosa_C9B	NW_024100607.1	583	48	536	583	29647	29504	50.000	1.48e-06	57.0
Ptyas_mucosa_C9B	NW_024100608.1	583	70	460	529	319775	319981	41.429	3.59e-06	55.8
