Crotalus_tigris_C9A	NW_024096824.1	584	81	274	354	2074096	2073854	100.000	2.00e-43	172
Crotalus_tigris_C9A	NW_024096824.1	584	80	453	532	2068553	2068314	96.250	1.20e-39	160
Crotalus_tigris_C9A	NW_024096824.1	584	78	196	273	2076769	2076536	93.590	3.84e-36	150
Crotalus_tigris_C9A	NW_024096824.1	584	77	456	532	2038667	2038437	84.416	2.23e-34	145
Crotalus_tigris_C9A	NW_024096824.1	584	92	276	367	2046624	2046358	69.565	3.48e-32	138
Crotalus_tigris_C9A	NW_024096824.1	584	71	396	466	2070100	2069888	88.732	2.57e-28	126
Crotalus_tigris_C9A	NW_024096824.1	584	53	532	584	2067907	2067749	100.000	1.09e-24	115
Crotalus_tigris_C9A	NW_024096824.1	584	54	54	107	2081629	2081468	94.444	7.97e-24	112
Crotalus_tigris_C9A	NW_024096824.1	584	57	401	457	2039897	2039727	91.228	1.43e-22	108
Crotalus_tigris_C9A	NW_024096824.1	584	50	107	156	2080475	2080326	100.000	4.94e-22	106
Crotalus_tigris_C9A	NW_024096824.1	584	54	54	107	2054434	2054273	88.889	2.23e-21	104
Crotalus_tigris_C9A	NW_024096824.1	584	47	157	203	2078549	2078409	97.872	6.15e-21	103
Crotalus_tigris_C9A	NW_024096824.1	584	50	107	156	2052772	2052623	90.000	7.70e-19	96.7
Crotalus_tigris_C9A	NW_024096824.1	584	47	157	203	2050506	2050366	89.362	1.57e-18	95.5
Crotalus_tigris_C9A	NW_024096824.1	584	42	354	395	2071615	2071490	100.000	1.86e-15	85.9
Crotalus_tigris_C9A	NW_024096824.1	584	42	26	67	2082426	2082301	83.333	6.63e-13	77.4
Crotalus_tigris_C9A	NW_024096824.1	584	78	195	272	2049016	2048783	48.718	1.01e-11	73.9
Crotalus_tigris_C9A	NW_024096824.1	584	53	532	584	2037890	2037732	69.811	3.63e-08	62.4
Crotalus_tigris_C9A	NW_024096824.1	584	32	26	57	2055218	2055123	75.000	7.47e-07	57.8
Crotalus_tigris_C9A	NW_024100595.1	584	220	302	514	3265129	3265740	25.455	1.09e-08	63.9
Crotalus_tigris_C9A	NW_024100081.1	584	82	274	355	1814704	1814459	35.366	2.98e-08	62.4
Crotalus_tigris_C9A	NW_024100081.1	584	48	537	584	1795904	1795761	52.083	1.90e-07	60.1
Crotalus_tigris_C9A	NW_024100081.1	584	81	277	357	1766930	1767172	28.395	3.04e-06	55.8
Crotalus_tigris_C9A	NW_024100607.1	584	54	530	583	29665	29504	48.148	9.03e-08	60.8
Crotalus_tigris_C9A	NW_024100607.1	584	69	457	525	30897	30694	40.580	2.00e-06	56.6
Crotalus_tigris_C9A	NW_024100608.1	584	79	277	355	349438	349674	34.177	1.35e-07	60.5
Crotalus_tigris_C9A	NW_024100608.1	584	79	277	355	310789	311025	32.911	4.34e-06	55.5
Crotalus_tigris_C9A	NW_024100608.1	584	42	535	575	355922	356047	61.905	4.98e-06	55.5
Crotalus_tigris_C9B	NW_024096824.1	584	94	274	367	2046630	2046358	86.170	2.18e-42	169
Crotalus_tigris_C9B	NW_024096824.1	584	77	456	532	2038667	2038437	96.104	6.03e-39	159
Crotalus_tigris_C9B	NW_024096824.1	584	86	453	538	2068553	2068296	77.907	1.28e-35	149
Crotalus_tigris_C9B	NW_024096824.1	584	78	276	353	2074090	2073857	79.487	1.27e-30	133
Crotalus_tigris_C9B	NW_024096824.1	584	78	195	272	2049016	2048783	87.179	3.00e-30	132
Crotalus_tigris_C9B	NW_024096824.1	584	68	396	463	2039912	2039709	91.176	4.23e-27	122
Crotalus_tigris_C9B	NW_024096824.1	584	53	532	584	2037890	2037732	94.340	1.30e-23	111
Crotalus_tigris_C9B	NW_024096824.1	584	54	54	107	2054434	2054273	92.593	5.64e-23	109
Crotalus_tigris_C9B	NW_024096824.1	584	71	398	466	2070100	2069888	78.873	1.12e-22	108
Crotalus_tigris_C9B	NW_024096824.1	584	54	54	107	2081629	2081468	90.741	3.21e-22	107
Crotalus_tigris_C9B	NW_024096824.1	584	50	107	156	2052772	2052623	98.000	4.41e-21	103
Crotalus_tigris_C9B	NW_024096824.1	584	47	157	203	2050506	2050366	97.872	1.26e-20	102
Crotalus_tigris_C9B	NW_024096824.1	584	50	107	156	2080475	2080326	92.000	1.30e-19	99.0
Crotalus_tigris_C9B	NW_024096824.1	584	47	157	203	2078549	2078409	89.362	1.88e-18	95.5
Crotalus_tigris_C9B	NW_024096824.1	584	43	354	396	2043347	2043219	97.674	4.64e-16	87.8
Crotalus_tigris_C9B	NW_024096824.1	584	53	532	584	2067907	2067749	71.698	9.93e-16	86.7
Crotalus_tigris_C9B	NW_024096824.1	584	78	196	273	2076769	2076536	51.282	8.22e-14	80.5
Crotalus_tigris_C9B	NW_024096824.1	584	32	26	57	2055218	2055123	96.875	2.21e-11	72.8
Crotalus_tigris_C9B	NW_024096824.1	584	42	26	67	2082426	2082301	66.667	5.10e-08	61.6
Crotalus_tigris_C9B	NW_024100595.1	584	218	302	514	3265129	3265740	26.147	9.91e-10	67.4
Crotalus_tigris_C9B	NW_024100607.1	584	106	451	549	30915	30616	35.849	1.76e-07	60.1
Crotalus_tigris_C9B	NW_024100607.1	584	54	530	583	29665	29504	44.444	5.33e-06	55.1
Crotalus_tigris_C9B	NW_024100081.1	584	77	277	353	1814695	1814465	36.364	2.98e-07	59.3
Crotalus_tigris_C9B	NW_024100081.1	584	48	537	584	1795904	1795761	52.083	5.94e-07	58.2
