# Pituophis_catenifer DAB2/FYB1 anchors on NW_027256882.1:272487309-276571835 (sstart/send relative to region; add 272487308)
Anolis_carolinensis_DAB2	1980250	1980876	305
Anolis_carolinensis_DAB2	1986040	1986567	213
Anolis_carolinensis_DAB2	1974054	1974188	99.4
Anolis_carolinensis_DAB2	1970973	1971113	97.1
Anolis_carolinensis_DAB2	1972452	1972553	72.0
Anolis_carolinensis_DAB2	1983850	1983987	63.9
Anolis_carolinensis_FYB1	2129192	2130319	301
Anolis_carolinensis_FYB1	2163631	2163813	95.9
Anolis_carolinensis_FYB1	2149029	2149205	94.4
Anolis_carolinensis_FYB1	2152433	2152573	71.2
Anolis_carolinensis_FYB1	2159236	2159355	55.1
Anolis_carolinensis_FYB1	2156181	2156303	51.2
Anolis_carolinensis_FYB1	2159001	2159105	48.1
Thamnophis_elegans_DAB2	1980250	1980876	394
Thamnophis_elegans_DAB2	1986040	1986573	346
Thamnophis_elegans_DAB2	1974054	1974188	100
Thamnophis_elegans_DAB2	1970973	1971113	99.8
Thamnophis_elegans_DAB2	1983850	1983987	86.3
Thamnophis_elegans_DAB2	1972452	1972553	74.3
Thamnophis_elegans_DAB2	1989099	1989227	70.9
Thamnophis_elegans_DAB2	1990749	1990814	48.9
Thamnophis_elegans_DAB2	1978530	1978604	47.8
Thamnophis_elegans_FYB1	2129192	2130322	614
Thamnophis_elegans_FYB1	2149029	2149208	111
Thamnophis_elegans_FYB1	2163631	2163813	104
Thamnophis_elegans_FYB1	2156184	2156333	95.1
Thamnophis_elegans_FYB1	2152433	2152573	89.7
Thamnophis_elegans_FYB1	2159236	2159355	73.6
Thamnophis_elegans_FYB1	2143122	2143304	55.8
