Lacerta_agilis_C9A	CM061348.1	589	78	279	356	242170910	242171143	69.231	8.88e-29	127
Lacerta_agilis_C9A	CM061348.1	589	74	461	534	242179227	242179448	71.622	5.17e-27	122
Lacerta_agilis_C9A	CM061348.1	589	47	155	201	242166918	242167058	63.830	1.03e-12	77.0
Lacerta_agilis_C9A	CM061348.1	589	50	105	154	242164989	242165138	70.000	3.67e-12	75.1
Lacerta_agilis_C9A	CM061348.1	589	63	403	465	242177778	242177966	50.794	8.42e-11	70.9
Lacerta_agilis_C9A	CM061348.1	589	102	175	274	242168324	242168587	37.255	3.40e-08	62.4
Lacerta_agilis_C9A	CM061348.1	589	51	56	105	242163934	242164086	52.941	1.47e-07	60.1
Lacerta_agilis_C9A	CM061348.1	589	60	470	529	241545517	241545338	46.667	1.96e-07	59.7
Lacerta_agilis_C9A	CM061348.1	589	79	279	357	241461724	241461960	30.380	4.28e-06	55.5
Lacerta_agilis_C9A	CM061351.1	589	227	299	517	100637282	100637911	26.872	2.31e-10	69.3
Lacerta_agilis_C9A	CM061351.1	589	225	300	516	103290418	103289816	24.444	3.26e-09	65.5
Lacerta_agilis_C9A	CM061351.1	589	224	300	516	100649575	100650210	25.446	1.91e-06	56.6
Lacerta_agilis_C9A	CM061350.1	589	79	279	357	140350065	140349829	35.443	2.70e-08	62.4
Lacerta_agilis_C9A	CM061350.1	589	93	268	360	140300120	140300383	29.032	6.60e-08	61.2
Zootoca_vivipara_C9A	CM061348.1	589	78	279	356	242170910	242171143	69.231	1.81e-28	126
Zootoca_vivipara_C9A	CM061348.1	589	74	461	534	242179227	242179448	71.622	1.07e-26	121
Zootoca_vivipara_C9A	CM061348.1	589	47	155	201	242166918	242167058	63.830	1.08e-12	76.6
Zootoca_vivipara_C9A	CM061348.1	589	50	105	154	242164989	242165138	70.000	5.17e-12	74.7
Zootoca_vivipara_C9A	CM061348.1	589	56	403	458	242177778	242177945	57.143	1.85e-11	72.8
Zootoca_vivipara_C9A	CM061348.1	589	88	19	105	242163853	242164086	38.636	7.70e-08	61.2
Zootoca_vivipara_C9A	CM061348.1	589	60	470	529	241545517	241545338	45.000	3.63e-07	58.9
Zootoca_vivipara_C9A	CM061348.1	589	100	175	274	242168324	242168587	37.000	5.84e-07	58.2
Zootoca_vivipara_C9A	CM061348.1	589	79	279	357	241461724	241461960	30.380	3.05e-06	55.8
Zootoca_vivipara_C9A	CM061351.1	589	224	299	517	100637282	100637911	25.446	8.90e-10	67.4
Zootoca_vivipara_C9A	CM061351.1	589	225	300	516	103290418	103289816	24.444	2.99e-09	65.5
Zootoca_vivipara_C9A	CM061350.1	589	79	279	357	140350065	140349829	35.443	4.90e-08	61.6
Zootoca_vivipara_C9A	CM061350.1	589	93	268	360	140300120	140300383	29.032	8.53e-08	60.8
Podarcis_muralis_C9A	CM061348.1	589	79	278	356	242170907	242171143	68.354	1.32e-28	127
Podarcis_muralis_C9A	CM061348.1	589	74	461	534	242179227	242179448	70.270	1.56e-26	120
Podarcis_muralis_C9A	CM061348.1	589	47	155	201	242166918	242167058	63.830	9.73e-13	77.0
Podarcis_muralis_C9A	CM061348.1	589	50	105	154	242164989	242165138	70.000	3.67e-12	75.1
Podarcis_muralis_C9A	CM061348.1	589	55	404	458	242177781	242177945	52.727	2.48e-09	65.9
Podarcis_muralis_C9A	CM061348.1	589	52	56	106	242163934	242164089	51.923	1.06e-07	60.5
Podarcis_muralis_C9A	CM061348.1	589	60	470	529	241545517	241545338	43.333	1.59e-07	60.1
Podarcis_muralis_C9A	CM061348.1	589	79	279	357	241461724	241461960	30.380	4.35e-06	55.5
Podarcis_muralis_C9A	CM061351.1	589	223	299	516	100637282	100637908	25.112	4.86e-09	65.1
Podarcis_muralis_C9A	CM061351.1	589	221	300	516	103290418	103289816	24.887	5.34e-09	64.7
Podarcis_muralis_C9A	CM061351.1	589	224	300	516	100649575	100650210	25.000	4.90e-06	55.1
Podarcis_muralis_C9A	CM061350.1	589	93	268	360	140300120	140300383	30.108	3.49e-08	62.0
Podarcis_muralis_C9A	CM061350.1	589	79	279	357	140350065	140349829	34.177	1.39e-07	60.1
Podarcis_muralis_C9A	CM061350.1	589	80	447	525	140332838	140332599	35.000	3.02e-06	55.8
Anolis_carolinensis_C9A	CM061348.1	591	86	457	542	242179209	242179466	60.465	5.03e-28	125
Anolis_carolinensis_C9A	CM061348.1	591	79	280	358	242170907	242171143	62.025	7.87e-25	115
Anolis_carolinensis_C9A	CM061348.1	591	58	156	213	242166918	242167091	55.172	1.98e-12	75.9
Anolis_carolinensis_C9A	CM061348.1	591	60	408	467	242177787	242177966	53.333	8.36e-10	67.4
Anolis_carolinensis_C9A	CM061348.1	591	50	106	155	242164989	242165138	62.000	1.47e-09	66.6
Anolis_carolinensis_C9A	CM061348.1	591	52	57	107	242163934	242164089	57.692	2.69e-08	62.4
Anolis_carolinensis_C9A	CM061348.1	591	95	445	531	241545619	241545338	34.737	1.57e-07	60.1
Anolis_carolinensis_C9A	CM061348.1	591	79	281	359	241461724	241461960	34.177	1.70e-07	60.1
Anolis_carolinensis_C9A	CM061348.1	591	98	281	378	241498404	241498694	31.633	1.93e-07	59.7
Anolis_carolinensis_C9A	CM061348.1	591	38	542	579	241541158	241541045	55.263	2.52e-06	56.2
Anolis_carolinensis_C9A	CM061348.1	591	82	195	276	242168357	242168587	35.366	8.07e-06	54.7
Anolis_carolinensis_C9A	CM061351.1	591	223	301	518	100637282	100637908	27.354	7.11e-08	61.2
Anolis_carolinensis_C9A	CM061350.1	591	79	281	359	140300138	140300374	32.911	1.77e-07	60.1
Anolis_carolinensis_C9A	CM061350.1	591	51	534	584	140309888	140310040	49.020	3.91e-07	58.9
Anolis_carolinensis_C9A	CM061350.1	591	99	430	527	140332889	140332599	31.313	4.93e-06	55.1
Pogona_vitticeps_C9A	CM061348.1	576	84	262	345	242170910	242171161	61.905	2.19e-25	117
Pogona_vitticeps_C9A	CM061348.1	576	74	438	511	242179209	242179430	71.622	3.77e-25	116
Pogona_vitticeps_C9A	CM061348.1	576	51	156	206	242166918	242167070	64.706	1.10e-13	80.1
Pogona_vitticeps_C9A	CM061348.1	576	50	106	155	242164989	242165138	66.000	1.07e-10	70.5
Pogona_vitticeps_C9A	CM061348.1	576	68	381	448	242177763	242177966	45.588	2.89e-09	65.5
Pogona_vitticeps_C9A	CM061348.1	576	42	523	563	241508357	241508482	71.429	1.01e-08	63.9
Pogona_vitticeps_C9A	CM061348.1	576	53	519	571	242180836	242180994	73.585	3.44e-08	62.0
Pogona_vitticeps_C9A	CM061348.1	576	55	521	575	241541173	241541009	47.273	7.46e-08	61.2
Pogona_vitticeps_C9A	CM061348.1	576	93	426	510	241545619	241545344	36.559	1.36e-07	60.1
Pogona_vitticeps_C9A	CM061348.1	576	58	515	571	241470675	241470848	48.276	1.53e-07	60.1
Pogona_vitticeps_C9A	CM061348.1	576	75	1	72	242162903	242163124	42.667	2.17e-07	59.7
Pogona_vitticeps_C9A	CM061348.1	576	79	262	340	241461724	241461960	36.709	2.77e-07	59.3
Pogona_vitticeps_C9A	CM061348.1	576	70	453	522	241467044	241467253	41.429	6.00e-06	54.7
Pogona_vitticeps_C9A	CM061351.1	576	223	282	499	100637282	100637908	28.251	1.89e-11	72.8
Pogona_vitticeps_C9A	CM061351.1	576	224	283	501	100649575	100650216	25.446	1.17e-07	60.5
Pogona_vitticeps_C9A	CM061351.1	576	223	283	501	103290418	103289810	24.664	1.92e-07	59.7
Pogona_vitticeps_C9A	CM061350.1	576	83	258	340	140350077	140349829	33.735	9.97e-08	60.5
Pogona_vitticeps_C9A	CM061350.1	576	42	526	567	140309912	140310037	64.286	1.12e-07	60.5
Pogona_vitticeps_C9A	CM061350.1	576	52	520	571	140330263	140330108	53.846	3.10e-07	58.9
Pogona_vitticeps_C9A	CM061350.1	576	90	420	508	140332868	140332599	32.222	4.32e-07	58.5
Pogona_vitticeps_C9A	CM061350.1	576	84	257	340	140300123	140300374	28.571	1.98e-06	56.6
Gekko_japonicus_C9A	CM061348.1	582	92	457	547	242179227	242179502	51.087	2.90e-21	104
Gekko_japonicus_C9A	CM061348.1	582	78	295	372	242170910	242171143	56.410	3.28e-21	103
Gekko_japonicus_C9A	CM061348.1	582	51	122	172	242164989	242165138	64.706	1.41e-10	70.1
Gekko_japonicus_C9A	CM061348.1	582	45	173	217	242166918	242167052	57.778	1.04e-08	63.9
Gekko_japonicus_C9A	CM061348.1	582	46	536	581	241541158	241541021	54.348	4.26e-08	62.0
Gekko_japonicus_C9A	CM061348.1	582	79	295	373	241461724	241461960	34.177	6.92e-08	61.2
Gekko_japonicus_C9A	CM061348.1	582	68	456	523	241545544	241545344	44.118	6.98e-08	61.2
Gekko_japonicus_C9A	CM061348.1	582	52	71	122	242163937	242164086	55.769	1.14e-07	60.5
Gekko_japonicus_C9A	CM061348.1	582	102	287	388	241498380	241498682	27.451	4.85e-06	55.1
Gekko_japonicus_C9A	CM061348.1	582	64	466	527	241467044	241467235	40.625	7.75e-06	54.7
Gekko_japonicus_C9A	CM061351.1	582	210	316	512	103290418	103289816	24.762	8.05e-10	67.4
Gekko_japonicus_C9A	CM061351.1	582	217	316	512	100649575	100650210	27.650	3.59e-09	65.5
Gekko_japonicus_C9A	CM061350.1	582	79	295	373	140350065	140349829	34.177	4.96e-08	61.6
Gekko_japonicus_C9A	CM061350.1	582	78	456	532	140332799	140332566	35.897	4.59e-07	58.5
Gekko_japonicus_C9A	CM061350.1	582	82	295	376	140300138	140300383	31.707	2.94e-06	55.8
Crotalus_tigris_C9A	CM061348.1	583	86	453	538	242179209	242179466	74.419	1.19e-32	139
Crotalus_tigris_C9A	CM061348.1	583	78	276	353	242170907	242171140	78.205	1.59e-31	136
Crotalus_tigris_C9A	CM061348.1	583	63	401	463	242177778	242177966	73.016	6.27e-20	100
Crotalus_tigris_C9A	CM061348.1	583	50	107	156	242164989	242165138	90.000	3.43e-19	97.8
Crotalus_tigris_C9A	CM061348.1	583	94	157	247	242166918	242167199	47.872	7.06e-17	90.1
Crotalus_tigris_C9A	CM061348.1	583	51	57	107	242163934	242164086	64.706	1.92e-12	75.9
Crotalus_tigris_C9A	CM061348.1	583	77	196	272	242168357	242168587	48.052	7.70e-11	70.9
Crotalus_tigris_C9A	CM061348.1	583	59	525	583	242180818	242180994	66.102	2.22e-08	62.8
Crotalus_tigris_C9A	CM061348.1	583	42	26	67	242162987	242163112	64.286	8.45e-08	60.8
Crotalus_tigris_C9A	CM061348.1	583	93	441	525	241545619	241545344	35.484	3.95e-07	58.9
Crotalus_tigris_C9A	CM061351.1	583	224	298	514	100649575	100650210	26.339	2.16e-08	62.8
Crotalus_tigris_C9A	CM061351.1	583	220	298	514	103290418	103289816	26.364	3.17e-08	62.4
Crotalus_tigris_C9A	CM061351.1	583	223	297	514	100637282	100637908	24.664	1.24e-07	60.5
Crotalus_tigris_C9A	CM061350.1	583	47	537	583	140330248	140330108	53.191	5.52e-08	61.6
Crotalus_tigris_C9A	CM061350.1	583	74	277	350	140350065	140349844	36.486	2.86e-07	59.3
Crotalus_tigris_C9A	CM061350.1	583	50	530	579	140309888	140310037	48.000	6.99e-07	57.8
Crotalus_tigris_C9A	CM061356.1	583	97	42	135	9596773	9597018	35.052	8.17e-06	54.3
Thamnophis_elegans_C9A	CM061348.1	583	82	274	355	242170901	242171146	80.488	1.19e-34	145
Thamnophis_elegans_C9A	CM061348.1	583	82	453	534	242179209	242179454	74.390	8.47e-30	130
Thamnophis_elegans_C9A	CM061348.1	583	104	396	499	242177763	242178056	52.885	1.04e-21	105
Thamnophis_elegans_C9A	CM061348.1	583	50	107	156	242164989	242165138	86.000	2.41e-17	91.7
Thamnophis_elegans_C9A	CM061348.1	583	76	196	271	242168357	242168584	57.895	1.08e-16	89.7
Thamnophis_elegans_C9A	CM061348.1	583	51	57	107	242163934	242164086	68.627	2.67e-14	82.0
Thamnophis_elegans_C9A	CM061348.1	583	47	157	203	242166918	242167058	72.340	6.09e-14	80.9
Thamnophis_elegans_C9A	CM061348.1	583	68	517	583	241470645	241470848	41.176	6.06e-09	64.7
Thamnophis_elegans_C9A	CM061348.1	583	42	26	67	242162987	242163112	64.286	1.13e-08	63.9
Thamnophis_elegans_C9A	CM061348.1	583	50	535	583	241508357	241508506	52.000	1.20e-07	60.5
Thamnophis_elegans_C9A	CM061348.1	583	60	338	395	242175037	242175216	50.000	4.84e-07	58.5
Thamnophis_elegans_C9A	CM061348.1	583	59	525	583	242180818	242180994	61.017	1.25e-06	57.0
Thamnophis_elegans_C9A	CM061348.1	583	48	536	583	241541164	241541021	47.917	4.14e-06	55.5
Thamnophis_elegans_C9A	CM061348.1	583	80	264	343	241498371	241498604	33.750	7.32e-06	54.7
Thamnophis_elegans_C9A	CM061350.1	583	50	530	579	140309888	140310037	52.000	2.39e-09	65.9
Thamnophis_elegans_C9A	CM061350.1	583	94	265	358	140300117	140300383	32.979	2.33e-07	59.3
Thamnophis_elegans_C9A	CM061350.1	583	47	537	583	140330248	140330108	48.936	1.36e-06	57.0
Thamnophis_elegans_C9A	CM061350.1	583	81	274	354	140350074	140349832	33.333	1.61e-06	56.6
Thamnophis_elegans_C9A	CM061351.1	583	220	298	514	103290418	103289816	24.091	1.13e-06	57.4
Thamnophis_elegans_C9A	CM061351.1	583	230	298	514	100649575	100650210	26.087	2.66e-06	56.2
Naja_naja_C9A	CM061348.1	582	83	455	537	242179218	242179466	74.699	2.67e-31	135
Naja_naja_C9A	CM061348.1	582	78	276	353	242170907	242171140	73.077	2.39e-29	129
Naja_naja_C9A	CM061348.1	582	50	107	156	242164989	242165138	86.000	3.18e-18	94.4
Naja_naja_C9A	CM061348.1	582	63	400	462	242177778	242177966	65.079	6.28e-17	90.5
Naja_naja_C9A	CM061348.1	582	92	157	247	242166918	242167193	50.000	9.35e-17	89.7
Naja_naja_C9A	CM061348.1	582	78	195	272	242168354	242168587	48.718	4.48e-11	71.6
Naja_naja_C9A	CM061348.1	582	51	57	107	242163934	242164086	56.863	2.33e-10	69.3
Naja_naja_C9A	CM061348.1	582	59	524	582	242180818	242180994	66.102	8.35e-09	64.3
Naja_naja_C9A	CM061348.1	582	69	456	524	241545547	241545344	40.580	2.17e-07	59.7
Naja_naja_C9A	CM061348.1	582	42	26	67	242162987	242163112	59.524	6.18e-07	58.2
Naja_naja_C9A	CM061348.1	582	66	523	582	241541218	241541021	40.909	1.87e-06	56.6
Naja_naja_C9A	CM061351.1	582	226	298	513	103290418	103289816	25.664	4.88e-09	65.1
Naja_naja_C9A	CM061351.1	582	225	297	513	100637282	100637908	25.333	5.89e-09	64.7
Naja_naja_C9A	CM061351.1	582	226	298	513	100649575	100650210	26.549	1.38e-07	60.1
Naja_naja_C9A	CM061350.1	582	47	536	582	140330248	140330108	53.191	7.54e-08	61.2
Naja_naja_C9A	CM061350.1	582	76	277	352	140350065	140349838	38.158	1.49e-07	60.1
Naja_naja_C9A	CM061350.1	582	87	277	362	140300138	140300398	33.333	2.04e-07	59.7
Naja_naja_C9A	CM061350.1	582	50	529	578	140309888	140310037	46.000	3.06e-06	55.8
Naja_naja_C9A	CM061356.1	582	97	42	135	9596773	9597018	37.113	1.73e-06	56.6
Pseudonaja_textilis_C9A	CM061348.1	583	78	276	353	242170907	242171140	76.923	1.31e-30	133
Pseudonaja_textilis_C9A	CM061348.1	583	83	456	538	242179218	242179466	72.289	3.10e-30	132
Pseudonaja_textilis_C9A	CM061348.1	583	50	107	156	242164989	242165138	90.000	3.46e-19	97.4
Pseudonaja_textilis_C9A	CM061348.1	583	63	401	463	242177778	242177966	65.079	3.44e-17	91.3
Pseudonaja_textilis_C9A	CM061348.1	583	92	157	247	242166918	242167193	51.087	5.79e-17	90.5
Pseudonaja_textilis_C9A	CM061348.1	583	78	195	272	242168354	242168587	47.436	8.53e-11	70.5
Pseudonaja_textilis_C9A	CM061348.1	583	51	57	107	242163934	242164086	56.863	2.48e-10	69.3
Pseudonaja_textilis_C9A	CM061348.1	583	59	525	583	242180818	242180994	66.102	1.14e-08	63.9
Pseudonaja_textilis_C9A	CM061348.1	583	42	26	67	242162987	242163112	61.905	1.60e-07	60.1
Pseudonaja_textilis_C9A	CM061348.1	583	71	457	527	241545547	241545338	40.845	2.29e-07	59.7
Pseudonaja_textilis_C9A	CM061348.1	583	66	524	583	241541218	241541021	40.909	1.08e-06	57.4
Pseudonaja_textilis_C9A	CM061351.1	583	218	298	514	103290418	103289816	25.229	8.17e-09	64.3
Pseudonaja_textilis_C9A	CM061351.1	583	225	297	514	100637282	100637908	24.000	1.30e-07	60.5
Pseudonaja_textilis_C9A	CM061351.1	583	224	298	514	100649575	100650210	25.446	1.59e-07	60.1
Pseudonaja_textilis_C9A	CM061350.1	583	47	537	583	140330248	140330108	55.319	4.50e-08	61.6
Pseudonaja_textilis_C9A	CM061350.1	583	76	277	352	140350065	140349838	38.158	7.06e-08	61.2
Pseudonaja_textilis_C9A	CM061350.1	583	87	277	362	140300138	140300398	32.184	1.13e-06	57.4
Pseudonaja_textilis_C9A	CM061350.1	583	50	530	579	140309888	140310037	48.000	1.15e-06	57.4
Python_bivittatus_C9A	CM061348.1	582	82	453	534	242179209	242179454	92.683	2.81e-39	159
Python_bivittatus_C9A	CM061348.1	582	81	274	354	242170901	242171143	91.358	1.11e-38	157
Python_bivittatus_C9A	CM061348.1	582	79	195	273	242168354	242168590	81.013	2.48e-29	129
Python_bivittatus_C9A	CM061348.1	582	62	396	457	242177763	242177948	96.774	1.98e-27	123
Python_bivittatus_C9A	CM061348.1	582	50	107	156	242164989	242165138	98.000	1.17e-21	105
Python_bivittatus_C9A	CM061348.1	582	51	57	107	242163934	242164086	90.196	2.39e-21	104
Python_bivittatus_C9A	CM061348.1	582	47	157	203	242166918	242167058	91.489	3.78e-19	97.4
Python_bivittatus_C9A	CM061348.1	582	49	534	582	242180848	242180994	89.796	1.81e-11	72.8
Python_bivittatus_C9A	CM061348.1	582	42	354	395	242175091	242175216	78.571	5.45e-11	71.2
Python_bivittatus_C9A	CM061348.1	582	42	26	67	242162987	242163112	73.810	1.24e-10	70.1
Python_bivittatus_C9A	CM061348.1	582	93	441	525	241545619	241545344	36.559	1.86e-07	59.7
Python_bivittatus_C9A	CM061348.1	582	45	530	574	241541179	241541045	57.778	6.68e-07	58.2
Python_bivittatus_C9A	CM061348.1	582	47	529	574	241508342	241508482	57.447	9.23e-07	57.4
Python_bivittatus_C9A	CM061351.1	582	224	298	514	103290418	103289816	26.339	1.38e-08	63.5
Python_bivittatus_C9A	CM061351.1	582	229	297	514	100637282	100637908	23.581	3.46e-07	58.9
Python_bivittatus_C9A	CM061351.1	582	228	298	514	100649575	100650210	24.561	9.38e-07	57.4
Python_bivittatus_C9A	CM061350.1	582	99	265	362	140300117	140300398	34.343	2.01e-08	62.8
Python_bivittatus_C9A	CM061350.1	582	47	536	582	140330248	140330108	55.319	2.40e-08	62.8
Python_bivittatus_C9A	CM061350.1	582	79	277	355	140350065	140349829	35.443	2.19e-07	59.7
Python_bivittatus_C9A	CM061350.1	582	51	529	578	140309885	140310037	50.980	3.97e-07	58.5
Python_bivittatus_C9A	CM061350.1	582	80	445	523	140332838	140332599	36.250	1.54e-06	57.0
Notechis_scutatus_C9A	CM061348.1	583	78	276	353	242170907	242171140	76.923	1.41e-30	133
Notechis_scutatus_C9A	CM061348.1	583	83	456	538	242179218	242179466	69.880	4.18e-29	128
Notechis_scutatus_C9A	CM061348.1	583	50	107	156	242164989	242165138	88.000	1.84e-18	95.1
Notechis_scutatus_C9A	CM061348.1	583	66	398	463	242177769	242177966	63.636	1.66e-17	92.4
Notechis_scutatus_C9A	CM061348.1	583	47	157	203	242166918	242167058	80.851	1.22e-16	89.4
Notechis_scutatus_C9A	CM061348.1	583	78	195	272	242168354	242168587	48.718	4.27e-11	71.6
Notechis_scutatus_C9A	CM061348.1	583	51	57	107	242163934	242164086	56.863	2.19e-10	69.3
Notechis_scutatus_C9A	CM061348.1	583	59	525	583	242180818	242180994	66.102	1.31e-08	63.5
Notechis_scutatus_C9A	CM061348.1	583	42	26	67	242162987	242163112	61.905	1.67e-07	60.1
Notechis_scutatus_C9A	CM061348.1	583	71	457	527	241545547	241545338	40.845	4.37e-07	58.5
Notechis_scutatus_C9A	CM061348.1	583	66	524	583	241541218	241541021	40.909	1.54e-06	57.0
Notechis_scutatus_C9A	CM061351.1	583	218	298	514	103290418	103289816	24.312	8.97e-09	63.9
Notechis_scutatus_C9A	CM061351.1	583	225	297	514	100637282	100637908	24.000	8.89e-08	60.8
Notechis_scutatus_C9A	CM061351.1	583	224	298	514	100649575	100650210	25.446	1.14e-07	60.5
Notechis_scutatus_C9A	CM061350.1	583	47	537	583	140330248	140330108	55.319	4.27e-08	62.0
Notechis_scutatus_C9A	CM061350.1	583	76	277	352	140350065	140349838	38.158	7.12e-08	61.2
Notechis_scutatus_C9A	CM061350.1	583	87	277	362	140300138	140300398	32.184	1.07e-06	57.4
Notechis_scutatus_C9A	CM061350.1	583	48	532	579	140309894	140310037	50.000	3.77e-06	55.5
Hydrophis_cyanocinctus_C9A	CM061348.1	583	78	276	353	242170907	242171140	76.923	1.01e-30	133
Hydrophis_cyanocinctus_C9A	CM061348.1	583	83	456	538	242179218	242179466	68.675	1.95e-28	126
Hydrophis_cyanocinctus_C9A	CM061348.1	583	50	107	156	242164989	242165138	88.000	1.82e-18	95.5
Hydrophis_cyanocinctus_C9A	CM061348.1	583	66	398	463	242177769	242177966	62.121	1.36e-16	89.4
Hydrophis_cyanocinctus_C9A	CM061348.1	583	47	157	203	242166918	242167058	80.851	1.47e-16	89.4
Hydrophis_cyanocinctus_C9A	CM061348.1	583	78	195	272	242168354	242168587	48.718	3.50e-11	72.0
Hydrophis_cyanocinctus_C9A	CM061348.1	583	51	57	107	242163934	242164086	56.863	2.42e-10	69.3
Hydrophis_cyanocinctus_C9A	CM061348.1	583	59	525	583	242180818	242180994	66.102	1.35e-08	63.5
Hydrophis_cyanocinctus_C9A	CM061348.1	583	42	26	67	242162987	242163112	61.905	1.66e-07	60.1
Hydrophis_cyanocinctus_C9A	CM061348.1	583	71	457	527	241545547	241545338	40.845	4.16e-07	58.5
Hydrophis_cyanocinctus_C9A	CM061348.1	583	66	524	583	241541218	241541021	40.909	1.60e-06	56.6
Hydrophis_cyanocinctus_C9A	CM061351.1	583	218	298	514	103290418	103289816	24.771	6.15e-10	67.8
Hydrophis_cyanocinctus_C9A	CM061351.1	583	224	298	514	100649575	100650210	25.893	3.48e-08	62.0
Hydrophis_cyanocinctus_C9A	CM061351.1	583	223	297	514	100637282	100637908	23.318	1.10e-07	60.5
Hydrophis_cyanocinctus_C9A	CM061350.1	583	47	537	583	140330248	140330108	55.319	4.02e-08	62.0
Hydrophis_cyanocinctus_C9A	CM061350.1	583	80	273	352	140350077	140349838	37.500	5.76e-08	61.6
Hydrophis_cyanocinctus_C9A	CM061350.1	583	87	277	362	140300138	140300398	32.184	1.33e-06	57.0
Hydrophis_cyanocinctus_C9A	CM061350.1	583	48	532	579	140309894	140310037	50.000	4.21e-06	55.5
Laticauda_colubrina_C9A	CM061348.1	583	78	276	353	242170907	242171140	76.923	8.73e-31	134
Laticauda_colubrina_C9A	CM061348.1	583	83	456	538	242179218	242179466	71.084	2.37e-29	129
Laticauda_colubrina_C9A	CM061348.1	583	50	107	156	242164989	242165138	90.000	7.91e-19	96.7
Laticauda_colubrina_C9A	CM061348.1	583	71	157	227	242166918	242167130	61.972	3.91e-18	94.4
Laticauda_colubrina_C9A	CM061348.1	583	63	401	463	242177778	242177966	66.667	1.58e-17	92.4
Laticauda_colubrina_C9A	CM061348.1	583	78	195	272	242168354	242168587	46.154	5.18e-10	68.2
Laticauda_colubrina_C9A	CM061348.1	583	51	57	107	242163934	242164086	56.863	8.95e-10	67.4
Laticauda_colubrina_C9A	CM061348.1	583	59	525	583	242180818	242180994	66.102	1.06e-08	63.9
Laticauda_colubrina_C9A	CM061348.1	583	71	457	527	241545547	241545338	40.845	2.31e-07	59.3
Laticauda_colubrina_C9A	CM061348.1	583	42	26	67	242162987	242163112	61.905	2.88e-07	59.3
Laticauda_colubrina_C9A	CM061348.1	583	66	524	583	241541218	241541021	40.909	1.29e-06	57.0
Laticauda_colubrina_C9A	CM061351.1	583	220	298	514	103290418	103289816	25.000	2.65e-09	65.9
Laticauda_colubrina_C9A	CM061351.1	583	224	298	514	100649575	100650210	25.446	2.47e-07	59.3
Laticauda_colubrina_C9A	CM061351.1	583	223	297	514	100637282	100637908	22.870	5.50e-07	58.2
Laticauda_colubrina_C9A	CM061350.1	583	76	277	352	140350065	140349838	38.158	7.43e-08	61.2
Laticauda_colubrina_C9A	CM061350.1	583	47	537	583	140330248	140330108	53.191	1.38e-07	60.1
Laticauda_colubrina_C9A	CM061350.1	583	74	277	350	140300138	140300359	33.784	2.46e-06	56.2
Laticauda_colubrina_C9A	CM061356.1	583	97	42	135	9596773	9597018	37.113	5.87e-06	55.1
Protobothrops_mucrosquamatus_C9A	CM061348.1	583	81	274	354	242170901	242171143	83.951	1.17e-35	149
Protobothrops_mucrosquamatus_C9A	CM061348.1	583	86	453	538	242179209	242179466	76.744	7.41e-35	146
Protobothrops_mucrosquamatus_C9A	CM061348.1	583	74	199	272	242168366	242168587	67.568	1.34e-21	105
Protobothrops_mucrosquamatus_C9A	CM061348.1	583	50	107	156	242164989	242165138	90.000	1.65e-19	98.6
Protobothrops_mucrosquamatus_C9A	CM061348.1	583	68	396	463	242177763	242177966	67.647	1.77e-19	98.6
Protobothrops_mucrosquamatus_C9A	CM061348.1	583	47	157	203	242166918	242167058	76.596	7.80e-16	87.0
Protobothrops_mucrosquamatus_C9A	CM061348.1	583	51	57	107	242163934	242164086	66.667	1.57e-13	79.3
Protobothrops_mucrosquamatus_C9A	CM061348.1	583	42	26	67	242162987	242163112	64.286	3.66e-09	65.5
Protobothrops_mucrosquamatus_C9A	CM061348.1	583	59	525	583	242180818	242180994	64.407	2.84e-08	62.4
Protobothrops_mucrosquamatus_C9A	CM061348.1	583	48	536	583	241541164	241541021	54.167	8.09e-08	60.8
Protobothrops_mucrosquamatus_C9A	CM061348.1	583	136	266	401	241498377	241498775	26.471	3.39e-07	58.9
Protobothrops_mucrosquamatus_C9A	CM061348.1	583	69	457	525	241545547	241545344	42.029	7.87e-07	57.8
Protobothrops_mucrosquamatus_C9A	CM061348.1	583	50	535	583	241508357	241508506	56.000	8.21e-07	57.8
Protobothrops_mucrosquamatus_C9A	CM061348.1	583	42	354	395	242175091	242175216	61.905	8.87e-07	57.8
Protobothrops_mucrosquamatus_C9A	CM061348.1	583	79	277	355	241461724	241461960	31.646	1.40e-06	57.0
Protobothrops_mucrosquamatus_C9A	CM061348.1	583	58	519	575	241470651	241470824	44.828	2.53e-06	56.2
Protobothrops_mucrosquamatus_C9A	CM061351.1	583	229	297	514	100637282	100637908	26.201	3.65e-10	68.6
Protobothrops_mucrosquamatus_C9A	CM061351.1	583	230	298	514	100649575	100650210	26.957	2.18e-09	66.2
Protobothrops_mucrosquamatus_C9A	CM061351.1	583	222	298	514	103290418	103289816	22.973	5.86e-08	61.6
Protobothrops_mucrosquamatus_C9A	CM061350.1	583	50	530	579	140309888	140310037	56.000	5.27e-10	68.2
Protobothrops_mucrosquamatus_C9A	CM061350.1	583	47	537	583	140330248	140330108	55.319	8.24e-09	64.3
Protobothrops_mucrosquamatus_C9A	CM061350.1	583	82	274	355	140350074	140349829	35.366	3.99e-08	62.0
Protobothrops_mucrosquamatus_C9A	CM061350.1	583	79	277	355	140300138	140300374	34.177	4.02e-08	62.0
Chrysopelea_ornata_C9A	CM061348.1	584	81	274	354	242170901	242171143	83.951	7.06e-34	143
Chrysopelea_ornata_C9A	CM061348.1	584	86	454	539	242179209	242179466	72.093	2.63e-32	138
Chrysopelea_ornata_C9A	CM061348.1	584	78	195	272	242168354	242168587	64.103	3.10e-21	103
Chrysopelea_ornata_C9A	CM061348.1	584	68	397	464	242177763	242177966	70.588	4.80e-21	103
Chrysopelea_ornata_C9A	CM061348.1	584	50	107	156	242164989	242165138	88.000	4.40e-19	97.4
Chrysopelea_ornata_C9A	CM061348.1	584	47	157	203	242166918	242167058	80.851	1.20e-16	89.4
Chrysopelea_ornata_C9A	CM061348.1	584	51	57	107	242163934	242164086	60.784	2.22e-11	72.4
Chrysopelea_ornata_C9A	CM061348.1	584	42	26	67	242162987	242163112	57.143	1.68e-07	60.1
Chrysopelea_ornata_C9A	CM061348.1	584	56	530	584	241470681	241470848	48.214	3.37e-07	58.9
Chrysopelea_ornata_C9A	CM061348.1	584	48	537	584	241541164	241541021	52.083	5.76e-07	58.2
Chrysopelea_ornata_C9A	CM061348.1	584	69	458	526	241545547	241545344	42.029	1.55e-06	57.0
Chrysopelea_ornata_C9A	CM061348.1	584	79	277	355	241461724	241461960	31.646	5.31e-06	55.1
Chrysopelea_ornata_C9A	CM061348.1	584	50	536	584	241508357	241508506	50.000	6.09e-06	54.7
Chrysopelea_ornata_C9A	CM061348.1	584	94	264	357	241498371	241498646	30.851	7.53e-06	54.7
Chrysopelea_ornata_C9A	CM061348.1	584	80	277	354	241552609	241552370	37.500	9.08e-06	54.3
Chrysopelea_ornata_C9A	CM061350.1	584	50	531	580	140309888	140310037	56.000	3.37e-09	65.5
Chrysopelea_ornata_C9A	CM061350.1	584	82	274	355	140350074	140349829	37.805	1.11e-08	63.9
Chrysopelea_ornata_C9A	CM061350.1	584	82	277	358	140300138	140300383	32.927	1.81e-07	59.7
Chrysopelea_ornata_C9A	CM061350.1	584	47	538	584	140330248	140330108	44.681	6.14e-06	54.7
Chrysopelea_ornata_C9A	CM061351.1	584	223	298	515	103290418	103289816	22.422	2.34e-07	59.3
Chrysopelea_ornata_C9A	CM061351.1	584	229	297	515	100637282	100637908	24.891	3.83e-07	58.9
Chrysopelea_ornata_C9A	CM061351.1	584	230	298	515	100649575	100650210	24.783	5.05e-06	55.1
Chrysopelea_ornata_C9A	CM061354.1	584	56	530	584	16733895	16733728	41.071	7.79e-06	54.7
Pituophis_catenifer_C9A	CM061348.1	583	80	453	532	242179209	242179448	77.500	9.52e-32	136
Pituophis_catenifer_C9A	CM061348.1	583	77	277	353	242170910	242171140	80.519	1.98e-31	135
Pituophis_catenifer_C9A	CM061348.1	583	75	198	272	242168363	242168587	64.000	3.87e-21	103
Pituophis_catenifer_C9A	CM061348.1	583	50	107	156	242164989	242165138	90.000	2.38e-19	98.2
Pituophis_catenifer_C9A	CM061348.1	583	60	404	463	242177787	242177966	68.333	3.60e-17	91.3
Pituophis_catenifer_C9A	CM061348.1	583	47	157	203	242166918	242167058	78.723	5.02e-16	87.4
Pituophis_catenifer_C9A	CM061348.1	583	51	57	107	242163934	242164086	60.784	2.55e-11	72.4
Pituophis_catenifer_C9A	CM061348.1	583	42	26	67	242162987	242163112	73.810	2.09e-10	69.3
Pituophis_catenifer_C9A	CM061348.1	583	60	517	575	241470645	241470824	45.000	1.21e-07	60.5
Pituophis_catenifer_C9A	CM061348.1	583	48	536	583	241541164	241541021	52.083	2.54e-07	59.3
Pituophis_catenifer_C9A	CM061348.1	583	41	355	395	242175094	242175216	63.415	6.42e-07	58.2
Pituophis_catenifer_C9A	CM061348.1	583	55	530	583	241508348	241508506	50.909	1.54e-06	57.0
Pituophis_catenifer_C9A	CM061348.1	583	69	457	525	241467014	241467217	43.478	3.18e-06	55.8
Pituophis_catenifer_C9A	CM061350.1	583	51	530	580	140309888	140310040	56.863	4.48e-10	68.2
Pituophis_catenifer_C9A	CM061350.1	583	79	277	355	140350065	140349829	37.975	6.83e-08	61.2
Pituophis_catenifer_C9A	CM061350.1	583	86	273	358	140300126	140300383	32.558	2.29e-07	59.7
Pituophis_catenifer_C9A	CM061350.1	583	47	537	583	140330248	140330108	46.809	1.60e-06	56.6
Pituophis_catenifer_C9A	CM061350.1	583	80	445	523	140332838	140332599	33.750	2.59e-06	56.2
Pituophis_catenifer_C9A	CM061351.1	583	231	297	516	100637282	100637914	24.675	2.45e-08	62.8
Pituophis_catenifer_C9A	CM061351.1	583	222	298	516	103290418	103289810	22.973	2.16e-07	59.7
Pituophis_catenifer_C9A	CM061351.1	583	226	298	516	100649575	100650216	26.549	2.96e-07	59.3
Pituophis_catenifer_C9A	CM061356.1	583	97	42	135	9596773	9597018	37.113	9.77e-06	54.3
Pantherophis_obsoletus_C9A	CM061348.1	583	81	274	354	242170901	242171143	85.185	3.82e-36	150
Pantherophis_obsoletus_C9A	CM061348.1	583	86	453	538	242179209	242179466	72.093	3.25e-32	138
Pantherophis_obsoletus_C9A	CM061348.1	583	68	396	463	242177763	242177966	70.588	4.41e-21	103
Pantherophis_obsoletus_C9A	CM061348.1	583	74	199	272	242168366	242168587	64.865	4.47e-20	100
Pantherophis_obsoletus_C9A	CM061348.1	583	50	107	156	242164989	242165138	82.000	1.46e-17	92.4
Pantherophis_obsoletus_C9A	CM061348.1	583	71	157	227	242166918	242167130	57.746	7.87e-16	87.0
Pantherophis_obsoletus_C9A	CM061348.1	583	51	57	107	242163934	242164086	60.784	4.30e-11	71.6
Pantherophis_obsoletus_C9A	CM061348.1	583	42	26	67	242162987	242163112	66.667	1.20e-08	63.5
Pantherophis_obsoletus_C9A	CM061348.1	583	42	354	395	242175091	242175216	64.286	1.02e-07	60.5
Pantherophis_obsoletus_C9A	CM061348.1	583	48	536	583	241541164	241541021	52.083	2.65e-07	59.3
Pantherophis_obsoletus_C9A	CM061348.1	583	60	517	575	241470645	241470824	43.333	3.66e-07	58.9
Pantherophis_obsoletus_C9A	CM061348.1	583	100	277	376	241498404	241498700	30.000	7.23e-07	57.8
Pantherophis_obsoletus_C9A	CM061348.1	583	50	535	583	241508357	241508506	52.000	2.32e-06	56.2
Pantherophis_obsoletus_C9A	CM061348.1	583	79	277	355	241461724	241461960	31.646	2.97e-06	55.8
Pantherophis_obsoletus_C9A	CM061348.1	583	69	457	525	241467014	241467217	43.478	3.13e-06	55.8
Pantherophis_obsoletus_C9A	CM061348.1	583	59	525	583	242180818	242180994	57.627	4.78e-06	55.1
Pantherophis_obsoletus_C9A	CM061350.1	583	51	530	580	140309888	140310040	56.863	3.91e-10	68.6
Pantherophis_obsoletus_C9A	CM061350.1	583	82	277	358	140300138	140300383	35.366	2.08e-09	66.2
Pantherophis_obsoletus_C9A	CM061350.1	583	82	274	355	140350074	140349829	36.585	1.32e-08	63.5
Pantherophis_obsoletus_C9A	CM061350.1	583	47	537	583	140330248	140330108	46.809	1.56e-06	56.6
Pantherophis_obsoletus_C9A	CM061350.1	583	80	445	523	140332838	140332599	33.750	2.55e-06	56.2
Pantherophis_obsoletus_C9A	CM061351.1	583	231	297	516	100637282	100637914	25.108	3.97e-10	68.6
Pantherophis_obsoletus_C9A	CM061351.1	583	232	298	516	100649575	100650216	27.155	3.85e-09	65.1
Pantherophis_obsoletus_C9A	CM061351.1	583	224	298	516	103290418	103289810	24.554	3.76e-08	62.0
Bothrops_jararaca_C9A	CM061348.1	583	86	453	538	242179209	242179466	77.907	1.40e-35	148
Bothrops_jararaca_C9A	CM061348.1	583	81	274	354	242170901	242171143	82.716	5.96e-35	146
Bothrops_jararaca_C9A	CM061348.1	583	75	199	273	242168366	242168590	68.000	2.84e-22	107
Bothrops_jararaca_C9A	CM061348.1	583	68	396	463	242177763	242177966	69.118	7.72e-21	102
Bothrops_jararaca_C9A	CM061348.1	583	50	107	156	242164989	242165138	88.000	1.29e-18	95.9
Bothrops_jararaca_C9A	CM061348.1	583	71	157	227	242166918	242167130	57.746	1.50e-16	89.4
Bothrops_jararaca_C9A	CM061348.1	583	51	57	107	242163934	242164086	68.627	4.75e-14	81.3
Bothrops_jararaca_C9A	CM061348.1	583	42	26	67	242162987	242163112	61.905	1.17e-08	63.5
Bothrops_jararaca_C9A	CM061348.1	583	59	525	583	242180818	242180994	62.712	9.85e-08	60.8
Bothrops_jararaca_C9A	CM061348.1	583	48	536	583	241541164	241541021	54.167	1.44e-07	60.1
Bothrops_jararaca_C9A	CM061348.1	583	42	354	395	242175091	242175216	61.905	7.48e-07	57.8
Bothrops_jararaca_C9A	CM061348.1	583	82	274	355	241461715	241461960	31.707	1.71e-06	56.6
Bothrops_jararaca_C9A	CM061348.1	583	116	277	392	241498404	241498730	25.862	3.37e-06	55.8
Bothrops_jararaca_C9A	CM061348.1	583	58	519	575	241470651	241470824	43.103	6.02e-06	55.1
Bothrops_jararaca_C9A	CM061348.1	583	50	535	583	241508357	241508506	54.000	6.90e-06	54.7
Bothrops_jararaca_C9A	CM061350.1	583	50	530	579	140309888	140310037	56.000	6.30e-10	67.8
Bothrops_jararaca_C9A	CM061350.1	583	82	274	355	140350074	140349829	35.366	6.16e-08	61.2
Bothrops_jararaca_C9A	CM061350.1	583	47	537	583	140330248	140330108	53.191	6.94e-08	61.2
Bothrops_jararaca_C9A	CM061350.1	583	79	277	355	140300138	140300374	34.177	1.35e-07	60.1
Bothrops_jararaca_C9A	CM061351.1	583	229	297	514	100637282	100637908	24.454	9.60e-08	60.8
Bothrops_jararaca_C9A	CM061351.1	583	235	284	514	103290457	103289816	26.383	1.50e-07	60.1
Bothrops_jararaca_C9A	CM061351.1	583	230	298	514	100649575	100650210	25.217	9.57e-07	57.4
Ptyas_mucosa_C9A	CM061348.1	583	81	274	354	242170901	242171143	83.951	1.17e-35	149
Ptyas_mucosa_C9A	CM061348.1	583	86	453	538	242179209	242179466	73.256	2.04e-32	139
Ptyas_mucosa_C9A	CM061348.1	583	67	397	463	242177766	242177966	70.149	5.27e-20	100
Ptyas_mucosa_C9A	CM061348.1	583	50	107	156	242164989	242165138	90.000	2.11e-19	98.2
Ptyas_mucosa_C9A	CM061348.1	583	75	198	272	242168363	242168587	62.667	3.01e-19	97.8
Ptyas_mucosa_C9A	CM061348.1	583	71	157	227	242166918	242167130	53.521	5.02e-15	84.3
Ptyas_mucosa_C9A	CM061348.1	583	51	57	107	242163934	242164086	62.745	1.32e-11	73.2
Ptyas_mucosa_C9A	CM061348.1	583	42	26	67	242162987	242163112	66.667	4.38e-09	65.1
Ptyas_mucosa_C9A	CM061348.1	583	48	536	583	241541164	241541021	54.167	4.57e-08	61.6
Ptyas_mucosa_C9A	CM061348.1	583	111	266	376	241498377	241498700	30.631	6.58e-07	58.2
Ptyas_mucosa_C9A	CM061348.1	583	82	274	355	241461715	241461960	31.707	3.37e-06	55.8
Ptyas_mucosa_C9A	CM061348.1	583	78	457	534	241545547	241545323	41.026	3.93e-06	55.5
Ptyas_mucosa_C9A	CM061348.1	583	48	529	575	241470681	241470824	52.083	6.12e-06	54.7
Ptyas_mucosa_C9A	CM061348.1	583	50	535	583	241508357	241508506	52.000	9.37e-06	54.3
Ptyas_mucosa_C9A	CM061350.1	583	82	274	355	140350074	140349829	36.585	7.96e-09	64.3
Ptyas_mucosa_C9A	CM061350.1	583	82	277	358	140300138	140300383	34.146	1.64e-08	63.2
Ptyas_mucosa_C9A	CM061350.1	583	50	530	579	140309888	140310037	52.000	6.42e-07	58.2
Ptyas_mucosa_C9A	CM061350.1	583	80	445	523	140332838	140332599	33.750	5.39e-06	55.1
Ptyas_mucosa_C9A	CM061351.1	583	233	298	514	100649575	100650210	27.897	6.06e-08	61.2
Ptyas_mucosa_C9A	CM061351.1	583	229	297	514	100637282	100637908	25.328	7.00e-08	61.2
Vipera_berus_C9A	CM061348.1	583	86	453	538	242179209	242179466	75.581	2.16e-34	145
Vipera_berus_C9A	CM061348.1	583	79	276	354	242170907	242171143	82.278	7.27e-33	140
Vipera_berus_C9A	CM061348.1	583	68	396	463	242177763	242177966	72.059	2.97e-22	107
Vipera_berus_C9A	CM061348.1	583	77	199	275	242168366	242168596	63.636	7.34e-20	99.8
Vipera_berus_C9A	CM061348.1	583	50	107	156	242164989	242165138	88.000	2.28e-18	95.1
Vipera_berus_C9A	CM061348.1	583	71	157	227	242166918	242167130	56.338	2.27e-16	88.6
Vipera_berus_C9A	CM061348.1	583	51	57	107	242163934	242164086	66.667	5.73e-13	77.8
Vipera_berus_C9A	CM061348.1	583	42	26	67	242162987	242163112	69.048	1.62e-10	69.7
Vipera_berus_C9A	CM061348.1	583	60	338	395	242175037	242175216	51.667	1.04e-07	60.5
Vipera_berus_C9A	CM061348.1	583	59	525	583	242180818	242180994	62.712	1.57e-07	60.1
Vipera_berus_C9A	CM061348.1	583	48	536	583	241541164	241541021	54.167	2.31e-07	59.3
Vipera_berus_C9A	CM061348.1	583	82	274	355	241461715	241461960	32.927	4.23e-07	58.5
Vipera_berus_C9A	CM061348.1	583	69	457	525	241545547	241545344	40.580	1.13e-06	57.4
Vipera_berus_C9A	CM061348.1	583	78	266	343	241498377	241498604	34.615	2.19e-06	56.2
Vipera_berus_C9A	CM061350.1	583	50	530	579	140309888	140310037	58.000	7.05e-10	67.8
Vipera_berus_C9A	CM061350.1	583	84	274	357	140300129	140300380	34.524	2.50e-08	62.8
Vipera_berus_C9A	CM061350.1	583	47	537	583	140330248	140330108	55.319	4.57e-08	61.6
Vipera_berus_C9A	CM061350.1	583	79	277	355	140350065	140349829	34.177	3.75e-07	58.9
Vipera_berus_C9A	CM061351.1	583	237	284	514	103290457	103289816	26.160	4.09e-09	65.1
Vipera_berus_C9A	CM061351.1	583	229	297	514	100637282	100637908	24.891	5.20e-09	64.7
Vipera_berus_C9A	CM061351.1	583	242	286	514	100649545	100650210	25.207	3.85e-07	58.9
Sceloporus_undulatus_C9A	CM061348.1	591	76	463	538	242179227	242179454	73.684	2.89e-29	129
Sceloporus_undulatus_C9A	CM061348.1	591	78	281	358	242170910	242171143	62.821	1.71e-24	114
Sceloporus_undulatus_C9A	CM061348.1	591	71	150	220	242166900	242167112	47.887	3.90e-12	75.1
Sceloporus_undulatus_C9A	CM061348.1	591	68	400	467	242177763	242177966	51.471	1.10e-11	73.6
Sceloporus_undulatus_C9A	CM061348.1	591	66	523	587	241470651	241470848	48.485	1.44e-09	66.6
Sceloporus_undulatus_C9A	CM061348.1	591	52	57	107	242163934	242164089	55.769	1.18e-08	63.5
Sceloporus_undulatus_C9A	CM061348.1	591	52	540	591	241541164	241541009	51.923	1.23e-08	63.5
Sceloporus_undulatus_C9A	CM061348.1	591	50	106	155	242164989	242165138	58.000	2.47e-08	62.8
Sceloporus_undulatus_C9A	CM061348.1	591	79	281	359	241461724	241461960	36.709	2.91e-08	62.4
Sceloporus_undulatus_C9A	CM061348.1	591	42	539	579	241508357	241508482	69.048	3.54e-08	62.0
Sceloporus_undulatus_C9A	CM061348.1	591	83	194	276	242168354	242168587	39.759	1.03e-07	60.8
Sceloporus_undulatus_C9A	CM061348.1	591	69	463	531	241545541	241545338	42.029	6.97e-07	58.2
Sceloporus_undulatus_C9A	CM061348.1	591	96	277	372	241498392	241498676	30.208	8.40e-07	57.8
Sceloporus_undulatus_C9A	CM061348.1	591	48	25	72	242162984	242163124	52.083	3.45e-06	55.8
Sceloporus_undulatus_C9A	CM061350.1	591	51	534	584	140309888	140310040	52.941	2.86e-09	65.9
Sceloporus_undulatus_C9A	CM061350.1	591	90	270	359	140300120	140300374	32.222	2.78e-07	59.3
Sceloporus_undulatus_C9A	CM061350.1	591	47	541	587	140330248	140330108	51.064	5.93e-07	58.2
Sceloporus_undulatus_C9A	CM061350.1	591	80	449	527	140332838	140332599	33.750	2.22e-06	56.2
Sceloporus_undulatus_C9A	CM061351.1	591	221	302	520	103290418	103289810	24.887	7.89e-09	64.3
Sceloporus_undulatus_C9A	CM061351.1	591	225	301	520	100637282	100637914	25.778	1.13e-08	63.9
Sceloporus_undulatus_C9A	CM061351.1	591	62	534	591	898187	898372	43.548	1.46e-06	57.0
Anolis_carolinensis_C9B	CM061348.1	538	75	280	354	242170907	242171131	66.667	2.03e-25	116
Anolis_carolinensis_C9B	CM061348.1	538	67	463	529	242179227	242179427	68.657	1.82e-22	107
Anolis_carolinensis_C9B	CM061348.1	538	55	406	460	242177781	242177945	58.182	1.53e-12	75.9
Anolis_carolinensis_C9B	CM061348.1	538	65	156	220	242166918	242167112	49.231	1.45e-11	72.8
Anolis_carolinensis_C9B	CM061348.1	538	50	106	155	242164989	242165138	62.000	2.87e-09	65.5
Anolis_carolinensis_C9B	CM061348.1	538	70	463	532	241545541	241545335	44.286	9.13e-09	63.9
Anolis_carolinensis_C9B	CM061348.1	538	101	176	276	242168324	242168587	37.624	1.12e-08	63.5
Anolis_carolinensis_C9B	CM061348.1	538	97	281	369	241461724	241462014	36.082	1.96e-08	62.8
Anolis_carolinensis_C9B	CM061348.1	538	52	57	107	242163934	242164089	53.846	7.69e-08	60.8
Anolis_carolinensis_C9B	CM061348.1	538	92	281	372	241498404	241498676	32.609	5.49e-07	58.2
Anolis_carolinensis_C9B	CM061348.1	538	52	25	76	242162984	242163136	46.154	2.90e-06	55.8
Anolis_carolinensis_C9B	CM061351.1	538	223	301	518	100637282	100637908	26.457	1.30e-08	63.2
Anolis_carolinensis_C9B	CM061351.1	538	237	290	518	103290451	103289816	26.160	2.95e-08	62.0
Anolis_carolinensis_C9B	CM061350.1	538	87	270	356	140300120	140300365	34.483	2.92e-08	62.4
Anolis_carolinensis_C9B	CM061350.1	538	75	281	355	140350065	140349841	36.000	6.15e-08	61.2
Hydrophis_cyanocinctus_C9B	CM061348.1	582	81	273	353	242170901	242171143	86.420	1.14e-36	151
Hydrophis_cyanocinctus_C9B	CM061348.1	582	80	452	531	242179209	242179448	73.750	6.57e-30	131
Hydrophis_cyanocinctus_C9B	CM061348.1	582	96	176	271	242168324	242168587	53.125	7.53e-21	102
Hydrophis_cyanocinctus_C9B	CM061348.1	582	50	106	155	242164989	242165138	90.000	1.19e-19	99.0
Hydrophis_cyanocinctus_C9B	CM061348.1	582	104	397	498	242177769	242178056	47.115	3.58e-17	91.3
Hydrophis_cyanocinctus_C9B	CM061348.1	582	71	156	226	242166918	242167130	53.521	5.57e-14	80.9
Hydrophis_cyanocinctus_C9B	CM061348.1	582	50	57	106	242163937	242164086	64.000	3.12e-12	75.1
Hydrophis_cyanocinctus_C9B	CM061348.1	582	69	456	524	241545547	241545344	43.478	7.22e-08	61.2
Hydrophis_cyanocinctus_C9B	CM061348.1	582	48	535	582	241541164	241541021	52.083	5.78e-07	58.2
Hydrophis_cyanocinctus_C9B	CM061348.1	582	74	456	529	241467014	241467232	40.541	2.09e-06	56.2
Hydrophis_cyanocinctus_C9B	CM061348.1	582	55	529	582	241470684	241470848	45.455	4.53e-06	55.5
Hydrophis_cyanocinctus_C9B	CM061350.1	582	82	276	357	140300138	140300383	36.585	4.26e-09	65.1
Hydrophis_cyanocinctus_C9B	CM061350.1	582	50	529	578	140309888	140310037	52.000	2.73e-08	62.4
Hydrophis_cyanocinctus_C9B	CM061350.1	582	82	273	354	140350074	140349829	34.146	3.58e-07	58.9
Hydrophis_cyanocinctus_C9B	CM061350.1	582	86	444	528	140332838	140332581	33.721	3.22e-06	55.8
Hydrophis_cyanocinctus_C9B	CM061350.1	582	47	536	582	140330248	140330108	46.809	3.92e-06	55.5
Hydrophis_cyanocinctus_C9B	CM061351.1	582	232	297	514	100649575	100650213	26.293	5.42e-06	55.1
Hydrophis_cyanocinctus_C9B	CM061351.1	582	67	297	363	103290418	103290218	38.806	9.42e-06	54.3
Bothrops_jararaca_C9B	CM061348.1	583	86	453	538	242179209	242179466	77.907	1.73e-35	148
Bothrops_jararaca_C9B	CM061348.1	583	81	274	354	242170901	242171143	82.716	6.13e-35	146
Bothrops_jararaca_C9B	CM061348.1	583	78	196	273	242168357	242168590	64.103	7.45e-22	105
Bothrops_jararaca_C9B	CM061348.1	583	68	396	463	242177763	242177966	69.118	2.06e-21	104
Bothrops_jararaca_C9B	CM061348.1	583	50	107	156	242164989	242165138	92.000	7.09e-20	99.8
Bothrops_jararaca_C9B	CM061348.1	583	47	157	203	242166918	242167058	78.723	2.72e-16	88.2
Bothrops_jararaca_C9B	CM061348.1	583	51	57	107	242163934	242164086	70.588	1.33e-14	82.8
Bothrops_jararaca_C9B	CM061348.1	583	42	26	67	242162987	242163112	64.286	6.77e-09	64.3
Bothrops_jararaca_C9B	CM061348.1	583	59	525	583	242180818	242180994	61.017	3.98e-07	58.5
Bothrops_jararaca_C9B	CM061348.1	583	48	536	583	241541164	241541021	52.083	6.47e-07	58.2
Bothrops_jararaca_C9B	CM061348.1	583	42	354	395	242175091	242175216	61.905	1.08e-06	57.4
Bothrops_jararaca_C9B	CM061348.1	583	82	274	355	241461715	241461960	31.707	1.74e-06	56.6
Bothrops_jararaca_C9B	CM061348.1	583	126	277	402	241498404	241498778	25.397	1.74e-06	56.6
Bothrops_jararaca_C9B	CM061348.1	583	48	529	575	241470681	241470824	50.000	7.83e-06	54.7
Bothrops_jararaca_C9B	CM061348.1	583	50	535	583	241508357	241508506	54.000	9.13e-06	54.3
Bothrops_jararaca_C9B	CM061350.1	583	50	530	579	140309888	140310037	56.000	6.36e-10	67.8
Bothrops_jararaca_C9B	CM061350.1	583	47	537	583	140330248	140330108	53.191	1.54e-08	63.2
Bothrops_jararaca_C9B	CM061350.1	583	90	266	355	140300120	140300374	33.333	5.20e-08	61.6
Bothrops_jararaca_C9B	CM061350.1	583	82	274	355	140350074	140349829	35.366	6.27e-08	61.2
Bothrops_jararaca_C9B	CM061351.1	583	229	297	514	100637282	100637908	24.891	2.77e-08	62.4
Bothrops_jararaca_C9B	CM061351.1	583	235	284	514	103290457	103289816	26.383	5.52e-08	61.6
Bothrops_jararaca_C9B	CM061351.1	583	230	298	514	100649575	100650210	25.652	2.45e-07	59.3
Laticauda_colubrina_C9B	CM061348.1	583	79	276	354	242170907	242171143	84.810	2.10e-35	148
Laticauda_colubrina_C9B	CM061348.1	583	80	453	532	242179209	242179448	75.000	1.73e-30	132
Laticauda_colubrina_C9B	CM061348.1	583	50	107	156	242164989	242165138	86.000	5.58e-18	93.6
Laticauda_colubrina_C9B	CM061348.1	583	73	199	271	242168366	242168584	61.644	7.30e-18	93.6
Laticauda_colubrina_C9B	CM061348.1	583	66	398	463	242177769	242177966	65.152	2.68e-17	91.7
Laticauda_colubrina_C9B	CM061348.1	583	71	157	227	242166918	242167130	54.930	8.79e-15	83.6
Laticauda_colubrina_C9B	CM061348.1	583	50	58	107	242163937	242164086	64.000	5.42e-12	74.3
Laticauda_colubrina_C9B	CM061348.1	583	94	440	525	241545622	241545344	37.234	5.76e-08	61.6
Laticauda_colubrina_C9B	CM061348.1	583	79	277	355	241461724	241461960	32.911	3.95e-07	58.9
Laticauda_colubrina_C9B	CM061348.1	583	87	257	343	241498386	241498604	33.333	1.71e-06	56.6
Laticauda_colubrina_C9B	CM061348.1	583	56	529	583	241470681	241470848	48.214	1.72e-06	56.6
Laticauda_colubrina_C9B	CM061348.1	583	38	26	63	242162987	242163100	65.789	2.66e-06	56.2
Laticauda_colubrina_C9B	CM061348.1	583	46	538	583	241541158	241541021	50.000	9.21e-06	54.3
Laticauda_colubrina_C9B	CM061350.1	583	90	274	362	140300129	140300398	35.556	1.08e-08	63.9
Laticauda_colubrina_C9B	CM061350.1	583	50	530	579	140309888	140310037	52.000	4.42e-08	62.0
Laticauda_colubrina_C9B	CM061350.1	583	79	277	355	140350065	140349829	31.646	3.33e-07	58.9
Laticauda_colubrina_C9B	CM061351.1	583	220	298	514	103290418	103289816	24.545	3.66e-08	62.0
Laticauda_colubrina_C9B	CM061351.1	583	223	297	514	100637282	100637908	23.318	4.34e-07	58.5
Laticauda_colubrina_C9B	CM061351.1	583	225	298	515	100649575	100650213	25.333	7.48e-07	57.8
Pseudonaja_textilis_C9B	CM061348.1	583	80	275	354	242170904	242171143	86.250	3.10e-36	150
Pseudonaja_textilis_C9B	CM061348.1	583	80	453	532	242179209	242179448	76.250	5.67e-31	134
Pseudonaja_textilis_C9B	CM061348.1	583	50	107	156	242164989	242165138	92.000	4.62e-20	100
Pseudonaja_textilis_C9B	CM061348.1	583	68	396	463	242177763	242177966	67.647	5.49e-19	97.1
Pseudonaja_textilis_C9B	CM061348.1	583	74	199	272	242168366	242168587	58.108	5.35e-17	90.5
Pseudonaja_textilis_C9B	CM061348.1	583	70	157	226	242166918	242167127	57.143	2.18e-15	85.5
Pseudonaja_textilis_C9B	CM061348.1	583	51	57	107	242163934	242164086	64.706	7.29e-13	77.4
Pseudonaja_textilis_C9B	CM061348.1	583	93	441	525	241545619	241545344	37.634	1.67e-08	63.2
Pseudonaja_textilis_C9B	CM061348.1	583	38	26	63	242162987	242163100	71.053	1.55e-07	60.1
Pseudonaja_textilis_C9B	CM061348.1	583	48	536	583	241541164	241541021	52.083	2.33e-07	59.3
Pseudonaja_textilis_C9B	CM061348.1	583	55	530	583	241470684	241470848	45.455	4.91e-06	55.1
Pseudonaja_textilis_C9B	CM061348.1	583	78	277	354	241461724	241461957	30.769	6.28e-06	54.7
Pseudonaja_textilis_C9B	CM061348.1	583	69	457	525	241467014	241467217	42.029	7.64e-06	54.7
Pseudonaja_textilis_C9B	CM061348.1	583	59	527	583	241508330	241508506	47.458	8.98e-06	54.3
Pseudonaja_textilis_C9B	CM061350.1	583	93	266	358	140300120	140300383	34.409	1.67e-09	66.6
Pseudonaja_textilis_C9B	CM061350.1	583	50	530	579	140309888	140310037	54.000	2.23e-08	62.8
Pseudonaja_textilis_C9B	CM061350.1	583	79	277	355	140350065	140349829	32.911	1.66e-07	60.1
Pseudonaja_textilis_C9B	CM061350.1	583	47	537	583	140330248	140330108	46.809	4.16e-07	58.5
Pseudonaja_textilis_C9B	CM061351.1	583	229	297	514	100637282	100637908	24.891	4.98e-08	61.6
Pseudonaja_textilis_C9B	CM061351.1	583	222	298	514	103290418	103289816	27.477	1.74e-07	60.1
Pseudonaja_textilis_C9B	CM061351.1	583	231	298	515	100649575	100650213	25.541	3.29e-06	55.8
Notechis_scutatus_C9B	CM061348.1	583	79	276	354	242170907	242171143	83.544	2.67e-34	144
Notechis_scutatus_C9B	CM061348.1	583	82	451	532	242179203	242179448	76.829	8.70e-32	137
Notechis_scutatus_C9B	CM061348.1	583	74	199	272	242168366	242168587	67.568	1.53e-21	105
Notechis_scutatus_C9B	CM061348.1	583	50	107	156	242164989	242165138	90.000	1.18e-19	99.0
Notechis_scutatus_C9B	CM061348.1	583	66	398	463	242177769	242177966	63.636	4.20e-17	90.9
Notechis_scutatus_C9B	CM061348.1	583	71	157	227	242166918	242167130	54.930	5.72e-15	84.0
Notechis_scutatus_C9B	CM061348.1	583	50	58	107	242163937	242164086	66.000	1.07e-12	76.6
Notechis_scutatus_C9B	CM061348.1	583	69	457	525	241545547	241545344	43.478	9.04e-08	60.8
Notechis_scutatus_C9B	CM061348.1	583	48	536	583	241541164	241541021	52.083	6.31e-07	58.2
Notechis_scutatus_C9B	CM061348.1	583	38	26	63	242162987	242163100	65.789	2.50e-06	56.2
Notechis_scutatus_C9B	CM061348.1	583	55	530	583	241470684	241470848	45.455	4.25e-06	55.5
Notechis_scutatus_C9B	CM061348.1	583	79	277	355	241498404	241498640	30.380	6.95e-06	54.7
Notechis_scutatus_C9B	CM061348.1	583	69	457	525	241467014	241467217	42.029	9.77e-06	54.3
Notechis_scutatus_C9B	CM061350.1	583	85	274	358	140300129	140300383	35.294	3.22e-09	65.5
Notechis_scutatus_C9B	CM061350.1	583	50	530	579	140309888	140310037	52.000	2.89e-08	62.4
Notechis_scutatus_C9B	CM061350.1	583	79	277	355	140350065	140349829	31.646	7.80e-07	57.8
Notechis_scutatus_C9B	CM061350.1	583	47	537	583	140330248	140330108	46.809	4.10e-06	55.5
Notechis_scutatus_C9B	CM061351.1	583	237	298	529	103290418	103289765	24.051	4.45e-07	58.5
Notechis_scutatus_C9B	CM061351.1	583	229	297	514	100637282	100637908	24.891	5.65e-07	58.2
Notechis_scutatus_C9B	CM061351.1	583	232	298	515	100649575	100650213	27.155	1.92e-06	56.6
Pituophis_catenifer_C9B	CM061348.1	583	79	456	534	242179218	242179454	79.747	5.17e-34	144
Pituophis_catenifer_C9B	CM061348.1	583	77	277	353	242170910	242171140	80.519	2.20e-31	135
Pituophis_catenifer_C9B	CM061348.1	583	50	107	156	242164989	242165138	86.000	1.18e-17	92.8
Pituophis_catenifer_C9B	CM061348.1	583	92	157	247	242166918	242167193	52.174	1.34e-17	92.4
Pituophis_catenifer_C9B	CM061348.1	583	60	404	463	242177787	242177966	71.667	3.44e-17	91.3
Pituophis_catenifer_C9B	CM061348.1	583	51	57	107	242163934	242164086	58.824	1.28e-10	70.1
Pituophis_catenifer_C9B	CM061348.1	583	79	198	272	242168363	242168587	46.835	3.84e-10	68.6
Pituophis_catenifer_C9B	CM061348.1	583	59	525	583	242180818	242180994	67.797	7.37e-09	64.3
Pituophis_catenifer_C9B	CM061348.1	583	42	26	67	242162987	242163112	61.905	2.79e-08	62.4
Pituophis_catenifer_C9B	CM061348.1	583	69	457	525	241545547	241545344	42.029	2.66e-06	56.2
Pituophis_catenifer_C9B	CM061348.1	583	69	457	525	241467014	241467217	43.478	3.29e-06	55.8
Pituophis_catenifer_C9B	CM061348.1	583	40	355	394	242175094	242175213	65.000	3.77e-06	55.5
Pituophis_catenifer_C9B	CM061351.1	583	227	298	514	100649575	100650210	29.515	4.23e-09	65.1
Pituophis_catenifer_C9B	CM061351.1	583	229	297	514	100637282	100637908	24.891	7.50e-09	64.3
Pituophis_catenifer_C9B	CM061351.1	583	224	298	514	103290418	103289816	24.107	1.34e-08	63.5
Pituophis_catenifer_C9B	CM061350.1	583	76	277	352	140350065	140349838	38.158	9.12e-08	60.8
Pituophis_catenifer_C9B	CM061350.1	583	47	537	583	140330248	140330108	55.319	1.19e-07	60.5
Pituophis_catenifer_C9B	CM061350.1	583	50	530	579	140309888	140310037	52.000	2.69e-07	59.3
Pituophis_catenifer_C9B	CM061350.1	583	86	273	358	140300126	140300383	32.558	3.36e-07	58.9
Pituophis_catenifer_C9B	CM061350.1	583	80	445	523	140332838	140332599	35.000	3.61e-06	55.5
Pantherophis_obsoletus_C9B	CM061348.1	583	79	276	354	242170907	242171143	81.013	5.25e-33	140
Pantherophis_obsoletus_C9B	CM061348.1	583	79	456	534	242179218	242179454	75.949	2.11e-30	132
Pantherophis_obsoletus_C9B	CM061348.1	583	50	107	156	242164989	242165138	86.000	1.28e-17	92.4
Pantherophis_obsoletus_C9B	CM061348.1	583	92	157	247	242166918	242167193	52.174	1.71e-17	92.0
Pantherophis_obsoletus_C9B	CM061348.1	583	63	401	463	242177778	242177966	69.841	1.96e-17	92.0
Pantherophis_obsoletus_C9B	CM061348.1	583	51	57	107	242163934	242164086	62.745	1.28e-11	73.2
Pantherophis_obsoletus_C9B	CM061348.1	583	78	198	275	242168363	242168596	46.154	3.00e-10	68.9
Pantherophis_obsoletus_C9B	CM061348.1	583	42	26	67	242162987	242163112	71.429	1.22e-09	67.0
Pantherophis_obsoletus_C9B	CM061348.1	583	59	525	583	242180818	242180994	66.102	1.39e-08	63.5
Pantherophis_obsoletus_C9B	CM061348.1	583	42	354	395	242175091	242175216	64.286	1.00e-07	60.8
Pantherophis_obsoletus_C9B	CM061348.1	583	122	255	376	241498380	241498700	29.508	4.84e-07	58.5
Pantherophis_obsoletus_C9B	CM061348.1	583	69	457	525	241545547	241545344	39.130	5.46e-07	58.2
Pantherophis_obsoletus_C9B	CM061348.1	583	82	274	355	241461715	241461960	32.927	1.10e-06	57.4
Pantherophis_obsoletus_C9B	CM061348.1	583	73	457	529	241467014	241467229	39.726	3.77e-06	55.5
Pantherophis_obsoletus_C9B	CM061350.1	583	85	274	358	140300129	140300383	34.118	2.93e-09	65.5
Pantherophis_obsoletus_C9B	CM061350.1	583	82	274	355	140350074	140349829	36.585	7.06e-09	64.3
Pantherophis_obsoletus_C9B	CM061350.1	583	47	537	583	140330248	140330108	57.447	7.69e-08	61.2
Pantherophis_obsoletus_C9B	CM061350.1	583	50	530	579	140309888	140310037	50.000	7.11e-07	57.8
Pantherophis_obsoletus_C9B	CM061350.1	583	80	445	523	140332838	140332599	36.250	1.89e-06	56.6
Pantherophis_obsoletus_C9B	CM061351.1	583	314	220	514	100649341	100650210	25.159	1.39e-08	63.5
Pantherophis_obsoletus_C9B	CM061351.1	583	229	297	514	100637282	100637908	24.017	3.14e-08	62.4
Pantherophis_obsoletus_C9B	CM061351.1	583	218	298	514	103290418	103289816	24.771	3.31e-08	62.4
Crotalus_tigris_C9B	CM061348.1	583	86	453	538	242179209	242179466	73.256	5.06e-33	140
Crotalus_tigris_C9B	CM061348.1	583	78	276	353	242170907	242171140	79.487	3.47e-32	138
Crotalus_tigris_C9B	CM061348.1	583	63	401	463	242177778	242177966	73.016	5.75e-20	100
Crotalus_tigris_C9B	CM061348.1	583	50	107	156	242164989	242165138	88.000	3.29e-18	94.4
Crotalus_tigris_C9B	CM061348.1	583	71	157	227	242166918	242167130	56.338	4.77e-16	87.4
Crotalus_tigris_C9B	CM061348.1	583	79	195	273	242168354	242168590	50.633	2.56e-13	79.0
Crotalus_tigris_C9B	CM061348.1	583	51	57	107	242163934	242164086	66.667	1.15e-12	76.6
Crotalus_tigris_C9B	CM061348.1	583	59	525	583	242180818	242180994	64.407	1.55e-08	63.2
Crotalus_tigris_C9B	CM061348.1	583	93	441	525	241545619	241545344	35.484	1.66e-07	60.1
Crotalus_tigris_C9B	CM061348.1	583	42	26	67	242162987	242163112	61.905	2.71e-07	59.3
Crotalus_tigris_C9B	CM061351.1	583	224	298	514	100649575	100650210	26.786	1.76e-08	63.2
Crotalus_tigris_C9B	CM061351.1	583	220	298	514	103290418	103289816	26.364	2.54e-08	62.8
Crotalus_tigris_C9B	CM061351.1	583	223	297	514	100637282	100637908	25.112	1.64e-07	60.1
Crotalus_tigris_C9B	CM061350.1	583	47	537	583	140330248	140330108	55.319	2.89e-08	62.4
Crotalus_tigris_C9B	CM061350.1	583	74	277	350	140350065	140349844	36.486	2.71e-07	59.3
Crotalus_tigris_C9B	CM061350.1	583	50	530	579	140309888	140310037	48.000	1.61e-06	56.6
Ptyas_mucosa_C9B	CM061348.1	583	84	277	360	242170910	242171161	76.190	1.47e-31	136
Ptyas_mucosa_C9B	CM061348.1	583	79	456	534	242179218	242179454	74.684	1.99e-29	129
Ptyas_mucosa_C9B	CM061348.1	583	92	157	247	242166918	242167193	51.087	5.99e-17	90.5
Ptyas_mucosa_C9B	CM061348.1	583	50	107	156	242164989	242165138	84.000	6.59e-17	90.5
Ptyas_mucosa_C9B	CM061348.1	583	57	401	457	242177778	242177948	73.684	2.23e-16	88.6
Ptyas_mucosa_C9B	CM061348.1	583	51	57	107	242163934	242164086	60.784	3.39e-11	72.0
Ptyas_mucosa_C9B	CM061348.1	583	79	198	272	242168363	242168587	46.835	3.44e-10	68.6
Ptyas_mucosa_C9B	CM061348.1	583	59	525	583	242180818	242180994	66.102	2.25e-08	62.8
Ptyas_mucosa_C9B	CM061348.1	583	41	32	70	242163005	242163127	63.415	1.56e-06	56.6
Ptyas_mucosa_C9B	CM061348.1	583	59	467	525	241545520	241545344	40.678	3.29e-06	55.8
Ptyas_mucosa_C9B	CM061348.1	583	70	460	529	241467023	241467229	41.429	4.51e-06	55.5
Ptyas_mucosa_C9B	CM061348.1	583	65	525	583	241541215	241541021	41.538	5.67e-06	55.1
Ptyas_mucosa_C9B	CM061350.1	583	47	537	583	140330248	140330108	55.319	1.33e-08	63.5
Ptyas_mucosa_C9B	CM061350.1	583	76	277	352	140350065	140349838	38.158	9.93e-08	60.8
Ptyas_mucosa_C9B	CM061350.1	583	91	273	362	140300126	140300398	31.868	4.09e-07	58.5
Ptyas_mucosa_C9B	CM061350.1	583	80	445	523	140332838	140332599	35.000	9.13e-06	54.3
Ptyas_mucosa_C9B	CM061351.1	583	218	298	514	103290418	103289816	27.064	5.52e-08	61.6
Ptyas_mucosa_C9B	CM061351.1	583	224	298	514	100649575	100650210	25.446	1.24e-06	57.0
Ptyas_mucosa_C9B	CM061351.1	583	223	297	514	100637282	100637908	22.870	2.70e-06	55.8
