# Correlophus_ciliatus DAB2/FYB1 anchors on JBBPXQ010000006.1:18691358-22708343 (sstart/send relative to region; add 18691357)
Anolis_carolinensis_DAB2	2039236	2038601	309
Anolis_carolinensis_DAB2	2035785	2035246	230
Anolis_carolinensis_DAB2	2045732	2045571	102
Anolis_carolinensis_DAB2	2050466	2050308	97.4
Anolis_carolinensis_DAB2	2046966	2046859	74.7
Anolis_carolinensis_DAB2	2037549	2037397	58.5
Anolis_carolinensis_DAB2	2033523	2033401	47.8
Anolis_carolinensis_DAB2	2051416	2051318	46.6
Anolis_carolinensis_FYB1	1978422	1977304	317
Anolis_carolinensis_FYB1	1960814	1960668	102
Anolis_carolinensis_FYB1	1939278	1939117	90.9
Anolis_carolinensis_FYB1	1958742	1958542	66.6
Anolis_carolinensis_FYB1	1954579	1954424	57.4
Thamnophis_elegans_DAB2	2039236	2038601	283
Thamnophis_elegans_DAB2	2035782	2035246	188
Thamnophis_elegans_DAB2	2045732	2045571	101
Thamnophis_elegans_DAB2	2050466	2050308	93.6
Thamnophis_elegans_DAB2	2046966	2046859	72.8
Thamnophis_elegans_DAB2	2037558	2037397	55.8
Thamnophis_elegans_FYB1	1978422	1977304	206
Thamnophis_elegans_FYB1	1960820	1960656	95.5
Thamnophis_elegans_FYB1	1939278	1939117	83.2
Thamnophis_elegans_FYB1	1958742	1958542	68.6
Thamnophis_elegans_FYB1	1954576	1954439	67.4
