Lacerta_agilis_C9A	BLBF01000010.1	589	78	279	356	17568238	17568005	71.795	4.56e-30	132
Lacerta_agilis_C9A	BLBF01000010.1	589	93	279	371	17509563	17509294	59.140	1.16e-29	130
Lacerta_agilis_C9A	BLBF01000010.1	589	74	461	534	17343410	17343189	68.919	1.76e-25	117
Lacerta_agilis_C9A	BLBF01000010.1	589	74	461	534	17552848	17552627	64.865	5.43e-24	113
Lacerta_agilis_C9A	BLBF01000010.1	589	49	154	202	17576740	17576594	69.388	1.34e-15	86.7
Lacerta_agilis_C9A	BLBF01000010.1	589	55	100	154	17578824	17578660	69.091	2.20e-14	82.8
Lacerta_agilis_C9A	BLBF01000010.1	589	47	155	201	17515185	17515045	68.085	1.29e-13	80.1
Lacerta_agilis_C9A	BLBF01000010.1	589	50	105	154	17516931	17516782	74.000	3.39e-13	79.0
Lacerta_agilis_C9A	BLBF01000010.1	589	56	403	458	17344790	17344623	60.714	6.68e-11	71.6
Lacerta_agilis_C9A	BLBF01000010.1	589	90	18	106	17518654	17518415	42.222	1.00e-08	64.3
Lacerta_agilis_C9A	BLBF01000010.1	589	51	56	105	17579886	17579734	54.902	1.53e-08	63.9
Lacerta_agilis_C9A	BLBF01000010.1	589	52	534	584	17548791	17548636	53.846	1.92e-08	63.5
Lacerta_agilis_C9A	BLBF01000010.1	589	56	403	458	17554280	17554113	50.000	3.73e-08	62.4
Lacerta_agilis_C9A	BLBF01000010.1	589	90	470	551	18395657	18395926	36.667	2.02e-07	60.1
Lacerta_agilis_C9A	BLBF01000010.1	589	70	519	584	17342338	17342129	44.286	9.11e-07	58.2
Lacerta_agilis_C9A	BLBF01000050.1	589	223	300	517	11474082	11474708	24.215	7.98e-09	64.7
Lacerta_agilis_C9A	BLBF01000050.1	589	228	297	518	13792732	13792118	21.930	9.34e-07	58.2
Lacerta_agilis_C9A	BLBF01000020.1	589	81	279	359	37276099	37275857	33.333	3.18e-08	62.8
Zootoca_vivipara_C9A	BLBF01000010.1	589	78	279	356	17568238	17568005	71.795	9.42e-30	131
Zootoca_vivipara_C9A	BLBF01000010.1	589	93	279	371	17509563	17509294	59.140	4.02e-29	129
Zootoca_vivipara_C9A	BLBF01000010.1	589	74	461	534	17343410	17343189	68.919	1.67e-25	118
Zootoca_vivipara_C9A	BLBF01000010.1	589	74	461	534	17552848	17552627	66.216	4.06e-24	113
Zootoca_vivipara_C9A	BLBF01000010.1	589	49	154	202	17576740	17576594	69.388	1.48e-15	86.7
Zootoca_vivipara_C9A	BLBF01000010.1	589	55	100	154	17578824	17578660	69.091	2.66e-14	82.4
Zootoca_vivipara_C9A	BLBF01000010.1	589	47	155	201	17515185	17515045	68.085	1.35e-13	80.1
Zootoca_vivipara_C9A	BLBF01000010.1	589	50	105	154	17516931	17516782	74.000	5.11e-13	78.2
Zootoca_vivipara_C9A	BLBF01000010.1	589	56	403	458	17344790	17344623	58.929	2.19e-10	69.7
Zootoca_vivipara_C9A	BLBF01000010.1	589	90	18	106	17518654	17518415	41.111	6.23e-09	65.1
Zootoca_vivipara_C9A	BLBF01000010.1	589	51	56	105	17579886	17579734	54.902	8.40e-09	64.7
Zootoca_vivipara_C9A	BLBF01000010.1	589	52	534	584	17548791	17548636	53.846	3.04e-08	62.8
Zootoca_vivipara_C9A	BLBF01000010.1	589	56	403	458	17554280	17554113	50.000	3.52e-08	62.8
Zootoca_vivipara_C9A	BLBF01000010.1	589	60	470	529	18395657	18395836	43.333	5.46e-07	58.9
Zootoca_vivipara_C9A	BLBF01000010.1	589	70	519	584	17342338	17342129	44.286	4.91e-06	55.5
Zootoca_vivipara_C9A	BLBF01000020.1	589	81	279	359	37276099	37275857	33.333	5.62e-08	62.0
Zootoca_vivipara_C9A	BLBF01000050.1	589	223	300	517	11474082	11474708	23.318	5.82e-08	62.0
Zootoca_vivipara_C9A	BLBF01000050.1	589	225	297	518	13792732	13792118	24.444	1.03e-06	57.8
Podarcis_muralis_C9A	BLBF01000010.1	589	79	278	356	17568241	17568005	70.886	7.40e-30	131
Podarcis_muralis_C9A	BLBF01000010.1	589	94	278	371	17509566	17509294	57.447	5.26e-29	129
Podarcis_muralis_C9A	BLBF01000010.1	589	74	461	534	17343410	17343189	66.216	1.77e-24	114
Podarcis_muralis_C9A	BLBF01000010.1	589	74	461	534	17552848	17552627	62.162	9.57e-23	109
Podarcis_muralis_C9A	BLBF01000010.1	589	49	154	202	17576740	17576594	69.388	1.22e-15	86.7
Podarcis_muralis_C9A	BLBF01000010.1	589	55	100	154	17578824	17578660	69.091	2.64e-14	82.4
Podarcis_muralis_C9A	BLBF01000010.1	589	47	155	201	17515185	17515045	68.085	1.29e-13	80.1
Podarcis_muralis_C9A	BLBF01000010.1	589	50	105	154	17516931	17516782	74.000	3.30e-13	79.0
Podarcis_muralis_C9A	BLBF01000010.1	589	51	56	105	17579886	17579734	56.863	6.39e-09	65.1
Podarcis_muralis_C9A	BLBF01000010.1	589	52	56	106	17518570	17518415	55.769	1.51e-08	63.9
Podarcis_muralis_C9A	BLBF01000010.1	589	54	405	458	17344784	17344623	57.407	1.84e-08	63.5
Podarcis_muralis_C9A	BLBF01000010.1	589	52	534	584	17548791	17548636	53.846	3.10e-08	62.8
Podarcis_muralis_C9A	BLBF01000010.1	589	90	470	551	18395657	18395926	34.444	3.49e-08	62.8
Podarcis_muralis_C9A	BLBF01000010.1	589	70	519	584	17342338	17342129	44.286	7.36e-07	58.2
Podarcis_muralis_C9A	BLBF01000010.1	589	55	404	458	17554277	17554113	47.273	1.39e-06	57.4
Podarcis_muralis_C9A	BLBF01000010.1	589	60	526	584	18397885	18398061	45.000	4.51e-06	55.8
Podarcis_muralis_C9A	BLBF01000020.1	589	81	279	359	37276099	37275857	32.099	1.60e-07	60.5
Podarcis_muralis_C9A	BLBF01000050.1	589	224	300	516	11474082	11474705	23.661	2.72e-07	59.7
Podarcis_muralis_C9A	BLBF01000050.1	589	225	297	518	13792732	13792118	23.556	2.87e-06	56.2
Anolis_carolinensis_C9A	BLBF01000010.1	591	81	457	537	17552866	17552624	64.198	5.30e-27	122
Anolis_carolinensis_C9A	BLBF01000010.1	591	81	457	537	17343428	17343186	62.963	2.72e-26	120
Anolis_carolinensis_C9A	BLBF01000010.1	591	79	280	358	17568241	17568005	63.291	2.32e-25	117
Anolis_carolinensis_C9A	BLBF01000010.1	591	107	280	381	17509566	17509255	51.402	6.76e-25	116
Anolis_carolinensis_C9A	BLBF01000010.1	591	55	148	202	17576761	17576597	63.636	5.81e-15	84.7
Anolis_carolinensis_C9A	BLBF01000010.1	591	47	156	202	17515185	17515045	70.213	1.17e-13	80.5
Anolis_carolinensis_C9A	BLBF01000010.1	591	50	106	155	17578809	17578660	68.000	3.57e-11	72.4
Anolis_carolinensis_C9A	BLBF01000010.1	591	50	106	155	17516931	17516782	64.000	3.08e-10	69.3
Anolis_carolinensis_C9A	BLBF01000010.1	591	49	539	587	17342275	17342129	55.102	8.45e-09	64.7
Anolis_carolinensis_C9A	BLBF01000010.1	591	52	536	587	17548791	17548636	50.000	1.09e-08	64.3
Anolis_carolinensis_C9A	BLBF01000010.1	591	65	408	472	17344781	17344587	46.154	1.24e-08	63.9
Anolis_carolinensis_C9A	BLBF01000010.1	591	54	408	461	17554271	17554110	53.704	8.37e-08	61.2
Anolis_carolinensis_C9A	BLBF01000010.1	591	52	57	107	17518570	17518415	51.923	1.49e-07	60.5
Anolis_carolinensis_C9A	BLBF01000010.1	591	71	461	531	18395627	18395836	39.437	2.47e-07	59.7
Anolis_carolinensis_C9A	BLBF01000010.1	591	85	278	362	18508062	18507808	32.941	2.47e-07	59.7
Anolis_carolinensis_C9A	BLBF01000010.1	591	79	281	359	18453290	18453054	32.911	2.34e-06	56.6
Anolis_carolinensis_C9A	BLBF01000010.1	591	53	12	64	17519313	17519167	49.057	2.65e-06	56.6
Anolis_carolinensis_C9A	BLBF01000010.1	591	50	542	591	18397924	18398073	48.000	5.75e-06	55.5
Anolis_carolinensis_C9A	BLBF01000010.1	591	55	54	107	17579895	17579731	45.455	8.58e-06	54.7
Anolis_carolinensis_C9A	BLBF01000050.1	591	229	295	518	11474061	11474705	25.328	9.43e-08	61.2
Anolis_carolinensis_C9A	BLBF01000020.1	591	78	281	358	37194931	37195164	30.769	5.85e-06	55.5
Pogona_vitticeps_C9A	BLBF01000010.1	576	90	256	345	17568256	17567987	62.222	7.30e-27	122
Pogona_vitticeps_C9A	BLBF01000010.1	576	78	438	515	17343428	17343195	65.385	2.52e-24	114
Pogona_vitticeps_C9A	BLBF01000010.1	576	78	438	515	17552866	17552633	65.385	9.68e-24	112
Pogona_vitticeps_C9A	BLBF01000010.1	576	90	262	351	17509563	17509303	54.444	2.38e-23	111
Pogona_vitticeps_C9A	BLBF01000010.1	576	51	156	206	17515185	17515033	68.627	1.16e-14	83.6
Pogona_vitticeps_C9A	BLBF01000010.1	576	59	148	206	17576761	17576585	57.627	1.36e-14	83.2
Pogona_vitticeps_C9A	BLBF01000010.1	576	74	498	571	17342350	17342129	51.351	2.58e-14	82.4
Pogona_vitticeps_C9A	BLBF01000010.1	576	86	501	571	17548893	17548636	44.186	4.84e-12	75.1
Pogona_vitticeps_C9A	BLBF01000010.1	576	50	106	155	17516931	17516782	68.000	1.66e-11	73.2
Pogona_vitticeps_C9A	BLBF01000010.1	576	50	106	155	17578809	17578660	68.000	1.29e-10	70.5
Pogona_vitticeps_C9A	BLBF01000010.1	576	60	389	448	17344781	17344602	50.000	2.52e-09	66.2
Pogona_vitticeps_C9A	BLBF01000010.1	576	45	26	70	17584364	17584230	57.778	6.46e-08	61.6
Pogona_vitticeps_C9A	BLBF01000010.1	576	39	26	64	17519283	17519167	61.538	6.63e-08	61.6
Pogona_vitticeps_C9A	BLBF01000010.1	576	50	523	571	18446991	18446842	60.000	8.86e-08	61.2
Pogona_vitticeps_C9A	BLBF01000010.1	576	54	389	442	17554271	17554110	50.000	8.86e-08	61.2
Pogona_vitticeps_C9A	BLBF01000010.1	576	60	513	571	18487733	18487563	51.667	3.49e-07	59.3
Pogona_vitticeps_C9A	BLBF01000010.1	576	68	443	510	18395630	18395830	42.647	3.74e-07	59.3
Pogona_vitticeps_C9A	BLBF01000010.1	576	50	526	575	18397924	18398073	52.000	7.40e-07	58.2
Pogona_vitticeps_C9A	BLBF01000010.1	576	82	262	343	18508053	18507808	36.585	1.07e-06	57.8
Pogona_vitticeps_C9A	BLBF01000010.1	576	70	453	522	18492914	18492705	41.429	8.16e-06	54.7
Pogona_vitticeps_C9A	BLBF01000050.1	576	231	276	499	11474061	11474705	26.407	9.36e-10	67.8
Pogona_vitticeps_C9A	BLBF01000020.1	576	84	257	340	37276114	37275863	34.524	2.82e-08	62.8
Pogona_vitticeps_C9A	BLBF01000020.1	576	52	520	571	37248967	37248812	51.923	2.04e-07	60.1
Pogona_vitticeps_C9A	BLBF01000020.1	576	75	435	508	37251888	37251664	34.667	3.46e-06	56.2
Gekko_japonicus_C9A	BLBF01000010.1	582	78	295	372	17568238	17568005	56.410	3.43e-21	104
Gekko_japonicus_C9A	BLBF01000010.1	582	74	295	368	17509563	17509342	58.108	5.07e-20	100
Gekko_japonicus_C9A	BLBF01000010.1	582	81	457	536	17552848	17552606	55.556	2.12e-19	98.6
Gekko_japonicus_C9A	BLBF01000010.1	582	68	457	524	17343410	17343207	61.765	2.43e-19	98.6
Gekko_japonicus_C9A	BLBF01000010.1	582	51	531	581	17548788	17548636	60.784	1.01e-10	70.9
Gekko_japonicus_C9A	BLBF01000010.1	582	51	122	172	17516931	17516782	64.706	1.01e-10	70.9
Gekko_japonicus_C9A	BLBF01000010.1	582	47	171	217	17576743	17576603	59.574	3.25e-10	69.3
Gekko_japonicus_C9A	BLBF01000010.1	582	62	122	183	17578809	17578627	53.226	6.12e-10	68.2
Gekko_japonicus_C9A	BLBF01000010.1	582	45	173	217	17515185	17515051	60.000	1.61e-09	67.0
Gekko_japonicus_C9A	BLBF01000010.1	582	52	530	581	17342284	17342129	61.538	2.15e-09	66.6
Gekko_japonicus_C9A	BLBF01000010.1	582	46	536	581	18397924	18398061	56.522	1.65e-08	63.5
Gekko_japonicus_C9A	BLBF01000010.1	582	82	292	373	18508062	18507817	34.146	1.21e-07	60.8
Gekko_japonicus_C9A	BLBF01000010.1	582	67	457	523	18395633	18395830	43.284	1.31e-07	60.8
Gekko_japonicus_C9A	BLBF01000010.1	582	52	71	122	17518567	17518418	55.769	7.03e-07	58.5
Gekko_japonicus_C9A	BLBF01000010.1	582	67	466	530	18492914	18492714	40.299	1.40e-06	57.4
Gekko_japonicus_C9A	BLBF01000050.1	582	215	313	514	13792732	13792118	25.116	1.91e-09	66.6
Gekko_japonicus_C9A	BLBF01000020.1	582	81	295	375	37276099	37275857	33.333	2.36e-07	60.1
Gekko_japonicus_C9A	BLBF01000020.1	582	67	456	521	37251864	37251664	38.806	5.00e-07	58.9
Crotalus_tigris_C9A	BLBF01000010.1	583	94	274	367	17509572	17509300	77.660	7.07e-38	155
Crotalus_tigris_C9A	BLBF01000010.1	583	80	453	532	17343428	17343189	80.000	7.60e-33	140
Crotalus_tigris_C9A	BLBF01000010.1	583	80	453	532	17552866	17552627	77.500	2.97e-32	139
Crotalus_tigris_C9A	BLBF01000010.1	583	78	276	353	17568241	17568008	76.923	5.50e-32	137
Crotalus_tigris_C9A	BLBF01000010.1	583	78	196	273	17513638	17513405	71.795	7.68e-24	112
Crotalus_tigris_C9A	BLBF01000010.1	583	73	396	468	17344805	17344587	73.973	7.59e-23	109
Crotalus_tigris_C9A	BLBF01000010.1	583	51	533	583	17342281	17342129	82.353	3.99e-20	100
Crotalus_tigris_C9A	BLBF01000010.1	583	50	107	156	17516931	17516782	90.000	9.44e-19	96.7
Crotalus_tigris_C9A	BLBF01000010.1	583	54	54	107	17518579	17518418	75.926	4.13e-18	94.7
Crotalus_tigris_C9A	BLBF01000010.1	583	57	401	457	17554280	17554110	78.947	4.55e-18	94.4
Crotalus_tigris_C9A	BLBF01000010.1	583	47	157	203	17515185	17515045	87.234	6.66e-18	94.0
Crotalus_tigris_C9A	BLBF01000010.1	583	48	156	203	17576740	17576597	77.083	2.20e-16	89.0
Crotalus_tigris_C9A	BLBF01000010.1	583	50	107	156	17578809	17578660	82.000	2.51e-16	89.0
Crotalus_tigris_C9A	BLBF01000010.1	583	51	57	107	17579886	17579734	76.471	9.40e-16	87.0
Crotalus_tigris_C9A	BLBF01000010.1	583	52	532	583	17548791	17548636	59.615	7.09e-13	77.8
Crotalus_tigris_C9A	BLBF01000010.1	583	76	196	271	17572604	17572377	47.368	1.94e-10	70.1
Crotalus_tigris_C9A	BLBF01000010.1	583	41	26	66	17519283	17519161	73.171	8.36e-10	67.8
Crotalus_tigris_C9A	BLBF01000010.1	583	45	26	70	17584364	17584230	55.556	1.03e-06	57.8
Crotalus_tigris_C9A	BLBF01000010.1	583	53	527	579	18397891	18398049	47.170	6.18e-06	55.5
Crotalus_tigris_C9A	BLBF01000010.1	583	69	457	525	18395627	18395830	39.130	6.23e-06	55.5
Crotalus_tigris_C9A	BLBF01000050.1	583	222	298	514	11474082	11474705	25.676	2.15e-11	73.2
Crotalus_tigris_C9A	BLBF01000020.1	583	77	277	353	37276099	37275869	36.364	1.48e-07	60.5
Crotalus_tigris_C9A	BLBF01000020.1	583	46	538	583	37248949	37248812	52.174	4.44e-06	55.8
Crotalus_tigris_C9A	BLBF01000020.1	583	51	529	579	37224371	37224523	47.059	6.34e-06	55.1
Thamnophis_elegans_C9A	BLBF01000010.1	583	110	256	355	17568331	17568002	66.364	4.62e-36	150
Thamnophis_elegans_C9A	BLBF01000010.1	583	92	276	367	17509566	17509300	68.478	4.01e-32	138
Thamnophis_elegans_C9A	BLBF01000010.1	583	80	453	532	17552866	17552627	82.500	1.06e-31	137
Thamnophis_elegans_C9A	BLBF01000010.1	583	80	453	532	17343428	17343189	75.000	1.60e-28	127
Thamnophis_elegans_C9A	BLBF01000010.1	583	58	99	156	17578833	17578660	82.759	2.32e-20	101
Thamnophis_elegans_C9A	BLBF01000010.1	583	60	398	457	17554289	17554110	75.000	1.35e-19	99.4
Thamnophis_elegans_C9A	BLBF01000010.1	583	78	196	273	17572604	17572371	65.385	1.61e-19	99.0
Thamnophis_elegans_C9A	BLBF01000010.1	583	69	400	468	17344793	17344587	65.217	3.21e-19	98.2
Thamnophis_elegans_C9A	BLBF01000010.1	583	52	532	583	17548791	17548636	76.923	8.96e-19	96.7
Thamnophis_elegans_C9A	BLBF01000010.1	583	50	107	156	17516931	17516782	90.000	3.24e-18	95.1
Thamnophis_elegans_C9A	BLBF01000010.1	583	48	156	203	17576740	17576597	83.333	4.75e-18	94.4
Thamnophis_elegans_C9A	BLBF01000010.1	583	51	57	107	17579886	17579734	80.392	2.69e-17	92.0
Thamnophis_elegans_C9A	BLBF01000010.1	583	47	157	203	17515185	17515045	80.851	1.92e-15	86.3
Thamnophis_elegans_C9A	BLBF01000010.1	583	54	54	107	17518579	17518418	70.370	6.83e-15	84.3
Thamnophis_elegans_C9A	BLBF01000010.1	583	51	533	583	17342281	17342129	62.745	3.35e-12	75.5
Thamnophis_elegans_C9A	BLBF01000010.1	583	45	26	70	17584364	17584230	66.667	6.64e-10	68.2
Thamnophis_elegans_C9A	BLBF01000010.1	583	50	535	583	18487712	18487563	56.000	2.00e-08	63.5
Thamnophis_elegans_C9A	BLBF01000010.1	583	41	26	66	17519283	17519161	63.415	2.54e-08	63.2
Thamnophis_elegans_C9A	BLBF01000010.1	583	82	194	271	17513644	17513411	41.463	6.44e-08	61.6
Thamnophis_elegans_C9A	BLBF01000010.1	583	46	351	395	17560806	17560669	67.391	1.32e-06	57.4
Thamnophis_elegans_C9A	BLBF01000010.1	583	50	535	583	18446991	18446842	50.000	4.18e-06	55.8
Thamnophis_elegans_C9A	BLBF01000020.1	583	50	530	579	37224374	37224523	52.000	3.76e-09	65.9
Thamnophis_elegans_C9A	BLBF01000020.1	583	78	277	354	37276099	37275866	33.333	3.89e-07	59.3
Thamnophis_elegans_C9A	BLBF01000050.1	583	222	298	514	11474082	11474705	24.324	1.72e-08	63.5
Naja_naja_C9A	BLBF01000010.1	582	94	274	367	17509572	17509300	85.106	2.32e-42	169
Naja_naja_C9A	BLBF01000010.1	582	80	452	531	17343428	17343189	91.250	4.33e-37	153
Naja_naja_C9A	BLBF01000010.1	582	79	195	273	17513641	17513405	87.342	4.95e-34	144
Naja_naja_C9A	BLBF01000010.1	582	77	455	531	17552857	17552627	83.117	7.17e-33	140
Naja_naja_C9A	BLBF01000010.1	582	78	276	353	17568241	17568008	74.359	1.39e-30	133
Naja_naja_C9A	BLBF01000010.1	582	72	396	467	17344802	17344587	84.722	2.92e-26	120
Naja_naja_C9A	BLBF01000010.1	582	56	527	582	17342296	17342129	91.071	1.67e-24	114
Naja_naja_C9A	BLBF01000010.1	582	54	54	107	17518579	17518418	88.889	7.53e-22	106
Naja_naja_C9A	BLBF01000010.1	582	50	107	156	17516931	17516782	96.000	3.23e-21	104
Naja_naja_C9A	BLBF01000010.1	582	47	157	203	17515185	17515045	97.872	1.39e-20	102
Naja_naja_C9A	BLBF01000010.1	582	50	107	156	17578809	17578660	86.000	5.82e-18	94.0
Naja_naja_C9A	BLBF01000010.1	582	57	400	456	17554280	17554110	71.930	7.56e-17	90.5
Naja_naja_C9A	BLBF01000010.1	582	51	57	107	17579886	17579734	76.471	1.88e-16	89.4
Naja_naja_C9A	BLBF01000010.1	582	48	156	203	17576740	17576597	75.000	2.66e-15	85.5
Naja_naja_C9A	BLBF01000010.1	582	52	531	582	17548791	17548636	61.538	2.57e-13	79.3
Naja_naja_C9A	BLBF01000010.1	582	102	196	297	17572604	17572305	48.039	3.97e-13	78.6
Naja_naja_C9A	BLBF01000010.1	582	41	26	66	17519283	17519161	80.488	8.79e-12	74.3
Naja_naja_C9A	BLBF01000010.1	582	69	456	524	18395627	18395830	40.580	2.03e-07	60.1
Naja_naja_C9A	BLBF01000010.1	582	45	26	70	17584364	17584230	57.778	5.36e-07	58.9
Naja_naja_C9A	BLBF01000050.1	582	222	298	513	11474082	11474705	25.676	6.64e-09	65.1
Naja_naja_C9A	BLBF01000050.1	582	219	298	515	13792723	13792118	22.374	4.50e-06	55.8
Naja_naja_C9A	BLBF01000020.1	582	76	277	352	37276099	37275872	36.842	2.32e-07	60.1
Naja_naja_C9A	BLBF01000020.1	582	47	536	582	37248952	37248812	51.064	8.03e-06	55.1
Pseudonaja_textilis_C9A	BLBF01000010.1	583	94	274	367	17509572	17509300	88.298	5.48e-44	174
Pseudonaja_textilis_C9A	BLBF01000010.1	583	77	456	532	17343419	17343189	97.403	1.78e-38	157
Pseudonaja_textilis_C9A	BLBF01000010.1	583	78	196	273	17513638	17513405	88.462	1.89e-33	142
Pseudonaja_textilis_C9A	BLBF01000010.1	583	77	456	532	17552857	17552627	83.117	8.10e-33	140
Pseudonaja_textilis_C9A	BLBF01000010.1	583	80	274	353	17568247	17568008	77.500	5.54e-32	137
Pseudonaja_textilis_C9A	BLBF01000010.1	583	73	396	468	17344805	17344587	83.562	2.01e-27	124
Pseudonaja_textilis_C9A	BLBF01000010.1	583	56	528	583	17342296	17342129	94.643	1.41e-25	118
Pseudonaja_textilis_C9A	BLBF01000010.1	583	54	54	107	17518579	17518418	90.741	5.25e-22	107
Pseudonaja_textilis_C9A	BLBF01000010.1	583	50	107	156	17516931	17516782	96.000	4.23e-21	103
Pseudonaja_textilis_C9A	BLBF01000010.1	583	47	157	203	17515185	17515045	97.872	1.43e-20	102
Pseudonaja_textilis_C9A	BLBF01000010.1	583	50	107	156	17578809	17578660	90.000	6.33e-19	97.1
Pseudonaja_textilis_C9A	BLBF01000010.1	583	57	401	457	17554280	17554110	71.930	2.53e-17	92.0
Pseudonaja_textilis_C9A	BLBF01000010.1	583	51	57	107	17579886	17579734	78.431	1.28e-16	89.7
Pseudonaja_textilis_C9A	BLBF01000010.1	583	49	155	203	17576743	17576597	73.469	2.43e-15	85.9
Pseudonaja_textilis_C9A	BLBF01000010.1	583	52	532	583	17548791	17548636	63.462	6.51e-14	81.3
Pseudonaja_textilis_C9A	BLBF01000010.1	583	103	196	297	17572604	17572305	46.602	5.16e-13	78.2
Pseudonaja_textilis_C9A	BLBF01000010.1	583	41	26	66	17519283	17519161	80.488	1.10e-11	73.9
Pseudonaja_textilis_C9A	BLBF01000010.1	583	41	355	395	17507287	17507165	85.366	6.89e-11	71.2
Pseudonaja_textilis_C9A	BLBF01000010.1	583	71	457	527	18395627	18395836	40.845	1.93e-07	60.1
Pseudonaja_textilis_C9A	BLBF01000010.1	583	45	26	70	17584364	17584230	57.778	2.18e-07	60.1
Pseudonaja_textilis_C9A	BLBF01000010.1	583	47	537	583	18397921	18398061	53.191	9.38e-06	54.7
Pseudonaja_textilis_C9A	BLBF01000050.1	583	222	298	514	11474082	11474705	24.324	1.90e-09	66.6
Pseudonaja_textilis_C9A	BLBF01000020.1	583	76	277	352	37276099	37275872	36.842	1.28e-07	60.8
Pseudonaja_textilis_C9A	BLBF01000020.1	583	43	537	579	37248952	37248824	53.488	6.56e-06	55.1
Python_bivittatus_C9A	BLBF01000010.1	582	79	276	354	17568241	17568005	86.076	2.30e-35	148
Python_bivittatus_C9A	BLBF01000010.1	582	92	276	367	17509566	17509300	67.391	7.78e-32	137
Python_bivittatus_C9A	BLBF01000010.1	582	80	453	532	17552866	17552627	76.250	1.42e-30	133
Python_bivittatus_C9A	BLBF01000010.1	582	80	453	532	17343428	17343189	73.750	2.06e-28	127
Python_bivittatus_C9A	BLBF01000010.1	582	68	401	468	17344790	17344587	69.118	6.34e-19	97.1
Python_bivittatus_C9A	BLBF01000010.1	582	50	107	156	17516931	17516782	88.000	1.62e-18	95.9
Python_bivittatus_C9A	BLBF01000010.1	582	60	398	457	17554289	17554110	75.000	3.45e-18	94.7
Python_bivittatus_C9A	BLBF01000010.1	582	50	107	156	17578809	17578660	88.000	3.52e-18	94.7
Python_bivittatus_C9A	BLBF01000010.1	582	47	157	203	17515185	17515045	85.106	8.67e-18	93.6
Python_bivittatus_C9A	BLBF01000010.1	582	76	196	271	17572604	17572377	59.211	1.77e-16	89.4
Python_bivittatus_C9A	BLBF01000010.1	582	48	535	582	17342272	17342129	77.083	2.12e-16	89.0
Python_bivittatus_C9A	BLBF01000010.1	582	48	156	203	17576740	17576597	77.083	3.94e-16	88.2
Python_bivittatus_C9A	BLBF01000010.1	582	53	55	107	17579892	17579734	62.264	2.67e-12	75.9
Python_bivittatus_C9A	BLBF01000010.1	582	52	532	582	17548791	17548636	59.615	5.73e-11	71.6
Python_bivittatus_C9A	BLBF01000010.1	582	54	54	107	17518579	17518418	57.407	9.91e-11	70.9
Python_bivittatus_C9A	BLBF01000010.1	582	79	194	272	17513644	17513408	46.835	1.10e-10	70.9
Python_bivittatus_C9A	BLBF01000010.1	582	45	26	70	17584364	17584230	60.000	3.03e-08	62.8
Python_bivittatus_C9A	BLBF01000010.1	582	41	26	66	17519283	17519161	63.415	9.91e-08	61.2
Python_bivittatus_C9A	BLBF01000010.1	582	55	529	582	18447006	18446842	52.727	2.30e-07	60.1
Python_bivittatus_C9A	BLBF01000010.1	582	67	459	525	18395633	18395830	41.791	9.89e-07	57.8
Python_bivittatus_C9A	BLBF01000050.1	582	222	298	514	11474082	11474705	25.676	3.45e-10	68.9
Python_bivittatus_C9A	BLBF01000020.1	582	51	532	582	37248955	37248812	54.902	1.10e-07	60.8
Python_bivittatus_C9A	BLBF01000020.1	582	79	277	355	37276099	37275863	35.443	1.68e-07	60.5
Notechis_scutatus_C9A	BLBF01000010.1	583	94	274	367	17509572	17509300	88.298	5.38e-44	174
Notechis_scutatus_C9A	BLBF01000010.1	583	77	456	532	17343419	17343189	96.104	5.61e-39	159
Notechis_scutatus_C9A	BLBF01000010.1	583	79	195	273	17513641	17513405	89.873	2.16e-34	145
Notechis_scutatus_C9A	BLBF01000010.1	583	80	274	353	17568247	17568008	77.500	6.01e-32	137
Notechis_scutatus_C9A	BLBF01000010.1	583	77	456	532	17552857	17552627	80.519	1.11e-31	137
Notechis_scutatus_C9A	BLBF01000010.1	583	73	396	468	17344805	17344587	82.192	9.63e-27	121
Notechis_scutatus_C9A	BLBF01000010.1	583	56	528	583	17342296	17342129	94.643	1.57e-25	118
Notechis_scutatus_C9A	BLBF01000010.1	583	54	54	107	17518579	17518418	90.741	5.58e-22	107
Notechis_scutatus_C9A	BLBF01000010.1	583	50	107	156	17516931	17516782	98.000	1.71e-21	105
Notechis_scutatus_C9A	BLBF01000010.1	583	47	157	203	17515185	17515045	97.872	1.43e-20	102
Notechis_scutatus_C9A	BLBF01000010.1	583	50	107	156	17578809	17578660	88.000	3.02e-18	95.1
Notechis_scutatus_C9A	BLBF01000010.1	583	65	393	457	17554304	17554110	66.154	9.18e-18	93.6
Notechis_scutatus_C9A	BLBF01000010.1	583	51	57	107	17579886	17579734	78.431	1.23e-16	89.7
Notechis_scutatus_C9A	BLBF01000010.1	583	48	156	203	17576740	17576597	75.000	2.39e-15	85.9
Notechis_scutatus_C9A	BLBF01000010.1	583	52	532	583	17548791	17548636	63.462	6.19e-14	81.3
Notechis_scutatus_C9A	BLBF01000010.1	583	103	196	297	17572604	17572305	47.573	4.13e-13	78.6
Notechis_scutatus_C9A	BLBF01000010.1	583	41	26	66	17519283	17519161	80.488	1.00e-11	73.9
Notechis_scutatus_C9A	BLBF01000010.1	583	41	355	395	17507287	17507165	85.366	6.89e-11	71.2
Notechis_scutatus_C9A	BLBF01000010.1	583	45	26	70	17584364	17584230	57.778	2.09e-07	60.1
Notechis_scutatus_C9A	BLBF01000010.1	583	71	457	527	18395627	18395836	40.845	3.25e-07	59.3
Notechis_scutatus_C9A	BLBF01000010.1	583	47	537	583	18397921	18398061	53.191	9.46e-06	54.7
Notechis_scutatus_C9A	BLBF01000050.1	583	222	298	514	11474082	11474705	24.324	1.83e-09	66.6
Notechis_scutatus_C9A	BLBF01000020.1	583	76	277	352	37276099	37275872	36.842	1.23e-07	60.8
Notechis_scutatus_C9A	BLBF01000020.1	583	43	537	579	37248952	37248824	53.488	6.40e-06	55.1
Hydrophis_cyanocinctus_C9A	BLBF01000010.1	583	94	274	367	17509572	17509300	88.298	6.01e-44	174
Hydrophis_cyanocinctus_C9A	BLBF01000010.1	583	77	456	532	17343419	17343189	94.805	2.89e-38	157
Hydrophis_cyanocinctus_C9A	BLBF01000010.1	583	79	195	273	17513641	17513405	88.608	8.19e-34	143
Hydrophis_cyanocinctus_C9A	BLBF01000010.1	583	78	276	353	17568241	17568008	78.205	5.65e-32	137
Hydrophis_cyanocinctus_C9A	BLBF01000010.1	583	77	456	532	17552857	17552627	79.221	4.65e-31	135
Hydrophis_cyanocinctus_C9A	BLBF01000010.1	583	56	528	583	17342296	17342129	94.643	1.58e-25	118
Hydrophis_cyanocinctus_C9A	BLBF01000010.1	583	72	397	468	17344802	17344587	79.167	2.31e-24	114
Hydrophis_cyanocinctus_C9A	BLBF01000010.1	583	54	54	107	17518579	17518418	90.741	5.63e-22	107
Hydrophis_cyanocinctus_C9A	BLBF01000010.1	583	50	107	156	17516931	17516782	98.000	1.78e-21	105
Hydrophis_cyanocinctus_C9A	BLBF01000010.1	583	47	157	203	17515185	17515045	95.745	4.40e-20	100
Hydrophis_cyanocinctus_C9A	BLBF01000010.1	583	50	107	156	17578809	17578660	88.000	3.08e-18	95.1
Hydrophis_cyanocinctus_C9A	BLBF01000010.1	583	65	393	457	17554304	17554110	66.154	1.45e-17	92.8
Hydrophis_cyanocinctus_C9A	BLBF01000010.1	583	51	57	107	17579886	17579734	78.431	1.31e-16	89.7
Hydrophis_cyanocinctus_C9A	BLBF01000010.1	583	49	155	203	17576743	17576597	73.469	1.28e-15	86.7
Hydrophis_cyanocinctus_C9A	BLBF01000010.1	583	52	532	583	17548791	17548636	63.462	6.68e-14	81.3
Hydrophis_cyanocinctus_C9A	BLBF01000010.1	583	76	196	271	17572604	17572377	53.947	5.30e-13	78.2
Hydrophis_cyanocinctus_C9A	BLBF01000010.1	583	42	355	396	17507287	17507162	85.714	4.41e-12	75.1
Hydrophis_cyanocinctus_C9A	BLBF01000010.1	583	41	26	66	17519283	17519161	80.488	9.70e-12	74.3
Hydrophis_cyanocinctus_C9A	BLBF01000010.1	583	45	26	70	17584364	17584230	57.778	2.10e-07	60.1
Hydrophis_cyanocinctus_C9A	BLBF01000010.1	583	71	457	527	18395627	18395836	40.845	3.57e-07	59.3
Hydrophis_cyanocinctus_C9A	BLBF01000010.1	583	47	537	583	18397921	18398061	53.191	9.79e-06	54.7
Hydrophis_cyanocinctus_C9A	BLBF01000050.1	583	222	298	514	11474082	11474705	25.225	2.20e-10	69.7
Hydrophis_cyanocinctus_C9A	BLBF01000050.1	583	221	298	516	13792723	13792118	23.077	4.79e-06	55.8
Hydrophis_cyanocinctus_C9A	BLBF01000020.1	583	80	273	352	37276111	37275872	36.250	8.24e-08	61.2
Hydrophis_cyanocinctus_C9A	BLBF01000020.1	583	43	537	579	37248952	37248824	53.488	6.40e-06	55.1
Laticauda_colubrina_C9A	BLBF01000010.1	583	94	274	367	17509572	17509300	89.362	2.02e-44	175
Laticauda_colubrina_C9A	BLBF01000010.1	583	77	456	532	17343419	17343189	98.701	2.24e-39	160
Laticauda_colubrina_C9A	BLBF01000010.1	583	79	195	273	17513641	17513405	92.405	7.35e-36	149
Laticauda_colubrina_C9A	BLBF01000010.1	583	80	274	353	17568247	17568008	77.500	3.80e-32	138
Laticauda_colubrina_C9A	BLBF01000010.1	583	77	456	532	17552857	17552627	81.818	7.27e-32	137
Laticauda_colubrina_C9A	BLBF01000010.1	583	72	397	468	17344802	17344587	87.500	2.06e-27	124
Laticauda_colubrina_C9A	BLBF01000010.1	583	56	528	583	17342296	17342129	96.429	2.63e-26	120
Laticauda_colubrina_C9A	BLBF01000010.1	583	54	54	107	17518579	17518418	94.444	1.04e-23	112
Laticauda_colubrina_C9A	BLBF01000010.1	583	50	107	156	17516931	17516782	100.000	7.52e-22	106
Laticauda_colubrina_C9A	BLBF01000010.1	583	47	157	203	17515185	17515045	97.872	1.68e-20	102
Laticauda_colubrina_C9A	BLBF01000010.1	583	50	107	156	17578809	17578660	86.000	7.02e-18	94.0
Laticauda_colubrina_C9A	BLBF01000010.1	583	57	401	457	17554280	17554110	73.684	1.18e-17	93.2
Laticauda_colubrina_C9A	BLBF01000010.1	583	51	57	107	17579886	17579734	78.431	2.78e-16	89.0
Laticauda_colubrina_C9A	BLBF01000010.1	583	42	355	396	17507287	17507162	100.000	1.56e-15	86.3
Laticauda_colubrina_C9A	BLBF01000010.1	583	58	146	203	17576770	17576597	65.517	1.96e-15	85.9
Laticauda_colubrina_C9A	BLBF01000010.1	583	52	532	583	17548791	17548636	61.538	2.25e-13	79.3
Laticauda_colubrina_C9A	BLBF01000010.1	583	41	26	66	17519283	17519161	82.927	3.81e-12	75.5
Laticauda_colubrina_C9A	BLBF01000010.1	583	76	196	271	17572604	17572377	51.316	3.84e-12	75.5
Laticauda_colubrina_C9A	BLBF01000010.1	583	71	457	527	18395627	18395836	40.845	1.84e-07	60.1
Laticauda_colubrina_C9A	BLBF01000010.1	583	45	26	70	17584364	17584230	57.778	3.28e-07	59.3
Laticauda_colubrina_C9A	BLBF01000010.1	583	47	537	583	18397921	18398061	53.191	9.79e-06	54.7
Laticauda_colubrina_C9A	BLBF01000050.1	583	222	298	514	11474082	11474705	24.324	8.17e-09	64.7
Laticauda_colubrina_C9A	BLBF01000020.1	583	81	277	357	37276099	37275857	35.802	1.01e-07	61.2
Laticauda_colubrina_C9A	BLBF01000020.1	583	47	537	583	37248952	37248812	51.064	8.84e-06	54.7
Protobothrops_mucrosquamatus_C9A	BLBF01000010.1	583	81	274	354	17568247	17568005	82.716	2.40e-35	148
Protobothrops_mucrosquamatus_C9A	BLBF01000010.1	583	80	453	532	17552866	17552627	83.750	4.46e-34	144
Protobothrops_mucrosquamatus_C9A	BLBF01000010.1	583	92	276	367	17509566	17509300	69.565	5.15e-33	141
Protobothrops_mucrosquamatus_C9A	BLBF01000010.1	583	80	453	532	17343428	17343189	81.250	8.70e-33	140
Protobothrops_mucrosquamatus_C9A	BLBF01000010.1	583	75	199	273	17572595	17572371	69.333	1.49e-21	105
Protobothrops_mucrosquamatus_C9A	BLBF01000010.1	583	65	404	468	17344781	17344587	75.385	3.50e-20	101
Protobothrops_mucrosquamatus_C9A	BLBF01000010.1	583	60	398	457	17554289	17554110	76.667	6.55e-19	97.1
Protobothrops_mucrosquamatus_C9A	BLBF01000010.1	583	50	107	156	17516931	17516782	86.000	1.40e-18	96.3
Protobothrops_mucrosquamatus_C9A	BLBF01000010.1	583	48	156	203	17576740	17576597	83.333	2.56e-18	95.1
Protobothrops_mucrosquamatus_C9A	BLBF01000010.1	583	50	107	156	17578809	17578660	86.000	3.41e-18	94.7
Protobothrops_mucrosquamatus_C9A	BLBF01000010.1	583	52	532	583	17548791	17548636	75.000	2.40e-17	92.0
Protobothrops_mucrosquamatus_C9A	BLBF01000010.1	583	47	157	203	17515185	17515045	80.851	2.49e-16	89.0
Protobothrops_mucrosquamatus_C9A	BLBF01000010.1	583	54	54	107	17518579	17518418	72.222	7.07e-16	87.4
Protobothrops_mucrosquamatus_C9A	BLBF01000010.1	583	51	533	583	17342281	17342129	74.510	7.32e-16	87.4
Protobothrops_mucrosquamatus_C9A	BLBF01000010.1	583	51	57	107	17579886	17579734	74.510	1.68e-15	86.3
Protobothrops_mucrosquamatus_C9A	BLBF01000010.1	583	78	199	272	17513629	17513408	51.282	2.01e-10	69.7
Protobothrops_mucrosquamatus_C9A	BLBF01000010.1	583	45	26	70	17584364	17584230	62.222	1.92e-08	63.5
Protobothrops_mucrosquamatus_C9A	BLBF01000010.1	583	41	26	66	17519283	17519161	63.415	1.04e-07	61.2
Protobothrops_mucrosquamatus_C9A	BLBF01000010.1	583	52	528	579	18397894	18398049	51.923	1.06e-07	61.2
Protobothrops_mucrosquamatus_C9A	BLBF01000010.1	583	50	535	583	18446991	18446842	58.000	2.10e-07	60.1
Protobothrops_mucrosquamatus_C9A	BLBF01000010.1	583	69	457	525	18395627	18395830	42.029	3.22e-07	59.3
Protobothrops_mucrosquamatus_C9A	BLBF01000010.1	583	79	277	355	18508053	18507817	32.911	7.68e-07	58.2
Protobothrops_mucrosquamatus_C9A	BLBF01000010.1	583	90	266	355	18453317	18453054	30.000	4.59e-06	55.8
Protobothrops_mucrosquamatus_C9A	BLBF01000010.1	583	43	354	395	17560797	17560669	62.791	5.97e-06	55.5
Protobothrops_mucrosquamatus_C9A	BLBF01000050.1	583	224	298	514	11474082	11474705	25.893	5.10e-11	71.6
Protobothrops_mucrosquamatus_C9A	BLBF01000020.1	583	79	277	355	37276099	37275863	34.177	3.31e-08	62.8
Protobothrops_mucrosquamatus_C9A	BLBF01000020.1	583	51	529	579	37224371	37224523	50.980	7.57e-08	61.6
Protobothrops_mucrosquamatus_C9A	BLBF01000020.1	583	52	532	583	37248955	37248812	53.846	3.76e-07	59.3
Chrysopelea_ornata_C9A	BLBF01000010.1	584	80	454	533	17552866	17552627	86.250	1.80e-35	148
Chrysopelea_ornata_C9A	BLBF01000010.1	584	81	274	354	17568247	17568005	86.420	3.60e-35	147
Chrysopelea_ornata_C9A	BLBF01000010.1	584	92	276	367	17509566	17509300	71.739	7.10e-33	140
Chrysopelea_ornata_C9A	BLBF01000010.1	584	80	454	533	17343428	17343189	78.750	3.95e-32	138
Chrysopelea_ornata_C9A	BLBF01000010.1	584	78	196	273	17572604	17572371	73.077	6.24e-25	116
Chrysopelea_ornata_C9A	BLBF01000010.1	584	52	533	584	17548791	17548636	90.385	5.77e-22	107
Chrysopelea_ornata_C9A	BLBF01000010.1	584	60	399	458	17554289	17554110	83.333	2.33e-21	105
Chrysopelea_ornata_C9A	BLBF01000010.1	584	50	107	156	17516931	17516782	92.000	7.15e-20	100
Chrysopelea_ornata_C9A	BLBF01000010.1	584	58	99	156	17578833	17578660	79.310	1.72e-19	99.0
Chrysopelea_ornata_C9A	BLBF01000010.1	584	47	157	203	17515185	17515045	93.617	1.75e-19	99.0
Chrysopelea_ornata_C9A	BLBF01000010.1	584	53	55	107	17579892	17579734	84.906	1.85e-19	99.0
Chrysopelea_ornata_C9A	BLBF01000010.1	584	69	401	469	17344793	17344587	66.667	2.76e-19	98.2
Chrysopelea_ornata_C9A	BLBF01000010.1	584	48	156	203	17576740	17576597	79.167	1.30e-16	89.7
Chrysopelea_ornata_C9A	BLBF01000010.1	584	54	54	107	17518579	17518418	72.222	6.81e-16	87.4
Chrysopelea_ornata_C9A	BLBF01000010.1	584	78	195	272	17513641	17513408	47.436	2.76e-12	75.9
Chrysopelea_ornata_C9A	BLBF01000010.1	584	51	534	584	17342281	17342129	62.745	7.79e-12	74.3
Chrysopelea_ornata_C9A	BLBF01000010.1	584	45	26	70	17584364	17584230	60.000	3.05e-08	62.8
Chrysopelea_ornata_C9A	BLBF01000010.1	584	43	354	396	17560797	17560669	69.767	3.90e-08	62.4
Chrysopelea_ornata_C9A	BLBF01000010.1	584	41	26	66	17519283	17519161	65.854	4.40e-08	62.4
Chrysopelea_ornata_C9A	BLBF01000010.1	584	56	530	584	18487730	18487563	51.786	2.84e-07	59.7
Chrysopelea_ornata_C9A	BLBF01000010.1	584	56	529	584	18397894	18398061	48.214	6.02e-07	58.5
Chrysopelea_ornata_C9A	BLBF01000010.1	584	69	458	526	18395627	18395830	40.580	1.70e-06	57.0
Chrysopelea_ornata_C9A	BLBF01000010.1	584	79	277	355	18508053	18507817	32.911	2.43e-06	56.6
Chrysopelea_ornata_C9A	BLBF01000010.1	584	50	536	584	18446991	18446842	52.000	6.92e-06	55.1
Chrysopelea_ornata_C9A	BLBF01000050.1	584	223	298	515	11474082	11474705	26.457	2.12e-11	73.2
Chrysopelea_ornata_C9A	BLBF01000020.1	584	51	530	580	37224371	37224523	54.902	2.75e-09	66.2
Chrysopelea_ornata_C9A	BLBF01000020.1	584	81	277	357	37276099	37275857	35.802	9.48e-09	64.3
Pituophis_catenifer_C9A	BLBF01000010.1	583	94	274	367	17509572	17509300	84.043	5.35e-41	165
Pituophis_catenifer_C9A	BLBF01000010.1	583	80	453	532	17552866	17552627	82.500	3.75e-33	141
Pituophis_catenifer_C9A	BLBF01000010.1	583	77	277	353	17568238	17568008	81.818	1.06e-32	140
Pituophis_catenifer_C9A	BLBF01000010.1	583	80	453	532	17343428	17343189	75.000	1.13e-29	130
Pituophis_catenifer_C9A	BLBF01000010.1	583	74	198	271	17572598	17572377	70.270	3.23e-23	110
Pituophis_catenifer_C9A	BLBF01000010.1	583	52	532	583	17548791	17548636	92.308	1.28e-22	108
Pituophis_catenifer_C9A	BLBF01000010.1	583	54	54	107	17518579	17518418	85.185	3.28e-21	104
Pituophis_catenifer_C9A	BLBF01000010.1	583	72	397	468	17344802	17344587	69.444	1.61e-20	102
Pituophis_catenifer_C9A	BLBF01000010.1	583	50	107	156	17516931	17516782	92.000	1.89e-19	99.0
Pituophis_catenifer_C9A	BLBF01000010.1	583	54	404	457	17554271	17554110	85.185	4.92e-19	97.4
Pituophis_catenifer_C9A	BLBF01000010.1	583	58	146	203	17576770	17576597	74.138	5.13e-19	97.4
Pituophis_catenifer_C9A	BLBF01000010.1	583	50	107	156	17578809	17578660	86.000	5.90e-18	94.0
Pituophis_catenifer_C9A	BLBF01000010.1	583	51	57	107	17579886	17579734	78.431	5.71e-17	90.9
Pituophis_catenifer_C9A	BLBF01000010.1	583	47	157	203	17515185	17515045	82.979	1.36e-16	89.7
Pituophis_catenifer_C9A	BLBF01000010.1	583	49	535	583	17342275	17342129	67.347	1.39e-12	77.0
Pituophis_catenifer_C9A	BLBF01000010.1	583	76	198	273	17513632	17513405	47.368	1.35e-11	73.6
Pituophis_catenifer_C9A	BLBF01000010.1	583	45	26	70	17584364	17584230	66.667	9.18e-10	67.8
Pituophis_catenifer_C9A	BLBF01000010.1	583	41	26	66	17519283	17519161	68.293	6.38e-09	65.1
Pituophis_catenifer_C9A	BLBF01000010.1	583	56	528	583	18397894	18398061	50.000	6.66e-08	61.6
Pituophis_catenifer_C9A	BLBF01000010.1	583	56	529	583	18487730	18487563	50.000	2.31e-07	60.1
Pituophis_catenifer_C9A	BLBF01000010.1	583	42	355	395	17560794	17560669	71.429	5.19e-07	58.9
Pituophis_catenifer_C9A	BLBF01000010.1	583	50	535	583	18446991	18446842	54.000	2.95e-06	56.2
Pituophis_catenifer_C9A	BLBF01000050.1	583	222	298	514	11474082	11474705	25.676	4.77e-11	72.0
Pituophis_catenifer_C9A	BLBF01000050.1	583	223	298	514	13792723	13792124	22.422	9.75e-07	57.8
Pituophis_catenifer_C9A	BLBF01000020.1	583	52	529	580	37224371	37224526	57.692	1.61e-10	70.1
Pituophis_catenifer_C9A	BLBF01000020.1	583	79	277	355	37276099	37275863	36.709	1.64e-07	60.5
Pantherophis_obsoletus_C9A	BLBF01000010.1	583	81	274	354	17568247	17568005	90.123	8.80e-38	155
Pantherophis_obsoletus_C9A	BLBF01000010.1	583	92	276	367	17509566	17509300	73.913	1.25e-35	149
Pantherophis_obsoletus_C9A	BLBF01000010.1	583	80	453	532	17552866	17552627	82.500	3.75e-33	141
Pantherophis_obsoletus_C9A	BLBF01000010.1	583	80	453	532	17343428	17343189	75.000	1.09e-29	130
Pantherophis_obsoletus_C9A	BLBF01000010.1	583	60	398	457	17554289	17554110	86.667	9.63e-23	109
Pantherophis_obsoletus_C9A	BLBF01000010.1	583	75	199	273	17572595	17572371	72.000	2.58e-22	107
Pantherophis_obsoletus_C9A	BLBF01000010.1	583	52	532	583	17548791	17548636	90.385	3.69e-22	107
Pantherophis_obsoletus_C9A	BLBF01000010.1	583	48	156	203	17576740	17576597	89.583	5.81e-20	100
Pantherophis_obsoletus_C9A	BLBF01000010.1	583	54	54	107	17518579	17518418	83.333	7.23e-20	100
Pantherophis_obsoletus_C9A	BLBF01000010.1	583	68	401	468	17344790	17344587	67.647	7.53e-19	97.1
Pantherophis_obsoletus_C9A	BLBF01000010.1	583	50	107	156	17516931	17516782	84.000	4.03e-18	94.7
Pantherophis_obsoletus_C9A	BLBF01000010.1	583	50	107	156	17578809	17578660	80.000	1.10e-16	90.1
Pantherophis_obsoletus_C9A	BLBF01000010.1	583	47	157	203	17515185	17515045	80.851	8.05e-16	87.4
Pantherophis_obsoletus_C9A	BLBF01000010.1	583	51	57	107	17579886	17579734	76.471	8.85e-16	87.0
Pantherophis_obsoletus_C9A	BLBF01000010.1	583	51	533	583	17342281	17342129	66.667	4.39e-13	78.6
Pantherophis_obsoletus_C9A	BLBF01000010.1	583	74	199	272	17513629	17513408	48.649	7.25e-11	71.2
Pantherophis_obsoletus_C9A	BLBF01000010.1	583	45	26	70	17584364	17584230	71.111	1.94e-10	70.1
Pantherophis_obsoletus_C9A	BLBF01000010.1	583	41	26	66	17519283	17519161	65.854	4.65e-08	62.4
Pantherophis_obsoletus_C9A	BLBF01000010.1	583	43	354	395	17560797	17560669	72.093	1.00e-07	61.2
Pantherophis_obsoletus_C9A	BLBF01000010.1	583	56	528	583	18397894	18398061	48.214	2.29e-07	60.1
Pantherophis_obsoletus_C9A	BLBF01000010.1	583	56	529	583	18487730	18487563	50.000	8.08e-07	58.2
Pantherophis_obsoletus_C9A	BLBF01000010.1	583	79	277	355	18508053	18507817	32.911	1.50e-06	57.4
Pantherophis_obsoletus_C9A	BLBF01000010.1	583	50	535	583	18446991	18446842	54.000	2.95e-06	56.2
Pantherophis_obsoletus_C9A	BLBF01000010.1	583	90	266	355	18453317	18453054	30.000	8.91e-06	54.7
Pantherophis_obsoletus_C9A	BLBF01000050.1	583	222	298	514	11474082	11474705	26.577	9.58e-13	77.4
Pantherophis_obsoletus_C9A	BLBF01000050.1	583	226	295	514	13792732	13792124	22.124	2.32e-06	56.6
Pantherophis_obsoletus_C9A	BLBF01000020.1	583	52	529	580	37224371	37224526	57.692	1.25e-10	70.5
Pantherophis_obsoletus_C9A	BLBF01000020.1	583	79	277	355	37276099	37275863	35.443	1.15e-08	64.3
Pantherophis_obsoletus_C9A	BLBF01000020.1	583	55	529	583	37248964	37248812	47.273	4.59e-06	55.8
Pantherophis_obsoletus_C9A	BLBF01000020.1	583	151	277	420	37194931	37195368	21.854	9.46e-06	54.7
Bothrops_jararaca_C9A	BLBF01000010.1	583	81	274	354	17568247	17568005	81.481	1.18e-34	146
Bothrops_jararaca_C9A	BLBF01000010.1	583	80	453	532	17552866	17552627	83.750	1.37e-33	142
Bothrops_jararaca_C9A	BLBF01000010.1	583	92	276	367	17509566	17509300	70.652	2.62e-32	139
Bothrops_jararaca_C9A	BLBF01000010.1	583	80	453	532	17343428	17343189	81.250	2.67e-32	139
Bothrops_jararaca_C9A	BLBF01000010.1	583	73	199	271	17572595	17572377	72.603	1.63e-21	105
Bothrops_jararaca_C9A	BLBF01000010.1	583	60	398	457	17554289	17554110	80.000	2.19e-20	102
Bothrops_jararaca_C9A	BLBF01000010.1	583	70	400	469	17344793	17344584	68.571	3.89e-20	100
Bothrops_jararaca_C9A	BLBF01000010.1	583	48	156	203	17576740	17576597	83.333	2.37e-18	95.5
Bothrops_jararaca_C9A	BLBF01000010.1	583	50	107	156	17578809	17578660	84.000	1.42e-17	92.8
Bothrops_jararaca_C9A	BLBF01000010.1	583	52	532	583	17548791	17548636	75.000	2.11e-17	92.4
Bothrops_jararaca_C9A	BLBF01000010.1	583	50	107	156	17516931	17516782	82.000	2.38e-17	92.0
Bothrops_jararaca_C9A	BLBF01000010.1	583	51	57	107	17579886	17579734	78.431	1.49e-16	89.7
Bothrops_jararaca_C9A	BLBF01000010.1	583	54	54	107	17518579	17518418	74.074	1.59e-16	89.7
Bothrops_jararaca_C9A	BLBF01000010.1	583	47	157	203	17515185	17515045	80.851	2.24e-16	89.0
Bothrops_jararaca_C9A	BLBF01000010.1	583	51	533	583	17342281	17342129	72.549	2.81e-15	85.5
Bothrops_jararaca_C9A	BLBF01000010.1	583	74	199	272	17513629	17513408	51.351	2.48e-10	69.7
Bothrops_jararaca_C9A	BLBF01000010.1	583	45	26	70	17584364	17584230	64.444	1.63e-09	67.0
Bothrops_jararaca_C9A	BLBF01000010.1	583	52	528	579	18397894	18398049	50.000	2.88e-07	59.7
Bothrops_jararaca_C9A	BLBF01000010.1	583	41	26	66	17519283	17519161	60.976	3.69e-07	59.3
Bothrops_jararaca_C9A	BLBF01000010.1	583	81	277	357	18508053	18507811	33.333	4.93e-07	58.9
Bothrops_jararaca_C9A	BLBF01000010.1	583	43	354	395	17560797	17560669	67.442	7.36e-07	58.2
Bothrops_jararaca_C9A	BLBF01000010.1	583	50	535	583	18446991	18446842	56.000	1.83e-06	57.0
Bothrops_jararaca_C9A	BLBF01000010.1	583	69	457	525	18395627	18395830	39.130	7.58e-06	55.1
Bothrops_jararaca_C9A	BLBF01000050.1	583	224	298	514	11474082	11474705	25.446	6.52e-10	68.2
Bothrops_jararaca_C9A	BLBF01000020.1	583	82	274	355	37276108	37275863	34.146	5.07e-08	62.0
Bothrops_jararaca_C9A	BLBF01000020.1	583	51	529	579	37224371	37224523	50.980	7.01e-08	61.6
Bothrops_jararaca_C9A	BLBF01000020.1	583	52	532	583	37248955	37248812	51.923	9.83e-07	57.8
Ptyas_mucosa_C9A	BLBF01000010.1	583	81	274	354	17568247	17568005	86.420	3.68e-36	150
Ptyas_mucosa_C9A	BLBF01000010.1	583	80	453	532	17552866	17552627	83.750	4.93e-34	144
Ptyas_mucosa_C9A	BLBF01000010.1	583	92	276	367	17509566	17509300	71.739	2.43e-33	142
Ptyas_mucosa_C9A	BLBF01000010.1	583	80	453	532	17343428	17343189	76.250	1.36e-30	133
Ptyas_mucosa_C9A	BLBF01000010.1	583	60	398	457	17554289	17554110	85.000	1.47e-22	108
Ptyas_mucosa_C9A	BLBF01000010.1	583	100	198	297	17572598	17572305	57.000	2.31e-21	105
Ptyas_mucosa_C9A	BLBF01000010.1	583	50	107	156	17516931	17516782	94.000	3.27e-20	101
Ptyas_mucosa_C9A	BLBF01000010.1	583	54	54	107	17518579	17518418	81.481	3.32e-19	98.2
Ptyas_mucosa_C9A	BLBF01000010.1	583	50	107	156	17578809	17578660	90.000	4.92e-19	97.4
Ptyas_mucosa_C9A	BLBF01000010.1	583	62	524	583	17548821	17548636	74.194	5.85e-19	97.4
Ptyas_mucosa_C9A	BLBF01000010.1	583	68	401	468	17344790	17344587	63.235	8.64e-18	93.6
Ptyas_mucosa_C9A	BLBF01000010.1	583	48	156	203	17576740	17576597	81.250	2.45e-17	92.0
Ptyas_mucosa_C9A	BLBF01000010.1	583	51	57	107	17579886	17579734	76.471	7.19e-16	87.4
Ptyas_mucosa_C9A	BLBF01000010.1	583	47	157	203	17515185	17515045	74.468	1.42e-14	83.2
Ptyas_mucosa_C9A	BLBF01000010.1	583	49	535	583	17342275	17342129	67.347	6.37e-12	74.7
Ptyas_mucosa_C9A	BLBF01000010.1	583	75	198	272	17513632	17513408	48.000	2.76e-11	72.8
Ptyas_mucosa_C9A	BLBF01000010.1	583	45	26	70	17584364	17584230	68.889	1.79e-10	70.1
Ptyas_mucosa_C9A	BLBF01000010.1	583	41	26	66	17519283	17519161	65.854	2.14e-08	63.2
Ptyas_mucosa_C9A	BLBF01000010.1	583	48	536	583	18397918	18398061	54.167	2.21e-07	60.1
Ptyas_mucosa_C9A	BLBF01000010.1	583	78	457	534	18395627	18395851	42.308	4.61e-07	58.9
Ptyas_mucosa_C9A	BLBF01000010.1	583	43	354	395	17560797	17560669	72.093	5.28e-07	58.9
Ptyas_mucosa_C9A	BLBF01000010.1	583	46	535	579	18487712	18487575	56.522	2.03e-06	57.0
Ptyas_mucosa_C9A	BLBF01000010.1	583	50	535	583	18446991	18446842	54.000	8.05e-06	55.1
Ptyas_mucosa_C9A	BLBF01000050.1	583	222	298	514	11474082	11474705	26.126	1.21e-11	73.9
Ptyas_mucosa_C9A	BLBF01000020.1	583	82	274	355	37276108	37275863	35.366	2.00e-08	63.5
Ptyas_mucosa_C9A	BLBF01000020.1	583	51	529	579	37224371	37224523	50.980	9.03e-07	58.2
Vipera_berus_C9A	BLBF01000010.1	583	81	274	354	17568247	17568005	82.716	7.54e-35	146
Vipera_berus_C9A	BLBF01000010.1	583	80	453	532	17552866	17552627	83.750	2.81e-34	145
Vipera_berus_C9A	BLBF01000010.1	583	80	453	532	17343428	17343189	81.250	5.10e-33	141
Vipera_berus_C9A	BLBF01000010.1	583	92	276	367	17509566	17509300	68.478	1.51e-31	136
Vipera_berus_C9A	BLBF01000010.1	583	69	400	468	17344793	17344587	72.464	5.40e-21	103
Vipera_berus_C9A	BLBF01000010.1	583	83	199	278	17572595	17572347	66.265	6.16e-21	103
Vipera_berus_C9A	BLBF01000010.1	583	60	398	457	17554289	17554110	80.000	6.49e-21	103
Vipera_berus_C9A	BLBF01000010.1	583	50	107	156	17578809	17578660	86.000	9.94e-19	96.7
Vipera_berus_C9A	BLBF01000010.1	583	48	156	203	17576740	17576597	81.250	3.24e-18	95.1
Vipera_berus_C9A	BLBF01000010.1	583	52	532	583	17548791	17548636	73.077	5.38e-17	90.9
Vipera_berus_C9A	BLBF01000010.1	583	50	107	156	17516931	17516782	82.000	5.81e-17	90.9
Vipera_berus_C9A	BLBF01000010.1	583	54	54	107	17518579	17518418	75.926	1.47e-16	89.7
Vipera_berus_C9A	BLBF01000010.1	583	47	157	203	17515185	17515045	78.723	3.39e-16	88.6
Vipera_berus_C9A	BLBF01000010.1	583	51	533	583	17342281	17342129	70.588	1.46e-15	86.7
Vipera_berus_C9A	BLBF01000010.1	583	53	55	107	17579892	17579734	73.585	1.47e-15	86.3
Vipera_berus_C9A	BLBF01000010.1	583	74	199	272	17513629	17513408	51.351	8.90e-12	74.3
Vipera_berus_C9A	BLBF01000010.1	583	45	26	70	17584364	17584230	62.222	1.32e-08	63.9
Vipera_berus_C9A	BLBF01000010.1	583	41	26	66	17519283	17519161	63.415	1.10e-07	60.8
Vipera_berus_C9A	BLBF01000010.1	583	52	528	579	18397894	18398049	51.923	3.01e-07	59.7
Vipera_berus_C9A	BLBF01000010.1	583	69	457	525	18395627	18395830	40.580	5.37e-07	58.9
Vipera_berus_C9A	BLBF01000010.1	583	81	275	355	18508059	18507817	33.333	9.75e-07	57.8
Vipera_berus_C9A	BLBF01000010.1	583	43	354	395	17560797	17560669	69.767	1.01e-06	57.8
Vipera_berus_C9A	BLBF01000010.1	583	50	535	583	18446991	18446842	56.000	2.75e-06	56.6
Vipera_berus_C9A	BLBF01000010.1	583	78	266	343	18453317	18453090	34.615	7.58e-06	55.1
Vipera_berus_C9A	BLBF01000050.1	583	222	298	514	11474082	11474705	24.775	3.38e-10	69.3
Vipera_berus_C9A	BLBF01000020.1	583	51	529	579	37224371	37224523	52.941	7.70e-08	61.6
Vipera_berus_C9A	BLBF01000020.1	583	79	277	355	37276099	37275863	32.911	4.12e-07	59.3
Vipera_berus_C9A	BLBF01000020.1	583	52	532	583	37248955	37248812	51.923	1.36e-06	57.4
Sceloporus_undulatus_C9A	BLBF01000010.1	591	81	457	537	17343428	17343186	67.901	7.30e-27	122
Sceloporus_undulatus_C9A	BLBF01000010.1	591	78	460	537	17552857	17552624	65.385	1.92e-26	120
Sceloporus_undulatus_C9A	BLBF01000010.1	591	78	281	358	17568238	17568005	66.667	2.79e-26	120
Sceloporus_undulatus_C9A	BLBF01000010.1	591	94	280	373	17509566	17509294	55.319	2.26e-25	117
Sceloporus_undulatus_C9A	BLBF01000010.1	591	48	155	202	17576740	17576597	60.417	6.57e-12	74.7
Sceloporus_undulatus_C9A	BLBF01000010.1	591	65	408	472	17344781	17344587	50.769	3.73e-11	72.4
Sceloporus_undulatus_C9A	BLBF01000010.1	591	50	538	587	17548785	17548636	56.000	8.70e-11	71.2
Sceloporus_undulatus_C9A	BLBF01000010.1	591	57	405	461	17554280	17554110	56.140	1.78e-10	70.1
Sceloporus_undulatus_C9A	BLBF01000010.1	591	47	156	202	17515185	17515045	61.702	1.78e-10	70.1
Sceloporus_undulatus_C9A	BLBF01000010.1	591	50	106	155	17578809	17578660	64.000	4.19e-10	68.9
Sceloporus_undulatus_C9A	BLBF01000010.1	591	50	106	155	17516931	17516782	64.000	6.00e-10	68.6
Sceloporus_undulatus_C9A	BLBF01000010.1	591	51	541	591	18397921	18398073	54.902	9.44e-09	64.3
Sceloporus_undulatus_C9A	BLBF01000010.1	591	49	539	587	17342275	17342129	51.020	2.33e-08	63.2
Sceloporus_undulatus_C9A	BLBF01000010.1	591	61	528	587	18487745	18487563	47.541	7.95e-08	61.6
Sceloporus_undulatus_C9A	BLBF01000010.1	591	79	281	359	18508053	18507817	34.177	2.39e-07	60.1
Sceloporus_undulatus_C9A	BLBF01000010.1	591	50	539	587	18446991	18446842	58.000	3.38e-07	59.3
Sceloporus_undulatus_C9A	BLBF01000010.1	591	40	25	64	17519286	17519167	60.000	8.20e-07	58.2
Sceloporus_undulatus_C9A	BLBF01000010.1	591	69	463	531	18395633	18395836	40.580	8.63e-07	58.2
Sceloporus_undulatus_C9A	BLBF01000010.1	591	52	57	107	17518570	17518415	50.000	1.61e-06	57.4
Sceloporus_undulatus_C9A	BLBF01000010.1	591	59	25	83	17584367	17584215	42.373	9.59e-06	54.7
Sceloporus_undulatus_C9A	BLBF01000050.1	591	222	302	518	11474082	11474705	26.126	5.11e-09	65.5
Sceloporus_undulatus_C9A	BLBF01000020.1	591	52	533	584	37224371	37224526	48.077	3.06e-08	62.8
Sceloporus_undulatus_C9A	BLBF01000020.1	591	53	535	587	37248967	37248812	52.830	1.01e-06	57.8
Sceloporus_undulatus_C9A	BLBF01000020.1	591	75	454	527	37251888	37251664	34.667	5.66e-06	55.5
Anolis_carolinensis_C9B	BLBF01000010.1	538	92	280	371	17509566	17509300	57.609	5.69e-25	115
Anolis_carolinensis_C9B	BLBF01000010.1	538	75	280	354	17568241	17568017	66.667	2.55e-24	113
Anolis_carolinensis_C9B	BLBF01000010.1	538	70	462	531	17343413	17343204	67.143	2.27e-22	107
Anolis_carolinensis_C9B	BLBF01000010.1	538	68	462	529	17552851	17552648	64.706	2.40e-20	101
Anolis_carolinensis_C9B	BLBF01000010.1	538	49	154	202	17576743	17576597	63.265	2.65e-13	79.0
Anolis_carolinensis_C9B	BLBF01000010.1	538	47	156	202	17515185	17515045	65.957	2.08e-12	75.9
Anolis_carolinensis_C9B	BLBF01000010.1	538	61	400	460	17344805	17344623	54.098	3.98e-12	75.1
Anolis_carolinensis_C9B	BLBF01000010.1	538	50	106	155	17516931	17516782	68.000	3.33e-11	72.0
Anolis_carolinensis_C9B	BLBF01000010.1	538	50	106	155	17578809	17578660	66.000	6.46e-11	71.2
Anolis_carolinensis_C9B	BLBF01000010.1	538	56	405	460	17554280	17554113	55.357	1.33e-10	70.1
Anolis_carolinensis_C9B	BLBF01000010.1	538	71	462	532	18395630	18395839	42.254	6.82e-09	64.7
Anolis_carolinensis_C9B	BLBF01000010.1	538	52	57	107	17518570	17518415	51.923	1.05e-07	60.8
Anolis_carolinensis_C9B	BLBF01000010.1	538	82	281	362	18508053	18507808	34.146	1.90e-07	60.1
Anolis_carolinensis_C9B	BLBF01000010.1	538	48	17	64	17519298	17519167	52.083	4.87e-07	58.5
Anolis_carolinensis_C9B	BLBF01000010.1	538	83	195	275	17572604	17572377	37.349	1.89e-06	56.6
Anolis_carolinensis_C9B	BLBF01000010.1	538	75	281	355	18453290	18453066	34.667	8.15e-06	54.7
Anolis_carolinensis_C9B	BLBF01000020.1	538	81	281	361	37276099	37275857	34.568	6.94e-08	61.6
Anolis_carolinensis_C9B	BLBF01000020.1	538	77	281	357	37194931	37195161	32.468	1.99e-06	56.6
Anolis_carolinensis_C9B	BLBF01000050.1	538	229	295	518	11474061	11474705	25.764	3.80e-07	58.9
Hydrophis_cyanocinctus_C9B	BLBF01000010.1	582	81	273	353	17568247	17568005	91.358	2.55e-39	160
Hydrophis_cyanocinctus_C9B	BLBF01000010.1	582	80	452	531	17552866	17552627	88.750	2.68e-36	151
Hydrophis_cyanocinctus_C9B	BLBF01000010.1	582	92	275	366	17509566	17509300	69.565	3.98e-33	141
Hydrophis_cyanocinctus_C9B	BLBF01000010.1	582	80	452	531	17343428	17343189	78.750	3.42e-32	138
Hydrophis_cyanocinctus_C9B	BLBF01000010.1	582	75	198	272	17572595	17572371	84.000	4.89e-28	125
Hydrophis_cyanocinctus_C9B	BLBF01000010.1	582	61	396	456	17554292	17554110	88.525	6.02e-25	116
Hydrophis_cyanocinctus_C9B	BLBF01000010.1	582	52	531	582	17548791	17548636	94.231	4.29e-24	113
Hydrophis_cyanocinctus_C9B	BLBF01000010.1	582	50	57	106	17579883	17579734	94.000	4.54e-21	103
Hydrophis_cyanocinctus_C9B	BLBF01000010.1	582	50	106	155	17516931	17516782	94.000	1.79e-20	102
Hydrophis_cyanocinctus_C9B	BLBF01000010.1	582	58	98	155	17578833	17578660	81.034	5.48e-20	100
Hydrophis_cyanocinctus_C9B	BLBF01000010.1	582	48	155	202	17576740	17576597	87.500	4.84e-19	97.4
Hydrophis_cyanocinctus_C9B	BLBF01000010.1	582	66	402	467	17344784	17344587	65.152	3.11e-18	95.1
Hydrophis_cyanocinctus_C9B	BLBF01000010.1	582	54	53	106	17518579	17518418	72.222	7.04e-15	84.3
Hydrophis_cyanocinctus_C9B	BLBF01000010.1	582	47	156	202	17515185	17515045	72.340	1.10e-13	80.5
Hydrophis_cyanocinctus_C9B	BLBF01000010.1	582	45	353	397	17560797	17560663	86.667	1.38e-13	80.1
Hydrophis_cyanocinctus_C9B	BLBF01000010.1	582	79	193	271	17513644	17513408	51.899	1.47e-12	76.6
Hydrophis_cyanocinctus_C9B	BLBF01000010.1	582	49	534	582	17342275	17342129	63.265	5.49e-12	75.1
Hydrophis_cyanocinctus_C9B	BLBF01000010.1	582	38	25	62	17584364	17584251	89.474	2.18e-11	73.2
Hydrophis_cyanocinctus_C9B	BLBF01000010.1	582	56	527	582	18397894	18398061	50.000	1.11e-07	60.8
Hydrophis_cyanocinctus_C9B	BLBF01000010.1	582	69	456	524	18395627	18395830	42.029	2.28e-07	60.1
Hydrophis_cyanocinctus_C9B	BLBF01000010.1	582	55	529	582	18487727	18487563	49.091	1.03e-06	57.8
Hydrophis_cyanocinctus_C9B	BLBF01000050.1	582	222	297	513	11474082	11474705	25.676	4.24e-10	68.9
Hydrophis_cyanocinctus_C9B	BLBF01000020.1	582	50	529	578	37224374	37224523	52.000	5.14e-08	62.0
Hydrophis_cyanocinctus_C9B	BLBF01000020.1	582	79	276	354	37276099	37275863	32.911	3.94e-07	59.3
Hydrophis_cyanocinctus_C9B	BLBF01000020.1	582	165	276	433	37194931	37195404	23.636	7.34e-07	58.2
Bothrops_jararaca_C9B	BLBF01000010.1	583	81	274	354	17568247	17568005	81.481	1.19e-34	146
Bothrops_jararaca_C9B	BLBF01000010.1	583	80	453	532	17552866	17552627	83.750	1.57e-33	142
Bothrops_jararaca_C9B	BLBF01000010.1	583	92	276	367	17509566	17509300	70.652	9.36e-33	140
Bothrops_jararaca_C9B	BLBF01000010.1	583	80	453	532	17343428	17343189	81.250	2.95e-32	139
Bothrops_jararaca_C9B	BLBF01000010.1	583	76	196	271	17572604	17572377	69.737	5.43e-22	107
Bothrops_jararaca_C9B	BLBF01000010.1	583	60	398	457	17554289	17554110	83.333	1.68e-21	105
Bothrops_jararaca_C9B	BLBF01000010.1	583	70	400	469	17344793	17344584	71.429	2.21e-21	105
Bothrops_jararaca_C9B	BLBF01000010.1	583	48	156	203	17576740	17576597	83.333	1.26e-18	96.3
Bothrops_jararaca_C9B	BLBF01000010.1	583	50	107	156	17516931	17516782	86.000	1.66e-18	95.9
Bothrops_jararaca_C9B	BLBF01000010.1	583	50	107	156	17578809	17578660	86.000	3.51e-18	94.7
Bothrops_jararaca_C9B	BLBF01000010.1	583	47	157	203	17515185	17515045	82.979	8.66e-17	90.5
Bothrops_jararaca_C9B	BLBF01000010.1	583	52	532	583	17548791	17548636	73.077	9.69e-17	90.1
Bothrops_jararaca_C9B	BLBF01000010.1	583	51	57	107	17579886	17579734	78.431	1.27e-16	89.7
Bothrops_jararaca_C9B	BLBF01000010.1	583	54	54	107	17518579	17518418	74.074	1.43e-16	89.7
Bothrops_jararaca_C9B	BLBF01000010.1	583	51	533	583	17342281	17342129	70.588	1.01e-14	84.0
Bothrops_jararaca_C9B	BLBF01000010.1	583	77	196	272	17513638	17513408	48.052	7.44e-11	71.2
Bothrops_jararaca_C9B	BLBF01000010.1	583	45	26	70	17584364	17584230	66.667	1.16e-09	67.4
Bothrops_jararaca_C9B	BLBF01000010.1	583	41	26	66	17519283	17519161	63.415	2.58e-07	59.7
Bothrops_jararaca_C9B	BLBF01000010.1	583	52	528	579	18397894	18398049	48.077	1.03e-06	57.8
Bothrops_jararaca_C9B	BLBF01000010.1	583	79	277	355	18508053	18507817	32.911	1.15e-06	57.8
Bothrops_jararaca_C9B	BLBF01000010.1	583	43	354	395	17560797	17560669	65.116	2.92e-06	56.2
Bothrops_jararaca_C9B	BLBF01000010.1	583	50	535	583	18446991	18446842	54.000	7.58e-06	55.1
Bothrops_jararaca_C9B	BLBF01000010.1	583	69	457	525	18395627	18395830	39.130	8.40e-06	54.7
Bothrops_jararaca_C9B	BLBF01000050.1	583	224	298	514	11474082	11474705	25.446	3.53e-10	68.9
Bothrops_jararaca_C9B	BLBF01000020.1	583	82	274	355	37276108	37275863	34.146	4.90e-08	62.0
Bothrops_jararaca_C9B	BLBF01000020.1	583	51	529	579	37224371	37224523	50.980	6.49e-08	61.6
Bothrops_jararaca_C9B	BLBF01000020.1	583	52	532	583	37248955	37248812	51.923	1.27e-06	57.4
Laticauda_colubrina_C9B	BLBF01000010.1	583	81	274	354	17568247	17568005	100.000	6.56e-43	171
Laticauda_colubrina_C9B	BLBF01000010.1	583	80	453	532	17552866	17552627	96.250	3.48e-40	162
Laticauda_colubrina_C9B	BLBF01000010.1	583	94	274	367	17509572	17509300	69.149	7.76e-34	143
Laticauda_colubrina_C9B	BLBF01000010.1	583	78	199	276	17572595	17572362	94.872	9.30e-34	143
Laticauda_colubrina_C9B	BLBF01000010.1	583	80	453	532	17343428	17343189	80.000	2.04e-32	139
Laticauda_colubrina_C9B	BLBF01000010.1	583	65	393	457	17554304	17554110	93.846	1.31e-27	124
Laticauda_colubrina_C9B	BLBF01000010.1	583	52	532	583	17548791	17548636	100.000	1.03e-25	118
Laticauda_colubrina_C9B	BLBF01000010.1	583	50	58	107	17579883	17579734	100.000	8.00e-23	109
Laticauda_colubrina_C9B	BLBF01000010.1	583	58	99	156	17578833	17578660	89.655	1.09e-22	108
Laticauda_colubrina_C9B	BLBF01000010.1	583	46	157	202	17576737	17576600	100.000	1.57e-21	105
Laticauda_colubrina_C9B	BLBF01000010.1	583	66	403	468	17344784	17344587	68.182	3.19e-18	95.1
Laticauda_colubrina_C9B	BLBF01000010.1	583	50	107	156	17516931	17516782	86.000	3.99e-18	94.7
Laticauda_colubrina_C9B	BLBF01000010.1	583	54	54	107	17518579	17518418	75.926	3.14e-16	88.6
Laticauda_colubrina_C9B	BLBF01000010.1	583	43	354	396	17507290	17507162	97.674	5.75e-16	87.8
Laticauda_colubrina_C9B	BLBF01000010.1	583	46	157	202	17515185	17515048	78.261	6.89e-15	84.3
Laticauda_colubrina_C9B	BLBF01000010.1	583	38	26	63	17584364	17584251	92.105	2.18e-12	76.3
Laticauda_colubrina_C9B	BLBF01000010.1	583	51	533	583	17342281	17342129	60.784	1.24e-11	73.9
Laticauda_colubrina_C9B	BLBF01000010.1	583	78	194	271	17513644	17513411	46.154	1.10e-09	67.4
Laticauda_colubrina_C9B	BLBF01000010.1	583	81	275	355	18508059	18507817	34.568	3.63e-07	59.3
Laticauda_colubrina_C9B	BLBF01000010.1	583	69	457	525	18395627	18395830	42.029	3.89e-07	59.3
Laticauda_colubrina_C9B	BLBF01000010.1	583	56	529	583	18487730	18487563	51.786	5.60e-07	58.5
Laticauda_colubrina_C9B	BLBF01000010.1	583	120	236	355	18453392	18453054	30.833	1.75e-06	57.0
Laticauda_colubrina_C9B	BLBF01000010.1	583	56	528	583	18397894	18398061	46.429	2.55e-06	56.6
Laticauda_colubrina_C9B	BLBF01000010.1	583	38	26	63	17519283	17519170	63.158	8.47e-06	54.7
Laticauda_colubrina_C9B	BLBF01000050.1	583	222	298	514	11474082	11474705	25.225	3.78e-11	72.4
Laticauda_colubrina_C9B	BLBF01000020.1	583	51	529	579	37224371	37224523	52.941	3.76e-08	62.4
Laticauda_colubrina_C9B	BLBF01000020.1	583	81	277	357	37276099	37275857	30.864	1.28e-07	60.8
Pseudonaja_textilis_C9B	BLBF01000010.1	583	81	274	354	17568247	17568005	95.062	3.24e-40	163
Pseudonaja_textilis_C9B	BLBF01000010.1	583	80	453	532	17552866	17552627	91.250	3.50e-37	154
Pseudonaja_textilis_C9B	BLBF01000010.1	583	94	274	367	17509572	17509300	71.277	2.90e-35	148
Pseudonaja_textilis_C9B	BLBF01000010.1	583	80	453	532	17343428	17343189	78.750	1.02e-31	137
Pseudonaja_textilis_C9B	BLBF01000010.1	583	75	199	273	17572595	17572371	74.667	3.53e-24	114
Pseudonaja_textilis_C9B	BLBF01000010.1	583	60	398	457	17554289	17554110	91.667	4.29e-24	113
Pseudonaja_textilis_C9B	BLBF01000010.1	583	51	57	107	17579886	17579734	94.118	1.07e-21	105
Pseudonaja_textilis_C9B	BLBF01000010.1	583	52	532	583	17548791	17548636	86.538	8.29e-21	103
Pseudonaja_textilis_C9B	BLBF01000010.1	583	58	99	156	17578833	17578660	82.759	1.97e-20	102
Pseudonaja_textilis_C9B	BLBF01000010.1	583	50	107	156	17516931	17516782	92.000	5.47e-20	100
Pseudonaja_textilis_C9B	BLBF01000010.1	583	48	156	203	17576740	17576597	89.583	8.84e-20	100
Pseudonaja_textilis_C9B	BLBF01000010.1	583	66	403	468	17344784	17344587	68.182	2.16e-18	95.5
Pseudonaja_textilis_C9B	BLBF01000010.1	583	54	54	107	17518579	17518418	72.222	3.90e-15	85.1
Pseudonaja_textilis_C9B	BLBF01000010.1	583	47	157	203	17515185	17515045	76.596	3.90e-15	85.1
Pseudonaja_textilis_C9B	BLBF01000010.1	583	45	354	398	17560797	17560663	86.667	1.65e-13	79.7
Pseudonaja_textilis_C9B	BLBF01000010.1	583	45	26	70	17584364	17584230	75.556	3.91e-11	72.0
Pseudonaja_textilis_C9B	BLBF01000010.1	583	48	536	583	17342272	17342129	58.333	9.92e-10	67.8
Pseudonaja_textilis_C9B	BLBF01000010.1	583	79	194	272	17513644	17513408	45.570	1.29e-09	67.4
Pseudonaja_textilis_C9B	BLBF01000010.1	583	54	530	583	18397900	18398061	50.000	7.76e-08	61.6
Pseudonaja_textilis_C9B	BLBF01000010.1	583	69	457	525	18395627	18395830	42.029	1.11e-07	60.8
Pseudonaja_textilis_C9B	BLBF01000010.1	583	38	26	63	17519283	17519170	68.421	4.89e-07	58.9
Pseudonaja_textilis_C9B	BLBF01000010.1	583	54	531	583	18487718	18487563	51.852	6.93e-07	58.5
Pseudonaja_textilis_C9B	BLBF01000010.1	583	78	277	354	18508053	18507820	32.051	5.53e-06	55.5
Pseudonaja_textilis_C9B	BLBF01000050.1	583	222	298	514	11474082	11474705	25.676	3.18e-10	69.3
Pseudonaja_textilis_C9B	BLBF01000020.1	583	50	530	579	37224374	37224523	54.000	3.25e-08	62.8
Pseudonaja_textilis_C9B	BLBF01000020.1	583	79	277	355	37276099	37275863	31.646	1.67e-07	60.5
Pseudonaja_textilis_C9B	BLBF01000020.1	583	151	277	420	37194931	37195368	24.503	4.02e-07	59.3
Pseudonaja_textilis_C9B	BLBF01000020.1	583	47	537	583	37248952	37248812	44.681	4.36e-06	55.8
Notechis_scutatus_C9B	BLBF01000010.1	583	81	274	354	17568247	17568005	92.593	3.29e-39	160
Notechis_scutatus_C9B	BLBF01000010.1	583	85	448	532	17552881	17552627	89.412	1.88e-38	157
Notechis_scutatus_C9B	BLBF01000010.1	583	94	274	367	17509572	17509300	69.149	5.02e-34	144
Notechis_scutatus_C9B	BLBF01000010.1	583	98	435	532	17343482	17343189	67.347	9.61e-33	140
Notechis_scutatus_C9B	BLBF01000010.1	583	75	199	273	17572595	17572371	82.667	1.09e-27	124
Notechis_scutatus_C9B	BLBF01000010.1	583	52	532	583	17548791	17548636	94.231	4.07e-24	113
Notechis_scutatus_C9B	BLBF01000010.1	583	61	397	457	17554292	17554110	85.246	6.73e-24	112
Notechis_scutatus_C9B	BLBF01000010.1	583	50	58	107	17579883	17579734	96.000	1.46e-21	105
Notechis_scutatus_C9B	BLBF01000010.1	583	50	107	156	17516931	17516782	94.000	1.94e-20	102
Notechis_scutatus_C9B	BLBF01000010.1	583	48	156	203	17576740	17576597	91.667	2.41e-20	101
Notechis_scutatus_C9B	BLBF01000010.1	583	58	99	156	17578833	17578660	81.034	5.57e-20	100
Notechis_scutatus_C9B	BLBF01000010.1	583	69	400	468	17344793	17344587	62.319	1.41e-18	96.3
Notechis_scutatus_C9B	BLBF01000010.1	583	47	157	203	17515185	17515045	76.596	5.14e-15	84.7
Notechis_scutatus_C9B	BLBF01000010.1	583	54	54	107	17518579	17518418	72.222	6.11e-15	84.3
Notechis_scutatus_C9B	BLBF01000010.1	583	45	354	398	17560797	17560663	84.444	3.19e-13	79.0
Notechis_scutatus_C9B	BLBF01000010.1	583	38	26	63	17584364	17584251	92.105	2.09e-12	76.3
Notechis_scutatus_C9B	BLBF01000010.1	583	49	535	583	17342275	17342129	63.265	5.90e-12	74.7
Notechis_scutatus_C9B	BLBF01000010.1	583	79	194	272	17513644	17513408	49.367	3.24e-11	72.4
Notechis_scutatus_C9B	BLBF01000010.1	583	69	457	525	18395627	18395830	42.029	1.22e-07	60.8
Notechis_scutatus_C9B	BLBF01000010.1	583	56	528	583	18397894	18398061	50.000	1.93e-07	60.1
Notechis_scutatus_C9B	BLBF01000010.1	583	55	530	583	18487727	18487563	49.091	1.13e-06	57.8
Notechis_scutatus_C9B	BLBF01000010.1	583	79	277	355	18508053	18507817	31.646	7.58e-06	55.1
Notechis_scutatus_C9B	BLBF01000010.1	583	38	26	63	17519283	17519170	63.158	8.33e-06	54.7
Notechis_scutatus_C9B	BLBF01000010.1	583	82	274	355	18453299	18453054	29.268	9.46e-06	54.7
Notechis_scutatus_C9B	BLBF01000050.1	583	222	298	514	11474082	11474705	26.126	2.59e-10	69.7
Notechis_scutatus_C9B	BLBF01000020.1	583	168	274	434	37194922	37195404	23.810	3.20e-08	62.8
Notechis_scutatus_C9B	BLBF01000020.1	583	50	530	579	37224374	37224523	52.000	5.81e-08	62.0
Notechis_scutatus_C9B	BLBF01000020.1	583	79	277	355	37276099	37275863	30.380	8.15e-07	58.2
Pituophis_catenifer_C9B	BLBF01000010.1	583	94	274	367	17509572	17509300	84.043	1.33e-40	164
Pituophis_catenifer_C9B	BLBF01000010.1	583	77	456	532	17552857	17552627	87.013	5.34e-35	147
Pituophis_catenifer_C9B	BLBF01000010.1	583	77	277	353	17568238	17568008	81.818	1.27e-32	140
Pituophis_catenifer_C9B	BLBF01000010.1	583	77	456	532	17343419	17343189	80.519	7.67e-32	137
Pituophis_catenifer_C9B	BLBF01000010.1	583	76	198	273	17513632	17513405	75.000	3.07e-25	117
Pituophis_catenifer_C9B	BLBF01000010.1	583	72	397	468	17344802	17344587	80.556	9.63e-25	115
Pituophis_catenifer_C9B	BLBF01000010.1	583	50	107	156	17516931	17516782	96.000	9.20e-21	103
Pituophis_catenifer_C9B	BLBF01000010.1	583	51	533	583	17342281	17342129	84.314	9.56e-20	99.8
Pituophis_catenifer_C9B	BLBF01000010.1	583	47	157	203	17515185	17515045	89.362	1.41e-18	96.3
Pituophis_catenifer_C9B	BLBF01000010.1	583	54	54	107	17518579	17518418	79.630	4.51e-18	94.4
Pituophis_catenifer_C9B	BLBF01000010.1	583	50	107	156	17578809	17578660	86.000	2.15e-17	92.4
Pituophis_catenifer_C9B	BLBF01000010.1	583	70	390	457	17554319	17554110	65.714	5.15e-17	91.3
Pituophis_catenifer_C9B	BLBF01000010.1	583	47	157	203	17576737	17576597	82.979	6.56e-17	90.9
Pituophis_catenifer_C9B	BLBF01000010.1	583	53	55	107	17579892	17579734	73.585	3.55e-15	85.1
Pituophis_catenifer_C9B	BLBF01000010.1	583	100	198	297	17572598	17572305	49.000	1.50e-13	80.1
Pituophis_catenifer_C9B	BLBF01000010.1	583	52	532	583	17548791	17548636	57.692	1.39e-11	73.6
Pituophis_catenifer_C9B	BLBF01000010.1	583	41	26	66	17519283	17519161	70.732	2.23e-09	66.6
Pituophis_catenifer_C9B	BLBF01000010.1	583	45	26	70	17584364	17584230	60.000	4.27e-08	62.4
Pituophis_catenifer_C9B	BLBF01000010.1	583	42	355	395	17560794	17560669	71.429	1.97e-07	60.1
Pituophis_catenifer_C9B	BLBF01000010.1	583	69	457	525	18395627	18395830	40.580	3.68e-06	55.8
Pituophis_catenifer_C9B	BLBF01000050.1	583	222	298	514	11474082	11474705	25.676	3.16e-11	72.4
Pituophis_catenifer_C9B	BLBF01000050.1	583	226	298	516	13792723	13792118	23.009	1.85e-07	60.1
Pituophis_catenifer_C9B	BLBF01000020.1	583	76	277	352	37276099	37275872	36.842	1.79e-07	60.5
Pituophis_catenifer_C9B	BLBF01000020.1	583	46	538	583	37248949	37248812	52.174	3.50e-06	56.2
Pantherophis_obsoletus_C9B	BLBF01000010.1	583	81	274	354	17568247	17568005	86.420	2.67e-36	151
Pantherophis_obsoletus_C9B	BLBF01000010.1	583	77	456	532	17343419	17343189	88.312	6.07e-36	150
Pantherophis_obsoletus_C9B	BLBF01000010.1	583	92	276	367	17509566	17509300	72.826	1.37e-34	145
Pantherophis_obsoletus_C9B	BLBF01000010.1	583	77	456	532	17552857	17552627	80.519	1.01e-32	140
Pantherophis_obsoletus_C9B	BLBF01000010.1	583	75	198	272	17513632	17513408	74.667	1.08e-24	115
Pantherophis_obsoletus_C9B	BLBF01000010.1	583	72	397	468	17344802	17344587	80.556	1.79e-24	114
Pantherophis_obsoletus_C9B	BLBF01000010.1	583	50	107	156	17516931	17516782	96.000	1.21e-20	102
Pantherophis_obsoletus_C9B	BLBF01000010.1	583	56	528	583	17342296	17342129	78.571	1.49e-20	102
Pantherophis_obsoletus_C9B	BLBF01000010.1	583	54	54	107	17518579	17518418	85.185	1.82e-20	102
Pantherophis_obsoletus_C9B	BLBF01000010.1	583	47	157	203	17515185	17515045	89.362	1.73e-18	95.9
Pantherophis_obsoletus_C9B	BLBF01000010.1	583	50	107	156	17578809	17578660	86.000	2.11e-17	92.4
Pantherophis_obsoletus_C9B	BLBF01000010.1	583	57	401	457	17554280	17554110	73.684	6.68e-17	90.9
Pantherophis_obsoletus_C9B	BLBF01000010.1	583	48	156	203	17576740	17576597	81.250	8.81e-17	90.5
Pantherophis_obsoletus_C9B	BLBF01000010.1	583	51	57	107	17579886	17579734	78.431	3.17e-16	88.6
Pantherophis_obsoletus_C9B	BLBF01000010.1	583	100	198	297	17572598	17572305	51.000	2.59e-14	82.4
Pantherophis_obsoletus_C9B	BLBF01000010.1	583	52	532	583	17548791	17548636	59.615	3.50e-12	75.5
Pantherophis_obsoletus_C9B	BLBF01000010.1	583	45	26	70	17584364	17584230	66.667	2.43e-09	66.2
Pantherophis_obsoletus_C9B	BLBF01000010.1	583	41	26	66	17519283	17519161	65.854	4.10e-08	62.4
Pantherophis_obsoletus_C9B	BLBF01000010.1	583	43	354	395	17560797	17560669	72.093	1.04e-07	61.2
Pantherophis_obsoletus_C9B	BLBF01000010.1	583	69	457	525	18395627	18395830	39.130	4.45e-07	58.9
Pantherophis_obsoletus_C9B	BLBF01000010.1	583	81	275	355	18508059	18507817	33.333	2.26e-06	56.6
Pantherophis_obsoletus_C9B	BLBF01000010.1	583	73	457	529	18492944	18492729	39.726	3.97e-06	55.8
Pantherophis_obsoletus_C9B	BLBF01000050.1	583	222	298	514	11474082	11474705	25.676	9.45e-11	70.9
Pantherophis_obsoletus_C9B	BLBF01000020.1	583	82	274	355	37276108	37275863	36.585	4.42e-09	65.5
Pantherophis_obsoletus_C9B	BLBF01000020.1	583	47	537	583	37248952	37248812	51.064	2.32e-06	56.6
Crotalus_tigris_C9B	BLBF01000010.1	583	94	274	367	17509572	17509300	77.660	1.47e-37	155
Crotalus_tigris_C9B	BLBF01000010.1	583	80	453	532	17343428	17343189	80.000	7.13e-33	140
Crotalus_tigris_C9B	BLBF01000010.1	583	80	453	532	17552866	17552627	77.500	3.03e-32	139
Crotalus_tigris_C9B	BLBF01000010.1	583	78	276	353	17568241	17568008	76.923	1.09e-31	137
Crotalus_tigris_C9B	BLBF01000010.1	583	77	196	272	17513638	17513408	72.727	5.84e-24	113
Crotalus_tigris_C9B	BLBF01000010.1	583	73	396	468	17344805	17344587	73.973	7.20e-23	109
Crotalus_tigris_C9B	BLBF01000010.1	583	51	533	583	17342281	17342129	82.353	7.62e-20	100
Crotalus_tigris_C9B	BLBF01000010.1	583	50	107	156	17516931	17516782	90.000	8.96e-19	96.7
Crotalus_tigris_C9B	BLBF01000010.1	583	57	401	457	17554280	17554110	78.947	4.39e-18	94.4
Crotalus_tigris_C9B	BLBF01000010.1	583	47	157	203	17515185	17515045	87.234	6.78e-18	94.0
Crotalus_tigris_C9B	BLBF01000010.1	583	54	54	107	17518579	17518418	75.926	7.33e-18	94.0
Crotalus_tigris_C9B	BLBF01000010.1	583	50	107	156	17578809	17578660	82.000	2.18e-16	89.0
Crotalus_tigris_C9B	BLBF01000010.1	583	48	156	203	17576740	17576597	77.083	2.32e-16	89.0
Crotalus_tigris_C9B	BLBF01000010.1	583	51	57	107	17579886	17579734	78.431	5.23e-16	87.8
Crotalus_tigris_C9B	BLBF01000010.1	583	103	196	297	17572604	17572305	44.660	2.18e-12	76.3
Crotalus_tigris_C9B	BLBF01000010.1	583	52	532	583	17548791	17548636	57.692	2.95e-12	75.9
Crotalus_tigris_C9B	BLBF01000010.1	583	41	26	66	17519283	17519161	75.610	2.66e-10	69.3
Crotalus_tigris_C9B	BLBF01000010.1	583	45	26	70	17584364	17584230	57.778	2.91e-07	59.7
Crotalus_tigris_C9B	BLBF01000010.1	583	69	457	525	18395627	18395830	39.130	2.15e-06	56.6
Crotalus_tigris_C9B	BLBF01000050.1	583	222	298	514	11474082	11474705	26.126	2.13e-11	73.2
Crotalus_tigris_C9B	BLBF01000020.1	583	74	277	350	37276099	37275878	36.486	6.15e-07	58.5
Crotalus_tigris_C9B	BLBF01000020.1	583	46	538	583	37248949	37248812	52.174	5.04e-06	55.5
Ptyas_mucosa_C9B	BLBF01000010.1	583	94	274	367	17509572	17509300	85.106	2.40e-41	166
Ptyas_mucosa_C9B	BLBF01000010.1	583	77	456	532	17343419	17343189	87.013	7.07e-35	146
Ptyas_mucosa_C9B	BLBF01000010.1	583	84	277	360	17568238	17567987	77.381	8.94e-33	140
Ptyas_mucosa_C9B	BLBF01000010.1	583	77	456	532	17552857	17552627	79.221	1.22e-31	137
Ptyas_mucosa_C9B	BLBF01000010.1	583	78	196	273	17513638	17513405	71.795	1.70e-23	111
Ptyas_mucosa_C9B	BLBF01000010.1	583	56	528	583	17342296	17342129	85.714	6.95e-23	109
Ptyas_mucosa_C9B	BLBF01000010.1	583	61	397	457	17344802	17344620	86.885	2.44e-22	108
Ptyas_mucosa_C9B	BLBF01000010.1	583	50	107	156	17516931	17516782	94.000	6.02e-20	100
Ptyas_mucosa_C9B	BLBF01000010.1	583	47	157	203	17515185	17515045	89.362	1.38e-18	96.3
Ptyas_mucosa_C9B	BLBF01000010.1	583	53	55	107	17579892	17579734	83.019	1.40e-18	96.3
Ptyas_mucosa_C9B	BLBF01000010.1	583	47	157	203	17576737	17576597	82.979	2.60e-17	92.0
Ptyas_mucosa_C9B	BLBF01000010.1	583	58	99	156	17578833	17578660	75.862	3.14e-17	91.7
Ptyas_mucosa_C9B	BLBF01000010.1	583	57	401	457	17554280	17554110	71.930	6.21e-16	87.8
Ptyas_mucosa_C9B	BLBF01000010.1	583	54	54	107	17518579	17518418	72.222	2.99e-15	85.5
Ptyas_mucosa_C9B	BLBF01000010.1	583	102	196	297	17572604	17572305	48.039	4.62e-13	78.6
Ptyas_mucosa_C9B	BLBF01000010.1	583	52	532	583	17548791	17548636	59.615	2.59e-12	75.9
Ptyas_mucosa_C9B	BLBF01000010.1	583	70	460	529	18492935	18492729	41.429	5.35e-06	55.5
Ptyas_mucosa_C9B	BLBF01000010.1	583	69	457	525	18395627	18395830	37.681	5.53e-06	55.5
Ptyas_mucosa_C9B	BLBF01000010.1	583	42	27	66	17519286	17519161	61.905	8.91e-06	54.7
Ptyas_mucosa_C9B	BLBF01000050.1	583	222	298	514	11474082	11474705	25.225	4.73e-09	65.5
Ptyas_mucosa_C9B	BLBF01000050.1	583	222	298	516	13792723	13792118	22.523	1.58e-06	57.4
Ptyas_mucosa_C9B	BLBF01000020.1	583	76	277	352	37276099	37275872	36.842	1.64e-07	60.5
Ptyas_mucosa_C9B	BLBF01000020.1	583	47	537	583	37248952	37248812	51.064	2.19e-06	56.6
