Laticauda_colubrina_C9A	BLBF01000010.1	584	94	274	367	17509572	17509300	89.362	2.06e-44	175
Laticauda_colubrina_C9A	BLBF01000010.1	584	77	456	532	17343419	17343189	98.701	2.28e-39	160
Laticauda_colubrina_C9A	BLBF01000010.1	584	79	195	273	17513641	17513405	92.405	7.45e-36	149
Laticauda_colubrina_C9A	BLBF01000010.1	584	80	274	353	17568247	17568008	77.500	3.84e-32	138
Laticauda_colubrina_C9A	BLBF01000010.1	584	77	456	532	17552857	17552627	81.818	7.36e-32	137
Laticauda_colubrina_C9A	BLBF01000010.1	584	72	397	468	17344802	17344587	87.500	2.08e-27	124
Laticauda_colubrina_C9A	BLBF01000010.1	584	57	528	584	17342296	17342126	96.491	2.05e-26	120
Laticauda_colubrina_C9A	BLBF01000010.1	584	54	54	107	17518579	17518418	94.444	1.05e-23	112
Laticauda_colubrina_C9A	BLBF01000010.1	584	50	107	156	17516931	17516782	100.000	7.57e-22	106
Laticauda_colubrina_C9A	BLBF01000010.1	584	47	157	203	17515185	17515045	97.872	1.69e-20	102
Laticauda_colubrina_C9A	BLBF01000010.1	584	50	107	156	17578809	17578660	86.000	7.06e-18	94.0
Laticauda_colubrina_C9A	BLBF01000010.1	584	57	401	457	17554280	17554110	73.684	1.19e-17	93.2
Laticauda_colubrina_C9A	BLBF01000010.1	584	51	57	107	17579886	17579734	78.431	2.80e-16	89.0
Laticauda_colubrina_C9A	BLBF01000010.1	584	42	355	396	17507287	17507162	100.000	1.57e-15	86.3
Laticauda_colubrina_C9A	BLBF01000010.1	584	58	146	203	17576770	17576597	65.517	1.97e-15	85.9
Laticauda_colubrina_C9A	BLBF01000010.1	584	53	532	584	17548791	17548633	62.264	1.76e-13	79.7
Laticauda_colubrina_C9A	BLBF01000010.1	584	41	26	66	17519283	17519161	82.927	3.82e-12	75.5
Laticauda_colubrina_C9A	BLBF01000010.1	584	76	196	271	17572604	17572377	51.316	3.86e-12	75.5
Laticauda_colubrina_C9A	BLBF01000010.1	584	71	457	527	18395627	18395836	40.845	1.84e-07	60.1
Laticauda_colubrina_C9A	BLBF01000010.1	584	45	26	70	17584364	17584230	57.778	3.29e-07	59.3
Laticauda_colubrina_C9A	BLBF01000010.1	584	47	537	583	18397921	18398061	53.191	9.81e-06	54.7
Laticauda_colubrina_C9A	BLBF01000050.1	584	222	298	514	11474082	11474705	24.324	8.20e-09	64.7
Laticauda_colubrina_C9A	BLBF01000020.1	584	81	277	357	37276099	37275857	35.802	1.01e-07	61.2
Laticauda_colubrina_C9A	BLBF01000020.1	584	48	537	584	37248952	37248809	52.083	6.92e-06	55.1
Laticauda_colubrina_C9B	BLBF01000010.1	584	81	274	354	17568247	17568005	100.000	6.68e-43	171
Laticauda_colubrina_C9B	BLBF01000010.1	584	80	453	532	17552866	17552627	96.250	3.54e-40	162
Laticauda_colubrina_C9B	BLBF01000010.1	584	94	274	367	17509572	17509300	69.149	7.87e-34	143
Laticauda_colubrina_C9B	BLBF01000010.1	584	78	199	276	17572595	17572362	94.872	9.43e-34	143
Laticauda_colubrina_C9B	BLBF01000010.1	584	80	453	532	17343428	17343189	80.000	2.06e-32	139
Laticauda_colubrina_C9B	BLBF01000010.1	584	65	393	457	17554304	17554110	93.846	1.32e-27	124
Laticauda_colubrina_C9B	BLBF01000010.1	584	53	532	584	17548791	17548633	100.000	8.06e-26	119
Laticauda_colubrina_C9B	BLBF01000010.1	584	50	58	107	17579883	17579734	100.000	8.07e-23	109
Laticauda_colubrina_C9B	BLBF01000010.1	584	58	99	156	17578833	17578660	89.655	1.10e-22	108
Laticauda_colubrina_C9B	BLBF01000010.1	584	46	157	202	17576737	17576600	100.000	1.58e-21	105
Laticauda_colubrina_C9B	BLBF01000010.1	584	66	403	468	17344784	17344587	68.182	3.20e-18	95.1
Laticauda_colubrina_C9B	BLBF01000010.1	584	50	107	156	17516931	17516782	86.000	4.02e-18	94.7
Laticauda_colubrina_C9B	BLBF01000010.1	584	54	54	107	17518579	17518418	75.926	3.16e-16	88.6
Laticauda_colubrina_C9B	BLBF01000010.1	584	43	354	396	17507290	17507162	97.674	5.78e-16	87.8
Laticauda_colubrina_C9B	BLBF01000010.1	584	46	157	202	17515185	17515048	78.261	6.92e-15	84.3
Laticauda_colubrina_C9B	BLBF01000010.1	584	38	26	63	17584364	17584251	92.105	2.19e-12	76.3
Laticauda_colubrina_C9B	BLBF01000010.1	584	52	533	584	17342281	17342126	61.538	9.73e-12	74.3
Laticauda_colubrina_C9B	BLBF01000010.1	584	78	194	271	17513644	17513411	46.154	1.10e-09	67.4
Laticauda_colubrina_C9B	BLBF01000010.1	584	81	275	355	18508059	18507817	34.568	3.64e-07	59.3
Laticauda_colubrina_C9B	BLBF01000010.1	584	69	457	525	18395627	18395830	42.029	3.90e-07	59.3
Laticauda_colubrina_C9B	BLBF01000010.1	584	56	529	583	18487730	18487563	51.786	5.62e-07	58.5
Laticauda_colubrina_C9B	BLBF01000010.1	584	120	236	355	18453392	18453054	30.833	1.76e-06	57.0
Laticauda_colubrina_C9B	BLBF01000010.1	584	56	528	583	18397894	18398061	46.429	2.56e-06	56.6
Laticauda_colubrina_C9B	BLBF01000010.1	584	38	26	63	17519283	17519170	63.158	8.49e-06	54.7
Laticauda_colubrina_C9B	BLBF01000050.1	584	222	298	514	11474082	11474705	25.225	3.80e-11	72.4
Laticauda_colubrina_C9B	BLBF01000020.1	584	51	529	579	37224371	37224523	52.941	3.77e-08	62.4
Laticauda_colubrina_C9B	BLBF01000020.1	584	81	277	357	37276099	37275857	30.864	1.29e-07	60.8
