# Cryptoblepharus_egeriae DAB2/FYB1 anchors on CM123735.1:215092269-219103558 (sstart/send relative to region; add 215092268)
Anolis_carolinensis_DAB2	1985907	1986548	293
Anolis_carolinensis_DAB2	1988981	1989523	218
Anolis_carolinensis_DAB2	1982043	1982186	100
Anolis_carolinensis_DAB2	1980370	1980570	95.9
Anolis_carolinensis_DAB2	1981115	1981222	74.3
Anolis_carolinensis_DAB2	1987625	1987783	61.6
Anolis_carolinensis_FYB1	2032703	2033845	320
Anolis_carolinensis_FYB1	2046159	2046326	110
Anolis_carolinensis_FYB1	2061113	2061277	100
Anolis_carolinensis_FYB1	2047105	2047245	70.9
Anolis_carolinensis_FYB1	2052623	2052775	57.4
Anolis_carolinensis_FYB1	2059773	2059931	47.4
Thamnophis_elegans_DAB2	1985907	1986548	276
Thamnophis_elegans_DAB2	1988981	1989523	187
Thamnophis_elegans_DAB2	1982043	1982186	99.4
Thamnophis_elegans_DAB2	1980376	1980570	93.6
Thamnophis_elegans_DAB2	1981115	1981222	72.4
Thamnophis_elegans_DAB2	1987625	1987783	57.4
Thamnophis_elegans_FYB1	2032703	2033851	251
Thamnophis_elegans_FYB1	2046159	2046326	92.4
Thamnophis_elegans_FYB1	2061113	2061277	87.8
Thamnophis_elegans_FYB1	2047105	2047335	75.5
Thamnophis_elegans_FYB1	2052623	2052757	67.8
Thamnophis_elegans_FYB1	2059794	2059904	52.0
