# Cyclura_pinguis DAB2/FYB1 anchors on CM059600.1:327401820-331429568 (sstart/send relative to region; add 327401819)
Anolis_carolinensis_DAB2	1976287	1976913	374
Anolis_carolinensis_DAB2	1984175	1984717	263
Anolis_carolinensis_DAB2	1970476	1970628	104
Anolis_carolinensis_DAB2	1968112	1968252	100
Anolis_carolinensis_DAB2	1978509	1978670	88.6
Anolis_carolinensis_DAB2	1969616	1969720	74.3
Anolis_carolinensis_DAB2	1987459	1987581	58.9
Anolis_carolinensis_DAB2	1973423	1973503	48.9
Anolis_carolinensis_FYB1	2057665	2058777	491
Anolis_carolinensis_FYB1	2077148	2077303	107
Anolis_carolinensis_FYB1	2102235	2102408	100
Anolis_carolinensis_FYB1	2081802	2081942	81.3
Anolis_carolinensis_FYB1	2087799	2087939	66.2
Anolis_carolinensis_FYB1	2095632	2095700	47.8
Thamnophis_elegans_DAB2	1976287	1976913	301
Thamnophis_elegans_DAB2	1984175	1984717	195
Thamnophis_elegans_DAB2	1970476	1970628	102
Thamnophis_elegans_DAB2	1968112	1968252	96.3
Thamnophis_elegans_DAB2	1969616	1969720	72.4
Thamnophis_elegans_DAB2	1978509	1978670	68.9
Thamnophis_elegans_DAB2	1973423	1973503	50.8
Thamnophis_elegans_FYB1	2057665	2058774	270
Thamnophis_elegans_FYB1	2077124	2077315	97.1
Thamnophis_elegans_FYB1	2102235	2102408	90.1
Thamnophis_elegans_FYB1	2081802	2081951	75.1
Thamnophis_elegans_FYB1	2087799	2087927	56.6
