Lacerta_agilis_C9A	NC_045543.1	589	78	279	356	127804834	127805067	66.667	6.06e-28	125
Lacerta_agilis_C9A	NC_045543.1	589	93	279	371	127839933	127840202	56.989	4.00e-27	122
Lacerta_agilis_C9A	NC_045543.1	589	74	461	534	127848240	127848461	66.216	1.48e-23	111
Lacerta_agilis_C9A	NC_045543.1	589	73	462	534	127812619	127812837	65.753	3.38e-23	110
Lacerta_agilis_C9A	NC_045543.1	589	47	155	201	127835375	127835515	76.596	7.67e-16	87.0
Lacerta_agilis_C9A	NC_045543.1	589	55	100	154	127799182	127799346	67.273	6.40e-14	80.9
Lacerta_agilis_C9A	NC_045543.1	589	55	100	154	127830712	127830876	69.091	6.97e-14	80.9
Lacerta_agilis_C9A	NC_045543.1	589	47	155	201	127801991	127802131	72.340	1.15e-13	80.1
Lacerta_agilis_C9A	NC_045543.1	589	56	403	458	127810642	127810809	53.571	2.53e-10	69.3
Lacerta_agilis_C9A	NC_045543.1	589	52	56	106	127796473	127796628	55.769	1.34e-09	67.0
Lacerta_agilis_C9A	NC_045543.1	589	52	56	106	127828585	127828740	51.923	1.12e-07	60.8
Lacerta_agilis_C9A	NC_045543.1	589	80	194	273	127802692	127802919	40.000	1.43e-07	60.5
Lacerta_agilis_C9A	NC_045543.1	589	60	470	529	127058049	127057870	45.000	7.93e-07	57.8
Lacerta_agilis_C9A	NC_045543.1	589	61	398	458	127845302	127845484	44.262	7.93e-07	57.8
Lacerta_agilis_C9A	NC_045543.1	589	52	534	584	127814357	127814512	51.923	9.98e-07	57.8
Lacerta_agilis_C9A	NC_045545.1	589	81	279	359	30390334	30390092	37.037	1.12e-08	63.9
Lacerta_agilis_C9A	NC_045558.1	589	219	304	517	123979114	123979728	25.114	1.34e-07	60.5
Zootoca_vivipara_C9A	NC_045543.1	589	78	279	356	127804834	127805067	66.667	6.28e-28	125
Zootoca_vivipara_C9A	NC_045543.1	589	93	279	371	127839933	127840202	56.989	8.99e-27	121
Zootoca_vivipara_C9A	NC_045543.1	589	74	461	534	127848240	127848461	66.216	1.26e-23	112
Zootoca_vivipara_C9A	NC_045543.1	589	73	462	534	127812619	127812837	65.753	5.19e-23	110
Zootoca_vivipara_C9A	NC_045543.1	589	47	155	201	127835375	127835515	76.596	8.36e-16	87.0
Zootoca_vivipara_C9A	NC_045543.1	589	55	100	154	127799182	127799346	67.273	7.79e-14	80.5
Zootoca_vivipara_C9A	NC_045543.1	589	47	155	201	127801991	127802131	72.340	1.15e-13	80.1
Zootoca_vivipara_C9A	NC_045543.1	589	55	100	154	127830712	127830876	67.273	1.27e-13	80.1
Zootoca_vivipara_C9A	NC_045543.1	589	56	403	458	127810642	127810809	55.357	6.79e-11	71.2
Zootoca_vivipara_C9A	NC_045543.1	589	90	17	105	127796386	127796625	42.222	8.55e-11	70.9
Zootoca_vivipara_C9A	NC_045543.1	589	52	56	106	127828585	127828740	53.846	2.10e-08	63.2
Zootoca_vivipara_C9A	NC_045543.1	589	80	194	273	127802692	127802919	42.500	1.48e-07	60.5
Zootoca_vivipara_C9A	NC_045543.1	589	52	534	584	127814357	127814512	51.923	7.47e-07	58.2
Zootoca_vivipara_C9A	NC_045543.1	589	60	470	529	127058049	127057870	43.333	1.34e-06	57.4
Zootoca_vivipara_C9A	NC_045543.1	589	54	405	458	127845323	127845484	46.296	3.96e-06	55.8
Zootoca_vivipara_C9A	NC_045545.1	589	81	279	359	30390334	30390092	37.037	2.05e-08	63.2
Zootoca_vivipara_C9A	NC_045558.1	589	221	304	517	123979114	123979728	23.982	1.40e-06	57.0
Podarcis_muralis_C9A	NC_045543.1	589	79	278	356	127804831	127805067	65.823	4.17e-28	125
Podarcis_muralis_C9A	NC_045543.1	589	93	279	371	127839933	127840202	55.914	2.56e-26	120
Podarcis_muralis_C9A	NC_045543.1	589	74	461	534	127848240	127848461	64.865	3.62e-23	110
Podarcis_muralis_C9A	NC_045543.1	589	73	462	534	127812619	127812837	64.384	1.53e-22	108
Podarcis_muralis_C9A	NC_045543.1	589	47	155	201	127835375	127835515	76.596	7.22e-16	87.0
Podarcis_muralis_C9A	NC_045543.1	589	55	100	154	127799182	127799346	67.273	7.34e-14	80.9
Podarcis_muralis_C9A	NC_045543.1	589	55	100	154	127830712	127830876	69.091	7.47e-14	80.9
Podarcis_muralis_C9A	NC_045543.1	589	47	155	201	127801991	127802131	72.340	1.21e-13	80.1
Podarcis_muralis_C9A	NC_045543.1	589	52	56	106	127796473	127796628	57.692	4.64e-10	68.6
Podarcis_muralis_C9A	NC_045543.1	589	55	404	458	127810645	127810809	52.727	4.73e-09	65.1
Podarcis_muralis_C9A	NC_045543.1	589	52	56	106	127828585	127828740	55.769	8.52e-09	64.3
Podarcis_muralis_C9A	NC_045543.1	589	86	194	279	127802692	127802937	40.698	4.37e-07	58.9
Podarcis_muralis_C9A	NC_045543.1	589	60	470	529	127058049	127057870	41.667	8.13e-07	57.8
Podarcis_muralis_C9A	NC_045543.1	589	61	398	458	127845302	127845484	44.262	1.09e-06	57.4
Podarcis_muralis_C9A	NC_045543.1	589	52	534	584	127814357	127814512	51.923	1.17e-06	57.4
Podarcis_muralis_C9A	NC_045545.1	589	81	279	359	30390334	30390092	35.802	6.16e-08	61.6
Podarcis_muralis_C9A	NC_045558.1	589	222	304	516	123979114	123979725	24.324	4.94e-06	55.5
Anolis_carolinensis_C9A	NC_045543.1	591	81	457	537	127848222	127848464	65.432	4.16e-27	122
Anolis_carolinensis_C9A	NC_045543.1	591	106	281	381	127839933	127840241	52.830	5.96e-26	119
Anolis_carolinensis_C9A	NC_045543.1	591	81	457	537	127812598	127812840	64.198	8.96e-26	118
Anolis_carolinensis_C9A	NC_045543.1	591	79	280	358	127804831	127805067	63.291	9.09e-25	115
Anolis_carolinensis_C9A	NC_045543.1	591	47	156	202	127835375	127835515	76.596	1.01e-15	86.7
Anolis_carolinensis_C9A	NC_045543.1	591	47	156	202	127801991	127802131	72.340	9.25e-14	80.5
Anolis_carolinensis_C9A	NC_045543.1	591	52	536	587	127814357	127814512	55.769	1.40e-10	70.1
Anolis_carolinensis_C9A	NC_045543.1	591	50	106	155	127830727	127830876	64.000	1.94e-10	69.7
Anolis_carolinensis_C9A	NC_045543.1	591	52	57	107	127796473	127796628	57.692	1.04e-09	67.4
Anolis_carolinensis_C9A	NC_045543.1	591	63	106	168	127799197	127799385	50.794	1.36e-09	67.0
Anolis_carolinensis_C9A	NC_045543.1	591	54	408	461	127810651	127810812	53.704	8.73e-09	64.3
Anolis_carolinensis_C9A	NC_045543.1	591	78	281	358	127005205	127005438	33.333	2.19e-07	59.7
Anolis_carolinensis_C9A	NC_045543.1	591	50	542	591	127054606	127054457	52.000	4.04e-07	58.9
Anolis_carolinensis_C9A	NC_045543.1	591	71	461	531	127058079	127057870	39.437	6.45e-07	58.2
Anolis_carolinensis_C9A	NC_045543.1	591	52	57	107	127828585	127828740	50.000	7.58e-07	58.2
Anolis_carolinensis_C9A	NC_045543.1	591	82	278	359	126950894	126951139	31.707	3.14e-06	55.8
Anolis_carolinensis_C9A	NC_045543.1	591	42	25	66	127794745	127794870	50.000	3.45e-06	55.8
Anolis_carolinensis_C9A	NC_045543.1	591	87	195	281	127802692	127802937	33.333	3.50e-06	55.8
Anolis_carolinensis_C9A	NC_045543.1	591	52	25	75	127827063	127827218	50.000	5.94e-06	55.1
Anolis_carolinensis_C9A	NC_045545.1	591	51	534	584	30346912	30347064	49.020	1.30e-07	60.5
Anolis_carolinensis_C9A	NC_045545.1	591	78	281	358	30327248	30327481	32.051	1.27e-06	57.4
Anolis_carolinensis_C9A	NC_045545.1	591	75	454	527	30363505	30363281	33.333	9.81e-06	54.3
Anolis_carolinensis_C9A	NC_045541.1	591	53	541	589	54277614	54277772	52.830	1.14e-06	57.4
Anolis_carolinensis_C9A	NC_045558.1	591	220	305	518	123979111	123979725	24.545	4.23e-06	55.5
Pogona_vitticeps_C9A	NC_045543.1	576	105	241	345	127804777	127805085	56.190	1.11e-26	121
Pogona_vitticeps_C9A	NC_045543.1	576	90	262	351	127839933	127840193	58.889	2.45e-26	120
Pogona_vitticeps_C9A	NC_045543.1	576	75	438	512	127848222	127848446	68.000	1.38e-24	114
Pogona_vitticeps_C9A	NC_045543.1	576	74	438	511	127812598	127812819	68.919	6.20e-23	109
Pogona_vitticeps_C9A	NC_045543.1	576	51	156	206	127801991	127802143	72.549	6.05e-16	87.4
Pogona_vitticeps_C9A	NC_045543.1	576	51	156	206	127835375	127835527	70.588	1.35e-15	86.3
Pogona_vitticeps_C9A	NC_045543.1	576	50	106	155	127830727	127830876	68.000	1.36e-11	73.2
Pogona_vitticeps_C9A	NC_045543.1	576	48	524	571	127814369	127814512	64.583	1.51e-11	73.2
Pogona_vitticeps_C9A	NC_045543.1	576	66	381	446	127810627	127810824	48.485	3.56e-10	68.9
Pogona_vitticeps_C9A	NC_045543.1	576	50	106	155	127799197	127799346	64.000	1.28e-09	67.0
Pogona_vitticeps_C9A	NC_045543.1	576	41	524	563	127011123	127011245	73.171	2.50e-08	62.8
Pogona_vitticeps_C9A	NC_045543.1	576	66	506	571	127849322	127849516	60.606	1.06e-07	60.8
Pogona_vitticeps_C9A	NC_045543.1	576	41	26	66	127794748	127794870	58.537	1.24e-07	60.5
Pogona_vitticeps_C9A	NC_045543.1	576	39	26	64	127827066	127827182	56.410	1.66e-07	60.1
Pogona_vitticeps_C9A	NC_045543.1	576	86	254	339	127005187	127005438	32.558	2.07e-07	59.7
Pogona_vitticeps_C9A	NC_045543.1	576	52	57	107	127828585	127828740	51.923	2.97e-07	59.3
Pogona_vitticeps_C9A	NC_045543.1	576	55	521	575	127054621	127054457	47.273	6.33e-07	58.2
Pogona_vitticeps_C9A	NC_045543.1	576	68	443	510	127058076	127057876	42.647	7.26e-07	58.2
Pogona_vitticeps_C9A	NC_045543.1	576	60	513	571	126964289	126964459	50.000	8.04e-07	57.8
Pogona_vitticeps_C9A	NC_045543.1	576	52	57	107	127796473	127796628	48.077	9.86e-07	57.8
Pogona_vitticeps_C9A	NC_045545.1	576	83	258	340	30390346	30390098	34.940	2.00e-07	59.7
Pogona_vitticeps_C9A	NC_045545.1	576	52	520	571	30361189	30361034	51.923	6.84e-07	58.2
Pogona_vitticeps_C9A	NC_045545.1	576	107	403	508	30363592	30363281	29.907	1.19e-06	57.4
Pogona_vitticeps_C9A	NC_045545.1	576	42	526	567	30346936	30347061	54.762	8.72e-06	54.7
Gekko_japonicus_C9A	NC_045543.1	582	96	273	368	127839867	127840154	52.083	5.46e-22	106
Gekko_japonicus_C9A	NC_045543.1	582	78	295	372	127804834	127805067	58.974	1.68e-21	105
Gekko_japonicus_C9A	NC_045543.1	582	68	457	524	127848240	127848443	61.765	1.07e-19	99.4
Gekko_japonicus_C9A	NC_045543.1	582	68	458	525	127812619	127812822	63.235	1.81e-19	98.6
Gekko_japonicus_C9A	NC_045543.1	582	45	173	217	127835375	127835509	66.667	1.32e-11	73.6
Gekko_japonicus_C9A	NC_045543.1	582	51	122	172	127830727	127830876	64.706	4.91e-11	71.6
Gekko_japonicus_C9A	NC_045543.1	582	64	122	185	127799197	127799385	54.688	1.04e-10	70.5
Gekko_japonicus_C9A	NC_045543.1	582	45	173	217	127801991	127802125	64.444	5.15e-10	68.2
Gekko_japonicus_C9A	NC_045543.1	582	56	526	581	127814345	127814512	50.000	2.82e-08	62.8
Gekko_japonicus_C9A	NC_045543.1	582	46	536	581	127054606	127054469	54.348	9.48e-08	60.8
Gekko_japonicus_C9A	NC_045543.1	582	67	457	523	127058073	127057876	43.284	2.82e-07	59.3
Gekko_japonicus_C9A	NC_045543.1	582	52	71	122	127796476	127796625	51.923	6.39e-07	58.2
Gekko_japonicus_C9A	NC_045543.1	582	88	291	378	127005193	127005456	26.136	2.09e-06	56.6
Gekko_japonicus_C9A	NC_045543.1	582	82	292	373	126950894	126951139	32.927	3.09e-06	55.8
Gekko_japonicus_C9A	NC_045543.1	582	52	71	122	127828588	127828737	51.923	7.74e-06	54.7
Gekko_japonicus_C9A	NC_045545.1	582	81	295	375	30390334	30390092	35.802	5.13e-08	61.6
Gekko_japonicus_C9A	NC_045545.1	582	67	456	521	30363481	30363281	37.313	2.00e-06	56.6
Crotalus_tigris_C9A	NC_045543.1	583	94	274	367	127839924	127840196	73.404	5.15e-35	147
Crotalus_tigris_C9A	NC_045543.1	583	78	276	353	127804831	127805064	83.333	1.66e-34	145
Crotalus_tigris_C9A	NC_045543.1	583	80	453	532	127812598	127812837	77.500	4.91e-31	134
Crotalus_tigris_C9A	NC_045543.1	583	80	453	532	127848222	127848461	73.750	4.52e-30	131
Crotalus_tigris_C9A	NC_045543.1	583	57	401	457	127810642	127810812	80.702	1.00e-19	99.4
Crotalus_tigris_C9A	NC_045543.1	583	50	107	156	127830727	127830876	86.000	1.98e-18	95.5
Crotalus_tigris_C9A	NC_045543.1	583	47	157	203	127835375	127835515	85.106	1.86e-17	92.4
Crotalus_tigris_C9A	NC_045543.1	583	54	54	107	127796464	127796625	77.778	2.53e-17	91.7
Crotalus_tigris_C9A	NC_045543.1	583	50	107	156	127799197	127799346	86.000	3.46e-17	91.3
Crotalus_tigris_C9A	NC_045543.1	583	75	199	273	127837140	127837358	57.333	5.09e-16	87.8
Crotalus_tigris_C9A	NC_045543.1	583	65	521	583	127849322	127849516	73.846	4.72e-15	84.7
Crotalus_tigris_C9A	NC_045543.1	583	47	157	203	127801991	127802131	78.723	4.76e-15	84.7
Crotalus_tigris_C9A	NC_045543.1	583	61	397	457	127845305	127845487	63.934	6.38e-15	84.0
Crotalus_tigris_C9A	NC_045543.1	583	54	54	107	127828576	127828737	66.667	3.33e-14	81.6
Crotalus_tigris_C9A	NC_045543.1	583	52	532	583	127814357	127814512	61.538	1.03e-12	77.0
Crotalus_tigris_C9A	NC_045543.1	583	39	26	64	127827066	127827182	71.795	1.86e-09	66.6
Crotalus_tigris_C9A	NC_045543.1	583	76	196	271	127802692	127802919	43.421	5.80e-09	64.7
Crotalus_tigris_C9A	NC_045543.1	583	39	26	64	127794748	127794864	66.667	6.48e-08	61.6
Crotalus_tigris_C9A	NC_045543.1	583	50	530	579	127054630	127054481	48.000	2.66e-06	56.2
Crotalus_tigris_C9A	NC_045543.1	583	71	273	343	127005193	127005405	38.028	3.61e-06	55.8
Crotalus_tigris_C9A	NC_045543.1	583	69	457	525	127058079	127057876	39.130	9.60e-06	54.3
Crotalus_tigris_C9A	NC_045558.1	583	221	299	514	123979105	123979725	24.434	2.51e-08	62.8
Crotalus_tigris_C9A	NC_045545.1	583	77	277	353	30390334	30390104	36.364	5.69e-07	58.5
Crotalus_tigris_C9A	NC_045545.1	583	43	537	579	30361174	30361046	53.488	2.42e-06	56.2
Crotalus_tigris_C9A	NC_045545.1	583	50	530	579	30346912	30347061	46.000	4.98e-06	55.5
Thamnophis_elegans_C9A	NC_045543.1	583	82	274	355	127804825	127805070	98.780	9.50e-44	173
Thamnophis_elegans_C9A	NC_045543.1	583	80	453	532	127812598	127812837	96.250	1.48e-39	160
Thamnophis_elegans_C9A	NC_045543.1	583	82	196	277	127802692	127802937	90.244	1.24e-35	149
Thamnophis_elegans_C9A	NC_045543.1	583	94	274	367	127839924	127840196	68.085	1.73e-31	136
Thamnophis_elegans_C9A	NC_045543.1	583	66	396	461	127810627	127810824	93.939	1.37e-27	124
Thamnophis_elegans_C9A	NC_045543.1	583	76	453	528	127848222	127848449	73.684	2.39e-27	123
Thamnophis_elegans_C9A	NC_045543.1	583	52	532	583	127814357	127814512	100.000	6.16e-25	115
Thamnophis_elegans_C9A	NC_045543.1	583	54	54	107	127796464	127796625	94.444	1.56e-23	111
Thamnophis_elegans_C9A	NC_045543.1	583	50	107	156	127799197	127799346	100.000	6.79e-22	106
Thamnophis_elegans_C9A	NC_045543.1	583	47	157	203	127801991	127802131	97.872	2.70e-20	101
Thamnophis_elegans_C9A	NC_045543.1	583	50	107	156	127830727	127830876	84.000	1.35e-17	92.8
Thamnophis_elegans_C9A	NC_045543.1	583	47	157	203	127835375	127835515	87.234	1.06e-16	89.7
Thamnophis_elegans_C9A	NC_045543.1	583	45	351	395	127807145	127807279	95.556	1.92e-16	89.0
Thamnophis_elegans_C9A	NC_045543.1	583	54	54	107	127828576	127828737	70.370	2.36e-14	82.4
Thamnophis_elegans_C9A	NC_045543.1	583	39	26	64	127794748	127794864	89.744	4.42e-13	78.2
Thamnophis_elegans_C9A	NC_045543.1	583	55	403	457	127845323	127845487	61.818	3.87e-12	75.1
Thamnophis_elegans_C9A	NC_045543.1	583	39	26	64	127827066	127827182	71.795	6.14e-10	68.2
Thamnophis_elegans_C9A	NC_045543.1	583	50	535	583	126964310	126964459	56.000	1.35e-08	63.5
Thamnophis_elegans_C9A	NC_045543.1	583	127	277	403	127005205	127005555	28.346	1.51e-07	60.1
Thamnophis_elegans_C9A	NC_045543.1	583	49	536	583	127011123	127011269	53.061	6.86e-07	58.2
Thamnophis_elegans_C9A	NC_045545.1	583	50	530	579	30346912	30347061	52.000	7.03e-10	67.8
Thamnophis_elegans_C9A	NC_045545.1	583	78	277	354	30390334	30390101	34.615	4.37e-07	58.9
Thamnophis_elegans_C9A	NC_045558.1	583	221	299	514	123979105	123979725	23.982	1.71e-06	57.0
Naja_naja_C9A	NC_045543.1	582	94	274	367	127839924	127840196	72.340	2.58e-34	144
Naja_naja_C9A	NC_045543.1	582	80	452	531	127848222	127848461	81.250	6.98e-33	140
Naja_naja_C9A	NC_045543.1	582	78	276	353	127804831	127805064	75.641	2.03e-30	132
Naja_naja_C9A	NC_045543.1	582	80	452	531	127812598	127812837	76.250	1.60e-29	130
Naja_naja_C9A	NC_045543.1	582	50	107	156	127830727	127830876	96.000	1.56e-21	105
Naja_naja_C9A	NC_045543.1	582	50	107	156	127799197	127799346	88.000	3.06e-18	94.7
Naja_naja_C9A	NC_045543.1	582	76	198	273	127837137	127837358	57.895	9.80e-18	93.2
Naja_naja_C9A	NC_045543.1	582	47	157	203	127835375	127835515	87.234	1.06e-17	93.2
Naja_naja_C9A	NC_045543.1	582	58	399	456	127810639	127810812	70.690	1.61e-17	92.4
Naja_naja_C9A	NC_045543.1	582	61	396	456	127845305	127845487	67.213	1.83e-16	89.0
Naja_naja_C9A	NC_045543.1	582	54	54	107	127796464	127796625	70.370	7.29e-16	87.0
Naja_naja_C9A	NC_045543.1	582	47	157	203	127801991	127802131	80.851	2.48e-15	85.5
Naja_naja_C9A	NC_045543.1	582	54	54	107	127828576	127828737	70.370	2.68e-15	85.5
Naja_naja_C9A	NC_045543.1	582	65	520	582	127849322	127849516	72.308	1.98e-14	82.4
Naja_naja_C9A	NC_045543.1	582	55	528	582	127814348	127814512	61.818	2.87e-13	79.0
Naja_naja_C9A	NC_045543.1	582	86	196	277	127802692	127802937	44.186	6.49e-10	67.8
Naja_naja_C9A	NC_045543.1	582	39	26	64	127827066	127827182	71.795	1.94e-09	66.2
Naja_naja_C9A	NC_045543.1	582	39	26	64	127794748	127794864	66.667	5.59e-08	61.6
Naja_naja_C9A	NC_045543.1	582	69	456	524	127058079	127057876	40.580	3.70e-07	58.9
Naja_naja_C9A	NC_045543.1	582	44	535	578	127054612	127054481	56.818	3.22e-06	55.8
Naja_naja_C9A	NC_045545.1	582	76	277	352	30390334	30390107	39.474	1.94e-07	60.1
Naja_naja_C9A	NC_045545.1	582	43	536	578	30361174	30361046	53.488	4.12e-06	55.5
Naja_naja_C9A	NC_045558.1	582	221	299	513	123979105	123979725	24.887	1.50e-06	57.0
Pseudonaja_textilis_C9A	NC_045543.1	583	94	274	367	127839924	127840196	75.532	5.76e-36	149
Pseudonaja_textilis_C9A	NC_045543.1	583	77	456	532	127848231	127848461	81.818	2.37e-32	139
Pseudonaja_textilis_C9A	NC_045543.1	583	78	276	353	127804831	127805064	78.205	3.19e-31	135
Pseudonaja_textilis_C9A	NC_045543.1	583	77	456	532	127812607	127812837	77.922	2.01e-29	129
Pseudonaja_textilis_C9A	NC_045543.1	583	50	107	156	127830727	127830876	92.000	8.03e-21	102
Pseudonaja_textilis_C9A	NC_045543.1	583	50	107	156	127799197	127799346	92.000	3.48e-19	97.8
Pseudonaja_textilis_C9A	NC_045543.1	583	58	400	457	127810639	127810812	74.138	2.64e-18	95.1
Pseudonaja_textilis_C9A	NC_045543.1	583	47	157	203	127835375	127835515	87.234	1.07e-17	93.2
Pseudonaja_textilis_C9A	NC_045543.1	583	76	198	273	127837137	127837358	57.895	5.25e-17	90.9
Pseudonaja_textilis_C9A	NC_045543.1	583	54	54	107	127796464	127796625	70.370	3.70e-16	88.2
Pseudonaja_textilis_C9A	NC_045543.1	583	61	397	457	127845305	127845487	65.574	4.51e-16	87.8
Pseudonaja_textilis_C9A	NC_045543.1	583	47	157	203	127801991	127802131	80.851	2.33e-15	85.5
Pseudonaja_textilis_C9A	NC_045543.1	583	65	521	583	127849322	127849516	73.846	1.13e-14	83.2
Pseudonaja_textilis_C9A	NC_045543.1	583	54	54	107	127828576	127828737	68.519	3.42e-14	81.6
Pseudonaja_textilis_C9A	NC_045543.1	583	55	529	583	127814348	127814512	63.636	9.18e-14	80.5
Pseudonaja_textilis_C9A	NC_045543.1	583	54	11	64	127827021	127827182	55.556	3.83e-10	68.6
Pseudonaja_textilis_C9A	NC_045543.1	583	80	196	271	127802692	127802919	45.000	9.25e-10	67.4
Pseudonaja_textilis_C9A	NC_045543.1	583	39	26	64	127794748	127794864	69.231	1.41e-08	63.5
Pseudonaja_textilis_C9A	NC_045543.1	583	71	457	527	127058079	127057870	40.845	3.30e-07	59.3
Pseudonaja_textilis_C9A	NC_045543.1	583	47	537	583	127054609	127054469	55.319	1.71e-06	57.0
Pseudonaja_textilis_C9A	NC_045558.1	583	221	299	514	123979105	123979725	24.434	2.74e-08	62.8
Pseudonaja_textilis_C9A	NC_045545.1	583	76	277	352	30390334	30390107	39.474	1.10e-07	60.8
Pseudonaja_textilis_C9A	NC_045545.1	583	43	537	579	30361174	30361046	53.488	2.99e-06	56.2
Python_bivittatus_C9A	NC_045543.1	582	81	274	354	127804825	127805067	82.716	2.41e-35	147
Python_bivittatus_C9A	NC_045543.1	582	91	277	367	127839933	127840196	65.934	1.14e-29	130
Python_bivittatus_C9A	NC_045543.1	582	80	453	532	127812598	127812837	75.000	3.37e-29	129
Python_bivittatus_C9A	NC_045543.1	582	80	453	532	127848222	127848461	70.000	1.47e-26	120
Python_bivittatus_C9A	NC_045543.1	582	62	396	457	127810627	127810812	79.032	4.79e-22	106
Python_bivittatus_C9A	NC_045543.1	582	82	196	277	127802692	127802937	58.537	1.13e-18	96.3
Python_bivittatus_C9A	NC_045543.1	582	50	107	156	127830727	127830876	84.000	4.45e-18	94.4
Python_bivittatus_C9A	NC_045543.1	582	63	107	169	127799197	127799385	69.841	9.63e-18	93.2
Python_bivittatus_C9A	NC_045543.1	582	47	157	203	127835375	127835515	80.851	1.74e-16	89.0
Python_bivittatus_C9A	NC_045543.1	582	47	157	203	127801991	127802131	78.723	2.44e-15	85.5
Python_bivittatus_C9A	NC_045543.1	582	54	54	107	127796464	127796625	64.815	4.29e-14	81.6
Python_bivittatus_C9A	NC_045543.1	582	52	532	582	127814357	127814512	69.231	1.32e-12	76.6
Python_bivittatus_C9A	NC_045543.1	582	55	403	457	127845323	127845487	60.000	2.14e-11	72.8
Python_bivittatus_C9A	NC_045543.1	582	65	521	582	127849322	127849516	61.538	1.16e-09	67.0
Python_bivittatus_C9A	NC_045543.1	582	39	26	64	127794748	127794864	71.795	2.28e-09	66.2
Python_bivittatus_C9A	NC_045543.1	582	54	54	107	127828576	127828737	53.704	2.28e-09	66.2
Python_bivittatus_C9A	NC_045543.1	582	42	16	57	127827048	127827161	64.286	2.06e-08	63.2
Python_bivittatus_C9A	NC_045543.1	582	117	277	393	127005205	127005531	29.915	6.44e-07	58.2
Python_bivittatus_C9A	NC_045543.1	582	47	529	574	127011105	127011245	57.447	8.98e-07	57.8
Python_bivittatus_C9A	NC_045543.1	582	41	536	576	127054609	127054487	60.976	2.63e-06	56.2
Python_bivittatus_C9A	NC_045543.1	582	75	198	272	127837137	127837355	38.667	2.81e-06	56.2
Python_bivittatus_C9A	NC_045543.1	582	67	459	525	127058073	127057876	41.791	3.17e-06	55.8
Python_bivittatus_C9A	NC_045543.1	582	42	354	395	127807154	127807279	61.905	6.20e-06	55.1
Python_bivittatus_C9A	NC_045558.1	582	221	299	514	123979105	123979725	24.887	3.08e-08	62.4
Python_bivittatus_C9A	NC_045545.1	582	43	536	578	30361174	30361046	55.814	9.24e-08	60.8
Python_bivittatus_C9A	NC_045545.1	582	79	277	355	30390334	30390098	35.443	3.07e-07	59.3
Python_bivittatus_C9A	NC_045545.1	582	50	530	578	30346912	30347061	50.000	6.93e-06	54.7
Python_bivittatus_C9A	NC_045545.1	582	115	423	523	30363613	30363281	30.435	8.57e-06	54.7
Notechis_scutatus_C9A	NC_045543.1	583	94	274	367	127839924	127840196	75.532	6.19e-36	149
Notechis_scutatus_C9A	NC_045543.1	583	77	456	532	127848231	127848461	81.818	2.35e-32	139
Notechis_scutatus_C9A	NC_045543.1	583	78	276	353	127804831	127805064	78.205	3.25e-31	135
Notechis_scutatus_C9A	NC_045543.1	583	77	456	532	127812607	127812837	76.623	1.36e-28	127
Notechis_scutatus_C9A	NC_045543.1	583	50	107	156	127830727	127830876	94.000	2.71e-21	104
Notechis_scutatus_C9A	NC_045543.1	583	60	398	457	127810633	127810812	73.333	1.20e-18	95.9
Notechis_scutatus_C9A	NC_045543.1	583	50	107	156	127799197	127799346	90.000	1.58e-18	95.5
Notechis_scutatus_C9A	NC_045543.1	583	76	198	273	127837137	127837358	60.526	4.72e-18	94.4
Notechis_scutatus_C9A	NC_045543.1	583	47	157	203	127835375	127835515	87.234	1.05e-17	93.2
Notechis_scutatus_C9A	NC_045543.1	583	54	54	107	127796464	127796625	72.222	2.00e-16	89.0
Notechis_scutatus_C9A	NC_045543.1	583	61	397	457	127845305	127845487	65.574	5.70e-16	87.4
Notechis_scutatus_C9A	NC_045543.1	583	47	157	203	127801991	127802131	80.851	2.23e-15	85.5
Notechis_scutatus_C9A	NC_045543.1	583	65	521	583	127849322	127849516	73.846	1.14e-14	83.2
Notechis_scutatus_C9A	NC_045543.1	583	54	54	107	127828576	127828737	68.519	3.30e-14	81.6
Notechis_scutatus_C9A	NC_045543.1	583	55	529	583	127814348	127814512	63.636	7.22e-14	80.9
Notechis_scutatus_C9A	NC_045543.1	583	39	26	64	127827066	127827182	74.359	4.51e-10	68.6
Notechis_scutatus_C9A	NC_045543.1	583	80	196	271	127802692	127802919	46.250	1.01e-09	67.4
Notechis_scutatus_C9A	NC_045543.1	583	39	26	64	127794748	127794864	69.231	1.42e-08	63.5
Notechis_scutatus_C9A	NC_045543.1	583	71	457	527	127058079	127057870	40.845	6.14e-07	58.2
Notechis_scutatus_C9A	NC_045543.1	583	48	536	583	127054612	127054469	54.167	1.83e-06	56.6
Notechis_scutatus_C9A	NC_045558.1	583	221	299	514	123979105	123979725	24.434	3.27e-08	62.4
Notechis_scutatus_C9A	NC_045545.1	583	76	277	352	30390334	30390107	39.474	1.08e-07	60.8
Notechis_scutatus_C9A	NC_045545.1	583	43	537	579	30361174	30361046	53.488	2.89e-06	56.2
Hydrophis_cyanocinctus_C9A	NC_045543.1	583	94	274	367	127839924	127840196	76.596	9.56e-37	152
Hydrophis_cyanocinctus_C9A	NC_045543.1	583	77	456	532	127848231	127848461	80.519	1.03e-31	137
Hydrophis_cyanocinctus_C9A	NC_045543.1	583	80	274	353	127804825	127805064	77.500	3.07e-31	135
Hydrophis_cyanocinctus_C9A	NC_045543.1	583	77	456	532	127812607	127812837	75.325	5.59e-28	125
Hydrophis_cyanocinctus_C9A	NC_045543.1	583	50	107	156	127830727	127830876	94.000	2.91e-21	104
Hydrophis_cyanocinctus_C9A	NC_045543.1	583	50	107	156	127799197	127799346	90.000	1.59e-18	95.5
Hydrophis_cyanocinctus_C9A	NC_045543.1	583	47	157	203	127835375	127835515	87.234	5.96e-18	94.0
Hydrophis_cyanocinctus_C9A	NC_045543.1	583	60	398	457	127810633	127810812	71.667	6.50e-18	93.6
Hydrophis_cyanocinctus_C9A	NC_045543.1	583	76	198	273	127837137	127837358	59.211	2.45e-17	92.0
Hydrophis_cyanocinctus_C9A	NC_045543.1	583	54	54	107	127796464	127796625	72.222	2.04e-16	89.0
Hydrophis_cyanocinctus_C9A	NC_045543.1	583	47	157	203	127801991	127802131	80.851	1.27e-15	86.3
Hydrophis_cyanocinctus_C9A	NC_045543.1	583	65	521	583	127849322	127849516	73.846	1.29e-14	83.2
Hydrophis_cyanocinctus_C9A	NC_045543.1	583	61	397	457	127845305	127845487	62.295	2.11e-14	82.4
Hydrophis_cyanocinctus_C9A	NC_045543.1	583	54	54	107	127828576	127828737	68.519	3.22e-14	82.0
Hydrophis_cyanocinctus_C9A	NC_045543.1	583	55	529	583	127814348	127814512	63.636	8.07e-14	80.5
Hydrophis_cyanocinctus_C9A	NC_045543.1	583	54	11	64	127827021	127827182	55.556	3.80e-10	68.6
Hydrophis_cyanocinctus_C9A	NC_045543.1	583	80	196	271	127802692	127802919	46.250	1.01e-09	67.4
Hydrophis_cyanocinctus_C9A	NC_045543.1	583	39	26	64	127794748	127794864	69.231	1.51e-08	63.5
Hydrophis_cyanocinctus_C9A	NC_045543.1	583	71	457	527	127058079	127057870	40.845	6.09e-07	58.2
Hydrophis_cyanocinctus_C9A	NC_045543.1	583	47	537	583	127054609	127054469	55.319	1.74e-06	57.0
Hydrophis_cyanocinctus_C9A	NC_045558.1	583	221	299	514	123979105	123979725	24.887	1.46e-08	63.5
Hydrophis_cyanocinctus_C9A	NC_045545.1	583	80	273	352	30390346	30390107	38.750	9.50e-08	60.8
Hydrophis_cyanocinctus_C9A	NC_045545.1	583	43	537	579	30361174	30361046	53.488	2.97e-06	56.2
Laticauda_colubrina_C9A	NC_045543.1	583	94	274	367	127839924	127840196	75.532	5.65e-36	149
Laticauda_colubrina_C9A	NC_045543.1	583	77	456	532	127848231	127848461	81.818	2.77e-32	138
Laticauda_colubrina_C9A	NC_045543.1	583	78	276	353	127804831	127805064	78.205	2.07e-31	135
Laticauda_colubrina_C9A	NC_045543.1	583	77	456	532	127812607	127812837	76.623	1.63e-28	127
Laticauda_colubrina_C9A	NC_045543.1	583	50	107	156	127830727	127830876	92.000	7.35e-21	103
Laticauda_colubrina_C9A	NC_045543.1	583	76	198	273	127837137	127837358	61.842	8.16e-19	96.7
Laticauda_colubrina_C9A	NC_045543.1	583	50	107	156	127799197	127799346	90.000	1.89e-18	95.5
Laticauda_colubrina_C9A	NC_045543.1	583	58	400	457	127810639	127810812	72.414	2.83e-18	94.7
Laticauda_colubrina_C9A	NC_045543.1	583	47	157	203	127835375	127835515	87.234	1.29e-17	92.8
Laticauda_colubrina_C9A	NC_045543.1	583	61	397	457	127845305	127845487	67.213	1.84e-16	89.0
Laticauda_colubrina_C9A	NC_045543.1	583	54	54	107	127796464	127796625	70.370	1.84e-15	85.9
Laticauda_colubrina_C9A	NC_045543.1	583	47	157	203	127801991	127802131	80.851	2.65e-15	85.5
Laticauda_colubrina_C9A	NC_045543.1	583	54	54	107	127828576	127828737	70.370	5.75e-15	84.3
Laticauda_colubrina_C9A	NC_045543.1	583	65	521	583	127849322	127849516	72.308	2.04e-14	82.4
Laticauda_colubrina_C9A	NC_045543.1	583	55	529	583	127814348	127814512	61.818	1.81e-13	79.3
Laticauda_colubrina_C9A	NC_045543.1	583	54	11	64	127827021	127827182	55.556	6.80e-10	67.8
Laticauda_colubrina_C9A	NC_045543.1	583	80	196	271	127802692	127802919	45.000	3.08e-09	65.9
Laticauda_colubrina_C9A	NC_045543.1	583	39	26	64	127794748	127794864	69.231	2.35e-08	62.8
Laticauda_colubrina_C9A	NC_045543.1	583	71	457	527	127058079	127057870	40.845	3.16e-07	59.3
Laticauda_colubrina_C9A	NC_045543.1	583	47	537	583	127054609	127054469	55.319	1.84e-06	56.6
Laticauda_colubrina_C9A	NC_045545.1	583	76	277	352	30390334	30390107	39.474	1.08e-07	60.8
Laticauda_colubrina_C9A	NC_045545.1	583	43	537	579	30361174	30361046	53.488	4.03e-06	55.5
Laticauda_colubrina_C9A	NC_045558.1	583	221	299	514	123979105	123979725	23.982	3.94e-07	58.9
Protobothrops_mucrosquamatus_C9A	NC_045543.1	583	81	274	354	127804825	127805067	85.185	1.86e-36	151
Protobothrops_mucrosquamatus_C9A	NC_045543.1	583	80	453	532	127812598	127812837	82.500	5.20e-33	140
Protobothrops_mucrosquamatus_C9A	NC_045543.1	583	94	274	367	127839924	127840196	67.021	6.55e-31	134
Protobothrops_mucrosquamatus_C9A	NC_045543.1	583	80	453	532	127848222	127848461	72.500	2.67e-29	129
Protobothrops_mucrosquamatus_C9A	NC_045543.1	583	62	396	457	127810627	127810812	74.194	1.28e-20	102
Protobothrops_mucrosquamatus_C9A	NC_045543.1	583	80	198	277	127802698	127802937	62.500	1.63e-19	99.0
Protobothrops_mucrosquamatus_C9A	NC_045543.1	583	64	107	170	127799197	127799388	68.750	4.07e-18	94.4
Protobothrops_mucrosquamatus_C9A	NC_045543.1	583	50	107	156	127830727	127830876	82.000	6.12e-18	94.0
Protobothrops_mucrosquamatus_C9A	NC_045543.1	583	47	157	203	127835375	127835515	82.979	4.77e-17	90.9
Protobothrops_mucrosquamatus_C9A	NC_045543.1	583	52	532	583	127814357	127814512	75.000	7.35e-17	90.5
Protobothrops_mucrosquamatus_C9A	NC_045543.1	583	47	157	203	127801991	127802131	82.979	1.11e-16	89.7
Protobothrops_mucrosquamatus_C9A	NC_045543.1	583	54	54	107	127796464	127796625	72.222	5.55e-16	87.4
Protobothrops_mucrosquamatus_C9A	NC_045543.1	583	54	404	457	127845326	127845487	66.667	5.77e-13	77.8
Protobothrops_mucrosquamatus_C9A	NC_045543.1	583	54	54	107	127828576	127828737	59.259	1.97e-11	72.8
Protobothrops_mucrosquamatus_C9A	NC_045543.1	583	65	521	583	127849322	127849516	63.077	1.07e-09	67.4
Protobothrops_mucrosquamatus_C9A	NC_045543.1	583	74	199	272	127837140	127837355	50.000	2.37e-09	66.2
Protobothrops_mucrosquamatus_C9A	NC_045543.1	583	79	354	421	127807154	127807390	48.101	4.08e-09	65.5
Protobothrops_mucrosquamatus_C9A	NC_045543.1	583	39	26	64	127794748	127794864	69.231	6.76e-09	64.7
Protobothrops_mucrosquamatus_C9A	NC_045543.1	583	119	277	393	127005205	127005531	31.092	3.54e-08	62.4
Protobothrops_mucrosquamatus_C9A	NC_045543.1	583	54	11	64	127827021	127827182	48.148	4.30e-08	62.0
Protobothrops_mucrosquamatus_C9A	NC_045543.1	583	69	457	525	127058079	127057876	42.029	5.74e-07	58.5
Protobothrops_mucrosquamatus_C9A	NC_045543.1	583	50	530	579	127054630	127054481	48.000	1.27e-06	57.4
Protobothrops_mucrosquamatus_C9A	NC_045543.1	583	41	536	575	127011123	127011245	65.854	1.33e-06	57.0
Protobothrops_mucrosquamatus_C9A	NC_045543.1	583	92	277	365	126950903	126951178	32.609	5.11e-06	55.5
Protobothrops_mucrosquamatus_C9A	NC_045543.1	583	56	529	583	126964292	126964459	50.000	6.95e-06	54.7
Protobothrops_mucrosquamatus_C9A	NC_045545.1	583	79	277	355	30390334	30390098	36.709	1.88e-08	63.2
Protobothrops_mucrosquamatus_C9A	NC_045545.1	583	50	530	579	30346912	30347061	48.000	4.85e-08	62.0
Protobothrops_mucrosquamatus_C9A	NC_045545.1	583	43	537	579	30361174	30361046	55.814	1.13e-07	60.8
Protobothrops_mucrosquamatus_C9A	NC_045545.1	583	78	277	354	30327248	30327481	29.487	5.47e-06	55.1
Protobothrops_mucrosquamatus_C9A	NC_045558.1	583	221	299	514	123979105	123979725	24.434	2.08e-08	63.2
Chrysopelea_ornata_C9A	NC_045543.1	584	81	274	354	127804825	127805067	90.123	1.85e-37	154
Chrysopelea_ornata_C9A	NC_045543.1	584	80	454	533	127812598	127812837	86.250	3.65e-34	144
Chrysopelea_ornata_C9A	NC_045543.1	584	80	454	533	127848222	127848461	76.250	1.21e-31	136
Chrysopelea_ornata_C9A	NC_045543.1	584	94	274	367	127839924	127840196	69.149	7.06e-31	134
Chrysopelea_ornata_C9A	NC_045543.1	584	82	196	277	127802692	127802937	68.293	1.78e-24	114
Chrysopelea_ornata_C9A	NC_045543.1	584	62	397	458	127810627	127810812	80.645	7.29e-23	109
Chrysopelea_ornata_C9A	NC_045543.1	584	50	107	156	127830727	127830876	88.000	1.20e-19	99.4
Chrysopelea_ornata_C9A	NC_045543.1	584	50	107	156	127799197	127799346	92.000	1.73e-19	98.6
Chrysopelea_ornata_C9A	NC_045543.1	584	47	157	203	127835375	127835515	91.489	2.32e-19	98.2
Chrysopelea_ornata_C9A	NC_045543.1	584	52	533	584	127814357	127814512	80.769	2.60e-19	98.2
Chrysopelea_ornata_C9A	NC_045543.1	584	54	54	107	127796464	127796625	75.926	2.00e-17	92.0
Chrysopelea_ornata_C9A	NC_045543.1	584	47	157	203	127801991	127802131	80.851	2.02e-15	85.9
Chrysopelea_ornata_C9A	NC_045543.1	584	54	54	107	127828576	127828737	66.667	7.97e-14	80.5
Chrysopelea_ornata_C9A	NC_045543.1	584	57	402	458	127845317	127845487	66.667	4.40e-13	78.2
Chrysopelea_ornata_C9A	NC_045543.1	584	75	198	272	127837137	127837355	45.333	8.66e-10	67.4
Chrysopelea_ornata_C9A	NC_045543.1	584	39	26	64	127827066	127827182	66.667	6.96e-09	64.7
Chrysopelea_ornata_C9A	NC_045543.1	584	39	26	64	127794748	127794864	64.103	3.83e-08	62.4
Chrysopelea_ornata_C9A	NC_045543.1	584	56	530	584	126964292	126964459	51.786	2.31e-07	59.7
Chrysopelea_ornata_C9A	NC_045543.1	584	78	277	354	127005205	127005438	33.333	1.54e-06	57.0
Chrysopelea_ornata_C9A	NC_045543.1	584	54	531	584	127054630	127054469	46.296	1.94e-06	56.6
Chrysopelea_ornata_C9A	NC_045543.1	584	69	458	526	127058079	127057876	40.580	3.56e-06	55.8
Chrysopelea_ornata_C9A	NC_045543.1	584	59	296	354	127068509	127068333	45.763	4.36e-06	55.5
Chrysopelea_ornata_C9A	NC_045545.1	584	50	531	580	30346912	30347061	54.000	2.02e-09	66.2
Chrysopelea_ornata_C9A	NC_045545.1	584	81	277	357	30390334	30390092	39.506	4.82e-09	65.1
Chrysopelea_ornata_C9A	NC_045558.1	584	222	299	515	123979105	123979725	25.225	1.34e-07	60.5
Chrysopelea_ornata_C9A	NC_045548.1	584	59	530	584	77707749	77707919	49.153	8.05e-06	54.7
Pituophis_catenifer_C9A	NC_045543.1	583	94	274	367	127839924	127840196	77.660	5.91e-38	155
Pituophis_catenifer_C9A	NC_045543.1	583	80	453	532	127812598	127812837	85.000	5.17e-34	144
Pituophis_catenifer_C9A	NC_045543.1	583	77	277	353	127804834	127805064	81.818	4.80e-32	137
Pituophis_catenifer_C9A	NC_045543.1	583	80	453	532	127848222	127848461	71.250	2.97e-28	126
Pituophis_catenifer_C9A	NC_045543.1	583	74	198	271	127802698	127802919	67.568	1.18e-21	105
Pituophis_catenifer_C9A	NC_045543.1	583	52	532	583	127814357	127814512	80.769	2.33e-19	98.2
Pituophis_catenifer_C9A	NC_045543.1	583	58	400	457	127810639	127810812	77.586	2.87e-19	98.2
Pituophis_catenifer_C9A	NC_045543.1	583	50	107	156	127830727	127830876	86.000	6.62e-19	97.1
Pituophis_catenifer_C9A	NC_045543.1	583	50	107	156	127799197	127799346	92.000	7.41e-19	96.7
Pituophis_catenifer_C9A	NC_045543.1	583	47	157	203	127801991	127802131	87.234	1.07e-17	93.2
Pituophis_catenifer_C9A	NC_045543.1	583	54	54	107	127796464	127796625	75.926	3.91e-17	91.3
Pituophis_catenifer_C9A	NC_045543.1	583	54	54	107	127828576	127828737	74.074	4.14e-16	87.8
Pituophis_catenifer_C9A	NC_045543.1	583	47	157	203	127835375	127835515	80.851	7.38e-16	87.0
Pituophis_catenifer_C9A	NC_045543.1	583	62	396	457	127845302	127845487	64.516	4.62e-14	81.3
Pituophis_catenifer_C9A	NC_045543.1	583	76	198	273	127837137	127837358	47.368	4.19e-11	71.6
Pituophis_catenifer_C9A	NC_045543.1	583	39	26	64	127794748	127794864	79.487	6.59e-11	71.2
Pituophis_catenifer_C9A	NC_045543.1	583	39	26	64	127827066	127827182	71.795	5.49e-10	68.2
Pituophis_catenifer_C9A	NC_045543.1	583	56	529	583	126964292	126964459	51.786	6.21e-08	61.6
Pituophis_catenifer_C9A	NC_045543.1	583	47	349	395	127807142	127807279	65.957	1.79e-07	60.1
Pituophis_catenifer_C9A	NC_045543.1	583	54	530	583	127054630	127054469	48.148	2.33e-07	59.7
Pituophis_catenifer_C9A	NC_045543.1	583	123	273	393	127005193	127005531	29.268	6.09e-07	58.2
Pituophis_catenifer_C9A	NC_045543.1	583	49	536	583	127011123	127011269	53.061	5.66e-06	55.1
Pituophis_catenifer_C9A	NC_045545.1	583	51	530	580	30346912	30347064	54.902	2.66e-10	69.3
Pituophis_catenifer_C9A	NC_045545.1	583	79	277	355	30390334	30390098	39.241	1.17e-07	60.5
Pituophis_catenifer_C9A	NC_045545.1	583	47	537	583	30361174	30361034	46.809	3.26e-06	55.8
Pituophis_catenifer_C9A	NC_045558.1	583	223	299	516	123979105	123979731	25.112	1.47e-08	63.5
Pituophis_catenifer_C9A	NC_045548.1	583	59	529	583	77707749	77707919	49.153	8.78e-07	57.8
Pantherophis_obsoletus_C9A	NC_045543.1	583	81	274	354	127804825	127805067	88.889	4.37e-38	156
Pantherophis_obsoletus_C9A	NC_045543.1	583	80	453	532	127812598	127812837	85.000	5.41e-34	144
Pantherophis_obsoletus_C9A	NC_045543.1	583	94	274	367	127839924	127840196	70.213	3.28e-33	141
Pantherophis_obsoletus_C9A	NC_045543.1	583	80	453	532	127848222	127848461	71.250	2.79e-28	126
Pantherophis_obsoletus_C9A	NC_045543.1	583	62	396	457	127810627	127810812	79.032	2.06e-22	107
Pantherophis_obsoletus_C9A	NC_045543.1	583	80	198	277	127802698	127802937	63.750	4.63e-21	103
Pantherophis_obsoletus_C9A	NC_045543.1	583	52	532	583	127814357	127814512	82.692	8.70e-20	99.8
Pantherophis_obsoletus_C9A	NC_045543.1	583	50	107	156	127830727	127830876	84.000	1.37e-18	95.9
Pantherophis_obsoletus_C9A	NC_045543.1	583	47	157	203	127801991	127802131	89.362	2.44e-18	95.1
Pantherophis_obsoletus_C9A	NC_045543.1	583	50	107	156	127799197	127799346	84.000	1.41e-17	92.8
Pantherophis_obsoletus_C9A	NC_045543.1	583	54	54	107	127796464	127796625	75.926	1.57e-16	89.4
Pantherophis_obsoletus_C9A	NC_045543.1	583	47	157	203	127835375	127835515	82.979	1.63e-16	89.4
Pantherophis_obsoletus_C9A	NC_045543.1	583	54	54	107	127828576	127828737	72.222	2.81e-15	85.1
Pantherophis_obsoletus_C9A	NC_045543.1	583	58	400	457	127845314	127845487	65.517	4.78e-13	78.2
Pantherophis_obsoletus_C9A	NC_045543.1	583	39	26	64	127794748	127794864	79.487	1.36e-10	70.1
Pantherophis_obsoletus_C9A	NC_045543.1	583	39	26	64	127827066	127827182	69.231	3.03e-09	65.9
Pantherophis_obsoletus_C9A	NC_045543.1	583	74	199	272	127837140	127837355	43.243	6.87e-09	64.7
Pantherophis_obsoletus_C9A	NC_045543.1	583	129	277	403	127005205	127005555	31.008	1.59e-08	63.5
Pantherophis_obsoletus_C9A	NC_045543.1	583	42	354	395	127807154	127807279	69.048	7.81e-08	61.2
Pantherophis_obsoletus_C9A	NC_045543.1	583	56	529	583	126964292	126964459	51.786	2.39e-07	59.7
Pantherophis_obsoletus_C9A	NC_045543.1	583	54	530	583	127054630	127054469	46.296	7.73e-07	57.8
Pantherophis_obsoletus_C9A	NC_045543.1	583	92	277	365	126950903	126951178	32.609	5.16e-06	55.5
Pantherophis_obsoletus_C9A	NC_045543.1	583	49	536	583	127011123	127011269	53.061	5.20e-06	55.1
Pantherophis_obsoletus_C9A	NC_045543.1	583	65	521	583	127849322	127849516	52.308	5.62e-06	55.1
Pantherophis_obsoletus_C9A	NC_045543.1	583	59	296	354	127068509	127068333	44.068	8.74e-06	54.7
Pantherophis_obsoletus_C9A	NC_045545.1	583	51	530	580	30346912	30347064	54.902	2.13e-10	69.7
Pantherophis_obsoletus_C9A	NC_045545.1	583	79	277	355	30390334	30390098	37.975	7.55e-09	64.3
Pantherophis_obsoletus_C9A	NC_045545.1	583	47	537	583	30361174	30361034	46.809	3.26e-06	55.8
Pantherophis_obsoletus_C9A	NC_045545.1	583	82	277	358	30327248	30327493	29.268	6.49e-06	55.1
Pantherophis_obsoletus_C9A	NC_045558.1	583	223	299	516	123979105	123979731	25.561	1.60e-09	66.6
Pantherophis_obsoletus_C9A	NC_045548.1	583	59	529	583	77707749	77707919	49.153	1.89e-06	56.6
Bothrops_jararaca_C9A	NC_045543.1	583	81	274	354	127804825	127805067	83.951	7.77e-36	149
Bothrops_jararaca_C9A	NC_045543.1	583	80	453	532	127812598	127812837	82.500	1.79e-32	139
Bothrops_jararaca_C9A	NC_045543.1	583	94	274	367	127839924	127840196	67.021	9.70e-30	130
Bothrops_jararaca_C9A	NC_045543.1	583	80	453	532	127848222	127848461	72.500	8.56e-29	127
Bothrops_jararaca_C9A	NC_045543.1	583	62	396	457	127810627	127810812	79.032	5.80e-23	109
Bothrops_jararaca_C9A	NC_045543.1	583	80	198	277	127802698	127802937	61.250	1.10e-18	96.3
Bothrops_jararaca_C9A	NC_045543.1	583	50	107	156	127830727	127830876	82.000	2.39e-17	92.0
Bothrops_jararaca_C9A	NC_045543.1	583	47	157	203	127835375	127835515	82.979	4.45e-17	90.9
Bothrops_jararaca_C9A	NC_045543.1	583	52	532	583	127814357	127814512	75.000	6.13e-17	90.5
Bothrops_jararaca_C9A	NC_045543.1	583	47	157	203	127801991	127802131	82.979	1.09e-16	89.7
Bothrops_jararaca_C9A	NC_045543.1	583	64	107	170	127799197	127799388	65.625	1.60e-16	89.4
Bothrops_jararaca_C9A	NC_045543.1	583	54	54	107	127796464	127796625	74.074	1.76e-16	89.0
Bothrops_jararaca_C9A	NC_045543.1	583	55	403	457	127845323	127845487	69.091	1.25e-14	83.2
Bothrops_jararaca_C9A	NC_045543.1	583	54	54	107	127828576	127828737	61.111	5.94e-12	74.7
Bothrops_jararaca_C9A	NC_045543.1	583	42	354	395	127807154	127807279	73.810	2.64e-09	65.9
Bothrops_jararaca_C9A	NC_045543.1	583	65	521	583	127849322	127849516	61.538	4.26e-09	65.5
Bothrops_jararaca_C9A	NC_045543.1	583	74	199	272	127837140	127837355	48.649	7.62e-09	64.3
Bothrops_jararaca_C9A	NC_045543.1	583	39	26	64	127794748	127794864	69.231	8.37e-09	64.3
Bothrops_jararaca_C9A	NC_045543.1	583	117	277	393	127005205	127005531	30.769	2.41e-08	62.8
Bothrops_jararaca_C9A	NC_045543.1	583	39	26	64	127827066	127827182	64.103	1.18e-07	60.5
Bothrops_jararaca_C9A	NC_045543.1	583	50	530	579	127054630	127054481	50.000	3.72e-07	58.9
Bothrops_jararaca_C9A	NC_045545.1	583	50	530	579	30346912	30347061	48.000	4.61e-08	62.0
Bothrops_jararaca_C9A	NC_045545.1	583	79	277	355	30390334	30390098	36.709	5.75e-08	61.6
Bothrops_jararaca_C9A	NC_045545.1	583	43	537	579	30361174	30361046	53.488	3.30e-07	59.3
Bothrops_jararaca_C9A	NC_045558.1	583	221	299	514	123979105	123979725	23.982	1.77e-07	60.1
Ptyas_mucosa_C9A	NC_045543.1	583	81	274	354	127804825	127805067	86.420	6.70e-37	152
Ptyas_mucosa_C9A	NC_045543.1	583	80	453	532	127812598	127812837	86.250	6.01e-35	146
Ptyas_mucosa_C9A	NC_045543.1	583	94	274	367	127839924	127840196	69.149	7.27e-32	137
Ptyas_mucosa_C9A	NC_045543.1	583	80	453	532	127848222	127848461	71.250	5.00e-29	128
Ptyas_mucosa_C9A	NC_045543.1	583	61	397	457	127810630	127810812	77.049	2.34e-21	104
Ptyas_mucosa_C9A	NC_045543.1	583	50	107	156	127830727	127830876	90.000	6.14e-20	100
Ptyas_mucosa_C9A	NC_045543.1	583	64	107	170	127799197	127799388	75.000	7.25e-20	100
Ptyas_mucosa_C9A	NC_045543.1	583	76	198	273	127802698	127802925	64.474	7.84e-20	99.8
Ptyas_mucosa_C9A	NC_045543.1	583	69	517	583	127814306	127814512	63.768	3.61e-17	91.3
Ptyas_mucosa_C9A	NC_045543.1	583	54	54	107	127796464	127796625	75.926	1.13e-16	89.7
Ptyas_mucosa_C9A	NC_045543.1	583	47	157	203	127801991	127802131	78.723	1.22e-15	86.3
Ptyas_mucosa_C9A	NC_045543.1	583	54	54	107	127828576	127828737	72.222	2.12e-15	85.5
Ptyas_mucosa_C9A	NC_045543.1	583	47	157	203	127835375	127835515	74.468	2.95e-14	82.0
Ptyas_mucosa_C9A	NC_045543.1	583	58	400	457	127845314	127845487	62.069	4.44e-12	75.1
Ptyas_mucosa_C9A	NC_045543.1	583	39	26	64	127794748	127794864	79.487	7.88e-11	70.9
Ptyas_mucosa_C9A	NC_045543.1	583	75	198	272	127837137	127837355	46.667	1.78e-10	69.7
Ptyas_mucosa_C9A	NC_045543.1	583	39	26	64	127827066	127827182	69.231	1.32e-09	67.0
Ptyas_mucosa_C9A	NC_045543.1	583	48	536	583	127054612	127054469	52.083	4.22e-07	58.9
Ptyas_mucosa_C9A	NC_045543.1	583	117	277	393	127005205	127005531	29.060	7.47e-07	58.2
Ptyas_mucosa_C9A	NC_045543.1	583	78	457	534	127058079	127057855	42.308	8.49e-07	57.8
Ptyas_mucosa_C9A	NC_045543.1	583	42	354	395	127807154	127807279	66.667	1.02e-06	57.4
Ptyas_mucosa_C9A	NC_045543.1	583	46	535	579	126964310	126964447	56.522	1.13e-06	57.4
Ptyas_mucosa_C9A	NC_045558.1	583	221	299	514	123979105	123979725	25.339	9.59e-09	64.3
Ptyas_mucosa_C9A	NC_045545.1	583	82	274	355	30390343	30390098	37.805	1.49e-08	63.5
Ptyas_mucosa_C9A	NC_045545.1	583	50	530	579	30346912	30347061	52.000	3.16e-08	62.4
Vipera_berus_C9A	NC_045543.1	583	81	274	354	127804825	127805067	81.481	1.44e-33	142
Vipera_berus_C9A	NC_045543.1	583	80	453	532	127812598	127812837	81.250	1.61e-32	139
Vipera_berus_C9A	NC_045543.1	583	80	453	532	127848222	127848461	72.500	1.69e-29	130
Vipera_berus_C9A	NC_045543.1	583	94	274	367	127839924	127840196	65.957	6.26e-29	128
Vipera_berus_C9A	NC_045543.1	583	62	396	457	127810627	127810812	79.032	3.51e-23	110
Vipera_berus_C9A	NC_045543.1	583	80	198	277	127802698	127802937	62.500	1.84e-19	98.6
Vipera_berus_C9A	NC_045543.1	583	64	107	170	127799197	127799388	68.750	9.13e-19	96.3
Vipera_berus_C9A	NC_045543.1	583	54	54	107	127796464	127796625	79.630	9.36e-18	93.2
Vipera_berus_C9A	NC_045543.1	583	47	157	203	127835375	127835515	80.851	5.92e-17	90.5
Vipera_berus_C9A	NC_045543.1	583	47	157	203	127801991	127802131	80.851	1.34e-16	89.4
Vipera_berus_C9A	NC_045543.1	583	50	107	156	127830727	127830876	78.000	2.06e-16	89.0
Vipera_berus_C9A	NC_045543.1	583	52	532	583	127814357	127814512	71.154	8.78e-16	87.0
Vipera_berus_C9A	NC_045543.1	583	55	403	457	127845323	127845487	67.273	1.97e-13	79.3
Vipera_berus_C9A	NC_045543.1	583	54	54	107	127828576	127828737	62.963	1.14e-11	73.6
Vipera_berus_C9A	NC_045543.1	583	74	199	272	127837140	127837355	48.649	2.46e-10	69.3
Vipera_berus_C9A	NC_045543.1	583	42	354	395	127807154	127807279	78.571	2.80e-10	69.3
Vipera_berus_C9A	NC_045543.1	583	65	521	583	127849322	127849516	63.077	4.43e-10	68.6
Vipera_berus_C9A	NC_045543.1	583	39	26	64	127794748	127794864	71.795	2.64e-09	65.9
Vipera_berus_C9A	NC_045543.1	583	39	26	64	127827066	127827182	64.103	3.54e-08	62.4
Vipera_berus_C9A	NC_045543.1	583	120	274	393	127005196	127005531	30.833	5.37e-08	61.6
Vipera_berus_C9A	NC_045543.1	583	54	530	583	127054630	127054469	48.148	4.41e-07	58.9
Vipera_berus_C9A	NC_045543.1	583	69	457	525	127058079	127057876	40.580	8.56e-07	57.8
Vipera_berus_C9A	NC_045558.1	583	221	299	514	123979105	123979725	24.434	2.16e-08	63.2
Vipera_berus_C9A	NC_045545.1	583	50	530	579	30346912	30347061	50.000	5.56e-08	61.6
Vipera_berus_C9A	NC_045545.1	583	79	277	355	30390334	30390098	35.443	3.91e-07	58.9
Vipera_berus_C9A	NC_045545.1	583	43	537	579	30361174	30361046	53.488	4.41e-07	58.9
Vipera_berus_C9A	NC_045545.1	583	93	274	366	30327239	30327505	29.032	7.63e-06	54.7
Vipera_berus_C9A	NC_045548.1	583	55	529	579	77707749	77707907	47.273	7.96e-06	54.7
Sceloporus_undulatus_C9A	NC_045543.1	591	78	281	358	127804834	127805067	66.667	1.51e-25	117
Sceloporus_undulatus_C9A	NC_045543.1	591	93	281	373	127839933	127840202	55.914	1.88e-25	117
Sceloporus_undulatus_C9A	NC_045543.1	591	74	464	537	127812619	127812840	68.919	3.07e-25	117
Sceloporus_undulatus_C9A	NC_045543.1	591	75	463	537	127848240	127848464	65.333	7.10e-24	112
Sceloporus_undulatus_C9A	NC_045543.1	591	50	538	587	127814363	127814512	64.000	1.70e-13	79.7
Sceloporus_undulatus_C9A	NC_045543.1	591	47	156	202	127835375	127835515	65.957	1.86e-12	76.3
Sceloporus_undulatus_C9A	NC_045543.1	591	62	400	461	127810627	127810812	56.452	4.31e-12	75.1
Sceloporus_undulatus_C9A	NC_045543.1	591	47	156	202	127801991	127802131	61.702	2.29e-11	72.8
Sceloporus_undulatus_C9A	NC_045543.1	591	50	106	155	127830727	127830876	64.000	3.59e-10	68.9
Sceloporus_undulatus_C9A	NC_045543.1	591	55	54	107	127796464	127796628	52.727	6.19e-10	68.2
Sceloporus_undulatus_C9A	NC_045543.1	591	50	106	155	127799197	127799346	62.000	1.30e-09	67.0
Sceloporus_undulatus_C9A	NC_045543.1	591	51	541	591	127054609	127054457	52.941	1.60e-08	63.5
Sceloporus_undulatus_C9A	NC_045543.1	591	61	528	587	126964277	126964459	49.180	2.78e-08	62.8
Sceloporus_undulatus_C9A	NC_045543.1	591	82	277	358	127005193	127005438	31.707	5.36e-08	61.6
Sceloporus_undulatus_C9A	NC_045543.1	591	52	57	107	127828585	127828740	51.923	6.86e-08	61.2
Sceloporus_undulatus_C9A	NC_045543.1	591	57	405	461	127845317	127845487	49.123	1.60e-07	60.1
Sceloporus_undulatus_C9A	NC_045543.1	591	41	540	579	127011123	127011245	68.293	1.92e-07	60.1
Sceloporus_undulatus_C9A	NC_045543.1	591	42	25	66	127794745	127794870	54.762	3.93e-07	58.9
Sceloporus_undulatus_C9A	NC_045543.1	591	40	25	64	127827063	127827182	57.500	4.00e-07	58.9
Sceloporus_undulatus_C9A	NC_045543.1	591	69	463	531	127058073	127057870	40.580	2.43e-06	56.2
Sceloporus_undulatus_C9A	NC_045543.1	591	79	281	359	126950903	126951139	32.911	4.08e-06	55.5
Sceloporus_undulatus_C9A	NC_045545.1	591	51	534	584	30346912	30347064	50.980	2.85e-09	65.9
Sceloporus_undulatus_C9A	NC_045545.1	591	47	541	587	30361174	30361034	55.319	4.01e-08	62.0
Sceloporus_undulatus_C9A	NC_045545.1	591	75	454	527	30363505	30363281	34.667	5.64e-06	55.1
Sceloporus_undulatus_C9A	NC_045545.1	591	78	281	358	30327248	30327481	32.051	7.28e-06	54.7
Sceloporus_undulatus_C9A	NC_045558.1	591	213	311	520	123979144	123979731	25.822	6.50e-07	58.2
Sceloporus_undulatus_C9A	NC_045558.1	591	63	533	591	1272768	1272956	41.270	4.76e-06	55.5
Anolis_carolinensis_C9B	NC_045543.1	538	75	280	354	127804831	127805055	68.000	1.83e-24	114
Anolis_carolinensis_C9B	NC_045543.1	538	91	281	371	127839933	127840196	58.242	9.63e-24	111
Anolis_carolinensis_C9B	NC_045543.1	538	67	462	528	127848237	127848437	64.179	1.69e-20	101
Anolis_carolinensis_C9B	NC_045543.1	538	66	464	529	127812619	127812816	66.667	1.59e-19	98.6
Anolis_carolinensis_C9B	NC_045543.1	538	47	156	202	127835375	127835515	72.340	1.40e-14	82.8
Anolis_carolinensis_C9B	NC_045543.1	538	50	106	155	127830727	127830876	72.000	1.64e-12	76.3
Anolis_carolinensis_C9B	NC_045543.1	538	46	156	201	127801991	127802128	67.391	3.21e-12	75.1
Anolis_carolinensis_C9B	NC_045543.1	538	55	406	460	127810645	127810809	61.818	5.86e-12	74.3
Anolis_carolinensis_C9B	NC_045543.1	538	50	106	155	127799197	127799346	66.000	1.71e-10	69.7
Anolis_carolinensis_C9B	NC_045543.1	538	52	57	107	127796473	127796628	53.846	2.07e-09	66.2
Anolis_carolinensis_C9B	NC_045543.1	538	71	462	532	127058076	127057867	42.254	1.31e-08	63.5
Anolis_carolinensis_C9B	NC_045543.1	538	75	281	355	127005205	127005429	36.000	8.43e-08	60.8
Anolis_carolinensis_C9B	NC_045543.1	538	52	57	107	127828585	127828740	53.846	8.57e-08	60.8
Anolis_carolinensis_C9B	NC_045543.1	538	56	405	460	127845317	127845484	48.214	2.10e-07	59.7
Anolis_carolinensis_C9B	NC_045543.1	538	79	281	359	126950903	126951139	32.911	3.21e-06	55.8
Anolis_carolinensis_C9B	NC_045543.1	538	60	17	75	127827051	127827218	43.333	4.14e-06	55.5
Anolis_carolinensis_C9B	NC_045545.1	538	74	281	354	30390334	30390113	36.486	2.10e-07	59.7
Anolis_carolinensis_C9B	NC_045545.1	538	76	281	356	30327248	30327475	34.211	2.50e-07	59.3
Anolis_carolinensis_C9B	NC_045558.1	538	200	321	518	123979168	123979725	25.000	2.20e-06	56.2
Hydrophis_cyanocinctus_C9B	NC_045543.1	582	81	273	353	127804825	127805067	87.654	2.27e-38	157
Hydrophis_cyanocinctus_C9B	NC_045543.1	582	94	273	366	127839924	127840196	67.021	4.09e-31	135
Hydrophis_cyanocinctus_C9B	NC_045543.1	582	80	452	531	127812598	127812837	80.000	6.71e-31	134
Hydrophis_cyanocinctus_C9B	NC_045543.1	582	80	452	531	127848222	127848461	73.750	7.00e-30	131
Hydrophis_cyanocinctus_C9B	NC_045543.1	582	60	397	456	127810633	127810812	76.667	3.52e-20	100
Hydrophis_cyanocinctus_C9B	NC_045543.1	582	50	106	155	127830727	127830876	90.000	3.55e-20	100
Hydrophis_cyanocinctus_C9B	NC_045543.1	582	50	106	155	127799197	127799346	94.000	5.79e-20	100
Hydrophis_cyanocinctus_C9B	NC_045543.1	582	52	531	582	127814357	127814512	78.846	7.43e-19	96.7
Hydrophis_cyanocinctus_C9B	NC_045543.1	582	80	197	276	127802698	127802937	62.500	1.22e-18	95.9
Hydrophis_cyanocinctus_C9B	NC_045543.1	582	54	53	106	127796464	127796625	77.778	3.74e-18	94.4
Hydrophis_cyanocinctus_C9B	NC_045543.1	582	47	156	202	127801991	127802131	80.851	2.61e-16	88.6
Hydrophis_cyanocinctus_C9B	NC_045543.1	582	47	156	202	127835375	127835515	74.468	2.08e-14	82.4
Hydrophis_cyanocinctus_C9B	NC_045543.1	582	54	53	106	127828576	127828737	66.667	2.72e-13	79.0
Hydrophis_cyanocinctus_C9B	NC_045543.1	582	57	400	456	127845317	127845487	63.158	6.59e-13	77.8
Hydrophis_cyanocinctus_C9B	NC_045543.1	582	77	195	271	127837131	127837355	48.052	1.39e-09	67.0
Hydrophis_cyanocinctus_C9B	NC_045543.1	582	45	353	397	127807154	127807285	73.333	3.84e-08	62.0
Hydrophis_cyanocinctus_C9B	NC_045543.1	582	38	25	62	127794748	127794861	73.684	6.91e-08	61.2
Hydrophis_cyanocinctus_C9B	NC_045543.1	582	69	456	524	127058079	127057876	42.029	4.28e-07	58.9
Hydrophis_cyanocinctus_C9B	NC_045543.1	582	54	529	582	127054630	127054469	48.148	4.66e-07	58.5
Hydrophis_cyanocinctus_C9B	NC_045543.1	582	55	529	582	126964295	126964459	49.091	7.20e-07	58.2
Hydrophis_cyanocinctus_C9B	NC_045543.1	582	78	276	353	127005205	127005438	32.051	2.35e-06	56.2
Hydrophis_cyanocinctus_C9B	NC_045543.1	582	38	25	62	127827066	127827179	60.526	4.89e-06	55.5
Hydrophis_cyanocinctus_C9B	NC_045543.1	582	116	276	388	126950903	126951247	29.310	7.74e-06	54.7
Hydrophis_cyanocinctus_C9B	NC_045545.1	582	50	529	578	30346912	30347061	54.000	4.36e-09	65.1
Hydrophis_cyanocinctus_C9B	NC_045545.1	582	79	276	354	30390334	30390098	35.443	2.82e-07	59.3
Hydrophis_cyanocinctus_C9B	NC_045545.1	582	82	276	357	30327248	30327493	30.488	5.28e-06	55.1
Hydrophis_cyanocinctus_C9B	NC_045558.1	582	228	298	513	123979105	123979725	25.439	3.07e-07	59.3
Bothrops_jararaca_C9B	NC_045543.1	583	81	274	354	127804825	127805067	83.951	8.75e-36	149
Bothrops_jararaca_C9B	NC_045543.1	583	80	453	532	127812598	127812837	82.500	2.15e-32	139
Bothrops_jararaca_C9B	NC_045543.1	583	94	274	367	127839924	127840196	67.021	2.09e-30	132
Bothrops_jararaca_C9B	NC_045543.1	583	80	453	532	127848222	127848461	72.500	9.61e-29	127
Bothrops_jararaca_C9B	NC_045543.1	583	62	396	457	127810627	127810812	82.258	1.04e-23	112
Bothrops_jararaca_C9B	NC_045543.1	583	82	196	277	127802692	127802937	60.976	7.50e-20	99.8
Bothrops_jararaca_C9B	NC_045543.1	583	64	107	170	127799197	127799388	68.750	3.90e-18	94.4
Bothrops_jararaca_C9B	NC_045543.1	583	50	107	156	127830727	127830876	82.000	5.37e-18	94.0
Bothrops_jararaca_C9B	NC_045543.1	583	47	157	203	127835375	127835515	85.106	1.64e-17	92.4
Bothrops_jararaca_C9B	NC_045543.1	583	47	157	203	127801991	127802131	85.106	3.55e-17	91.3
Bothrops_jararaca_C9B	NC_045543.1	583	54	54	107	127796464	127796625	75.926	4.53e-17	90.9
Bothrops_jararaca_C9B	NC_045543.1	583	52	532	583	127814357	127814512	75.000	7.29e-17	90.5
Bothrops_jararaca_C9B	NC_045543.1	583	55	403	457	127845323	127845487	69.091	1.08e-13	80.1
Bothrops_jararaca_C9B	NC_045543.1	583	54	54	107	127828576	127828737	62.963	1.60e-12	76.3
Bothrops_jararaca_C9B	NC_045543.1	583	74	199	272	127837140	127837355	48.649	1.36e-09	67.0
Bothrops_jararaca_C9B	NC_045543.1	583	39	26	64	127794748	127794864	71.795	5.32e-09	65.1
Bothrops_jararaca_C9B	NC_045543.1	583	42	354	395	127807154	127807279	71.429	1.13e-08	63.9
Bothrops_jararaca_C9B	NC_045543.1	583	65	521	583	127849322	127849516	60.000	2.08e-08	63.2
Bothrops_jararaca_C9B	NC_045543.1	583	119	277	393	127005205	127005531	31.092	5.32e-08	61.6
Bothrops_jararaca_C9B	NC_045543.1	583	39	26	64	127827066	127827182	61.538	1.76e-07	60.1
Bothrops_jararaca_C9B	NC_045543.1	583	50	530	579	127054630	127054481	48.000	1.40e-06	57.0
Bothrops_jararaca_C9B	NC_045543.1	583	92	277	365	126950903	126951178	32.609	8.23e-06	54.7
Bothrops_jararaca_C9B	NC_045545.1	583	50	530	579	30346912	30347061	48.000	4.89e-08	62.0
Bothrops_jararaca_C9B	NC_045545.1	583	79	277	355	30390334	30390098	36.709	5.90e-08	61.6
Bothrops_jararaca_C9B	NC_045545.1	583	43	537	579	30361174	30361046	53.488	4.08e-07	58.9
Bothrops_jararaca_C9B	NC_045558.1	583	221	299	514	123979105	123979725	23.982	1.65e-07	60.1
Laticauda_colubrina_C9B	NC_045543.1	583	79	276	354	127804831	127805067	86.076	2.29e-36	151
Laticauda_colubrina_C9B	NC_045543.1	583	80	453	532	127812598	127812837	82.500	3.29e-32	138
Laticauda_colubrina_C9B	NC_045543.1	583	91	277	367	127839933	127840196	68.132	2.09e-31	135
Laticauda_colubrina_C9B	NC_045543.1	583	80	453	532	127848222	127848461	73.750	8.95e-30	130
Laticauda_colubrina_C9B	NC_045543.1	583	60	398	457	127810633	127810812	75.000	8.41e-20	99.8
Laticauda_colubrina_C9B	NC_045543.1	583	50	107	156	127799197	127799346	92.000	9.17e-20	99.8
Laticauda_colubrina_C9B	NC_045543.1	583	80	198	277	127802698	127802937	63.750	2.97e-19	97.8
Laticauda_colubrina_C9B	NC_045543.1	583	52	532	583	127814357	127814512	76.923	3.76e-18	94.4
Laticauda_colubrina_C9B	NC_045543.1	583	54	54	107	127796464	127796625	77.778	1.07e-17	93.2
Laticauda_colubrina_C9B	NC_045543.1	583	50	107	156	127830727	127830876	82.000	1.11e-17	92.8
Laticauda_colubrina_C9B	NC_045543.1	583	46	157	202	127801991	127802128	86.957	1.32e-17	92.8
Laticauda_colubrina_C9B	NC_045543.1	583	46	157	202	127835375	127835512	84.783	3.58e-17	91.3
Laticauda_colubrina_C9B	NC_045543.1	583	54	54	107	127828576	127828737	68.519	2.38e-14	82.4
Laticauda_colubrina_C9B	NC_045543.1	583	57	401	457	127845317	127845487	66.667	1.51e-12	76.6
Laticauda_colubrina_C9B	NC_045543.1	583	38	26	63	127794748	127794861	76.316	8.66e-09	64.3
Laticauda_colubrina_C9B	NC_045543.1	583	81	274	354	127005196	127005438	34.568	4.85e-08	62.0
Laticauda_colubrina_C9B	NC_045543.1	583	76	196	271	127837131	127837352	47.368	5.19e-08	61.6
Laticauda_colubrina_C9B	NC_045543.1	583	56	529	583	126964292	126964459	51.786	3.81e-07	58.9
Laticauda_colubrina_C9B	NC_045543.1	583	38	26	63	127827066	127827179	63.158	3.84e-07	58.9
Laticauda_colubrina_C9B	NC_045543.1	583	69	457	525	127058079	127057876	42.029	6.92e-07	58.2
Laticauda_colubrina_C9B	NC_045543.1	583	54	530	583	127054630	127054469	44.444	6.22e-06	55.1
Laticauda_colubrina_C9B	NC_045543.1	583	79	277	355	126950903	126951139	32.911	6.83e-06	54.7
Laticauda_colubrina_C9B	NC_045545.1	583	50	530	579	30346912	30347061	50.000	3.92e-08	62.0
Laticauda_colubrina_C9B	NC_045545.1	583	81	277	357	30390334	30390092	32.099	1.34e-07	60.5
Laticauda_colubrina_C9B	NC_045545.1	583	81	274	354	30327239	30327481	32.099	6.57e-07	58.2
Laticauda_colubrina_C9B	NC_045558.1	583	221	299	514	123979105	123979725	23.529	9.01e-07	57.8
Laticauda_colubrina_C9B	NC_045548.1	583	59	529	583	77707749	77707919	50.847	4.50e-06	55.5
Pseudonaja_textilis_C9B	NC_045543.1	583	81	274	354	127804825	127805067	86.420	1.70e-37	154
Pseudonaja_textilis_C9B	NC_045543.1	583	80	453	532	127812598	127812837	82.500	1.31e-32	139
Pseudonaja_textilis_C9B	NC_045543.1	583	91	277	367	127839933	127840196	69.231	2.25e-32	139
Pseudonaja_textilis_C9B	NC_045543.1	583	76	453	528	127848222	127848449	75.000	7.29e-29	128
Pseudonaja_textilis_C9B	NC_045543.1	583	62	396	457	127810627	127810812	74.194	8.55e-20	99.8
Pseudonaja_textilis_C9B	NC_045543.1	583	50	107	156	127830727	127830876	88.000	1.37e-19	99.0
Pseudonaja_textilis_C9B	NC_045543.1	583	50	107	156	127799197	127799346	92.000	1.55e-19	99.0
Pseudonaja_textilis_C9B	NC_045543.1	583	54	54	107	127796464	127796625	79.630	1.22e-18	95.9
Pseudonaja_textilis_C9B	NC_045543.1	583	80	198	277	127802698	127802937	60.000	6.79e-18	93.6
Pseudonaja_textilis_C9B	NC_045543.1	583	47	157	203	127801991	127802131	82.979	3.26e-17	91.7
Pseudonaja_textilis_C9B	NC_045543.1	583	52	532	583	127814357	127814512	69.231	2.69e-15	85.5
Pseudonaja_textilis_C9B	NC_045543.1	583	47	157	203	127835375	127835515	76.596	2.76e-15	85.1
Pseudonaja_textilis_C9B	NC_045543.1	583	54	54	107	127828576	127828737	68.519	5.21e-14	81.3
Pseudonaja_textilis_C9B	NC_045543.1	583	58	400	457	127845314	127845487	65.517	7.59e-13	77.4
Pseudonaja_textilis_C9B	NC_045543.1	583	38	26	63	127794748	127794861	81.579	6.46e-10	67.8
Pseudonaja_textilis_C9B	NC_045543.1	583	38	26	63	127827066	127827179	68.421	1.98e-08	63.2
Pseudonaja_textilis_C9B	NC_045543.1	583	69	457	525	127058079	127057876	42.029	2.06e-07	59.7
Pseudonaja_textilis_C9B	NC_045543.1	583	54	531	583	126964304	126964459	53.704	2.06e-07	59.7
Pseudonaja_textilis_C9B	NC_045543.1	583	54	530	583	127054630	127054469	46.296	2.47e-07	59.7
Pseudonaja_textilis_C9B	NC_045543.1	583	78	277	354	127005205	127005438	32.051	4.48e-07	58.5
Pseudonaja_textilis_C9B	NC_045543.1	583	45	354	398	127807154	127807285	64.444	5.25e-06	55.1
Pseudonaja_textilis_C9B	NC_045543.1	583	77	196	272	127837131	127837355	41.558	5.91e-06	55.1
Pseudonaja_textilis_C9B	NC_045545.1	583	50	530	579	30346912	30347061	52.000	1.88e-08	63.2
Pseudonaja_textilis_C9B	NC_045545.1	583	79	277	355	30390334	30390098	34.177	1.16e-07	60.5
Pseudonaja_textilis_C9B	NC_045545.1	583	47	537	583	30361174	30361034	44.681	1.30e-06	57.4
Pseudonaja_textilis_C9B	NC_045545.1	583	81	274	354	30327239	30327481	30.864	1.37e-06	57.0
Pseudonaja_textilis_C9B	NC_045558.1	583	228	299	514	123979105	123979725	25.439	1.99e-07	59.7
Notechis_scutatus_C9B	NC_045543.1	583	79	276	354	127804831	127805067	88.608	2.67e-37	154
Notechis_scutatus_C9B	NC_045543.1	583	91	277	367	127839933	127840196	69.231	1.34e-32	139
Notechis_scutatus_C9B	NC_045543.1	583	80	453	532	127812598	127812837	82.500	2.69e-32	138
Notechis_scutatus_C9B	NC_045543.1	583	82	451	532	127848216	127848461	73.171	5.46e-30	131
Notechis_scutatus_C9B	NC_045543.1	583	50	107	156	127830727	127830876	90.000	3.99e-21	103
Notechis_scutatus_C9B	NC_045543.1	583	60	398	457	127810633	127810812	76.667	2.68e-20	101
Notechis_scutatus_C9B	NC_045543.1	583	50	107	156	127799197	127799346	94.000	5.48e-20	100
Notechis_scutatus_C9B	NC_045543.1	583	52	532	583	127814357	127814512	78.846	7.95e-19	96.7
Notechis_scutatus_C9B	NC_045543.1	583	54	54	107	127796464	127796625	79.630	2.07e-18	95.1
Notechis_scutatus_C9B	NC_045543.1	583	80	198	277	127802698	127802937	61.250	2.23e-18	95.1
Notechis_scutatus_C9B	NC_045543.1	583	47	157	203	127801991	127802131	85.106	1.29e-17	92.8
Notechis_scutatus_C9B	NC_045543.1	583	47	157	203	127835375	127835515	78.723	1.10e-15	86.7
Notechis_scutatus_C9B	NC_045543.1	583	54	54	107	127828576	127828737	68.519	8.95e-14	80.5
Notechis_scutatus_C9B	NC_045543.1	583	57	401	457	127845317	127845487	61.404	1.05e-12	77.0
Notechis_scutatus_C9B	NC_045543.1	583	77	196	272	127837131	127837355	46.753	6.93e-09	64.7
Notechis_scutatus_C9B	NC_045543.1	583	38	26	63	127794748	127794861	76.316	7.88e-09	64.3
Notechis_scutatus_C9B	NC_045543.1	583	81	274	354	127005196	127005438	33.333	6.70e-08	61.2
Notechis_scutatus_C9B	NC_045543.1	583	75	451	525	127058097	127057876	41.333	1.91e-07	60.1
Notechis_scutatus_C9B	NC_045543.1	583	38	26	63	127827066	127827179	63.158	3.84e-07	58.9
Notechis_scutatus_C9B	NC_045543.1	583	54	530	583	127054630	127054469	48.148	5.22e-07	58.5
Notechis_scutatus_C9B	NC_045543.1	583	55	530	583	126964295	126964459	49.091	7.28e-07	58.2
Notechis_scutatus_C9B	NC_045543.1	583	45	354	398	127807154	127807285	66.667	7.79e-07	57.8
Notechis_scutatus_C9B	NC_045543.1	583	116	277	389	126950903	126951247	28.448	9.20e-06	54.3
Notechis_scutatus_C9B	NC_045545.1	583	50	530	579	30346912	30347061	54.000	4.56e-09	65.1
Notechis_scutatus_C9B	NC_045545.1	583	79	277	355	30390334	30390098	32.911	5.50e-07	58.5
Notechis_scutatus_C9B	NC_045545.1	583	85	274	358	30327239	30327493	29.412	4.00e-06	55.5
Notechis_scutatus_C9B	NC_045558.1	583	228	299	514	123979105	123979725	26.316	8.29e-08	61.2
Pituophis_catenifer_C9B	NC_045543.1	583	94	274	367	127839924	127840196	77.660	1.88e-37	154
Pituophis_catenifer_C9B	NC_045543.1	583	77	456	532	127812607	127812837	88.312	5.96e-35	146
Pituophis_catenifer_C9B	NC_045543.1	583	77	277	353	127804834	127805064	81.818	4.80e-32	137
Pituophis_catenifer_C9B	NC_045543.1	583	77	456	532	127848231	127848461	75.325	2.89e-30	132
Pituophis_catenifer_C9B	NC_045543.1	583	50	107	156	127830727	127830876	92.000	2.21e-20	101
Pituophis_catenifer_C9B	NC_045543.1	583	76	198	273	127837137	127837358	64.474	1.10e-19	99.4
Pituophis_catenifer_C9B	NC_045543.1	583	47	157	203	127835375	127835515	91.489	2.23e-19	98.2
Pituophis_catenifer_C9B	NC_045543.1	583	50	107	156	127799197	127799346	88.000	9.36e-18	93.2
Pituophis_catenifer_C9B	NC_045543.1	583	58	400	457	127810639	127810812	70.690	3.55e-17	91.3
Pituophis_catenifer_C9B	NC_045543.1	583	61	397	457	127845305	127845487	67.213	5.09e-16	87.8
Pituophis_catenifer_C9B	NC_045543.1	583	47	157	203	127801991	127802131	80.851	1.96e-15	85.9
Pituophis_catenifer_C9B	NC_045543.1	583	54	54	107	127796464	127796625	74.074	3.15e-15	85.1
Pituophis_catenifer_C9B	NC_045543.1	583	54	54	107	127828576	127828737	70.370	9.64e-15	83.6
Pituophis_catenifer_C9B	NC_045543.1	583	65	521	583	127849322	127849516	73.846	1.66e-14	82.8
Pituophis_catenifer_C9B	NC_045543.1	583	52	532	583	127814357	127814512	65.385	1.22e-12	76.6
Pituophis_catenifer_C9B	NC_045543.1	583	77	198	271	127802698	127802919	55.844	5.50e-12	74.7
Pituophis_catenifer_C9B	NC_045543.1	583	39	26	64	127827066	127827182	71.795	4.47e-10	68.6
Pituophis_catenifer_C9B	NC_045543.1	583	39	26	64	127794748	127794864	69.231	4.89e-09	65.1
Pituophis_catenifer_C9B	NC_045543.1	583	123	273	393	127005193	127005531	29.268	5.54e-07	58.5
Pituophis_catenifer_C9B	NC_045543.1	583	47	349	395	127807142	127807279	63.830	6.30e-07	58.2
Pituophis_catenifer_C9B	NC_045543.1	583	94	457	546	127058079	127057807	36.170	9.81e-07	57.8
Pituophis_catenifer_C9B	NC_045558.1	583	221	299	514	123979105	123979725	24.887	7.24e-09	64.7
Pituophis_catenifer_C9B	NC_045545.1	583	76	277	352	30390334	30390107	39.474	1.07e-07	60.8
Pituophis_catenifer_C9B	NC_045545.1	583	43	537	579	30361174	30361046	53.488	1.91e-06	56.6
Pantherophis_obsoletus_C9B	NC_045543.1	583	81	274	354	127804825	127805067	83.951	2.78e-35	147
Pantherophis_obsoletus_C9B	NC_045543.1	583	77	456	532	127848231	127848461	87.013	4.54e-35	147
Pantherophis_obsoletus_C9B	NC_045543.1	583	94	274	367	127839924	127840196	67.021	2.94e-31	135
Pantherophis_obsoletus_C9B	NC_045543.1	583	77	456	532	127812607	127812837	76.623	6.96e-30	131
Pantherophis_obsoletus_C9B	NC_045543.1	583	50	107	156	127830727	127830876	92.000	2.52e-20	101
Pantherophis_obsoletus_C9B	NC_045543.1	583	47	157	203	127835375	127835515	91.489	2.85e-19	98.2
Pantherophis_obsoletus_C9B	NC_045543.1	583	75	198	272	127837137	127837355	64.000	4.00e-19	97.4
Pantherophis_obsoletus_C9B	NC_045543.1	583	50	107	156	127799197	127799346	88.000	1.05e-17	93.2
Pantherophis_obsoletus_C9B	NC_045543.1	583	58	400	457	127810639	127810812	72.414	1.59e-17	92.4
Pantherophis_obsoletus_C9B	NC_045543.1	583	54	54	107	127796464	127796625	75.926	2.38e-16	88.6
Pantherophis_obsoletus_C9B	NC_045543.1	583	62	396	457	127845302	127845487	66.129	4.07e-16	87.8
Pantherophis_obsoletus_C9B	NC_045543.1	583	47	157	203	127801991	127802131	80.851	2.54e-15	85.5
Pantherophis_obsoletus_C9B	NC_045543.1	583	54	54	107	127828576	127828737	72.222	4.22e-15	84.7
Pantherophis_obsoletus_C9B	NC_045543.1	583	56	528	583	127849349	127849516	83.929	1.81e-14	82.8
Pantherophis_obsoletus_C9B	NC_045543.1	583	83	198	277	127802698	127802937	54.217	3.30e-13	78.6
Pantherophis_obsoletus_C9B	NC_045543.1	583	55	529	583	127814348	127814512	61.818	8.94e-13	77.0
Pantherophis_obsoletus_C9B	NC_045543.1	583	39	26	64	127794748	127794864	76.923	3.49e-10	68.9
Pantherophis_obsoletus_C9B	NC_045543.1	583	39	26	64	127827066	127827182	69.231	3.41e-09	65.5
Pantherophis_obsoletus_C9B	NC_045543.1	583	42	354	395	127807154	127807279	69.048	6.26e-08	61.6
Pantherophis_obsoletus_C9B	NC_045543.1	583	122	274	393	127005196	127005531	29.508	4.96e-07	58.5
Pantherophis_obsoletus_C9B	NC_045543.1	583	69	457	525	127058079	127057876	39.130	1.15e-06	57.4
Pantherophis_obsoletus_C9B	NC_045543.1	583	59	296	354	127068509	127068333	44.068	5.91e-06	55.1
Pantherophis_obsoletus_C9B	NC_045543.1	583	94	275	365	126950897	126951178	32.979	8.03e-06	54.7
Pantherophis_obsoletus_C9B	NC_045558.1	583	221	299	514	123979105	123979725	25.339	1.48e-09	66.6
Pantherophis_obsoletus_C9B	NC_045545.1	583	82	274	355	30390343	30390098	37.805	8.58e-09	64.3
Pantherophis_obsoletus_C9B	NC_045545.1	583	43	537	579	30361174	30361046	55.814	1.38e-06	57.0
Pantherophis_obsoletus_C9B	NC_045545.1	583	75	450	523	30363505	30363281	37.333	3.76e-06	55.8
Pantherophis_obsoletus_C9B	NC_045545.1	583	85	274	358	30327239	30327493	29.412	4.86e-06	55.5
Crotalus_tigris_C9B	NC_045543.1	583	94	274	367	127839924	127840196	73.404	1.07e-34	145
Crotalus_tigris_C9B	NC_045543.1	583	75	276	350	127804831	127805055	86.667	2.28e-34	145
Crotalus_tigris_C9B	NC_045543.1	583	80	453	532	127812598	127812837	77.500	4.65e-31	134
Crotalus_tigris_C9B	NC_045543.1	583	80	453	532	127848222	127848461	73.750	3.95e-30	132
Crotalus_tigris_C9B	NC_045543.1	583	57	401	457	127810642	127810812	80.702	9.83e-20	99.4
Crotalus_tigris_C9B	NC_045543.1	583	50	107	156	127830727	127830876	86.000	1.37e-18	95.9
Crotalus_tigris_C9B	NC_045543.1	583	47	157	203	127835375	127835515	85.106	1.82e-17	92.4
Crotalus_tigris_C9B	NC_045543.1	583	50	107	156	127799197	127799346	86.000	3.04e-17	91.7
Crotalus_tigris_C9B	NC_045543.1	583	54	54	107	127796464	127796625	75.926	6.98e-17	90.5
Crotalus_tigris_C9B	NC_045543.1	583	74	199	272	127837140	127837355	58.108	1.42e-16	89.4
Crotalus_tigris_C9B	NC_045543.1	583	47	157	203	127801991	127802131	78.723	4.64e-15	84.7
Crotalus_tigris_C9B	NC_045543.1	583	61	397	457	127845305	127845487	63.934	7.01e-15	84.0
Crotalus_tigris_C9B	NC_045543.1	583	65	521	583	127849322	127849516	72.308	1.78e-14	82.8
Crotalus_tigris_C9B	NC_045543.1	583	54	54	107	127828576	127828737	64.815	9.02e-14	80.5
Crotalus_tigris_C9B	NC_045543.1	583	52	532	583	127814357	127814512	65.385	2.13e-13	79.3
Crotalus_tigris_C9B	NC_045543.1	583	39	26	64	127827066	127827182	74.359	5.68e-10	68.2
Crotalus_tigris_C9B	NC_045543.1	583	76	196	271	127802692	127802919	44.737	8.56e-10	67.4
Crotalus_tigris_C9B	NC_045543.1	583	39	26	64	127794748	127794864	69.231	1.93e-08	63.2
Crotalus_tigris_C9B	NC_045543.1	583	69	457	525	127058079	127057876	39.130	3.31e-06	55.8
Crotalus_tigris_C9B	NC_045543.1	583	67	277	343	127005205	127005405	37.313	5.81e-06	55.1
Crotalus_tigris_C9B	NC_045558.1	583	221	299	514	123979105	123979725	24.887	2.37e-08	62.8
Crotalus_tigris_C9B	NC_045545.1	583	74	277	350	30390334	30390113	37.838	9.16e-07	57.8
Crotalus_tigris_C9B	NC_045545.1	583	43	537	579	30361174	30361046	53.488	2.63e-06	56.2
Ptyas_mucosa_C9B	NC_045543.1	583	94	274	367	127839924	127840196	78.723	4.10e-38	156
Ptyas_mucosa_C9B	NC_045543.1	583	77	456	532	127848231	127848461	85.714	4.19e-34	144
Ptyas_mucosa_C9B	NC_045543.1	583	84	277	360	127804834	127805085	77.381	2.82e-32	138
Ptyas_mucosa_C9B	NC_045543.1	583	77	456	532	127812607	127812837	76.623	7.68e-30	131
Ptyas_mucosa_C9B	NC_045543.1	583	50	107	156	127830727	127830876	90.000	1.38e-19	99.0
Ptyas_mucosa_C9B	NC_045543.1	583	47	157	203	127835375	127835515	91.489	1.78e-19	98.6
Ptyas_mucosa_C9B	NC_045543.1	583	78	196	273	127837131	127837358	61.538	4.44e-18	94.4
Ptyas_mucosa_C9B	NC_045543.1	583	54	54	107	127796464	127796625	77.778	8.96e-18	93.2
Ptyas_mucosa_C9B	NC_045543.1	583	50	107	156	127799197	127799346	86.000	6.40e-17	90.5
Ptyas_mucosa_C9B	NC_045543.1	583	58	400	457	127810639	127810812	70.690	1.51e-16	89.4
Ptyas_mucosa_C9B	NC_045543.1	583	47	157	203	127801991	127802131	80.851	1.52e-15	86.3
Ptyas_mucosa_C9B	NC_045543.1	583	54	54	107	127828576	127828737	70.370	6.11e-15	84.3
Ptyas_mucosa_C9B	NC_045543.1	583	54	404	457	127845326	127845487	70.370	1.41e-14	83.2
Ptyas_mucosa_C9B	NC_045543.1	583	56	528	583	127849349	127849516	80.357	2.22e-14	82.4
Ptyas_mucosa_C9B	NC_045543.1	583	55	529	583	127814348	127814512	60.000	2.75e-12	75.5
Ptyas_mucosa_C9B	NC_045543.1	583	74	198	271	127802698	127802919	55.405	1.28e-11	73.6
Ptyas_mucosa_C9B	NC_045543.1	583	35	30	64	127794760	127794864	68.571	9.40e-07	57.8
Ptyas_mucosa_C9B	NC_045543.1	583	40	27	64	127827063	127827182	62.500	2.01e-06	56.6
Ptyas_mucosa_C9B	NC_045543.1	583	71	273	343	127005193	127005405	36.620	4.82e-06	55.5
Ptyas_mucosa_C9B	NC_045543.1	583	93	457	545	127058079	127057810	33.333	7.96e-06	54.7
Ptyas_mucosa_C9B	NC_045545.1	583	76	277	352	30390334	30390107	39.474	1.09e-07	60.8
Ptyas_mucosa_C9B	NC_045545.1	583	43	537	579	30361174	30361046	53.488	1.09e-06	57.4
Ptyas_mucosa_C9B	NC_045558.1	583	221	299	514	123979105	123979725	23.982	2.68e-06	56.2
