Thamnophis_elegans_C9A	NC_045543.1	584	82	274	355	127804825	127805070	98.780	9.67e-44	173
Thamnophis_elegans_C9A	NC_045543.1	584	80	453	532	127812598	127812837	96.250	1.50e-39	160
Thamnophis_elegans_C9A	NC_045543.1	584	82	196	277	127802692	127802937	90.244	1.25e-35	149
Thamnophis_elegans_C9A	NC_045543.1	584	94	274	367	127839924	127840196	68.085	1.75e-31	136
Thamnophis_elegans_C9A	NC_045543.1	584	66	396	461	127810627	127810824	93.939	1.38e-27	124
Thamnophis_elegans_C9A	NC_045543.1	584	76	453	528	127848222	127848449	73.684	2.42e-27	123
Thamnophis_elegans_C9A	NC_045543.1	584	53	532	584	127814357	127814515	100.000	4.81e-25	116
Thamnophis_elegans_C9A	NC_045543.1	584	54	54	107	127796464	127796625	94.444	1.58e-23	111
Thamnophis_elegans_C9A	NC_045543.1	584	50	107	156	127799197	127799346	100.000	6.84e-22	106
Thamnophis_elegans_C9A	NC_045543.1	584	47	157	203	127801991	127802131	97.872	2.72e-20	101
Thamnophis_elegans_C9A	NC_045543.1	584	50	107	156	127830727	127830876	84.000	1.35e-17	92.8
Thamnophis_elegans_C9A	NC_045543.1	584	47	157	203	127835375	127835515	87.234	1.06e-16	89.7
Thamnophis_elegans_C9A	NC_045543.1	584	45	351	395	127807145	127807279	95.556	1.93e-16	89.0
Thamnophis_elegans_C9A	NC_045543.1	584	54	54	107	127828576	127828737	70.370	2.37e-14	82.4
Thamnophis_elegans_C9A	NC_045543.1	584	39	26	64	127794748	127794864	89.744	4.44e-13	78.2
Thamnophis_elegans_C9A	NC_045543.1	584	55	403	457	127845323	127845487	61.818	3.89e-12	75.1
Thamnophis_elegans_C9A	NC_045543.1	584	39	26	64	127827066	127827182	71.795	6.16e-10	68.2
Thamnophis_elegans_C9A	NC_045543.1	584	50	535	583	126964310	126964459	56.000	1.35e-08	63.5
Thamnophis_elegans_C9A	NC_045543.1	584	127	277	403	127005205	127005555	28.346	1.51e-07	60.1
Thamnophis_elegans_C9A	NC_045543.1	584	49	536	583	127011123	127011269	53.061	6.88e-07	58.2
Thamnophis_elegans_C9A	NC_045545.1	584	50	530	579	30346912	30347061	52.000	7.06e-10	67.8
Thamnophis_elegans_C9A	NC_045545.1	584	78	277	354	30390334	30390101	34.615	4.38e-07	58.9
Thamnophis_elegans_C9A	NC_045558.1	584	221	299	514	123979105	123979725	23.982	1.71e-06	57.0
Thamnophis_elegans_C9B	NC_045543.1	582	94	272	365	127839924	127840196	88.298	6.88e-44	173
Thamnophis_elegans_C9B	NC_045543.1	582	80	451	530	127848222	127848461	96.250	2.08e-40	163
Thamnophis_elegans_C9B	NC_045543.1	582	73	199	271	127837140	127837358	95.890	3.42e-32	138
Thamnophis_elegans_C9B	NC_045543.1	582	76	275	350	127804834	127805061	80.263	1.66e-30	133
Thamnophis_elegans_C9B	NC_045543.1	582	80	451	530	127812598	127812837	71.250	1.64e-27	124
Thamnophis_elegans_C9B	NC_045543.1	582	62	394	455	127845302	127845487	96.774	1.77e-27	124
Thamnophis_elegans_C9B	NC_045543.1	582	54	54	107	127828576	127828737	94.444	7.24e-23	109
Thamnophis_elegans_C9B	NC_045543.1	582	50	107	156	127830727	127830876	100.000	3.37e-22	107
Thamnophis_elegans_C9B	NC_045543.1	582	47	157	203	127835375	127835515	97.872	1.32e-20	102
Thamnophis_elegans_C9B	NC_045543.1	582	50	107	156	127799197	127799346	84.000	2.61e-17	91.7
Thamnophis_elegans_C9B	NC_045543.1	582	57	526	582	127849349	127849519	92.982	4.50e-17	90.9
Thamnophis_elegans_C9B	NC_045543.1	582	47	157	203	127801991	127802131	87.234	1.01e-16	89.7
Thamnophis_elegans_C9B	NC_045543.1	582	54	54	107	127796464	127796625	70.370	4.02e-15	84.7
Thamnophis_elegans_C9B	NC_045543.1	582	41	353	393	127842270	127842392	100.000	6.24e-15	84.3
Thamnophis_elegans_C9B	NC_045543.1	582	39	26	64	127827066	127827182	87.179	1.98e-12	76.3
Thamnophis_elegans_C9B	NC_045543.1	582	53	530	582	127814357	127814515	58.491	4.42e-12	75.1
Thamnophis_elegans_C9B	NC_045543.1	582	56	400	455	127810645	127810812	60.714	1.96e-11	72.8
Thamnophis_elegans_C9B	NC_045543.1	582	39	26	64	127794748	127794864	74.359	4.57e-10	68.6
Thamnophis_elegans_C9B	NC_045543.1	582	68	455	522	127058079	127057879	41.176	7.45e-07	58.2
Thamnophis_elegans_C9B	NC_045543.1	582	71	271	341	127005193	127005405	36.620	1.12e-06	57.4
Thamnophis_elegans_C9B	NC_045545.1	582	48	535	582	30361174	30361031	56.250	3.29e-07	59.3
Thamnophis_elegans_C9B	NC_045545.1	582	91	448	536	30363505	30363233	32.967	1.42e-06	57.0
Thamnophis_elegans_C9B	NC_045545.1	582	80	271	350	30390346	30390107	37.500	1.43e-06	57.0
Thamnophis_elegans_C9B	NC_045558.1	582	223	297	512	123979105	123979725	25.561	3.82e-06	55.8
