# Thamnophis_elegans DAB2/FYB1 anchors on NC_045543.1:125792995-129849526 (sstart/send relative to region; add 125792994)
Anolis_carolinensis_DAB2	1978391	1979017	296
Anolis_carolinensis_DAB2	1983228	1983755	209
Anolis_carolinensis_DAB2	1973103	1973237	99.4
Anolis_carolinensis_DAB2	1970242	1970382	96.7
Anolis_carolinensis_DAB2	1971262	1971363	72.8
Anolis_carolinensis_DAB2	1982465	1982623	70.1
Anolis_carolinensis_FYB1	2099926	2101038	269
Anolis_carolinensis_FYB1	2143746	2143925	92.0
Anolis_carolinensis_FYB1	2126938	2127090	89.7
Anolis_carolinensis_FYB1	2129110	2129250	70.5
Anolis_carolinensis_FYB1	2138314	2138586	56.2
Anolis_carolinensis_FYB1	2133404	2133514	49.3
Thamnophis_elegans_DAB2	1978391	1979017	415
Thamnophis_elegans_DAB2	1983228	1983761	357
Thamnophis_elegans_DAB2	1982465	1982623	108
Thamnophis_elegans_DAB2	1973103	1973237	100
Thamnophis_elegans_DAB2	1970242	1970382	99.4
Thamnophis_elegans_DAB2	1985221	1985349	84.0
Thamnophis_elegans_DAB2	1971262	1971363	74.7
Thamnophis_elegans_DAB2	1986967	1987032	48.9
Thamnophis_elegans_DAB2	1976400	1976474	47.8
Thamnophis_elegans_FYB1	2099926	2101041	743
Thamnophis_elegans_FYB1	2126938	2127102	115
Thamnophis_elegans_FYB1	2143746	2143925	114
Thamnophis_elegans_FYB1	2111796	2112008	113
Thamnophis_elegans_FYB1	2129110	2129250	99.4
Thamnophis_elegans_FYB1	2133404	2133553	96.7
Thamnophis_elegans_FYB1	2138314	2138433	81.3
Thamnophis_elegans_FYB1	2132474	2132545	49.3
Thamnophis_elegans_FYB1	2137728	2137796	48.9
