Lacerta_agilis_C9A	NC_069658.1	589	100	277	376	27985312	27985016	72.000	4.24e-38	157
Lacerta_agilis_C9A	NC_069658.1	589	77	458	534	27976105	27975875	80.519	5.72e-32	138
Lacerta_agilis_C9A	NC_069658.1	589	47	155	201	27991066	27990926	82.979	2.43e-17	92.4
Lacerta_agilis_C9A	NC_069658.1	589	55	100	154	27993722	27993558	76.364	1.32e-15	86.7
Lacerta_agilis_C9A	NC_069658.1	589	59	400	458	27979207	27979031	69.492	3.49e-15	85.5
Lacerta_agilis_C9A	NC_069658.1	589	77	201	277	27987502	27987272	49.351	1.26e-13	80.5
Lacerta_agilis_C9A	NC_069658.1	589	59	55	108	27999277	27999101	62.712	1.69e-12	76.6
Lacerta_agilis_C9A	NC_069658.1	589	57	470	526	29044169	29044339	43.860	6.07e-06	55.5
Lacerta_agilis_C9A	NC_069662.1	589	207	299	503	12242002	12242583	29.469	1.09e-09	67.8
Lacerta_agilis_C9A	NC_069662.1	589	245	279	517	15123241	15122549	25.714	1.79e-09	67.0
Lacerta_agilis_C9A	NC_069662.1	589	223	300	517	15109763	15109137	25.112	2.29e-09	66.6
Lacerta_agilis_C9A	NC_069662.1	589	198	295	490	15099092	15098553	26.263	3.72e-07	59.3
Lacerta_agilis_C9A	NC_069660.1	589	78	279	356	98125434	98125667	34.615	3.19e-07	59.7
Lacerta_agilis_C9A	NC_069660.1	589	43	540	581	98169545	98169417	55.814	9.69e-06	54.7
Lacerta_agilis_C9A	NC_069664.1	589	77	59	131	27421615	27421388	42.857	1.09e-06	57.8
Zootoca_vivipara_C9A	NC_069658.1	589	99	277	375	27985312	27985019	72.727	4.17e-38	157
Zootoca_vivipara_C9A	NC_069658.1	589	77	458	534	27976105	27975875	79.221	3.56e-31	135
Zootoca_vivipara_C9A	NC_069658.1	589	47	155	201	27991066	27990926	82.979	3.24e-17	92.0
Zootoca_vivipara_C9A	NC_069658.1	589	55	100	154	27993722	27993558	74.545	2.12e-15	86.3
Zootoca_vivipara_C9A	NC_069658.1	589	61	398	458	27979213	27979031	65.574	2.80e-14	82.4
Zootoca_vivipara_C9A	NC_069658.1	589	59	55	108	27999277	27999101	64.407	9.06e-13	77.8
Zootoca_vivipara_C9A	NC_069658.1	589	77	201	277	27987502	27987272	44.156	2.03e-11	73.2
Zootoca_vivipara_C9A	NC_069658.1	589	67	40	106	29119489	29119289	41.791	8.75e-06	55.1
Zootoca_vivipara_C9A	NC_069662.1	589	245	279	517	15123241	15122549	26.122	4.42e-09	65.9
Zootoca_vivipara_C9A	NC_069662.1	589	223	300	517	15109763	15109137	25.561	1.46e-08	63.9
Zootoca_vivipara_C9A	NC_069662.1	589	220	299	516	12242002	12242619	27.727	3.83e-08	62.8
Zootoca_vivipara_C9A	NC_069662.1	589	199	295	490	15099092	15098553	26.131	7.74e-07	58.5
Zootoca_vivipara_C9A	NC_069660.1	589	78	279	356	98125434	98125667	34.615	5.65e-07	58.9
Zootoca_vivipara_C9A	NC_069664.1	589	77	59	131	27421615	27421388	40.260	9.69e-06	54.7
Podarcis_muralis_C9A	NC_069658.1	589	100	277	376	27985312	27985016	73.000	7.27e-39	159
Podarcis_muralis_C9A	NC_069658.1	589	86	449	534	27976132	27975875	70.930	1.18e-30	134
Podarcis_muralis_C9A	NC_069658.1	589	47	155	201	27991066	27990926	82.979	2.68e-17	92.4
Podarcis_muralis_C9A	NC_069658.1	589	55	100	154	27993722	27993558	76.364	1.46e-15	86.7
Podarcis_muralis_C9A	NC_069658.1	589	59	400	458	27979207	27979031	67.797	8.05e-14	80.9
Podarcis_muralis_C9A	NC_069658.1	589	77	201	277	27987502	27987272	49.351	8.39e-13	77.8
Podarcis_muralis_C9A	NC_069658.1	589	59	55	108	27999277	27999101	61.017	5.58e-12	75.1
Podarcis_muralis_C9A	NC_069658.1	589	57	470	526	29044169	29044339	42.105	6.84e-06	55.5
Podarcis_muralis_C9A	NC_069662.1	589	246	278	516	15123244	15122552	26.016	3.42e-09	66.2
Podarcis_muralis_C9A	NC_069662.1	589	207	299	503	12242002	12242583	26.570	3.51e-08	62.8
Podarcis_muralis_C9A	NC_069662.1	589	224	300	516	15109763	15109140	25.446	8.97e-08	61.6
Podarcis_muralis_C9A	NC_069660.1	589	78	279	356	98125434	98125667	33.333	1.42e-06	57.4
Podarcis_muralis_C9A	NC_069664.1	589	77	59	131	27421615	27421388	41.558	8.17e-06	55.1
Anolis_carolinensis_C9A	NC_069658.1	591	98	278	375	27985315	27985025	60.204	3.01e-30	132
Anolis_carolinensis_C9A	NC_069658.1	591	87	452	538	27976129	27975869	65.517	1.52e-29	130
Anolis_carolinensis_C9A	NC_069658.1	591	47	156	202	27991066	27990926	80.851	6.37e-17	90.9
Anolis_carolinensis_C9A	NC_069658.1	591	50	106	155	27993707	27993558	72.000	9.13e-13	77.8
Anolis_carolinensis_C9A	NC_069658.1	591	56	56	107	27999277	27999110	67.857	4.98e-12	75.1
Anolis_carolinensis_C9A	NC_069658.1	591	60	402	461	27979207	27979028	51.667	1.49e-10	70.5
Anolis_carolinensis_C9A	NC_069658.1	591	79	281	359	29102234	29101998	34.177	1.62e-07	60.5
Anolis_carolinensis_C9A	NC_069660.1	591	79	281	359	98197807	98197571	35.443	1.66e-08	63.9
Anolis_carolinensis_C9A	NC_069660.1	591	47	541	587	98147503	98147643	53.191	7.72e-07	58.5
Anolis_carolinensis_C9A	NC_069660.1	591	50	534	583	98169566	98169420	54.000	1.25e-06	57.8
Anolis_carolinensis_C9A	NC_069662.1	591	240	286	518	12241948	12242619	26.250	2.51e-08	63.2
Anolis_carolinensis_C9A	NC_069662.1	591	246	280	518	15123244	15122552	25.610	6.70e-08	62.0
Anolis_carolinensis_C9A	NC_069662.1	591	232	295	518	15109787	15109140	24.569	3.31e-06	56.2
Pogona_vitticeps_C9A	NC_069658.1	576	122	242	361	27985372	27985016	54.098	6.96e-30	131
Pogona_vitticeps_C9A	NC_069658.1	576	74	439	512	27976111	27975890	68.919	9.47e-25	115
Pogona_vitticeps_C9A	NC_069658.1	576	49	156	204	27991066	27990920	83.673	4.24e-18	94.7
Pogona_vitticeps_C9A	NC_069658.1	576	50	106	155	27993707	27993558	72.000	6.31e-13	78.2
Pogona_vitticeps_C9A	NC_069658.1	576	61	382	442	27979210	27979028	57.377	1.00e-12	77.4
Pogona_vitticeps_C9A	NC_069658.1	576	56	56	107	27999277	27999110	60.714	1.90e-10	70.1
Pogona_vitticeps_C9A	NC_069658.1	576	85	256	340	29102252	29101998	36.471	1.95e-08	63.5
Pogona_vitticeps_C9A	NC_069658.1	576	59	6	64	28002164	28001997	42.373	1.05e-06	57.8
Pogona_vitticeps_C9A	NC_069662.1	576	245	262	499	15123241	15122552	26.122	4.37e-11	72.0
Pogona_vitticeps_C9A	NC_069662.1	576	231	276	499	15109787	15109140	25.974	2.67e-09	66.2
Pogona_vitticeps_C9A	NC_069662.1	576	196	283	473	15099077	15098553	27.551	1.15e-07	61.2
Pogona_vitticeps_C9A	NC_069662.1	576	241	267	501	12241948	12242625	24.481	3.29e-07	59.7
Pogona_vitticeps_C9A	NC_069660.1	576	60	508	567	98169599	98169420	48.333	3.15e-08	62.8
Pogona_vitticeps_C9A	NC_069660.1	576	100	241	339	98125374	98125667	35.000	5.26e-08	62.0
Pogona_vitticeps_C9A	NC_069660.1	576	84	257	340	98197822	98197571	34.524	7.72e-08	61.6
Pogona_vitticeps_C9A	NC_069660.1	576	47	525	571	98147503	98147643	57.447	4.43e-07	59.3
Pogona_vitticeps_C9A	NC_069660.1	576	78	444	520	98144227	98144460	34.615	2.35e-06	56.6
Pogona_vitticeps_C9A	NC_069660.1	576	50	526	571	148800806	148800657	52.000	9.03e-06	55.1
Gekko_japonicus_C9A	NC_069658.1	582	85	292	376	27985315	27985061	64.706	1.59e-27	124
Gekko_japonicus_C9A	NC_069658.1	582	70	455	524	27976102	27975893	72.857	8.33e-23	109
Gekko_japonicus_C9A	NC_069658.1	582	47	173	219	27991066	27990926	72.340	2.25e-13	79.7
Gekko_japonicus_C9A	NC_069658.1	582	56	117	172	27993722	27993558	55.357	3.49e-09	65.9
Gekko_japonicus_C9A	NC_069658.1	582	58	69	122	27999277	27999113	60.345	5.17e-09	65.5
Gekko_japonicus_C9A	NC_069658.1	582	59	395	453	27979210	27979034	49.153	9.17e-09	64.7
Gekko_japonicus_C9A	NC_069658.1	582	66	457	522	29044145	29044339	40.909	4.07e-07	59.3
Gekko_japonicus_C9A	NC_069658.1	582	85	289	373	29102252	29101998	31.765	4.71e-07	58.9
Gekko_japonicus_C9A	NC_069662.1	582	213	315	512	12242002	12242619	26.291	1.57e-09	67.0
Gekko_japonicus_C9A	NC_069662.1	582	210	316	512	15099077	15098472	27.143	1.52e-07	60.8
Gekko_japonicus_C9A	NC_069660.1	582	82	293	372	98125422	98125667	36.585	1.62e-07	60.5
Gekko_japonicus_C9A	NC_069660.1	582	47	535	581	98147503	98147643	48.936	6.82e-06	55.5
Gekko_japonicus_C9A	NC_069660.1	582	72	451	522	98144230	98144427	34.722	8.16e-06	55.1
Crotalus_tigris_C9A	NC_069658.1	583	98	276	373	27985309	27985019	53.061	2.95e-25	117
Crotalus_tigris_C9A	NC_069658.1	583	76	459	534	27976096	27975869	61.842	6.80e-23	110
Crotalus_tigris_C9A	NC_069658.1	583	50	107	156	27993707	27993558	74.000	6.23e-14	81.3
Crotalus_tigris_C9A	NC_069658.1	583	47	157	203	27991066	27990926	68.085	3.00e-13	79.3
Crotalus_tigris_C9A	NC_069658.1	583	56	402	457	27979195	27979028	51.786	1.26e-08	64.3
Crotalus_tigris_C9A	NC_069658.1	583	56	56	107	27999277	27999113	51.786	5.55e-07	58.9
Crotalus_tigris_C9A	NC_069662.1	583	245	276	514	15123244	15122552	23.265	2.67e-09	66.2
Crotalus_tigris_C9A	NC_069662.1	583	228	290	514	12241978	12242619	24.123	4.09e-09	65.9
Crotalus_tigris_C9A	NC_069662.1	583	222	298	514	15109763	15109140	23.874	7.69e-09	65.1
Crotalus_tigris_C9A	NC_069662.1	583	220	298	514	15099077	15098472	23.636	2.51e-07	60.1
Thamnophis_elegans_C9A	NC_069658.1	583	85	274	358	27985315	27985061	58.824	3.68e-25	117
Thamnophis_elegans_C9A	NC_069658.1	583	75	460	534	27976093	27975869	60.000	1.18e-20	102
Thamnophis_elegans_C9A	NC_069658.1	583	47	157	203	27991066	27990926	70.213	1.36e-13	80.1
Thamnophis_elegans_C9A	NC_069658.1	583	50	107	156	27993707	27993558	68.000	7.62e-11	71.2
Thamnophis_elegans_C9A	NC_069658.1	583	61	397	457	27979210	27979028	45.902	2.93e-09	66.2
Thamnophis_elegans_C9A	NC_069658.1	583	42	25	66	28002116	28001991	59.524	1.48e-07	60.8
Thamnophis_elegans_C9A	NC_069658.1	583	55	56	107	27999277	27999113	54.545	2.37e-07	60.1
Thamnophis_elegans_C9A	NC_069660.1	583	47	537	583	98147503	98147643	53.191	7.87e-07	58.5
Thamnophis_elegans_C9A	NC_069660.1	583	50	530	579	98169566	98169420	50.000	2.55e-06	56.6
Thamnophis_elegans_C9A	NC_069662.1	583	245	276	514	15123244	15122552	23.265	1.08e-06	57.8
Thamnophis_elegans_C9A	NC_069662.1	583	222	298	514	15099077	15098472	25.225	2.19e-06	57.0
Thamnophis_elegans_C9A	NC_069662.1	583	225	298	514	15109763	15109140	23.556	6.44e-06	55.5
Naja_naja_C9A	NC_069658.1	582	78	276	353	27985309	27985076	64.103	2.78e-26	120
Naja_naja_C9A	NC_069658.1	582	76	458	533	27976096	27975869	61.842	1.40e-22	108
Naja_naja_C9A	NC_069658.1	582	50	107	156	27993707	27993558	74.000	3.83e-13	79.0
Naja_naja_C9A	NC_069658.1	582	47	157	203	27991066	27990926	68.085	5.45e-13	78.2
Naja_naja_C9A	NC_069658.1	582	62	56	110	27999277	27999095	51.613	1.64e-08	63.9
Naja_naja_C9A	NC_069658.1	582	55	402	456	27979192	27979028	56.364	1.75e-08	63.9
Naja_naja_C9A	NC_069658.1	582	42	25	66	28002116	28001991	54.762	4.24e-06	55.8
Naja_naja_C9A	NC_069662.1	582	236	281	513	12241951	12242619	25.424	9.81e-11	70.9
Naja_naja_C9A	NC_069662.1	582	221	298	513	15099077	15098472	23.982	1.99e-07	60.5
Naja_naja_C9A	NC_069660.1	582	74	277	350	98125434	98125655	35.135	6.54e-06	55.5
Pseudonaja_textilis_C9A	NC_069658.1	583	78	276	353	27985309	27985076	60.256	9.32e-25	115
Pseudonaja_textilis_C9A	NC_069658.1	583	76	459	534	27976096	27975869	65.789	6.52e-24	113
Pseudonaja_textilis_C9A	NC_069658.1	583	47	157	203	27991066	27990926	68.085	5.33e-13	78.6
Pseudonaja_textilis_C9A	NC_069658.1	583	50	107	156	27993707	27993558	70.000	1.82e-12	76.6
Pseudonaja_textilis_C9A	NC_069658.1	583	55	403	457	27979192	27979028	50.909	4.65e-08	62.4
Pseudonaja_textilis_C9A	NC_069658.1	583	56	56	107	27999277	27999113	53.571	1.88e-07	60.5
Pseudonaja_textilis_C9A	NC_069658.1	583	42	25	66	28002116	28001991	57.143	9.57e-07	58.2
Pseudonaja_textilis_C9A	NC_069662.1	583	228	290	514	12241978	12242619	24.561	3.00e-11	72.8
Pseudonaja_textilis_C9A	NC_069662.1	583	218	298	514	15099077	15098472	21.560	7.61e-07	58.5
Python_bivittatus_C9A	NC_069658.1	582	81	454	534	27976111	27975869	62.963	3.28e-25	117
Python_bivittatus_C9A	NC_069658.1	582	80	276	355	27985309	27985070	60.000	3.74e-25	117
Python_bivittatus_C9A	NC_069658.1	582	47	157	203	27991066	27990926	63.830	8.23e-13	77.8
Python_bivittatus_C9A	NC_069658.1	582	55	102	156	27993722	27993558	65.455	2.30e-12	76.3
Python_bivittatus_C9A	NC_069658.1	582	61	397	457	27979210	27979028	45.902	5.04e-09	65.5
Python_bivittatus_C9A	NC_069658.1	582	42	25	66	28002116	28001991	57.143	6.45e-07	58.5
Python_bivittatus_C9A	NC_069658.1	582	55	56	107	27999277	27999113	54.545	1.02e-06	58.2
Python_bivittatus_C9A	NC_069658.1	582	69	456	524	29044136	29044339	37.681	4.02e-06	56.2
Python_bivittatus_C9A	NC_069662.1	582	245	276	514	15123244	15122552	25.714	6.72e-10	68.2
Python_bivittatus_C9A	NC_069662.1	582	226	293	514	15099092	15098472	23.894	9.17e-09	64.7
Python_bivittatus_C9A	NC_069662.1	582	222	298	514	15109763	15109140	24.324	6.35e-08	62.0
Python_bivittatus_C9A	NC_069662.1	582	238	282	514	12241948	12242619	23.529	2.14e-06	57.0
Python_bivittatus_C9A	NC_069660.1	582	50	529	578	98169569	98169420	54.000	3.84e-08	62.8
Python_bivittatus_C9A	NC_069660.1	582	78	277	354	98125434	98125667	32.051	4.42e-06	55.8
Notechis_scutatus_C9A	NC_069658.1	583	78	276	353	27985309	27985076	60.256	9.92e-25	115
Notechis_scutatus_C9A	NC_069658.1	583	76	459	534	27976096	27975869	65.789	1.05e-23	112
Notechis_scutatus_C9A	NC_069658.1	583	47	157	203	27991066	27990926	68.085	5.07e-13	78.6
Notechis_scutatus_C9A	NC_069658.1	583	50	107	156	27993707	27993558	72.000	7.45e-13	77.8
Notechis_scutatus_C9A	NC_069658.1	583	55	403	457	27979192	27979028	50.909	4.42e-08	62.4
Notechis_scutatus_C9A	NC_069658.1	583	56	56	107	27999277	27999113	53.571	2.08e-07	60.1
Notechis_scutatus_C9A	NC_069658.1	583	42	25	66	28002116	28001991	57.143	9.74e-07	58.2
Notechis_scutatus_C9A	NC_069662.1	583	228	290	514	12241978	12242619	24.123	1.47e-10	70.5
Notechis_scutatus_C9A	NC_069662.1	583	218	298	514	15099077	15098472	22.477	1.25e-06	57.8
Notechis_scutatus_C9A	NC_069662.1	583	224	298	514	15109763	15109140	21.875	8.32e-06	55.1
Hydrophis_cyanocinctus_C9A	NC_069658.1	583	98	276	373	27985309	27985019	53.061	1.15e-25	118
Hydrophis_cyanocinctus_C9A	NC_069658.1	583	76	459	534	27976096	27975869	65.789	9.87e-24	112
Hydrophis_cyanocinctus_C9A	NC_069658.1	583	47	157	203	27991066	27990926	70.213	2.07e-13	79.7
Hydrophis_cyanocinctus_C9A	NC_069658.1	583	50	107	156	27993707	27993558	72.000	7.85e-13	77.8
Hydrophis_cyanocinctus_C9A	NC_069658.1	583	54	404	457	27979189	27979028	51.852	8.81e-08	61.6
Hydrophis_cyanocinctus_C9A	NC_069658.1	583	56	56	107	27999277	27999113	53.571	2.05e-07	60.5
Hydrophis_cyanocinctus_C9A	NC_069658.1	583	42	25	66	28002116	28001991	57.143	9.74e-07	58.2
Hydrophis_cyanocinctus_C9A	NC_069662.1	583	228	290	514	12241978	12242619	23.684	4.01e-11	72.4
Hydrophis_cyanocinctus_C9A	NC_069662.1	583	218	298	514	15099077	15098472	21.560	6.47e-07	58.5
Laticauda_colubrina_C9A	NC_069658.1	583	98	276	373	27985309	27985019	52.041	2.26e-25	117
Laticauda_colubrina_C9A	NC_069658.1	583	76	459	534	27976096	27975869	65.789	6.75e-24	113
Laticauda_colubrina_C9A	NC_069658.1	583	47	157	203	27991066	27990926	68.085	6.17e-13	78.2
Laticauda_colubrina_C9A	NC_069658.1	583	50	107	156	27993707	27993558	70.000	1.85e-12	76.6
Laticauda_colubrina_C9A	NC_069658.1	583	55	403	457	27979192	27979028	56.364	1.03e-08	64.3
Laticauda_colubrina_C9A	NC_069658.1	583	56	56	107	27999277	27999113	58.929	2.43e-08	63.2
Laticauda_colubrina_C9A	NC_069658.1	583	42	25	66	28002116	28001991	57.143	1.69e-06	57.4
Laticauda_colubrina_C9A	NC_069662.1	583	228	290	514	12241978	12242619	25.000	9.35e-12	74.3
Laticauda_colubrina_C9A	NC_069662.1	583	218	298	514	15099077	15098472	21.560	1.02e-07	61.2
Protobothrops_mucrosquamatus_C9A	NC_069658.1	583	82	274	355	27985315	27985070	64.634	4.91e-28	125
Protobothrops_mucrosquamatus_C9A	NC_069658.1	583	76	459	534	27976096	27975869	63.158	6.18e-24	113
Protobothrops_mucrosquamatus_C9A	NC_069658.1	583	47	157	203	27991066	27990926	65.957	1.60e-13	80.1
Protobothrops_mucrosquamatus_C9A	NC_069658.1	583	50	107	156	27993707	27993558	70.000	1.61e-12	76.6
Protobothrops_mucrosquamatus_C9A	NC_069658.1	583	61	397	457	27979210	27979028	47.541	2.56e-09	66.6
Protobothrops_mucrosquamatus_C9A	NC_069658.1	583	82	274	355	29102243	29101998	34.146	6.70e-07	58.5
Protobothrops_mucrosquamatus_C9A	NC_069658.1	583	62	5	66	28002164	28001991	46.774	1.71e-06	57.4
Protobothrops_mucrosquamatus_C9A	NC_069658.1	583	62	56	110	27999277	27999095	48.387	3.55e-06	56.2
Protobothrops_mucrosquamatus_C9A	NC_069658.1	583	69	456	524	29044136	29044339	39.130	3.90e-06	56.2
Protobothrops_mucrosquamatus_C9A	NC_069662.1	583	251	276	514	15123244	15122552	25.896	3.94e-11	72.4
Protobothrops_mucrosquamatus_C9A	NC_069662.1	583	228	293	514	15099092	15098472	25.877	2.27e-08	63.5
Protobothrops_mucrosquamatus_C9A	NC_069662.1	583	228	298	514	15109763	15109140	24.561	5.37e-07	58.9
Protobothrops_mucrosquamatus_C9A	NC_069662.1	583	220	297	514	12242002	12242619	22.273	1.52e-06	57.4
Protobothrops_mucrosquamatus_C9A	NC_069660.1	583	47	537	583	98147503	98147643	55.319	1.80e-07	60.5
Protobothrops_mucrosquamatus_C9A	NC_069660.1	583	50	530	579	98169566	98169420	54.000	2.88e-07	59.7
Protobothrops_mucrosquamatus_C9A	NC_069660.1	583	78	277	354	98125434	98125667	30.769	1.57e-06	57.4
Protobothrops_mucrosquamatus_C9A	NC_069660.1	583	108	252	358	98197870	98197562	28.704	2.38e-06	57.0
Chrysopelea_ornata_C9A	NC_069658.1	584	85	274	358	27985315	27985061	60.000	8.76e-27	122
Chrysopelea_ornata_C9A	NC_069658.1	584	76	460	535	27976096	27975869	63.158	4.01e-23	110
Chrysopelea_ornata_C9A	NC_069658.1	584	47	157	203	27991066	27990926	72.340	1.39e-14	83.6
Chrysopelea_ornata_C9A	NC_069658.1	584	50	107	156	27993707	27993558	72.000	4.36e-13	78.6
Chrysopelea_ornata_C9A	NC_069658.1	584	61	398	458	27979210	27979028	45.902	2.16e-09	66.6
Chrysopelea_ornata_C9A	NC_069658.1	584	82	274	355	29102243	29101998	34.146	2.56e-06	56.6
Chrysopelea_ornata_C9A	NC_069662.1	584	221	297	515	12242002	12242619	24.434	1.92e-09	67.0
Chrysopelea_ornata_C9A	NC_069662.1	584	228	298	515	15123175	15122552	25.000	2.32e-07	60.1
Chrysopelea_ornata_C9A	NC_069662.1	584	224	298	515	15109763	15109140	26.339	1.14e-06	57.8
Chrysopelea_ornata_C9A	NC_069660.1	584	50	531	580	98169566	98169420	58.000	2.99e-08	63.2
Chrysopelea_ornata_C9A	NC_069660.1	584	78	277	354	98125434	98125667	33.333	1.88e-06	57.0
Chrysopelea_ornata_C9A	NC_069664.1	584	75	60	131	27421615	27421394	41.333	6.09e-06	55.5
Pituophis_catenifer_C9A	NC_069658.1	583	82	277	358	27985306	27985061	59.756	5.68e-25	116
Pituophis_catenifer_C9A	NC_069658.1	583	74	459	532	27976096	27975875	62.162	1.58e-21	105
Pituophis_catenifer_C9A	NC_069658.1	583	50	107	156	27993707	27993558	70.000	2.00e-12	76.6
Pituophis_catenifer_C9A	NC_069658.1	583	47	157	203	27991066	27990926	63.830	2.52e-12	76.3
Pituophis_catenifer_C9A	NC_069658.1	583	56	56	107	27999277	27999113	57.143	4.97e-09	65.5
Pituophis_catenifer_C9A	NC_069658.1	583	54	404	457	27979189	27979028	51.852	1.06e-08	64.3
Pituophis_catenifer_C9A	NC_069658.1	583	42	25	66	28002116	28001991	59.524	1.63e-07	60.5
Pituophis_catenifer_C9A	NC_069662.1	583	248	277	516	15123241	15122546	25.000	5.04e-10	68.9
Pituophis_catenifer_C9A	NC_069662.1	583	224	298	516	15109763	15109134	23.214	9.60e-08	61.2
Pituophis_catenifer_C9A	NC_069662.1	583	191	298	488	15099077	15098553	23.560	2.55e-06	56.6
Pituophis_catenifer_C9A	NC_069662.1	583	230	290	516	12241978	12242625	25.217	3.15e-06	56.2
Pituophis_catenifer_C9A	NC_069660.1	583	45	536	580	98169551	98169417	60.000	1.36e-07	60.8
Pituophis_catenifer_C9A	NC_069660.1	583	46	538	583	98147506	98147643	52.174	9.02e-07	58.2
Pituophis_catenifer_C9A	NC_069664.1	583	75	60	131	27421615	27421394	41.333	3.02e-06	56.6
Pantherophis_obsoletus_C9A	NC_069658.1	583	85	274	358	27985315	27985061	63.529	3.73e-29	129
Pantherophis_obsoletus_C9A	NC_069658.1	583	76	459	534	27976096	27975869	60.526	9.24e-22	106
Pantherophis_obsoletus_C9A	NC_069658.1	583	47	157	203	27991066	27990926	65.957	5.52e-13	78.2
Pantherophis_obsoletus_C9A	NC_069658.1	583	50	107	156	27993707	27993558	66.000	1.49e-11	73.6
Pantherophis_obsoletus_C9A	NC_069658.1	583	56	56	107	27999277	27999113	57.143	5.02e-09	65.5
Pantherophis_obsoletus_C9A	NC_069658.1	583	61	397	457	27979210	27979028	44.262	6.32e-09	65.1
Pantherophis_obsoletus_C9A	NC_069658.1	583	42	25	66	28002116	28001991	59.524	2.86e-07	59.7
Pantherophis_obsoletus_C9A	NC_069658.1	583	89	267	355	29102264	29101998	32.584	7.42e-07	58.5
Pantherophis_obsoletus_C9A	NC_069662.1	583	249	276	516	15123244	15122546	25.301	3.15e-10	69.3
Pantherophis_obsoletus_C9A	NC_069662.1	583	222	297	516	12242002	12242625	25.225	6.11e-08	62.0
Pantherophis_obsoletus_C9A	NC_069662.1	583	230	298	516	15109763	15109134	24.783	7.43e-08	61.6
Pantherophis_obsoletus_C9A	NC_069662.1	583	200	293	488	15099092	15098553	25.000	1.10e-06	57.8
Pantherophis_obsoletus_C9A	NC_069660.1	583	51	530	580	98169566	98169417	56.863	7.56e-08	61.6
Pantherophis_obsoletus_C9A	NC_069660.1	583	78	277	354	98125434	98125667	33.333	8.72e-07	58.2
Pantherophis_obsoletus_C9A	NC_069660.1	583	46	538	583	98147506	98147643	52.174	9.49e-07	58.2
Pantherophis_obsoletus_C9A	NC_069660.1	583	81	277	357	98197807	98197565	30.864	8.53e-06	55.1
Bothrops_jararaca_C9A	NC_069658.1	583	82	274	355	27985315	27985070	65.854	1.49e-27	124
Bothrops_jararaca_C9A	NC_069658.1	583	76	459	534	27976096	27975869	63.158	2.20e-24	114
Bothrops_jararaca_C9A	NC_069658.1	583	47	157	203	27991066	27990926	65.957	1.56e-13	80.1
Bothrops_jararaca_C9A	NC_069658.1	583	50	107	156	27993707	27993558	74.000	1.25e-12	77.0
Bothrops_jararaca_C9A	NC_069658.1	583	61	397	457	27979210	27979028	44.262	1.96e-08	63.5
Bothrops_jararaca_C9A	NC_069658.1	583	65	56	113	27999277	27999086	49.231	1.93e-07	60.5
Bothrops_jararaca_C9A	NC_069658.1	583	82	274	355	29102243	29101998	34.146	9.33e-07	58.2
Bothrops_jararaca_C9A	NC_069662.1	583	245	276	514	15123244	15122552	23.673	1.43e-07	60.8
Bothrops_jararaca_C9A	NC_069662.1	583	228	293	514	15099092	15098472	25.439	4.93e-07	58.9
Bothrops_jararaca_C9A	NC_069662.1	583	220	297	514	12242002	12242619	22.727	1.10e-06	57.8
Bothrops_jararaca_C9A	NC_069662.1	583	226	298	514	15109763	15109140	23.894	4.07e-06	56.2
Bothrops_jararaca_C9A	NC_069660.1	583	50	530	579	98169566	98169420	54.000	3.92e-07	59.3
Bothrops_jararaca_C9A	NC_069660.1	583	46	538	583	98147506	98147643	52.174	1.96e-06	57.0
Bothrops_jararaca_C9A	NC_069660.1	583	81	274	354	98125425	98125667	30.864	3.07e-06	56.6
Bothrops_jararaca_C9A	NC_069660.1	583	108	252	358	98197870	98197562	28.704	9.70e-06	54.7
Ptyas_mucosa_C9A	NC_069658.1	583	85	274	358	27985315	27985061	63.529	2.08e-28	127
Ptyas_mucosa_C9A	NC_069658.1	583	76	459	534	27976096	27975869	59.211	1.01e-21	106
Ptyas_mucosa_C9A	NC_069658.1	583	50	107	156	27993707	27993558	72.000	4.23e-13	78.6
Ptyas_mucosa_C9A	NC_069658.1	583	47	157	203	27991066	27990926	65.957	5.62e-13	78.2
Ptyas_mucosa_C9A	NC_069658.1	583	61	397	457	27979210	27979028	45.902	4.05e-09	65.9
Ptyas_mucosa_C9A	NC_069658.1	583	56	56	107	27999277	27999113	55.357	3.25e-08	62.8
Ptyas_mucosa_C9A	NC_069658.1	583	42	25	66	28002116	28001991	61.905	5.75e-08	62.0
Ptyas_mucosa_C9A	NC_069658.1	583	82	274	355	29102243	29101998	34.146	1.26e-06	57.8
Ptyas_mucosa_C9A	NC_069662.1	583	229	298	514	15123175	15122552	25.764	1.71e-08	63.9
Ptyas_mucosa_C9A	NC_069662.1	583	225	298	514	15109763	15109140	25.333	1.13e-07	61.2
Ptyas_mucosa_C9A	NC_069662.1	583	221	298	514	15099077	15098472	24.434	2.83e-07	59.7
Ptyas_mucosa_C9A	NC_069662.1	583	225	297	514	12242002	12242619	24.444	1.42e-06	57.4
Ptyas_mucosa_C9A	NC_069660.1	583	46	538	583	98147506	98147643	54.348	6.99e-07	58.5
Ptyas_mucosa_C9A	NC_069660.1	583	81	274	354	98125425	98125667	33.333	1.47e-06	57.4
Ptyas_mucosa_C9A	NC_069660.1	583	50	530	579	98169566	98169420	54.000	3.00e-06	56.6
Ptyas_mucosa_C9A	NC_069660.1	583	103	266	368	98197825	98197532	30.097	6.44e-06	55.5
Ptyas_mucosa_C9A	NC_069664.1	583	75	60	131	27421615	27421394	41.333	5.58e-06	55.5
Vipera_berus_C9A	NC_069658.1	583	82	274	355	27985315	27985070	60.976	7.46e-26	119
Vipera_berus_C9A	NC_069658.1	583	76	459	534	27976096	27975869	60.526	2.47e-23	111
Vipera_berus_C9A	NC_069658.1	583	47	157	203	27991066	27990926	68.085	1.06e-13	80.5
Vipera_berus_C9A	NC_069658.1	583	50	107	156	27993707	27993558	72.000	3.02e-12	75.9
Vipera_berus_C9A	NC_069658.1	583	61	397	457	27979210	27979028	47.541	2.52e-10	69.7
Vipera_berus_C9A	NC_069658.1	583	82	274	355	29102243	29101998	35.366	2.98e-07	59.7
Vipera_berus_C9A	NC_069658.1	583	69	456	524	29044136	29044339	40.580	6.31e-07	58.5
Vipera_berus_C9A	NC_069658.1	583	42	25	66	28002116	28001991	54.762	2.87e-06	56.6
Vipera_berus_C9A	NC_069658.1	583	62	56	110	27999277	27999095	50.000	5.53e-06	55.5
Vipera_berus_C9A	NC_069662.1	583	253	275	514	15123247	15122552	24.901	7.00e-09	65.1
Vipera_berus_C9A	NC_069662.1	583	226	293	514	15099092	15098472	23.009	4.19e-07	59.3
Vipera_berus_C9A	NC_069662.1	583	224	298	514	15109763	15109140	24.554	1.80e-06	57.4
Vipera_berus_C9A	NC_069662.1	583	221	297	514	12242002	12242619	22.624	3.90e-06	56.2
Vipera_berus_C9A	NC_069660.1	583	50	530	579	98169566	98169420	54.000	2.47e-07	60.1
Vipera_berus_C9A	NC_069660.1	583	47	537	583	98147503	98147643	51.064	1.56e-06	57.4
Vipera_berus_C9A	NC_069660.1	583	93	266	358	98197825	98197562	31.183	4.87e-06	55.8
Sceloporus_undulatus_C9A	NC_069658.1	591	97	278	374	27985315	27985028	60.825	2.66e-29	130
Sceloporus_undulatus_C9A	NC_069658.1	591	76	463	538	27976096	27975869	71.053	4.37e-27	123
Sceloporus_undulatus_C9A	NC_069658.1	591	47	156	202	27991066	27990926	72.340	4.33e-13	78.6
Sceloporus_undulatus_C9A	NC_069658.1	591	63	56	113	27999277	27999089	63.492	2.32e-12	76.3
Sceloporus_undulatus_C9A	NC_069658.1	591	60	401	460	27979210	27979031	55.000	3.03e-11	72.8
Sceloporus_undulatus_C9A	NC_069658.1	591	50	106	155	27993707	27993558	66.000	3.68e-10	69.3
Sceloporus_undulatus_C9A	NC_069658.1	591	79	281	359	29102234	29101998	35.443	2.34e-07	60.1
Sceloporus_undulatus_C9A	NC_069658.1	591	79	201	279	27987505	27987272	41.772	9.96e-07	58.2
Sceloporus_undulatus_C9A	NC_069660.1	591	46	539	584	98169554	98169417	58.696	1.68e-08	63.9
Sceloporus_undulatus_C9A	NC_069660.1	591	90	270	359	98197825	98197571	34.444	2.47e-07	60.1
Sceloporus_undulatus_C9A	NC_069660.1	591	47	541	587	98147503	98147643	53.191	1.44e-06	57.4
Sceloporus_undulatus_C9A	NC_069660.1	591	86	463	547	98144227	98144475	33.721	4.85e-06	55.8
Sceloporus_undulatus_C9A	NC_069662.1	591	299	301	586	12242002	12242853	26.421	6.20e-08	62.0
Sceloporus_undulatus_C9A	NC_069662.1	591	222	302	518	15109763	15109140	22.523	1.44e-07	60.8
Sceloporus_undulatus_C9A	NC_069662.1	591	244	281	518	15123241	15122552	21.721	1.41e-06	57.8
Anolis_carolinensis_C9B	NC_069658.1	538	124	254	377	27985387	27985019	52.419	6.28e-29	128
Anolis_carolinensis_C9B	NC_069658.1	538	86	452	537	27976129	27975872	61.628	7.01e-25	115
Anolis_carolinensis_C9B	NC_069658.1	538	47	156	202	27991066	27990926	78.723	1.04e-15	86.7
Anolis_carolinensis_C9B	NC_069658.1	538	56	56	107	27999277	27999110	66.071	4.92e-12	75.1
Anolis_carolinensis_C9B	NC_069658.1	538	62	399	460	27979216	27979031	53.226	6.89e-12	74.7
Anolis_carolinensis_C9B	NC_069658.1	538	50	106	155	27993707	27993558	68.000	2.92e-11	72.4
Anolis_carolinensis_C9B	NC_069658.1	538	119	241	359	29102309	29101998	31.933	1.21e-08	63.9
Anolis_carolinensis_C9B	NC_069658.1	538	67	462	528	29044142	29044339	38.806	1.19e-06	57.8
Anolis_carolinensis_C9B	NC_069660.1	538	87	270	356	98197825	98197580	37.931	1.21e-09	67.4
Anolis_carolinensis_C9B	NC_069660.1	538	76	281	356	98125434	98125661	36.842	7.61e-08	61.6
Anolis_carolinensis_C9B	NC_069662.1	538	217	306	518	12242017	12242619	25.346	5.69e-09	65.1
Anolis_carolinensis_C9B	NC_069662.1	538	231	294	518	15109790	15109140	24.675	1.82e-07	60.1
Anolis_carolinensis_C9B	NC_069662.1	538	221	302	518	15099077	15098472	23.982	8.05e-07	58.2
Hydrophis_cyanocinctus_C9B	NC_069658.1	582	85	273	357	27985315	27985061	62.353	3.34e-28	126
Hydrophis_cyanocinctus_C9B	NC_069658.1	582	74	458	531	27976096	27975875	59.459	6.82e-21	103
Hydrophis_cyanocinctus_C9B	NC_069658.1	582	50	106	155	27993707	27993558	72.000	3.26e-13	79.0
Hydrophis_cyanocinctus_C9B	NC_069658.1	582	47	156	202	27991066	27990926	63.830	1.78e-12	76.6
Hydrophis_cyanocinctus_C9B	NC_069658.1	582	55	55	106	27999277	27999113	50.909	2.35e-06	57.0
Hydrophis_cyanocinctus_C9B	NC_069658.1	582	39	24	62	28002116	28002000	58.974	2.72e-06	56.6
Hydrophis_cyanocinctus_C9B	NC_069658.1	582	59	398	456	27979204	27979028	38.983	3.09e-06	56.6
Hydrophis_cyanocinctus_C9B	NC_069658.1	582	82	273	354	29102243	29101998	32.927	5.95e-06	55.5
Hydrophis_cyanocinctus_C9B	NC_069658.1	582	111	413	523	29044040	29044339	30.631	7.75e-06	55.1
Hydrophis_cyanocinctus_C9B	NC_069662.1	582	226	297	521	15099077	15098448	26.549	6.19e-09	65.1
Hydrophis_cyanocinctus_C9B	NC_069662.1	582	245	275	513	15123244	15122552	24.898	4.56e-08	62.4
Hydrophis_cyanocinctus_C9B	NC_069662.1	582	223	296	514	12242002	12242622	25.561	9.09e-08	61.2
Hydrophis_cyanocinctus_C9B	NC_069662.1	582	223	297	513	15109763	15109140	25.112	2.01e-07	60.5
Bothrops_jararaca_C9B	NC_069658.1	583	82	274	355	27985315	27985070	65.854	1.47e-27	124
Bothrops_jararaca_C9B	NC_069658.1	583	76	459	534	27976096	27975869	63.158	2.28e-24	114
Bothrops_jararaca_C9B	NC_069658.1	583	47	157	203	27991066	27990926	68.085	5.86e-14	81.6
Bothrops_jararaca_C9B	NC_069658.1	583	50	107	156	27993707	27993558	74.000	1.54e-13	80.1
Bothrops_jararaca_C9B	NC_069658.1	583	61	397	457	27979210	27979028	45.902	1.26e-09	67.4
Bothrops_jararaca_C9B	NC_069658.1	583	82	274	355	29102243	29101998	34.146	9.74e-07	58.2
Bothrops_jararaca_C9B	NC_069658.1	583	62	56	110	27999277	27999095	50.000	2.04e-06	57.0
Bothrops_jararaca_C9B	NC_069662.1	583	251	276	514	15123244	15122552	25.498	3.89e-08	62.8
Bothrops_jararaca_C9B	NC_069662.1	583	228	293	514	15099092	15098472	25.439	2.49e-07	60.1
Bothrops_jararaca_C9B	NC_069662.1	583	221	297	514	12242002	12242619	23.077	8.94e-07	58.2
Bothrops_jararaca_C9B	NC_069660.1	583	50	530	579	98169566	98169420	54.000	4.80e-07	58.9
Bothrops_jararaca_C9B	NC_069660.1	583	47	537	583	98147503	98147643	51.064	5.74e-07	58.9
Bothrops_jararaca_C9B	NC_069660.1	583	108	252	358	98197870	98197562	29.630	2.57e-06	56.6
Bothrops_jararaca_C9B	NC_069660.1	583	81	274	354	98125425	98125667	30.864	3.32e-06	56.2
Laticauda_colubrina_C9B	NC_069658.1	583	83	276	358	27985309	27985061	62.651	1.97e-28	127
Laticauda_colubrina_C9B	NC_069658.1	583	74	459	532	27976096	27975875	60.811	1.14e-21	105
Laticauda_colubrina_C9B	NC_069658.1	583	46	157	202	27991066	27990929	67.391	1.60e-13	80.1
Laticauda_colubrina_C9B	NC_069658.1	583	50	107	156	27993707	27993558	68.000	2.87e-11	72.8
Laticauda_colubrina_C9B	NC_069658.1	583	79	277	355	29102234	29101998	35.443	1.68e-07	60.5
Laticauda_colubrina_C9B	NC_069658.1	583	55	56	107	27999277	27999113	52.727	6.02e-06	55.5
Laticauda_colubrina_C9B	NC_069658.1	583	59	399	457	27979204	27979028	38.983	8.46e-06	55.1
Laticauda_colubrina_C9B	NC_069662.1	583	221	297	515	12242002	12242622	23.077	3.68e-11	72.4
Laticauda_colubrina_C9B	NC_069662.1	583	226	298	522	15099077	15098448	24.336	4.05e-09	65.9
Laticauda_colubrina_C9B	NC_069662.1	583	222	298	514	15109763	15109140	22.973	5.48e-06	55.5
Laticauda_colubrina_C9B	NC_069660.1	583	82	274	355	98197816	98197571	30.488	5.62e-06	55.5
Laticauda_colubrina_C9B	NC_069660.1	583	47	537	583	98147503	98147643	48.936	5.72e-06	55.5
Laticauda_colubrina_C9B	NC_069660.1	583	78	277	354	98125434	98125667	29.487	8.46e-06	55.1
Pseudonaja_textilis_C9B	NC_069658.1	583	83	276	358	27985309	27985061	66.265	4.97e-29	129
Pseudonaja_textilis_C9B	NC_069658.1	583	84	449	532	27976126	27975875	55.952	2.32e-21	105
Pseudonaja_textilis_C9B	NC_069658.1	583	50	107	156	27993707	27993558	74.000	1.04e-13	80.5
Pseudonaja_textilis_C9B	NC_069658.1	583	47	157	203	27991066	27990926	63.830	2.18e-12	76.3
Pseudonaja_textilis_C9B	NC_069658.1	583	64	394	457	27979219	27979028	40.625	6.94e-08	61.6
Pseudonaja_textilis_C9B	NC_069658.1	583	55	56	107	27999277	27999113	54.545	6.47e-07	58.5
Pseudonaja_textilis_C9B	NC_069658.1	583	39	25	63	28002116	28002000	61.538	2.34e-06	57.0
Pseudonaja_textilis_C9B	NC_069658.1	583	78	277	354	29102234	29102001	33.333	2.40e-06	56.6
Pseudonaja_textilis_C9B	NC_069658.1	583	111	414	524	29044040	29044339	30.631	3.38e-06	56.2
Pseudonaja_textilis_C9B	NC_069658.1	583	74	203	272	27987502	27987281	37.838	6.78e-06	55.5
Pseudonaja_textilis_C9B	NC_069662.1	583	226	298	522	15099077	15098448	26.106	5.15e-09	65.5
Pseudonaja_textilis_C9B	NC_069662.1	583	245	276	514	15123244	15122552	23.673	3.28e-08	62.8
Pseudonaja_textilis_C9B	NC_069662.1	583	223	298	514	15109763	15109140	26.457	4.53e-08	62.4
Pseudonaja_textilis_C9B	NC_069662.1	583	224	297	516	12242002	12242625	23.661	1.19e-07	61.2
Pseudonaja_textilis_C9B	NC_069660.1	583	44	536	579	98169551	98169420	54.545	1.52e-06	57.4
Pseudonaja_textilis_C9B	NC_069660.1	583	78	277	354	98125434	98125667	30.769	3.02e-06	56.6
Pseudonaja_textilis_C9B	NC_069660.1	583	92	266	357	98197825	98197565	29.348	3.64e-06	56.2
Notechis_scutatus_C9B	NC_069658.1	583	83	276	358	27985309	27985061	65.060	1.26e-28	127
Notechis_scutatus_C9B	NC_069658.1	583	74	459	532	27976096	27975875	60.811	1.07e-21	106
Notechis_scutatus_C9B	NC_069658.1	583	50	107	156	27993707	27993558	72.000	3.13e-13	79.0
Notechis_scutatus_C9B	NC_069658.1	583	47	157	203	27991066	27990926	63.830	1.55e-12	77.0
Notechis_scutatus_C9B	NC_069658.1	583	55	56	107	27999277	27999113	54.545	1.04e-06	58.2
Notechis_scutatus_C9B	NC_069658.1	583	59	399	457	27979204	27979028	38.983	1.56e-06	57.4
Notechis_scutatus_C9B	NC_069658.1	583	111	414	524	29044040	29044339	30.631	2.61e-06	56.6
Notechis_scutatus_C9B	NC_069658.1	583	79	277	355	29102234	29101998	32.911	4.51e-06	55.8
Notechis_scutatus_C9B	NC_069662.1	583	235	298	531	15099077	15098421	26.383	2.23e-09	66.6
Notechis_scutatus_C9B	NC_069662.1	583	246	275	514	15123247	15122552	24.797	4.19e-09	65.9
Notechis_scutatus_C9B	NC_069662.1	583	223	298	514	15109763	15109140	26.457	1.98e-08	63.5
Notechis_scutatus_C9B	NC_069662.1	583	223	297	515	12242002	12242622	24.664	2.14e-08	63.5
Pituophis_catenifer_C9B	NC_069658.1	583	77	277	353	27985306	27985076	62.338	1.35e-24	115
Pituophis_catenifer_C9B	NC_069658.1	583	79	456	534	27976105	27975869	60.759	4.86e-23	110
Pituophis_catenifer_C9B	NC_069658.1	583	47	157	203	27991066	27990926	70.213	1.83e-14	83.2
Pituophis_catenifer_C9B	NC_069658.1	583	50	107	156	27993707	27993558	72.000	7.79e-14	81.3
Pituophis_catenifer_C9B	NC_069658.1	583	54	404	457	27979189	27979028	53.704	4.89e-08	62.4
Pituophis_catenifer_C9B	NC_069658.1	583	56	56	107	27999277	27999113	51.786	1.05e-06	58.2
Pituophis_catenifer_C9B	NC_069658.1	583	69	456	524	29044136	29044339	39.130	4.74e-06	55.8
Pituophis_catenifer_C9B	NC_069658.1	583	42	25	66	28002116	28001991	52.381	7.02e-06	55.5
Pituophis_catenifer_C9B	NC_069662.1	583	246	277	514	15123241	15122552	24.390	2.03e-09	66.6
Pituophis_catenifer_C9B	NC_069662.1	583	225	298	514	15109763	15109140	25.333	2.96e-08	63.2
Pituophis_catenifer_C9B	NC_069662.1	583	223	298	514	15099077	15098472	24.664	8.89e-08	61.6
Pituophis_catenifer_C9B	NC_069662.1	583	229	290	514	12241978	12242619	24.891	2.00e-07	60.5
Pantherophis_obsoletus_C9B	NC_069658.1	583	85	274	358	27985315	27985061	64.706	2.63e-29	129
Pantherophis_obsoletus_C9B	NC_069658.1	583	79	456	534	27976105	27975869	60.759	7.29e-23	109
Pantherophis_obsoletus_C9B	NC_069658.1	583	47	157	203	27991066	27990926	70.213	2.00e-14	82.8
Pantherophis_obsoletus_C9B	NC_069658.1	583	50	107	156	27993707	27993558	72.000	8.78e-14	80.9
Pantherophis_obsoletus_C9B	NC_069658.1	583	54	404	457	27979189	27979028	53.704	5.02e-08	62.4
Pantherophis_obsoletus_C9B	NC_069658.1	583	56	56	107	27999277	27999113	55.357	7.69e-08	61.6
Pantherophis_obsoletus_C9B	NC_069658.1	583	82	274	355	29102243	29101998	35.366	5.46e-07	58.9
Pantherophis_obsoletus_C9B	NC_069658.1	583	42	25	66	28002116	28001991	54.762	3.10e-06	56.6
Pantherophis_obsoletus_C9B	NC_069662.1	583	220	298	514	15099077	15098472	25.455	8.44e-09	64.7
Pantherophis_obsoletus_C9B	NC_069662.1	583	248	275	514	15123247	15122552	22.581	1.42e-08	63.9
Pantherophis_obsoletus_C9B	NC_069662.1	583	220	297	514	12242002	12242619	24.091	2.14e-08	63.5
Pantherophis_obsoletus_C9B	NC_069662.1	583	222	298	514	15109763	15109140	21.171	9.74e-07	58.2
Pantherophis_obsoletus_C9B	NC_069660.1	583	81	274	354	98125425	98125667	33.333	1.67e-06	57.4
Pantherophis_obsoletus_C9B	NC_069660.1	583	84	274	357	98197816	98197565	30.952	2.95e-06	56.6
Pantherophis_obsoletus_C9B	NC_069660.1	583	50	530	579	98169569	98169420	50.000	4.18e-06	55.8
Crotalus_tigris_C9B	NC_069658.1	583	98	276	373	27985309	27985019	53.061	4.39e-25	116
Crotalus_tigris_C9B	NC_069658.1	583	76	459	534	27976096	27975869	64.474	5.27e-24	113
Crotalus_tigris_C9B	NC_069658.1	583	50	107	156	27993707	27993558	76.000	1.22e-14	83.6
Crotalus_tigris_C9B	NC_069658.1	583	47	157	203	27991066	27990926	68.085	3.41e-13	79.0
Crotalus_tigris_C9B	NC_069658.1	583	56	402	457	27979195	27979028	51.786	1.27e-08	64.3
Crotalus_tigris_C9B	NC_069658.1	583	56	56	107	27999277	27999113	53.571	3.36e-07	59.7
Crotalus_tigris_C9B	NC_069658.1	583	77	448	524	29044112	29044339	35.065	8.98e-06	55.1
Crotalus_tigris_C9B	NC_069658.1	583	42	25	66	28002116	28001991	54.762	9.21e-06	55.1
Crotalus_tigris_C9B	NC_069662.1	583	245	276	514	15123244	15122552	23.673	4.02e-09	65.9
Crotalus_tigris_C9B	NC_069662.1	583	228	290	514	12241978	12242619	24.123	6.76e-09	65.1
Crotalus_tigris_C9B	NC_069662.1	583	222	298	514	15109763	15109140	24.324	1.02e-08	64.7
Crotalus_tigris_C9B	NC_069662.1	583	193	298	488	15099077	15098553	24.870	1.85e-07	60.5
Ptyas_mucosa_C9B	NC_069658.1	583	77	277	353	27985306	27985076	62.338	1.36e-24	115
Ptyas_mucosa_C9B	NC_069658.1	583	75	460	534	27976093	27975869	61.333	4.42e-22	107
Ptyas_mucosa_C9B	NC_069658.1	583	47	157	203	27991066	27990926	70.213	1.60e-14	83.2
Ptyas_mucosa_C9B	NC_069658.1	583	50	107	156	27993707	27993558	72.000	2.66e-14	82.4
Ptyas_mucosa_C9B	NC_069658.1	583	56	402	457	27979195	27979028	50.000	5.84e-07	58.9
Ptyas_mucosa_C9B	NC_069662.1	583	230	290	514	12241978	12242619	25.652	1.29e-07	60.8
Ptyas_mucosa_C9B	NC_069662.1	583	244	277	514	15123241	15122552	22.131	5.79e-07	58.9
Ptyas_mucosa_C9B	NC_069662.1	583	220	298	514	15099077	15098472	23.636	2.10e-06	57.0
Ptyas_mucosa_C9B	NC_069662.1	583	222	298	514	15109763	15109140	21.622	3.46e-06	56.2
