# Hemicordylus_capensis_copy1 subject=NC_069658.1 region_offset=27960218 (add to sstart/send)
Lacerta_agilis_C9A	region	589	100	277	376	25095	24799	72.000	1.03e-42	157
Lacerta_agilis_C9A	region	589	77	458	534	15888	15658	80.519	1.39e-36	138
Lacerta_agilis_C9A	region	589	47	155	201	30849	30709	82.979	5.92e-22	92.4
Lacerta_agilis_C9A	region	589	55	100	154	33505	33341	76.364	3.21e-20	86.7
Lacerta_agilis_C9A	region	589	59	400	458	18990	18814	69.492	8.49e-20	85.5
Lacerta_agilis_C9A	region	589	77	201	277	27285	27055	49.351	3.07e-18	80.5
Lacerta_agilis_C9A	region	589	59	55	108	39060	38884	62.712	4.14e-17	76.6
Lacerta_agilis_C9A	region	589	39	26	63	41896	41780	56.410	2.51e-08	48.1
Lacerta_agilis_C9A	region	589	58	340	397	19759	19586	37.931	3.02e-07	44.7
Lacerta_agilis_C9A	region	589	64	531	589	15184	14996	56.250	4.12e-06	41.2
Lacerta_agilis_C9A	region	589	26	1	26	45166	45089	61.538	2.68e-05	38.5
Lacerta_agilis_C9A	region	589	22	330	351	47323	47258	36.364	0.65	23.9
Zootoca_vivipara_C9A	region	589	99	277	375	25095	24802	72.727	1.01e-42	157
Zootoca_vivipara_C9A	region	589	77	458	534	15888	15658	79.221	8.62e-36	135
Zootoca_vivipara_C9A	region	589	47	155	201	30849	30709	82.979	7.87e-22	92.0
Zootoca_vivipara_C9A	region	589	55	100	154	33505	33341	74.545	5.15e-20	86.3
Zootoca_vivipara_C9A	region	589	61	398	458	18996	18814	65.574	6.82e-19	82.4
Zootoca_vivipara_C9A	region	589	59	55	108	39060	38884	64.407	2.21e-17	77.8
Zootoca_vivipara_C9A	region	589	77	201	277	27285	27055	44.156	4.96e-16	73.2
Zootoca_vivipara_C9A	region	589	86	26	107	41896	41672	37.209	8.59e-08	46.6
Zootoca_vivipara_C9A	region	589	58	340	397	19759	19586	36.207	3.58e-07	44.7
Zootoca_vivipara_C9A	region	589	54	537	589	15154	14996	61.111	6.68e-06	40.4
Zootoca_vivipara_C9A	region	589	26	1	26	45166	45089	65.385	9.22e-06	40.0
Zootoca_vivipara_C9A	region	589	22	330	351	47323	47258	36.364	0.46	24.6
Zootoca_vivipara_C9A	region	589	41	35	75	41795	41905	29.268	0.98	23.5
Podarcis_muralis_C9A	region	589	100	277	376	25095	24799	73.000	1.76e-43	159
Podarcis_muralis_C9A	region	589	86	449	534	15915	15658	70.930	2.85e-35	134
Podarcis_muralis_C9A	region	589	47	155	201	30849	30709	82.979	6.51e-22	92.4
Podarcis_muralis_C9A	region	589	55	100	154	33505	33341	76.364	3.56e-20	86.7
Podarcis_muralis_C9A	region	589	59	400	458	18990	18814	67.797	1.96e-18	80.9
Podarcis_muralis_C9A	region	589	77	201	277	27285	27055	49.351	2.05e-17	77.8
Podarcis_muralis_C9A	region	589	59	55	108	39060	38884	61.017	1.36e-16	75.1
Podarcis_muralis_C9A	region	589	39	26	63	41896	41780	56.410	5.12e-08	47.4
Podarcis_muralis_C9A	region	589	58	340	397	19759	19586	36.207	7.36e-07	43.5
Podarcis_muralis_C9A	region	589	54	537	589	15154	14996	61.111	6.62e-06	40.4
Podarcis_muralis_C9A	region	589	26	1	26	45166	45089	65.385	1.91e-05	38.9
Podarcis_muralis_C9A	region	589	22	330	351	47323	47258	36.364	0.48	24.6
Podarcis_muralis_C9A	region	589	41	35	75	41795	41905	31.707	0.54	24.3
Anolis_carolinensis_C9A	region	591	98	278	375	25098	24808	60.204	7.29e-35	132
Anolis_carolinensis_C9A	region	591	87	452	538	15912	15652	65.517	3.69e-34	130
Anolis_carolinensis_C9A	region	591	47	156	202	30849	30709	80.851	1.55e-21	90.9
Anolis_carolinensis_C9A	region	591	50	106	155	33490	33341	72.000	2.23e-17	77.8
Anolis_carolinensis_C9A	region	591	56	56	107	39060	38893	67.857	1.22e-16	75.1
Anolis_carolinensis_C9A	region	591	60	402	461	18990	18811	51.667	3.64e-15	70.5
Anolis_carolinensis_C9A	region	591	80	201	279	27288	27055	38.750	1.61e-09	52.0
Anolis_carolinensis_C9A	region	591	106	3	108	41950	41672	32.075	5.74e-09	50.4
Anolis_carolinensis_C9A	region	591	55	533	587	15172	15008	56.364	1.73e-06	42.4
Anolis_carolinensis_C9A	region	591	66	342	407	19759	19586	30.303	0.002	32.7
Pogona_vitticeps_C9A	region	576	122	242	361	25155	24799	54.098	1.69e-34	131
Pogona_vitticeps_C9A	region	576	74	439	512	15894	15673	68.919	2.30e-29	115
Pogona_vitticeps_C9A	region	576	49	156	204	30849	30703	83.673	1.03e-22	94.7
Pogona_vitticeps_C9A	region	576	50	106	155	33490	33341	72.000	1.54e-17	78.2
Pogona_vitticeps_C9A	region	576	61	382	442	18993	18811	57.377	2.45e-17	77.4
Pogona_vitticeps_C9A	region	576	56	56	107	39060	38893	60.714	4.65e-15	70.1
Pogona_vitticeps_C9A	region	576	59	6	64	41947	41780	42.373	2.57e-11	57.8
Pogona_vitticeps_C9A	region	576	51	523	573	15154	15002	68.627	1.12e-09	52.8
Pogona_vitticeps_C9A	region	576	42	339	380	19711	19586	26.190	0.084	26.9
Pogona_vitticeps_C9A	region	576	35	34	68	41789	41890	34.286	0.15	26.2
Gekko_japonicus_C9A	region	582	85	292	376	25098	24844	64.706	3.86e-32	124
Gekko_japonicus_C9A	region	582	70	455	524	15885	15676	72.857	2.02e-27	109
Gekko_japonicus_C9A	region	582	47	173	219	30849	30709	72.340	5.49e-18	79.7
Gekko_japonicus_C9A	region	582	56	117	172	33505	33341	55.357	8.55e-14	65.9
Gekko_japonicus_C9A	region	582	58	69	122	39060	38896	60.345	1.27e-13	65.5
Gekko_japonicus_C9A	region	582	59	395	453	18993	18817	49.153	2.24e-13	64.7
Gekko_japonicus_C9A	region	582	78	218	293	27288	27055	34.615	2.10e-07	45.1
Gekko_japonicus_C9A	region	582	52	530	581	15163	15008	63.462	1.84e-06	42.0
Gekko_japonicus_C9A	region	582	39	39	77	41896	41780	46.154	2.09e-06	42.0
Gekko_japonicus_C9A	region	582	27	372	395	19711	19631	44.444	0.12	26.2
Crotalus_tigris_C9A	region	583	98	276	373	25092	24802	53.061	7.15e-30	117
Crotalus_tigris_C9A	region	583	76	459	534	15879	15652	61.842	1.65e-27	110
Crotalus_tigris_C9A	region	583	50	107	156	33490	33341	74.000	1.52e-18	81.3
Crotalus_tigris_C9A	region	583	47	157	203	30849	30709	68.085	7.32e-18	79.3
Crotalus_tigris_C9A	region	583	56	402	457	18978	18811	51.786	3.09e-13	64.3
Crotalus_tigris_C9A	region	583	56	56	107	39060	38896	51.786	1.36e-11	58.9
Crotalus_tigris_C9A	region	583	42	25	66	41899	41774	52.381	7.01e-10	53.1
Crotalus_tigris_C9A	region	583	55	529	583	15172	15008	54.545	8.57e-06	40.0
Crotalus_tigris_C9A	region	583	60	338	397	19759	19580	30.000	3.89e-04	34.7
Crotalus_tigris_C9A	region	583	26	1	26	45166	45089	61.538	0.002	32.0
Crotalus_tigris_C9A	region	583	52	322	367	47350	47195	28.846	0.38	24.6
Thamnophis_elegans_C9A	region	583	85	274	358	25098	24844	58.824	8.92e-30	117
Thamnophis_elegans_C9A	region	583	75	460	534	15876	15652	60.000	2.87e-25	102
Thamnophis_elegans_C9A	region	583	47	157	203	30849	30709	70.213	3.32e-18	80.1
Thamnophis_elegans_C9A	region	583	50	107	156	33490	33341	68.000	1.86e-15	71.2
Thamnophis_elegans_C9A	region	583	61	397	457	18993	18811	45.902	7.17e-14	66.2
Thamnophis_elegans_C9A	region	583	42	25	66	41899	41774	59.524	3.63e-12	60.8
Thamnophis_elegans_C9A	region	583	55	56	107	39060	38896	54.545	5.80e-12	60.1
Thamnophis_elegans_C9A	region	583	51	533	583	15160	15008	60.784	6.12e-07	43.5
Thamnophis_elegans_C9A	region	583	76	202	271	27288	27067	34.211	9.85e-07	43.1
Thamnophis_elegans_C9A	region	583	44	1	44	45166	45035	43.182	0.004	31.2
Thamnophis_elegans_C9A	region	583	49	341	388	19753	19607	30.612	0.017	29.3
Thamnophis_elegans_C9A	region	583	31	322	349	47350	47258	38.710	0.46	24.6
Naja_naja_C9A	region	582	78	276	353	25092	24859	64.103	6.74e-31	120
Naja_naja_C9A	region	582	76	458	533	15879	15652	61.842	3.40e-27	108
Naja_naja_C9A	region	582	50	107	156	33490	33341	74.000	9.35e-18	79.0
Naja_naja_C9A	region	582	47	157	203	30849	30709	68.085	1.33e-17	78.2
Naja_naja_C9A	region	582	62	56	110	39060	38878	51.613	4.01e-13	63.9
Naja_naja_C9A	region	582	55	402	456	18975	18811	56.364	4.29e-13	63.9
Naja_naja_C9A	region	582	42	25	66	41899	41774	54.762	1.04e-10	55.8
Naja_naja_C9A	region	582	54	529	582	15169	15008	59.259	1.19e-06	42.7
Naja_naja_C9A	region	582	76	202	273	27288	27061	28.947	4.05e-06	41.2
Naja_naja_C9A	region	582	51	338	387	19759	19607	29.412	0.25	25.4
Naja_naja_C9A	region	582	43	328	367	47323	47195	27.907	0.79	23.9
Pseudonaja_textilis_C9A	region	583	78	276	353	25092	24859	60.256	2.26e-29	115
Pseudonaja_textilis_C9A	region	583	76	459	534	15879	15652	65.789	1.58e-28	113
Pseudonaja_textilis_C9A	region	583	47	157	203	30849	30709	68.085	1.30e-17	78.6
Pseudonaja_textilis_C9A	region	583	50	107	156	33490	33341	70.000	4.44e-17	76.6
Pseudonaja_textilis_C9A	region	583	55	403	457	18975	18811	50.909	1.14e-12	62.4
Pseudonaja_textilis_C9A	region	583	56	56	107	39060	38896	53.571	4.61e-12	60.5
Pseudonaja_textilis_C9A	region	583	42	25	66	41899	41774	57.143	2.35e-11	58.2
Pseudonaja_textilis_C9A	region	583	76	202	273	27288	27061	30.263	9.12e-07	43.1
Pseudonaja_textilis_C9A	region	583	54	530	583	15169	15008	57.407	9.65e-06	39.7
Pseudonaja_textilis_C9A	region	583	26	1	26	45166	45089	53.846	0.016	29.3
Pseudonaja_textilis_C9A	region	583	60	338	397	19759	19580	25.000	0.24	25.4
Pseudonaja_textilis_C9A	region	583	43	328	367	47323	47195	27.907	0.67	23.9
Python_bivittatus_C9A	region	582	81	454	534	15894	15652	62.963	7.95e-30	117
Python_bivittatus_C9A	region	582	80	276	355	25092	24853	60.000	9.08e-30	117
Python_bivittatus_C9A	region	582	47	157	203	30849	30709	63.830	2.01e-17	77.8
Python_bivittatus_C9A	region	582	55	102	156	33505	33341	65.455	5.62e-17	76.3
Python_bivittatus_C9A	region	582	61	397	457	18993	18811	45.902	1.23e-13	65.5
Python_bivittatus_C9A	region	582	42	25	66	41899	41774	57.143	1.58e-11	58.5
Python_bivittatus_C9A	region	582	55	56	107	39060	38896	54.545	2.50e-11	58.2
Python_bivittatus_C9A	region	582	74	203	272	27285	27064	32.432	4.43e-08	47.4
Python_bivittatus_C9A	region	582	37	546	582	15118	15008	62.162	2.55e-07	45.1
Python_bivittatus_C9A	region	582	44	1	44	45166	45035	47.727	1.81e-04	35.8
Python_bivittatus_C9A	region	582	52	343	390	19756	19601	32.692	0.007	30.4
Notechis_scutatus_C9A	region	583	78	276	353	25092	24859	60.256	2.41e-29	115
Notechis_scutatus_C9A	region	583	76	459	534	15879	15652	65.789	2.55e-28	112
Notechis_scutatus_C9A	region	583	47	157	203	30849	30709	68.085	1.24e-17	78.6
Notechis_scutatus_C9A	region	583	50	107	156	33490	33341	72.000	1.82e-17	77.8
Notechis_scutatus_C9A	region	583	55	403	457	18975	18811	50.909	1.08e-12	62.4
Notechis_scutatus_C9A	region	583	56	56	107	39060	38896	53.571	5.10e-12	60.1
Notechis_scutatus_C9A	region	583	42	25	66	41899	41774	57.143	2.39e-11	58.2
Notechis_scutatus_C9A	region	583	54	530	583	15169	15008	57.407	4.85e-06	40.8
Notechis_scutatus_C9A	region	583	76	202	273	27288	27061	28.947	4.90e-06	40.8
Notechis_scutatus_C9A	region	583	26	1	26	45166	45089	57.692	0.010	30.0
Notechis_scutatus_C9A	region	583	60	338	397	19759	19580	25.000	0.25	25.4
Notechis_scutatus_C9A	region	583	43	328	367	47323	47195	27.907	0.68	23.9
Hydrophis_cyanocinctus_C9A	region	583	98	276	373	25092	24802	53.061	2.79e-30	118
Hydrophis_cyanocinctus_C9A	region	583	76	459	534	15879	15652	65.789	2.39e-28	112
Hydrophis_cyanocinctus_C9A	region	583	47	157	203	30849	30709	70.213	5.06e-18	79.7
Hydrophis_cyanocinctus_C9A	region	583	50	107	156	33490	33341	72.000	1.91e-17	77.8
Hydrophis_cyanocinctus_C9A	region	583	54	404	457	18972	18811	51.852	2.16e-12	61.6
Hydrophis_cyanocinctus_C9A	region	583	56	56	107	39060	38896	53.571	5.02e-12	60.5
Hydrophis_cyanocinctus_C9A	region	583	42	25	66	41899	41774	57.143	2.39e-11	58.2
Hydrophis_cyanocinctus_C9A	region	583	76	202	273	27288	27061	30.263	1.42e-06	42.4
Hydrophis_cyanocinctus_C9A	region	583	54	530	583	15169	15008	57.407	4.85e-06	40.8
Hydrophis_cyanocinctus_C9A	region	583	26	1	26	45166	45089	53.846	0.016	29.3
Hydrophis_cyanocinctus_C9A	region	583	51	338	388	19759	19607	25.490	0.14	26.2
Hydrophis_cyanocinctus_C9A	region	583	43	328	367	47323	47195	27.907	0.69	23.9
Laticauda_colubrina_C9A	region	583	98	276	373	25092	24802	52.041	5.48e-30	117
Laticauda_colubrina_C9A	region	583	76	459	534	15879	15652	65.789	1.64e-28	113
Laticauda_colubrina_C9A	region	583	47	157	203	30849	30709	68.085	1.51e-17	78.2
Laticauda_colubrina_C9A	region	583	50	107	156	33490	33341	70.000	4.52e-17	76.6
Laticauda_colubrina_C9A	region	583	55	403	457	18975	18811	56.364	2.51e-13	64.3
Laticauda_colubrina_C9A	region	583	56	56	107	39060	38896	58.929	5.95e-13	63.2
Laticauda_colubrina_C9A	region	583	42	25	66	41899	41774	57.143	4.15e-11	57.4
Laticauda_colubrina_C9A	region	583	76	202	273	27288	27061	27.632	5.61e-06	40.4
Laticauda_colubrina_C9A	region	583	54	530	583	15169	15008	55.556	1.44e-05	39.3
Laticauda_colubrina_C9A	region	583	26	1	26	45166	45089	53.846	0.017	29.3
Laticauda_colubrina_C9A	region	583	37	338	374	19759	19649	35.135	0.068	27.3
Laticauda_colubrina_C9A	region	583	22	328	349	47323	47258	36.364	0.72	23.9
Protobothrops_mucrosquamatus_C9A	region	583	82	274	355	25098	24853	64.634	1.19e-32	125
Protobothrops_mucrosquamatus_C9A	region	583	76	459	534	15879	15652	63.158	1.50e-28	113
Protobothrops_mucrosquamatus_C9A	region	583	47	157	203	30849	30709	65.957	3.91e-18	80.1
Protobothrops_mucrosquamatus_C9A	region	583	50	107	156	33490	33341	70.000	3.94e-17	76.6
Protobothrops_mucrosquamatus_C9A	region	583	61	397	457	18993	18811	47.541	6.25e-14	66.6
Protobothrops_mucrosquamatus_C9A	region	583	62	5	66	41947	41774	46.774	4.19e-11	57.4
Protobothrops_mucrosquamatus_C9A	region	583	62	56	110	39060	38878	48.387	8.71e-11	56.2
Protobothrops_mucrosquamatus_C9A	region	583	51	533	583	15160	15008	64.706	7.02e-09	50.1
Protobothrops_mucrosquamatus_C9A	region	583	76	203	272	27285	27064	32.895	3.00e-08	48.1
Protobothrops_mucrosquamatus_C9A	region	583	44	1	44	45166	45035	45.455	1.40e-04	35.8
Protobothrops_mucrosquamatus_C9A	region	583	58	338	395	19759	19586	27.586	0.010	30.0
Protobothrops_mucrosquamatus_C9A	region	583	46	328	367	47323	47195	30.435	0.17	25.8
Chrysopelea_ornata_C9A	region	584	85	274	358	25098	24844	60.000	2.12e-31	122
Chrysopelea_ornata_C9A	region	584	76	460	535	15879	15652	63.158	9.72e-28	110
Chrysopelea_ornata_C9A	region	584	47	157	203	30849	30709	72.340	3.38e-19	83.6
Chrysopelea_ornata_C9A	region	584	50	107	156	33490	33341	72.000	1.06e-17	78.6
Chrysopelea_ornata_C9A	region	584	61	398	458	18993	18811	45.902	5.29e-14	66.6
Chrysopelea_ornata_C9A	region	584	42	25	66	41899	41774	52.381	2.85e-10	54.7
Chrysopelea_ornata_C9A	region	584	56	56	107	39060	38896	46.429	4.97e-09	50.4
Chrysopelea_ornata_C9A	region	584	77	202	272	27288	27064	32.468	2.12e-07	45.1
Chrysopelea_ornata_C9A	region	584	55	530	584	15172	15008	60.000	1.33e-06	42.7
Chrysopelea_ornata_C9A	region	584	51	343	389	19756	19607	41.176	1.12e-04	36.2
Chrysopelea_ornata_C9A	region	584	26	1	26	45166	45089	61.538	0.003	32.0
Chrysopelea_ornata_C9A	region	584	31	322	349	47350	47258	35.484	0.45	24.6
Pituophis_catenifer_C9A	region	583	82	277	358	25089	24844	59.756	1.38e-29	116
Pituophis_catenifer_C9A	region	583	74	459	532	15879	15658	62.162	3.83e-26	105
Pituophis_catenifer_C9A	region	583	50	107	156	33490	33341	70.000	4.88e-17	76.6
Pituophis_catenifer_C9A	region	583	47	157	203	30849	30709	63.830	6.15e-17	76.3
Pituophis_catenifer_C9A	region	583	56	56	107	39060	38896	57.143	1.22e-13	65.5
Pituophis_catenifer_C9A	region	583	54	404	457	18972	18811	51.852	2.60e-13	64.3
Pituophis_catenifer_C9A	region	583	42	25	66	41899	41774	59.524	3.99e-12	60.5
Pituophis_catenifer_C9A	region	583	77	203	273	27285	27061	32.468	5.39e-07	43.9
Pituophis_catenifer_C9A	region	583	55	529	583	15172	15008	58.182	9.28e-07	43.1
Pituophis_catenifer_C9A	region	583	44	1	44	45166	45035	40.909	0.011	29.6
Pituophis_catenifer_C9A	region	583	58	338	395	19759	19586	25.862	0.027	28.5
Pituophis_catenifer_C9A	region	583	50	511	560	56514	56651	32.000	0.032	28.1
Pituophis_catenifer_C9A	region	583	43	328	367	47323	47195	30.233	0.37	24.6
Pantherophis_obsoletus_C9A	region	583	85	274	358	25098	24844	63.529	9.04e-34	129
Pantherophis_obsoletus_C9A	region	583	76	459	534	15879	15652	60.526	2.24e-26	106
Pantherophis_obsoletus_C9A	region	583	47	157	203	30849	30709	65.957	1.35e-17	78.2
Pantherophis_obsoletus_C9A	region	583	50	107	156	33490	33341	66.000	3.63e-16	73.6
Pantherophis_obsoletus_C9A	region	583	56	56	107	39060	38896	57.143	1.23e-13	65.5
Pantherophis_obsoletus_C9A	region	583	61	397	457	18993	18811	44.262	1.55e-13	65.1
Pantherophis_obsoletus_C9A	region	583	42	25	66	41899	41774	59.524	7.00e-12	59.7
Pantherophis_obsoletus_C9A	region	583	76	203	272	27285	27064	35.526	1.55e-07	45.8
Pantherophis_obsoletus_C9A	region	583	55	529	583	15172	15008	60.000	3.24e-07	44.7
Pantherophis_obsoletus_C9A	region	583	44	1	44	45166	45035	43.182	4.31e-04	34.3
Pantherophis_obsoletus_C9A	region	583	58	338	395	19759	19586	25.862	0.007	30.4
Pantherophis_obsoletus_C9A	region	583	43	34	76	41789	41905	32.558	0.10	26.6
Pantherophis_obsoletus_C9A	region	583	22	328	349	47323	47258	40.909	0.26	25.4
Bothrops_jararaca_C9A	region	583	82	274	355	25098	24853	65.854	3.60e-32	124
Bothrops_jararaca_C9A	region	583	76	459	534	15879	15652	63.158	5.33e-29	114
Bothrops_jararaca_C9A	region	583	47	157	203	30849	30709	65.957	3.81e-18	80.1
Bothrops_jararaca_C9A	region	583	50	107	156	33490	33341	74.000	3.04e-17	77.0
Bothrops_jararaca_C9A	region	583	61	397	457	18993	18811	44.262	4.81e-13	63.5
Bothrops_jararaca_C9A	region	583	65	56	113	39060	38869	49.231	4.73e-12	60.5
Bothrops_jararaca_C9A	region	583	42	25	66	41899	41774	50.000	6.77e-10	53.5
Bothrops_jararaca_C9A	region	583	51	533	583	15160	15008	62.745	2.47e-08	48.1
Bothrops_jararaca_C9A	region	583	76	203	272	27285	27064	32.895	7.45e-08	46.6
Bothrops_jararaca_C9A	region	583	44	1	44	45166	45035	40.909	0.002	32.3
Bothrops_jararaca_C9A	region	583	58	338	395	19759	19586	27.586	0.005	30.8
Bothrops_jararaca_C9A	region	583	46	328	367	47323	47195	30.435	0.17	25.8
Ptyas_mucosa_C9A	region	583	85	274	358	25098	24844	63.529	5.04e-33	127
Ptyas_mucosa_C9A	region	583	76	459	534	15879	15652	59.211	2.45e-26	106
Ptyas_mucosa_C9A	region	583	50	107	156	33490	33341	72.000	1.03e-17	78.6
Ptyas_mucosa_C9A	region	583	47	157	203	30849	30709	65.957	1.37e-17	78.2
Ptyas_mucosa_C9A	region	583	61	397	457	18993	18811	45.902	9.91e-14	65.9
Ptyas_mucosa_C9A	region	583	56	56	107	39060	38896	55.357	7.95e-13	62.8
Ptyas_mucosa_C9A	region	583	42	25	66	41899	41774	61.905	1.41e-12	62.0
Ptyas_mucosa_C9A	region	583	76	203	272	27285	27064	36.842	7.08e-09	50.1
Ptyas_mucosa_C9A	region	583	50	534	583	15157	15008	66.000	7.14e-08	46.6
Ptyas_mucosa_C9A	region	583	26	1	26	45166	45089	61.538	0.003	31.6
Ptyas_mucosa_C9A	region	583	50	343	388	19756	19607	32.000	0.018	29.3
Ptyas_mucosa_C9A	region	583	43	34	76	41789	41905	32.558	0.058	27.3
Ptyas_mucosa_C9A	region	583	22	328	349	47323	47258	40.909	0.32	25.0
Vipera_berus_C9A	region	583	82	274	355	25098	24853	60.976	1.81e-30	119
Vipera_berus_C9A	region	583	76	459	534	15879	15652	60.526	5.99e-28	111
Vipera_berus_C9A	region	583	47	157	203	30849	30709	68.085	2.59e-18	80.5
Vipera_berus_C9A	region	583	50	107	156	33490	33341	72.000	7.36e-17	75.9
Vipera_berus_C9A	region	583	61	397	457	18993	18811	47.541	6.17e-15	69.7
Vipera_berus_C9A	region	583	42	25	66	41899	41774	54.762	7.04e-11	56.6
Vipera_berus_C9A	region	583	62	56	110	39060	38878	50.000	1.36e-10	55.5
Vipera_berus_C9A	region	583	74	203	272	27285	27064	33.784	8.11e-09	49.7
Vipera_berus_C9A	region	583	51	533	583	15160	15008	64.706	2.76e-08	48.1
Vipera_berus_C9A	region	583	58	338	395	19759	19586	29.310	0.001	32.7
Vipera_berus_C9A	region	583	44	1	44	45166	45035	40.909	0.023	28.9
Sceloporus_undulatus_C9A	region	591	97	278	374	25098	24811	60.825	6.43e-34	130
Sceloporus_undulatus_C9A	region	591	76	463	538	15879	15652	71.053	1.06e-31	123
Sceloporus_undulatus_C9A	region	591	47	156	202	30849	30709	72.340	1.06e-17	78.6
Sceloporus_undulatus_C9A	region	591	63	56	113	39060	38872	63.492	5.67e-17	76.3
Sceloporus_undulatus_C9A	region	591	60	401	460	18993	18814	55.000	7.41e-16	72.8
Sceloporus_undulatus_C9A	region	591	50	106	155	33490	33341	66.000	9.00e-15	69.3
Sceloporus_undulatus_C9A	region	591	79	201	279	27288	27055	41.772	2.44e-11	58.2
Sceloporus_undulatus_C9A	region	591	100	13	108	41947	41672	35.000	6.35e-10	53.5
Sceloporus_undulatus_C9A	region	591	57	533	589	15172	15002	52.632	5.31e-07	43.9
Sceloporus_undulatus_C9A	region	591	56	342	397	19759	19592	32.143	9.53e-05	36.6
Anolis_carolinensis_C9B	region	538	124	254	377	25170	24802	52.419	1.52e-33	128
Anolis_carolinensis_C9B	region	538	86	452	537	15912	15655	61.628	1.70e-29	115
Anolis_carolinensis_C9B	region	538	47	156	202	30849	30709	78.723	2.53e-20	86.7
Anolis_carolinensis_C9B	region	538	56	56	107	39060	38893	66.071	1.20e-16	75.1
Anolis_carolinensis_C9B	region	538	62	399	460	18999	18814	53.226	1.68e-16	74.7
Anolis_carolinensis_C9B	region	538	50	106	155	33490	33341	68.000	7.15e-16	72.4
Anolis_carolinensis_C9B	region	538	100	13	108	41947	41672	33.000	7.62e-10	53.1
Anolis_carolinensis_C9B	region	538	79	201	279	27288	27055	39.241	2.71e-09	51.2
Anolis_carolinensis_C9B	region	538	50	342	391	19759	19619	48.000	8.21e-07	43.1
Anolis_carolinensis_C9B	region	538	43	34	76	41789	41905	30.233	0.37	24.6
Hydrophis_cyanocinctus_C9B	region	582	85	273	357	25098	24844	62.353	8.09e-33	126
Hydrophis_cyanocinctus_C9B	region	582	74	458	531	15879	15658	59.459	1.66e-25	103
Hydrophis_cyanocinctus_C9B	region	582	50	106	155	33490	33341	72.000	7.94e-18	79.0
Hydrophis_cyanocinctus_C9B	region	582	47	156	202	30849	30709	63.830	4.35e-17	76.6
Hydrophis_cyanocinctus_C9B	region	582	55	55	106	39060	38896	50.909	5.77e-11	57.0
Hydrophis_cyanocinctus_C9B	region	582	39	24	62	41899	41783	58.974	6.67e-11	56.6
Hydrophis_cyanocinctus_C9B	region	582	59	398	456	18987	18811	38.983	7.58e-11	56.6
Hydrophis_cyanocinctus_C9B	region	582	74	202	271	27285	27064	32.432	1.50e-07	45.8
Hydrophis_cyanocinctus_C9B	region	582	51	532	582	15160	15008	58.824	6.69e-06	40.4
Hydrophis_cyanocinctus_C9B	region	582	52	337	388	19759	19607	32.692	0.003	31.6
Hydrophis_cyanocinctus_C9B	region	582	45	522	559	56517	56651	37.778	0.006	30.8
Hydrophis_cyanocinctus_C9B	region	582	44	1	43	45166	45035	40.909	0.024	28.9
Hydrophis_cyanocinctus_C9B	region	582	53	327	373	47323	47177	33.962	0.088	26.9
Bothrops_jararaca_C9B	region	583	82	274	355	25098	24853	65.854	3.57e-32	124
Bothrops_jararaca_C9B	region	583	76	459	534	15879	15652	63.158	5.52e-29	114
Bothrops_jararaca_C9B	region	583	47	157	203	30849	30709	68.085	1.43e-18	81.6
Bothrops_jararaca_C9B	region	583	50	107	156	33490	33341	74.000	3.74e-18	80.1
Bothrops_jararaca_C9B	region	583	61	397	457	18993	18811	45.902	3.08e-14	67.4
Bothrops_jararaca_C9B	region	583	62	56	110	39060	38878	50.000	5.01e-11	57.0
Bothrops_jararaca_C9B	region	583	42	25	66	41899	41774	52.381	4.43e-10	53.9
Bothrops_jararaca_C9B	region	583	51	533	583	15160	15008	62.745	4.51e-08	47.4
Bothrops_jararaca_C9B	region	583	76	203	272	27285	27064	31.579	1.18e-07	46.2
Bothrops_jararaca_C9B	region	583	44	1	44	45166	45035	40.909	0.003	31.6
Bothrops_jararaca_C9B	region	583	51	338	388	19759	19607	29.412	0.011	29.6
Bothrops_jararaca_C9B	region	583	46	328	367	47323	47195	30.435	0.16	26.2
Laticauda_colubrina_C9B	region	583	83	276	358	25092	24844	62.651	4.78e-33	127
Laticauda_colubrina_C9B	region	583	74	459	532	15879	15658	60.811	2.77e-26	105
Laticauda_colubrina_C9B	region	583	46	157	202	30849	30712	67.391	3.91e-18	80.1
Laticauda_colubrina_C9B	region	583	50	107	156	33490	33341	68.000	7.01e-16	72.8
Laticauda_colubrina_C9B	region	583	55	56	107	39060	38896	52.727	1.48e-10	55.5
Laticauda_colubrina_C9B	region	583	59	399	457	18987	18811	38.983	2.07e-10	55.1
Laticauda_colubrina_C9B	region	583	39	25	63	41899	41783	56.410	5.86e-10	53.5
Laticauda_colubrina_C9B	region	583	75	203	271	27285	27067	32.000	6.39e-07	43.5
Laticauda_colubrina_C9B	region	583	51	533	583	15160	15008	60.784	1.80e-06	42.4
Laticauda_colubrina_C9B	region	583	44	1	44	45166	45035	40.909	0.003	31.6
Laticauda_colubrina_C9B	region	583	37	338	374	19759	19649	37.838	0.006	30.8
Laticauda_colubrina_C9B	region	583	33	529	561	56556	56654	39.394	0.23	25.4
Laticauda_colubrina_C9B	region	583	42	34	75	41789	41902	33.333	0.44	24.6
Laticauda_colubrina_C9B	region	583	22	328	349	47323	47258	40.909	0.67	23.9
Pseudonaja_textilis_C9B	region	583	83	276	358	25092	24844	66.265	1.20e-33	129
Pseudonaja_textilis_C9B	region	583	84	449	532	15909	15658	55.952	5.63e-26	105
Pseudonaja_textilis_C9B	region	583	50	107	156	33490	33341	74.000	2.54e-18	80.5
Pseudonaja_textilis_C9B	region	583	47	157	203	30849	30709	63.830	5.32e-17	76.3
Pseudonaja_textilis_C9B	region	583	64	394	457	19002	18811	40.625	1.70e-12	61.6
Pseudonaja_textilis_C9B	region	583	55	56	107	39060	38896	54.545	1.59e-11	58.5
Pseudonaja_textilis_C9B	region	583	39	25	63	41899	41783	61.538	5.74e-11	57.0
Pseudonaja_textilis_C9B	region	583	74	203	272	27285	27064	37.838	1.66e-10	55.5
Pseudonaja_textilis_C9B	region	583	51	533	583	15160	15008	56.863	2.02e-05	38.9
Pseudonaja_textilis_C9B	region	583	44	1	44	45166	45035	40.909	0.003	31.6
Pseudonaja_textilis_C9B	region	583	51	343	389	19756	19607	37.255	0.006	30.4
Pseudonaja_textilis_C9B	region	583	53	328	374	47323	47177	32.075	0.15	26.2
Pseudonaja_textilis_C9B	region	583	30	532	561	56565	56654	40.000	0.42	24.6
Pseudonaja_textilis_C9B	region	583	42	34	75	41789	41902	33.333	0.67	23.9
Notechis_scutatus_C9B	region	583	83	276	358	25092	24844	65.060	3.06e-33	127
Notechis_scutatus_C9B	region	583	74	459	532	15879	15658	60.811	2.60e-26	106
Notechis_scutatus_C9B	region	583	50	107	156	33490	33341	72.000	7.64e-18	79.0
Notechis_scutatus_C9B	region	583	47	157	203	30849	30709	63.830	3.77e-17	77.0
Notechis_scutatus_C9B	region	583	55	56	107	39060	38896	54.545	2.55e-11	58.2
Notechis_scutatus_C9B	region	583	59	399	457	18987	18811	38.983	3.81e-11	57.4
Notechis_scutatus_C9B	region	583	39	25	63	41899	41783	56.410	6.43e-10	53.5
Notechis_scutatus_C9B	region	583	74	203	272	27285	27064	31.081	4.55e-08	47.4
Notechis_scutatus_C9B	region	583	51	533	583	15160	15008	58.824	7.81e-06	40.0
Notechis_scutatus_C9B	region	583	52	338	389	19759	19607	32.692	0.003	31.6
Notechis_scutatus_C9B	region	583	44	1	44	45166	45035	40.909	0.003	31.6
Notechis_scutatus_C9B	region	583	30	532	561	56565	56654	43.333	0.059	27.3
Notechis_scutatus_C9B	region	583	53	328	374	47323	47177	33.962	0.22	25.4
Notechis_scutatus_C9B	region	583	42	34	75	41789	41902	33.333	0.42	24.6
Pituophis_catenifer_C9B	region	583	77	277	353	25089	24859	62.338	3.28e-29	115
Pituophis_catenifer_C9B	region	583	79	456	534	15888	15652	60.759	1.18e-27	110
Pituophis_catenifer_C9B	region	583	47	157	203	30849	30709	70.213	4.47e-19	83.2
Pituophis_catenifer_C9B	region	583	50	107	156	33490	33341	72.000	1.90e-18	81.3
Pituophis_catenifer_C9B	region	583	54	404	457	18972	18811	53.704	1.20e-12	62.4
Pituophis_catenifer_C9B	region	583	56	56	107	39060	38896	51.786	2.58e-11	58.2
Pituophis_catenifer_C9B	region	583	42	25	66	41899	41774	52.381	1.72e-10	55.5
Pituophis_catenifer_C9B	region	583	76	202	273	27288	27061	27.632	4.99e-07	43.9
Pituophis_catenifer_C9B	region	583	37	547	583	15118	15008	56.757	5.28e-06	40.8
Pituophis_catenifer_C9B	region	583	26	1	26	45166	45089	57.692	0.005	31.2
Pituophis_catenifer_C9B	region	583	51	338	388	19759	19607	25.490	0.19	25.8
Pituophis_catenifer_C9B	region	583	22	328	349	47323	47258	36.364	0.81	23.5
Pantherophis_obsoletus_C9B	region	583	85	274	358	25098	24844	64.706	6.37e-34	129
Pantherophis_obsoletus_C9B	region	583	79	456	534	15888	15652	60.759	1.77e-27	109
Pantherophis_obsoletus_C9B	region	583	47	157	203	30849	30709	70.213	4.87e-19	82.8
Pantherophis_obsoletus_C9B	region	583	50	107	156	33490	33341	72.000	2.14e-18	80.9
Pantherophis_obsoletus_C9B	region	583	54	404	457	18972	18811	53.704	1.23e-12	62.4
Pantherophis_obsoletus_C9B	region	583	56	56	107	39060	38896	55.357	1.88e-12	61.6
Pantherophis_obsoletus_C9B	region	583	42	25	66	41899	41774	54.762	7.60e-11	56.6
Pantherophis_obsoletus_C9B	region	583	75	202	272	27288	27064	26.667	1.72e-06	42.4
Pantherophis_obsoletus_C9B	region	583	37	547	583	15118	15008	56.757	5.07e-06	40.8
Pantherophis_obsoletus_C9B	region	583	44	1	44	45166	45035	40.909	0.004	31.2
Pantherophis_obsoletus_C9B	region	583	57	343	395	19756	19586	29.825	0.007	30.4
Pantherophis_obsoletus_C9B	region	583	22	328	349	47323	47258	40.909	0.31	25.0
Crotalus_tigris_C9B	region	583	98	276	373	25092	24802	53.061	1.07e-29	116
Crotalus_tigris_C9B	region	583	76	459	534	15879	15652	64.474	1.28e-28	113
Crotalus_tigris_C9B	region	583	50	107	156	33490	33341	76.000	2.98e-19	83.6
Crotalus_tigris_C9B	region	583	47	157	203	30849	30709	68.085	8.32e-18	79.0
Crotalus_tigris_C9B	region	583	56	402	457	18978	18811	51.786	3.11e-13	64.3
Crotalus_tigris_C9B	region	583	56	56	107	39060	38896	53.571	8.23e-12	59.7
Crotalus_tigris_C9B	region	583	42	25	66	41899	41774	54.762	2.26e-10	55.1
Crotalus_tigris_C9B	region	583	74	203	272	27285	27064	31.081	4.91e-07	43.9
Crotalus_tigris_C9B	region	583	55	529	583	15172	15008	52.727	2.18e-05	38.5
Crotalus_tigris_C9B	region	583	60	338	397	19759	19580	30.000	4.31e-04	34.3
Crotalus_tigris_C9B	region	583	26	1	26	45166	45089	61.538	0.002	32.0
Ptyas_mucosa_C9B	region	583	77	277	353	25089	24859	62.338	3.31e-29	115
Ptyas_mucosa_C9B	region	583	75	460	534	15876	15652	61.333	1.07e-26	107
Ptyas_mucosa_C9B	region	583	47	157	203	30849	30709	70.213	3.90e-19	83.2
Ptyas_mucosa_C9B	region	583	50	107	156	33490	33341	72.000	6.47e-19	82.4
Ptyas_mucosa_C9B	region	583	56	402	457	18978	18811	50.000	1.43e-11	58.9
Ptyas_mucosa_C9B	region	583	56	56	107	39060	38896	48.214	3.73e-10	54.3
Ptyas_mucosa_C9B	region	583	62	5	66	41947	41774	40.323	1.76e-07	45.4
Ptyas_mucosa_C9B	region	583	76	202	273	27288	27061	27.632	3.93e-06	41.2
Ptyas_mucosa_C9B	region	583	37	547	583	15118	15008	54.054	4.12e-05	37.7
Ptyas_mucosa_C9B	region	583	24	1	24	45166	45095	62.500	0.003	31.6
Ptyas_mucosa_C9B	region	583	56	338	393	19759	19592	21.429	0.082	26.9
Ptyas_mucosa_C9B	region	583	22	328	349	47323	47258	36.364	0.89	23.5
