# Anolis_carolinensis_copy1 subject=NC_085842.1 region_offset=302115991 (add to sstart/send)
Lacerta_agilis_C9A	region	589	101	275	375	28283	28579	61.386	7.74e-33	126
Lacerta_agilis_C9A	region	589	75	457	531	34596	34820	68.000	7.30e-31	120
Lacerta_agilis_C9A	region	589	53	155	207	23544	23702	71.698	1.28e-21	90.9
Lacerta_agilis_C9A	region	589	56	403	458	32650	32817	67.857	5.35e-20	85.5
Lacerta_agilis_C9A	region	589	51	55	105	19627	19779	62.745	3.13e-17	76.6
Lacerta_agilis_C9A	region	589	50	105	154	21937	22086	72.000	1.10e-16	74.7
Lacerta_agilis_C9A	region	589	76	201	275	26482	26709	42.105	1.92e-13	64.3
Lacerta_agilis_C9A	region	589	32	26	56	17558	17653	68.750	1.98e-08	48.1
Lacerta_agilis_C9A	region	589	40	357	396	30180	30299	50.000	3.35e-07	43.9
Zootoca_vivipara_C9A	region	589	101	275	375	28283	28579	61.386	7.60e-33	126
Zootoca_vivipara_C9A	region	589	75	457	531	34596	34820	66.667	3.87e-30	117
Zootoca_vivipara_C9A	region	589	48	155	202	23544	23687	77.083	1.54e-21	90.5
Zootoca_vivipara_C9A	region	589	56	403	458	32650	32817	66.071	1.87e-19	84.0
Zootoca_vivipara_C9A	region	589	51	55	105	19627	19779	64.706	1.14e-17	78.2
Zootoca_vivipara_C9A	region	589	50	105	154	21937	22086	70.000	1.69e-16	74.3
Zootoca_vivipara_C9A	region	589	77	201	275	26482	26709	44.156	8.19e-13	62.4
Zootoca_vivipara_C9A	region	589	40	357	396	30180	30299	50.000	1.59e-08	48.5
Zootoca_vivipara_C9A	region	589	22	35	56	17588	17653	81.818	6.13e-08	46.6
Podarcis_muralis_C9A	region	589	101	275	375	28283	28579	62.376	1.41e-33	128
Podarcis_muralis_C9A	region	589	74	457	530	34596	34817	68.919	3.69e-31	120
Podarcis_muralis_C9A	region	589	53	155	207	23544	23702	71.698	1.11e-21	90.9
Podarcis_muralis_C9A	region	589	55	404	458	32653	32817	65.455	1.03e-18	81.3
Podarcis_muralis_C9A	region	589	51	55	105	19627	19779	62.745	5.36e-17	75.9
Podarcis_muralis_C9A	region	589	50	105	154	21937	22086	72.000	1.01e-16	75.1
Podarcis_muralis_C9A	region	589	77	201	275	26482	26709	40.260	2.65e-11	57.4
Podarcis_muralis_C9A	region	589	40	357	396	30180	30299	52.500	9.14e-09	49.3
Podarcis_muralis_C9A	region	589	32	26	56	17558	17653	65.625	2.71e-08	47.8
Anolis_carolinensis_C9A	region	591	102	266	367	28250	28552	74.510	1.56e-42	155
Anolis_carolinensis_C9A	region	591	77	462	538	34605	34835	77.922	5.47e-34	129
Anolis_carolinensis_C9A	region	591	52	56	107	19627	19782	88.462	1.03e-25	103
Anolis_carolinensis_C9A	region	591	48	156	203	23544	23687	87.500	5.90e-24	98.2
Anolis_carolinensis_C9A	region	591	63	403	465	32644	32832	68.254	7.33e-22	91.7
Anolis_carolinensis_C9A	region	591	50	106	155	21937	22086	82.000	5.35e-21	89.0
Anolis_carolinensis_C9A	region	591	76	202	277	26482	26709	56.579	1.52e-20	87.4
Anolis_carolinensis_C9A	region	591	46	12	57	17516	17653	56.522	1.07e-11	58.5
Anolis_carolinensis_C9A	region	591	40	359	398	30180	30299	47.500	4.01e-06	40.4
Anolis_carolinensis_C9A	region	591	26	1	26	15001	15078	73.077	1.21e-05	38.9
Anolis_carolinensis_C9A	region	591	36	530	565	18577	18681	33.333	0.74	23.1
Pogona_vitticeps_C9A	region	576	93	256	348	28277	28552	68.817	1.30e-35	134
Pogona_vitticeps_C9A	region	576	80	439	518	34593	34826	71.250	3.52e-30	117
Pogona_vitticeps_C9A	region	576	60	387	446	32653	32832	70.000	2.16e-21	90.1
Pogona_vitticeps_C9A	region	576	60	143	202	23505	23684	68.333	2.66e-21	89.7
Pogona_vitticeps_C9A	region	576	50	106	155	21937	22086	78.000	2.97e-20	86.3
Pogona_vitticeps_C9A	region	576	52	56	107	19627	19782	71.154	9.62e-20	84.7
Pogona_vitticeps_C9A	region	576	33	25	57	17555	17653	69.697	9.58e-12	58.9
Pogona_vitticeps_C9A	region	576	45	335	379	30165	30299	33.333	0.001	32.3
Pogona_vitticeps_C9A	region	576	26	1	26	15001	15078	53.846	0.007	30.0
Gekko_japonicus_C9A	region	582	91	291	381	28283	28552	58.242	6.74e-28	110
Gekko_japonicus_C9A	region	582	71	453	523	34596	34808	66.197	5.26e-26	104
Gekko_japonicus_C9A	region	582	47	173	219	23544	23684	72.340	6.93e-19	82.0
Gekko_japonicus_C9A	region	582	52	71	122	19633	19779	65.385	4.53e-15	69.7
Gekko_japonicus_C9A	region	582	51	122	172	21937	22086	58.824	1.98e-13	64.3
Gekko_japonicus_C9A	region	582	57	395	451	32638	32808	47.368	6.37e-13	62.8
Gekko_japonicus_C9A	region	582	31	39	69	17558	17650	70.968	1.34e-09	52.0
Gekko_japonicus_C9A	region	582	69	223	288	26494	26700	30.435	1.97e-05	38.1
Gekko_japonicus_C9A	region	582	23	373	395	30180	30242	43.478	0.75	23.1
Crotalus_tigris_C9A	region	583	98	253	350	28223	28516	55.102	1.66e-28	112
Crotalus_tigris_C9A	region	583	68	458	525	34605	34808	64.706	3.19e-25	102
Crotalus_tigris_C9A	region	583	53	157	209	23544	23702	64.151	3.65e-19	82.8
Crotalus_tigris_C9A	region	583	67	395	461	32638	32832	56.716	9.67e-18	78.2
Crotalus_tigris_C9A	region	583	66	107	170	21937	22134	57.576	2.99e-16	73.6
Crotalus_tigris_C9A	region	583	51	57	107	19630	19779	49.020	1.85e-10	54.7
Crotalus_tigris_C9A	region	583	32	26	57	17558	17653	62.500	3.72e-09	50.4
Crotalus_tigris_C9A	region	583	42	355	396	30180	30305	30.952	3.13e-04	34.3
Thamnophis_elegans_C9A	region	583	83	276	358	28292	28540	63.855	9.70e-30	116
Thamnophis_elegans_C9A	region	583	68	458	525	34605	34808	64.706	1.67e-23	96.7
Thamnophis_elegans_C9A	region	583	48	157	204	23544	23687	66.667	6.97e-18	78.6
Thamnophis_elegans_C9A	region	583	59	403	461	32656	32832	59.322	1.50e-17	77.8
Thamnophis_elegans_C9A	region	583	50	107	156	21937	22086	66.000	7.79e-15	68.9
Thamnophis_elegans_C9A	region	583	52	56	107	19627	19779	53.846	2.77e-13	63.9
Thamnophis_elegans_C9A	region	583	32	26	57	17558	17653	53.125	1.29e-08	48.5
Thamnophis_elegans_C9A	region	583	76	203	271	26482	26703	36.842	5.50e-07	43.1
Thamnophis_elegans_C9A	region	583	34	356	389	30183	30284	32.353	0.006	30.0
Naja_naja_C9A	region	582	78	276	353	28292	28525	66.667	7.91e-30	116
Naja_naja_C9A	region	582	68	457	524	34605	34808	66.176	1.56e-25	103
Naja_naja_C9A	region	582	48	157	204	23544	23687	66.667	3.74e-18	79.7
Naja_naja_C9A	region	582	66	107	170	21937	22134	59.091	1.32e-16	74.7
Naja_naja_C9A	region	582	59	402	460	32656	32832	54.237	9.38e-16	72.0
Naja_naja_C9A	region	582	51	57	107	19630	19779	50.980	1.39e-11	58.2
Naja_naja_C9A	region	582	38	26	63	17558	17671	55.263	9.04e-10	52.4
Pseudonaja_textilis_C9A	region	583	78	276	353	28292	28525	64.103	5.84e-29	114
Pseudonaja_textilis_C9A	region	583	71	458	528	34605	34817	66.197	1.76e-26	106
Pseudonaja_textilis_C9A	region	583	48	157	204	23544	23687	66.667	3.57e-18	79.7
Pseudonaja_textilis_C9A	region	583	66	396	461	32635	32832	51.515	9.31e-17	75.1
Pseudonaja_textilis_C9A	region	583	66	107	170	21937	22134	56.061	7.28e-16	72.0
Pseudonaja_textilis_C9A	region	583	51	57	107	19630	19779	52.941	1.08e-12	62.0
Pseudonaja_textilis_C9A	region	583	38	26	63	17558	17671	57.895	2.55e-10	54.3
Pseudonaja_textilis_C9A	region	583	35	355	389	30180	30284	34.286	0.002	32.0
Python_bivittatus_C9A	region	582	82	276	357	28292	28537	62.195	5.96e-30	117
Python_bivittatus_C9A	region	582	84	454	537	34593	34844	57.143	5.52e-27	107
Python_bivittatus_C9A	region	582	53	157	209	23544	23702	58.491	8.99e-18	78.2
Python_bivittatus_C9A	region	582	56	402	457	32653	32820	58.929	9.77e-17	75.1
Python_bivittatus_C9A	region	582	50	107	156	21937	22086	64.000	4.04e-14	66.6
Python_bivittatus_C9A	region	582	53	55	107	19624	19779	49.057	1.06e-10	55.5
Python_bivittatus_C9A	region	582	75	203	272	26482	26706	38.667	3.07e-10	53.9
Python_bivittatus_C9A	region	582	32	26	57	17558	17653	59.375	1.25e-09	52.0
Python_bivittatus_C9A	region	582	45	350	394	30165	30299	31.111	0.003	30.8
Python_bivittatus_C9A	region	582	26	1	26	15001	15078	50.000	0.16	25.4
Notechis_scutatus_C9A	region	583	78	276	353	28292	28525	64.103	6.91e-29	113
Notechis_scutatus_C9A	region	583	71	458	528	34605	34817	64.789	3.30e-26	105
Notechis_scutatus_C9A	region	583	48	157	204	23544	23687	66.667	3.57e-18	79.7
Notechis_scutatus_C9A	region	583	66	396	461	32635	32832	51.515	1.73e-16	74.3
Notechis_scutatus_C9A	region	583	66	107	170	21937	22134	57.576	2.74e-16	73.6
Notechis_scutatus_C9A	region	583	51	57	107	19630	19779	54.902	6.55e-13	62.8
Notechis_scutatus_C9A	region	583	38	26	63	17558	17671	57.895	2.57e-10	54.3
Notechis_scutatus_C9A	region	583	35	355	389	30180	30284	34.286	0.002	32.0
Notechis_scutatus_C9A	region	583	20	1	20	15001	15060	60.000	0.22	25.0
Hydrophis_cyanocinctus_C9A	region	583	78	276	353	28292	28525	64.103	7.89e-29	113
Hydrophis_cyanocinctus_C9A	region	583	71	458	528	34605	34817	64.789	3.16e-26	105
Hydrophis_cyanocinctus_C9A	region	583	48	157	204	23544	23687	68.750	1.58e-18	80.9
Hydrophis_cyanocinctus_C9A	region	583	58	404	461	32659	32832	56.897	2.65e-16	73.6
Hydrophis_cyanocinctus_C9A	region	583	66	107	170	21937	22134	57.576	3.09e-16	73.6
Hydrophis_cyanocinctus_C9A	region	583	51	57	107	19630	19779	54.902	7.26e-13	62.4
Hydrophis_cyanocinctus_C9A	region	583	38	26	63	17558	17671	57.895	2.60e-10	54.3
Hydrophis_cyanocinctus_C9A	region	583	76	203	273	26482	26709	36.842	4.56e-09	50.1
Hydrophis_cyanocinctus_C9A	region	583	35	355	389	30180	30284	40.000	6.25e-05	36.6
Laticauda_colubrina_C9A	region	583	78	276	353	28292	28525	64.103	7.35e-29	113
Laticauda_colubrina_C9A	region	583	71	458	528	34605	34817	66.197	1.77e-26	106
Laticauda_colubrina_C9A	region	583	48	157	204	23544	23687	66.667	4.31e-18	79.3
Laticauda_colubrina_C9A	region	583	59	403	461	32656	32832	55.932	2.79e-16	73.6
Laticauda_colubrina_C9A	region	583	66	107	170	21937	22134	56.061	5.98e-16	72.4
Laticauda_colubrina_C9A	region	583	51	57	107	19630	19779	52.941	4.39e-12	60.1
Laticauda_colubrina_C9A	region	583	38	26	63	17558	17671	57.895	3.68e-10	53.5
Laticauda_colubrina_C9A	region	583	35	355	389	30180	30284	37.143	0.002	32.0
Protobothrops_mucrosquamatus_C9A	region	583	80	276	355	28292	28531	67.500	1.18e-30	119
Protobothrops_mucrosquamatus_C9A	region	583	68	458	525	34605	34808	72.059	1.10e-27	110
Protobothrops_mucrosquamatus_C9A	region	583	53	157	209	23544	23702	62.264	2.12e-19	83.6
Protobothrops_mucrosquamatus_C9A	region	583	58	404	461	32659	32832	56.897	1.52e-16	74.3
Protobothrops_mucrosquamatus_C9A	region	583	50	107	156	21937	22086	62.000	8.82e-14	65.5
Protobothrops_mucrosquamatus_C9A	region	583	33	25	57	17555	17653	60.606	1.13e-10	55.5
Protobothrops_mucrosquamatus_C9A	region	583	77	203	272	26482	26706	38.961	4.11e-10	53.5
Protobothrops_mucrosquamatus_C9A	region	583	52	56	107	19627	19779	44.231	2.05e-09	51.2
Protobothrops_mucrosquamatus_C9A	region	583	40	350	389	30165	30284	30.000	0.005	30.4
Chrysopelea_ornata_C9A	region	584	83	276	358	28292	28540	63.855	2.17e-29	115
Chrysopelea_ornata_C9A	region	584	68	459	526	34605	34808	67.647	4.64e-26	104
Chrysopelea_ornata_C9A	region	584	53	157	209	23544	23702	66.038	5.32e-20	85.5
Chrysopelea_ornata_C9A	region	584	61	402	462	32650	32832	54.098	3.12e-17	76.6
Chrysopelea_ornata_C9A	region	584	50	107	156	21937	22086	66.000	4.84e-15	69.7
Chrysopelea_ornata_C9A	region	584	75	203	272	26482	26706	40.000	3.48e-10	53.9
Chrysopelea_ornata_C9A	region	584	32	26	57	17558	17653	59.375	1.22e-09	52.0
Chrysopelea_ornata_C9A	region	584	53	55	107	19624	19779	45.283	2.61e-09	50.8
Chrysopelea_ornata_C9A	region	584	44	355	394	30180	30311	34.091	0.13	25.8
Pituophis_catenifer_C9A	region	583	82	277	358	28295	28540	63.415	3.32e-29	114
Pituophis_catenifer_C9A	region	583	68	458	525	34605	34808	64.706	2.70e-24	99.4
Pituophis_catenifer_C9A	region	583	61	401	461	32650	32832	57.377	6.29e-18	79.0
Pituophis_catenifer_C9A	region	583	53	157	209	23544	23702	56.604	3.95e-17	76.3
Pituophis_catenifer_C9A	region	583	50	107	156	21937	22086	66.000	1.03e-14	68.6
Pituophis_catenifer_C9A	region	583	52	56	107	19627	19779	51.923	3.83e-12	60.1
Pituophis_catenifer_C9A	region	583	76	203	273	26482	26709	39.474	2.12e-10	54.3
Pituophis_catenifer_C9A	region	583	32	26	57	17558	17653	59.375	2.43e-09	50.8
Pituophis_catenifer_C9A	region	583	40	355	394	30180	30299	30.000	0.003	31.2
Pituophis_catenifer_C9A	region	583	26	1	26	15001	15078	42.308	0.71	23.5
Pantherophis_obsoletus_C9A	region	583	83	276	358	28292	28540	65.060	9.83e-32	122
Pantherophis_obsoletus_C9A	region	583	68	458	525	34605	34808	64.706	2.75e-24	99.4
Pantherophis_obsoletus_C9A	region	583	61	401	461	32650	32832	55.738	1.63e-17	77.4
Pantherophis_obsoletus_C9A	region	583	53	157	209	23544	23702	58.491	1.65e-17	77.4
Pantherophis_obsoletus_C9A	region	583	50	107	156	21937	22086	70.000	7.22e-16	72.0
Pantherophis_obsoletus_C9A	region	583	52	56	107	19627	19779	55.769	4.82e-13	63.2
Pantherophis_obsoletus_C9A	region	583	75	203	272	26482	26706	37.333	4.88e-09	50.1
Pantherophis_obsoletus_C9A	region	583	32	26	57	17558	17653	59.375	5.14e-09	50.1
Pantherophis_obsoletus_C9A	region	583	45	350	394	30165	30299	28.889	0.002	31.2
Bothrops_jararaca_C9A	region	583	82	276	357	28292	28537	65.854	3.60e-30	117
Bothrops_jararaca_C9A	region	583	68	458	525	34605	34808	69.118	2.41e-26	105
Bothrops_jararaca_C9A	region	583	53	157	209	23544	23702	62.264	1.88e-19	84.0
Bothrops_jararaca_C9A	region	583	61	401	461	32650	32832	50.820	4.87e-16	72.8
Bothrops_jararaca_C9A	region	583	50	107	156	21937	22086	68.000	3.34e-15	70.1
Bothrops_jararaca_C9A	region	583	52	56	107	19627	19779	46.154	7.71e-10	52.8
Bothrops_jararaca_C9A	region	583	33	25	57	17555	17653	54.545	7.91e-10	52.8
Bothrops_jararaca_C9A	region	583	77	203	272	26482	26706	37.662	8.84e-10	52.4
Bothrops_jararaca_C9A	region	583	45	350	394	30165	30299	28.889	0.003	31.2
Bothrops_jararaca_C9A	region	583	26	1	26	15001	15078	46.154	0.72	23.5
Ptyas_mucosa_C9A	region	583	82	277	358	28295	28540	65.854	5.01e-31	120
Ptyas_mucosa_C9A	region	583	68	458	525	34605	34808	64.706	3.60e-25	102
Ptyas_mucosa_C9A	region	583	48	157	204	23544	23687	62.500	2.22e-17	77.0
Ptyas_mucosa_C9A	region	583	61	401	461	32650	32832	52.459	1.70e-16	74.3
Ptyas_mucosa_C9A	region	583	50	107	156	21937	22086	68.000	2.33e-15	70.5
Ptyas_mucosa_C9A	region	583	52	56	107	19627	19779	55.769	3.61e-13	63.5
Ptyas_mucosa_C9A	region	583	32	26	57	17558	17653	59.375	1.97e-09	51.2
Ptyas_mucosa_C9A	region	583	75	203	272	26482	26706	37.333	2.93e-09	50.8
Ptyas_mucosa_C9A	region	583	40	355	394	30180	30299	30.000	0.031	27.7
Ptyas_mucosa_C9A	region	583	26	1	26	15001	15078	46.154	0.53	23.9
Vipera_berus_C9A	region	583	82	276	357	28292	28537	63.415	3.44e-29	114
Vipera_berus_C9A	region	583	68	458	525	34605	34808	69.118	1.27e-26	106
Vipera_berus_C9A	region	583	53	157	209	23544	23702	64.151	3.02e-19	83.2
Vipera_berus_C9A	region	583	61	401	461	32650	32832	52.459	8.33e-17	75.1
Vipera_berus_C9A	region	583	50	107	156	21937	22086	68.000	1.35e-15	71.2
Vipera_berus_C9A	region	583	75	203	272	26482	26706	40.000	1.74e-10	54.7
Vipera_berus_C9A	region	583	53	55	107	19624	19779	49.057	1.93e-10	54.7
Vipera_berus_C9A	region	583	32	26	57	17558	17653	56.250	1.25e-09	52.0
Vipera_berus_C9A	region	583	45	350	394	30165	30299	31.111	0.002	31.6
Sceloporus_undulatus_C9A	region	591	97	263	359	28241	28531	71.134	2.28e-37	140
Sceloporus_undulatus_C9A	region	591	79	460	538	34599	34835	73.418	7.42e-33	126
Sceloporus_undulatus_C9A	region	591	65	401	465	32638	32832	70.769	4.00e-25	102
Sceloporus_undulatus_C9A	region	591	52	55	106	19624	19779	76.923	4.51e-23	95.5
Sceloporus_undulatus_C9A	region	591	48	156	203	23544	23687	79.167	7.97e-21	88.2
Sceloporus_undulatus_C9A	region	591	79	199	277	26473	26709	55.696	1.53e-20	87.4
Sceloporus_undulatus_C9A	region	591	50	106	155	21937	22086	78.000	1.63e-19	84.0
Sceloporus_undulatus_C9A	region	591	32	26	57	17558	17653	68.750	1.86e-09	51.2
Sceloporus_undulatus_C9A	region	591	40	359	398	30180	30299	45.000	4.69e-07	43.5
Sceloporus_undulatus_C9A	region	591	26	1	26	15001	15078	65.385	9.64e-05	36.2
Anolis_carolinensis_C9B	region	538	112	266	377	28250	28579	78.571	9.85e-49	173
Anolis_carolinensis_C9B	region	538	80	458	537	34593	34832	96.250	4.66e-45	162
Anolis_carolinensis_C9B	region	538	76	202	277	26482	26709	98.684	2.72e-42	154
Anolis_carolinensis_C9B	region	538	66	400	465	32635	32832	95.455	5.13e-33	125
Anolis_carolinensis_C9B	region	538	51	57	107	19630	19782	96.078	8.30e-28	109
Anolis_carolinensis_C9B	region	538	50	106	155	21937	22086	100.000	4.33e-27	107
Anolis_carolinensis_C9B	region	538	48	156	203	23544	23687	97.917	2.89e-26	105
Anolis_carolinensis_C9B	region	538	44	357	400	30174	30305	97.727	4.25e-21	88.6
Anolis_carolinensis_C9B	region	538	46	12	57	17516	17653	76.087	7.65e-17	75.1
Anolis_carolinensis_C9B	region	538	26	1	26	15001	15078	100.000	3.17e-10	53.5
Hydrophis_cyanocinctus_C9B	region	582	106	252	357	28223	28540	53.774	1.74e-31	121
Hydrophis_cyanocinctus_C9B	region	582	68	457	524	34605	34808	61.765	4.30e-24	98.6
Hydrophis_cyanocinctus_C9B	region	582	53	156	208	23544	23702	62.264	1.79e-18	80.5
Hydrophis_cyanocinctus_C9B	region	582	61	400	460	32650	32832	52.459	1.08e-15	71.6
Hydrophis_cyanocinctus_C9B	region	582	50	106	155	21937	22086	68.000	2.21e-15	70.5
Hydrophis_cyanocinctus_C9B	region	582	75	202	271	26482	26706	40.000	1.66e-10	54.7
Hydrophis_cyanocinctus_C9B	region	582	52	55	106	19627	19779	46.154	9.68e-10	52.4
Hydrophis_cyanocinctus_C9B	region	582	31	25	55	17558	17650	51.613	2.90e-07	44.3
Hydrophis_cyanocinctus_C9B	region	582	46	349	394	30165	30299	30.435	0.14	25.8
Bothrops_jararaca_C9B	region	583	80	276	355	28292	28531	67.500	5.04e-30	117
Bothrops_jararaca_C9B	region	583	68	458	525	34605	34808	69.118	2.70e-26	105
Bothrops_jararaca_C9B	region	583	53	157	209	23544	23702	64.151	8.37e-20	84.7
Bothrops_jararaca_C9B	region	583	61	401	461	32650	32832	54.098	1.48e-16	74.3
Bothrops_jararaca_C9B	region	583	50	107	156	21937	22086	66.000	7.09e-15	68.9
Bothrops_jararaca_C9B	region	583	52	56	107	19627	19779	48.077	2.15e-10	54.3
Bothrops_jararaca_C9B	region	583	33	25	57	17555	17653	57.576	5.40e-10	53.1
Bothrops_jararaca_C9B	region	583	77	203	272	26482	26706	37.662	1.39e-09	51.6
Bothrops_jararaca_C9B	region	583	40	350	389	30165	30284	30.000	0.005	30.4
Bothrops_jararaca_C9B	region	583	20	1	20	15001	15060	55.000	0.77	23.1
Laticauda_colubrina_C9B	region	583	99	257	355	28235	28531	54.545	1.93e-30	118
Laticauda_colubrina_C9B	region	583	68	458	525	34605	34808	64.706	1.10e-24	100
Laticauda_colubrina_C9B	region	583	53	157	209	23544	23702	62.264	8.79e-19	81.6
Laticauda_colubrina_C9B	region	583	61	401	461	32650	32832	52.459	9.66e-16	71.6
Laticauda_colubrina_C9B	region	583	50	107	156	21937	22086	66.000	1.38e-15	71.2
Laticauda_colubrina_C9B	region	583	74	203	271	26482	26703	39.189	2.74e-09	50.8
Laticauda_colubrina_C9B	region	583	50	58	107	19633	19779	46.000	5.09e-09	50.1
Laticauda_colubrina_C9B	region	583	31	26	56	17558	17650	54.839	2.58e-08	47.8
Laticauda_colubrina_C9B	region	583	49	341	389	30150	30284	36.735	0.001	32.7
Laticauda_colubrina_C9B	region	583	20	1	20	15001	15060	60.000	0.23	25.0
Pseudonaja_textilis_C9B	region	583	106	253	358	28223	28540	54.717	3.69e-32	124
Pseudonaja_textilis_C9B	region	583	68	458	525	34605	34808	64.706	9.66e-25	100
Pseudonaja_textilis_C9B	region	583	53	157	209	23544	23702	62.264	2.04e-18	80.5
Pseudonaja_textilis_C9B	region	583	61	401	461	32650	32832	55.738	1.93e-16	73.9
Pseudonaja_textilis_C9B	region	583	50	107	156	21937	22086	66.000	5.35e-15	69.3
Pseudonaja_textilis_C9B	region	583	75	203	272	26482	26706	38.667	2.66e-10	54.3
Pseudonaja_textilis_C9B	region	583	52	56	107	19627	19779	46.154	4.32e-10	53.5
Pseudonaja_textilis_C9B	region	583	32	26	57	17558	17653	53.125	2.27e-08	47.8
Pseudonaja_textilis_C9B	region	583	43	356	394	30183	30311	39.535	0.17	25.4
Pseudonaja_textilis_C9B	region	583	20	1	20	15001	15060	60.000	0.23	25.0
Notechis_scutatus_C9B	region	583	83	276	358	28292	28540	63.855	1.06e-31	122
Notechis_scutatus_C9B	region	583	68	458	525	34605	34808	64.706	5.62e-25	101
Notechis_scutatus_C9B	region	583	53	157	209	23544	23702	62.264	1.23e-18	81.3
Notechis_scutatus_C9B	region	583	61	401	461	32650	32832	50.820	1.85e-15	70.9
Notechis_scutatus_C9B	region	583	50	107	156	21937	22086	68.000	2.16e-15	70.5
Notechis_scutatus_C9B	region	583	75	203	272	26482	26706	41.333	3.76e-11	57.0
Notechis_scutatus_C9B	region	583	50	58	107	19633	19779	48.000	7.02e-10	52.8
Notechis_scutatus_C9B	region	583	31	26	56	17558	17650	54.839	2.43e-08	47.8
Notechis_scutatus_C9B	region	583	41	350	390	30165	30284	31.707	0.13	25.8
Notechis_scutatus_C9B	region	583	20	1	20	15001	15060	60.000	0.22	25.0
Pituophis_catenifer_C9B	region	583	82	277	358	28295	28540	63.415	5.54e-29	114
Pituophis_catenifer_C9B	region	583	70	456	525	34599	34808	67.143	2.22e-26	105
Pituophis_catenifer_C9B	region	583	48	157	204	23544	23687	68.750	9.12e-20	84.7
Pituophis_catenifer_C9B	region	583	50	107	156	21937	22086	70.000	5.20e-17	75.9
Pituophis_catenifer_C9B	region	583	61	401	461	32650	32832	55.738	1.04e-16	75.1
Pituophis_catenifer_C9B	region	583	53	55	107	19624	19779	54.717	1.72e-12	61.2
Pituophis_catenifer_C9B	region	583	39	25	63	17555	17671	51.282	1.44e-09	51.6
Pituophis_catenifer_C9B	region	583	39	356	394	30183	30299	28.205	0.035	27.7
Pituophis_catenifer_C9B	region	583	26	1	26	15001	15078	46.154	0.45	23.9
Pantherophis_obsoletus_C9B	region	583	83	276	358	28292	28540	65.060	1.38e-31	122
Pantherophis_obsoletus_C9B	region	583	70	456	525	34599	34808	62.857	6.95e-26	104
Pantherophis_obsoletus_C9B	region	583	48	157	204	23544	23687	68.750	1.07e-19	84.7
Pantherophis_obsoletus_C9B	region	583	50	107	156	21937	22086	70.000	6.44e-17	75.5
Pantherophis_obsoletus_C9B	region	583	58	404	461	32659	32832	56.897	5.93e-16	72.4
Pantherophis_obsoletus_C9B	region	583	52	56	107	19627	19779	51.923	2.54e-11	57.4
Pantherophis_obsoletus_C9B	region	583	33	25	57	17555	17653	60.606	1.64e-09	51.6
Pantherophis_obsoletus_C9B	region	583	45	350	394	30165	30299	28.889	0.003	31.2
Pantherophis_obsoletus_C9B	region	583	26	1	26	15001	15078	46.154	0.48	23.9
Crotalus_tigris_C9B	region	583	98	253	350	28223	28516	55.102	3.76e-28	111
Crotalus_tigris_C9B	region	583	68	458	525	34605	34808	67.647	2.32e-26	105
Crotalus_tigris_C9B	region	583	53	157	209	23544	23702	64.151	6.02e-19	82.0
Crotalus_tigris_C9B	region	583	67	395	461	32638	32832	56.716	9.18e-18	78.2
Crotalus_tigris_C9B	region	583	66	107	170	21937	22134	59.091	5.07e-17	75.9
Crotalus_tigris_C9B	region	583	52	56	107	19627	19779	48.077	3.50e-10	53.9
Crotalus_tigris_C9B	region	583	38	26	63	17558	17671	55.263	2.76e-09	50.8
Crotalus_tigris_C9B	region	583	75	203	272	26482	26706	37.333	7.66e-09	49.3
Crotalus_tigris_C9B	region	583	42	355	396	30180	30305	30.952	3.00e-04	34.3
Ptyas_mucosa_C9B	region	583	77	277	353	28295	28525	66.234	1.78e-28	112
Ptyas_mucosa_C9B	region	583	70	456	525	34599	34808	61.429	6.69e-25	101
Ptyas_mucosa_C9B	region	583	83	157	238	23544	23792	50.602	3.02e-20	86.3
Ptyas_mucosa_C9B	region	583	50	107	156	21937	22086	70.000	2.16e-16	73.9
Ptyas_mucosa_C9B	region	583	58	404	461	32659	32832	55.172	1.05e-14	68.6
Ptyas_mucosa_C9B	region	583	53	55	107	19624	19779	47.170	3.77e-10	53.5
Ptyas_mucosa_C9B	region	583	31	27	57	17561	17653	48.387	3.91e-07	43.9
Ptyas_mucosa_C9B	region	583	39	355	393	30180	30296	35.897	5.84e-05	36.6
