Anolis_carolinensis_C9A	NC_085842.1	539	112	266	377	302144240	302144569	78.571	4.93e-44	173
Anolis_carolinensis_C9A	NC_085842.1	539	80	458	537	302150583	302150822	97.500	7.38e-41	164
Anolis_carolinensis_C9A	NC_085842.1	539	76	202	277	302142472	302142699	100.000	7.19e-38	154
Anolis_carolinensis_C9A	NC_085842.1	539	102	256	357	302168858	302169160	74.510	4.84e-37	152
Anolis_carolinensis_C9A	NC_085842.1	539	76	462	537	302178091	302178318	78.947	3.30e-29	128
Anolis_carolinensis_C9A	NC_085842.1	539	66	400	465	302148625	302148822	95.455	2.41e-28	125
Anolis_carolinensis_C9A	NC_085842.1	539	51	57	107	302135620	302135772	96.078	4.43e-23	109
Anolis_carolinensis_C9A	NC_085842.1	539	50	106	155	302137927	302138076	100.000	2.13e-22	107
Anolis_carolinensis_C9A	NC_085842.1	539	48	156	203	302139534	302139677	97.917	2.15e-21	104
Anolis_carolinensis_C9A	NC_085842.1	539	50	58	107	302159751	302159900	92.000	4.57e-21	103
Anolis_carolinensis_C9A	NC_085842.1	539	46	156	201	302163410	302163547	89.130	1.52e-18	95.5
Anolis_carolinensis_C9A	NC_085842.1	539	50	106	155	302161932	302162081	82.000	7.12e-17	90.1
Anolis_carolinensis_C9A	NC_085842.1	539	65	401	465	302172714	302172908	67.692	8.18e-17	90.1
Anolis_carolinensis_C9A	NC_085842.1	539	44	357	400	302146164	302146295	97.727	1.86e-16	89.0
Anolis_carolinensis_C9A	NC_085842.1	539	80	198	277	302165859	302166098	53.750	2.04e-16	88.6
Anolis_carolinensis_C9A	NC_085842.1	539	46	12	57	302133506	302133643	76.087	3.72e-12	75.1
Anolis_carolinensis_C9A	NC_085842.1	539	86	277	362	301430277	301430534	34.884	2.60e-08	62.8
Anolis_carolinensis_C9A	NC_085842.1	539	66	463	528	301466872	301466678	43.939	2.93e-08	62.4
Anolis_carolinensis_C9A	NC_085842.1	539	79	281	359	301402700	301402936	35.443	9.61e-08	60.8
Anolis_carolinensis_C9A	NC_085842.1	539	70	1	69	302157945	302158154	44.286	5.68e-07	58.2
Anolis_carolinensis_C9A	NC_085846.1	539	244	277	518	11065120	11065794	25.820	3.30e-09	65.5
Anolis_carolinensis_C9A	NC_085846.1	539	206	301	501	12104128	12103550	27.184	2.01e-08	63.2
Anolis_carolinensis_C9A	NC_085844.1	539	82	281	362	173925299	173925054	35.366	4.34e-08	62.0
Anolis_carolinensis_C9A	NC_085844.1	539	76	281	356	173875403	173875630	32.895	3.02e-07	59.3
Anolis_carolinensis_C9B	NC_085842.1	592	82	277	358	302168918	302169163	98.780	1.47e-43	173
Anolis_carolinensis_C9B	NC_085842.1	592	78	460	537	302178085	302178318	98.718	8.38e-41	164
Anolis_carolinensis_C9B	NC_085842.1	592	102	266	367	302144240	302144542	74.510	7.86e-38	155
Anolis_carolinensis_C9B	NC_085842.1	592	80	198	277	302165859	302166098	95.000	1.45e-37	155
Anolis_carolinensis_C9B	NC_085842.1	592	77	462	538	302150595	302150825	77.922	2.64e-29	129
Anolis_carolinensis_C9B	NC_085842.1	592	66	400	465	302172711	302172908	95.455	6.23e-27	122
Anolis_carolinensis_C9B	NC_085842.1	592	59	534	592	302179736	302179912	94.915	1.51e-26	121
Anolis_carolinensis_C9B	NC_085842.1	592	50	106	155	302161932	302162081	100.000	3.62e-22	107
Anolis_carolinensis_C9B	NC_085842.1	592	50	58	107	302159751	302159900	98.000	4.58e-22	107
Anolis_carolinensis_C9B	NC_085842.1	592	52	56	107	302135617	302135772	88.462	5.03e-21	103
Anolis_carolinensis_C9B	NC_085842.1	592	56	147	202	302163383	302163550	85.714	6.15e-21	103
Anolis_carolinensis_C9B	NC_085842.1	592	48	156	203	302139534	302139677	87.500	2.95e-19	98.2
Anolis_carolinensis_C9B	NC_085842.1	592	63	403	465	302148634	302148822	69.841	3.21e-17	91.7
Anolis_carolinensis_C9B	NC_085842.1	592	50	106	155	302137927	302138076	82.000	2.59e-16	89.0
Anolis_carolinensis_C9B	NC_085842.1	592	42	358	399	302171614	302171739	100.000	6.64e-16	87.4
Anolis_carolinensis_C9B	NC_085842.1	592	76	202	277	302142472	302142699	56.579	7.37e-16	87.4
Anolis_carolinensis_C9B	NC_085842.1	592	70	1	69	302157945	302158154	57.143	3.90e-12	75.5
Anolis_carolinensis_C9B	NC_085842.1	592	159	461	583	301466878	301466411	34.591	1.13e-08	63.9
Anolis_carolinensis_C9B	NC_085842.1	592	103	277	371	301430277	301430585	31.068	1.25e-08	63.9
Anolis_carolinensis_C9B	NC_085842.1	592	79	281	359	301402700	301402936	34.177	1.60e-07	60.5
Anolis_carolinensis_C9B	NC_085842.1	592	46	12	57	302133506	302133643	56.522	5.09e-07	58.5
Anolis_carolinensis_C9B	NC_085846.1	592	206	301	501	12104128	12103550	26.699	5.15e-08	62.0
Anolis_carolinensis_C9B	NC_085846.1	592	182	302	482	11065192	11065701	25.824	9.11e-08	61.2
Anolis_carolinensis_C9B	NC_085844.1	592	82	281	362	173925299	173925054	34.146	6.91e-07	58.2
Anolis_carolinensis_C9B	NC_085844.1	592	79	281	359	173875403	173875639	30.380	8.78e-07	57.8
Anolis_carolinensis_C9B	NC_085844.1	592	46	542	587	173898941	173898804	52.174	1.34e-06	57.4
Anolis_carolinensis_C9B	NC_085844.1	592	76	455	529	173901925	173901698	28.947	1.62e-06	57.0
Anolis_carolinensis_C9B	NC_085844.1	592	50	534	583	173885781	173885927	52.000	1.81e-06	57.0
