Lacerta_agilis_C9A	NC_085842.1	589	78	457	534	302178082	302178315	67.949	3.53e-28	126
Lacerta_agilis_C9A	NC_085842.1	589	101	275	375	302144273	302144569	61.386	3.79e-28	126
Lacerta_agilis_C9A	NC_085842.1	589	80	277	356	302168924	302169163	67.500	5.07e-27	122
Lacerta_agilis_C9A	NC_085842.1	589	75	457	531	302150586	302150810	68.000	3.58e-26	120
Lacerta_agilis_C9A	NC_085842.1	589	62	155	208	302163410	302163595	70.968	1.02e-18	96.7
Lacerta_agilis_C9A	NC_085842.1	589	53	155	207	302139534	302139692	71.698	6.25e-17	90.9
Lacerta_agilis_C9A	NC_085842.1	589	56	403	458	302148640	302148807	67.857	2.60e-15	85.5
Lacerta_agilis_C9A	NC_085842.1	589	60	399	458	302172714	302172893	56.667	4.44e-13	78.2
Lacerta_agilis_C9A	NC_085842.1	589	50	105	154	302161932	302162081	74.000	5.75e-13	78.2
Lacerta_agilis_C9A	NC_085842.1	589	51	55	105	302135617	302135769	62.745	1.51e-12	76.6
Lacerta_agilis_C9A	NC_085842.1	589	49	57	105	302159751	302159897	65.306	4.61e-12	75.1
Lacerta_agilis_C9A	NC_085842.1	589	50	105	154	302137927	302138076	72.000	5.34e-12	74.7
Lacerta_agilis_C9A	NC_085842.1	589	49	539	586	302179757	302179903	63.265	1.38e-10	70.5
Lacerta_agilis_C9A	NC_085842.1	589	80	197	275	302165859	302166098	43.750	6.11e-09	65.1
Lacerta_agilis_C9A	NC_085842.1	589	76	201	275	302142472	302142699	42.105	9.28e-09	64.3
Lacerta_agilis_C9A	NC_085842.1	589	57	470	526	301466848	301466678	50.877	5.28e-08	62.0
Lacerta_agilis_C9A	NC_085842.1	589	162	461	587	301466872	301466390	33.951	1.65e-06	57.0
Lacerta_agilis_C9A	NC_085842.1	589	83	275	357	301430277	301430525	27.711	6.26e-06	55.1
Lacerta_agilis_C9A	NC_085846.1	589	206	299	499	12104128	12103550	25.243	8.73e-08	61.2
Lacerta_agilis_C9A	NC_085846.1	589	199	300	493	11065192	11065728	22.613	4.33e-07	58.9
Lacerta_agilis_C9A	NC_085844.1	589	81	279	359	173925299	173925057	32.099	1.21e-06	57.4
Lacerta_agilis_C9A	NC_085844.1	589	46	537	581	173885793	173885930	54.348	2.96e-06	56.2
Zootoca_vivipara_C9A	NC_085842.1	589	101	275	375	302144273	302144569	61.386	3.72e-28	126
Zootoca_vivipara_C9A	NC_085842.1	589	78	457	534	302178082	302178315	67.949	5.61e-28	125
Zootoca_vivipara_C9A	NC_085842.1	589	82	275	356	302168918	302169163	65.854	4.63e-27	122
Zootoca_vivipara_C9A	NC_085842.1	589	75	457	531	302150586	302150810	66.667	1.89e-25	117
Zootoca_vivipara_C9A	NC_085842.1	589	62	155	208	302163410	302163595	70.968	1.10e-18	96.3
Zootoca_vivipara_C9A	NC_085842.1	589	48	155	202	302139534	302139677	77.083	7.50e-17	90.5
Zootoca_vivipara_C9A	NC_085842.1	589	56	403	458	302148640	302148807	66.071	9.07e-15	84.0
Zootoca_vivipara_C9A	NC_085842.1	589	51	55	105	302135617	302135769	64.706	5.51e-13	78.2
Zootoca_vivipara_C9A	NC_085842.1	589	50	105	154	302161932	302162081	72.000	9.21e-13	77.4
Zootoca_vivipara_C9A	NC_085842.1	589	61	398	458	302172711	302172893	55.738	9.45e-13	77.4
Zootoca_vivipara_C9A	NC_085842.1	589	49	57	105	302159751	302159897	67.347	1.68e-12	76.6
Zootoca_vivipara_C9A	NC_085842.1	589	50	105	154	302137927	302138076	70.000	8.19e-12	74.3
Zootoca_vivipara_C9A	NC_085842.1	589	49	539	586	302179757	302179903	63.265	3.00e-10	69.3
Zootoca_vivipara_C9A	NC_085842.1	589	77	201	275	302142472	302142699	44.156	3.95e-08	62.4
Zootoca_vivipara_C9A	NC_085842.1	589	80	197	275	302165859	302166098	38.750	6.94e-08	61.6
Zootoca_vivipara_C9A	NC_085842.1	589	162	461	587	301466872	301466390	33.951	7.30e-08	61.6
Zootoca_vivipara_C9A	NC_085842.1	589	83	275	357	301430277	301430525	27.711	4.27e-06	55.8
Zootoca_vivipara_C9A	NC_085846.1	589	199	300	493	11065192	11065728	23.618	5.80e-08	61.6
Zootoca_vivipara_C9A	NC_085846.1	589	206	299	499	12104128	12103550	24.757	2.88e-07	59.7
Zootoca_vivipara_C9A	NC_085844.1	589	52	532	581	173885775	173885930	53.846	1.72e-06	57.0
Zootoca_vivipara_C9A	NC_085844.1	589	103	265	359	173925365	173925057	30.097	2.24e-06	56.6
Zootoca_vivipara_C9A	NC_085844.1	589	67	461	526	173901901	173901701	34.328	4.61e-06	55.5
Podarcis_muralis_C9A	NC_085842.1	589	101	275	375	302144273	302144569	62.376	6.89e-29	128
Podarcis_muralis_C9A	NC_085842.1	589	82	275	356	302168918	302169163	67.073	8.77e-28	125
Podarcis_muralis_C9A	NC_085842.1	589	78	457	534	302178082	302178315	65.385	5.79e-27	122
Podarcis_muralis_C9A	NC_085842.1	589	74	457	530	302150586	302150807	68.919	1.81e-26	120
Podarcis_muralis_C9A	NC_085842.1	589	62	155	208	302163410	302163595	70.968	9.68e-19	96.7
Podarcis_muralis_C9A	NC_085842.1	589	53	155	207	302139534	302139692	71.698	5.40e-17	90.9
Podarcis_muralis_C9A	NC_085842.1	589	55	404	458	302148643	302148807	65.455	5.02e-14	81.3
Podarcis_muralis_C9A	NC_085842.1	589	50	105	154	302161932	302162081	74.000	5.46e-13	78.2
Podarcis_muralis_C9A	NC_085842.1	589	51	55	105	302135617	302135769	62.745	2.60e-12	75.9
Podarcis_muralis_C9A	NC_085842.1	589	50	105	154	302137927	302138076	72.000	4.90e-12	75.1
Podarcis_muralis_C9A	NC_085842.1	589	49	57	105	302159751	302159897	65.306	8.40e-12	74.3
Podarcis_muralis_C9A	NC_085842.1	589	60	399	458	302172714	302172893	51.667	1.86e-11	73.2
Podarcis_muralis_C9A	NC_085842.1	589	49	539	586	302179757	302179903	63.265	1.66e-10	70.1
Podarcis_muralis_C9A	NC_085842.1	589	153	470	587	301466848	301466390	35.948	2.47e-08	63.2
Podarcis_muralis_C9A	NC_085842.1	589	76	201	275	302165871	302166098	44.737	4.45e-08	62.0
Podarcis_muralis_C9A	NC_085842.1	589	77	201	275	302142472	302142699	40.260	1.28e-06	57.4
Podarcis_muralis_C9A	NC_085846.1	589	260	239	493	11065027	11065728	22.308	2.58e-08	62.8
Podarcis_muralis_C9A	NC_085846.1	589	210	299	499	12104128	12103550	25.714	6.05e-08	61.6
Podarcis_muralis_C9A	NC_085844.1	589	113	255	359	173925386	173925057	29.204	1.27e-06	57.4
Podarcis_muralis_C9A	NC_085844.1	589	69	461	528	173901901	173901695	33.333	2.54e-06	56.6
Podarcis_muralis_C9A	NC_085844.1	589	46	537	581	173885793	173885930	54.348	5.42e-06	55.5
Anolis_carolinensis_C9A	NC_085842.1	591	82	277	358	302168918	302169163	98.780	1.45e-43	173
Anolis_carolinensis_C9A	NC_085842.1	591	78	460	537	302178085	302178318	98.718	7.80e-41	164
Anolis_carolinensis_C9A	NC_085842.1	591	102	266	367	302144240	302144542	74.510	7.67e-38	155
Anolis_carolinensis_C9A	NC_085842.1	591	80	198	277	302165859	302166098	95.000	1.43e-37	155
Anolis_carolinensis_C9A	NC_085842.1	591	77	462	538	302150595	302150825	77.922	2.68e-29	129
Anolis_carolinensis_C9A	NC_085842.1	591	58	534	591	302179736	302179909	94.828	1.96e-26	120
Anolis_carolinensis_C9A	NC_085842.1	591	66	400	465	302172711	302172908	92.424	3.08e-26	120
Anolis_carolinensis_C9A	NC_085842.1	591	50	106	155	302161932	302162081	100.000	3.65e-22	107
Anolis_carolinensis_C9A	NC_085842.1	591	50	58	107	302159751	302159900	98.000	4.55e-22	107
Anolis_carolinensis_C9A	NC_085842.1	591	52	56	107	302135617	302135772	88.462	5.04e-21	103
Anolis_carolinensis_C9A	NC_085842.1	591	56	147	202	302163383	302163550	85.714	6.11e-21	103
Anolis_carolinensis_C9A	NC_085842.1	591	48	156	203	302139534	302139677	87.500	2.88e-19	98.2
Anolis_carolinensis_C9A	NC_085842.1	591	63	403	465	302148634	302148822	68.254	3.57e-17	91.7
Anolis_carolinensis_C9A	NC_085842.1	591	50	106	155	302137927	302138076	82.000	2.60e-16	89.0
Anolis_carolinensis_C9A	NC_085842.1	591	42	358	399	302171614	302171739	100.000	7.27e-16	87.4
Anolis_carolinensis_C9A	NC_085842.1	591	76	202	277	302142472	302142699	56.579	7.40e-16	87.4
Anolis_carolinensis_C9A	NC_085842.1	591	70	1	69	302157945	302158154	57.143	3.95e-12	75.5
Anolis_carolinensis_C9A	NC_085842.1	591	159	461	583	301466878	301466411	34.591	1.16e-08	63.9
Anolis_carolinensis_C9A	NC_085842.1	591	103	277	371	301430277	301430585	31.068	1.24e-08	63.9
Anolis_carolinensis_C9A	NC_085842.1	591	79	281	359	301402700	301402936	34.177	1.59e-07	60.5
Anolis_carolinensis_C9A	NC_085842.1	591	46	12	57	302133506	302133643	56.522	5.16e-07	58.5
Anolis_carolinensis_C9A	NC_085846.1	591	206	301	501	12104128	12103550	26.699	3.59e-08	62.4
Anolis_carolinensis_C9A	NC_085846.1	591	182	302	482	11065192	11065701	25.275	2.30e-07	59.7
Anolis_carolinensis_C9A	NC_085844.1	591	82	281	362	173925299	173925054	34.146	6.61e-07	58.5
Anolis_carolinensis_C9A	NC_085844.1	591	79	281	359	173875403	173875639	30.380	8.68e-07	58.2
Anolis_carolinensis_C9A	NC_085844.1	591	46	542	587	173898941	173898804	52.174	1.25e-06	57.4
Anolis_carolinensis_C9A	NC_085844.1	591	76	455	529	173901925	173901698	28.947	1.67e-06	57.0
Anolis_carolinensis_C9A	NC_085844.1	591	50	534	583	173885781	173885927	52.000	1.82e-06	57.0
Pogona_vitticeps_C9A	NC_085842.1	576	84	256	339	302168912	302169163	76.190	8.55e-33	140
Pogona_vitticeps_C9A	NC_085842.1	576	93	256	348	302144267	302144542	68.817	6.36e-31	134
Pogona_vitticeps_C9A	NC_085842.1	576	76	441	516	302178085	302178312	73.684	1.19e-28	127
Pogona_vitticeps_C9A	NC_085842.1	576	80	439	518	302150583	302150816	71.250	1.72e-25	117
Pogona_vitticeps_C9A	NC_085842.1	576	50	106	155	302161932	302162081	84.000	1.14e-17	93.2
Pogona_vitticeps_C9A	NC_085842.1	576	56	147	202	302163383	302163550	71.429	6.71e-17	90.5
Pogona_vitticeps_C9A	NC_085842.1	576	60	387	446	302148643	302148822	70.000	1.05e-16	90.1
Pogona_vitticeps_C9A	NC_085842.1	576	60	143	202	302139495	302139674	68.333	1.30e-16	89.7
Pogona_vitticeps_C9A	NC_085842.1	576	50	106	155	302137927	302138076	78.000	1.45e-15	86.3
Pogona_vitticeps_C9A	NC_085842.1	576	52	56	107	302135617	302135772	71.154	4.67e-15	84.7
Pogona_vitticeps_C9A	NC_085842.1	576	50	58	107	302159751	302159900	74.000	1.01e-14	83.6
Pogona_vitticeps_C9A	NC_085842.1	576	66	381	446	302172711	302172908	57.576	1.38e-13	80.1
Pogona_vitticeps_C9A	NC_085842.1	576	52	524	575	302179754	302179909	67.308	2.77e-13	79.0
Pogona_vitticeps_C9A	NC_085842.1	576	163	444	575	301466872	301466387	34.969	8.46e-08	61.2
Pogona_vitticeps_C9A	NC_085842.1	576	86	255	340	301402679	301402936	34.884	2.00e-07	60.1
Pogona_vitticeps_C9A	NC_085842.1	576	42	521	561	301406653	301406778	64.286	2.56e-07	59.7
Pogona_vitticeps_C9A	NC_085842.1	576	33	25	57	302133545	302133643	69.697	4.62e-07	58.9
Pogona_vitticeps_C9A	NC_085842.1	576	83	258	340	301430277	301430525	32.530	1.07e-06	57.8
Pogona_vitticeps_C9A	NC_085842.1	576	46	25	69	302158017	302158154	54.348	1.14e-06	57.4
Pogona_vitticeps_C9A	NC_085846.1	576	212	282	482	12104128	12103550	26.887	3.80e-10	68.9
Pogona_vitticeps_C9A	NC_085846.1	576	183	283	463	11065192	11065701	26.230	1.62e-07	60.5
Pogona_vitticeps_C9A	NC_085844.1	576	48	520	567	173885784	173885927	62.500	1.36e-08	63.9
Pogona_vitticeps_C9A	NC_085844.1	576	87	254	340	173875379	173875639	32.184	2.56e-08	62.8
Pogona_vitticeps_C9A	NC_085844.1	576	84	257	340	173925314	173925063	34.524	1.08e-07	60.8
Pogona_vitticeps_C9A	NC_085844.1	576	72	438	509	173901916	173901701	34.722	4.94e-07	58.5
Pogona_vitticeps_C9A	NC_085844.1	576	46	526	571	173898941	173898804	54.348	5.34e-07	58.5
Gekko_japonicus_C9A	NC_085842.1	582	87	291	377	302168918	302169178	62.069	5.12e-26	119
Gekko_japonicus_C9A	NC_085842.1	582	91	291	381	302144273	302144542	58.242	3.29e-23	110
Gekko_japonicus_C9A	NC_085842.1	582	68	457	524	302178094	302178297	67.647	1.04e-21	105
Gekko_japonicus_C9A	NC_085842.1	582	71	453	523	302150586	302150798	66.197	2.57e-21	104
Gekko_japonicus_C9A	NC_085842.1	582	47	173	219	302139534	302139674	72.340	3.37e-14	82.0
Gekko_japonicus_C9A	NC_085842.1	582	61	173	225	302163410	302163592	60.656	5.40e-14	81.3
Gekko_japonicus_C9A	NC_085842.1	582	52	71	122	302135623	302135769	65.385	2.19e-10	69.7
Gekko_japonicus_C9A	NC_085842.1	582	54	529	582	302179739	302179900	55.556	2.39e-10	69.3
Gekko_japonicus_C9A	NC_085842.1	582	52	71	122	302159751	302159897	65.385	3.36e-10	68.9
Gekko_japonicus_C9A	NC_085842.1	582	159	457	581	301466872	301466399	36.478	8.10e-10	67.8
Gekko_japonicus_C9A	NC_085842.1	582	51	122	172	302161932	302162081	60.784	2.05e-09	66.6
Gekko_japonicus_C9A	NC_085842.1	582	51	122	172	302137927	302138076	58.824	9.55e-09	64.3
Gekko_japonicus_C9A	NC_085842.1	582	57	395	451	302148628	302148798	47.368	3.07e-08	62.8
Gekko_japonicus_C9A	NC_085842.1	582	83	291	373	301430277	301430525	30.120	3.15e-07	59.3
Gekko_japonicus_C9A	NC_085842.1	582	60	392	451	302172705	302172884	41.667	4.13e-07	58.9
Gekko_japonicus_C9A	NC_085842.1	582	79	295	373	301402700	301402936	30.380	8.38e-07	58.2
Gekko_japonicus_C9A	NC_085846.1	582	224	315	521	12104128	12103469	25.893	5.37e-10	68.2
Gekko_japonicus_C9A	NC_085846.1	582	208	316	512	11065192	11065794	23.558	6.83e-07	58.2
Gekko_japonicus_C9A	NC_085844.1	582	49	529	577	173885781	173885927	55.102	3.29e-08	62.4
Gekko_japonicus_C9A	NC_085844.1	582	67	457	522	173901901	173901701	34.328	1.40e-06	57.4
Gekko_japonicus_C9A	NC_085844.1	582	74	302	375	173925278	173925057	32.432	2.41e-06	56.6
Crotalus_tigris_C9A	NC_085842.1	583	78	456	533	302178085	302178318	61.538	4.77e-26	119
Crotalus_tigris_C9A	NC_085842.1	583	98	253	350	302144213	302144506	55.102	8.10e-24	112
Crotalus_tigris_C9A	NC_085842.1	583	75	276	350	302168927	302169151	62.667	1.01e-22	108
Crotalus_tigris_C9A	NC_085842.1	583	68	458	525	302150595	302150798	64.706	1.55e-20	102
Crotalus_tigris_C9A	NC_085842.1	583	57	157	213	302163410	302163580	61.404	8.38e-15	84.0
Crotalus_tigris_C9A	NC_085842.1	583	53	157	209	302139534	302139692	64.151	1.77e-14	82.8
Crotalus_tigris_C9A	NC_085842.1	583	67	395	461	302148628	302148822	56.716	4.69e-13	78.2
Crotalus_tigris_C9A	NC_085842.1	583	66	107	170	302137927	302138124	57.576	1.45e-11	73.6
Crotalus_tigris_C9A	NC_085842.1	583	50	107	156	302161932	302162081	66.000	2.92e-11	72.4
Crotalus_tigris_C9A	NC_085842.1	583	54	530	583	302179736	302179897	55.556	2.27e-10	69.7
Crotalus_tigris_C9A	NC_085842.1	583	58	404	461	302172735	302172908	56.897	3.34e-10	68.9
Crotalus_tigris_C9A	NC_085842.1	583	157	457	579	301466878	301466411	31.847	7.85e-07	58.2
Crotalus_tigris_C9A	NC_085842.1	583	50	58	107	302159751	302159897	54.000	3.76e-06	55.8
Crotalus_tigris_C9A	NC_085842.1	583	51	57	107	302135620	302135769	49.020	8.88e-06	54.7
Crotalus_tigris_C9A	NC_085846.1	583	216	276	491	11065129	11065728	25.463	5.35e-10	68.6
Crotalus_tigris_C9A	NC_085846.1	583	224	297	514	12104128	12103502	27.232	5.44e-10	68.2
Crotalus_tigris_C9A	NC_085844.1	583	108	277	384	173925299	173925009	32.407	2.17e-07	60.1
Crotalus_tigris_C9A	NC_085844.1	583	50	530	579	173885781	173885927	56.000	4.18e-07	58.9
Crotalus_tigris_C9A	NC_085844.1	583	47	537	583	173898944	173898804	51.064	4.36e-07	58.9
Crotalus_tigris_C9A	NC_085844.1	583	70	456	524	173901910	173901701	34.286	3.57e-06	55.8
Thamnophis_elegans_C9A	NC_085842.1	583	119	254	371	302168870	302169214	51.261	5.50e-27	122
Thamnophis_elegans_C9A	NC_085842.1	583	83	276	358	302144282	302144530	63.855	4.75e-25	116
Thamnophis_elegans_C9A	NC_085842.1	583	78	456	533	302178085	302178318	64.103	1.32e-24	115
Thamnophis_elegans_C9A	NC_085842.1	583	68	458	525	302150595	302150798	64.706	8.13e-19	96.7
Thamnophis_elegans_C9A	NC_085842.1	583	47	157	203	302163410	302163550	72.340	8.41e-14	80.5
Thamnophis_elegans_C9A	NC_085842.1	583	48	157	204	302139534	302139677	66.667	3.38e-13	78.6
Thamnophis_elegans_C9A	NC_085842.1	583	59	403	461	302148646	302148822	59.322	7.26e-13	77.8
Thamnophis_elegans_C9A	NC_085842.1	583	54	530	583	302179736	302179897	53.704	6.93e-11	71.2
Thamnophis_elegans_C9A	NC_085842.1	583	50	107	156	302137927	302138076	66.000	3.77e-10	68.9
Thamnophis_elegans_C9A	NC_085842.1	583	58	404	461	302172735	302172908	51.724	1.29e-09	67.0
Thamnophis_elegans_C9A	NC_085842.1	583	50	107	156	302161932	302162081	62.000	1.43e-09	67.0
Thamnophis_elegans_C9A	NC_085842.1	583	50	58	107	302159751	302159897	60.000	7.29e-09	64.7
Thamnophis_elegans_C9A	NC_085842.1	583	52	56	107	302135617	302135769	53.846	1.34e-08	63.9
Thamnophis_elegans_C9A	NC_085842.1	583	45	530	573	301406644	301406778	57.778	3.39e-08	62.4
Thamnophis_elegans_C9A	NC_085842.1	583	160	463	583	301466878	301466399	33.125	1.99e-07	60.1
Thamnophis_elegans_C9A	NC_085846.1	583	212	297	497	12104128	12103550	25.943	1.80e-08	63.5
Thamnophis_elegans_C9A	NC_085844.1	583	50	530	579	173885781	173885927	52.000	3.56e-07	59.3
Thamnophis_elegans_C9A	NC_085844.1	583	70	277	346	173925299	173925090	35.714	8.44e-06	54.7
Naja_naja_C9A	NC_085842.1	582	78	276	353	302144282	302144515	66.667	3.87e-25	116
Naja_naja_C9A	NC_085842.1	582	78	455	532	302178085	302178318	60.256	6.30e-25	115
Naja_naja_C9A	NC_085842.1	582	78	276	353	302168927	302169160	61.538	3.10e-23	110
Naja_naja_C9A	NC_085842.1	582	68	457	524	302150595	302150798	66.176	7.60e-21	103
Naja_naja_C9A	NC_085842.1	582	57	157	213	302163410	302163580	61.404	7.36e-14	80.9
Naja_naja_C9A	NC_085842.1	582	48	157	204	302139534	302139677	66.667	1.82e-13	79.7
Naja_naja_C9A	NC_085842.1	582	66	107	170	302137927	302138124	59.091	6.39e-12	74.7
Naja_naja_C9A	NC_085842.1	582	50	107	156	302161932	302162081	68.000	4.39e-11	72.0
Naja_naja_C9A	NC_085842.1	582	59	402	460	302148646	302148822	54.237	4.54e-11	72.0
Naja_naja_C9A	NC_085842.1	582	54	529	582	302179736	302179897	55.556	4.69e-10	68.6
Naja_naja_C9A	NC_085842.1	582	59	402	460	302172732	302172908	47.458	3.58e-08	62.4
Naja_naja_C9A	NC_085842.1	582	68	456	523	301466878	301466678	39.706	8.05e-08	61.2
Naja_naja_C9A	NC_085842.1	582	51	57	107	302135620	302135769	50.980	6.72e-07	58.2
Naja_naja_C9A	NC_085842.1	582	50	58	107	302159751	302159897	52.000	1.45e-06	57.4
Naja_naja_C9A	NC_085842.1	582	71	273	343	301430277	301430489	36.620	5.36e-06	55.5
Naja_naja_C9A	NC_085846.1	582	215	276	490	11065129	11065728	23.721	1.50e-08	63.5
Naja_naja_C9A	NC_085846.1	582	206	297	496	12104128	12103550	25.243	2.24e-07	59.7
Naja_naja_C9A	NC_085844.1	582	50	529	578	173885778	173885927	56.000	3.84e-08	62.4
Naja_naja_C9A	NC_085844.1	582	47	536	582	173898944	173898804	53.191	3.26e-07	59.3
Naja_naja_C9A	NC_085844.1	582	74	277	350	173925299	173925078	37.838	1.93e-06	56.6
Naja_naja_C9A	NC_085844.1	582	70	455	523	173901910	173901701	34.286	3.45e-06	55.8
Pseudonaja_textilis_C9A	NC_085842.1	583	78	456	533	302178085	302178318	62.821	8.58e-26	118
Pseudonaja_textilis_C9A	NC_085842.1	583	78	276	353	302144282	302144515	64.103	2.86e-24	114
Pseudonaja_textilis_C9A	NC_085842.1	583	78	276	353	302168927	302169160	60.256	6.42e-23	109
Pseudonaja_textilis_C9A	NC_085842.1	583	71	458	528	302150595	302150807	66.197	8.57e-22	106
Pseudonaja_textilis_C9A	NC_085842.1	583	57	157	213	302163410	302163580	61.404	6.84e-14	80.9
Pseudonaja_textilis_C9A	NC_085842.1	583	48	157	204	302139534	302139677	66.667	1.73e-13	79.7
Pseudonaja_textilis_C9A	NC_085842.1	583	66	396	461	302148625	302148822	51.515	4.51e-12	75.1
Pseudonaja_textilis_C9A	NC_085842.1	583	66	107	170	302137927	302138124	56.061	3.52e-11	72.0
Pseudonaja_textilis_C9A	NC_085842.1	583	50	107	156	302161932	302162081	64.000	2.24e-10	69.7
Pseudonaja_textilis_C9A	NC_085842.1	583	54	530	583	302179736	302179897	53.704	1.74e-09	66.6
Pseudonaja_textilis_C9A	NC_085842.1	583	59	403	461	302172732	302172908	49.153	1.18e-08	63.9
Pseudonaja_textilis_C9A	NC_085842.1	583	51	57	107	302135620	302135769	52.941	5.23e-08	62.0
Pseudonaja_textilis_C9A	NC_085842.1	583	161	457	583	301466878	301466399	32.919	8.80e-08	61.2
Pseudonaja_textilis_C9A	NC_085842.1	583	50	58	107	302159751	302159897	54.000	1.15e-07	60.8
Pseudonaja_textilis_C9A	NC_085842.1	583	45	26	69	302158020	302158154	55.556	2.61e-06	56.2
Pseudonaja_textilis_C9A	NC_085846.1	583	196	298	491	11065192	11065728	26.531	1.20e-09	67.4
Pseudonaja_textilis_C9A	NC_085846.1	583	206	297	497	12104128	12103550	25.243	7.61e-08	61.2
Pseudonaja_textilis_C9A	NC_085844.1	583	50	530	579	173885778	173885927	54.000	8.08e-08	61.2
Pseudonaja_textilis_C9A	NC_085844.1	583	47	537	583	173898944	173898804	53.191	2.92e-07	59.3
Pseudonaja_textilis_C9A	NC_085844.1	583	74	277	350	173925299	173925078	36.486	2.38e-06	56.6
Python_bivittatus_C9A	NC_085842.1	582	82	456	537	302178085	302178330	60.976	1.46e-26	121
Python_bivittatus_C9A	NC_085842.1	582	111	261	371	302168882	302169214	50.450	8.50e-26	118
Python_bivittatus_C9A	NC_085842.1	582	82	276	357	302144282	302144527	62.195	2.91e-25	117
Python_bivittatus_C9A	NC_085842.1	582	84	454	537	302150583	302150834	57.143	2.69e-22	107
Python_bivittatus_C9A	NC_085842.1	582	61	157	209	302163410	302163592	57.377	2.14e-13	79.3
Python_bivittatus_C9A	NC_085842.1	582	53	157	209	302139534	302139692	58.491	4.36e-13	78.2
Python_bivittatus_C9A	NC_085842.1	582	56	402	457	302148643	302148810	58.929	4.73e-12	75.1
Python_bivittatus_C9A	NC_085842.1	582	48	535	582	302179754	302179897	64.583	3.92e-11	72.0
Python_bivittatus_C9A	NC_085842.1	582	50	107	156	302161932	302162081	64.000	3.69e-10	68.9
Python_bivittatus_C9A	NC_085842.1	582	55	403	457	302172732	302172896	58.182	1.38e-09	67.0
Python_bivittatus_C9A	NC_085842.1	582	50	107	156	302137927	302138076	64.000	1.95e-09	66.6
Python_bivittatus_C9A	NC_085842.1	582	159	457	578	301466878	301466411	33.962	2.75e-08	62.8
Python_bivittatus_C9A	NC_085842.1	582	70	1	69	302157945	302158154	41.429	1.91e-06	57.0
Python_bivittatus_C9A	NC_085842.1	582	50	58	107	302159751	302159897	56.000	2.98e-06	56.2
Python_bivittatus_C9A	NC_085842.1	582	53	55	107	302135614	302135769	49.057	5.10e-06	55.5
Python_bivittatus_C9A	NC_085842.1	582	80	198	272	302165856	302166095	33.750	6.09e-06	55.1
Python_bivittatus_C9A	NC_085846.1	582	223	297	514	12104128	12103502	26.906	5.02e-10	68.6
Python_bivittatus_C9A	NC_085846.1	582	217	276	488	11065129	11065719	23.041	2.24e-07	59.7
Python_bivittatus_C9A	NC_085844.1	582	50	529	578	173885778	173885927	60.000	1.42e-09	67.0
Python_bivittatus_C9A	NC_085844.1	582	47	536	582	173898944	173898804	53.191	1.31e-08	63.9
Python_bivittatus_C9A	NC_085844.1	582	79	277	355	173925299	173925063	34.177	1.18e-06	57.4
Python_bivittatus_C9A	NC_085844.1	582	70	456	524	173901910	173901701	37.143	1.40e-06	57.4
Python_bivittatus_C9A	NC_085844.1	582	82	277	358	173875403	173875648	29.268	5.79e-06	55.1
Notechis_scutatus_C9A	NC_085842.1	583	78	456	533	302178085	302178318	61.538	6.47e-25	115
Notechis_scutatus_C9A	NC_085842.1	583	78	276	353	302144282	302144515	64.103	3.38e-24	113
Notechis_scutatus_C9A	NC_085842.1	583	78	276	353	302168927	302169160	60.256	6.89e-23	109
Notechis_scutatus_C9A	NC_085842.1	583	71	458	528	302150595	302150807	64.789	1.61e-21	105
Notechis_scutatus_C9A	NC_085842.1	583	57	157	213	302163410	302163580	61.404	6.84e-14	80.9
Notechis_scutatus_C9A	NC_085842.1	583	48	157	204	302139534	302139677	66.667	1.73e-13	79.7
Notechis_scutatus_C9A	NC_085842.1	583	66	396	461	302148625	302148822	51.515	8.36e-12	74.3
Notechis_scutatus_C9A	NC_085842.1	583	66	107	170	302137927	302138124	57.576	1.33e-11	73.6
Notechis_scutatus_C9A	NC_085842.1	583	50	107	156	302161932	302162081	66.000	8.36e-11	70.9
Notechis_scutatus_C9A	NC_085842.1	583	59	403	461	302172732	302172908	49.153	1.21e-08	63.9
Notechis_scutatus_C9A	NC_085842.1	583	54	530	583	302179736	302179897	51.852	1.54e-08	63.5
Notechis_scutatus_C9A	NC_085842.1	583	51	57	107	302135620	302135769	54.902	3.16e-08	62.8
Notechis_scutatus_C9A	NC_085842.1	583	50	58	107	302159751	302159897	56.000	6.58e-08	61.6
Notechis_scutatus_C9A	NC_085842.1	583	162	457	583	301466878	301466399	33.333	1.67e-07	60.1
Notechis_scutatus_C9A	NC_085842.1	583	87	1	83	302157945	302158205	40.230	3.38e-07	59.3
Notechis_scutatus_C9A	NC_085846.1	583	196	298	491	11065192	11065728	27.041	1.58e-09	67.0
Notechis_scutatus_C9A	NC_085846.1	583	206	297	497	12104128	12103550	25.243	5.41e-08	62.0
Notechis_scutatus_C9A	NC_085844.1	583	45	535	579	173885793	173885927	55.556	2.76e-07	59.7
Notechis_scutatus_C9A	NC_085844.1	583	47	537	583	173898944	173898804	53.191	2.80e-07	59.7
Notechis_scutatus_C9A	NC_085844.1	583	74	277	350	173925299	173925078	36.486	2.40e-06	56.6
Hydrophis_cyanocinctus_C9A	NC_085842.1	583	78	456	533	302178085	302178318	61.538	6.41e-25	115
Hydrophis_cyanocinctus_C9A	NC_085842.1	583	78	276	353	302144282	302144515	64.103	3.86e-24	113
Hydrophis_cyanocinctus_C9A	NC_085842.1	583	78	276	353	302168927	302169160	60.256	8.82e-23	109
Hydrophis_cyanocinctus_C9A	NC_085842.1	583	71	458	528	302150595	302150807	64.789	1.54e-21	105
Hydrophis_cyanocinctus_C9A	NC_085842.1	583	57	157	213	302163410	302163580	63.158	3.35e-14	82.0
Hydrophis_cyanocinctus_C9A	NC_085842.1	583	48	157	204	302139534	302139677	68.750	7.65e-14	80.9
Hydrophis_cyanocinctus_C9A	NC_085842.1	583	58	404	461	302148649	302148822	56.897	1.28e-11	73.6
Hydrophis_cyanocinctus_C9A	NC_085842.1	583	66	107	170	302137927	302138124	57.576	1.50e-11	73.6
Hydrophis_cyanocinctus_C9A	NC_085842.1	583	50	107	156	302161932	302162081	66.000	8.80e-11	70.9
Hydrophis_cyanocinctus_C9A	NC_085842.1	583	58	404	461	302172735	302172908	50.000	1.17e-08	63.9
Hydrophis_cyanocinctus_C9A	NC_085842.1	583	54	530	583	302179736	302179897	51.852	1.47e-08	63.5
Hydrophis_cyanocinctus_C9A	NC_085842.1	583	51	57	107	302135620	302135769	54.902	3.50e-08	62.4
Hydrophis_cyanocinctus_C9A	NC_085842.1	583	50	58	107	302159751	302159897	56.000	6.75e-08	61.6
Hydrophis_cyanocinctus_C9A	NC_085842.1	583	162	457	583	301466878	301466399	33.333	1.78e-07	60.1
Hydrophis_cyanocinctus_C9A	NC_085842.1	583	62	26	83	302158020	302158205	46.774	1.89e-06	57.0
Hydrophis_cyanocinctus_C9A	NC_085846.1	583	237	255	491	11065081	11065728	24.895	2.33e-10	69.7
Hydrophis_cyanocinctus_C9A	NC_085846.1	583	206	297	497	12104128	12103550	25.243	1.94e-08	63.2
Hydrophis_cyanocinctus_C9A	NC_085844.1	583	45	535	579	173885793	173885927	55.556	2.76e-07	59.7
Hydrophis_cyanocinctus_C9A	NC_085844.1	583	47	537	583	173898944	173898804	53.191	2.83e-07	59.7
Hydrophis_cyanocinctus_C9A	NC_085844.1	583	78	273	350	173925311	173925078	35.897	1.58e-06	57.0
Laticauda_colubrina_C9A	NC_085842.1	583	78	456	533	302178085	302178318	62.821	3.64e-25	116
Laticauda_colubrina_C9A	NC_085842.1	583	78	276	353	302144282	302144515	64.103	3.60e-24	113
Laticauda_colubrina_C9A	NC_085842.1	583	78	276	353	302168927	302169160	60.256	7.93e-23	109
Laticauda_colubrina_C9A	NC_085842.1	583	71	458	528	302150595	302150807	66.197	8.65e-22	106
Laticauda_colubrina_C9A	NC_085842.1	583	57	157	213	302163410	302163580	63.158	1.71e-14	82.8
Laticauda_colubrina_C9A	NC_085842.1	583	48	157	204	302139534	302139677	66.667	2.09e-13	79.3
Laticauda_colubrina_C9A	NC_085842.1	583	59	403	461	302148646	302148822	55.932	1.35e-11	73.6
Laticauda_colubrina_C9A	NC_085842.1	583	66	107	170	302137927	302138124	56.061	2.89e-11	72.4
Laticauda_colubrina_C9A	NC_085842.1	583	50	107	156	302161932	302162081	64.000	2.07e-10	69.7
Laticauda_colubrina_C9A	NC_085842.1	583	59	403	461	302172732	302172908	49.153	1.04e-08	64.3
Laticauda_colubrina_C9A	NC_085842.1	583	54	530	583	302179736	302179897	51.852	1.38e-08	63.9
Laticauda_colubrina_C9A	NC_085842.1	583	162	457	583	301466878	301466399	33.333	1.27e-07	60.5
Laticauda_colubrina_C9A	NC_085842.1	583	51	57	107	302135620	302135769	52.941	2.12e-07	60.1
Laticauda_colubrina_C9A	NC_085842.1	583	50	58	107	302159751	302159897	54.000	4.59e-07	58.9
Laticauda_colubrina_C9A	NC_085842.1	583	104	273	368	301430277	301430588	27.885	4.17e-06	55.8
Laticauda_colubrina_C9A	NC_085842.1	583	45	26	69	302158020	302158154	55.556	4.38e-06	55.5
Laticauda_colubrina_C9A	NC_085846.1	583	194	298	491	11065192	11065728	25.773	1.78e-09	66.6
Laticauda_colubrina_C9A	NC_085846.1	583	206	297	497	12104128	12103550	24.272	5.68e-07	58.5
Laticauda_colubrina_C9A	NC_085844.1	583	45	535	579	173885793	173885927	55.556	2.66e-07	59.7
Laticauda_colubrina_C9A	NC_085844.1	583	47	537	583	173898944	173898804	53.191	2.90e-07	59.3
Laticauda_colubrina_C9A	NC_085844.1	583	74	277	350	173925299	173925078	36.486	2.40e-06	56.6
Protobothrops_mucrosquamatus_C9A	NC_085842.1	583	78	456	533	302178085	302178318	65.385	1.67e-27	124
Protobothrops_mucrosquamatus_C9A	NC_085842.1	583	80	276	355	302144282	302144521	67.500	5.75e-26	119
Protobothrops_mucrosquamatus_C9A	NC_085842.1	583	79	276	354	302168927	302169163	67.089	7.06e-26	119
Protobothrops_mucrosquamatus_C9A	NC_085842.1	583	68	458	525	302150595	302150798	72.059	5.39e-23	110
Protobothrops_mucrosquamatus_C9A	NC_085842.1	583	97	157	249	302163410	302163673	46.392	2.62e-15	85.5
Protobothrops_mucrosquamatus_C9A	NC_085842.1	583	53	157	209	302139534	302139692	62.264	1.03e-14	83.6
Protobothrops_mucrosquamatus_C9A	NC_085842.1	583	58	404	461	302148649	302148822	56.897	7.35e-12	74.3
Protobothrops_mucrosquamatus_C9A	NC_085842.1	583	157	457	579	301466878	301466411	36.306	6.87e-11	71.2
Protobothrops_mucrosquamatus_C9A	NC_085842.1	583	54	530	583	302179736	302179897	55.556	8.65e-11	70.9
Protobothrops_mucrosquamatus_C9A	NC_085842.1	583	60	402	461	302172729	302172908	53.333	4.51e-10	68.6
Protobothrops_mucrosquamatus_C9A	NC_085842.1	583	50	107	156	302161932	302162081	62.000	6.51e-10	68.2
Protobothrops_mucrosquamatus_C9A	NC_085842.1	583	50	107	156	302137927	302138076	62.000	4.26e-09	65.5
Protobothrops_mucrosquamatus_C9A	NC_085842.1	583	52	523	573	301406623	301406778	53.846	2.69e-07	59.7
Protobothrops_mucrosquamatus_C9A	NC_085842.1	583	75	203	272	302165871	302166095	36.000	7.92e-07	58.2
Protobothrops_mucrosquamatus_C9A	NC_085842.1	583	79	277	355	301430289	301430525	30.380	1.68e-06	57.0
Protobothrops_mucrosquamatus_C9A	NC_085842.1	583	82	274	355	301402691	301402936	31.707	1.86e-06	57.0
Protobothrops_mucrosquamatus_C9A	NC_085842.1	583	70	1	69	302157945	302158154	40.000	3.83e-06	55.8
Protobothrops_mucrosquamatus_C9A	NC_085842.1	583	33	25	57	302133545	302133643	60.606	5.42e-06	55.5
Protobothrops_mucrosquamatus_C9A	NC_085846.1	583	212	297	497	12104128	12103550	28.774	1.48e-11	73.6
Protobothrops_mucrosquamatus_C9A	NC_085846.1	583	216	276	491	11065129	11065728	23.611	9.99e-08	60.8
Protobothrops_mucrosquamatus_C9A	NC_085844.1	583	50	530	579	173885781	173885927	60.000	1.46e-09	67.0
Protobothrops_mucrosquamatus_C9A	NC_085844.1	583	45	539	583	173898938	173898804	53.333	4.11e-07	58.9
Protobothrops_mucrosquamatus_C9A	NC_085844.1	583	79	277	355	173925299	173925063	32.911	7.85e-07	58.2
Protobothrops_mucrosquamatus_C9A	NC_085844.1	583	79	277	355	173875403	173875639	29.114	3.83e-06	55.8
Protobothrops_mucrosquamatus_C9A	NC_085844.1	583	70	456	524	173901910	173901701	32.857	4.24e-06	55.8
Protobothrops_mucrosquamatus_C9A	NC_085844.1	583	53	535	583	140696510	140696668	50.943	8.73e-06	54.7
Chrysopelea_ornata_C9A	NC_085842.1	584	78	457	534	302178085	302178318	70.513	1.31e-28	127
Chrysopelea_ornata_C9A	NC_085842.1	584	96	276	371	302168927	302169214	55.208	9.06e-25	115
Chrysopelea_ornata_C9A	NC_085842.1	584	83	276	358	302144282	302144530	63.855	1.06e-24	115
Chrysopelea_ornata_C9A	NC_085842.1	584	68	459	526	302150595	302150798	67.647	2.26e-21	104
Chrysopelea_ornata_C9A	NC_085842.1	584	53	157	209	302139534	302139692	66.038	2.59e-15	85.5
Chrysopelea_ornata_C9A	NC_085842.1	584	96	157	248	302163410	302163670	47.917	2.92e-15	85.5
Chrysopelea_ornata_C9A	NC_085842.1	584	61	402	462	302148640	302148822	54.098	1.51e-12	76.6
Chrysopelea_ornata_C9A	NC_085842.1	584	161	458	584	301466878	301466399	34.783	1.64e-11	73.2
Chrysopelea_ornata_C9A	NC_085842.1	584	50	107	156	302137927	302138076	66.000	2.34e-10	69.7
Chrysopelea_ornata_C9A	NC_085842.1	584	50	107	156	302161932	302162081	62.000	3.53e-10	68.9
Chrysopelea_ornata_C9A	NC_085842.1	584	59	404	462	302172732	302172908	50.847	2.02e-09	66.6
Chrysopelea_ornata_C9A	NC_085842.1	584	54	531	584	302179736	302179897	46.296	8.53e-08	61.2
Chrysopelea_ornata_C9A	NC_085842.1	584	52	524	574	301406623	301406778	50.000	1.00e-06	57.8
Chrysopelea_ornata_C9A	NC_085842.1	584	80	198	272	302165856	302166095	35.000	2.87e-06	56.2
Chrysopelea_ornata_C9A	NC_085842.1	584	82	274	355	301402691	301402936	31.707	5.97e-06	55.1
Chrysopelea_ornata_C9A	NC_085842.1	584	72	277	348	301430289	301430504	31.944	9.87e-06	54.7
Chrysopelea_ornata_C9A	NC_085844.1	584	50	531	580	173885781	173885927	58.000	1.16e-08	63.9
Chrysopelea_ornata_C9A	NC_085844.1	584	81	277	357	173925299	173925057	34.568	1.00e-07	60.8
Chrysopelea_ornata_C9A	NC_085846.1	584	229	297	515	12104128	12103502	25.764	1.89e-08	63.2
Chrysopelea_ornata_C9A	NC_085846.1	584	219	298	515	11065192	11065800	22.374	2.15e-06	56.6
Pituophis_catenifer_C9A	NC_085842.1	583	77	456	532	302178085	302178315	66.234	4.22e-26	119
Pituophis_catenifer_C9A	NC_085842.1	583	95	277	371	302168930	302169214	55.789	6.88e-25	115
Pituophis_catenifer_C9A	NC_085842.1	583	82	277	358	302144285	302144530	63.415	1.62e-24	114
Pituophis_catenifer_C9A	NC_085842.1	583	68	458	525	302150595	302150798	64.706	1.32e-19	99.4
Pituophis_catenifer_C9A	NC_085842.1	583	61	401	461	302148640	302148822	57.377	3.05e-13	79.0
Pituophis_catenifer_C9A	NC_085842.1	583	47	157	203	302163410	302163550	65.957	1.42e-12	76.6
Pituophis_catenifer_C9A	NC_085842.1	583	53	157	209	302139534	302139692	56.604	1.91e-12	76.3
Pituophis_catenifer_C9A	NC_085842.1	583	50	107	156	302137927	302138076	66.000	4.99e-10	68.6
Pituophis_catenifer_C9A	NC_085842.1	583	50	107	156	302161932	302162081	62.000	7.21e-10	67.8
Pituophis_catenifer_C9A	NC_085842.1	583	58	404	461	302172735	302172908	51.724	1.26e-09	67.0
Pituophis_catenifer_C9A	NC_085842.1	583	161	457	583	301466878	301466399	34.161	1.33e-09	67.0
Pituophis_catenifer_C9A	NC_085842.1	583	54	530	583	302179736	302179897	48.148	2.58e-08	62.8
Pituophis_catenifer_C9A	NC_085842.1	583	50	58	107	302159751	302159897	58.000	9.18e-08	61.2
Pituophis_catenifer_C9A	NC_085842.1	583	52	56	107	302135617	302135769	51.923	1.85e-07	60.1
Pituophis_catenifer_C9A	NC_085842.1	583	52	523	573	301406623	301406778	48.077	5.45e-07	58.5
Pituophis_catenifer_C9A	NC_085842.1	583	87	198	278	302165856	302166116	35.632	2.99e-06	56.2
Pituophis_catenifer_C9A	NC_085846.1	583	227	297	516	12104128	12103496	29.075	1.04e-10	70.9
Pituophis_catenifer_C9A	NC_085844.1	583	46	535	580	173885793	173885930	60.870	2.69e-09	66.2
Pituophis_catenifer_C9A	NC_085844.1	583	74	277	350	173925299	173925078	37.838	7.92e-07	58.2
Pituophis_catenifer_C9A	NC_085844.1	583	45	539	583	173898938	173898804	51.111	1.39e-06	57.4
Pituophis_catenifer_C9A	NC_085844.1	583	70	456	524	173901910	173901701	32.857	5.24e-06	55.5
Pituophis_catenifer_C9A	NC_085844.1	583	78	273	350	173875391	173875624	30.769	6.88e-06	55.1
Pantherophis_obsoletus_C9A	NC_085842.1	583	96	276	371	302168927	302169214	57.292	2.18e-27	123
Pantherophis_obsoletus_C9A	NC_085842.1	583	83	276	358	302144282	302144530	65.060	4.81e-27	122
Pantherophis_obsoletus_C9A	NC_085842.1	583	78	456	533	302178085	302178318	65.385	3.44e-26	120
Pantherophis_obsoletus_C9A	NC_085842.1	583	68	458	525	302150595	302150798	64.706	1.34e-19	99.4
Pantherophis_obsoletus_C9A	NC_085842.1	583	61	157	209	302163410	302163592	59.016	1.50e-13	79.7
Pantherophis_obsoletus_C9A	NC_085842.1	583	61	401	461	302148640	302148822	55.738	7.91e-13	77.4
Pantherophis_obsoletus_C9A	NC_085842.1	583	53	157	209	302139534	302139692	58.491	7.98e-13	77.4
Pantherophis_obsoletus_C9A	NC_085842.1	583	50	107	156	302137927	302138076	70.000	3.49e-11	72.0
Pantherophis_obsoletus_C9A	NC_085842.1	583	50	107	156	302161932	302162081	62.000	5.97e-10	68.2
Pantherophis_obsoletus_C9A	NC_085842.1	583	59	403	461	302172732	302172908	52.542	1.05e-09	67.4
Pantherophis_obsoletus_C9A	NC_085842.1	583	161	457	583	301466878	301466399	34.161	1.62e-09	66.6
Pantherophis_obsoletus_C9A	NC_085842.1	583	50	58	107	302159751	302159897	62.000	1.13e-08	63.9
Pantherophis_obsoletus_C9A	NC_085842.1	583	54	530	583	302179736	302179897	48.148	1.27e-08	63.9
Pantherophis_obsoletus_C9A	NC_085842.1	583	52	56	107	302135617	302135769	55.769	2.33e-08	63.2
Pantherophis_obsoletus_C9A	NC_085842.1	583	52	523	573	301406623	301406778	48.077	8.41e-07	58.2
Pantherophis_obsoletus_C9A	NC_085842.1	583	82	274	355	301402691	301402936	31.707	3.17e-06	56.2
Pantherophis_obsoletus_C9A	NC_085842.1	583	79	277	355	301430289	301430525	30.380	6.77e-06	55.1
Pantherophis_obsoletus_C9A	NC_085846.1	583	231	297	516	12104128	12103496	28.571	7.67e-12	74.3
Pantherophis_obsoletus_C9A	NC_085846.1	583	216	276	491	11065129	11065728	22.222	8.55e-07	57.8
Pantherophis_obsoletus_C9A	NC_085844.1	583	51	530	580	173885781	173885930	58.824	1.86e-09	66.6
Pantherophis_obsoletus_C9A	NC_085844.1	583	79	277	355	173925299	173925063	35.443	1.74e-07	60.1
Pantherophis_obsoletus_C9A	NC_085844.1	583	47	537	583	173898944	173898804	48.936	1.35e-06	57.4
Pantherophis_obsoletus_C9A	NC_085844.1	583	82	277	358	173875403	173875648	29.268	1.63e-06	57.0
Pantherophis_obsoletus_C9A	NC_085844.1	583	70	456	524	173901910	173901701	32.857	5.29e-06	55.5
Bothrops_jararaca_C9A	NC_085842.1	583	78	456	533	302178085	302178318	64.103	1.34e-26	121
Bothrops_jararaca_C9A	NC_085842.1	583	96	276	371	302168927	302169214	58.333	1.51e-25	117
Bothrops_jararaca_C9A	NC_085842.1	583	82	276	357	302144282	302144527	65.854	1.76e-25	117
Bothrops_jararaca_C9A	NC_085842.1	583	68	458	525	302150595	302150798	69.118	1.18e-21	105
Bothrops_jararaca_C9A	NC_085842.1	583	53	157	209	302139534	302139692	62.264	9.14e-15	84.0
Bothrops_jararaca_C9A	NC_085842.1	583	47	157	203	302163410	302163550	70.213	1.09e-14	83.6
Bothrops_jararaca_C9A	NC_085842.1	583	50	107	156	302161932	302162081	70.000	6.47e-12	74.7
Bothrops_jararaca_C9A	NC_085842.1	583	61	401	461	302148640	302148822	50.820	2.36e-11	72.8
Bothrops_jararaca_C9A	NC_085842.1	583	50	107	156	302137927	302138076	68.000	1.62e-10	70.1
Bothrops_jararaca_C9A	NC_085842.1	583	54	530	583	302179736	302179897	53.704	3.23e-10	68.9
Bothrops_jararaca_C9A	NC_085842.1	583	157	457	579	301466878	301466411	34.395	1.58e-09	67.0
Bothrops_jararaca_C9A	NC_085842.1	583	59	403	461	302172732	302172908	50.847	3.21e-09	65.9
Bothrops_jararaca_C9A	NC_085842.1	583	75	203	272	302165871	302166095	36.000	9.16e-07	57.8
Bothrops_jararaca_C9A	NC_085842.1	583	82	274	355	301402691	301402936	31.707	2.40e-06	56.6
Bothrops_jararaca_C9A	NC_085842.1	583	52	523	573	301406623	301406778	50.000	2.70e-06	56.2
Bothrops_jararaca_C9A	NC_085842.1	583	79	277	355	301430289	301430525	30.380	3.64e-06	55.8
Bothrops_jararaca_C9A	NC_085842.1	583	70	1	69	302157945	302158154	40.000	5.38e-06	55.5
Bothrops_jararaca_C9A	NC_085846.1	583	229	297	514	12104128	12103502	26.638	3.98e-09	65.5
Bothrops_jararaca_C9A	NC_085846.1	583	240	276	514	11065129	11065800	22.083	1.99e-07	60.1
Bothrops_jararaca_C9A	NC_085844.1	583	50	530	579	173885781	173885927	58.000	5.09e-09	65.1
Bothrops_jararaca_C9A	NC_085844.1	583	82	274	355	173925308	173925063	32.927	1.33e-06	57.4
Bothrops_jararaca_C9A	NC_085844.1	583	45	539	583	173898938	173898804	51.111	1.69e-06	57.0
Ptyas_mucosa_C9A	NC_085842.1	583	77	456	532	302178085	302178315	66.234	1.39e-26	121
Ptyas_mucosa_C9A	NC_085842.1	583	82	277	358	302144285	302144530	65.854	2.45e-26	120
Ptyas_mucosa_C9A	NC_085842.1	583	94	277	370	302168930	302169211	57.447	7.51e-26	119
Ptyas_mucosa_C9A	NC_085842.1	583	68	458	525	302150595	302150798	64.706	1.76e-20	102
Ptyas_mucosa_C9A	NC_085842.1	583	61	157	209	302163410	302163592	59.016	2.15e-13	79.3
Ptyas_mucosa_C9A	NC_085842.1	583	48	157	204	302139534	302139677	62.500	1.08e-12	77.0
Ptyas_mucosa_C9A	NC_085842.1	583	61	401	461	302148640	302148822	52.459	8.22e-12	74.3
Ptyas_mucosa_C9A	NC_085842.1	583	161	457	583	301466878	301466399	36.646	9.59e-11	70.9
Ptyas_mucosa_C9A	NC_085842.1	583	50	107	156	302137927	302138076	68.000	1.13e-10	70.5
Ptyas_mucosa_C9A	NC_085842.1	583	50	107	156	302161932	302162081	64.000	1.46e-10	70.1
Ptyas_mucosa_C9A	NC_085842.1	583	54	530	583	302179736	302179897	50.000	4.88e-09	65.1
Ptyas_mucosa_C9A	NC_085842.1	583	50	58	107	302159751	302159897	62.000	8.22e-09	64.7
Ptyas_mucosa_C9A	NC_085842.1	583	59	403	461	302172732	302172908	50.847	9.91e-09	64.3
Ptyas_mucosa_C9A	NC_085842.1	583	52	56	107	302135617	302135769	55.769	1.74e-08	63.5
Ptyas_mucosa_C9A	NC_085842.1	583	82	274	355	301402691	301402936	31.707	3.54e-06	55.8
Ptyas_mucosa_C9A	NC_085842.1	583	52	523	573	301406623	301406778	48.077	4.35e-06	55.8
Ptyas_mucosa_C9A	NC_085842.1	583	70	1	69	302157945	302158154	41.429	6.27e-06	55.1
Ptyas_mucosa_C9A	NC_085846.1	583	211	297	497	12104128	12103550	27.014	9.42e-09	64.3
Ptyas_mucosa_C9A	NC_085846.1	583	215	277	491	11065132	11065728	22.791	6.82e-06	55.1
Ptyas_mucosa_C9A	NC_085844.1	583	50	530	579	173885778	173885927	56.000	4.49e-08	62.0
Ptyas_mucosa_C9A	NC_085844.1	583	82	274	355	173925308	173925063	35.366	4.15e-07	58.9
Ptyas_mucosa_C9A	NC_085844.1	583	82	277	358	173875403	173875648	28.049	8.96e-06	54.7
Vipera_berus_C9A	NC_085842.1	583	78	456	533	302178085	302178318	64.103	5.70e-27	122
Vipera_berus_C9A	NC_085842.1	583	96	276	371	302168927	302169214	59.375	1.08e-25	118
Vipera_berus_C9A	NC_085842.1	583	82	276	357	302144282	302144527	63.415	1.68e-24	114
Vipera_berus_C9A	NC_085842.1	583	68	458	525	302150595	302150798	69.118	6.20e-22	106
Vipera_berus_C9A	NC_085842.1	583	61	157	209	302163410	302163592	59.016	9.62e-15	83.6
Vipera_berus_C9A	NC_085842.1	583	53	157	209	302139534	302139692	64.151	1.47e-14	83.2
Vipera_berus_C9A	NC_085842.1	583	61	401	461	302148640	302148822	52.459	4.04e-12	75.1
Vipera_berus_C9A	NC_085842.1	583	50	107	156	302161932	302162081	68.000	2.50e-11	72.8
Vipera_berus_C9A	NC_085842.1	583	50	107	156	302137927	302138076	68.000	6.52e-11	71.2
Vipera_berus_C9A	NC_085842.1	583	157	457	579	301466878	301466411	34.395	4.54e-10	68.6
Vipera_berus_C9A	NC_085842.1	583	66	396	461	302172711	302172908	48.485	8.12e-10	67.8
Vipera_berus_C9A	NC_085842.1	583	54	530	583	302179736	302179897	51.852	2.90e-09	65.9
Vipera_berus_C9A	NC_085842.1	583	82	274	355	301402691	301402936	32.927	8.63e-07	57.8
Vipera_berus_C9A	NC_085842.1	583	79	277	355	301430289	301430525	31.646	1.37e-06	57.4
Vipera_berus_C9A	NC_085842.1	583	70	1	69	302157945	302158154	38.571	2.07e-06	56.6
Vipera_berus_C9A	NC_085842.1	583	79	199	272	302165859	302166095	32.911	3.57e-06	55.8
Vipera_berus_C9A	NC_085842.1	583	52	523	573	301406623	301406778	50.000	4.06e-06	55.8
Vipera_berus_C9A	NC_085842.1	583	75	203	272	302142472	302142696	40.000	8.37e-06	54.7
Vipera_berus_C9A	NC_085842.1	583	53	55	107	302135614	302135769	49.057	9.27e-06	54.7
Vipera_berus_C9A	NC_085846.1	583	230	297	514	12104128	12103502	27.826	1.04e-10	70.5
Vipera_berus_C9A	NC_085846.1	583	218	276	491	11065129	11065728	24.771	1.86e-07	60.1
Vipera_berus_C9A	NC_085844.1	583	50	530	579	173885781	173885927	60.000	5.74e-09	65.1
Vipera_berus_C9A	NC_085844.1	583	79	277	355	173925299	173925063	32.911	1.46e-06	57.4
Vipera_berus_C9A	NC_085844.1	583	70	456	524	173901910	173901701	34.286	1.54e-06	57.0
Vipera_berus_C9A	NC_085844.1	583	45	539	583	173898938	173898804	51.111	1.70e-06	57.0
Vipera_berus_C9A	NC_085844.1	583	53	535	583	140696510	140696668	49.057	3.07e-06	56.2
Vipera_berus_C9A	NC_085844.1	583	84	274	357	173875394	173875645	29.762	4.31e-06	55.8
Sceloporus_undulatus_C9A	NC_085842.1	591	100	259	358	302168876	302169163	71.000	2.17e-34	145
Sceloporus_undulatus_C9A	NC_085842.1	591	97	263	359	302144231	302144521	71.134	1.12e-32	140
Sceloporus_undulatus_C9A	NC_085842.1	591	78	460	537	302178085	302178318	79.487	3.04e-32	139
Sceloporus_undulatus_C9A	NC_085842.1	591	79	460	538	302150589	302150825	73.418	3.64e-28	126
Sceloporus_undulatus_C9A	NC_085842.1	591	65	401	465	302148628	302148822	70.769	1.95e-20	102
Sceloporus_undulatus_C9A	NC_085842.1	591	49	58	106	302159751	302159897	85.714	1.26e-18	96.3
Sceloporus_undulatus_C9A	NC_085842.1	591	52	55	106	302135614	302135769	76.923	2.20e-18	95.5
Sceloporus_undulatus_C9A	NC_085842.1	591	66	400	465	302172711	302172908	68.182	3.08e-18	95.1
Sceloporus_undulatus_C9A	NC_085842.1	591	80	198	277	302165859	302166098	60.000	6.05e-18	94.0
Sceloporus_undulatus_C9A	NC_085842.1	591	58	534	591	302179736	302179909	63.793	2.47e-16	89.0
Sceloporus_undulatus_C9A	NC_085842.1	591	48	156	203	302139534	302139677	79.167	3.87e-16	88.2
Sceloporus_undulatus_C9A	NC_085842.1	591	50	106	155	302161932	302162081	84.000	6.73e-16	87.4
Sceloporus_undulatus_C9A	NC_085842.1	591	79	199	277	302142463	302142699	55.696	7.46e-16	87.4
Sceloporus_undulatus_C9A	NC_085842.1	591	50	106	155	302137927	302138076	78.000	7.90e-15	84.0
Sceloporus_undulatus_C9A	NC_085842.1	591	77	151	219	302163395	302163619	54.545	7.97e-15	84.0
Sceloporus_undulatus_C9A	NC_085842.1	591	163	463	591	301466872	301466387	31.288	7.80e-09	64.7
Sceloporus_undulatus_C9A	NC_085842.1	591	47	532	577	301406638	301406778	59.574	2.76e-08	62.8
Sceloporus_undulatus_C9A	NC_085842.1	591	86	277	362	301430277	301430534	32.558	3.05e-08	62.8
Sceloporus_undulatus_C9A	NC_085842.1	591	45	26	69	302158020	302158154	57.778	2.06e-07	60.1
Sceloporus_undulatus_C9A	NC_085842.1	591	79	281	359	301402700	301402936	34.177	2.38e-07	59.7
Sceloporus_undulatus_C9A	NC_085846.1	591	206	301	501	12104128	12103550	25.728	1.99e-09	66.6
Sceloporus_undulatus_C9A	NC_085844.1	591	46	539	584	173885793	173885930	56.522	9.48e-08	61.2
Sceloporus_undulatus_C9A	NC_085844.1	591	106	265	362	173925371	173925054	33.962	1.66e-07	60.5
Sceloporus_undulatus_C9A	NC_085844.1	591	47	541	587	173898944	173898804	53.191	2.44e-07	59.7
Sceloporus_undulatus_C9A	NC_085844.1	591	81	460	539	173901910	173901677	32.099	5.72e-07	58.5
Sceloporus_undulatus_C9A	NC_085844.1	591	79	281	359	173875403	173875639	30.380	5.59e-06	55.5
Anolis_carolinensis_C9B	NC_085842.1	538	112	266	377	302144240	302144569	78.571	4.83e-44	173
Anolis_carolinensis_C9B	NC_085842.1	538	80	458	537	302150583	302150822	96.250	2.28e-40	162
Anolis_carolinensis_C9B	NC_085842.1	538	76	202	277	302142472	302142699	98.684	1.33e-37	154
Anolis_carolinensis_C9B	NC_085842.1	538	102	256	357	302168858	302169160	74.510	5.07e-37	152
Anolis_carolinensis_C9B	NC_085842.1	538	76	462	537	302178091	302178318	78.947	9.04e-29	127
Anolis_carolinensis_C9B	NC_085842.1	538	66	400	465	302148625	302148822	95.455	2.51e-28	125
Anolis_carolinensis_C9B	NC_085842.1	538	51	57	107	302135620	302135772	96.078	4.05e-23	109
Anolis_carolinensis_C9B	NC_085842.1	538	50	106	155	302137927	302138076	100.000	2.11e-22	107
Anolis_carolinensis_C9B	NC_085842.1	538	48	156	203	302139534	302139677	97.917	1.41e-21	105
Anolis_carolinensis_C9B	NC_085842.1	538	50	58	107	302159751	302159900	92.000	4.77e-21	103
Anolis_carolinensis_C9B	NC_085842.1	538	47	156	202	302163410	302163550	87.234	1.46e-18	95.5
Anolis_carolinensis_C9B	NC_085842.1	538	50	106	155	302161932	302162081	82.000	7.13e-17	90.1
Anolis_carolinensis_C9B	NC_085842.1	538	80	198	277	302165859	302166098	55.000	7.85e-17	90.1
Anolis_carolinensis_C9B	NC_085842.1	538	65	401	465	302172714	302172908	67.692	8.49e-17	90.1
Anolis_carolinensis_C9B	NC_085842.1	538	44	357	400	302146164	302146295	97.727	2.07e-16	88.6
Anolis_carolinensis_C9B	NC_085842.1	538	46	12	57	302133506	302133643	76.087	3.71e-12	75.1
Anolis_carolinensis_C9B	NC_085842.1	538	86	277	362	301430277	301430534	34.884	2.63e-08	62.8
Anolis_carolinensis_C9B	NC_085842.1	538	66	463	528	301466872	301466678	43.939	3.18e-08	62.4
Anolis_carolinensis_C9B	NC_085842.1	538	79	281	359	301402700	301402936	35.443	9.49e-08	60.8
Anolis_carolinensis_C9B	NC_085842.1	538	70	1	69	302157945	302158154	44.286	5.76e-07	58.2
Anolis_carolinensis_C9B	NC_085846.1	538	244	277	518	11065120	11065794	25.820	3.34e-09	65.5
Anolis_carolinensis_C9B	NC_085846.1	538	206	301	501	12104128	12103550	27.184	2.00e-08	63.2
Anolis_carolinensis_C9B	NC_085844.1	538	82	281	362	173925299	173925054	35.366	4.47e-08	62.0
Anolis_carolinensis_C9B	NC_085844.1	538	76	281	356	173875403	173875630	32.895	2.91e-07	59.3
Hydrophis_cyanocinctus_C9B	NC_085842.1	582	106	252	357	302144213	302144530	53.774	8.50e-27	121
Hydrophis_cyanocinctus_C9B	NC_085842.1	582	96	275	370	302168927	302169214	57.292	1.02e-26	121
Hydrophis_cyanocinctus_C9B	NC_085842.1	582	77	455	531	302178085	302178315	61.039	2.62e-24	114
Hydrophis_cyanocinctus_C9B	NC_085842.1	582	68	457	524	302150595	302150798	61.765	2.10e-19	98.6
Hydrophis_cyanocinctus_C9B	NC_085842.1	582	47	156	202	302163410	302163550	72.340	2.86e-14	82.0
Hydrophis_cyanocinctus_C9B	NC_085842.1	582	53	156	208	302139534	302139692	62.264	8.67e-14	80.5
Hydrophis_cyanocinctus_C9B	NC_085842.1	582	161	456	582	301466878	301466399	34.783	5.29e-12	74.7
Hydrophis_cyanocinctus_C9B	NC_085842.1	582	61	400	460	302148640	302148822	52.459	5.25e-11	71.6
Hydrophis_cyanocinctus_C9B	NC_085842.1	582	50	106	155	302137927	302138076	68.000	1.07e-10	70.5
Hydrophis_cyanocinctus_C9B	NC_085842.1	582	50	106	155	302161932	302162081	64.000	1.43e-10	70.1
Hydrophis_cyanocinctus_C9B	NC_085842.1	582	58	403	460	302172735	302172908	51.724	4.63e-08	62.0
Hydrophis_cyanocinctus_C9B	NC_085842.1	582	59	524	582	302179721	302179897	44.068	7.09e-08	61.6
Hydrophis_cyanocinctus_C9B	NC_085842.1	582	75	202	271	302142472	302142696	40.000	8.00e-06	54.7
Hydrophis_cyanocinctus_C9B	NC_085842.1	582	50	57	106	302159751	302159897	52.000	9.90e-06	54.3
Hydrophis_cyanocinctus_C9B	NC_085846.1	582	224	296	514	12104128	12103499	25.446	6.73e-08	61.6
Hydrophis_cyanocinctus_C9B	NC_085844.1	582	45	534	578	173885793	173885927	55.556	1.51e-07	60.5
Hydrophis_cyanocinctus_C9B	NC_085844.1	582	72	455	525	173901910	173901695	34.722	1.06e-06	57.8
Hydrophis_cyanocinctus_C9B	NC_085844.1	582	82	276	357	173875403	173875648	29.268	1.50e-06	57.0
Hydrophis_cyanocinctus_C9B	NC_085844.1	582	79	276	354	173925299	173925063	31.646	5.32e-06	55.5
Bothrops_jararaca_C9B	NC_085842.1	583	78	456	533	302178085	302178318	64.103	1.43e-26	121
Bothrops_jararaca_C9B	NC_085842.1	583	96	276	371	302168927	302169214	58.333	2.34e-25	117
Bothrops_jararaca_C9B	NC_085842.1	583	80	276	355	302144282	302144521	67.500	2.46e-25	117
Bothrops_jararaca_C9B	NC_085842.1	583	68	458	525	302150595	302150798	69.118	1.32e-21	105
Bothrops_jararaca_C9B	NC_085842.1	583	47	157	203	302163410	302163550	72.340	3.89e-15	85.1
Bothrops_jararaca_C9B	NC_085842.1	583	53	157	209	302139534	302139692	64.151	4.07e-15	84.7
Bothrops_jararaca_C9B	NC_085842.1	583	61	401	461	302148640	302148822	54.098	7.17e-12	74.3
Bothrops_jararaca_C9B	NC_085842.1	583	50	107	156	302161932	302162081	66.000	5.74e-11	71.6
Bothrops_jararaca_C9B	NC_085842.1	583	50	107	156	302137927	302138076	66.000	3.43e-10	68.9
Bothrops_jararaca_C9B	NC_085842.1	583	54	530	583	302179736	302179897	53.704	3.93e-10	68.9
Bothrops_jararaca_C9B	NC_085842.1	583	66	396	461	302172711	302172908	48.485	2.19e-09	66.2
Bothrops_jararaca_C9B	NC_085842.1	583	157	457	579	301466878	301466411	33.758	8.29e-09	64.3
Bothrops_jararaca_C9B	NC_085842.1	583	75	203	272	302165871	302166095	36.000	1.04e-06	57.8
Bothrops_jararaca_C9B	NC_085842.1	583	79	277	355	301430289	301430525	30.380	2.44e-06	56.6
Bothrops_jararaca_C9B	NC_085842.1	583	82	274	355	301402691	301402936	31.707	2.48e-06	56.6
Bothrops_jararaca_C9B	NC_085842.1	583	52	523	573	301406623	301406778	50.000	3.64e-06	55.8
Bothrops_jararaca_C9B	NC_085842.1	583	50	58	107	302159751	302159897	54.000	4.13e-06	55.8
Bothrops_jararaca_C9B	NC_085842.1	583	70	1	69	302157945	302158154	38.571	5.81e-06	55.1
Bothrops_jararaca_C9B	NC_085846.1	583	229	297	514	12104128	12103502	27.074	6.29e-10	68.2
Bothrops_jararaca_C9B	NC_085846.1	583	244	276	514	11065129	11065800	24.180	2.80e-07	59.7
Bothrops_jararaca_C9B	NC_085844.1	583	50	530	579	173885781	173885927	58.000	8.22e-09	64.7
Bothrops_jararaca_C9B	NC_085844.1	583	82	274	355	173925308	173925063	32.927	1.37e-06	57.4
Bothrops_jararaca_C9B	NC_085844.1	583	45	539	583	173898938	173898804	51.111	2.04e-06	56.6
Laticauda_colubrina_C9B	NC_085842.1	583	100	255	354	302168867	302169163	56.000	3.17e-26	120
Laticauda_colubrina_C9B	NC_085842.1	583	77	456	532	302178085	302178315	64.935	3.89e-26	119
Laticauda_colubrina_C9B	NC_085842.1	583	99	257	355	302144225	302144521	54.545	9.46e-26	118
Laticauda_colubrina_C9B	NC_085842.1	583	68	458	525	302150595	302150798	64.706	5.37e-20	100
Laticauda_colubrina_C9B	NC_085842.1	583	46	157	202	302163410	302163547	73.913	1.04e-14	83.6
Laticauda_colubrina_C9B	NC_085842.1	583	53	157	209	302139534	302139692	62.264	4.26e-14	81.6
Laticauda_colubrina_C9B	NC_085842.1	583	50	107	156	302161932	302162081	68.000	1.66e-11	73.2
Laticauda_colubrina_C9B	NC_085842.1	583	61	401	461	302148640	302148822	52.459	4.67e-11	71.6
Laticauda_colubrina_C9B	NC_085842.1	583	50	107	156	302137927	302138076	66.000	6.69e-11	71.2
Laticauda_colubrina_C9B	NC_085842.1	583	161	457	583	301466878	301466399	33.540	3.55e-10	68.9
Laticauda_colubrina_C9B	NC_085842.1	583	103	274	368	301430280	301430588	29.126	3.72e-08	62.4
Laticauda_colubrina_C9B	NC_085842.1	583	58	404	461	302172735	302172908	51.724	4.05e-08	62.4
Laticauda_colubrina_C9B	NC_085842.1	583	54	530	583	302179736	302179897	48.148	5.69e-08	61.6
Laticauda_colubrina_C9B	NC_085842.1	583	79	277	355	301402700	301402936	32.911	5.13e-07	58.5
Laticauda_colubrina_C9B	NC_085842.1	583	52	523	573	301406623	301406778	48.077	9.19e-06	54.7
Laticauda_colubrina_C9B	NC_085846.1	583	264	253	515	11065075	11065803	21.970	3.44e-08	62.4
Laticauda_colubrina_C9B	NC_085846.1	583	224	297	515	12104128	12103499	25.446	1.13e-07	60.8
Laticauda_colubrina_C9B	NC_085844.1	583	45	535	579	173885793	173885927	57.778	8.72e-08	61.2
Laticauda_colubrina_C9B	NC_085844.1	583	85	274	358	173875394	173875648	30.588	3.65e-07	59.3
Laticauda_colubrina_C9B	NC_085844.1	583	81	277	357	173925299	173925057	32.099	7.66e-07	58.2
Laticauda_colubrina_C9B	NC_085844.1	583	70	456	524	173901910	173901701	35.714	2.91e-06	56.2
Pseudonaja_textilis_C9B	NC_085842.1	583	96	276	371	302168927	302169214	58.333	8.02e-28	125
Pseudonaja_textilis_C9B	NC_085842.1	583	106	253	358	302144213	302144530	54.717	1.81e-27	124
Pseudonaja_textilis_C9B	NC_085842.1	583	77	456	532	302178085	302178315	64.935	1.60e-25	117
Pseudonaja_textilis_C9B	NC_085842.1	583	68	458	525	302150595	302150798	64.706	4.71e-20	100
Pseudonaja_textilis_C9B	NC_085842.1	583	47	157	203	302163410	302163550	72.340	4.16e-14	81.6
Pseudonaja_textilis_C9B	NC_085842.1	583	53	157	209	302139534	302139692	62.264	9.90e-14	80.5
Pseudonaja_textilis_C9B	NC_085842.1	583	161	457	583	301466878	301466399	35.404	1.87e-12	76.3
Pseudonaja_textilis_C9B	NC_085842.1	583	61	401	461	302148640	302148822	55.738	9.35e-12	73.9
Pseudonaja_textilis_C9B	NC_085842.1	583	50	107	156	302161932	302162081	66.000	4.04e-11	72.0
Pseudonaja_textilis_C9B	NC_085842.1	583	50	107	156	302137927	302138076	66.000	2.59e-10	69.3
Pseudonaja_textilis_C9B	NC_085842.1	583	58	404	461	302172735	302172908	55.172	9.10e-09	64.3
Pseudonaja_textilis_C9B	NC_085842.1	583	54	530	583	302179736	302179897	42.593	1.97e-06	56.6
Pseudonaja_textilis_C9B	NC_085842.1	583	50	58	107	302159751	302159897	52.000	7.56e-06	54.7
Pseudonaja_textilis_C9B	NC_085846.1	583	201	297	488	12104128	12103583	27.363	4.80e-08	62.0
Pseudonaja_textilis_C9B	NC_085846.1	583	213	276	488	11065129	11065719	23.005	3.73e-06	55.8
Pseudonaja_textilis_C9B	NC_085844.1	583	44	536	579	173885796	173885927	56.818	5.60e-08	61.6
Pseudonaja_textilis_C9B	NC_085844.1	583	70	456	524	173901910	173901701	37.143	3.81e-07	58.9
Pseudonaja_textilis_C9B	NC_085844.1	583	78	277	354	173925299	173925066	33.333	9.97e-07	57.8
Pseudonaja_textilis_C9B	NC_085844.1	583	82	277	358	173875403	173875648	29.268	1.03e-06	57.8
Notechis_scutatus_C9B	NC_085842.1	583	83	276	358	302144282	302144530	63.855	5.21e-27	122
Notechis_scutatus_C9B	NC_085842.1	583	96	276	371	302168927	302169214	56.250	5.31e-27	122
Notechis_scutatus_C9B	NC_085842.1	583	77	456	532	302178085	302178315	64.935	4.65e-26	119
Notechis_scutatus_C9B	NC_085842.1	583	68	458	525	302150595	302150798	64.706	2.74e-20	101
Notechis_scutatus_C9B	NC_085842.1	583	47	157	203	302163410	302163550	72.340	2.75e-14	82.4
Notechis_scutatus_C9B	NC_085842.1	583	53	157	209	302139534	302139692	62.264	5.96e-14	81.3
Notechis_scutatus_C9B	NC_085842.1	583	161	457	583	301466878	301466399	34.783	6.58e-12	74.7
Notechis_scutatus_C9B	NC_085842.1	583	61	401	461	302148640	302148822	50.820	8.95e-11	70.9
Notechis_scutatus_C9B	NC_085842.1	583	50	107	156	302137927	302138076	68.000	1.04e-10	70.5
Notechis_scutatus_C9B	NC_085842.1	583	50	107	156	302161932	302162081	64.000	1.30e-10	70.5
Notechis_scutatus_C9B	NC_085842.1	583	58	404	461	302172735	302172908	50.000	2.23e-07	59.7
Notechis_scutatus_C9B	NC_085842.1	583	54	530	583	302179736	302179897	46.296	2.26e-07	59.7
Notechis_scutatus_C9B	NC_085842.1	583	75	203	272	302142472	302142696	41.333	1.81e-06	57.0
Notechis_scutatus_C9B	NC_085842.1	583	50	58	107	302159751	302159897	52.000	6.88e-06	55.1
Notechis_scutatus_C9B	NC_085846.1	583	231	297	515	12104128	12103499	26.840	4.60e-08	62.0
Notechis_scutatus_C9B	NC_085844.1	583	45	535	579	173885793	173885927	55.556	1.67e-07	60.1
Notechis_scutatus_C9B	NC_085844.1	583	70	456	524	173901910	173901701	37.143	4.25e-07	58.9
Notechis_scutatus_C9B	NC_085844.1	583	85	274	358	173875394	173875648	28.235	1.62e-06	57.0
Notechis_scutatus_C9B	NC_085844.1	583	79	277	355	173925299	173925063	30.380	9.27e-06	54.7
Pituophis_catenifer_C9B	NC_085842.1	583	78	456	533	302178085	302178318	70.513	2.51e-28	126
Pituophis_catenifer_C9B	NC_085842.1	583	95	277	371	302168930	302169214	55.789	1.46e-24	114
Pituophis_catenifer_C9B	NC_085842.1	583	82	277	358	302144285	302144530	63.415	2.71e-24	114
Pituophis_catenifer_C9B	NC_085842.1	583	70	456	525	302150589	302150798	67.143	1.09e-21	105
Pituophis_catenifer_C9B	NC_085842.1	583	57	157	213	302163410	302163580	64.912	4.79e-16	87.8
Pituophis_catenifer_C9B	NC_085842.1	583	48	157	204	302139534	302139677	68.750	4.43e-15	84.7
Pituophis_catenifer_C9B	NC_085842.1	583	50	107	156	302137927	302138076	70.000	2.52e-12	75.9
Pituophis_catenifer_C9B	NC_085842.1	583	61	401	461	302148640	302148822	55.738	5.04e-12	75.1
Pituophis_catenifer_C9B	NC_085842.1	583	50	107	156	302161932	302162081	66.000	8.15e-12	74.3
Pituophis_catenifer_C9B	NC_085842.1	583	54	530	583	302179736	302179897	57.407	6.30e-11	71.2
Pituophis_catenifer_C9B	NC_085842.1	583	58	404	461	302172735	302172908	50.000	1.68e-08	63.5
Pituophis_catenifer_C9B	NC_085842.1	583	50	58	107	302159751	302159897	60.000	6.25e-08	61.6
Pituophis_catenifer_C9B	NC_085842.1	583	53	55	107	302135614	302135769	54.717	8.29e-08	61.2
Pituophis_catenifer_C9B	NC_085842.1	583	68	457	524	301466878	301466678	42.647	2.97e-07	59.3
Pituophis_catenifer_C9B	NC_085842.1	583	70	1	69	302157945	302158154	41.429	1.30e-06	57.4
Pituophis_catenifer_C9B	NC_085846.1	583	208	297	497	12104128	12103550	28.846	4.03e-10	68.9
Pituophis_catenifer_C9B	NC_085846.1	583	194	298	491	11065192	11065728	25.258	2.93e-08	62.8
Pituophis_catenifer_C9B	NC_085844.1	583	53	531	583	173898959	173898804	50.943	1.94e-07	60.1
Pituophis_catenifer_C9B	NC_085844.1	583	74	277	350	173925299	173925078	37.838	6.51e-07	58.2
Pituophis_catenifer_C9B	NC_085844.1	583	70	456	524	173901910	173901701	35.714	8.48e-07	58.2
Pituophis_catenifer_C9B	NC_085844.1	583	44	536	579	173885796	173885927	54.545	6.27e-06	55.1
Pantherophis_obsoletus_C9B	NC_085842.1	583	96	276	371	302168927	302169214	57.292	2.65e-27	123
Pantherophis_obsoletus_C9B	NC_085842.1	583	83	276	358	302144282	302144530	65.060	6.75e-27	122
Pantherophis_obsoletus_C9B	NC_085842.1	583	78	456	533	302178085	302178318	62.821	5.50e-26	119
Pantherophis_obsoletus_C9B	NC_085842.1	583	70	456	525	302150589	302150798	62.857	3.39e-21	104
Pantherophis_obsoletus_C9B	NC_085842.1	583	57	157	213	302163410	302163580	64.912	6.88e-16	87.4
Pantherophis_obsoletus_C9B	NC_085842.1	583	48	157	204	302139534	302139677	68.750	5.22e-15	84.7
Pantherophis_obsoletus_C9B	NC_085842.1	583	50	107	156	302137927	302138076	70.000	3.12e-12	75.5
Pantherophis_obsoletus_C9B	NC_085842.1	583	50	107	156	302161932	302162081	66.000	9.27e-12	73.9
Pantherophis_obsoletus_C9B	NC_085842.1	583	54	530	583	302179736	302179897	61.111	1.28e-11	73.6
Pantherophis_obsoletus_C9B	NC_085842.1	583	58	404	461	302148649	302148822	56.897	2.87e-11	72.4
Pantherophis_obsoletus_C9B	NC_085842.1	583	58	404	461	302172735	302172908	50.000	1.82e-08	63.5
Pantherophis_obsoletus_C9B	NC_085842.1	583	50	58	107	302159751	302159897	58.000	5.98e-07	58.5
Pantherophis_obsoletus_C9B	NC_085842.1	583	68	457	524	301466878	301466678	36.765	9.39e-07	57.8
Pantherophis_obsoletus_C9B	NC_085842.1	583	52	56	107	302135617	302135769	51.923	1.22e-06	57.4
Pantherophis_obsoletus_C9B	NC_085842.1	583	82	274	355	301402691	301402936	32.927	1.73e-06	57.0
Pantherophis_obsoletus_C9B	NC_085842.1	583	70	1	69	302157945	302158154	41.429	2.52e-06	56.6
Pantherophis_obsoletus_C9B	NC_085842.1	583	81	275	355	301430283	301430525	30.864	8.59e-06	54.7
Pantherophis_obsoletus_C9B	NC_085846.1	583	229	297	514	12104128	12103502	25.764	4.37e-09	65.5
Pantherophis_obsoletus_C9B	NC_085846.1	583	220	276	488	11065129	11065719	22.273	4.15e-07	58.9
Pantherophis_obsoletus_C9B	NC_085844.1	583	47	537	583	173898944	173898804	53.191	8.43e-08	61.2
Pantherophis_obsoletus_C9B	NC_085844.1	583	82	274	355	173925308	173925063	35.366	3.68e-07	59.3
Pantherophis_obsoletus_C9B	NC_085844.1	583	50	530	579	173885778	173885927	52.000	1.23e-06	57.4
Pantherophis_obsoletus_C9B	NC_085844.1	583	85	274	358	173875394	173875648	28.235	2.15e-06	56.6
Pantherophis_obsoletus_C9B	NC_085844.1	583	70	456	524	173901910	173901701	32.857	7.24e-06	55.1
Crotalus_tigris_C9B	NC_085842.1	583	78	456	533	302178085	302178318	64.103	3.82e-27	122
Crotalus_tigris_C9B	NC_085842.1	583	98	253	350	302144213	302144506	55.102	1.84e-23	111
Crotalus_tigris_C9B	NC_085842.1	583	75	276	350	302168927	302169151	62.667	1.08e-22	108
Crotalus_tigris_C9B	NC_085842.1	583	68	458	525	302150595	302150798	67.647	1.14e-21	105
Crotalus_tigris_C9B	NC_085842.1	583	57	157	213	302163410	302163580	61.404	1.32e-14	83.2
Crotalus_tigris_C9B	NC_085842.1	583	53	157	209	302139534	302139692	64.151	2.92e-14	82.0
Crotalus_tigris_C9B	NC_085842.1	583	67	395	461	302148628	302148822	56.716	4.45e-13	78.2
Crotalus_tigris_C9B	NC_085842.1	583	66	107	170	302137927	302138124	59.091	2.45e-12	75.9
Crotalus_tigris_C9B	NC_085842.1	583	50	107	156	302161932	302162081	68.000	5.64e-12	74.7
Crotalus_tigris_C9B	NC_085842.1	583	54	530	583	302179736	302179897	57.407	8.58e-11	70.9
Crotalus_tigris_C9B	NC_085842.1	583	59	403	461	302172732	302172908	55.932	3.43e-10	68.9
Crotalus_tigris_C9B	NC_085842.1	583	68	457	524	301466878	301466678	39.706	7.59e-07	58.2
Crotalus_tigris_C9B	NC_085842.1	583	50	58	107	302159751	302159897	54.000	7.49e-06	55.1
Crotalus_tigris_C9B	NC_085846.1	583	216	276	491	11065129	11065728	25.463	3.17e-10	68.9
Crotalus_tigris_C9B	NC_085846.1	583	206	297	499	12104128	12103556	28.155	3.31e-10	68.9
Crotalus_tigris_C9B	NC_085844.1	583	108	277	384	173925299	173925009	32.407	2.21e-07	59.7
Crotalus_tigris_C9B	NC_085844.1	583	47	537	583	173898944	173898804	51.064	5.63e-07	58.5
Crotalus_tigris_C9B	NC_085844.1	583	50	530	579	173885781	173885927	52.000	2.32e-06	56.6
Crotalus_tigris_C9B	NC_085844.1	583	70	456	524	173901910	173901701	34.286	2.42e-06	56.6
Ptyas_mucosa_C9B	NC_085842.1	583	78	456	533	302178085	302178318	61.538	5.14e-25	116
Ptyas_mucosa_C9B	NC_085842.1	583	77	277	353	302144285	302144515	66.234	8.69e-24	112
Ptyas_mucosa_C9B	NC_085842.1	583	77	277	353	302168930	302169160	63.636	1.79e-23	111
Ptyas_mucosa_C9B	NC_085842.1	583	70	456	525	302150589	302150798	61.429	3.27e-20	101
Ptyas_mucosa_C9B	NC_085842.1	583	83	157	238	302139534	302139782	50.602	1.47e-15	86.3
Ptyas_mucosa_C9B	NC_085842.1	583	57	157	213	302163410	302163580	63.158	2.13e-15	85.9
Ptyas_mucosa_C9B	NC_085842.1	583	50	107	156	302137927	302138076	70.000	1.04e-11	73.9
Ptyas_mucosa_C9B	NC_085842.1	583	50	107	156	302161932	302162081	66.000	3.81e-11	72.0
Ptyas_mucosa_C9B	NC_085842.1	583	54	530	583	302179736	302179897	55.556	4.51e-10	68.6
Ptyas_mucosa_C9B	NC_085842.1	583	58	404	461	302148649	302148822	55.172	5.08e-10	68.6
Ptyas_mucosa_C9B	NC_085842.1	583	58	404	461	302172735	302172908	48.276	1.70e-07	60.1
Ptyas_mucosa_C9B	NC_085842.1	583	67	463	524	301466878	301466678	37.313	2.38e-06	56.6
Ptyas_mucosa_C9B	NC_085846.1	583	223	297	514	12104128	12103502	26.457	1.96e-08	63.2
Ptyas_mucosa_C9B	NC_085844.1	583	74	277	350	173925299	173925078	37.838	3.38e-07	59.3
Ptyas_mucosa_C9B	NC_085844.1	583	50	530	579	173885778	173885927	52.000	4.92e-07	58.9
Ptyas_mucosa_C9B	NC_085844.1	583	54	530	583	173898962	173898804	46.296	9.08e-07	57.8
