# Sceloporus_undulatus DAB2/FYB1 anchors on NC_056523.1:305798386-309833229 (sstart/send relative to region; add 305798385)
Anolis_carolinensis_DAB2	1969188	1969814	378
Anolis_carolinensis_DAB2	1980748	1981281	252
Anolis_carolinensis_DAB2	1960871	1961011	100
Anolis_carolinensis_DAB2	1963334	1963468	99.4
Anolis_carolinensis_DAB2	1972025	1972186	88.2
Anolis_carolinensis_DAB2	1962621	1962722	71.6
Anolis_carolinensis_DAB2	1983403	1983525	62.4
Anolis_carolinensis_DAB2	1966555	1966635	46.2
Anolis_carolinensis_FYB1	2067534	2068658	507
Anolis_carolinensis_FYB1	2088290	2088445	109
Anolis_carolinensis_FYB1	2111873	2112049	102
Anolis_carolinensis_FYB1	2089656	2089796	88.6
Anolis_carolinensis_FYB1	2094498	2094641	68.6
Anolis_carolinensis_FYB1	2099204	2099272	51.6
Anolis_carolinensis_FYB1	2075389	2075496	47.8
Anolis_carolinensis_FYB1	2092566	2092676	47.8
Thamnophis_elegans_DAB2	1969188	1969814	307
Thamnophis_elegans_DAB2	1980748	1981293	194
Thamnophis_elegans_DAB2	1963334	1963468	100
Thamnophis_elegans_DAB2	1960871	1961011	96.3
Thamnophis_elegans_DAB2	1972025	1972186	73.2
Thamnophis_elegans_DAB2	1962621	1962722	70.9
Thamnophis_elegans_DAB2	1966555	1966635	47.8
Thamnophis_elegans_FYB1	2067534	2068655	263
Thamnophis_elegans_FYB1	2088290	2088457	95.9
Thamnophis_elegans_FYB1	2111873	2112103	91.7
Thamnophis_elegans_FYB1	2089656	2089808	80.9
Thamnophis_elegans_FYB1	2094498	2094635	63.2
