Lacerta_agilis_C9A	CM125122.1	589	81	277	357	23125974	23125732	72.840	2.00e-31	135
Lacerta_agilis_C9A	CM125122.1	589	78	461	538	23119518	23119285	66.667	2.66e-26	120
Lacerta_agilis_C9A	CM125122.1	589	48	155	202	23130282	23130139	85.417	1.14e-18	95.9
Lacerta_agilis_C9A	CM125122.1	589	51	406	456	23121590	23121438	78.431	1.15e-14	83.2
Lacerta_agilis_C9A	CM125122.1	589	75	100	174	23133227	23133003	54.667	1.93e-14	82.4
Lacerta_agilis_C9A	CM125122.1	589	38	56	93	23135640	23135527	73.684	2.20e-12	69.7
Lacerta_agilis_C9A	CM125122.1	589	18	88	105	23135545	23135492	55.556	2.20e-12	26.6
Lacerta_agilis_C9A	CM125122.1	589	60	470	529	23899751	23899930	43.333	1.69e-06	56.6
Lacerta_agilis_C9A	CM125124.1	589	223	300	517	65693257	65692631	26.457	7.13e-11	70.9
Lacerta_agilis_C9A	CM125119.1	589	75	452	526	51781778	51781557	37.333	6.14e-08	61.6
Lacerta_agilis_C9A	CM125119.1	589	79	279	357	51803138	51802902	34.177	1.81e-06	56.6
Zootoca_vivipara_C9A	CM125122.1	589	81	277	357	23125974	23125732	71.605	6.68e-31	134
Zootoca_vivipara_C9A	CM125122.1	589	85	453	535	23119548	23119294	63.529	5.65e-26	119
Zootoca_vivipara_C9A	CM125122.1	589	48	155	202	23130282	23130139	85.417	1.31e-18	95.9
Zootoca_vivipara_C9A	CM125122.1	589	51	406	456	23121590	23121438	78.431	1.31e-14	83.2
Zootoca_vivipara_C9A	CM125122.1	589	75	100	174	23133227	23133003	53.333	3.35e-14	81.6
Zootoca_vivipara_C9A	CM125122.1	589	38	56	93	23135640	23135527	76.316	6.10e-13	71.6
Zootoca_vivipara_C9A	CM125122.1	589	18	88	105	23135545	23135492	55.556	6.10e-13	26.6
Zootoca_vivipara_C9A	CM125122.1	589	60	470	529	23899751	23899930	41.667	3.39e-06	55.8
Zootoca_vivipara_C9A	CM125124.1	589	227	300	517	65693257	65692631	26.432	1.17e-09	67.0
Zootoca_vivipara_C9A	CM125119.1	589	75	452	526	51781778	51781557	37.333	6.86e-08	61.2
Zootoca_vivipara_C9A	CM125119.1	589	79	279	357	51803138	51802902	34.177	3.39e-06	55.8
Podarcis_muralis_C9A	CM125122.1	589	107	261	360	23126043	23125723	59.813	1.53e-31	136
Podarcis_muralis_C9A	CM125122.1	589	89	449	535	23119560	23119294	60.674	5.41e-26	119
Podarcis_muralis_C9A	CM125122.1	589	48	155	202	23130282	23130139	85.417	1.30e-18	95.9
Podarcis_muralis_C9A	CM125122.1	589	75	100	174	23133227	23133003	54.667	1.98e-14	82.4
Podarcis_muralis_C9A	CM125122.1	589	57	400	456	23121608	23121438	66.667	8.70e-14	80.5
Podarcis_muralis_C9A	CM125122.1	589	38	55	92	23135643	23135530	76.316	1.42e-12	72.4
Podarcis_muralis_C9A	CM125122.1	589	18	88	105	23135545	23135492	55.556	1.42e-12	24.6
Podarcis_muralis_C9A	CM125122.1	589	169	376	539	23941874	23941416	26.627	1.45e-06	57.0
Podarcis_muralis_C9A	CM125122.1	589	60	470	529	23899751	23899930	40.000	1.54e-06	57.0
Podarcis_muralis_C9A	CM125124.1	589	226	300	516	65693257	65692634	26.549	5.41e-09	64.7
Podarcis_muralis_C9A	CM125119.1	589	81	447	526	51781799	51781557	34.568	2.83e-08	62.4
Podarcis_muralis_C9A	CM125119.1	589	79	279	357	51803138	51802902	32.911	9.01e-06	54.3
Anolis_carolinensis_C9A	CM125122.1	591	87	273	359	23125992	23125732	67.816	5.11e-30	131
Anolis_carolinensis_C9A	CM125122.1	591	80	455	534	23119542	23119303	70.000	4.26e-29	129
Anolis_carolinensis_C9A	CM125122.1	591	50	106	155	23133212	23133063	84.000	3.25e-18	94.7
Anolis_carolinensis_C9A	CM125122.1	591	47	156	202	23130282	23130142	78.723	3.42e-17	91.3
Anolis_carolinensis_C9A	CM125122.1	591	54	408	461	23121590	23121429	59.259	5.94e-13	77.8
Anolis_carolinensis_C9A	CM125122.1	591	40	56	95	23135643	23135524	67.500	2.76e-11	63.9
Anolis_carolinensis_C9A	CM125122.1	591	25	94	116	23135530	23135459	60.000	2.76e-11	28.9
Anolis_carolinensis_C9A	CM125122.1	591	88	284	370	23891613	23891855	35.227	5.33e-07	58.5
Anolis_carolinensis_C9A	CM125122.1	591	103	437	539	23941691	23941413	31.068	9.43e-07	57.8
Anolis_carolinensis_C9A	CM125122.1	591	50	542	591	23901469	23901618	50.000	2.62e-06	56.2
Anolis_carolinensis_C9A	CM125122.1	591	80	281	360	23950940	23950701	33.750	3.13e-06	55.8
Anolis_carolinensis_C9A	CM125122.1	591	68	461	528	23899721	23899921	35.294	4.47e-06	55.5
Anolis_carolinensis_C9A	CM125124.1	591	231	302	518	65693257	65692634	26.840	8.20e-09	64.3
Anolis_carolinensis_C9A	CM125119.1	591	78	281	358	51747619	51747852	38.462	8.41e-09	64.3
Anolis_carolinensis_C9A	CM125119.1	591	83	452	533	51781790	51781542	30.120	6.32e-07	58.2
Anolis_carolinensis_C9A	CM125119.1	591	46	542	587	51780780	51780643	52.174	1.26e-06	57.0
Anolis_carolinensis_C9A	CM125119.1	591	45	539	583	51762835	51762969	51.111	5.49e-06	55.1
Pogona_vitticeps_C9A	CM125122.1	576	86	255	340	23125989	23125732	66.279	7.82e-31	134
Pogona_vitticeps_C9A	CM125122.1	576	76	436	511	23119542	23119315	77.632	3.88e-30	131
Pogona_vitticeps_C9A	CM125122.1	576	55	156	210	23130282	23130118	69.091	3.79e-17	91.3
Pogona_vitticeps_C9A	CM125122.1	576	70	106	175	23133212	23133003	58.571	2.57e-16	88.6
Pogona_vitticeps_C9A	CM125122.1	576	66	382	447	23121611	23121414	59.091	2.40e-14	82.0
Pogona_vitticeps_C9A	CM125122.1	576	55	49	94	23135691	23135527	58.182	3.68e-10	67.4
Pogona_vitticeps_C9A	CM125122.1	576	14	94	107	23135530	23135489	50.000	3.68e-10	21.2
Pogona_vitticeps_C9A	CM125122.1	576	65	513	575	23901424	23901618	47.692	3.89e-08	62.0
Pogona_vitticeps_C9A	CM125122.1	576	85	257	341	23950955	23950701	36.471	2.81e-07	59.3
Pogona_vitticeps_C9A	CM125122.1	576	95	418	512	23941691	23941437	35.789	1.98e-06	56.6
Pogona_vitticeps_C9A	CM125122.1	576	68	443	510	23899724	23899924	38.235	5.78e-06	55.1
Pogona_vitticeps_C9A	CM125124.1	576	225	283	499	65693257	65692634	28.000	5.34e-12	74.7
Pogona_vitticeps_C9A	CM125119.1	576	92	248	339	51747577	51747852	33.696	5.21e-10	68.2
Pogona_vitticeps_C9A	CM125119.1	576	78	433	509	51781790	51781557	34.615	3.82e-08	62.0
Pogona_vitticeps_C9A	CM125119.1	576	52	520	571	51780798	51780643	53.846	1.31e-07	60.5
Pogona_vitticeps_C9A	CM125119.1	576	84	257	340	51803153	51802902	34.524	1.55e-07	60.1
Pogona_vitticeps_C9A	CM125119.1	576	48	520	567	51762826	51762969	52.083	2.05e-07	59.7
Pogona_vitticeps_C9A	CM125123.1	576	66	502	563	75697054	75696860	40.909	4.15e-06	55.5
Gekko_japonicus_C9A	CM125122.1	582	86	288	373	23125989	23125732	65.116	6.21e-27	122
Gekko_japonicus_C9A	CM125122.1	582	89	439	525	23119578	23119312	64.045	5.17e-25	115
Gekko_japonicus_C9A	CM125122.1	582	45	173	217	23130282	23130148	77.778	4.69e-15	84.3
Gekko_japonicus_C9A	CM125122.1	582	46	536	581	23901469	23901606	63.043	1.19e-09	67.0
Gekko_japonicus_C9A	CM125122.1	582	104	457	550	23899727	23900035	35.577	3.31e-09	65.5
Gekko_japonicus_C9A	CM125122.1	582	56	117	172	23133227	23133063	53.571	3.37e-09	65.5
Gekko_japonicus_C9A	CM125122.1	582	38	71	108	23135637	23135524	73.684	6.17e-09	64.7
Gekko_japonicus_C9A	CM125122.1	582	57	395	451	23121611	23121441	47.368	8.32e-09	64.3
Gekko_japonicus_C9A	CM125122.1	582	128	404	526	23941778	23941428	28.125	9.59e-07	57.4
Gekko_japonicus_C9A	CM125122.1	582	84	291	374	23950952	23950701	32.143	1.14e-06	57.4
Gekko_japonicus_C9A	CM125124.1	582	213	316	512	65693257	65692634	27.700	2.10e-11	72.8
Gekko_japonicus_C9A	CM125119.1	582	80	451	522	51781796	51781557	36.250	1.02e-07	60.8
Gekko_japonicus_C9A	CM125119.1	582	78	295	372	51747619	51747852	34.615	5.54e-06	55.1
Gekko_japonicus_C9A	CM125119.1	582	72	302	373	51803117	51802902	33.333	8.92e-06	54.3
Gekko_japonicus_C9A	CM125123.1	582	50	536	581	75705103	75704954	52.000	4.04e-06	55.5
Crotalus_tigris_C9A	CM125122.1	583	76	276	351	23125971	23125744	64.474	2.55e-27	123
Crotalus_tigris_C9A	CM125122.1	583	80	451	530	23119542	23119303	56.250	1.29e-22	108
Crotalus_tigris_C9A	CM125122.1	583	47	157	203	23130282	23130142	70.213	5.71e-14	80.9
Crotalus_tigris_C9A	CM125122.1	583	50	107	156	23133212	23133063	66.000	2.89e-12	75.5
Crotalus_tigris_C9A	CM125122.1	583	62	396	457	23121614	23121429	54.839	1.00e-11	73.6
Crotalus_tigris_C9A	CM125122.1	583	55	49	94	23135691	23135527	49.091	2.48e-07	59.3
Crotalus_tigris_C9A	CM125122.1	583	69	457	525	23899721	23899924	39.130	2.35e-06	56.2
Crotalus_tigris_C9A	CM125124.1	583	222	298	514	65693257	65692634	26.577	2.48e-11	72.4
Crotalus_tigris_C9A	CM125119.1	583	47	537	583	51780783	51780643	57.447	1.25e-07	60.5
Crotalus_tigris_C9A	CM125119.1	583	76	450	524	51781784	51781557	34.211	1.39e-06	57.0
Thamnophis_elegans_C9A	CM125122.1	583	83	276	358	23125971	23125723	61.446	5.34e-27	122
Thamnophis_elegans_C9A	CM125122.1	583	75	456	530	23119527	23119303	62.667	3.87e-22	107
Thamnophis_elegans_C9A	CM125122.1	583	65	397	461	23121611	23121417	50.769	1.22e-12	76.6
Thamnophis_elegans_C9A	CM125122.1	583	47	157	203	23130282	23130142	65.957	1.96e-12	75.9
Thamnophis_elegans_C9A	CM125122.1	583	50	107	156	23133212	23133063	62.000	3.34e-11	72.0
Thamnophis_elegans_C9A	CM125122.1	583	65	39	94	23135715	23135527	50.769	4.01e-09	65.1
Thamnophis_elegans_C9A	CM125124.1	583	228	298	514	65693257	65692634	25.000	2.59e-09	65.9
Thamnophis_elegans_C9A	CM125119.1	583	82	277	358	51747619	51747864	35.366	5.34e-07	58.5
Thamnophis_elegans_C9A	CM125119.1	583	50	530	579	51762820	51762969	46.000	5.06e-06	55.1
Naja_naja_C9A	CM125122.1	582	78	276	353	23125971	23125738	61.538	2.79e-26	120
Naja_naja_C9A	CM125122.1	582	71	455	525	23119527	23119315	61.972	8.47e-22	105
Naja_naja_C9A	CM125122.1	582	50	107	156	23133212	23133063	68.000	4.19e-12	75.1
Naja_naja_C9A	CM125122.1	582	47	157	203	23130282	23130142	61.702	8.99e-12	73.9
Naja_naja_C9A	CM125122.1	582	56	401	456	23121596	23121429	58.929	5.38e-11	71.2
Naja_naja_C9A	CM125122.1	582	58	46	94	23135700	23135527	46.552	9.53e-08	60.8
Naja_naja_C9A	CM125122.1	582	69	456	524	23899721	23899924	36.232	1.12e-06	57.4
Naja_naja_C9A	CM125122.1	582	130	399	528	23941784	23941431	29.231	5.78e-06	55.1
Naja_naja_C9A	CM125124.1	582	224	298	513	65693257	65692634	24.554	1.63e-09	66.6
Naja_naja_C9A	CM125119.1	582	47	536	582	51780783	51780643	55.319	9.03e-07	57.8
Naja_naja_C9A	CM125119.1	582	76	449	523	51781784	51781557	32.895	2.80e-06	55.8
Pseudonaja_textilis_C9A	CM125122.1	583	78	276	353	23125971	23125738	60.256	5.84e-26	119
Pseudonaja_textilis_C9A	CM125122.1	583	76	451	526	23119542	23119315	61.842	4.91e-23	109
Pseudonaja_textilis_C9A	CM125122.1	583	47	157	203	23130282	23130142	61.702	8.64e-12	73.9
Pseudonaja_textilis_C9A	CM125122.1	583	62	396	457	23121614	23121429	53.226	1.26e-11	73.6
Pseudonaja_textilis_C9A	CM125122.1	583	50	107	156	23133212	23133063	64.000	1.85e-11	72.8
Pseudonaja_textilis_C9A	CM125122.1	583	55	49	94	23135691	23135527	45.455	2.50e-07	59.3
Pseudonaja_textilis_C9A	CM125122.1	583	71	457	527	23899721	23899930	35.211	2.67e-06	56.2
Pseudonaja_textilis_C9A	CM125122.1	583	47	537	583	23901466	23901606	55.319	6.47e-06	54.7
Pseudonaja_textilis_C9A	CM125124.1	583	222	298	514	65693257	65692634	23.874	2.80e-09	65.9
Pseudonaja_textilis_C9A	CM125124.1	583	220	298	514	54575914	54575315	23.636	2.03e-06	56.6
Pseudonaja_textilis_C9A	CM125119.1	583	47	537	583	51780783	51780643	57.447	4.62e-07	58.5
Python_bivittatus_C9A	CM125122.1	582	80	451	530	23119542	23119303	61.250	1.43e-25	117
Python_bivittatus_C9A	CM125122.1	582	80	276	355	23125971	23125732	58.750	3.50e-25	116
Python_bivittatus_C9A	CM125122.1	582	47	157	203	23130282	23130142	61.702	2.36e-12	75.9
Python_bivittatus_C9A	CM125122.1	582	55	102	156	23133227	23133063	60.000	2.25e-11	72.4
Python_bivittatus_C9A	CM125122.1	582	61	397	457	23121611	23121429	54.098	7.51e-11	70.9
Python_bivittatus_C9A	CM125122.1	582	54	49	93	23135691	23135530	50.000	7.32e-08	61.2
Python_bivittatus_C9A	CM125122.1	582	67	459	525	23899727	23899924	40.299	1.48e-06	57.0
Python_bivittatus_C9A	CM125122.1	582	42	533	574	23901457	23901582	59.524	2.92e-06	55.8
Python_bivittatus_C9A	CM125124.1	582	222	298	514	65693257	65692634	25.225	2.53e-10	69.3
Python_bivittatus_C9A	CM125119.1	582	76	450	524	51781784	51781557	36.842	5.12e-08	61.6
Python_bivittatus_C9A	CM125119.1	582	48	531	578	51780798	51780655	52.083	1.01e-07	60.8
Python_bivittatus_C9A	CM125119.1	582	79	277	355	51803138	51802902	34.177	6.85e-06	54.7
Notechis_scutatus_C9A	CM125122.1	583	78	276	353	23125971	23125738	60.256	6.05e-26	119
Notechis_scutatus_C9A	CM125122.1	583	76	451	526	23119542	23119315	60.526	9.25e-23	108
Notechis_scutatus_C9A	CM125122.1	583	50	107	156	23133212	23133063	66.000	8.00e-12	73.9
Notechis_scutatus_C9A	CM125122.1	583	47	157	203	23130282	23130142	61.702	8.35e-12	73.9
Notechis_scutatus_C9A	CM125122.1	583	62	396	457	23121614	23121429	53.226	1.81e-11	72.8
Notechis_scutatus_C9A	CM125122.1	583	55	49	94	23135691	23135527	47.273	1.21e-07	60.5
Notechis_scutatus_C9A	CM125122.1	583	71	457	527	23899721	23899930	35.211	5.10e-06	55.1
Notechis_scutatus_C9A	CM125122.1	583	47	537	583	23901466	23901606	55.319	6.75e-06	54.7
Notechis_scutatus_C9A	CM125124.1	583	222	298	514	65693257	65692634	23.874	1.46e-09	66.6
Notechis_scutatus_C9A	CM125124.1	583	220	298	514	54575914	54575315	24.091	2.69e-06	56.2
Notechis_scutatus_C9A	CM125119.1	583	47	537	583	51780783	51780643	57.447	4.32e-07	58.5
Hydrophis_cyanocinctus_C9A	CM125122.1	583	78	276	353	23125971	23125738	60.256	8.25e-26	118
Hydrophis_cyanocinctus_C9A	CM125122.1	583	76	451	526	23119542	23119315	60.526	7.04e-23	109
Hydrophis_cyanocinctus_C9A	CM125122.1	583	47	157	203	23130282	23130142	61.702	4.51e-12	74.7
Hydrophis_cyanocinctus_C9A	CM125122.1	583	50	107	156	23133212	23133063	66.000	8.28e-12	73.9
Hydrophis_cyanocinctus_C9A	CM125122.1	583	56	402	457	23121596	23121429	57.143	4.63e-11	71.6
Hydrophis_cyanocinctus_C9A	CM125122.1	583	55	49	94	23135691	23135527	47.273	1.29e-07	60.5
Hydrophis_cyanocinctus_C9A	CM125122.1	583	71	457	527	23899721	23899930	35.211	4.34e-06	55.5
Hydrophis_cyanocinctus_C9A	CM125122.1	583	47	537	583	23901466	23901606	55.319	6.69e-06	54.7
Hydrophis_cyanocinctus_C9A	CM125122.1	583	133	400	529	23941784	23941431	28.571	7.11e-06	54.7
Hydrophis_cyanocinctus_C9A	CM125124.1	583	222	298	514	65693257	65692634	24.324	2.39e-10	69.3
Hydrophis_cyanocinctus_C9A	CM125124.1	583	220	298	514	54575914	54575315	23.636	2.10e-06	56.2
Hydrophis_cyanocinctus_C9A	CM125119.1	583	47	537	583	51780783	51780643	57.447	4.62e-07	58.5
Laticauda_colubrina_C9A	CM125122.1	583	78	276	353	23125971	23125738	60.256	7.82e-26	118
Laticauda_colubrina_C9A	CM125122.1	583	71	456	526	23119527	23119315	64.789	1.37e-22	108
Laticauda_colubrina_C9A	CM125122.1	583	56	402	457	23121596	23121429	62.500	7.04e-12	74.3
Laticauda_colubrina_C9A	CM125122.1	583	47	157	203	23130282	23130142	61.702	1.00e-11	73.6
Laticauda_colubrina_C9A	CM125122.1	583	50	107	156	23133212	23133063	64.000	1.92e-11	72.8
Laticauda_colubrina_C9A	CM125122.1	583	56	46	92	23135700	23135533	46.429	6.39e-07	58.2
Laticauda_colubrina_C9A	CM125122.1	583	71	457	527	23899721	23899930	35.211	2.67e-06	56.2
Laticauda_colubrina_C9A	CM125122.1	583	47	537	583	23901466	23901606	55.319	6.15e-06	55.1
Laticauda_colubrina_C9A	CM125124.1	583	222	298	514	65693257	65692634	24.324	1.30e-09	67.0
Laticauda_colubrina_C9A	CM125119.1	583	47	537	583	51780783	51780643	55.319	1.30e-06	57.0
Protobothrops_mucrosquamatus_C9A	CM125122.1	583	80	276	355	23125971	23125732	65.000	9.23e-28	124
Protobothrops_mucrosquamatus_C9A	CM125122.1	583	75	456	530	23119527	23119303	65.333	1.77e-24	114
Protobothrops_mucrosquamatus_C9A	CM125122.1	583	88	370	457	23121683	23121429	44.318	4.41e-14	81.3
Protobothrops_mucrosquamatus_C9A	CM125122.1	583	47	157	203	23130282	23130142	68.085	4.81e-14	81.3
Protobothrops_mucrosquamatus_C9A	CM125122.1	583	50	107	156	23133212	23133063	62.000	5.68e-11	71.2
Protobothrops_mucrosquamatus_C9A	CM125122.1	583	43	537	579	23901466	23901594	58.140	5.87e-07	58.2
Protobothrops_mucrosquamatus_C9A	CM125122.1	583	69	457	525	23899721	23899924	39.130	7.84e-07	57.8
Protobothrops_mucrosquamatus_C9A	CM125122.1	583	55	49	94	23135691	23135527	45.455	1.02e-06	57.4
Protobothrops_mucrosquamatus_C9A	CM125122.1	583	80	280	358	23891613	23891852	32.500	7.61e-06	54.7
Protobothrops_mucrosquamatus_C9A	CM125122.1	583	133	396	525	23941796	23941443	29.323	9.90e-06	54.3
Protobothrops_mucrosquamatus_C9A	CM125124.1	583	228	298	514	65693257	65692634	25.877	5.35e-12	74.7
Protobothrops_mucrosquamatus_C9A	CM125119.1	583	47	537	583	51780783	51780643	55.319	3.46e-07	58.9
Protobothrops_mucrosquamatus_C9A	CM125119.1	583	78	277	354	51747619	51747852	34.615	5.21e-07	58.5
Protobothrops_mucrosquamatus_C9A	CM125119.1	583	79	277	355	51803138	51802902	32.911	1.36e-06	57.0
Protobothrops_mucrosquamatus_C9A	CM125119.1	583	50	530	579	51762820	51762969	52.000	1.70e-06	56.6
Protobothrops_mucrosquamatus_C9A	CM125119.1	583	76	450	524	51781784	51781557	32.895	1.78e-06	56.6
Chrysopelea_ornata_C9A	CM125122.1	584	83	276	358	23125971	23125723	61.446	1.47e-27	124
Chrysopelea_ornata_C9A	CM125122.1	584	80	452	531	23119542	23119303	62.500	7.97e-25	115
Chrysopelea_ornata_C9A	CM125122.1	584	47	157	203	23130282	23130142	65.957	2.01e-13	79.3
Chrysopelea_ornata_C9A	CM125122.1	584	65	394	458	23121623	23121429	49.231	7.90e-12	73.9
Chrysopelea_ornata_C9A	CM125122.1	584	50	107	156	23133212	23133063	64.000	9.95e-12	73.6
Chrysopelea_ornata_C9A	CM125122.1	584	69	458	526	23899721	23899924	39.130	9.01e-07	57.8
Chrysopelea_ornata_C9A	CM125122.1	584	47	538	584	23901466	23901606	53.191	2.13e-06	56.2
Chrysopelea_ornata_C9A	CM125124.1	584	228	298	515	65693257	65692634	27.193	4.79e-10	68.2
Chrysopelea_ornata_C9A	CM125119.1	584	81	277	357	51803138	51802896	34.568	1.13e-06	57.4
Chrysopelea_ornata_C9A	CM125119.1	584	81	451	530	51781784	51781542	32.099	3.58e-06	55.8
Chrysopelea_ornata_C9A	CM125119.1	584	50	531	580	51762820	51762969	48.000	8.59e-06	54.3
Chrysopelea_ornata_C9A	CM125119.1	584	78	277	354	51747619	51747852	33.333	8.97e-06	54.3
Pituophis_catenifer_C9A	CM125122.1	583	82	277	358	23125968	23125723	59.756	5.79e-26	119
Pituophis_catenifer_C9A	CM125122.1	583	86	451	536	23119542	23119285	58.140	4.37e-25	116
Pituophis_catenifer_C9A	CM125122.1	583	47	157	203	23130282	23130142	63.830	4.47e-12	74.7
Pituophis_catenifer_C9A	CM125122.1	583	88	370	457	23121683	23121429	40.909	5.08e-12	74.7
Pituophis_catenifer_C9A	CM125122.1	583	50	107	156	23133212	23133063	62.000	6.63e-11	70.9
Pituophis_catenifer_C9A	CM125122.1	583	55	49	94	23135691	23135527	49.091	8.20e-08	60.8
Pituophis_catenifer_C9A	CM125122.1	583	70	514	583	23901421	23901606	41.429	1.36e-06	57.0
Pituophis_catenifer_C9A	CM125124.1	583	226	298	516	65693257	65692628	27.434	3.67e-11	72.0
Pituophis_catenifer_C9A	CM125124.1	583	221	298	516	54575914	54575309	21.267	7.67e-06	54.7
Pituophis_catenifer_C9A	CM125119.1	583	81	450	529	51781784	51781542	33.333	4.51e-07	58.5
Pituophis_catenifer_C9A	CM125119.1	583	51	530	580	51762820	51762972	47.059	5.01e-06	55.1
Pantherophis_obsoletus_C9A	CM125122.1	583	111	257	358	23126055	23125723	53.153	5.68e-29	128
Pantherophis_obsoletus_C9A	CM125122.1	583	80	451	530	23119542	23119303	61.250	9.77e-25	115
Pantherophis_obsoletus_C9A	CM125122.1	583	47	157	203	23130282	23130142	65.957	8.33e-13	77.0
Pantherophis_obsoletus_C9A	CM125122.1	583	88	370	457	23121683	23121429	40.909	2.31e-12	75.9
Pantherophis_obsoletus_C9A	CM125122.1	583	50	107	156	23133212	23133063	62.000	3.80e-11	71.6
Pantherophis_obsoletus_C9A	CM125122.1	583	53	49	92	23135691	23135533	52.830	1.54e-08	63.5
Pantherophis_obsoletus_C9A	CM125122.1	583	70	514	583	23901421	23901606	41.429	1.28e-06	57.0
Pantherophis_obsoletus_C9A	CM125122.1	583	76	280	354	23891613	23891840	34.211	5.14e-06	55.1
Pantherophis_obsoletus_C9A	CM125124.1	583	226	298	516	65693257	65692628	28.319	5.44e-12	74.7
Pantherophis_obsoletus_C9A	CM125119.1	583	82	277	358	51747619	51747864	35.366	1.51e-07	60.1
Pantherophis_obsoletus_C9A	CM125119.1	583	81	450	529	51781784	51781542	33.333	4.70e-07	58.5
Pantherophis_obsoletus_C9A	CM125119.1	583	79	277	355	51803138	51802902	35.443	5.82e-07	58.2
Bothrops_jararaca_C9A	CM125122.1	583	80	276	355	23125971	23125732	65.000	4.47e-27	122
Bothrops_jararaca_C9A	CM125122.1	583	75	456	530	23119527	23119303	65.333	6.92e-25	115
Bothrops_jararaca_C9A	CM125122.1	583	47	157	203	23130282	23130142	68.085	4.26e-14	81.3
Bothrops_jararaca_C9A	CM125122.1	583	88	370	457	23121683	23121429	43.182	6.44e-14	80.9
Bothrops_jararaca_C9A	CM125122.1	583	50	107	156	23133212	23133063	68.000	9.10e-12	73.9
Bothrops_jararaca_C9A	CM125122.1	583	55	49	94	23135691	23135527	47.273	2.94e-07	59.3
Bothrops_jararaca_C9A	CM125122.1	583	43	537	579	23901466	23901594	58.140	1.27e-06	57.0
Bothrops_jararaca_C9A	CM125122.1	583	80	280	358	23891613	23891852	32.500	9.90e-06	54.3
Bothrops_jararaca_C9A	CM125124.1	583	255	269	514	65693341	65692634	23.922	9.30e-10	67.4
Bothrops_jararaca_C9A	CM125119.1	583	47	537	583	51780783	51780643	55.319	8.11e-07	57.8
Bothrops_jararaca_C9A	CM125119.1	583	76	450	524	51781784	51781557	32.895	9.22e-07	57.8
Bothrops_jararaca_C9A	CM125119.1	583	78	277	354	51747619	51747852	34.615	1.92e-06	56.6
Bothrops_jararaca_C9A	CM125119.1	583	50	530	579	51762820	51762969	52.000	2.00e-06	56.6
Bothrops_jararaca_C9A	CM125119.1	583	82	274	355	51803147	51802902	32.927	2.81e-06	55.8
Ptyas_mucosa_C9A	CM125122.1	583	82	277	358	23125968	23125723	63.415	1.51e-27	124
Ptyas_mucosa_C9A	CM125122.1	583	80	451	530	23119542	23119303	60.000	1.85e-24	114
Ptyas_mucosa_C9A	CM125122.1	583	47	157	203	23130282	23130142	65.957	9.97e-13	77.0
Ptyas_mucosa_C9A	CM125122.1	583	50	107	156	23133212	23133063	64.000	1.43e-11	73.2
Ptyas_mucosa_C9A	CM125122.1	583	65	393	457	23121623	23121429	49.231	2.37e-11	72.4
Ptyas_mucosa_C9A	CM125122.1	583	55	49	94	23135691	23135527	50.909	4.92e-09	65.1
Ptyas_mucosa_C9A	CM125122.1	583	47	537	583	23901466	23901606	55.319	1.71e-07	60.1
Ptyas_mucosa_C9A	CM125122.1	583	78	457	534	23899721	23899945	39.744	4.28e-07	58.5
Ptyas_mucosa_C9A	CM125124.1	583	230	298	514	65693257	65692634	28.261	4.75e-12	74.7
Ptyas_mucosa_C9A	CM125119.1	583	86	277	362	51747619	51747876	34.884	4.18e-08	62.0
Ptyas_mucosa_C9A	CM125119.1	583	82	274	355	51803147	51802902	35.366	8.54e-07	57.8
Ptyas_mucosa_C9A	CM125119.1	583	47	537	583	51780783	51780643	53.191	1.69e-06	56.6
Ptyas_mucosa_C9A	CM125119.1	583	81	450	529	51781784	51781542	32.099	2.63e-06	56.2
Vipera_berus_C9A	CM125122.1	583	81	275	355	23125974	23125732	60.494	1.71e-25	117
Vipera_berus_C9A	CM125122.1	583	75	456	530	23119527	23119303	62.667	7.86e-24	112
Vipera_berus_C9A	CM125122.1	583	47	157	203	23130282	23130142	70.213	2.77e-14	82.0
Vipera_berus_C9A	CM125122.1	583	88	370	457	23121683	23121429	43.182	7.14e-14	80.5
Vipera_berus_C9A	CM125122.1	583	50	107	156	23133212	23133063	70.000	2.22e-13	79.0
Vipera_berus_C9A	CM125122.1	583	55	49	94	23135691	23135527	49.091	4.39e-07	58.5
Vipera_berus_C9A	CM125122.1	583	43	537	579	23901466	23901594	58.140	4.51e-07	58.5
Vipera_berus_C9A	CM125122.1	583	69	457	525	23899721	23899924	39.130	4.55e-07	58.5
Vipera_berus_C9A	CM125122.1	583	80	280	358	23891613	23891852	33.750	5.74e-06	55.1
Vipera_berus_C9A	CM125124.1	583	228	298	514	65693257	65692634	25.000	2.19e-10	69.3
Vipera_berus_C9A	CM125119.1	583	90	274	359	51747610	51747879	34.444	3.07e-07	59.3
Vipera_berus_C9A	CM125119.1	583	47	537	583	51780783	51780643	55.319	1.34e-06	57.0
Vipera_berus_C9A	CM125119.1	583	76	450	524	51781784	51781557	32.895	1.45e-06	57.0
Vipera_berus_C9A	CM125119.1	583	50	530	579	51762820	51762969	50.000	2.23e-06	56.2
Vipera_berus_C9A	CM125119.1	583	79	277	355	51803138	51802902	31.646	6.93e-06	54.7
Sceloporus_undulatus_C9A	CM125122.1	591	87	273	359	23125992	23125732	68.966	1.65e-31	136
Sceloporus_undulatus_C9A	CM125122.1	591	80	455	534	23119542	23119303	68.750	1.06e-28	127
Sceloporus_undulatus_C9A	CM125122.1	591	58	408	465	23121590	23121417	65.517	3.12e-15	85.1
Sceloporus_undulatus_C9A	CM125122.1	591	47	156	202	23130282	23130142	70.213	1.30e-13	79.7
Sceloporus_undulatus_C9A	CM125122.1	591	50	106	155	23133212	23133063	70.000	4.48e-13	78.2
Sceloporus_undulatus_C9A	CM125122.1	591	40	56	95	23135643	23135524	67.500	7.21e-11	64.7
Sceloporus_undulatus_C9A	CM125122.1	591	25	94	116	23135530	23135459	56.000	7.21e-11	26.2
Sceloporus_undulatus_C9A	CM125122.1	591	51	541	591	23901466	23901618	50.980	7.33e-08	61.2
Sceloporus_undulatus_C9A	CM125122.1	591	89	284	367	23891613	23891879	35.955	9.43e-07	57.8
Sceloporus_undulatus_C9A	CM125122.1	591	80	281	360	23950940	23950701	33.750	2.66e-06	56.2
Sceloporus_undulatus_C9A	CM125122.1	591	103	437	539	23941691	23941413	30.097	7.58e-06	54.7
Sceloporus_undulatus_C9A	CM125124.1	591	222	302	518	65693257	65692634	23.874	5.59e-09	64.7
Sceloporus_undulatus_C9A	CM125119.1	591	82	277	358	51747607	51747852	37.805	2.11e-08	62.8
Sceloporus_undulatus_C9A	CM125119.1	591	78	452	528	51781790	51781557	32.051	1.94e-07	59.7
Sceloporus_undulatus_C9A	CM125119.1	591	46	539	584	51762835	51762972	52.174	3.92e-07	58.9
Sceloporus_undulatus_C9A	CM125119.1	591	47	541	587	51780783	51780643	51.064	3.24e-06	55.8
Anolis_carolinensis_C9B	CM125122.1	538	84	274	357	23125989	23125738	72.619	1.68e-29	129
Anolis_carolinensis_C9B	CM125122.1	538	75	455	529	23119542	23119318	70.667	1.63e-25	117
Anolis_carolinensis_C9B	CM125122.1	538	47	156	202	23130282	23130142	78.723	4.09e-17	90.5
Anolis_carolinensis_C9B	CM125122.1	538	50	106	155	23133212	23133063	78.000	1.19e-16	89.4
Anolis_carolinensis_C9B	CM125122.1	538	62	399	460	23121617	23121432	58.065	3.34e-15	84.7
Anolis_carolinensis_C9B	CM125122.1	538	56	49	95	23135691	23135524	50.000	7.66e-11	62.8
Anolis_carolinensis_C9B	CM125122.1	538	14	94	107	23135530	23135489	71.429	7.66e-11	28.1
Anolis_carolinensis_C9B	CM125122.1	538	71	462	532	23899724	23899933	38.028	1.47e-07	60.1
Anolis_carolinensis_C9B	CM125122.1	538	80	281	360	23950940	23950701	33.750	3.54e-06	55.5
Anolis_carolinensis_C9B	CM125119.1	538	76	281	356	51747619	51747846	39.474	4.51e-09	64.7
Anolis_carolinensis_C9B	CM125119.1	538	82	281	362	51803138	51802893	35.366	2.09e-08	62.8
Anolis_carolinensis_C9B	CM125124.1	538	223	302	518	65693257	65692634	26.009	2.08e-07	59.3
Hydrophis_cyanocinctus_C9B	CM125122.1	582	83	275	357	23125971	23125723	60.241	7.29e-27	121
Hydrophis_cyanocinctus_C9B	CM125122.1	582	80	450	529	23119542	23119303	56.250	4.35e-22	106
Hydrophis_cyanocinctus_C9B	CM125122.1	582	47	156	202	23130282	23130142	70.213	1.18e-13	80.1
Hydrophis_cyanocinctus_C9B	CM125122.1	582	50	106	155	23133212	23133063	64.000	1.31e-11	73.2
Hydrophis_cyanocinctus_C9B	CM125122.1	582	54	403	456	23121590	23121429	48.148	6.01e-09	64.7
Hydrophis_cyanocinctus_C9B	CM125122.1	582	55	48	93	23135691	23135527	52.727	2.28e-08	62.8
Hydrophis_cyanocinctus_C9B	CM125122.1	582	69	456	524	23899721	23899924	40.580	9.53e-08	60.8
Hydrophis_cyanocinctus_C9B	CM125122.1	582	48	535	582	23901463	23901606	52.083	2.78e-06	55.8
Hydrophis_cyanocinctus_C9B	CM125124.1	582	225	297	513	65693257	65692634	26.667	4.68e-10	68.2
Hydrophis_cyanocinctus_C9B	CM125119.1	582	82	276	357	51747619	51747864	34.146	5.11e-07	58.5
Hydrophis_cyanocinctus_C9B	CM125119.1	582	79	449	526	51781784	51781548	34.177	7.06e-07	57.8
Bothrops_jararaca_C9B	CM125122.1	583	80	276	355	23125971	23125732	65.000	4.55e-27	122
Bothrops_jararaca_C9B	CM125122.1	583	75	456	530	23119527	23119303	65.333	7.97e-25	115
Bothrops_jararaca_C9B	CM125122.1	583	47	157	203	23130282	23130142	70.213	1.79e-14	82.4
Bothrops_jararaca_C9B	CM125122.1	583	88	370	457	23121683	23121429	42.045	1.66e-13	79.3
Bothrops_jararaca_C9B	CM125122.1	583	50	107	156	23133212	23133063	66.000	5.68e-12	74.3
Bothrops_jararaca_C9B	CM125122.1	583	55	49	94	23135691	23135527	47.273	1.92e-07	59.7
Bothrops_jararaca_C9B	CM125122.1	583	43	537	579	23901466	23901594	55.814	4.53e-06	55.5
Bothrops_jararaca_C9B	CM125124.1	583	257	269	514	65693341	65692634	23.346	2.29e-10	69.3
Bothrops_jararaca_C9B	CM125119.1	583	76	450	524	51781784	51781557	32.895	9.87e-07	57.4
Bothrops_jararaca_C9B	CM125119.1	583	89	266	354	51747601	51747852	32.584	1.90e-06	56.6
Bothrops_jararaca_C9B	CM125119.1	583	47	537	583	51780783	51780643	53.191	2.74e-06	56.2
Bothrops_jararaca_C9B	CM125119.1	583	82	274	355	51803147	51802902	32.927	2.93e-06	55.8
Bothrops_jararaca_C9B	CM125119.1	583	50	530	579	51762820	51762969	52.000	3.09e-06	55.8
Laticauda_colubrina_C9B	CM125122.1	583	80	276	355	23125971	23125732	61.250	6.11e-27	122
Laticauda_colubrina_C9B	CM125122.1	583	86	451	536	23119542	23119285	56.977	8.07e-24	112
Laticauda_colubrina_C9B	CM125122.1	583	46	157	202	23130282	23130145	71.739	4.45e-14	81.3
Laticauda_colubrina_C9B	CM125122.1	583	50	107	156	23133212	23133063	66.000	1.15e-12	76.6
Laticauda_colubrina_C9B	CM125122.1	583	54	404	457	23121590	23121429	50.000	4.92e-09	65.1
Laticauda_colubrina_C9B	CM125122.1	583	55	49	94	23135691	23135527	49.091	3.71e-07	58.9
Laticauda_colubrina_C9B	CM125122.1	583	69	457	525	23899721	23899924	39.130	3.80e-07	58.9
Laticauda_colubrina_C9B	CM125124.1	583	222	298	514	65693257	65692634	26.577	9.42e-12	73.9
Laticauda_colubrina_C9B	CM125119.1	583	80	275	354	51747613	51747852	32.500	1.81e-06	56.6
Laticauda_colubrina_C9B	CM125119.1	583	76	450	524	51781784	51781557	34.211	6.47e-06	54.7
Pseudonaja_textilis_C9B	CM125122.1	583	104	255	358	23126028	23125723	51.923	2.84e-28	126
Pseudonaja_textilis_C9B	CM125122.1	583	80	451	530	23119542	23119303	61.250	4.27e-24	113
Pseudonaja_textilis_C9B	CM125122.1	583	47	157	203	23130282	23130142	68.085	2.48e-13	79.0
Pseudonaja_textilis_C9B	CM125122.1	583	50	107	156	23133212	23133063	66.000	3.46e-12	75.1
Pseudonaja_textilis_C9B	CM125122.1	583	61	397	457	23121611	23121429	47.541	1.28e-09	67.0
Pseudonaja_textilis_C9B	CM125122.1	583	55	49	94	23135691	23135527	50.909	2.55e-08	62.8
Pseudonaja_textilis_C9B	CM125122.1	583	69	457	525	23899721	23899924	40.580	4.11e-08	62.0
Pseudonaja_textilis_C9B	CM125122.1	583	48	536	583	23901463	23901606	52.083	1.00e-06	57.4
Pseudonaja_textilis_C9B	CM125124.1	583	227	298	514	65693257	65692634	26.872	2.54e-10	69.3
Pseudonaja_textilis_C9B	CM125119.1	583	82	277	358	51747619	51747864	34.146	2.22e-07	59.7
Pseudonaja_textilis_C9B	CM125119.1	583	76	450	524	51781784	51781557	35.526	6.56e-07	58.2
Pseudonaja_textilis_C9B	CM125119.1	583	79	277	355	51803138	51802902	31.646	7.74e-06	54.7
Notechis_scutatus_C9B	CM125122.1	583	83	276	358	23125971	23125723	63.855	5.89e-29	128
Notechis_scutatus_C9B	CM125122.1	583	75	456	530	23119527	23119303	62.667	1.12e-23	111
Notechis_scutatus_C9B	CM125122.1	583	47	157	203	23130282	23130142	70.213	1.01e-13	80.1
Notechis_scutatus_C9B	CM125122.1	583	50	107	156	23133212	23133063	64.000	1.24e-11	73.6
Notechis_scutatus_C9B	CM125122.1	583	54	404	457	23121590	23121429	48.148	6.51e-09	64.7
Notechis_scutatus_C9B	CM125122.1	583	55	49	94	23135691	23135527	52.727	2.51e-08	62.8
Notechis_scutatus_C9B	CM125122.1	583	69	457	525	23899721	23899924	40.580	4.55e-08	62.0
Notechis_scutatus_C9B	CM125122.1	583	48	536	583	23901463	23901606	52.083	2.98e-06	55.8
Notechis_scutatus_C9B	CM125124.1	583	225	298	514	65693257	65692634	26.667	1.10e-10	70.5
Notechis_scutatus_C9B	CM125119.1	583	82	277	358	51747619	51747864	32.927	8.83e-07	57.8
Notechis_scutatus_C9B	CM125119.1	583	76	450	524	51781784	51781557	35.526	2.12e-06	56.2
Pituophis_catenifer_C9B	CM125122.1	583	77	277	353	23125968	23125738	62.338	8.04e-26	118
Pituophis_catenifer_C9B	CM125122.1	583	80	451	530	23119542	23119303	61.250	8.56e-25	115
Pituophis_catenifer_C9B	CM125122.1	583	47	157	203	23130282	23130142	65.957	1.43e-13	79.7
Pituophis_catenifer_C9B	CM125122.1	583	50	107	156	23133212	23133063	68.000	4.77e-13	77.8
Pituophis_catenifer_C9B	CM125122.1	583	54	404	457	23121590	23121429	61.111	3.64e-11	72.0
Pituophis_catenifer_C9B	CM125122.1	583	69	457	525	23899721	23899924	40.580	6.28e-07	58.2
Pituophis_catenifer_C9B	CM125122.1	583	53	49	92	23135691	23135533	49.057	1.02e-06	57.4
Pituophis_catenifer_C9B	CM125122.1	583	126	400	525	23941784	23941443	31.746	1.42e-06	57.0
Pituophis_catenifer_C9B	CM125124.1	583	228	298	514	65693257	65692634	26.316	1.38e-11	73.2
Pituophis_catenifer_C9B	CM125119.1	583	47	537	583	51780783	51780643	59.574	6.03e-08	61.6
Pituophis_catenifer_C9B	CM125119.1	583	81	450	529	51781784	51781542	34.568	2.77e-07	59.3
Pituophis_catenifer_C9B	CM125119.1	583	74	277	350	51747619	51747840	33.784	8.50e-06	54.3
Pantherophis_obsoletus_C9B	CM125122.1	583	85	274	358	23125977	23125723	60.000	1.32e-27	124
Pantherophis_obsoletus_C9B	CM125122.1	583	71	456	526	23119527	23119315	64.789	2.47e-23	110
Pantherophis_obsoletus_C9B	CM125122.1	583	47	157	203	23130282	23130142	65.957	1.76e-13	79.3
Pantherophis_obsoletus_C9B	CM125122.1	583	50	107	156	23133212	23133063	68.000	5.66e-13	77.8
Pantherophis_obsoletus_C9B	CM125122.1	583	88	370	457	23121683	23121429	45.455	2.31e-11	72.4
Pantherophis_obsoletus_C9B	CM125122.1	583	130	400	529	23941784	23941431	30.769	6.61e-07	58.2
Pantherophis_obsoletus_C9B	CM125122.1	583	55	49	94	23135691	23135527	47.273	1.90e-06	56.6
Pantherophis_obsoletus_C9B	CM125122.1	583	69	457	525	23899721	23899924	33.333	8.94e-06	54.3
Pantherophis_obsoletus_C9B	CM125124.1	583	224	298	514	65693257	65692634	26.339	2.00e-11	72.8
Pantherophis_obsoletus_C9B	CM125119.1	583	85	274	358	51747610	51747864	35.294	3.81e-08	62.0
Pantherophis_obsoletus_C9B	CM125119.1	583	47	537	583	51780783	51780643	57.447	9.98e-08	60.8
Pantherophis_obsoletus_C9B	CM125119.1	583	76	450	524	51781784	51781557	34.211	1.13e-06	57.4
Pantherophis_obsoletus_C9B	CM125119.1	583	82	274	355	51803147	51802902	35.366	1.18e-06	57.4
Crotalus_tigris_C9B	CM125122.1	583	77	276	352	23125971	23125741	63.636	2.42e-27	123
Crotalus_tigris_C9B	CM125122.1	583	80	451	530	23119542	23119303	58.750	8.89e-24	112
Crotalus_tigris_C9B	CM125122.1	583	47	157	203	23130282	23130142	70.213	6.33e-14	80.9
Crotalus_tigris_C9B	CM125122.1	583	50	107	156	23133212	23133063	68.000	6.27e-13	77.4
Crotalus_tigris_C9B	CM125122.1	583	62	396	457	23121614	23121429	54.839	1.04e-11	73.6
Crotalus_tigris_C9B	CM125122.1	583	55	49	94	23135691	23135527	47.273	6.39e-07	58.2
Crotalus_tigris_C9B	CM125122.1	583	69	457	525	23899721	23899924	39.130	8.39e-07	57.8
Crotalus_tigris_C9B	CM125122.1	583	149	384	530	23941838	23941428	28.859	9.49e-06	54.3
Crotalus_tigris_C9B	CM125124.1	583	222	298	514	65693257	65692634	26.577	4.25e-11	71.6
Crotalus_tigris_C9B	CM125119.1	583	49	535	583	51780789	51780643	59.184	2.64e-08	62.8
Crotalus_tigris_C9B	CM125119.1	583	76	450	524	51781784	51781557	34.211	1.06e-06	57.4
Ptyas_mucosa_C9B	CM125122.1	583	77	277	353	23125968	23125738	62.338	9.94e-26	118
Ptyas_mucosa_C9B	CM125122.1	583	71	456	526	23119527	23119315	63.380	3.06e-22	107
Ptyas_mucosa_C9B	CM125122.1	583	47	157	203	23130282	23130142	65.957	1.31e-13	79.7
Ptyas_mucosa_C9B	CM125122.1	583	51	107	156	23133212	23133063	72.549	2.35e-12	75.9
Ptyas_mucosa_C9B	CM125122.1	583	62	396	457	23121611	23121429	56.452	1.85e-10	69.7
Ptyas_mucosa_C9B	CM125122.1	583	65	39	94	23135715	23135527	43.077	6.61e-07	58.2
Ptyas_mucosa_C9B	CM125122.1	583	150	380	529	23941844	23941431	27.333	1.92e-06	56.6
Ptyas_mucosa_C9B	CM125124.1	583	222	298	514	65693257	65692634	23.423	1.39e-08	63.5
Ptyas_mucosa_C9B	CM125119.1	583	47	537	583	51780783	51780643	57.447	1.64e-07	60.1
