# Dopasia_gracilis_copy1 subject=CM125122.1 region_offset=23101619 (add to sstart/send)
Lacerta_agilis_C9A	region	589	81	277	357	24356	24114	72.840	7.19e-36	135
Lacerta_agilis_C9A	region	589	78	461	538	17900	17667	66.667	9.56e-31	120
Lacerta_agilis_C9A	region	589	48	155	202	28664	28521	85.417	4.12e-23	95.9
Lacerta_agilis_C9A	region	589	51	406	456	19972	19820	78.431	4.17e-19	83.2
Lacerta_agilis_C9A	region	589	75	100	174	31609	31385	54.667	6.99e-19	82.4
Lacerta_agilis_C9A	region	589	38	56	93	34022	33909	73.684	1.13e-16	69.7
Lacerta_agilis_C9A	region	589	18	88	105	33927	33874	55.556	1.13e-16	26.6
Lacerta_agilis_C9A	region	589	32	25	56	39090	38995	65.625	6.36e-10	53.5
Lacerta_agilis_C9A	region	589	26	201	226	26655	26578	73.077	3.88e-08	43.5
Lacerta_agilis_C9A	region	589	23	226	248	26587	26519	39.130	3.88e-08	23.9
Lacerta_agilis_C9A	region	589	57	532	584	15170	15000	54.386	2.87e-05	38.1
Lacerta_agilis_C9A	region	589	36	356	391	22356	22255	41.667	0.003	32.0
Lacerta_agilis_C9A	region	589	25	496	520	2459	2533	40.000	0.10	26.6
Lacerta_agilis_C9A	region	589	27	249	275	26356	26276	44.444	0.44	24.6
Zootoca_vivipara_C9A	region	589	81	277	357	24356	24114	71.605	2.40e-35	134
Zootoca_vivipara_C9A	region	589	85	453	535	17930	17676	63.529	2.03e-30	119
Zootoca_vivipara_C9A	region	589	48	155	202	28664	28521	85.417	4.74e-23	95.9
Zootoca_vivipara_C9A	region	589	51	406	456	19972	19820	78.431	4.74e-19	83.2
Zootoca_vivipara_C9A	region	589	75	100	174	31609	31385	53.333	1.21e-18	81.6
Zootoca_vivipara_C9A	region	589	38	56	93	34022	33909	76.316	3.12e-17	71.6
Zootoca_vivipara_C9A	region	589	18	88	105	33927	33874	55.556	3.12e-17	26.6
Zootoca_vivipara_C9A	region	589	32	25	56	39090	38995	68.750	5.06e-10	53.9
Zootoca_vivipara_C9A	region	589	26	201	226	26655	26578	69.231	1.20e-07	42.0
Zootoca_vivipara_C9A	region	589	17	226	242	26587	26537	52.941	1.20e-07	23.5
Zootoca_vivipara_C9A	region	589	56	530	584	15167	15000	51.786	1.58e-05	39.3
Zootoca_vivipara_C9A	region	589	42	356	396	22356	22237	40.476	0.001	33.5
Zootoca_vivipara_C9A	region	589	25	496	520	2459	2533	40.000	0.11	26.6
Podarcis_muralis_C9A	region	589	107	261	360	24425	24105	59.813	5.49e-36	136
Podarcis_muralis_C9A	region	589	89	449	535	17942	17676	60.674	1.94e-30	119
Podarcis_muralis_C9A	region	589	48	155	202	28664	28521	85.417	4.70e-23	95.9
Podarcis_muralis_C9A	region	589	75	100	174	31609	31385	54.667	7.17e-19	82.4
Podarcis_muralis_C9A	region	589	57	400	456	19990	19820	66.667	3.14e-18	80.5
Podarcis_muralis_C9A	region	589	38	55	92	34025	33912	76.316	7.29e-17	72.4
Podarcis_muralis_C9A	region	589	18	88	105	33927	33874	55.556	7.29e-17	24.6
Podarcis_muralis_C9A	region	589	32	25	56	39090	38995	65.625	5.06e-10	53.9
Podarcis_muralis_C9A	region	589	26	201	226	26655	26578	69.231	1.52e-07	42.4
Podarcis_muralis_C9A	region	589	13	231	243	26572	26534	69.231	1.52e-07	22.7
Podarcis_muralis_C9A	region	589	63	526	584	15188	15000	49.206	4.24e-05	37.7
Podarcis_muralis_C9A	region	589	36	356	391	22356	22255	41.667	0.001	33.1
Podarcis_muralis_C9A	region	589	25	496	520	2459	2533	40.000	0.046	27.7
Podarcis_muralis_C9A	region	589	34	242	275	26359	26276	41.176	0.76	23.9
Anolis_carolinensis_C9A	region	591	87	273	359	24374	24114	67.816	1.83e-34	131
Anolis_carolinensis_C9A	region	591	80	455	534	17924	17685	70.000	1.53e-33	129
Anolis_carolinensis_C9A	region	591	50	106	155	31594	31445	84.000	1.17e-22	94.7
Anolis_carolinensis_C9A	region	591	47	156	202	28664	28524	78.723	1.23e-21	91.3
Anolis_carolinensis_C9A	region	591	54	408	461	19972	19811	59.259	2.15e-17	77.8
Anolis_carolinensis_C9A	region	591	40	56	95	34025	33906	67.500	1.44e-15	63.9
Anolis_carolinensis_C9A	region	591	25	94	116	33912	33841	60.000	1.44e-15	28.9
Anolis_carolinensis_C9A	region	591	32	26	57	39090	38995	68.750	2.18e-09	51.6
Anolis_carolinensis_C9A	region	591	56	532	587	15167	15000	57.143	3.01e-09	51.2
Anolis_carolinensis_C9A	region	591	42	228	269	26584	26468	42.857	6.93e-07	32.0
Anolis_carolinensis_C9A	region	591	25	201	225	26658	26584	52.000	6.93e-07	30.8
Anolis_carolinensis_C9A	region	591	27	358	384	22356	22276	40.741	0.010	30.0
Anolis_carolinensis_C9A	region	591	25	498	522	2459	2533	44.000	0.019	28.9
Pogona_vitticeps_C9A	region	576	86	255	340	24371	24114	66.279	2.81e-35	134
Pogona_vitticeps_C9A	region	576	76	436	511	17924	17697	77.632	1.39e-34	131
Pogona_vitticeps_C9A	region	576	55	156	210	28664	28500	69.091	1.37e-21	91.3
Pogona_vitticeps_C9A	region	576	70	106	175	31594	31385	58.571	9.27e-21	88.6
Pogona_vitticeps_C9A	region	576	66	382	447	19993	19796	59.091	8.69e-19	82.0
Pogona_vitticeps_C9A	region	576	55	49	94	34073	33909	58.182	1.96e-14	67.4
Pogona_vitticeps_C9A	region	576	14	94	107	33912	33871	50.000	1.96e-14	21.2
Pogona_vitticeps_C9A	region	576	32	26	57	39090	38995	68.750	1.82e-10	55.1
Pogona_vitticeps_C9A	region	576	48	524	571	15143	15000	64.583	1.56e-07	45.4
Pogona_vitticeps_C9A	region	576	38	339	376	22356	22249	31.579	0.13	26.2
Pogona_vitticeps_C9A	region	576	25	479	503	2459	2533	36.000	0.32	25.0
Gekko_japonicus_C9A	region	582	86	288	373	24371	24114	65.116	2.23e-31	122
Gekko_japonicus_C9A	region	582	89	439	525	17960	17694	64.045	1.86e-29	115
Gekko_japonicus_C9A	region	582	45	173	217	28664	28530	77.778	1.69e-19	84.3
Gekko_japonicus_C9A	region	582	56	117	172	31609	31445	53.571	1.22e-13	65.5
Gekko_japonicus_C9A	region	582	38	71	108	34019	33906	73.684	2.24e-13	64.7
Gekko_japonicus_C9A	region	582	57	395	451	19993	19823	47.368	3.02e-13	64.3
Gekko_japonicus_C9A	region	582	31	39	69	39090	38998	54.839	9.56e-07	43.1
Gekko_japonicus_C9A	region	582	52	530	581	15155	15000	55.769	1.18e-05	39.7
Gekko_japonicus_C9A	region	582	28	245	272	26584	26501	46.429	1.24e-04	28.9
Gekko_japonicus_C9A	region	582	25	218	242	26658	26584	40.000	1.24e-04	25.8
Gekko_japonicus_C9A	region	582	22	372	393	22356	22291	50.000	0.079	26.9
Gekko_japonicus_C9A	region	582	25	492	516	2459	2533	44.000	0.20	25.8
Crotalus_tigris_C9A	region	583	76	276	351	24353	24126	64.474	9.17e-32	123
Crotalus_tigris_C9A	region	583	80	451	530	17924	17685	56.250	4.65e-27	108
Crotalus_tigris_C9A	region	583	47	157	203	28664	28524	70.213	2.06e-18	80.9
Crotalus_tigris_C9A	region	583	50	107	156	31594	31445	66.000	1.04e-16	75.5
Crotalus_tigris_C9A	region	583	62	396	457	19996	19811	54.839	3.62e-16	73.6
Crotalus_tigris_C9A	region	583	55	49	94	34073	33909	49.091	9.02e-12	59.3
Crotalus_tigris_C9A	region	583	32	26	57	39090	38995	59.375	3.71e-08	47.8
Crotalus_tigris_C9A	region	583	56	528	583	15167	15000	50.000	1.62e-05	38.9
Crotalus_tigris_C9A	region	583	25	203	227	26655	26581	48.000	0.019	28.9
Crotalus_tigris_C9A	region	583	16	355	370	22353	22306	50.000	0.75	23.9
Thamnophis_elegans_C9A	region	583	83	276	358	24353	24105	61.446	1.92e-31	122
Thamnophis_elegans_C9A	region	583	75	456	530	17909	17685	62.667	1.39e-26	107
Thamnophis_elegans_C9A	region	583	65	397	461	19993	19799	50.769	4.43e-17	76.6
Thamnophis_elegans_C9A	region	583	47	157	203	28664	28524	65.957	7.10e-17	75.9
Thamnophis_elegans_C9A	region	583	50	107	156	31594	31445	62.000	1.21e-15	72.0
Thamnophis_elegans_C9A	region	583	65	39	94	34097	33909	50.769	1.45e-13	65.1
Thamnophis_elegans_C9A	region	583	32	26	57	39090	38995	53.125	8.74e-09	49.7
Thamnophis_elegans_C9A	region	583	51	533	583	15152	15000	62.745	5.53e-08	47.0
Thamnophis_elegans_C9A	region	583	27	202	228	26658	26578	40.741	1.01e-04	28.5
Thamnophis_elegans_C9A	region	583	20	230	249	26581	26522	60.000	1.01e-04	26.2
Thamnophis_elegans_C9A	region	583	27	354	380	22356	22276	37.037	0.13	26.2
Naja_naja_C9A	region	582	78	276	353	24353	24120	61.538	1.00e-30	120
Naja_naja_C9A	region	582	71	455	525	17909	17697	61.972	3.05e-26	105
Naja_naja_C9A	region	582	50	107	156	31594	31445	68.000	1.52e-16	75.1
Naja_naja_C9A	region	582	47	157	203	28664	28524	61.702	3.25e-16	73.9
Naja_naja_C9A	region	582	56	401	456	19978	19811	58.929	1.95e-15	71.2
Naja_naja_C9A	region	582	58	46	94	34082	33909	46.552	3.46e-12	60.8
Naja_naja_C9A	region	582	32	26	57	39090	38995	62.500	4.16e-09	50.8
Naja_naja_C9A	region	582	56	527	582	15167	15000	50.000	4.71e-06	40.8
Naja_naja_C9A	region	582	27	202	228	26658	26578	40.741	0.053	27.7
Naja_naja_C9A	region	582	17	355	371	22353	22303	52.941	0.067	27.3
Pseudonaja_textilis_C9A	region	583	78	276	353	24353	24120	60.256	2.10e-30	119
Pseudonaja_textilis_C9A	region	583	76	451	526	17924	17697	61.842	1.77e-27	109
Pseudonaja_textilis_C9A	region	583	47	157	203	28664	28524	61.702	3.13e-16	73.9
Pseudonaja_textilis_C9A	region	583	62	396	457	19996	19811	53.226	4.56e-16	73.6
Pseudonaja_textilis_C9A	region	583	50	107	156	31594	31445	64.000	6.71e-16	72.8
Pseudonaja_textilis_C9A	region	583	55	49	94	34073	33909	45.455	9.10e-12	59.3
Pseudonaja_textilis_C9A	region	583	32	26	57	39090	38995	65.625	8.80e-10	53.1
Pseudonaja_textilis_C9A	region	583	56	528	583	15167	15000	51.786	1.72e-06	42.4
Pseudonaja_textilis_C9A	region	583	36	355	390	22353	22252	36.111	0.043	27.7
Pseudonaja_textilis_C9A	region	583	27	202	228	26658	26578	40.741	0.062	27.3
Python_bivittatus_C9A	region	582	80	451	530	17924	17685	61.250	5.14e-30	117
Python_bivittatus_C9A	region	582	80	276	355	24353	24114	58.750	1.26e-29	116
Python_bivittatus_C9A	region	582	47	157	203	28664	28524	61.702	8.55e-17	75.9
Python_bivittatus_C9A	region	582	55	102	156	31609	31445	60.000	8.14e-16	72.4
Python_bivittatus_C9A	region	582	61	397	457	19993	19811	54.098	2.72e-15	70.9
Python_bivittatus_C9A	region	582	54	49	93	34073	33912	50.000	2.66e-12	61.2
Python_bivittatus_C9A	region	582	58	26	81	39090	38917	41.379	1.50e-08	48.9
Python_bivittatus_C9A	region	582	48	535	582	15143	15000	62.500	1.66e-06	42.4
Python_bivittatus_C9A	region	582	26	203	228	26655	26578	57.692	1.35e-04	36.2
Python_bivittatus_C9A	region	582	26	1	26	41322	41254	65.385	0.045	27.7
Python_bivittatus_C9A	region	582	36	354	389	22356	22255	36.111	0.12	26.6
Notechis_scutatus_C9A	region	583	78	276	353	24353	24120	60.256	2.17e-30	119
Notechis_scutatus_C9A	region	583	76	451	526	17924	17697	60.526	3.33e-27	108
Notechis_scutatus_C9A	region	583	50	107	156	31594	31445	66.000	2.90e-16	73.9
Notechis_scutatus_C9A	region	583	47	157	203	28664	28524	61.702	3.02e-16	73.9
Notechis_scutatus_C9A	region	583	62	396	457	19996	19811	53.226	6.54e-16	72.8
Notechis_scutatus_C9A	region	583	55	49	94	34073	33909	47.273	4.41e-12	60.5
Notechis_scutatus_C9A	region	583	32	26	57	39090	38995	65.625	8.95e-10	52.8
Notechis_scutatus_C9A	region	583	56	528	583	15167	15000	51.786	1.21e-06	42.7
Notechis_scutatus_C9A	region	583	36	355	390	22353	22252	36.111	0.041	27.7
Notechis_scutatus_C9A	region	583	27	202	228	26658	26578	40.741	0.065	27.3
Hydrophis_cyanocinctus_C9A	region	583	78	276	353	24353	24120	60.256	2.97e-30	118
Hydrophis_cyanocinctus_C9A	region	583	76	451	526	17924	17697	60.526	2.53e-27	109
Hydrophis_cyanocinctus_C9A	region	583	47	157	203	28664	28524	61.702	1.63e-16	74.7
Hydrophis_cyanocinctus_C9A	region	583	50	107	156	31594	31445	66.000	3.00e-16	73.9
Hydrophis_cyanocinctus_C9A	region	583	56	402	457	19978	19811	57.143	1.68e-15	71.6
Hydrophis_cyanocinctus_C9A	region	583	55	49	94	34073	33909	47.273	4.68e-12	60.5
Hydrophis_cyanocinctus_C9A	region	583	32	26	57	39090	38995	65.625	8.80e-10	53.1
Hydrophis_cyanocinctus_C9A	region	583	56	528	583	15167	15000	51.786	1.26e-06	42.7
Hydrophis_cyanocinctus_C9A	region	583	27	202	228	26658	26578	40.741	0.063	27.3
Hydrophis_cyanocinctus_C9A	region	583	36	355	390	22353	22252	33.333	0.18	25.8
Laticauda_colubrina_C9A	region	583	78	276	353	24353	24120	60.256	2.81e-30	118
Laticauda_colubrina_C9A	region	583	71	456	526	17909	17697	64.789	4.94e-27	108
Laticauda_colubrina_C9A	region	583	56	402	457	19978	19811	62.500	2.55e-16	74.3
Laticauda_colubrina_C9A	region	583	47	157	203	28664	28524	61.702	3.62e-16	73.6
Laticauda_colubrina_C9A	region	583	50	107	156	31594	31445	64.000	6.94e-16	72.8
Laticauda_colubrina_C9A	region	583	56	46	92	34082	33915	46.429	2.32e-11	58.2
Laticauda_colubrina_C9A	region	583	32	26	57	39090	38995	65.625	1.40e-09	52.4
Laticauda_colubrina_C9A	region	583	56	528	583	15167	15000	51.786	9.83e-07	43.1
Laticauda_colubrina_C9A	region	583	36	355	390	22353	22252	36.111	0.042	27.7
Laticauda_colubrina_C9A	region	583	27	202	228	26658	26578	33.333	0.75	23.9
Protobothrops_mucrosquamatus_C9A	region	583	80	276	355	24353	24114	65.000	3.32e-32	124
Protobothrops_mucrosquamatus_C9A	region	583	75	456	530	17909	17685	65.333	6.35e-29	114
Protobothrops_mucrosquamatus_C9A	region	583	88	370	457	20065	19811	44.318	1.60e-18	81.3
Protobothrops_mucrosquamatus_C9A	region	583	47	157	203	28664	28524	68.085	1.74e-18	81.3
Protobothrops_mucrosquamatus_C9A	region	583	50	107	156	31594	31445	62.000	2.06e-15	71.2
Protobothrops_mucrosquamatus_C9A	region	583	55	49	94	34073	33909	45.455	3.71e-11	57.4
Protobothrops_mucrosquamatus_C9A	region	583	38	26	63	39090	38977	47.368	3.21e-08	47.8
Protobothrops_mucrosquamatus_C9A	region	583	56	528	583	15167	15000	55.357	8.67e-08	46.6
Protobothrops_mucrosquamatus_C9A	region	583	26	203	228	26655	26578	38.462	1.78e-04	29.3
Protobothrops_mucrosquamatus_C9A	region	583	18	228	245	26587	26534	55.556	1.78e-04	25.0
Protobothrops_mucrosquamatus_C9A	region	583	27	250	272	26359	26279	51.852	0.020	28.9
Protobothrops_mucrosquamatus_C9A	region	583	36	354	389	22356	22255	36.111	0.13	26.2
Protobothrops_mucrosquamatus_C9A	region	583	85	274	358	26428	26667	23.529	0.50	24.3
Chrysopelea_ornata_C9A	region	584	83	276	358	24353	24105	61.446	5.28e-32	124
Chrysopelea_ornata_C9A	region	584	80	452	531	17924	17685	62.500	2.87e-29	115
Chrysopelea_ornata_C9A	region	584	47	157	203	28664	28524	65.957	7.27e-18	79.3
Chrysopelea_ornata_C9A	region	584	65	394	458	20005	19811	49.231	2.86e-16	73.9
Chrysopelea_ornata_C9A	region	584	50	107	156	31594	31445	64.000	3.60e-16	73.6
Chrysopelea_ornata_C9A	region	584	55	49	94	34073	33909	43.636	4.07e-10	53.9
Chrysopelea_ornata_C9A	region	584	60	26	81	39090	38917	41.667	9.22e-09	49.7
Chrysopelea_ornata_C9A	region	584	56	529	584	15167	15000	57.143	1.71e-06	42.4
Chrysopelea_ornata_C9A	region	584	19	354	372	22356	22300	52.632	0.017	29.3
Chrysopelea_ornata_C9A	region	584	27	202	228	26658	26578	37.037	0.064	27.3
Pituophis_catenifer_C9A	region	583	82	277	358	24350	24105	59.756	2.08e-30	119
Pituophis_catenifer_C9A	region	583	86	451	536	17924	17667	58.140	1.57e-29	116
Pituophis_catenifer_C9A	region	583	47	157	203	28664	28524	63.830	1.62e-16	74.7
Pituophis_catenifer_C9A	region	583	88	370	457	20065	19811	40.909	1.84e-16	74.7
Pituophis_catenifer_C9A	region	583	50	107	156	31594	31445	62.000	2.40e-15	70.9
Pituophis_catenifer_C9A	region	583	55	49	94	34073	33909	49.091	2.98e-12	60.8
Pituophis_catenifer_C9A	region	583	32	26	57	39090	38995	56.250	7.01e-09	50.1
Pituophis_catenifer_C9A	region	583	50	534	583	15149	15000	62.000	3.90e-07	44.3
Pituophis_catenifer_C9A	region	583	35	355	389	22353	22255	42.857	0.010	30.0
Pituophis_catenifer_C9A	region	583	32	242	273	26371	26276	40.625	0.016	29.3
Pituophis_catenifer_C9A	region	583	26	203	228	26655	26578	38.462	0.070	26.9
Pantherophis_obsoletus_C9A	region	583	111	257	358	24437	24105	53.153	2.04e-33	128
Pantherophis_obsoletus_C9A	region	583	80	451	530	17924	17685	61.250	3.51e-29	115
Pantherophis_obsoletus_C9A	region	583	47	157	203	28664	28524	65.957	3.01e-17	77.0
Pantherophis_obsoletus_C9A	region	583	88	370	457	20065	19811	40.909	8.36e-17	75.9
Pantherophis_obsoletus_C9A	region	583	50	107	156	31594	31445	62.000	1.38e-15	71.6
Pantherophis_obsoletus_C9A	region	583	53	49	92	34073	33915	52.830	5.60e-13	63.5
Pantherophis_obsoletus_C9A	region	583	32	26	57	39090	38995	59.375	7.19e-09	50.1
Pantherophis_obsoletus_C9A	region	583	56	528	583	15167	15000	57.143	2.61e-07	45.1
Pantherophis_obsoletus_C9A	region	583	36	354	389	22356	22255	44.444	0.002	32.3
Pantherophis_obsoletus_C9A	region	583	26	203	228	26655	26578	46.154	0.003	32.0
Bothrops_jararaca_C9A	region	583	80	276	355	24353	24114	65.000	1.61e-31	122
Bothrops_jararaca_C9A	region	583	75	456	530	17909	17685	65.333	2.49e-29	115
Bothrops_jararaca_C9A	region	583	47	157	203	28664	28524	68.085	1.54e-18	81.3
Bothrops_jararaca_C9A	region	583	88	370	457	20065	19811	43.182	2.33e-18	80.9
Bothrops_jararaca_C9A	region	583	50	107	156	31594	31445	68.000	3.30e-16	73.9
Bothrops_jararaca_C9A	region	583	55	49	94	34073	33909	47.273	1.07e-11	59.3
Bothrops_jararaca_C9A	region	583	32	26	57	39090	38995	56.250	1.04e-07	46.2
Bothrops_jararaca_C9A	region	583	56	528	583	15167	15000	53.571	2.30e-07	45.1
Bothrops_jararaca_C9A	region	583	26	203	228	26655	26578	42.308	3.53e-05	30.8
Bothrops_jararaca_C9A	region	583	22	228	249	26587	26522	50.000	3.53e-05	26.2
Bothrops_jararaca_C9A	region	583	30	247	272	26368	26279	50.000	0.031	28.5
Bothrops_jararaca_C9A	region	583	36	354	389	22356	22255	36.111	0.065	27.3
Bothrops_jararaca_C9A	region	583	21	385	405	23938	24000	47.619	0.15	26.2
Bothrops_jararaca_C9A	region	583	86	273	358	26425	26667	24.419	0.30	25.0
Ptyas_mucosa_C9A	region	583	82	277	358	24350	24105	63.415	5.42e-32	124
Ptyas_mucosa_C9A	region	583	80	451	530	17924	17685	60.000	6.64e-29	114
Ptyas_mucosa_C9A	region	583	47	157	203	28664	28524	65.957	3.61e-17	77.0
Ptyas_mucosa_C9A	region	583	50	107	156	31594	31445	64.000	5.19e-16	73.2
Ptyas_mucosa_C9A	region	583	65	393	457	20005	19811	49.231	8.60e-16	72.4
Ptyas_mucosa_C9A	region	583	55	49	94	34073	33909	50.909	1.78e-13	65.1
Ptyas_mucosa_C9A	region	583	32	26	57	39090	38995	59.375	2.19e-09	51.6
Ptyas_mucosa_C9A	region	583	56	528	583	15167	15000	58.929	6.65e-07	43.5
Ptyas_mucosa_C9A	region	583	26	203	228	26655	26578	46.154	2.01e-04	30.8
Ptyas_mucosa_C9A	region	583	15	230	244	26581	26537	66.667	2.01e-04	23.5
Ptyas_mucosa_C9A	region	583	38	354	389	22356	22255	42.105	0.017	29.3
Vipera_berus_C9A	region	583	81	275	355	24356	24114	60.494	6.14e-30	117
Vipera_berus_C9A	region	583	75	456	530	17909	17685	62.667	2.83e-28	112
Vipera_berus_C9A	region	583	47	157	203	28664	28524	70.213	1.00e-18	82.0
Vipera_berus_C9A	region	583	88	370	457	20065	19811	43.182	2.58e-18	80.5
Vipera_berus_C9A	region	583	50	107	156	31594	31445	70.000	8.03e-18	79.0
Vipera_berus_C9A	region	583	55	49	94	34073	33909	49.091	1.60e-11	58.5
Vipera_berus_C9A	region	583	32	26	57	39090	38995	56.250	3.74e-08	47.8
Vipera_berus_C9A	region	583	56	528	583	15167	15000	53.571	4.00e-07	44.3
Vipera_berus_C9A	region	583	26	203	228	26655	26578	50.000	4.78e-06	33.5
Vipera_berus_C9A	region	583	22	228	249	26587	26522	50.000	4.78e-06	26.2
Vipera_berus_C9A	region	583	36	354	389	22356	22255	38.889	0.017	29.3
Vipera_berus_C9A	region	583	21	385	405	23938	24000	42.857	0.42	24.6
Sceloporus_undulatus_C9A	region	591	87	273	359	24374	24114	68.966	5.94e-36	136
Sceloporus_undulatus_C9A	region	591	80	455	534	17924	17685	68.750	3.80e-33	127
Sceloporus_undulatus_C9A	region	591	58	408	465	19972	19799	65.517	1.13e-19	85.1
Sceloporus_undulatus_C9A	region	591	47	156	202	28664	28524	70.213	4.71e-18	79.7
Sceloporus_undulatus_C9A	region	591	50	106	155	31594	31445	70.000	1.62e-17	78.2
Sceloporus_undulatus_C9A	region	591	40	56	95	34025	33906	67.500	3.79e-15	64.7
Sceloporus_undulatus_C9A	region	591	25	94	116	33912	33841	56.000	3.79e-15	26.2
Sceloporus_undulatus_C9A	region	591	32	26	57	39090	38995	65.625	2.16e-09	51.6
Sceloporus_undulatus_C9A	region	591	52	536	587	15155	15000	57.692	3.27e-08	47.8
Sceloporus_undulatus_C9A	region	591	42	358	398	22356	22237	45.238	2.48e-06	41.6
Sceloporus_undulatus_C9A	region	591	25	201	225	26658	26584	64.000	9.60e-05	36.6
Sceloporus_undulatus_C9A	region	591	22	256	277	26341	26276	59.091	0.001	32.7
Sceloporus_undulatus_C9A	region	591	26	1	26	41322	41254	65.385	0.049	27.7
Sceloporus_undulatus_C9A	region	591	25	498	522	2459	2533	40.000	0.15	26.2
Anolis_carolinensis_C9B	region	538	84	274	357	24371	24120	72.619	6.05e-34	129
Anolis_carolinensis_C9B	region	538	75	455	529	17924	17700	70.667	5.85e-30	117
Anolis_carolinensis_C9B	region	538	47	156	202	28664	28524	78.723	1.48e-21	90.5
Anolis_carolinensis_C9B	region	538	50	106	155	31594	31445	78.000	4.28e-21	89.4
Anolis_carolinensis_C9B	region	538	62	399	460	19999	19814	58.065	1.21e-19	84.7
Anolis_carolinensis_C9B	region	538	56	49	95	34073	33906	50.000	4.09e-15	62.8
Anolis_carolinensis_C9B	region	538	14	94	107	33912	33871	71.429	4.09e-15	28.1
Anolis_carolinensis_C9B	region	538	32	26	57	39090	38995	65.625	1.39e-09	52.0
Anolis_carolinensis_C9B	region	538	25	201	225	26658	26584	64.000	5.22e-06	35.8
Anolis_carolinensis_C9B	region	538	16	228	243	26584	26537	50.000	5.22e-06	23.5
Anolis_carolinensis_C9B	region	538	25	498	522	2459	2533	44.000	0.014	29.3
Anolis_carolinensis_C9B	region	538	27	251	277	26344	26276	51.852	0.014	29.3
Anolis_carolinensis_C9B	region	538	18	359	376	22353	22300	55.556	0.045	27.7
Hydrophis_cyanocinctus_C9B	region	582	83	275	357	24353	24105	60.241	2.62e-31	121
Hydrophis_cyanocinctus_C9B	region	582	80	450	529	17924	17685	56.250	1.56e-26	106
Hydrophis_cyanocinctus_C9B	region	582	47	156	202	28664	28524	70.213	4.27e-18	80.1
Hydrophis_cyanocinctus_C9B	region	582	50	106	155	31594	31445	64.000	4.75e-16	73.2
Hydrophis_cyanocinctus_C9B	region	582	54	403	456	19972	19811	48.148	2.18e-13	64.7
Hydrophis_cyanocinctus_C9B	region	582	55	48	93	34073	33909	52.727	8.26e-13	62.8
Hydrophis_cyanocinctus_C9B	region	582	31	25	55	39090	38998	58.065	3.09e-09	51.2
Hydrophis_cyanocinctus_C9B	region	582	50	533	582	15149	15000	60.000	4.23e-07	44.3
Hydrophis_cyanocinctus_C9B	region	582	28	202	229	26655	26572	46.429	0.003	31.6
Hydrophis_cyanocinctus_C9B	region	582	37	353	389	22356	22255	37.838	0.016	29.3
Hydrophis_cyanocinctus_C9B	region	582	24	510	533	21882	21953	41.667	0.21	25.8
Bothrops_jararaca_C9B	region	583	80	276	355	24353	24114	65.000	1.64e-31	122
Bothrops_jararaca_C9B	region	583	75	456	530	17909	17685	65.333	2.87e-29	115
Bothrops_jararaca_C9B	region	583	47	157	203	28664	28524	70.213	6.46e-19	82.4
Bothrops_jararaca_C9B	region	583	88	370	457	20065	19811	42.045	6.00e-18	79.3
Bothrops_jararaca_C9B	region	583	50	107	156	31594	31445	66.000	2.06e-16	74.3
Bothrops_jararaca_C9B	region	583	55	49	94	34073	33909	47.273	6.98e-12	59.7
Bothrops_jararaca_C9B	region	583	32	26	57	39090	38995	53.125	1.39e-07	45.8
Bothrops_jararaca_C9B	region	583	56	528	583	15167	15000	53.571	2.26e-07	45.1
Bothrops_jararaca_C9B	region	583	26	203	228	26655	26578	38.462	7.32e-05	29.3
Bothrops_jararaca_C9B	region	583	22	228	249	26587	26522	50.000	7.32e-05	26.2
Bothrops_jararaca_C9B	region	583	36	354	389	22356	22255	36.111	0.12	26.6
Bothrops_jararaca_C9B	region	583	86	273	358	26425	26667	24.419	0.28	25.0
Laticauda_colubrina_C9B	region	583	80	276	355	24353	24114	61.250	2.19e-31	122
Laticauda_colubrina_C9B	region	583	86	451	536	17924	17667	56.977	2.90e-28	112
Laticauda_colubrina_C9B	region	583	46	157	202	28664	28527	71.739	1.61e-18	81.3
Laticauda_colubrina_C9B	region	583	50	107	156	31594	31445	66.000	4.17e-17	76.6
Laticauda_colubrina_C9B	region	583	54	404	457	19972	19811	50.000	1.78e-13	65.1
Laticauda_colubrina_C9B	region	583	55	49	94	34073	33909	49.091	1.35e-11	58.9
Laticauda_colubrina_C9B	region	583	31	26	56	39090	38998	54.839	1.96e-08	48.5
Laticauda_colubrina_C9B	region	583	50	534	583	15149	15000	64.000	8.24e-08	46.6
Laticauda_colubrina_C9B	region	583	37	354	390	22356	22252	37.838	0.008	30.4
Pseudonaja_textilis_C9B	region	583	104	255	358	24410	24105	51.923	1.02e-32	126
Pseudonaja_textilis_C9B	region	583	80	451	530	17924	17685	61.250	1.54e-28	113
Pseudonaja_textilis_C9B	region	583	47	157	203	28664	28524	68.085	8.98e-18	79.0
Pseudonaja_textilis_C9B	region	583	50	107	156	31594	31445	66.000	1.25e-16	75.1
Pseudonaja_textilis_C9B	region	583	61	397	457	19993	19811	47.541	4.63e-14	67.0
Pseudonaja_textilis_C9B	region	583	55	49	94	34073	33909	50.909	9.26e-13	62.8
Pseudonaja_textilis_C9B	region	583	32	26	57	39090	38995	53.125	2.25e-08	48.5
Pseudonaja_textilis_C9B	region	583	50	534	583	15149	15000	60.000	1.43e-06	42.4
Pseudonaja_textilis_C9B	region	583	28	203	230	26655	26572	42.857	5.36e-04	29.6
Pseudonaja_textilis_C9B	region	583	15	231	245	26578	26534	60.000	5.36e-04	22.7
Pseudonaja_textilis_C9B	region	583	37	354	390	22356	22255	37.838	0.005	30.8
Notechis_scutatus_C9B	region	583	83	276	358	24353	24105	63.855	2.11e-33	128
Notechis_scutatus_C9B	region	583	75	456	530	17909	17685	62.667	4.02e-28	111
Notechis_scutatus_C9B	region	583	47	157	203	28664	28524	70.213	3.64e-18	80.1
Notechis_scutatus_C9B	region	583	50	107	156	31594	31445	64.000	4.49e-16	73.6
Notechis_scutatus_C9B	region	583	54	404	457	19972	19811	48.148	2.36e-13	64.7
Notechis_scutatus_C9B	region	583	55	49	94	34073	33909	52.727	9.10e-13	62.8
Notechis_scutatus_C9B	region	583	31	26	56	39090	38998	54.839	2.06e-08	48.5
Notechis_scutatus_C9B	region	583	50	534	583	15149	15000	60.000	4.74e-07	43.9
Notechis_scutatus_C9B	region	583	28	203	230	26655	26572	46.429	0.004	31.6
Notechis_scutatus_C9B	region	583	37	354	390	22356	22255	40.541	0.010	30.0
Pituophis_catenifer_C9B	region	583	77	277	353	24350	24120	62.338	2.89e-30	118
Pituophis_catenifer_C9B	region	583	80	451	530	17924	17685	61.250	3.08e-29	115
Pituophis_catenifer_C9B	region	583	47	157	203	28664	28524	65.957	5.18e-18	79.7
Pituophis_catenifer_C9B	region	583	50	107	156	31594	31445	68.000	1.72e-17	77.8
Pituophis_catenifer_C9B	region	583	54	404	457	19972	19811	61.111	1.32e-15	72.0
Pituophis_catenifer_C9B	region	583	53	49	92	34073	33915	49.057	3.71e-11	57.4
Pituophis_catenifer_C9B	region	583	32	26	57	39090	38995	53.125	6.66e-08	47.0
Pituophis_catenifer_C9B	region	583	48	536	583	15143	15000	54.167	2.69e-05	38.5
Pituophis_catenifer_C9B	region	583	35	355	389	22353	22255	45.714	0.003	31.6
Pituophis_catenifer_C9B	region	583	27	202	228	26658	26578	37.037	0.030	28.5
Pantherophis_obsoletus_C9B	region	583	85	274	358	24359	24105	60.000	4.74e-32	124
Pantherophis_obsoletus_C9B	region	583	71	456	526	17909	17697	64.789	8.89e-28	110
Pantherophis_obsoletus_C9B	region	583	47	157	203	28664	28524	65.957	6.37e-18	79.3
Pantherophis_obsoletus_C9B	region	583	50	107	156	31594	31445	68.000	2.05e-17	77.8
Pantherophis_obsoletus_C9B	region	583	88	370	457	20065	19811	45.455	8.38e-16	72.4
Pantherophis_obsoletus_C9B	region	583	55	49	94	34073	33909	47.273	6.91e-11	56.6
Pantherophis_obsoletus_C9B	region	583	32	26	57	39090	38995	56.250	2.01e-08	48.5
Pantherophis_obsoletus_C9B	region	583	56	528	583	15167	15000	50.000	9.63e-06	39.7
Pantherophis_obsoletus_C9B	region	583	36	354	389	22356	22255	44.444	0.002	32.3
Pantherophis_obsoletus_C9B	region	583	27	202	228	26658	26578	37.037	0.028	28.5
Crotalus_tigris_C9B	region	583	77	276	352	24353	24123	63.636	8.69e-32	123
Crotalus_tigris_C9B	region	583	80	451	530	17924	17685	58.750	3.20e-28	112
Crotalus_tigris_C9B	region	583	47	157	203	28664	28524	70.213	2.29e-18	80.9
Crotalus_tigris_C9B	region	583	50	107	156	31594	31445	68.000	2.27e-17	77.4
Crotalus_tigris_C9B	region	583	62	396	457	19996	19811	54.839	3.78e-16	73.6
Crotalus_tigris_C9B	region	583	55	49	94	34073	33909	47.273	2.32e-11	58.2
Crotalus_tigris_C9B	region	583	32	26	57	39090	38995	62.500	1.13e-08	49.3
Crotalus_tigris_C9B	region	583	48	536	583	15143	15000	54.167	4.18e-05	37.7
Crotalus_tigris_C9B	region	583	25	203	227	26655	26581	48.000	0.019	28.9
Crotalus_tigris_C9B	region	583	16	355	370	22353	22306	50.000	0.75	23.9
Ptyas_mucosa_C9B	region	583	77	277	353	24350	24120	62.338	3.57e-30	118
Ptyas_mucosa_C9B	region	583	71	456	526	17909	17697	63.380	1.10e-26	107
Ptyas_mucosa_C9B	region	583	47	157	203	28664	28524	65.957	4.75e-18	79.7
Ptyas_mucosa_C9B	region	583	51	107	156	31594	31445	72.549	8.51e-17	75.9
Ptyas_mucosa_C9B	region	583	62	396	457	19993	19811	56.452	6.70e-15	69.7
Ptyas_mucosa_C9B	region	583	65	39	94	34097	33909	43.077	2.40e-11	58.2
Ptyas_mucosa_C9B	region	583	56	528	583	15167	15000	50.000	1.12e-05	39.7
Ptyas_mucosa_C9B	region	583	59	27	81	39087	38917	33.898	5.72e-05	37.4
Ptyas_mucosa_C9B	region	583	27	202	228	26658	26578	40.741	0.006	30.4
Ptyas_mucosa_C9B	region	583	35	355	389	22353	22255	34.286	0.12	26.2
Ptyas_mucosa_C9B	region	583	25	494	518	2459	2533	32.000	0.88	23.5
