# Candoia_aspera DAB2/FYB1 anchors on NC_086154.1:244407995-248423846 (sstart/send relative to region; add 244407994)
Anolis_carolinensis_DAB2	1980477	1981103	306
Anolis_carolinensis_DAB2	1986906	1987445	232
Anolis_carolinensis_DAB2	1976795	1976929	100
Anolis_carolinensis_DAB2	1972217	1972420	97.8
Anolis_carolinensis_DAB2	1973483	1973584	73.9
Anolis_carolinensis_DAB2	1984144	1984302	66.2
Anolis_carolinensis_DAB2	1979108	1979191	47.4
Anolis_carolinensis_FYB1	2043977	2045086	320
Anolis_carolinensis_FYB1	2095307	2095495	94.0
Anolis_carolinensis_FYB1	2077731	2077883	88.6
Anolis_carolinensis_FYB1	2079992	2080132	79.3
Anolis_carolinensis_FYB1	2084109	2084231	54.7
Anolis_carolinensis_FYB1	2089467	2089586	52.4
Thamnophis_elegans_DAB2	1980477	1981103	370
Thamnophis_elegans_DAB2	1986906	1987451	274
Thamnophis_elegans_DAB2	1972217	1972420	99.8
Thamnophis_elegans_DAB2	1976795	1976929	99.0
Thamnophis_elegans_DAB2	1984144	1984302	85.9
Thamnophis_elegans_DAB2	1973483	1973584	72.0
Thamnophis_elegans_DAB2	1988995	1989117	58.5
Thamnophis_elegans_DAB2	1979108	1979191	48.9
Thamnophis_elegans_FYB1	2043977	2045098	527
Thamnophis_elegans_FYB1	2095307	2095495	99.4
Thamnophis_elegans_FYB1	2077731	2078000	98.2
Thamnophis_elegans_FYB1	2084112	2084261	87.0
Thamnophis_elegans_FYB1	2079992	2080132	86.3
Thamnophis_elegans_FYB1	2089446	2089586	62.8
