Lacerta_agilis_C9A	CM066329.1	589	78	279	356	355654660	355654893	71.795	4.67e-30	132
Lacerta_agilis_C9A	CM066329.1	589	93	279	371	355699506	355699775	59.140	2.11e-29	130
Lacerta_agilis_C9A	CM066329.1	589	74	461	534	355710987	355711208	68.919	3.51e-25	117
Lacerta_agilis_C9A	CM066329.1	589	74	461	534	355664495	355664716	64.865	7.01e-24	113
Lacerta_agilis_C9A	CM066329.1	589	47	155	201	355641382	355641522	74.468	3.71e-15	85.1
Lacerta_agilis_C9A	CM066329.1	589	55	100	154	355637491	355637655	69.091	2.21e-14	82.8
Lacerta_agilis_C9A	CM066329.1	589	55	100	154	355691952	355692116	70.909	7.22e-14	81.3
Lacerta_agilis_C9A	CM066329.1	589	47	155	201	355693672	355693812	68.085	8.95e-14	80.9
Lacerta_agilis_C9A	CM066329.1	589	51	56	105	355690326	355690478	54.902	2.40e-09	66.6
Lacerta_agilis_C9A	CM066329.1	589	56	403	458	355709602	355709769	53.571	3.15e-09	66.2
Lacerta_agilis_C9A	CM066329.1	589	51	56	105	355636437	355636589	54.902	7.92e-09	64.7
Lacerta_agilis_C9A	CM066329.1	589	56	403	458	355663225	355663392	48.214	4.25e-08	62.4
Lacerta_agilis_C9A	CM066329.1	589	52	534	584	355666221	355666376	53.846	4.25e-08	62.4
Lacerta_agilis_C9A	CM066329.1	589	90	470	551	354844402	354844133	36.667	6.96e-08	61.6
Lacerta_agilis_C9A	CM066329.1	589	70	519	584	355712072	355712281	44.286	8.59e-07	58.2
Lacerta_agilis_C9A	CM066330.1	589	81	279	359	182902177	182901935	37.037	2.92e-09	66.2
Lacerta_agilis_C9A	CM066330.1	589	78	279	356	182823107	182823340	29.487	4.88e-06	55.8
Lacerta_agilis_C9A	CM066343.1	589	224	301	517	21092137	21091514	25.446	2.14e-07	60.1
Lacerta_agilis_C9A	CM066343.1	589	230	297	518	18390372	18390986	23.043	7.89e-07	58.2
Zootoca_vivipara_C9A	CM066329.1	589	78	279	356	355654660	355654893	73.077	1.51e-30	133
Zootoca_vivipara_C9A	CM066329.1	589	93	279	371	355699506	355699775	59.140	4.27e-29	129
Zootoca_vivipara_C9A	CM066329.1	589	74	461	534	355710987	355711208	68.919	3.42e-25	117
Zootoca_vivipara_C9A	CM066329.1	589	74	461	534	355664495	355664716	64.865	8.43e-24	112
Zootoca_vivipara_C9A	CM066329.1	589	47	155	201	355641382	355641522	74.468	3.84e-15	85.1
Zootoca_vivipara_C9A	CM066329.1	589	55	100	154	355637491	355637655	69.091	2.81e-14	82.4
Zootoca_vivipara_C9A	CM066329.1	589	47	155	201	355693672	355693812	68.085	8.58e-14	80.9
Zootoca_vivipara_C9A	CM066329.1	589	55	100	154	355691952	355692116	70.909	1.02e-13	80.5
Zootoca_vivipara_C9A	CM066329.1	589	51	56	105	355690326	355690478	54.902	1.58e-09	67.0
Zootoca_vivipara_C9A	CM066329.1	589	51	56	105	355636437	355636589	54.902	4.25e-09	65.9
Zootoca_vivipara_C9A	CM066329.1	589	56	403	458	355709602	355709769	51.786	1.08e-08	64.3
Zootoca_vivipara_C9A	CM066329.1	589	56	403	458	355663225	355663392	48.214	3.84e-08	62.8
Zootoca_vivipara_C9A	CM066329.1	589	52	534	584	355666221	355666376	53.846	7.33e-08	61.6
Zootoca_vivipara_C9A	CM066329.1	589	60	470	529	354844402	354844223	43.333	5.47e-07	58.9
Zootoca_vivipara_C9A	CM066329.1	589	83	194	274	355643421	355643651	37.349	2.60e-06	56.6
Zootoca_vivipara_C9A	CM066329.1	589	49	537	584	355712135	355712281	53.061	4.59e-06	55.8
Zootoca_vivipara_C9A	CM066330.1	589	81	279	359	182902177	182901935	37.037	5.13e-09	65.5
Zootoca_vivipara_C9A	CM066330.1	589	78	279	356	182823107	182823340	29.487	6.29e-06	55.5
Zootoca_vivipara_C9A	CM066343.1	589	234	297	518	18390372	18390986	24.786	5.91e-07	58.5
Zootoca_vivipara_C9A	CM066343.1	589	224	301	517	21092137	21091514	22.321	1.88e-06	57.0
Podarcis_muralis_C9A	CM066329.1	589	79	278	356	355654657	355654893	72.152	1.15e-30	134
Podarcis_muralis_C9A	CM066329.1	589	94	278	371	355699503	355699775	57.447	5.59e-29	129
Podarcis_muralis_C9A	CM066329.1	589	74	461	534	355710987	355711208	66.216	3.34e-24	114
Podarcis_muralis_C9A	CM066329.1	589	74	461	534	355664495	355664716	62.162	4.95e-23	110
Podarcis_muralis_C9A	CM066329.1	589	47	155	201	355641382	355641522	74.468	3.50e-15	85.5
Podarcis_muralis_C9A	CM066329.1	589	55	100	154	355637491	355637655	69.091	2.22e-14	82.8
Podarcis_muralis_C9A	CM066329.1	589	55	100	154	355691952	355692116	70.909	7.22e-14	81.3
Podarcis_muralis_C9A	CM066329.1	589	47	155	201	355693672	355693812	68.085	8.80e-14	80.9
Podarcis_muralis_C9A	CM066329.1	589	51	56	105	355690326	355690478	56.863	1.69e-09	67.0
Podarcis_muralis_C9A	CM066329.1	589	51	56	105	355636437	355636589	56.863	3.26e-09	66.2
Podarcis_muralis_C9A	CM066329.1	589	117	443	551	354844471	354844133	31.624	3.87e-08	62.4
Podarcis_muralis_C9A	CM066329.1	589	52	534	584	355666221	355666376	53.846	7.91e-08	61.6
Podarcis_muralis_C9A	CM066329.1	589	53	406	458	355709611	355709769	50.943	4.31e-07	59.3
Podarcis_muralis_C9A	CM066329.1	589	70	519	584	355712072	355712281	44.286	6.89e-07	58.5
Podarcis_muralis_C9A	CM066329.1	589	55	404	458	355663228	355663392	45.455	1.44e-06	57.4
Podarcis_muralis_C9A	CM066329.1	589	87	194	274	355643421	355643651	39.080	5.31e-06	55.5
Podarcis_muralis_C9A	CM066330.1	589	81	279	359	182902177	182901935	35.802	1.34e-08	63.9
Podarcis_muralis_C9A	CM066330.1	589	78	279	356	182823107	182823340	30.769	2.37e-06	56.6
Podarcis_muralis_C9A	CM066343.1	589	231	297	518	18390372	18390986	22.511	1.41e-06	57.4
Anolis_carolinensis_C9A	CM066329.1	591	81	457	537	355664477	355664719	61.728	4.12e-26	120
Anolis_carolinensis_C9A	CM066329.1	591	81	457	537	355710969	355711211	61.728	5.71e-26	119
Anolis_carolinensis_C9A	CM066329.1	591	79	280	358	355654657	355654893	64.557	1.15e-25	118
Anolis_carolinensis_C9A	CM066329.1	591	107	280	381	355699503	355699814	50.467	1.47e-24	115
Anolis_carolinensis_C9A	CM066329.1	591	47	156	202	355641382	355641522	74.468	1.56e-14	83.2
Anolis_carolinensis_C9A	CM066329.1	591	47	156	202	355693672	355693812	72.340	5.83e-14	81.3
Anolis_carolinensis_C9A	CM066329.1	591	50	106	155	355691967	355692116	66.000	3.28e-11	72.4
Anolis_carolinensis_C9A	CM066329.1	591	50	106	155	355637506	355637655	64.000	2.98e-10	69.3
Anolis_carolinensis_C9A	CM066329.1	591	52	57	107	355690326	355690481	53.846	9.37e-09	64.7
Anolis_carolinensis_C9A	CM066329.1	591	65	408	472	355709611	355709805	46.154	1.04e-08	64.3
Anolis_carolinensis_C9A	CM066329.1	591	52	536	587	355666221	355666376	48.077	3.99e-08	62.4
Anolis_carolinensis_C9A	CM066329.1	591	49	539	587	355712135	355712281	55.102	3.99e-08	62.4
Anolis_carolinensis_C9A	CM066329.1	591	60	408	467	355663234	355663413	50.000	4.98e-08	62.4
Anolis_carolinensis_C9A	CM066329.1	591	71	461	531	354844432	354844223	39.437	2.71e-07	59.7
Anolis_carolinensis_C9A	CM066329.1	591	82	278	359	354730603	354730848	32.927	5.01e-07	58.9
Anolis_carolinensis_C9A	CM066329.1	591	93	281	372	354780542	354780820	32.258	6.75e-07	58.5
Anolis_carolinensis_C9A	CM066329.1	591	53	12	64	355689584	355689730	49.057	1.48e-06	57.4
Anolis_carolinensis_C9A	CM066329.1	591	55	54	107	355636428	355636592	47.273	1.53e-06	57.4
Anolis_carolinensis_C9A	CM066329.1	591	82	195	276	355643421	355643651	36.585	1.69e-06	57.4
Anolis_carolinensis_C9A	CM066329.1	591	38	542	579	354841122	354841009	60.526	2.11e-06	57.0
Anolis_carolinensis_C9A	CM066329.1	591	42	539	579	354788619	354788744	59.524	7.07e-06	55.1
Anolis_carolinensis_C9A	CM066343.1	591	220	306	518	21092128	21091517	25.909	1.97e-08	63.5
Anolis_carolinensis_C9A	CM066330.1	591	75	454	527	182869204	182868980	33.333	2.87e-06	56.6
Anolis_carolinensis_C9A	CM066330.1	591	78	281	358	182823107	182823340	30.769	5.16e-06	55.8
Pogona_vitticeps_C9A	CM066329.1	576	84	256	339	355654642	355654893	65.476	8.51e-26	119
Pogona_vitticeps_C9A	CM066329.1	576	78	438	515	355710969	355711202	64.103	2.75e-24	114
Pogona_vitticeps_C9A	CM066329.1	576	90	262	351	355699506	355699766	54.444	2.53e-23	111
Pogona_vitticeps_C9A	CM066329.1	576	74	438	511	355664477	355664698	66.216	5.17e-23	110
Pogona_vitticeps_C9A	CM066329.1	576	51	156	206	355641382	355641534	70.588	1.42e-15	86.7
Pogona_vitticeps_C9A	CM066329.1	576	51	156	206	355693672	355693824	70.588	5.57e-15	84.7
Pogona_vitticeps_C9A	CM066329.1	576	71	501	571	355712069	355712281	53.521	1.64e-14	83.2
Pogona_vitticeps_C9A	CM066329.1	576	50	106	155	355691967	355692116	70.000	8.17e-12	74.3
Pogona_vitticeps_C9A	CM066329.1	576	50	106	155	355637506	355637655	68.000	2.10e-11	73.2
Pogona_vitticeps_C9A	CM066329.1	576	86	501	571	355666119	355666376	41.860	3.00e-11	72.8
Pogona_vitticeps_C9A	CM066329.1	576	60	389	448	355709611	355709790	46.667	7.79e-09	64.7
Pogona_vitticeps_C9A	CM066329.1	576	42	523	563	354788619	354788744	69.048	1.33e-08	63.9
Pogona_vitticeps_C9A	CM066329.1	576	60	389	448	355663234	355663413	50.000	1.53e-08	63.9
Pogona_vitticeps_C9A	CM066329.1	576	62	3	64	355689557	355689730	48.387	4.01e-08	62.4
Pogona_vitticeps_C9A	CM066329.1	576	68	443	510	354844429	354844229	42.647	4.29e-07	59.3
Pogona_vitticeps_C9A	CM066329.1	576	45	26	70	355630292	355630426	55.556	7.86e-07	58.2
Pogona_vitticeps_C9A	CM066329.1	576	79	262	340	354730612	354730848	36.709	1.74e-06	57.0
Pogona_vitticeps_C9A	CM066329.1	576	50	526	575	354841122	354840973	50.000	3.18e-06	56.2
Pogona_vitticeps_C9A	CM066329.1	576	70	453	522	354741848	354742057	41.429	4.58e-06	55.8
Pogona_vitticeps_C9A	CM066343.1	576	220	287	499	21092128	21091517	25.455	7.79e-09	64.7
Pogona_vitticeps_C9A	CM066330.1	576	84	257	340	182902192	182901941	34.524	4.15e-08	62.4
Pogona_vitticeps_C9A	CM066330.1	576	52	520	571	182866407	182866252	51.923	2.17e-07	60.1
Pogona_vitticeps_C9A	CM066330.1	576	85	435	518	182869204	182868959	35.294	3.35e-07	59.3
Gekko_japonicus_C9A	CM066329.1	582	78	295	372	355654660	355654893	56.410	2.64e-21	104
Gekko_japonicus_C9A	CM066329.1	582	74	295	368	355699506	355699727	58.108	5.38e-20	100
Gekko_japonicus_C9A	CM066329.1	582	68	457	524	355710987	355711190	61.765	2.54e-19	98.6
Gekko_japonicus_C9A	CM066329.1	582	81	457	536	355664495	355664737	54.321	9.22e-19	96.7
Gekko_japonicus_C9A	CM066329.1	582	62	122	183	355637506	355637688	58.065	3.67e-12	75.5
Gekko_japonicus_C9A	CM066329.1	582	51	122	172	355691967	355692116	64.706	9.27e-11	70.9
Gekko_japonicus_C9A	CM066329.1	582	45	173	217	355641382	355641516	64.444	3.52e-10	69.3
Gekko_japonicus_C9A	CM066329.1	582	51	531	581	355666224	355666376	56.863	4.83e-10	68.6
Gekko_japonicus_C9A	CM066329.1	582	52	530	581	355712126	355712281	63.462	6.79e-10	68.2
Gekko_japonicus_C9A	CM066329.1	582	45	173	217	355693672	355693806	60.000	2.08e-09	66.6
Gekko_japonicus_C9A	CM066329.1	582	52	71	122	355690329	355690478	57.692	3.51e-08	62.8
Gekko_japonicus_C9A	CM066329.1	582	46	536	581	354841122	354840985	54.348	6.10e-08	62.0
Gekko_japonicus_C9A	CM066329.1	582	67	457	523	354844426	354844229	43.284	1.35e-07	60.8
Gekko_japonicus_C9A	CM066329.1	582	82	292	373	354730603	354730848	32.927	3.22e-07	59.7
Gekko_japonicus_C9A	CM066329.1	582	67	466	530	354741848	354742048	40.299	1.49e-06	57.4
Gekko_japonicus_C9A	CM066330.1	582	81	295	375	182902177	182901935	35.802	4.30e-08	62.4
Gekko_japonicus_C9A	CM066330.1	582	67	456	521	182869180	182868980	38.806	5.18e-07	58.9
Gekko_japonicus_C9A	CM066343.1	582	216	313	514	18390372	18390986	25.463	5.90e-08	62.0
Crotalus_tigris_C9A	CM066329.1	583	94	274	367	355699497	355699769	76.596	2.77e-37	154
Crotalus_tigris_C9A	CM066329.1	583	80	453	532	355664477	355664716	82.500	4.03e-34	144
Crotalus_tigris_C9A	CM066329.1	583	80	453	532	355710969	355711208	80.000	1.69e-32	139
Crotalus_tigris_C9A	CM066329.1	583	78	276	353	355654657	355654890	78.205	3.75e-32	138
Crotalus_tigris_C9A	CM066329.1	583	78	196	273	355695224	355695457	74.359	7.95e-24	112
Crotalus_tigris_C9A	CM066329.1	583	73	396	468	355709587	355709805	71.233	4.82e-21	103
Crotalus_tigris_C9A	CM066329.1	583	51	533	583	355712129	355712281	82.353	3.76e-20	101
Crotalus_tigris_C9A	CM066329.1	583	50	107	156	355637506	355637655	92.000	2.23e-19	98.6
Crotalus_tigris_C9A	CM066329.1	583	50	107	156	355691967	355692116	92.000	3.89e-19	97.8
Crotalus_tigris_C9A	CM066329.1	583	47	157	203	355693672	355693812	87.234	4.21e-18	94.7
Crotalus_tigris_C9A	CM066329.1	583	54	54	107	355690317	355690478	74.074	8.64e-18	93.6
Crotalus_tigris_C9A	CM066329.1	583	63	401	463	355663225	355663413	68.254	8.95e-18	93.6
Crotalus_tigris_C9A	CM066329.1	583	47	157	203	355641382	355641522	80.851	7.58e-16	87.4
Crotalus_tigris_C9A	CM066329.1	583	51	57	107	355636437	355636589	72.549	1.66e-14	83.2
Crotalus_tigris_C9A	CM066329.1	583	77	196	272	355643421	355643651	53.247	2.30e-14	82.8
Crotalus_tigris_C9A	CM066329.1	583	52	532	583	355666221	355666376	59.615	3.63e-13	79.0
Crotalus_tigris_C9A	CM066329.1	583	41	26	66	355689614	355689736	75.610	2.42e-10	69.7
Crotalus_tigris_C9A	CM066329.1	583	41	355	395	355701928	355702050	70.732	6.84e-08	61.6
Crotalus_tigris_C9A	CM066329.1	583	53	527	579	354841155	354840997	47.170	3.94e-06	55.8
Crotalus_tigris_C9A	CM066329.1	583	69	457	525	354844432	354844229	39.130	8.48e-06	55.1
Crotalus_tigris_C9A	CM066343.1	583	223	299	514	21092137	21091517	26.906	2.93e-11	72.8
Crotalus_tigris_C9A	CM066330.1	583	103	277	379	182902177	182901872	31.068	1.54e-07	60.5
Crotalus_tigris_C9A	CM066330.1	583	46	538	583	182866389	182866252	52.174	4.71e-06	55.8
Crotalus_tigris_C9A	CM066330.1	583	51	529	579	182841061	182841213	47.059	6.24e-06	55.5
Thamnophis_elegans_C9A	CM066329.1	583	82	274	355	355654651	355654896	87.805	2.17e-38	157
Thamnophis_elegans_C9A	CM066329.1	583	94	274	367	355699497	355699769	68.085	1.20e-32	140
Thamnophis_elegans_C9A	CM066329.1	583	80	453	532	355664477	355664716	81.250	2.54e-31	135
Thamnophis_elegans_C9A	CM066329.1	583	80	453	532	355710969	355711208	73.750	6.63e-28	125
Thamnophis_elegans_C9A	CM066329.1	583	58	99	156	355637482	355637655	84.483	1.03e-20	102
Thamnophis_elegans_C9A	CM066329.1	583	66	398	463	355663216	355663413	71.212	2.07e-20	102
Thamnophis_elegans_C9A	CM066329.1	583	52	532	583	355666221	355666376	78.846	1.79e-19	99.0
Thamnophis_elegans_C9A	CM066329.1	583	78	196	273	355643421	355643654	65.385	3.47e-19	98.2
Thamnophis_elegans_C9A	CM066329.1	583	71	398	468	355709593	355709805	66.197	5.95e-19	97.4
Thamnophis_elegans_C9A	CM066329.1	583	50	107	156	355691967	355692116	90.000	2.92e-18	95.1
Thamnophis_elegans_C9A	CM066329.1	583	51	57	107	355636437	355636589	80.392	1.42e-17	92.8
Thamnophis_elegans_C9A	CM066329.1	583	47	157	203	355641382	355641522	82.979	6.34e-17	90.9
Thamnophis_elegans_C9A	CM066329.1	583	54	54	107	355690317	355690478	72.222	2.07e-16	89.4
Thamnophis_elegans_C9A	CM066329.1	583	47	157	203	355693672	355693812	80.851	1.33e-15	86.7
Thamnophis_elegans_C9A	CM066329.1	583	51	533	583	355712129	355712281	64.706	1.07e-12	77.4
Thamnophis_elegans_C9A	CM066329.1	583	45	26	70	355630292	355630426	64.444	8.18e-09	64.7
Thamnophis_elegans_C9A	CM066329.1	583	41	26	66	355689614	355689736	63.415	1.56e-08	63.9
Thamnophis_elegans_C9A	CM066329.1	583	46	351	395	355661408	355661545	71.739	3.02e-08	62.8
Thamnophis_elegans_C9A	CM066329.1	583	80	196	271	355695224	355695451	45.000	5.53e-08	62.0
Thamnophis_elegans_C9A	CM066329.1	583	50	535	583	354788619	354788768	54.000	6.39e-08	62.0
Thamnophis_elegans_C9A	CM066329.1	583	50	535	583	354747135	354747284	52.000	7.89e-07	58.2
Thamnophis_elegans_C9A	CM066343.1	583	227	299	514	21092137	21091517	24.670	3.50e-10	69.3
Thamnophis_elegans_C9A	CM066330.1	583	50	530	579	182841064	182841213	52.000	3.96e-09	65.9
Thamnophis_elegans_C9A	CM066330.1	583	119	277	395	182823107	182823448	27.731	1.29e-07	60.8
Thamnophis_elegans_C9A	CM066330.1	583	81	274	354	182902186	182901944	33.333	9.35e-07	58.2
Naja_naja_C9A	CM066329.1	582	94	274	367	355699497	355699769	84.043	9.38e-42	167
Naja_naja_C9A	CM066329.1	582	80	452	531	355710969	355711208	88.750	3.96e-36	150
Naja_naja_C9A	CM066329.1	582	80	452	531	355664477	355664716	83.750	1.44e-34	145
Naja_naja_C9A	CM066329.1	582	79	195	273	355695221	355695457	89.873	3.38e-34	144
Naja_naja_C9A	CM066329.1	582	78	276	353	355654657	355654890	75.641	1.01e-30	134
Naja_naja_C9A	CM066329.1	582	56	527	582	355712114	355712281	91.071	1.66e-24	114
Naja_naja_C9A	CM066329.1	582	72	396	467	355709590	355709805	75.000	1.13e-22	108
Naja_naja_C9A	CM066329.1	582	54	54	107	355690317	355690478	88.889	6.89e-22	106
Naja_naja_C9A	CM066329.1	582	50	107	156	355691967	355692116	98.000	1.49e-21	105
Naja_naja_C9A	CM066329.1	582	50	107	156	355637506	355637655	94.000	2.27e-20	102
Naja_naja_C9A	CM066329.1	582	47	157	203	355693672	355693812	95.745	5.02e-20	100
Naja_naja_C9A	CM066329.1	582	57	400	456	355663225	355663395	68.421	3.35e-17	91.7
Naja_naja_C9A	CM066329.1	582	77	196	272	355643421	355643651	58.442	3.18e-16	88.6
Naja_naja_C9A	CM066329.1	582	51	57	107	355636437	355636589	72.549	4.46e-15	85.1
Naja_naja_C9A	CM066329.1	582	47	157	203	355641382	355641522	74.468	3.35e-14	82.0
Naja_naja_C9A	CM066329.1	582	52	531	582	355666221	355666376	61.538	1.36e-13	80.1
Naja_naja_C9A	CM066329.1	582	41	26	66	355689614	355689736	78.049	2.66e-11	72.8
Naja_naja_C9A	CM066329.1	582	42	355	395	355701928	355702053	76.190	6.31e-08	62.0
Naja_naja_C9A	CM066329.1	582	69	456	524	354844432	354844229	40.580	2.64e-07	59.7
Naja_naja_C9A	CM066329.1	582	45	26	70	355630292	355630426	55.556	7.64e-06	55.1
Naja_naja_C9A	CM066343.1	582	220	299	513	21092137	21091517	25.455	1.96e-09	66.6
Naja_naja_C9A	CM066343.1	582	219	298	515	18390381	18390986	23.288	8.23e-08	61.6
Naja_naja_C9A	CM066330.1	582	76	277	352	182902177	182901950	38.158	2.45e-07	60.1
Naja_naja_C9A	CM066330.1	582	47	536	582	182866392	182866252	51.064	8.53e-06	55.1
Pseudonaja_textilis_C9A	CM066329.1	583	94	274	367	355699497	355699769	87.234	2.03e-43	172
Pseudonaja_textilis_C9A	CM066329.1	583	77	456	532	355710978	355711208	94.805	1.48e-37	155
Pseudonaja_textilis_C9A	CM066329.1	583	78	196	273	355695224	355695457	91.026	1.11e-33	143
Pseudonaja_textilis_C9A	CM066329.1	583	80	453	532	355664477	355664716	81.250	1.75e-33	142
Pseudonaja_textilis_C9A	CM066329.1	583	78	276	353	355654657	355654890	79.487	5.01e-32	138
Pseudonaja_textilis_C9A	CM066329.1	583	56	528	583	355712114	355712281	96.429	4.13e-26	119
Pseudonaja_textilis_C9A	CM066329.1	583	73	396	468	355709587	355709805	82.192	2.78e-25	117
Pseudonaja_textilis_C9A	CM066329.1	583	54	54	107	355690317	355690478	92.593	3.43e-23	110
Pseudonaja_textilis_C9A	CM066329.1	583	50	107	156	355691967	355692116	98.000	1.73e-21	105
Pseudonaja_textilis_C9A	CM066329.1	583	50	107	156	355637506	355637655	98.000	2.52e-21	104
Pseudonaja_textilis_C9A	CM066329.1	583	47	157	203	355693672	355693812	95.745	5.28e-20	100
Pseudonaja_textilis_C9A	CM066329.1	583	57	401	457	355663225	355663395	68.421	1.26e-17	93.2
Pseudonaja_textilis_C9A	CM066329.1	583	77	196	272	355643421	355643651	58.442	4.92e-16	88.2
Pseudonaja_textilis_C9A	CM066329.1	583	51	57	107	355636437	355636589	74.510	2.54e-15	85.9
Pseudonaja_textilis_C9A	CM066329.1	583	47	157	203	355641382	355641522	74.468	3.30e-14	82.0
Pseudonaja_textilis_C9A	CM066329.1	583	52	532	583	355666221	355666376	63.462	3.39e-14	82.0
Pseudonaja_textilis_C9A	CM066329.1	583	41	355	395	355701928	355702050	95.122	2.12e-13	79.7
Pseudonaja_textilis_C9A	CM066329.1	583	41	26	66	355689614	355689736	82.927	3.35e-12	75.9
Pseudonaja_textilis_C9A	CM066329.1	583	71	457	527	354844432	354844223	40.845	2.58e-07	59.7
Pseudonaja_textilis_C9A	CM066329.1	583	45	26	70	355630292	355630426	55.556	3.03e-06	56.2
Pseudonaja_textilis_C9A	CM066329.1	583	47	537	583	354841125	354840985	53.191	7.85e-06	55.1
Pseudonaja_textilis_C9A	CM066343.1	583	221	299	514	21092137	21091517	24.887	9.35e-10	67.8
Pseudonaja_textilis_C9A	CM066343.1	583	220	298	516	18390381	18390986	22.273	2.07e-07	60.1
Pseudonaja_textilis_C9A	CM066330.1	583	76	277	352	182902177	182901950	38.158	1.20e-07	60.8
Pseudonaja_textilis_C9A	CM066330.1	583	43	537	579	182866392	182866264	53.488	6.97e-06	55.1
Python_bivittatus_C9A	CM066329.1	582	81	274	354	355654651	355654893	87.654	8.03e-38	155
Python_bivittatus_C9A	CM066329.1	582	94	274	367	355699497	355699769	65.957	7.70e-32	137
Python_bivittatus_C9A	CM066329.1	582	80	453	532	355664477	355664716	76.250	6.82e-31	134
Python_bivittatus_C9A	CM066329.1	582	80	453	532	355710969	355711208	71.250	1.90e-27	124
Python_bivittatus_C9A	CM066329.1	582	97	107	200	355637506	355637796	56.701	2.48e-21	104
Python_bivittatus_C9A	CM066329.1	582	77	196	272	355643421	355643651	63.636	3.73e-19	98.2
Python_bivittatus_C9A	CM066329.1	582	50	107	156	355691967	355692116	90.000	7.42e-19	97.1
Python_bivittatus_C9A	CM066329.1	582	71	398	468	355709593	355709805	64.789	4.26e-18	94.7
Python_bivittatus_C9A	CM066329.1	582	60	398	457	355663216	355663395	73.333	6.74e-18	94.0
Python_bivittatus_C9A	CM066329.1	582	47	157	203	355693672	355693812	85.106	1.09e-17	93.2
Python_bivittatus_C9A	CM066329.1	582	48	535	582	355712138	355712281	77.083	2.19e-16	89.4
Python_bivittatus_C9A	CM066329.1	582	47	157	203	355641382	355641522	76.596	3.82e-15	85.1
Python_bivittatus_C9A	CM066329.1	582	53	55	107	355636431	355636589	60.377	2.10e-12	76.3
Python_bivittatus_C9A	CM066329.1	582	54	54	107	355690317	355690478	57.407	1.07e-11	73.9
Python_bivittatus_C9A	CM066329.1	582	52	532	582	355666221	355666376	61.538	1.16e-11	73.9
Python_bivittatus_C9A	CM066329.1	582	77	196	272	355695224	355695454	51.948	2.54e-11	72.8
Python_bivittatus_C9A	CM066329.1	582	41	26	66	355689614	355689736	63.415	3.95e-08	62.4
Python_bivittatus_C9A	CM066329.1	582	47	529	574	354788604	354788744	59.574	1.56e-07	60.5
Python_bivittatus_C9A	CM066329.1	582	45	26	70	355630292	355630426	57.778	4.48e-07	58.9
Python_bivittatus_C9A	CM066329.1	582	99	459	548	354844426	354844133	33.333	1.11e-06	57.8
Python_bivittatus_C9A	CM066329.1	582	39	536	574	354841125	354841009	61.538	9.61e-06	54.7
Python_bivittatus_C9A	CM066343.1	582	227	299	514	21092137	21091517	25.551	8.22e-11	71.2
Python_bivittatus_C9A	CM066330.1	582	79	277	355	182902177	182901941	35.443	8.23e-08	61.6
Python_bivittatus_C9A	CM066330.1	582	51	532	582	182866395	182866252	54.902	1.17e-07	60.8
Python_bivittatus_C9A	CM066330.1	582	75	450	523	182869204	182868980	36.000	3.23e-06	56.2
Notechis_scutatus_C9A	CM066329.1	583	94	274	367	355699497	355699769	87.234	2.16e-43	172
Notechis_scutatus_C9A	CM066329.1	583	77	456	532	355710978	355711208	97.403	3.94e-39	159
Notechis_scutatus_C9A	CM066329.1	583	78	196	273	355695224	355695457	93.590	1.50e-34	145
Notechis_scutatus_C9A	CM066329.1	583	80	453	532	355664477	355664716	81.250	6.16e-33	140
Notechis_scutatus_C9A	CM066329.1	583	78	276	353	355654657	355654890	79.487	5.10e-32	138
Notechis_scutatus_C9A	CM066329.1	583	56	528	583	355712114	355712281	96.429	4.56e-26	119
Notechis_scutatus_C9A	CM066329.1	583	73	396	468	355709587	355709805	83.562	4.72e-26	119
Notechis_scutatus_C9A	CM066329.1	583	54	54	107	355690317	355690478	94.444	1.73e-23	111
Notechis_scutatus_C9A	CM066329.1	583	50	107	156	355691967	355692116	100.000	7.19e-22	106
Notechis_scutatus_C9A	CM066329.1	583	50	107	156	355637506	355637655	96.000	1.22e-20	102
Notechis_scutatus_C9A	CM066329.1	583	47	157	203	355693672	355693812	95.745	5.19e-20	100
Notechis_scutatus_C9A	CM066329.1	583	60	398	457	355663216	355663395	66.667	5.60e-18	94.4
Notechis_scutatus_C9A	CM066329.1	583	77	196	272	355643421	355643651	59.740	2.91e-16	89.0
Notechis_scutatus_C9A	CM066329.1	583	51	57	107	355636437	355636589	74.510	2.69e-15	85.9
Notechis_scutatus_C9A	CM066329.1	583	47	157	203	355641382	355641522	74.468	3.22e-14	82.4
Notechis_scutatus_C9A	CM066329.1	583	52	532	583	355666221	355666376	63.462	3.60e-14	82.0
Notechis_scutatus_C9A	CM066329.1	583	41	355	395	355701928	355702050	95.122	2.08e-13	79.7
Notechis_scutatus_C9A	CM066329.1	583	41	26	66	355689614	355689736	82.927	3.35e-12	75.9
Notechis_scutatus_C9A	CM066329.1	583	71	457	527	354844432	354844223	40.845	4.61e-07	58.9
Notechis_scutatus_C9A	CM066329.1	583	45	26	70	355630292	355630426	55.556	3.03e-06	56.2
Notechis_scutatus_C9A	CM066329.1	583	47	537	583	354841125	354840985	53.191	8.06e-06	55.1
Notechis_scutatus_C9A	CM066343.1	583	221	299	514	21092137	21091517	24.887	6.99e-10	68.2
Notechis_scutatus_C9A	CM066343.1	583	220	298	516	18390381	18390986	22.273	2.67e-07	59.7
Notechis_scutatus_C9A	CM066330.1	583	76	277	352	182902177	182901950	38.158	1.18e-07	60.8
Notechis_scutatus_C9A	CM066330.1	583	43	537	579	182866392	182866264	53.488	6.80e-06	55.1
Hydrophis_cyanocinctus_C9A	CM066329.1	583	94	274	367	355699497	355699769	89.362	1.55e-44	176
Hydrophis_cyanocinctus_C9A	CM066329.1	583	77	456	532	355710978	355711208	98.701	1.33e-39	161
Hydrophis_cyanocinctus_C9A	CM066329.1	583	79	195	273	355695221	355695457	93.671	3.94e-35	147
Hydrophis_cyanocinctus_C9A	CM066329.1	583	80	453	532	355664477	355664716	80.000	2.86e-32	139
Hydrophis_cyanocinctus_C9A	CM066329.1	583	80	274	353	355654651	355654890	78.750	3.82e-32	138
Hydrophis_cyanocinctus_C9A	CM066329.1	583	72	397	468	355709590	355709805	86.111	3.33e-27	123
Hydrophis_cyanocinctus_C9A	CM066329.1	583	56	528	583	355712114	355712281	96.429	4.98e-26	119
Hydrophis_cyanocinctus_C9A	CM066329.1	583	54	54	107	355690317	355690478	94.444	2.01e-23	111
Hydrophis_cyanocinctus_C9A	CM066329.1	583	50	107	156	355691967	355692116	100.000	7.65e-22	106
Hydrophis_cyanocinctus_C9A	CM066329.1	583	50	107	156	355637506	355637655	96.000	1.13e-20	102
Hydrophis_cyanocinctus_C9A	CM066329.1	583	47	157	203	355693672	355693812	97.872	2.13e-20	102
Hydrophis_cyanocinctus_C9A	CM066329.1	583	60	398	457	355663216	355663395	63.333	3.14e-16	88.6
Hydrophis_cyanocinctus_C9A	CM066329.1	583	77	196	272	355643421	355643651	59.740	5.95e-16	87.8
Hydrophis_cyanocinctus_C9A	CM066329.1	583	42	355	396	355701928	355702053	100.000	1.13e-15	87.0
Hydrophis_cyanocinctus_C9A	CM066329.1	583	51	57	107	355636437	355636589	74.510	2.77e-15	85.5
Hydrophis_cyanocinctus_C9A	CM066329.1	583	47	157	203	355641382	355641522	74.468	1.92e-14	82.8
Hydrophis_cyanocinctus_C9A	CM066329.1	583	52	532	583	355666221	355666376	63.462	3.57e-14	82.0
Hydrophis_cyanocinctus_C9A	CM066329.1	583	41	26	66	355689614	355689736	82.927	3.38e-12	75.9
Hydrophis_cyanocinctus_C9A	CM066329.1	583	71	457	527	354844432	354844223	40.845	4.61e-07	58.9
Hydrophis_cyanocinctus_C9A	CM066329.1	583	45	26	70	355630292	355630426	55.556	3.08e-06	56.2
Hydrophis_cyanocinctus_C9A	CM066329.1	583	47	537	583	354841125	354840985	53.191	7.85e-06	55.1
Hydrophis_cyanocinctus_C9A	CM066343.1	583	221	299	514	21092137	21091517	24.887	3.88e-10	68.9
Hydrophis_cyanocinctus_C9A	CM066343.1	583	220	298	516	18390381	18390986	22.727	4.98e-07	58.9
Hydrophis_cyanocinctus_C9A	CM066330.1	583	103	273	375	182902189	182901884	33.010	5.62e-08	62.0
Hydrophis_cyanocinctus_C9A	CM066330.1	583	43	537	579	182866392	182866264	53.488	6.80e-06	55.1
Laticauda_colubrina_C9A	CM066329.1	583	94	274	367	355699497	355699769	88.298	7.75e-44	174
Laticauda_colubrina_C9A	CM066329.1	583	77	456	532	355710978	355711208	94.805	3.15e-38	157
Laticauda_colubrina_C9A	CM066329.1	583	79	195	273	355695221	355695457	89.873	1.70e-33	142
Laticauda_colubrina_C9A	CM066329.1	583	80	453	532	355664477	355664716	80.000	1.62e-32	139
Laticauda_colubrina_C9A	CM066329.1	583	78	276	353	355654657	355654890	79.487	2.81e-32	139
Laticauda_colubrina_C9A	CM066329.1	583	56	528	583	355712114	355712281	94.643	1.05e-25	118
Laticauda_colubrina_C9A	CM066329.1	583	72	397	468	355709590	355709805	77.778	8.92e-24	112
Laticauda_colubrina_C9A	CM066329.1	583	54	54	107	355690317	355690478	90.741	4.25e-22	107
Laticauda_colubrina_C9A	CM066329.1	583	50	107	156	355691967	355692116	98.000	1.70e-21	105
Laticauda_colubrina_C9A	CM066329.1	583	50	107	156	355637506	355637655	94.000	2.82e-20	101
Laticauda_colubrina_C9A	CM066329.1	583	47	157	203	355693672	355693812	95.745	5.86e-20	100
Laticauda_colubrina_C9A	CM066329.1	583	57	401	457	355663225	355663395	70.175	5.95e-18	94.4
Laticauda_colubrina_C9A	CM066329.1	583	77	196	272	355643421	355643651	57.143	3.29e-15	85.5
Laticauda_colubrina_C9A	CM066329.1	583	51	57	107	355636437	355636589	74.510	6.32e-15	84.3
Laticauda_colubrina_C9A	CM066329.1	583	47	157	203	355641382	355641522	74.468	3.86e-14	82.0
Laticauda_colubrina_C9A	CM066329.1	583	52	532	583	355666221	355666376	61.538	1.26e-13	80.5
Laticauda_colubrina_C9A	CM066329.1	583	42	355	396	355701928	355702053	85.714	8.53e-12	74.3
Laticauda_colubrina_C9A	CM066329.1	583	41	26	66	355689614	355689736	80.488	1.15e-11	73.9
Laticauda_colubrina_C9A	CM066329.1	583	71	457	527	354844432	354844223	40.845	2.29e-07	60.1
Laticauda_colubrina_C9A	CM066329.1	583	45	26	70	355630292	355630426	55.556	4.56e-06	55.8
Laticauda_colubrina_C9A	CM066329.1	583	47	537	583	354841125	354840985	53.191	8.27e-06	55.1
Laticauda_colubrina_C9A	CM066343.1	583	221	299	514	21092137	21091517	24.434	3.48e-09	65.9
Laticauda_colubrina_C9A	CM066343.1	583	220	298	516	18390381	18390986	21.818	3.88e-06	56.2
Laticauda_colubrina_C9A	CM066330.1	583	76	277	352	182902177	182901950	38.158	1.17e-07	60.8
Laticauda_colubrina_C9A	CM066330.1	583	47	537	583	182866392	182866252	51.064	9.39e-06	54.7
Protobothrops_mucrosquamatus_C9A	CM066329.1	583	81	274	354	355654651	355654893	88.889	3.04e-38	157
Protobothrops_mucrosquamatus_C9A	CM066329.1	583	80	453	532	355664477	355664716	82.500	6.23e-34	144
Protobothrops_mucrosquamatus_C9A	CM066329.1	583	94	274	367	355699497	355699769	69.149	1.75e-33	142
Protobothrops_mucrosquamatus_C9A	CM066329.1	583	80	453	532	355710969	355711208	78.750	7.59e-32	137
Protobothrops_mucrosquamatus_C9A	CM066329.1	583	75	199	273	355643430	355643654	73.333	1.62e-24	115
Protobothrops_mucrosquamatus_C9A	CM066329.1	583	69	400	468	355709599	355709805	72.464	1.02e-20	102
Protobothrops_mucrosquamatus_C9A	CM066329.1	583	50	107	156	355637506	355637655	92.000	3.13e-20	101
Protobothrops_mucrosquamatus_C9A	CM066329.1	583	50	107	156	355691967	355692116	88.000	6.06e-19	97.4
Protobothrops_mucrosquamatus_C9A	CM066329.1	583	60	398	457	355663216	355663395	71.667	1.60e-18	95.9
Protobothrops_mucrosquamatus_C9A	CM066329.1	583	47	157	203	355641382	355641522	87.234	8.87e-18	93.6
Protobothrops_mucrosquamatus_C9A	CM066329.1	583	52	532	583	355666221	355666376	73.077	2.76e-17	92.0
Protobothrops_mucrosquamatus_C9A	CM066329.1	583	54	54	107	355690317	355690478	72.222	1.15e-16	90.1
Protobothrops_mucrosquamatus_C9A	CM066329.1	583	47	157	203	355693672	355693812	80.851	1.55e-16	89.7
Protobothrops_mucrosquamatus_C9A	CM066329.1	583	51	533	583	355712129	355712281	76.471	2.51e-16	89.0
Protobothrops_mucrosquamatus_C9A	CM066329.1	583	51	57	107	355636437	355636589	70.588	2.49e-14	82.4
Protobothrops_mucrosquamatus_C9A	CM066329.1	583	74	203	272	355695245	355695454	52.703	5.84e-10	68.6
Protobothrops_mucrosquamatus_C9A	CM066329.1	583	41	26	66	355689614	355689736	63.415	6.17e-08	62.0
Protobothrops_mucrosquamatus_C9A	CM066329.1	583	45	26	70	355630292	355630426	60.000	3.12e-07	59.7
Protobothrops_mucrosquamatus_C9A	CM066329.1	583	52	528	579	354841152	354840997	50.000	4.03e-07	59.3
Protobothrops_mucrosquamatus_C9A	CM066329.1	583	69	457	525	354844432	354844229	42.029	4.42e-07	58.9
Protobothrops_mucrosquamatus_C9A	CM066329.1	583	43	354	395	355661417	355661545	65.116	5.91e-07	58.5
Protobothrops_mucrosquamatus_C9A	CM066329.1	583	50	535	583	354788619	354788768	56.000	7.18e-07	58.5
Protobothrops_mucrosquamatus_C9A	CM066329.1	583	79	277	355	354730612	354730848	32.911	7.89e-07	58.2
Protobothrops_mucrosquamatus_C9A	CM066329.1	583	90	266	355	354780515	354780778	30.000	4.01e-06	55.8
Protobothrops_mucrosquamatus_C9A	CM066343.1	583	223	299	514	21092137	21091517	27.354	1.30e-11	73.9
Protobothrops_mucrosquamatus_C9A	CM066330.1	583	82	274	355	182902186	182901941	35.366	1.65e-08	63.9
Protobothrops_mucrosquamatus_C9A	CM066330.1	583	51	529	579	182841061	182841213	50.980	8.54e-08	61.6
Protobothrops_mucrosquamatus_C9A	CM066330.1	583	52	532	583	182866395	182866252	53.846	3.99e-07	59.3
Protobothrops_mucrosquamatus_C9A	CM066330.1	583	78	277	354	182823107	182823340	29.487	5.88e-06	55.5
Chrysopelea_ornata_C9A	CM066329.1	584	81	274	354	355654651	355654893	90.123	4.25e-37	153
Chrysopelea_ornata_C9A	CM066329.1	584	80	454	533	355664477	355664716	85.000	9.92e-35	146
Chrysopelea_ornata_C9A	CM066329.1	584	94	274	367	355699497	355699769	71.277	2.39e-33	142
Chrysopelea_ornata_C9A	CM066329.1	584	80	454	533	355710969	355711208	77.500	1.83e-31	136
Chrysopelea_ornata_C9A	CM066329.1	584	78	196	273	355643421	355643654	78.205	4.17e-28	126
Chrysopelea_ornata_C9A	CM066329.1	584	58	99	156	355637482	355637655	87.931	1.30e-22	108
Chrysopelea_ornata_C9A	CM066329.1	584	52	533	584	355666221	355666376	88.462	8.26e-22	106
Chrysopelea_ornata_C9A	CM066329.1	584	66	399	464	355663216	355663413	72.727	7.13e-21	103
Chrysopelea_ornata_C9A	CM066329.1	584	50	107	156	355691967	355692116	94.000	2.86e-20	101
Chrysopelea_ornata_C9A	CM066329.1	584	47	157	203	355693672	355693812	91.489	6.04e-19	97.4
Chrysopelea_ornata_C9A	CM066329.1	584	53	55	107	355636431	355636589	81.132	3.41e-18	95.1
Chrysopelea_ornata_C9A	CM066329.1	584	71	399	469	355709593	355709805	63.380	3.88e-18	94.7
Chrysopelea_ornata_C9A	CM066329.1	584	54	54	107	355690317	355690478	74.074	7.85e-17	90.5
Chrysopelea_ornata_C9A	CM066329.1	584	47	157	203	355641382	355641522	74.468	3.12e-14	82.4
Chrysopelea_ornata_C9A	CM066329.1	584	51	534	584	355712129	355712281	64.706	2.58e-12	76.3
Chrysopelea_ornata_C9A	CM066329.1	584	78	195	272	355695221	355695454	50.000	3.23e-12	75.9
Chrysopelea_ornata_C9A	CM066329.1	584	41	26	66	355689614	355689736	65.854	1.53e-08	63.9
Chrysopelea_ornata_C9A	CM066329.1	584	43	354	396	355661417	355661545	69.767	1.83e-08	63.5
Chrysopelea_ornata_C9A	CM066329.1	584	45	26	70	355630292	355630426	57.778	4.04e-07	59.3
Chrysopelea_ornata_C9A	CM066329.1	584	69	458	526	354844432	354844229	40.580	2.14e-06	57.0
Chrysopelea_ornata_C9A	CM066329.1	584	79	277	355	354730612	354730848	32.911	2.52e-06	56.6
Chrysopelea_ornata_C9A	CM066329.1	584	56	529	584	354841152	354840985	46.429	2.56e-06	56.6
Chrysopelea_ornata_C9A	CM066329.1	584	50	536	584	354788619	354788768	50.000	5.60e-06	55.5
Chrysopelea_ornata_C9A	CM066343.1	584	224	299	515	21092137	21091517	28.571	6.51e-12	74.7
Chrysopelea_ornata_C9A	CM066330.1	584	51	530	580	182841061	182841213	54.902	2.95e-09	66.2
Chrysopelea_ornata_C9A	CM066330.1	584	84	274	357	182902186	182901935	38.095	3.49e-09	65.9
Pituophis_catenifer_C9A	CM066329.1	583	94	274	367	355699497	355699769	82.979	1.95e-40	163
Pituophis_catenifer_C9A	CM066329.1	583	80	453	532	355664477	355664716	83.750	2.65e-33	142
Pituophis_catenifer_C9A	CM066329.1	583	77	277	353	355654660	355654890	83.117	5.99e-33	140
Pituophis_catenifer_C9A	CM066329.1	583	80	453	532	355710969	355711208	73.750	5.42e-29	129
Pituophis_catenifer_C9A	CM066329.1	583	75	198	272	355643427	355643651	76.000	8.34e-27	122
Pituophis_catenifer_C9A	CM066329.1	583	52	532	583	355666221	355666376	90.385	1.67e-22	108
Pituophis_catenifer_C9A	CM066329.1	583	50	107	156	355637506	355637655	96.000	5.74e-21	103
Pituophis_catenifer_C9A	CM066329.1	583	54	54	107	355690317	355690478	83.333	6.10e-21	103
Pituophis_catenifer_C9A	CM066329.1	583	72	397	468	355709590	355709805	66.667	1.10e-19	99.8
Pituophis_catenifer_C9A	CM066329.1	583	50	107	156	355691967	355692116	92.000	1.27e-19	99.4
Pituophis_catenifer_C9A	CM066329.1	583	62	396	457	355663210	355663395	70.968	1.25e-18	96.3
Pituophis_catenifer_C9A	CM066329.1	583	47	157	203	355641382	355641522	87.234	8.72e-18	93.6
Pituophis_catenifer_C9A	CM066329.1	583	47	157	203	355693672	355693812	82.979	8.81e-17	90.5
Pituophis_catenifer_C9A	CM066329.1	583	51	57	107	355636437	355636589	74.510	1.25e-15	86.7
Pituophis_catenifer_C9A	CM066329.1	583	49	535	583	355712135	355712281	69.388	3.76e-13	79.0
Pituophis_catenifer_C9A	CM066329.1	583	76	198	273	355695230	355695457	48.684	1.74e-11	73.6
Pituophis_catenifer_C9A	CM066329.1	583	41	26	66	355689614	355689736	68.293	4.35e-09	65.5
Pituophis_catenifer_C9A	CM066329.1	583	45	26	70	355630292	355630426	64.444	1.23e-08	64.3
Pituophis_catenifer_C9A	CM066329.1	583	42	355	395	355661420	355661545	71.429	1.45e-07	60.8
Pituophis_catenifer_C9A	CM066329.1	583	56	528	583	354841152	354840985	48.214	2.91e-07	59.7
Pituophis_catenifer_C9A	CM066329.1	583	42	535	575	354788619	354788744	61.905	7.82e-07	58.2
Pituophis_catenifer_C9A	CM066329.1	583	56	529	583	354747117	354747284	46.429	8.55e-06	55.1
Pituophis_catenifer_C9A	CM066343.1	583	223	299	514	21092137	21091517	27.803	3.41e-12	75.9
Pituophis_catenifer_C9A	CM066330.1	583	52	529	580	182841061	182841216	57.692	1.39e-10	70.5
Pituophis_catenifer_C9A	CM066330.1	583	79	277	355	182902177	182901941	37.975	1.19e-07	60.8
Pituophis_catenifer_C9A	CM066330.1	583	75	450	523	182869204	182868980	34.667	2.93e-06	56.6
Pantherophis_obsoletus_C9A	CM066329.1	583	81	274	354	355654651	355654893	91.358	2.56e-39	160
Pantherophis_obsoletus_C9A	CM066329.1	583	94	274	367	355699497	355699769	73.404	3.67e-36	150
Pantherophis_obsoletus_C9A	CM066329.1	583	80	453	532	355664477	355664716	83.750	2.34e-33	142
Pantherophis_obsoletus_C9A	CM066329.1	583	80	453	532	355710969	355711208	73.750	5.67e-29	129
Pantherophis_obsoletus_C9A	CM066329.1	583	75	199	273	355643430	355643654	78.667	5.02e-26	119
Pantherophis_obsoletus_C9A	CM066329.1	583	60	398	457	355663216	355663395	81.667	2.84e-22	107
Pantherophis_obsoletus_C9A	CM066329.1	583	52	532	583	355666221	355666376	88.462	4.36e-22	107
Pantherophis_obsoletus_C9A	CM066329.1	583	54	54	107	355690317	355690478	85.185	6.66e-21	103
Pantherophis_obsoletus_C9A	CM066329.1	583	50	107	156	355637506	355637655	90.000	9.98e-20	99.8
Pantherophis_obsoletus_C9A	CM066329.1	583	50	107	156	355691967	355692116	86.000	1.75e-18	95.9
Pantherophis_obsoletus_C9A	CM066329.1	583	47	157	203	355641382	355641522	89.362	1.88e-18	95.9
Pantherophis_obsoletus_C9A	CM066329.1	583	71	398	468	355709593	355709805	63.380	4.32e-18	94.7
Pantherophis_obsoletus_C9A	CM066329.1	583	47	157	203	355693672	355693812	80.851	5.09e-16	88.2
Pantherophis_obsoletus_C9A	CM066329.1	583	51	57	107	355636437	355636589	72.549	1.75e-14	83.2
Pantherophis_obsoletus_C9A	CM066329.1	583	51	533	583	355712129	355712281	68.627	1.20e-13	80.5
Pantherophis_obsoletus_C9A	CM066329.1	583	75	198	272	355695230	355695454	49.333	1.46e-10	70.5
Pantherophis_obsoletus_C9A	CM066329.1	583	45	26	70	355630292	355630426	68.889	2.79e-09	66.2
Pantherophis_obsoletus_C9A	CM066329.1	583	43	354	395	355661417	355661545	72.093	3.07e-08	62.8
Pantherophis_obsoletus_C9A	CM066329.1	583	41	26	66	355689614	355689736	65.854	3.07e-08	62.8
Pantherophis_obsoletus_C9A	CM066329.1	583	42	535	575	354788619	354788744	61.905	7.76e-07	58.2
Pantherophis_obsoletus_C9A	CM066329.1	583	56	528	583	354841152	354840985	46.429	9.93e-07	58.2
Pantherophis_obsoletus_C9A	CM066329.1	583	79	277	355	354730612	354730848	32.911	1.51e-06	57.4
Pantherophis_obsoletus_C9A	CM066343.1	583	227	299	514	21092137	21091517	26.432	3.99e-13	78.6
Pantherophis_obsoletus_C9A	CM066330.1	583	52	529	580	182841061	182841216	57.692	1.14e-10	70.9
Pantherophis_obsoletus_C9A	CM066330.1	583	82	274	355	182902186	182901941	36.585	7.13e-09	65.1
Pantherophis_obsoletus_C9A	CM066330.1	583	75	450	523	182869204	182868980	34.667	2.83e-06	56.6
Pantherophis_obsoletus_C9A	CM066330.1	583	78	277	354	182823107	182823340	29.487	4.80e-06	55.8
Pantherophis_obsoletus_C9A	CM066330.1	583	55	529	583	182866404	182866252	47.273	4.88e-06	55.8
Bothrops_jararaca_C9A	CM066329.1	583	81	274	354	355654651	355654893	87.654	1.29e-37	155
Bothrops_jararaca_C9A	CM066329.1	583	80	453	532	355664477	355664716	82.500	1.93e-33	142
Bothrops_jararaca_C9A	CM066329.1	583	94	274	367	355699497	355699769	70.213	9.17e-33	140
Bothrops_jararaca_C9A	CM066329.1	583	80	453	532	355710969	355711208	78.750	2.26e-31	136
Bothrops_jararaca_C9A	CM066329.1	583	74	199	272	355643430	355643651	75.676	3.29e-24	114
Bothrops_jararaca_C9A	CM066329.1	583	60	398	457	355663216	355663395	75.000	5.97e-20	100
Bothrops_jararaca_C9A	CM066329.1	583	70	400	469	355709599	355709808	67.143	1.56e-19	99.4
Bothrops_jararaca_C9A	CM066329.1	583	50	107	156	355637506	355637655	86.000	2.37e-18	95.5
Bothrops_jararaca_C9A	CM066329.1	583	47	157	203	355641382	355641522	87.234	8.42e-18	93.6
Bothrops_jararaca_C9A	CM066329.1	583	50	107	156	355691967	355692116	84.000	1.06e-17	93.6
Bothrops_jararaca_C9A	CM066329.1	583	52	532	583	355666221	355666376	73.077	2.45e-17	92.4
Bothrops_jararaca_C9A	CM066329.1	583	54	54	107	355690317	355690478	74.074	3.09e-17	92.0
Bothrops_jararaca_C9A	CM066329.1	583	47	157	203	355693672	355693812	80.851	1.46e-16	89.7
Bothrops_jararaca_C9A	CM066329.1	583	51	533	583	355712129	355712281	74.510	9.41e-16	87.0
Bothrops_jararaca_C9A	CM066329.1	583	51	57	107	355636437	355636589	74.510	2.45e-15	85.9
Bothrops_jararaca_C9A	CM066329.1	583	70	203	272	355695245	355695454	52.857	1.08e-09	67.8
Bothrops_jararaca_C9A	CM066329.1	583	45	26	70	355630292	355630426	62.222	2.44e-08	63.2
Bothrops_jararaca_C9A	CM066329.1	583	43	354	395	355661417	355661545	67.442	2.09e-07	60.1
Bothrops_jararaca_C9A	CM066329.1	583	41	26	66	355689614	355689736	60.976	2.29e-07	60.1
Bothrops_jararaca_C9A	CM066329.1	583	81	277	357	354730612	354730854	33.333	4.90e-07	58.9
Bothrops_jararaca_C9A	CM066329.1	583	52	528	579	354841152	354840997	48.077	1.09e-06	57.8
Bothrops_jararaca_C9A	CM066329.1	583	50	535	583	354788619	354788768	52.000	5.05e-06	55.8
Bothrops_jararaca_C9A	CM066329.1	583	79	277	355	354780542	354780778	30.380	7.99e-06	55.1
Bothrops_jararaca_C9A	CM066343.1	583	221	299	514	21092137	21091517	24.887	4.05e-11	72.4
Bothrops_jararaca_C9A	CM066330.1	583	82	274	355	182902186	182901941	35.366	2.59e-08	63.2
Bothrops_jararaca_C9A	CM066330.1	583	51	529	579	182841061	182841213	50.980	8.54e-08	61.6
Bothrops_jararaca_C9A	CM066330.1	583	52	532	583	182866395	182866252	51.923	1.04e-06	57.8
Ptyas_mucosa_C9A	CM066329.1	583	81	274	354	355654651	355654893	87.654	1.05e-37	155
Ptyas_mucosa_C9A	CM066329.1	583	94	274	367	355699497	355699769	71.277	6.64e-34	144
Ptyas_mucosa_C9A	CM066329.1	583	80	453	532	355664477	355664716	82.500	2.80e-33	142
Ptyas_mucosa_C9A	CM066329.1	583	80	453	532	355710969	355711208	75.000	7.02e-30	131
Ptyas_mucosa_C9A	CM066329.1	583	76	198	273	355643427	355643654	71.053	4.76e-24	113
Ptyas_mucosa_C9A	CM066329.1	583	60	398	457	355663216	355663395	85.000	2.52e-23	111
Ptyas_mucosa_C9A	CM066329.1	583	50	107	156	355637506	355637655	100.000	6.82e-22	106
Ptyas_mucosa_C9A	CM066329.1	583	50	107	156	355691967	355692116	96.000	1.45e-20	102
Ptyas_mucosa_C9A	CM066329.1	583	54	54	107	355690317	355690478	83.333	1.77e-20	102
Ptyas_mucosa_C9A	CM066329.1	583	62	524	583	355666191	355666376	72.581	7.73e-19	97.1
Ptyas_mucosa_C9A	CM066329.1	583	71	398	468	355709593	355709805	59.155	4.08e-17	91.7
Ptyas_mucosa_C9A	CM066329.1	583	47	157	203	355641382	355641522	82.979	5.82e-17	90.9
Ptyas_mucosa_C9A	CM066329.1	583	47	157	203	355693672	355693812	74.468	9.40e-15	84.0
Ptyas_mucosa_C9A	CM066329.1	583	51	57	107	355636437	355636589	72.549	1.46e-14	83.2
Ptyas_mucosa_C9A	CM066329.1	583	49	535	583	355712135	355712281	69.388	1.90e-12	76.6
Ptyas_mucosa_C9A	CM066329.1	583	75	198	272	355695230	355695454	49.333	3.60e-11	72.4
Ptyas_mucosa_C9A	CM066329.1	583	45	26	70	355630292	355630426	66.667	2.41e-09	66.6
Ptyas_mucosa_C9A	CM066329.1	583	41	26	66	355689614	355689736	65.854	1.40e-08	63.9
Ptyas_mucosa_C9A	CM066329.1	583	43	354	395	355661417	355661545	72.093	1.16e-07	60.8
Ptyas_mucosa_C9A	CM066329.1	583	78	457	534	354844432	354844208	42.308	5.86e-07	58.5
Ptyas_mucosa_C9A	CM066329.1	583	48	536	583	354841128	354840985	52.083	8.66e-07	58.2
Ptyas_mucosa_C9A	CM066343.1	583	224	299	514	21092137	21091517	27.679	1.22e-12	77.0
Ptyas_mucosa_C9A	CM066330.1	583	82	274	355	182902186	182901941	36.585	1.17e-08	64.3
Ptyas_mucosa_C9A	CM066330.1	583	51	529	579	182841061	182841213	50.980	8.66e-07	58.2
Vipera_berus_C9A	CM066329.1	583	81	274	354	355654651	355654893	86.420	1.28e-35	149
Vipera_berus_C9A	CM066329.1	583	80	453	532	355664477	355664716	82.500	4.26e-34	144
Vipera_berus_C9A	CM066329.1	583	80	453	532	355710969	355711208	78.750	4.26e-32	138
Vipera_berus_C9A	CM066329.1	583	94	274	367	355699497	355699769	68.085	4.83e-32	138
Vipera_berus_C9A	CM066329.1	583	78	199	276	355643430	355643663	75.641	2.39e-25	117
Vipera_berus_C9A	CM066329.1	583	60	398	457	355663216	355663395	75.000	1.68e-20	102
Vipera_berus_C9A	CM066329.1	583	69	400	468	355709599	355709805	71.014	2.92e-20	101
Vipera_berus_C9A	CM066329.1	583	50	107	156	355637506	355637655	88.000	1.14e-18	96.7
Vipera_berus_C9A	CM066329.1	583	47	157	203	355641382	355641522	85.106	1.10e-17	93.2
Vipera_berus_C9A	CM066329.1	583	54	54	107	355690317	355690478	75.926	2.26e-17	92.4
Vipera_berus_C9A	CM066329.1	583	50	107	156	355691967	355692116	84.000	2.51e-17	92.0
Vipera_berus_C9A	CM066329.1	583	52	532	583	355666221	355666376	71.154	6.23e-17	90.9
Vipera_berus_C9A	CM066329.1	583	47	157	203	355693672	355693812	78.723	2.18e-16	89.4
Vipera_berus_C9A	CM066329.1	583	51	533	583	355712129	355712281	72.549	5.41e-16	87.8
Vipera_berus_C9A	CM066329.1	583	53	55	107	355636431	355636589	71.698	5.51e-15	84.7
Vipera_berus_C9A	CM066329.1	583	70	203	272	355695245	355695454	54.286	1.65e-11	73.6
Vipera_berus_C9A	CM066329.1	583	41	26	66	355689614	355689736	63.415	7.51e-08	61.6
Vipera_berus_C9A	CM066329.1	583	45	26	70	355630292	355630426	60.000	2.12e-07	60.1
Vipera_berus_C9A	CM066329.1	583	43	354	395	355661417	355661545	67.442	4.98e-07	58.9
Vipera_berus_C9A	CM066329.1	583	69	457	525	354844432	354844229	40.580	7.31e-07	58.5
Vipera_berus_C9A	CM066329.1	583	52	528	579	354841152	354840997	50.000	1.09e-06	57.8
Vipera_berus_C9A	CM066329.1	583	81	275	355	354730606	354730848	33.333	1.21e-06	57.8
Vipera_berus_C9A	CM066329.1	583	78	266	343	354780515	354780742	34.615	9.00e-06	54.7
Vipera_berus_C9A	CM066343.1	583	223	299	514	21092137	21091517	26.457	1.02e-10	70.9
Vipera_berus_C9A	CM066330.1	583	51	529	579	182841061	182841213	52.941	9.38e-08	61.2
Vipera_berus_C9A	CM066330.1	583	79	277	355	182902177	182901941	34.177	2.39e-07	60.1
Vipera_berus_C9A	CM066330.1	583	52	532	583	182866395	182866252	51.923	1.44e-06	57.4
Vipera_berus_C9A	CM066330.1	583	81	274	354	182823098	182823340	29.630	8.85e-06	54.7
Sceloporus_undulatus_C9A	CM066329.1	591	78	281	358	355654660	355654893	67.949	1.76e-26	121
Sceloporus_undulatus_C9A	CM066329.1	591	81	457	537	355710969	355711211	65.432	5.61e-26	119
Sceloporus_undulatus_C9A	CM066329.1	591	81	457	537	355664477	355664719	61.728	1.73e-25	118
Sceloporus_undulatus_C9A	CM066329.1	591	94	280	373	355699503	355699775	55.319	2.40e-25	117
Sceloporus_undulatus_C9A	CM066329.1	591	50	538	587	355666227	355666376	58.000	1.93e-11	73.2
Sceloporus_undulatus_C9A	CM066329.1	591	65	408	472	355709611	355709805	49.231	7.46e-11	71.2
Sceloporus_undulatus_C9A	CM066329.1	591	47	156	202	355693672	355693812	63.830	8.34e-11	71.2
Sceloporus_undulatus_C9A	CM066329.1	591	63	405	467	355663225	355663413	52.381	1.32e-10	70.5
Sceloporus_undulatus_C9A	CM066329.1	591	50	106	155	355691967	355692116	66.000	2.67e-10	69.7
Sceloporus_undulatus_C9A	CM066329.1	591	47	156	202	355641382	355641522	57.447	4.05e-10	68.9
Sceloporus_undulatus_C9A	CM066329.1	591	50	106	155	355637506	355637655	64.000	4.57e-10	68.9
Sceloporus_undulatus_C9A	CM066329.1	591	49	539	587	355712135	355712281	53.061	1.09e-08	64.3
Sceloporus_undulatus_C9A	CM066329.1	591	51	541	591	354841125	354840973	52.941	2.99e-08	62.8
Sceloporus_undulatus_C9A	CM066329.1	591	42	539	579	354788619	354788744	66.667	4.20e-08	62.4
Sceloporus_undulatus_C9A	CM066329.1	591	82	281	362	354730612	354730857	34.146	1.91e-07	60.5
Sceloporus_undulatus_C9A	CM066329.1	591	51	57	106	355690326	355690478	50.980	2.31e-07	60.1
Sceloporus_undulatus_C9A	CM066329.1	591	82	195	276	355643421	355643651	37.805	3.95e-07	59.3
Sceloporus_undulatus_C9A	CM066329.1	591	40	25	64	355689611	355689730	60.000	4.93e-07	58.9
Sceloporus_undulatus_C9A	CM066329.1	591	69	463	531	354844426	354844223	40.580	9.73e-07	58.2
Sceloporus_undulatus_C9A	CM066329.1	591	53	55	106	355636431	355636589	47.170	2.28e-06	57.0
Sceloporus_undulatus_C9A	CM066329.1	591	61	528	587	354747102	354747284	44.262	2.61e-06	56.6
Sceloporus_undulatus_C9A	CM066329.1	591	83	277	359	354780530	354780778	30.120	5.76e-06	55.5
Sceloporus_undulatus_C9A	CM066343.1	591	222	303	518	21092137	21091517	26.126	7.44e-09	65.1
Sceloporus_undulatus_C9A	CM066330.1	591	52	533	584	182841061	182841216	48.077	3.51e-08	62.8
Sceloporus_undulatus_C9A	CM066330.1	591	53	535	587	182866407	182866252	52.830	1.08e-06	57.8
Sceloporus_undulatus_C9A	CM066330.1	591	75	454	527	182869204	182868980	34.667	1.53e-06	57.4
Sceloporus_undulatus_C9A	JAUCBL010000042.1	591	63	533	591	279846	280034	42.857	3.34e-06	56.2
Anolis_carolinensis_C9B	CM066329.1	538	92	280	371	355699503	355699769	57.609	6.05e-25	115
Anolis_carolinensis_C9B	CM066329.1	538	75	280	354	355654657	355654881	68.000	6.79e-25	115
Anolis_carolinensis_C9B	CM066329.1	538	70	462	531	355710984	355711193	65.714	4.18e-22	107
Anolis_carolinensis_C9B	CM066329.1	538	68	462	529	355664492	355664695	61.765	1.03e-19	99.4
Anolis_carolinensis_C9B	CM066329.1	538	47	156	202	355641382	355641522	68.085	6.40e-13	77.8
Anolis_carolinensis_C9B	CM066329.1	538	47	156	202	355693672	355693812	68.085	9.51e-13	77.0
Anolis_carolinensis_C9B	CM066329.1	538	50	106	155	355691967	355692116	70.000	3.59e-12	75.5
Anolis_carolinensis_C9B	CM066329.1	538	73	400	472	355709587	355709805	47.945	2.91e-11	72.4
Anolis_carolinensis_C9B	CM066329.1	538	50	106	155	355637506	355637655	68.000	9.44e-11	70.9
Anolis_carolinensis_C9B	CM066329.1	538	56	405	460	355663225	355663392	55.357	1.69e-10	70.1
Anolis_carolinensis_C9B	CM066329.1	538	52	57	107	355690326	355690481	53.846	6.21e-09	65.1
Anolis_carolinensis_C9B	CM066329.1	538	71	462	532	354844429	354844220	42.254	7.56e-09	64.7
Anolis_carolinensis_C9B	CM066329.1	538	82	195	276	355643421	355643651	40.244	3.98e-08	62.4
Anolis_carolinensis_C9B	CM066329.1	538	62	3	64	355689557	355689730	45.161	1.25e-07	60.8
Anolis_carolinensis_C9B	CM066329.1	538	79	281	359	354730612	354730848	34.177	3.55e-07	59.3
Anolis_carolinensis_C9B	CM066329.1	538	75	281	355	354780542	354780766	34.667	3.72e-06	55.8
Anolis_carolinensis_C9B	CM066330.1	538	93	281	373	182902177	182901902	33.333	4.85e-08	62.0
Anolis_carolinensis_C9B	CM066330.1	538	77	281	357	182823107	182823337	32.468	1.90e-06	57.0
Anolis_carolinensis_C9B	CM066343.1	538	220	306	518	21092128	21091517	25.455	2.26e-07	59.7
Hydrophis_cyanocinctus_C9B	CM066329.1	582	81	273	353	355654651	355654893	98.765	2.82e-43	172
Hydrophis_cyanocinctus_C9B	CM066329.1	582	80	452	531	355664477	355664716	95.000	1.04e-39	161
Hydrophis_cyanocinctus_C9B	CM066329.1	582	75	198	272	355643430	355643654	96.000	1.01e-34	146
Hydrophis_cyanocinctus_C9B	CM066329.1	582	94	273	366	355699497	355699769	69.149	1.16e-33	143
Hydrophis_cyanocinctus_C9B	CM066329.1	582	80	452	531	355710969	355711208	78.750	7.70e-32	137
Hydrophis_cyanocinctus_C9B	CM066329.1	582	68	395	462	355663210	355663413	89.706	7.84e-28	125
Hydrophis_cyanocinctus_C9B	CM066329.1	582	52	531	582	355666221	355666376	100.000	1.16e-25	118
Hydrophis_cyanocinctus_C9B	CM066329.1	582	58	98	155	355637482	355637655	89.655	3.79e-23	110
Hydrophis_cyanocinctus_C9B	CM066329.1	582	50	57	106	355636440	355636589	100.000	8.90e-23	109
Hydrophis_cyanocinctus_C9B	CM066329.1	582	50	106	155	355691967	355692116	96.000	7.60e-21	103
Hydrophis_cyanocinctus_C9B	CM066329.1	582	47	156	202	355641382	355641522	95.745	8.19e-20	100
Hydrophis_cyanocinctus_C9B	CM066329.1	582	71	397	467	355709593	355709805	57.746	5.78e-17	90.9
Hydrophis_cyanocinctus_C9B	CM066329.1	582	45	353	397	355661417	355661551	97.778	2.08e-16	89.4
Hydrophis_cyanocinctus_C9B	CM066329.1	582	54	53	106	355690317	355690478	72.222	9.52e-16	87.0
Hydrophis_cyanocinctus_C9B	CM066329.1	582	47	156	202	355693672	355693812	72.340	7.13e-14	81.3
Hydrophis_cyanocinctus_C9B	CM066329.1	582	70	202	271	355695245	355695454	60.000	1.24e-12	77.0
Hydrophis_cyanocinctus_C9B	CM066329.1	582	49	534	582	355712135	355712281	65.306	1.61e-12	76.6
Hydrophis_cyanocinctus_C9B	CM066329.1	582	38	25	62	355630292	355630405	92.105	2.56e-12	76.3
Hydrophis_cyanocinctus_C9B	CM066329.1	582	69	456	524	354844432	354844229	42.029	3.00e-07	59.7
Hydrophis_cyanocinctus_C9B	CM066329.1	582	56	527	582	354841152	354840985	48.214	4.48e-07	58.9
Hydrophis_cyanocinctus_C9B	CM066329.1	582	55	529	582	354747120	354747284	47.273	3.61e-06	56.2
Hydrophis_cyanocinctus_C9B	CM066343.1	582	228	298	513	21092137	21091517	26.754	3.37e-12	75.9
Hydrophis_cyanocinctus_C9B	CM066343.1	582	223	294	515	18390372	18390986	24.215	2.32e-06	56.6
Hydrophis_cyanocinctus_C9B	CM066330.1	582	50	529	578	182841064	182841213	52.000	4.85e-08	62.4
Hydrophis_cyanocinctus_C9B	CM066330.1	582	82	273	354	182902186	182901941	34.146	1.77e-07	60.5
Hydrophis_cyanocinctus_C9B	CM066330.1	582	78	276	353	182823107	182823340	29.487	7.07e-06	55.1
Bothrops_jararaca_C9B	CM066329.1	583	81	274	354	355654651	355654893	87.654	1.44e-37	155
Bothrops_jararaca_C9B	CM066329.1	583	80	453	532	355664477	355664716	82.500	2.25e-33	142
Bothrops_jararaca_C9B	CM066329.1	583	94	274	367	355699497	355699769	70.213	2.83e-33	142
Bothrops_jararaca_C9B	CM066329.1	583	80	453	532	355710969	355711208	78.750	2.54e-31	135
Bothrops_jararaca_C9B	CM066329.1	583	77	196	272	355643421	355643651	72.727	1.41e-24	115
Bothrops_jararaca_C9B	CM066329.1	583	60	398	457	355663216	355663395	78.333	3.74e-21	104
Bothrops_jararaca_C9B	CM066329.1	583	70	400	469	355709599	355709808	70.000	1.14e-20	102
Bothrops_jararaca_C9B	CM066329.1	583	50	107	156	355637506	355637655	92.000	3.18e-20	101
Bothrops_jararaca_C9B	CM066329.1	583	50	107	156	355691967	355692116	88.000	7.33e-19	97.1
Bothrops_jararaca_C9B	CM066329.1	583	47	157	203	355641382	355641522	87.234	5.18e-18	94.4
Bothrops_jararaca_C9B	CM066329.1	583	54	54	107	355690317	355690478	74.074	2.32e-17	92.4
Bothrops_jararaca_C9B	CM066329.1	583	47	157	203	355693672	355693812	82.979	5.47e-17	91.3
Bothrops_jararaca_C9B	CM066329.1	583	52	532	583	355666221	355666376	71.154	1.25e-16	90.1
Bothrops_jararaca_C9B	CM066329.1	583	51	57	107	355636437	355636589	74.510	1.86e-15	86.3
Bothrops_jararaca_C9B	CM066329.1	583	51	533	583	355712129	355712281	72.549	3.71e-15	85.1
Bothrops_jararaca_C9B	CM066329.1	583	77	196	272	355695224	355695454	49.351	2.01e-10	70.1
Bothrops_jararaca_C9B	CM066329.1	583	45	26	70	355630292	355630426	64.444	1.66e-08	63.9
Bothrops_jararaca_C9B	CM066329.1	583	41	26	66	355689614	355689736	63.415	1.63e-07	60.5
Bothrops_jararaca_C9B	CM066329.1	583	43	354	395	355661417	355661545	65.116	8.89e-07	58.2
Bothrops_jararaca_C9B	CM066329.1	583	79	277	355	354730612	354730848	32.911	1.17e-06	57.8
Bothrops_jararaca_C9B	CM066329.1	583	52	528	579	354841152	354840997	46.154	4.26e-06	55.8
Bothrops_jararaca_C9B	CM066329.1	583	79	277	355	354780542	354780778	30.380	7.92e-06	55.1
Bothrops_jararaca_C9B	CM066329.1	583	42	535	575	354788619	354788744	59.524	8.41e-06	55.1
Bothrops_jararaca_C9B	CM066343.1	583	223	299	514	21092137	21091517	25.561	5.89e-10	68.6
Bothrops_jararaca_C9B	CM066330.1	583	82	274	355	182902186	182901941	35.366	2.52e-08	63.2
Bothrops_jararaca_C9B	CM066330.1	583	51	529	579	182841061	182841213	50.980	7.84e-08	61.6
Bothrops_jararaca_C9B	CM066330.1	583	52	532	583	182866395	182866252	51.923	1.35e-06	57.4
Laticauda_colubrina_C9B	CM066329.1	583	79	276	354	355654657	355654893	94.937	1.29e-39	161
Laticauda_colubrina_C9B	CM066329.1	583	80	453	532	355664477	355664716	90.000	3.52e-37	154
Laticauda_colubrina_C9B	CM066329.1	583	92	276	367	355699503	355699769	69.565	1.93e-33	142
Laticauda_colubrina_C9B	CM066329.1	583	80	453	532	355710969	355711208	77.500	1.56e-31	136
Laticauda_colubrina_C9B	CM066329.1	583	78	199	276	355643430	355643663	83.333	1.18e-28	127
Laticauda_colubrina_C9B	CM066329.1	583	61	397	457	355663213	355663395	88.525	6.35e-25	116
Laticauda_colubrina_C9B	CM066329.1	583	52	532	583	355666221	355666376	94.231	3.01e-24	114
Laticauda_colubrina_C9B	CM066329.1	583	50	58	107	355636440	355636589	94.000	4.45e-21	103
Laticauda_colubrina_C9B	CM066329.1	583	58	99	156	355637482	355637655	81.034	4.67e-20	100
Laticauda_colubrina_C9B	CM066329.1	583	46	157	202	355641382	355641519	93.478	8.07e-19	97.1
Laticauda_colubrina_C9B	CM066329.1	583	71	398	468	355709593	355709805	63.380	1.78e-18	95.9
Laticauda_colubrina_C9B	CM066329.1	583	50	107	156	355691967	355692116	88.000	1.81e-18	95.9
Laticauda_colubrina_C9B	CM066329.1	583	54	54	107	355690317	355690478	75.926	4.45e-17	91.3
Laticauda_colubrina_C9B	CM066329.1	583	46	157	202	355693672	355693809	78.261	4.33e-15	85.1
Laticauda_colubrina_C9B	CM066329.1	583	51	533	583	355712129	355712281	62.745	3.38e-12	75.9
Laticauda_colubrina_C9B	CM066329.1	583	43	354	396	355701925	355702053	83.721	3.56e-12	75.5
Laticauda_colubrina_C9B	CM066329.1	583	45	26	70	355630292	355630426	77.778	2.69e-11	72.8
Laticauda_colubrina_C9B	CM066329.1	583	69	203	271	355695245	355695451	53.623	7.30e-10	68.2
Laticauda_colubrina_C9B	CM066329.1	583	81	275	355	354730606	354730848	34.568	4.69e-07	58.9
Laticauda_colubrina_C9B	CM066329.1	583	69	457	525	354844432	354844229	42.029	4.98e-07	58.9
Laticauda_colubrina_C9B	CM066329.1	583	100	268	355	354780479	354780778	30.000	1.38e-06	57.4
Laticauda_colubrina_C9B	CM066329.1	583	56	529	583	354747117	354747284	50.000	1.49e-06	57.4
Laticauda_colubrina_C9B	CM066329.1	583	38	26	63	355689614	355689727	63.158	3.30e-06	56.2
Laticauda_colubrina_C9B	CM066343.1	583	221	299	514	21092137	21091517	23.982	2.42e-10	69.7
Laticauda_colubrina_C9B	CM066330.1	583	51	529	579	182841061	182841213	52.941	3.40e-08	62.8
Laticauda_colubrina_C9B	CM066330.1	583	81	277	357	182902177	182901935	30.864	1.07e-07	61.2
Laticauda_colubrina_C9B	CM066330.1	583	81	274	354	182823098	182823340	30.864	9.84e-07	58.2
Pseudonaja_textilis_C9B	CM066329.1	583	81	274	354	355654651	355654893	93.827	2.32e-40	163
Pseudonaja_textilis_C9B	CM066329.1	583	80	453	532	355664477	355664716	91.250	1.77e-37	154
Pseudonaja_textilis_C9B	CM066329.1	583	92	276	367	355699503	355699769	71.739	6.86e-35	147
Pseudonaja_textilis_C9B	CM066329.1	583	80	453	532	355710969	355711208	76.250	8.72e-31	134
Pseudonaja_textilis_C9B	CM066329.1	583	75	199	273	355643430	355643654	80.000	1.37e-27	124
Pseudonaja_textilis_C9B	CM066329.1	583	66	398	463	355663216	355663413	86.364	1.35e-25	118
Pseudonaja_textilis_C9B	CM066329.1	583	58	99	156	355637482	355637655	87.931	1.20e-22	108
Pseudonaja_textilis_C9B	CM066329.1	583	51	57	107	355636437	355636589	96.078	2.86e-22	107
Pseudonaja_textilis_C9B	CM066329.1	583	52	532	583	355666221	355666376	88.462	1.34e-21	105
Pseudonaja_textilis_C9B	CM066329.1	583	50	107	156	355691967	355692116	94.000	2.32e-20	102
Pseudonaja_textilis_C9B	CM066329.1	583	47	157	203	355641382	355641522	93.617	1.48e-19	99.4
Pseudonaja_textilis_C9B	CM066329.1	583	71	398	468	355709593	355709805	60.563	4.04e-17	91.7
Pseudonaja_textilis_C9B	CM066329.1	583	54	54	107	355690317	355690478	72.222	4.92e-16	88.2
Pseudonaja_textilis_C9B	CM066329.1	583	47	157	203	355693672	355693812	76.596	4.68e-15	85.1
Pseudonaja_textilis_C9B	CM066329.1	583	45	354	398	355661417	355661551	84.444	2.53e-13	79.3
Pseudonaja_textilis_C9B	CM066329.1	583	48	536	583	355712138	355712281	60.417	2.88e-10	69.3
Pseudonaja_textilis_C9B	CM066329.1	583	45	26	70	355630292	355630426	73.333	4.19e-10	68.9
Pseudonaja_textilis_C9B	CM066329.1	583	70	203	272	355695245	355695454	50.000	1.49e-08	63.9
Pseudonaja_textilis_C9B	CM066329.1	583	69	457	525	354844432	354844229	42.029	1.44e-07	60.8
Pseudonaja_textilis_C9B	CM066329.1	583	54	530	583	354841146	354840985	48.148	2.65e-07	59.7
Pseudonaja_textilis_C9B	CM066329.1	583	38	26	63	355689614	355689727	68.421	2.72e-07	59.7
Pseudonaja_textilis_C9B	CM066329.1	583	54	531	583	354747129	354747284	50.000	2.78e-06	56.6
Pseudonaja_textilis_C9B	CM066329.1	583	78	277	354	354730612	354730845	32.051	5.36e-06	55.5
Pseudonaja_textilis_C9B	CM066343.1	583	228	299	514	21092137	21091517	26.754	2.22e-12	76.3
Pseudonaja_textilis_C9B	CM066343.1	583	223	295	516	18390372	18390986	23.767	2.07e-07	60.1
Pseudonaja_textilis_C9B	CM066330.1	583	50	530	579	182841064	182841213	54.000	3.15e-08	62.8
Pseudonaja_textilis_C9B	CM066330.1	583	78	277	354	182902177	182901944	33.333	9.78e-08	61.2
Pseudonaja_textilis_C9B	CM066330.1	583	78	277	354	182823107	182823340	29.487	1.64e-06	57.4
Pseudonaja_textilis_C9B	CM066330.1	583	47	537	583	182866392	182866252	44.681	4.63e-06	55.8
Notechis_scutatus_C9B	CM066329.1	583	79	276	354	355654657	355654893	94.937	2.19e-39	160
Notechis_scutatus_C9B	CM066329.1	583	84	449	532	355664465	355664716	90.476	7.63e-39	159
Notechis_scutatus_C9B	CM066329.1	583	92	276	367	355699503	355699769	69.565	1.15e-33	143
Notechis_scutatus_C9B	CM066329.1	583	75	199	273	355643430	355643654	92.000	7.86e-33	140
Notechis_scutatus_C9B	CM066329.1	583	98	435	532	355710915	355711208	65.306	6.33e-32	137
Notechis_scutatus_C9B	CM066329.1	583	61	397	457	355663213	355663395	95.082	1.40e-26	121
Notechis_scutatus_C9B	CM066329.1	583	52	532	583	355666221	355666376	100.000	1.07e-25	118
Notechis_scutatus_C9B	CM066329.1	583	58	99	156	355637482	355637655	89.655	3.72e-23	110
Notechis_scutatus_C9B	CM066329.1	583	50	58	107	355636440	355636589	98.000	3.35e-22	107
Notechis_scutatus_C9B	CM066329.1	583	50	107	156	355691967	355692116	96.000	8.21e-21	103
Notechis_scutatus_C9B	CM066329.1	583	47	157	203	355641382	355641522	95.745	6.51e-20	100
Notechis_scutatus_C9B	CM066329.1	583	71	398	468	355709593	355709805	57.746	2.93e-17	92.0
Notechis_scutatus_C9B	CM066329.1	583	54	54	107	355690317	355690478	72.222	7.91e-16	87.4
Notechis_scutatus_C9B	CM066329.1	583	47	157	203	355693672	355693812	76.596	3.23e-15	85.5
Notechis_scutatus_C9B	CM066329.1	583	45	354	398	355661417	355661551	91.111	4.88e-15	84.7
Notechis_scutatus_C9B	CM066329.1	583	49	535	583	355712135	355712281	65.306	1.56e-12	76.6
Notechis_scutatus_C9B	CM066329.1	583	45	26	70	355630292	355630426	77.778	2.53e-11	72.8
Notechis_scutatus_C9B	CM066329.1	583	70	203	272	355695245	355695454	57.143	3.01e-11	72.8
Notechis_scutatus_C9B	CM066329.1	583	69	457	525	354844432	354844229	42.029	1.65e-07	60.5
Notechis_scutatus_C9B	CM066329.1	583	56	528	583	354841152	354840985	48.214	8.02e-07	58.2
Notechis_scutatus_C9B	CM066329.1	583	38	26	63	355689614	355689727	63.158	3.38e-06	56.2
Notechis_scutatus_C9B	CM066329.1	583	55	530	583	354747120	354747284	47.273	3.62e-06	56.2
Notechis_scutatus_C9B	CM066329.1	583	100	268	355	354780479	354780778	29.000	4.44e-06	55.8
Notechis_scutatus_C9B	CM066329.1	583	79	277	355	354730612	354730848	31.646	8.06e-06	55.1
Notechis_scutatus_C9B	CM066343.1	583	228	299	514	21092137	21091517	27.632	7.67e-13	77.8
Notechis_scutatus_C9B	CM066343.1	583	223	295	516	18390372	18390986	23.318	1.02e-06	57.8
Notechis_scutatus_C9B	CM066330.1	583	50	530	579	182841064	182841213	52.000	5.43e-08	62.0
Notechis_scutatus_C9B	CM066330.1	583	81	274	354	182823098	182823340	30.864	2.04e-07	60.1
Notechis_scutatus_C9B	CM066330.1	583	79	277	355	182902177	182901941	31.646	4.09e-07	59.3
Pituophis_catenifer_C9B	CM066329.1	583	94	274	367	355699497	355699769	82.979	4.61e-40	162
Pituophis_catenifer_C9B	CM066329.1	583	80	453	532	355664477	355664716	86.250	2.79e-35	148
Pituophis_catenifer_C9B	CM066329.1	583	77	277	353	355654660	355654890	83.117	7.18e-33	140
Pituophis_catenifer_C9B	CM066329.1	583	77	456	532	355710978	355711208	79.221	3.74e-31	135
Pituophis_catenifer_C9B	CM066329.1	583	76	198	273	355695230	355695457	72.368	3.29e-23	110
Pituophis_catenifer_C9B	CM066329.1	583	72	397	468	355709590	355709805	76.389	6.89e-23	109
Pituophis_catenifer_C9B	CM066329.1	583	50	107	156	355691967	355692116	98.000	4.01e-21	104
Pituophis_catenifer_C9B	CM066329.1	583	51	533	583	355712129	355712281	86.275	3.13e-20	101
Pituophis_catenifer_C9B	CM066329.1	583	50	107	156	355637506	355637655	94.000	6.40e-20	100
Pituophis_catenifer_C9B	CM066329.1	583	54	54	107	355690317	355690478	81.481	8.14e-19	97.1
Pituophis_catenifer_C9B	CM066329.1	583	47	157	203	355693672	355693812	89.362	9.12e-19	96.7
Pituophis_catenifer_C9B	CM066329.1	583	54	404	457	355663234	355663395	72.222	5.72e-17	90.9
Pituophis_catenifer_C9B	CM066329.1	583	75	198	272	355643427	355643651	57.333	3.64e-15	85.1
Pituophis_catenifer_C9B	CM066329.1	583	47	157	203	355641382	355641522	76.596	1.50e-14	83.2
Pituophis_catenifer_C9B	CM066329.1	583	53	55	107	355636431	355636589	69.811	4.99e-14	81.6
Pituophis_catenifer_C9B	CM066329.1	583	52	532	583	355666221	355666376	57.692	6.66e-12	74.7
Pituophis_catenifer_C9B	CM066329.1	583	41	26	66	355689614	355689736	70.732	1.62e-09	67.0
Pituophis_catenifer_C9B	CM066329.1	583	45	26	70	355630292	355630426	57.778	5.86e-07	58.5
Pituophis_catenifer_C9B	CM066329.1	583	42	355	395	355661420	355661545	66.667	7.89e-07	58.2
Pituophis_catenifer_C9B	CM066329.1	583	69	457	525	354844432	354844229	40.580	4.60e-06	55.8
Pituophis_catenifer_C9B	CM066343.1	583	224	299	514	21092137	21091517	29.464	4.62e-13	78.6
Pituophis_catenifer_C9B	CM066343.1	583	282	298	564	18390381	18391166	22.695	9.68e-07	58.2
Pituophis_catenifer_C9B	CM066330.1	583	76	277	352	182902177	182901950	38.158	1.30e-07	60.8
Pituophis_catenifer_C9B	CM066330.1	583	46	538	583	182866389	182866252	52.174	3.71e-06	56.2
Pituophis_catenifer_C9B	CM066330.1	583	75	450	523	182869204	182868980	36.000	3.91e-06	55.8
Pantherophis_obsoletus_C9B	CM066329.1	583	81	274	354	355654651	355654893	85.185	5.57e-36	150
Pantherophis_obsoletus_C9B	CM066329.1	583	77	456	532	355710978	355711208	87.013	2.12e-35	148
Pantherophis_obsoletus_C9B	CM066329.1	583	94	274	367	355699497	355699769	72.340	5.18e-35	147
Pantherophis_obsoletus_C9B	CM066329.1	583	80	453	532	355664477	355664716	80.000	9.54e-34	143
Pantherophis_obsoletus_C9B	CM066329.1	583	72	397	468	355709590	355709805	76.389	6.77e-23	109
Pantherophis_obsoletus_C9B	CM066329.1	583	75	198	272	355695230	355695454	72.000	1.18e-22	108
Pantherophis_obsoletus_C9B	CM066329.1	583	56	528	583	355712114	355712281	80.357	4.77e-21	103
Pantherophis_obsoletus_C9B	CM066329.1	583	50	107	156	355691967	355692116	98.000	5.40e-21	103
Pantherophis_obsoletus_C9B	CM066329.1	583	54	54	107	355690317	355690478	83.333	4.88e-20	100
Pantherophis_obsoletus_C9B	CM066329.1	583	50	107	156	355637506	355637655	94.000	7.75e-20	100
Pantherophis_obsoletus_C9B	CM066329.1	583	47	157	203	355693672	355693812	89.362	1.04e-18	96.7
Pantherophis_obsoletus_C9B	CM066329.1	583	62	396	457	355663210	355663395	66.129	2.74e-17	92.0
Pantherophis_obsoletus_C9B	CM066329.1	583	78	198	275	355643427	355643660	57.692	7.51e-16	87.4
Pantherophis_obsoletus_C9B	CM066329.1	583	51	57	107	355636437	355636589	74.510	6.78e-15	84.3
Pantherophis_obsoletus_C9B	CM066329.1	583	47	157	203	355641382	355641522	76.596	1.99e-14	82.8
Pantherophis_obsoletus_C9B	CM066329.1	583	52	532	583	355666221	355666376	55.769	8.98e-12	74.3
Pantherophis_obsoletus_C9B	CM066329.1	583	41	26	66	355689614	355689736	65.854	2.44e-08	63.2
Pantherophis_obsoletus_C9B	CM066329.1	583	43	354	395	355661417	355661545	72.093	3.04e-08	62.8
Pantherophis_obsoletus_C9B	CM066329.1	583	45	26	70	355630292	355630426	64.444	3.26e-08	62.8
Pantherophis_obsoletus_C9B	CM066329.1	583	69	457	525	354844432	354844229	39.130	5.61e-07	58.9
Pantherophis_obsoletus_C9B	CM066329.1	583	81	275	355	354730606	354730848	33.333	2.37e-06	56.6
Pantherophis_obsoletus_C9B	CM066329.1	583	73	457	529	354741818	354742033	39.726	4.22e-06	55.8
Pantherophis_obsoletus_C9B	CM066343.1	583	223	299	514	21092137	21091517	28.251	2.02e-12	76.3
Pantherophis_obsoletus_C9B	CM066330.1	583	82	274	355	182902186	182901941	37.805	3.25e-09	65.9
Pantherophis_obsoletus_C9B	CM066330.1	583	47	537	583	182866392	182866252	51.064	2.47e-06	56.6
Pantherophis_obsoletus_C9B	CM066330.1	583	75	450	523	182869204	182868980	36.000	3.30e-06	56.2
Pantherophis_obsoletus_C9B	CM066330.1	583	81	274	354	182823098	182823340	29.630	3.98e-06	55.8
Crotalus_tigris_C9B	CM066329.1	583	94	274	367	355699497	355699769	76.596	5.65e-37	153
Crotalus_tigris_C9B	CM066329.1	583	80	453	532	355664477	355664716	82.500	3.65e-34	144
Crotalus_tigris_C9B	CM066329.1	583	80	453	532	355710969	355711208	80.000	1.65e-32	139
Crotalus_tigris_C9B	CM066329.1	583	78	276	353	355654657	355654890	78.205	8.08e-32	137
Crotalus_tigris_C9B	CM066329.1	583	77	196	272	355695224	355695454	77.922	3.63e-25	117
Crotalus_tigris_C9B	CM066329.1	583	73	396	468	355709587	355709805	71.233	5.21e-21	103
Crotalus_tigris_C9B	CM066329.1	583	51	533	583	355712129	355712281	84.314	2.26e-20	102
Crotalus_tigris_C9B	CM066329.1	583	50	107	156	355637506	355637655	92.000	2.02e-19	99.0
Crotalus_tigris_C9B	CM066329.1	583	50	107	156	355691967	355692116	92.000	3.75e-19	98.2
Crotalus_tigris_C9B	CM066329.1	583	47	157	203	355693672	355693812	87.234	4.17e-18	94.7
Crotalus_tigris_C9B	CM066329.1	583	63	401	463	355663225	355663413	68.254	8.50e-18	93.6
Crotalus_tigris_C9B	CM066329.1	583	54	54	107	355690317	355690478	74.074	1.70e-17	92.8
Crotalus_tigris_C9B	CM066329.1	583	47	157	203	355641382	355641522	80.851	7.39e-16	87.4
Crotalus_tigris_C9B	CM066329.1	583	77	196	272	355643421	355643651	55.844	1.61e-15	86.3
Crotalus_tigris_C9B	CM066329.1	583	51	57	107	355636437	355636589	74.510	1.09e-14	83.6
Crotalus_tigris_C9B	CM066329.1	583	52	532	583	355666221	355666376	57.692	1.60e-12	76.6
Crotalus_tigris_C9B	CM066329.1	583	41	26	66	355689614	355689736	78.049	7.57e-11	71.2
Crotalus_tigris_C9B	CM066329.1	583	41	355	395	355701928	355702050	70.732	7.38e-08	61.6
Crotalus_tigris_C9B	CM066329.1	583	69	457	525	354844432	354844229	39.130	2.83e-06	56.6
Crotalus_tigris_C9B	CM066329.1	583	45	26	70	355630292	355630426	55.556	3.98e-06	55.8
Crotalus_tigris_C9B	CM066343.1	583	223	299	514	21092137	21091517	27.354	2.93e-11	72.8
Crotalus_tigris_C9B	CM066330.1	583	103	277	379	182902177	182901872	31.068	2.52e-07	60.1
Crotalus_tigris_C9B	CM066330.1	583	46	538	583	182866389	182866252	52.174	5.36e-06	55.5
Ptyas_mucosa_C9B	CM066329.1	583	94	274	367	355699497	355699769	84.043	9.08e-41	164
Ptyas_mucosa_C9B	CM066329.1	583	77	456	532	355710978	355711208	85.714	2.65e-34	145
Ptyas_mucosa_C9B	CM066329.1	583	84	277	360	355654660	355654911	78.571	5.00e-33	141
Ptyas_mucosa_C9B	CM066329.1	583	77	456	532	355664486	355664716	80.519	1.43e-32	139
Ptyas_mucosa_C9B	CM066329.1	583	56	528	583	355712114	355712281	87.500	2.17e-23	111
Ptyas_mucosa_C9B	CM066329.1	583	76	198	273	355695230	355695457	73.684	6.09e-23	110
Ptyas_mucosa_C9B	CM066329.1	583	72	397	468	355709590	355709805	73.611	6.66e-21	103
Ptyas_mucosa_C9B	CM066329.1	583	50	107	156	355691967	355692116	96.000	2.47e-20	101
Ptyas_mucosa_C9B	CM066329.1	583	58	99	156	355637482	355637655	82.759	5.42e-20	100
Ptyas_mucosa_C9B	CM066329.1	583	47	157	203	355693672	355693812	89.362	7.66e-19	97.1
Ptyas_mucosa_C9B	CM066329.1	583	53	55	107	355636431	355636589	79.245	2.62e-17	92.0
Ptyas_mucosa_C9B	CM066329.1	583	54	54	107	355690317	355690478	74.074	3.54e-16	88.6
Ptyas_mucosa_C9B	CM066329.1	583	57	401	457	355663225	355663395	68.421	3.70e-16	88.6
Ptyas_mucosa_C9B	CM066329.1	583	47	157	203	355641382	355641522	76.596	6.78e-15	84.3
Ptyas_mucosa_C9B	CM066329.1	583	75	198	272	355643427	355643651	58.667	7.01e-15	84.3
Ptyas_mucosa_C9B	CM066329.1	583	52	532	583	355666221	355666376	59.615	1.50e-12	77.0
Ptyas_mucosa_C9B	CM066329.1	583	35	355	389	355701928	355702032	82.857	2.72e-07	59.7
Ptyas_mucosa_C9B	CM066329.1	583	70	460	529	354741827	354742033	41.429	5.68e-06	55.5
Ptyas_mucosa_C9B	CM066329.1	583	42	27	66	355689611	355689736	61.905	6.57e-06	55.5
Ptyas_mucosa_C9B	CM066329.1	583	69	457	525	354844432	354844229	37.681	6.63e-06	55.5
Ptyas_mucosa_C9B	CM066343.1	583	221	299	514	21092137	21091517	25.339	7.30e-10	68.2
Ptyas_mucosa_C9B	CM066330.1	583	76	277	352	182902177	182901950	38.158	1.35e-07	60.8
Ptyas_mucosa_C9B	CM066330.1	583	47	537	583	182866392	182866252	51.064	2.33e-06	56.6
