# Anolis_sagrei DAB2/FYB1 anchors on NC_090022.1:275844722-279911062 (sstart/send relative to region; add 275844721)
Anolis_carolinensis_DAB2	1978102	1978716	403
Anolis_carolinensis_DAB2	1986868	1987380	305
Anolis_carolinensis_DAB2	1968287	1968451	101
Anolis_carolinensis_DAB2	1970897	1971031	100
Anolis_carolinensis_DAB2	1980495	1980713	96.7
Anolis_carolinensis_DAB2	1990673	1990792	74.3
Anolis_carolinensis_DAB2	1969662	1969763	73.9
Anolis_carolinensis_DAB2	1967706	1967804	65.9
Anolis_carolinensis_DAB2	1975173	1975259	48.9
Anolis_carolinensis_FYB1	2094340	2095458	612
Anolis_carolinensis_FYB1	2112431	2112598	116
Anolis_carolinensis_FYB1	2126468	2126641	105
Anolis_carolinensis_FYB1	2112971	2113168	100
Anolis_carolinensis_FYB1	2115613	2115747	82.4
Anolis_carolinensis_FYB1	2122008	2122100	48.9
Anolis_carolinensis_FYB1	2115181	2115330	47.8
Thamnophis_elegans_DAB2	1978102	1978716	296
Thamnophis_elegans_DAB2	1986868	1987380	217
Thamnophis_elegans_DAB2	1970897	1971031	99.0
Thamnophis_elegans_DAB2	1968311	1968451	96.7
Thamnophis_elegans_DAB2	1969662	1969763	72.0
Thamnophis_elegans_DAB2	1980531	1980713	68.2
Thamnophis_elegans_DAB2	1975173	1975259	47.0
Thamnophis_elegans_FYB1	2094340	2095455	275
Thamnophis_elegans_FYB1	2126468	2126641	95.9
Thamnophis_elegans_FYB1	2112431	2112598	92.8
Thamnophis_elegans_FYB1	2112971	2113147	77.0
Thamnophis_elegans_FYB1	2115616	2115717	50.4
