# Acritoscincus_duperreyi DAB2/FYB1 anchors on CM084875.2:14685138-18698176 (sstart/send relative to region; add 14685137)
Anolis_carolinensis_DAB2	2027423	2026782	296
Anolis_carolinensis_DAB2	2024084	2023545	224
Anolis_carolinensis_DAB2	2030823	2030689	100
Anolis_carolinensis_DAB2	2032633	2032493	93.6
Anolis_carolinensis_DAB2	2031895	2031788	74.3
Anolis_carolinensis_DAB2	2025718	2025572	60.8
Anolis_carolinensis_FYB1	1971758	1970613	295
Anolis_carolinensis_FYB1	1958708	1958529	110
Anolis_carolinensis_FYB1	1943809	1943621	99.0
Anolis_carolinensis_FYB1	1956250	1956110	72.8
Anolis_carolinensis_FYB1	1952537	1952385	55.5
Anolis_carolinensis_FYB1	1945319	1945188	47.0
Thamnophis_elegans_DAB2	2027423	2026782	288
Thamnophis_elegans_DAB2	2024084	2023545	191
Thamnophis_elegans_DAB2	2030832	2030689	99.0
Thamnophis_elegans_DAB2	2032627	2032493	91.3
Thamnophis_elegans_DAB2	2031895	2031788	72.4
Thamnophis_elegans_DAB2	2025718	2025572	57.0
Thamnophis_elegans_FYB1	1971758	1970607	231
Thamnophis_elegans_FYB1	1958708	1958529	92.8
Thamnophis_elegans_FYB1	1943809	1943633	87.8
Thamnophis_elegans_FYB1	1956250	1956110	80.9
Thamnophis_elegans_FYB1	1952537	1952403	63.9
Thamnophis_elegans_FYB1	1945298	1945173	52.4
