# Podarcis_muralis DAB2/FYB1 anchors on NC_041322.1:17611864-21626782 (sstart/send relative to region; add 17611863)
Anolis_carolinensis_DAB2	2028642	2027992	317
Anolis_carolinensis_DAB2	2024317	2023799	223
Anolis_carolinensis_DAB2	2033039	2032890	103
Anolis_carolinensis_DAB2	2035891	2035751	97.4
Anolis_carolinensis_DAB2	2034817	2034677	75.9
Anolis_carolinensis_DAB2	2027228	2027079	65.5
Anolis_carolinensis_DAB2	2031698	2031615	52.4
Anolis_carolinensis_DAB2	2022914	2022774	47.4
Anolis_carolinensis_FYB1	1977690	1976557	367
Anolis_carolinensis_FYB1	1959323	1959171	105
Anolis_carolinensis_FYB1	1946728	1946528	99.8
Anolis_carolinensis_FYB1	1958766	1958626	79.3
Anolis_carolinensis_FYB1	1953268	1953200	47.8
Thamnophis_elegans_DAB2	2028642	2027992	308
Thamnophis_elegans_DAB2	2024317	2023799	203
Thamnophis_elegans_DAB2	2033039	2032890	102
Thamnophis_elegans_DAB2	2035885	2035751	95.1
Thamnophis_elegans_DAB2	2034817	2034677	73.9
Thamnophis_elegans_DAB2	2031698	2031615	54.7
Thamnophis_elegans_DAB2	2027228	2027079	53.1
Thamnophis_elegans_FYB1	1977690	1976572	266
Thamnophis_elegans_FYB1	1946728	1946528	102
Thamnophis_elegans_FYB1	1959323	1959159	92.4
Thamnophis_elegans_FYB1	1958766	1958626	82.4
Thamnophis_elegans_FYB1	1955392	1955252	55.1
