Lacerta_agilis_C9A	NC_083286.1	589	87	270	356	46001176	46001436	91.954	4.02e-43	171
Lacerta_agilis_C9A	NC_083286.1	589	77	458	534	46005026	46005256	93.506	1.37e-38	157
Lacerta_agilis_C9A	NC_083286.1	589	75	201	275	45998356	45998580	85.333	5.47e-30	131
Lacerta_agilis_C9A	NC_083286.1	589	60	399	458	46002869	46003048	93.333	3.21e-25	116
Lacerta_agilis_C9A	NC_083286.1	589	60	530	589	46006329	46006508	86.667	2.23e-23	110
Lacerta_agilis_C9A	NC_083286.1	589	50	56	105	45994199	45994348	94.000	1.63e-22	108
Lacerta_agilis_C9A	NC_083286.1	589	50	105	154	45995077	45995226	98.000	1.23e-21	105
Lacerta_agilis_C9A	NC_083286.1	589	47	155	201	45996361	45996501	95.745	1.66e-19	98.6
Lacerta_agilis_C9A	NC_083286.1	589	44	354	397	46001998	46002129	84.091	1.18e-11	73.6
Lacerta_agilis_C9A	NC_083286.1	589	37	20	56	45991998	45992108	78.378	2.59e-09	65.9
Lacerta_agilis_C9A	NC_083286.1	589	60	470	529	45455171	45454992	46.667	1.03e-08	63.9
Lacerta_agilis_C9A	NC_083286.1	589	26	1	26	45990976	45991053	96.154	9.23e-06	54.3
Lacerta_agilis_C9A	NC_083282.1	589	78	450	526	37919368	37919138	39.744	2.36e-08	62.8
Lacerta_agilis_C9A	NC_083282.1	589	81	279	359	37929342	37929100	35.802	2.82e-08	62.4
Lacerta_agilis_C9A	NC_083282.1	589	43	540	581	37907289	37907417	62.791	5.16e-07	58.2
Lacerta_agilis_C9A	NC_083282.1	589	82	279	360	37897080	37897325	29.268	1.34e-06	57.0
Lacerta_agilis_C9A	NC_083288.1	589	221	304	516	39956333	39956938	26.244	1.22e-07	60.5
Lacerta_agilis_C9A	NC_083288.1	589	222	286	500	41433768	41433169	22.973	4.35e-07	58.5
Zootoca_vivipara_C9A	NC_083286.1	589	87	270	356	46001176	46001436	93.103	1.25e-43	172
Zootoca_vivipara_C9A	NC_083286.1	589	77	458	534	46005026	46005256	97.403	1.16e-39	160
Zootoca_vivipara_C9A	NC_083286.1	589	75	201	275	45998356	45998580	100.000	3.02e-37	153
Zootoca_vivipara_C9A	NC_083286.1	589	61	398	458	46002866	46003048	100.000	2.14e-28	126
Zootoca_vivipara_C9A	NC_083286.1	589	60	530	589	46006329	46006508	91.667	1.08e-25	118
Zootoca_vivipara_C9A	NC_083286.1	589	50	56	105	45994199	45994348	98.000	8.06e-23	108
Zootoca_vivipara_C9A	NC_083286.1	589	50	105	154	45995077	45995226	100.000	1.02e-21	105
Zootoca_vivipara_C9A	NC_083286.1	589	47	155	201	45996361	45996501	95.745	1.94e-19	98.6
Zootoca_vivipara_C9A	NC_083286.1	589	45	354	398	46001998	46002132	95.556	7.76e-17	90.1
Zootoca_vivipara_C9A	NC_083286.1	589	31	26	56	45992016	45992108	100.000	1.10e-10	70.1
Zootoca_vivipara_C9A	NC_083286.1	589	69	461	529	45455195	45454992	42.029	1.84e-08	63.2
Zootoca_vivipara_C9A	NC_083286.1	589	26	1	26	45990976	45991053	100.000	3.11e-06	55.8
Zootoca_vivipara_C9A	NC_083282.1	589	78	450	526	37919368	37919138	41.026	1.16e-08	63.5
Zootoca_vivipara_C9A	NC_083282.1	589	81	279	359	37929342	37929100	35.802	5.58e-08	61.6
Zootoca_vivipara_C9A	NC_083282.1	589	43	540	581	37907289	37907417	60.465	8.45e-07	57.8
Zootoca_vivipara_C9A	NC_083282.1	589	82	279	360	37897080	37897325	29.268	1.96e-06	56.6
Zootoca_vivipara_C9A	NC_083288.1	589	199	286	480	41433768	41433217	22.111	2.50e-07	59.3
Zootoca_vivipara_C9A	NC_083288.1	589	221	304	516	39956333	39956938	25.792	2.31e-06	56.2
Podarcis_muralis_C9A	NC_083286.1	589	87	270	356	46001176	46001436	93.103	2.27e-43	172
Podarcis_muralis_C9A	NC_083286.1	589	77	458	534	46005026	46005256	90.909	1.12e-36	152
Podarcis_muralis_C9A	NC_083286.1	589	75	201	275	45998356	45998580	82.667	6.47e-29	128
Podarcis_muralis_C9A	NC_083286.1	589	60	399	458	46002869	46003048	86.667	2.27e-23	110
Podarcis_muralis_C9A	NC_083286.1	589	58	532	589	46006335	46006508	86.207	1.10e-22	108
Podarcis_muralis_C9A	NC_083286.1	589	50	56	105	45994199	45994348	94.000	1.67e-22	108
Podarcis_muralis_C9A	NC_083286.1	589	50	105	154	45995077	45995226	98.000	1.22e-21	105
Podarcis_muralis_C9A	NC_083286.1	589	47	155	201	45996361	45996501	95.745	2.16e-19	98.2
Podarcis_muralis_C9A	NC_083286.1	589	44	354	397	46001998	46002129	90.909	4.00e-15	84.7
Podarcis_muralis_C9A	NC_083286.1	589	31	26	56	45992016	45992108	93.548	3.52e-10	68.6
Podarcis_muralis_C9A	NC_083286.1	589	60	470	529	45455171	45454992	43.333	1.43e-08	63.5
Podarcis_muralis_C9A	NC_083282.1	589	87	441	526	37919395	37919138	37.931	5.83e-09	64.7
Podarcis_muralis_C9A	NC_083282.1	589	81	279	359	37929342	37929100	34.568	1.50e-07	60.1
Podarcis_muralis_C9A	NC_083282.1	589	82	279	360	37897080	37897325	30.488	7.69e-07	57.8
Podarcis_muralis_C9A	NC_083282.1	589	43	540	581	37907289	37907417	62.791	8.24e-07	57.8
Podarcis_muralis_C9A	NC_083288.1	589	199	286	480	41433768	41433217	22.111	5.93e-08	61.2
Podarcis_muralis_C9A	NC_083288.1	589	221	304	516	39956333	39956938	24.887	1.41e-06	57.0
Anolis_carolinensis_C9A	NC_083286.1	591	84	455	538	46005011	46005262	67.857	4.49e-31	134
Anolis_carolinensis_C9A	NC_083286.1	591	87	272	358	46001176	46001436	65.517	9.79e-29	127
Anolis_carolinensis_C9A	NC_083286.1	591	47	156	202	45996361	45996501	80.851	1.58e-16	89.0
Anolis_carolinensis_C9A	NC_083286.1	591	50	57	106	45994199	45994348	66.000	2.27e-13	79.0
Anolis_carolinensis_C9A	NC_083286.1	591	50	106	155	45995077	45995226	72.000	6.35e-13	77.4
Anolis_carolinensis_C9A	NC_083286.1	591	60	402	461	46002872	46003051	55.000	1.05e-12	76.6
Anolis_carolinensis_C9A	NC_083286.1	591	51	539	589	46006350	46006499	58.824	6.83e-10	67.8
Anolis_carolinensis_C9A	NC_083286.1	591	114	461	574	45455201	45454887	32.456	1.67e-08	63.2
Anolis_carolinensis_C9A	NC_083286.1	591	77	201	277	45998353	45998580	40.260	5.11e-08	61.6
Anolis_carolinensis_C9A	NC_083286.1	591	81	281	361	45423822	45424064	34.568	5.37e-07	58.2
Anolis_carolinensis_C9A	NC_083286.1	591	79	281	359	45397104	45397340	34.177	1.24e-06	57.0
Anolis_carolinensis_C9A	NC_083286.1	591	85	280	363	45460467	45460213	31.765	1.86e-06	56.6
Anolis_carolinensis_C9A	NC_083286.1	591	58	57	113	45418744	45418917	48.276	2.73e-06	55.8
Anolis_carolinensis_C9A	NC_083282.1	591	47	541	587	37918624	37918484	55.319	9.77e-08	60.8
Anolis_carolinensis_C9A	NC_083282.1	591	79	281	359	37897080	37897316	34.177	1.24e-07	60.5
Anolis_carolinensis_C9A	NC_083282.1	591	78	452	528	37919368	37919138	33.333	4.89e-07	58.5
Anolis_carolinensis_C9A	NC_083282.1	591	51	533	583	37907262	37907414	52.941	7.67e-07	57.8
Pogona_vitticeps_C9A	NC_083286.1	576	128	256	381	46001185	46001544	49.219	5.70e-29	128
Pogona_vitticeps_C9A	NC_083286.1	576	79	438	516	46005017	46005253	68.354	5.39e-28	125
Pogona_vitticeps_C9A	NC_083286.1	576	54	156	209	45996361	45996522	74.074	1.88e-17	92.0
Pogona_vitticeps_C9A	NC_083286.1	576	50	106	155	45995077	45995226	74.000	1.72e-13	79.3
Pogona_vitticeps_C9A	NC_083286.1	576	65	383	447	46002872	46003066	56.923	2.79e-13	78.6
Pogona_vitticeps_C9A	NC_083286.1	576	50	57	106	45994199	45994348	66.000	5.26e-13	77.8
Pogona_vitticeps_C9A	NC_083286.1	576	52	521	572	46006344	46006496	65.385	5.44e-11	71.2
Pogona_vitticeps_C9A	NC_083286.1	576	68	443	510	45455198	45454998	41.176	7.95e-08	60.8
Pogona_vitticeps_C9A	NC_083286.1	576	41	524	563	45428656	45428778	68.293	2.12e-07	59.7
Pogona_vitticeps_C9A	NC_083286.1	576	52	521	571	45403750	45403905	48.077	2.85e-06	55.8
Pogona_vitticeps_C9A	NC_083286.1	576	79	262	340	45397104	45397340	35.443	3.21e-06	55.8
Pogona_vitticeps_C9A	NC_083286.1	576	82	437	518	45426243	45426485	39.024	3.40e-06	55.5
Pogona_vitticeps_C9A	NC_083286.1	576	79	262	340	45423822	45424058	34.177	7.70e-06	54.3
Pogona_vitticeps_C9A	NC_083282.1	576	78	433	509	37919368	37919138	39.744	1.46e-09	66.6
Pogona_vitticeps_C9A	NC_083282.1	576	102	254	352	37897056	37897361	32.353	1.58e-09	66.6
Pogona_vitticeps_C9A	NC_083282.1	576	48	520	567	37907271	37907414	64.583	2.32e-09	65.9
Pogona_vitticeps_C9A	NC_083282.1	576	85	256	340	37929360	37929106	34.118	6.15e-08	61.2
Pogona_vitticeps_C9A	NC_083282.1	576	48	520	567	37918639	37918496	52.083	6.36e-07	58.2
Pogona_vitticeps_C9A	NC_083282.1	576	68	511	574	10261623	10261826	42.647	3.80e-06	55.5
Pogona_vitticeps_C9A	NC_083288.1	576	219	287	501	39956333	39956944	25.571	1.15e-07	60.5
Gekko_japonicus_C9A	NC_083286.1	582	85	288	372	46001182	46001436	65.882	2.60e-27	123
Gekko_japonicus_C9A	NC_083286.1	582	78	455	532	46005029	46005262	65.385	2.63e-24	113
Gekko_japonicus_C9A	NC_083286.1	582	45	173	217	45996361	45996495	75.556	1.29e-12	76.6
Gekko_japonicus_C9A	NC_083286.1	582	51	122	172	45995077	45995226	60.784	5.99e-10	67.8
Gekko_japonicus_C9A	NC_083286.1	582	53	71	123	45994202	45994351	56.604	1.53e-09	66.6
Gekko_japonicus_C9A	NC_083286.1	582	49	533	581	46006350	46006493	63.265	3.11e-09	65.5
Gekko_japonicus_C9A	NC_083286.1	582	67	457	523	45455195	45454998	43.284	3.85e-09	65.1
Gekko_japonicus_C9A	NC_083286.1	582	59	395	453	46002869	46003045	47.458	3.25e-08	62.4
Gekko_japonicus_C9A	NC_083286.1	582	79	295	373	45397104	45397340	32.911	9.33e-07	57.4
Gekko_japonicus_C9A	NC_083286.1	582	93	457	547	45426264	45426533	36.559	1.66e-06	56.6
Gekko_japonicus_C9A	NC_083286.1	582	85	291	375	45423810	45424064	29.412	6.23e-06	54.7
Gekko_japonicus_C9A	NC_083286.1	582	74	457	528	45402658	45402876	37.838	6.89e-06	54.7
Gekko_japonicus_C9A	NC_083282.1	582	74	302	375	37929321	37929100	37.838	2.81e-08	62.4
Gekko_japonicus_C9A	NC_083282.1	582	78	507	581	37918699	37918484	38.462	7.18e-08	61.2
Gekko_japonicus_C9A	NC_083282.1	582	96	281	376	37897038	37897325	31.250	3.03e-07	58.9
Gekko_japonicus_C9A	NC_083282.1	582	77	447	522	37919365	37919138	33.766	3.50e-07	58.9
Gekko_japonicus_C9A	NC_083288.1	582	217	320	521	39956333	39956971	23.963	3.63e-07	58.9
Gekko_japonicus_C9A	NC_083288.1	582	219	309	512	41433747	41433118	23.744	5.94e-07	58.2
Crotalus_tigris_C9A	NC_083286.1	583	74	277	350	46001203	46001424	67.568	1.64e-26	120
Crotalus_tigris_C9A	NC_083286.1	583	82	453	534	46005017	46005262	60.976	3.28e-26	119
Crotalus_tigris_C9A	NC_083286.1	583	47	157	203	45996361	45996501	76.596	1.25e-15	86.3
Crotalus_tigris_C9A	NC_083286.1	583	50	107	156	45995077	45995226	74.000	7.71e-14	80.5
Crotalus_tigris_C9A	NC_083286.1	583	57	401	457	46002881	46003051	59.649	2.52e-11	72.4
Crotalus_tigris_C9A	NC_083286.1	583	51	57	107	45994199	45994348	60.784	2.03e-10	69.3
Crotalus_tigris_C9A	NC_083286.1	583	69	457	525	45455201	45454998	42.029	6.67e-09	64.3
Crotalus_tigris_C9A	NC_083286.1	583	59	525	583	46006320	46006493	50.847	7.58e-08	60.8
Crotalus_tigris_C9A	NC_083282.1	583	77	449	524	37919365	37919138	40.260	1.79e-08	63.2
Crotalus_tigris_C9A	NC_083282.1	583	76	277	352	37897080	37897307	32.895	2.03e-06	56.2
Crotalus_tigris_C9A	NC_083282.1	583	71	509	579	37918699	37918496	39.437	3.88e-06	55.5
Crotalus_tigris_C9A	NC_083282.1	583	51	529	579	37907262	37907414	50.980	4.22e-06	55.5
Crotalus_tigris_C9A	NC_083288.1	583	220	299	514	39956324	39956938	23.636	2.11e-07	59.7
Thamnophis_elegans_C9A	NC_083286.1	583	79	277	355	46001203	46001439	65.823	6.24e-28	125
Thamnophis_elegans_C9A	NC_083286.1	583	75	460	534	46005038	46005262	65.333	2.65e-24	113
Thamnophis_elegans_C9A	NC_083286.1	583	47	157	203	45996361	45996501	72.340	7.38e-14	80.5
Thamnophis_elegans_C9A	NC_083286.1	583	50	107	156	45995077	45995226	72.000	1.01e-12	76.6
Thamnophis_elegans_C9A	NC_083286.1	583	61	401	461	46002881	46003063	52.459	2.52e-11	72.4
Thamnophis_elegans_C9A	NC_083286.1	583	51	57	107	45994199	45994348	58.824	2.49e-10	68.9
Thamnophis_elegans_C9A	NC_083286.1	583	50	535	583	45428653	45428802	56.000	8.99e-08	60.8
Thamnophis_elegans_C9A	NC_083286.1	583	55	530	583	45403741	45403905	45.455	1.59e-07	60.1
Thamnophis_elegans_C9A	NC_083286.1	583	49	535	583	46006350	46006493	53.061	8.45e-07	57.8
Thamnophis_elegans_C9A	NC_083286.1	583	74	202	271	45998353	45998574	43.243	3.33e-06	55.8
Thamnophis_elegans_C9A	NC_083286.1	583	69	457	525	45455201	45454998	39.130	5.68e-06	55.1
Thamnophis_elegans_C9A	NC_083282.1	583	116	252	364	37897014	37897352	31.034	1.95e-07	59.7
Thamnophis_elegans_C9A	NC_083282.1	583	50	530	579	37907265	37907414	52.000	4.77e-07	58.5
Thamnophis_elegans_C9A	NC_083282.1	583	46	538	583	37918621	37918484	52.174	1.26e-06	57.0
Thamnophis_elegans_C9A	NC_083282.1	583	81	274	354	37929351	37929109	32.099	4.75e-06	55.1
Thamnophis_elegans_C9A	NC_083288.1	583	223	299	514	39956324	39956938	22.422	6.46e-06	54.7
Naja_naja_C9A	NC_083286.1	582	77	277	353	46001203	46001433	66.234	8.95e-27	121
Naja_naja_C9A	NC_083286.1	582	76	458	533	46005035	46005262	65.789	1.69e-25	117
Naja_naja_C9A	NC_083286.1	582	50	107	156	45995077	45995226	76.000	5.73e-14	80.9
Naja_naja_C9A	NC_083286.1	582	47	157	203	45996361	45996501	68.085	9.60e-14	80.1
Naja_naja_C9A	NC_083286.1	582	86	371	456	46002794	46003051	41.860	1.11e-10	70.1
Naja_naja_C9A	NC_083286.1	582	57	57	110	45994199	45994366	52.632	1.46e-09	66.6
Naja_naja_C9A	NC_083286.1	582	69	456	524	45455201	45454998	39.130	2.23e-08	62.8
Naja_naja_C9A	NC_083286.1	582	59	524	582	46006320	46006493	50.847	7.62e-08	60.8
Naja_naja_C9A	NC_083286.1	582	67	277	343	45423822	45424022	38.806	2.87e-06	55.8
Naja_naja_C9A	NC_083282.1	582	77	448	523	37919365	37919138	38.961	5.15e-08	61.6
Naja_naja_C9A	NC_083282.1	582	76	277	352	37897080	37897307	36.842	4.56e-07	58.5
Pseudonaja_textilis_C9A	NC_083286.1	583	77	277	353	46001203	46001433	66.234	3.11e-27	122
Pseudonaja_textilis_C9A	NC_083286.1	583	76	459	534	46005035	46005262	67.105	5.39e-26	119
Pseudonaja_textilis_C9A	NC_083286.1	583	47	157	203	45996361	45996501	68.085	9.72e-14	80.1
Pseudonaja_textilis_C9A	NC_083286.1	583	50	107	156	45995077	45995226	74.000	2.20e-13	79.0
Pseudonaja_textilis_C9A	NC_083286.1	583	67	391	457	46002854	46003051	50.746	2.21e-10	69.3
Pseudonaja_textilis_C9A	NC_083286.1	583	51	57	107	45994199	45994348	54.902	1.49e-09	66.6
Pseudonaja_textilis_C9A	NC_083286.1	583	71	457	527	45455201	45454992	39.437	2.44e-08	62.8
Pseudonaja_textilis_C9A	NC_083286.1	583	56	528	583	46006329	46006493	51.786	1.08e-07	60.5
Pseudonaja_textilis_C9A	NC_083282.1	583	77	449	524	37919365	37919138	37.662	9.54e-08	60.8
Pseudonaja_textilis_C9A	NC_083282.1	583	76	277	352	37897080	37897307	35.526	4.73e-07	58.5
Pseudonaja_textilis_C9A	NC_083288.1	583	220	299	514	39956324	39956938	22.727	3.11e-06	55.8
Python_bivittatus_C9A	NC_083286.1	582	82	453	534	46005017	46005262	67.073	4.98e-28	125
Python_bivittatus_C9A	NC_083286.1	582	78	277	354	46001203	46001436	65.385	6.98e-27	121
Python_bivittatus_C9A	NC_083286.1	582	47	157	203	45996361	45996501	68.085	2.78e-14	82.0
Python_bivittatus_C9A	NC_083286.1	582	50	107	156	45995077	45995226	72.000	1.09e-12	76.6
Python_bivittatus_C9A	NC_083286.1	582	57	401	457	46002881	46003051	57.895	1.74e-11	72.8
Python_bivittatus_C9A	NC_083286.1	582	51	57	107	45994199	45994348	54.902	4.49e-09	65.1
Python_bivittatus_C9A	NC_083286.1	582	45	538	582	46006362	46006493	66.667	8.81e-09	63.9
Python_bivittatus_C9A	NC_083286.1	582	67	459	525	45455195	45454998	41.791	1.39e-08	63.5
Python_bivittatus_C9A	NC_083286.1	582	79	198	272	45998341	45998577	45.570	7.04e-07	57.8
Python_bivittatus_C9A	NC_083282.1	582	77	449	524	37919365	37919138	40.260	7.96e-09	64.3
Python_bivittatus_C9A	NC_083282.1	582	51	528	578	37907262	37907414	56.863	1.73e-07	59.7
Python_bivittatus_C9A	NC_083282.1	582	79	277	355	37929342	37929106	34.177	2.27e-07	59.3
Python_bivittatus_C9A	NC_083282.1	582	81	277	357	37897080	37897322	33.333	4.08e-07	58.5
Python_bivittatus_C9A	NC_083288.1	582	224	299	514	39956324	39956938	23.214	6.69e-07	57.8
Notechis_scutatus_C9A	NC_083286.1	583	77	277	353	46001203	46001433	66.234	3.40e-27	122
Notechis_scutatus_C9A	NC_083286.1	583	76	459	534	46005035	46005262	67.105	3.29e-25	116
Notechis_scutatus_C9A	NC_083286.1	583	50	107	156	45995077	45995226	76.000	8.54e-14	80.1
Notechis_scutatus_C9A	NC_083286.1	583	47	157	203	45996361	45996501	68.085	9.72e-14	80.1
Notechis_scutatus_C9A	NC_083286.1	583	57	401	457	46002881	46003051	52.632	4.77e-10	68.2
Notechis_scutatus_C9A	NC_083286.1	583	51	57	107	45994199	45994348	54.902	1.66e-09	66.2
Notechis_scutatus_C9A	NC_083286.1	583	71	457	527	45455201	45454992	39.437	4.47e-08	61.6
Notechis_scutatus_C9A	NC_083286.1	583	56	528	583	46006329	46006493	51.786	7.58e-08	60.8
Notechis_scutatus_C9A	NC_083282.1	583	77	449	524	37919365	37919138	37.662	1.03e-07	60.5
Notechis_scutatus_C9A	NC_083282.1	583	76	277	352	37897080	37897307	35.526	4.61e-07	58.5
Notechis_scutatus_C9A	NC_083288.1	583	221	299	515	39956324	39956941	22.624	2.62e-06	55.8
Notechis_scutatus_C9A	NC_083288.1	583	187	289	475	41411538	41411011	23.529	7.46e-06	54.7
Hydrophis_cyanocinctus_C9A	NC_083286.1	583	77	277	353	46001203	46001433	66.234	3.61e-27	122
Hydrophis_cyanocinctus_C9A	NC_083286.1	583	76	459	534	46005035	46005262	67.105	3.29e-25	116
Hydrophis_cyanocinctus_C9A	NC_083286.1	583	47	157	203	45996361	45996501	68.085	5.66e-14	80.9
Hydrophis_cyanocinctus_C9A	NC_083286.1	583	50	107	156	45995077	45995226	76.000	8.84e-14	80.1
Hydrophis_cyanocinctus_C9A	NC_083286.1	583	51	57	107	45994199	45994348	54.902	1.69e-09	66.2
Hydrophis_cyanocinctus_C9A	NC_083286.1	583	65	393	457	46002857	46003051	46.154	8.33e-09	64.3
Hydrophis_cyanocinctus_C9A	NC_083286.1	583	71	457	527	45455201	45454992	39.437	4.03e-08	62.0
Hydrophis_cyanocinctus_C9A	NC_083286.1	583	56	528	583	46006329	46006493	51.786	7.78e-08	60.8
Hydrophis_cyanocinctus_C9A	NC_083286.1	583	71	273	343	45423810	45424022	38.028	8.27e-06	54.3
Hydrophis_cyanocinctus_C9A	NC_083282.1	583	77	449	524	37919365	37919138	37.662	6.73e-08	61.2
Hydrophis_cyanocinctus_C9A	NC_083282.1	583	76	277	352	37897080	37897307	35.526	5.86e-07	58.2
Hydrophis_cyanocinctus_C9A	NC_083288.1	583	187	289	475	41411538	41411011	25.134	1.12e-06	57.4
Hydrophis_cyanocinctus_C9A	NC_083288.1	583	220	299	514	39956324	39956938	22.727	7.28e-06	54.7
Laticauda_colubrina_C9A	NC_083286.1	583	99	277	374	46001203	46001499	56.566	2.49e-27	123
Laticauda_colubrina_C9A	NC_083286.1	583	76	459	534	46005035	46005262	67.105	2.15e-25	117
Laticauda_colubrina_C9A	NC_083286.1	583	47	157	203	45996361	45996501	68.085	1.11e-13	80.1
Laticauda_colubrina_C9A	NC_083286.1	583	50	107	156	45995077	45995226	74.000	2.02e-13	79.0
Laticauda_colubrina_C9A	NC_083286.1	583	57	401	457	46002881	46003051	57.895	1.13e-10	70.1
Laticauda_colubrina_C9A	NC_083286.1	583	51	57	107	45994199	45994348	54.902	6.34e-09	64.7
Laticauda_colubrina_C9A	NC_083286.1	583	71	457	527	45455201	45454992	39.437	2.46e-08	62.8
Laticauda_colubrina_C9A	NC_083286.1	583	56	528	583	46006329	46006493	51.786	5.48e-08	61.6
Laticauda_colubrina_C9A	NC_083282.1	583	77	449	524	37919365	37919138	38.961	3.52e-08	62.0
Laticauda_colubrina_C9A	NC_083282.1	583	96	277	369	37897080	37897367	31.250	5.33e-07	58.2
Protobothrops_mucrosquamatus_C9A	NC_083286.1	583	78	277	354	46001203	46001436	74.359	1.09e-30	133
Protobothrops_mucrosquamatus_C9A	NC_083286.1	583	76	459	534	46005035	46005262	69.737	4.21e-28	125
Protobothrops_mucrosquamatus_C9A	NC_083286.1	583	47	157	203	45996361	45996501	74.468	7.43e-16	87.0
Protobothrops_mucrosquamatus_C9A	NC_083286.1	583	50	107	156	45995077	45995226	72.000	1.07e-12	76.6
Protobothrops_mucrosquamatus_C9A	NC_083286.1	583	57	57	110	45994199	45994366	54.386	1.21e-10	70.1
Protobothrops_mucrosquamatus_C9A	NC_083286.1	583	54	404	457	46002890	46003051	57.407	3.85e-10	68.6
Protobothrops_mucrosquamatus_C9A	NC_083286.1	583	59	525	583	46006320	46006493	55.932	8.97e-10	67.4
Protobothrops_mucrosquamatus_C9A	NC_083286.1	583	69	457	525	45455201	45454998	42.029	2.70e-09	65.9
Protobothrops_mucrosquamatus_C9A	NC_083286.1	583	82	274	355	45397095	45397340	32.927	2.12e-06	56.2
Protobothrops_mucrosquamatus_C9A	NC_083286.1	583	42	535	575	45428653	45428778	64.286	3.94e-06	55.5
Protobothrops_mucrosquamatus_C9A	NC_083286.1	583	70	274	343	45423813	45424022	35.714	5.59e-06	55.1
Protobothrops_mucrosquamatus_C9A	NC_083282.1	583	51	529	579	37907262	37907414	58.824	1.03e-08	63.9
Protobothrops_mucrosquamatus_C9A	NC_083282.1	583	79	277	355	37897080	37897316	35.443	2.26e-08	62.8
Protobothrops_mucrosquamatus_C9A	NC_083282.1	583	71	509	579	37918699	37918496	40.845	6.79e-08	61.2
Protobothrops_mucrosquamatus_C9A	NC_083282.1	583	77	449	524	37919365	37919138	37.662	1.20e-07	60.5
Protobothrops_mucrosquamatus_C9A	NC_083282.1	583	82	274	355	37929351	37929106	32.927	1.46e-07	60.1
Protobothrops_mucrosquamatus_C9A	NC_083288.1	583	227	299	514	39956324	39956938	24.229	1.21e-06	57.0
Chrysopelea_ornata_C9A	NC_083286.1	584	87	268	354	46001176	46001436	62.069	9.85e-28	124
Chrysopelea_ornata_C9A	NC_083286.1	584	76	460	535	46005035	46005262	68.421	3.68e-27	122
Chrysopelea_ornata_C9A	NC_083286.1	584	47	157	203	45996361	45996501	70.213	3.51e-14	81.6
Chrysopelea_ornata_C9A	NC_083286.1	584	50	107	156	45995077	45995226	72.000	3.39e-13	78.2
Chrysopelea_ornata_C9A	NC_083286.1	584	57	402	458	46002881	46003051	54.386	2.04e-10	69.3
Chrysopelea_ornata_C9A	NC_083286.1	584	69	458	526	45455201	45454998	42.029	1.99e-08	62.8
Chrysopelea_ornata_C9A	NC_083286.1	584	59	526	584	46006320	46006493	49.153	4.41e-08	61.6
Chrysopelea_ornata_C9A	NC_083286.1	584	51	57	107	45994199	45994348	49.020	3.55e-07	58.9
Chrysopelea_ornata_C9A	NC_083286.1	584	82	274	355	45397095	45397340	32.927	7.61e-06	54.7
Chrysopelea_ornata_C9A	NC_083282.1	584	51	530	580	37907262	37907414	56.863	1.68e-08	63.2
Chrysopelea_ornata_C9A	NC_083282.1	584	84	274	357	37929351	37929100	35.714	3.85e-08	62.0
Chrysopelea_ornata_C9A	NC_083282.1	584	82	277	358	37897080	37897325	34.146	1.37e-07	60.1
Chrysopelea_ornata_C9A	NC_083282.1	584	77	450	525	37919365	37919138	38.961	4.04e-07	58.5
Chrysopelea_ornata_C9A	NC_083282.1	584	75	510	584	37918699	37918484	37.333	3.57e-06	55.5
Pituophis_catenifer_C9A	NC_083286.1	583	77	277	353	46001203	46001433	67.532	2.36e-27	123
Pituophis_catenifer_C9A	NC_083286.1	583	76	459	534	46005035	46005262	65.789	2.17e-25	117
Pituophis_catenifer_C9A	NC_083286.1	583	47	157	203	45996361	45996501	70.213	3.94e-14	81.3
Pituophis_catenifer_C9A	NC_083286.1	583	50	107	156	45995077	45995226	70.000	2.01e-12	75.9
Pituophis_catenifer_C9A	NC_083286.1	583	51	57	107	45994199	45994348	58.824	3.63e-10	68.6
Pituophis_catenifer_C9A	NC_083286.1	583	57	401	457	46002881	46003051	54.386	6.77e-10	67.8
Pituophis_catenifer_C9A	NC_083286.1	583	59	525	583	46006320	46006493	49.153	7.58e-08	60.8
Pituophis_catenifer_C9A	NC_083286.1	583	69	457	525	45455201	45454998	42.029	1.03e-07	60.5
Pituophis_catenifer_C9A	NC_083286.1	583	55	530	583	45403741	45403905	47.273	9.93e-07	57.4
Pituophis_catenifer_C9A	NC_083286.1	583	42	535	575	45428653	45428778	59.524	9.23e-06	54.3
Pituophis_catenifer_C9A	NC_083282.1	583	52	529	580	37907262	37907417	55.769	4.28e-08	62.0
Pituophis_catenifer_C9A	NC_083282.1	583	77	449	524	37919365	37919138	38.961	7.58e-08	60.8
Pituophis_catenifer_C9A	NC_083282.1	583	85	274	358	37897071	37897325	35.294	1.00e-07	60.5
Pituophis_catenifer_C9A	NC_083282.1	583	46	538	583	37918621	37918484	50.000	1.46e-06	57.0
Pituophis_catenifer_C9A	NC_083288.1	583	222	299	516	39956324	39956944	22.973	3.24e-06	55.8
Pantherophis_obsoletus_C9A	NC_083286.1	583	78	277	354	46001203	46001436	71.795	2.10e-30	132
Pantherophis_obsoletus_C9A	NC_083286.1	583	76	459	534	46005035	46005262	65.789	8.26e-26	118
Pantherophis_obsoletus_C9A	NC_083286.1	583	47	157	203	45996361	45996501	72.340	8.37e-15	83.6
Pantherophis_obsoletus_C9A	NC_083286.1	583	50	107	156	45995077	45995226	66.000	1.06e-11	73.6
Pantherophis_obsoletus_C9A	NC_083286.1	583	51	57	107	45994199	45994348	58.824	1.07e-10	70.1
Pantherophis_obsoletus_C9A	NC_083286.1	583	57	401	457	46002881	46003051	52.632	5.80e-10	67.8
Pantherophis_obsoletus_C9A	NC_083286.1	583	69	457	525	45455201	45454998	42.029	9.87e-08	60.5
Pantherophis_obsoletus_C9A	NC_083286.1	583	59	525	583	46006320	46006493	47.458	2.35e-07	59.3
Pantherophis_obsoletus_C9A	NC_083286.1	583	55	530	583	45403741	45403905	45.455	3.59e-06	55.5
Pantherophis_obsoletus_C9A	NC_083286.1	583	82	274	355	45397095	45397340	32.927	3.71e-06	55.5
Pantherophis_obsoletus_C9A	NC_083286.1	583	41	536	575	45428656	45428778	60.976	9.39e-06	54.3
Pantherophis_obsoletus_C9A	NC_083286.1	583	74	203	272	45998356	45998577	40.541	9.97e-06	54.3
Pantherophis_obsoletus_C9A	NC_083282.1	583	82	277	358	37897080	37897325	36.585	3.15e-09	65.5
Pantherophis_obsoletus_C9A	NC_083282.1	583	52	529	580	37907262	37907417	55.769	3.29e-08	62.4
Pantherophis_obsoletus_C9A	NC_083282.1	583	82	274	355	37929351	37929106	35.366	5.21e-08	61.6
Pantherophis_obsoletus_C9A	NC_083282.1	583	77	449	524	37919365	37919138	38.961	8.40e-08	60.8
Pantherophis_obsoletus_C9A	NC_083282.1	583	46	538	583	37918621	37918484	50.000	1.60e-06	56.6
Pantherophis_obsoletus_C9A	NC_083288.1	583	231	299	516	39956324	39956944	24.675	1.99e-07	59.7
Bothrops_jararaca_C9A	NC_083286.1	583	87	268	354	46001176	46001436	66.667	2.77e-30	132
Bothrops_jararaca_C9A	NC_083286.1	583	76	459	534	46005035	46005262	68.421	1.84e-27	123
Bothrops_jararaca_C9A	NC_083286.1	583	47	157	203	45996361	45996501	74.468	7.18e-16	87.0
Bothrops_jararaca_C9A	NC_083286.1	583	50	107	156	45995077	45995226	72.000	7.31e-13	77.4
Bothrops_jararaca_C9A	NC_083286.1	583	57	401	457	46002881	46003051	56.140	1.67e-11	72.8
Bothrops_jararaca_C9A	NC_083286.1	583	59	57	112	45994199	45994372	55.932	6.02e-11	71.2
Bothrops_jararaca_C9A	NC_083286.1	583	59	525	583	46006320	46006493	55.932	9.61e-10	67.0
Bothrops_jararaca_C9A	NC_083286.1	583	69	457	525	45455201	45454998	39.130	7.33e-08	61.2
Bothrops_jararaca_C9A	NC_083286.1	583	59	57	114	45418744	45418917	49.153	9.93e-07	57.4
Bothrops_jararaca_C9A	NC_083286.1	583	82	274	355	45397095	45397340	32.927	3.00e-06	55.8
Bothrops_jararaca_C9A	NC_083286.1	583	70	274	343	45423813	45424022	35.714	8.34e-06	54.3
Bothrops_jararaca_C9A	NC_083282.1	583	51	529	579	37907262	37907414	58.824	1.28e-08	63.5
Bothrops_jararaca_C9A	NC_083282.1	583	87	439	524	37919395	37919138	34.483	5.67e-08	61.6
Bothrops_jararaca_C9A	NC_083282.1	583	79	277	355	37897080	37897316	35.443	6.23e-08	61.2
Bothrops_jararaca_C9A	NC_083282.1	583	82	274	355	37929351	37929106	32.927	1.94e-07	59.7
Bothrops_jararaca_C9A	NC_083282.1	583	71	509	579	37918699	37918496	39.437	2.89e-07	59.3
Bothrops_jararaca_C9A	NC_083288.1	583	224	299	514	39956324	39956938	24.107	1.35e-06	57.0
Ptyas_mucosa_C9A	NC_083286.1	583	87	268	354	46001176	46001436	65.517	5.94e-30	131
Ptyas_mucosa_C9A	NC_083286.1	583	76	459	534	46005035	46005262	64.474	7.97e-26	118
Ptyas_mucosa_C9A	NC_083286.1	583	47	157	203	45996361	45996501	72.340	7.17e-15	83.6
Ptyas_mucosa_C9A	NC_083286.1	583	50	107	156	45995077	45995226	74.000	1.80e-13	79.3
Ptyas_mucosa_C9A	NC_083286.1	583	51	57	107	45994199	45994348	58.824	8.63e-11	70.5
Ptyas_mucosa_C9A	NC_083286.1	583	57	401	457	46002881	46003051	52.632	1.16e-09	67.0
Ptyas_mucosa_C9A	NC_083286.1	583	116	457	570	45455201	45454887	36.207	2.54e-09	65.9
Ptyas_mucosa_C9A	NC_083286.1	583	49	535	583	46006350	46006493	53.061	6.43e-07	58.2
Ptyas_mucosa_C9A	NC_083286.1	583	82	274	355	45397095	45397340	32.927	6.46e-06	54.7
Ptyas_mucosa_C9A	NC_083286.1	583	48	537	583	45403762	45403905	52.083	9.80e-06	54.3
Ptyas_mucosa_C9A	NC_083282.1	583	82	277	358	37897080	37897325	36.585	5.08e-09	64.7
Ptyas_mucosa_C9A	NC_083282.1	583	82	274	355	37929351	37929106	35.366	6.13e-08	61.2
Ptyas_mucosa_C9A	NC_083282.1	583	52	528	579	37907262	37907414	57.692	2.77e-07	59.3
Ptyas_mucosa_C9A	NC_083282.1	583	71	509	579	37918699	37918496	40.845	2.89e-07	59.3
Ptyas_mucosa_C9A	NC_083282.1	583	77	449	524	37919365	37919138	37.662	7.63e-07	57.8
Vipera_berus_C9A	NC_083286.1	583	87	268	354	46001176	46001436	62.069	2.06e-28	126
Vipera_berus_C9A	NC_083286.1	583	76	459	534	46005035	46005262	67.105	1.54e-27	124
Vipera_berus_C9A	NC_083286.1	583	47	157	203	45996361	45996501	76.596	4.46e-16	87.8
Vipera_berus_C9A	NC_083286.1	583	50	107	156	45995077	45995226	74.000	4.15e-13	78.2
Vipera_berus_C9A	NC_083286.1	583	57	401	457	46002881	46003051	57.895	7.72e-12	73.9
Vipera_berus_C9A	NC_083286.1	583	59	525	583	46006320	46006493	57.627	1.12e-10	70.1
Vipera_berus_C9A	NC_083286.1	583	57	57	110	45994199	45994366	57.895	1.85e-10	69.3
Vipera_berus_C9A	NC_083286.1	583	69	457	525	45455201	45454998	42.029	1.59e-09	66.6
Vipera_berus_C9A	NC_083286.1	583	70	274	343	45397095	45397304	37.143	1.34e-06	57.0
Vipera_berus_C9A	NC_083286.1	583	59	57	114	45418744	45418917	47.458	1.60e-06	56.6
Vipera_berus_C9A	NC_083286.1	583	70	274	343	45423813	45424022	37.143	1.91e-06	56.6
Vipera_berus_C9A	NC_083282.1	583	51	529	579	37907262	37907414	58.824	1.09e-08	63.9
Vipera_berus_C9A	NC_083282.1	583	81	277	357	37897080	37897322	35.802	6.73e-08	61.2
Vipera_berus_C9A	NC_083282.1	583	77	449	524	37919365	37919138	37.662	7.78e-08	60.8
Vipera_berus_C9A	NC_083282.1	583	71	509	579	37918699	37918496	39.437	4.90e-07	58.5
Vipera_berus_C9A	NC_083282.1	583	82	274	355	37929351	37929106	31.707	1.23e-06	57.0
Sceloporus_undulatus_C9A	NC_083286.1	591	84	455	538	46005011	46005262	69.048	3.37e-31	135
Sceloporus_undulatus_C9A	NC_083286.1	591	82	277	358	46001191	46001436	67.073	4.92e-28	125
Sceloporus_undulatus_C9A	NC_083286.1	591	58	408	465	46002890	46003063	65.517	5.64e-15	84.0
Sceloporus_undulatus_C9A	NC_083286.1	591	50	57	106	45994199	45994348	66.000	1.86e-13	79.3
Sceloporus_undulatus_C9A	NC_083286.1	591	50	106	155	45995077	45995226	68.000	9.85e-12	73.6
Sceloporus_undulatus_C9A	NC_083286.1	591	47	156	202	45996361	45996501	63.830	3.35e-11	72.0
Sceloporus_undulatus_C9A	NC_083286.1	591	50	539	588	46006350	46006496	64.000	3.99e-10	68.6
Sceloporus_undulatus_C9A	NC_083286.1	591	42	539	579	45428653	45428778	69.048	4.62e-08	61.6
Sceloporus_undulatus_C9A	NC_083286.1	591	55	534	587	45403741	45403905	50.909	4.70e-08	61.6
Sceloporus_undulatus_C9A	NC_083286.1	591	70	462	531	45455198	45454992	38.571	1.47e-07	60.1
Sceloporus_undulatus_C9A	NC_083286.1	591	85	277	361	45423810	45424064	32.941	3.17e-07	58.9
Sceloporus_undulatus_C9A	NC_083286.1	591	77	201	277	45998353	45998580	41.558	4.49e-07	58.5
Sceloporus_undulatus_C9A	NC_083286.1	591	79	281	359	45397104	45397340	34.177	1.29e-06	57.0
Sceloporus_undulatus_C9A	NC_083282.1	591	52	533	584	37907262	37907417	61.538	1.53e-10	69.7
Sceloporus_undulatus_C9A	NC_083282.1	591	87	443	528	37919395	37919138	35.632	5.39e-09	64.7
Sceloporus_undulatus_C9A	NC_083282.1	591	79	281	359	37897080	37897316	36.709	1.00e-07	60.8
Sceloporus_undulatus_C9A	NC_083282.1	591	75	513	587	37918699	37918484	41.333	8.00e-07	57.8
Anolis_carolinensis_C9B	NC_083286.1	538	86	272	357	46001176	46001433	66.279	2.47e-28	125
Anolis_carolinensis_C9B	NC_083286.1	538	81	457	537	46005017	46005259	64.198	2.43e-26	119
Anolis_carolinensis_C9B	NC_083286.1	538	47	156	202	45996361	45996501	76.596	4.61e-15	84.0
Anolis_carolinensis_C9B	NC_083286.1	538	56	405	460	46002881	46003048	66.071	7.68e-15	83.2
Anolis_carolinensis_C9B	NC_083286.1	538	50	57	106	45994199	45994348	66.000	1.18e-13	79.7
Anolis_carolinensis_C9B	NC_083286.1	538	50	106	155	45995077	45995226	70.000	2.35e-12	75.5
Anolis_carolinensis_C9B	NC_083286.1	538	71	462	532	45455198	45454989	40.845	9.87e-10	67.0
Anolis_carolinensis_C9B	NC_083286.1	538	78	201	277	45998353	45998580	44.872	8.41e-09	63.9
Anolis_carolinensis_C9B	NC_083286.1	538	81	281	361	45423822	45424064	35.802	1.92e-07	59.7
Anolis_carolinensis_C9B	NC_083286.1	538	75	281	355	45397104	45397328	37.333	7.42e-07	57.8
Anolis_carolinensis_C9B	NC_083282.1	538	81	281	361	37929342	37929100	34.568	3.06e-08	62.0
Anolis_carolinensis_C9B	NC_083282.1	538	75	281	355	37897080	37897304	37.333	4.31e-08	61.6
Anolis_carolinensis_C9B	NC_083288.1	538	232	288	518	41433768	41433118	24.569	5.05e-07	58.2
Hydrophis_cyanocinctus_C9B	NC_083286.1	582	78	276	353	46001203	46001436	71.795	3.43e-30	132
Hydrophis_cyanocinctus_C9B	NC_083286.1	582	76	458	533	46005035	46005262	63.158	2.09e-24	114
Hydrophis_cyanocinctus_C9B	NC_083286.1	582	47	156	202	45996361	45996501	72.340	8.12e-15	83.6
Hydrophis_cyanocinctus_C9B	NC_083286.1	582	50	106	155	45995077	45995226	74.000	1.42e-13	79.7
Hydrophis_cyanocinctus_C9B	NC_083286.1	582	69	456	524	45455201	45454998	43.478	2.14e-09	66.2
Hydrophis_cyanocinctus_C9B	NC_083286.1	582	50	57	106	45994202	45994348	56.000	2.67e-09	65.9
Hydrophis_cyanocinctus_C9B	NC_083286.1	582	57	400	456	46002881	46003051	47.368	1.12e-08	63.5
Hydrophis_cyanocinctus_C9B	NC_083286.1	582	59	524	582	46006320	46006493	49.153	1.63e-07	60.1
Hydrophis_cyanocinctus_C9B	NC_083286.1	582	55	529	582	45403741	45403905	43.636	6.89e-06	54.7
Hydrophis_cyanocinctus_C9B	NC_083282.1	582	82	276	357	37897080	37897325	35.366	1.20e-08	63.5
Hydrophis_cyanocinctus_C9B	NC_083282.1	582	77	448	523	37919365	37919138	41.558	2.37e-08	62.8
Hydrophis_cyanocinctus_C9B	NC_083282.1	582	82	273	354	37929351	37929106	31.707	1.97e-06	56.2
Hydrophis_cyanocinctus_C9B	NC_083282.1	582	50	529	578	37907265	37907414	50.000	7.07e-06	54.7
Hydrophis_cyanocinctus_C9B	NC_083282.1	582	75	508	582	37918699	37918484	38.667	8.10e-06	54.3
Hydrophis_cyanocinctus_C9B	NC_083288.1	582	223	298	513	39956324	39956938	23.318	2.19e-06	56.2
Bothrops_jararaca_C9B	NC_083286.1	583	81	274	354	46001194	46001436	71.605	3.31e-30	132
Bothrops_jararaca_C9B	NC_083286.1	583	76	459	534	46005035	46005262	68.421	2.03e-27	123
Bothrops_jararaca_C9B	NC_083286.1	583	47	157	203	45996361	45996501	76.596	2.85e-16	88.2
Bothrops_jararaca_C9B	NC_083286.1	583	50	107	156	45995077	45995226	72.000	1.16e-12	76.6
Bothrops_jararaca_C9B	NC_083286.1	583	57	401	457	46002881	46003051	56.140	2.31e-11	72.4
Bothrops_jararaca_C9B	NC_083286.1	583	57	57	110	45994199	45994366	56.140	9.08e-11	70.5
Bothrops_jararaca_C9B	NC_083286.1	583	59	525	583	46006320	46006493	55.932	1.51e-09	66.6
Bothrops_jararaca_C9B	NC_083286.1	583	69	457	525	45455201	45454998	39.130	6.84e-08	61.2
Bothrops_jararaca_C9B	NC_083286.1	583	82	274	355	45397095	45397340	32.927	2.83e-06	55.8
Bothrops_jararaca_C9B	NC_083286.1	583	59	57	114	45418744	45418917	45.763	7.15e-06	54.7
Bothrops_jararaca_C9B	NC_083286.1	583	70	274	343	45423813	45424022	35.714	7.79e-06	54.3
Bothrops_jararaca_C9B	NC_083282.1	583	51	529	579	37907262	37907414	58.824	1.50e-08	63.2
Bothrops_jararaca_C9B	NC_083282.1	583	79	277	355	37897080	37897316	35.443	6.13e-08	61.2
Bothrops_jararaca_C9B	NC_083282.1	583	77	449	524	37919365	37919138	37.662	6.73e-08	61.2
Bothrops_jararaca_C9B	NC_083282.1	583	71	509	579	37918699	37918496	39.437	1.09e-07	60.5
Bothrops_jararaca_C9B	NC_083282.1	583	82	274	355	37929351	37929106	32.927	1.97e-07	59.7
Bothrops_jararaca_C9B	NC_083288.1	583	227	299	514	39956324	39956938	24.229	3.21e-06	55.8
Laticauda_colubrina_C9B	NC_083286.1	583	111	268	374	46001176	46001499	54.054	1.31e-29	130
Laticauda_colubrina_C9B	NC_083286.1	583	76	459	534	46005035	46005262	65.789	1.43e-25	117
Laticauda_colubrina_C9B	NC_083286.1	583	46	157	202	45996361	45996498	71.739	3.38e-14	81.6
Laticauda_colubrina_C9B	NC_083286.1	583	50	107	156	45995077	45995226	74.000	8.18e-14	80.5
Laticauda_colubrina_C9B	NC_083286.1	583	69	457	525	45455201	45454998	43.478	3.86e-09	65.1
Laticauda_colubrina_C9B	NC_083286.1	583	50	58	107	45994202	45994348	56.000	4.21e-09	65.1
Laticauda_colubrina_C9B	NC_083286.1	583	57	401	457	46002881	46003051	49.123	1.62e-08	63.2
Laticauda_colubrina_C9B	NC_083286.1	583	59	525	583	46006320	46006493	49.153	1.35e-07	60.1
Laticauda_colubrina_C9B	NC_083286.1	583	79	277	355	45397104	45397340	32.911	2.07e-06	56.2
Laticauda_colubrina_C9B	NC_083286.1	583	67	277	343	45423822	45424022	35.821	3.24e-06	55.8
Laticauda_colubrina_C9B	NC_083282.1	583	96	277	369	37897080	37897367	31.250	3.18e-08	62.4
Laticauda_colubrina_C9B	NC_083282.1	583	81	277	357	37929342	37929100	29.630	5.38e-07	58.2
Laticauda_colubrina_C9B	NC_083282.1	583	77	449	524	37919365	37919138	38.961	7.63e-07	57.8
Laticauda_colubrina_C9B	NC_083282.1	583	51	529	579	37907262	37907414	52.941	1.88e-06	56.6
Laticauda_colubrina_C9B	NC_083282.1	583	75	509	583	37918699	37918484	38.667	2.83e-06	55.8
Laticauda_colubrina_C9B	NC_083288.1	583	190	286	475	41411547	41411011	23.158	1.70e-06	56.6
Laticauda_colubrina_C9B	NC_083288.1	583	223	299	514	39956324	39956938	23.318	1.73e-06	56.6
Pseudonaja_textilis_C9B	NC_083286.1	583	78	277	354	46001203	46001436	73.077	7.94e-31	134
Pseudonaja_textilis_C9B	NC_083286.1	583	84	451	534	46005011	46005262	59.524	6.34e-25	115
Pseudonaja_textilis_C9B	NC_083286.1	583	47	157	203	45996361	45996501	70.213	1.53e-14	82.8
Pseudonaja_textilis_C9B	NC_083286.1	583	50	107	156	45995077	45995226	76.000	4.52e-14	81.3
Pseudonaja_textilis_C9B	NC_083286.1	583	69	457	525	45455201	45454998	43.478	1.01e-09	67.0
Pseudonaja_textilis_C9B	NC_083286.1	583	51	57	107	45994199	45994348	54.902	1.36e-09	66.6
Pseudonaja_textilis_C9B	NC_083286.1	583	57	401	457	46002881	46003051	50.877	7.08e-09	64.3
Pseudonaja_textilis_C9B	NC_083286.1	583	55	530	583	45403741	45403905	45.455	4.26e-06	55.5
Pseudonaja_textilis_C9B	NC_083282.1	583	82	277	358	37897080	37897325	35.366	6.39e-09	64.7
Pseudonaja_textilis_C9B	NC_083282.1	583	77	449	524	37919365	37919138	40.260	8.05e-08	60.8
Pseudonaja_textilis_C9B	NC_083282.1	583	79	277	355	37929342	37929106	31.646	5.33e-07	58.2
Pseudonaja_textilis_C9B	NC_083282.1	583	50	530	579	37907265	37907414	52.000	1.25e-06	57.0
Pseudonaja_textilis_C9B	NC_083282.1	583	46	538	583	37918621	37918484	47.826	2.81e-06	55.8
Pseudonaja_textilis_C9B	NC_083288.1	583	223	299	514	39956324	39956938	22.870	6.24e-06	54.7
Notechis_scutatus_C9B	NC_083286.1	583	78	277	354	46001203	46001436	73.077	1.09e-30	133
Notechis_scutatus_C9B	NC_083286.1	583	76	459	534	46005035	46005262	64.474	2.88e-25	116
Notechis_scutatus_C9B	NC_083286.1	583	47	157	203	45996361	45996501	72.340	6.30e-15	84.0
Notechis_scutatus_C9B	NC_083286.1	583	50	107	156	45995077	45995226	74.000	1.39e-13	79.7
Notechis_scutatus_C9B	NC_083286.1	583	69	457	525	45455201	45454998	43.478	9.37e-10	67.4
Notechis_scutatus_C9B	NC_083286.1	583	50	58	107	45994202	45994348	56.000	2.02e-09	66.2
Notechis_scutatus_C9B	NC_083286.1	583	57	401	457	46002881	46003051	47.368	1.28e-08	63.5
Notechis_scutatus_C9B	NC_083286.1	583	59	525	583	46006320	46006493	49.153	4.13e-07	58.5
Notechis_scutatus_C9B	NC_083286.1	583	55	530	583	45403741	45403905	43.636	6.97e-06	54.7
Notechis_scutatus_C9B	NC_083282.1	583	82	277	358	37897080	37897325	34.146	1.87e-08	63.2
Notechis_scutatus_C9B	NC_083282.1	583	82	449	529	37919365	37919123	39.024	2.55e-08	62.4
Notechis_scutatus_C9B	NC_083282.1	583	79	277	355	37929342	37929106	30.380	3.38e-06	55.8
Notechis_scutatus_C9B	NC_083282.1	583	80	509	583	37918699	37918484	36.250	5.88e-06	54.7
Notechis_scutatus_C9B	NC_083282.1	583	50	530	579	37907265	37907414	50.000	7.85e-06	54.3
Notechis_scutatus_C9B	NC_083288.1	583	223	299	514	39956324	39956938	23.767	3.67e-07	58.9
Pituophis_catenifer_C9B	NC_083286.1	583	77	277	353	46001203	46001433	67.532	2.36e-27	123
Pituophis_catenifer_C9B	NC_083286.1	583	77	456	532	46005026	46005256	67.532	1.79e-26	120
Pituophis_catenifer_C9B	NC_083286.1	583	50	107	156	45995077	45995226	76.000	8.45e-15	83.6
Pituophis_catenifer_C9B	NC_083286.1	583	47	157	203	45996361	45996501	70.213	2.87e-14	81.6
Pituophis_catenifer_C9B	NC_083286.1	583	69	457	525	45455201	45454998	43.478	2.72e-09	65.9
Pituophis_catenifer_C9B	NC_083286.1	583	57	401	457	46002881	46003051	52.632	3.10e-09	65.5
Pituophis_catenifer_C9B	NC_083286.1	583	51	57	107	45994199	45994348	54.902	6.62e-09	64.3
Pituophis_catenifer_C9B	NC_083286.1	583	59	525	583	46006320	46006493	47.458	3.98e-06	55.5
Pituophis_catenifer_C9B	NC_083282.1	583	77	449	524	37919365	37919138	38.961	2.61e-08	62.4
Pituophis_catenifer_C9B	NC_083282.1	583	85	274	358	37897071	37897325	35.294	1.82e-07	59.7
Pituophis_catenifer_C9B	NC_083282.1	583	51	529	579	37907262	37907414	54.902	8.38e-07	57.8
Pantherophis_obsoletus_C9B	NC_083286.1	583	81	274	354	46001194	46001436	66.667	8.13e-29	127
Pantherophis_obsoletus_C9B	NC_083286.1	583	79	456	534	46005026	46005262	63.291	2.31e-25	117
Pantherophis_obsoletus_C9B	NC_083286.1	583	50	107	156	45995077	45995226	76.000	9.53e-15	83.2
Pantherophis_obsoletus_C9B	NC_083286.1	583	47	157	203	45996361	45996501	70.213	3.55e-14	81.6
Pantherophis_obsoletus_C9B	NC_083286.1	583	57	401	457	46002881	46003051	54.386	1.46e-09	66.6
Pantherophis_obsoletus_C9B	NC_083286.1	583	51	57	107	45994199	45994348	56.863	3.34e-09	65.5
Pantherophis_obsoletus_C9B	NC_083286.1	583	69	457	525	45455201	45454998	36.232	2.63e-07	59.3
Pantherophis_obsoletus_C9B	NC_083286.1	583	59	525	583	46006320	46006493	49.153	9.60e-07	57.4
Pantherophis_obsoletus_C9B	NC_083286.1	583	82	274	355	45397095	45397340	34.146	2.93e-06	55.8
Pantherophis_obsoletus_C9B	NC_083286.1	583	82	274	355	45423813	45424058	32.927	5.13e-06	55.1
Pantherophis_obsoletus_C9B	NC_083282.1	583	82	277	358	37897080	37897325	36.585	1.60e-09	66.6
Pantherophis_obsoletus_C9B	NC_083282.1	583	82	274	355	37929351	37929106	35.366	7.33e-08	61.2
Pantherophis_obsoletus_C9B	NC_083282.1	583	77	449	524	37919365	37919138	36.364	1.72e-07	59.7
Pantherophis_obsoletus_C9B	NC_083282.1	583	50	530	579	37907268	37907414	56.000	2.69e-06	55.8
Crotalus_tigris_C9B	NC_083286.1	583	85	453	537	46005017	46005271	62.353	1.26e-27	124
Crotalus_tigris_C9B	NC_083286.1	583	120	277	395	46001203	46001556	50.000	1.75e-26	120
Crotalus_tigris_C9B	NC_083286.1	583	47	157	203	45996361	45996501	76.596	1.35e-15	86.3
Crotalus_tigris_C9B	NC_083286.1	583	50	107	156	45995077	45995226	74.000	6.77e-14	80.5
Crotalus_tigris_C9B	NC_083286.1	583	57	401	457	46002881	46003051	59.649	2.54e-11	72.4
Crotalus_tigris_C9B	NC_083286.1	583	51	57	107	45994199	45994348	58.824	5.61e-10	67.8
Crotalus_tigris_C9B	NC_083286.1	583	69	457	525	45455201	45454998	42.029	2.50e-09	65.9
Crotalus_tigris_C9B	NC_083286.1	583	49	536	583	46006353	46006493	59.184	5.16e-07	58.2
Crotalus_tigris_C9B	NC_083282.1	583	77	449	524	37919365	37919138	40.260	1.25e-08	63.5
Crotalus_tigris_C9B	NC_083282.1	583	71	509	579	37918699	37918496	39.437	2.51e-06	56.2
Crotalus_tigris_C9B	NC_083282.1	583	74	277	350	37897080	37897301	33.784	2.55e-06	56.2
Crotalus_tigris_C9B	NC_083282.1	583	51	529	579	37907262	37907414	50.980	7.40e-06	54.7
Crotalus_tigris_C9B	NC_083288.1	583	220	299	514	39956324	39956938	23.636	3.93e-07	58.5
Ptyas_mucosa_C9B	NC_083286.1	583	77	277	353	46001203	46001433	67.532	2.46e-27	123
Ptyas_mucosa_C9B	NC_083286.1	583	75	460	534	46005038	46005262	64.000	1.29e-24	114
Ptyas_mucosa_C9B	NC_083286.1	583	50	107	156	45995077	45995226	76.000	1.19e-14	83.2
Ptyas_mucosa_C9B	NC_083286.1	583	47	157	203	45996361	45996501	70.213	2.87e-14	81.6
Ptyas_mucosa_C9B	NC_083286.1	583	59	399	457	46002875	46003051	50.847	1.81e-08	63.2
Ptyas_mucosa_C9B	NC_083286.1	583	51	57	107	45994199	45994348	50.980	2.36e-08	62.8
Ptyas_mucosa_C9B	NC_083286.1	583	56	528	583	46006329	46006493	51.786	2.13e-07	59.7
Ptyas_mucosa_C9B	NC_083286.1	583	58	468	525	45455171	45454998	37.931	2.93e-06	55.8
Ptyas_mucosa_C9B	NC_083282.1	583	79	274	352	37897071	37897307	35.443	3.01e-07	58.9
Ptyas_mucosa_C9B	NC_083282.1	583	87	439	524	37919395	37919138	32.184	1.47e-06	57.0
