# Crotalus_adamanteus DAB2/FYB1 anchors on CM077919.1:263223133-267272494 (sstart/send relative to region; add 263223132)
Anolis_carolinensis_DAB2	1983352	1983963	285
Anolis_carolinensis_DAB2	1988724	1989260	216
Anolis_carolinensis_DAB2	1979973	1980107	99.4
Anolis_carolinensis_DAB2	1976475	1976615	97.4
Anolis_carolinensis_DAB2	1987401	1987559	74.7
Anolis_carolinensis_DAB2	1978657	1978758	73.2
Anolis_carolinensis_DAB2	1981985	1982068	49.3
Anolis_carolinensis_DAB2	1990664	1990786	48.9
Anolis_carolinensis_FYB1	2082747	2083898	310
Anolis_carolinensis_FYB1	2117888	2118070	94.7
Anolis_carolinensis_FYB1	2104475	2104627	92.0
Anolis_carolinensis_FYB1	2106390	2106530	69.7
Anolis_carolinensis_FYB1	2115495	2115614	57.4
Anolis_carolinensis_FYB1	2109877	2109999	55.1
Thamnophis_elegans_DAB2	1983352	1983963	362
Thamnophis_elegans_DAB2	1988724	1989269	283
Thamnophis_elegans_DAB2	1979973	1980107	100
Thamnophis_elegans_DAB2	1976475	1976615	99.0
Thamnophis_elegans_DAB2	1987401	1987559	97.8
Thamnophis_elegans_DAB2	1978657	1978758	75.1
Thamnophis_elegans_DAB2	1990661	1990783	67.4
Thamnophis_elegans_DAB2	1981985	1982068	51.2
Thamnophis_elegans_FYB1	2082747	2083874	605
Thamnophis_elegans_FYB1	2104475	2104639	108
Thamnophis_elegans_FYB1	2117888	2118070	100
Thamnophis_elegans_FYB1	2106390	2106530	88.6
Thamnophis_elegans_FYB1	2109880	2110029	84.3
Thamnophis_elegans_FYB1	2115495	2115614	75.9
Thamnophis_elegans_FYB1	2114441	2114557	47.8
