# Teratoscincus_roborowskii DAB2/FYB1 anchors on CM121144.1:21743415-25770409 (sstart/send relative to region; add 21743414)
Anolis_carolinensis_DAB2	2038842	2038207	308
Anolis_carolinensis_DAB2	2036955	2036413	254
Anolis_carolinensis_DAB2	2043132	2042992	101
Anolis_carolinensis_DAB2	2046648	2046484	100
Anolis_carolinensis_DAB2	2044739	2044632	72.8
Anolis_carolinensis_DAB2	2037320	2037165	59.7
Anolis_carolinensis_DAB2	2040173	2040075	46.6
Anolis_carolinensis_FYB1	1970807	1969665	323
Anolis_carolinensis_FYB1	1952725	1952573	104
Anolis_carolinensis_FYB1	1927145	1926981	94.0
Anolis_carolinensis_FYB1	1945749	1945600	63.2
Anolis_carolinensis_FYB1	1951394	1951281	57.0
Thamnophis_elegans_DAB2	2038842	2038207	287
Thamnophis_elegans_DAB2	2036952	2036413	213
Thamnophis_elegans_DAB2	2043132	2042992	99.8
Thamnophis_elegans_DAB2	2046648	2046484	95.9
Thamnophis_elegans_DAB2	2044739	2044632	70.9
Thamnophis_elegans_DAB2	2037329	2037165	47.8
Thamnophis_elegans_FYB1	1970807	1969650	235
Thamnophis_elegans_FYB1	1952725	1952561	91.3
Thamnophis_elegans_FYB1	1927145	1926981	84.7
Thamnophis_elegans_FYB1	1945749	1945612	66.6
Thamnophis_elegans_FYB1	1951394	1951284	59.7
