Lacerta_agilis_C9A	CM019149.1	589	78	279	356	286399553	286399786	70.513	8.25e-30	131
Lacerta_agilis_C9A	CM019149.1	589	68	461	528	286454870	286455073	70.588	9.62e-24	112
Lacerta_agilis_C9A	CM019149.1	589	72	461	532	286407005	286407220	65.278	1.01e-23	112
Lacerta_agilis_C9A	CM019149.1	589	72	300	371	286449931	286450137	58.333	1.31e-20	97.1
Lacerta_agilis_C9A	CM019149.1	589	16	278	293	286449869	286449916	68.750	1.31e-20	27.7
Lacerta_agilis_C9A	CM019149.1	589	48	155	202	286393405	286393548	72.917	5.44e-15	84.3
Lacerta_agilis_C9A	CM019149.1	589	55	100	154	286441719	286441883	72.727	1.85e-14	82.8
Lacerta_agilis_C9A	CM019149.1	589	47	155	201	286443481	286443621	68.085	1.12e-13	80.1
Lacerta_agilis_C9A	CM019149.1	589	55	100	154	286391130	286391294	63.636	7.35e-13	77.4
Lacerta_agilis_C9A	CM019149.1	589	56	403	458	286453447	286453614	60.714	1.62e-11	73.2
Lacerta_agilis_C9A	CM019149.1	589	93	14	105	286439696	286439941	38.710	6.73e-10	68.2
Lacerta_agilis_C9A	CM019149.1	589	56	403	458	286405588	286405755	55.357	9.64e-10	67.4
Lacerta_agilis_C9A	CM019149.1	589	51	56	105	286390065	286390217	52.941	7.73e-08	61.2
Lacerta_agilis_C9A	CM019149.1	589	52	534	584	286408794	286408949	48.077	1.97e-07	60.1
Lacerta_agilis_C9A	CM019149.1	589	60	470	529	285752129	285751950	45.000	4.32e-07	58.9
Lacerta_agilis_C9A	CM019149.1	589	70	519	584	286455941	286456150	44.286	4.90e-07	58.5
Lacerta_agilis_C9A	SOZL01000598.1	589	93	279	371	2532	2801	59.140	3.21e-29	129
Lacerta_agilis_C9A	SOZL01000598.1	589	74	461	534	9197	9418	67.568	7.26e-25	115
Lacerta_agilis_C9A	SOZL01000598.1	589	56	403	458	7788	7955	60.714	3.29e-11	72.0
Lacerta_agilis_C9A	SOZL01000598.1	589	56	530	584	10314	10481	48.214	1.61e-06	57.0
Lacerta_agilis_C9A	CM019150.1	589	81	279	359	71145730	71145972	37.037	5.27e-09	65.1
Lacerta_agilis_C9A	CM019155.1	589	223	300	517	130540239	130540865	25.561	7.10e-09	64.7
Lacerta_agilis_C9A	CM019155.1	589	225	297	518	133430704	133430090	23.111	3.44e-06	55.8
Zootoca_vivipara_C9A	CM019149.1	589	78	279	356	286399553	286399786	70.513	1.67e-29	130
Zootoca_vivipara_C9A	CM019149.1	589	72	461	532	286407005	286407220	66.667	6.59e-24	112
Zootoca_vivipara_C9A	CM019149.1	589	68	461	528	286454870	286455073	70.588	1.53e-23	111
Zootoca_vivipara_C9A	CM019149.1	589	72	300	371	286449931	286450137	58.333	2.26e-20	95.9
Zootoca_vivipara_C9A	CM019149.1	589	16	278	293	286449869	286449916	68.750	2.26e-20	27.7
Zootoca_vivipara_C9A	CM019149.1	589	48	155	202	286393405	286393548	72.917	5.31e-15	84.3
Zootoca_vivipara_C9A	CM019149.1	589	55	100	154	286441719	286441883	70.909	3.20e-14	82.0
Zootoca_vivipara_C9A	CM019149.1	589	47	155	201	286443481	286443621	68.085	1.17e-13	80.1
Zootoca_vivipara_C9A	CM019149.1	589	55	100	154	286391130	286391294	61.818	1.15e-12	77.0
Zootoca_vivipara_C9A	CM019149.1	589	56	403	458	286453447	286453614	58.929	6.88e-11	71.2
Zootoca_vivipara_C9A	CM019149.1	589	93	14	105	286439696	286439941	39.785	1.07e-10	70.5
Zootoca_vivipara_C9A	CM019149.1	589	61	398	458	286405573	286405755	52.459	6.29e-10	68.2
Zootoca_vivipara_C9A	CM019149.1	589	51	56	105	286390065	286390217	54.902	1.86e-08	63.2
Zootoca_vivipara_C9A	CM019149.1	589	52	534	584	286408794	286408949	48.077	6.22e-07	58.5
Zootoca_vivipara_C9A	CM019149.1	589	60	470	529	285752129	285751950	43.333	8.46e-07	57.8
Zootoca_vivipara_C9A	CM019149.1	589	49	537	584	286456004	286456150	53.061	2.81e-06	56.2
Zootoca_vivipara_C9A	SOZL01000598.1	589	93	279	371	2532	2801	59.140	6.17e-29	128
Zootoca_vivipara_C9A	SOZL01000598.1	589	74	461	534	9197	9418	67.568	6.53e-25	115
Zootoca_vivipara_C9A	SOZL01000598.1	589	56	403	458	7788	7955	58.929	1.15e-10	70.5
Zootoca_vivipara_C9A	SOZL01000598.1	589	56	530	584	10314	10481	48.214	5.38e-06	55.1
Zootoca_vivipara_C9A	CM019150.1	589	81	279	359	71145730	71145972	37.037	1.02e-08	64.3
Zootoca_vivipara_C9A	CM019150.1	589	66	461	525	71168447	71168644	39.394	9.48e-06	54.7
Zootoca_vivipara_C9A	CM019155.1	589	223	300	517	130540239	130540865	24.215	3.86e-07	58.9
Podarcis_muralis_C9A	CM019149.1	589	79	278	356	286399550	286399786	69.620	1.00e-29	130
Podarcis_muralis_C9A	CM019149.1	589	67	461	527	286454870	286455070	71.642	1.05e-23	112
Podarcis_muralis_C9A	CM019149.1	589	72	461	532	286407005	286407220	63.889	1.02e-22	108
Podarcis_muralis_C9A	CM019149.1	589	72	300	371	286449931	286450137	58.333	2.82e-20	95.9
Podarcis_muralis_C9A	CM019149.1	589	16	278	293	286449869	286449916	62.500	2.82e-20	27.3
Podarcis_muralis_C9A	CM019149.1	589	48	155	202	286393405	286393548	72.917	5.40e-15	84.3
Podarcis_muralis_C9A	CM019149.1	589	55	100	154	286441719	286441883	72.727	2.00e-14	82.8
Podarcis_muralis_C9A	CM019149.1	589	47	155	201	286443481	286443621	68.085	1.12e-13	80.1
Podarcis_muralis_C9A	CM019149.1	589	55	100	154	286391130	286391294	63.636	7.74e-13	77.4
Podarcis_muralis_C9A	CM019149.1	589	93	14	105	286439696	286439941	39.785	1.79e-10	69.7
Podarcis_muralis_C9A	CM019149.1	589	54	405	458	286453453	286453614	59.259	2.23e-09	66.2
Podarcis_muralis_C9A	CM019149.1	589	55	404	458	286405591	286405755	52.727	5.54e-08	61.6
Podarcis_muralis_C9A	CM019149.1	589	51	56	105	286390065	286390217	52.941	7.03e-08	61.6
Podarcis_muralis_C9A	CM019149.1	589	90	470	551	285752129	285751860	34.444	2.17e-07	59.7
Podarcis_muralis_C9A	CM019149.1	589	52	534	584	286408794	286408949	48.077	2.66e-07	59.7
Podarcis_muralis_C9A	CM019149.1	589	70	519	584	286455941	286456150	44.286	4.03e-07	58.9
Podarcis_muralis_C9A	SOZL01000598.1	589	94	278	371	2529	2801	57.447	8.90e-29	127
Podarcis_muralis_C9A	SOZL01000598.1	589	74	461	534	9197	9418	66.216	1.92e-24	114
Podarcis_muralis_C9A	SOZL01000598.1	589	54	405	458	7794	7955	59.259	3.83e-09	65.5
Podarcis_muralis_C9A	SOZL01000598.1	589	49	537	584	10335	10481	53.061	1.92e-06	56.6
Podarcis_muralis_C9A	CM019150.1	589	81	279	359	71145730	71145972	35.802	2.90e-08	62.8
Podarcis_muralis_C9A	CM019150.1	589	78	279	356	71203842	71203609	30.769	5.84e-06	55.1
Podarcis_muralis_C9A	CM019150.1	589	66	461	525	71168447	71168644	39.394	8.34e-06	54.7
Podarcis_muralis_C9A	CM019155.1	589	224	300	516	130540239	130540862	24.554	1.69e-06	57.0
Podarcis_muralis_C9A	CM019155.1	589	225	297	518	133430704	133430090	24.889	4.01e-06	55.8
Anolis_carolinensis_C9A	CM019149.1	591	81	457	537	286406987	286407229	64.198	1.08e-26	121
Anolis_carolinensis_C9A	CM019149.1	591	79	280	358	286399550	286399786	62.025	2.54e-24	114
Anolis_carolinensis_C9A	CM019149.1	591	74	457	530	286454852	286455073	62.162	9.69e-24	112
Anolis_carolinensis_C9A	CM019149.1	591	85	302	381	286449931	286450176	48.235	1.95e-16	85.1
Anolis_carolinensis_C9A	CM019149.1	591	18	280	297	286449869	286449922	55.556	1.95e-16	25.0
Anolis_carolinensis_C9A	CM019149.1	591	47	156	202	286443481	286443621	70.213	1.01e-13	80.5
Anolis_carolinensis_C9A	CM019149.1	591	47	156	202	286393405	286393545	70.213	1.18e-13	80.1
Anolis_carolinensis_C9A	CM019149.1	591	50	106	155	286391145	286391294	66.000	2.73e-11	72.4
Anolis_carolinensis_C9A	CM019149.1	591	50	106	155	286441734	286441883	68.000	5.94e-11	71.2
Anolis_carolinensis_C9A	CM019149.1	591	60	408	467	286405597	286405776	51.667	6.91e-09	64.7
Anolis_carolinensis_C9A	CM019149.1	591	49	539	587	286456004	286456150	57.143	1.02e-08	64.3
Anolis_carolinensis_C9A	CM019149.1	591	65	408	472	286453456	286453650	44.615	2.42e-08	62.8
Anolis_carolinensis_C9A	CM019149.1	591	52	536	587	286408794	286408949	44.231	6.39e-08	61.6
Anolis_carolinensis_C9A	CM019149.1	591	71	461	531	285752159	285751950	40.845	1.46e-07	60.5
Anolis_carolinensis_C9A	CM019149.1	591	52	57	107	286439789	286439944	50.000	2.25e-07	59.7
Anolis_carolinensis_C9A	CM019149.1	591	82	278	359	285653811	285654056	32.927	4.97e-07	58.5
Anolis_carolinensis_C9A	CM019149.1	591	55	54	107	286390056	286390220	47.273	1.60e-06	57.0
Anolis_carolinensis_C9A	CM019149.1	591	50	542	591	285749714	285749565	48.000	3.83e-06	55.8
Anolis_carolinensis_C9A	CM019149.1	591	54	17	70	286439079	286439228	46.296	4.82e-06	55.5
Anolis_carolinensis_C9A	SOZL01000598.1	591	81	457	537	9179	9421	60.494	2.99e-26	120
Anolis_carolinensis_C9A	SOZL01000598.1	591	107	280	381	2529	2840	51.402	5.67e-25	116
Anolis_carolinensis_C9A	SOZL01000598.1	591	49	539	587	10335	10481	57.143	9.77e-09	64.3
Anolis_carolinensis_C9A	SOZL01000598.1	591	65	408	472	7797	7991	44.615	2.16e-08	63.2
Anolis_carolinensis_C9A	CM019155.1	591	231	295	518	130540218	130540862	25.108	4.02e-07	58.9
Anolis_carolinensis_C9A	CM019150.1	591	81	281	361	71145730	71145972	32.099	1.38e-06	57.4
Anolis_carolinensis_C9A	CM019150.1	591	78	281	358	71203842	71203609	33.333	1.60e-06	57.0
Anolis_carolinensis_C9A	CM019150.1	591	75	454	527	71168420	71168644	33.333	1.67e-06	57.0
Pogona_vitticeps_C9A	CM019149.1	576	90	256	345	286399535	286399804	62.222	6.28e-27	122
Pogona_vitticeps_C9A	CM019149.1	576	78	438	515	286406987	286407220	67.949	1.33e-25	117
Pogona_vitticeps_C9A	CM019149.1	576	77	438	514	286454852	286455082	64.935	4.48e-24	113
Pogona_vitticeps_C9A	CM019149.1	576	61	146	206	286393375	286393557	62.295	1.55e-15	86.3
Pogona_vitticeps_C9A	CM019149.1	576	56	283	338	286449931	286450098	62.500	1.55e-15	80.9
Pogona_vitticeps_C9A	CM019149.1	576	17	262	278	286449872	286449922	64.706	1.55e-15	26.6
Pogona_vitticeps_C9A	CM019149.1	576	51	156	206	286443481	286443633	68.627	1.00e-14	83.6
Pogona_vitticeps_C9A	CM019149.1	576	71	501	571	286455938	286456150	52.113	2.28e-14	82.4
Pogona_vitticeps_C9A	CM019149.1	576	79	508	571	286408713	286408949	49.367	2.28e-12	75.9
Pogona_vitticeps_C9A	CM019149.1	576	50	106	155	286441734	286441883	72.000	3.53e-12	75.5
Pogona_vitticeps_C9A	CM019149.1	576	50	106	155	286391145	286391294	66.000	1.17e-11	73.6
Pogona_vitticeps_C9A	CM019149.1	576	60	389	448	286453456	286453635	50.000	2.95e-09	65.9
Pogona_vitticeps_C9A	CM019149.1	576	50	523	571	285701040	285701189	62.000	8.58e-09	64.3
Pogona_vitticeps_C9A	CM019149.1	576	60	389	448	286405597	286405776	48.333	1.91e-08	63.2
Pogona_vitticeps_C9A	CM019149.1	576	45	26	70	286386202	286386336	57.778	8.88e-08	61.2
Pogona_vitticeps_C9A	CM019149.1	576	45	26	70	286439094	286439228	53.333	1.13e-07	60.8
Pogona_vitticeps_C9A	CM019149.1	576	68	443	510	285752156	285751956	42.647	7.35e-07	58.2
Pogona_vitticeps_C9A	CM019149.1	576	79	262	340	285653820	285654056	36.709	2.17e-06	56.6
Pogona_vitticeps_C9A	CM019149.1	576	70	453	522	285664986	285665195	42.857	2.49e-06	56.2
Pogona_vitticeps_C9A	CM019149.1	576	50	513	561	285670203	285670343	56.000	2.62e-06	56.2
Pogona_vitticeps_C9A	CM019149.1	576	50	526	575	285749714	285749565	48.000	5.35e-06	55.5
Pogona_vitticeps_C9A	CM019149.1	576	52	57	107	286439789	286439944	46.154	5.58e-06	55.1
Pogona_vitticeps_C9A	SOZL01000598.1	576	78	438	515	9179	9412	66.667	6.64e-25	115
Pogona_vitticeps_C9A	SOZL01000598.1	576	90	262	351	2532	2792	55.556	8.00e-24	112
Pogona_vitticeps_C9A	SOZL01000598.1	576	58	514	571	10308	10481	60.345	2.52e-13	79.0
Pogona_vitticeps_C9A	SOZL01000598.1	576	60	389	448	7797	7976	50.000	1.41e-09	67.0
Pogona_vitticeps_C9A	CM019155.1	576	231	276	499	130540218	130540862	27.706	1.50e-09	66.6
Pogona_vitticeps_C9A	CM019150.1	576	84	257	340	71145715	71145966	35.714	3.95e-08	62.4
Pogona_vitticeps_C9A	CM019150.1	576	52	520	571	71171013	71171168	51.923	2.10e-07	59.7
Pogona_vitticeps_C9A	CM019150.1	576	75	435	508	71168420	71168644	34.667	6.31e-07	58.2
Gekko_japonicus_C9A	CM019149.1	582	78	295	372	286399553	286399786	56.410	1.11e-21	105
Gekko_japonicus_C9A	CM019149.1	582	81	457	536	286407005	286407247	55.556	6.86e-20	100
Gekko_japonicus_C9A	CM019149.1	582	68	457	524	286454870	286455073	58.824	1.52e-18	95.9
Gekko_japonicus_C9A	CM019149.1	582	67	305	371	286449901	286450098	56.716	1.01e-13	80.5
Gekko_japonicus_C9A	CM019149.1	582	62	122	183	286391145	286391327	58.065	1.97e-11	72.8
Gekko_japonicus_C9A	CM019149.1	582	51	122	172	286441734	286441883	66.667	4.45e-11	71.6
Gekko_japonicus_C9A	CM019149.1	582	45	173	217	286393405	286393539	64.444	5.74e-10	68.2
Gekko_japonicus_C9A	CM019149.1	582	51	531	581	286408797	286408949	54.902	7.94e-10	67.8
Gekko_japonicus_C9A	CM019149.1	582	45	173	217	286443481	286443615	60.000	1.40e-09	67.0
Gekko_japonicus_C9A	CM019149.1	582	48	530	577	286455995	286456138	62.500	5.96e-09	65.1
Gekko_japonicus_C9A	CM019149.1	582	52	71	122	286439792	286439941	55.769	1.16e-07	60.8
Gekko_japonicus_C9A	CM019149.1	582	82	292	373	285653811	285654056	34.146	1.20e-07	60.8
Gekko_japonicus_C9A	CM019149.1	582	67	457	523	285752153	285751956	43.284	1.90e-07	60.1
Gekko_japonicus_C9A	CM019149.1	582	46	536	581	285749714	285749577	52.174	2.56e-07	59.7
Gekko_japonicus_C9A	CM019149.1	582	67	466	530	285664986	285665186	41.791	3.48e-07	59.3
Gekko_japonicus_C9A	SOZL01000598.1	582	74	295	368	2532	2753	58.108	1.46e-19	99.0
Gekko_japonicus_C9A	SOZL01000598.1	582	73	457	529	9197	9415	56.164	4.71e-19	97.4
Gekko_japonicus_C9A	SOZL01000598.1	582	48	530	577	10326	10469	62.500	5.69e-09	65.1
Gekko_japonicus_C9A	CM019150.1	582	81	295	375	71145730	71145972	34.568	1.33e-07	60.5
Gekko_japonicus_C9A	CM019150.1	582	67	456	521	71168444	71168644	38.806	3.09e-07	59.3
Gekko_japonicus_C9A	CM019155.1	582	216	313	514	133430704	133430090	25.000	7.39e-06	54.7
Crotalus_tigris_C9A	SOZL01000598.1	583	94	274	367	2523	2795	75.532	1.05e-36	152
Crotalus_tigris_C9A	SOZL01000598.1	583	80	453	532	9179	9418	85.000	1.48e-35	148
Crotalus_tigris_C9A	SOZL01000598.1	583	73	396	468	7773	7991	72.603	2.50e-22	107
Crotalus_tigris_C9A	SOZL01000598.1	583	51	533	583	10329	10481	82.353	5.31e-20	100
Crotalus_tigris_C9A	CM019149.1	583	79	453	531	286406987	286407223	81.013	3.97e-33	141
Crotalus_tigris_C9A	CM019149.1	583	74	453	526	286454852	286455073	86.486	5.97e-33	140
Crotalus_tigris_C9A	CM019149.1	583	77	276	352	286399550	286399780	80.519	8.88e-33	140
Crotalus_tigris_C9A	CM019149.1	583	70	298	367	286449931	286450131	70.000	1.59e-25	105
Crotalus_tigris_C9A	CM019149.1	583	18	274	291	286449863	286449916	83.333	1.59e-25	35.8
Crotalus_tigris_C9A	CM019149.1	583	76	198	273	286445313	286445540	78.947	2.57e-25	117
Crotalus_tigris_C9A	CM019149.1	583	73	396	468	286453432	286453650	72.603	3.23e-22	107
Crotalus_tigris_C9A	CM019149.1	583	51	533	583	286455998	286456150	82.353	5.70e-20	100
Crotalus_tigris_C9A	CM019149.1	583	54	54	107	286439780	286439941	75.926	5.58e-19	97.1
Crotalus_tigris_C9A	CM019149.1	583	50	107	156	286441734	286441883	90.000	5.68e-19	97.1
Crotalus_tigris_C9A	CM019149.1	583	63	401	463	286405588	286405776	74.603	2.41e-18	95.1
Crotalus_tigris_C9A	CM019149.1	583	47	157	203	286443481	286443621	87.234	5.78e-18	94.0
Crotalus_tigris_C9A	CM019149.1	583	47	157	203	286393405	286393545	85.106	4.75e-17	90.9
Crotalus_tigris_C9A	CM019149.1	583	50	107	156	286391145	286391294	82.000	2.72e-16	88.6
Crotalus_tigris_C9A	CM019149.1	583	52	532	583	286408794	286408949	65.385	3.38e-15	85.1
Crotalus_tigris_C9A	CM019149.1	583	74	199	272	286395277	286395498	55.405	3.43e-13	78.6
Crotalus_tigris_C9A	CM019149.1	583	51	57	107	286390065	286390217	66.667	9.86e-13	77.0
Crotalus_tigris_C9A	CM019149.1	583	45	26	70	286439094	286439228	66.667	9.29e-10	67.4
Crotalus_tigris_C9A	CM019149.1	583	45	26	70	286386202	286386336	60.000	1.80e-08	63.2
Crotalus_tigris_C9A	CM019155.1	583	222	298	514	130540239	130540862	25.676	1.86e-10	69.7
Crotalus_tigris_C9A	CM019150.1	583	77	277	353	71145730	71145960	36.364	5.48e-07	58.5
Crotalus_tigris_C9A	CM019150.1	583	47	537	583	71171028	71171168	51.064	1.10e-06	57.4
Crotalus_tigris_C9A	CM019150.1	583	51	529	579	71190200	71190048	49.020	2.27e-06	56.6
Thamnophis_elegans_C9A	CM019149.1	583	82	274	355	286399544	286399789	80.488	7.42e-35	146
Thamnophis_elegans_C9A	CM019149.1	583	79	453	531	286406987	286407223	83.544	1.34e-31	136
Thamnophis_elegans_C9A	CM019149.1	583	74	453	526	286454852	286455073	78.378	4.82e-28	125
Thamnophis_elegans_C9A	CM019149.1	583	70	298	367	286449931	286450131	62.857	3.05e-21	95.5
Thamnophis_elegans_C9A	CM019149.1	583	16	276	291	286449869	286449916	75.000	3.05e-21	31.2
Thamnophis_elegans_C9A	CM019149.1	583	66	398	463	286405579	286405776	71.212	2.16e-20	101
Thamnophis_elegans_C9A	CM019149.1	583	52	532	583	286408794	286408949	75.000	8.48e-19	96.7
Thamnophis_elegans_C9A	CM019149.1	583	69	400	468	286453444	286453650	63.768	1.25e-18	95.9
Thamnophis_elegans_C9A	CM019149.1	583	50	107	156	286441734	286441883	88.000	4.49e-18	94.4
Thamnophis_elegans_C9A	CM019149.1	583	75	199	273	286395277	286395501	62.667	7.24e-18	93.6
Thamnophis_elegans_C9A	CM019149.1	583	47	157	203	286393405	286393545	82.979	5.09e-17	90.9
Thamnophis_elegans_C9A	CM019149.1	583	58	99	156	286391121	286391294	72.414	9.78e-16	86.7
Thamnophis_elegans_C9A	CM019149.1	583	54	54	107	286439780	286439941	70.370	1.20e-15	86.7
Thamnophis_elegans_C9A	CM019149.1	583	47	157	203	286443481	286443621	80.851	1.67e-15	86.3
Thamnophis_elegans_C9A	CM019149.1	583	51	57	107	286390065	286390217	72.549	3.04e-14	82.0
Thamnophis_elegans_C9A	CM019149.1	583	51	533	583	286455998	286456150	62.745	3.17e-12	75.5
Thamnophis_elegans_C9A	CM019149.1	583	45	26	70	286386202	286386336	66.667	4.20e-10	68.6
Thamnophis_elegans_C9A	CM019149.1	583	78	198	271	286445313	286445534	44.872	1.59e-08	63.5
Thamnophis_elegans_C9A	CM019149.1	583	45	26	70	286439094	286439228	57.778	2.30e-08	63.2
Thamnophis_elegans_C9A	CM019149.1	583	50	535	583	285701040	285701189	52.000	3.37e-07	59.3
Thamnophis_elegans_C9A	CM019149.1	583	40	535	573	285670224	285670343	60.000	4.28e-07	58.9
Thamnophis_elegans_C9A	CM019149.1	583	50	351	399	286402501	286402650	56.000	4.64e-06	55.5
Thamnophis_elegans_C9A	SOZL01000598.1	583	92	276	367	2529	2795	66.304	5.47e-31	134
Thamnophis_elegans_C9A	SOZL01000598.1	583	80	453	532	9179	9418	76.250	9.88e-30	130
Thamnophis_elegans_C9A	SOZL01000598.1	583	69	400	468	7785	7991	63.768	1.56e-18	95.5
Thamnophis_elegans_C9A	SOZL01000598.1	583	51	533	583	10329	10481	62.745	3.00e-12	75.5
Thamnophis_elegans_C9A	CM019155.1	583	222	298	514	130540239	130540862	24.775	1.17e-08	63.9
Thamnophis_elegans_C9A	CM019150.1	583	50	530	579	71190197	71190048	50.000	5.13e-08	62.0
Thamnophis_elegans_C9A	CM019150.1	583	81	274	354	71145721	71145963	34.568	1.43e-06	57.0
Thamnophis_elegans_C9A	CM019151.1	583	58	530	583	102175934	102175761	39.655	7.04e-06	55.1
Naja_naja_C9A	SOZL01000598.1	582	94	274	367	2523	2795	89.362	7.11e-45	176
Naja_naja_C9A	SOZL01000598.1	582	80	452	531	9179	9418	96.250	8.57e-40	161
Naja_naja_C9A	SOZL01000598.1	582	72	396	467	7776	7991	87.500	2.84e-27	123
Naja_naja_C9A	SOZL01000598.1	582	56	527	582	10314	10481	96.429	6.75e-26	119
Naja_naja_C9A	SOZL01000598.1	582	41	355	395	4415	4537	97.561	3.57e-14	81.6
Naja_naja_C9A	CM019149.1	582	74	452	525	286454852	286455073	95.946	6.22e-36	149
Naja_naja_C9A	CM019149.1	582	76	198	273	286445313	286445540	96.053	1.76e-35	148
Naja_naja_C9A	CM019149.1	582	79	452	530	286406987	286407223	84.810	7.20e-34	143
Naja_naja_C9A	CM019149.1	582	70	298	367	286449931	286450131	84.286	7.34e-32	123
Naja_naja_C9A	CM019149.1	582	18	274	291	286449863	286449916	94.444	7.34e-32	39.3
Naja_naja_C9A	CM019149.1	582	77	276	352	286399550	286399780	76.623	8.73e-31	134
Naja_naja_C9A	CM019149.1	582	72	396	467	286453435	286453650	87.500	3.61e-27	122
Naja_naja_C9A	CM019149.1	582	56	527	582	286455983	286456150	96.429	7.30e-26	119
Naja_naja_C9A	CM019149.1	582	54	54	107	286439780	286439941	94.444	6.61e-24	112
Naja_naja_C9A	CM019149.1	582	50	107	156	286441734	286441883	100.000	5.63e-22	106
Naja_naja_C9A	CM019149.1	582	47	157	203	286443481	286443621	97.872	1.21e-20	102
Naja_naja_C9A	CM019149.1	582	64	399	462	286405585	286405776	68.750	7.92e-18	93.6
Naja_naja_C9A	CM019149.1	582	50	107	156	286391145	286391294	86.000	3.43e-17	91.7
Naja_naja_C9A	CM019149.1	582	52	531	582	286408794	286408949	67.308	2.20e-16	89.0
Naja_naja_C9A	CM019149.1	582	47	157	203	286393405	286393545	78.723	2.79e-15	85.5
Naja_naja_C9A	CM019149.1	582	75	198	272	286395274	286395498	54.667	3.51e-13	78.6
Naja_naja_C9A	CM019149.1	582	45	26	70	286439094	286439228	77.778	7.40e-13	77.4
Naja_naja_C9A	CM019149.1	582	51	57	107	286390065	286390217	64.706	5.28e-12	74.7
Naja_naja_C9A	CM019149.1	582	42	355	395	286451757	286451882	83.333	3.84e-10	68.9
Naja_naja_C9A	CM019149.1	582	45	26	70	286386202	286386336	57.778	4.77e-07	58.5
Naja_naja_C9A	CM019149.1	582	69	456	524	285752159	285751956	39.130	7.48e-07	58.2
Naja_naja_C9A	CM019155.1	582	222	298	513	130540239	130540862	25.676	2.84e-08	62.8
Naja_naja_C9A	CM019155.1	582	219	298	515	133430695	133430090	23.288	6.34e-06	55.1
Naja_naja_C9A	CM019150.1	582	74	277	350	71145730	71145951	37.838	1.71e-06	57.0
Naja_naja_C9A	CM019150.1	582	47	536	582	71171028	71171168	51.064	1.77e-06	57.0
Pseudonaja_textilis_C9A	SOZL01000598.1	583	94	274	367	2523	2795	84.043	8.57e-42	167
Pseudonaja_textilis_C9A	SOZL01000598.1	583	77	456	532	9188	9418	94.805	4.08e-38	156
Pseudonaja_textilis_C9A	SOZL01000598.1	583	73	396	468	7773	7991	80.822	2.16e-26	120
Pseudonaja_textilis_C9A	SOZL01000598.1	583	56	528	583	10314	10481	91.071	1.67e-24	114
Pseudonaja_textilis_C9A	SOZL01000598.1	583	42	355	396	4415	4537	76.190	8.77e-08	61.2
Pseudonaja_textilis_C9A	CM019149.1	583	71	456	526	286454861	286455073	95.775	1.04e-34	146
Pseudonaja_textilis_C9A	CM019149.1	583	76	198	273	286445313	286445540	90.789	3.17e-34	144
Pseudonaja_textilis_C9A	CM019149.1	583	76	456	531	286406996	286407223	84.211	1.10e-32	140
Pseudonaja_textilis_C9A	CM019149.1	583	77	276	352	286399550	286399780	80.519	4.13e-32	138
Pseudonaja_textilis_C9A	CM019149.1	583	70	298	367	286449931	286450131	84.286	1.60e-30	123
Pseudonaja_textilis_C9A	CM019149.1	583	18	274	291	286449863	286449916	77.778	1.60e-30	34.7
Pseudonaja_textilis_C9A	CM019149.1	583	73	396	468	286453432	286453650	80.822	2.43e-26	120
Pseudonaja_textilis_C9A	CM019149.1	583	56	528	583	286455983	286456150	91.071	1.80e-24	114
Pseudonaja_textilis_C9A	CM019149.1	583	54	54	107	286439780	286439941	88.889	6.64e-22	106
Pseudonaja_textilis_C9A	CM019149.1	583	50	107	156	286441734	286441883	96.000	2.47e-21	104
Pseudonaja_textilis_C9A	CM019149.1	583	47	157	203	286443481	286443621	97.872	1.24e-20	102
Pseudonaja_textilis_C9A	CM019149.1	583	64	400	463	286405585	286405776	68.750	2.65e-18	95.1
Pseudonaja_textilis_C9A	CM019149.1	583	52	532	583	286408794	286408949	69.231	7.25e-17	90.5
Pseudonaja_textilis_C9A	CM019149.1	583	50	107	156	286391145	286391294	82.000	1.98e-16	89.0
Pseudonaja_textilis_C9A	CM019149.1	583	47	157	203	286393405	286393545	78.723	2.80e-15	85.5
Pseudonaja_textilis_C9A	CM019149.1	583	42	355	396	286451757	286451882	95.238	2.72e-14	82.0
Pseudonaja_textilis_C9A	CM019149.1	583	75	198	272	286395274	286395498	53.333	6.88e-13	77.8
Pseudonaja_textilis_C9A	CM019149.1	583	51	57	107	286390065	286390217	66.667	2.23e-12	75.9
Pseudonaja_textilis_C9A	CM019149.1	583	45	26	70	286439094	286439228	73.333	1.35e-11	73.6
Pseudonaja_textilis_C9A	CM019149.1	583	45	26	70	286386202	286386336	57.778	1.72e-07	60.1
Pseudonaja_textilis_C9A	CM019149.1	583	71	457	527	285752159	285751950	39.437	7.44e-07	58.2
Pseudonaja_textilis_C9A	CM019155.1	583	222	298	514	130540239	130540862	24.324	6.97e-09	64.7
Pseudonaja_textilis_C9A	CM019155.1	583	220	298	516	133430695	133430090	22.273	6.63e-06	55.1
Pseudonaja_textilis_C9A	CM019150.1	583	99	277	375	71145730	71146023	32.323	6.22e-07	58.2
Pseudonaja_textilis_C9A	CM019150.1	583	43	537	579	71171028	71171156	53.488	1.66e-06	57.0
Python_bivittatus_C9A	CM019149.1	582	81	274	354	286399544	286399786	82.716	1.88e-34	145
Python_bivittatus_C9A	CM019149.1	582	79	453	531	286406987	286407223	77.215	2.39e-30	132
Python_bivittatus_C9A	CM019149.1	582	77	453	529	286454852	286455082	76.623	3.62e-29	129
Python_bivittatus_C9A	CM019149.1	582	70	298	367	286449931	286450131	62.857	4.94e-21	97.4
Python_bivittatus_C9A	CM019149.1	582	16	276	291	286449869	286449916	68.750	4.94e-21	28.5
Python_bivittatus_C9A	CM019149.1	582	50	107	156	286441734	286441883	88.000	1.08e-18	96.3
Python_bivittatus_C9A	CM019149.1	582	69	400	468	286453444	286453650	66.667	2.37e-18	95.1
Python_bivittatus_C9A	CM019149.1	582	60	398	457	286405579	286405758	75.000	3.50e-18	94.7
Python_bivittatus_C9A	CM019149.1	582	47	157	203	286443481	286443621	85.106	7.52e-18	93.6
Python_bivittatus_C9A	CM019149.1	582	75	198	272	286395274	286395498	56.000	6.02e-17	90.9
Python_bivittatus_C9A	CM019149.1	582	48	535	582	286456007	286456150	77.083	1.42e-16	89.4
Python_bivittatus_C9A	CM019149.1	582	47	157	203	286393405	286393545	80.851	3.60e-16	88.2
Python_bivittatus_C9A	CM019149.1	582	50	107	156	286391145	286391294	78.000	1.08e-15	86.7
Python_bivittatus_C9A	CM019149.1	582	52	532	582	286408794	286408949	63.462	6.02e-13	77.8
Python_bivittatus_C9A	CM019149.1	582	54	54	107	286439780	286439941	57.407	9.05e-12	73.9
Python_bivittatus_C9A	CM019149.1	582	75	198	272	286445313	286445537	52.000	1.51e-11	73.2
Python_bivittatus_C9A	CM019149.1	582	53	55	107	286390059	286390217	58.491	4.26e-11	72.0
Python_bivittatus_C9A	CM019149.1	582	45	26	70	286386202	286386336	60.000	2.18e-08	63.2
Python_bivittatus_C9A	CM019149.1	582	45	26	70	286439094	286439228	57.778	6.17e-08	61.6
Python_bivittatus_C9A	CM019149.1	582	55	529	582	285701025	285701189	50.909	6.70e-07	58.2
Python_bivittatus_C9A	CM019149.1	582	67	459	525	285752153	285751956	40.299	4.59e-06	55.5
Python_bivittatus_C9A	SOZL01000598.1	582	80	453	532	9179	9418	77.500	1.13e-30	133
Python_bivittatus_C9A	SOZL01000598.1	582	92	276	367	2529	2795	64.130	3.04e-30	132
Python_bivittatus_C9A	SOZL01000598.1	582	58	400	457	7785	7958	74.138	2.90e-18	94.7
Python_bivittatus_C9A	SOZL01000598.1	582	48	535	582	10338	10481	77.083	1.33e-16	89.4
Python_bivittatus_C9A	CM019155.1	582	222	298	514	130540239	130540862	26.577	7.10e-10	67.8
Python_bivittatus_C9A	CM019150.1	582	47	536	582	71171028	71171168	53.191	3.57e-08	62.4
Python_bivittatus_C9A	CM019150.1	582	92	277	361	71145730	71146005	34.783	1.27e-07	60.5
Python_bivittatus_C9A	CM019150.1	582	99	426	523	71168348	71168644	31.313	1.85e-06	56.6
Python_bivittatus_C9A	CM019150.1	582	51	528	578	71190200	71190048	50.980	4.47e-06	55.5
Notechis_scutatus_C9A	SOZL01000598.1	583	94	274	367	2523	2795	84.043	9.31e-42	167
Notechis_scutatus_C9A	SOZL01000598.1	583	77	456	532	9188	9418	92.208	5.52e-37	152
Notechis_scutatus_C9A	SOZL01000598.1	583	73	396	468	7773	7991	79.452	8.81e-26	118
Notechis_scutatus_C9A	SOZL01000598.1	583	56	528	583	10314	10481	91.071	1.89e-24	114
Notechis_scutatus_C9A	SOZL01000598.1	583	42	355	396	4415	4537	76.190	9.15e-08	60.8
Notechis_scutatus_C9A	CM019149.1	583	76	198	273	286445313	286445540	93.421	5.07e-35	147
Notechis_scutatus_C9A	CM019149.1	583	71	456	526	286454861	286455073	94.366	1.87e-34	145
Notechis_scutatus_C9A	CM019149.1	583	77	276	352	286399550	286399780	80.519	3.98e-32	138
Notechis_scutatus_C9A	CM019149.1	583	75	456	530	286406996	286407220	82.667	1.10e-31	137
Notechis_scutatus_C9A	CM019149.1	583	70	298	367	286449931	286450131	84.286	1.64e-30	123
Notechis_scutatus_C9A	CM019149.1	583	18	274	291	286449863	286449916	77.778	1.64e-30	34.7
Notechis_scutatus_C9A	CM019149.1	583	73	396	468	286453432	286453650	79.452	9.96e-26	118
Notechis_scutatus_C9A	CM019149.1	583	56	528	583	286455983	286456150	91.071	2.04e-24	114
Notechis_scutatus_C9A	CM019149.1	583	54	54	107	286439780	286439941	88.889	5.97e-22	106
Notechis_scutatus_C9A	CM019149.1	583	50	107	156	286441734	286441883	98.000	1.07e-21	105
Notechis_scutatus_C9A	CM019149.1	583	47	157	203	286443481	286443621	97.872	1.24e-20	102
Notechis_scutatus_C9A	CM019149.1	583	68	396	463	286405573	286405776	66.176	6.64e-19	97.1
Notechis_scutatus_C9A	CM019149.1	583	50	107	156	286391145	286391294	84.000	6.89e-17	90.5
Notechis_scutatus_C9A	CM019149.1	583	52	532	583	286408794	286408949	69.231	7.32e-17	90.5
Notechis_scutatus_C9A	CM019149.1	583	47	157	203	286393405	286393545	78.723	2.44e-15	85.5
Notechis_scutatus_C9A	CM019149.1	583	42	355	396	286451757	286451882	95.238	2.91e-14	82.0
Notechis_scutatus_C9A	CM019149.1	583	75	198	272	286395274	286395498	54.667	3.40e-13	78.6
Notechis_scutatus_C9A	CM019149.1	583	51	57	107	286390065	286390217	66.667	2.67e-12	75.9
Notechis_scutatus_C9A	CM019149.1	583	45	26	70	286439094	286439228	73.333	1.35e-11	73.6
Notechis_scutatus_C9A	CM019149.1	583	45	26	70	286386202	286386336	57.778	1.73e-07	60.1
Notechis_scutatus_C9A	CM019149.1	583	71	457	527	285752159	285751950	39.437	1.33e-06	57.4
Notechis_scutatus_C9A	CM019155.1	583	222	298	514	130540239	130540862	24.324	8.77e-09	64.3
Notechis_scutatus_C9A	CM019155.1	583	220	298	516	133430695	133430090	22.273	9.56e-06	54.3
Notechis_scutatus_C9A	CM019150.1	583	99	277	375	71145730	71146023	32.323	6.28e-07	58.2
Notechis_scutatus_C9A	CM019150.1	583	43	537	579	71171028	71171156	53.488	1.59e-06	57.0
Hydrophis_cyanocinctus_C9A	SOZL01000598.1	583	93	275	367	2526	2795	84.946	7.89e-42	167
Hydrophis_cyanocinctus_C9A	SOZL01000598.1	583	77	456	532	9188	9418	90.909	2.23e-36	151
Hydrophis_cyanocinctus_C9A	SOZL01000598.1	583	56	528	583	10314	10481	91.071	1.94e-24	114
Hydrophis_cyanocinctus_C9A	SOZL01000598.1	583	72	397	468	7776	7991	76.389	1.67e-23	111
Hydrophis_cyanocinctus_C9A	SOZL01000598.1	583	42	355	396	4415	4537	73.810	4.87e-07	58.5
Hydrophis_cyanocinctus_C9A	CM019149.1	583	76	198	273	286445313	286445540	92.105	1.67e-34	145
Hydrophis_cyanocinctus_C9A	CM019149.1	583	71	456	526	286454861	286455073	92.958	8.29e-34	143
Hydrophis_cyanocinctus_C9A	CM019149.1	583	79	274	352	286399544	286399780	79.747	1.05e-32	140
Hydrophis_cyanocinctus_C9A	CM019149.1	583	75	456	530	286406996	286407220	81.333	4.62e-31	135
Hydrophis_cyanocinctus_C9A	CM019149.1	583	70	298	367	286449931	286450131	84.286	1.83e-30	123
Hydrophis_cyanocinctus_C9A	CM019149.1	583	17	275	291	286449866	286449916	82.353	1.83e-30	34.3
Hydrophis_cyanocinctus_C9A	CM019149.1	583	56	528	583	286455983	286456150	91.071	2.10e-24	114
Hydrophis_cyanocinctus_C9A	CM019149.1	583	72	397	468	286453435	286453650	76.389	1.50e-23	111
Hydrophis_cyanocinctus_C9A	CM019149.1	583	54	54	107	286439780	286439941	88.889	6.94e-22	106
Hydrophis_cyanocinctus_C9A	CM019149.1	583	50	107	156	286441734	286441883	98.000	1.18e-21	105
Hydrophis_cyanocinctus_C9A	CM019149.1	583	47	157	203	286443481	286443621	95.745	3.81e-20	100
Hydrophis_cyanocinctus_C9A	CM019149.1	583	68	396	463	286405573	286405776	63.235	2.22e-17	92.0
Hydrophis_cyanocinctus_C9A	CM019149.1	583	50	107	156	286391145	286391294	84.000	6.83e-17	90.5
Hydrophis_cyanocinctus_C9A	CM019149.1	583	52	532	583	286408794	286408949	69.231	8.12e-17	90.1
Hydrophis_cyanocinctus_C9A	CM019149.1	583	47	157	203	286393405	286393545	78.723	1.52e-15	86.3
Hydrophis_cyanocinctus_C9A	CM019149.1	583	42	355	396	286451757	286451882	92.857	1.25e-13	80.1
Hydrophis_cyanocinctus_C9A	CM019149.1	583	75	198	272	286395274	286395498	54.667	6.42e-13	77.8
Hydrophis_cyanocinctus_C9A	CM019149.1	583	51	57	107	286390065	286390217	66.667	2.74e-12	75.9
Hydrophis_cyanocinctus_C9A	CM019149.1	583	45	26	70	286439094	286439228	73.333	1.32e-11	73.6
Hydrophis_cyanocinctus_C9A	CM019149.1	583	45	26	70	286386202	286386336	57.778	1.84e-07	60.1
Hydrophis_cyanocinctus_C9A	CM019149.1	583	71	457	527	285752159	285751950	39.437	1.36e-06	57.4
Hydrophis_cyanocinctus_C9A	CM019155.1	583	222	298	514	130540239	130540862	24.775	3.04e-09	65.9
Hydrophis_cyanocinctus_C9A	CM019150.1	583	78	273	350	71145718	71145951	37.179	5.34e-07	58.5
Hydrophis_cyanocinctus_C9A	CM019150.1	583	43	537	579	71171028	71171156	53.488	1.67e-06	57.0
Laticauda_colubrina_C9A	SOZL01000598.1	583	94	274	367	2523	2795	85.106	2.94e-42	169
Laticauda_colubrina_C9A	SOZL01000598.1	583	77	456	532	9188	9418	93.506	3.22e-37	153
Laticauda_colubrina_C9A	SOZL01000598.1	583	72	397	468	7776	7991	84.722	2.32e-26	120
Laticauda_colubrina_C9A	SOZL01000598.1	583	56	528	583	10314	10481	91.071	1.18e-24	115
Laticauda_colubrina_C9A	CM019149.1	583	71	456	526	286454861	286455073	95.775	1.12e-34	145
Laticauda_colubrina_C9A	CM019149.1	583	76	198	273	286445313	286445540	90.789	4.32e-34	144
Laticauda_colubrina_C9A	CM019149.1	583	77	276	352	286399550	286399780	80.519	2.23e-32	139
Laticauda_colubrina_C9A	CM019149.1	583	75	456	530	286406996	286407220	84.000	5.87e-32	137
Laticauda_colubrina_C9A	CM019149.1	583	70	298	367	286449931	286450131	84.286	7.76e-31	123
Laticauda_colubrina_C9A	CM019149.1	583	18	274	291	286449863	286449916	83.333	7.76e-31	35.8
Laticauda_colubrina_C9A	CM019149.1	583	72	397	468	286453435	286453650	84.722	2.47e-26	120
Laticauda_colubrina_C9A	CM019149.1	583	56	528	583	286455983	286456150	91.071	1.28e-24	115
Laticauda_colubrina_C9A	CM019149.1	583	54	54	107	286439780	286439941	88.889	4.10e-22	107
Laticauda_colubrina_C9A	CM019149.1	583	50	107	156	286441734	286441883	96.000	2.45e-21	104
Laticauda_colubrina_C9A	CM019149.1	583	47	157	203	286443481	286443621	97.872	1.46e-20	102
Laticauda_colubrina_C9A	CM019149.1	583	64	400	463	286405585	286405776	70.312	1.34e-18	95.9
Laticauda_colubrina_C9A	CM019149.1	583	50	107	156	286391145	286391294	84.000	9.57e-17	90.1
Laticauda_colubrina_C9A	CM019149.1	583	52	532	583	286408794	286408949	67.308	2.27e-16	89.0
Laticauda_colubrina_C9A	CM019149.1	583	47	157	203	286393405	286393545	78.723	3.19e-15	85.1
Laticauda_colubrina_C9A	CM019149.1	583	75	198	272	286395274	286395498	53.333	1.65e-12	76.3
Laticauda_colubrina_C9A	CM019149.1	583	45	26	70	286439094	286439228	75.556	4.70e-12	75.1
Laticauda_colubrina_C9A	CM019149.1	583	51	57	107	286390065	286390217	66.667	5.62e-12	74.7
Laticauda_colubrina_C9A	CM019149.1	583	42	355	396	286451757	286451882	83.333	8.06e-11	70.9
Laticauda_colubrina_C9A	CM019149.1	583	45	26	70	286386202	286386336	57.778	2.94e-07	59.3
Laticauda_colubrina_C9A	CM019149.1	583	71	457	527	285752159	285751950	39.437	6.83e-07	58.2
Laticauda_colubrina_C9A	CM019155.1	583	222	298	514	130540239	130540862	23.874	5.49e-08	61.6
Laticauda_colubrina_C9A	CM019150.1	583	99	277	375	71145730	71146023	32.323	6.22e-07	58.2
Laticauda_colubrina_C9A	CM019150.1	583	43	537	579	71171028	71171156	53.488	2.05e-06	56.6
Protobothrops_mucrosquamatus_C9A	CM019149.1	583	81	274	354	286399544	286399786	85.185	7.76e-37	152
Protobothrops_mucrosquamatus_C9A	CM019149.1	583	79	453	531	286406987	286407223	87.342	5.70e-35	147
Protobothrops_mucrosquamatus_C9A	CM019149.1	583	74	453	526	286454852	286455073	87.838	6.90e-33	140
Protobothrops_mucrosquamatus_C9A	CM019149.1	583	75	199	273	286395277	286395501	69.333	1.22e-23	112
Protobothrops_mucrosquamatus_C9A	CM019149.1	583	70	298	367	286449931	286450131	65.714	8.23e-22	99.8
Protobothrops_mucrosquamatus_C9A	CM019149.1	583	16	276	291	286449869	286449916	68.750	8.23e-22	28.9
Protobothrops_mucrosquamatus_C9A	CM019149.1	583	65	404	468	286453456	286453650	73.846	1.10e-19	99.4
Protobothrops_mucrosquamatus_C9A	CM019149.1	583	66	398	463	286405579	286405776	74.242	2.42e-19	98.2
Protobothrops_mucrosquamatus_C9A	CM019149.1	583	47	157	203	286393405	286393545	91.489	7.06e-19	97.1
Protobothrops_mucrosquamatus_C9A	CM019149.1	583	50	107	156	286441734	286441883	86.000	8.78e-19	96.7
Protobothrops_mucrosquamatus_C9A	CM019149.1	583	52	532	583	286408794	286408949	75.000	9.48e-18	93.2
Protobothrops_mucrosquamatus_C9A	CM019149.1	583	54	54	107	286439780	286439941	70.370	1.32e-16	89.7
Protobothrops_mucrosquamatus_C9A	CM019149.1	583	47	157	203	286443481	286443621	80.851	2.16e-16	89.0
Protobothrops_mucrosquamatus_C9A	CM019149.1	583	51	533	583	286455998	286456150	74.510	4.49e-16	87.8
Protobothrops_mucrosquamatus_C9A	CM019149.1	583	50	107	156	286391145	286391294	78.000	4.77e-16	87.8
Protobothrops_mucrosquamatus_C9A	CM019149.1	583	51	57	107	286390065	286390217	68.627	8.91e-14	80.5
Protobothrops_mucrosquamatus_C9A	CM019149.1	583	79	198	272	286445313	286445537	51.899	2.58e-11	72.4
Protobothrops_mucrosquamatus_C9A	CM019149.1	583	45	26	70	286386202	286386336	64.444	4.47e-09	65.5
Protobothrops_mucrosquamatus_C9A	CM019149.1	583	45	26	70	286439094	286439228	60.000	8.19e-08	61.2
Protobothrops_mucrosquamatus_C9A	CM019149.1	583	52	528	579	285749744	285749589	48.077	5.91e-07	58.5
Protobothrops_mucrosquamatus_C9A	CM019149.1	583	50	535	583	285701040	285701189	56.000	5.91e-07	58.5
Protobothrops_mucrosquamatus_C9A	CM019149.1	583	79	277	355	285653820	285654056	32.911	8.38e-07	57.8
Protobothrops_mucrosquamatus_C9A	CM019149.1	583	69	457	525	285752159	285751956	40.580	1.37e-06	57.4
Protobothrops_mucrosquamatus_C9A	CM019149.1	583	45	354	397	286402510	286402644	57.778	4.33e-06	55.5
Protobothrops_mucrosquamatus_C9A	SOZL01000598.1	583	80	453	532	9179	9418	85.000	4.78e-35	147
Protobothrops_mucrosquamatus_C9A	SOZL01000598.1	583	92	276	367	2529	2795	66.304	2.20e-31	135
Protobothrops_mucrosquamatus_C9A	SOZL01000598.1	583	65	404	468	7797	7991	73.846	1.15e-19	99.4
Protobothrops_mucrosquamatus_C9A	SOZL01000598.1	583	51	533	583	10329	10481	74.510	4.22e-16	87.8
Protobothrops_mucrosquamatus_C9A	CM019155.1	583	224	298	514	130540239	130540862	26.786	4.91e-11	71.6
Protobothrops_mucrosquamatus_C9A	CM019150.1	583	51	529	579	71190200	71190048	52.941	2.20e-08	63.2
Protobothrops_mucrosquamatus_C9A	CM019150.1	583	82	274	355	71145721	71145966	35.366	4.32e-08	62.0
Protobothrops_mucrosquamatus_C9A	CM019150.1	583	47	537	583	71171028	71171168	53.191	1.01e-07	60.8
Protobothrops_mucrosquamatus_C9A	CM019150.1	583	78	277	354	71203842	71203609	30.769	4.45e-06	55.5
Chrysopelea_ornata_C9A	CM019149.1	584	81	274	354	286399544	286399786	87.654	1.62e-36	151
Chrysopelea_ornata_C9A	CM019149.1	584	79	454	532	286406987	286407223	87.342	2.53e-35	148
Chrysopelea_ornata_C9A	CM019149.1	584	74	454	527	286454852	286455073	82.432	2.18e-31	135
Chrysopelea_ornata_C9A	CM019149.1	584	76	198	273	286395274	286395501	72.368	6.23e-26	119
Chrysopelea_ornata_C9A	CM019149.1	584	70	298	367	286449931	286450131	68.571	7.54e-22	100
Chrysopelea_ornata_C9A	CM019149.1	584	16	276	291	286449869	286449916	68.750	7.54e-22	28.1
Chrysopelea_ornata_C9A	CM019149.1	584	52	533	584	286408794	286408949	84.615	4.03e-21	103
Chrysopelea_ornata_C9A	CM019149.1	584	66	399	464	286405579	286405776	75.758	4.80e-21	103
Chrysopelea_ornata_C9A	CM019149.1	584	50	107	156	286441734	286441883	92.000	3.87e-20	100
Chrysopelea_ornata_C9A	CM019149.1	584	47	157	203	286443481	286443621	93.617	1.52e-19	99.0
Chrysopelea_ornata_C9A	CM019149.1	584	69	401	469	286453444	286453650	65.217	9.97e-19	96.3
Chrysopelea_ornata_C9A	CM019149.1	584	58	99	156	286391121	286391294	74.138	1.28e-17	92.8
Chrysopelea_ornata_C9A	CM019149.1	584	54	54	107	286439780	286439941	70.370	1.89e-16	89.0
Chrysopelea_ornata_C9A	CM019149.1	584	53	55	107	286390059	286390217	73.585	2.64e-16	88.6
Chrysopelea_ornata_C9A	CM019149.1	584	47	157	203	286393405	286393545	78.723	3.04e-15	85.1
Chrysopelea_ornata_C9A	CM019149.1	584	75	198	272	286445313	286445537	50.667	9.33e-13	77.4
Chrysopelea_ornata_C9A	CM019149.1	584	51	534	584	286455998	286456150	62.745	7.36e-12	74.3
Chrysopelea_ornata_C9A	CM019149.1	584	47	354	400	286402510	286402650	63.830	5.00e-10	68.6
Chrysopelea_ornata_C9A	CM019149.1	584	45	26	70	286439094	286439228	64.444	2.40e-09	66.2
Chrysopelea_ornata_C9A	CM019149.1	584	45	26	70	286386202	286386336	60.000	2.14e-08	63.2
Chrysopelea_ornata_C9A	CM019149.1	584	56	529	584	285749744	285749577	48.214	4.71e-07	58.9
Chrysopelea_ornata_C9A	CM019149.1	584	69	458	526	285752159	285751956	42.029	9.16e-07	57.8
Chrysopelea_ornata_C9A	CM019149.1	584	79	277	355	285653820	285654056	32.911	2.99e-06	56.2
Chrysopelea_ornata_C9A	CM019149.1	584	46	530	574	285670206	285670343	54.348	7.06e-06	55.1
Chrysopelea_ornata_C9A	SOZL01000598.1	584	80	454	533	9179	9418	80.000	2.60e-33	141
Chrysopelea_ornata_C9A	SOZL01000598.1	584	92	276	367	2529	2795	69.565	9.73e-32	137
Chrysopelea_ornata_C9A	SOZL01000598.1	584	69	401	469	7785	7991	65.217	1.39e-18	95.9
Chrysopelea_ornata_C9A	SOZL01000598.1	584	51	534	584	10329	10481	62.745	6.98e-12	74.3
Chrysopelea_ornata_C9A	CM019155.1	584	223	298	515	130540239	130540862	26.009	1.16e-10	70.5
Chrysopelea_ornata_C9A	CM019150.1	584	51	530	580	71190200	71190048	56.863	1.12e-09	67.4
Chrysopelea_ornata_C9A	CM019150.1	584	81	277	357	71145730	71145972	38.272	8.50e-09	64.3
Pituophis_catenifer_C9A	SOZL01000598.1	583	94	274	367	2523	2795	80.851	2.90e-39	159
Pituophis_catenifer_C9A	SOZL01000598.1	583	80	453	532	9179	9418	78.750	6.07e-32	137
Pituophis_catenifer_C9A	SOZL01000598.1	583	72	397	468	7776	7991	68.056	7.46e-20	99.8
Pituophis_catenifer_C9A	SOZL01000598.1	583	49	535	583	10335	10481	67.347	1.23e-12	76.6
Pituophis_catenifer_C9A	CM019149.1	583	79	453	531	286406987	286407223	88.608	1.23e-35	149
Pituophis_catenifer_C9A	CM019149.1	583	76	277	352	286399553	286399780	84.211	4.94e-33	140
Pituophis_catenifer_C9A	CM019149.1	583	74	453	526	286454852	286455073	81.081	6.43e-30	131
Pituophis_catenifer_C9A	CM019149.1	583	70	298	367	286449931	286450131	80.000	1.94e-28	117
Pituophis_catenifer_C9A	CM019149.1	583	18	274	291	286449863	286449916	77.778	1.94e-28	33.5
Pituophis_catenifer_C9A	CM019149.1	583	75	198	272	286395274	286395498	76.000	9.54e-27	121
Pituophis_catenifer_C9A	CM019149.1	583	54	54	107	286439780	286439941	85.185	4.93e-22	107
Pituophis_catenifer_C9A	CM019149.1	583	52	532	583	286408794	286408949	82.692	1.40e-20	102
Pituophis_catenifer_C9A	CM019149.1	583	72	397	468	286453435	286453650	68.056	4.02e-20	100
Pituophis_catenifer_C9A	CM019149.1	583	50	107	156	286441734	286441883	90.000	1.90e-19	98.6
Pituophis_catenifer_C9A	CM019149.1	583	76	390	463	286405549	286405776	67.105	3.91e-19	97.8
Pituophis_catenifer_C9A	CM019149.1	583	47	157	203	286393405	286393545	87.234	7.24e-18	93.6
Pituophis_catenifer_C9A	CM019149.1	583	47	157	203	286443481	286443621	82.979	1.18e-16	89.7
Pituophis_catenifer_C9A	CM019149.1	583	50	107	156	286391145	286391294	84.000	2.08e-16	89.0
Pituophis_catenifer_C9A	CM019149.1	583	51	57	107	286390065	286390217	70.588	1.71e-13	79.7
Pituophis_catenifer_C9A	CM019149.1	583	49	535	583	286456004	286456150	67.347	1.30e-12	76.6
Pituophis_catenifer_C9A	CM019149.1	583	76	198	273	286445313	286445540	48.684	1.62e-12	76.6
Pituophis_catenifer_C9A	CM019149.1	583	45	26	70	286386202	286386336	66.667	5.76e-10	68.2
Pituophis_catenifer_C9A	CM019149.1	583	45	26	70	286439094	286439228	62.222	6.45e-09	64.7
Pituophis_catenifer_C9A	CM019149.1	583	56	528	583	285749744	285749577	50.000	4.04e-08	62.4
Pituophis_catenifer_C9A	CM019149.1	583	46	529	573	285670206	285670343	54.348	9.05e-07	57.8
Pituophis_catenifer_C9A	CM019149.1	583	69	457	525	285664956	285665159	43.478	5.69e-06	55.1
Pituophis_catenifer_C9A	CM019149.1	583	50	535	583	285701040	285701189	52.000	7.47e-06	54.7
Pituophis_catenifer_C9A	CM019150.1	583	52	529	580	71190200	71190045	59.615	6.23e-11	71.2
Pituophis_catenifer_C9A	CM019150.1	583	79	277	355	71145730	71145966	36.709	5.12e-07	58.5
Pituophis_catenifer_C9A	CM019150.1	583	75	450	523	71168420	71168644	34.667	2.00e-06	56.6
Pituophis_catenifer_C9A	CM019150.1	583	47	537	583	71171028	71171168	46.809	4.05e-06	55.8
Pituophis_catenifer_C9A	CM019155.1	583	222	298	514	130540239	130540862	25.676	3.89e-10	68.9
Pituophis_catenifer_C9A	CM019155.1	583	156	298	453	133430695	133430267	23.718	9.56e-06	54.3
Pantherophis_obsoletus_C9A	CM019149.1	583	81	274	354	286399544	286399786	88.889	2.53e-38	157
Pantherophis_obsoletus_C9A	CM019149.1	583	79	453	531	286406987	286407223	88.608	1.26e-35	149
Pantherophis_obsoletus_C9A	CM019149.1	583	74	453	526	286454852	286455073	81.081	5.83e-30	131
Pantherophis_obsoletus_C9A	CM019149.1	583	75	199	273	286395277	286395501	78.667	6.18e-28	125
Pantherophis_obsoletus_C9A	CM019149.1	583	70	298	367	286449931	286450131	70.000	2.58e-24	105
Pantherophis_obsoletus_C9A	CM019149.1	583	16	276	291	286449869	286449916	75.000	2.58e-24	31.2
Pantherophis_obsoletus_C9A	CM019149.1	583	66	398	463	286405579	286405776	77.273	5.62e-22	106
Pantherophis_obsoletus_C9A	CM019149.1	583	52	532	583	286408794	286408949	84.615	4.04e-21	103
Pantherophis_obsoletus_C9A	CM019149.1	583	54	54	107	286439780	286439941	83.333	1.49e-20	102
Pantherophis_obsoletus_C9A	CM019149.1	583	47	157	203	286393405	286393545	89.362	1.37e-18	95.9
Pantherophis_obsoletus_C9A	CM019149.1	583	69	400	468	286453444	286453650	65.217	2.47e-18	95.1
Pantherophis_obsoletus_C9A	CM019149.1	583	50	107	156	286441734	286441883	84.000	2.53e-18	95.1
Pantherophis_obsoletus_C9A	CM019149.1	583	47	157	203	286443481	286443621	80.851	6.98e-16	87.4
Pantherophis_obsoletus_C9A	CM019149.1	583	50	107	156	286391145	286391294	78.000	1.47e-15	86.3
Pantherophis_obsoletus_C9A	CM019149.1	583	51	533	583	286455998	286456150	66.667	4.15e-13	78.2
Pantherophis_obsoletus_C9A	CM019149.1	583	75	198	272	286445313	286445537	49.333	8.41e-12	74.3
Pantherophis_obsoletus_C9A	CM019149.1	583	51	57	107	286390065	286390217	64.706	2.43e-11	72.8
Pantherophis_obsoletus_C9A	CM019149.1	583	45	26	70	286386202	286386336	71.111	1.49e-10	70.1
Pantherophis_obsoletus_C9A	CM019149.1	583	45	26	70	286439094	286439228	60.000	4.63e-08	62.0
Pantherophis_obsoletus_C9A	CM019149.1	583	56	528	583	285749744	285749577	48.214	1.39e-07	60.5
Pantherophis_obsoletus_C9A	CM019149.1	583	79	277	355	285653820	285654056	32.911	1.87e-06	56.6
Pantherophis_obsoletus_C9A	CM019149.1	583	46	529	573	285670206	285670343	54.348	3.14e-06	56.2
Pantherophis_obsoletus_C9A	CM019149.1	583	69	457	525	285664956	285665159	43.478	5.74e-06	55.1
Pantherophis_obsoletus_C9A	CM019149.1	583	50	535	583	285701040	285701189	52.000	7.54e-06	54.7
Pantherophis_obsoletus_C9A	SOZL01000598.1	583	92	276	367	2529	2795	70.652	5.50e-34	144
Pantherophis_obsoletus_C9A	SOZL01000598.1	583	80	453	532	9179	9418	78.750	6.35e-32	137
Pantherophis_obsoletus_C9A	SOZL01000598.1	583	69	400	468	7785	7991	65.217	3.95e-18	94.4
Pantherophis_obsoletus_C9A	SOZL01000598.1	583	51	533	583	10329	10481	66.667	3.92e-13	78.2
Pantherophis_obsoletus_C9A	CM019155.1	583	222	298	514	130540239	130540862	26.577	1.77e-11	73.2
Pantherophis_obsoletus_C9A	CM019150.1	583	52	529	580	71190200	71190045	59.615	4.82e-11	71.6
Pantherophis_obsoletus_C9A	CM019150.1	583	82	274	355	71145721	71145966	36.585	1.72e-08	63.5
Pantherophis_obsoletus_C9A	CM019150.1	583	75	450	523	71168420	71168644	34.667	1.93e-06	56.6
Pantherophis_obsoletus_C9A	CM019150.1	583	82	277	358	71203842	71203597	30.488	2.62e-06	56.2
Pantherophis_obsoletus_C9A	CM019150.1	583	47	537	583	71171028	71171168	46.809	4.23e-06	55.5
Bothrops_jararaca_C9A	CM019149.1	583	81	274	354	286399544	286399786	83.951	3.31e-36	150
Bothrops_jararaca_C9A	CM019149.1	583	79	453	531	286406987	286407223	87.342	2.39e-34	145
Bothrops_jararaca_C9A	CM019149.1	583	74	453	526	286454852	286455073	87.838	2.15e-32	139
Bothrops_jararaca_C9A	CM019149.1	583	74	199	272	286395277	286395498	71.622	2.68e-23	110
Bothrops_jararaca_C9A	CM019149.1	583	66	398	463	286405579	286405776	78.788	1.53e-21	105
Bothrops_jararaca_C9A	CM019149.1	583	70	298	367	286449931	286450131	65.714	2.39e-21	98.2
Bothrops_jararaca_C9A	CM019149.1	583	16	276	291	286449869	286449916	75.000	2.39e-21	28.9
Bothrops_jararaca_C9A	CM019149.1	583	70	400	469	286453444	286453653	67.143	7.27e-20	100
Bothrops_jararaca_C9A	CM019149.1	583	47	157	203	286393405	286393545	91.489	6.42e-19	97.1
Bothrops_jararaca_C9A	CM019149.1	583	50	107	156	286441734	286441883	86.000	4.49e-18	94.4
Bothrops_jararaca_C9A	CM019149.1	583	52	532	583	286408794	286408949	75.000	8.39e-18	93.6
Bothrops_jararaca_C9A	CM019149.1	583	54	54	107	286439780	286439941	72.222	3.00e-17	91.7
Bothrops_jararaca_C9A	CM019149.1	583	47	157	203	286443481	286443621	80.851	1.94e-16	89.0
Bothrops_jararaca_C9A	CM019149.1	583	51	533	583	286455998	286456150	72.549	1.68e-15	85.9
Bothrops_jararaca_C9A	CM019149.1	583	50	107	156	286391145	286391294	76.000	8.73e-15	84.0
Bothrops_jararaca_C9A	CM019149.1	583	51	57	107	286390065	286390217	68.627	1.00e-13	80.5
Bothrops_jararaca_C9A	CM019149.1	583	75	198	272	286445313	286445537	52.000	4.21e-11	72.0
Bothrops_jararaca_C9A	CM019149.1	583	45	26	70	286386202	286386336	66.667	3.99e-10	68.6
Bothrops_jararaca_C9A	CM019149.1	583	45	26	70	286439094	286439228	57.778	2.92e-07	59.3
Bothrops_jararaca_C9A	CM019149.1	583	81	277	357	285653820	285654062	33.333	5.48e-07	58.5
Bothrops_jararaca_C9A	CM019149.1	583	52	528	579	285749744	285749589	46.154	1.77e-06	57.0
Bothrops_jararaca_C9A	CM019149.1	583	50	535	583	285701040	285701189	54.000	5.84e-06	55.1
Bothrops_jararaca_C9A	SOZL01000598.1	583	80	453	532	9179	9418	85.000	1.59e-34	145
Bothrops_jararaca_C9A	SOZL01000598.1	583	92	276	367	2529	2795	67.391	1.05e-30	133
Bothrops_jararaca_C9A	SOZL01000598.1	583	70	400	469	7785	7994	67.143	1.14e-19	99.4
Bothrops_jararaca_C9A	SOZL01000598.1	583	51	533	583	10329	10481	72.549	1.58e-15	85.9
Bothrops_jararaca_C9A	CM019155.1	583	224	298	514	130540239	130540862	26.339	6.89e-10	67.8
Bothrops_jararaca_C9A	CM019150.1	583	51	529	579	71190200	71190048	52.941	2.17e-08	63.2
Bothrops_jararaca_C9A	CM019150.1	583	82	274	355	71145721	71145966	35.366	5.93e-08	61.6
Bothrops_jararaca_C9A	CM019150.1	583	47	537	583	71171028	71171168	51.064	2.61e-07	59.7
Ptyas_mucosa_C9A	CM019149.1	583	81	274	354	286399544	286399786	86.420	3.57e-37	153
Ptyas_mucosa_C9A	CM019149.1	583	79	453	531	286406987	286407223	84.810	7.44e-34	143
Ptyas_mucosa_C9A	CM019149.1	583	74	453	526	286454852	286455073	79.730	6.91e-30	131
Ptyas_mucosa_C9A	CM019149.1	583	76	198	273	286395274	286395501	75.000	2.20e-26	120
Ptyas_mucosa_C9A	CM019149.1	583	81	287	367	286449901	286450131	64.198	2.63e-23	103
Ptyas_mucosa_C9A	CM019149.1	583	16	276	291	286449869	286449916	75.000	2.63e-23	30.0
Ptyas_mucosa_C9A	CM019149.1	583	50	107	156	286441734	286441883	94.000	2.07e-20	101
Ptyas_mucosa_C9A	CM019149.1	583	76	390	463	286405549	286405776	67.105	2.53e-20	101
Ptyas_mucosa_C9A	CM019149.1	583	54	54	107	286439780	286439941	81.481	4.74e-20	100
Ptyas_mucosa_C9A	CM019149.1	583	62	524	583	286408764	286408949	72.581	5.12e-19	97.4
Ptyas_mucosa_C9A	CM019149.1	583	69	400	468	286453444	286453650	60.870	2.01e-17	92.0
Ptyas_mucosa_C9A	CM019149.1	583	50	107	156	286391145	286391294	84.000	3.57e-17	91.3
Ptyas_mucosa_C9A	CM019149.1	583	47	157	203	286393405	286393545	78.723	7.81e-16	87.0
Ptyas_mucosa_C9A	CM019149.1	583	47	157	203	286443481	286443621	74.468	1.23e-14	83.2
Ptyas_mucosa_C9A	CM019149.1	583	75	198	272	286445313	286445537	49.333	4.35e-12	75.1
Ptyas_mucosa_C9A	CM019149.1	583	49	535	583	286456004	286456150	67.347	6.29e-12	74.7
Ptyas_mucosa_C9A	CM019149.1	583	51	57	107	286390065	286390217	64.706	1.74e-11	73.2
Ptyas_mucosa_C9A	CM019149.1	583	45	26	70	286386202	286386336	68.889	1.26e-10	70.5
Ptyas_mucosa_C9A	CM019149.1	583	45	26	70	286439094	286439228	60.000	2.55e-08	62.8
Ptyas_mucosa_C9A	CM019149.1	583	48	536	583	285749720	285749577	54.167	1.46e-07	60.5
Ptyas_mucosa_C9A	CM019149.1	583	78	457	534	285752159	285751935	41.026	1.90e-06	56.6
Ptyas_mucosa_C9A	CM019149.1	583	40	535	573	285670224	285670343	60.000	7.41e-06	54.7
Ptyas_mucosa_C9A	SOZL01000598.1	583	80	453	532	9179	9418	77.500	6.64e-32	137
Ptyas_mucosa_C9A	SOZL01000598.1	583	92	276	367	2529	2795	68.478	1.45e-31	136
Ptyas_mucosa_C9A	SOZL01000598.1	583	69	400	468	7785	7991	60.870	4.69e-17	90.9
Ptyas_mucosa_C9A	SOZL01000598.1	583	49	535	583	10335	10481	67.347	5.96e-12	74.7
Ptyas_mucosa_C9A	CM019155.1	583	222	298	514	130540239	130540862	26.126	1.27e-10	70.5
Ptyas_mucosa_C9A	CM019150.1	583	82	274	355	71145721	71145966	36.585	2.66e-08	62.8
Ptyas_mucosa_C9A	CM019150.1	583	51	529	579	71190200	71190048	52.941	2.72e-07	59.7
Vipera_berus_C9A	CM019149.1	583	81	274	354	286399544	286399786	83.951	1.18e-35	149
Vipera_berus_C9A	CM019149.1	583	79	453	531	286406987	286407223	87.342	4.15e-35	147
Vipera_berus_C9A	CM019149.1	583	74	453	526	286454852	286455073	87.838	4.59e-33	141
Vipera_berus_C9A	CM019149.1	583	75	199	273	286395277	286395501	76.000	7.50e-26	119
Vipera_berus_C9A	CM019149.1	583	60	398	457	286405579	286405758	83.333	2.19e-21	104
Vipera_berus_C9A	CM019149.1	583	70	298	367	286449931	286450131	65.714	1.13e-20	97.8
Vipera_berus_C9A	CM019149.1	583	16	276	291	286449869	286449916	62.500	1.13e-20	26.9
Vipera_berus_C9A	CM019149.1	583	69	400	468	286453444	286453650	71.014	2.12e-20	101
Vipera_berus_C9A	CM019149.1	583	47	157	203	286393405	286393545	89.362	8.70e-19	96.7
Vipera_berus_C9A	CM019149.1	583	52	532	583	286408794	286408949	75.000	1.33e-18	95.9
Vipera_berus_C9A	CM019149.1	583	54	54	107	286439780	286439941	74.074	3.54e-17	91.3
Vipera_berus_C9A	CM019149.1	583	50	107	156	286441734	286441883	82.000	3.69e-17	91.3
Vipera_berus_C9A	CM019149.1	583	47	157	203	286443481	286443621	78.723	2.94e-16	88.6
Vipera_berus_C9A	CM019149.1	583	51	533	583	286455998	286456150	70.588	9.86e-16	86.7
Vipera_berus_C9A	CM019149.1	583	50	107	156	286391145	286391294	74.000	1.46e-14	83.2
Vipera_berus_C9A	CM019149.1	583	53	55	107	286390059	286390217	69.811	4.97e-14	81.3
Vipera_berus_C9A	CM019149.1	583	74	199	272	286445316	286445537	52.703	1.35e-12	76.6
Vipera_berus_C9A	CM019149.1	583	45	26	70	286386202	286386336	62.222	1.15e-08	63.9
Vipera_berus_C9A	CM019149.1	583	45	26	70	286439094	286439228	57.778	1.35e-07	60.5
Vipera_berus_C9A	CM019149.1	583	81	275	355	285653814	285654056	33.333	9.94e-07	57.8
Vipera_berus_C9A	CM019149.1	583	56	528	583	285749744	285749577	46.429	1.64e-06	57.0
Vipera_berus_C9A	CM019149.1	583	69	457	525	285752159	285751956	39.130	1.98e-06	56.6
Vipera_berus_C9A	CM019149.1	583	50	535	583	285701040	285701189	54.000	7.93e-06	54.7
Vipera_berus_C9A	SOZL01000598.1	583	80	453	532	9179	9418	85.000	3.42e-35	147
Vipera_berus_C9A	SOZL01000598.1	583	92	276	367	2529	2795	65.217	6.48e-30	131
Vipera_berus_C9A	SOZL01000598.1	583	69	400	468	7785	7991	71.014	2.05e-20	101
Vipera_berus_C9A	SOZL01000598.1	583	51	533	583	10329	10481	70.588	9.26e-16	86.7
Vipera_berus_C9A	CM019155.1	583	224	298	514	130540239	130540862	26.339	9.05e-10	67.4
Vipera_berus_C9A	CM019150.1	583	51	529	579	71190200	71190048	54.902	2.28e-08	63.2
Vipera_berus_C9A	CM019150.1	583	47	537	583	71171028	71171168	51.064	3.80e-07	58.9
Vipera_berus_C9A	CM019150.1	583	79	277	355	71145730	71145966	34.177	5.91e-07	58.5
Vipera_berus_C9A	CM019150.1	583	81	274	354	71203851	71203609	30.864	6.09e-06	55.1
Sceloporus_undulatus_C9A	CM019149.1	591	78	460	537	286406996	286407229	67.949	2.24e-28	126
Sceloporus_undulatus_C9A	CM019149.1	591	74	457	530	286454852	286455073	70.270	2.40e-25	117
Sceloporus_undulatus_C9A	CM019149.1	591	78	281	358	286399553	286399786	62.821	3.94e-25	116
Sceloporus_undulatus_C9A	CM019149.1	591	72	302	373	286449931	286450137	52.778	7.72e-17	85.1
Sceloporus_undulatus_C9A	CM019149.1	591	14	280	293	286449869	286449910	71.429	7.72e-17	26.6
Sceloporus_undulatus_C9A	CM019149.1	591	51	537	587	286408797	286408949	54.902	2.61e-11	72.4
Sceloporus_undulatus_C9A	CM019149.1	591	50	106	155	286391145	286391294	66.000	4.63e-11	71.6
Sceloporus_undulatus_C9A	CM019149.1	591	60	408	467	286405597	286405776	53.333	7.94e-11	70.9
Sceloporus_undulatus_C9A	CM019149.1	591	50	106	155	286441734	286441883	68.000	1.07e-10	70.5
Sceloporus_undulatus_C9A	CM019149.1	591	47	156	202	286443481	286443621	61.702	1.55e-10	70.1
Sceloporus_undulatus_C9A	CM019149.1	591	47	156	202	286393405	286393545	57.447	1.82e-10	69.7
Sceloporus_undulatus_C9A	CM019149.1	591	65	408	472	286453456	286453650	47.692	2.72e-10	69.3
Sceloporus_undulatus_C9A	CM019149.1	591	49	539	587	286456004	286456150	53.061	5.82e-09	65.1
Sceloporus_undulatus_C9A	CM019149.1	591	50	539	587	285701040	285701189	60.000	2.87e-08	62.8
Sceloporus_undulatus_C9A	CM019149.1	591	51	541	591	285749717	285749565	50.980	4.35e-08	62.0
Sceloporus_undulatus_C9A	CM019149.1	591	82	281	362	285653820	285654065	34.146	2.48e-07	59.7
Sceloporus_undulatus_C9A	CM019149.1	591	52	57	107	286439789	286439944	50.000	2.65e-07	59.7
Sceloporus_undulatus_C9A	CM019149.1	591	51	528	577	285670191	285670343	52.941	4.38e-07	58.9
Sceloporus_undulatus_C9A	CM019149.1	591	46	25	70	286439091	286439228	52.174	1.17e-06	57.4
Sceloporus_undulatus_C9A	CM019149.1	591	69	463	531	285752153	285751950	39.130	3.97e-06	55.8
Sceloporus_undulatus_C9A	CM019149.1	591	91	187	276	286395241	286395498	34.066	4.10e-06	55.8
Sceloporus_undulatus_C9A	CM019149.1	591	53	55	106	286390059	286390217	47.170	5.30e-06	55.5
Sceloporus_undulatus_C9A	SOZL01000598.1	591	81	457	537	9179	9421	65.432	8.64e-27	121
Sceloporus_undulatus_C9A	SOZL01000598.1	591	94	280	373	2529	2801	56.383	7.94e-26	118
Sceloporus_undulatus_C9A	SOZL01000598.1	591	65	408	472	7797	7991	47.692	1.90e-10	69.7
Sceloporus_undulatus_C9A	SOZL01000598.1	591	49	539	587	10335	10481	53.061	1.24e-08	63.9
Sceloporus_undulatus_C9A	CM019150.1	591	47	541	587	71171028	71171168	53.191	2.86e-07	59.3
Sceloporus_undulatus_C9A	CM019150.1	591	52	533	584	71190200	71190045	46.154	5.33e-07	58.5
Sceloporus_undulatus_C9A	CM019150.1	591	75	454	527	71168420	71168644	34.667	9.66e-07	57.8
Sceloporus_undulatus_C9A	CM019150.1	591	82	280	361	71145727	71145972	34.146	1.39e-06	57.4
Sceloporus_undulatus_C9A	CM019155.1	591	223	302	518	130540239	130540862	25.112	1.21e-06	57.4
Sceloporus_undulatus_C9A	SOZL01000936.1	591	57	539	591	57076	57246	45.614	1.83e-06	57.0
Anolis_carolinensis_C9B	SOZL01000598.1	538	92	280	371	2529	2795	59.783	5.20e-26	118
Anolis_carolinensis_C9B	SOZL01000598.1	538	68	462	529	9194	9397	66.176	1.23e-21	105
Anolis_carolinensis_C9B	SOZL01000598.1	538	61	400	460	7773	7955	52.459	1.03e-11	73.6
Anolis_carolinensis_C9B	CM019149.1	538	75	280	354	286399550	286399774	65.333	9.40e-24	111
Anolis_carolinensis_C9B	CM019149.1	538	68	462	529	286454867	286455070	66.176	1.32e-21	105
Anolis_carolinensis_C9B	CM019149.1	538	68	462	529	286407002	286407205	66.176	4.33e-21	103
Anolis_carolinensis_C9B	CM019149.1	538	70	302	371	286449931	286450131	57.143	2.68e-17	85.1
Anolis_carolinensis_C9B	CM019149.1	538	18	280	297	286449869	286449922	61.111	2.68e-17	28.1
Anolis_carolinensis_C9B	CM019149.1	538	47	156	202	286443481	286443621	65.957	1.81e-12	75.9
Anolis_carolinensis_C9B	CM019149.1	538	47	156	202	286393405	286393545	63.830	4.03e-12	75.1
Anolis_carolinensis_C9B	CM019149.1	538	50	106	155	286391145	286391294	70.000	4.55e-12	74.7
Anolis_carolinensis_C9B	CM019149.1	538	50	106	155	286441734	286441883	72.000	6.36e-12	74.3
Anolis_carolinensis_C9B	CM019149.1	538	61	400	460	286453432	286453614	52.459	2.61e-11	72.4
Anolis_carolinensis_C9B	CM019149.1	538	55	406	460	286405591	286405755	56.364	2.16e-10	69.3
Anolis_carolinensis_C9B	CM019149.1	538	71	462	532	285752156	285751947	40.845	2.76e-08	62.4
Anolis_carolinensis_C9B	CM019149.1	538	52	57	107	286439789	286439944	50.000	1.20e-07	60.5
Anolis_carolinensis_C9B	CM019149.1	538	79	281	359	285653820	285654056	34.177	5.46e-07	58.2
Anolis_carolinensis_C9B	CM019149.1	538	54	17	70	286439079	286439228	46.296	1.03e-06	57.4
Anolis_carolinensis_C9B	CM019149.1	538	118	168	277	286445223	286445540	31.356	9.61e-06	54.3
Anolis_carolinensis_C9B	CM019150.1	538	75	281	355	71145730	71145954	37.333	9.07e-08	60.8
Anolis_carolinensis_C9B	CM019150.1	538	77	281	357	71203842	71203612	35.065	5.23e-07	58.5
Hydrophis_cyanocinctus_C9B	CM019149.1	582	81	273	353	286399544	286399786	86.420	6.26e-37	152
Hydrophis_cyanocinctus_C9B	CM019149.1	582	79	452	530	286406987	286407223	87.342	9.44e-35	146
Hydrophis_cyanocinctus_C9B	CM019149.1	582	73	452	524	286454852	286455070	86.301	1.76e-32	139
Hydrophis_cyanocinctus_C9B	CM019149.1	582	75	198	272	286395277	286395501	76.000	3.96e-24	113
Hydrophis_cyanocinctus_C9B	CM019149.1	582	66	397	462	286405579	286405776	75.758	1.83e-22	108
Hydrophis_cyanocinctus_C9B	CM019149.1	582	70	297	366	286449931	286450131	65.714	4.06e-22	100
Hydrophis_cyanocinctus_C9B	CM019149.1	582	16	275	290	286449869	286449916	68.750	4.06e-22	28.5
Hydrophis_cyanocinctus_C9B	CM019149.1	582	52	531	582	286408794	286408949	82.692	3.05e-21	104
Hydrophis_cyanocinctus_C9B	CM019149.1	582	50	106	155	286441734	286441883	94.000	1.14e-20	102
Hydrophis_cyanocinctus_C9B	CM019149.1	582	58	98	155	286391121	286391294	75.862	3.85e-18	94.4
Hydrophis_cyanocinctus_C9B	CM019149.1	582	47	156	202	286393405	286393545	87.234	4.06e-18	94.4
Hydrophis_cyanocinctus_C9B	CM019149.1	582	66	402	467	286453453	286453650	63.636	7.20e-18	93.6
Hydrophis_cyanocinctus_C9B	CM019149.1	582	50	57	106	286390068	286390217	78.000	1.61e-16	89.4
Hydrophis_cyanocinctus_C9B	CM019149.1	582	54	53	106	286439780	286439941	70.370	1.54e-15	86.3
Hydrophis_cyanocinctus_C9B	CM019149.1	582	75	197	271	286445313	286445537	56.000	9.10e-14	80.5
Hydrophis_cyanocinctus_C9B	CM019149.1	582	47	156	202	286443481	286443621	72.340	9.50e-14	80.5
Hydrophis_cyanocinctus_C9B	CM019149.1	582	49	534	582	286456004	286456150	63.265	5.19e-12	74.7
Hydrophis_cyanocinctus_C9B	CM019149.1	582	45	25	69	286386202	286386336	73.333	2.92e-10	69.3
Hydrophis_cyanocinctus_C9B	CM019149.1	582	45	353	397	286402510	286402644	66.667	5.81e-09	65.1
Hydrophis_cyanocinctus_C9B	CM019149.1	582	56	527	582	285749744	285749577	50.000	6.32e-08	61.6
Hydrophis_cyanocinctus_C9B	CM019149.1	582	69	456	524	285752159	285751956	40.580	9.83e-07	57.8
Hydrophis_cyanocinctus_C9B	CM019149.1	582	74	456	529	285664956	285665174	40.541	3.94e-06	55.8
Hydrophis_cyanocinctus_C9B	SOZL01000598.1	582	80	452	531	9179	9418	82.500	2.23e-34	145
Hydrophis_cyanocinctus_C9B	SOZL01000598.1	582	92	275	366	2529	2795	66.304	1.69e-31	136
Hydrophis_cyanocinctus_C9B	SOZL01000598.1	582	66	402	467	7794	7991	63.636	1.81e-17	92.4
Hydrophis_cyanocinctus_C9B	SOZL01000598.1	582	49	534	582	10335	10481	63.265	4.91e-12	74.7
Hydrophis_cyanocinctus_C9B	CM019155.1	582	224	297	513	130540239	130540862	26.786	2.83e-09	65.9
Hydrophis_cyanocinctus_C9B	CM019150.1	582	50	529	578	71190197	71190048	54.000	1.72e-08	63.5
Hydrophis_cyanocinctus_C9B	CM019150.1	582	82	273	354	71145721	71145966	34.146	4.23e-07	58.9
Hydrophis_cyanocinctus_C9B	CM019150.1	582	82	276	357	71203842	71203597	31.707	3.26e-06	55.8
Bothrops_jararaca_C9B	CM019149.1	583	81	274	354	286399544	286399786	83.951	3.69e-36	150
Bothrops_jararaca_C9B	CM019149.1	583	79	453	531	286406987	286407223	87.342	2.53e-34	145
Bothrops_jararaca_C9B	CM019149.1	583	74	453	526	286454852	286455073	87.838	2.36e-32	139
Bothrops_jararaca_C9B	CM019149.1	583	74	199	272	286395277	286395498	70.270	2.35e-23	110
Bothrops_jararaca_C9B	CM019149.1	583	70	298	367	286449931	286450131	65.714	8.65e-22	99.8
Bothrops_jararaca_C9B	CM019149.1	583	16	276	291	286449869	286449916	75.000	8.65e-22	28.9
Bothrops_jararaca_C9B	CM019149.1	583	66	398	463	286405579	286405776	77.273	1.17e-21	105
Bothrops_jararaca_C9B	CM019149.1	583	70	400	469	286453444	286453653	70.000	7.71e-21	103
Bothrops_jararaca_C9B	CM019149.1	583	47	157	203	286393405	286393545	91.489	3.68e-19	97.8
Bothrops_jararaca_C9B	CM019149.1	583	50	107	156	286441734	286441883	86.000	1.10e-18	96.3
Bothrops_jararaca_C9B	CM019149.1	583	54	54	107	286439780	286439941	72.222	2.23e-17	92.0
Bothrops_jararaca_C9B	CM019149.1	583	52	532	583	286408794	286408949	73.077	4.17e-17	91.3
Bothrops_jararaca_C9B	CM019149.1	583	47	157	203	286443481	286443621	82.979	7.51e-17	90.5
Bothrops_jararaca_C9B	CM019149.1	583	50	107	156	286391145	286391294	78.000	4.42e-16	87.8
Bothrops_jararaca_C9B	CM019149.1	583	51	533	583	286455998	286456150	70.588	5.82e-15	84.3
Bothrops_jararaca_C9B	CM019149.1	583	51	57	107	286390065	286390217	68.627	1.00e-13	80.5
Bothrops_jararaca_C9B	CM019149.1	583	75	198	272	286445313	286445537	50.667	1.71e-11	73.2
Bothrops_jararaca_C9B	CM019149.1	583	45	26	70	286386202	286386336	68.889	2.69e-10	69.3
Bothrops_jararaca_C9B	CM019149.1	583	45	26	70	286439094	286439228	60.000	2.13e-07	59.7
Bothrops_jararaca_C9B	CM019149.1	583	79	277	355	285653820	285654056	32.911	1.39e-06	57.4
Bothrops_jararaca_C9B	CM019149.1	583	50	535	583	285701040	285701189	54.000	6.98e-06	55.1
Bothrops_jararaca_C9B	CM019149.1	583	43	354	395	286402510	286402638	60.465	6.98e-06	55.1
Bothrops_jararaca_C9B	CM019149.1	583	52	528	579	285749744	285749589	44.231	7.41e-06	54.7
Bothrops_jararaca_C9B	SOZL01000598.1	583	80	453	532	9179	9418	85.000	1.74e-34	145
Bothrops_jararaca_C9B	SOZL01000598.1	583	92	276	367	2529	2795	67.391	3.96e-31	135
Bothrops_jararaca_C9B	SOZL01000598.1	583	70	400	469	7785	7994	70.000	8.55e-21	102
Bothrops_jararaca_C9B	SOZL01000598.1	583	51	533	583	10329	10481	70.588	5.48e-15	84.3
Bothrops_jararaca_C9B	CM019155.1	583	224	298	514	130540239	130540862	26.339	4.53e-10	68.6
Bothrops_jararaca_C9B	CM019150.1	583	82	274	355	71145721	71145966	35.366	5.88e-08	61.6
Bothrops_jararaca_C9B	CM019150.1	583	51	529	579	71190200	71190048	50.980	6.62e-08	61.6
Bothrops_jararaca_C9B	CM019150.1	583	47	537	583	71171028	71171168	51.064	3.31e-07	59.3
Laticauda_colubrina_C9B	CM019149.1	583	81	274	354	286399544	286399786	86.420	8.74e-37	152
Laticauda_colubrina_C9B	CM019149.1	583	79	453	531	286406987	286407223	89.873	6.73e-36	149
Laticauda_colubrina_C9B	CM019149.1	583	74	453	526	286454852	286455073	83.784	1.57e-31	136
Laticauda_colubrina_C9B	CM019149.1	583	81	287	367	286449901	286450131	61.728	4.03e-23	103
Laticauda_colubrina_C9B	CM019149.1	583	18	274	291	286449863	286449916	66.667	4.03e-23	30.0
Laticauda_colubrina_C9B	CM019149.1	583	66	398	463	286405579	286405776	78.788	2.51e-22	107
Laticauda_colubrina_C9B	CM019149.1	583	52	532	583	286408794	286408949	84.615	1.84e-21	105
Laticauda_colubrina_C9B	CM019149.1	583	75	199	273	286395277	286395501	69.333	2.96e-20	101
Laticauda_colubrina_C9B	CM019149.1	583	50	107	156	286441734	286441883	86.000	2.91e-18	94.7
Laticauda_colubrina_C9B	CM019149.1	583	46	157	202	286393405	286393542	89.130	3.55e-18	94.7
Laticauda_colubrina_C9B	CM019149.1	583	66	403	468	286453453	286453650	66.667	7.43e-18	93.6
Laticauda_colubrina_C9B	CM019149.1	583	54	54	107	286439780	286439941	74.074	6.21e-17	90.5
Laticauda_colubrina_C9B	CM019149.1	583	50	58	107	286390068	286390217	80.000	2.12e-16	89.0
Laticauda_colubrina_C9B	CM019149.1	583	58	99	156	286391121	286391294	68.966	2.44e-15	85.5
Laticauda_colubrina_C9B	CM019149.1	583	46	157	202	286443481	286443618	78.261	5.98e-15	84.3
Laticauda_colubrina_C9B	CM019149.1	583	51	533	583	286455998	286456150	60.784	1.17e-11	73.6
Laticauda_colubrina_C9B	CM019149.1	583	44	354	397	286451754	286451885	79.545	2.21e-11	72.8
Laticauda_colubrina_C9B	CM019149.1	583	45	26	70	286386202	286386336	75.556	2.70e-11	72.4
Laticauda_colubrina_C9B	CM019149.1	583	74	198	271	286445313	286445534	51.351	8.48e-11	70.9
Laticauda_colubrina_C9B	CM019149.1	583	81	275	355	285653814	285654056	34.568	4.50e-07	58.9
Laticauda_colubrina_C9B	CM019149.1	583	56	528	583	285749744	285749577	46.429	1.67e-06	57.0
Laticauda_colubrina_C9B	CM019149.1	583	69	457	525	285752159	285751956	40.580	1.73e-06	57.0
Laticauda_colubrina_C9B	CM019149.1	583	45	26	70	286439094	286439228	55.556	5.84e-06	55.1
Laticauda_colubrina_C9B	SOZL01000598.1	583	80	453	532	9179	9418	81.250	1.23e-33	142
Laticauda_colubrina_C9B	SOZL01000598.1	583	94	274	367	2523	2795	65.957	3.79e-32	138
Laticauda_colubrina_C9B	SOZL01000598.1	583	66	403	468	7794	7991	66.667	1.40e-17	92.8
Laticauda_colubrina_C9B	SOZL01000598.1	583	51	533	583	10329	10481	60.784	1.11e-11	73.6
Laticauda_colubrina_C9B	CM019155.1	583	222	298	514	130540239	130540862	24.324	7.09e-09	64.7
Laticauda_colubrina_C9B	CM019150.1	583	51	529	579	71190200	71190048	54.902	1.27e-08	63.9
Laticauda_colubrina_C9B	CM019150.1	583	99	277	375	71145730	71146023	29.293	2.75e-07	59.3
Laticauda_colubrina_C9B	CM019150.1	583	81	274	354	71203851	71203609	32.099	8.75e-07	57.8
Pseudonaja_textilis_C9B	CM019149.1	583	81	274	354	286399544	286399786	86.420	1.34e-36	152
Pseudonaja_textilis_C9B	CM019149.1	583	79	453	531	286406987	286407223	89.873	8.00e-36	149
Pseudonaja_textilis_C9B	CM019149.1	583	74	453	526	286454852	286455073	85.135	3.18e-32	138
Pseudonaja_textilis_C9B	CM019149.1	583	70	298	367	286449931	286450131	67.143	8.41e-24	103
Pseudonaja_textilis_C9B	CM019149.1	583	18	274	291	286449863	286449916	72.222	8.41e-24	32.0
Pseudonaja_textilis_C9B	CM019149.1	583	66	398	463	286405579	286405776	77.273	4.51e-22	107
Pseudonaja_textilis_C9B	CM019149.1	583	75	199	273	286395277	286395501	69.333	1.27e-20	102
Pseudonaja_textilis_C9B	CM019149.1	583	50	107	156	286441734	286441883	92.000	3.75e-20	100
Pseudonaja_textilis_C9B	CM019149.1	583	52	532	583	286408794	286408949	78.846	2.34e-19	98.6
Pseudonaja_textilis_C9B	CM019149.1	583	47	157	203	286393405	286393545	89.362	5.63e-19	97.1
Pseudonaja_textilis_C9B	CM019149.1	583	66	403	468	286453453	286453650	66.667	3.59e-18	94.7
Pseudonaja_textilis_C9B	CM019149.1	583	58	99	156	286391121	286391294	74.138	1.26e-17	92.8
Pseudonaja_textilis_C9B	CM019149.1	583	51	57	107	286390065	286390217	78.431	3.51e-17	91.3
Pseudonaja_textilis_C9B	CM019149.1	583	54	54	107	286439780	286439941	70.370	9.04e-16	87.0
Pseudonaja_textilis_C9B	CM019149.1	583	47	157	203	286443481	286443621	76.596	3.38e-15	85.1
Pseudonaja_textilis_C9B	CM019149.1	583	45	26	70	286386202	286386336	75.556	2.18e-11	72.8
Pseudonaja_textilis_C9B	CM019149.1	583	48	536	583	286456007	286456150	58.333	8.17e-10	67.8
Pseudonaja_textilis_C9B	CM019149.1	583	75	198	272	286445313	286445537	48.000	1.22e-09	67.0
Pseudonaja_textilis_C9B	CM019149.1	583	45	354	398	286402510	286402644	68.889	1.46e-09	67.0
Pseudonaja_textilis_C9B	CM019149.1	583	54	530	583	285749738	285749577	50.000	3.68e-08	62.4
Pseudonaja_textilis_C9B	CM019149.1	583	69	457	525	285752159	285751956	40.580	4.50e-07	58.9
Pseudonaja_textilis_C9B	CM019149.1	583	45	26	70	286439094	286439228	60.000	4.82e-07	58.5
Pseudonaja_textilis_C9B	CM019149.1	583	78	277	354	285653820	285654053	32.051	6.86e-06	55.1
Pseudonaja_textilis_C9B	SOZL01000598.1	583	80	453	532	9179	9418	82.500	6.35e-34	143
Pseudonaja_textilis_C9B	SOZL01000598.1	583	94	274	367	2523	2795	68.085	1.27e-33	142
Pseudonaja_textilis_C9B	SOZL01000598.1	583	66	403	468	7794	7991	66.667	9.02e-18	93.2
Pseudonaja_textilis_C9B	SOZL01000598.1	583	48	536	583	10338	10481	58.333	7.79e-10	67.8
Pseudonaja_textilis_C9B	CM019155.1	583	224	298	514	130540239	130540862	26.786	5.39e-09	65.1
Pseudonaja_textilis_C9B	CM019155.1	583	223	295	516	133430704	133430090	23.318	4.48e-06	55.5
Pseudonaja_textilis_C9B	CM019150.1	583	50	530	579	71190197	71190048	56.000	1.43e-08	63.5
Pseudonaja_textilis_C9B	CM019150.1	583	78	277	354	71145730	71145963	33.333	2.22e-07	59.7
Pseudonaja_textilis_C9B	CM019150.1	583	81	274	354	71203851	71203609	32.099	9.05e-07	57.8
Pseudonaja_textilis_C9B	CM019150.1	583	47	537	583	71171028	71171168	44.681	1.50e-06	57.0
Notechis_scutatus_C9B	CM019149.1	583	84	448	531	286406972	286407223	88.095	4.14e-37	153
Notechis_scutatus_C9B	CM019149.1	583	81	274	354	286399544	286399786	83.951	1.04e-35	149
Notechis_scutatus_C9B	CM019149.1	583	76	451	526	286454846	286455073	85.526	5.31e-33	140
Notechis_scutatus_C9B	CM019149.1	583	75	199	273	286395277	286395501	77.333	4.91e-25	116
Notechis_scutatus_C9B	CM019149.1	583	70	298	367	286449931	286450131	64.286	9.38e-23	99.8
Notechis_scutatus_C9B	CM019149.1	583	18	274	291	286449863	286449916	72.222	9.38e-23	32.0
Notechis_scutatus_C9B	CM019149.1	583	66	398	463	286405579	286405776	74.242	7.37e-22	106
Notechis_scutatus_C9B	CM019149.1	583	52	532	583	286408794	286408949	82.692	3.19e-21	104
Notechis_scutatus_C9B	CM019149.1	583	50	107	156	286441734	286441883	94.000	1.25e-20	102
Notechis_scutatus_C9B	CM019149.1	583	47	157	203	286393405	286393545	91.489	2.20e-19	98.6
Notechis_scutatus_C9B	CM019149.1	583	58	99	156	286391121	286391294	75.862	3.59e-18	94.7
Notechis_scutatus_C9B	CM019149.1	583	69	400	468	286453444	286453650	60.870	4.23e-18	94.4
Notechis_scutatus_C9B	CM019149.1	583	50	58	107	286390068	286390217	80.000	5.18e-17	90.9
Notechis_scutatus_C9B	CM019149.1	583	54	54	107	286439780	286439941	70.370	1.44e-15	86.3
Notechis_scutatus_C9B	CM019149.1	583	47	157	203	286443481	286443621	76.596	4.46e-15	84.7
Notechis_scutatus_C9B	CM019149.1	583	75	198	272	286445313	286445537	54.667	2.27e-12	75.9
Notechis_scutatus_C9B	CM019149.1	583	49	535	583	286456004	286456150	63.265	5.72e-12	74.7
Notechis_scutatus_C9B	CM019149.1	583	45	26	70	286386202	286386336	75.556	2.63e-11	72.4
Notechis_scutatus_C9B	CM019149.1	583	45	354	398	286402510	286402644	62.222	2.24e-08	63.2
Notechis_scutatus_C9B	CM019149.1	583	56	528	583	285749744	285749577	50.000	1.44e-07	60.5
Notechis_scutatus_C9B	CM019149.1	583	69	457	525	285752159	285751956	40.580	5.16e-07	58.5
Notechis_scutatus_C9B	CM019149.1	583	45	26	70	286439094	286439228	55.556	6.14e-06	55.1
Notechis_scutatus_C9B	CM019149.1	583	79	277	355	285653820	285654056	31.646	8.42e-06	54.7
Notechis_scutatus_C9B	SOZL01000598.1	583	82	451	532	9173	9418	82.927	6.51e-35	146
Notechis_scutatus_C9B	SOZL01000598.1	583	94	274	367	2523	2795	65.957	2.25e-32	139
Notechis_scutatus_C9B	SOZL01000598.1	583	69	400	468	7785	7991	60.870	8.71e-18	93.2
Notechis_scutatus_C9B	SOZL01000598.1	583	49	535	583	10335	10481	63.265	5.42e-12	74.7
Notechis_scutatus_C9B	CM019155.1	583	224	298	514	130540239	130540862	27.679	1.13e-09	67.4
Notechis_scutatus_C9B	CM019155.1	583	223	295	516	133430704	133430090	22.870	2.23e-06	56.6
Notechis_scutatus_C9B	CM019150.1	583	50	530	579	71190197	71190048	54.000	1.91e-08	63.2
Notechis_scutatus_C9B	CM019150.1	583	79	277	355	71145730	71145966	31.646	8.82e-07	57.8
Notechis_scutatus_C9B	CM019150.1	583	85	274	358	71203851	71203597	30.588	1.98e-06	56.6
Pituophis_catenifer_C9B	SOZL01000598.1	583	94	274	367	2523	2795	80.851	6.55e-39	158
Pituophis_catenifer_C9B	SOZL01000598.1	583	77	456	532	9188	9418	83.117	5.86e-34	143
Pituophis_catenifer_C9B	SOZL01000598.1	583	72	397	468	7776	7991	77.778	1.32e-23	111
Pituophis_catenifer_C9B	SOZL01000598.1	583	51	533	583	10329	10481	84.314	6.90e-20	100
Pituophis_catenifer_C9B	CM019149.1	583	76	456	531	286406996	286407223	90.789	8.53e-36	149
Pituophis_catenifer_C9B	CM019149.1	583	76	277	352	286399553	286399780	84.211	5.81e-33	140
Pituophis_catenifer_C9B	CM019149.1	583	71	456	526	286454861	286455073	87.324	4.32e-32	138
Pituophis_catenifer_C9B	CM019149.1	583	70	298	367	286449931	286450131	80.000	5.62e-28	115
Pituophis_catenifer_C9B	CM019149.1	583	18	274	291	286449863	286449916	77.778	5.62e-28	33.5
Pituophis_catenifer_C9B	CM019149.1	583	76	198	273	286445313	286445540	75.000	8.06e-25	115
Pituophis_catenifer_C9B	CM019149.1	583	72	397	468	286453435	286453650	77.778	1.44e-23	111
Pituophis_catenifer_C9B	CM019149.1	583	50	107	156	286441734	286441883	96.000	6.14e-21	103
Pituophis_catenifer_C9B	CM019149.1	583	51	533	583	286455998	286456150	84.314	7.40e-20	100
Pituophis_catenifer_C9B	CM019149.1	583	54	54	107	286439780	286439941	79.630	9.91e-19	96.3
Pituophis_catenifer_C9B	CM019149.1	583	47	157	203	286443481	286443621	89.362	1.22e-18	96.3
Pituophis_catenifer_C9B	CM019149.1	583	70	390	457	286405549	286405758	70.000	2.19e-18	95.1
Pituophis_catenifer_C9B	CM019149.1	583	50	107	156	286391145	286391294	86.000	4.19e-18	94.4
Pituophis_catenifer_C9B	CM019149.1	583	47	157	203	286393405	286393545	80.851	1.70e-15	85.9
Pituophis_catenifer_C9B	CM019149.1	583	52	532	583	286408794	286408949	63.462	3.87e-14	81.6
Pituophis_catenifer_C9B	CM019149.1	583	75	198	272	286395274	286395498	52.000	1.33e-12	76.6
Pituophis_catenifer_C9B	CM019149.1	583	53	55	107	286390059	286390217	64.151	1.10e-11	73.9
Pituophis_catenifer_C9B	CM019149.1	583	45	26	70	286439094	286439228	68.889	1.85e-10	69.7
Pituophis_catenifer_C9B	CM019149.1	583	45	26	70	286386202	286386336	60.000	3.29e-08	62.4
Pituophis_catenifer_C9B	CM019149.1	583	69	457	525	285664956	285665159	43.478	4.45e-06	55.5
Pituophis_catenifer_C9B	CM019149.1	583	40	357	395	286402519	286402638	65.000	6.14e-06	55.1
Pituophis_catenifer_C9B	CM019155.1	583	222	298	514	130540239	130540862	26.126	6.73e-11	71.2
Pituophis_catenifer_C9B	CM019155.1	583	222	298	516	133430695	133430090	23.423	2.23e-06	56.6
Pituophis_catenifer_C9B	CM019150.1	583	74	277	350	71145730	71145951	37.838	5.62e-07	58.5
Pituophis_catenifer_C9B	CM019150.1	583	47	537	583	71171028	71171168	51.064	7.97e-07	58.2
Pituophis_catenifer_C9B	CM019150.1	583	75	450	523	71168420	71168644	36.000	2.21e-06	56.6
Pituophis_catenifer_C9B	CM019150.1	583	51	529	579	71190200	71190048	49.020	3.95e-06	55.8
Pantherophis_obsoletus_C9B	SOZL01000598.1	583	77	456	532	9188	9418	90.909	1.33e-37	154
Pantherophis_obsoletus_C9B	SOZL01000598.1	583	92	276	367	2529	2795	71.739	4.42e-34	144
Pantherophis_obsoletus_C9B	SOZL01000598.1	583	72	397	468	7776	7991	77.778	1.30e-23	111
Pantherophis_obsoletus_C9B	SOZL01000598.1	583	56	528	583	10314	10481	78.571	9.49e-21	102
Pantherophis_obsoletus_C9B	CM019149.1	583	81	274	354	286399544	286399786	85.185	1.12e-36	152
Pantherophis_obsoletus_C9B	CM019149.1	583	71	456	526	286454861	286455073	90.141	8.44e-34	143
Pantherophis_obsoletus_C9B	CM019149.1	583	76	456	531	286406996	286407223	81.579	1.32e-32	139
Pantherophis_obsoletus_C9B	CM019149.1	583	81	287	367	286449901	286450131	64.198	2.36e-24	105
Pantherophis_obsoletus_C9B	CM019149.1	583	16	276	291	286449869	286449916	81.250	2.36e-24	31.6
Pantherophis_obsoletus_C9B	CM019149.1	583	75	198	272	286445313	286445537	74.667	2.71e-24	114
Pantherophis_obsoletus_C9B	CM019149.1	583	72	397	468	286453435	286453650	77.778	1.49e-23	111
Pantherophis_obsoletus_C9B	CM019149.1	583	54	54	107	286439780	286439941	85.185	2.63e-21	104
Pantherophis_obsoletus_C9B	CM019149.1	583	50	107	156	286441734	286441883	96.000	7.98e-21	103
Pantherophis_obsoletus_C9B	CM019149.1	583	56	528	583	286455983	286456150	78.571	1.02e-20	102
Pantherophis_obsoletus_C9B	CM019149.1	583	47	157	203	286443481	286443621	89.362	1.50e-18	95.9
Pantherophis_obsoletus_C9B	CM019149.1	583	50	107	156	286391145	286391294	86.000	4.94e-18	94.4
Pantherophis_obsoletus_C9B	CM019149.1	583	64	400	463	286405585	286405776	70.312	9.23e-18	93.2
Pantherophis_obsoletus_C9B	CM019149.1	583	47	157	203	286393405	286393545	80.851	2.30e-15	85.5
Pantherophis_obsoletus_C9B	CM019149.1	583	52	532	583	286408794	286408949	63.462	2.00e-14	82.8
Pantherophis_obsoletus_C9B	CM019149.1	583	51	57	107	286390065	286390217	68.627	1.70e-13	79.7
Pantherophis_obsoletus_C9B	CM019149.1	583	103	198	297	286395274	286395567	45.631	3.87e-13	78.6
Pantherophis_obsoletus_C9B	CM019149.1	583	45	26	70	286386202	286386336	66.667	1.72e-09	66.6
Pantherophis_obsoletus_C9B	CM019149.1	583	45	26	70	286439094	286439228	60.000	3.77e-08	62.4
Pantherophis_obsoletus_C9B	CM019149.1	583	73	457	529	285664956	285665171	41.096	1.07e-06	57.4
Pantherophis_obsoletus_C9B	CM019149.1	583	69	457	525	285752159	285751956	37.681	2.00e-06	56.6
Pantherophis_obsoletus_C9B	CM019149.1	583	81	275	355	285653814	285654056	33.333	2.81e-06	56.2
Pantherophis_obsoletus_C9B	CM019149.1	583	43	354	395	286402510	286402638	58.140	9.56e-06	54.3
Pantherophis_obsoletus_C9B	CM019155.1	583	222	298	514	130540239	130540862	26.126	3.03e-10	68.9
Pantherophis_obsoletus_C9B	CM019150.1	583	82	274	355	71145721	71145966	36.585	1.87e-08	63.2
Pantherophis_obsoletus_C9B	CM019150.1	583	47	537	583	71171028	71171168	53.191	5.29e-07	58.5
Pantherophis_obsoletus_C9B	CM019150.1	583	85	274	358	71203851	71203597	30.588	1.96e-06	56.6
Pantherophis_obsoletus_C9B	CM019150.1	583	75	450	523	71168420	71168644	36.000	2.18e-06	56.6
Crotalus_tigris_C9B	SOZL01000598.1	583	94	274	367	2523	2795	75.532	1.96e-36	151
Crotalus_tigris_C9B	SOZL01000598.1	583	80	453	532	9179	9418	85.000	1.23e-35	149
Crotalus_tigris_C9B	SOZL01000598.1	583	73	396	468	7773	7991	72.603	2.68e-22	107
Crotalus_tigris_C9B	SOZL01000598.1	583	51	533	583	10329	10481	82.353	4.38e-20	100
Crotalus_tigris_C9B	CM019149.1	583	79	453	531	286406987	286407223	81.013	3.90e-33	141
Crotalus_tigris_C9B	CM019149.1	583	74	453	526	286454852	286455073	86.486	5.50e-33	140
Crotalus_tigris_C9B	CM019149.1	583	76	276	351	286399550	286399777	81.579	1.72e-32	139
Crotalus_tigris_C9B	CM019149.1	583	75	198	272	286445313	286445537	80.000	1.87e-25	117
Crotalus_tigris_C9B	CM019149.1	583	70	298	367	286449931	286450131	70.000	2.44e-25	104
Crotalus_tigris_C9B	CM019149.1	583	18	274	291	286449863	286449916	83.333	2.44e-25	35.8
Crotalus_tigris_C9B	CM019149.1	583	73	396	468	286453432	286453650	72.603	3.59e-22	107
Crotalus_tigris_C9B	CM019149.1	583	51	533	583	286455998	286456150	82.353	4.70e-20	100
Crotalus_tigris_C9B	CM019149.1	583	50	107	156	286441734	286441883	90.000	5.58e-19	97.1
Crotalus_tigris_C9B	CM019149.1	583	54	54	107	286439780	286439941	74.074	1.49e-18	95.9
Crotalus_tigris_C9B	CM019149.1	583	63	401	463	286405588	286405776	74.603	2.51e-18	95.1
Crotalus_tigris_C9B	CM019149.1	583	47	157	203	286443481	286443621	87.234	5.88e-18	94.0
Crotalus_tigris_C9B	CM019149.1	583	47	157	203	286393405	286393545	85.106	4.91e-17	90.9
Crotalus_tigris_C9B	CM019149.1	583	50	107	156	286391145	286391294	82.000	2.31e-16	89.0
Crotalus_tigris_C9B	CM019149.1	583	52	532	583	286408794	286408949	63.462	1.43e-14	83.2
Crotalus_tigris_C9B	CM019149.1	583	74	199	272	286395277	286395498	58.108	2.43e-14	82.4
Crotalus_tigris_C9B	CM019149.1	583	51	57	107	286390065	286390217	66.667	9.45e-13	77.0
Crotalus_tigris_C9B	CM019149.1	583	45	26	70	286439094	286439228	68.889	3.09e-10	68.9
Crotalus_tigris_C9B	CM019149.1	583	45	26	70	286386202	286386336	62.222	5.44e-09	65.1
Crotalus_tigris_C9B	CM019149.1	583	69	457	525	285752159	285751956	37.681	7.35e-06	54.7
Crotalus_tigris_C9B	CM019155.1	583	222	298	514	130540239	130540862	26.126	2.01e-10	69.7
Crotalus_tigris_C9B	CM019150.1	583	47	537	583	71171028	71171168	51.064	1.24e-06	57.4
Crotalus_tigris_C9B	CM019150.1	583	74	277	350	71145730	71145951	36.486	1.28e-06	57.4
Crotalus_tigris_C9B	CM019150.1	583	51	529	579	71190200	71190048	47.059	9.56e-06	54.3
Ptyas_mucosa_C9B	SOZL01000598.1	583	94	274	367	2523	2795	81.915	1.37e-39	160
Ptyas_mucosa_C9B	SOZL01000598.1	583	77	456	532	9188	9418	89.610	1.69e-36	151
Ptyas_mucosa_C9B	SOZL01000598.1	583	56	528	583	10314	10481	85.714	4.41e-23	110
Ptyas_mucosa_C9B	SOZL01000598.1	583	72	397	468	7776	7991	75.000	1.47e-21	105
Ptyas_mucosa_C9B	CM019149.1	583	76	277	352	286399553	286399780	84.211	6.47e-33	140
Ptyas_mucosa_C9B	CM019149.1	583	71	456	526	286454861	286455073	88.732	1.12e-32	139
Ptyas_mucosa_C9B	CM019149.1	583	76	456	531	286406996	286407223	80.263	2.53e-31	135
Ptyas_mucosa_C9B	CM019149.1	583	70	298	367	286449931	286450131	81.429	1.18e-28	118
Ptyas_mucosa_C9B	CM019149.1	583	18	274	291	286449863	286449916	77.778	1.18e-28	33.5
Ptyas_mucosa_C9B	CM019149.1	583	76	198	273	286445313	286445540	73.684	4.25e-24	113
Ptyas_mucosa_C9B	CM019149.1	583	56	528	583	286455983	286456150	85.714	4.76e-23	110
Ptyas_mucosa_C9B	CM019149.1	583	72	397	468	286453435	286453650	75.000	1.62e-21	105
Ptyas_mucosa_C9B	CM019149.1	583	50	107	156	286441734	286441883	94.000	3.98e-20	100
Ptyas_mucosa_C9B	CM019149.1	583	47	157	203	286443481	286443621	89.362	1.20e-18	96.3
Ptyas_mucosa_C9B	CM019149.1	583	58	99	156	286391121	286391294	75.862	5.93e-18	94.0
Ptyas_mucosa_C9B	CM019149.1	583	58	400	457	286405585	286405758	74.138	1.33e-16	89.7
Ptyas_mucosa_C9B	CM019149.1	583	47	157	203	286393405	286393545	80.851	6.52e-16	87.4
Ptyas_mucosa_C9B	CM019149.1	583	54	54	107	286439780	286439941	70.370	7.88e-16	87.0
Ptyas_mucosa_C9B	CM019149.1	583	53	55	107	286390059	286390217	71.698	3.66e-15	85.1
Ptyas_mucosa_C9B	CM019149.1	583	52	532	583	286408794	286408949	65.385	4.46e-15	84.7
Ptyas_mucosa_C9B	CM019149.1	583	79	198	272	286395274	286395498	53.165	1.59e-12	76.6
Ptyas_mucosa_C9B	CM019149.1	583	46	27	70	286439091	286439228	60.870	7.77e-07	58.2
Ptyas_mucosa_C9B	CM019149.1	583	70	460	529	285664965	285665171	42.857	1.39e-06	57.4
Ptyas_mucosa_C9B	CM019149.1	583	39	32	70	286386220	286386336	61.538	5.45e-06	55.5
Ptyas_mucosa_C9B	CM019149.1	583	35	355	389	286451757	286451861	77.143	5.84e-06	55.1
Ptyas_mucosa_C9B	CM019155.1	583	222	298	514	130540239	130540862	25.225	5.21e-08	62.0
Ptyas_mucosa_C9B	CM019150.1	583	47	537	583	71171028	71171168	51.064	5.12e-07	58.5
Ptyas_mucosa_C9B	CM019150.1	583	74	277	350	71145730	71145951	37.838	6.22e-07	58.2
