# Naja_naja_copy3 subject=SOZL01000598.1 region_offset=1 (add to sstart/send)
Lacerta_agilis_C9A	region	589	93	279	371	2532	2801	59.140	3.05e-34	129
Lacerta_agilis_C9A	region	589	74	461	534	9197	9418	67.568	6.89e-30	115
Lacerta_agilis_C9A	region	589	56	403	458	7788	7955	60.714	3.13e-16	72.0
Lacerta_agilis_C9A	region	589	56	530	584	10314	10481	48.214	1.52e-11	57.0
Lacerta_agilis_C9A	region	589	17	356	372	4412	4462	47.059	0.23	23.9
Zootoca_vivipara_C9A	region	589	93	279	371	2532	2801	59.140	5.86e-34	128
Zootoca_vivipara_C9A	region	589	74	461	534	9197	9418	67.568	6.20e-30	115
Zootoca_vivipara_C9A	region	589	56	403	458	7788	7955	58.929	1.09e-15	70.5
Zootoca_vivipara_C9A	region	589	56	530	584	10314	10481	48.214	5.11e-11	55.1
Zootoca_vivipara_C9A	region	589	17	356	372	4412	4462	47.059	0.23	23.9
Podarcis_muralis_C9A	region	589	94	278	371	2529	2801	57.447	8.45e-34	127
Podarcis_muralis_C9A	region	589	74	461	534	9197	9418	66.216	1.82e-29	114
Podarcis_muralis_C9A	region	589	54	405	458	7794	7955	59.259	3.63e-14	65.5
Podarcis_muralis_C9A	region	589	49	537	584	10335	10481	53.061	1.82e-11	56.6
Podarcis_muralis_C9A	region	589	17	356	372	4412	4462	47.059	0.26	23.5
Anolis_carolinensis_C9A	region	591	81	457	537	9179	9421	60.494	2.84e-31	120
Anolis_carolinensis_C9A	region	591	107	280	381	2529	2840	51.402	5.38e-30	116
Anolis_carolinensis_C9A	region	591	49	539	587	10335	10481	57.143	9.27e-14	64.3
Anolis_carolinensis_C9A	region	591	65	408	472	7797	7991	44.615	2.05e-13	63.2
Pogona_vitticeps_C9A	region	576	78	438	515	9179	9412	66.667	6.31e-30	115
Pogona_vitticeps_C9A	region	576	90	262	351	2532	2792	55.556	7.59e-29	112
Pogona_vitticeps_C9A	region	576	58	514	571	10308	10481	60.345	2.39e-18	79.0
Pogona_vitticeps_C9A	region	576	60	389	448	7797	7976	50.000	1.34e-14	67.0
Pogona_vitticeps_C9A	region	576	19	339	357	4412	4468	52.632	0.069	25.4
Gekko_japonicus_C9A	region	582	74	295	368	2532	2753	58.108	1.39e-24	99.0
Gekko_japonicus_C9A	region	582	73	457	529	9197	9415	56.164	4.47e-24	97.4
Gekko_japonicus_C9A	region	582	48	530	577	10326	10469	62.500	5.40e-14	65.1
Gekko_japonicus_C9A	region	582	66	387	452	7752	7949	34.848	1.85e-09	50.1
Crotalus_tigris_C9A	region	583	94	274	367	2523	2795	75.532	1.00e-41	152
Crotalus_tigris_C9A	region	583	80	453	532	9179	9418	85.000	1.40e-40	148
Crotalus_tigris_C9A	region	583	73	396	468	7773	7991	72.603	2.37e-27	107
Crotalus_tigris_C9A	region	583	51	533	583	10329	10481	82.353	5.04e-25	100
Crotalus_tigris_C9A	region	583	42	355	396	4415	4537	52.381	1.74e-06	40.4
Thamnophis_elegans_C9A	region	583	92	276	367	2529	2795	66.304	5.19e-36	134
Thamnophis_elegans_C9A	region	583	80	453	532	9179	9418	76.250	9.38e-35	130
Thamnophis_elegans_C9A	region	583	69	400	468	7785	7991	63.768	1.48e-23	95.5
Thamnophis_elegans_C9A	region	583	51	533	583	10329	10481	62.745	2.85e-17	75.5
Thamnophis_elegans_C9A	region	583	15	354	368	4412	4456	80.000	0.006	28.9
Naja_naja_C9A	region	582	94	274	367	2523	2795	89.362	6.75e-50	176
Naja_naja_C9A	region	582	80	452	531	9179	9418	96.250	8.14e-45	161
Naja_naja_C9A	region	582	72	396	467	7776	7991	87.500	2.69e-32	123
Naja_naja_C9A	region	582	56	527	582	10314	10481	96.429	6.40e-31	119
Naja_naja_C9A	region	582	41	355	395	4415	4537	97.561	3.39e-19	81.6
Pseudonaja_textilis_C9A	region	583	94	274	367	2523	2795	84.043	8.13e-47	167
Pseudonaja_textilis_C9A	region	583	77	456	532	9188	9418	94.805	3.87e-43	156
Pseudonaja_textilis_C9A	region	583	73	396	468	7773	7991	80.822	2.05e-31	120
Pseudonaja_textilis_C9A	region	583	56	528	583	10314	10481	91.071	1.58e-29	114
Pseudonaja_textilis_C9A	region	583	42	355	396	4415	4537	76.190	8.32e-13	61.2
Pseudonaja_textilis_C9A	region	583	23	75	97	11258	11190	30.435	0.18	24.3
Python_bivittatus_C9A	region	582	80	453	532	9179	9418	77.500	1.07e-35	133
Python_bivittatus_C9A	region	582	92	276	367	2529	2795	64.130	2.89e-35	132
Python_bivittatus_C9A	region	582	58	400	457	7785	7958	74.138	2.75e-23	94.7
Python_bivittatus_C9A	region	582	48	535	582	10338	10481	77.083	1.26e-21	89.4
Python_bivittatus_C9A	region	582	21	354	374	4412	4474	61.905	8.68e-05	35.0
Notechis_scutatus_C9A	region	583	94	274	367	2523	2795	84.043	8.84e-47	167
Notechis_scutatus_C9A	region	583	77	456	532	9188	9418	92.208	5.23e-42	152
Notechis_scutatus_C9A	region	583	73	396	468	7773	7991	79.452	8.36e-31	118
Notechis_scutatus_C9A	region	583	56	528	583	10314	10481	91.071	1.79e-29	114
Notechis_scutatus_C9A	region	583	42	355	396	4415	4537	76.190	8.68e-13	60.8
Notechis_scutatus_C9A	region	583	23	75	97	11258	11190	30.435	0.17	24.3
Hydrophis_cyanocinctus_C9A	region	583	93	275	367	2526	2795	84.946	7.49e-47	167
Hydrophis_cyanocinctus_C9A	region	583	77	456	532	9188	9418	90.909	2.11e-41	151
Hydrophis_cyanocinctus_C9A	region	583	56	528	583	10314	10481	91.071	1.84e-29	114
Hydrophis_cyanocinctus_C9A	region	583	72	397	468	7776	7991	76.389	1.59e-28	111
Hydrophis_cyanocinctus_C9A	region	583	42	355	396	4415	4537	73.810	4.62e-12	58.5
Hydrophis_cyanocinctus_C9A	region	583	23	75	97	11258	11190	30.435	0.17	24.3
Laticauda_colubrina_C9A	region	583	94	274	367	2523	2795	85.106	2.79e-47	169
Laticauda_colubrina_C9A	region	583	77	456	532	9188	9418	93.506	3.05e-42	153
Laticauda_colubrina_C9A	region	583	72	397	468	7776	7991	84.722	2.21e-31	120
Laticauda_colubrina_C9A	region	583	56	528	583	10314	10481	91.071	1.12e-29	115
Laticauda_colubrina_C9A	region	583	42	355	396	4415	4537	64.286	2.00e-09	50.1
Laticauda_colubrina_C9A	region	583	23	75	97	11258	11190	30.435	0.57	22.3
Protobothrops_mucrosquamatus_C9A	region	583	80	453	532	9179	9418	85.000	4.54e-40	147
Protobothrops_mucrosquamatus_C9A	region	583	92	276	367	2529	2795	66.304	2.09e-36	135
Protobothrops_mucrosquamatus_C9A	region	583	65	404	468	7797	7991	73.846	1.10e-24	99.4
Protobothrops_mucrosquamatus_C9A	region	583	51	533	583	10329	10481	74.510	4.00e-21	87.8
Protobothrops_mucrosquamatus_C9A	region	583	17	354	370	4412	4462	70.588	0.005	29.3
Chrysopelea_ornata_C9A	region	584	80	454	533	9179	9418	80.000	2.47e-38	141
Chrysopelea_ornata_C9A	region	584	92	276	367	2529	2795	69.565	9.23e-37	137
Chrysopelea_ornata_C9A	region	584	69	401	469	7785	7991	65.217	1.32e-23	95.9
Chrysopelea_ornata_C9A	region	584	51	534	584	10329	10481	62.745	6.62e-17	74.3
Chrysopelea_ornata_C9A	region	584	21	354	374	4412	4474	57.143	0.001	31.2
Pituophis_catenifer_C9A	region	583	94	274	367	2523	2795	80.851	2.75e-44	159
Pituophis_catenifer_C9A	region	583	80	453	532	9179	9418	78.750	5.76e-37	137
Pituophis_catenifer_C9A	region	583	72	397	468	7776	7991	68.056	7.08e-25	99.8
Pituophis_catenifer_C9A	region	583	49	535	583	10335	10481	67.347	1.17e-17	76.6
Pituophis_catenifer_C9A	region	583	16	355	370	4415	4462	68.750	0.013	27.7
Pituophis_catenifer_C9A	region	583	19	508	526	941	885	47.368	0.80	21.9
Pantherophis_obsoletus_C9A	region	583	92	276	367	2529	2795	70.652	5.22e-39	144
Pantherophis_obsoletus_C9A	region	583	80	453	532	9179	9418	78.750	6.02e-37	137
Pantherophis_obsoletus_C9A	region	583	69	400	468	7785	7991	65.217	3.75e-23	94.4
Pantherophis_obsoletus_C9A	region	583	51	533	583	10329	10481	66.667	3.72e-18	78.2
Pantherophis_obsoletus_C9A	region	583	17	354	370	4412	4462	70.588	0.003	29.6
Pantherophis_obsoletus_C9A	region	583	19	508	526	941	885	47.368	0.85	21.9
Bothrops_jararaca_C9A	region	583	80	453	532	9179	9418	85.000	1.51e-39	145
Bothrops_jararaca_C9A	region	583	92	276	367	2529	2795	67.391	9.92e-36	133
Bothrops_jararaca_C9A	region	583	70	400	469	7785	7994	67.143	1.09e-24	99.4
Bothrops_jararaca_C9A	region	583	51	533	583	10329	10481	72.549	1.50e-20	85.9
Bothrops_jararaca_C9A	region	583	17	354	370	4412	4462	76.471	0.001	31.2
Ptyas_mucosa_C9A	region	583	80	453	532	9179	9418	77.500	6.30e-37	137
Ptyas_mucosa_C9A	region	583	92	276	367	2529	2795	68.478	1.38e-36	136
Ptyas_mucosa_C9A	region	583	69	400	468	7785	7991	60.870	4.45e-22	90.9
Ptyas_mucosa_C9A	region	583	49	535	583	10335	10481	67.347	5.65e-17	74.7
Ptyas_mucosa_C9A	region	583	33	354	386	4412	4489	48.485	0.002	30.8
Vipera_berus_C9A	region	583	80	453	532	9179	9418	85.000	3.24e-40	147
Vipera_berus_C9A	region	583	92	276	367	2529	2795	65.217	6.15e-35	131
Vipera_berus_C9A	region	583	69	400	468	7785	7991	71.014	1.94e-25	101
Vipera_berus_C9A	region	583	51	533	583	10329	10481	70.588	8.79e-21	86.7
Vipera_berus_C9A	region	583	17	354	370	4412	4462	70.588	0.003	30.0
Sceloporus_undulatus_C9A	region	591	81	457	537	9179	9421	65.432	8.20e-32	121
Sceloporus_undulatus_C9A	region	591	94	280	373	2529	2801	56.383	7.54e-31	118
Sceloporus_undulatus_C9A	region	591	65	408	472	7797	7991	47.692	1.80e-15	69.7
Sceloporus_undulatus_C9A	region	591	49	539	587	10335	10481	53.061	1.18e-13	63.9
Sceloporus_undulatus_C9A	region	591	36	358	393	4412	4516	41.667	0.016	27.3
Anolis_carolinensis_C9B	region	538	92	280	371	2529	2795	59.783	4.94e-31	118
Anolis_carolinensis_C9B	region	538	68	462	529	9194	9397	66.176	1.17e-26	105
Anolis_carolinensis_C9B	region	538	61	400	460	7773	7955	52.459	9.78e-17	73.6
Anolis_carolinensis_C9B	region	538	36	495	530	3140	3247	27.778	0.36	23.1
Anolis_carolinensis_C9B	region	538	16	359	374	4415	4462	43.750	0.98	21.6
Hydrophis_cyanocinctus_C9B	region	582	80	452	531	9179	9418	82.500	2.11e-39	145
Hydrophis_cyanocinctus_C9B	region	582	92	275	366	2529	2795	66.304	1.60e-36	136
Hydrophis_cyanocinctus_C9B	region	582	66	402	467	7794	7991	63.636	1.72e-22	92.4
Hydrophis_cyanocinctus_C9B	region	582	49	534	582	10335	10481	63.265	4.66e-17	74.7
Hydrophis_cyanocinctus_C9B	region	582	15	353	367	4412	4456	73.333	0.009	28.1
Hydrophis_cyanocinctus_C9B	region	582	24	74	97	11258	11187	29.167	0.31	23.5
Bothrops_jararaca_C9B	region	583	80	453	532	9179	9418	85.000	1.65e-39	145
Bothrops_jararaca_C9B	region	583	92	276	367	2529	2795	67.391	3.75e-36	135
Bothrops_jararaca_C9B	region	583	70	400	469	7785	7994	70.000	8.11e-26	102
Bothrops_jararaca_C9B	region	583	51	533	583	10329	10481	70.588	5.20e-20	84.3
Bothrops_jararaca_C9B	region	583	17	354	370	4412	4462	70.588	0.005	29.3
Laticauda_colubrina_C9B	region	583	80	453	532	9179	9418	81.250	1.17e-38	142
Laticauda_colubrina_C9B	region	583	94	274	367	2523	2795	65.957	3.60e-37	138
Laticauda_colubrina_C9B	region	583	66	403	468	7794	7991	66.667	1.33e-22	92.8
Laticauda_colubrina_C9B	region	583	51	533	583	10329	10481	60.784	1.06e-16	73.6
Laticauda_colubrina_C9B	region	583	44	354	397	4412	4540	61.364	5.36e-10	52.0
Laticauda_colubrina_C9B	region	583	24	75	98	11258	11187	29.167	0.18	24.3
Pseudonaja_textilis_C9B	region	583	80	453	532	9179	9418	82.500	6.03e-39	143
Pseudonaja_textilis_C9B	region	583	94	274	367	2523	2795	68.085	1.20e-38	142
Pseudonaja_textilis_C9B	region	583	66	403	468	7794	7991	66.667	8.56e-23	93.2
Pseudonaja_textilis_C9B	region	583	48	536	583	10338	10481	58.333	7.39e-15	67.8
Pseudonaja_textilis_C9B	region	583	17	354	370	4412	4462	64.706	0.006	28.9
Pseudonaja_textilis_C9B	region	583	24	75	98	11258	11187	29.167	0.32	23.1
Notechis_scutatus_C9B	region	583	82	451	532	9173	9418	82.927	6.18e-40	146
Notechis_scutatus_C9B	region	583	94	274	367	2523	2795	65.957	2.13e-37	139
Notechis_scutatus_C9B	region	583	69	400	468	7785	7991	60.870	8.27e-23	93.2
Notechis_scutatus_C9B	region	583	49	535	583	10335	10481	63.265	5.14e-17	74.7
Notechis_scutatus_C9B	region	583	15	354	368	4412	4456	73.333	0.006	28.9
Notechis_scutatus_C9B	region	583	24	75	98	11258	11187	29.167	0.33	23.1
Pituophis_catenifer_C9B	region	583	94	274	367	2523	2795	80.851	6.21e-44	158
Pituophis_catenifer_C9B	region	583	77	456	532	9188	9418	83.117	5.56e-39	143
Pituophis_catenifer_C9B	region	583	72	397	468	7776	7991	77.778	1.25e-28	111
Pituophis_catenifer_C9B	region	583	51	533	583	10329	10481	84.314	6.55e-25	100
Pituophis_catenifer_C9B	region	583	16	355	370	4415	4462	68.750	0.034	26.6
Pituophis_catenifer_C9B	region	583	15	558	572	3211	3167	60.000	0.70	22.3
Pantherophis_obsoletus_C9B	region	583	77	456	532	9188	9418	90.909	1.26e-42	154
Pantherophis_obsoletus_C9B	region	583	92	276	367	2529	2795	71.739	4.20e-39	144
Pantherophis_obsoletus_C9B	region	583	72	397	468	7776	7991	77.778	1.23e-28	111
Pantherophis_obsoletus_C9B	region	583	56	528	583	10314	10481	78.571	9.01e-26	102
Pantherophis_obsoletus_C9B	region	583	17	354	370	4412	4462	70.588	0.003	30.0
Pantherophis_obsoletus_C9B	region	583	15	558	572	3211	3167	60.000	0.73	21.9
Crotalus_tigris_C9B	region	583	94	274	367	2523	2795	75.532	1.86e-41	151
Crotalus_tigris_C9B	region	583	80	453	532	9179	9418	85.000	1.17e-40	149
Crotalus_tigris_C9B	region	583	73	396	468	7773	7991	72.603	2.54e-27	107
Crotalus_tigris_C9B	region	583	51	533	583	10329	10481	82.353	4.16e-25	100
Crotalus_tigris_C9B	region	583	42	355	396	4415	4537	52.381	1.81e-06	40.4
Ptyas_mucosa_C9B	region	583	94	274	367	2523	2795	81.915	1.30e-44	160
Ptyas_mucosa_C9B	region	583	77	456	532	9188	9418	89.610	1.61e-41	151
Ptyas_mucosa_C9B	region	583	56	528	583	10314	10481	85.714	4.19e-28	110
Ptyas_mucosa_C9B	region	583	72	397	468	7776	7991	75.000	1.39e-26	105
Ptyas_mucosa_C9B	region	583	35	355	389	4415	4516	57.143	5.27e-05	35.8
Ptyas_mucosa_C9B	region	583	15	558	572	3211	3167	60.000	0.68	22.3
