# Zootoca_vivipara DAB2/FYB1 anchors on NC_083286.1:43990976-48006511 (sstart/send relative to region; add 43990975)
Anolis_carolinensis_DAB2	1985296	1985949	316
Anolis_carolinensis_DAB2	1988772	1989293	215
Anolis_carolinensis_DAB2	1978106	1978261	107
Anolis_carolinensis_DAB2	1975463	1975603	96.3
Anolis_carolinensis_DAB2	1976533	1976673	75.1
Anolis_carolinensis_DAB2	1986783	1986998	61.2
Anolis_carolinensis_DAB2	1980001	1980084	51.6
Anolis_carolinensis_FYB1	2038923	2040053	362
Anolis_carolinensis_FYB1	2059465	2059617	105
Anolis_carolinensis_FYB1	2072630	2072830	97.1
Anolis_carolinensis_FYB1	2059991	2060143	80.1
Anolis_carolinensis_FYB1	2068264	2068332	47.8
Thamnophis_elegans_DAB2	1985296	1985949	304
Thamnophis_elegans_DAB2	1988772	1989293	194
Thamnophis_elegans_DAB2	1978106	1978261	105
Thamnophis_elegans_DAB2	1975469	1975603	94.0
Thamnophis_elegans_DAB2	1976533	1976673	75.9
Thamnophis_elegans_DAB2	1980001	1980084	53.9
Thamnophis_elegans_DAB2	1986849	1986998	50.8
Thamnophis_elegans_DAB2	1982799	1982888	46.6
Thamnophis_elegans_FYB1	2038923	2040050	267
Thamnophis_elegans_FYB1	2072630	2072836	100
Thamnophis_elegans_FYB1	2059465	2059629	92.4
Thamnophis_elegans_FYB1	2060003	2060143	82.0
Thamnophis_elegans_FYB1	2065760	2065900	56.6
