Lacerta_agilis_C9A	CM059600.1	589	77	458	534	329427708	329427938	71.429	2.43e-29	129
Lacerta_agilis_C9A	CM059600.1	589	80	277	356	329421639	329421878	67.500	5.17e-28	125
Lacerta_agilis_C9A	CM059600.1	589	47	155	201	329416125	329416265	80.851	3.53e-17	91.7
Lacerta_agilis_C9A	CM059600.1	589	58	398	455	329425886	329426059	58.621	4.93e-13	78.2
Lacerta_agilis_C9A	CM059600.1	589	54	101	154	329413321	329413482	66.667	5.58e-12	75.1
Lacerta_agilis_C9A	CM059600.1	589	86	192	275	329419525	329419782	45.349	1.44e-11	73.6
Lacerta_agilis_C9A	CM059600.1	589	52	55	106	329410835	329410990	57.692	1.11e-10	70.9
Lacerta_agilis_C9A	CM059600.1	589	60	470	529	328476131	328475952	50.000	2.05e-09	66.6
Lacerta_agilis_C9A	CM059604.1	589	224	299	517	11277675	11277046	26.786	3.73e-11	72.4
Lacerta_agilis_C9A	CM059604.1	589	214	280	493	9110624	9111220	21.028	1.05e-07	60.8
Lacerta_agilis_C9A	CM059602.1	589	47	536	581	83851580	83851440	55.319	5.79e-07	58.5
Lacerta_agilis_C9A	CM059602.1	589	81	279	359	83809537	83809779	32.099	1.61e-06	57.0
Lacerta_agilis_C9A	CM059602.1	589	67	461	526	83828796	83828996	37.313	2.11e-06	56.6
Zootoca_vivipara_C9A	CM059600.1	589	140	397	534	329427519	329427938	46.429	5.07e-29	129
Zootoca_vivipara_C9A	CM059600.1	589	98	259	356	329421585	329421878	60.204	1.19e-28	127
Zootoca_vivipara_C9A	CM059600.1	589	47	155	201	329416125	329416265	80.851	4.13e-17	91.3
Zootoca_vivipara_C9A	CM059600.1	589	57	399	455	329425889	329426059	59.649	9.62e-13	77.4
Zootoca_vivipara_C9A	CM059600.1	589	54	101	154	329413321	329413482	64.815	8.48e-12	74.3
Zootoca_vivipara_C9A	CM059600.1	589	52	55	106	329410835	329410990	59.615	2.37e-11	72.8
Zootoca_vivipara_C9A	CM059600.1	589	60	470	529	328476131	328475952	48.333	4.69e-09	65.5
Zootoca_vivipara_C9A	CM059600.1	589	86	192	275	329419525	329419782	39.535	3.34e-08	62.8
Zootoca_vivipara_C9A	CM059604.1	589	224	299	517	11277675	11277046	26.339	1.21e-09	67.4
Zootoca_vivipara_C9A	CM059604.1	589	217	280	493	9110624	9111220	21.659	8.97e-08	61.2
Zootoca_vivipara_C9A	CM059602.1	589	43	540	581	83851568	83851440	62.791	4.80e-07	58.9
Zootoca_vivipara_C9A	CM059602.1	589	67	461	526	83828796	83828996	38.806	9.81e-07	57.8
Zootoca_vivipara_C9A	CM059602.1	589	81	279	359	83809537	83809779	32.099	3.29e-06	56.2
Podarcis_muralis_C9A	CM059600.1	589	80	277	356	329421639	329421878	70.000	4.28e-29	129
Podarcis_muralis_C9A	CM059600.1	589	77	458	534	329427708	329427938	70.130	1.66e-28	127
Podarcis_muralis_C9A	CM059600.1	589	47	155	201	329416125	329416265	80.851	3.75e-17	91.7
Podarcis_muralis_C9A	CM059600.1	589	54	101	154	329413321	329413482	66.667	5.34e-12	75.1
Podarcis_muralis_C9A	CM059600.1	589	58	398	455	329425886	329426059	58.621	7.33e-12	74.7
Podarcis_muralis_C9A	CM059600.1	589	52	55	106	329410835	329410990	59.615	5.92e-11	71.6
Podarcis_muralis_C9A	CM059600.1	589	86	192	275	329419525	329419782	43.023	8.30e-10	67.8
Podarcis_muralis_C9A	CM059600.1	589	60	470	529	328476131	328475952	46.667	2.79e-09	66.2
Podarcis_muralis_C9A	CM059604.1	589	223	299	516	11277675	11277049	25.112	1.41e-08	63.9
Podarcis_muralis_C9A	CM059604.1	589	217	280	493	9110624	9111220	21.659	8.37e-08	61.2
Podarcis_muralis_C9A	CM059602.1	589	52	531	581	83851595	83851440	53.846	2.47e-07	59.7
Podarcis_muralis_C9A	CM059602.1	589	67	461	526	83828796	83828996	38.806	7.54e-07	58.2
Podarcis_muralis_C9A	CM059602.1	589	111	261	359	83809447	83809779	29.730	7.89e-06	55.1
Anolis_carolinensis_C9A	CM059600.1	591	82	277	358	329421633	329421878	82.927	3.67e-37	154
Anolis_carolinensis_C9A	CM059600.1	591	75	463	537	329427717	329427941	77.333	6.13e-31	134
Anolis_carolinensis_C9A	CM059600.1	591	47	156	202	329416125	329416265	89.362	4.48e-19	97.8
Anolis_carolinensis_C9A	CM059600.1	591	52	56	107	329410835	329410990	82.692	5.95e-18	94.0
Anolis_carolinensis_C9A	CM059600.1	591	86	193	277	329419525	329419782	55.814	9.32e-17	90.5
Anolis_carolinensis_C9A	CM059600.1	591	50	106	155	329413333	329413482	84.000	1.03e-16	90.1
Anolis_carolinensis_C9A	CM059600.1	591	64	402	465	329425892	329426083	62.500	4.44e-15	85.1
Anolis_carolinensis_C9A	CM059600.1	591	58	534	591	329429395	329429568	63.793	9.74e-10	67.8
Anolis_carolinensis_C9A	CM059600.1	591	68	461	528	328476161	328475961	38.235	1.48e-08	63.9
Anolis_carolinensis_C9A	CM059600.1	591	32	26	57	329405027	329405122	75.000	2.44e-07	59.7
Anolis_carolinensis_C9A	CM059600.1	591	46	542	587	328473556	328473419	54.348	4.40e-07	58.9
Anolis_carolinensis_C9A	CM059600.1	591	93	281	373	328430228	328430506	32.258	5.58e-07	58.5
Anolis_carolinensis_C9A	CM059600.1	591	81	281	361	328375697	328375939	34.568	1.42e-06	57.4
Anolis_carolinensis_C9A	CM059604.1	591	196	301	492	11277675	11277130	28.061	5.64e-10	68.6
Anolis_carolinensis_C9A	CM059602.1	591	79	452	529	83828763	83828999	36.709	2.10e-08	63.2
Anolis_carolinensis_C9A	CM059602.1	591	82	281	362	83809537	83809782	34.146	5.68e-07	58.5
Anolis_carolinensis_C9A	CM059602.1	591	79	281	359	83873540	83873304	32.911	7.45e-07	58.2
Anolis_carolinensis_C9A	CM059602.1	591	46	542	587	83831854	83831991	52.174	1.14e-06	57.8
Anolis_carolinensis_C9A	CM059602.1	591	50	534	583	83851592	83851443	50.000	3.22e-06	56.2
Pogona_vitticeps_C9A	CM059600.1	576	84	256	339	329421627	329421878	78.571	2.41e-34	145
Pogona_vitticeps_C9A	CM059600.1	576	77	439	515	329427702	329427932	72.727	7.11e-29	128
Pogona_vitticeps_C9A	CM059600.1	576	52	156	207	329416125	329416280	78.846	4.88e-18	94.4
Pogona_vitticeps_C9A	CM059600.1	576	50	106	155	329413333	329413482	82.000	1.62e-16	89.4
Pogona_vitticeps_C9A	CM059600.1	576	52	56	107	329410835	329410990	73.077	1.94e-15	85.9
Pogona_vitticeps_C9A	CM059600.1	576	64	383	446	329425892	329426083	60.938	6.60e-15	84.3
Pogona_vitticeps_C9A	CM059600.1	576	68	443	510	328476158	328475958	42.647	1.11e-08	64.3
Pogona_vitticeps_C9A	CM059600.1	576	43	520	561	328385957	328386085	62.791	6.56e-08	61.6
Pogona_vitticeps_C9A	CM059600.1	576	53	524	576	329429413	329429571	62.264	7.32e-07	58.2
Pogona_vitticeps_C9A	CM059600.1	576	68	2	69	329404967	329405158	45.588	1.00e-06	57.8
Pogona_vitticeps_C9A	CM059600.1	576	101	240	340	328430186	328430464	27.723	2.67e-06	56.2
Pogona_vitticeps_C9A	CM059600.1	576	48	526	573	328473556	328473413	52.083	6.42e-06	55.1
Pogona_vitticeps_C9A	CM059600.1	576	78	262	339	328375697	328375930	35.897	9.83e-06	54.7
Pogona_vitticeps_C9A	CM059604.1	576	225	282	499	11277675	11277049	27.111	2.68e-11	72.8
Pogona_vitticeps_C9A	CM059604.1	576	224	283	501	9099602	9100216	25.000	1.94e-07	60.1
Pogona_vitticeps_C9A	CM059604.1	576	181	283	463	9110684	9111193	25.414	1.78e-06	57.0
Pogona_vitticeps_C9A	CM059602.1	576	45	523	567	83851577	83851443	66.667	7.71e-09	64.7
Pogona_vitticeps_C9A	CM059602.1	576	148	252	386	83873570	83873160	26.351	4.51e-08	62.0
Pogona_vitticeps_C9A	CM059602.1	576	78	433	509	83828763	83828996	35.897	6.45e-08	61.6
Pogona_vitticeps_C9A	CM059602.1	576	52	520	571	83831836	83831991	51.923	1.11e-07	60.8
Pogona_vitticeps_C9A	CM059602.1	576	88	253	340	83809510	83809773	32.955	7.08e-07	58.2
Gekko_japonicus_C9A	CM059600.1	582	94	291	383	329421633	329421914	56.383	2.23e-24	114
Gekko_japonicus_C9A	CM059600.1	582	129	455	578	329427711	329428091	46.512	3.62e-23	110
Gekko_japonicus_C9A	CM059600.1	582	47	173	219	329416125	329416265	70.213	1.90e-13	79.7
Gekko_japonicus_C9A	CM059600.1	582	54	69	122	329410835	329410987	62.963	2.03e-10	69.7
Gekko_japonicus_C9A	CM059600.1	582	67	457	523	328476155	328475958	46.269	3.79e-10	68.9
Gekko_japonicus_C9A	CM059600.1	582	46	536	581	328473556	328473419	54.348	1.99e-07	60.1
Gekko_japonicus_C9A	CM059600.1	582	84	122	198	329413333	329413581	44.048	2.04e-07	60.1
Gekko_japonicus_C9A	CM059600.1	582	83	291	373	328430216	328430464	28.916	4.42e-06	55.8
Gekko_japonicus_C9A	CM059600.1	582	81	295	375	328375697	328375939	32.099	4.77e-06	55.5
Gekko_japonicus_C9A	CM059600.1	582	66	457	522	328435607	328435801	40.909	6.05e-06	55.5
Gekko_japonicus_C9A	CM059602.1	582	125	259	375	83809405	83809779	28.000	3.21e-08	62.8
Gekko_japonicus_C9A	CM059602.1	582	67	457	522	83828796	83828996	35.821	2.74e-06	56.2
Gekko_japonicus_C9A	CM059604.1	582	211	316	512	9110684	9111292	21.801	6.05e-06	55.5
Crotalus_tigris_C9A	CM059600.1	583	74	459	532	329427717	329427938	66.216	1.47e-25	118
Crotalus_tigris_C9A	CM059600.1	583	108	244	351	329421585	329421869	51.852	1.28e-23	112
Crotalus_tigris_C9A	CM059600.1	583	53	157	209	329416125	329416283	64.151	1.70e-14	83.2
Crotalus_tigris_C9A	CM059600.1	583	61	401	461	329425901	329426083	57.377	2.89e-12	75.9
Crotalus_tigris_C9A	CM059600.1	583	78	107	177	329413333	329413566	48.718	4.11e-11	72.0
Crotalus_tigris_C9A	CM059600.1	583	69	457	525	328476161	328475958	39.130	1.02e-07	61.2
Crotalus_tigris_C9A	CM059600.1	583	52	56	107	329410835	329410987	53.846	1.11e-07	60.8
Crotalus_tigris_C9A	CM059604.1	583	228	294	514	11277684	11277049	27.193	1.08e-10	70.9
Crotalus_tigris_C9A	CM059604.1	583	208	271	478	9110603	9111193	22.596	7.86e-07	58.2
Crotalus_tigris_C9A	CM059602.1	583	47	537	583	83831851	83831991	55.319	8.16e-08	61.2
Crotalus_tigris_C9A	CM059602.1	583	70	456	524	83828787	83828996	40.000	7.16e-07	58.2
Crotalus_tigris_C9A	CM059602.1	583	131	468	583	125130652	125130311	31.298	1.40e-06	57.4
Crotalus_tigris_C9A	CM059602.1	583	74	277	350	83809537	83809758	35.135	2.50e-06	56.6
Thamnophis_elegans_C9A	CM059600.1	583	95	276	369	329421642	329421926	61.053	8.80e-27	122
Thamnophis_elegans_C9A	CM059600.1	583	73	460	532	329427720	329427938	71.233	6.56e-26	119
Thamnophis_elegans_C9A	CM059600.1	583	47	157	203	329416125	329416265	68.085	1.50e-13	80.1
Thamnophis_elegans_C9A	CM059600.1	583	61	401	461	329425901	329426083	57.377	8.81e-12	74.3
Thamnophis_elegans_C9A	CM059600.1	583	50	107	156	329413333	329413482	60.000	9.27e-09	64.3
Thamnophis_elegans_C9A	CM059600.1	583	52	56	107	329410835	329410987	55.769	2.37e-08	63.2
Thamnophis_elegans_C9A	CM059600.1	583	55	529	583	329429392	329429556	56.364	1.03e-07	61.2
Thamnophis_elegans_C9A	CM059600.1	583	45	530	573	328385951	328386085	57.778	2.23e-07	60.1
Thamnophis_elegans_C9A	CM059600.1	583	69	457	525	328476161	328475958	40.580	1.91e-06	57.0
Thamnophis_elegans_C9A	CM059602.1	583	47	537	583	83831851	83831991	55.319	1.14e-08	64.3
Thamnophis_elegans_C9A	CM059602.1	583	50	530	579	83851592	83851443	50.000	2.19e-07	60.1
Thamnophis_elegans_C9A	CM059604.1	583	225	297	514	11277675	11277049	27.111	1.00e-07	61.2
Naja_naja_C9A	CM059600.1	582	74	458	531	329427717	329427938	71.622	7.16e-27	122
Naja_naja_C9A	CM059600.1	582	78	276	353	329421642	329421875	61.538	5.54e-24	113
Naja_naja_C9A	CM059600.1	582	47	157	203	329416125	329416265	68.085	4.29e-13	78.6
Naja_naja_C9A	CM059600.1	582	61	400	460	329425901	329426083	52.459	1.67e-10	70.1
Naja_naja_C9A	CM059600.1	582	78	107	177	329413333	329413566	50.000	9.87e-10	67.8
Naja_naja_C9A	CM059600.1	582	69	456	524	328476161	328475958	39.130	1.17e-08	63.9
Naja_naja_C9A	CM059600.1	582	52	56	107	329410835	329410987	51.923	1.95e-06	57.0
Naja_naja_C9A	CM059600.1	582	71	273	343	328430216	328430428	36.620	9.74e-06	54.7
Naja_naja_C9A	CM059604.1	582	220	271	490	9110603	9111220	22.727	9.16e-08	61.2
Naja_naja_C9A	CM059604.1	582	177	298	474	9099602	9100102	23.729	5.58e-07	58.5
Naja_naja_C9A	CM059604.1	582	226	297	513	11277675	11277049	23.451	3.33e-06	56.2
Naja_naja_C9A	CM059602.1	582	70	455	523	83828787	83828996	40.000	5.04e-07	58.9
Naja_naja_C9A	CM059602.1	582	47	536	582	83831851	83831991	51.064	6.73e-07	58.5
Naja_naja_C9A	CM059602.1	582	74	277	350	83809537	83809758	36.486	3.11e-06	56.2
Naja_naja_C9A	CM059602.1	582	74	277	350	83873540	83873319	35.135	3.99e-06	55.8
Pseudonaja_textilis_C9A	CM059600.1	583	74	459	532	329427717	329427938	71.622	1.12e-26	121
Pseudonaja_textilis_C9A	CM059600.1	583	78	276	353	329421642	329421875	60.256	2.48e-23	111
Pseudonaja_textilis_C9A	CM059600.1	583	47	157	203	329416125	329416265	68.085	4.42e-13	78.6
Pseudonaja_textilis_C9A	CM059600.1	583	61	401	461	329425901	329426083	50.820	1.34e-10	70.5
Pseudonaja_textilis_C9A	CM059600.1	583	78	107	177	329413333	329413566	50.000	4.97e-09	65.5
Pseudonaja_textilis_C9A	CM059600.1	583	71	457	527	328476161	328475952	39.437	9.35e-09	64.3
Pseudonaja_textilis_C9A	CM059600.1	583	94	9	91	329404943	329405191	36.170	1.23e-06	57.4
Pseudonaja_textilis_C9A	CM059600.1	583	86	194	273	329419525	329419782	36.047	8.10e-06	54.7
Pseudonaja_textilis_C9A	CM059600.1	583	47	537	583	328473559	328473419	53.191	8.67e-06	54.7
Pseudonaja_textilis_C9A	CM059604.1	583	221	271	491	9110603	9111220	23.077	1.55e-08	63.5
Pseudonaja_textilis_C9A	CM059604.1	583	226	298	514	9099602	9100210	23.451	1.51e-07	60.5
Pseudonaja_textilis_C9A	CM059604.1	583	227	297	514	11277675	11277049	25.551	9.48e-07	57.8
Pseudonaja_textilis_C9A	CM059602.1	583	47	537	583	83831851	83831991	51.064	9.65e-07	57.8
Pseudonaja_textilis_C9A	CM059602.1	583	70	456	524	83828787	83828996	38.571	2.06e-06	57.0
Pseudonaja_textilis_C9A	CM059602.1	583	74	277	350	83809537	83809758	35.135	3.49e-06	56.2
Pseudonaja_textilis_C9A	CM059602.1	583	74	277	350	83873540	83873319	33.784	4.78e-06	55.5
Python_bivittatus_C9A	CM059600.1	582	84	454	537	329427702	329427953	64.286	2.16e-26	120
Python_bivittatus_C9A	CM059600.1	582	79	276	354	329421642	329421878	63.291	4.89e-24	113
Python_bivittatus_C9A	CM059600.1	582	47	157	203	329416125	329416265	63.830	6.25e-13	77.8
Python_bivittatus_C9A	CM059600.1	582	57	401	457	329425901	329426071	52.632	1.36e-09	67.0
Python_bivittatus_C9A	CM059600.1	582	69	457	525	328476161	328475958	42.029	5.78e-09	65.1
Python_bivittatus_C9A	CM059600.1	582	78	107	177	329413333	329413566	48.718	4.75e-08	62.0
Python_bivittatus_C9A	CM059600.1	582	85	194	272	329419525	329419779	36.471	2.85e-07	59.7
Python_bivittatus_C9A	CM059600.1	582	53	55	107	329410832	329410987	52.830	5.82e-07	58.5
Python_bivittatus_C9A	CM059600.1	582	47	536	582	328473559	328473419	55.319	5.95e-06	55.5
Python_bivittatus_C9A	CM059604.1	582	224	297	514	11277675	11277049	26.339	8.53e-10	67.8
Python_bivittatus_C9A	CM059604.1	582	224	298	514	9110684	9111292	25.893	1.73e-06	57.0
Python_bivittatus_C9A	CM059602.1	582	52	531	582	83831836	83831991	51.923	1.56e-09	67.0
Python_bivittatus_C9A	CM059602.1	582	49	530	578	83851589	83851443	59.184	1.11e-07	60.8
Python_bivittatus_C9A	CM059602.1	582	70	456	524	83828787	83828996	41.429	1.78e-07	60.1
Python_bivittatus_C9A	CM059602.1	582	79	277	355	83809537	83809773	32.911	1.70e-06	57.0
Python_bivittatus_C9A	CM059602.1	582	81	277	357	83873540	83873298	32.099	4.77e-06	55.5
Python_bivittatus_C9A	CM059602.1	582	82	508	582	125130532	125130311	36.585	9.02e-06	54.7
Notechis_scutatus_C9A	CM059600.1	583	74	459	532	329427717	329427938	68.919	1.55e-25	118
Notechis_scutatus_C9A	CM059600.1	583	78	276	353	329421642	329421875	60.256	2.71e-23	110
Notechis_scutatus_C9A	CM059600.1	583	47	157	203	329416125	329416265	68.085	4.20e-13	78.6
Notechis_scutatus_C9A	CM059600.1	583	67	395	461	329425892	329426083	52.239	4.68e-11	72.0
Notechis_scutatus_C9A	CM059600.1	583	78	107	177	329413333	329413566	48.718	2.19e-09	66.6
Notechis_scutatus_C9A	CM059600.1	583	71	457	527	328476161	328475952	39.437	1.52e-08	63.9
Notechis_scutatus_C9A	CM059600.1	583	72	9	69	329404943	329405158	40.278	8.56e-07	58.2
Notechis_scutatus_C9A	CM059600.1	583	52	56	107	329410835	329410987	50.000	7.01e-06	55.1
Notechis_scutatus_C9A	CM059600.1	583	47	537	583	328473559	328473419	53.191	8.97e-06	54.7
Notechis_scutatus_C9A	CM059604.1	583	221	271	491	9110603	9111220	22.172	2.25e-08	63.2
Notechis_scutatus_C9A	CM059604.1	583	226	298	514	9099602	9100210	23.894	9.19e-08	61.2
Notechis_scutatus_C9A	CM059604.1	583	222	297	514	11277675	11277049	23.423	6.92e-07	58.5
Notechis_scutatus_C9A	CM059602.1	583	47	537	583	83831851	83831991	51.064	9.73e-07	57.8
Notechis_scutatus_C9A	CM059602.1	583	74	277	350	83809537	83809758	35.135	3.34e-06	56.2
Notechis_scutatus_C9A	CM059602.1	583	70	456	524	83828787	83828996	37.143	4.74e-06	55.5
Notechis_scutatus_C9A	CM059602.1	583	74	277	350	83873540	83873319	33.784	5.16e-06	55.5
Hydrophis_cyanocinctus_C9A	CM059600.1	583	74	459	532	329427717	329427938	68.919	1.51e-25	118
Hydrophis_cyanocinctus_C9A	CM059600.1	583	78	276	353	329421642	329421875	60.256	1.65e-23	111
Hydrophis_cyanocinctus_C9A	CM059600.1	583	47	157	203	329416125	329416265	70.213	1.69e-13	79.7
Hydrophis_cyanocinctus_C9A	CM059600.1	583	67	395	461	329425892	329426083	52.239	3.10e-11	72.4
Hydrophis_cyanocinctus_C9A	CM059600.1	583	78	107	177	329413333	329413566	48.718	2.15e-09	66.6
Hydrophis_cyanocinctus_C9A	CM059600.1	583	71	457	527	328476161	328475952	39.437	1.66e-08	63.5
Hydrophis_cyanocinctus_C9A	CM059600.1	583	45	25	69	329405024	329405158	53.333	2.18e-06	56.6
Hydrophis_cyanocinctus_C9A	CM059600.1	583	52	56	107	329410835	329410987	50.000	7.38e-06	55.1
Hydrophis_cyanocinctus_C9A	CM059600.1	583	47	537	583	328473559	328473419	53.191	8.60e-06	54.7
Hydrophis_cyanocinctus_C9A	CM059604.1	583	221	271	491	9110603	9111220	23.077	1.30e-08	63.9
Hydrophis_cyanocinctus_C9A	CM059604.1	583	222	298	514	9099602	9100210	23.874	9.84e-08	61.2
Hydrophis_cyanocinctus_C9A	CM059604.1	583	222	297	514	11277675	11277049	23.423	1.98e-07	60.1
Hydrophis_cyanocinctus_C9A	CM059602.1	583	47	537	583	83831851	83831991	51.064	9.73e-07	57.8
Hydrophis_cyanocinctus_C9A	CM059602.1	583	77	274	350	83809528	83809758	35.065	3.29e-06	56.2
Hydrophis_cyanocinctus_C9A	CM059602.1	583	70	456	524	83828787	83828996	37.143	3.86e-06	55.8
Hydrophis_cyanocinctus_C9A	CM059602.1	583	74	277	350	83873540	83873319	33.784	4.86e-06	55.5
Laticauda_colubrina_C9A	CM059600.1	583	74	459	532	329427717	329427938	70.270	8.34e-26	119
Laticauda_colubrina_C9A	CM059600.1	583	78	276	353	329421642	329421875	60.256	1.51e-23	111
Laticauda_colubrina_C9A	CM059600.1	583	47	157	203	329416125	329416265	68.085	4.94e-13	78.2
Laticauda_colubrina_C9A	CM059600.1	583	61	401	461	329425901	329426083	54.098	5.65e-11	71.6
Laticauda_colubrina_C9A	CM059600.1	583	78	107	177	329413333	329413566	50.000	5.14e-09	65.1
Laticauda_colubrina_C9A	CM059600.1	583	71	457	527	328476161	328475952	39.437	8.09e-09	64.7
Laticauda_colubrina_C9A	CM059600.1	583	45	25	69	329405024	329405158	53.333	3.77e-06	55.8
Laticauda_colubrina_C9A	CM059600.1	583	47	537	583	328473559	328473419	53.191	8.82e-06	54.7
Laticauda_colubrina_C9A	CM059604.1	583	221	271	491	9110603	9111220	22.624	4.30e-08	62.4
Laticauda_colubrina_C9A	CM059604.1	583	222	297	514	11277675	11277049	22.973	3.77e-06	55.8
Laticauda_colubrina_C9A	CM059604.1	583	226	298	514	9099602	9100210	21.681	9.05e-06	54.7
Laticauda_colubrina_C9A	CM059602.1	583	47	537	583	83831851	83831991	51.064	1.02e-06	57.8
Laticauda_colubrina_C9A	CM059602.1	583	70	456	524	83828787	83828996	38.571	2.08e-06	56.6
Laticauda_colubrina_C9A	CM059602.1	583	74	277	350	83809537	83809758	35.135	3.49e-06	56.2
Laticauda_colubrina_C9A	CM059602.1	583	74	277	350	83873540	83873319	33.784	4.54e-06	55.8
Protobothrops_mucrosquamatus_C9A	CM059600.1	583	74	459	532	329427717	329427938	72.973	1.63e-27	124
Protobothrops_mucrosquamatus_C9A	CM059600.1	583	79	276	354	329421642	329421878	67.089	6.98e-27	122
Protobothrops_mucrosquamatus_C9A	CM059600.1	583	47	157	203	329416125	329416265	68.085	2.95e-14	82.4
Protobothrops_mucrosquamatus_C9A	CM059600.1	583	58	404	461	329425910	329426083	55.172	8.51e-11	70.9
Protobothrops_mucrosquamatus_C9A	CM059600.1	583	69	457	525	328476161	328475958	44.928	1.18e-09	67.4
Protobothrops_mucrosquamatus_C9A	CM059600.1	583	78	107	177	329413333	329413566	47.436	1.73e-08	63.5
Protobothrops_mucrosquamatus_C9A	CM059600.1	583	47	537	583	328473559	328473419	55.319	1.50e-06	57.4
Protobothrops_mucrosquamatus_C9A	CM059600.1	583	46	529	573	328385948	328386085	58.696	1.54e-06	57.4
Protobothrops_mucrosquamatus_C9A	CM059600.1	583	90	271	358	328430216	328430479	34.444	1.65e-06	57.0
Protobothrops_mucrosquamatus_C9A	CM059600.1	583	52	56	107	329410835	329410987	48.077	2.15e-06	56.6
Protobothrops_mucrosquamatus_C9A	CM059600.1	583	81	274	354	328375688	328375930	33.333	2.61e-06	56.6
Protobothrops_mucrosquamatus_C9A	CM059600.1	583	85	194	272	329419525	329419779	35.294	3.52e-06	56.2
Protobothrops_mucrosquamatus_C9A	CM059600.1	583	54	530	583	329429395	329429556	55.556	4.86e-06	55.5
Protobothrops_mucrosquamatus_C9A	CM059604.1	583	229	297	514	11277675	11277049	27.074	4.14e-10	68.9
Protobothrops_mucrosquamatus_C9A	CM059602.1	583	47	537	583	83831851	83831991	55.319	1.49e-08	63.9
Protobothrops_mucrosquamatus_C9A	CM059602.1	583	50	530	579	83851592	83851443	56.000	3.48e-08	62.4
Protobothrops_mucrosquamatus_C9A	CM059602.1	583	70	456	524	83828787	83828996	40.000	2.33e-07	60.1
Protobothrops_mucrosquamatus_C9A	CM059602.1	583	82	277	358	83873540	83873295	31.707	3.91e-07	59.3
Protobothrops_mucrosquamatus_C9A	CM059602.1	583	79	277	355	83809537	83809773	31.646	1.15e-06	57.8
Chrysopelea_ornata_C9A	CM059600.1	584	74	460	533	329427717	329427938	70.270	2.87e-26	120
Chrysopelea_ornata_C9A	CM059600.1	584	97	274	369	329421636	329421926	58.763	6.06e-26	119
Chrysopelea_ornata_C9A	CM059600.1	584	47	157	203	329416125	329416265	72.340	1.03e-14	83.6
Chrysopelea_ornata_C9A	CM059600.1	584	61	402	462	329425901	329426083	54.098	9.47e-12	74.3
Chrysopelea_ornata_C9A	CM059600.1	584	69	458	526	328476161	328475958	43.478	1.55e-09	67.0
Chrysopelea_ornata_C9A	CM059600.1	584	78	107	177	329413333	329413566	50.000	3.86e-09	65.9
Chrysopelea_ornata_C9A	CM059600.1	584	85	194	272	329419525	329419779	36.471	2.63e-07	59.7
Chrysopelea_ornata_C9A	CM059600.1	584	108	277	382	328430228	328430527	33.333	4.73e-07	58.9
Chrysopelea_ornata_C9A	CM059600.1	584	53	55	107	329410832	329410987	49.057	6.68e-06	55.1
Chrysopelea_ornata_C9A	CM059600.1	584	47	538	584	328473559	328473419	53.191	9.88e-06	54.7
Chrysopelea_ornata_C9A	CM059602.1	584	50	531	580	83851592	83851443	56.000	2.57e-08	63.2
Chrysopelea_ornata_C9A	CM059602.1	584	81	277	357	83809537	83809779	33.333	1.73e-07	60.5
Chrysopelea_ornata_C9A	CM059602.1	584	47	538	584	83831851	83831991	48.936	1.46e-06	57.4
Chrysopelea_ornata_C9A	CM059602.1	584	70	457	525	83828787	83828996	38.571	4.29e-06	55.8
Chrysopelea_ornata_C9A	CM059604.1	584	233	297	515	11277675	11277049	26.609	6.72e-08	61.6
Pituophis_catenifer_C9A	CM059600.1	583	74	459	532	329427717	329427938	72.973	1.37e-27	124
Pituophis_catenifer_C9A	CM059600.1	583	94	277	369	329421645	329421926	57.447	2.25e-24	114
Pituophis_catenifer_C9A	CM059600.1	583	66	396	461	329425886	329426083	54.545	8.93e-13	77.4
Pituophis_catenifer_C9A	CM059600.1	583	47	157	203	329416125	329416265	61.702	4.25e-12	75.1
Pituophis_catenifer_C9A	CM059600.1	583	78	107	177	329413333	329413566	48.718	1.51e-08	63.9
Pituophis_catenifer_C9A	CM059600.1	583	69	457	525	328476161	328475958	40.580	2.49e-07	59.7
Pituophis_catenifer_C9A	CM059600.1	583	52	56	107	329410835	329410987	53.846	8.28e-07	58.2
Pituophis_catenifer_C9A	CM059600.1	583	90	194	276	329419525	329419794	36.667	1.40e-06	57.4
Pituophis_catenifer_C9A	CM059600.1	583	46	529	573	328385948	328386085	54.348	1.43e-06	57.4
Pituophis_catenifer_C9A	CM059600.1	583	47	537	583	328473559	328473419	53.191	2.61e-06	56.6
Pituophis_catenifer_C9A	CM059604.1	583	227	297	516	11277675	11277043	29.075	2.54e-12	75.9
Pituophis_catenifer_C9A	CM059602.1	583	47	537	583	83831851	83831991	53.191	1.03e-07	61.2
Pituophis_catenifer_C9A	CM059602.1	583	51	530	580	83851592	83851440	52.941	1.61e-07	60.5
Pituophis_catenifer_C9A	CM059602.1	583	70	456	524	83828787	83828996	40.000	4.72e-07	58.9
Pituophis_catenifer_C9A	CM059602.1	583	74	277	350	83809537	83809758	36.486	1.25e-06	57.4
Pituophis_catenifer_C9A	CM059602.1	583	78	273	350	83873552	83873319	33.333	3.49e-06	56.2
Pantherophis_obsoletus_C9A	CM059600.1	583	97	274	369	329421636	329421926	59.794	4.72e-28	125
Pantherophis_obsoletus_C9A	CM059600.1	583	74	459	532	329427717	329427938	72.973	1.35e-27	124
Pantherophis_obsoletus_C9A	CM059600.1	583	47	157	203	329416125	329416265	63.830	9.40e-13	77.4
Pantherophis_obsoletus_C9A	CM059600.1	583	61	401	461	329425901	329426083	55.738	4.92e-12	75.1
Pantherophis_obsoletus_C9A	CM059600.1	583	78	107	177	329413333	329413566	48.718	1.34e-08	63.9
Pantherophis_obsoletus_C9A	CM059600.1	583	52	56	107	329410835	329410987	57.692	1.15e-07	60.8
Pantherophis_obsoletus_C9A	CM059600.1	583	69	457	525	328476161	328475958	40.580	2.67e-07	59.7
Pantherophis_obsoletus_C9A	CM059600.1	583	47	537	583	328473559	328473419	53.191	2.66e-06	56.6
Pantherophis_obsoletus_C9A	CM059600.1	583	85	271	355	328430216	328430464	32.941	4.17e-06	55.8
Pantherophis_obsoletus_C9A	CM059600.1	583	46	529	573	328385948	328386085	52.174	4.70e-06	55.5
Pantherophis_obsoletus_C9A	CM059600.1	583	81	274	354	328375688	328375930	33.333	5.12e-06	55.5
Pantherophis_obsoletus_C9A	CM059600.1	583	54	530	583	329429395	329429556	55.556	5.48e-06	55.5
Pantherophis_obsoletus_C9A	CM059604.1	583	227	297	516	11277675	11277043	29.075	3.90e-12	75.5
Pantherophis_obsoletus_C9A	CM059602.1	583	47	537	583	83831851	83831991	53.191	1.00e-07	61.2
Pantherophis_obsoletus_C9A	CM059602.1	583	51	530	580	83851592	83851440	52.941	1.26e-07	60.8
Pantherophis_obsoletus_C9A	CM059602.1	583	79	277	355	83809537	83809773	34.177	2.90e-07	59.7
Pantherophis_obsoletus_C9A	CM059602.1	583	70	456	524	83828787	83828996	40.000	4.88e-07	58.9
Pantherophis_obsoletus_C9A	CM059602.1	583	81	277	357	83873540	83873298	32.099	5.45e-07	58.5
Bothrops_jararaca_C9A	CM059600.1	583	74	459	532	329427717	329427938	71.622	1.02e-26	121
Bothrops_jararaca_C9A	CM059600.1	583	81	274	354	329421636	329421878	64.198	3.40e-26	120
Bothrops_jararaca_C9A	CM059600.1	583	47	157	203	329416125	329416265	68.085	2.61e-14	82.4
Bothrops_jararaca_C9A	CM059600.1	583	61	401	461	329425901	329426083	50.820	1.70e-10	70.1
Bothrops_jararaca_C9A	CM059600.1	583	78	107	177	329413333	329413566	51.282	8.27e-10	67.8
Bothrops_jararaca_C9A	CM059600.1	583	69	457	525	328476161	328475958	42.029	2.05e-08	63.2
Bothrops_jararaca_C9A	CM059600.1	583	52	56	107	329410835	329410987	50.000	5.79e-07	58.5
Bothrops_jararaca_C9A	CM059600.1	583	47	537	583	328473559	328473419	55.319	1.49e-06	57.4
Bothrops_jararaca_C9A	CM059600.1	583	81	274	354	328375688	328375930	33.333	3.52e-06	56.2
Bothrops_jararaca_C9A	CM059600.1	583	79	277	355	328430228	328430464	31.646	4.39e-06	55.8
Bothrops_jararaca_C9A	CM059600.1	583	85	194	272	329419525	329419779	36.471	5.48e-06	55.5
Bothrops_jararaca_C9A	CM059600.1	583	54	530	583	329429395	329429556	53.704	6.33e-06	55.1
Bothrops_jararaca_C9A	CM059600.1	583	72	9	69	329404943	329405158	36.111	7.07e-06	55.1
Bothrops_jararaca_C9A	CM059604.1	583	223	297	514	11277675	11277049	26.457	4.23e-09	65.5
Bothrops_jararaca_C9A	CM059602.1	583	50	530	579	83851592	83851443	56.000	4.19e-08	62.4
Bothrops_jararaca_C9A	CM059602.1	583	47	537	583	83831851	83831991	53.191	5.10e-08	62.0
Bothrops_jararaca_C9A	CM059602.1	583	82	277	358	83873540	83873295	31.707	8.56e-07	58.2
Bothrops_jararaca_C9A	CM059602.1	583	70	456	524	83828787	83828996	38.571	1.78e-06	57.0
Bothrops_jararaca_C9A	CM059602.1	583	82	274	355	83809528	83809773	31.707	2.08e-06	56.6
Ptyas_mucosa_C9A	CM059600.1	583	94	277	369	329421645	329421926	62.766	1.66e-28	127
Ptyas_mucosa_C9A	CM059600.1	583	74	459	532	329427717	329427938	67.568	1.37e-25	118
Ptyas_mucosa_C9A	CM059600.1	583	47	157	203	329416125	329416265	63.830	8.63e-13	77.4
Ptyas_mucosa_C9A	CM059600.1	583	61	401	461	329425901	329426083	52.459	4.84e-11	72.0
Ptyas_mucosa_C9A	CM059600.1	583	78	457	534	328476161	328475937	43.590	2.95e-09	66.2
Ptyas_mucosa_C9A	CM059600.1	583	78	107	177	329413333	329413566	50.000	4.60e-09	65.5
Ptyas_mucosa_C9A	CM059600.1	583	52	56	107	329410835	329410987	57.692	8.09e-08	61.2
Ptyas_mucosa_C9A	CM059600.1	583	47	537	583	328473559	328473419	55.319	1.91e-07	60.1
Ptyas_mucosa_C9A	CM059600.1	583	91	188	272	329419507	329419779	35.165	3.58e-06	55.8
Ptyas_mucosa_C9A	CM059600.1	583	81	274	354	328375688	328375930	33.333	6.22e-06	55.1
Ptyas_mucosa_C9A	CM059604.1	583	226	297	514	11277675	11277049	27.434	1.91e-09	66.6
Ptyas_mucosa_C9A	CM059602.1	583	82	274	355	83809528	83809773	34.146	7.10e-07	58.2
Ptyas_mucosa_C9A	CM059602.1	583	70	456	524	83828787	83828996	38.571	2.01e-06	57.0
Ptyas_mucosa_C9A	CM059602.1	583	50	530	579	83851592	83851443	52.000	2.94e-06	56.2
Ptyas_mucosa_C9A	CM059602.1	583	81	277	357	83873540	83873298	30.864	3.67e-06	55.8
Vipera_berus_C9A	CM059600.1	583	74	459	532	329427717	329427938	71.622	4.55e-27	122
Vipera_berus_C9A	CM059600.1	583	79	276	354	329421642	329421878	68.354	2.54e-26	120
Vipera_berus_C9A	CM059600.1	583	47	157	203	329416125	329416265	70.213	1.85e-14	82.8
Vipera_berus_C9A	CM059600.1	583	61	401	461	329425901	329426083	52.459	3.47e-11	72.4
Vipera_berus_C9A	CM059600.1	583	50	107	156	329413333	329413482	62.000	2.16e-10	69.7
Vipera_berus_C9A	CM059600.1	583	69	457	525	328476161	328475958	42.029	5.06e-09	65.5
Vipera_berus_C9A	CM059600.1	583	53	55	107	329410832	329410987	52.830	2.74e-07	59.7
Vipera_berus_C9A	CM059600.1	583	85	194	272	329419525	329419779	40.000	3.62e-07	59.3
Vipera_berus_C9A	CM059600.1	583	70	274	343	328375688	328375897	37.143	1.22e-06	57.4
Vipera_berus_C9A	CM059600.1	583	73	271	343	328430216	328430428	36.986	2.17e-06	56.6
Vipera_berus_C9A	CM059600.1	583	47	537	583	328473559	328473419	53.191	2.87e-06	56.2
Vipera_berus_C9A	CM059604.1	583	223	297	514	11277675	11277049	27.354	6.08e-10	68.2
Vipera_berus_C9A	CM059602.1	583	50	530	579	83851592	83851443	58.000	2.62e-08	63.2
Vipera_berus_C9A	CM059602.1	583	47	537	583	83831851	83831991	55.319	3.92e-08	62.4
Vipera_berus_C9A	CM059602.1	583	70	456	524	83828787	83828996	40.000	2.19e-07	60.1
Vipera_berus_C9A	CM059602.1	583	82	277	358	83873540	83873295	32.927	7.16e-07	58.2
Vipera_berus_C9A	CM059602.1	583	79	277	355	83809537	83809773	31.646	7.38e-06	55.1
Sceloporus_undulatus_C9A	CM059600.1	591	82	277	358	329421633	329421878	81.707	4.27e-35	147
Sceloporus_undulatus_C9A	CM059600.1	591	78	460	537	329427708	329427941	75.641	1.52e-31	136
Sceloporus_undulatus_C9A	CM059600.1	591	86	193	277	329419525	329419782	66.279	1.04e-22	109
Sceloporus_undulatus_C9A	CM059600.1	591	53	55	107	329410832	329410990	75.472	9.75e-18	93.6
Sceloporus_undulatus_C9A	CM059600.1	591	64	402	465	329425892	329426083	65.625	2.07e-17	92.4
Sceloporus_undulatus_C9A	CM059600.1	591	47	156	202	329416125	329416265	80.851	4.33e-15	85.1
Sceloporus_undulatus_C9A	CM059600.1	591	50	106	155	329413333	329413482	78.000	8.18e-15	84.0
Sceloporus_undulatus_C9A	CM059600.1	591	58	534	591	329429395	329429568	70.690	2.63e-13	79.3
Sceloporus_undulatus_C9A	CM059600.1	591	70	462	531	328476158	328475952	40.000	2.88e-08	62.8
Sceloporus_undulatus_C9A	CM059600.1	591	56	2	57	329404967	329405122	55.357	3.24e-08	62.8
Sceloporus_undulatus_C9A	CM059600.1	591	51	541	591	328473559	328473407	49.020	8.07e-08	61.2
Sceloporus_undulatus_C9A	CM059600.1	591	86	277	362	328430216	328430473	32.558	3.05e-07	59.7
Sceloporus_undulatus_C9A	CM059600.1	591	47	532	577	328385945	328386085	59.574	3.49e-07	59.3
Sceloporus_undulatus_C9A	CM059600.1	591	86	281	366	328375697	328375954	33.721	1.35e-06	57.4
Sceloporus_undulatus_C9A	CM059602.1	591	51	534	584	83851592	83851440	56.863	1.43e-09	67.0
Sceloporus_undulatus_C9A	CM059602.1	591	47	541	587	83831851	83831991	61.702	1.44e-09	67.0
Sceloporus_undulatus_C9A	CM059602.1	591	70	460	528	83828787	83828996	37.143	2.40e-07	59.7
Sceloporus_undulatus_C9A	CM059602.1	591	83	280	362	83809534	83809782	33.735	1.92e-06	57.0
Sceloporus_undulatus_C9A	CM059602.1	591	79	281	359	83873540	83873304	34.177	2.72e-06	56.6
Sceloporus_undulatus_C9A	CM059604.1	591	248	286	520	11277744	11277043	22.984	7.30e-09	64.7
Anolis_carolinensis_C9B	CM059600.1	538	81	277	357	329421633	329421875	77.778	9.86e-33	139
Anolis_carolinensis_C9B	CM059600.1	538	72	458	529	329427702	329427917	79.167	3.65e-28	125
Anolis_carolinensis_C9B	CM059600.1	538	63	403	465	329425895	329426083	73.016	2.10e-18	95.1
Anolis_carolinensis_C9B	CM059600.1	538	47	156	202	329416125	329416265	89.362	4.67e-18	94.0
Anolis_carolinensis_C9B	CM059600.1	538	52	56	107	329410835	329410990	78.846	1.55e-17	92.4
Anolis_carolinensis_C9B	CM059600.1	538	50	106	155	329413333	329413482	80.000	1.37e-16	89.4
Anolis_carolinensis_C9B	CM059600.1	538	92	187	277	329419507	329419782	50.000	1.44e-15	86.3
Anolis_carolinensis_C9B	CM059600.1	538	72	462	533	328476158	328475946	41.667	2.24e-10	69.3
Anolis_carolinensis_C9B	CM059600.1	538	75	281	355	328375697	328375921	40.000	7.10e-08	61.2
Anolis_carolinensis_C9B	CM059600.1	538	104	281	384	328430228	328430533	31.731	2.39e-07	59.7
Anolis_carolinensis_C9B	CM059600.1	538	34	24	57	329405021	329405122	67.647	1.49e-06	57.0
Anolis_carolinensis_C9B	CM059604.1	538	241	280	518	9110633	9111292	25.311	1.63e-08	63.5
Anolis_carolinensis_C9B	CM059602.1	538	75	281	355	83873540	83873316	36.000	1.27e-07	60.5
Anolis_carolinensis_C9B	CM059602.1	538	82	281	362	83809537	83809782	35.366	1.28e-07	60.5
Anolis_carolinensis_C9B	CM059602.1	538	67	463	528	83828796	83828996	40.299	3.07e-06	56.2
Hydrophis_cyanocinctus_C9B	CM059600.1	582	97	273	368	329421636	329421926	59.794	1.48e-27	124
Hydrophis_cyanocinctus_C9B	CM059600.1	582	74	458	531	329427717	329427938	63.514	2.62e-23	110
Hydrophis_cyanocinctus_C9B	CM059600.1	582	47	156	202	329416125	329416265	68.085	1.85e-13	79.7
Hydrophis_cyanocinctus_C9B	CM059600.1	582	61	400	460	329425901	329426083	54.098	6.02e-11	71.6
Hydrophis_cyanocinctus_C9B	CM059600.1	582	69	456	524	328476161	328475958	42.029	1.20e-09	67.4
Hydrophis_cyanocinctus_C9B	CM059600.1	582	50	106	155	329413333	329413482	62.000	4.04e-09	65.5
Hydrophis_cyanocinctus_C9B	CM059600.1	582	85	193	271	329419525	329419779	41.176	7.28e-08	61.6
Hydrophis_cyanocinctus_C9B	CM059600.1	582	48	535	582	328473562	328473419	52.083	4.16e-06	55.8
Hydrophis_cyanocinctus_C9B	CM059604.1	582	232	296	513	11277675	11277049	28.448	1.78e-08	63.5
Hydrophis_cyanocinctus_C9B	CM059602.1	582	70	455	523	83828787	83828996	41.429	2.53e-07	59.7
Hydrophis_cyanocinctus_C9B	CM059602.1	582	81	276	356	83873540	83873298	32.099	4.70e-07	58.9
Hydrophis_cyanocinctus_C9B	CM059602.1	582	47	536	582	83831851	83831991	51.064	6.73e-07	58.5
Hydrophis_cyanocinctus_C9B	CM059602.1	582	50	529	578	83851592	83851443	48.000	7.94e-06	55.1
Bothrops_jararaca_C9B	CM059600.1	583	74	459	532	329427717	329427938	71.622	1.01e-26	121
Bothrops_jararaca_C9B	CM059600.1	583	107	250	354	329421573	329421878	57.944	1.39e-26	121
Bothrops_jararaca_C9B	CM059600.1	583	47	157	203	329416125	329416265	70.213	1.09e-14	83.6
Bothrops_jararaca_C9B	CM059600.1	583	61	401	461	329425901	329426083	54.098	4.11e-11	72.0
Bothrops_jararaca_C9B	CM059600.1	583	78	107	177	329413333	329413566	50.000	1.10e-09	67.4
Bothrops_jararaca_C9B	CM059600.1	583	69	457	525	328476161	328475958	42.029	2.25e-08	63.2
Bothrops_jararaca_C9B	CM059600.1	583	52	56	107	329410835	329410987	51.923	1.70e-07	60.5
Bothrops_jararaca_C9B	CM059600.1	583	85	194	272	329419525	329419779	36.471	2.48e-06	56.6
Bothrops_jararaca_C9B	CM059600.1	583	84	277	358	328430228	328430479	33.333	3.07e-06	56.2
Bothrops_jararaca_C9B	CM059600.1	583	81	274	354	328375688	328375930	33.333	3.40e-06	56.2
Bothrops_jararaca_C9B	CM059600.1	583	47	537	583	328473559	328473419	53.191	4.54e-06	55.8
Bothrops_jararaca_C9B	CM059600.1	583	72	9	69	329404943	329405158	37.500	4.74e-06	55.5
Bothrops_jararaca_C9B	CM059600.1	583	54	530	583	329429395	329429556	53.704	6.89e-06	55.1
Bothrops_jararaca_C9B	CM059604.1	583	229	297	514	11277675	11277049	26.201	5.80e-09	65.1
Bothrops_jararaca_C9B	CM059602.1	583	47	537	583	83831851	83831991	53.191	5.60e-08	62.0
Bothrops_jararaca_C9B	CM059602.1	583	50	530	579	83851592	83851443	56.000	6.05e-08	61.6
Bothrops_jararaca_C9B	CM059602.1	583	82	277	358	83873540	83873295	31.707	1.15e-06	57.8
Bothrops_jararaca_C9B	CM059602.1	583	70	456	524	83828787	83828996	38.571	1.97e-06	57.0
Bothrops_jararaca_C9B	CM059602.1	583	82	274	355	83809528	83809773	31.707	2.20e-06	56.6
Laticauda_colubrina_C9B	CM059600.1	583	79	276	354	329421642	329421878	65.823	1.12e-26	121
Laticauda_colubrina_C9B	CM059600.1	583	74	459	532	329427717	329427938	67.568	4.45e-25	116
Laticauda_colubrina_C9B	CM059600.1	583	46	157	202	329416125	329416262	69.565	6.34e-14	81.3
Laticauda_colubrina_C9B	CM059600.1	583	61	401	461	329425901	329426083	54.098	4.29e-11	72.0
Laticauda_colubrina_C9B	CM059600.1	583	78	107	177	329413333	329413566	50.000	9.73e-10	67.8
Laticauda_colubrina_C9B	CM059600.1	583	69	457	525	328476161	328475958	42.029	3.50e-09	65.9
Laticauda_colubrina_C9B	CM059600.1	583	86	9	73	329404943	329405200	36.047	4.56e-07	58.9
Laticauda_colubrina_C9B	CM059600.1	583	70	274	343	328430219	328430428	37.143	6.14e-07	58.5
Laticauda_colubrina_C9B	CM059600.1	583	81	277	357	328375697	328375939	32.099	1.96e-06	57.0
Laticauda_colubrina_C9B	CM059604.1	583	226	297	514	11277675	11277049	26.106	3.82e-08	62.4
Laticauda_colubrina_C9B	CM059602.1	583	82	274	355	83873549	83873304	31.707	1.48e-07	60.5
Laticauda_colubrina_C9B	CM059602.1	583	70	456	524	83828787	83828996	41.429	5.99e-07	58.5
Laticauda_colubrina_C9B	CM059602.1	583	81	277	357	83809537	83809779	30.864	1.83e-06	57.0
Laticauda_colubrina_C9B	CM059602.1	583	50	530	579	83851592	83851443	50.000	4.78e-06	55.5
Laticauda_colubrina_C9B	CM059602.1	583	45	539	583	83831857	83831991	48.889	7.01e-06	55.1
Pseudonaja_textilis_C9B	CM059600.1	583	95	276	369	329421642	329421926	61.053	4.10e-28	125
Pseudonaja_textilis_C9B	CM059600.1	583	74	459	532	329427717	329427938	68.919	5.49e-26	119
Pseudonaja_textilis_C9B	CM059600.1	583	47	157	203	329416125	329416265	68.085	2.00e-13	79.7
Pseudonaja_textilis_C9B	CM059600.1	583	61	401	461	329425901	329426083	55.738	2.18e-11	72.8
Pseudonaja_textilis_C9B	CM059600.1	583	69	457	525	328476161	328475958	42.029	7.22e-10	68.2
Pseudonaja_textilis_C9B	CM059600.1	583	50	107	156	329413333	329413482	60.000	9.59e-09	64.3
Pseudonaja_textilis_C9B	CM059600.1	583	86	9	73	329404943	329405200	36.047	4.92e-07	58.9
Pseudonaja_textilis_C9B	CM059600.1	583	85	194	272	329419525	329419779	37.647	8.35e-07	58.2
Pseudonaja_textilis_C9B	CM059600.1	583	55	529	583	329429392	329429556	52.727	1.17e-06	57.8
Pseudonaja_textilis_C9B	CM059600.1	583	48	536	583	328473562	328473419	52.083	1.69e-06	57.0
Pseudonaja_textilis_C9B	CM059600.1	583	78	277	354	328375697	328375930	32.051	9.36e-06	54.7
Pseudonaja_textilis_C9B	CM059604.1	583	231	297	514	11277675	11277049	28.139	4.85e-08	62.0
Pseudonaja_textilis_C9B	CM059602.1	583	70	456	524	83828787	83828996	42.857	5.51e-08	62.0
Pseudonaja_textilis_C9B	CM059602.1	583	84	274	357	83873549	83873298	32.143	2.39e-07	59.7
Pseudonaja_textilis_C9B	CM059602.1	583	47	537	583	83831851	83831991	48.936	7.93e-07	58.2
Pseudonaja_textilis_C9B	CM059602.1	583	50	530	579	83851592	83851443	50.000	2.02e-06	57.0
Pseudonaja_textilis_C9B	CM059602.1	583	78	277	354	83809537	83809770	32.051	2.04e-06	57.0
Notechis_scutatus_C9B	CM059600.1	583	95	276	369	329421642	329421926	60.000	1.23e-27	124
Notechis_scutatus_C9B	CM059600.1	583	74	459	532	329427717	329427938	67.568	3.51e-25	117
Notechis_scutatus_C9B	CM059600.1	583	47	157	203	329416125	329416265	68.085	1.41e-13	80.1
Notechis_scutatus_C9B	CM059600.1	583	69	457	525	328476161	328475958	42.029	5.58e-10	68.6
Notechis_scutatus_C9B	CM059600.1	583	61	401	461	329425901	329426083	50.820	8.78e-10	67.8
Notechis_scutatus_C9B	CM059600.1	583	78	107	177	329413333	329413566	50.000	3.19e-09	65.9
Notechis_scutatus_C9B	CM059600.1	583	85	194	272	329419525	329419779	40.000	3.95e-07	59.3
Notechis_scutatus_C9B	CM059600.1	583	86	9	73	329404943	329405200	36.047	4.80e-07	58.9
Notechis_scutatus_C9B	CM059600.1	583	48	536	583	328473562	328473419	52.083	4.14e-06	55.8
Notechis_scutatus_C9B	CM059600.1	583	82	274	355	328430219	328430464	30.488	9.77e-06	54.7
Notechis_scutatus_C9B	CM059604.1	583	230	297	514	11277675	11277049	29.130	1.48e-09	67.0
Notechis_scutatus_C9B	CM059602.1	583	70	456	524	83828787	83828996	42.857	7.12e-08	61.6
Notechis_scutatus_C9B	CM059602.1	583	84	274	357	83873549	83873298	32.143	1.79e-07	60.1
Notechis_scutatus_C9B	CM059602.1	583	47	537	583	83831851	83831991	51.064	7.16e-07	58.2
Notechis_scutatus_C9B	CM059602.1	583	50	530	579	83851592	83851443	48.000	7.50e-06	55.1
Pituophis_catenifer_C9B	CM059600.1	583	77	456	532	329427708	329427938	67.532	1.66e-26	120
Pituophis_catenifer_C9B	CM059600.1	583	94	277	369	329421645	329421926	58.511	3.54e-25	117
Pituophis_catenifer_C9B	CM059600.1	583	47	157	203	329416125	329416265	70.213	1.24e-14	83.6
Pituophis_catenifer_C9B	CM059600.1	583	61	401	461	329425901	329426083	54.098	3.21e-11	72.4
Pituophis_catenifer_C9B	CM059600.1	583	50	107	156	329413333	329413482	64.000	2.68e-10	69.3
Pituophis_catenifer_C9B	CM059600.1	583	69	457	525	328476161	328475958	43.478	3.39e-09	65.9
Pituophis_catenifer_C9B	CM059600.1	583	53	55	107	329410832	329410987	58.491	2.69e-08	62.8
Pituophis_catenifer_C9B	CM059604.1	583	228	297	514	11277675	11277049	27.632	3.23e-10	69.3
Pituophis_catenifer_C9B	CM059604.1	583	252	271	514	9110603	9111292	22.222	1.94e-06	57.0
Pituophis_catenifer_C9B	CM059602.1	583	47	537	583	83831851	83831991	55.319	6.37e-08	61.6
Pituophis_catenifer_C9B	CM059602.1	583	70	456	524	83828787	83828996	41.429	1.07e-07	60.8
Pituophis_catenifer_C9B	CM059602.1	583	74	277	350	83809537	83809758	36.486	1.08e-06	57.8
Pituophis_catenifer_C9B	CM059602.1	583	78	273	350	83873552	83873319	33.333	3.34e-06	56.2
Pantherophis_obsoletus_C9B	CM059600.1	583	95	276	369	329421642	329421926	60.000	5.31e-28	125
Pantherophis_obsoletus_C9B	CM059600.1	583	77	456	532	329427708	329427938	66.234	3.65e-26	120
Pantherophis_obsoletus_C9B	CM059600.1	583	47	157	203	329416125	329416265	70.213	1.51e-14	83.2
Pantherophis_obsoletus_C9B	CM059600.1	583	66	396	461	329425886	329426083	50.000	7.95e-11	71.2
Pantherophis_obsoletus_C9B	CM059600.1	583	78	107	177	329413333	329413566	50.000	2.28e-10	69.7
Pantherophis_obsoletus_C9B	CM059600.1	583	52	56	107	329410835	329410987	57.692	5.51e-08	62.0
Pantherophis_obsoletus_C9B	CM059600.1	583	69	457	525	328476161	328475958	36.232	1.47e-07	60.5
Pantherophis_obsoletus_C9B	CM059600.1	583	81	274	354	328375688	328375930	34.568	2.63e-06	56.6
Pantherophis_obsoletus_C9B	CM059604.1	583	225	297	514	11277675	11277049	26.222	1.70e-09	67.0
Pantherophis_obsoletus_C9B	CM059602.1	583	47	537	583	83831851	83831991	53.191	8.02e-08	61.2
Pantherophis_obsoletus_C9B	CM059602.1	583	79	277	355	83809537	83809773	34.177	6.80e-07	58.5
Pantherophis_obsoletus_C9B	CM059602.1	583	70	456	524	83828787	83828996	38.571	8.00e-07	58.2
Pantherophis_obsoletus_C9B	CM059602.1	583	81	277	357	83873540	83873298	30.864	1.45e-06	57.4
Crotalus_tigris_C9B	CM059600.1	583	74	459	532	329427717	329427938	68.919	9.71e-27	121
Crotalus_tigris_C9B	CM059600.1	583	110	244	353	329421585	329421875	50.909	6.43e-24	112
Crotalus_tigris_C9B	CM059600.1	583	47	157	203	329416125	329416265	70.213	6.18e-14	81.3
Crotalus_tigris_C9B	CM059600.1	583	61	401	461	329425901	329426083	57.377	3.02e-12	75.9
Crotalus_tigris_C9B	CM059600.1	583	78	107	177	329413333	329413566	50.000	5.89e-12	74.7
Crotalus_tigris_C9B	CM059600.1	583	69	457	525	328476161	328475958	39.130	4.34e-08	62.4
Crotalus_tigris_C9B	CM059600.1	583	52	56	107	329410835	329410987	51.923	3.13e-07	59.3
Crotalus_tigris_C9B	CM059600.1	583	54	530	583	329429395	329429556	55.556	9.77e-06	54.7
Crotalus_tigris_C9B	CM059604.1	583	225	297	514	11277675	11277049	28.000	1.26e-10	70.5
Crotalus_tigris_C9B	CM059604.1	583	217	275	491	9110615	9111220	23.502	8.49e-07	58.2
Crotalus_tigris_C9B	CM059602.1	583	49	535	583	83831845	83831991	55.102	2.83e-08	62.8
Crotalus_tigris_C9B	CM059602.1	583	70	456	524	83828787	83828996	40.000	4.72e-07	58.9
Crotalus_tigris_C9B	CM059602.1	583	74	277	350	83809537	83809758	35.135	1.40e-06	57.4
Ptyas_mucosa_C9B	CM059600.1	583	73	460	532	329427720	329427938	67.123	3.10e-25	117
Ptyas_mucosa_C9B	CM059600.1	583	77	277	353	329421645	329421875	63.636	4.64e-24	113
Ptyas_mucosa_C9B	CM059600.1	583	47	157	203	329416125	329416265	70.213	1.27e-14	83.6
Ptyas_mucosa_C9B	CM059600.1	583	78	107	177	329413333	329413566	50.000	4.59e-10	68.6
Ptyas_mucosa_C9B	CM059600.1	583	61	401	461	329425901	329426083	50.820	1.07e-09	67.4
Ptyas_mucosa_C9B	CM059600.1	583	58	468	525	328476131	328475958	37.931	8.07e-07	58.2
Ptyas_mucosa_C9B	CM059600.1	583	53	55	107	329410832	329410987	50.943	1.03e-06	57.8
Ptyas_mucosa_C9B	CM059604.1	583	223	297	514	11277675	11277049	24.215	2.79e-08	62.8
Ptyas_mucosa_C9B	CM059602.1	583	47	537	583	83831851	83831991	53.191	1.96e-07	60.1
Ptyas_mucosa_C9B	CM059602.1	583	74	277	350	83809537	83809758	36.486	6.04e-07	58.5
Ptyas_mucosa_C9B	CM059602.1	583	78	273	350	83873552	83873319	33.333	2.92e-06	56.2
