Lacerta_agilis_C9A	OZ281146.1	589	79	278	356	22335870	22335634	69.620	1.04e-27	124
Lacerta_agilis_C9A	OZ281146.1	589	77	454	530	22330610	22330380	67.532	7.06e-26	119
Lacerta_agilis_C9A	OZ281146.1	589	45	155	199	22338540	22338406	77.778	7.17e-15	84.0
Lacerta_agilis_C9A	OZ281146.1	589	66	100	164	22339638	22339441	51.515	1.21e-11	73.6
Lacerta_agilis_C9A	OZ281146.1	589	76	48	122	22341770	22341543	46.053	4.48e-11	72.0
Lacerta_agilis_C9A	OZ281146.1	589	56	530	584	22323652	22323485	53.571	5.40e-08	62.0
Lacerta_agilis_C9A	OZ281146.1	589	87	400	486	22332888	22332643	34.483	9.86e-07	57.8
Lacerta_agilis_C9A	OZ281146.1	589	60	16	70	22345482	22345303	48.333	2.88e-06	56.2
Lacerta_agilis_C9A	OZ281160.1	589	224	300	517	26463730	26463104	27.232	2.61e-12	75.9
Lacerta_agilis_C9A	OZ281160.1	589	234	286	518	26454239	26453589	25.214	5.85e-12	74.7
Lacerta_agilis_C9A	OZ281142.1	589	78	279	356	82007739	82007972	34.615	1.95e-07	60.1
Lacerta_agilis_C9A	OZ281142.1	589	78	451	526	82027880	82028101	37.179	2.67e-06	56.2
Zootoca_vivipara_C9A	OZ281146.1	589	79	278	356	22335870	22335634	69.620	8.15e-28	125
Zootoca_vivipara_C9A	OZ281146.1	589	77	454	530	22330610	22330380	67.532	5.46e-26	119
Zootoca_vivipara_C9A	OZ281146.1	589	45	155	199	22338540	22338406	77.778	7.74e-15	84.0
Zootoca_vivipara_C9A	OZ281146.1	589	66	100	164	22339638	22339441	50.000	2.09e-11	72.8
Zootoca_vivipara_C9A	OZ281146.1	589	77	47	122	22341773	22341543	44.156	3.02e-10	69.3
Zootoca_vivipara_C9A	OZ281146.1	589	56	530	584	22323652	22323485	53.571	6.40e-08	61.6
Zootoca_vivipara_C9A	OZ281146.1	589	59	400	458	22332888	22332712	40.678	4.88e-06	55.5
Zootoca_vivipara_C9A	OZ281160.1	589	224	300	517	26463730	26463104	26.786	5.89e-11	71.6
Zootoca_vivipara_C9A	OZ281160.1	589	237	286	518	26454239	26453589	24.895	1.14e-10	70.5
Zootoca_vivipara_C9A	OZ281142.1	589	78	279	356	82007739	82007972	34.615	3.58e-07	59.3
Zootoca_vivipara_C9A	OZ281142.1	589	78	451	526	82027880	82028101	38.462	1.02e-06	57.8
Podarcis_muralis_C9A	OZ281146.1	589	78	279	356	22335867	22335634	70.513	1.74e-27	124
Podarcis_muralis_C9A	OZ281146.1	589	77	454	530	22330610	22330380	64.935	2.76e-25	117
Podarcis_muralis_C9A	OZ281146.1	589	45	155	199	22338540	22338406	77.778	7.74e-15	84.0
Podarcis_muralis_C9A	OZ281146.1	589	66	100	164	22339638	22339441	51.515	1.24e-11	73.6
Podarcis_muralis_C9A	OZ281146.1	589	67	47	112	22341773	22341573	47.761	1.01e-09	67.4
Podarcis_muralis_C9A	OZ281146.1	589	54	532	584	22323646	22323485	55.556	2.21e-08	63.2
Podarcis_muralis_C9A	OZ281146.1	589	59	400	458	22332888	22332712	42.373	6.28e-07	58.5
Podarcis_muralis_C9A	OZ281160.1	589	237	286	518	26454239	26453589	24.473	1.41e-11	73.6
Podarcis_muralis_C9A	OZ281160.1	589	227	300	516	26463730	26463107	26.872	7.15e-10	67.8
Podarcis_muralis_C9A	OZ281142.1	589	78	279	356	82007739	82007972	33.333	8.17e-07	58.2
Podarcis_muralis_C9A	OZ281142.1	589	78	451	526	82027880	82028101	38.462	1.11e-06	57.4
Anolis_carolinensis_C9A	OZ281146.1	591	82	277	358	22335879	22335634	60.976	1.16e-24	115
Anolis_carolinensis_C9A	OZ281146.1	591	82	456	537	22330610	22330365	56.098	1.39e-22	108
Anolis_carolinensis_C9A	OZ281146.1	591	61	147	200	22338588	22338406	59.016	1.88e-14	82.8
Anolis_carolinensis_C9A	OZ281146.1	591	112	12	113	22341869	22341573	41.964	5.55e-12	74.7
Anolis_carolinensis_C9A	OZ281146.1	591	57	532	588	22323652	22323482	54.386	2.76e-10	69.3
Anolis_carolinensis_C9A	OZ281146.1	591	56	101	155	22339638	22339471	57.143	1.60e-09	66.6
Anolis_carolinensis_C9A	OZ281146.1	591	78	281	358	23150430	23150197	34.615	1.63e-07	60.5
Anolis_carolinensis_C9A	OZ281146.1	591	79	17	82	22345479	22345243	41.772	1.18e-06	57.4
Anolis_carolinensis_C9A	OZ281146.1	591	82	461	542	23146473	23146231	36.585	1.99e-06	56.6
Anolis_carolinensis_C9A	OZ281146.1	591	67	400	466	22332894	22332694	38.806	9.53e-06	54.7
Anolis_carolinensis_C9A	OZ281160.1	591	234	288	520	26454239	26453589	26.068	6.66e-10	68.2
Anolis_carolinensis_C9A	OZ281160.1	591	223	302	518	26463730	26463107	26.009	1.05e-08	64.3
Anolis_carolinensis_C9A	OZ281142.1	591	87	281	366	82060013	82059756	36.782	2.06e-08	63.2
Anolis_carolinensis_C9A	OZ281142.1	591	78	281	358	82007739	82007972	33.333	8.87e-07	57.8
Anolis_carolinensis_C9A	OZ281142.1	591	60	460	518	82027904	82028083	41.667	1.20e-06	57.4
Anolis_carolinensis_C9A	OZ281142.1	591	46	542	587	82029478	82029615	52.174	4.36e-06	55.5
Pogona_vitticeps_C9A	OZ281146.1	576	108	233	339	22335954	22335634	50.000	8.75e-26	118
Pogona_vitticeps_C9A	OZ281146.1	576	75	437	511	22330610	22330386	61.333	1.23e-22	108
Pogona_vitticeps_C9A	OZ281146.1	576	45	156	200	22338540	22338406	68.889	1.68e-12	76.3
Pogona_vitticeps_C9A	OZ281146.1	576	65	101	164	22339638	22339444	52.308	1.02e-10	70.5
Pogona_vitticeps_C9A	OZ281146.1	576	48	16	63	22345482	22345339	64.583	2.88e-10	69.3
Pogona_vitticeps_C9A	OZ281146.1	576	59	56	113	22341749	22341573	55.932	3.57e-10	68.9
Pogona_vitticeps_C9A	OZ281146.1	576	48	525	572	22323625	22323482	66.667	5.12e-10	68.2
Pogona_vitticeps_C9A	OZ281146.1	576	87	253	339	23150457	23150197	34.483	5.55e-09	65.1
Pogona_vitticeps_C9A	OZ281146.1	576	52	521	571	23143791	23143636	50.000	1.73e-07	60.1
Pogona_vitticeps_C9A	OZ281146.1	576	75	443	517	23146470	23146249	40.000	2.21e-06	56.6
Pogona_vitticeps_C9A	OZ281160.1	576	286	283	554	26463730	26462921	26.923	4.34e-12	75.1
Pogona_vitticeps_C9A	OZ281160.1	576	210	269	478	26454239	26453661	26.190	5.76e-12	74.7
Pogona_vitticeps_C9A	OZ281142.1	576	90	257	345	82060028	82059762	35.556	2.86e-08	62.8
Pogona_vitticeps_C9A	OZ281142.1	576	83	257	339	82007724	82007972	36.145	3.45e-08	62.4
Pogona_vitticeps_C9A	OZ281142.1	576	77	435	509	82027883	82028101	40.260	2.81e-07	59.3
Pogona_vitticeps_C9A	OZ281142.1	576	52	520	571	82029460	82029615	51.923	3.08e-07	59.3
Gekko_japonicus_C9A	OZ281146.1	582	103	270	372	22335942	22335634	71.845	1.53e-36	151
Gekko_japonicus_C9A	OZ281146.1	582	92	450	540	22330610	22330335	75.000	3.60e-35	147
Gekko_japonicus_C9A	OZ281146.1	582	74	218	291	22337789	22337574	78.378	1.22e-23	112
Gekko_japonicus_C9A	OZ281146.1	582	65	117	181	22339638	22339444	73.846	3.13e-21	104
Gekko_japonicus_C9A	OZ281146.1	582	46	173	218	22338540	22338403	91.304	1.84e-18	95.5
Gekko_japonicus_C9A	OZ281146.1	582	53	530	582	22323640	22323482	81.132	3.30e-18	94.7
Gekko_japonicus_C9A	OZ281146.1	582	54	69	122	22341749	22341594	83.333	9.67e-18	93.2
Gekko_japonicus_C9A	OZ281146.1	582	60	394	453	22332894	22332715	73.333	1.52e-16	89.4
Gekko_japonicus_C9A	OZ281146.1	582	41	29	69	22345482	22345360	73.171	1.13e-10	70.5
Gekko_japonicus_C9A	OZ281146.1	582	82	291	372	23150442	23150197	31.707	7.96e-08	61.2
Gekko_japonicus_C9A	OZ281146.1	582	66	457	522	23096350	23096544	39.394	2.17e-06	56.6
Gekko_japonicus_C9A	OZ281146.1	582	67	457	523	23146467	23146270	37.313	7.71e-06	54.7
Gekko_japonicus_C9A	OZ281160.1	582	222	312	514	26454209	26453589	26.577	5.25e-13	78.2
Gekko_japonicus_C9A	OZ281160.1	582	214	316	512	26463730	26463107	28.505	2.16e-10	69.7
Gekko_japonicus_C9A	OZ281142.1	582	92	295	381	82007739	82008014	34.783	7.12e-09	64.7
Gekko_japonicus_C9A	OZ281142.1	582	80	445	522	82027874	82028101	37.500	2.18e-08	63.2
Crotalus_tigris_C9A	OZ281146.1	583	74	277	350	22335867	22335646	56.757	3.98e-20	100
Crotalus_tigris_C9A	OZ281146.1	583	80	452	531	22330610	22330371	53.750	9.78e-20	99.8
Crotalus_tigris_C9A	OZ281146.1	583	45	157	201	22338540	22338406	64.444	4.31e-11	72.0
Crotalus_tigris_C9A	OZ281146.1	583	59	99	156	22339647	22339471	55.932	5.58e-11	71.6
Crotalus_tigris_C9A	OZ281146.1	583	76	49	120	22341770	22341543	43.421	2.72e-09	65.9
Crotalus_tigris_C9A	OZ281146.1	583	56	528	583	22323652	22323485	50.000	3.89e-07	58.9
Crotalus_tigris_C9A	OZ281146.1	583	60	16	71	22345482	22345303	43.333	1.26e-06	57.4
Crotalus_tigris_C9A	OZ281160.1	583	237	284	516	26454239	26453589	24.051	5.12e-12	74.7
Crotalus_tigris_C9A	OZ281160.1	583	225	298	514	26463730	26463107	27.111	1.74e-10	70.1
Crotalus_tigris_C9A	OZ281142.1	583	79	448	524	82027877	82028101	40.506	1.71e-06	57.0
Thamnophis_elegans_C9A	OZ281146.1	583	79	277	355	22335867	22335631	56.962	1.54e-21	105
Thamnophis_elegans_C9A	OZ281146.1	583	69	460	528	22330586	22330380	60.870	1.33e-19	99.4
Thamnophis_elegans_C9A	OZ281146.1	583	46	157	202	22338540	22338403	67.391	2.94e-11	72.4
Thamnophis_elegans_C9A	OZ281146.1	583	56	528	583	22323652	22323485	55.357	7.37e-10	67.8
Thamnophis_elegans_C9A	OZ281146.1	583	59	99	156	22339647	22339471	55.932	2.00e-09	66.6
Thamnophis_elegans_C9A	OZ281146.1	583	78	1	71	22345530	22345303	42.308	4.47e-09	65.5
Thamnophis_elegans_C9A	OZ281146.1	583	76	49	124	22341770	22341543	39.474	4.36e-08	62.0
Thamnophis_elegans_C9A	OZ281146.1	583	55	530	583	23143800	23143636	47.273	1.13e-07	60.8
Thamnophis_elegans_C9A	OZ281146.1	583	77	274	350	23150439	23150209	33.766	5.99e-06	55.1
Thamnophis_elegans_C9A	OZ281160.1	583	255	273	514	26463802	26463107	27.059	1.01e-10	70.5
Thamnophis_elegans_C9A	OZ281160.1	583	237	284	516	26454239	26453589	25.316	3.92e-10	68.9
Thamnophis_elegans_C9A	OZ281142.1	583	47	537	583	82029475	82029615	51.064	3.70e-07	58.9
Thamnophis_elegans_C9A	OZ281142.1	583	78	277	354	82007739	82007972	34.615	1.13e-06	57.4
Naja_naja_C9A	OZ281146.1	582	73	458	530	22330589	22330371	58.904	8.67e-20	99.8
Naja_naja_C9A	OZ281146.1	582	77	277	353	22335867	22335637	53.247	9.22e-20	99.8
Naja_naja_C9A	OZ281146.1	582	45	157	201	22338540	22338406	64.444	4.64e-11	71.6
Naja_naja_C9A	OZ281146.1	582	58	100	156	22339644	22339471	58.621	1.12e-10	70.5
Naja_naja_C9A	OZ281146.1	582	60	48	107	22341773	22341594	48.333	2.69e-09	65.9
Naja_naja_C9A	OZ281146.1	582	56	527	582	22323652	22323485	51.786	9.36e-08	60.8
Naja_naja_C9A	OZ281146.1	582	64	13	71	22345494	22345303	46.875	6.59e-07	58.2
Naja_naja_C9A	OZ281160.1	582	233	284	515	26454239	26453589	24.034	4.18e-12	75.1
Naja_naja_C9A	OZ281160.1	582	225	298	513	26463730	26463107	24.000	5.71e-08	61.6
Naja_naja_C9A	OZ281142.1	582	77	277	353	82007739	82007969	35.065	1.04e-06	57.8
Naja_naja_C9A	OZ281142.1	582	70	455	523	82027904	82028101	41.429	3.29e-06	55.8
Pseudonaja_textilis_C9A	OZ281146.1	583	80	452	531	22330610	22330371	57.500	7.12e-21	103
Pseudonaja_textilis_C9A	OZ281146.1	583	77	277	353	22335867	22335637	51.948	9.44e-20	99.8
Pseudonaja_textilis_C9A	OZ281146.1	583	45	157	201	22338540	22338406	64.444	4.13e-11	72.0
Pseudonaja_textilis_C9A	OZ281146.1	583	58	100	156	22339644	22339471	58.621	4.90e-11	71.6
Pseudonaja_textilis_C9A	OZ281146.1	583	66	49	114	22341770	22341573	46.970	2.44e-09	66.2
Pseudonaja_textilis_C9A	OZ281146.1	583	56	528	583	22323652	22323485	55.357	7.65e-09	64.7
Pseudonaja_textilis_C9A	OZ281146.1	583	60	16	71	22345482	22345303	48.333	1.24e-08	63.9
Pseudonaja_textilis_C9A	OZ281160.1	583	234	284	516	26454239	26453589	22.222	6.13e-11	71.2
Pseudonaja_textilis_C9A	OZ281160.1	583	226	298	514	26463730	26463107	25.221	2.00e-09	66.6
Pseudonaja_textilis_C9A	OZ281142.1	583	77	277	353	82007739	82007969	33.766	1.77e-06	57.0
Python_bivittatus_C9A	OZ281146.1	582	77	452	528	22330610	22330380	55.844	1.02e-20	102
Python_bivittatus_C9A	OZ281146.1	582	78	277	354	22335867	22335634	51.282	1.56e-19	99.0
Python_bivittatus_C9A	OZ281146.1	582	45	157	201	22338540	22338406	66.667	1.09e-11	73.9
Python_bivittatus_C9A	OZ281146.1	582	56	102	156	22339638	22339471	57.143	3.26e-10	68.9
Python_bivittatus_C9A	OZ281146.1	582	76	49	124	22341770	22341543	42.105	1.90e-08	63.2
Python_bivittatus_C9A	OZ281146.1	582	59	524	582	22323661	22323485	49.153	1.24e-07	60.5
Python_bivittatus_C9A	OZ281146.1	582	42	16	57	22345482	22345357	59.524	2.67e-07	59.7
Python_bivittatus_C9A	OZ281146.1	582	69	456	524	23096341	23096544	39.130	1.39e-06	57.4
Python_bivittatus_C9A	OZ281160.1	582	238	284	516	26454239	26453589	24.790	1.57e-12	76.6
Python_bivittatus_C9A	OZ281160.1	582	229	298	514	26463730	26463107	26.201	3.53e-11	72.0
Python_bivittatus_C9A	OZ281142.1	582	79	448	524	82027877	82028101	43.038	4.90e-08	62.0
Python_bivittatus_C9A	OZ281142.1	582	78	277	354	82007739	82007972	34.615	4.72e-07	58.9
Python_bivittatus_C9A	OZ281142.1	582	53	530	582	82029457	82029615	41.509	6.61e-06	55.1
Notechis_scutatus_C9A	OZ281146.1	583	78	452	529	22330610	22330377	57.692	1.13e-20	102
Notechis_scutatus_C9A	OZ281146.1	583	77	277	353	22335867	22335637	51.948	1.08e-19	99.4
Notechis_scutatus_C9A	OZ281146.1	583	45	157	201	22338540	22338406	64.444	4.28e-11	72.0
Notechis_scutatus_C9A	OZ281146.1	583	58	100	156	22339644	22339471	56.897	1.65e-10	70.1
Notechis_scutatus_C9A	OZ281146.1	583	77	48	120	22341773	22341543	46.753	9.86e-10	67.4
Notechis_scutatus_C9A	OZ281146.1	583	56	528	583	22323652	22323485	55.357	5.72e-09	65.1
Notechis_scutatus_C9A	OZ281146.1	583	60	16	71	22345482	22345303	48.333	3.21e-08	62.4
Notechis_scutatus_C9A	OZ281160.1	583	234	284	516	26454239	26453589	22.222	5.97e-11	71.2
Notechis_scutatus_C9A	OZ281160.1	583	223	298	514	26463730	26463107	24.664	1.62e-09	66.6
Notechis_scutatus_C9A	OZ281142.1	583	77	277	353	82007739	82007969	33.766	1.76e-06	57.0
Hydrophis_cyanocinctus_C9A	OZ281146.1	583	78	452	529	22330610	22330377	57.692	1.40e-20	102
Hydrophis_cyanocinctus_C9A	OZ281146.1	583	77	277	353	22335867	22335637	51.948	1.00e-19	99.8
Hydrophis_cyanocinctus_C9A	OZ281146.1	583	45	157	201	22338540	22338406	64.444	4.90e-11	71.6
Hydrophis_cyanocinctus_C9A	OZ281146.1	583	58	100	156	22339644	22339471	56.897	1.61e-10	70.1
Hydrophis_cyanocinctus_C9A	OZ281146.1	583	77	48	120	22341773	22341543	46.753	9.21e-10	67.4
Hydrophis_cyanocinctus_C9A	OZ281146.1	583	56	528	583	22323652	22323485	55.357	6.08e-09	65.1
Hydrophis_cyanocinctus_C9A	OZ281146.1	583	60	16	71	22345482	22345303	48.333	1.27e-08	63.9
Hydrophis_cyanocinctus_C9A	OZ281160.1	583	234	284	516	26454239	26453589	22.222	4.99e-11	71.6
Hydrophis_cyanocinctus_C9A	OZ281160.1	583	223	298	514	26463730	26463107	25.112	1.72e-10	70.1
Hydrophis_cyanocinctus_C9A	OZ281142.1	583	97	257	353	82007694	82007969	32.990	1.28e-06	57.4
Laticauda_colubrina_C9A	OZ281146.1	583	71	459	529	22330589	22330377	61.972	2.96e-20	101
Laticauda_colubrina_C9A	OZ281146.1	583	77	277	353	22335867	22335637	51.948	1.00e-19	99.8
Laticauda_colubrina_C9A	OZ281146.1	583	45	157	201	22338540	22338406	64.444	4.78e-11	71.6
Laticauda_colubrina_C9A	OZ281146.1	583	58	100	156	22339644	22339471	56.897	2.12e-10	69.7
Laticauda_colubrina_C9A	OZ281146.1	583	77	48	120	22341773	22341543	45.455	5.44e-09	65.1
Laticauda_colubrina_C9A	OZ281146.1	583	56	528	583	22323652	22323485	53.571	1.68e-08	63.5
Laticauda_colubrina_C9A	OZ281146.1	583	60	16	71	22345482	22345303	48.333	1.78e-08	63.5
Laticauda_colubrina_C9A	OZ281160.1	583	234	284	516	26454239	26453589	22.650	1.05e-12	77.0
Laticauda_colubrina_C9A	OZ281160.1	583	223	298	514	26463730	26463107	24.664	4.28e-09	65.5
Laticauda_colubrina_C9A	OZ281142.1	583	77	277	353	82007739	82007969	33.766	1.80e-06	57.0
Protobothrops_mucrosquamatus_C9A	OZ281146.1	583	73	459	531	22330589	22330371	61.644	1.12e-21	105
Protobothrops_mucrosquamatus_C9A	OZ281146.1	583	78	277	354	22335867	22335634	57.692	1.13e-21	105
Protobothrops_mucrosquamatus_C9A	OZ281146.1	583	45	157	201	22338540	22338406	64.444	1.27e-11	73.6
Protobothrops_mucrosquamatus_C9A	OZ281146.1	583	56	528	583	22323652	22323485	58.929	5.67e-11	71.6
Protobothrops_mucrosquamatus_C9A	OZ281146.1	583	59	99	156	22339647	22339471	55.932	1.43e-10	70.1
Protobothrops_mucrosquamatus_C9A	OZ281146.1	583	66	49	114	22341770	22341573	42.424	1.66e-08	63.5
Protobothrops_mucrosquamatus_C9A	OZ281146.1	583	70	6	71	22345506	22345303	40.000	2.00e-07	60.1
Protobothrops_mucrosquamatus_C9A	OZ281146.1	583	81	274	354	23150439	23150197	32.099	5.43e-07	58.5
Protobothrops_mucrosquamatus_C9A	OZ281160.1	583	237	284	516	26454239	26453589	26.160	1.80e-13	79.7
Protobothrops_mucrosquamatus_C9A	OZ281160.1	583	229	298	514	26463730	26463107	27.074	3.28e-12	75.5
Protobothrops_mucrosquamatus_C9A	OZ281142.1	583	78	277	354	82007739	82007972	33.333	2.00e-07	60.1
Protobothrops_mucrosquamatus_C9A	OZ281142.1	583	47	537	583	82029475	82029615	51.064	5.76e-07	58.5
Protobothrops_mucrosquamatus_C9A	OZ281142.1	583	70	456	524	82027904	82028101	41.429	1.24e-06	57.4
Chrysopelea_ornata_C9A	OZ281146.1	584	73	460	532	22330589	22330371	63.014	1.20e-21	105
Chrysopelea_ornata_C9A	OZ281146.1	584	78	277	354	22335867	22335634	55.128	3.25e-20	101
Chrysopelea_ornata_C9A	OZ281146.1	584	45	157	201	22338540	22338406	68.889	9.99e-13	77.0
Chrysopelea_ornata_C9A	OZ281146.1	584	59	99	156	22339647	22339471	57.627	1.90e-11	73.2
Chrysopelea_ornata_C9A	OZ281146.1	584	56	529	584	22323652	22323485	57.143	3.80e-10	68.9
Chrysopelea_ornata_C9A	OZ281146.1	584	61	54	114	22341755	22341573	44.262	7.29e-08	61.2
Chrysopelea_ornata_C9A	OZ281146.1	584	52	6	57	22345506	22345357	44.231	1.07e-06	57.8
Chrysopelea_ornata_C9A	OZ281146.1	584	81	274	354	23150439	23150197	32.099	1.86e-06	57.0
Chrysopelea_ornata_C9A	OZ281146.1	584	55	531	584	23143800	23143636	47.273	8.30e-06	54.7
Chrysopelea_ornata_C9A	OZ281160.1	584	254	273	515	26463802	26463107	25.197	5.68e-10	68.2
Chrysopelea_ornata_C9A	OZ281160.1	584	235	284	517	26454239	26453589	22.553	7.92e-10	67.8
Chrysopelea_ornata_C9A	OZ281142.1	584	81	277	357	82007739	82007981	35.802	1.83e-07	60.1
Chrysopelea_ornata_C9A	OZ281142.1	584	47	538	584	82029475	82029615	46.809	3.54e-06	55.8
Pituophis_catenifer_C9A	OZ281146.1	583	70	459	528	22330589	22330380	60.000	4.38e-20	100
Pituophis_catenifer_C9A	OZ281146.1	583	77	277	353	22335867	22335637	53.247	8.07e-20	99.8
Pituophis_catenifer_C9A	OZ281146.1	583	58	100	156	22339644	22339471	58.621	1.54e-10	70.1
Pituophis_catenifer_C9A	OZ281146.1	583	45	157	201	22338540	22338406	64.444	1.91e-10	69.7
Pituophis_catenifer_C9A	OZ281146.1	583	56	528	583	22323652	22323485	57.143	2.51e-10	69.3
Pituophis_catenifer_C9A	OZ281146.1	583	76	49	124	22341770	22341543	42.105	2.97e-09	65.9
Pituophis_catenifer_C9A	OZ281146.1	583	59	17	71	22345479	22345303	47.458	6.29e-08	61.6
Pituophis_catenifer_C9A	OZ281146.1	583	55	530	583	23143800	23143636	47.273	1.80e-06	57.0
Pituophis_catenifer_C9A	OZ281146.1	583	74	457	530	23146473	23146255	40.541	2.14e-06	56.6
Pituophis_catenifer_C9A	OZ281160.1	583	223	298	514	26463730	26463107	27.354	1.30e-11	73.6
Pituophis_catenifer_C9A	OZ281160.1	583	210	284	493	26454239	26453661	26.667	3.96e-11	72.0
Pituophis_catenifer_C9A	OZ281142.1	583	47	537	583	82029475	82029615	51.064	2.13e-07	59.7
Pituophis_catenifer_C9A	OZ281142.1	583	70	456	524	82027904	82028101	41.429	2.54e-06	56.2
Pituophis_catenifer_C9A	OZ281142.1	583	77	277	353	82007739	82007969	33.766	7.93e-06	54.7
Pantherophis_obsoletus_C9A	OZ281146.1	583	78	277	354	22335867	22335634	56.410	5.57e-22	106
Pantherophis_obsoletus_C9A	OZ281146.1	583	73	459	531	22330589	22330371	58.904	4.87e-20	100
Pantherophis_obsoletus_C9A	OZ281146.1	583	45	157	201	22338540	22338406	66.667	3.14e-11	72.4
Pantherophis_obsoletus_C9A	OZ281146.1	583	56	528	583	22323652	22323485	58.929	9.48e-11	70.9
Pantherophis_obsoletus_C9A	OZ281146.1	583	77	48	124	22341773	22341543	42.857	1.77e-10	69.7
Pantherophis_obsoletus_C9A	OZ281146.1	583	58	100	156	22339644	22339471	56.897	1.78e-10	69.7
Pantherophis_obsoletus_C9A	OZ281146.1	583	60	16	71	22345482	22345303	48.333	4.07e-08	62.4
Pantherophis_obsoletus_C9A	OZ281146.1	583	81	274	354	23150439	23150197	32.099	9.69e-07	57.8
Pantherophis_obsoletus_C9A	OZ281146.1	583	74	457	530	23146473	23146255	40.541	2.05e-06	56.6
Pantherophis_obsoletus_C9A	OZ281146.1	583	55	530	583	23143800	23143636	45.455	5.99e-06	55.1
Pantherophis_obsoletus_C9A	OZ281160.1	583	254	273	514	26463802	26463107	25.984	9.73e-12	73.9
Pantherophis_obsoletus_C9A	OZ281160.1	583	210	284	493	26454239	26453661	24.286	3.01e-11	72.4
Pantherophis_obsoletus_C9A	OZ281142.1	583	89	266	354	82007721	82007972	35.955	2.02e-08	63.2
Pantherophis_obsoletus_C9A	OZ281142.1	583	47	537	583	82029475	82029615	51.064	2.15e-07	59.7
Pantherophis_obsoletus_C9A	OZ281142.1	583	70	456	524	82027904	82028101	41.429	2.35e-06	56.6
Bothrops_jararaca_C9A	OZ281146.1	583	78	277	354	22335867	22335634	57.692	3.36e-21	104
Bothrops_jararaca_C9A	OZ281146.1	583	73	459	531	22330589	22330371	60.274	9.84e-21	102
Bothrops_jararaca_C9A	OZ281146.1	583	45	157	201	22338540	22338406	64.444	1.18e-11	73.6
Bothrops_jararaca_C9A	OZ281146.1	583	56	528	583	22323652	22323485	57.143	1.98e-10	69.7
Bothrops_jararaca_C9A	OZ281146.1	583	59	99	156	22339647	22339471	55.932	4.45e-10	68.6
Bothrops_jararaca_C9A	OZ281146.1	583	74	48	117	22341773	22341552	41.892	3.49e-09	65.9
Bothrops_jararaca_C9A	OZ281146.1	583	81	274	354	23150439	23150197	32.099	3.02e-07	59.3
Bothrops_jararaca_C9A	OZ281146.1	583	60	16	71	22345482	22345303	43.333	1.13e-06	57.4
Bothrops_jararaca_C9A	OZ281160.1	583	235	286	516	26454233	26453589	25.957	2.39e-11	72.8
Bothrops_jararaca_C9A	OZ281160.1	583	227	298	514	26463730	26463107	28.194	4.85e-10	68.6
Bothrops_jararaca_C9A	OZ281142.1	583	81	274	354	82007730	82007972	33.333	4.35e-07	58.9
Bothrops_jararaca_C9A	OZ281142.1	583	70	456	524	82027904	82028101	41.429	8.60e-07	57.8
Bothrops_jararaca_C9A	OZ281142.1	583	47	537	583	82029475	82029615	46.809	5.27e-06	55.5
Ptyas_mucosa_C9A	OZ281146.1	583	79	276	354	22335870	22335634	59.494	2.39e-23	110
Ptyas_mucosa_C9A	OZ281146.1	583	73	459	531	22330589	22330371	64.384	9.35e-23	109
Ptyas_mucosa_C9A	OZ281146.1	583	58	100	156	22339644	22339471	58.621	2.86e-11	72.4
Ptyas_mucosa_C9A	OZ281146.1	583	45	157	201	22338540	22338406	66.667	3.34e-11	72.4
Ptyas_mucosa_C9A	OZ281146.1	583	56	528	583	22323652	22323485	57.143	8.85e-11	70.9
Ptyas_mucosa_C9A	OZ281146.1	583	77	48	124	22341773	22341543	42.857	4.81e-10	68.6
Ptyas_mucosa_C9A	OZ281146.1	583	60	16	71	22345482	22345303	46.667	3.55e-08	62.4
Ptyas_mucosa_C9A	OZ281146.1	583	81	274	354	23150439	23150197	32.099	1.61e-06	57.0
Ptyas_mucosa_C9A	OZ281160.1	583	225	298	514	26463730	26463107	27.111	3.76e-11	72.0
Ptyas_mucosa_C9A	OZ281160.1	583	237	284	516	26454239	26453589	24.895	1.16e-10	70.5
Ptyas_mucosa_C9A	OZ281142.1	583	81	274	354	82007730	82007972	35.802	1.41e-07	60.5
Ptyas_mucosa_C9A	OZ281142.1	583	47	537	583	82029475	82029615	51.064	1.70e-07	60.1
Vipera_berus_C9A	OZ281146.1	583	73	459	531	22330589	22330371	60.274	3.24e-21	104
Vipera_berus_C9A	OZ281146.1	583	78	277	354	22335867	22335634	52.564	2.38e-19	98.6
Vipera_berus_C9A	OZ281146.1	583	45	157	201	22338540	22338406	66.667	8.19e-12	74.3
Vipera_berus_C9A	OZ281146.1	583	56	528	583	22323652	22323485	57.143	3.33e-10	68.9
Vipera_berus_C9A	OZ281146.1	583	59	99	156	22339647	22339471	52.542	4.17e-09	65.5
Vipera_berus_C9A	OZ281146.1	583	76	49	124	22341770	22341543	40.789	1.12e-08	63.9
Vipera_berus_C9A	OZ281146.1	583	81	274	354	23150439	23150197	33.333	1.40e-07	60.5
Vipera_berus_C9A	OZ281146.1	583	60	16	71	22345482	22345303	45.000	2.72e-07	59.7
Vipera_berus_C9A	OZ281146.1	583	76	396	463	22332894	22332667	38.158	4.97e-06	55.5
Vipera_berus_C9A	OZ281160.1	583	235	286	516	26454233	26453589	25.532	7.46e-12	74.3
Vipera_berus_C9A	OZ281160.1	583	227	298	514	26463730	26463107	27.313	2.60e-10	69.3
Vipera_berus_C9A	OZ281142.1	583	81	274	354	82007730	82007972	33.333	8.31e-07	57.8
Vipera_berus_C9A	OZ281142.1	583	70	456	524	82027904	82028101	41.429	1.14e-06	57.4
Vipera_berus_C9A	OZ281142.1	583	47	537	583	82029475	82029615	44.681	7.41e-06	54.7
Sceloporus_undulatus_C9A	OZ281146.1	591	82	456	537	22330610	22330365	56.098	9.52e-23	109
Sceloporus_undulatus_C9A	OZ281146.1	591	79	280	358	22335870	22335634	59.494	4.01e-22	107
Sceloporus_undulatus_C9A	OZ281146.1	591	45	156	200	22338540	22338406	64.444	3.05e-11	72.4
Sceloporus_undulatus_C9A	OZ281146.1	591	59	56	113	22341749	22341573	54.237	2.03e-10	69.7
Sceloporus_undulatus_C9A	OZ281146.1	591	55	534	588	22323646	22323482	56.364	3.89e-10	68.9
Sceloporus_undulatus_C9A	OZ281146.1	591	56	101	155	22339638	22339471	57.143	2.57e-08	62.8
Sceloporus_undulatus_C9A	OZ281146.1	591	55	534	587	23143800	23143636	52.727	6.23e-08	61.6
Sceloporus_undulatus_C9A	OZ281146.1	591	78	281	358	23150430	23150197	33.333	9.70e-08	60.8
Sceloporus_undulatus_C9A	OZ281146.1	591	79	17	82	22345479	22345243	41.772	5.51e-07	58.5
Sceloporus_undulatus_C9A	OZ281146.1	591	80	463	542	23146467	23146231	35.000	6.95e-06	55.1
Sceloporus_undulatus_C9A	OZ281146.1	591	66	400	465	22332894	22332697	36.364	9.53e-06	54.7
Sceloporus_undulatus_C9A	OZ281160.1	591	213	288	497	26454239	26453661	25.822	3.87e-09	65.5
Sceloporus_undulatus_C9A	OZ281160.1	591	223	302	518	26463730	26463107	23.767	2.22e-07	59.7
Sceloporus_undulatus_C9A	OZ281142.1	591	47	541	587	82029475	82029615	53.191	3.58e-08	62.4
Sceloporus_undulatus_C9A	OZ281142.1	591	79	280	358	82007736	82007972	35.443	1.58e-06	57.0
Sceloporus_undulatus_C9A	OZ281142.1	591	85	281	364	82060013	82059762	34.118	2.78e-06	56.2
Sceloporus_undulatus_C9A	OZ281142.1	591	70	460	528	82027904	82028101	38.571	3.02e-06	56.2
Anolis_carolinensis_C9B	OZ281146.1	538	77	281	357	22335867	22335637	62.338	7.77e-22	105
Anolis_carolinensis_C9B	OZ281146.1	538	74	456	529	22330610	22330389	60.811	7.84e-22	105
Anolis_carolinensis_C9B	OZ281146.1	538	45	156	200	22338540	22338406	75.556	1.61e-14	82.8
Anolis_carolinensis_C9B	OZ281146.1	538	70	56	124	22341749	22341540	54.286	3.45e-12	75.1
Anolis_carolinensis_C9B	OZ281146.1	538	57	101	155	22339638	22339471	56.140	1.22e-08	63.5
Anolis_carolinensis_C9B	OZ281146.1	538	75	281	355	23150430	23150206	37.333	2.27e-08	62.8
Anolis_carolinensis_C9B	OZ281146.1	538	41	17	57	22345479	22345357	60.976	7.11e-07	58.2
Anolis_carolinensis_C9B	OZ281146.1	538	57	401	457	22332891	22332721	43.860	7.61e-07	57.8
Anolis_carolinensis_C9B	OZ281146.1	538	49	59	107	23161863	23161717	44.898	8.03e-06	54.7
Anolis_carolinensis_C9B	OZ281160.1	538	234	288	520	26454239	26453589	26.923	1.71e-10	69.7
Anolis_carolinensis_C9B	OZ281160.1	538	222	302	518	26463730	26463107	24.324	3.22e-08	62.4
Anolis_carolinensis_C9B	OZ281142.1	538	77	281	357	82007739	82007969	35.065	5.47e-08	61.6
Hydrophis_cyanocinctus_C9B	OZ281146.1	582	78	276	353	22335867	22335634	53.846	3.57e-21	104
Hydrophis_cyanocinctus_C9B	OZ281146.1	582	73	458	530	22330589	22330371	56.164	1.43e-18	95.9
Hydrophis_cyanocinctus_C9B	OZ281146.1	582	59	98	155	22339647	22339471	59.322	8.16e-12	74.3
Hydrophis_cyanocinctus_C9B	OZ281146.1	582	45	156	200	22338540	22338406	62.222	1.76e-10	69.7
Hydrophis_cyanocinctus_C9B	OZ281146.1	582	56	527	582	22323652	22323485	53.571	2.27e-09	66.2
Hydrophis_cyanocinctus_C9B	OZ281146.1	582	61	53	113	22341755	22341573	42.623	1.78e-06	57.0
Hydrophis_cyanocinctus_C9B	OZ281146.1	582	81	273	353	23150439	23150197	30.864	2.90e-06	56.2
Hydrophis_cyanocinctus_C9B	OZ281146.1	582	41	15	55	22345482	22345360	56.098	5.82e-06	55.1
Hydrophis_cyanocinctus_C9B	OZ281146.1	582	86	400	483	22332879	22332643	32.558	8.32e-06	54.7
Hydrophis_cyanocinctus_C9B	OZ281146.1	582	55	529	582	23143800	23143636	43.636	8.61e-06	54.7
Hydrophis_cyanocinctus_C9B	OZ281160.1	582	241	283	515	26454239	26453589	26.141	1.27e-12	76.6
Hydrophis_cyanocinctus_C9B	OZ281160.1	582	223	297	513	26463730	26463107	26.009	8.35e-10	67.8
Hydrophis_cyanocinctus_C9B	OZ281142.1	582	70	455	523	82027904	82028101	42.857	1.30e-06	57.4
Hydrophis_cyanocinctus_C9B	OZ281142.1	582	78	276	353	82007739	82007972	32.051	2.10e-06	56.6
Hydrophis_cyanocinctus_C9B	OZ281142.1	582	47	536	582	82029475	82029615	48.936	2.62e-06	56.2
Bothrops_jararaca_C9B	OZ281146.1	583	78	277	354	22335867	22335634	57.692	3.24e-21	104
Bothrops_jararaca_C9B	OZ281146.1	583	73	459	531	22330589	22330371	60.274	1.19e-20	102
Bothrops_jararaca_C9B	OZ281146.1	583	45	157	201	22338540	22338406	66.667	3.73e-12	75.5
Bothrops_jararaca_C9B	OZ281146.1	583	59	99	156	22339647	22339471	55.932	1.08e-10	70.5
Bothrops_jararaca_C9B	OZ281146.1	583	56	528	583	22323652	22323485	57.143	1.94e-10	69.7
Bothrops_jararaca_C9B	OZ281146.1	583	76	49	124	22341770	22341543	40.789	3.18e-09	65.9
Bothrops_jararaca_C9B	OZ281146.1	583	81	274	354	23150439	23150197	32.099	3.04e-07	59.3
Bothrops_jararaca_C9B	OZ281146.1	583	60	16	71	22345482	22345303	45.000	8.31e-07	57.8
Bothrops_jararaca_C9B	OZ281160.1	583	235	286	516	26454233	26453589	25.957	1.09e-11	73.9
Bothrops_jararaca_C9B	OZ281160.1	583	229	298	514	26463730	26463107	27.074	1.52e-10	70.1
Bothrops_jararaca_C9B	OZ281142.1	583	81	274	354	82007730	82007972	33.333	4.10e-07	58.9
Bothrops_jararaca_C9B	OZ281142.1	583	70	456	524	82027904	82028101	41.429	1.02e-06	57.8
Bothrops_jararaca_C9B	OZ281142.1	583	47	537	583	82029475	82029615	46.809	1.74e-06	57.0
Laticauda_colubrina_C9B	OZ281146.1	583	82	277	358	22335867	22335622	52.439	3.83e-21	103
Laticauda_colubrina_C9B	OZ281146.1	583	73	459	531	22330589	22330371	58.904	1.32e-19	99.4
Laticauda_colubrina_C9B	OZ281146.1	583	45	157	201	22338540	22338406	66.667	4.90e-12	75.1
Laticauda_colubrina_C9B	OZ281146.1	583	59	99	156	22339647	22339471	57.627	1.53e-10	70.1
Laticauda_colubrina_C9B	OZ281146.1	583	56	528	583	22323652	22323485	57.143	2.21e-10	69.7
Laticauda_colubrina_C9B	OZ281146.1	583	81	274	354	23150439	23150197	32.099	3.02e-07	59.3
Laticauda_colubrina_C9B	OZ281146.1	583	41	16	56	22345482	22345360	58.537	3.12e-07	59.3
Laticauda_colubrina_C9B	OZ281146.1	583	71	54	124	22341755	22341543	40.845	3.58e-07	59.3
Laticauda_colubrina_C9B	OZ281146.1	583	55	530	583	23143800	23143636	45.455	7.22e-06	55.1
Laticauda_colubrina_C9B	OZ281160.1	583	239	284	516	26454239	26453589	24.686	2.07e-13	79.3
Laticauda_colubrina_C9B	OZ281160.1	583	223	298	514	26463730	26463107	26.457	1.74e-10	70.1
Laticauda_colubrina_C9B	OZ281142.1	583	78	277	354	82007739	82007972	32.051	8.17e-07	58.2
Laticauda_colubrina_C9B	OZ281142.1	583	70	456	524	82027904	82028101	41.429	7.47e-06	54.7
Pseudonaja_textilis_C9B	OZ281146.1	583	78	277	354	22335867	22335634	56.410	1.84e-22	108
Pseudonaja_textilis_C9B	OZ281146.1	583	77	452	528	22330610	22330380	54.545	8.21e-20	99.8
Pseudonaja_textilis_C9B	OZ281146.1	583	59	99	156	22339647	22339471	59.322	9.48e-12	73.9
Pseudonaja_textilis_C9B	OZ281146.1	583	45	157	201	22338540	22338406	64.444	9.16e-11	70.9
Pseudonaja_textilis_C9B	OZ281146.1	583	56	528	583	22323652	22323485	57.143	9.72e-11	70.9
Pseudonaja_textilis_C9B	OZ281146.1	583	42	16	57	22345482	22345357	57.143	3.52e-07	59.3
Pseudonaja_textilis_C9B	OZ281146.1	583	76	49	124	22341770	22341543	38.158	6.55e-07	58.2
Pseudonaja_textilis_C9B	OZ281146.1	583	78	277	354	23150430	23150197	30.769	1.33e-06	57.4
Pseudonaja_textilis_C9B	OZ281146.1	583	55	530	583	23143800	23143636	45.455	2.27e-06	56.6
Pseudonaja_textilis_C9B	OZ281146.1	583	61	401	461	22332879	22332697	40.984	9.98e-06	54.3
Pseudonaja_textilis_C9B	OZ281160.1	583	241	284	516	26454239	26453589	25.726	3.63e-12	75.5
Pseudonaja_textilis_C9B	OZ281160.1	583	228	298	514	26463730	26463107	26.316	6.89e-10	67.8
Pseudonaja_textilis_C9B	OZ281142.1	583	78	277	354	82007739	82007972	34.615	1.04e-07	60.8
Pseudonaja_textilis_C9B	OZ281142.1	583	79	448	524	82027877	82028101	43.038	4.54e-07	58.9
Pseudonaja_textilis_C9B	OZ281142.1	583	47	537	583	82029475	82029615	46.809	5.71e-07	58.5
Notechis_scutatus_C9B	OZ281146.1	583	78	277	354	22335867	22335634	56.410	3.40e-22	107
Notechis_scutatus_C9B	OZ281146.1	583	73	459	531	22330589	22330371	58.904	5.22e-20	100
Notechis_scutatus_C9B	OZ281146.1	583	59	99	156	22339647	22339471	59.322	8.41e-12	74.3
Notechis_scutatus_C9B	OZ281146.1	583	45	157	201	22338540	22338406	62.222	1.88e-10	69.7
Notechis_scutatus_C9B	OZ281146.1	583	56	528	583	22323652	22323485	53.571	3.07e-09	65.9
Notechis_scutatus_C9B	OZ281146.1	583	41	16	56	22345482	22345360	58.537	2.79e-07	59.3
Notechis_scutatus_C9B	OZ281146.1	583	71	54	124	22341755	22341543	39.437	1.50e-06	57.0
Notechis_scutatus_C9B	OZ281146.1	583	78	277	354	23150430	23150197	30.769	3.95e-06	55.8
Notechis_scutatus_C9B	OZ281146.1	583	55	530	583	23143800	23143636	43.636	8.78e-06	54.7
Notechis_scutatus_C9B	OZ281160.1	583	241	284	516	26454239	26453589	26.556	8.17e-14	80.5
Notechis_scutatus_C9B	OZ281160.1	583	223	298	514	26463730	26463107	27.803	1.51e-11	73.2
Notechis_scutatus_C9B	OZ281142.1	583	70	456	524	82027904	82028101	44.286	4.17e-07	58.9
Notechis_scutatus_C9B	OZ281142.1	583	78	277	354	82007739	82007972	33.333	5.62e-07	58.5
Notechis_scutatus_C9B	OZ281142.1	583	47	537	583	82029475	82029615	48.936	3.01e-06	56.2
Pituophis_catenifer_C9B	OZ281146.1	583	77	452	528	22330610	22330380	58.442	4.84e-22	107
Pituophis_catenifer_C9B	OZ281146.1	583	77	277	353	22335867	22335637	53.247	6.16e-20	100
Pituophis_catenifer_C9B	OZ281146.1	583	45	157	201	22338540	22338406	66.667	3.79e-12	75.1
Pituophis_catenifer_C9B	OZ281146.1	583	58	100	156	22339644	22339471	56.897	2.08e-11	72.8
Pituophis_catenifer_C9B	OZ281146.1	583	76	49	120	22341770	22341543	44.737	2.22e-08	63.2
Pituophis_catenifer_C9B	OZ281146.1	583	60	16	71	22345482	22345303	43.333	9.77e-07	57.8
Pituophis_catenifer_C9B	OZ281146.1	583	56	528	583	22323652	22323485	50.000	4.60e-06	55.5
Pituophis_catenifer_C9B	OZ281146.1	583	74	457	530	23146473	23146255	39.189	5.32e-06	55.5
Pituophis_catenifer_C9B	OZ281160.1	583	229	298	514	26463730	26463107	27.074	4.70e-12	75.1
Pituophis_catenifer_C9B	OZ281160.1	583	234	284	516	26454239	26453589	25.214	5.97e-12	74.7
Pituophis_catenifer_C9B	OZ281142.1	583	70	456	524	82027904	82028101	42.857	9.36e-07	57.8
Pituophis_catenifer_C9B	OZ281142.1	583	77	277	353	82007739	82007969	33.766	6.25e-06	55.1
Pantherophis_obsoletus_C9B	OZ281146.1	583	78	277	354	22335867	22335634	56.410	9.76e-22	105
Pantherophis_obsoletus_C9B	OZ281146.1	583	80	452	531	22330610	22330371	56.250	5.15e-21	103
Pantherophis_obsoletus_C9B	OZ281146.1	583	46	157	202	22338540	22338403	65.217	4.31e-12	75.1
Pantherophis_obsoletus_C9B	OZ281146.1	583	58	100	156	22339644	22339471	56.897	2.18e-11	72.8
Pantherophis_obsoletus_C9B	OZ281146.1	583	77	48	120	22341773	22341543	44.156	4.30e-10	68.6
Pantherophis_obsoletus_C9B	OZ281146.1	583	60	16	71	22345482	22345303	48.333	5.77e-08	61.6
Pantherophis_obsoletus_C9B	OZ281146.1	583	81	274	354	23150439	23150197	33.333	5.38e-07	58.5
Pantherophis_obsoletus_C9B	OZ281146.1	583	56	528	583	22323652	22323485	51.786	6.38e-07	58.2
Pantherophis_obsoletus_C9B	OZ281160.1	583	229	298	514	26463730	26463107	25.764	2.58e-11	72.4
Pantherophis_obsoletus_C9B	OZ281160.1	583	234	284	516	26454239	26453589	24.359	7.72e-11	70.9
Pantherophis_obsoletus_C9B	OZ281142.1	583	81	274	354	82007730	82007972	37.037	3.29e-08	62.4
Crotalus_tigris_C9B	OZ281146.1	583	76	277	352	22335867	22335640	56.579	1.62e-20	102
Crotalus_tigris_C9B	OZ281146.1	583	77	452	528	22330610	22330380	54.545	1.03e-19	99.8
Crotalus_tigris_C9B	OZ281146.1	583	59	99	156	22339647	22339471	55.932	3.67e-11	72.0
Crotalus_tigris_C9B	OZ281146.1	583	45	157	201	22338540	22338406	64.444	4.90e-11	71.6
Crotalus_tigris_C9B	OZ281146.1	583	77	48	120	22341773	22341543	42.857	2.28e-09	66.2
Crotalus_tigris_C9B	OZ281146.1	583	56	528	583	22323652	22323485	51.786	6.24e-08	61.6
Crotalus_tigris_C9B	OZ281146.1	583	60	16	71	22345482	22345303	45.000	3.80e-07	58.9
Crotalus_tigris_C9B	OZ281160.1	583	234	284	516	26454239	26453589	23.504	5.25e-12	74.7
Crotalus_tigris_C9B	OZ281160.1	583	225	298	514	26463730	26463107	27.556	1.96e-10	69.7
Crotalus_tigris_C9B	OZ281142.1	583	79	448	524	82027877	82028101	41.772	1.49e-07	60.5
Ptyas_mucosa_C9B	OZ281146.1	583	72	460	531	22330586	22330371	59.722	4.31e-20	100
Ptyas_mucosa_C9B	OZ281146.1	583	77	277	353	22335867	22335637	53.247	8.07e-20	99.8
Ptyas_mucosa_C9B	OZ281146.1	583	45	157	201	22338540	22338406	66.667	2.51e-12	75.9
Ptyas_mucosa_C9B	OZ281146.1	583	59	99	156	22339647	22339471	55.932	2.79e-11	72.4
Ptyas_mucosa_C9B	OZ281146.1	583	76	49	120	22341770	22341543	43.421	5.82e-09	65.1
Ptyas_mucosa_C9B	OZ281146.1	583	56	528	583	22323652	22323485	50.000	3.96e-07	58.9
Ptyas_mucosa_C9B	OZ281160.1	583	225	298	514	26463730	26463107	26.222	1.08e-09	67.4
Ptyas_mucosa_C9B	OZ281160.1	583	234	284	516	26454239	26453589	22.650	2.40e-09	66.2
Ptyas_mucosa_C9B	OZ281142.1	583	77	277	353	82007739	82007969	33.766	6.58e-06	55.1
