Lacerta_agilis_C9A	CM080059.1	589	77	458	534	22214691	22214461	77.922	1.98e-31	136
Lacerta_agilis_C9A	CM080059.1	589	86	275	360	22222827	22222570	61.628	1.78e-26	120
Lacerta_agilis_C9A	CM080059.1	589	47	155	201	22227144	22227004	76.596	1.21e-16	89.7
Lacerta_agilis_C9A	CM080059.1	589	50	105	154	22228312	22228163	78.000	2.91e-14	82.0
Lacerta_agilis_C9A	CM080059.1	589	59	400	457	22216834	22216658	61.017	4.58e-13	78.2
Lacerta_agilis_C9A	CM080059.1	589	51	55	105	22230552	22230400	58.824	9.75e-12	73.9
Lacerta_agilis_C9A	CM080059.1	589	77	201	275	22223772	22223545	46.753	1.08e-08	63.9
Lacerta_agilis_C9A	CM080059.1	589	60	470	529	22990654	22990833	46.667	1.08e-07	60.8
Lacerta_agilis_C9A	CM080061.1	589	46	537	581	168548188	168548325	56.522	3.61e-08	62.4
Lacerta_agilis_C9A	CM080061.1	589	81	279	359	168590172	168589930	33.333	1.12e-07	60.8
Lacerta_agilis_C9A	CM080063.1	589	219	300	516	112729191	112728592	23.744	1.07e-07	60.8
Lacerta_agilis_C9A	CM080063.1	589	222	300	516	111459942	111460565	24.324	1.30e-07	60.5
Zootoca_vivipara_C9A	CM080059.1	589	77	458	534	22214691	22214461	75.325	1.46e-30	133
Zootoca_vivipara_C9A	CM080059.1	589	89	272	360	22222836	22222570	60.674	1.72e-26	120
Zootoca_vivipara_C9A	CM080059.1	589	47	155	201	22227144	22227004	76.596	1.38e-16	89.7
Zootoca_vivipara_C9A	CM080059.1	589	50	105	154	22228312	22228163	76.000	4.32e-14	81.6
Zootoca_vivipara_C9A	CM080059.1	589	59	400	457	22216834	22216658	61.017	5.92e-13	77.8
Zootoca_vivipara_C9A	CM080059.1	589	51	55	105	22230552	22230400	58.824	1.67e-11	73.2
Zootoca_vivipara_C9A	CM080059.1	589	60	470	529	22990654	22990833	45.000	2.31e-07	59.7
Zootoca_vivipara_C9A	CM080059.1	589	76	201	275	22223772	22223545	42.105	2.96e-07	59.3
Zootoca_vivipara_C9A	CM080061.1	589	46	537	581	168548188	168548325	54.348	1.27e-07	60.5
Zootoca_vivipara_C9A	CM080061.1	589	81	279	359	168590172	168589930	33.333	2.24e-07	59.7
Zootoca_vivipara_C9A	CM080063.1	589	219	300	516	112729191	112728592	23.744	1.51e-07	60.5
Zootoca_vivipara_C9A	CM080063.1	589	222	300	516	111459942	111460565	23.423	3.97e-06	55.8
Podarcis_muralis_C9A	CM080059.1	589	77	458	534	22214691	22214461	72.727	1.16e-29	130
Podarcis_muralis_C9A	CM080059.1	589	89	272	360	22222836	22222570	58.427	3.44e-25	117
Podarcis_muralis_C9A	CM080059.1	589	47	155	201	22227144	22227004	76.596	1.39e-16	89.7
Podarcis_muralis_C9A	CM080059.1	589	50	105	154	22228312	22228163	78.000	2.64e-14	82.4
Podarcis_muralis_C9A	CM080059.1	589	59	400	457	22216834	22216658	62.712	1.38e-13	80.1
Podarcis_muralis_C9A	CM080059.1	589	51	55	105	22230552	22230400	60.784	2.05e-12	76.3
Podarcis_muralis_C9A	CM080059.1	589	77	201	275	22223772	22223545	46.753	2.77e-08	62.8
Podarcis_muralis_C9A	CM080059.1	589	60	470	529	22990654	22990833	43.333	1.34e-07	60.5
Podarcis_muralis_C9A	CM080059.1	589	75	515	587	22992256	22992480	38.667	4.32e-06	55.5
Podarcis_muralis_C9A	CM080059.1	589	60	519	574	23031611	23031432	53.333	8.32e-06	54.7
Podarcis_muralis_C9A	CM080063.1	589	219	300	516	112729191	112728592	24.201	2.34e-08	63.2
Podarcis_muralis_C9A	CM080063.1	589	222	300	516	111459942	111460565	22.973	5.44e-06	55.5
Podarcis_muralis_C9A	CM080061.1	589	46	537	581	168548188	168548325	56.522	8.54e-08	61.2
Podarcis_muralis_C9A	CM080061.1	589	81	279	359	168590172	168589930	32.099	5.47e-07	58.5
Anolis_carolinensis_C9A	CM080059.1	591	80	458	537	22214697	22214458	78.750	5.13e-33	141
Anolis_carolinensis_C9A	CM080059.1	591	81	281	361	22222815	22222573	70.370	4.48e-29	129
Anolis_carolinensis_C9A	CM080059.1	591	49	154	202	22227150	22227004	81.633	4.91e-19	97.4
Anolis_carolinensis_C9A	CM080059.1	591	50	106	155	22228312	22228163	86.000	3.91e-18	94.7
Anolis_carolinensis_C9A	CM080059.1	591	61	56	113	22230552	22230370	62.295	4.21e-14	81.6
Anolis_carolinensis_C9A	CM080059.1	591	60	400	459	22216840	22216661	61.667	6.84e-13	77.8
Anolis_carolinensis_C9A	CM080059.1	591	77	201	277	22223775	22223545	50.649	1.64e-11	73.2
Anolis_carolinensis_C9A	CM080059.1	591	43	26	68	22233838	22233710	60.465	1.29e-08	63.9
Anolis_carolinensis_C9A	CM080059.1	591	68	524	591	22212722	22212519	57.353	1.46e-08	63.5
Anolis_carolinensis_C9A	CM080059.1	591	110	456	555	22990609	22990929	35.455	2.16e-08	63.2
Anolis_carolinensis_C9A	CM080059.1	591	78	281	358	23043671	23043438	35.897	1.19e-06	57.4
Anolis_carolinensis_C9A	CM080059.1	591	50	542	591	22992334	22992483	48.000	1.43e-06	57.4
Anolis_carolinensis_C9A	CM080059.1	591	77	284	359	22983625	22983855	33.766	7.30e-06	55.1
Anolis_carolinensis_C9A	CM080061.1	591	81	281	361	168590172	168589930	34.568	2.39e-08	63.2
Anolis_carolinensis_C9A	CM080061.1	591	51	533	583	168548170	168548322	49.020	2.76e-08	62.8
Anolis_carolinensis_C9A	CM080061.1	591	78	281	358	168539458	168539691	35.897	3.06e-08	62.8
Anolis_carolinensis_C9A	CM080063.1	591	222	302	518	111459942	111460565	25.225	4.05e-07	58.9
Pogona_vitticeps_C9A	CM080059.1	576	106	235	340	22222896	22222579	77.358	7.59e-45	176
Pogona_vitticeps_C9A	CM080059.1	576	78	439	516	22214697	22214464	82.051	6.61e-33	140
Pogona_vitticeps_C9A	CM080059.1	576	77	154	230	22227150	22226926	81.818	2.69e-31	135
Pogona_vitticeps_C9A	CM080059.1	576	60	381	440	22216840	22216661	85.000	6.10e-23	109
Pogona_vitticeps_C9A	CM080059.1	576	61	56	113	22230552	22230370	80.328	1.05e-21	105
Pogona_vitticeps_C9A	CM080059.1	576	50	106	155	22228312	22228163	96.000	2.84e-20	101
Pogona_vitticeps_C9A	CM080059.1	576	59	520	575	22212695	22212519	84.746	2.08e-14	82.4
Pogona_vitticeps_C9A	CM080059.1	576	44	25	68	22233841	22233710	68.182	2.22e-09	66.2
Pogona_vitticeps_C9A	CM080059.1	576	73	438	510	22990612	22990827	41.096	1.20e-07	60.5
Pogona_vitticeps_C9A	CM080059.1	576	41	339	379	22218708	22218586	65.854	1.24e-07	60.5
Pogona_vitticeps_C9A	CM080059.1	576	83	257	339	23043686	23043438	36.145	3.87e-07	58.9
Pogona_vitticeps_C9A	CM080059.1	576	42	521	561	23031557	23031432	61.905	1.39e-06	57.0
Pogona_vitticeps_C9A	CM080059.1	576	50	526	575	22992334	22992483	50.000	1.48e-06	57.0
Pogona_vitticeps_C9A	CM080061.1	576	53	515	567	168548164	168548322	56.604	1.01e-09	67.4
Pogona_vitticeps_C9A	CM080061.1	576	106	239	340	168590253	168589936	30.189	8.63e-09	64.3
Pogona_vitticeps_C9A	CM080061.1	576	88	252	339	168539428	168539691	31.818	2.92e-08	62.8
Pogona_vitticeps_C9A	CM080061.1	576	79	431	509	168569304	168569068	34.177	9.97e-07	57.8
Pogona_vitticeps_C9A	CM080063.1	576	224	283	501	111459942	111460571	24.554	9.08e-09	64.3
Pogona_vitticeps_C9A	CM080063.1	576	210	294	501	112729158	112728586	25.714	5.09e-07	58.5
Gekko_japonicus_C9A	CM080059.1	582	104	278	381	22222851	22222555	50.962	1.03e-23	112
Gekko_japonicus_C9A	CM080059.1	582	70	455	524	22214688	22214479	71.429	1.14e-23	112
Gekko_japonicus_C9A	CM080059.1	582	49	171	219	22227150	22227004	63.265	4.15e-13	78.2
Gekko_japonicus_C9A	CM080059.1	582	46	536	581	22992334	22992471	58.696	1.61e-09	66.6
Gekko_japonicus_C9A	CM080059.1	582	51	122	172	22228312	22228163	58.824	6.42e-09	64.7
Gekko_japonicus_C9A	CM080059.1	582	67	457	523	22990630	22990827	44.776	4.68e-08	62.0
Gekko_japonicus_C9A	CM080059.1	582	65	25	81	22233904	22233710	46.154	5.69e-07	58.5
Gekko_japonicus_C9A	CM080059.1	582	65	69	130	22230552	22230367	49.231	5.78e-07	58.5
Gekko_japonicus_C9A	CM080059.1	582	61	391	451	22216849	22216667	39.344	9.56e-07	57.8
Gekko_japonicus_C9A	CM080059.1	582	82	291	372	23043683	23043438	30.488	1.79e-06	57.0
Gekko_japonicus_C9A	CM080059.1	582	58	466	523	23032276	23032103	41.379	1.81e-06	57.0
Gekko_japonicus_C9A	CM080063.1	582	222	316	512	111459942	111460565	27.027	1.23e-08	63.9
Gekko_japonicus_C9A	CM080061.1	582	81	295	375	168590172	168589930	29.630	3.19e-07	59.3
Gekko_japonicus_C9A	CM080061.1	582	49	529	577	168548176	168548322	48.980	3.91e-07	58.9
Gekko_japonicus_C9A	CM080061.1	582	78	295	372	168539458	168539691	32.051	1.68e-06	57.0
Crotalus_tigris_C9A	CM080059.1	583	79	454	532	22214697	22214461	62.025	1.55e-25	117
Crotalus_tigris_C9A	CM080059.1	583	75	277	351	22222815	22222591	65.333	3.74e-23	110
Crotalus_tigris_C9A	CM080059.1	583	88	122	203	22227264	22227004	45.455	6.14e-14	80.9
Crotalus_tigris_C9A	CM080059.1	583	50	107	156	22228312	22228163	68.000	2.88e-11	72.4
Crotalus_tigris_C9A	CM080059.1	583	56	400	455	22216828	22216661	53.571	9.67e-10	67.4
Crotalus_tigris_C9A	CM080059.1	583	55	529	583	22212695	22212531	67.273	4.17e-08	62.0
Crotalus_tigris_C9A	CM080059.1	583	73	453	525	22990612	22990827	38.356	2.98e-07	59.3
Crotalus_tigris_C9A	CM080059.1	583	44	25	68	22233841	22233710	54.545	1.36e-06	57.4
Crotalus_tigris_C9A	CM080063.1	583	222	298	514	111459942	111460565	26.126	8.22e-10	67.8
Crotalus_tigris_C9A	CM080063.1	583	217	298	514	112729191	112728592	23.963	1.82e-08	63.2
Crotalus_tigris_C9A	CM080061.1	583	74	277	350	168590172	168589951	33.784	2.13e-06	56.6
Thamnophis_elegans_C9A	CM080059.1	583	85	274	358	22222824	22222570	62.353	2.52e-24	114
Thamnophis_elegans_C9A	CM080059.1	583	76	458	533	22214685	22214458	63.158	5.32e-23	109
Thamnophis_elegans_C9A	CM080059.1	583	49	155	203	22227150	22227004	65.306	5.49e-14	81.3
Thamnophis_elegans_C9A	CM080059.1	583	68	396	463	22216840	22216637	48.529	6.17e-11	71.2
Thamnophis_elegans_C9A	CM080059.1	583	50	107	156	22228312	22228163	64.000	1.36e-09	67.0
Thamnophis_elegans_C9A	CM080059.1	583	54	530	583	22212692	22212531	64.815	1.89e-08	63.2
Thamnophis_elegans_C9A	CM080059.1	583	44	25	68	22233841	22233710	54.545	2.88e-07	59.3
Thamnophis_elegans_C9A	CM080059.1	583	45	530	573	23031566	23031432	55.556	5.75e-07	58.5
Thamnophis_elegans_C9A	CM080059.1	583	47	537	583	22992331	22992471	51.064	9.92e-07	57.8
Thamnophis_elegans_C9A	CM080059.1	583	52	56	107	22230552	22230400	46.154	4.29e-06	55.5
Thamnophis_elegans_C9A	CM080063.1	583	222	298	514	111459942	111460565	25.225	2.18e-08	63.2
Thamnophis_elegans_C9A	CM080061.1	583	50	530	579	168548173	168548322	50.000	6.44e-08	61.6
Thamnophis_elegans_C9A	CM080061.1	583	70	277	346	168590172	168589963	35.714	2.81e-07	59.3
Naja_naja_C9A	CM080059.1	582	75	457	531	22214685	22214461	64.000	1.96e-24	114
Naja_naja_C9A	CM080059.1	582	77	277	353	22222815	22222585	62.338	1.36e-22	108
Naja_naja_C9A	CM080059.1	582	49	155	203	22227150	22227004	63.265	4.69e-13	78.2
Naja_naja_C9A	CM080059.1	582	50	107	156	22228312	22228163	70.000	1.54e-11	73.2
Naja_naja_C9A	CM080059.1	582	44	25	68	22233841	22233710	63.636	7.74e-09	64.7
Naja_naja_C9A	CM080059.1	582	65	390	454	22216846	22216661	47.692	3.36e-08	62.4
Naja_naja_C9A	CM080059.1	582	51	532	582	22212683	22212531	70.588	5.01e-08	62.0
Naja_naja_C9A	CM080059.1	582	73	452	524	22990612	22990827	35.616	4.11e-07	58.9
Naja_naja_C9A	CM080059.1	582	43	536	578	22992331	22992459	55.814	6.77e-06	55.1
Naja_naja_C9A	CM080063.1	582	216	298	513	112729191	112728592	22.685	2.08e-07	60.1
Naja_naja_C9A	CM080063.1	582	224	298	513	111459942	111460565	23.661	2.38e-07	59.7
Naja_naja_C9A	CM080061.1	582	51	528	578	168548170	168548322	49.020	4.40e-07	58.9
Naja_naja_C9A	CM080061.1	582	70	277	346	168590172	168589963	35.714	4.28e-06	55.5
Naja_naja_C9A	CM080061.1	582	74	277	350	168539458	168539679	35.135	4.54e-06	55.5
Pseudonaja_textilis_C9A	CM080059.1	583	75	458	532	22214685	22214461	66.667	1.86e-25	117
Pseudonaja_textilis_C9A	CM080059.1	583	77	277	353	22222815	22222585	63.636	3.03e-23	110
Pseudonaja_textilis_C9A	CM080059.1	583	49	155	203	22227150	22227004	63.265	4.87e-13	78.2
Pseudonaja_textilis_C9A	CM080059.1	583	50	107	156	22228312	22228163	66.000	9.06e-11	70.9
Pseudonaja_textilis_C9A	CM080059.1	583	44	25	68	22233841	22233710	61.364	3.20e-08	62.4
Pseudonaja_textilis_C9A	CM080059.1	583	51	533	583	22212683	22212531	72.549	3.54e-08	62.4
Pseudonaja_textilis_C9A	CM080059.1	583	55	401	455	22216825	22216661	45.455	1.87e-07	60.1
Pseudonaja_textilis_C9A	CM080059.1	583	76	452	527	22990609	22990833	35.526	5.10e-07	58.5
Pseudonaja_textilis_C9A	CM080059.1	583	47	537	583	22992331	22992471	53.191	3.65e-06	55.8
Pseudonaja_textilis_C9A	CM080063.1	583	222	298	514	111459942	111460565	24.324	3.96e-08	62.4
Pseudonaja_textilis_C9A	CM080063.1	583	217	298	514	112729191	112728592	22.120	1.02e-07	60.8
Pseudonaja_textilis_C9A	CM080061.1	583	51	529	579	168548170	168548322	49.020	4.16e-07	58.9
Pseudonaja_textilis_C9A	CM080061.1	583	70	277	346	168590172	168589963	34.286	3.08e-06	56.2
Python_bivittatus_C9A	CM080059.1	582	79	454	532	22214697	22214461	67.089	1.18e-26	121
Python_bivittatus_C9A	CM080059.1	582	79	277	355	22222815	22222579	64.557	1.10e-23	112
Python_bivittatus_C9A	CM080059.1	582	49	155	203	22227150	22227004	63.265	1.70e-13	79.7
Python_bivittatus_C9A	CM080059.1	582	50	107	156	22228312	22228163	66.000	3.26e-10	68.9
Python_bivittatus_C9A	CM080059.1	582	48	535	582	22212674	22212531	83.333	4.95e-10	68.6
Python_bivittatus_C9A	CM080059.1	582	62	396	457	22216840	22216655	51.613	8.63e-10	67.8
Python_bivittatus_C9A	CM080059.1	582	44	25	68	22233841	22233710	59.091	3.00e-08	62.8
Python_bivittatus_C9A	CM080059.1	582	73	453	525	22990612	22990827	39.726	8.95e-08	61.2
Python_bivittatus_C9A	CM080059.1	582	52	56	107	22230552	22230400	50.000	6.83e-06	55.1
Python_bivittatus_C9A	CM080059.1	582	39	536	574	22992331	22992447	58.974	9.43e-06	54.7
Python_bivittatus_C9A	CM080063.1	582	222	298	514	111459942	111460565	25.676	8.01e-09	64.3
Python_bivittatus_C9A	CM080063.1	582	221	298	514	112729191	112728592	23.982	3.39e-08	62.4
Python_bivittatus_C9A	CM080061.1	582	79	277	355	168590172	168589936	34.177	5.37e-08	61.6
Python_bivittatus_C9A	CM080061.1	582	73	453	524	168569286	168569068	36.986	6.10e-08	61.6
Python_bivittatus_C9A	CM080061.1	582	51	528	578	168548170	168548322	52.941	4.22e-07	58.9
Notechis_scutatus_C9A	CM080059.1	583	76	458	533	22214685	22214458	64.474	5.30e-25	116
Notechis_scutatus_C9A	CM080059.1	583	77	277	353	22222815	22222585	63.636	3.05e-23	110
Notechis_scutatus_C9A	CM080059.1	583	49	155	203	22227150	22227004	63.265	4.47e-13	78.2
Notechis_scutatus_C9A	CM080059.1	583	50	107	156	22228312	22228163	68.000	3.16e-11	72.4
Notechis_scutatus_C9A	CM080059.1	583	44	25	68	22233841	22233710	61.364	3.23e-08	62.4
Notechis_scutatus_C9A	CM080059.1	583	51	533	583	22212683	22212531	72.549	3.37e-08	62.4
Notechis_scutatus_C9A	CM080059.1	583	65	391	455	22216846	22216661	43.077	1.23e-07	60.5
Notechis_scutatus_C9A	CM080059.1	583	76	452	527	22990609	22990833	35.526	7.95e-07	58.2
Notechis_scutatus_C9A	CM080059.1	583	47	537	583	22992331	22992471	53.191	3.56e-06	55.8
Notechis_scutatus_C9A	CM080063.1	583	222	298	514	111459942	111460565	24.324	4.50e-08	62.0
Notechis_scutatus_C9A	CM080063.1	583	217	298	514	112729191	112728592	22.120	2.16e-07	59.7
Notechis_scutatus_C9A	CM080061.1	583	47	533	579	168548182	168548322	48.936	1.74e-06	57.0
Notechis_scutatus_C9A	CM080061.1	583	70	277	346	168590172	168589963	34.286	3.29e-06	55.8
Hydrophis_cyanocinctus_C9A	CM080059.1	583	76	458	533	22214685	22214458	64.474	3.35e-25	116
Hydrophis_cyanocinctus_C9A	CM080059.1	583	81	273	353	22222827	22222585	61.728	1.32e-23	111
Hydrophis_cyanocinctus_C9A	CM080059.1	583	49	155	203	22227150	22227004	65.306	2.06e-13	79.3
Hydrophis_cyanocinctus_C9A	CM080059.1	583	50	107	156	22228312	22228163	68.000	3.30e-11	72.4
Hydrophis_cyanocinctus_C9A	CM080059.1	583	44	25	68	22233841	22233710	61.364	3.43e-08	62.4
Hydrophis_cyanocinctus_C9A	CM080059.1	583	51	533	583	22212683	22212531	72.549	3.64e-08	62.4
Hydrophis_cyanocinctus_C9A	CM080059.1	583	65	391	455	22216846	22216661	44.615	5.76e-08	61.6
Hydrophis_cyanocinctus_C9A	CM080059.1	583	76	452	527	22990609	22990833	35.526	7.62e-07	58.2
Hydrophis_cyanocinctus_C9A	CM080059.1	583	47	537	583	22992331	22992471	53.191	3.41e-06	55.8
Hydrophis_cyanocinctus_C9A	CM080063.1	583	217	298	514	112729191	112728592	23.502	1.93e-08	63.2
Hydrophis_cyanocinctus_C9A	CM080063.1	583	222	298	514	111459942	111460565	23.874	5.66e-08	61.6
Hydrophis_cyanocinctus_C9A	CM080061.1	583	47	533	579	168548182	168548322	48.936	1.78e-06	57.0
Hydrophis_cyanocinctus_C9A	CM080061.1	583	74	273	346	168590184	168589963	33.784	2.36e-06	56.6
Laticauda_colubrina_C9A	CM080059.1	583	75	458	532	22214685	22214461	66.667	8.78e-25	115
Laticauda_colubrina_C9A	CM080059.1	583	77	277	353	22222815	22222585	63.636	2.77e-23	110
Laticauda_colubrina_C9A	CM080059.1	583	49	155	203	22227150	22227004	63.265	5.88e-13	77.8
Laticauda_colubrina_C9A	CM080059.1	583	50	107	156	22228312	22228163	66.000	7.90e-11	70.9
Laticauda_colubrina_C9A	CM080059.1	583	65	391	455	22216846	22216661	47.692	2.68e-08	62.8
Laticauda_colubrina_C9A	CM080059.1	583	44	25	68	22233841	22233710	61.364	4.39e-08	62.0
Laticauda_colubrina_C9A	CM080059.1	583	51	533	583	22212683	22212531	70.588	1.10e-07	60.8
Laticauda_colubrina_C9A	CM080059.1	583	75	453	527	22990612	22990833	36.000	5.56e-07	58.5
Laticauda_colubrina_C9A	CM080059.1	583	47	537	583	22992331	22992471	53.191	3.44e-06	55.8
Laticauda_colubrina_C9A	CM080063.1	583	217	298	514	112729191	112728592	22.120	8.75e-08	61.2
Laticauda_colubrina_C9A	CM080063.1	583	222	298	514	111459942	111460565	23.874	1.97e-07	60.1
Laticauda_colubrina_C9A	CM080061.1	583	47	533	579	168548182	168548322	48.936	2.04e-06	56.6
Laticauda_colubrina_C9A	CM080061.1	583	70	277	346	168590172	168589963	34.286	3.41e-06	55.8
Protobothrops_mucrosquamatus_C9A	CM080059.1	583	75	458	532	22214685	22214461	69.333	3.91e-27	122
Protobothrops_mucrosquamatus_C9A	CM080059.1	583	82	274	355	22222824	22222579	65.854	1.36e-26	121
Protobothrops_mucrosquamatus_C9A	CM080059.1	583	49	155	203	22227150	22227004	67.347	3.62e-15	85.1
Protobothrops_mucrosquamatus_C9A	CM080059.1	583	54	530	583	22212692	22212531	74.074	1.03e-10	70.5
Protobothrops_mucrosquamatus_C9A	CM080059.1	583	50	107	156	22228312	22228163	64.000	1.11e-09	67.4
Protobothrops_mucrosquamatus_C9A	CM080059.1	583	62	396	457	22216840	22216655	48.387	1.88e-09	66.6
Protobothrops_mucrosquamatus_C9A	CM080059.1	583	73	453	525	22990612	22990827	39.726	1.45e-07	60.5
Protobothrops_mucrosquamatus_C9A	CM080059.1	583	43	537	579	22992331	22992459	55.814	2.67e-07	59.7
Protobothrops_mucrosquamatus_C9A	CM080059.1	583	44	25	68	22233841	22233710	54.545	5.24e-07	58.5
Protobothrops_mucrosquamatus_C9A	CM080059.1	583	75	203	272	22223772	22223548	37.333	4.25e-06	55.5
Protobothrops_mucrosquamatus_C9A	CM080063.1	583	222	298	514	111459942	111460565	27.027	2.38e-10	69.3
Protobothrops_mucrosquamatus_C9A	CM080063.1	583	224	298	514	112729191	112728592	22.768	2.60e-06	56.2
Protobothrops_mucrosquamatus_C9A	CM080061.1	583	51	529	579	168548170	168548322	54.902	7.50e-09	64.7
Protobothrops_mucrosquamatus_C9A	CM080061.1	583	79	277	355	168590172	168589936	32.911	3.83e-08	62.4
Protobothrops_mucrosquamatus_C9A	CM080061.1	583	78	277	354	168539458	168539691	32.051	3.62e-06	55.8
Chrysopelea_ornata_C9A	CM080059.1	584	85	274	358	22222824	22222570	64.706	4.51e-27	122
Chrysopelea_ornata_C9A	CM080059.1	584	75	459	533	22214685	22214461	69.333	1.40e-26	121
Chrysopelea_ornata_C9A	CM080059.1	584	49	155	203	22227150	22227004	67.347	1.45e-14	83.2
Chrysopelea_ornata_C9A	CM080059.1	584	61	396	456	22216843	22216661	54.098	1.59e-11	73.2
Chrysopelea_ornata_C9A	CM080059.1	584	50	107	156	22228312	22228163	64.000	3.66e-10	68.9
Chrysopelea_ornata_C9A	CM080059.1	584	44	25	68	22233841	22233710	63.636	1.71e-08	63.5
Chrysopelea_ornata_C9A	CM080059.1	584	73	454	526	22990612	22990827	38.356	2.73e-07	59.7
Chrysopelea_ornata_C9A	CM080059.1	584	47	538	584	22992331	22992471	55.319	3.04e-07	59.3
Chrysopelea_ornata_C9A	CM080059.1	584	55	530	584	22212695	22212531	60.000	1.59e-06	57.0
Chrysopelea_ornata_C9A	CM080059.1	584	76	202	272	22223775	22223548	36.842	3.75e-06	55.8
Chrysopelea_ornata_C9A	CM080061.1	584	81	277	357	168590172	168589930	34.568	6.74e-09	64.7
Chrysopelea_ornata_C9A	CM080061.1	584	51	530	580	168548170	168548322	52.941	1.23e-08	63.9
Chrysopelea_ornata_C9A	CM080063.1	584	223	298	515	111459942	111460565	25.561	5.49e-08	61.6
Pituophis_catenifer_C9A	CM080059.1	583	82	277	358	22222815	22222570	63.415	1.62e-24	114
Pituophis_catenifer_C9A	CM080059.1	583	75	458	532	22214685	22214461	65.333	1.62e-24	114
Pituophis_catenifer_C9A	CM080059.1	583	49	155	203	22227150	22227004	59.184	1.75e-12	76.3
Pituophis_catenifer_C9A	CM080059.1	583	65	391	455	22216852	22216661	53.846	4.69e-11	71.6
Pituophis_catenifer_C9A	CM080059.1	583	50	107	156	22228312	22228163	64.000	4.44e-10	68.6
Pituophis_catenifer_C9A	CM080059.1	583	47	537	583	22992331	22992471	55.319	1.21e-07	60.8
Pituophis_catenifer_C9A	CM080059.1	583	44	25	68	22233841	22233710	59.091	1.25e-07	60.5
Pituophis_catenifer_C9A	CM080059.1	583	50	534	583	22212680	22212531	66.000	5.06e-07	58.5
Pituophis_catenifer_C9A	CM080059.1	583	76	203	273	22223772	22223545	39.474	1.58e-06	57.0
Pituophis_catenifer_C9A	CM080063.1	583	224	298	516	111459942	111460571	27.232	2.90e-11	72.4
Pituophis_catenifer_C9A	CM080061.1	583	52	529	580	168548170	168548325	51.923	5.66e-08	61.6
Pituophis_catenifer_C9A	CM080061.1	583	70	277	346	168590172	168589963	35.714	1.09e-06	57.4
Pituophis_catenifer_C9A	CM080061.1	583	78	273	350	168539446	168539679	33.333	9.79e-06	54.3
Pantherophis_obsoletus_C9A	CM080059.1	583	85	274	358	22222824	22222570	65.882	3.16e-28	126
Pantherophis_obsoletus_C9A	CM080059.1	583	75	458	532	22214685	22214461	65.333	1.51e-24	114
Pantherophis_obsoletus_C9A	CM080059.1	583	49	155	203	22227150	22227004	61.224	3.73e-13	78.6
Pantherophis_obsoletus_C9A	CM080059.1	583	60	396	455	22216840	22216661	53.333	5.02e-11	71.6
Pantherophis_obsoletus_C9A	CM080059.1	583	50	107	156	22228312	22228163	62.000	4.88e-10	68.6
Pantherophis_obsoletus_C9A	CM080059.1	583	47	537	583	22992331	22992471	55.319	1.18e-07	60.8
Pantherophis_obsoletus_C9A	CM080059.1	583	44	25	68	22233841	22233710	61.364	1.85e-07	60.1
Pantherophis_obsoletus_C9A	CM080059.1	583	55	529	583	22212695	22212531	61.818	2.98e-07	59.3
Pantherophis_obsoletus_C9A	CM080059.1	583	52	56	107	22230552	22230400	48.077	3.94e-06	55.8
Pantherophis_obsoletus_C9A	CM080063.1	583	224	298	516	111459942	111460571	28.125	3.88e-12	75.1
Pantherophis_obsoletus_C9A	CM080063.1	583	221	298	516	112729191	112728586	23.077	1.56e-06	57.0
Pantherophis_obsoletus_C9A	CM080061.1	583	79	277	355	168590172	168589936	35.443	1.05e-08	63.9
Pantherophis_obsoletus_C9A	CM080061.1	583	52	529	580	168548170	168548325	51.923	2.07e-08	63.2
Pantherophis_obsoletus_C9A	CM080061.1	583	78	277	354	168539458	168539691	32.051	3.84e-06	55.8
Bothrops_jararaca_C9A	CM080059.1	583	82	274	355	22222824	22222579	65.854	3.02e-26	120
Bothrops_jararaca_C9A	CM080059.1	583	75	458	532	22214685	22214461	68.000	3.61e-26	119
Bothrops_jararaca_C9A	CM080059.1	583	49	155	203	22227150	22227004	67.347	3.71e-15	85.1
Bothrops_jararaca_C9A	CM080059.1	583	50	107	156	22228312	22228163	68.000	7.25e-11	71.2
Bothrops_jararaca_C9A	CM080059.1	583	54	530	583	22212692	22212531	72.222	4.52e-10	68.6
Bothrops_jararaca_C9A	CM080059.1	583	62	396	457	22216840	22216655	46.774	7.81e-10	67.8
Bothrops_jararaca_C9A	CM080059.1	583	43	537	579	22992331	22992459	55.814	6.00e-07	58.5
Bothrops_jararaca_C9A	CM080059.1	583	73	453	525	22990612	22990827	36.986	3.10e-06	56.2
Bothrops_jararaca_C9A	CM080059.1	583	75	203	272	22223772	22223548	37.333	3.74e-06	55.8
Bothrops_jararaca_C9A	CM080059.1	583	44	25	68	22233841	22233710	50.000	3.90e-06	55.8
Bothrops_jararaca_C9A	CM080063.1	583	222	298	514	111459942	111460565	26.126	6.81e-10	67.8
Bothrops_jararaca_C9A	CM080063.1	583	219	298	514	112729191	112728592	24.201	3.41e-06	55.8
Bothrops_jararaca_C9A	CM080061.1	583	51	529	579	168548170	168548322	54.902	7.50e-09	64.7
Bothrops_jararaca_C9A	CM080061.1	583	82	274	355	168590181	168589936	32.927	7.77e-08	61.2
Bothrops_jararaca_C9A	CM080061.1	583	78	277	354	168539458	168539691	32.051	8.12e-06	54.7
Ptyas_mucosa_C9A	CM080059.1	583	85	274	358	22222824	22222570	67.059	8.48e-29	127
Ptyas_mucosa_C9A	CM080059.1	583	75	458	532	22214685	22214461	65.333	3.26e-25	117
Ptyas_mucosa_C9A	CM080059.1	583	49	155	203	22227150	22227004	61.224	4.17e-13	78.2
Ptyas_mucosa_C9A	CM080059.1	583	50	107	156	22228312	22228163	66.000	1.46e-10	70.1
Ptyas_mucosa_C9A	CM080059.1	583	61	395	455	22216843	22216661	52.459	5.10e-10	68.6
Ptyas_mucosa_C9A	CM080059.1	583	47	537	583	22992331	22992471	57.447	6.44e-09	64.7
Ptyas_mucosa_C9A	CM080059.1	583	44	25	68	22233841	22233710	61.364	9.45e-08	60.8
Ptyas_mucosa_C9A	CM080059.1	583	82	453	534	22990612	22990848	39.024	2.14e-07	59.7
Ptyas_mucosa_C9A	CM080059.1	583	52	56	107	22230552	22230400	48.077	2.25e-06	56.6
Ptyas_mucosa_C9A	CM080059.1	583	75	203	272	22223772	22223548	40.000	2.49e-06	56.2
Ptyas_mucosa_C9A	CM080059.1	583	55	529	583	22212695	22212531	63.636	3.18e-06	56.2
Ptyas_mucosa_C9A	CM080063.1	583	222	298	514	111459942	111460565	25.676	2.91e-09	65.9
Ptyas_mucosa_C9A	CM080061.1	583	82	274	355	168590181	168589936	35.366	3.04e-08	62.8
Ptyas_mucosa_C9A	CM080061.1	583	51	529	579	168548170	168548322	50.980	2.23e-07	59.7
Ptyas_mucosa_C9A	CM080061.1	583	78	277	354	168539458	168539691	33.333	8.58e-07	57.8
Ptyas_mucosa_C9A	CM080061.1	583	75	451	524	168569292	168569068	34.667	9.46e-06	54.7
Vipera_berus_C9A	CM080059.1	583	82	274	355	22222824	22222579	67.073	2.92e-26	120
Vipera_berus_C9A	CM080059.1	583	75	458	532	22214685	22214461	66.667	3.36e-26	120
Vipera_berus_C9A	CM080059.1	583	49	155	203	22227150	22227004	69.388	2.35e-15	85.5
Vipera_berus_C9A	CM080059.1	583	50	107	156	22228312	22228163	68.000	6.89e-11	71.2
Vipera_berus_C9A	CM080059.1	583	62	396	457	22216840	22216655	48.387	1.80e-10	69.7
Vipera_berus_C9A	CM080059.1	583	54	530	583	22212692	22212531	72.222	7.68e-10	67.8
Vipera_berus_C9A	CM080059.1	583	73	453	525	22990612	22990827	39.726	5.57e-08	61.6
Vipera_berus_C9A	CM080059.1	583	75	203	272	22223772	22223548	41.333	1.60e-07	60.1
Vipera_berus_C9A	CM080059.1	583	44	25	68	22233841	22233710	54.545	3.09e-07	59.3
Vipera_berus_C9A	CM080059.1	583	43	537	579	22992331	22992459	55.814	6.05e-07	58.5
Vipera_berus_C9A	CM080063.1	583	222	298	514	111459942	111460565	27.027	7.38e-11	71.2
Vipera_berus_C9A	CM080063.1	583	219	298	514	112729191	112728592	23.288	7.08e-06	55.1
Vipera_berus_C9A	CM080061.1	583	51	529	579	168548170	168548322	52.941	2.04e-08	63.2
Vipera_berus_C9A	CM080061.1	583	70	277	346	168590172	168589963	35.714	2.20e-07	59.7
Sceloporus_undulatus_C9A	CM080059.1	591	78	460	537	22214691	22214458	79.487	6.26e-33	140
Sceloporus_undulatus_C9A	CM080059.1	591	83	279	361	22222821	22222573	67.470	2.69e-29	129
Sceloporus_undulatus_C9A	CM080059.1	591	60	400	459	22216840	22216661	71.667	8.51e-17	90.1
Sceloporus_undulatus_C9A	CM080059.1	591	101	190	277	22223847	22223545	46.535	5.68e-16	87.8
Sceloporus_undulatus_C9A	CM080059.1	591	47	156	202	22227144	22227004	78.723	2.95e-15	85.5
Sceloporus_undulatus_C9A	CM080059.1	591	50	106	155	22228312	22228163	76.000	4.03e-14	81.6
Sceloporus_undulatus_C9A	CM080059.1	591	61	56	113	22230552	22230370	59.016	4.35e-14	81.6
Sceloporus_undulatus_C9A	CM080059.1	591	60	532	591	22212698	22212519	66.667	7.93e-12	74.3
Sceloporus_undulatus_C9A	CM080059.1	591	43	26	68	22233838	22233710	65.116	2.37e-08	63.2
Sceloporus_undulatus_C9A	CM080059.1	591	51	541	591	22992331	22992483	47.059	1.22e-07	60.8
Sceloporus_undulatus_C9A	CM080059.1	591	45	534	577	23031566	23031432	62.222	5.74e-07	58.5
Sceloporus_undulatus_C9A	CM080059.1	591	75	457	531	22990612	22990833	37.333	8.13e-07	58.2
Sceloporus_undulatus_C9A	CM080059.1	591	79	280	358	23043674	23043438	34.177	1.62e-06	57.0
Sceloporus_undulatus_C9A	CM080059.1	591	119	498	588	237838802	237839155	31.933	6.54e-06	55.1
Sceloporus_undulatus_C9A	CM080061.1	591	52	533	584	168548170	168548325	53.846	2.64e-10	69.3
Sceloporus_undulatus_C9A	CM080061.1	591	82	280	361	168590175	168589930	35.366	4.57e-08	62.0
Sceloporus_undulatus_C9A	CM080061.1	591	78	281	358	168539458	168539691	35.897	1.82e-07	60.1
Sceloporus_undulatus_C9A	CM080063.1	591	224	302	520	111459942	111460571	23.661	3.65e-07	59.3
Anolis_carolinensis_C9B	CM080059.1	538	80	458	537	22214697	22214458	72.500	1.61e-28	126
Anolis_carolinensis_C9B	CM080059.1	538	87	281	367	22222815	22222555	64.368	3.12e-25	116
Anolis_carolinensis_C9B	CM080059.1	538	49	154	202	22227150	22227004	81.633	8.21e-18	93.2
Anolis_carolinensis_C9B	CM080059.1	538	50	106	155	22228312	22228163	82.000	4.40e-17	90.9
Anolis_carolinensis_C9B	CM080059.1	538	55	405	459	22216825	22216661	70.909	7.93e-16	86.7
Anolis_carolinensis_C9B	CM080059.1	538	76	202	277	22223772	22223545	52.632	1.26e-14	82.8
Anolis_carolinensis_C9B	CM080059.1	538	62	56	114	22230552	22230367	61.290	2.76e-14	82.0
Anolis_carolinensis_C9B	CM080059.1	538	78	456	533	22990609	22990839	39.744	4.52e-09	65.1
Anolis_carolinensis_C9B	CM080059.1	538	49	20	68	22233856	22233710	53.061	1.68e-08	63.2
Anolis_carolinensis_C9B	CM080059.1	538	75	281	355	23043671	23043447	38.667	7.28e-07	57.8
Anolis_carolinensis_C9B	CM080061.1	538	76	281	356	168539458	168539685	38.158	5.10e-09	65.1
Anolis_carolinensis_C9B	CM080061.1	538	81	281	361	168590172	168589930	34.568	2.21e-08	62.8
Hydrophis_cyanocinctus_C9B	CM080059.1	582	85	273	357	22222824	22222570	63.529	3.77e-26	119
Hydrophis_cyanocinctus_C9B	CM080059.1	582	75	457	531	22214685	22214461	60.000	8.19e-23	109
Hydrophis_cyanocinctus_C9B	CM080059.1	582	49	154	202	22227150	22227004	65.306	8.55e-14	80.5
Hydrophis_cyanocinctus_C9B	CM080059.1	582	50	106	155	22228312	22228163	66.000	1.36e-10	70.1
Hydrophis_cyanocinctus_C9B	CM080059.1	582	55	400	454	22216825	22216661	54.545	9.75e-09	64.3
Hydrophis_cyanocinctus_C9B	CM080059.1	582	73	452	524	22990612	22990827	38.356	5.60e-08	61.6
Hydrophis_cyanocinctus_C9B	CM080059.1	582	60	523	582	22992301	22992471	46.667	1.78e-07	60.1
Hydrophis_cyanocinctus_C9B	CM080059.1	582	50	533	582	22212680	22212531	64.000	3.61e-06	55.8
Hydrophis_cyanocinctus_C9B	CM080063.1	582	223	297	514	111459942	111460568	25.112	6.31e-08	61.6
Hydrophis_cyanocinctus_C9B	CM080061.1	582	79	276	354	168590172	168589936	31.646	2.93e-07	59.3
Hydrophis_cyanocinctus_C9B	CM080061.1	582	78	276	353	168539458	168539691	32.051	2.61e-06	56.2
Bothrops_jararaca_C9B	CM080059.1	583	96	260	355	22222851	22222579	60.417	1.54e-26	120
Bothrops_jararaca_C9B	CM080059.1	583	75	458	532	22214685	22214461	68.000	3.88e-26	119
Bothrops_jararaca_C9B	CM080059.1	583	49	155	203	22227150	22227004	69.388	1.44e-15	86.3
Bothrops_jararaca_C9B	CM080059.1	583	50	107	156	22228312	22228163	66.000	1.65e-10	70.1
Bothrops_jararaca_C9B	CM080059.1	583	62	396	457	22216840	22216655	50.000	2.30e-10	69.3
Bothrops_jararaca_C9B	CM080059.1	583	54	530	583	22212692	22212531	72.222	5.99e-10	68.2
Bothrops_jararaca_C9B	CM080059.1	583	43	537	579	22992331	22992459	53.488	2.13e-06	56.6
Bothrops_jararaca_C9B	CM080059.1	583	44	25	68	22233841	22233710	52.273	2.71e-06	56.2
Bothrops_jararaca_C9B	CM080059.1	583	73	453	525	22990612	22990827	36.986	3.13e-06	56.2
Bothrops_jararaca_C9B	CM080059.1	583	75	203	272	22223772	22223548	36.000	3.47e-06	55.8
Bothrops_jararaca_C9B	CM080063.1	583	222	298	514	111459942	111460565	26.126	6.76e-10	68.2
Bothrops_jararaca_C9B	CM080063.1	583	224	298	514	112729191	112728592	23.661	5.40e-06	55.5
Bothrops_jararaca_C9B	CM080061.1	583	51	529	579	168548170	168548322	54.902	1.40e-08	63.5
Bothrops_jararaca_C9B	CM080061.1	583	82	274	355	168590181	168589936	32.927	8.31e-08	61.2
Laticauda_colubrina_C9B	CM080059.1	583	82	277	358	22222815	22222570	63.415	1.11e-25	118
Laticauda_colubrina_C9B	CM080059.1	583	75	458	532	22214685	22214461	64.000	1.48e-24	114
Laticauda_colubrina_C9B	CM080059.1	583	48	155	202	22227150	22227007	66.667	3.09e-14	82.0
Laticauda_colubrina_C9B	CM080059.1	583	50	107	156	22228312	22228163	68.000	4.42e-11	71.6
Laticauda_colubrina_C9B	CM080059.1	583	55	401	455	22216825	22216661	50.909	3.45e-08	62.4
Laticauda_colubrina_C9B	CM080059.1	583	73	453	525	22990612	22990827	38.356	1.77e-07	60.1
Laticauda_colubrina_C9B	CM080059.1	583	46	538	583	22992334	22992471	52.174	2.78e-06	56.2
Laticauda_colubrina_C9B	CM080059.1	583	80	275	354	23043677	23043438	33.750	7.45e-06	54.7
Laticauda_colubrina_C9B	CM080059.1	583	37	25	59	22233841	22233731	67.568	8.47e-06	54.7
Laticauda_colubrina_C9B	CM080063.1	583	223	298	515	111459942	111460568	26.457	9.21e-09	64.3
Laticauda_colubrina_C9B	CM080063.1	583	217	298	514	112729191	112728592	23.041	7.95e-07	58.2
Laticauda_colubrina_C9B	CM080061.1	583	81	277	357	168590172	168589930	32.099	6.22e-08	61.6
Laticauda_colubrina_C9B	CM080061.1	583	81	274	354	168539449	168539691	32.099	4.65e-07	58.9
Laticauda_colubrina_C9B	CM080061.1	583	51	529	579	168548170	168548322	49.020	3.16e-06	56.2
Pseudonaja_textilis_C9B	CM080059.1	583	82	277	358	22222815	22222570	64.634	4.09e-26	119
Pseudonaja_textilis_C9B	CM080059.1	583	79	454	532	22214697	22214461	62.025	3.16e-24	113
Pseudonaja_textilis_C9B	CM080059.1	583	49	155	203	22227150	22227004	65.306	7.88e-14	80.9
Pseudonaja_textilis_C9B	CM080059.1	583	50	107	156	22228312	22228163	68.000	4.94e-11	71.6
Pseudonaja_textilis_C9B	CM080059.1	583	62	394	455	22216846	22216661	50.000	2.43e-09	66.2
Pseudonaja_textilis_C9B	CM080059.1	583	73	453	525	22990612	22990827	39.726	9.05e-09	64.3
Pseudonaja_textilis_C9B	CM080059.1	583	48	536	583	22992328	22992471	54.167	3.09e-08	62.8
Pseudonaja_textilis_C9B	CM080059.1	583	39	25	63	22233841	22233725	61.538	8.99e-06	54.7
Pseudonaja_textilis_C9B	CM080063.1	583	223	298	515	111459942	111460568	25.112	3.31e-08	62.4
Pseudonaja_textilis_C9B	CM080061.1	583	78	277	354	168590172	168589939	33.333	8.31e-08	61.2
Pseudonaja_textilis_C9B	CM080061.1	583	81	274	354	168539449	168539691	32.099	7.24e-07	58.2
Pseudonaja_textilis_C9B	CM080061.1	583	75	451	524	168569292	168569068	34.667	2.49e-06	56.2
Pseudonaja_textilis_C9B	CM080061.1	583	43	537	579	168548194	168548322	53.488	3.21e-06	55.8
Notechis_scutatus_C9B	CM080059.1	583	82	277	358	22222815	22222570	63.415	9.67e-26	118
Notechis_scutatus_C9B	CM080059.1	583	75	458	532	22214685	22214461	64.000	1.63e-24	114
Notechis_scutatus_C9B	CM080059.1	583	49	155	203	22227150	22227004	65.306	5.45e-14	81.3
Notechis_scutatus_C9B	CM080059.1	583	50	107	156	22228312	22228163	66.000	1.21e-10	70.5
Notechis_scutatus_C9B	CM080059.1	583	55	401	455	22216825	22216661	54.545	2.68e-08	62.8
Notechis_scutatus_C9B	CM080059.1	583	73	453	525	22990612	22990827	38.356	2.91e-08	62.8
Notechis_scutatus_C9B	CM080059.1	583	48	536	583	22992328	22992471	54.167	2.05e-07	60.1
Notechis_scutatus_C9B	CM080059.1	583	61	528	583	22212713	22212531	57.377	1.28e-06	57.4
Notechis_scutatus_C9B	CM080059.1	583	37	25	59	22233841	22233731	67.568	8.47e-06	54.7
Notechis_scutatus_C9B	CM080063.1	583	223	298	515	111459942	111460568	26.009	2.02e-09	66.6
Notechis_scutatus_C9B	CM080061.1	583	79	277	355	168590172	168589936	30.380	8.44e-07	57.8
Notechis_scutatus_C9B	CM080061.1	583	81	274	354	168539449	168539691	30.864	2.36e-06	56.6
Notechis_scutatus_C9B	CM080061.1	583	70	456	524	168569277	168569068	35.714	7.91e-06	54.7
Pituophis_catenifer_C9B	CM080059.1	583	78	456	533	22214691	22214458	67.949	4.97e-27	122
Pituophis_catenifer_C9B	CM080059.1	583	77	277	353	22222815	22222585	66.234	2.90e-24	114
Pituophis_catenifer_C9B	CM080059.1	583	49	155	203	22227150	22227004	65.306	1.49e-14	83.2
Pituophis_catenifer_C9B	CM080059.1	583	50	107	156	22228312	22228163	68.000	3.44e-12	75.5
Pituophis_catenifer_C9B	CM080059.1	583	48	536	583	22212674	22212531	77.083	1.36e-08	63.9
Pituophis_catenifer_C9B	CM080059.1	583	56	400	455	22216828	22216661	50.000	1.49e-08	63.5
Pituophis_catenifer_C9B	CM080059.1	583	44	25	68	22233841	22233710	59.091	5.62e-08	61.6
Pituophis_catenifer_C9B	CM080059.1	583	73	453	525	22990612	22990827	38.356	4.73e-07	58.9
Pituophis_catenifer_C9B	CM080063.1	583	222	298	514	111459942	111460565	26.126	8.18e-11	70.9
Pituophis_catenifer_C9B	CM080063.1	583	219	298	514	112729191	112728592	23.744	5.49e-06	55.5
Pituophis_catenifer_C9B	CM080061.1	583	70	277	346	168590172	168589963	35.714	8.88e-07	57.8
Pituophis_catenifer_C9B	CM080061.1	583	78	273	350	168539446	168539679	33.333	8.84e-06	54.7
Pituophis_catenifer_C9B	CM080061.1	583	70	456	524	168569277	168569068	35.714	8.91e-06	54.7
Pantherophis_obsoletus_C9B	CM080059.1	583	85	274	358	22222824	22222570	63.529	3.87e-27	122
Pantherophis_obsoletus_C9B	CM080059.1	583	78	456	533	22214691	22214458	60.256	1.14e-24	115
Pantherophis_obsoletus_C9B	CM080059.1	583	49	155	203	22227150	22227004	65.306	1.69e-14	82.8
Pantherophis_obsoletus_C9B	CM080059.1	583	50	107	156	22228312	22228163	68.000	4.37e-12	75.1
Pantherophis_obsoletus_C9B	CM080059.1	583	48	536	583	22212674	22212531	75.000	1.85e-08	63.2
Pantherophis_obsoletus_C9B	CM080059.1	583	60	396	455	22216837	22216661	48.333	2.94e-08	62.8
Pantherophis_obsoletus_C9B	CM080059.1	583	44	25	68	22233841	22233710	56.818	1.02e-06	57.8
Pantherophis_obsoletus_C9B	CM080059.1	583	73	453	525	22990612	22990827	34.247	1.88e-06	56.6
Pantherophis_obsoletus_C9B	CM080063.1	583	222	298	514	111459942	111460565	25.676	5.14e-10	68.6
Pantherophis_obsoletus_C9B	CM080063.1	583	223	298	514	112729191	112728592	22.870	1.09e-06	57.4
Pantherophis_obsoletus_C9B	CM080061.1	583	79	277	355	168590172	168589936	35.443	2.86e-08	62.8
Pantherophis_obsoletus_C9B	CM080061.1	583	81	274	354	168539449	168539691	33.333	1.25e-07	60.5
Pantherophis_obsoletus_C9B	CM080061.1	583	51	529	579	168548170	168548322	49.020	2.49e-06	56.2
Crotalus_tigris_C9B	CM080059.1	583	79	454	532	22214697	22214461	64.557	9.43e-27	121
Crotalus_tigris_C9B	CM080059.1	583	76	277	352	22222815	22222588	64.474	3.52e-23	110
Crotalus_tigris_C9B	CM080059.1	583	49	155	203	22227150	22227004	65.306	8.09e-14	80.5
Crotalus_tigris_C9B	CM080059.1	583	50	107	156	22228312	22228163	68.000	1.37e-11	73.6
Crotalus_tigris_C9B	CM080059.1	583	56	400	455	22216828	22216661	53.571	9.51e-10	67.4
Crotalus_tigris_C9B	CM080059.1	583	55	529	583	22212695	22212531	67.273	5.20e-08	62.0
Crotalus_tigris_C9B	CM080059.1	583	107	453	551	22990612	22990929	32.710	8.31e-08	61.2
Crotalus_tigris_C9B	CM080059.1	583	44	25	68	22233841	22233710	56.818	5.80e-07	58.5
Crotalus_tigris_C9B	CM080063.1	583	222	298	514	111459942	111460565	26.577	9.67e-10	67.4
Crotalus_tigris_C9B	CM080063.1	583	217	298	514	112729191	112728592	23.963	1.19e-08	63.9
Crotalus_tigris_C9B	CM080061.1	583	74	277	350	168590172	168589951	33.784	2.90e-06	56.2
Ptyas_mucosa_C9B	CM080059.1	583	77	277	353	22222815	22222585	66.234	1.96e-24	114
Ptyas_mucosa_C9B	CM080059.1	583	78	456	533	22214691	22214458	58.974	8.89e-24	112
Ptyas_mucosa_C9B	CM080059.1	583	49	155	203	22227150	22227004	65.306	1.54e-14	82.8
Ptyas_mucosa_C9B	CM080059.1	583	50	107	156	22228312	22228163	68.000	1.54e-11	73.2
Ptyas_mucosa_C9B	CM080059.1	583	48	536	583	22212674	22212531	75.000	2.74e-08	62.8
Ptyas_mucosa_C9B	CM080059.1	583	57	399	455	22216831	22216661	47.368	3.25e-07	59.3
Ptyas_mucosa_C9B	CM080059.1	583	73	457	529	23032306	23032091	38.356	6.67e-06	55.1
Ptyas_mucosa_C9B	CM080059.1	583	44	25	68	22233841	22233710	50.000	7.33e-06	54.7
Ptyas_mucosa_C9B	CM080063.1	583	222	298	514	111459942	111460565	25.225	2.41e-08	62.8
Ptyas_mucosa_C9B	CM080061.1	583	70	277	346	168590172	168589963	35.714	9.67e-07	57.8
Ptyas_mucosa_C9B	CM080061.1	583	51	529	579	168548170	168548322	49.020	2.19e-06	56.6
Ptyas_mucosa_C9B	CM080061.1	583	78	273	350	168539446	168539679	33.333	7.98e-06	54.7
