# Naja_naja DAB2/FYB1 anchors on CM019149.1:284384917-288456160 (sstart/send relative to region; add 284384916)
Anolis_carolinensis_DAB2	1970501	1971127	303
Anolis_carolinensis_DAB2	1976187	1976714	204
Anolis_carolinensis_DAB2	1966145	1966279	99.4
Anolis_carolinensis_DAB2	1964112	1964252	97.1
Anolis_carolinensis_DAB2	1965078	1965179	72.4
Anolis_carolinensis_DAB2	1974101	1974259	70.1
Anolis_carolinensis_DAB2	1978570	1978692	50.4
Anolis_carolinensis_DAB2	1969154	1969237	47.4
Anolis_carolinensis_FYB1	2124668	2125789	249
Anolis_carolinensis_FYB1	2159724	2159906	94.7
Anolis_carolinensis_FYB1	2147250	2147399	89.7
Anolis_carolinensis_FYB1	2148522	2148662	71.2
Anolis_carolinensis_FYB1	2156615	2156734	56.2
Anolis_carolinensis_FYB1	2152385	2152504	51.2
Thamnophis_elegans_DAB2	1970501	1971127	392
Thamnophis_elegans_DAB2	1976187	1976720	304
Thamnophis_elegans_DAB2	1966145	1966279	100
Thamnophis_elegans_DAB2	1964112	1964252	98.6
Thamnophis_elegans_DAB2	1974101	1974259	94.4
Thamnophis_elegans_DAB2	1965078	1965179	74.7
Thamnophis_elegans_DAB2	1978567	1978689	68.2
Thamnophis_elegans_DAB2	1969154	1969237	49.3
Thamnophis_elegans_FYB1	2124668	2125792	530
Thamnophis_elegans_FYB1	2147250	2147429	107
Thamnophis_elegans_FYB1	2159622	2159906	104
Thamnophis_elegans_FYB1	2152385	2152534	95.5
Thamnophis_elegans_FYB1	2148522	2148662	88.6
Thamnophis_elegans_FYB1	2156615	2156734	75.1
