# Gekko_kuhli DAB2/FYB1 anchors on CM122939.1:133806411-137829753 (sstart/send relative to region; add 133806410)
Anolis_carolinensis_DAB2	1975626	1976264	282
Anolis_carolinensis_DAB2	1977694	1978230	246
Anolis_carolinensis_DAB2	1969883	1970023	102
Anolis_carolinensis_DAB2	1966859	1966999	97.8
Anolis_carolinensis_DAB2	1968604	1968711	72.8
Anolis_carolinensis_DAB2	1977163	1977327	68.6
Anolis_carolinensis_DAB2	1979838	1979969	47.8
Anolis_carolinensis_FYB1	2051419	2052555	335
Anolis_carolinensis_FYB1	2071163	2071327	102
Anolis_carolinensis_FYB1	2094629	2094793	93.2
Anolis_carolinensis_FYB1	2074264	2074398	74.7
Anolis_carolinensis_FYB1	2080158	2080295	55.1
Thamnophis_elegans_DAB2	1975626	1976264	256
Thamnophis_elegans_DAB2	1977694	1978230	210
Thamnophis_elegans_DAB2	1969883	1970023	101
Thamnophis_elegans_DAB2	1966859	1966999	94.7
Thamnophis_elegans_DAB2	1968604	1968711	70.9
Thamnophis_elegans_DAB2	1977163	1977327	62.0
Thamnophis_elegans_FYB1	2051419	2052567	238
Thamnophis_elegans_FYB1	2071163	2071327	91.3
Thamnophis_elegans_FYB1	2094629	2094793	82.8
Thamnophis_elegans_FYB1	2074264	2074398	76.6
Thamnophis_elegans_FYB1	2080143	2080280	62.0
