# Laticauda_colubrina DAB2/FYB1 anchors on BLBF01000010.1:15342126-19585812 (sstart/send relative to region; add 15342125)
Anolis_carolinensis_DAB2	2269825	2269196	300
Anolis_carolinensis_DAB2	2264907	2264380	206
Anolis_carolinensis_DAB2	2274160	2274026	99.4
Anolis_carolinensis_DAB2	2276077	2275937	97.1
Anolis_carolinensis_DAB2	2275234	2275133	72.4
Anolis_carolinensis_DAB2	2266242	2266084	68.2
Anolis_carolinensis_DAB2	2261336	2261211	51.2
Anolis_carolinensis_FYB1	2120816	2119692	295
Anolis_carolinensis_FYB1	1971791	1971609	97.1
Anolis_carolinensis_FYB1	2091187	2091011	90.1
Anolis_carolinensis_FYB1	2083898	2083758	69.7
Anolis_carolinensis_FYB1	1975323	1975219	53.9
Anolis_carolinensis_FYB1	2080227	2080105	51.2
Thamnophis_elegans_DAB2	2269825	2269196	391
Thamnophis_elegans_DAB2	2264907	2264377	297
Thamnophis_elegans_DAB2	2274160	2274026	100
Thamnophis_elegans_DAB2	2276077	2275937	98.6
Thamnophis_elegans_DAB2	2266242	2266084	94.0
Thamnophis_elegans_DAB2	2275234	2275133	74.7
Thamnophis_elegans_DAB2	2261339	2261211	73.2
Thamnophis_elegans_DAB2	2277514	2277425	50.4
Thamnophis_elegans_DAB2	2271160	2271086	47.8
Thamnophis_elegans_FYB1	2120816	2119689	587
Thamnophis_elegans_FYB1	2091187	2091008	107
Thamnophis_elegans_FYB1	1971791	1971609	106
Thamnophis_elegans_FYB1	2080224	2080075	95.1
Thamnophis_elegans_FYB1	2083898	2083758	91.7
Thamnophis_elegans_FYB1	1975338	1975219	71.2
Thamnophis_elegans_FYB1	1975610	1975494	48.9
