Pituophis_catenifer_C9A	NW_027256882.1	584	81	274	354	274504472	274504714	100.000	9.85e-43	170
Pituophis_catenifer_C9A	NW_027256882.1	584	81	274	354	274532691	274532933	96.296	2.12e-40	163
Pituophis_catenifer_C9A	NW_027256882.1	584	80	453	532	274512032	274512271	96.250	3.42e-40	162
Pituophis_catenifer_C9A	NW_027256882.1	584	80	453	532	274537549	274537788	95.000	2.26e-39	160
Pituophis_catenifer_C9A	NW_027256882.1	584	84	198	281	274500374	274500625	89.286	1.52e-37	154
Pituophis_catenifer_C9A	NW_027256882.1	584	94	274	367	274565059	274565331	74.468	1.95e-35	148
Pituophis_catenifer_C9A	NW_027256882.1	584	80	453	532	274570559	274570798	73.750	5.94e-31	134
Pituophis_catenifer_C9A	NW_027256882.1	584	78	198	275	274531435	274531668	79.487	1.68e-29	130
Pituophis_catenifer_C9A	NW_027256882.1	584	62	396	457	274510534	274510719	96.774	1.57e-27	124
Pituophis_catenifer_C9A	NW_027256882.1	584	62	396	457	274536594	274536779	91.935	5.67e-26	119
Pituophis_catenifer_C9A	NW_027256882.1	584	53	532	584	274513843	274514001	100.000	1.01e-24	115
Pituophis_catenifer_C9A	NW_027256882.1	584	55	102	156	274496301	274496465	94.545	4.30e-24	113
Pituophis_catenifer_C9A	NW_027256882.1	584	51	57	107	274493961	274494113	98.039	9.72e-23	108
Pituophis_catenifer_C9A	NW_027256882.1	584	55	102	156	274529369	274529533	85.455	3.57e-22	107
Pituophis_catenifer_C9A	NW_027256882.1	584	53	532	584	274539431	274539589	92.453	3.86e-22	107
Pituophis_catenifer_C9A	NW_027256882.1	584	47	157	203	274498709	274498849	97.872	4.45e-21	103
Pituophis_catenifer_C9A	NW_027256882.1	584	47	157	203	274530976	274531116	93.617	9.87e-20	99.4
Pituophis_catenifer_C9A	NW_027256882.1	584	50	107	156	274556159	274556308	90.000	9.09e-19	96.3
Pituophis_catenifer_C9A	NW_027256882.1	584	65	404	468	274568978	274569172	67.692	4.81e-18	94.0
Pituophis_catenifer_C9A	NW_027256882.1	584	47	157	203	274560335	274560475	87.234	2.75e-17	91.7
Pituophis_catenifer_C9A	NW_027256882.1	584	51	57	107	274525986	274526138	78.431	1.94e-16	89.0
Pituophis_catenifer_C9A	NW_027256882.1	584	54	54	107	274554189	274554350	72.222	1.65e-14	82.8
Pituophis_catenifer_C9A	NW_027256882.1	584	75	198	272	274562656	274562880	54.667	3.54e-14	81.6
Pituophis_catenifer_C9A	NW_027256882.1	584	49	26	74	274490037	274490183	75.510	1.38e-13	79.7
Pituophis_catenifer_C9A	NW_027256882.1	584	54	342	395	274533321	274533479	75.926	1.33e-12	76.6
Pituophis_catenifer_C9A	NW_027256882.1	584	53	532	584	274571670	274571828	64.151	1.52e-12	76.6
Pituophis_catenifer_C9A	NW_027256882.1	584	39	26	64	274523397	274523513	82.051	5.28e-11	71.6
Pituophis_catenifer_C9A	NW_027256882.1	584	42	354	395	274508627	274508752	100.000	4.30e-09	65.5
Pituophis_catenifer_C9A	NW_027256882.1	584	45	26	70	274553001	274553135	62.222	9.44e-09	64.3
Pituophis_catenifer_C9A	NW_027256882.1	584	56	529	583	273732948	273733115	51.786	5.19e-08	61.6
Pituophis_catenifer_C9A	NW_027256882.1	584	92	277	365	273719567	273719842	32.609	1.42e-06	57.0
Pituophis_catenifer_C9A	NW_027256882.1	584	48	536	583	273812797	273812654	50.000	1.59e-06	57.0
Pituophis_catenifer_C9A	NW_027256882.1	584	50	535	583	273774317	273774466	52.000	2.42e-06	56.2
Pituophis_catenifer_C9A	NW_027256882.1	584	69	457	525	273727511	273727714	43.478	3.12e-06	55.8
Pituophis_catenifer_C9A	NW_027256882.1	584	69	457	525	273816128	273815925	40.580	3.29e-06	55.8
Pituophis_catenifer_C9A	NW_027256882.1	584	89	266	354	273767961	273768221	31.461	4.03e-06	55.5
Pituophis_catenifer_C9A	NW_027257241.1	584	237	289	514	6063	5413	27.426	6.60e-11	71.2
Pituophis_catenifer_C9A	NW_027256883.1	584	100	277	364	150911215	150910916	31.000	1.04e-07	60.8
Pituophis_catenifer_C9A	NW_027256883.1	584	81	274	354	150852841	150853083	29.630	1.77e-06	56.6
Pituophis_catenifer_C9A	NW_027256883.1	584	48	537	584	150891574	150891431	47.917	3.23e-06	55.8
Pituophis_catenifer_C9A	NW_027256885.1	584	228	302	514	86293976	86294587	25.000	3.27e-07	59.3
Pituophis_catenifer_C9B	NW_027256882.1	584	81	274	354	274532691	274532933	100.000	3.61e-43	171
Pituophis_catenifer_C9B	NW_027256882.1	584	81	453	533	274537549	274537791	96.296	6.37e-41	164
Pituophis_catenifer_C9B	NW_027256882.1	584	81	274	354	274504472	274504714	96.296	1.17e-40	164
Pituophis_catenifer_C9B	NW_027256882.1	584	81	453	533	274512032	274512274	95.062	6.26e-40	162
Pituophis_catenifer_C9B	NW_027256882.1	584	94	274	367	274565059	274565331	74.468	8.86e-36	149
Pituophis_catenifer_C9B	NW_027256882.1	584	75	199	273	274531438	274531662	96.000	2.48e-34	145
Pituophis_catenifer_C9B	NW_027256882.1	584	81	453	533	274570559	274570801	75.309	1.66e-32	139
Pituophis_catenifer_C9B	NW_027256882.1	584	83	199	281	274500377	274500625	73.494	8.18e-29	127
Pituophis_catenifer_C9B	NW_027256882.1	584	122	396	517	274536594	274536956	59.836	7.05e-28	125
Pituophis_catenifer_C9B	NW_027256882.1	584	62	396	457	274510534	274510719	93.548	1.82e-26	120
Pituophis_catenifer_C9B	NW_027256882.1	584	53	532	584	274539431	274539589	100.000	1.91e-24	114
Pituophis_catenifer_C9B	NW_027256882.1	584	51	57	107	274525986	274526138	98.039	7.76e-24	112
Pituophis_catenifer_C9B	NW_027256882.1	584	50	107	156	274529384	274529533	100.000	1.38e-22	108
Pituophis_catenifer_C9B	NW_027256882.1	584	53	532	584	274513843	274514001	92.453	7.32e-22	106
Pituophis_catenifer_C9B	NW_027256882.1	584	47	157	203	274530976	274531116	97.872	5.30e-21	103
Pituophis_catenifer_C9B	NW_027256882.1	584	50	107	156	274496316	274496465	90.000	4.16e-20	100
Pituophis_catenifer_C9B	NW_027256882.1	584	47	157	203	274498709	274498849	93.617	1.18e-19	99.4
Pituophis_catenifer_C9B	NW_027256882.1	584	50	107	156	274556159	274556308	88.000	6.36e-19	97.1
Pituophis_catenifer_C9B	NW_027256882.1	584	54	54	107	274554189	274554350	83.333	1.20e-18	95.9
Pituophis_catenifer_C9B	NW_027256882.1	584	68	401	468	274568969	274569172	66.176	1.65e-18	95.5
Pituophis_catenifer_C9B	NW_027256882.1	584	51	57	107	274493961	274494113	78.431	7.12e-17	90.5
Pituophis_catenifer_C9B	NW_027256882.1	584	54	342	395	274533321	274533479	85.185	2.60e-16	88.6
Pituophis_catenifer_C9B	NW_027256882.1	584	47	157	203	274560335	274560475	82.979	6.91e-16	87.4
Pituophis_catenifer_C9B	NW_027256882.1	584	53	532	584	274571670	274571828	67.925	6.64e-14	80.9
Pituophis_catenifer_C9B	NW_027256882.1	584	41	26	66	274523397	274523519	85.366	7.22e-13	77.4
Pituophis_catenifer_C9B	NW_027256882.1	584	93	184	272	274562638	274562880	46.237	1.42e-12	76.6
Pituophis_catenifer_C9B	NW_027256882.1	584	49	26	74	274490037	274490183	69.388	4.41e-12	75.1
Pituophis_catenifer_C9B	NW_027256882.1	584	45	26	70	274553001	274553135	64.444	8.95e-10	67.4
Pituophis_catenifer_C9B	NW_027256882.1	584	48	536	583	273812797	273812654	50.000	7.16e-07	58.2
Pituophis_catenifer_C9B	NW_027256882.1	584	50	535	583	273732966	273733115	52.000	9.82e-07	57.8
Pituophis_catenifer_C9B	NW_027256882.1	584	92	277	365	273719567	273719842	32.609	1.06e-06	57.4
Pituophis_catenifer_C9B	NW_027256882.1	584	46	354	399	274508627	274508764	80.435	1.13e-06	57.4
Pituophis_catenifer_C9B	NW_027256882.1	584	90	266	355	273767961	273768224	31.111	2.77e-06	56.2
Pituophis_catenifer_C9B	NW_027256882.1	584	69	457	525	273816128	273815925	40.580	3.70e-06	55.8
Pituophis_catenifer_C9B	NW_027256882.1	584	69	457	525	273727511	273727714	43.478	4.03e-06	55.5
Pituophis_catenifer_C9B	NW_027256882.1	584	50	535	583	273774317	273774466	52.000	4.14e-06	55.5
Pituophis_catenifer_C9B	NW_027257241.1	584	237	289	514	6063	5413	27.426	6.94e-11	71.2
Pituophis_catenifer_C9B	NW_027256883.1	584	82	274	355	150911224	150910979	35.366	5.56e-08	61.6
Pituophis_catenifer_C9B	NW_027256883.1	584	48	537	584	150891574	150891431	52.083	2.39e-07	59.7
Pituophis_catenifer_C9B	NW_027256883.1	584	82	277	358	150852850	150853095	29.268	3.23e-06	55.8
Pituophis_catenifer_C9B	NW_027256885.1	584	222	302	514	86293976	86294587	23.874	3.02e-06	56.2
Pituophis_catenifer_C9C	NW_027256882.1	584	94	274	367	274565059	274565331	89.362	1.53e-44	176
Pituophis_catenifer_C9C	NW_027256882.1	584	80	453	532	274570559	274570798	97.500	5.25e-41	165
Pituophis_catenifer_C9C	NW_027256882.1	584	84	277	360	274532700	274532951	82.143	1.35e-34	145
Pituophis_catenifer_C9C	NW_027256882.1	584	84	277	360	274504481	274504732	82.143	1.40e-34	145
Pituophis_catenifer_C9C	NW_027256882.1	584	76	198	273	274562656	274562883	96.053	1.74e-34	145
Pituophis_catenifer_C9C	NW_027256882.1	584	77	456	532	274537558	274537788	77.922	5.70e-32	137
Pituophis_catenifer_C9C	NW_027256882.1	584	77	456	532	274512041	274512271	76.623	5.23e-31	134
Pituophis_catenifer_C9C	NW_027256882.1	584	73	396	468	274568954	274569172	86.301	1.90e-27	123
Pituophis_catenifer_C9C	NW_027256882.1	584	57	528	584	274571658	274571828	96.491	2.46e-26	120
Pituophis_catenifer_C9C	NW_027256882.1	584	54	54	107	274554189	274554350	94.444	6.32e-23	109
Pituophis_catenifer_C9C	NW_027256882.1	584	50	107	156	274556159	274556308	100.000	5.53e-22	106
Pituophis_catenifer_C9C	NW_027256882.1	584	47	157	203	274560335	274560475	97.872	7.26e-21	103
Pituophis_catenifer_C9C	NW_027256882.1	584	69	107	173	274496316	274496522	69.565	8.01e-20	99.8
Pituophis_catenifer_C9C	NW_027256882.1	584	54	54	107	274525977	274526138	83.333	6.25e-19	97.1
Pituophis_catenifer_C9C	NW_027256882.1	584	50	107	156	274529384	274529533	88.000	8.62e-19	96.7
Pituophis_catenifer_C9C	NW_027256882.1	584	54	404	457	274536618	274536779	77.778	1.16e-17	92.8
Pituophis_catenifer_C9C	NW_027256882.1	584	47	157	203	274498709	274498849	87.234	2.97e-17	91.7
Pituophis_catenifer_C9C	NW_027256882.1	584	54	404	457	274510558	274510719	75.926	3.16e-17	91.7
Pituophis_catenifer_C9C	NW_027256882.1	584	58	157	214	274530976	274531149	72.414	6.02e-16	87.4
Pituophis_catenifer_C9C	NW_027256882.1	584	41	355	395	274567535	274567657	100.000	8.20e-15	84.0
Pituophis_catenifer_C9C	NW_027256882.1	584	51	57	107	274493961	274494113	74.510	8.27e-15	84.0
Pituophis_catenifer_C9C	NW_027256882.1	584	53	532	584	274539431	274539589	67.925	4.66e-14	81.3
Pituophis_catenifer_C9C	NW_027256882.1	584	75	198	272	274500374	274500598	54.667	1.16e-13	80.1
Pituophis_catenifer_C9C	NW_027256882.1	584	45	26	70	274553001	274553135	77.778	2.10e-13	79.3
Pituophis_catenifer_C9C	NW_027256882.1	584	57	528	584	274513831	274514001	63.158	3.93e-13	78.6
Pituophis_catenifer_C9C	NW_027256882.1	584	79	198	272	274531435	274531659	53.165	7.16e-13	77.4
Pituophis_catenifer_C9C	NW_027256882.1	584	49	26	74	274490037	274490183	61.224	4.88e-10	68.6
Pituophis_catenifer_C9C	NW_027256882.1	584	39	26	64	274523397	274523513	74.359	5.09e-10	68.2
Pituophis_catenifer_C9C	NW_027256882.1	584	69	457	525	273816128	273815925	39.130	5.74e-07	58.5
Pituophis_catenifer_C9C	NW_027256882.1	584	73	457	529	273727511	273727726	38.356	9.20e-06	54.3
Pituophis_catenifer_C9C	NW_027257241.1	584	231	289	514	6063	5413	26.407	5.56e-11	71.2
Pituophis_catenifer_C9C	NW_027256883.1	584	48	537	584	150891574	150891431	54.167	7.82e-08	61.2
Pituophis_catenifer_C9C	NW_027256883.1	584	80	273	352	150911227	150910988	37.500	8.66e-08	61.2
Pituophis_catenifer_C9C	NW_027256883.1	584	114	277	388	150852850	150853191	26.316	4.17e-06	55.5
