# Eublepharis_macularius DAB2/FYB1 anchors on NC_072797.1:22714413-26740427 (sstart/send relative to region; add 22714412)
Anolis_carolinensis_DAB2	2050561	2049947	295
Anolis_carolinensis_DAB2	2047471	2046935	239
Anolis_carolinensis_DAB2	2056036	2055896	102
Anolis_carolinensis_DAB2	2058700	2058560	97.4
Anolis_carolinensis_DAB2	2056936	2056829	74.3
Anolis_carolinensis_DAB2	2049016	2048855	67.4
Anolis_carolinensis_DAB2	2042938	2042798	51.6
Anolis_carolinensis_DAB2	2059373	2059137	48.9
Anolis_carolinensis_FYB1	1972113	1970965	323
Anolis_carolinensis_FYB1	1944136	1943924	103
Anolis_carolinensis_FYB1	1924917	1924753	90.9
Anolis_carolinensis_FYB1	1942072	1941935	80.9
Anolis_carolinensis_FYB1	1938136	1937981	50.4
Thamnophis_elegans_DAB2	2050561	2049947	280
Thamnophis_elegans_DAB2	2047471	2046935	200
Thamnophis_elegans_DAB2	2056036	2055896	100
Thamnophis_elegans_DAB2	2058700	2058560	94.0
Thamnophis_elegans_DAB2	2056936	2056829	72.4
Thamnophis_elegans_DAB2	2049016	2048855	58.9
Thamnophis_elegans_FYB1	1972113	1970977	236
Thamnophis_elegans_FYB1	1944136	1943972	90.5
Thamnophis_elegans_FYB1	1924917	1924753	84.3
Thamnophis_elegans_FYB1	1942072	1941935	80.5
Thamnophis_elegans_FYB1	1938133	1937996	63.5
