Lacerta_agilis_C9A	NC_070612.1	589	82	275	356	18599269	18599024	93.902	6.99e-42	167
Lacerta_agilis_C9A	NC_070612.1	589	80	455	534	18595875	18595636	87.500	2.74e-37	154
Lacerta_agilis_C9A	NC_070612.1	589	75	201	275	18601064	18600840	89.333	2.32e-32	139
Lacerta_agilis_C9A	NC_070612.1	589	63	527	589	18594487	18594299	85.714	3.03e-26	120
Lacerta_agilis_C9A	NC_070612.1	589	61	398	458	18597193	18597011	88.525	4.36e-24	113
Lacerta_agilis_C9A	NC_070612.1	589	50	105	154	18603578	18603429	100.000	8.72e-22	105
Lacerta_agilis_C9A	NC_070612.1	589	47	155	201	18602840	18602700	97.872	1.14e-20	102
Lacerta_agilis_C9A	NC_070612.1	589	50	56	105	18604565	18604416	90.000	3.64e-20	100
Lacerta_agilis_C9A	NC_070612.1	589	43	356	398	18598072	18597944	86.047	4.71e-12	74.7
Lacerta_agilis_C9A	NC_070612.1	589	31	26	56	18606595	18606503	90.323	6.45e-09	64.7
Lacerta_agilis_C9A	NC_070612.1	589	60	470	529	19111473	19111652	46.667	1.55e-08	63.5
Lacerta_agilis_C9A	NC_070612.1	589	66	56	121	19150915	19150736	39.394	2.34e-06	56.2
Lacerta_agilis_C9A	NC_070614.1	589	222	304	516	41071319	41071924	28.829	1.44e-09	66.6
Lacerta_agilis_C9A	NC_070614.1	589	203	304	499	42392119	42391571	21.675	4.20e-07	58.5
Lacerta_agilis_C9A	NC_070607.1	589	81	279	359	41680803	41680561	35.802	1.04e-08	63.9
Lacerta_agilis_C9A	NC_070607.1	589	78	450	526	41670757	41670527	39.744	2.80e-08	62.4
Zootoca_vivipara_C9A	NC_070612.1	589	82	275	356	18599269	18599024	95.122	2.15e-42	169
Zootoca_vivipara_C9A	NC_070612.1	589	80	455	534	18595875	18595636	90.000	5.11e-38	156
Zootoca_vivipara_C9A	NC_070612.1	589	75	201	275	18601064	18600840	81.333	2.43e-29	129
Zootoca_vivipara_C9A	NC_070612.1	589	63	527	589	18594487	18594299	85.714	3.46e-25	116
Zootoca_vivipara_C9A	NC_070612.1	589	60	399	458	18597190	18597011	86.667	7.82e-23	109
Zootoca_vivipara_C9A	NC_070612.1	589	50	105	154	18603578	18603429	98.000	1.41e-21	105
Zootoca_vivipara_C9A	NC_070612.1	589	50	56	105	18604565	18604416	92.000	7.05e-21	103
Zootoca_vivipara_C9A	NC_070612.1	589	47	155	201	18602840	18602700	97.872	1.27e-20	102
Zootoca_vivipara_C9A	NC_070612.1	589	43	356	398	18598072	18597944	90.698	2.39e-14	82.0
Zootoca_vivipara_C9A	NC_070612.1	589	31	26	56	18606595	18606503	93.548	1.92e-09	66.2
Zootoca_vivipara_C9A	NC_070612.1	589	69	461	529	19111449	19111652	42.029	2.72e-08	62.4
Zootoca_vivipara_C9A	NC_070612.1	589	66	56	121	19150915	19150736	39.394	2.04e-06	56.6
Zootoca_vivipara_C9A	NC_070607.1	589	78	450	526	41670757	41670527	41.026	1.43e-08	63.5
Zootoca_vivipara_C9A	NC_070607.1	589	81	279	359	41680803	41680561	35.802	1.99e-08	63.2
Zootoca_vivipara_C9A	NC_070614.1	589	222	304	516	41071319	41071924	27.928	1.05e-07	60.8
Zootoca_vivipara_C9A	NC_070614.1	589	198	304	499	42392119	42391571	20.707	7.64e-06	54.7
Podarcis_muralis_C9A	NC_070612.1	589	82	275	356	18599269	18599024	97.561	2.24e-43	172
Podarcis_muralis_C9A	NC_070612.1	589	80	455	534	18595875	18595636	93.750	3.83e-40	162
Podarcis_muralis_C9A	NC_070612.1	589	75	201	275	18601064	18600840	96.000	9.67e-35	146
Podarcis_muralis_C9A	NC_070612.1	589	61	398	458	18597193	18597011	95.082	3.93e-27	122
Podarcis_muralis_C9A	NC_070612.1	589	63	527	589	18594487	18594299	87.302	6.29e-27	122
Podarcis_muralis_C9A	NC_070612.1	589	50	56	105	18604565	18604416	96.000	3.54e-22	107
Podarcis_muralis_C9A	NC_070612.1	589	50	105	154	18603578	18603429	100.000	8.50e-22	105
Podarcis_muralis_C9A	NC_070612.1	589	47	155	201	18602840	18602700	97.872	1.30e-20	102
Podarcis_muralis_C9A	NC_070612.1	589	43	356	398	18598072	18597944	88.372	1.00e-13	80.1
Podarcis_muralis_C9A	NC_070612.1	589	31	26	56	18606595	18606503	96.774	6.78e-10	67.8
Podarcis_muralis_C9A	NC_070612.1	589	60	470	529	19111473	19111652	43.333	1.87e-08	63.2
Podarcis_muralis_C9A	NC_070607.1	589	87	441	526	41670784	41670527	37.931	5.53e-09	64.7
Podarcis_muralis_C9A	NC_070607.1	589	81	279	359	41680803	41680561	34.568	5.16e-08	61.6
Podarcis_muralis_C9A	NC_070614.1	589	223	304	517	41071319	41071927	27.354	9.37e-08	60.8
Podarcis_muralis_C9A	NC_070614.1	589	198	304	499	42392119	42391571	21.717	2.11e-06	56.2
Anolis_carolinensis_C9A	NC_070612.1	591	84	455	538	18595881	18595630	67.857	9.51e-31	134
Anolis_carolinensis_C9A	NC_070612.1	591	82	277	358	18599269	18599024	67.073	2.74e-28	126
Anolis_carolinensis_C9A	NC_070612.1	591	47	156	202	18602840	18602700	82.979	1.06e-17	92.8
Anolis_carolinensis_C9A	NC_070612.1	591	50	106	155	18603578	18603429	74.000	4.54e-13	78.2
Anolis_carolinensis_C9A	NC_070612.1	591	81	35	106	18604658	18604416	48.148	1.21e-11	73.6
Anolis_carolinensis_C9A	NC_070612.1	591	58	408	465	18597169	18596996	53.448	1.98e-11	72.8
Anolis_carolinensis_C9A	NC_070612.1	591	59	531	589	18594481	18594308	55.932	2.96e-11	72.0
Anolis_carolinensis_C9A	NC_070612.1	591	71	461	531	19111443	19111652	38.028	3.28e-08	62.4
Anolis_carolinensis_C9A	NC_070612.1	591	77	201	277	18601067	18600840	44.156	5.66e-08	61.6
Anolis_carolinensis_C9A	NC_070612.1	591	92	274	365	19146555	19146280	34.783	1.28e-07	60.5
Anolis_carolinensis_C9A	NC_070612.1	591	58	57	113	19150915	19150742	48.276	2.95e-07	59.3
Anolis_carolinensis_C9A	NC_070612.1	591	79	281	359	19173334	19173098	34.177	1.30e-06	57.0
Anolis_carolinensis_C9A	NC_070612.1	591	80	280	358	19104480	19104719	33.750	2.02e-06	56.6
Anolis_carolinensis_C9A	NC_070612.1	591	55	534	587	19167276	19167112	47.273	6.53e-06	54.7
Anolis_carolinensis_C9A	NC_070607.1	591	47	541	587	41670016	41669876	59.574	1.22e-08	63.5
Anolis_carolinensis_C9A	NC_070607.1	591	79	281	359	41643864	41644100	34.177	5.24e-08	61.6
Anolis_carolinensis_C9A	NC_070607.1	591	78	452	528	41670757	41670527	33.333	4.33e-07	58.5
Anolis_carolinensis_C9A	NC_070614.1	591	201	306	501	42392119	42391571	24.378	1.45e-06	57.0
Pogona_vitticeps_C9A	NC_070612.1	576	75	438	512	18595875	18595651	76.000	2.51e-29	129
Pogona_vitticeps_C9A	NC_070612.1	576	112	255	362	18599278	18598967	54.464	3.22e-28	125
Pogona_vitticeps_C9A	NC_070612.1	576	48	156	203	18602840	18602697	79.167	4.99e-17	90.9
Pogona_vitticeps_C9A	NC_070612.1	576	50	106	155	18603578	18603429	76.000	1.27e-13	79.7
Pogona_vitticeps_C9A	NC_070612.1	576	61	515	572	18594490	18594311	62.295	3.25e-13	78.6
Pogona_vitticeps_C9A	NC_070612.1	576	65	383	447	18597187	18596993	56.923	6.08e-13	77.4
Pogona_vitticeps_C9A	NC_070612.1	576	50	57	106	18604565	18604416	62.000	4.35e-11	71.6
Pogona_vitticeps_C9A	NC_070612.1	576	68	443	510	19111446	19111646	41.176	8.71e-08	60.8
Pogona_vitticeps_C9A	NC_070612.1	576	41	524	563	19141368	19141246	68.293	2.22e-07	59.7
Pogona_vitticeps_C9A	NC_070612.1	576	54	519	571	19167273	19167112	50.000	5.00e-07	58.5
Pogona_vitticeps_C9A	NC_070612.1	576	81	437	517	19143779	19143540	40.741	3.15e-06	55.8
Pogona_vitticeps_C9A	NC_070612.1	576	79	262	340	19173334	19173098	35.443	3.37e-06	55.8
Pogona_vitticeps_C9A	NC_070612.1	576	87	254	340	19146558	19146298	32.184	7.31e-06	54.7
Pogona_vitticeps_C9A	NC_070607.1	576	87	254	340	41643840	41644100	35.632	3.48e-10	68.6
Pogona_vitticeps_C9A	NC_070607.1	576	78	433	509	41670757	41670527	39.744	1.49e-09	66.6
Pogona_vitticeps_C9A	NC_070607.1	576	84	257	340	41680818	41680567	34.524	9.98e-09	63.9
Pogona_vitticeps_C9A	NC_070607.1	576	48	520	567	41670031	41669888	54.167	3.53e-07	58.9
Pogona_vitticeps_C9A	NC_070607.1	576	53	526	574	11696517	11696675	49.057	8.45e-06	54.3
Pogona_vitticeps_C9A	NC_070614.1	576	239	268	501	41071280	41071930	27.197	3.88e-10	68.6
Gekko_japonicus_C9A	NC_070612.1	582	85	288	372	18599278	18599024	63.529	5.00e-26	119
Gekko_japonicus_C9A	NC_070612.1	582	74	451	524	18595875	18595654	70.270	1.17e-24	114
Gekko_japonicus_C9A	NC_070612.1	582	45	173	217	18602840	18602706	77.778	5.52e-14	80.9
Gekko_japonicus_C9A	NC_070612.1	582	51	122	172	18603578	18603429	62.745	4.43e-10	68.2
Gekko_japonicus_C9A	NC_070612.1	582	58	396	453	18597187	18597014	48.276	1.61e-09	66.6
Gekko_japonicus_C9A	NC_070612.1	582	52	530	581	18594466	18594314	59.615	3.05e-09	65.5
Gekko_japonicus_C9A	NC_070612.1	582	67	457	523	19111449	19111646	43.284	5.60e-09	64.7
Gekko_japonicus_C9A	NC_070612.1	582	53	71	123	18604562	18604413	56.604	1.48e-08	63.5
Gekko_japonicus_C9A	NC_070612.1	582	82	457	536	19143758	19143516	37.805	7.66e-07	57.8
Gekko_japonicus_C9A	NC_070612.1	582	79	295	373	19173334	19173098	32.911	9.80e-07	57.4
Gekko_japonicus_C9A	NC_070612.1	582	92	288	379	19146555	19146280	28.261	4.46e-06	55.5
Gekko_japonicus_C9A	NC_070614.1	582	218	320	521	42392119	42391490	23.394	5.46e-09	64.7
Gekko_japonicus_C9A	NC_070614.1	582	217	320	521	41071319	41071957	24.885	1.54e-08	63.2
Gekko_japonicus_C9A	NC_070614.1	582	212	316	512	42382359	42381751	24.057	5.56e-06	55.1
Gekko_japonicus_C9A	NC_070607.1	582	81	295	375	41680803	41680561	35.802	1.23e-08	63.5
Gekko_japonicus_C9A	NC_070607.1	582	47	535	581	41670016	41669876	53.191	6.47e-08	61.2
Gekko_japonicus_C9A	NC_070607.1	582	136	281	416	41643822	41644205	28.676	1.27e-07	60.5
Gekko_japonicus_C9A	NC_070607.1	582	77	447	522	41670754	41670527	33.766	3.74e-07	58.9
Crotalus_tigris_C9A	NC_070612.1	583	77	276	352	18599260	18599030	64.935	2.83e-27	123
Crotalus_tigris_C9A	NC_070612.1	583	82	453	534	18595875	18595630	63.415	2.10e-26	120
Crotalus_tigris_C9A	NC_070612.1	583	47	157	203	18602840	18602700	76.596	8.88e-16	86.7
Crotalus_tigris_C9A	NC_070612.1	583	50	107	156	18603578	18603429	74.000	6.76e-14	80.9
Crotalus_tigris_C9A	NC_070612.1	583	66	396	461	18597190	18596996	53.030	8.08e-10	67.4
Crotalus_tigris_C9A	NC_070612.1	583	51	57	107	18604565	18604416	60.784	2.33e-09	65.9
Crotalus_tigris_C9A	NC_070612.1	583	69	457	525	19111443	19111646	42.029	8.53e-09	64.3
Crotalus_tigris_C9A	NC_070612.1	583	54	530	583	18594472	18594314	51.852	7.25e-08	61.2
Crotalus_tigris_C9A	NC_070612.1	583	59	57	114	19150915	19150742	44.068	3.05e-06	55.8
Crotalus_tigris_C9A	NC_070607.1	583	77	449	524	41670754	41670527	40.260	1.58e-08	63.2
Crotalus_tigris_C9A	NC_070607.1	583	74	277	350	41643864	41644085	33.784	5.08e-06	55.1
Crotalus_tigris_C9A	NC_070614.1	583	225	296	515	41071301	41071927	24.444	4.62e-08	61.6
Thamnophis_elegans_C9A	NC_070612.1	583	82	274	355	18599266	18599021	64.634	1.54e-28	127
Thamnophis_elegans_C9A	NC_070612.1	583	75	460	534	18595854	18595630	66.667	4.19e-24	113
Thamnophis_elegans_C9A	NC_070612.1	583	47	157	203	18602840	18602700	72.340	7.37e-14	80.5
Thamnophis_elegans_C9A	NC_070612.1	583	50	107	156	18603578	18603429	72.000	8.81e-13	77.0
Thamnophis_elegans_C9A	NC_070612.1	583	51	57	107	18604565	18604416	58.824	2.81e-09	65.9
Thamnophis_elegans_C9A	NC_070612.1	583	59	403	461	18597172	18596996	50.847	3.99e-09	65.1
Thamnophis_elegans_C9A	NC_070612.1	583	50	535	583	19141371	19141222	56.000	9.45e-08	60.8
Thamnophis_elegans_C9A	NC_070612.1	583	55	530	583	19167276	19167112	47.273	1.42e-07	60.1
Thamnophis_elegans_C9A	NC_070612.1	583	54	530	583	18594472	18594314	50.000	3.14e-07	58.9
Thamnophis_elegans_C9A	NC_070612.1	583	69	457	525	19111443	19111646	39.130	8.61e-06	54.3
Thamnophis_elegans_C9A	NC_070607.1	583	46	538	583	41670013	41669876	56.522	2.69e-07	59.3
Thamnophis_elegans_C9A	NC_070607.1	583	81	274	354	41680812	41680570	32.099	1.54e-06	57.0
Thamnophis_elegans_C9A	NC_070607.1	583	82	277	358	41643864	41644109	32.927	8.18e-06	54.3
Thamnophis_elegans_C9A	NC_070614.1	583	225	299	515	41071310	41071927	24.000	3.35e-06	55.8
Naja_naja_C9A	NC_070612.1	582	78	276	353	18599260	18599027	65.385	1.09e-27	124
Naja_naja_C9A	NC_070612.1	582	82	452	533	18595875	18595630	63.415	1.93e-25	117
Naja_naja_C9A	NC_070612.1	582	50	107	156	18603578	18603429	78.000	4.27e-14	81.3
Naja_naja_C9A	NC_070612.1	582	47	157	203	18602840	18602700	68.085	7.66e-14	80.5
Naja_naja_C9A	NC_070612.1	582	89	368	456	18597274	18597008	41.573	7.59e-10	67.4
Naja_naja_C9A	NC_070612.1	582	57	57	110	18604565	18604398	54.386	7.17e-09	64.3
Naja_naja_C9A	NC_070612.1	582	69	456	524	19111443	19111646	39.130	3.06e-08	62.4
Naja_naja_C9A	NC_070612.1	582	49	534	582	18594457	18594314	53.061	2.12e-07	59.7
Naja_naja_C9A	NC_070612.1	582	67	277	343	19146534	19146334	38.806	2.30e-06	56.2
Naja_naja_C9A	NC_070607.1	582	77	448	523	41670754	41670527	38.961	4.45e-08	62.0
Naja_naja_C9A	NC_070607.1	582	74	277	350	41643864	41644085	36.486	1.54e-06	57.0
Naja_naja_C9A	NC_070607.1	582	74	277	350	41680803	41680582	35.135	9.35e-06	54.3
Pseudonaja_textilis_C9A	NC_070612.1	583	78	276	353	18599260	18599027	65.385	9.97e-28	124
Pseudonaja_textilis_C9A	NC_070612.1	583	82	453	534	18595875	18595630	63.415	2.26e-25	117
Pseudonaja_textilis_C9A	NC_070612.1	583	47	157	203	18602840	18602700	68.085	7.69e-14	80.5
Pseudonaja_textilis_C9A	NC_070612.1	583	50	107	156	18603578	18603429	74.000	2.01e-13	79.3
Pseudonaja_textilis_C9A	NC_070612.1	583	67	391	457	18597205	18597008	49.254	1.88e-09	66.2
Pseudonaja_textilis_C9A	NC_070612.1	583	51	57	107	18604565	18604416	56.863	7.38e-09	64.3
Pseudonaja_textilis_C9A	NC_070612.1	583	71	457	527	19111443	19111652	39.437	3.99e-08	62.0
Pseudonaja_textilis_C9A	NC_070612.1	583	49	535	583	18594457	18594314	53.061	2.79e-07	59.3
Pseudonaja_textilis_C9A	NC_070614.1	583	222	299	515	41071310	41071927	24.324	5.76e-08	61.6
Pseudonaja_textilis_C9A	NC_070607.1	583	77	449	524	41670754	41670527	37.662	7.57e-08	61.2
Pseudonaja_textilis_C9A	NC_070607.1	583	74	277	350	41643864	41644085	35.135	1.77e-06	56.6
Python_bivittatus_C9A	NC_070612.1	582	82	453	534	18595875	18595630	69.512	1.47e-28	127
Python_bivittatus_C9A	NC_070612.1	582	79	276	354	18599260	18599024	67.089	4.38e-28	125
Python_bivittatus_C9A	NC_070612.1	582	47	157	203	18602840	18602700	68.085	2.05e-14	82.4
Python_bivittatus_C9A	NC_070612.1	582	50	107	156	18603578	18603429	72.000	9.00e-13	77.0
Python_bivittatus_C9A	NC_070612.1	582	50	533	582	18594460	18594314	64.000	1.70e-10	69.7
Python_bivittatus_C9A	NC_070612.1	582	55	403	457	18597172	18597008	56.364	2.04e-09	66.2
Python_bivittatus_C9A	NC_070612.1	582	67	459	525	19111449	19111646	41.791	1.91e-08	63.2
Python_bivittatus_C9A	NC_070612.1	582	51	57	107	18604565	18604416	54.902	3.50e-08	62.0
Python_bivittatus_C9A	NC_070612.1	582	76	203	272	18601064	18600843	42.105	9.11e-06	54.3
Python_bivittatus_C9A	NC_070607.1	582	77	449	524	41670754	41670527	40.260	5.99e-09	64.7
Python_bivittatus_C9A	NC_070607.1	582	79	277	355	41680803	41680567	34.177	8.57e-08	60.8
Python_bivittatus_C9A	NC_070607.1	582	64	523	578	41670079	41669888	42.188	2.02e-06	56.6
Python_bivittatus_C9A	NC_070607.1	582	81	277	357	41643864	41644106	32.099	3.23e-06	55.8
Python_bivittatus_C9A	NC_070614.1	582	227	296	514	41071301	41071924	25.110	8.80e-09	64.3
Python_bivittatus_C9A	NC_070608.1	582	70	513	578	91081221	91081421	41.429	4.90e-06	55.1
Notechis_scutatus_C9A	NC_070612.1	583	78	276	353	18599260	18599027	65.385	1.01e-27	124
Notechis_scutatus_C9A	NC_070612.1	583	82	453	534	18595875	18595630	63.415	1.86e-25	117
Notechis_scutatus_C9A	NC_070612.1	583	50	107	156	18603578	18603429	76.000	7.56e-14	80.5
Notechis_scutatus_C9A	NC_070612.1	583	47	157	203	18602840	18602700	68.085	7.56e-14	80.5
Notechis_scutatus_C9A	NC_070612.1	583	67	391	457	18597205	18597008	49.254	2.37e-09	65.9
Notechis_scutatus_C9A	NC_070612.1	583	51	57	107	18604565	18604416	56.863	9.13e-09	63.9
Notechis_scutatus_C9A	NC_070612.1	583	71	457	527	19111443	19111652	39.437	7.19e-08	61.2
Notechis_scutatus_C9A	NC_070612.1	583	49	535	583	18594457	18594314	53.061	2.69e-07	59.3
Notechis_scutatus_C9A	NC_070614.1	583	222	299	515	41071310	41071927	24.324	3.73e-08	62.0
Notechis_scutatus_C9A	NC_070607.1	583	77	449	524	41670754	41670527	37.662	8.38e-08	60.8
Notechis_scutatus_C9A	NC_070607.1	583	74	277	350	41643864	41644085	35.135	1.74e-06	56.6
Hydrophis_cyanocinctus_C9A	NC_070612.1	583	78	276	353	18599260	18599027	65.385	5.63e-28	125
Hydrophis_cyanocinctus_C9A	NC_070612.1	583	82	453	534	18595875	18595630	63.415	2.09e-25	117
Hydrophis_cyanocinctus_C9A	NC_070612.1	583	47	157	203	18602840	18602700	68.085	4.92e-14	81.3
Hydrophis_cyanocinctus_C9A	NC_070612.1	583	50	107	156	18603578	18603429	76.000	7.96e-14	80.5
Hydrophis_cyanocinctus_C9A	NC_070612.1	583	51	57	107	18604565	18604416	56.863	8.83e-09	64.3
Hydrophis_cyanocinctus_C9A	NC_070612.1	583	71	457	527	19111443	19111652	39.437	5.66e-08	61.6
Hydrophis_cyanocinctus_C9A	NC_070612.1	583	56	402	457	18597175	18597008	50.000	1.50e-07	60.1
Hydrophis_cyanocinctus_C9A	NC_070612.1	583	49	535	583	18594457	18594314	53.061	2.74e-07	59.3
Hydrophis_cyanocinctus_C9A	NC_070612.1	583	71	273	343	19146546	19146334	38.028	6.84e-06	54.7
Hydrophis_cyanocinctus_C9A	NC_070607.1	583	77	449	524	41670754	41670527	37.662	5.62e-08	61.6
Hydrophis_cyanocinctus_C9A	NC_070607.1	583	74	277	350	41643864	41644085	35.135	2.13e-06	56.2
Hydrophis_cyanocinctus_C9A	NC_070607.1	583	78	273	350	41680815	41680582	33.333	5.30e-06	55.1
Hydrophis_cyanocinctus_C9A	NC_070614.1	583	222	299	515	41071310	41071927	24.324	9.94e-08	60.8
Hydrophis_cyanocinctus_C9A	NC_070614.1	583	178	298	475	42382359	42381859	23.596	2.42e-06	56.2
Hydrophis_cyanocinctus_C9A	NC_070614.1	583	198	302	497	42392119	42391571	22.222	2.57e-06	56.2
Laticauda_colubrina_C9A	NC_070612.1	583	78	276	353	18599260	18599027	65.385	5.39e-28	125
Laticauda_colubrina_C9A	NC_070612.1	583	82	453	534	18595875	18595630	63.415	1.17e-25	118
Laticauda_colubrina_C9A	NC_070612.1	583	47	157	203	18602840	18602700	68.085	9.29e-14	80.1
Laticauda_colubrina_C9A	NC_070612.1	583	50	107	156	18603578	18603429	74.000	1.83e-13	79.3
Laticauda_colubrina_C9A	NC_070612.1	583	56	402	457	18597175	18597008	57.143	2.14e-09	66.2
Laticauda_colubrina_C9A	NC_070612.1	583	81	36	107	18604655	18604416	43.210	2.14e-08	62.8
Laticauda_colubrina_C9A	NC_070612.1	583	71	457	527	19111443	19111652	39.437	4.03e-08	62.0
Laticauda_colubrina_C9A	NC_070612.1	583	49	535	583	18594457	18594314	53.061	2.69e-07	59.3
Laticauda_colubrina_C9A	NC_070607.1	583	77	449	524	41670754	41670527	38.961	2.79e-08	62.4
Laticauda_colubrina_C9A	NC_070607.1	583	74	277	350	41643864	41644085	35.135	2.11e-06	56.2
Laticauda_colubrina_C9A	NC_070614.1	583	222	299	515	41071310	41071927	22.973	6.84e-06	54.7
Protobothrops_mucrosquamatus_C9A	NC_070612.1	583	81	274	354	18599266	18599024	74.074	4.93e-32	137
Protobothrops_mucrosquamatus_C9A	NC_070612.1	583	82	453	534	18595875	18595630	65.854	2.26e-27	123
Protobothrops_mucrosquamatus_C9A	NC_070612.1	583	47	157	203	18602840	18602700	74.468	6.29e-16	87.0
Protobothrops_mucrosquamatus_C9A	NC_070612.1	583	50	107	156	18603578	18603429	72.000	9.20e-13	77.0
Protobothrops_mucrosquamatus_C9A	NC_070612.1	583	54	530	583	18594472	18594314	59.259	5.05e-10	68.2
Protobothrops_mucrosquamatus_C9A	NC_070612.1	583	57	57	110	18604565	18604398	54.386	1.14e-09	67.0
Protobothrops_mucrosquamatus_C9A	NC_070612.1	583	69	457	525	19111443	19111646	42.029	4.31e-09	65.1
Protobothrops_mucrosquamatus_C9A	NC_070612.1	583	54	404	457	18597169	18597008	55.556	8.60e-09	64.3
Protobothrops_mucrosquamatus_C9A	NC_070612.1	583	55	530	583	19167276	19167112	47.273	9.91e-07	57.4
Protobothrops_mucrosquamatus_C9A	NC_070612.1	583	82	274	355	19173343	19173098	32.927	2.23e-06	56.2
Protobothrops_mucrosquamatus_C9A	NC_070612.1	583	70	274	343	19146543	19146334	35.714	4.11e-06	55.5
Protobothrops_mucrosquamatus_C9A	NC_070612.1	583	42	535	575	19141371	19141246	64.286	4.14e-06	55.5
Protobothrops_mucrosquamatus_C9A	NC_070612.1	583	59	57	114	19150915	19150742	44.068	7.33e-06	54.7
Protobothrops_mucrosquamatus_C9A	NC_070614.1	583	232	296	515	41071301	41071927	26.724	3.51e-08	62.0
Protobothrops_mucrosquamatus_C9A	NC_070607.1	583	82	274	355	41680812	41680567	32.927	4.62e-08	61.6
Protobothrops_mucrosquamatus_C9A	NC_070607.1	583	77	449	524	41670754	41670527	37.662	1.20e-07	60.5
Protobothrops_mucrosquamatus_C9A	NC_070607.1	583	79	277	355	41643864	41644100	32.911	2.52e-07	59.3
Protobothrops_mucrosquamatus_C9A	NC_070607.1	583	42	538	579	41670013	41669888	54.762	3.25e-07	58.9
Chrysopelea_ornata_C9A	NC_070612.1	584	81	274	354	18599266	18599024	67.901	5.01e-29	128
Chrysopelea_ornata_C9A	NC_070612.1	584	84	452	535	18595881	18595630	64.286	4.19e-27	122
Chrysopelea_ornata_C9A	NC_070612.1	584	47	157	203	18602840	18602700	72.340	2.39e-15	85.5
Chrysopelea_ornata_C9A	NC_070612.1	584	50	107	156	18603578	18603429	72.000	3.10e-13	78.6
Chrysopelea_ornata_C9A	NC_070612.1	584	55	404	458	18597172	18597008	52.727	1.74e-08	63.2
Chrysopelea_ornata_C9A	NC_070612.1	584	54	531	584	18594472	18594314	51.852	2.06e-08	62.8
Chrysopelea_ornata_C9A	NC_070612.1	584	69	458	526	19111443	19111646	42.029	3.10e-08	62.4
Chrysopelea_ornata_C9A	NC_070612.1	584	55	531	584	19167276	19167112	47.273	5.72e-07	58.2
Chrysopelea_ornata_C9A	NC_070612.1	584	51	57	107	18604565	18604416	50.980	1.64e-06	56.6
Chrysopelea_ornata_C9A	NC_070612.1	584	82	274	355	19173343	19173098	32.927	8.00e-06	54.7
Chrysopelea_ornata_C9A	NC_070607.1	584	84	274	357	41680812	41680561	35.714	1.23e-08	63.5
Chrysopelea_ornata_C9A	NC_070607.1	584	77	450	525	41670754	41670527	38.961	2.97e-07	59.3
Chrysopelea_ornata_C9A	NC_070607.1	584	82	277	358	41643864	41644109	31.707	2.91e-06	55.8
Chrysopelea_ornata_C9A	NC_070614.1	584	229	296	516	41071301	41071927	24.454	4.23e-06	55.5
Pituophis_catenifer_C9A	NC_070612.1	583	77	277	353	18599257	18599027	67.532	1.04e-27	124
Pituophis_catenifer_C9A	NC_070612.1	583	84	451	534	18595881	18595630	61.905	2.18e-25	117
Pituophis_catenifer_C9A	NC_070612.1	583	47	157	203	18602840	18602700	70.213	3.49e-14	81.6
Pituophis_catenifer_C9A	NC_070612.1	583	50	107	156	18603578	18603429	70.000	1.91e-12	75.9
Pituophis_catenifer_C9A	NC_070612.1	583	51	57	107	18604565	18604416	60.784	2.67e-09	65.9
Pituophis_catenifer_C9A	NC_070612.1	583	61	397	457	18597187	18597008	52.459	2.59e-08	62.8
Pituophis_catenifer_C9A	NC_070612.1	583	54	530	583	18594472	18594314	51.852	3.25e-08	62.4
Pituophis_catenifer_C9A	NC_070612.1	583	55	530	583	19167276	19167112	50.909	4.39e-08	62.0
Pituophis_catenifer_C9A	NC_070612.1	583	69	457	525	19111443	19111646	42.029	1.52e-07	60.1
Pituophis_catenifer_C9A	NC_070612.1	583	42	535	575	19141371	19141246	59.524	9.70e-06	54.3
Pituophis_catenifer_C9A	NC_070607.1	583	77	449	524	41670754	41670527	38.961	4.62e-08	61.6
Pituophis_catenifer_C9A	NC_070607.1	583	85	274	358	41643855	41644109	34.118	8.95e-07	57.8
Pituophis_catenifer_C9A	NC_070607.1	583	46	538	583	41670013	41669876	50.000	2.30e-06	56.2
Pituophis_catenifer_C9A	NC_070607.1	583	79	277	355	41680803	41680567	32.911	7.58e-06	54.7
Pituophis_catenifer_C9A	NC_070614.1	583	226	296	516	41071301	41071930	24.779	6.72e-08	61.2
Pantherophis_obsoletus_C9A	NC_070612.1	583	81	274	354	18599266	18599024	71.605	8.39e-32	137
Pantherophis_obsoletus_C9A	NC_070612.1	583	84	451	534	18595881	18595630	61.905	8.45e-26	118
Pantherophis_obsoletus_C9A	NC_070612.1	583	47	157	203	18602840	18602700	72.340	8.36e-15	83.6
Pantherophis_obsoletus_C9A	NC_070612.1	583	50	107	156	18603578	18603429	66.000	8.69e-12	73.9
Pantherophis_obsoletus_C9A	NC_070612.1	583	51	57	107	18604565	18604416	60.784	7.36e-10	67.8
Pantherophis_obsoletus_C9A	NC_070612.1	583	55	403	457	18597172	18597008	50.909	5.20e-08	61.6
Pantherophis_obsoletus_C9A	NC_070612.1	583	54	530	583	18594472	18594314	50.000	1.12e-07	60.5
Pantherophis_obsoletus_C9A	NC_070612.1	583	69	457	525	19111443	19111646	42.029	1.51e-07	60.1
Pantherophis_obsoletus_C9A	NC_070612.1	583	55	530	583	19167276	19167112	49.091	1.63e-07	60.1
Pantherophis_obsoletus_C9A	NC_070612.1	583	82	274	355	19173343	19173098	32.927	3.90e-06	55.5
Pantherophis_obsoletus_C9A	NC_070612.1	583	41	536	575	19141368	19141246	60.976	9.87e-06	54.3
Pantherophis_obsoletus_C9A	NC_070607.1	583	82	274	355	41680812	41680567	35.366	1.87e-08	63.2
Pantherophis_obsoletus_C9A	NC_070607.1	583	77	449	524	41670754	41670527	38.961	4.74e-08	61.6
Pantherophis_obsoletus_C9A	NC_070607.1	583	82	277	358	41643864	41644109	34.146	5.11e-08	61.6
Pantherophis_obsoletus_C9A	NC_070607.1	583	46	538	583	41670013	41669876	50.000	2.44e-06	56.2
Pantherophis_obsoletus_C9A	NC_070614.1	583	235	296	516	41071301	41071930	26.383	3.43e-08	62.4
Bothrops_jararaca_C9A	NC_070612.1	583	81	274	354	18599266	18599024	72.840	2.24e-31	135
Bothrops_jararaca_C9A	NC_070612.1	583	82	453	534	18595875	18595630	64.634	1.06e-26	121
Bothrops_jararaca_C9A	NC_070612.1	583	47	157	203	18602840	18602700	74.468	5.48e-16	87.4
Bothrops_jararaca_C9A	NC_070612.1	583	50	107	156	18603578	18603429	74.000	5.59e-13	77.8
Bothrops_jararaca_C9A	NC_070612.1	583	54	530	583	18594472	18594314	59.259	5.60e-10	68.2
Bothrops_jararaca_C9A	NC_070612.1	583	59	57	112	18604565	18604392	55.932	5.70e-10	68.2
Bothrops_jararaca_C9A	NC_070612.1	583	55	403	457	18597172	18597008	54.545	2.14e-09	66.2
Bothrops_jararaca_C9A	NC_070612.1	583	69	457	525	19111443	19111646	39.130	1.11e-07	60.5
Bothrops_jararaca_C9A	NC_070612.1	583	55	57	110	19150915	19150754	50.909	1.35e-07	60.5
Bothrops_jararaca_C9A	NC_070612.1	583	82	274	355	19173343	19173098	32.927	3.16e-06	55.8
Bothrops_jararaca_C9A	NC_070612.1	583	70	274	343	19146543	19146334	35.714	6.39e-06	54.7
Bothrops_jararaca_C9A	NC_070612.1	583	55	530	583	19167276	19167112	45.455	9.06e-06	54.3
Bothrops_jararaca_C9A	NC_070614.1	583	229	296	515	41071301	41071927	26.201	2.05e-08	62.8
Bothrops_jararaca_C9A	NC_070607.1	583	77	449	524	41670754	41670527	37.662	4.82e-08	61.6
Bothrops_jararaca_C9A	NC_070607.1	583	82	274	355	41680812	41680567	32.927	5.86e-08	61.6
Bothrops_jararaca_C9A	NC_070607.1	583	79	277	355	41643864	41644100	32.911	8.43e-07	57.8
Bothrops_jararaca_C9A	NC_070607.1	583	42	538	579	41670013	41669888	52.381	2.11e-06	56.2
Ptyas_mucosa_C9A	NC_070612.1	583	81	274	354	18599266	18599024	70.370	4.40e-30	131
Ptyas_mucosa_C9A	NC_070612.1	583	84	451	534	18595881	18595630	60.714	8.52e-26	118
Ptyas_mucosa_C9A	NC_070612.1	583	47	157	203	18602840	18602700	72.340	7.87e-15	83.6
Ptyas_mucosa_C9A	NC_070612.1	583	50	107	156	18603578	18603429	74.000	1.52e-13	79.7
Ptyas_mucosa_C9A	NC_070612.1	583	51	57	107	18604565	18604416	60.784	5.55e-10	68.2
Ptyas_mucosa_C9A	NC_070612.1	583	78	457	534	19111443	19111667	42.308	7.77e-09	64.3
Ptyas_mucosa_C9A	NC_070612.1	583	55	403	457	18597172	18597008	50.909	8.67e-08	60.8
Ptyas_mucosa_C9A	NC_070612.1	583	55	530	583	19167276	19167112	50.909	2.67e-07	59.3
Ptyas_mucosa_C9A	NC_070612.1	583	54	530	583	18594472	18594314	50.000	5.90e-07	58.2
Ptyas_mucosa_C9A	NC_070612.1	583	82	274	355	19173343	19173098	32.927	6.79e-06	54.7
Ptyas_mucosa_C9A	NC_070607.1	583	82	274	355	41680812	41680567	35.366	2.12e-08	62.8
Ptyas_mucosa_C9A	NC_070607.1	583	82	277	358	41643864	41644109	34.146	7.44e-08	61.2
Ptyas_mucosa_C9A	NC_070607.1	583	77	449	524	41670754	41670527	37.662	6.53e-07	58.2
Ptyas_mucosa_C9A	NC_070607.1	583	46	538	583	41670013	41669876	52.174	1.20e-06	57.4
Ptyas_mucosa_C9A	NC_070614.1	583	230	299	515	41071310	41071927	26.087	3.48e-07	58.9
Vipera_berus_C9A	NC_070612.1	583	81	274	354	18599266	18599024	69.136	1.30e-29	130
Vipera_berus_C9A	NC_070612.1	583	82	453	534	18595875	18595630	63.415	7.88e-27	121
Vipera_berus_C9A	NC_070612.1	583	47	157	203	18602840	18602700	76.596	3.53e-16	88.2
Vipera_berus_C9A	NC_070612.1	583	50	107	156	18603578	18603429	74.000	3.49e-13	78.6
Vipera_berus_C9A	NC_070612.1	583	54	530	583	18594472	18594314	61.111	8.99e-11	70.5
Vipera_berus_C9A	NC_070612.1	583	55	403	457	18597172	18597008	54.545	1.93e-09	66.2
Vipera_berus_C9A	NC_070612.1	583	57	57	110	18604565	18604398	57.895	2.31e-09	65.9
Vipera_berus_C9A	NC_070612.1	583	69	457	525	19111443	19111646	42.029	2.41e-09	65.9
Vipera_berus_C9A	NC_070612.1	583	59	57	114	19150915	19150742	47.458	1.26e-07	60.5
Vipera_berus_C9A	NC_070612.1	583	70	274	343	19173343	19173134	37.143	1.41e-06	57.0
Vipera_berus_C9A	NC_070612.1	583	70	274	343	19146543	19146334	37.143	1.74e-06	56.6
Vipera_berus_C9A	NC_070607.1	583	77	449	524	41670754	41670527	37.662	7.07e-08	61.2
Vipera_berus_C9A	NC_070607.1	583	82	274	355	41680812	41680567	31.707	4.09e-07	58.5
Vipera_berus_C9A	NC_070607.1	583	81	277	357	41643864	41644106	33.333	8.58e-07	57.8
Vipera_berus_C9A	NC_070607.1	583	42	538	579	41670013	41669888	52.381	2.49e-06	56.2
Vipera_berus_C9A	NC_070614.1	583	233	296	514	41071301	41071924	24.464	1.54e-06	57.0
Sceloporus_undulatus_C9A	NC_070612.1	591	84	455	538	18595881	18595630	70.238	7.53e-31	134
Sceloporus_undulatus_C9A	NC_070612.1	591	87	272	358	18599284	18599024	64.368	2.14e-28	126
Sceloporus_undulatus_C9A	NC_070612.1	591	58	408	465	18597169	18596996	63.793	1.07e-13	80.1
Sceloporus_undulatus_C9A	NC_070612.1	591	47	156	202	18602840	18602700	65.957	1.85e-12	76.3
Sceloporus_undulatus_C9A	NC_070612.1	591	81	35	106	18604658	18604416	49.383	5.35e-12	74.7
Sceloporus_undulatus_C9A	NC_070612.1	591	50	106	155	18603578	18603429	70.000	7.60e-12	73.9
Sceloporus_undulatus_C9A	NC_070612.1	591	62	529	590	18594487	18594305	56.452	1.03e-11	73.6
Sceloporus_undulatus_C9A	NC_070612.1	591	55	534	587	19167276	19167112	52.727	4.16e-08	62.0
Sceloporus_undulatus_C9A	NC_070612.1	591	42	539	579	19141371	19141246	69.048	4.85e-08	61.6
Sceloporus_undulatus_C9A	NC_070612.1	591	95	274	368	19146555	19146271	33.684	1.01e-07	60.8
Sceloporus_undulatus_C9A	NC_070612.1	591	70	462	531	19111446	19111652	38.571	2.14e-07	59.7
Sceloporus_undulatus_C9A	NC_070612.1	591	93	190	277	18601112	18600840	38.710	2.21e-07	59.7
Sceloporus_undulatus_C9A	NC_070612.1	591	79	281	359	19173334	19173098	34.177	1.35e-06	57.0
Sceloporus_undulatus_C9A	NC_070612.1	591	58	57	113	19150915	19150742	44.828	6.53e-06	54.7
Sceloporus_undulatus_C9A	NC_070607.1	591	87	443	528	41670784	41670527	35.632	6.06e-09	64.7
Sceloporus_undulatus_C9A	NC_070607.1	591	79	281	359	41643864	41644100	37.975	2.33e-08	62.8
Sceloporus_undulatus_C9A	NC_070607.1	591	69	527	587	41670079	41669876	42.029	4.96e-07	58.5
Sceloporus_undulatus_C9A	NC_070614.1	591	203	306	501	42392119	42391571	25.123	1.23e-06	57.0
Sceloporus_undulatus_C9A	NC_070614.1	591	241	287	520	41071280	41071930	22.822	1.70e-06	56.6
Sceloporus_undulatus_C9A	NC_070614.1	591	203	302	502	42382359	42381802	25.123	4.42e-06	55.5
Anolis_carolinensis_C9B	NC_070612.1	538	86	272	357	18599284	18599027	65.116	6.99e-28	124
Anolis_carolinensis_C9B	NC_070612.1	538	81	457	537	18595875	18595633	66.667	2.10e-27	122
Anolis_carolinensis_C9B	NC_070612.1	538	47	156	202	18602840	18602700	78.723	2.25e-16	88.2
Anolis_carolinensis_C9B	NC_070612.1	538	60	402	460	18597190	18597011	65.000	6.28e-14	80.5
Anolis_carolinensis_C9B	NC_070612.1	538	50	106	155	18603578	18603429	72.000	1.67e-12	75.9
Anolis_carolinensis_C9B	NC_070612.1	538	50	57	106	18604565	18604416	62.000	1.57e-11	72.8
Anolis_carolinensis_C9B	NC_070612.1	538	71	462	532	19111446	19111655	40.845	1.12e-09	66.6
Anolis_carolinensis_C9B	NC_070612.1	538	104	262	365	19146582	19146280	35.577	2.26e-08	62.8
Anolis_carolinensis_C9B	NC_070612.1	538	93	190	277	18601112	18600840	36.559	2.04e-07	59.3
Anolis_carolinensis_C9B	NC_070612.1	538	75	281	355	19173334	19173110	37.333	7.79e-07	57.8
Anolis_carolinensis_C9B	NC_070612.1	538	66	57	122	19150915	19150736	39.394	3.69e-06	55.5
Anolis_carolinensis_C9B	NC_070607.1	538	81	281	361	41680803	41680561	34.568	6.38e-09	64.3
Anolis_carolinensis_C9B	NC_070607.1	538	76	281	356	41643864	41644091	36.842	2.19e-08	62.8
Anolis_carolinensis_C9B	NC_070614.1	538	198	306	501	42392119	42391571	24.747	1.88e-08	62.8
Anolis_carolinensis_C9B	NC_070614.1	538	215	310	519	41071331	41071927	26.512	7.04e-07	57.8
Anolis_carolinensis_C9B	NC_070614.1	538	214	306	518	42382347	42381751	23.364	3.69e-06	55.5
Hydrophis_cyanocinctus_C9B	NC_070612.1	582	81	273	353	18599266	18599024	71.605	1.63e-31	136
Hydrophis_cyanocinctus_C9B	NC_070612.1	582	84	450	533	18595881	18595630	58.333	3.07e-24	113
Hydrophis_cyanocinctus_C9B	NC_070612.1	582	47	156	202	18602840	18602700	72.340	6.59e-15	84.0
Hydrophis_cyanocinctus_C9B	NC_070612.1	582	50	106	155	18603578	18603429	74.000	1.24e-13	79.7
Hydrophis_cyanocinctus_C9B	NC_070612.1	582	69	456	524	19111443	19111646	43.478	2.98e-09	65.5
Hydrophis_cyanocinctus_C9B	NC_070612.1	582	51	56	106	18604565	18604416	56.863	1.76e-08	63.2
Hydrophis_cyanocinctus_C9B	NC_070612.1	582	54	529	582	18594472	18594314	51.852	2.30e-07	59.7
Hydrophis_cyanocinctus_C9B	NC_070612.1	582	55	529	582	19167276	19167112	45.455	1.09e-06	57.4
Hydrophis_cyanocinctus_C9B	NC_070612.1	582	55	402	456	18597172	18597008	45.455	1.14e-06	57.4
Hydrophis_cyanocinctus_C9B	NC_070607.1	582	77	448	523	41670754	41670527	41.558	1.83e-08	63.2
Hydrophis_cyanocinctus_C9B	NC_070607.1	582	82	276	357	41643864	41644109	32.927	2.19e-07	59.7
Hydrophis_cyanocinctus_C9B	NC_070607.1	582	82	273	354	41680812	41680567	31.707	5.88e-07	58.2
Hydrophis_cyanocinctus_C9B	NC_070614.1	582	227	295	513	41071301	41071924	24.670	1.43e-06	57.0
Bothrops_jararaca_C9B	NC_070612.1	583	81	274	354	18599266	18599024	72.840	2.07e-31	135
Bothrops_jararaca_C9B	NC_070612.1	583	82	453	534	18595875	18595630	64.634	1.17e-26	121
Bothrops_jararaca_C9B	NC_070612.1	583	47	157	203	18602840	18602700	76.596	2.52e-16	88.6
Bothrops_jararaca_C9B	NC_070612.1	583	50	107	156	18603578	18603429	72.000	1.04e-12	77.0
Bothrops_jararaca_C9B	NC_070612.1	583	57	57	110	18604565	18604398	56.140	9.03e-10	67.4
Bothrops_jararaca_C9B	NC_070612.1	583	54	530	583	18594472	18594314	59.259	1.13e-09	67.0
Bothrops_jararaca_C9B	NC_070612.1	583	55	403	457	18597172	18597008	52.727	5.71e-09	64.7
Bothrops_jararaca_C9B	NC_070612.1	583	69	457	525	19111443	19111646	39.130	1.05e-07	60.5
Bothrops_jararaca_C9B	NC_070612.1	583	59	57	114	19150915	19150742	45.763	7.05e-07	57.8
Bothrops_jararaca_C9B	NC_070612.1	583	82	274	355	19173343	19173098	32.927	2.97e-06	55.8
Bothrops_jararaca_C9B	NC_070612.1	583	70	274	343	19146543	19146334	35.714	6.45e-06	54.7
Bothrops_jararaca_C9B	NC_070607.1	583	77	449	524	41670754	41670527	37.662	5.34e-08	61.6
Bothrops_jararaca_C9B	NC_070607.1	583	82	274	355	41680812	41680567	32.927	5.91e-08	61.6
Bothrops_jararaca_C9B	NC_070607.1	583	42	538	579	41670013	41669888	52.381	7.88e-07	57.8
Bothrops_jararaca_C9B	NC_070607.1	583	79	277	355	41643864	41644100	32.911	8.22e-07	57.8
Bothrops_jararaca_C9B	NC_070614.1	583	232	296	515	41071301	41071927	26.724	8.53e-08	60.8
Laticauda_colubrina_C9B	NC_070612.1	583	79	276	354	18599260	18599024	72.152	7.83e-31	134
Laticauda_colubrina_C9B	NC_070612.1	583	84	451	534	18595881	18595630	59.524	1.02e-24	115
Laticauda_colubrina_C9B	NC_070612.1	583	46	157	202	18602840	18602703	73.913	2.66e-15	85.1
Laticauda_colubrina_C9B	NC_070612.1	583	50	107	156	18603578	18603429	74.000	6.94e-14	80.5
Laticauda_colubrina_C9B	NC_070612.1	583	69	457	525	19111443	19111646	43.478	5.86e-09	64.7
Laticauda_colubrina_C9B	NC_070612.1	583	50	58	107	18604562	18604416	58.000	2.48e-08	62.8
Laticauda_colubrina_C9B	NC_070612.1	583	54	530	583	18594472	18594314	51.852	5.81e-08	61.6
Laticauda_colubrina_C9B	NC_070612.1	583	55	530	583	19167276	19167112	49.091	5.37e-07	58.2
Laticauda_colubrina_C9B	NC_070612.1	583	112	253	364	19146564	19146271	30.357	5.75e-07	58.2
Laticauda_colubrina_C9B	NC_070612.1	583	55	403	457	18597172	18597008	47.273	1.28e-06	57.0
Laticauda_colubrina_C9B	NC_070612.1	583	79	277	355	19173334	19173098	32.911	2.17e-06	56.2
Laticauda_colubrina_C9B	NC_070614.1	583	269	256	514	41071193	41071924	23.792	6.27e-08	61.2
Laticauda_colubrina_C9B	NC_070614.1	583	221	299	515	42392128	42391520	23.982	1.70e-06	56.6
Laticauda_colubrina_C9B	NC_070614.1	583	174	298	469	42382359	42381877	27.011	2.01e-06	56.6
Laticauda_colubrina_C9B	NC_070607.1	583	81	277	357	41680803	41680561	29.630	1.90e-07	59.7
Laticauda_colubrina_C9B	NC_070607.1	583	99	274	369	41643855	41644151	29.293	2.84e-07	59.3
Laticauda_colubrina_C9B	NC_070607.1	583	77	449	524	41670754	41670527	38.961	6.31e-07	58.2
Laticauda_colubrina_C9B	NC_070607.1	583	47	537	583	41670016	41669876	48.936	6.79e-06	54.7
Pseudonaja_textilis_C9B	NC_070612.1	583	79	276	354	18599260	18599024	74.684	4.84e-32	137
Pseudonaja_textilis_C9B	NC_070612.1	583	84	451	534	18595881	18595630	60.714	1.01e-24	115
Pseudonaja_textilis_C9B	NC_070612.1	583	47	157	203	18602840	18602700	70.213	1.27e-14	83.2
Pseudonaja_textilis_C9B	NC_070612.1	583	50	107	156	18603578	18603429	76.000	4.04e-14	81.3
Pseudonaja_textilis_C9B	NC_070612.1	583	69	457	525	19111443	19111646	43.478	1.57e-09	66.6
Pseudonaja_textilis_C9B	NC_070612.1	583	51	57	107	18604565	18604416	56.863	7.97e-09	64.3
Pseudonaja_textilis_C9B	NC_070612.1	583	55	403	457	18597172	18597008	49.091	5.06e-07	58.5
Pseudonaja_textilis_C9B	NC_070612.1	583	55	530	583	19167276	19167112	47.273	7.61e-07	57.8
Pseudonaja_textilis_C9B	NC_070612.1	583	54	530	583	18594472	18594314	46.296	8.54e-06	54.3
Pseudonaja_textilis_C9B	NC_070607.1	583	77	449	524	41670754	41670527	40.260	6.27e-08	61.2
Pseudonaja_textilis_C9B	NC_070607.1	583	82	277	358	41643864	41644109	32.927	1.00e-07	60.8
Pseudonaja_textilis_C9B	NC_070607.1	583	79	277	355	41680803	41680567	31.646	1.95e-07	59.7
Pseudonaja_textilis_C9B	NC_070607.1	583	46	538	583	41670013	41669876	47.826	2.55e-06	56.2
Pseudonaja_textilis_C9B	NC_070614.1	583	224	299	514	41071310	41071924	25.446	6.05e-07	58.2
Notechis_scutatus_C9B	NC_070612.1	583	79	276	354	18599260	18599024	74.684	7.01e-32	137
Notechis_scutatus_C9B	NC_070612.1	583	82	453	534	18595875	18595630	60.976	1.15e-24	114
Notechis_scutatus_C9B	NC_070612.1	583	47	157	203	18602840	18602700	72.340	5.62e-15	84.3
Notechis_scutatus_C9B	NC_070612.1	583	50	107	156	18603578	18603429	74.000	1.13e-13	80.1
Notechis_scutatus_C9B	NC_070612.1	583	101	425	525	19111350	19111646	36.634	1.27e-09	67.0
Notechis_scutatus_C9B	NC_070612.1	583	50	58	107	18604562	18604416	58.000	1.30e-08	63.5
Notechis_scutatus_C9B	NC_070612.1	583	54	530	583	18594472	18594314	51.852	2.50e-07	59.3
Notechis_scutatus_C9B	NC_070612.1	583	55	530	583	19167276	19167112	45.455	1.04e-06	57.4
Notechis_scutatus_C9B	NC_070612.1	583	55	403	457	18597172	18597008	45.455	1.14e-06	57.4
Notechis_scutatus_C9B	NC_070607.1	583	82	449	529	41670754	41670512	39.024	2.24e-08	62.8
Notechis_scutatus_C9B	NC_070607.1	583	82	277	358	41643864	41644109	31.707	3.09e-07	58.9
Notechis_scutatus_C9B	NC_070607.1	583	79	277	355	41680803	41680567	30.380	1.16e-06	57.4
Notechis_scutatus_C9B	NC_070614.1	583	233	299	514	41071310	41071924	26.180	2.20e-07	59.7
Pituophis_catenifer_C9B	NC_070612.1	583	77	277	353	18599257	18599027	67.532	1.06e-27	124
Pituophis_catenifer_C9B	NC_070612.1	583	80	453	532	18595875	18595636	66.250	2.00e-26	120
Pituophis_catenifer_C9B	NC_070612.1	583	47	157	203	18602840	18602700	72.340	1.88e-15	85.9
Pituophis_catenifer_C9B	NC_070612.1	583	50	107	156	18603578	18603429	76.000	7.09e-15	84.0
Pituophis_catenifer_C9B	NC_070612.1	583	69	457	525	19111443	19111646	43.478	3.99e-09	65.1
Pituophis_catenifer_C9B	NC_070612.1	583	51	57	107	18604565	18604416	56.863	2.74e-08	62.4
Pituophis_catenifer_C9B	NC_070612.1	583	45	539	583	18594445	18594314	60.000	4.13e-08	62.0
Pituophis_catenifer_C9B	NC_070612.1	583	61	397	457	18597187	18597008	50.820	7.50e-08	61.2
Pituophis_catenifer_C9B	NC_070607.1	583	77	449	524	41670754	41670527	38.961	2.37e-08	62.8
Pituophis_catenifer_C9B	NC_070607.1	583	85	274	358	41643855	41644109	34.118	1.52e-06	57.0
Pituophis_catenifer_C9B	NC_070607.1	583	74	277	350	41680803	41680582	33.784	7.33e-06	54.7
Pituophis_catenifer_C9B	NC_070614.1	583	225	296	515	41071301	41071927	24.889	2.96e-07	59.3
Pantherophis_obsoletus_C9B	NC_070612.1	583	81	274	354	18599266	18599024	67.901	6.30e-30	131
Pantherophis_obsoletus_C9B	NC_070612.1	583	82	453	534	18595875	18595630	63.415	1.60e-25	117
Pantherophis_obsoletus_C9B	NC_070612.1	583	47	157	203	18602840	18602700	72.340	2.42e-15	85.5
Pantherophis_obsoletus_C9B	NC_070612.1	583	50	107	156	18603578	18603429	76.000	8.21e-15	83.6
Pantherophis_obsoletus_C9B	NC_070612.1	583	51	57	107	18604565	18604416	58.824	1.73e-08	63.2
Pantherophis_obsoletus_C9B	NC_070612.1	583	45	539	583	18594445	18594314	60.000	3.25e-08	62.4
Pantherophis_obsoletus_C9B	NC_070612.1	583	61	397	457	18597187	18597008	50.820	7.70e-08	61.2
Pantherophis_obsoletus_C9B	NC_070612.1	583	69	457	525	19111443	19111646	36.232	3.79e-07	58.9
Pantherophis_obsoletus_C9B	NC_070612.1	583	82	274	355	19173343	19173098	34.146	3.08e-06	55.8
Pantherophis_obsoletus_C9B	NC_070612.1	583	70	274	343	19146543	19146334	37.143	4.91e-06	55.1
Pantherophis_obsoletus_C9B	NC_070607.1	583	82	274	355	41680812	41680567	35.366	2.48e-08	62.8
Pantherophis_obsoletus_C9B	NC_070607.1	583	82	277	358	41643864	41644109	34.146	2.63e-08	62.8
Pantherophis_obsoletus_C9B	NC_070607.1	583	77	449	524	41670754	41670527	36.364	1.34e-07	60.5
Pantherophis_obsoletus_C9B	NC_070614.1	583	222	299	515	41071310	41071927	22.523	3.08e-06	55.8
Crotalus_tigris_C9B	NC_070612.1	583	85	453	537	18595875	18595621	64.706	7.56e-28	124
Crotalus_tigris_C9B	NC_070612.1	583	76	276	351	18599260	18599033	65.789	4.15e-27	122
Crotalus_tigris_C9B	NC_070612.1	583	47	157	203	18602840	18602700	76.596	9.68e-16	86.7
Crotalus_tigris_C9B	NC_070612.1	583	50	107	156	18603578	18603429	74.000	5.64e-14	80.9
Crotalus_tigris_C9B	NC_070612.1	583	66	396	461	18597190	18596996	53.030	9.19e-10	67.4
Crotalus_tigris_C9B	NC_070612.1	583	69	457	525	19111443	19111646	42.029	3.36e-09	65.5
Crotalus_tigris_C9B	NC_070612.1	583	51	57	107	18604565	18604416	58.824	6.38e-09	64.7
Crotalus_tigris_C9B	NC_070612.1	583	54	530	583	18594472	18594314	50.000	4.69e-07	58.5
Crotalus_tigris_C9B	NC_070612.1	583	67	57	123	19150915	19150736	40.299	3.16e-06	55.8
Crotalus_tigris_C9B	NC_070607.1	583	77	449	524	41670754	41670527	40.260	1.06e-08	63.9
Crotalus_tigris_C9B	NC_070607.1	583	74	277	350	41643864	41644085	33.784	5.39e-06	55.1
Crotalus_tigris_C9B	NC_070614.1	583	225	296	515	41071301	41071927	24.889	6.22e-08	61.2
Ptyas_mucosa_C9B	NC_070612.1	583	77	277	353	18599257	18599027	67.532	1.21e-27	124
Ptyas_mucosa_C9B	NC_070612.1	583	82	453	534	18595875	18595630	62.195	1.30e-24	114
Ptyas_mucosa_C9B	NC_070612.1	583	47	157	203	18602840	18602700	72.340	1.71e-15	85.9
Ptyas_mucosa_C9B	NC_070612.1	583	50	107	156	18603578	18603429	76.000	1.00e-14	83.2
Ptyas_mucosa_C9B	NC_070612.1	583	54	404	457	18597169	18597008	53.704	6.06e-08	61.2
Ptyas_mucosa_C9B	NC_070612.1	583	51	57	107	18604565	18604416	52.941	9.86e-08	60.8
Ptyas_mucosa_C9B	NC_070612.1	583	45	539	583	18594445	18594314	57.778	2.98e-07	59.3
Ptyas_mucosa_C9B	NC_070612.1	583	59	467	525	19111470	19111646	37.288	3.97e-06	55.5
Ptyas_mucosa_C9B	NC_070607.1	583	87	439	524	41670784	41670527	32.184	1.12e-06	57.4
Ptyas_mucosa_C9B	NC_070607.1	583	77	274	350	41643855	41644085	35.065	1.58e-06	56.6
Ptyas_mucosa_C9B	NC_070607.1	583	74	277	350	41680803	41680582	33.784	7.14e-06	54.7
Ptyas_mucosa_C9B	NC_070614.1	583	225	296	515	41071301	41071927	24.444	3.44e-06	55.8
