# Pogona_vitticeps DAB2/FYB1 anchors on NC_132823.1:296121791-300144607 (sstart/send relative to region; add 296121790)
Anolis_carolinensis_DAB2	1977683	1978321	322
Anolis_carolinensis_DAB2	1981963	1982490	263
Anolis_carolinensis_DAB2	1971629	1971769	100
Anolis_carolinensis_DAB2	1965199	1965339	99.4
Anolis_carolinensis_DAB2	1970337	1970438	73.9
Anolis_carolinensis_DAB2	1980721	1980882	70.1
Anolis_carolinensis_DAB2	1984372	1984539	50.1
Anolis_carolinensis_FYB1	2057987	2059108	332
Anolis_carolinensis_FYB1	2075371	2075526	105
Anolis_carolinensis_FYB1	2089896	2090069	93.2
Anolis_carolinensis_FYB1	2077926	2078066	84.0
Anolis_carolinensis_FYB1	2083232	2083396	52.4
Anolis_carolinensis_FYB1	2086306	2086398	47.0
Thamnophis_elegans_DAB2	1977683	1978309	288
Thamnophis_elegans_DAB2	1981963	1982490	212
Thamnophis_elegans_DAB2	1971629	1971766	99.4
Thamnophis_elegans_DAB2	1965199	1965339	95.9
Thamnophis_elegans_DAB2	1970337	1970438	72.0
Thamnophis_elegans_DAB2	1980721	1980882	67.0
Thamnophis_elegans_FYB1	2057987	2059105	230
Thamnophis_elegans_FYB1	2075371	2075538	94.4
Thamnophis_elegans_FYB1	2089896	2090069	88.2
Thamnophis_elegans_FYB1	2077899	2078066	83.6
Thamnophis_elegans_FYB1	2083232	2083384	58.9
