# Bradypodion_pumilum DAB2/FYB1 anchors on JAWDJD010000002.1:27297865-31341189 (sstart/send relative to region; add 27297864)
Anolis_carolinensis_DAB2	2080387	2079788	301
Anolis_carolinensis_DAB2	2075950	2075396	251
Anolis_carolinensis_DAB2	2092517	2092377	100
Anolis_carolinensis_DAB2	2095403	2095263	100
Anolis_carolinensis_DAB2	2094551	2094450	73.9
Anolis_carolinensis_DAB2	2077705	2077538	69.3
Anolis_carolinensis_DAB2	2084303	2084220	58.5
Anolis_carolinensis_FYB1	1949904	1948783	354
Anolis_carolinensis_FYB1	1919954	1919805	92.0
Anolis_carolinensis_FYB1	1894659	1894495	84.0
Anolis_carolinensis_FYB1	1916796	1916656	81.6
Thamnophis_elegans_DAB2	2080387	2079788	284
Thamnophis_elegans_DAB2	2075950	2075402	202
Thamnophis_elegans_DAB2	2092517	2092380	99.4
Thamnophis_elegans_DAB2	2095403	2095263	96.7
Thamnophis_elegans_DAB2	2094551	2094450	72.0
Thamnophis_elegans_DAB2	2077705	2077538	67.4
Thamnophis_elegans_DAB2	2084303	2084220	55.5
Thamnophis_elegans_DAB2	2083398	2083234	46.2
Thamnophis_elegans_FYB1	1949904	1948792	236
Thamnophis_elegans_FYB1	1919954	1919787	90.1
Thamnophis_elegans_FYB1	1894659	1894495	80.9
Thamnophis_elegans_FYB1	1916796	1916656	73.9
Thamnophis_elegans_FYB1	1907396	1907250	60.5
