Lacerta_agilis_C9A	OZ203517.1	589	78	279	356	24566226	24565993	74.359	1.99e-31	136
Lacerta_agilis_C9A	OZ203517.1	589	78	279	356	24602809	24602576	73.077	9.61e-31	134
Lacerta_agilis_C9A	OZ203517.1	589	91	279	369	24526223	24525960	61.538	2.06e-29	130
Lacerta_agilis_C9A	OZ203517.1	589	74	461	534	24559650	24559429	68.919	5.29e-26	119
Lacerta_agilis_C9A	OZ203517.1	589	72	461	532	24595193	24594978	66.667	3.50e-24	113
Lacerta_agilis_C9A	OZ203517.1	589	74	461	534	24520704	24520483	62.162	1.58e-22	108
Lacerta_agilis_C9A	OZ203517.1	589	47	155	201	24532503	24532363	70.213	5.19e-15	84.7
Lacerta_agilis_C9A	OZ203517.1	589	74	100	171	24609539	24609318	54.054	7.65e-15	84.0
Lacerta_agilis_C9A	OZ203517.1	589	47	155	201	24574429	24574289	72.340	1.85e-14	82.8
Lacerta_agilis_C9A	OZ203517.1	589	47	155	201	24607135	24606995	72.340	2.24e-14	82.4
Lacerta_agilis_C9A	OZ203517.1	589	55	100	154	24577028	24576864	67.273	4.20e-14	81.6
Lacerta_agilis_C9A	OZ203517.1	589	50	105	154	24540144	24539995	74.000	1.40e-13	80.1
Lacerta_agilis_C9A	OZ203517.1	589	56	403	458	24596705	24596538	55.357	1.98e-10	69.7
Lacerta_agilis_C9A	OZ203517.1	589	91	17	106	24541821	24541579	40.659	8.81e-10	67.8
Lacerta_agilis_C9A	OZ203517.1	589	51	56	105	24610788	24610636	54.902	4.24e-09	65.5
Lacerta_agilis_C9A	OZ203517.1	589	52	534	584	24592872	24592717	57.692	4.50e-09	65.5
Lacerta_agilis_C9A	OZ203517.1	589	52	56	106	24578598	24578443	55.769	5.62e-09	65.1
Lacerta_agilis_C9A	OZ203517.1	589	56	403	458	24522025	24521858	53.571	6.66e-09	64.7
Lacerta_agilis_C9A	OZ203517.1	589	64	395	458	24560667	24560476	45.312	7.19e-09	64.7
Lacerta_agilis_C9A	OZ203517.1	589	52	534	584	24556383	24556228	55.769	3.31e-08	62.4
Lacerta_agilis_C9A	OZ203517.1	589	60	470	529	25386787	25386966	46.667	1.47e-07	60.5
Lacerta_agilis_C9A	OZ203517.1	589	81	194	274	24605917	24605687	38.272	4.08e-07	58.9
Lacerta_agilis_C9A	OZ203517.1	589	52	534	584	24519242	24519087	51.923	4.56e-07	58.9
Lacerta_agilis_C9A	OZ203519.1	589	232	291	517	126761950	126762603	25.431	3.25e-09	65.9
Lacerta_agilis_C9A	OZ203519.1	589	222	300	518	128577493	128576888	22.523	9.86e-09	64.3
Lacerta_agilis_C9A	OZ203518.1	589	81	279	359	69407342	69407584	34.568	8.03e-08	61.2
Lacerta_agilis_C9A	OZ203518.1	589	78	279	356	69479681	69479448	28.205	3.34e-06	55.8
Zootoca_vivipara_C9A	OZ203517.1	589	78	279	356	24566226	24565993	74.359	4.99e-31	135
Zootoca_vivipara_C9A	OZ203517.1	589	78	279	356	24602809	24602576	73.077	2.16e-30	133
Zootoca_vivipara_C9A	OZ203517.1	589	91	279	369	24526223	24525960	61.538	4.15e-29	129
Zootoca_vivipara_C9A	OZ203517.1	589	74	461	534	24559650	24559429	68.919	5.53e-26	119
Zootoca_vivipara_C9A	OZ203517.1	589	72	461	532	24595193	24594978	66.667	3.76e-24	113
Zootoca_vivipara_C9A	OZ203517.1	589	74	461	534	24520704	24520483	62.162	1.53e-22	108
Zootoca_vivipara_C9A	OZ203517.1	589	47	155	201	24532503	24532363	70.213	5.19e-15	84.7
Zootoca_vivipara_C9A	OZ203517.1	589	74	100	171	24609539	24609318	54.054	9.81e-15	83.6
Zootoca_vivipara_C9A	OZ203517.1	589	47	155	201	24574429	24574289	72.340	1.89e-14	82.8
Zootoca_vivipara_C9A	OZ203517.1	589	47	155	201	24607135	24606995	72.340	2.38e-14	82.4
Zootoca_vivipara_C9A	OZ203517.1	589	55	100	154	24577028	24576864	67.273	5.07e-14	81.3
Zootoca_vivipara_C9A	OZ203517.1	589	50	105	154	24540144	24539995	74.000	2.04e-13	79.3
Zootoca_vivipara_C9A	OZ203517.1	589	91	17	106	24541821	24541579	41.758	1.01e-10	70.9
Zootoca_vivipara_C9A	OZ203517.1	589	56	403	458	24596705	24596538	55.357	1.94e-10	69.7
Zootoca_vivipara_C9A	OZ203517.1	589	91	17	106	24578685	24578443	41.758	1.12e-09	67.4
Zootoca_vivipara_C9A	OZ203517.1	589	51	56	105	24610788	24610636	54.902	3.37e-09	65.9
Zootoca_vivipara_C9A	OZ203517.1	589	52	534	584	24592872	24592717	57.692	8.10e-09	64.7
Zootoca_vivipara_C9A	OZ203517.1	589	55	404	458	24560640	24560476	50.909	8.98e-09	64.3
Zootoca_vivipara_C9A	OZ203517.1	589	56	403	458	24522025	24521858	51.786	2.72e-08	62.8
Zootoca_vivipara_C9A	OZ203517.1	589	56	532	584	24556395	24556228	55.357	8.67e-08	61.2
Zootoca_vivipara_C9A	OZ203517.1	589	60	470	529	25386787	25386966	45.000	2.62e-07	59.7
Zootoca_vivipara_C9A	OZ203517.1	589	81	194	274	24605917	24605687	38.272	4.52e-07	58.9
Zootoca_vivipara_C9A	OZ203517.1	589	52	534	584	24519242	24519087	51.923	3.34e-06	55.8
Zootoca_vivipara_C9A	OZ203519.1	589	227	300	518	128577493	128576888	24.229	5.96e-09	65.1
Zootoca_vivipara_C9A	OZ203519.1	589	232	291	517	126761950	126762603	24.138	4.98e-08	62.0
Zootoca_vivipara_C9A	OZ203518.1	589	81	279	359	69407342	69407584	34.568	1.47e-07	60.5
Zootoca_vivipara_C9A	OZ203518.1	589	78	279	356	69479681	69479448	28.205	4.62e-06	55.5
Podarcis_muralis_C9A	OZ203517.1	589	79	278	356	24566229	24565993	73.418	3.24e-31	135
Podarcis_muralis_C9A	OZ203517.1	589	79	278	356	24602812	24602576	72.152	1.74e-30	133
Podarcis_muralis_C9A	OZ203517.1	589	91	279	369	24526223	24525960	60.440	1.41e-28	127
Podarcis_muralis_C9A	OZ203517.1	589	74	461	534	24559650	24559429	67.568	1.93e-25	117
Podarcis_muralis_C9A	OZ203517.1	589	72	461	532	24595193	24594978	65.278	1.59e-23	111
Podarcis_muralis_C9A	OZ203517.1	589	74	461	534	24520704	24520483	60.811	4.61e-22	107
Podarcis_muralis_C9A	OZ203517.1	589	47	155	201	24532503	24532363	70.213	4.68e-15	84.7
Podarcis_muralis_C9A	OZ203517.1	589	74	100	171	24609539	24609318	54.054	8.85e-15	84.0
Podarcis_muralis_C9A	OZ203517.1	589	47	155	201	24574429	24574289	72.340	1.97e-14	82.8
Podarcis_muralis_C9A	OZ203517.1	589	47	155	201	24607135	24606995	72.340	2.26e-14	82.4
Podarcis_muralis_C9A	OZ203517.1	589	55	100	154	24577028	24576864	67.273	4.57e-14	81.6
Podarcis_muralis_C9A	OZ203517.1	589	50	105	154	24540144	24539995	74.000	1.37e-13	80.1
Podarcis_muralis_C9A	OZ203517.1	589	52	56	106	24541734	24541579	59.615	1.57e-10	70.1
Podarcis_muralis_C9A	OZ203517.1	589	52	56	106	24578598	24578443	57.692	2.29e-09	66.2
Podarcis_muralis_C9A	OZ203517.1	589	51	56	105	24610788	24610636	56.863	3.73e-09	65.5
Podarcis_muralis_C9A	OZ203517.1	589	52	534	584	24592872	24592717	57.692	5.03e-09	65.1
Podarcis_muralis_C9A	OZ203517.1	589	56	403	458	24596705	24596538	51.786	1.11e-08	63.9
Podarcis_muralis_C9A	OZ203517.1	589	64	395	458	24560667	24560476	42.188	2.35e-08	63.2
Podarcis_muralis_C9A	OZ203517.1	589	52	534	584	24556383	24556228	55.769	3.96e-08	62.4
Podarcis_muralis_C9A	OZ203517.1	589	60	470	529	25386787	25386966	43.333	1.57e-07	60.5
Podarcis_muralis_C9A	OZ203517.1	589	52	534	584	24519242	24519087	51.923	4.68e-07	58.9
Podarcis_muralis_C9A	OZ203517.1	589	55	404	458	24522022	24521858	50.909	4.84e-07	58.9
Podarcis_muralis_C9A	OZ203517.1	589	87	194	274	24605917	24605687	39.080	1.33e-06	57.4
Podarcis_muralis_C9A	OZ203519.1	589	223	300	518	128577493	128576888	25.112	2.12e-08	63.2
Podarcis_muralis_C9A	OZ203519.1	589	235	291	516	126761950	126762600	24.681	2.93e-07	59.3
Podarcis_muralis_C9A	OZ203518.1	589	81	279	359	69407342	69407584	33.333	4.19e-07	58.9
Podarcis_muralis_C9A	OZ203518.1	589	78	279	356	69479681	69479448	29.487	1.77e-06	57.0
Anolis_carolinensis_C9A	OZ203517.1	591	81	457	537	24559668	24559426	70.370	1.21e-29	130
Anolis_carolinensis_C9A	OZ203517.1	591	82	456	537	24595214	24594969	65.854	1.25e-27	124
Anolis_carolinensis_C9A	OZ203517.1	591	79	280	358	24566229	24565993	65.823	4.28e-26	119
Anolis_carolinensis_C9A	OZ203517.1	591	81	457	537	24520722	24520480	60.494	1.11e-25	118
Anolis_carolinensis_C9A	OZ203517.1	591	79	280	358	24602812	24602576	64.557	1.95e-25	117
Anolis_carolinensis_C9A	OZ203517.1	591	106	281	381	24526223	24525915	51.887	7.67e-25	115
Anolis_carolinensis_C9A	OZ203517.1	591	47	156	202	24532503	24532363	72.340	7.58e-15	84.0
Anolis_carolinensis_C9A	OZ203517.1	591	47	156	202	24574429	24574289	68.085	3.27e-13	79.0
Anolis_carolinensis_C9A	OZ203517.1	591	47	156	202	24607135	24606995	68.085	4.26e-13	78.6
Anolis_carolinensis_C9A	OZ203517.1	591	52	536	587	24556383	24556228	59.615	8.32e-11	70.9
Anolis_carolinensis_C9A	OZ203517.1	591	50	106	155	24540144	24539995	62.000	1.38e-10	70.1
Anolis_carolinensis_C9A	OZ203517.1	591	52	536	587	24519242	24519087	59.615	2.80e-10	69.3
Anolis_carolinensis_C9A	OZ203517.1	591	50	106	155	24577013	24576864	64.000	4.60e-10	68.6
Anolis_carolinensis_C9A	OZ203517.1	591	69	106	172	24609524	24609318	46.377	7.23e-10	67.8
Anolis_carolinensis_C9A	OZ203517.1	591	52	57	107	24541734	24541579	59.615	7.74e-10	67.8
Anolis_carolinensis_C9A	OZ203517.1	591	74	394	467	24596720	24596517	44.595	2.14e-09	66.2
Anolis_carolinensis_C9A	OZ203517.1	591	52	536	587	24592872	24592717	51.923	4.89e-09	65.1
Anolis_carolinensis_C9A	OZ203517.1	591	60	408	467	24560634	24560455	50.000	1.41e-08	63.9
Anolis_carolinensis_C9A	OZ203517.1	591	52	57	107	24578598	24578443	57.692	2.07e-08	63.2
Anolis_carolinensis_C9A	OZ203517.1	591	84	25	101	24612679	24612428	36.905	2.58e-08	62.8
Anolis_carolinensis_C9A	OZ203517.1	591	54	408	461	24522016	24521855	51.852	5.23e-08	62.0
Anolis_carolinensis_C9A	OZ203517.1	591	76	456	531	25386742	25386966	39.474	5.60e-08	61.6
Anolis_carolinensis_C9A	OZ203517.1	591	50	542	591	25390680	25390829	52.000	3.62e-07	59.3
Anolis_carolinensis_C9A	OZ203517.1	591	82	278	359	25505117	25504872	32.927	5.44e-07	58.5
Anolis_carolinensis_C9A	OZ203517.1	591	81	281	361	25447385	25447143	32.099	1.39e-06	57.4
Anolis_carolinensis_C9A	OZ203517.1	591	82	195	276	24605917	24605687	34.146	1.81e-06	57.0
Anolis_carolinensis_C9A	OZ203519.1	591	254	277	518	126761902	126762600	26.378	1.31e-08	63.9
Anolis_carolinensis_C9A	OZ203518.1	591	78	281	358	69479681	69479448	33.333	1.40e-07	60.5
Anolis_carolinensis_C9A	OZ203518.1	591	123	406	527	69426050	69426379	28.455	5.14e-06	55.5
Anolis_carolinensis_C9A	OZ203518.1	591	46	542	587	69429178	69429315	50.000	6.58e-06	55.1
Anolis_carolinensis_C9A	OZ203534.1	591	61	534	591	2432935	2433117	44.262	4.68e-06	55.5
Pogona_vitticeps_C9A	OZ203517.1	576	108	238	345	24566292	24565975	56.481	1.01e-27	124
Pogona_vitticeps_C9A	OZ203517.1	576	84	262	345	24602809	24602558	64.286	1.62e-27	124
Pogona_vitticeps_C9A	OZ203517.1	576	79	438	516	24559668	24559432	69.620	1.92e-26	120
Pogona_vitticeps_C9A	OZ203517.1	576	80	437	516	24595214	24594975	66.250	2.01e-25	117
Pogona_vitticeps_C9A	OZ203517.1	576	90	262	351	24526223	24525963	56.667	2.36e-24	114
Pogona_vitticeps_C9A	OZ203517.1	576	78	438	515	24520722	24520489	62.821	1.48e-23	111
Pogona_vitticeps_C9A	OZ203517.1	576	51	156	206	24607135	24606983	68.627	5.42e-15	84.3
Pogona_vitticeps_C9A	OZ203517.1	576	51	156	206	24574429	24574277	68.627	6.39e-15	84.3
Pogona_vitticeps_C9A	OZ203517.1	576	51	156	206	24532503	24532351	66.667	2.25e-14	82.4
Pogona_vitticeps_C9A	OZ203517.1	576	71	501	571	24519299	24519087	54.930	5.84e-14	81.3
Pogona_vitticeps_C9A	OZ203517.1	576	59	513	571	24592893	24592717	61.017	1.20e-13	80.1
Pogona_vitticeps_C9A	OZ203517.1	576	49	523	571	24556374	24556228	73.469	1.70e-13	79.7
Pogona_vitticeps_C9A	OZ203517.1	576	50	106	155	24540144	24539995	66.000	1.10e-11	73.9
Pogona_vitticeps_C9A	OZ203517.1	576	50	106	155	24577013	24576864	68.000	1.28e-11	73.6
Pogona_vitticeps_C9A	OZ203517.1	576	50	106	155	24609524	24609375	66.000	3.27e-11	72.4
Pogona_vitticeps_C9A	OZ203517.1	576	83	26	101	24612676	24612428	43.373	4.05e-11	72.0
Pogona_vitticeps_C9A	OZ203517.1	576	68	381	448	24596720	24596517	48.529	2.66e-10	69.3
Pogona_vitticeps_C9A	OZ203517.1	576	42	523	563	25440595	25440470	71.429	1.31e-08	63.9
Pogona_vitticeps_C9A	OZ203517.1	576	60	389	448	24560634	24560455	46.667	2.09e-08	63.2
Pogona_vitticeps_C9A	OZ203517.1	576	55	387	441	24522022	24521858	50.909	5.30e-08	62.0
Pogona_vitticeps_C9A	OZ203517.1	576	61	513	572	25486049	25485876	52.459	8.26e-08	61.2
Pogona_vitticeps_C9A	OZ203517.1	576	52	57	107	24541734	24541579	51.923	1.35e-07	60.5
Pogona_vitticeps_C9A	OZ203517.1	576	75	436	510	25386739	25386960	41.333	1.53e-07	60.5
Pogona_vitticeps_C9A	OZ203517.1	576	55	521	575	25390665	25390829	47.273	3.93e-07	58.9
Pogona_vitticeps_C9A	OZ203517.1	576	68	3	70	24544351	24544160	42.647	4.10e-07	58.9
Pogona_vitticeps_C9A	OZ203517.1	576	52	57	107	24578598	24578443	50.000	1.07e-06	57.4
Pogona_vitticeps_C9A	OZ203517.1	576	82	259	340	25505117	25504872	35.366	3.89e-06	55.8
Pogona_vitticeps_C9A	OZ203519.1	576	233	274	499	126761950	126762600	27.468	7.06e-11	71.2
Pogona_vitticeps_C9A	OZ203519.1	576	226	287	498	128577481	128576858	25.221	4.27e-06	55.5
Pogona_vitticeps_C9A	OZ203518.1	576	84	257	340	69407327	69407578	34.524	6.13e-08	61.6
Pogona_vitticeps_C9A	OZ203518.1	576	52	520	571	69429160	69429315	51.923	2.24e-07	59.7
Pogona_vitticeps_C9A	OZ203518.1	576	75	435	508	69426155	69426379	34.667	2.50e-06	56.2
Gekko_japonicus_C9A	OZ203517.1	582	78	295	372	24602809	24602576	60.256	3.42e-22	107
Gekko_japonicus_C9A	OZ203517.1	582	78	295	372	24566226	24565993	60.256	3.61e-22	107
Gekko_japonicus_C9A	OZ203517.1	582	69	457	525	24559650	24559444	66.667	6.22e-22	106
Gekko_japonicus_C9A	OZ203517.1	582	81	457	537	24595193	24594969	59.259	2.55e-21	104
Gekko_japonicus_C9A	OZ203517.1	582	74	295	368	24526223	24526002	60.811	5.32e-21	103
Gekko_japonicus_C9A	OZ203517.1	582	81	457	536	24520704	24520462	53.086	3.77e-20	100
Gekko_japonicus_C9A	OZ203517.1	582	74	122	193	24609524	24609306	50.000	5.23e-13	78.2
Gekko_japonicus_C9A	OZ203517.1	582	64	122	185	24577013	24576825	54.688	8.56e-12	74.3
Gekko_japonicus_C9A	OZ203517.1	582	68	519	581	24592920	24592717	54.412	1.90e-11	73.2
Gekko_japonicus_C9A	OZ203517.1	582	51	122	172	24540144	24539995	64.706	3.80e-11	72.0
Gekko_japonicus_C9A	OZ203517.1	582	45	173	217	24532503	24532369	62.222	1.96e-10	69.7
Gekko_japonicus_C9A	OZ203517.1	582	45	173	217	24574429	24574295	62.222	1.51e-09	67.0
Gekko_japonicus_C9A	OZ203517.1	582	45	173	217	24607135	24607001	62.222	2.73e-09	65.9
Gekko_japonicus_C9A	OZ203517.1	582	59	523	581	24556401	24556228	50.847	9.16e-09	64.3
Gekko_japonicus_C9A	OZ203517.1	582	46	536	581	25390680	25390817	56.522	2.64e-08	62.8
Gekko_japonicus_C9A	OZ203517.1	582	52	71	122	24541731	24541582	55.769	3.18e-08	62.4
Gekko_japonicus_C9A	OZ203517.1	582	67	457	523	25386763	25386960	44.776	5.83e-08	61.6
Gekko_japonicus_C9A	OZ203517.1	582	47	531	577	24519239	24519099	59.574	5.98e-08	61.6
Gekko_japonicus_C9A	OZ203517.1	582	52	71	122	24610785	24610636	53.846	1.40e-07	60.5
Gekko_japonicus_C9A	OZ203517.1	582	82	292	373	25505117	25504872	34.146	2.53e-07	59.7
Gekko_japonicus_C9A	OZ203517.1	582	52	71	122	24578595	24578446	53.846	7.58e-07	58.2
Gekko_japonicus_C9A	OZ203517.1	582	64	466	527	25492236	25492045	40.625	1.27e-06	57.4
Gekko_japonicus_C9A	OZ203517.1	582	86	291	376	25447397	25447140	27.907	4.61e-06	55.5
Gekko_japonicus_C9A	OZ203519.1	582	213	316	514	128577493	128576888	25.822	4.00e-09	65.5
Gekko_japonicus_C9A	OZ203518.1	582	81	295	375	69407342	69407584	34.568	2.17e-07	59.7
Gekko_japonicus_C9A	OZ203518.1	582	67	456	521	69426179	69426379	37.313	1.92e-06	56.6
Crotalus_tigris_C9A	OZ203517.1	583	94	274	367	24526232	24525960	76.596	5.98e-37	152
Crotalus_tigris_C9A	OZ203517.1	583	80	453	532	24559668	24559429	82.500	6.74e-35	146
Crotalus_tigris_C9A	OZ203517.1	583	80	452	531	24595214	24594975	81.250	5.63e-34	144
Crotalus_tigris_C9A	OZ203517.1	583	78	276	353	24566229	24565996	80.769	2.72e-33	141
Crotalus_tigris_C9A	OZ203517.1	583	78	276	353	24602812	24602579	79.487	2.96e-33	141
Crotalus_tigris_C9A	OZ203517.1	583	81	453	533	24520722	24520480	76.543	2.78e-32	138
Crotalus_tigris_C9A	OZ203517.1	583	52	532	583	24519242	24519087	88.462	1.35e-22	108
Crotalus_tigris_C9A	OZ203517.1	583	54	54	107	24578607	24578446	83.333	2.13e-20	101
Crotalus_tigris_C9A	OZ203517.1	583	54	54	107	24541743	24541582	81.481	5.82e-20	100
Crotalus_tigris_C9A	OZ203517.1	583	78	196	273	24529016	24528783	65.385	7.97e-20	99.8
Crotalus_tigris_C9A	OZ203517.1	583	63	401	463	24596705	24596517	74.603	1.11e-19	99.4
Crotalus_tigris_C9A	OZ203517.1	583	61	397	457	24522037	24521855	78.689	1.51e-19	99.0
Crotalus_tigris_C9A	OZ203517.1	583	50	107	156	24577013	24576864	92.000	2.39e-19	98.6
Crotalus_tigris_C9A	OZ203517.1	583	50	107	156	24609524	24609375	90.000	5.18e-19	97.4
Crotalus_tigris_C9A	OZ203517.1	583	71	393	463	24560664	24560455	69.014	1.31e-18	95.9
Crotalus_tigris_C9A	OZ203517.1	583	50	107	156	24540144	24539995	90.000	3.73e-18	94.7
Crotalus_tigris_C9A	OZ203517.1	583	54	54	107	24610797	24610636	72.222	4.60e-17	91.3
Crotalus_tigris_C9A	OZ203517.1	583	47	157	203	24532503	24532363	76.596	6.83e-16	87.4
Crotalus_tigris_C9A	OZ203517.1	583	52	532	583	24556383	24556228	65.385	2.76e-15	85.5
Crotalus_tigris_C9A	OZ203517.1	583	47	157	203	24574429	24574289	78.723	3.90e-15	85.1
Crotalus_tigris_C9A	OZ203517.1	583	47	157	203	24607135	24606995	78.723	4.67e-15	84.7
Crotalus_tigris_C9A	OZ203517.1	583	52	532	583	24592872	24592717	67.308	4.71e-15	84.7
Crotalus_tigris_C9A	OZ203517.1	583	77	196	272	24605917	24605687	49.351	8.71e-13	77.4
Crotalus_tigris_C9A	OZ203517.1	583	49	26	74	24612676	24612530	61.224	1.96e-09	66.6
Crotalus_tigris_C9A	OZ203517.1	583	86	188	272	24572023	24571766	41.860	6.32e-09	64.7
Crotalus_tigris_C9A	OZ203517.1	583	45	26	70	24544294	24544160	62.222	3.92e-08	62.4
Crotalus_tigris_C9A	OZ203517.1	583	56	528	583	25390650	25390817	44.643	8.07e-07	58.2
Crotalus_tigris_C9A	OZ203517.1	583	39	26	64	24581537	24581421	66.667	1.42e-06	57.4
Crotalus_tigris_C9A	OZ203517.1	583	75	451	525	25386739	25386960	38.667	1.61e-06	57.0
Crotalus_tigris_C9A	OZ203519.1	583	231	289	514	126761950	126762600	25.541	1.94e-09	66.6
Crotalus_tigris_C9A	OZ203518.1	583	47	537	583	69429175	69429315	53.191	1.60e-07	60.5
Crotalus_tigris_C9A	OZ203518.1	583	77	277	353	69407342	69407572	36.364	3.95e-07	58.9
Thamnophis_elegans_C9A	OZ203517.1	583	82	274	355	24566235	24565990	87.805	1.79e-38	157
Thamnophis_elegans_C9A	OZ203517.1	583	82	274	355	24602818	24602573	86.585	2.15e-38	157
Thamnophis_elegans_C9A	OZ203517.1	583	80	453	532	24559668	24559429	87.500	3.35e-35	147
Thamnophis_elegans_C9A	OZ203517.1	583	80	452	531	24595214	24594975	85.000	3.04e-34	144
Thamnophis_elegans_C9A	OZ203517.1	583	94	274	367	24526232	24525960	70.213	6.15e-33	140
Thamnophis_elegans_C9A	OZ203517.1	583	81	453	533	24520722	24520480	71.605	1.98e-28	127
Thamnophis_elegans_C9A	OZ203517.1	583	68	396	463	24596720	24596517	73.529	5.84e-23	109
Thamnophis_elegans_C9A	OZ203517.1	583	78	196	273	24605917	24605684	64.103	6.13e-20	100
Thamnophis_elegans_C9A	OZ203517.1	583	64	400	463	24560646	24560455	71.875	1.78e-19	99.0
Thamnophis_elegans_C9A	OZ203517.1	583	50	107	156	24577013	24576864	92.000	3.86e-19	97.8
Thamnophis_elegans_C9A	OZ203517.1	583	50	107	156	24609524	24609375	90.000	8.44e-19	96.7
Thamnophis_elegans_C9A	OZ203517.1	583	52	532	583	24592872	24592717	80.769	1.14e-18	96.3
Thamnophis_elegans_C9A	OZ203517.1	583	59	525	583	24556401	24556228	76.271	1.35e-18	95.9
Thamnophis_elegans_C9A	OZ203517.1	583	47	157	203	24574429	24574289	85.106	3.97e-17	91.3
Thamnophis_elegans_C9A	OZ203517.1	583	47	157	203	24607135	24606995	85.106	4.77e-17	90.9
Thamnophis_elegans_C9A	OZ203517.1	583	54	54	107	24578607	24578446	77.778	5.06e-17	90.9
Thamnophis_elegans_C9A	OZ203517.1	583	54	54	107	24610797	24610636	74.074	9.36e-17	90.1
Thamnophis_elegans_C9A	OZ203517.1	583	50	107	156	24540144	24539995	84.000	2.00e-16	89.0
Thamnophis_elegans_C9A	OZ203517.1	583	58	400	457	24522028	24521855	68.966	2.20e-16	89.0
Thamnophis_elegans_C9A	OZ203517.1	583	54	54	107	24541743	24541582	75.926	4.00e-16	88.2
Thamnophis_elegans_C9A	OZ203517.1	583	87	188	273	24572023	24571763	55.172	4.07e-16	88.2
Thamnophis_elegans_C9A	OZ203517.1	583	47	157	203	24532503	24532363	76.596	6.43e-15	84.3
Thamnophis_elegans_C9A	OZ203517.1	583	52	532	583	24519242	24519087	63.462	5.25e-13	78.2
Thamnophis_elegans_C9A	OZ203517.1	583	49	26	74	24612676	24612530	69.388	3.58e-12	75.5
Thamnophis_elegans_C9A	OZ203517.1	583	76	196	271	24529016	24528789	53.947	1.00e-11	73.9
Thamnophis_elegans_C9A	OZ203517.1	583	39	26	64	24581537	24581421	71.795	1.55e-08	63.5
Thamnophis_elegans_C9A	OZ203517.1	583	45	26	70	24544294	24544160	57.778	2.41e-08	62.8
Thamnophis_elegans_C9A	OZ203517.1	583	50	535	583	25486028	25485879	54.000	2.69e-08	62.8
Thamnophis_elegans_C9A	OZ203517.1	583	50	535	583	25440595	25440446	52.000	1.35e-07	60.5
Thamnophis_elegans_C9A	OZ203517.1	583	40	356	395	24599368	24599249	70.000	3.06e-07	59.3
Thamnophis_elegans_C9A	OZ203519.1	583	231	289	514	126761950	126762600	24.242	5.32e-07	58.5
Thamnophis_elegans_C9A	OZ203518.1	583	81	274	354	69407333	69407575	34.568	9.33e-07	57.8
Thamnophis_elegans_C9A	OZ203518.1	583	82	277	358	69479681	69479436	29.268	9.20e-06	54.7
Naja_naja_C9A	OZ203517.1	582	94	274	367	24526232	24525960	80.851	5.46e-39	159
Naja_naja_C9A	OZ203517.1	582	81	452	532	24520722	24520480	85.185	1.10e-35	149
Naja_naja_C9A	OZ203517.1	582	78	276	353	24566229	24565996	80.769	8.48e-33	140
Naja_naja_C9A	OZ203517.1	582	80	452	531	24559668	24559429	80.000	8.72e-33	140
Naja_naja_C9A	OZ203517.1	582	80	451	530	24595214	24594975	78.750	6.13e-32	137
Naja_naja_C9A	OZ203517.1	582	78	276	353	24602812	24602579	76.923	2.57e-31	135
Naja_naja_C9A	OZ203517.1	582	56	527	582	24519254	24519087	82.143	2.25e-22	107
Naja_naja_C9A	OZ203517.1	582	61	396	456	24522037	24521855	83.607	2.91e-21	104
Naja_naja_C9A	OZ203517.1	582	79	195	273	24529019	24528783	65.823	3.15e-21	104
Naja_naja_C9A	OZ203517.1	582	54	54	107	24541743	24541582	83.333	4.63e-21	103
Naja_naja_C9A	OZ203517.1	582	54	54	107	24578607	24578446	83.333	5.86e-21	103
Naja_naja_C9A	OZ203517.1	582	50	107	156	24577013	24576864	92.000	6.95e-20	100
Naja_naja_C9A	OZ203517.1	582	50	107	156	24540144	24539995	92.000	1.10e-19	99.4
Naja_naja_C9A	OZ203517.1	582	50	107	156	24609524	24609375	90.000	1.60e-19	99.0
Naja_naja_C9A	OZ203517.1	582	57	400	456	24596705	24596535	73.684	6.98e-18	93.6
Naja_naja_C9A	OZ203517.1	582	47	157	203	24532503	24532363	85.106	1.22e-17	92.8
Naja_naja_C9A	OZ203517.1	582	55	528	582	24556392	24556228	70.909	1.34e-17	92.8
Naja_naja_C9A	OZ203517.1	582	55	402	456	24560637	24560473	74.545	1.19e-16	89.7
Naja_naja_C9A	OZ203517.1	582	54	54	107	24610797	24610636	72.222	2.94e-16	88.6
Naja_naja_C9A	OZ203517.1	582	56	527	582	24592884	24592717	67.857	3.18e-16	88.6
Naja_naja_C9A	OZ203517.1	582	47	157	203	24607135	24606995	80.851	8.29e-16	87.0
Naja_naja_C9A	OZ203517.1	582	47	157	203	24574429	24574289	76.596	1.54e-14	83.2
Naja_naja_C9A	OZ203517.1	582	77	196	272	24605917	24605687	49.351	4.29e-13	78.2
Naja_naja_C9A	OZ203517.1	582	79	198	272	24571990	24571766	48.101	5.53e-11	71.6
Naja_naja_C9A	OZ203517.1	582	49	26	74	24612676	24612530	61.224	1.81e-09	66.6
Naja_naja_C9A	OZ203517.1	582	45	26	70	24544294	24544160	64.444	2.38e-08	63.2
Naja_naja_C9A	OZ203517.1	582	69	456	524	25386757	25386960	42.029	1.02e-07	60.8
Naja_naja_C9A	OZ203517.1	582	39	26	64	24581537	24581421	64.103	3.01e-06	56.2
Naja_naja_C9A	OZ203517.1	582	52	527	578	25390650	25390805	48.077	3.60e-06	55.8
Naja_naja_C9A	OZ203519.1	582	219	298	515	128577493	128576888	24.201	9.95e-10	67.4
Naja_naja_C9A	OZ203519.1	582	230	289	513	126761950	126762600	24.348	5.21e-07	58.5
Naja_naja_C9A	OZ203518.1	582	47	536	582	69429175	69429315	53.191	2.32e-07	59.7
Naja_naja_C9A	OZ203518.1	582	76	277	352	69407342	69407569	38.158	2.46e-07	59.7
Pseudonaja_textilis_C9A	OZ203517.1	583	94	274	367	24526232	24525960	84.043	1.47e-40	164
Pseudonaja_textilis_C9A	OZ203517.1	583	81	453	533	24520722	24520480	83.951	4.24e-35	147
Pseudonaja_textilis_C9A	OZ203517.1	583	78	276	353	24566229	24565996	82.051	3.24e-33	141
Pseudonaja_textilis_C9A	OZ203517.1	583	77	456	532	24559659	24559429	81.818	1.10e-32	140
Pseudonaja_textilis_C9A	OZ203517.1	583	78	276	353	24602812	24602579	78.205	1.10e-31	137
Pseudonaja_textilis_C9A	OZ203517.1	583	80	452	531	24595214	24594975	77.500	3.38e-31	135
Pseudonaja_textilis_C9A	OZ203517.1	583	56	528	583	24519254	24519087	83.929	1.07e-22	108
Pseudonaja_textilis_C9A	OZ203517.1	583	61	397	457	24522037	24521855	85.246	6.43e-22	106
Pseudonaja_textilis_C9A	OZ203517.1	583	50	107	156	24577013	24576864	96.000	7.28e-21	103
Pseudonaja_textilis_C9A	OZ203517.1	583	50	107	156	24609524	24609375	94.000	1.56e-20	102
Pseudonaja_textilis_C9A	OZ203517.1	583	54	54	107	24541743	24541582	81.481	5.33e-20	100
Pseudonaja_textilis_C9A	OZ203517.1	583	79	195	273	24529019	24528783	62.025	5.52e-20	100
Pseudonaja_textilis_C9A	OZ203517.1	583	54	54	107	24578607	24578446	81.481	6.58e-20	100
Pseudonaja_textilis_C9A	OZ203517.1	583	50	107	156	24540144	24539995	92.000	1.42e-19	99.0
Pseudonaja_textilis_C9A	OZ203517.1	583	63	401	463	24596705	24596517	68.254	1.93e-18	95.5
Pseudonaja_textilis_C9A	OZ203517.1	583	55	529	583	24556392	24556228	72.727	3.22e-18	94.7
Pseudonaja_textilis_C9A	OZ203517.1	583	47	157	203	24532503	24532363	85.106	1.15e-17	93.2
Pseudonaja_textilis_C9A	OZ203517.1	583	55	403	457	24560637	24560473	74.545	4.56e-17	91.3
Pseudonaja_textilis_C9A	OZ203517.1	583	56	528	583	24592884	24592717	69.643	7.47e-17	90.5
Pseudonaja_textilis_C9A	OZ203517.1	583	54	54	107	24610797	24610636	74.074	1.60e-16	89.4
Pseudonaja_textilis_C9A	OZ203517.1	583	47	157	203	24607135	24606995	80.851	8.19e-16	87.0
Pseudonaja_textilis_C9A	OZ203517.1	583	47	157	203	24574429	24574289	76.596	1.59e-14	82.8
Pseudonaja_textilis_C9A	OZ203517.1	583	77	196	272	24605917	24605687	48.052	7.40e-13	77.4
Pseudonaja_textilis_C9A	OZ203517.1	583	79	198	272	24571990	24571766	48.101	9.12e-11	70.9
Pseudonaja_textilis_C9A	OZ203517.1	583	49	26	74	24612676	24612530	63.265	4.83e-10	68.6
Pseudonaja_textilis_C9A	OZ203517.1	583	45	26	70	24544294	24544160	66.667	6.00e-09	65.1
Pseudonaja_textilis_C9A	OZ203517.1	583	71	457	527	25386757	25386966	43.662	4.16e-08	62.0
Pseudonaja_textilis_C9A	OZ203517.1	583	39	26	64	24581537	24581421	66.667	7.22e-07	58.2
Pseudonaja_textilis_C9A	OZ203517.1	583	41	355	395	24523448	24523326	68.293	7.73e-07	58.2
Pseudonaja_textilis_C9A	OZ203517.1	583	56	528	583	25390650	25390817	46.429	1.52e-06	57.0
Pseudonaja_textilis_C9A	OZ203519.1	583	297	221	516	128577700	128576888	22.559	2.86e-09	65.9
Pseudonaja_textilis_C9A	OZ203519.1	583	231	289	514	126761950	126762600	24.242	1.96e-08	63.2
Pseudonaja_textilis_C9A	OZ203518.1	583	76	277	352	69407342	69407569	38.158	1.44e-07	60.5
Pseudonaja_textilis_C9A	OZ203518.1	583	43	537	579	69429175	69429303	55.814	2.31e-07	59.7
Python_bivittatus_C9A	OZ203517.1	582	81	274	354	24566235	24565993	85.185	9.21e-37	152
Python_bivittatus_C9A	OZ203517.1	582	81	274	354	24602818	24602576	82.716	8.35e-36	149
Python_bivittatus_C9A	OZ203517.1	582	91	277	367	24526223	24525960	70.330	1.54e-32	139
Python_bivittatus_C9A	OZ203517.1	582	80	453	532	24559668	24559429	77.500	1.98e-32	139
Python_bivittatus_C9A	OZ203517.1	582	80	452	531	24595214	24594975	76.250	1.53e-31	136
Python_bivittatus_C9A	OZ203517.1	582	80	453	532	24520722	24520483	71.250	7.28e-28	125
Python_bivittatus_C9A	OZ203517.1	582	62	396	457	24596720	24596535	77.419	3.32e-21	104
Python_bivittatus_C9A	OZ203517.1	582	69	107	173	24609524	24609318	69.565	8.32e-21	103
Python_bivittatus_C9A	OZ203517.1	582	50	107	156	24577013	24576864	92.000	8.87e-20	99.8
Python_bivittatus_C9A	OZ203517.1	582	50	107	156	24540144	24539995	88.000	7.68e-18	93.6
Python_bivittatus_C9A	OZ203517.1	582	58	400	457	24560646	24560473	77.586	9.71e-18	93.2
Python_bivittatus_C9A	OZ203517.1	582	77	196	272	24605917	24605687	58.442	1.02e-17	93.2
Python_bivittatus_C9A	OZ203517.1	582	57	401	457	24522025	24521855	75.439	7.63e-17	90.5
Python_bivittatus_C9A	OZ203517.1	582	47	157	203	24607135	24606995	82.979	1.20e-16	89.7
Python_bivittatus_C9A	OZ203517.1	582	47	157	203	24532503	24532363	78.723	1.58e-16	89.4
Python_bivittatus_C9A	OZ203517.1	582	48	535	582	24519230	24519087	77.083	1.86e-16	89.4
Python_bivittatus_C9A	OZ203517.1	582	75	198	272	24571990	24571766	57.333	1.77e-15	85.9
Python_bivittatus_C9A	OZ203517.1	582	47	157	203	24574429	24574289	78.723	2.02e-15	85.9
Python_bivittatus_C9A	OZ203517.1	582	52	532	582	24556383	24556228	71.154	9.51e-15	83.6
Python_bivittatus_C9A	OZ203517.1	582	54	54	107	24578607	24578446	66.667	7.83e-14	80.9
Python_bivittatus_C9A	OZ203517.1	582	52	532	582	24592872	24592717	69.231	1.42e-13	79.7
Python_bivittatus_C9A	OZ203517.1	582	54	54	107	24541743	24541582	61.111	3.31e-12	75.5
Python_bivittatus_C9A	OZ203517.1	582	49	26	74	24612676	24612530	65.306	5.35e-11	71.6
Python_bivittatus_C9A	OZ203517.1	582	54	54	107	24610797	24610636	57.407	7.73e-11	70.9
Python_bivittatus_C9A	OZ203517.1	582	77	196	272	24529016	24528786	46.753	1.34e-09	67.0
Python_bivittatus_C9A	OZ203517.1	582	35	26	60	24581537	24581433	82.857	4.96e-09	65.1
Python_bivittatus_C9A	OZ203517.1	582	54	17	70	24544309	24544160	53.704	4.88e-08	62.0
Python_bivittatus_C9A	OZ203517.1	582	75	451	525	25386739	25386960	40.000	2.92e-07	59.3
Python_bivittatus_C9A	OZ203517.1	582	47	529	574	25440610	25440470	57.447	7.91e-07	58.2
Python_bivittatus_C9A	OZ203517.1	582	41	536	576	25390677	25390799	60.976	1.95e-06	56.6
Python_bivittatus_C9A	OZ203518.1	582	47	536	582	69429175	69429315	55.319	5.63e-09	65.1
Python_bivittatus_C9A	OZ203518.1	582	79	277	355	69407342	69407578	36.709	3.53e-08	62.4
Python_bivittatus_C9A	OZ203519.1	582	233	288	514	126761947	126762600	26.180	9.24e-09	64.3
Python_bivittatus_C9A	OZ203519.1	582	227	298	516	128577493	128576888	25.110	1.40e-08	63.5
Notechis_scutatus_C9A	OZ203517.1	583	94	274	367	24526232	24525960	84.043	1.31e-40	164
Notechis_scutatus_C9A	OZ203517.1	583	81	453	533	24520722	24520480	82.716	2.02e-34	145
Notechis_scutatus_C9A	OZ203517.1	583	78	276	353	24566229	24565996	82.051	3.39e-33	141
Notechis_scutatus_C9A	OZ203517.1	583	77	456	532	24559659	24559429	81.818	4.78e-32	138
Notechis_scutatus_C9A	OZ203517.1	583	78	276	353	24602812	24602579	78.205	1.26e-31	136
Notechis_scutatus_C9A	OZ203517.1	583	77	452	528	24595214	24594984	80.519	1.20e-30	133
Notechis_scutatus_C9A	OZ203517.1	583	56	528	583	24519254	24519087	83.929	1.20e-22	108
Notechis_scutatus_C9A	OZ203517.1	583	61	397	457	24522037	24521855	85.246	7.08e-22	106
Notechis_scutatus_C9A	OZ203517.1	583	79	195	273	24529019	24528783	64.557	6.85e-21	103
Notechis_scutatus_C9A	OZ203517.1	583	50	107	156	24577013	24576864	94.000	3.63e-20	100
Notechis_scutatus_C9A	OZ203517.1	583	50	107	156	24540144	24539995	94.000	5.43e-20	100
Notechis_scutatus_C9A	OZ203517.1	583	54	54	107	24541743	24541582	81.481	5.52e-20	100
Notechis_scutatus_C9A	OZ203517.1	583	54	54	107	24578607	24578446	81.481	6.58e-20	100
Notechis_scutatus_C9A	OZ203517.1	583	50	107	156	24609524	24609375	92.000	7.69e-20	100
Notechis_scutatus_C9A	OZ203517.1	583	60	398	457	24596714	24596535	71.667	1.07e-18	96.3
Notechis_scutatus_C9A	OZ203517.1	583	55	529	583	24556392	24556228	72.727	2.85e-18	95.1
Notechis_scutatus_C9A	OZ203517.1	583	47	157	203	24532503	24532363	85.106	1.18e-17	92.8
Notechis_scutatus_C9A	OZ203517.1	583	64	394	457	24560661	24560473	68.750	1.35e-17	92.8
Notechis_scutatus_C9A	OZ203517.1	583	56	528	583	24592884	24592717	69.643	7.28e-17	90.5
Notechis_scutatus_C9A	OZ203517.1	583	54	54	107	24610797	24610636	75.926	8.36e-17	90.1
Notechis_scutatus_C9A	OZ203517.1	583	47	157	203	24607135	24606995	80.851	7.77e-16	87.0
Notechis_scutatus_C9A	OZ203517.1	583	47	157	203	24574429	24574289	76.596	1.46e-14	83.2
Notechis_scutatus_C9A	OZ203517.1	583	77	196	272	24605917	24605687	49.351	4.31e-13	78.2
Notechis_scutatus_C9A	OZ203517.1	583	79	198	272	24571990	24571766	49.367	4.97e-11	71.6
Notechis_scutatus_C9A	OZ203517.1	583	49	26	74	24612676	24612530	63.265	4.83e-10	68.6
Notechis_scutatus_C9A	OZ203517.1	583	45	26	70	24544294	24544160	66.667	6.05e-09	65.1
Notechis_scutatus_C9A	OZ203517.1	583	71	457	527	25386757	25386966	43.662	7.68e-08	61.2
Notechis_scutatus_C9A	OZ203517.1	583	39	26	64	24581537	24581421	66.667	7.16e-07	58.2
Notechis_scutatus_C9A	OZ203517.1	583	41	355	395	24523448	24523326	68.293	8.64e-07	57.8
Notechis_scutatus_C9A	OZ203517.1	583	47	537	583	25390677	25390817	55.319	1.57e-06	57.0
Notechis_scutatus_C9A	OZ203519.1	583	223	295	516	128577502	128576888	23.767	4.77e-09	65.1
Notechis_scutatus_C9A	OZ203519.1	583	231	289	514	126761950	126762600	24.242	2.03e-08	63.2
Notechis_scutatus_C9A	OZ203518.1	583	76	277	352	69407342	69407569	38.158	1.44e-07	60.5
Notechis_scutatus_C9A	OZ203518.1	583	43	537	579	69429175	69429303	55.814	2.16e-07	59.7
Hydrophis_cyanocinctus_C9A	OZ203517.1	583	94	274	367	24526232	24525960	85.106	2.81e-41	166
Hydrophis_cyanocinctus_C9A	OZ203517.1	583	81	453	533	24520722	24520480	81.481	8.55e-34	143
Hydrophis_cyanocinctus_C9A	OZ203517.1	583	80	274	353	24566235	24565996	81.250	2.60e-33	142
Hydrophis_cyanocinctus_C9A	OZ203517.1	583	80	274	353	24602818	24602579	77.500	8.00e-32	137
Hydrophis_cyanocinctus_C9A	OZ203517.1	583	77	456	532	24559659	24559429	80.519	2.28e-31	135
Hydrophis_cyanocinctus_C9A	OZ203517.1	583	77	452	528	24595214	24594984	79.221	5.16e-30	131
Hydrophis_cyanocinctus_C9A	OZ203517.1	583	56	528	583	24519254	24519087	83.929	1.27e-22	108
Hydrophis_cyanocinctus_C9A	OZ203517.1	583	61	397	457	24522037	24521855	83.607	1.22e-21	105
Hydrophis_cyanocinctus_C9A	OZ203517.1	583	79	195	273	24529019	24528783	63.291	2.50e-20	101
Hydrophis_cyanocinctus_C9A	OZ203517.1	583	50	107	156	24577013	24576864	94.000	3.86e-20	100
Hydrophis_cyanocinctus_C9A	OZ203517.1	583	50	107	156	24540144	24539995	94.000	5.77e-20	100
Hydrophis_cyanocinctus_C9A	OZ203517.1	583	54	54	107	24541743	24541582	81.481	6.03e-20	100
Hydrophis_cyanocinctus_C9A	OZ203517.1	583	54	54	107	24578607	24578446	81.481	6.35e-20	100
Hydrophis_cyanocinctus_C9A	OZ203517.1	583	50	107	156	24609524	24609375	92.000	8.18e-20	99.8
Hydrophis_cyanocinctus_C9A	OZ203517.1	583	55	529	583	24556392	24556228	72.727	3.08e-18	94.7
Hydrophis_cyanocinctus_C9A	OZ203517.1	583	47	157	203	24532503	24532363	87.234	4.36e-18	94.4
Hydrophis_cyanocinctus_C9A	OZ203517.1	583	66	398	463	24596714	24596517	65.152	8.87e-18	93.6
Hydrophis_cyanocinctus_C9A	OZ203517.1	583	56	528	583	24592884	24592717	69.643	7.47e-17	90.5
Hydrophis_cyanocinctus_C9A	OZ203517.1	583	54	54	107	24610797	24610636	75.926	9.20e-17	90.1
Hydrophis_cyanocinctus_C9A	OZ203517.1	583	54	404	457	24560634	24560473	74.074	2.34e-16	89.0
Hydrophis_cyanocinctus_C9A	OZ203517.1	583	47	157	203	24607135	24606995	80.851	4.67e-16	87.8
Hydrophis_cyanocinctus_C9A	OZ203517.1	583	47	157	203	24574429	24574289	76.596	9.31e-15	83.6
Hydrophis_cyanocinctus_C9A	OZ203517.1	583	77	196	272	24605917	24605687	49.351	7.27e-13	77.8
Hydrophis_cyanocinctus_C9A	OZ203517.1	583	79	198	272	24571990	24571766	49.367	9.60e-11	70.9
Hydrophis_cyanocinctus_C9A	OZ203517.1	583	49	26	74	24612676	24612530	63.265	5.09e-10	68.6
Hydrophis_cyanocinctus_C9A	OZ203517.1	583	45	26	70	24544294	24544160	66.667	6.26e-09	64.7
Hydrophis_cyanocinctus_C9A	OZ203517.1	583	43	355	397	24523448	24523320	69.767	1.91e-08	63.2
Hydrophis_cyanocinctus_C9A	OZ203517.1	583	71	457	527	25386757	25386966	43.662	7.18e-08	61.2
Hydrophis_cyanocinctus_C9A	OZ203517.1	583	39	26	64	24581537	24581421	66.667	7.80e-07	58.2
Hydrophis_cyanocinctus_C9A	OZ203517.1	583	47	537	583	25390677	25390817	55.319	1.58e-06	57.0
Hydrophis_cyanocinctus_C9A	OZ203519.1	583	231	289	514	126761950	126762600	24.675	7.68e-09	64.7
Hydrophis_cyanocinctus_C9A	OZ203519.1	583	223	295	516	128577502	128576888	22.422	1.33e-08	63.9
Hydrophis_cyanocinctus_C9A	OZ203518.1	583	80	273	352	69407330	69407569	37.500	1.10e-07	60.8
Hydrophis_cyanocinctus_C9A	OZ203518.1	583	43	537	579	69429175	69429303	55.814	2.17e-07	59.7
Laticauda_colubrina_C9A	OZ203517.1	583	94	274	367	24526232	24525960	84.043	1.33e-40	164
Laticauda_colubrina_C9A	OZ203517.1	583	81	453	533	24520722	24520480	82.716	3.68e-34	144
Laticauda_colubrina_C9A	OZ203517.1	583	78	276	353	24566229	24565996	82.051	1.78e-33	142
Laticauda_colubrina_C9A	OZ203517.1	583	77	456	532	24559659	24559429	81.818	5.05e-32	137
Laticauda_colubrina_C9A	OZ203517.1	583	78	276	353	24602812	24602579	78.205	5.94e-32	137
Laticauda_colubrina_C9A	OZ203517.1	583	77	452	528	24595214	24594984	79.221	2.49e-30	132
Laticauda_colubrina_C9A	OZ203517.1	583	56	528	583	24519254	24519087	82.143	2.70e-22	107
Laticauda_colubrina_C9A	OZ203517.1	583	61	397	457	24522037	24521855	86.885	2.84e-22	107
Laticauda_colubrina_C9A	OZ203517.1	583	79	195	273	24529019	24528783	65.823	6.72e-22	106
Laticauda_colubrina_C9A	OZ203517.1	583	54	54	107	24541743	24541582	83.333	1.47e-20	102
Laticauda_colubrina_C9A	OZ203517.1	583	54	54	107	24578607	24578446	83.333	1.67e-20	102
Laticauda_colubrina_C9A	OZ203517.1	583	50	107	156	24577013	24576864	92.000	8.47e-20	99.8
Laticauda_colubrina_C9A	OZ203517.1	583	50	107	156	24540144	24539995	92.000	1.29e-19	99.4
Laticauda_colubrina_C9A	OZ203517.1	583	50	107	156	24609524	24609375	90.000	1.66e-19	99.0
Laticauda_colubrina_C9A	OZ203517.1	583	63	401	463	24596705	24596517	69.841	9.61e-19	96.7
Laticauda_colubrina_C9A	OZ203517.1	583	55	529	583	24556392	24556228	70.909	8.00e-18	93.6
Laticauda_colubrina_C9A	OZ203517.1	583	47	157	203	24532503	24532363	85.106	1.38e-17	92.8
Laticauda_colubrina_C9A	OZ203517.1	583	55	403	457	24560637	24560473	76.364	2.40e-17	92.0
Laticauda_colubrina_C9A	OZ203517.1	583	56	528	583	24592884	24592717	67.857	1.97e-16	89.0
Laticauda_colubrina_C9A	OZ203517.1	583	54	54	107	24610797	24610636	74.074	6.71e-16	87.4
Laticauda_colubrina_C9A	OZ203517.1	583	47	157	203	24607135	24606995	80.851	9.00e-16	87.0
Laticauda_colubrina_C9A	OZ203517.1	583	47	157	203	24574429	24574289	76.596	1.72e-14	82.8
Laticauda_colubrina_C9A	OZ203517.1	583	77	196	272	24605917	24605687	48.052	1.70e-12	76.3
Laticauda_colubrina_C9A	OZ203517.1	583	79	198	272	24571990	24571766	48.101	1.85e-10	69.7
Laticauda_colubrina_C9A	OZ203517.1	583	49	26	74	24612676	24612530	63.265	8.42e-10	67.8
Laticauda_colubrina_C9A	OZ203517.1	583	45	26	70	24544294	24544160	66.667	9.19e-09	64.3
Laticauda_colubrina_C9A	OZ203517.1	583	71	457	527	25386757	25386966	43.662	4.12e-08	62.4
Laticauda_colubrina_C9A	OZ203517.1	583	39	26	64	24581537	24581421	66.667	1.17e-06	57.4
Laticauda_colubrina_C9A	OZ203517.1	583	47	537	583	25390677	25390817	55.319	1.43e-06	57.4
Laticauda_colubrina_C9A	OZ203517.1	583	43	355	397	24523448	24523320	60.465	7.63e-06	54.7
Laticauda_colubrina_C9A	OZ203519.1	583	220	298	516	128577493	128576888	23.636	2.79e-08	62.8
Laticauda_colubrina_C9A	OZ203519.1	583	231	289	514	126761950	126762600	23.810	2.62e-07	59.7
Laticauda_colubrina_C9A	OZ203518.1	583	76	277	352	69407342	69407569	38.158	1.40e-07	60.5
Laticauda_colubrina_C9A	OZ203518.1	583	43	537	579	69429175	69429303	55.814	2.78e-07	59.7
Protobothrops_mucrosquamatus_C9A	OZ203517.1	583	81	274	354	24566235	24565993	90.123	1.80e-39	160
Protobothrops_mucrosquamatus_C9A	OZ203517.1	583	81	274	354	24602818	24602576	88.889	9.52e-39	158
Protobothrops_mucrosquamatus_C9A	OZ203517.1	583	80	453	532	24559668	24559429	86.250	2.07e-36	151
Protobothrops_mucrosquamatus_C9A	OZ203517.1	583	80	452	531	24595214	24594975	85.000	1.56e-35	148
Protobothrops_mucrosquamatus_C9A	OZ203517.1	583	94	274	367	24526232	24525960	71.277	1.02e-33	143
Protobothrops_mucrosquamatus_C9A	OZ203517.1	583	81	453	533	24520722	24520480	74.074	3.98e-31	135
Protobothrops_mucrosquamatus_C9A	OZ203517.1	583	75	199	273	24605908	24605684	68.000	2.20e-22	107
Protobothrops_mucrosquamatus_C9A	OZ203517.1	583	68	396	463	24596720	24596517	70.588	8.37e-21	103
Protobothrops_mucrosquamatus_C9A	OZ203517.1	583	75	199	273	24571987	24571763	68.000	1.52e-20	102
Protobothrops_mucrosquamatus_C9A	OZ203517.1	583	50	107	156	24577013	24576864	90.000	9.91e-20	99.8
Protobothrops_mucrosquamatus_C9A	OZ203517.1	583	52	532	583	24592872	24592717	82.692	1.47e-19	99.0
Protobothrops_mucrosquamatus_C9A	OZ203517.1	583	50	107	156	24609524	24609375	88.000	2.21e-19	98.6
Protobothrops_mucrosquamatus_C9A	OZ203517.1	583	52	532	583	24556383	24556228	78.846	1.24e-18	96.3
Protobothrops_mucrosquamatus_C9A	OZ203517.1	583	54	404	457	24560634	24560473	83.333	2.29e-18	95.1
Protobothrops_mucrosquamatus_C9A	OZ203517.1	583	58	400	457	24522028	24521855	77.586	3.45e-18	94.7
Protobothrops_mucrosquamatus_C9A	OZ203517.1	583	50	107	156	24540144	24539995	86.000	7.59e-18	93.6
Protobothrops_mucrosquamatus_C9A	OZ203517.1	583	54	54	107	24578607	24578446	75.926	1.12e-17	93.2
Protobothrops_mucrosquamatus_C9A	OZ203517.1	583	47	157	203	24607135	24606995	87.234	1.19e-17	92.8
Protobothrops_mucrosquamatus_C9A	OZ203517.1	583	47	157	203	24574429	24574289	87.234	1.22e-17	92.8
Protobothrops_mucrosquamatus_C9A	OZ203517.1	583	54	54	107	24541743	24541582	74.074	3.20e-17	91.7
Protobothrops_mucrosquamatus_C9A	OZ203517.1	583	54	54	107	24610797	24610636	72.222	1.07e-16	90.1
Protobothrops_mucrosquamatus_C9A	OZ203517.1	583	52	532	583	24519242	24519087	73.077	3.34e-16	88.2
Protobothrops_mucrosquamatus_C9A	OZ203517.1	583	47	157	203	24532503	24532363	76.596	8.55e-16	87.0
Protobothrops_mucrosquamatus_C9A	OZ203517.1	583	75	198	272	24529010	24528786	52.000	5.23e-12	74.7
Protobothrops_mucrosquamatus_C9A	OZ203517.1	583	49	26	74	24612676	24612530	63.265	1.73e-10	70.1
Protobothrops_mucrosquamatus_C9A	OZ203517.1	583	39	26	64	24581537	24581421	74.359	4.57e-09	65.5
Protobothrops_mucrosquamatus_C9A	OZ203517.1	583	41	355	395	24599371	24599249	68.293	3.82e-08	62.4
Protobothrops_mucrosquamatus_C9A	OZ203517.1	583	69	457	525	25386757	25386960	43.478	1.60e-07	60.5
Protobothrops_mucrosquamatus_C9A	OZ203517.1	583	56	528	583	25390650	25390817	46.429	3.06e-07	59.3
Protobothrops_mucrosquamatus_C9A	OZ203517.1	583	45	26	70	24544294	24544160	55.556	4.22e-07	58.9
Protobothrops_mucrosquamatus_C9A	OZ203517.1	583	42	535	575	25440595	25440470	64.286	9.81e-07	57.8
Protobothrops_mucrosquamatus_C9A	OZ203517.1	583	90	266	355	25447412	25447149	31.111	1.01e-06	57.8
Protobothrops_mucrosquamatus_C9A	OZ203517.1	583	79	277	355	25505108	25504872	32.911	1.32e-06	57.4
Protobothrops_mucrosquamatus_C9A	OZ203517.1	583	56	529	583	25486046	25485879	48.214	9.94e-06	54.3
Protobothrops_mucrosquamatus_C9A	OZ203519.1	583	233	289	514	126761950	126762600	25.322	1.21e-08	63.9
Protobothrops_mucrosquamatus_C9A	OZ203518.1	583	82	274	355	69407333	69407578	34.146	4.77e-08	62.0
Protobothrops_mucrosquamatus_C9A	OZ203518.1	583	47	537	583	69429175	69429315	53.191	1.26e-07	60.5
Protobothrops_mucrosquamatus_C9A	OZ203518.1	583	78	277	354	69479681	69479448	29.487	1.80e-06	57.0
Chrysopelea_ornata_C9A	OZ203517.1	584	81	274	354	24566235	24565993	93.827	2.89e-39	160
Chrysopelea_ornata_C9A	OZ203517.1	584	80	454	533	24559668	24559429	91.250	7.23e-38	155
Chrysopelea_ornata_C9A	OZ203517.1	584	81	274	354	24602818	24602576	90.123	1.08e-37	155
Chrysopelea_ornata_C9A	OZ203517.1	584	80	453	532	24595214	24594975	87.500	5.66e-36	150
Chrysopelea_ornata_C9A	OZ203517.1	584	94	274	367	24526232	24525960	73.404	1.24e-33	142
Chrysopelea_ornata_C9A	OZ203517.1	584	78	196	273	24605917	24605684	83.333	5.45e-32	137
Chrysopelea_ornata_C9A	OZ203517.1	584	80	454	533	24520722	24520483	76.250	1.35e-31	136
Chrysopelea_ornata_C9A	OZ203517.1	584	68	397	464	24596720	24596517	88.235	8.39e-27	121
Chrysopelea_ornata_C9A	OZ203517.1	584	76	198	273	24571990	24571763	73.684	9.40e-25	115
Chrysopelea_ornata_C9A	OZ203517.1	584	69	107	173	24609524	24609318	71.014	3.16e-22	107
Chrysopelea_ornata_C9A	OZ203517.1	584	64	401	464	24560646	24560455	82.812	5.53e-22	106
Chrysopelea_ornata_C9A	OZ203517.1	584	50	107	156	24577013	24576864	96.000	3.94e-21	103
Chrysopelea_ornata_C9A	OZ203517.1	584	51	57	107	24610788	24610636	88.235	2.86e-20	101
Chrysopelea_ornata_C9A	OZ203517.1	584	52	533	584	24592872	24592717	86.538	6.45e-20	100
Chrysopelea_ornata_C9A	OZ203517.1	584	47	157	203	24532503	24532363	89.362	2.84e-19	98.2
Chrysopelea_ornata_C9A	OZ203517.1	584	50	107	156	24540144	24539995	88.000	1.94e-18	95.5
Chrysopelea_ornata_C9A	OZ203517.1	584	52	533	584	24556383	24556228	78.846	7.31e-18	93.6
Chrysopelea_ornata_C9A	OZ203517.1	584	54	54	107	24541743	24541582	74.074	5.75e-17	90.9
Chrysopelea_ornata_C9A	OZ203517.1	584	54	54	107	24578607	24578446	74.074	7.07e-17	90.5
Chrysopelea_ornata_C9A	OZ203517.1	584	54	405	458	24522016	24521855	75.926	1.22e-16	89.7
Chrysopelea_ornata_C9A	OZ203517.1	584	47	157	203	24607135	24606995	80.851	8.82e-16	87.0
Chrysopelea_ornata_C9A	OZ203517.1	584	47	157	203	24574429	24574289	76.596	1.53e-14	83.2
Chrysopelea_ornata_C9A	OZ203517.1	584	78	195	272	24529019	24528786	53.846	4.29e-14	81.6
Chrysopelea_ornata_C9A	OZ203517.1	584	52	533	584	24519242	24519087	57.692	3.45e-11	72.0
Chrysopelea_ornata_C9A	OZ203517.1	584	49	26	74	24612676	24612530	63.265	1.14e-10	70.5
Chrysopelea_ornata_C9A	OZ203517.1	584	45	26	70	24544294	24544160	66.667	3.92e-10	68.9
Chrysopelea_ornata_C9A	OZ203517.1	584	42	355	396	24599371	24599249	78.571	2.26e-08	63.2
Chrysopelea_ornata_C9A	OZ203517.1	584	73	26	84	24581537	24581319	42.466	1.78e-07	60.1
Chrysopelea_ornata_C9A	OZ203517.1	584	56	530	584	25486046	25485879	50.000	5.91e-07	58.5
Chrysopelea_ornata_C9A	OZ203517.1	584	69	458	526	25386757	25386960	42.029	8.02e-07	58.2
Chrysopelea_ornata_C9A	OZ203517.1	584	93	266	358	25447412	25447140	31.183	2.90e-06	56.2
Chrysopelea_ornata_C9A	OZ203517.1	584	56	529	584	25390650	25390817	42.857	6.29e-06	55.1
Chrysopelea_ornata_C9A	OZ203517.1	584	79	277	355	25505108	25504872	32.911	6.97e-06	55.1
Chrysopelea_ornata_C9A	OZ203517.1	584	50	536	584	25440595	25440446	50.000	7.40e-06	54.7
Chrysopelea_ornata_C9A	OZ203518.1	584	81	277	357	69407342	69407584	37.037	1.11e-08	63.9
Chrysopelea_ornata_C9A	OZ203519.1	584	232	289	515	126761950	126762600	24.138	1.60e-07	60.5
Pituophis_catenifer_C9A	OZ203517.1	583	94	274	367	24526232	24525960	86.170	4.45e-43	171
Pituophis_catenifer_C9A	OZ203517.1	583	80	453	532	24559668	24559429	88.750	4.98e-37	153
Pituophis_catenifer_C9A	OZ203517.1	583	80	452	531	24595214	24594975	87.500	4.17e-36	150
Pituophis_catenifer_C9A	OZ203517.1	583	77	277	353	24566226	24565996	85.714	4.10e-34	144
Pituophis_catenifer_C9A	OZ203517.1	583	77	277	353	24602809	24602579	81.818	1.14e-32	140
Pituophis_catenifer_C9A	OZ203517.1	583	75	198	272	24605911	24605687	86.667	1.51e-30	133
Pituophis_catenifer_C9A	OZ203517.1	583	80	453	532	24520722	24520483	72.500	2.55e-29	129
Pituophis_catenifer_C9A	OZ203517.1	583	75	198	272	24571990	24571766	77.333	1.54e-25	117
Pituophis_catenifer_C9A	OZ203517.1	583	70	390	457	24596744	24596535	80.000	5.89e-23	109
Pituophis_catenifer_C9A	OZ203517.1	583	54	54	107	24541743	24541582	88.889	2.77e-22	107
Pituophis_catenifer_C9A	OZ203517.1	583	54	54	107	24578607	24578446	88.889	3.77e-22	107
Pituophis_catenifer_C9A	OZ203517.1	583	62	396	457	24522040	24521855	79.032	2.61e-21	104
Pituophis_catenifer_C9A	OZ203517.1	583	50	107	156	24577013	24576864	96.000	3.78e-21	103
Pituophis_catenifer_C9A	OZ203517.1	583	50	107	156	24609524	24609375	94.000	7.54e-21	103
Pituophis_catenifer_C9A	OZ203517.1	583	52	532	583	24592872	24592717	88.462	1.12e-20	102
Pituophis_catenifer_C9A	OZ203517.1	583	60	404	463	24560634	24560455	83.333	1.31e-20	102
Pituophis_catenifer_C9A	OZ203517.1	583	47	157	203	24607135	24606995	95.745	4.52e-20	100
Pituophis_catenifer_C9A	OZ203517.1	583	52	532	583	24556383	24556228	82.692	9.04e-19	96.7
Pituophis_catenifer_C9A	OZ203517.1	583	47	157	203	24574429	24574289	91.489	1.00e-18	96.3
Pituophis_catenifer_C9A	OZ203517.1	583	50	107	156	24540144	24539995	86.000	9.60e-18	93.2
Pituophis_catenifer_C9A	OZ203517.1	583	51	57	107	24610788	24610636	78.431	7.54e-17	90.5
Pituophis_catenifer_C9A	OZ203517.1	583	47	157	203	24532503	24532363	78.723	5.18e-16	87.8
Pituophis_catenifer_C9A	OZ203517.1	583	76	198	273	24529010	24528783	53.947	1.01e-13	80.5
Pituophis_catenifer_C9A	OZ203517.1	583	64	26	89	24612676	24612494	60.938	5.92e-13	77.8
Pituophis_catenifer_C9A	OZ203517.1	583	52	532	583	24519242	24519087	59.615	3.81e-12	75.1
Pituophis_catenifer_C9A	OZ203517.1	583	41	355	395	24599371	24599249	80.488	3.23e-10	68.9
Pituophis_catenifer_C9A	OZ203517.1	583	39	26	64	24581537	24581421	76.923	3.27e-09	65.9
Pituophis_catenifer_C9A	OZ203517.1	583	45	26	70	24544294	24544160	62.222	7.82e-09	64.7
Pituophis_catenifer_C9A	OZ203517.1	583	56	529	583	25486046	25485879	50.000	1.11e-07	60.8
Pituophis_catenifer_C9A	OZ203517.1	583	56	528	583	25390650	25390817	44.643	9.73e-07	57.8
Pituophis_catenifer_C9A	OZ203517.1	583	50	535	583	25440595	25440446	52.000	2.87e-06	56.2
Pituophis_catenifer_C9A	OZ203517.1	583	69	457	525	25492266	25492063	42.029	9.44e-06	54.7
Pituophis_catenifer_C9A	OZ203519.1	583	231	289	514	126761950	126762600	24.675	6.70e-09	64.7
Pituophis_catenifer_C9A	OZ203519.1	583	197	295	486	128577502	128576978	26.904	6.16e-08	61.6
Pituophis_catenifer_C9A	OZ203518.1	583	79	277	355	69407342	69407578	37.975	1.12e-07	60.8
Pituophis_catenifer_C9A	OZ203518.1	583	47	537	583	69429175	69429315	46.809	5.03e-06	55.5
Pituophis_catenifer_C9A	OZ203518.1	583	81	450	529	69426155	69426397	34.568	8.45e-06	54.7
Pantherophis_obsoletus_C9A	OZ203517.1	583	81	274	354	24566235	24565993	97.531	8.10e-42	167
Pantherophis_obsoletus_C9A	OZ203517.1	583	81	274	354	24602818	24602576	93.827	2.22e-40	163
Pantherophis_obsoletus_C9A	OZ203517.1	583	80	453	532	24559668	24559429	88.750	4.94e-37	153
Pantherophis_obsoletus_C9A	OZ203517.1	583	94	274	367	24526232	24525960	75.532	1.96e-36	151
Pantherophis_obsoletus_C9A	OZ203517.1	583	80	452	531	24595214	24594975	87.500	4.13e-36	150
Pantherophis_obsoletus_C9A	OZ203517.1	583	75	199	273	24605908	24605684	84.000	7.66e-30	131
Pantherophis_obsoletus_C9A	OZ203517.1	583	81	453	533	24520722	24520480	71.605	2.57e-29	129
Pantherophis_obsoletus_C9A	OZ203517.1	583	68	396	463	24596720	24596517	88.235	3.93e-27	122
Pantherophis_obsoletus_C9A	OZ203517.1	583	76	198	273	24571990	24571763	78.947	9.08e-27	121
Pantherophis_obsoletus_C9A	OZ203517.1	583	64	400	463	24560646	24560455	84.375	1.77e-22	108
Pantherophis_obsoletus_C9A	OZ203517.1	583	54	54	107	24541743	24541582	88.889	7.60e-22	106
Pantherophis_obsoletus_C9A	OZ203517.1	583	52	532	583	24592872	24592717	90.385	4.27e-21	103
Pantherophis_obsoletus_C9A	OZ203517.1	583	50	107	156	24577013	24576864	92.000	1.10e-20	102
Pantherophis_obsoletus_C9A	OZ203517.1	583	50	107	156	24609524	24609375	90.000	2.33e-20	101
Pantherophis_obsoletus_C9A	OZ203517.1	583	54	54	107	24578607	24578446	85.185	5.24e-20	100
Pantherophis_obsoletus_C9A	OZ203517.1	583	47	157	203	24574429	24574289	93.617	2.25e-19	98.6
Pantherophis_obsoletus_C9A	OZ203517.1	583	47	157	203	24607135	24606995	93.617	2.35e-19	98.6
Pantherophis_obsoletus_C9A	OZ203517.1	583	52	532	583	24556383	24556228	82.692	4.59e-19	97.4
Pantherophis_obsoletus_C9A	OZ203517.1	583	50	107	156	24540144	24539995	82.000	4.30e-17	91.3
Pantherophis_obsoletus_C9A	OZ203517.1	583	54	404	457	24522016	24521855	75.926	2.07e-16	89.0
Pantherophis_obsoletus_C9A	OZ203517.1	583	51	57	107	24610788	24610636	76.471	4.00e-16	88.2
Pantherophis_obsoletus_C9A	OZ203517.1	583	47	157	203	24532503	24532363	76.596	2.39e-15	85.5
Pantherophis_obsoletus_C9A	OZ203517.1	583	49	26	74	24612676	24612530	75.510	3.27e-13	78.6
Pantherophis_obsoletus_C9A	OZ203517.1	583	52	532	583	24519242	24519087	61.538	1.40e-12	76.6
Pantherophis_obsoletus_C9A	OZ203517.1	583	75	198	272	24529010	24528786	50.667	7.82e-12	74.3
Pantherophis_obsoletus_C9A	OZ203517.1	583	41	355	395	24599371	24599249	80.488	3.55e-10	68.9
Pantherophis_obsoletus_C9A	OZ203517.1	583	39	26	64	24581537	24581421	74.359	1.87e-08	63.2
Pantherophis_obsoletus_C9A	OZ203517.1	583	45	26	70	24544294	24544160	60.000	4.42e-08	62.0
Pantherophis_obsoletus_C9A	OZ203517.1	583	56	529	583	25486046	25485879	50.000	5.32e-07	58.5
Pantherophis_obsoletus_C9A	OZ203517.1	583	50	535	583	25440595	25440446	52.000	2.75e-06	56.2
Pantherophis_obsoletus_C9A	OZ203517.1	583	56	528	583	25390650	25390817	42.857	3.23e-06	56.2
Pantherophis_obsoletus_C9A	OZ203517.1	583	79	277	355	25447385	25447149	31.646	3.32e-06	55.8
Pantherophis_obsoletus_C9A	OZ203517.1	583	79	277	355	25505108	25504872	32.911	3.55e-06	55.8
Pantherophis_obsoletus_C9A	OZ203517.1	583	69	457	525	25492266	25492063	42.029	9.20e-06	54.7
Pantherophis_obsoletus_C9A	OZ203519.1	583	231	289	514	126761950	126762600	25.108	3.30e-09	65.9
Pantherophis_obsoletus_C9A	OZ203519.1	583	194	298	486	128577493	128576978	26.804	1.80e-08	63.5
Pantherophis_obsoletus_C9A	OZ203518.1	583	82	274	355	69407333	69407578	35.366	1.79e-08	63.5
Pantherophis_obsoletus_C9A	OZ203518.1	583	82	277	358	69479681	69479436	29.268	1.50e-06	57.0
Pantherophis_obsoletus_C9A	OZ203518.1	583	47	537	583	69429175	69429315	46.809	4.90e-06	55.5
Pantherophis_obsoletus_C9A	OZ203518.1	583	81	450	529	69426155	69426397	34.568	7.70e-06	54.7
Bothrops_jararaca_C9A	OZ203517.1	583	81	274	354	24566235	24565993	88.889	7.64e-39	158
Bothrops_jararaca_C9A	OZ203517.1	583	81	274	354	24602818	24602576	87.654	4.04e-38	156
Bothrops_jararaca_C9A	OZ203517.1	583	80	453	532	24559668	24559429	86.250	5.94e-36	150
Bothrops_jararaca_C9A	OZ203517.1	583	80	452	531	24595214	24594975	85.000	5.57e-35	147
Bothrops_jararaca_C9A	OZ203517.1	583	94	274	367	24526232	24525960	71.277	7.24e-33	140
Bothrops_jararaca_C9A	OZ203517.1	583	80	453	532	24520722	24520483	75.000	1.11e-30	134
Bothrops_jararaca_C9A	OZ203517.1	583	62	396	457	24596720	24596535	79.032	2.02e-22	108
Bothrops_jararaca_C9A	OZ203517.1	583	74	199	272	24605908	24605687	66.216	1.51e-21	105
Bothrops_jararaca_C9A	OZ203517.1	583	74	199	272	24571987	24571766	67.568	1.07e-19	99.4
Bothrops_jararaca_C9A	OZ203517.1	583	52	532	583	24592872	24592717	82.692	1.11e-19	99.4
Bothrops_jararaca_C9A	OZ203517.1	583	58	400	457	24560646	24560473	79.310	4.79e-19	97.4
Bothrops_jararaca_C9A	OZ203517.1	583	52	532	583	24556383	24556228	78.846	1.03e-18	96.3
Bothrops_jararaca_C9A	OZ203517.1	583	50	107	156	24577013	24576864	86.000	3.73e-18	94.7
Bothrops_jararaca_C9A	OZ203517.1	583	54	54	107	24578607	24578446	77.778	4.17e-18	94.4
Bothrops_jararaca_C9A	OZ203517.1	583	50	107	156	24609524	24609375	84.000	8.80e-18	93.6
Bothrops_jararaca_C9A	OZ203517.1	583	47	157	203	24607135	24606995	87.234	1.17e-17	93.2
Bothrops_jararaca_C9A	OZ203517.1	583	47	157	203	24574429	24574289	87.234	1.21e-17	92.8
Bothrops_jararaca_C9A	OZ203517.1	583	54	54	107	24541743	24541582	75.926	1.22e-17	92.8
Bothrops_jararaca_C9A	OZ203517.1	583	54	54	107	24610797	24610636	74.074	3.64e-17	91.3
Bothrops_jararaca_C9A	OZ203517.1	583	58	400	457	24522028	24521855	72.414	6.02e-17	90.9
Bothrops_jararaca_C9A	OZ203517.1	583	50	107	156	24540144	24539995	82.000	1.28e-16	89.7
Bothrops_jararaca_C9A	OZ203517.1	583	47	157	203	24532503	24532363	76.596	7.58e-16	87.0
Bothrops_jararaca_C9A	OZ203517.1	583	52	532	583	24519242	24519087	71.154	1.29e-15	86.7
Bothrops_jararaca_C9A	OZ203517.1	583	75	198	272	24529010	24528786	53.333	7.56e-12	74.3
Bothrops_jararaca_C9A	OZ203517.1	583	49	26	74	24612676	24612530	61.224	4.63e-10	68.6
Bothrops_jararaca_C9A	OZ203517.1	583	41	355	395	24599371	24599249	70.732	6.82e-09	64.7
Bothrops_jararaca_C9A	OZ203517.1	583	39	26	64	24581537	24581421	69.231	5.33e-08	62.0
Bothrops_jararaca_C9A	OZ203517.1	583	56	528	583	25390650	25390817	44.643	7.93e-07	58.2
Bothrops_jararaca_C9A	OZ203517.1	583	45	26	70	24544294	24544160	53.333	1.37e-06	57.4
Bothrops_jararaca_C9A	OZ203517.1	583	79	277	355	25447385	25447149	31.646	1.99e-06	56.6
Bothrops_jararaca_C9A	OZ203517.1	583	79	277	355	25505108	25504872	32.911	2.34e-06	56.6
Bothrops_jararaca_C9A	OZ203517.1	583	69	457	525	25386757	25386960	40.580	4.03e-06	55.8
Bothrops_jararaca_C9A	OZ203517.1	583	42	535	575	25440595	25440470	61.905	8.38e-06	54.7
Bothrops_jararaca_C9A	OZ203519.1	583	256	266	514	126761893	126762600	24.219	1.16e-08	63.9
Bothrops_jararaca_C9A	OZ203518.1	583	82	274	355	69407333	69407578	34.146	8.02e-08	61.2
Bothrops_jararaca_C9A	OZ203518.1	583	47	537	583	69429175	69429315	51.064	3.69e-07	58.9
Bothrops_jararaca_C9A	OZ203518.1	583	78	277	354	69479681	69479448	29.487	5.96e-06	55.1
Ptyas_mucosa_C9A	OZ203517.1	583	81	274	354	24566235	24565993	93.827	4.41e-40	162
Ptyas_mucosa_C9A	OZ203517.1	583	81	274	354	24602818	24602576	90.123	1.05e-38	158
Ptyas_mucosa_C9A	OZ203517.1	583	80	453	532	24559668	24559429	91.250	3.82e-38	156
Ptyas_mucosa_C9A	OZ203517.1	583	80	452	531	24595214	24594975	90.000	7.95e-38	155
Ptyas_mucosa_C9A	OZ203517.1	583	94	274	367	24526232	24525960	73.404	8.69e-35	146
Ptyas_mucosa_C9A	OZ203517.1	583	80	453	532	24520722	24520483	75.000	1.79e-30	133
Ptyas_mucosa_C9A	OZ203517.1	583	76	198	273	24605911	24605684	86.842	2.85e-30	132
Ptyas_mucosa_C9A	OZ203517.1	583	76	198	273	24571990	24571763	78.947	4.74e-27	122
Ptyas_mucosa_C9A	OZ203517.1	583	76	390	463	24596744	24596517	81.579	2.55e-26	120
Ptyas_mucosa_C9A	OZ203517.1	583	64	400	463	24560646	24560455	84.375	8.84e-23	109
Ptyas_mucosa_C9A	OZ203517.1	583	54	54	107	24541743	24541582	88.889	7.15e-22	106
Ptyas_mucosa_C9A	OZ203517.1	583	50	107	156	24577013	24576864	98.000	2.03e-21	105
Ptyas_mucosa_C9A	OZ203517.1	583	50	107	156	24609524	24609375	96.000	4.31e-21	103
Ptyas_mucosa_C9A	OZ203517.1	583	54	54	107	24578607	24578446	85.185	4.40e-20	100
Ptyas_mucosa_C9A	OZ203517.1	583	47	157	203	24607135	24606995	91.489	3.41e-19	97.8
Ptyas_mucosa_C9A	OZ203517.1	583	47	157	203	24574429	24574289	91.489	3.72e-19	97.8
Ptyas_mucosa_C9A	OZ203517.1	583	52	532	583	24592872	24592717	86.538	4.17e-19	97.8
Ptyas_mucosa_C9A	OZ203517.1	583	50	107	156	24540144	24539995	90.000	1.07e-18	96.3
Ptyas_mucosa_C9A	OZ203517.1	583	52	532	583	24556383	24556228	82.692	4.43e-18	94.4
Ptyas_mucosa_C9A	OZ203517.1	583	54	54	107	24610797	24610636	74.074	2.34e-16	89.0
Ptyas_mucosa_C9A	OZ203517.1	583	54	404	457	24522016	24521855	70.370	2.15e-15	85.9
Ptyas_mucosa_C9A	OZ203517.1	583	47	157	203	24532503	24532363	72.340	2.15e-14	82.4
Ptyas_mucosa_C9A	OZ203517.1	583	75	198	272	24529010	24528786	54.667	1.69e-13	79.7
Ptyas_mucosa_C9A	OZ203517.1	583	49	26	74	24612676	24612530	73.469	2.57e-13	79.0
Ptyas_mucosa_C9A	OZ203517.1	583	52	532	583	24519242	24519087	59.615	3.47e-11	72.0
Ptyas_mucosa_C9A	OZ203517.1	583	41	355	395	24599371	24599249	82.927	8.16e-11	70.9
Ptyas_mucosa_C9A	OZ203517.1	583	39	26	64	24581537	24581421	76.923	4.02e-09	65.5
Ptyas_mucosa_C9A	OZ203517.1	583	45	26	70	24544294	24544160	60.000	2.33e-08	63.2
Ptyas_mucosa_C9A	OZ203517.1	583	78	457	534	25386757	25386981	42.308	7.04e-07	58.2
Ptyas_mucosa_C9A	OZ203517.1	583	50	535	583	25486028	25485879	54.000	1.12e-06	57.4
Ptyas_mucosa_C9A	OZ203517.1	583	56	528	583	25390650	25390817	44.643	2.17e-06	56.6
Ptyas_mucosa_C9A	OZ203517.1	583	54	342	395	24565594	24565436	64.815	8.45e-06	54.7
Ptyas_mucosa_C9A	OZ203519.1	583	231	289	514	126761950	126762600	25.108	1.91e-08	63.2
Ptyas_mucosa_C9A	OZ203519.1	583	227	298	516	128577493	128576888	26.872	1.34e-07	60.5
Ptyas_mucosa_C9A	OZ203518.1	583	82	274	355	69407333	69407578	35.366	2.69e-08	62.8
Ptyas_mucosa_C9A	OZ203518.1	583	82	277	358	69479681	69479436	29.268	6.83e-06	55.1
Vipera_berus_C9A	OZ203517.1	583	81	274	354	24566235	24565993	86.420	1.32e-36	152
Vipera_berus_C9A	OZ203517.1	583	80	453	532	24559668	24559429	85.000	5.18e-36	150
Vipera_berus_C9A	OZ203517.1	583	81	274	354	24602818	24602576	85.185	7.53e-36	149
Vipera_berus_C9A	OZ203517.1	583	80	452	531	24595214	24594975	83.750	4.13e-35	147
Vipera_berus_C9A	OZ203517.1	583	94	274	367	24526232	24525960	70.213	2.73e-32	138
Vipera_berus_C9A	OZ203517.1	583	80	453	532	24520722	24520483	75.000	3.04e-31	135
Vipera_berus_C9A	OZ203517.1	583	62	396	457	24596720	24596535	83.871	1.87e-24	114
Vipera_berus_C9A	OZ203517.1	583	75	199	273	24605908	24605684	69.333	4.87e-24	113
Vipera_berus_C9A	OZ203517.1	583	78	199	276	24571987	24571754	69.231	1.79e-22	108
Vipera_berus_C9A	OZ203517.1	583	58	400	457	24560646	24560473	84.483	6.79e-21	103
Vipera_berus_C9A	OZ203517.1	583	52	532	583	24592872	24592717	80.769	1.96e-19	98.6
Vipera_berus_C9A	OZ203517.1	583	52	532	583	24556383	24556228	76.923	5.01e-19	97.4
Vipera_berus_C9A	OZ203517.1	583	54	54	107	24578607	24578446	81.481	1.34e-18	95.9
Vipera_berus_C9A	OZ203517.1	583	50	107	156	24577013	24576864	88.000	1.74e-18	95.5
Vipera_berus_C9A	OZ203517.1	583	50	107	156	24609524	24609375	86.000	3.73e-18	94.7
Vipera_berus_C9A	OZ203517.1	583	58	400	457	24522028	24521855	75.862	9.93e-18	93.2
Vipera_berus_C9A	OZ203517.1	583	47	157	203	24574429	24574289	85.106	1.48e-17	92.8
Vipera_berus_C9A	OZ203517.1	583	47	157	203	24607135	24606995	85.106	1.55e-17	92.8
Vipera_berus_C9A	OZ203517.1	583	54	54	107	24541743	24541582	77.778	1.75e-17	92.4
Vipera_berus_C9A	OZ203517.1	583	54	54	107	24610797	24610636	74.074	4.33e-17	91.3
Vipera_berus_C9A	OZ203517.1	583	50	107	156	24540144	24539995	82.000	2.76e-16	88.6
Vipera_berus_C9A	OZ203517.1	583	52	532	583	24519242	24519087	69.231	7.13e-16	87.4
Vipera_berus_C9A	OZ203517.1	583	47	157	203	24532503	24532363	74.468	1.21e-15	86.7
Vipera_berus_C9A	OZ203517.1	583	75	198	272	24529010	24528786	52.000	1.85e-12	76.3
Vipera_berus_C9A	OZ203517.1	583	49	26	74	24612676	24612530	65.306	6.26e-11	71.2
Vipera_berus_C9A	OZ203517.1	583	39	26	64	24581537	24581421	74.359	7.24e-09	64.7
Vipera_berus_C9A	OZ203517.1	583	41	355	395	24599371	24599249	68.293	5.24e-08	62.0
Vipera_berus_C9A	OZ203517.1	583	45	26	70	24544294	24544160	57.778	1.03e-07	60.8
Vipera_berus_C9A	OZ203517.1	583	69	457	525	25386757	25386960	42.029	2.81e-07	59.3
Vipera_berus_C9A	OZ203517.1	583	56	528	583	25390650	25390817	44.643	9.01e-07	57.8
Vipera_berus_C9A	OZ203517.1	583	79	277	355	25505108	25504872	32.911	1.49e-06	57.0
Vipera_berus_C9A	OZ203517.1	583	78	266	343	25447412	25447185	35.897	2.97e-06	56.2
Vipera_berus_C9A	OZ203517.1	583	54	342	395	24565594	24565436	62.963	8.45e-06	54.7
Vipera_berus_C9A	OZ203519.1	583	256	266	514	126761893	126762600	24.609	1.83e-08	63.2
Vipera_berus_C9A	OZ203518.1	583	47	537	583	69429175	69429315	51.064	5.14e-07	58.5
Vipera_berus_C9A	OZ203518.1	583	79	277	355	69407342	69407578	32.911	8.35e-07	57.8
Vipera_berus_C9A	OZ203518.1	583	81	274	354	69479690	69479448	29.630	3.10e-06	56.2
Sceloporus_undulatus_C9A	OZ203517.1	591	78	460	537	24559659	24559426	71.795	3.91e-29	129
Sceloporus_undulatus_C9A	OZ203517.1	591	82	456	537	24595214	24594969	67.073	5.21e-28	125
Sceloporus_undulatus_C9A	OZ203517.1	591	78	281	358	24566226	24565993	69.231	1.05e-27	124
Sceloporus_undulatus_C9A	OZ203517.1	591	78	281	358	24602809	24602576	65.385	3.43e-26	120
Sceloporus_undulatus_C9A	OZ203517.1	591	91	281	371	24526223	24525960	59.341	4.68e-26	119
Sceloporus_undulatus_C9A	OZ203517.1	591	81	457	537	24520722	24520480	60.494	1.40e-24	115
Sceloporus_undulatus_C9A	OZ203517.1	591	68	400	467	24596720	24596517	54.412	2.80e-13	79.0
Sceloporus_undulatus_C9A	OZ203517.1	591	47	156	202	24532503	24532363	63.830	1.20e-11	73.6
Sceloporus_undulatus_C9A	OZ203517.1	591	51	537	587	24556380	24556228	60.784	2.17e-11	72.8
Sceloporus_undulatus_C9A	OZ203517.1	591	63	405	467	24560643	24560455	52.381	5.20e-11	71.6
Sceloporus_undulatus_C9A	OZ203517.1	591	50	106	155	24540144	24539995	62.000	2.66e-10	69.3
Sceloporus_undulatus_C9A	OZ203517.1	591	50	538	587	24592866	24592717	56.000	5.84e-10	68.2
Sceloporus_undulatus_C9A	OZ203517.1	591	57	405	461	24522025	24521855	52.632	7.67e-10	67.8
Sceloporus_undulatus_C9A	OZ203517.1	591	50	106	155	24577013	24576864	64.000	8.28e-10	67.8
Sceloporus_undulatus_C9A	OZ203517.1	591	52	57	107	24541734	24541579	59.615	8.87e-10	67.8
Sceloporus_undulatus_C9A	OZ203517.1	591	47	156	202	24607135	24606995	55.319	1.14e-09	67.4
Sceloporus_undulatus_C9A	OZ203517.1	591	60	532	591	25390650	25390829	48.333	1.41e-09	67.0
Sceloporus_undulatus_C9A	OZ203517.1	591	50	106	155	24609524	24609375	62.000	1.83e-09	66.6
Sceloporus_undulatus_C9A	OZ203517.1	591	95	25	112	24612679	24612398	36.842	2.76e-09	66.2
Sceloporus_undulatus_C9A	OZ203517.1	591	47	156	202	24574429	24574289	53.191	4.45e-09	65.5
Sceloporus_undulatus_C9A	OZ203517.1	591	52	57	107	24578598	24578443	57.692	1.63e-08	63.5
Sceloporus_undulatus_C9A	OZ203517.1	591	48	540	587	24519230	24519087	54.167	3.53e-08	62.4
Sceloporus_undulatus_C9A	OZ203517.1	591	57	533	588	25486046	25485876	50.877	3.69e-08	62.4
Sceloporus_undulatus_C9A	OZ203517.1	591	42	539	579	25440595	25440470	69.048	4.64e-08	62.0
Sceloporus_undulatus_C9A	OZ203517.1	591	79	281	359	25505108	25504872	34.177	3.29e-07	59.3
Sceloporus_undulatus_C9A	OZ203517.1	591	69	463	531	25386763	25386966	42.029	3.49e-07	59.3
Sceloporus_undulatus_C9A	OZ203517.1	591	82	195	276	24605917	24605687	36.585	4.40e-07	58.9
Sceloporus_undulatus_C9A	OZ203517.1	591	68	3	70	24544351	24544160	42.647	1.05e-06	57.8
Sceloporus_undulatus_C9A	OZ203517.1	591	85	277	361	25447397	25447143	29.412	4.85e-06	55.5
Sceloporus_undulatus_C9A	OZ203517.1	591	51	57	106	24610788	24610636	49.020	6.10e-06	55.1
Sceloporus_undulatus_C9A	OZ203519.1	591	248	277	518	126761902	126762600	25.806	1.05e-08	64.3
Sceloporus_undulatus_C9A	OZ203519.1	591	230	302	517	128577493	128576858	24.783	1.58e-07	60.5
Sceloporus_undulatus_C9A	OZ203519.1	591	63	533	591	531836	532024	42.857	2.84e-06	56.2
Sceloporus_undulatus_C9A	OZ203518.1	591	47	541	587	69429175	69429315	53.191	2.95e-07	59.3
Sceloporus_undulatus_C9A	OZ203518.1	591	82	280	361	69407339	69407584	34.146	8.19e-07	58.2
Sceloporus_undulatus_C9A	OZ203518.1	591	78	281	358	69479681	69479448	33.333	1.09e-06	57.8
Sceloporus_undulatus_C9A	OZ203518.1	591	75	454	527	69426155	69426379	34.667	4.60e-06	55.5
Anolis_carolinensis_C9B	OZ203517.1	538	75	280	354	24566229	24566005	70.667	1.66e-25	117
Anolis_carolinensis_C9B	OZ203517.1	538	91	281	371	24526223	24525960	59.341	8.17e-25	115
Anolis_carolinensis_C9B	OZ203517.1	538	75	280	354	24602812	24602588	68.000	1.81e-24	114
Anolis_carolinensis_C9B	OZ203517.1	538	68	462	529	24559653	24559450	69.118	1.30e-22	108
Anolis_carolinensis_C9B	OZ203517.1	538	82	456	537	24595214	24594969	57.317	1.33e-21	105
Anolis_carolinensis_C9B	OZ203517.1	538	68	462	529	24520707	24520504	61.765	3.22e-20	100
Anolis_carolinensis_C9B	OZ203517.1	538	47	156	202	24532503	24532363	68.085	1.28e-13	79.7
Anolis_carolinensis_C9B	OZ203517.1	538	56	405	460	24596705	24596538	57.143	4.85e-12	74.7
Anolis_carolinensis_C9B	OZ203517.1	538	46	156	201	24574429	24574292	63.043	9.74e-12	73.6
Anolis_carolinensis_C9B	OZ203517.1	538	46	156	201	24607135	24606998	63.043	1.50e-11	73.2
Anolis_carolinensis_C9B	OZ203517.1	538	50	106	155	24540144	24539995	66.000	1.86e-11	72.8
Anolis_carolinensis_C9B	OZ203517.1	538	69	106	172	24609524	24609318	50.725	3.82e-11	71.6
Anolis_carolinensis_C9B	OZ203517.1	538	56	405	460	24560643	24560476	55.357	5.63e-11	71.2
Anolis_carolinensis_C9B	OZ203517.1	538	50	106	155	24577013	24576864	68.000	1.19e-10	70.1
Anolis_carolinensis_C9B	OZ203517.1	538	56	405	460	24522025	24521858	57.143	1.24e-10	70.1
Anolis_carolinensis_C9B	OZ203517.1	538	52	57	107	24541734	24541579	55.769	1.85e-09	66.2
Anolis_carolinensis_C9B	OZ203517.1	538	71	462	532	25386760	25386969	43.662	2.70e-09	65.9
Anolis_carolinensis_C9B	OZ203517.1	538	84	25	101	24612679	24612428	38.095	1.18e-08	63.9
Anolis_carolinensis_C9B	OZ203517.1	538	52	57	107	24578598	24578443	53.846	4.84e-08	61.6
Anolis_carolinensis_C9B	OZ203517.1	538	79	281	359	25505108	25504872	34.177	5.30e-07	58.5
Anolis_carolinensis_C9B	OZ203517.1	538	82	195	276	24605917	24605687	39.024	6.61e-07	58.2
Anolis_carolinensis_C9B	OZ203517.1	538	75	281	355	25447385	25447161	34.667	3.10e-06	55.8
Anolis_carolinensis_C9B	OZ203518.1	538	77	281	357	69479681	69479451	35.065	4.01e-08	62.0
Anolis_carolinensis_C9B	OZ203518.1	538	74	281	354	69407342	69407563	36.486	3.51e-07	58.9
Anolis_carolinensis_C9B	OZ203519.1	538	256	270	518	126761893	126762600	26.562	9.42e-08	60.8
Anolis_carolinensis_C9B	OZ203519.1	538	237	290	520	128577526	128576888	27.004	1.77e-07	60.1
Hydrophis_cyanocinctus_C9B	OZ203517.1	582	81	273	353	24566235	24565993	91.358	4.30e-40	162
Hydrophis_cyanocinctus_C9B	OZ203517.1	582	81	273	353	24602818	24602576	87.654	1.68e-38	157
Hydrophis_cyanocinctus_C9B	OZ203517.1	582	80	452	531	24559668	24559429	83.750	4.01e-34	144
Hydrophis_cyanocinctus_C9B	OZ203517.1	582	94	273	366	24526232	24525960	71.277	6.08e-34	144
Hydrophis_cyanocinctus_C9B	OZ203517.1	582	80	451	530	24595214	24594975	82.500	3.31e-33	141
Hydrophis_cyanocinctus_C9B	OZ203517.1	582	80	452	531	24520722	24520483	76.250	1.16e-31	136
Hydrophis_cyanocinctus_C9B	OZ203517.1	582	76	197	272	24571990	24571763	73.684	1.94e-23	111
Hydrophis_cyanocinctus_C9B	OZ203517.1	582	97	178	272	24605974	24605684	60.825	5.90e-23	109
Hydrophis_cyanocinctus_C9B	OZ203517.1	582	66	397	462	24596714	24596517	74.242	3.08e-22	107
Hydrophis_cyanocinctus_C9B	OZ203517.1	582	50	106	155	24577013	24576864	98.000	1.27e-21	105
Hydrophis_cyanocinctus_C9B	OZ203517.1	582	50	106	155	24609524	24609375	96.000	2.67e-21	104
Hydrophis_cyanocinctus_C9B	OZ203517.1	582	64	399	462	24560646	24560455	78.125	3.12e-21	104
Hydrophis_cyanocinctus_C9B	OZ203517.1	582	50	106	155	24540144	24539995	90.000	5.97e-19	97.1
Hydrophis_cyanocinctus_C9B	OZ203517.1	582	52	531	582	24592872	24592717	82.692	7.17e-19	97.1
Hydrophis_cyanocinctus_C9B	OZ203517.1	582	47	156	202	24607135	24606995	87.234	8.67e-18	93.6
Hydrophis_cyanocinctus_C9B	OZ203517.1	582	47	156	202	24574429	24574289	87.234	9.22e-18	93.2
Hydrophis_cyanocinctus_C9B	OZ203517.1	582	52	531	582	24556383	24556228	78.846	1.41e-17	92.8
Hydrophis_cyanocinctus_C9B	OZ203517.1	582	50	57	106	24610785	24610636	82.000	7.00e-17	90.5
Hydrophis_cyanocinctus_C9B	OZ203517.1	582	54	403	456	24522016	24521855	70.370	5.67e-16	87.4
Hydrophis_cyanocinctus_C9B	OZ203517.1	582	54	53	106	24541743	24541582	72.222	2.27e-15	85.5
Hydrophis_cyanocinctus_C9B	OZ203517.1	582	54	53	106	24578607	24578446	70.370	6.80e-15	84.0
Hydrophis_cyanocinctus_C9B	OZ203517.1	582	47	156	202	24532503	24532363	68.085	1.91e-13	79.3
Hydrophis_cyanocinctus_C9B	OZ203517.1	582	52	531	582	24519242	24519087	55.769	2.09e-11	72.8
Hydrophis_cyanocinctus_C9B	OZ203517.1	582	75	197	271	24529010	24528786	50.667	3.20e-11	72.4
Hydrophis_cyanocinctus_C9B	OZ203517.1	582	49	25	73	24612676	24612530	69.388	2.10e-10	69.7
Hydrophis_cyanocinctus_C9B	OZ203517.1	582	44	354	397	24599371	24599243	70.455	7.16e-08	61.2
Hydrophis_cyanocinctus_C9B	OZ203517.1	582	69	456	524	25386757	25386960	43.478	9.32e-08	61.2
Hydrophis_cyanocinctus_C9B	OZ203517.1	582	39	25	63	24544294	24544184	66.667	4.83e-07	58.5
Hydrophis_cyanocinctus_C9B	OZ203517.1	582	56	527	582	25390650	25390817	44.643	1.09e-06	57.4
Hydrophis_cyanocinctus_C9B	OZ203517.1	582	55	529	582	25486043	25485879	47.273	1.51e-06	57.0
Hydrophis_cyanocinctus_C9B	OZ203519.1	582	233	287	513	126761947	126762600	25.322	1.10e-07	60.8
Hydrophis_cyanocinctus_C9B	OZ203518.1	582	79	276	354	69407342	69407578	32.911	5.58e-07	58.5
Hydrophis_cyanocinctus_C9B	OZ203518.1	582	82	276	357	69479681	69479436	30.488	1.58e-06	57.0
Bothrops_jararaca_C9B	OZ203517.1	583	81	274	354	24566235	24565993	88.889	7.78e-39	158
Bothrops_jararaca_C9B	OZ203517.1	583	81	274	354	24602818	24602576	87.654	4.89e-38	156
Bothrops_jararaca_C9B	OZ203517.1	583	80	453	532	24559668	24559429	86.250	7.00e-36	149
Bothrops_jararaca_C9B	OZ203517.1	583	80	452	531	24595214	24594975	85.000	5.72e-35	147
Bothrops_jararaca_C9B	OZ203517.1	583	94	274	367	24526232	24525960	71.277	2.68e-33	142
Bothrops_jararaca_C9B	OZ203517.1	583	80	453	532	24520722	24520483	75.000	1.48e-30	133
Bothrops_jararaca_C9B	OZ203517.1	583	62	396	457	24596720	24596535	83.871	6.40e-24	112
Bothrops_jararaca_C9B	OZ203517.1	583	77	196	272	24605917	24605687	63.636	4.86e-22	107
Bothrops_jararaca_C9B	OZ203517.1	583	58	400	457	24560646	24560473	84.483	1.76e-20	102
Bothrops_jararaca_C9B	OZ203517.1	583	50	107	156	24577013	24576864	92.000	4.68e-20	100
Bothrops_jararaca_C9B	OZ203517.1	583	86	188	272	24572023	24571766	60.465	6.46e-20	100
Bothrops_jararaca_C9B	OZ203517.1	583	50	107	156	24609524	24609375	90.000	1.04e-19	99.4
Bothrops_jararaca_C9B	OZ203517.1	583	52	532	583	24592872	24592717	80.769	3.44e-19	97.8
Bothrops_jararaca_C9B	OZ203517.1	583	54	54	107	24578607	24578446	79.630	9.53e-19	96.7
Bothrops_jararaca_C9B	OZ203517.1	583	54	54	107	24541743	24541582	77.778	3.05e-18	94.7
Bothrops_jararaca_C9B	OZ203517.1	583	52	532	583	24556383	24556228	76.923	3.93e-18	94.4
Bothrops_jararaca_C9B	OZ203517.1	583	58	400	457	24522028	24521855	75.862	5.09e-18	94.4
Bothrops_jararaca_C9B	OZ203517.1	583	50	107	156	24540144	24539995	86.000	8.50e-18	93.6
Bothrops_jararaca_C9B	OZ203517.1	583	54	54	107	24610797	24610636	74.074	2.58e-17	92.0
Bothrops_jararaca_C9B	OZ203517.1	583	47	157	203	24607135	24606995	85.106	4.37e-17	91.3
Bothrops_jararaca_C9B	OZ203517.1	583	47	157	203	24574429	24574289	85.106	4.77e-17	90.9
Bothrops_jararaca_C9B	OZ203517.1	583	47	157	203	24532503	24532363	76.596	5.27e-16	87.8
Bothrops_jararaca_C9B	OZ203517.1	583	52	532	583	24519242	24519087	69.231	4.84e-15	84.7
Bothrops_jararaca_C9B	OZ203517.1	583	77	196	272	24529016	24528786	51.948	1.37e-12	76.6
Bothrops_jararaca_C9B	OZ203517.1	583	49	26	74	24612676	24612530	63.265	3.15e-10	68.9
Bothrops_jararaca_C9B	OZ203517.1	583	39	26	64	24581537	24581421	71.795	3.42e-08	62.4
Bothrops_jararaca_C9B	OZ203517.1	583	41	355	395	24599371	24599249	68.293	5.24e-08	62.0
Bothrops_jararaca_C9B	OZ203517.1	583	45	26	70	24544294	24544160	55.556	9.73e-07	57.8
Bothrops_jararaca_C9B	OZ203517.1	583	79	277	355	25447385	25447149	31.646	2.15e-06	56.6
Bothrops_jararaca_C9B	OZ203517.1	583	79	277	355	25505108	25504872	32.911	2.36e-06	56.6
Bothrops_jararaca_C9B	OZ203517.1	583	56	528	583	25390650	25390817	42.857	2.89e-06	56.2
Bothrops_jararaca_C9B	OZ203517.1	583	69	457	525	25386757	25386960	40.580	3.93e-06	55.8
Bothrops_jararaca_C9B	OZ203519.1	583	256	266	514	126761893	126762600	24.219	2.08e-08	63.2
Bothrops_jararaca_C9B	OZ203518.1	583	82	274	355	69407333	69407578	34.146	8.23e-08	61.2
Bothrops_jararaca_C9B	OZ203518.1	583	47	537	583	69429175	69429315	51.064	4.68e-07	58.9
Bothrops_jararaca_C9B	OZ203518.1	583	78	277	354	69479681	69479448	29.487	5.25e-06	55.5
Laticauda_colubrina_C9B	OZ203517.1	583	79	276	354	24566229	24565993	92.405	1.24e-38	158
Laticauda_colubrina_C9B	OZ203517.1	583	79	276	354	24602812	24602576	89.873	1.05e-37	155
Laticauda_colubrina_C9B	OZ203517.1	583	80	453	532	24559668	24559429	86.250	1.07e-35	149
Laticauda_colubrina_C9B	OZ203517.1	583	91	277	367	24526223	24525960	72.527	3.92e-34	144
Laticauda_colubrina_C9B	OZ203517.1	583	80	452	531	24595214	24594975	82.500	8.94e-34	143
Laticauda_colubrina_C9B	OZ203517.1	583	80	453	532	24520722	24520483	76.250	1.13e-31	137
Laticauda_colubrina_C9B	OZ203517.1	583	66	398	463	24596714	24596517	78.788	1.05e-22	108
Laticauda_colubrina_C9B	OZ203517.1	583	58	400	457	24560646	24560473	89.655	2.54e-22	107
Laticauda_colubrina_C9B	OZ203517.1	583	78	199	276	24571987	24571754	67.949	1.03e-20	102
Laticauda_colubrina_C9B	OZ203517.1	583	52	532	583	24592872	24592717	86.538	4.21e-20	100
Laticauda_colubrina_C9B	OZ203517.1	583	75	199	273	24605908	24605684	65.333	1.78e-19	99.0
Laticauda_colubrina_C9B	OZ203517.1	583	50	107	156	24577013	24576864	88.000	1.26e-18	96.3
Laticauda_colubrina_C9B	OZ203517.1	583	50	107	156	24609524	24609375	86.000	2.82e-18	95.1
Laticauda_colubrina_C9B	OZ203517.1	583	50	58	107	24610785	24610636	86.000	3.89e-18	94.4
Laticauda_colubrina_C9B	OZ203517.1	583	52	532	583	24556383	24556228	80.769	3.89e-18	94.4
Laticauda_colubrina_C9B	OZ203517.1	583	46	157	202	24574429	24574292	89.130	9.27e-18	93.2
Laticauda_colubrina_C9B	OZ203517.1	583	46	157	202	24607135	24606998	89.130	9.76e-18	93.2
Laticauda_colubrina_C9B	OZ203517.1	583	50	107	156	24540144	24539995	82.000	1.73e-16	89.4
Laticauda_colubrina_C9B	OZ203517.1	583	54	54	107	24578607	24578446	74.074	2.44e-16	89.0
Laticauda_colubrina_C9B	OZ203517.1	583	54	54	107	24541743	24541582	74.074	2.76e-16	88.6
Laticauda_colubrina_C9B	OZ203517.1	583	46	157	202	24532503	24532366	78.261	3.80e-16	88.2
Laticauda_colubrina_C9B	OZ203517.1	583	54	404	457	24522016	24521855	74.074	5.14e-16	87.8
Laticauda_colubrina_C9B	OZ203517.1	583	49	26	74	24612676	24612530	71.429	1.06e-11	73.9
Laticauda_colubrina_C9B	OZ203517.1	583	52	532	583	24519242	24519087	57.692	2.34e-11	72.8
Laticauda_colubrina_C9B	OZ203517.1	583	74	198	271	24529010	24528789	51.351	5.68e-10	68.2
Laticauda_colubrina_C9B	OZ203517.1	583	69	457	525	25386757	25386960	43.478	1.77e-07	60.1
Laticauda_colubrina_C9B	OZ203517.1	583	56	529	583	25486046	25485879	50.000	6.36e-07	58.2
Laticauda_colubrina_C9B	OZ203517.1	583	79	277	355	25505108	25504872	34.177	6.98e-07	58.2
Laticauda_colubrina_C9B	OZ203517.1	583	38	26	63	24581537	24581424	68.421	1.26e-06	57.4
Laticauda_colubrina_C9B	OZ203517.1	583	42	354	395	24523451	24523326	64.286	1.37e-06	57.4
Laticauda_colubrina_C9B	OZ203517.1	583	84	274	357	25447394	25447143	30.952	1.40e-06	57.4
Laticauda_colubrina_C9B	OZ203517.1	583	38	26	63	24544294	24544187	65.789	3.70e-06	55.8
Laticauda_colubrina_C9B	OZ203519.1	583	232	289	514	126761950	126762600	24.569	5.75e-08	61.6
Laticauda_colubrina_C9B	OZ203519.1	583	189	298	486	128577493	128576978	22.751	9.52e-06	54.7
Laticauda_colubrina_C9B	OZ203518.1	583	81	274	354	69479690	69479448	32.099	2.41e-07	59.7
Laticauda_colubrina_C9B	OZ203518.1	583	81	277	357	69407342	69407584	29.630	2.62e-07	59.7
Pseudonaja_textilis_C9B	OZ203517.1	583	81	274	354	24566235	24565993	92.593	1.42e-39	160
Pseudonaja_textilis_C9B	OZ203517.1	583	81	274	354	24602818	24602576	88.889	3.97e-38	156
Pseudonaja_textilis_C9B	OZ203517.1	583	91	277	367	24526223	24525960	74.725	1.18e-35	149
Pseudonaja_textilis_C9B	OZ203517.1	583	80	453	532	24559668	24559429	85.000	1.08e-34	146
Pseudonaja_textilis_C9B	OZ203517.1	583	80	452	531	24595214	24594975	83.750	6.40e-34	143
Pseudonaja_textilis_C9B	OZ203517.1	583	80	453	532	24520722	24520483	75.000	7.95e-31	134
Pseudonaja_textilis_C9B	OZ203517.1	583	75	199	273	24605908	24605684	74.667	2.89e-24	114
Pseudonaja_textilis_C9B	OZ203517.1	583	75	199	273	24571987	24571763	72.000	1.11e-22	108
Pseudonaja_textilis_C9B	OZ203517.1	583	68	396	463	24596720	24596517	75.000	1.37e-22	108
Pseudonaja_textilis_C9B	OZ203517.1	583	50	107	156	24577013	24576864	96.000	3.81e-21	103
Pseudonaja_textilis_C9B	OZ203517.1	583	64	400	463	24560646	24560455	79.688	7.28e-21	103
Pseudonaja_textilis_C9B	OZ203517.1	583	50	107	156	24609524	24609375	94.000	8.30e-21	103
Pseudonaja_textilis_C9B	OZ203517.1	583	50	107	156	24540144	24539995	88.000	2.23e-18	95.1
Pseudonaja_textilis_C9B	OZ203517.1	583	47	157	203	24574429	24574289	85.106	1.90e-17	92.4
Pseudonaja_textilis_C9B	OZ203517.1	583	47	157	203	24607135	24606995	85.106	2.30e-17	92.0
Pseudonaja_textilis_C9B	OZ203517.1	583	54	54	107	24610797	24610636	77.778	3.61e-17	91.3
Pseudonaja_textilis_C9B	OZ203517.1	583	52	532	583	24592872	24592717	76.923	3.19e-16	88.6
Pseudonaja_textilis_C9B	OZ203517.1	583	54	404	457	24522016	24521855	74.074	3.86e-16	88.2
Pseudonaja_textilis_C9B	OZ203517.1	583	54	54	107	24541743	24541582	72.222	1.26e-15	86.7
Pseudonaja_textilis_C9B	OZ203517.1	583	54	54	107	24578607	24578446	70.370	3.55e-15	85.1
Pseudonaja_textilis_C9B	OZ203517.1	583	47	157	203	24532503	24532363	72.340	1.76e-14	82.8
Pseudonaja_textilis_C9B	OZ203517.1	583	59	525	583	24556401	24556228	66.102	2.64e-14	82.4
Pseudonaja_textilis_C9B	OZ203517.1	583	49	26	74	24612676	24612530	71.429	1.52e-11	73.2
Pseudonaja_textilis_C9B	OZ203517.1	583	52	532	583	24519242	24519087	53.846	1.35e-10	70.1
Pseudonaja_textilis_C9B	OZ203517.1	583	74	452	525	25386742	25386960	41.892	3.79e-08	62.4
Pseudonaja_textilis_C9B	OZ203517.1	583	44	355	398	24599371	24599243	65.909	1.01e-07	60.8
Pseudonaja_textilis_C9B	OZ203517.1	583	38	26	63	24581537	24581424	73.684	1.15e-07	60.8
Pseudonaja_textilis_C9B	OZ203517.1	583	75	198	272	24529010	24528786	44.000	2.62e-07	59.7
Pseudonaja_textilis_C9B	OZ203517.1	583	54	530	583	25390656	25390817	46.296	3.95e-07	58.9
Pseudonaja_textilis_C9B	OZ203517.1	583	54	531	583	25486034	25485879	51.852	4.26e-07	58.9
Pseudonaja_textilis_C9B	OZ203517.1	583	45	26	70	24544294	24544160	57.778	7.54e-07	58.2
Pseudonaja_textilis_C9B	OZ203518.1	583	78	277	354	69407342	69407575	32.051	2.62e-07	59.7
Pseudonaja_textilis_C9B	OZ203518.1	583	81	274	354	69479690	69479448	30.864	3.27e-07	59.3
Pseudonaja_textilis_C9B	OZ203518.1	583	47	537	583	69429175	69429315	44.681	2.36e-06	56.6
Pseudonaja_textilis_C9B	OZ203519.1	583	232	289	514	126761950	126762600	25.431	3.95e-07	58.9
Notechis_scutatus_C9B	OZ203517.1	583	79	276	354	24566229	24565993	91.139	1.27e-37	155
Notechis_scutatus_C9B	OZ203517.1	583	79	276	354	24602812	24602576	89.873	1.64e-37	154
Notechis_scutatus_C9B	OZ203517.1	583	80	453	532	24559668	24559429	86.250	1.26e-35	149
Notechis_scutatus_C9B	OZ203517.1	583	81	451	531	24595217	24594975	85.185	1.48e-35	148
Notechis_scutatus_C9B	OZ203517.1	583	91	277	367	24526223	24525960	72.527	2.02e-34	145
Notechis_scutatus_C9B	OZ203517.1	583	82	451	532	24520728	24520483	75.610	8.00e-32	137
Notechis_scutatus_C9B	OZ203517.1	583	75	199	273	24571987	24571763	77.333	3.81e-25	116
Notechis_scutatus_C9B	OZ203517.1	583	75	199	273	24605908	24605684	70.667	2.99e-23	110
Notechis_scutatus_C9B	OZ203517.1	583	60	398	457	24596714	24596535	80.000	7.21e-22	106
Notechis_scutatus_C9B	OZ203517.1	583	50	107	156	24577013	24576864	98.000	1.19e-21	105
Notechis_scutatus_C9B	OZ203517.1	583	50	107	156	24609524	24609375	96.000	2.57e-21	104
Notechis_scutatus_C9B	OZ203517.1	583	64	400	463	24560646	24560455	76.562	2.68e-20	101
Notechis_scutatus_C9B	OZ203517.1	583	50	107	156	24540144	24539995	90.000	6.50e-19	97.1
Notechis_scutatus_C9B	OZ203517.1	583	52	532	583	24592872	24592717	82.692	8.66e-19	96.7
Notechis_scutatus_C9B	OZ203517.1	583	47	157	203	24574429	24574289	87.234	8.35e-18	93.6
Notechis_scutatus_C9B	OZ203517.1	583	47	157	203	24607135	24606995	87.234	1.00e-17	93.2
Notechis_scutatus_C9B	OZ203517.1	583	52	532	583	24556383	24556228	78.846	1.63e-17	92.4
Notechis_scutatus_C9B	OZ203517.1	583	50	58	107	24610785	24610636	82.000	6.13e-17	90.9
Notechis_scutatus_C9B	OZ203517.1	583	54	404	457	24522016	24521855	70.370	5.01e-16	87.8
Notechis_scutatus_C9B	OZ203517.1	583	54	54	107	24541743	24541582	72.222	2.11e-15	85.9
Notechis_scutatus_C9B	OZ203517.1	583	54	54	107	24578607	24578446	70.370	5.60e-15	84.3
Notechis_scutatus_C9B	OZ203517.1	583	47	157	203	24532503	24532363	72.340	1.01e-14	83.6
Notechis_scutatus_C9B	OZ203517.1	583	49	26	74	24612676	24612530	71.429	1.94e-11	73.2
Notechis_scutatus_C9B	OZ203517.1	583	52	532	583	24519242	24519087	55.769	2.17e-11	72.8
Notechis_scutatus_C9B	OZ203517.1	583	75	198	272	24529010	24528786	48.000	1.63e-09	66.6
Notechis_scutatus_C9B	OZ203517.1	583	69	457	525	25386757	25386960	43.478	5.56e-08	61.6
Notechis_scutatus_C9B	OZ203517.1	583	44	355	398	24599371	24599243	65.909	2.07e-07	60.1
Notechis_scutatus_C9B	OZ203517.1	583	38	26	63	24581537	24581424	68.421	1.31e-06	57.4
Notechis_scutatus_C9B	OZ203517.1	583	55	530	583	25486043	25485879	47.273	1.48e-06	57.0
Notechis_scutatus_C9B	OZ203517.1	583	54	530	583	25390656	25390817	46.296	1.77e-06	57.0
Notechis_scutatus_C9B	OZ203517.1	583	39	26	64	24544294	24544184	64.103	3.80e-06	55.8
Notechis_scutatus_C9B	OZ203517.1	583	82	274	355	25447394	25447149	29.268	4.21e-06	55.8
Notechis_scutatus_C9B	OZ203519.1	583	232	289	514	126761950	126762600	26.293	4.77e-08	62.0
Notechis_scutatus_C9B	OZ203518.1	583	85	274	358	69479690	69479436	29.412	9.25e-07	57.8
Notechis_scutatus_C9B	OZ203518.1	583	79	277	355	69407342	69407578	30.380	1.18e-06	57.4
Pituophis_catenifer_C9B	OZ203517.1	583	94	274	367	24526232	24525960	86.170	1.05e-42	170
Pituophis_catenifer_C9B	OZ203517.1	583	77	456	532	24559659	24559429	97.403	1.57e-39	160
Pituophis_catenifer_C9B	OZ203517.1	583	80	452	531	24595214	24594975	93.750	1.48e-38	157
Pituophis_catenifer_C9B	OZ203517.1	583	77	277	353	24566226	24565996	85.714	5.10e-34	144
Pituophis_catenifer_C9B	OZ203517.1	583	77	277	353	24602809	24602579	81.818	1.59e-32	139
Pituophis_catenifer_C9B	OZ203517.1	583	80	453	532	24520722	24520483	75.000	3.01e-31	135
Pituophis_catenifer_C9B	OZ203517.1	583	76	198	273	24529010	24528783	85.526	6.58e-29	128
Pituophis_catenifer_C9B	OZ203517.1	583	61	397	457	24522037	24521855	93.443	1.08e-24	115
Pituophis_catenifer_C9B	OZ203517.1	583	52	532	583	24519242	24519087	96.154	2.47e-24	114
Pituophis_catenifer_C9B	OZ203517.1	583	50	107	156	24540144	24539995	96.000	4.50e-21	103
Pituophis_catenifer_C9B	OZ203517.1	583	69	107	173	24609524	24609318	68.116	2.63e-20	101
Pituophis_catenifer_C9B	OZ203517.1	583	54	54	107	24541743	24541582	85.185	4.36e-20	100
Pituophis_catenifer_C9B	OZ203517.1	583	47	157	203	24532503	24532363	89.362	2.06e-19	98.6
Pituophis_catenifer_C9B	OZ203517.1	583	50	107	156	24577013	24576864	92.000	2.27e-19	98.6
Pituophis_catenifer_C9B	OZ203517.1	583	54	54	107	24578607	24578446	81.481	2.61e-18	95.1
Pituophis_catenifer_C9B	OZ203517.1	583	70	390	457	24596744	24596535	67.143	7.66e-18	93.6
Pituophis_catenifer_C9B	OZ203517.1	583	47	157	203	24607135	24606995	85.106	8.22e-17	90.1
Pituophis_catenifer_C9B	OZ203517.1	583	54	404	457	24560634	24560473	75.926	1.95e-16	89.0
Pituophis_catenifer_C9B	OZ203517.1	583	47	157	203	24574429	24574289	80.851	1.19e-15	86.7
Pituophis_catenifer_C9B	OZ203517.1	583	51	57	107	24610788	24610636	74.510	3.49e-15	85.1
Pituophis_catenifer_C9B	OZ203517.1	583	75	198	272	24605911	24605687	56.000	4.71e-15	84.7
Pituophis_catenifer_C9B	OZ203517.1	583	58	531	583	24556401	24556228	65.517	5.51e-15	84.3
Pituophis_catenifer_C9B	OZ203517.1	583	52	532	583	24592872	24592717	65.385	1.89e-13	79.3
Pituophis_catenifer_C9B	OZ203517.1	583	79	198	272	24571990	24571766	50.633	4.96e-12	75.1
Pituophis_catenifer_C9B	OZ203517.1	583	41	355	395	24599371	24599249	82.927	2.11e-11	72.8
Pituophis_catenifer_C9B	OZ203517.1	583	45	26	70	24544294	24544160	71.111	2.73e-11	72.4
Pituophis_catenifer_C9B	OZ203517.1	583	49	26	74	24612676	24612530	63.265	1.11e-10	70.5
Pituophis_catenifer_C9B	OZ203517.1	583	39	26	64	24581537	24581421	66.667	2.43e-07	59.7
Pituophis_catenifer_C9B	OZ203517.1	583	69	457	525	25386757	25386960	42.029	1.66e-06	57.0
Pituophis_catenifer_C9B	OZ203517.1	583	69	457	525	25492266	25492063	42.029	8.82e-06	54.7
Pituophis_catenifer_C9B	OZ203519.1	583	231	289	514	126761950	126762600	25.108	1.54e-09	67.0
Pituophis_catenifer_C9B	OZ203519.1	583	230	295	516	128577502	128576888	25.217	3.60e-08	62.4
Pituophis_catenifer_C9B	OZ203518.1	583	76	277	352	69407342	69407569	38.158	1.04e-07	60.8
Pituophis_catenifer_C9B	OZ203518.1	583	47	537	583	69429175	69429315	53.191	1.09e-07	60.8
Pituophis_catenifer_C9B	OZ203518.1	583	81	450	529	69426155	69426397	35.802	7.76e-06	54.7
Pantherophis_obsoletus_C9B	OZ203517.1	583	81	453	533	24520722	24520480	92.593	2.01e-39	160
Pantherophis_obsoletus_C9B	OZ203517.1	583	81	274	354	24566235	24565993	91.358	2.21e-38	157
Pantherophis_obsoletus_C9B	OZ203517.1	583	81	274	354	24602818	24602576	87.654	5.03e-37	153
Pantherophis_obsoletus_C9B	OZ203517.1	583	94	274	367	24526232	24525960	72.340	1.73e-34	145
Pantherophis_obsoletus_C9B	OZ203517.1	583	77	456	532	24559659	24559429	80.519	6.04e-33	140
Pantherophis_obsoletus_C9B	OZ203517.1	583	80	452	531	24595214	24594975	75.000	5.07e-31	134
Pantherophis_obsoletus_C9B	OZ203517.1	583	75	198	272	24529010	24528786	85.333	2.14e-28	126
Pantherophis_obsoletus_C9B	OZ203517.1	583	56	528	583	24519254	24519087	92.857	9.16e-25	115
Pantherophis_obsoletus_C9B	OZ203517.1	583	62	396	457	24522040	24521855	91.935	1.14e-24	115
Pantherophis_obsoletus_C9B	OZ203517.1	583	54	54	107	24541743	24541582	88.889	1.31e-21	105
Pantherophis_obsoletus_C9B	OZ203517.1	583	54	54	107	24578607	24578446	88.889	1.69e-21	105
Pantherophis_obsoletus_C9B	OZ203517.1	583	50	107	156	24540144	24539995	96.000	4.78e-21	103
Pantherophis_obsoletus_C9B	OZ203517.1	583	69	107	173	24609524	24609318	68.116	2.75e-20	101
Pantherophis_obsoletus_C9B	OZ203517.1	583	50	107	156	24577013	24576864	92.000	2.25e-19	98.6
Pantherophis_obsoletus_C9B	OZ203517.1	583	47	157	203	24532503	24532363	89.362	2.35e-19	98.6
Pantherophis_obsoletus_C9B	OZ203517.1	583	70	390	457	24596744	24596535	67.143	5.41e-18	94.0
Pantherophis_obsoletus_C9B	OZ203517.1	583	51	57	107	24610788	24610636	80.392	5.70e-18	94.0
Pantherophis_obsoletus_C9B	OZ203517.1	583	47	157	203	24607135	24606995	85.106	9.69e-17	90.1
Pantherophis_obsoletus_C9B	OZ203517.1	583	56	402	457	24560640	24560473	75.000	1.95e-16	89.0
Pantherophis_obsoletus_C9B	OZ203517.1	583	76	198	273	24605911	24605684	56.579	1.30e-15	86.3
Pantherophis_obsoletus_C9B	OZ203517.1	583	47	157	203	24574429	24574289	80.851	1.56e-15	86.3
Pantherophis_obsoletus_C9B	OZ203517.1	583	55	529	583	24556392	24556228	67.273	1.69e-15	86.3
Pantherophis_obsoletus_C9B	OZ203517.1	583	56	528	583	24592884	24592717	66.071	1.01e-14	83.6
Pantherophis_obsoletus_C9B	OZ203517.1	583	82	198	275	24571990	24571757	51.220	1.26e-12	77.0
Pantherophis_obsoletus_C9B	OZ203517.1	583	49	26	74	24612676	24612530	71.429	3.62e-12	75.5
Pantherophis_obsoletus_C9B	OZ203517.1	583	41	355	395	24599371	24599249	80.488	3.12e-10	68.9
Pantherophis_obsoletus_C9B	OZ203517.1	583	39	26	64	24581537	24581421	74.359	1.79e-08	63.5
Pantherophis_obsoletus_C9B	OZ203517.1	583	45	26	70	24544294	24544160	60.000	4.16e-08	62.0
Pantherophis_obsoletus_C9B	OZ203517.1	583	69	457	525	25386757	25386960	40.580	2.10e-07	60.1
Pantherophis_obsoletus_C9B	OZ203517.1	583	101	255	355	25447409	25447149	30.693	4.17e-06	55.8
Pantherophis_obsoletus_C9B	OZ203517.1	583	81	275	355	25505114	25504872	33.333	5.25e-06	55.5
Pantherophis_obsoletus_C9B	OZ203519.1	583	232	289	514	126761950	126762600	25.862	2.60e-09	66.2
Pantherophis_obsoletus_C9B	OZ203519.1	583	194	298	486	128577493	128576978	26.804	2.19e-08	63.2
Pantherophis_obsoletus_C9B	OZ203518.1	583	82	274	355	69407333	69407578	35.366	2.45e-08	62.8
Pantherophis_obsoletus_C9B	OZ203518.1	583	47	537	583	69429175	69429315	55.319	7.43e-08	61.2
Pantherophis_obsoletus_C9B	OZ203518.1	583	85	274	358	69479690	69479436	29.412	1.18e-06	57.4
Crotalus_tigris_C9B	OZ203517.1	583	94	274	367	24526232	24525960	76.596	1.06e-36	152
Crotalus_tigris_C9B	OZ203517.1	583	80	453	532	24559668	24559429	82.500	6.32e-35	146
Crotalus_tigris_C9B	OZ203517.1	583	80	452	531	24595214	24594975	81.250	5.34e-34	144
Crotalus_tigris_C9B	OZ203517.1	583	78	276	353	24566229	24565996	80.769	5.52e-33	140
Crotalus_tigris_C9B	OZ203517.1	583	78	276	353	24602812	24602579	79.487	6.79e-33	140
Crotalus_tigris_C9B	OZ203517.1	583	80	453	532	24520722	24520483	76.250	5.68e-32	137
Crotalus_tigris_C9B	OZ203517.1	583	52	532	583	24519242	24519087	92.308	1.83e-23	111
Crotalus_tigris_C9B	OZ203517.1	583	54	54	107	24578607	24578446	81.481	5.72e-20	100
Crotalus_tigris_C9B	OZ203517.1	583	63	401	463	24596705	24596517	74.603	1.08e-19	99.4
Crotalus_tigris_C9B	OZ203517.1	583	61	397	457	24522037	24521855	78.689	1.47e-19	99.0
Crotalus_tigris_C9B	OZ203517.1	583	78	195	272	24529019	24528786	64.103	1.56e-19	99.0
Crotalus_tigris_C9B	OZ203517.1	583	54	54	107	24541743	24541582	79.630	1.81e-19	99.0
Crotalus_tigris_C9B	OZ203517.1	583	50	107	156	24577013	24576864	92.000	2.87e-19	98.2
Crotalus_tigris_C9B	OZ203517.1	583	50	107	156	24609524	24609375	90.000	6.39e-19	97.1
Crotalus_tigris_C9B	OZ203517.1	583	71	393	463	24560664	24560455	69.014	8.73e-19	96.7
Crotalus_tigris_C9B	OZ203517.1	583	50	107	156	24540144	24539995	90.000	2.95e-18	94.7
Crotalus_tigris_C9B	OZ203517.1	583	54	54	107	24610797	24610636	74.074	2.49e-17	92.0
Crotalus_tigris_C9B	OZ203517.1	583	47	157	203	24532503	24532363	76.596	7.13e-16	87.4
Crotalus_tigris_C9B	OZ203517.1	583	52	532	583	24556383	24556228	67.308	1.34e-15	86.3
Crotalus_tigris_C9B	OZ203517.1	583	47	157	203	24574429	24574289	78.723	3.61e-15	85.1
Crotalus_tigris_C9B	OZ203517.1	583	47	157	203	24607135	24606995	78.723	4.76e-15	84.7
Crotalus_tigris_C9B	OZ203517.1	583	52	532	583	24592872	24592717	65.385	2.15e-14	82.4
Crotalus_tigris_C9B	OZ203517.1	583	77	196	272	24605917	24605687	51.948	5.53e-14	81.3
Crotalus_tigris_C9B	OZ203517.1	583	93	188	278	24572023	24571745	41.935	4.40e-10	68.6
Crotalus_tigris_C9B	OZ203517.1	583	49	26	74	24612676	24612530	63.265	6.30e-10	68.2
Crotalus_tigris_C9B	OZ203517.1	583	45	26	70	24544294	24544160	64.444	1.29e-08	63.9
Crotalus_tigris_C9B	OZ203517.1	583	39	26	64	24581537	24581421	69.231	4.48e-07	58.9
Crotalus_tigris_C9B	OZ203517.1	583	75	451	525	25386739	25386960	38.667	6.25e-07	58.5
Crotalus_tigris_C9B	OZ203517.1	583	52	528	579	25390650	25390805	44.231	9.13e-06	54.7
Crotalus_tigris_C9B	OZ203519.1	583	231	289	514	126761950	126762600	25.974	2.17e-09	66.2
Crotalus_tigris_C9B	OZ203518.1	583	47	537	583	69429175	69429315	53.191	1.63e-07	60.1
Crotalus_tigris_C9B	OZ203518.1	583	75	277	351	69407342	69407566	37.333	4.41e-07	58.9
Ptyas_mucosa_C9B	OZ203517.1	583	94	274	367	24526232	24525960	87.234	2.13e-43	172
Ptyas_mucosa_C9B	OZ203517.1	583	81	453	533	24520722	24520480	91.358	2.88e-38	157
Ptyas_mucosa_C9B	OZ203517.1	583	84	277	360	24566226	24565975	80.952	3.12e-34	144
Ptyas_mucosa_C9B	OZ203517.1	583	84	277	360	24602809	24602558	77.381	1.12e-32	140
Ptyas_mucosa_C9B	OZ203517.1	583	77	456	532	24559659	24559429	79.221	6.86e-32	137
Ptyas_mucosa_C9B	OZ203517.1	583	80	452	531	24595214	24594975	73.750	6.75e-30	131
Ptyas_mucosa_C9B	OZ203517.1	583	76	198	273	24529010	24528783	81.579	1.38e-26	121
Ptyas_mucosa_C9B	OZ203517.1	583	56	528	583	24519254	24519087	89.286	1.30e-24	115
Ptyas_mucosa_C9B	OZ203517.1	583	62	396	457	24522040	24521855	85.484	8.37e-22	106
Ptyas_mucosa_C9B	OZ203517.1	583	51	57	107	24610788	24610636	90.196	5.70e-21	103
Ptyas_mucosa_C9B	OZ203517.1	583	50	107	156	24540144	24539995	94.000	2.35e-20	101
Ptyas_mucosa_C9B	OZ203517.1	583	47	157	203	24532503	24532363	91.489	3.80e-20	100
Ptyas_mucosa_C9B	OZ203517.1	583	69	107	173	24609524	24609318	66.667	1.52e-19	99.0
Ptyas_mucosa_C9B	OZ203517.1	583	50	107	156	24577013	24576864	90.000	1.43e-18	95.9
Ptyas_mucosa_C9B	OZ203517.1	583	54	54	107	24541743	24541582	75.926	2.08e-17	92.0
Ptyas_mucosa_C9B	OZ203517.1	583	57	401	457	24596705	24596535	73.684	9.12e-17	90.1
Ptyas_mucosa_C9B	OZ203517.1	583	55	529	583	24556392	24556228	67.273	2.85e-16	88.6
Ptyas_mucosa_C9B	OZ203517.1	583	47	157	203	24607135	24606995	82.979	3.22e-16	88.6
Ptyas_mucosa_C9B	OZ203517.1	583	54	54	107	24578607	24578446	74.074	3.34e-16	88.2
Ptyas_mucosa_C9B	OZ203517.1	583	56	402	457	24560640	24560473	73.214	9.32e-16	87.0
Ptyas_mucosa_C9B	OZ203517.1	583	77	196	272	24605917	24605687	55.844	1.35e-15	86.3
Ptyas_mucosa_C9B	OZ203517.1	583	56	528	583	24592884	24592717	66.071	3.61e-15	85.1
Ptyas_mucosa_C9B	OZ203517.1	583	47	157	203	24574429	24574289	78.723	5.51e-15	84.3
Ptyas_mucosa_C9B	OZ203517.1	583	79	198	272	24571990	24571766	53.165	2.42e-12	75.9
Ptyas_mucosa_C9B	OZ203517.1	583	46	27	70	24544297	24544160	63.043	2.03e-07	60.1
Ptyas_mucosa_C9B	OZ203517.1	583	45	30	74	24612664	24612530	57.778	3.06e-07	59.3
Ptyas_mucosa_C9B	OZ203517.1	583	39	355	393	24523448	24523332	74.359	4.05e-07	58.9
Ptyas_mucosa_C9B	OZ203517.1	583	69	457	525	25386757	25386960	39.130	2.66e-06	56.2
Ptyas_mucosa_C9B	OZ203517.1	583	44	536	579	25390674	25390805	52.273	8.53e-06	54.7
Ptyas_mucosa_C9B	OZ203517.1	583	54	32	71	24581519	24581358	48.148	8.60e-06	54.7
Ptyas_mucosa_C9B	OZ203519.1	583	232	289	514	126761950	126762600	25.431	1.56e-08	63.5
Ptyas_mucosa_C9B	OZ203519.1	583	193	295	486	128577502	128576978	24.870	2.16e-07	59.7
Ptyas_mucosa_C9B	OZ203518.1	583	47	537	583	69429175	69429315	53.191	7.30e-08	61.2
Ptyas_mucosa_C9B	OZ203518.1	583	76	277	352	69407342	69407569	38.158	1.21e-07	60.8
