Hemorrhois_hippocrepis_C9A	OZ203517.1	584	80	274	353	24602818	24602579	100.000	1.33e-42	170
Hemorrhois_hippocrepis_C9A	OZ203517.1	584	80	274	353	24566235	24565996	96.250	8.36e-41	164
Hemorrhois_hippocrepis_C9A	OZ203517.1	584	81	452	532	24595214	24594972	95.062	3.08e-40	162
Hemorrhois_hippocrepis_C9A	OZ203517.1	584	79	453	531	24559668	24559432	93.671	5.86e-38	155
Hemorrhois_hippocrepis_C9A	OZ203517.1	584	76	198	273	24605911	24605684	96.053	1.50e-35	148
Hemorrhois_hippocrepis_C9A	OZ203517.1	584	94	274	367	24526232	24525960	70.213	7.54e-33	140
Hemorrhois_hippocrepis_C9A	OZ203517.1	584	79	453	531	24520722	24520486	73.418	1.09e-29	130
Hemorrhois_hippocrepis_C9A	OZ203517.1	584	68	396	463	24596720	24596517	91.176	6.33e-28	125
Hemorrhois_hippocrepis_C9A	OZ203517.1	584	76	198	273	24571990	24571763	78.947	6.48e-27	122
Hemorrhois_hippocrepis_C9A	OZ203517.1	584	55	102	156	24577028	24576864	92.727	3.97e-24	113
Hemorrhois_hippocrepis_C9A	OZ203517.1	584	55	102	156	24609539	24609375	94.545	4.26e-24	113
Hemorrhois_hippocrepis_C9A	OZ203517.1	584	52	533	584	24592869	24592714	100.000	1.14e-23	112
Hemorrhois_hippocrepis_C9A	OZ203517.1	584	51	57	107	24610788	24610636	98.039	2.22e-23	111
Hemorrhois_hippocrepis_C9A	OZ203517.1	584	64	400	463	24560646	24560455	84.375	1.37e-22	108
Hemorrhois_hippocrepis_C9A	OZ203517.1	584	47	157	203	24607135	24606995	97.872	8.81e-21	102
Hemorrhois_hippocrepis_C9A	OZ203517.1	584	52	533	584	24556380	24556225	88.462	1.44e-20	102
Hemorrhois_hippocrepis_C9A	OZ203517.1	584	47	157	203	24574429	24574289	93.617	2.20e-19	98.6
Hemorrhois_hippocrepis_C9A	OZ203517.1	584	55	102	156	24540159	24539995	83.636	1.89e-18	95.5
Hemorrhois_hippocrepis_C9A	OZ203517.1	584	54	404	457	24522016	24521855	75.926	1.31e-16	89.7
Hemorrhois_hippocrepis_C9A	OZ203517.1	584	54	54	107	24541743	24541582	72.222	6.30e-16	87.4
Hemorrhois_hippocrepis_C9A	OZ203517.1	584	54	54	107	24578607	24578446	72.222	6.75e-16	87.4
Hemorrhois_hippocrepis_C9A	OZ203517.1	584	42	354	395	24599374	24599249	100.000	1.74e-15	85.9
Hemorrhois_hippocrepis_C9A	OZ203517.1	584	47	157	203	24532503	24532363	76.596	1.93e-15	85.9
Hemorrhois_hippocrepis_C9A	OZ203517.1	584	49	26	74	24612676	24612530	77.551	3.84e-14	81.6
Hemorrhois_hippocrepis_C9A	OZ203517.1	584	75	198	272	24529010	24528786	54.667	2.23e-13	79.3
Hemorrhois_hippocrepis_C9A	OZ203517.1	584	52	533	584	24519239	24519084	65.385	3.80e-13	78.6
Hemorrhois_hippocrepis_C9A	OZ203517.1	584	73	26	84	24581537	24581319	47.945	5.80e-10	68.2
Hemorrhois_hippocrepis_C9A	OZ203517.1	584	45	26	70	24544294	24544160	60.000	3.31e-08	62.4
Hemorrhois_hippocrepis_C9A	OZ203517.1	584	80	457	536	25386757	25386987	41.250	5.29e-07	58.5
Hemorrhois_hippocrepis_C9A	OZ203517.1	584	106	266	366	25447412	25447101	32.075	1.03e-06	57.8
Hemorrhois_hippocrepis_C9A	OZ203519.1	584	231	289	514	126761950	126762600	24.242	8.11e-08	61.2
Hemorrhois_hippocrepis_C9A	OZ203519.1	584	227	298	516	128577493	128576888	25.110	4.94e-07	58.5
Hemorrhois_hippocrepis_C9A	OZ203518.1	584	84	274	357	69407333	69407584	33.333	6.01e-07	58.5
Hemorrhois_hippocrepis_C9A	OZ203518.1	584	41	539	579	69429181	69429303	53.659	2.45e-06	56.6
Hemorrhois_hippocrepis_C9B	OZ203517.1	583	81	274	354	24566235	24565993	100.000	6.37e-43	171
Hemorrhois_hippocrepis_C9B	OZ203517.1	583	81	274	354	24602818	24602576	96.296	1.62e-41	166
Hemorrhois_hippocrepis_C9B	OZ203517.1	583	81	452	532	24559668	24559426	96.296	1.01e-40	164
Hemorrhois_hippocrepis_C9B	OZ203517.1	583	82	451	532	24595214	24594969	91.463	1.69e-38	157
Hemorrhois_hippocrepis_C9B	OZ203517.1	583	75	199	273	24571987	24571763	96.000	2.22e-35	148
Hemorrhois_hippocrepis_C9B	OZ203517.1	583	94	274	367	24526232	24525960	74.468	2.53e-35	148
Hemorrhois_hippocrepis_C9B	OZ203517.1	583	81	452	532	24520722	24520480	76.543	2.14e-32	139
Hemorrhois_hippocrepis_C9B	OZ203517.1	583	70	393	462	24560664	24560455	87.143	4.18e-27	122
Hemorrhois_hippocrepis_C9B	OZ203517.1	583	75	199	273	24605908	24605684	78.667	3.57e-26	119
Hemorrhois_hippocrepis_C9B	OZ203517.1	583	53	531	583	24556383	24556225	100.000	6.66e-25	115
Hemorrhois_hippocrepis_C9B	OZ203517.1	583	64	399	462	24596708	24596517	84.375	1.55e-23	111
Hemorrhois_hippocrepis_C9B	OZ203517.1	583	54	54	107	24578607	24578446	94.444	1.67e-23	111
Hemorrhois_hippocrepis_C9B	OZ203517.1	583	50	107	156	24577013	24576864	100.000	1.98e-22	108
Hemorrhois_hippocrepis_C9B	OZ203517.1	583	50	107	156	24609524	24609375	98.000	4.41e-22	107
Hemorrhois_hippocrepis_C9B	OZ203517.1	583	53	531	583	24592872	24592714	88.679	2.85e-21	104
Hemorrhois_hippocrepis_C9B	OZ203517.1	583	54	54	107	24541743	24541582	87.037	3.01e-21	104
Hemorrhois_hippocrepis_C9B	OZ203517.1	583	47	157	203	24574429	24574289	97.872	9.97e-21	102
Hemorrhois_hippocrepis_C9B	OZ203517.1	583	47	157	203	24607135	24606995	93.617	1.86e-19	98.6
Hemorrhois_hippocrepis_C9B	OZ203517.1	583	50	107	156	24540144	24539995	88.000	2.85e-18	95.1
Hemorrhois_hippocrepis_C9B	OZ203517.1	583	54	403	456	24522016	24521855	74.074	6.32e-16	87.4
Hemorrhois_hippocrepis_C9B	OZ203517.1	583	51	57	107	24610788	24610636	74.510	6.49e-16	87.4
Hemorrhois_hippocrepis_C9B	OZ203517.1	583	53	531	583	24519242	24519084	69.811	2.33e-15	85.5
Hemorrhois_hippocrepis_C9B	OZ203517.1	583	47	157	203	24532503	24532363	72.340	3.42e-14	82.0
Hemorrhois_hippocrepis_C9B	OZ203517.1	583	39	26	64	24581537	24581421	87.179	3.84e-12	75.1
Hemorrhois_hippocrepis_C9B	OZ203517.1	583	64	26	89	24612676	24612494	56.250	3.53e-11	72.0
Hemorrhois_hippocrepis_C9B	OZ203517.1	583	55	342	396	24565594	24565433	85.455	3.49e-10	68.9
Hemorrhois_hippocrepis_C9B	OZ203517.1	583	43	355	397	24599371	24599243	69.767	7.95e-09	64.7
Hemorrhois_hippocrepis_C9B	OZ203517.1	583	79	198	272	24529010	24528786	45.570	8.66e-09	64.3
Hemorrhois_hippocrepis_C9B	OZ203517.1	583	45	26	70	24544294	24544160	57.778	6.09e-07	58.5
Hemorrhois_hippocrepis_C9B	OZ203517.1	583	79	277	355	25505108	25504872	35.443	7.10e-07	58.2
Hemorrhois_hippocrepis_C9B	OZ203517.1	583	69	456	524	25386757	25386960	42.029	2.68e-06	56.2
Hemorrhois_hippocrepis_C9B	OZ203517.1	583	50	534	582	25440595	25440446	54.000	6.95e-06	55.1
Hemorrhois_hippocrepis_C9B	OZ203517.1	583	90	266	355	25447412	25447149	32.222	7.70e-06	54.7
Hemorrhois_hippocrepis_C9B	OZ203519.1	583	239	289	513	126761950	126762600	25.523	1.03e-09	67.4
Hemorrhois_hippocrepis_C9B	OZ203519.1	583	221	298	515	128577493	128576888	25.339	7.18e-08	61.2
Hemorrhois_hippocrepis_C9B	OZ203518.1	583	79	277	355	69407342	69407578	35.443	1.93e-08	63.2
Hemorrhois_hippocrepis_C9B	OZ203518.1	583	78	277	354	69479681	69479448	30.769	1.15e-06	57.4
Hemorrhois_hippocrepis_C9B	OZ203518.1	583	41	538	578	69429181	69429303	56.098	2.32e-06	56.6
Hemorrhois_hippocrepis_C9C	OZ203517.1	584	94	274	367	24526232	24525960	89.362	1.53e-44	176
Hemorrhois_hippocrepis_C9C	OZ203517.1	584	81	453	533	24520722	24520480	96.296	7.22e-41	164
Hemorrhois_hippocrepis_C9C	OZ203517.1	584	76	198	273	24529010	24528783	96.053	4.59e-34	144
Hemorrhois_hippocrepis_C9C	OZ203517.1	584	77	277	353	24566226	24565996	85.714	5.98e-34	144
Hemorrhois_hippocrepis_C9C	OZ203517.1	584	77	277	353	24602809	24602579	81.818	2.25e-32	139
Hemorrhois_hippocrepis_C9C	OZ203517.1	584	77	456	532	24559659	24559429	79.221	5.16e-32	137
Hemorrhois_hippocrepis_C9C	OZ203517.1	584	80	452	531	24595214	24594975	73.750	4.60e-30	132
Hemorrhois_hippocrepis_C9C	OZ203517.1	584	61	397	457	24522037	24521855	98.361	1.22e-26	121
Hemorrhois_hippocrepis_C9C	OZ203517.1	584	57	528	584	24519254	24519084	96.491	2.74e-26	120
Hemorrhois_hippocrepis_C9C	OZ203517.1	584	54	54	107	24541743	24541582	94.444	6.86e-24	112
Hemorrhois_hippocrepis_C9C	OZ203517.1	584	50	107	156	24540144	24539995	100.000	3.51e-22	107
Hemorrhois_hippocrepis_C9C	OZ203517.1	584	54	54	107	24578607	24578446	87.037	4.01e-21	103
Hemorrhois_hippocrepis_C9C	OZ203517.1	584	47	157	203	24532503	24532363	97.872	7.93e-21	103
Hemorrhois_hippocrepis_C9C	OZ203517.1	584	69	107	173	24609524	24609318	66.667	1.46e-19	99.0
Hemorrhois_hippocrepis_C9C	OZ203517.1	584	50	107	156	24577013	24576864	88.000	1.81e-18	95.5
Hemorrhois_hippocrepis_C9C	OZ203517.1	584	54	404	457	24596696	24596535	75.926	1.57e-16	89.4
Hemorrhois_hippocrepis_C9C	OZ203517.1	584	56	529	584	24556392	24556225	67.857	4.82e-16	87.8
Hemorrhois_hippocrepis_C9C	OZ203517.1	584	51	57	107	24610788	24610636	74.510	9.69e-16	87.0
Hemorrhois_hippocrepis_C9C	OZ203517.1	584	54	404	457	24560634	24560473	74.074	1.87e-15	85.9
Hemorrhois_hippocrepis_C9C	OZ203517.1	584	47	157	203	24607135	24606995	76.596	3.24e-15	85.1
Hemorrhois_hippocrepis_C9C	OZ203517.1	584	57	528	584	24592884	24592714	64.912	5.58e-15	84.3
Hemorrhois_hippocrepis_C9C	OZ203517.1	584	43	355	397	24523448	24523320	95.349	7.04e-15	84.0
Hemorrhois_hippocrepis_C9C	OZ203517.1	584	47	157	203	24574429	24574289	72.340	4.56e-14	81.6
Hemorrhois_hippocrepis_C9C	OZ203517.1	584	77	196	272	24605917	24605687	53.247	2.20e-13	79.3
Hemorrhois_hippocrepis_C9C	OZ203517.1	584	45	26	70	24544294	24544160	77.778	5.41e-13	78.2
Hemorrhois_hippocrepis_C9C	OZ203517.1	584	49	26	74	24612676	24612530	61.224	2.02e-09	66.6
Hemorrhois_hippocrepis_C9C	OZ203517.1	584	79	198	272	24571990	24571766	46.835	2.89e-09	65.9
Hemorrhois_hippocrepis_C9C	OZ203517.1	584	69	457	525	25386757	25386960	40.580	3.12e-07	59.3
Hemorrhois_hippocrepis_C9C	OZ203517.1	584	39	26	64	24581537	24581421	64.103	4.33e-06	55.5
Hemorrhois_hippocrepis_C9C	OZ203519.1	584	232	289	514	126761950	126762600	24.569	3.02e-08	62.8
Hemorrhois_hippocrepis_C9C	OZ203518.1	584	80	273	352	69407330	69407569	37.500	4.78e-08	62.0
Hemorrhois_hippocrepis_C9C	OZ203518.1	584	48	537	584	69429175	69429318	56.250	7.77e-08	61.2
