# Furcifer_pardalis DAB2/FYB1 anchors on CP126896.1:90323512-94351386 (sstart/send relative to region; add 90323511)
Anolis_carolinensis_DAB2	1977867	1978493	318
Anolis_carolinensis_DAB2	1982543	1983070	243
Anolis_carolinensis_DAB2	1971471	1971614	101
Anolis_carolinensis_DAB2	1967379	1967519	99.4
Anolis_carolinensis_DAB2	1969076	1969177	72.4
Anolis_carolinensis_DAB2	1980928	1981086	65.9
Anolis_carolinensis_DAB2	1973867	1973947	53.9
Anolis_carolinensis_FYB1	2056926	2058047	368
Anolis_carolinensis_FYB1	2072902	2073051	90.9
Anolis_carolinensis_FYB1	2090943	2091107	89.0
Anolis_carolinensis_FYB1	2075629	2075769	83.6
Anolis_carolinensis_FYB1	2082203	2082352	47.0
Thamnophis_elegans_DAB2	1977867	1978493	295
Thamnophis_elegans_DAB2	1982543	1983070	191
Thamnophis_elegans_DAB2	1971471	1971614	99.8
Thamnophis_elegans_DAB2	1967379	1967519	95.9
Thamnophis_elegans_DAB2	1969076	1969177	70.5
Thamnophis_elegans_DAB2	1980928	1981086	63.2
Thamnophis_elegans_DAB2	1973867	1973947	51.2
Thamnophis_elegans_FYB1	2056926	2058038	238
Thamnophis_elegans_FYB1	2072902	2073069	86.3
Thamnophis_elegans_FYB1	2090943	2091107	81.3
Thamnophis_elegans_FYB1	2075629	2075769	75.1
Thamnophis_elegans_FYB1	2082203	2082349	65.1
