Lacerta_agilis_C9A	OZ077558.1	589	125	245	369	20583932	20583597	50.400	2.74e-30	132
Lacerta_agilis_C9A	OZ077558.1	589	90	279	368	20619258	20618998	61.111	4.70e-28	125
Lacerta_agilis_C9A	OZ077558.1	589	74	461	534	20609142	20608921	68.919	1.53e-26	120
Lacerta_agilis_C9A	OZ077558.1	589	74	461	534	20574798	20574577	67.568	2.54e-25	117
Lacerta_agilis_C9A	OZ077558.1	589	47	155	201	20625568	20625428	76.596	1.09e-15	86.7
Lacerta_agilis_C9A	OZ077558.1	589	47	155	201	20591889	20591749	76.596	1.73e-15	85.9
Lacerta_agilis_C9A	OZ077558.1	589	55	100	154	20627379	20627215	69.091	1.19e-13	80.1
Lacerta_agilis_C9A	OZ077558.1	589	50	105	154	20594198	20594049	72.000	2.91e-13	79.0
Lacerta_agilis_C9A	OZ077558.1	589	63	403	465	20610702	20610514	52.381	4.89e-11	71.6
Lacerta_agilis_C9A	OZ077558.1	589	52	534	584	20607899	20607744	63.462	1.90e-10	69.7
Lacerta_agilis_C9A	OZ077558.1	589	56	403	458	20575987	20575820	57.143	5.12e-10	68.2
Lacerta_agilis_C9A	OZ077558.1	589	51	56	105	20629248	20629096	58.824	1.96e-09	66.6
Lacerta_agilis_C9A	OZ077558.1	589	51	56	105	20595467	20595315	56.863	7.93e-09	64.3
Lacerta_agilis_C9A	OZ077558.1	589	88	447	529	21269498	21269761	39.773	2.49e-08	62.8
Lacerta_agilis_C9A	OZ077558.1	589	83	192	274	20624105	20623869	37.349	7.60e-06	54.7
Lacerta_agilis_C9A	OZ077560.1	589	222	301	517	13724609	13723986	26.126	2.87e-10	69.3
Lacerta_agilis_C9A	OZ077565.1	589	222	301	517	49757326	49756703	26.126	3.93e-10	68.6
Lacerta_agilis_C9A	OZ077559.1	589	81	279	359	66109237	66109479	37.037	7.10e-09	64.7
Zootoca_vivipara_C9A	OZ077558.1	589	102	276	369	20583893	20583597	58.824	5.43e-30	131
Zootoca_vivipara_C9A	OZ077558.1	589	90	279	368	20619258	20618998	62.222	1.42e-28	127
Zootoca_vivipara_C9A	OZ077558.1	589	74	461	534	20609142	20608921	70.270	1.05e-26	121
Zootoca_vivipara_C9A	OZ077558.1	589	74	461	534	20574798	20574577	67.568	2.97e-25	117
Zootoca_vivipara_C9A	OZ077558.1	589	47	155	201	20625568	20625428	76.596	1.06e-15	86.7
Zootoca_vivipara_C9A	OZ077558.1	589	47	155	201	20591889	20591749	76.596	1.67e-15	85.9
Zootoca_vivipara_C9A	OZ077558.1	589	55	100	154	20627379	20627215	69.091	1.48e-13	79.7
Zootoca_vivipara_C9A	OZ077558.1	589	50	105	154	20594198	20594049	72.000	3.74e-13	78.6
Zootoca_vivipara_C9A	OZ077558.1	589	63	403	465	20610702	20610514	53.968	1.54e-11	73.2
Zootoca_vivipara_C9A	OZ077558.1	589	56	403	458	20575987	20575820	58.929	1.60e-10	70.1
Zootoca_vivipara_C9A	OZ077558.1	589	52	534	584	20607899	20607744	63.462	7.66e-10	67.8
Zootoca_vivipara_C9A	OZ077558.1	589	51	56	105	20629248	20629096	58.824	2.57e-09	66.2
Zootoca_vivipara_C9A	OZ077558.1	589	51	56	105	20595467	20595315	56.863	5.41e-09	65.1
Zootoca_vivipara_C9A	OZ077558.1	589	88	447	529	21269498	21269761	38.636	4.63e-08	62.0
Zootoca_vivipara_C9A	OZ077558.1	589	83	192	274	20624105	20623869	38.554	5.41e-06	55.1
Zootoca_vivipara_C9A	OZ077558.1	589	79	279	357	21354454	21354218	30.380	9.48e-06	54.3
Zootoca_vivipara_C9A	OZ077560.1	589	222	301	517	13724609	13723986	25.676	2.04e-09	66.2
Zootoca_vivipara_C9A	OZ077565.1	589	222	301	517	49757326	49756703	25.676	2.90e-09	65.9
Zootoca_vivipara_C9A	OZ077559.1	589	81	279	359	66109237	66109479	37.037	1.18e-08	63.9
Podarcis_muralis_C9A	OZ077558.1	589	127	245	371	20583932	20583591	48.819	1.31e-29	130
Podarcis_muralis_C9A	OZ077558.1	589	91	278	368	20619261	20618998	62.637	3.50e-29	129
Podarcis_muralis_C9A	OZ077558.1	589	74	461	534	20609142	20608921	67.568	9.08e-26	118
Podarcis_muralis_C9A	OZ077558.1	589	74	461	534	20574798	20574577	66.216	1.01e-24	115
Podarcis_muralis_C9A	OZ077558.1	589	47	155	201	20625568	20625428	76.596	1.09e-15	86.7
Podarcis_muralis_C9A	OZ077558.1	589	47	155	201	20591889	20591749	76.596	1.69e-15	85.9
Podarcis_muralis_C9A	OZ077558.1	589	55	100	154	20627379	20627215	69.091	1.30e-13	80.1
Podarcis_muralis_C9A	OZ077558.1	589	50	105	154	20594198	20594049	72.000	2.72e-13	79.0
Podarcis_muralis_C9A	OZ077558.1	589	64	525	584	20607935	20607744	57.812	3.24e-11	72.4
Podarcis_muralis_C9A	OZ077558.1	589	66	400	465	20610711	20610514	46.970	1.74e-09	66.6
Podarcis_muralis_C9A	OZ077558.1	589	57	402	458	20575990	20575820	56.140	1.78e-09	66.6
Podarcis_muralis_C9A	OZ077558.1	589	52	56	106	20629248	20629093	57.692	4.40e-09	65.5
Podarcis_muralis_C9A	OZ077558.1	589	51	56	105	20595467	20595315	56.863	8.00e-09	64.3
Podarcis_muralis_C9A	OZ077558.1	589	118	447	551	21269498	21269851	33.051	2.76e-08	62.8
Podarcis_muralis_C9A	OZ077558.1	589	83	192	274	20624105	20623869	39.759	1.51e-06	57.0
Podarcis_muralis_C9A	OZ077558.1	589	79	279	357	21354454	21354218	30.380	9.56e-06	54.3
Podarcis_muralis_C9A	OZ077560.1	589	223	301	516	13724609	13723989	26.457	8.28e-09	64.3
Podarcis_muralis_C9A	OZ077565.1	589	223	301	516	49757326	49756706	26.457	1.39e-08	63.5
Podarcis_muralis_C9A	OZ077559.1	589	81	279	359	66109237	66109479	35.802	3.16e-08	62.4
Podarcis_muralis_C9A	OZ077559.1	589	82	279	360	66160126	66159881	28.049	9.24e-06	54.3
Anolis_carolinensis_C9A	OZ077558.1	591	81	457	537	20609160	20608918	65.432	9.90e-29	127
Anolis_carolinensis_C9A	OZ077558.1	591	78	460	537	20574807	20574574	62.821	3.75e-27	122
Anolis_carolinensis_C9A	OZ077558.1	591	85	280	364	20619261	20619007	65.882	1.17e-25	118
Anolis_carolinensis_C9A	OZ077558.1	591	94	280	373	20583863	20583591	55.319	1.66e-24	114
Anolis_carolinensis_C9A	OZ077558.1	591	47	156	202	20625568	20625428	68.085	2.27e-14	82.4
Anolis_carolinensis_C9A	OZ077558.1	591	47	156	202	20591889	20591749	70.213	3.23e-14	82.0
Anolis_carolinensis_C9A	OZ077558.1	591	50	106	155	20627364	20627215	68.000	3.32e-11	72.0
Anolis_carolinensis_C9A	OZ077558.1	591	50	106	155	20594198	20594049	64.000	7.94e-11	70.9
Anolis_carolinensis_C9A	OZ077558.1	591	60	408	467	20575978	20575799	55.000	5.07e-10	68.2
Anolis_carolinensis_C9A	OZ077558.1	591	60	408	467	20610693	20610514	51.667	7.38e-10	67.8
Anolis_carolinensis_C9A	OZ077558.1	591	52	536	587	20607899	20607744	53.846	6.03e-09	64.7
Anolis_carolinensis_C9A	OZ077558.1	591	88	449	531	21269498	21269761	37.500	3.15e-08	62.4
Anolis_carolinensis_C9A	OZ077558.1	591	81	281	361	21313712	21313470	34.568	5.77e-08	61.6
Anolis_carolinensis_C9A	OZ077558.1	591	84	193	276	20624105	20623869	36.905	1.07e-07	60.8
Anolis_carolinensis_C9A	OZ077558.1	591	50	542	591	21270939	21271088	50.000	1.41e-07	60.5
Anolis_carolinensis_C9A	OZ077558.1	591	82	278	359	21354463	21354218	34.146	1.63e-07	60.1
Anolis_carolinensis_C9A	OZ077558.1	591	52	57	107	20629248	20629093	51.923	2.36e-06	56.6
Anolis_carolinensis_C9A	OZ077558.1	591	61	528	587	21341829	21341647	44.262	2.71e-06	56.2
Anolis_carolinensis_C9A	OZ077558.1	591	52	57	107	20595467	20595312	51.923	3.55e-06	55.8
Anolis_carolinensis_C9A	OZ077559.1	591	79	281	359	66160126	66159890	31.646	6.53e-07	58.2
Anolis_carolinensis_C9A	OZ077559.1	591	73	456	527	66126672	66126887	35.616	8.53e-06	54.7
Pogona_vitticeps_C9A	OZ077558.1	576	83	254	336	20583884	20583636	65.060	3.64e-26	119
Pogona_vitticeps_C9A	OZ077558.1	576	99	256	354	20619276	20618989	57.576	4.84e-26	119
Pogona_vitticeps_C9A	OZ077558.1	576	78	438	515	20609160	20608927	67.949	1.65e-25	117
Pogona_vitticeps_C9A	OZ077558.1	576	75	441	515	20574807	20574583	65.333	1.99e-24	114
Pogona_vitticeps_C9A	OZ077558.1	576	49	156	204	20625568	20625422	75.510	1.33e-16	89.4
Pogona_vitticeps_C9A	OZ077558.1	576	49	156	204	20591889	20591743	71.429	3.79e-15	84.7
Pogona_vitticeps_C9A	OZ077558.1	576	49	523	571	20607890	20607744	75.510	1.16e-13	80.1
Pogona_vitticeps_C9A	OZ077558.1	576	50	106	155	20594198	20594049	68.000	5.72e-12	74.7
Pogona_vitticeps_C9A	OZ077558.1	576	68	381	448	20610717	20610514	47.059	1.31e-10	70.1
Pogona_vitticeps_C9A	OZ077558.1	576	50	106	155	20627364	20627215	66.000	1.74e-10	69.7
Pogona_vitticeps_C9A	OZ077558.1	576	62	387	448	20575984	20575799	51.613	3.48e-10	68.9
Pogona_vitticeps_C9A	OZ077558.1	576	54	519	571	21341808	21341647	55.556	4.08e-09	65.5
Pogona_vitticeps_C9A	OZ077558.1	576	42	523	563	21302092	21301967	71.429	7.55e-09	64.3
Pogona_vitticeps_C9A	OZ077558.1	576	50	526	575	21270939	21271088	52.000	1.68e-08	63.2
Pogona_vitticeps_C9A	OZ077558.1	576	74	26	85	20595855	20595634	40.541	4.12e-08	62.0
Pogona_vitticeps_C9A	OZ077558.1	576	68	443	510	21269555	21269755	44.118	9.19e-08	60.8
Pogona_vitticeps_C9A	OZ077558.1	576	70	502	571	20573682	20573473	58.571	9.19e-08	60.8
Pogona_vitticeps_C9A	OZ077558.1	576	87	254	340	21313730	21313476	32.184	3.63e-07	58.9
Pogona_vitticeps_C9A	OZ077558.1	576	82	259	340	21354463	21354218	36.585	8.50e-07	57.8
Pogona_vitticeps_C9A	OZ077558.1	576	39	26	64	20630252	20630136	58.974	8.87e-07	57.8
Pogona_vitticeps_C9A	OZ077559.1	576	83	258	340	66109225	66109473	34.940	4.16e-08	62.0
Pogona_vitticeps_C9A	OZ077559.1	576	46	520	565	66129544	66129681	56.522	1.30e-06	57.4
Pogona_vitticeps_C9A	OZ077559.1	576	74	436	508	66126669	66126887	37.838	1.31e-06	57.4
Gekko_japonicus_C9A	OZ077558.1	582	84	457	539	20609142	20608891	55.952	3.31e-21	104
Gekko_japonicus_C9A	OZ077558.1	582	96	273	368	20583914	20583639	52.083	3.74e-21	103
Gekko_japonicus_C9A	OZ077558.1	582	84	295	378	20619258	20619007	53.571	2.25e-20	101
Gekko_japonicus_C9A	OZ077558.1	582	81	457	537	20574798	20574574	53.086	7.03e-19	96.7
Gekko_japonicus_C9A	OZ077558.1	582	51	122	172	20594198	20594049	62.745	4.85e-11	71.6
Gekko_japonicus_C9A	OZ077558.1	582	45	173	217	20625568	20625434	66.667	6.95e-11	71.2
Gekko_japonicus_C9A	OZ077558.1	582	45	173	217	20591889	20591755	64.444	3.10e-10	68.9
Gekko_japonicus_C9A	OZ077558.1	582	51	531	581	20607896	20607744	60.784	1.22e-09	67.0
Gekko_japonicus_C9A	OZ077558.1	582	51	122	172	20627364	20627215	60.784	1.71e-09	66.6
Gekko_japonicus_C9A	OZ077558.1	582	46	536	581	21270939	21271076	54.348	3.85e-09	65.5
Gekko_japonicus_C9A	OZ077558.1	582	67	457	523	21269558	21269755	44.776	1.06e-08	63.9
Gekko_japonicus_C9A	OZ077558.1	582	82	292	373	21354463	21354218	35.366	4.31e-08	62.0
Gekko_japonicus_C9A	OZ077558.1	582	98	279	376	21313760	21313467	29.592	9.85e-08	60.8
Gekko_japonicus_C9A	OZ077558.1	582	52	71	122	20595464	20595315	51.923	4.23e-07	58.9
Gekko_japonicus_C9A	OZ077558.1	582	52	71	122	20629245	20629096	50.000	1.28e-06	57.4
Gekko_japonicus_C9A	OZ077558.1	582	64	466	527	21346275	21346084	40.625	2.42e-06	56.2
Gekko_japonicus_C9A	OZ077558.1	582	61	528	581	21341829	21341647	44.262	3.16e-06	55.8
Gekko_japonicus_C9A	OZ077558.1	582	92	210	301	20624105	20623845	35.870	4.07e-06	55.5
Gekko_japonicus_C9A	OZ077565.1	582	212	316	514	65032816	65032208	26.887	1.26e-09	67.0
Gekko_japonicus_C9A	OZ077560.1	582	212	316	514	11657829	11658437	26.887	1.26e-09	67.0
Gekko_japonicus_C9A	OZ077559.1	582	81	295	375	66109237	66109479	34.568	8.82e-08	60.8
Gekko_japonicus_C9A	OZ077559.1	582	67	456	521	66126687	66126887	37.313	1.36e-06	57.0
Gekko_japonicus_C9A	OZ077559.1	582	101	279	376	66160183	66159881	29.703	3.62e-06	55.8
Crotalus_tigris_C9A	OZ077558.1	583	95	273	367	20583872	20583597	82.105	1.09e-40	164
Crotalus_tigris_C9A	OZ077558.1	583	77	456	532	20574807	20574577	93.506	1.60e-38	157
Crotalus_tigris_C9A	OZ077558.1	583	80	453	532	20609160	20608921	83.750	1.19e-35	149
Crotalus_tigris_C9A	OZ077558.1	583	79	195	273	20590471	20590235	86.076	6.52e-31	134
Crotalus_tigris_C9A	OZ077558.1	583	106	276	380	20619261	20618944	60.377	7.12e-30	131
Crotalus_tigris_C9A	OZ077558.1	583	68	396	463	20576002	20575799	88.235	9.72e-26	118
Crotalus_tigris_C9A	OZ077558.1	583	51	57	107	20595467	20595315	94.118	1.93e-22	108
Crotalus_tigris_C9A	OZ077558.1	583	68	398	463	20610717	20610514	80.882	2.14e-22	107
Crotalus_tigris_C9A	OZ077558.1	583	50	107	156	20594198	20594049	98.000	5.73e-22	106
Crotalus_tigris_C9A	OZ077558.1	583	47	157	203	20591889	20591749	97.872	1.24e-20	102
Crotalus_tigris_C9A	OZ077558.1	583	54	54	107	20629257	20629096	85.185	5.86e-20	100
Crotalus_tigris_C9A	OZ077558.1	583	47	157	203	20625568	20625428	87.234	4.05e-18	94.4
Crotalus_tigris_C9A	OZ077558.1	583	50	107	156	20627364	20627215	86.000	1.64e-17	92.4
Crotalus_tigris_C9A	OZ077558.1	583	52	532	583	20607899	20607744	73.077	3.39e-17	91.3
Crotalus_tigris_C9A	OZ077558.1	583	52	532	583	20573628	20573473	96.154	9.09e-17	90.1
Crotalus_tigris_C9A	OZ077558.1	583	79	194	272	20624105	20623869	51.899	2.67e-14	82.0
Crotalus_tigris_C9A	OZ077558.1	583	42	354	395	20579951	20579826	92.857	4.80e-14	81.3
Crotalus_tigris_C9A	OZ077558.1	583	39	26	64	20595855	20595739	79.487	1.79e-10	69.7
Crotalus_tigris_C9A	OZ077558.1	583	42	26	67	20630252	20630127	64.286	8.92e-08	60.8
Crotalus_tigris_C9A	OZ077558.1	583	69	457	525	21269552	21269755	40.580	6.66e-07	58.2
Crotalus_tigris_C9A	OZ077558.1	583	50	530	579	21270915	21271064	48.000	8.24e-07	57.8
Crotalus_tigris_C9A	OZ077558.1	583	71	273	343	21313724	21313512	36.620	9.73e-06	54.3
Crotalus_tigris_C9A	OZ077560.1	583	218	302	514	13724600	13723989	25.688	1.26e-08	63.9
Crotalus_tigris_C9A	OZ077565.1	583	218	302	514	49757317	49756706	25.688	1.83e-08	63.2
Crotalus_tigris_C9A	OZ077559.1	583	77	277	353	66109237	66109467	37.662	6.74e-08	61.2
Crotalus_tigris_C9A	OZ077559.1	583	43	537	579	66129559	66129687	53.488	7.32e-07	58.2
Thamnophis_elegans_C9A	OZ077558.1	583	99	274	372	20619267	20618980	69.697	7.95e-34	143
Thamnophis_elegans_C9A	OZ077558.1	583	80	453	532	20609160	20608921	83.750	3.09e-33	141
Thamnophis_elegans_C9A	OZ077558.1	583	92	276	367	20583863	20583597	68.478	7.43e-33	140
Thamnophis_elegans_C9A	OZ077558.1	583	77	456	532	20574807	20574577	77.922	1.62e-30	133
Thamnophis_elegans_C9A	OZ077558.1	583	68	396	463	20610717	20610514	73.529	1.18e-23	112
Thamnophis_elegans_C9A	OZ077558.1	583	63	401	463	20575987	20575799	73.016	4.67e-20	100
Thamnophis_elegans_C9A	OZ077558.1	583	80	194	273	20624105	20623866	62.500	5.89e-19	97.1
Thamnophis_elegans_C9A	OZ077558.1	583	50	107	156	20627364	20627215	86.000	1.94e-18	95.5
Thamnophis_elegans_C9A	OZ077558.1	583	50	107	156	20594198	20594049	84.000	9.91e-17	90.1
Thamnophis_elegans_C9A	OZ077558.1	583	47	157	203	20625568	20625428	80.851	1.57e-16	89.4
Thamnophis_elegans_C9A	OZ077558.1	583	54	54	107	20629257	20629096	77.778	2.03e-16	89.0
Thamnophis_elegans_C9A	OZ077558.1	583	51	57	107	20595467	20595315	78.431	5.53e-16	87.4
Thamnophis_elegans_C9A	OZ077558.1	583	52	532	583	20607899	20607744	71.154	1.11e-15	86.7
Thamnophis_elegans_C9A	OZ077558.1	583	47	157	203	20591889	20591749	78.723	3.11e-15	85.1
Thamnophis_elegans_C9A	OZ077558.1	583	45	351	395	20615316	20615182	75.556	1.09e-10	70.5
Thamnophis_elegans_C9A	OZ077558.1	583	77	195	271	20590471	20590241	46.753	4.85e-10	68.6
Thamnophis_elegans_C9A	OZ077558.1	583	56	529	583	21341808	21341647	53.571	1.56e-09	66.6
Thamnophis_elegans_C9A	OZ077558.1	583	42	26	67	20630252	20630127	66.667	2.11e-09	66.2
Thamnophis_elegans_C9A	OZ077558.1	583	50	535	583	21302092	21301943	52.000	7.15e-08	61.2
Thamnophis_elegans_C9A	OZ077558.1	583	54	530	583	21270915	21271076	46.296	1.06e-07	60.8
Thamnophis_elegans_C9A	OZ077558.1	583	39	26	64	20595855	20595739	64.103	1.53e-07	60.1
Thamnophis_elegans_C9A	OZ077558.1	583	67	277	343	21313712	21313512	38.806	7.38e-07	58.2
Thamnophis_elegans_C9A	OZ077558.1	583	72	272	343	21354463	21354254	41.667	4.19e-06	55.5
Thamnophis_elegans_C9A	OZ077558.1	583	52	532	583	20573628	20573473	63.462	4.72e-06	55.5
Thamnophis_elegans_C9A	OZ077559.1	583	81	274	354	66109228	66109470	34.568	4.62e-07	58.5
Thamnophis_elegans_C9A	OZ077559.1	583	47	537	583	66129559	66129699	46.809	5.41e-06	55.1
Thamnophis_elegans_C9A	OZ077560.1	583	218	302	514	13724600	13723989	23.394	5.94e-06	55.1
Thamnophis_elegans_C9A	OZ077565.1	583	218	302	514	49757317	49756706	23.394	7.41e-06	54.7
Naja_naja_C9A	OZ077558.1	582	95	273	367	20583872	20583597	76.842	1.86e-38	157
Naja_naja_C9A	OZ077558.1	582	77	455	531	20574807	20574577	88.312	1.25e-35	149
Naja_naja_C9A	OZ077558.1	582	77	455	531	20609151	20608921	88.312	4.70e-35	147
Naja_naja_C9A	OZ077558.1	582	91	276	366	20619261	20618998	65.934	2.85e-29	129
Naja_naja_C9A	OZ077558.1	582	79	195	273	20590471	20590235	79.747	1.24e-27	124
Naja_naja_C9A	OZ077558.1	582	67	396	462	20575999	20575799	74.627	5.31e-21	103
Naja_naja_C9A	OZ077558.1	582	64	399	462	20610705	20610514	73.438	9.16e-20	99.8
Naja_naja_C9A	OZ077558.1	582	50	107	156	20594198	20594049	88.000	1.56e-18	95.9
Naja_naja_C9A	OZ077558.1	582	47	157	203	20591889	20591749	87.234	5.90e-18	94.0
Naja_naja_C9A	OZ077558.1	582	51	57	107	20595467	20595315	74.510	2.62e-17	91.7
Naja_naja_C9A	OZ077558.1	582	50	107	156	20627364	20627215	82.000	3.43e-17	91.3
Naja_naja_C9A	OZ077558.1	582	56	527	582	20607911	20607744	69.643	3.58e-17	91.3
Naja_naja_C9A	OZ077558.1	582	47	157	203	20625568	20625428	78.723	3.77e-16	88.2
Naja_naja_C9A	OZ077558.1	582	54	54	107	20629257	20629096	72.222	4.18e-16	87.8
Naja_naja_C9A	OZ077558.1	582	56	527	582	20573640	20573473	82.143	3.49e-15	85.1
Naja_naja_C9A	OZ077558.1	582	79	194	272	20624105	20623869	54.430	7.98e-15	84.0
Naja_naja_C9A	OZ077558.1	582	39	26	64	20595855	20595739	76.923	1.83e-09	66.6
Naja_naja_C9A	OZ077558.1	582	69	456	524	21269552	21269755	42.029	2.18e-08	63.2
Naja_naja_C9A	OZ077558.1	582	44	535	578	21270933	21271064	59.091	5.24e-08	61.6
Naja_naja_C9A	OZ077558.1	582	42	26	67	20630252	20630127	61.905	1.79e-07	60.1
Naja_naja_C9A	OZ077558.1	582	73	271	343	21313724	21313512	38.356	5.17e-06	55.5
Naja_naja_C9A	OZ077558.1	582	67	277	343	21354454	21354254	37.313	5.77e-06	55.1
Naja_naja_C9A	OZ077565.1	582	225	293	515	65032831	65032208	24.889	9.52e-09	64.3
Naja_naja_C9A	OZ077565.1	582	217	302	513	49757317	49756706	24.424	2.21e-07	59.7
Naja_naja_C9A	OZ077560.1	582	225	293	515	11657814	11658437	24.889	9.52e-09	64.3
Naja_naja_C9A	OZ077560.1	582	217	302	513	13724600	13723989	24.424	1.87e-07	60.1
Naja_naja_C9A	OZ077559.1	582	76	277	352	66109237	66109464	40.789	2.99e-08	62.4
Naja_naja_C9A	OZ077559.1	582	47	536	582	66129559	66129699	51.064	1.20e-06	57.4
Pseudonaja_textilis_C9A	OZ077558.1	583	95	273	367	20583872	20583597	78.947	1.58e-39	160
Pseudonaja_textilis_C9A	OZ077558.1	583	77	456	532	20574807	20574577	84.416	4.66e-34	144
Pseudonaja_textilis_C9A	OZ077558.1	583	77	456	532	20609151	20608921	85.714	6.63e-34	143
Pseudonaja_textilis_C9A	OZ077558.1	583	91	276	366	20619261	20618998	69.231	1.59e-30	133
Pseudonaja_textilis_C9A	OZ077558.1	583	79	195	273	20590471	20590235	77.215	1.06e-26	121
Pseudonaja_textilis_C9A	OZ077558.1	583	68	396	463	20576002	20575799	75.000	5.48e-22	106
Pseudonaja_textilis_C9A	OZ077558.1	583	64	400	463	20610705	20610514	73.438	3.02e-20	101
Pseudonaja_textilis_C9A	OZ077558.1	583	50	107	156	20594198	20594049	88.000	1.95e-18	95.5
Pseudonaja_textilis_C9A	OZ077558.1	583	50	107	156	20627364	20627215	86.000	3.75e-18	94.4
Pseudonaja_textilis_C9A	OZ077558.1	583	47	157	203	20591889	20591749	87.234	6.25e-18	94.0
Pseudonaja_textilis_C9A	OZ077558.1	583	56	528	583	20607911	20607744	71.429	1.71e-17	92.4
Pseudonaja_textilis_C9A	OZ077558.1	583	54	54	107	20629257	20629096	74.074	1.85e-16	89.0
Pseudonaja_textilis_C9A	OZ077558.1	583	51	57	107	20595467	20595315	74.510	2.33e-16	88.6
Pseudonaja_textilis_C9A	OZ077558.1	583	47	157	203	20625568	20625428	78.723	3.75e-16	88.2
Pseudonaja_textilis_C9A	OZ077558.1	583	56	528	583	20573640	20573473	83.929	2.34e-15	85.5
Pseudonaja_textilis_C9A	OZ077558.1	583	79	194	272	20624105	20623869	53.165	1.29e-14	83.2
Pseudonaja_textilis_C9A	OZ077558.1	583	39	26	64	20595855	20595739	79.487	2.12e-10	69.7
Pseudonaja_textilis_C9A	OZ077558.1	583	71	457	527	21269552	21269761	42.254	2.55e-08	62.8
Pseudonaja_textilis_C9A	OZ077558.1	583	42	26	67	20630252	20630127	64.286	4.67e-08	62.0
Pseudonaja_textilis_C9A	OZ077558.1	583	48	536	583	21270933	21271076	54.167	4.83e-08	62.0
Pseudonaja_textilis_C9A	OZ077558.1	583	132	273	401	21313724	21313359	30.303	7.83e-07	57.8
Pseudonaja_textilis_C9A	OZ077558.1	583	41	355	395	20579948	20579826	65.854	3.39e-06	55.8
Pseudonaja_textilis_C9A	OZ077560.1	583	218	302	514	13724600	13723989	25.229	2.40e-09	66.2
Pseudonaja_textilis_C9A	OZ077560.1	583	226	293	516	11657814	11658437	24.336	9.31e-08	60.8
Pseudonaja_textilis_C9A	OZ077565.1	583	218	302	514	49757317	49756706	25.229	3.32e-09	65.9
Pseudonaja_textilis_C9A	OZ077565.1	583	226	293	516	65032831	65032208	24.336	9.31e-08	60.8
Pseudonaja_textilis_C9A	OZ077559.1	583	76	277	352	66109237	66109464	40.789	1.68e-08	63.5
Pseudonaja_textilis_C9A	OZ077559.1	583	47	537	583	66129559	66129699	51.064	1.14e-06	57.4
Python_bivittatus_C9A	OZ077558.1	582	80	453	532	20609160	20608921	82.500	2.79e-34	144
Python_bivittatus_C9A	OZ077558.1	582	98	274	371	20619267	20618983	71.429	1.56e-33	142
Python_bivittatus_C9A	OZ077558.1	582	92	276	367	20583863	20583597	67.391	1.03e-32	140
Python_bivittatus_C9A	OZ077558.1	582	77	456	532	20574807	20574577	77.922	2.31e-31	135
Python_bivittatus_C9A	OZ077558.1	582	79	194	272	20624105	20623869	65.823	5.99e-23	109
Python_bivittatus_C9A	OZ077558.1	582	68	396	463	20610717	20610514	73.529	3.80e-22	107
Python_bivittatus_C9A	OZ077558.1	582	57	401	457	20575987	20575817	82.456	4.48e-20	100
Python_bivittatus_C9A	OZ077558.1	582	50	107	156	20594198	20594049	90.000	2.54e-19	98.2
Python_bivittatus_C9A	OZ077558.1	582	50	107	156	20627364	20627215	90.000	6.61e-19	97.1
Python_bivittatus_C9A	OZ077558.1	582	47	157	203	20625568	20625428	80.851	4.98e-17	90.9
Python_bivittatus_C9A	OZ077558.1	582	47	157	203	20591889	20591749	80.851	1.42e-16	89.4
Python_bivittatus_C9A	OZ077558.1	582	52	532	582	20607899	20607744	75.000	1.24e-15	86.3
Python_bivittatus_C9A	OZ077558.1	582	79	194	272	20590474	20590238	50.633	3.36e-13	78.6
Python_bivittatus_C9A	OZ077558.1	582	54	54	107	20629257	20629096	64.815	7.41e-13	77.4
Python_bivittatus_C9A	OZ077558.1	582	51	57	107	20595467	20595315	66.667	1.48e-12	76.6
Python_bivittatus_C9A	OZ077558.1	582	42	26	67	20630252	20630127	71.429	6.43e-11	71.2
Python_bivittatus_C9A	OZ077558.1	582	48	535	582	20573616	20573473	83.333	2.08e-10	69.7
Python_bivittatus_C9A	OZ077558.1	582	42	354	395	20615307	20615182	69.048	2.94e-08	62.8
Python_bivittatus_C9A	OZ077558.1	582	86	445	525	21269498	21269755	39.535	4.65e-08	62.0
Python_bivittatus_C9A	OZ077558.1	582	40	535	574	21270933	21271052	62.500	8.75e-08	61.2
Python_bivittatus_C9A	OZ077558.1	582	47	529	574	21302107	21301967	57.447	6.21e-07	58.2
Python_bivittatus_C9A	OZ077558.1	582	39	26	64	20595855	20595739	64.103	9.26e-07	57.8
Python_bivittatus_C9A	OZ077558.1	582	82	277	358	21313712	21313467	31.707	6.50e-06	55.1
Python_bivittatus_C9A	OZ077558.1	582	53	531	582	21341802	21341647	50.943	7.45e-06	54.7
Python_bivittatus_C9A	OZ077559.1	582	79	277	355	66109237	66109473	36.709	2.46e-08	62.8
Python_bivittatus_C9A	OZ077559.1	582	47	530	576	66129541	66129681	51.064	6.71e-08	61.2
Python_bivittatus_C9A	OZ077560.1	582	218	302	514	13724600	13723989	24.312	1.88e-06	56.6
Python_bivittatus_C9A	OZ077565.1	582	218	302	514	49757317	49756706	24.312	3.13e-06	55.8
Notechis_scutatus_C9A	OZ077558.1	583	95	273	367	20583872	20583597	78.947	1.57e-39	160
Notechis_scutatus_C9A	OZ077558.1	583	77	456	532	20574807	20574577	83.117	5.27e-33	140
Notechis_scutatus_C9A	OZ077558.1	583	77	456	532	20609151	20608921	83.117	8.06e-33	140
Notechis_scutatus_C9A	OZ077558.1	583	91	276	366	20619261	20618998	69.231	1.69e-30	133
Notechis_scutatus_C9A	OZ077558.1	583	79	195	273	20590471	20590235	79.747	1.37e-27	124
Notechis_scutatus_C9A	OZ077558.1	583	68	396	463	20576002	20575799	75.000	2.36e-22	107
Notechis_scutatus_C9A	OZ077558.1	583	64	400	463	20610705	20610514	73.438	2.94e-20	101
Notechis_scutatus_C9A	OZ077558.1	583	50	107	156	20594198	20594049	90.000	7.85e-19	96.7
Notechis_scutatus_C9A	OZ077558.1	583	47	157	203	20591889	20591749	87.234	6.04e-18	94.0
Notechis_scutatus_C9A	OZ077558.1	583	56	528	583	20607911	20607744	71.429	1.49e-17	92.4
Notechis_scutatus_C9A	OZ077558.1	583	50	107	156	20627364	20627215	84.000	1.90e-17	92.4
Notechis_scutatus_C9A	OZ077558.1	583	54	54	107	20629257	20629096	74.074	1.71e-16	89.4
Notechis_scutatus_C9A	OZ077558.1	583	51	57	107	20595467	20595315	74.510	2.46e-16	88.6
Notechis_scutatus_C9A	OZ077558.1	583	47	157	203	20625568	20625428	78.723	3.88e-16	88.2
Notechis_scutatus_C9A	OZ077558.1	583	56	528	583	20573640	20573473	83.929	2.83e-15	85.1
Notechis_scutatus_C9A	OZ077558.1	583	79	194	272	20624105	20623869	54.430	7.88e-15	84.0
Notechis_scutatus_C9A	OZ077558.1	583	39	26	64	20595855	20595739	79.487	2.00e-10	69.7
Notechis_scutatus_C9A	OZ077558.1	583	71	457	527	21269552	21269761	42.254	4.00e-08	62.0
Notechis_scutatus_C9A	OZ077558.1	583	48	536	583	21270933	21271076	54.167	4.79e-08	62.0
Notechis_scutatus_C9A	OZ077558.1	583	42	26	67	20630252	20630127	64.286	4.79e-08	62.0
Notechis_scutatus_C9A	OZ077558.1	583	132	273	401	21313724	21313359	30.303	1.47e-06	57.0
Notechis_scutatus_C9A	OZ077558.1	583	41	355	395	20579948	20579826	65.854	3.45e-06	55.8
Notechis_scutatus_C9A	OZ077560.1	583	218	302	514	13724600	13723989	25.229	2.59e-09	65.9
Notechis_scutatus_C9A	OZ077560.1	583	226	293	516	11657814	11658437	24.336	9.72e-08	60.8
Notechis_scutatus_C9A	OZ077565.1	583	218	302	514	49757317	49756706	25.229	4.04e-09	65.5
Notechis_scutatus_C9A	OZ077565.1	583	226	293	516	65032831	65032208	24.336	9.72e-08	60.8
Notechis_scutatus_C9A	OZ077559.1	583	76	277	352	66109237	66109464	40.789	1.61e-08	63.5
Notechis_scutatus_C9A	OZ077559.1	583	47	537	583	66129559	66129699	51.064	1.06e-06	57.4
Hydrophis_cyanocinctus_C9A	OZ077558.1	583	95	273	367	20583872	20583597	78.947	1.40e-39	160
Hydrophis_cyanocinctus_C9A	OZ077558.1	583	77	456	532	20574807	20574577	81.818	2.08e-32	139
Hydrophis_cyanocinctus_C9A	OZ077558.1	583	77	456	532	20609151	20608921	81.818	3.45e-32	138
Hydrophis_cyanocinctus_C9A	OZ077558.1	583	93	274	366	20619267	20618998	68.817	5.16e-31	134
Hydrophis_cyanocinctus_C9A	OZ077558.1	583	79	195	273	20590471	20590235	78.481	4.78e-27	122
Hydrophis_cyanocinctus_C9A	OZ077558.1	583	67	397	463	20575999	20575799	73.134	9.95e-21	102
Hydrophis_cyanocinctus_C9A	OZ077558.1	583	64	400	463	20610705	20610514	71.875	3.75e-19	97.8
Hydrophis_cyanocinctus_C9A	OZ077558.1	583	50	107	156	20594198	20594049	90.000	7.71e-19	96.7
Hydrophis_cyanocinctus_C9A	OZ077558.1	583	47	157	203	20591889	20591749	87.234	2.99e-18	94.7
Hydrophis_cyanocinctus_C9A	OZ077558.1	583	56	528	583	20607911	20607744	71.429	1.55e-17	92.4
Hydrophis_cyanocinctus_C9A	OZ077558.1	583	50	107	156	20627364	20627215	84.000	1.82e-17	92.4
Hydrophis_cyanocinctus_C9A	OZ077558.1	583	54	54	107	20629257	20629096	74.074	1.96e-16	89.0
Hydrophis_cyanocinctus_C9A	OZ077558.1	583	47	157	203	20625568	20625428	78.723	2.29e-16	89.0
Hydrophis_cyanocinctus_C9A	OZ077558.1	583	51	57	107	20595467	20595315	74.510	2.63e-16	88.6
Hydrophis_cyanocinctus_C9A	OZ077558.1	583	56	528	583	20573640	20573473	83.929	2.90e-15	85.1
Hydrophis_cyanocinctus_C9A	OZ077558.1	583	79	194	272	20624105	20623869	54.430	1.37e-14	83.2
Hydrophis_cyanocinctus_C9A	OZ077558.1	583	39	26	64	20595855	20595739	79.487	2.05e-10	69.7
Hydrophis_cyanocinctus_C9A	OZ077558.1	583	42	355	396	20579948	20579823	71.429	1.53e-08	63.5
Hydrophis_cyanocinctus_C9A	OZ077558.1	583	71	457	527	21269552	21269761	42.254	3.90e-08	62.0
Hydrophis_cyanocinctus_C9A	OZ077558.1	583	48	536	583	21270933	21271076	54.167	4.71e-08	62.0
Hydrophis_cyanocinctus_C9A	OZ077558.1	583	42	26	67	20630252	20630127	64.286	4.83e-08	62.0
Hydrophis_cyanocinctus_C9A	OZ077558.1	583	67	277	343	21313712	21313512	37.313	4.30e-06	55.5
Hydrophis_cyanocinctus_C9A	OZ077560.1	583	218	302	514	13724600	13723989	25.688	1.61e-10	70.1
Hydrophis_cyanocinctus_C9A	OZ077560.1	583	232	293	516	11657814	11658437	24.569	1.14e-07	60.8
Hydrophis_cyanocinctus_C9A	OZ077565.1	583	218	302	514	49757317	49756706	25.688	1.88e-10	69.7
Hydrophis_cyanocinctus_C9A	OZ077565.1	583	232	293	516	65032831	65032208	24.569	1.14e-07	60.8
Hydrophis_cyanocinctus_C9A	OZ077559.1	583	80	273	352	66109225	66109464	40.000	1.45e-08	63.5
Hydrophis_cyanocinctus_C9A	OZ077559.1	583	47	537	583	66129559	66129699	51.064	1.10e-06	57.4
Laticauda_colubrina_C9A	OZ077558.1	583	95	273	367	20583872	20583597	80.000	8.71e-40	161
Laticauda_colubrina_C9A	OZ077558.1	583	77	456	532	20574807	20574577	83.117	3.81e-33	141
Laticauda_colubrina_C9A	OZ077558.1	583	77	456	532	20609151	20608921	84.416	5.13e-33	140
Laticauda_colubrina_C9A	OZ077558.1	583	91	276	366	20619261	20618998	69.231	1.11e-30	133
Laticauda_colubrina_C9A	OZ077558.1	583	79	195	273	20590471	20590235	77.215	1.23e-26	121
Laticauda_colubrina_C9A	OZ077558.1	583	67	397	463	20575999	20575799	76.119	1.38e-21	105
Laticauda_colubrina_C9A	OZ077558.1	583	64	400	463	20610705	20610514	75.000	1.34e-20	102
Laticauda_colubrina_C9A	OZ077558.1	583	50	107	156	20594198	20594049	88.000	1.97e-18	95.5
Laticauda_colubrina_C9A	OZ077558.1	583	47	157	203	20591889	20591749	87.234	7.12e-18	93.6
Laticauda_colubrina_C9A	OZ077558.1	583	56	528	583	20607911	20607744	69.643	3.48e-17	91.3
Laticauda_colubrina_C9A	OZ077558.1	583	51	57	107	20595467	20595315	76.471	4.21e-17	91.3
Laticauda_colubrina_C9A	OZ077558.1	583	50	107	156	20627364	20627215	82.000	4.55e-17	90.9
Laticauda_colubrina_C9A	OZ077558.1	583	47	157	203	20625568	20625428	78.723	4.38e-16	87.8
Laticauda_colubrina_C9A	OZ077558.1	583	54	54	107	20629257	20629096	74.074	4.90e-16	87.8
Laticauda_colubrina_C9A	OZ077558.1	583	56	528	583	20573640	20573473	82.143	6.19e-15	84.3
Laticauda_colubrina_C9A	OZ077558.1	583	79	194	272	20624105	20623869	53.165	2.70e-14	82.0
Laticauda_colubrina_C9A	OZ077558.1	583	39	26	64	20595855	20595739	79.487	6.60e-10	67.8
Laticauda_colubrina_C9A	OZ077558.1	583	71	457	527	21269552	21269761	42.254	2.20e-08	63.2
Laticauda_colubrina_C9A	OZ077558.1	583	48	536	583	21270933	21271076	54.167	5.22e-08	61.6
Laticauda_colubrina_C9A	OZ077558.1	583	42	26	67	20630252	20630127	64.286	7.79e-08	61.2
Laticauda_colubrina_C9A	OZ077558.1	583	71	273	343	21313724	21313512	38.028	1.45e-06	57.0
Laticauda_colubrina_C9A	OZ077560.1	583	218	302	514	13724600	13723989	24.312	6.68e-09	64.7
Laticauda_colubrina_C9A	OZ077560.1	583	232	293	516	11657814	11658437	25.431	3.34e-07	59.3
Laticauda_colubrina_C9A	OZ077565.1	583	218	302	514	49757317	49756706	24.312	7.99e-09	64.3
Laticauda_colubrina_C9A	OZ077565.1	583	232	293	516	65032831	65032208	25.431	3.34e-07	59.3
Laticauda_colubrina_C9A	OZ077559.1	583	76	277	352	66109237	66109464	40.789	1.68e-08	63.5
Laticauda_colubrina_C9A	OZ077559.1	583	47	537	583	66129559	66129699	51.064	1.32e-06	57.4
Protobothrops_mucrosquamatus_C9A	OZ077558.1	583	81	274	354	20619267	20619025	92.593	7.45e-40	161
Protobothrops_mucrosquamatus_C9A	OZ077558.1	583	80	453	532	20609160	20608921	95.000	2.24e-39	160
Protobothrops_mucrosquamatus_C9A	OZ077558.1	583	77	456	532	20574807	20574577	84.416	4.12e-35	147
Protobothrops_mucrosquamatus_C9A	OZ077558.1	583	92	276	367	20583863	20583597	70.652	9.44e-34	143
Protobothrops_mucrosquamatus_C9A	OZ077558.1	583	75	199	273	20624090	20623866	81.333	6.06e-29	128
Protobothrops_mucrosquamatus_C9A	OZ077558.1	583	68	396	463	20610717	20610514	83.824	6.03e-25	115
Protobothrops_mucrosquamatus_C9A	OZ077558.1	583	47	157	203	20625568	20625428	95.745	5.84e-21	103
Protobothrops_mucrosquamatus_C9A	OZ077558.1	583	52	532	583	20607899	20607744	88.462	6.37e-21	103
Protobothrops_mucrosquamatus_C9A	OZ077558.1	583	60	404	463	20575978	20575799	85.000	6.42e-21	103
Protobothrops_mucrosquamatus_C9A	OZ077558.1	583	51	57	107	20595467	20595315	88.235	5.91e-20	100
Protobothrops_mucrosquamatus_C9A	OZ077558.1	583	54	54	107	20629257	20629096	83.333	1.26e-19	99.4
Protobothrops_mucrosquamatus_C9A	OZ077558.1	583	50	107	156	20627364	20627215	92.000	1.39e-19	99.0
Protobothrops_mucrosquamatus_C9A	OZ077558.1	583	50	107	156	20594198	20594049	86.000	2.79e-18	94.7
Protobothrops_mucrosquamatus_C9A	OZ077558.1	583	47	157	203	20591889	20591749	87.234	4.58e-18	94.4
Protobothrops_mucrosquamatus_C9A	OZ077558.1	583	74	199	272	20590459	20590238	56.757	1.29e-13	80.1
Protobothrops_mucrosquamatus_C9A	OZ077558.1	583	42	354	395	20615307	20615182	88.095	5.95e-13	77.8
Protobothrops_mucrosquamatus_C9A	OZ077558.1	583	42	26	67	20630252	20630127	71.429	7.21e-11	71.2
Protobothrops_mucrosquamatus_C9A	OZ077558.1	583	52	532	583	20573628	20573473	75.000	1.54e-09	66.6
Protobothrops_mucrosquamatus_C9A	OZ077558.1	583	50	530	579	21270915	21271064	50.000	1.96e-08	63.2
Protobothrops_mucrosquamatus_C9A	OZ077558.1	583	69	457	525	21269552	21269755	43.478	3.41e-08	62.4
Protobothrops_mucrosquamatus_C9A	OZ077558.1	583	79	277	355	21313712	21313476	34.177	7.99e-08	61.2
Protobothrops_mucrosquamatus_C9A	OZ077558.1	583	39	26	64	20595855	20595739	66.667	1.94e-07	60.1
Protobothrops_mucrosquamatus_C9A	OZ077558.1	583	79	277	355	21354454	21354218	34.177	2.38e-07	59.7
Protobothrops_mucrosquamatus_C9A	OZ077558.1	583	42	535	575	21302092	21301967	66.667	2.84e-07	59.3
Protobothrops_mucrosquamatus_C9A	OZ077558.1	583	42	535	575	21341796	21341671	57.143	1.03e-06	57.4
Protobothrops_mucrosquamatus_C9A	OZ077559.1	583	79	277	355	66109237	66109473	36.709	4.87e-09	65.1
Protobothrops_mucrosquamatus_C9A	OZ077559.1	583	43	537	579	66129559	66129687	58.140	2.28e-08	62.8
Protobothrops_mucrosquamatus_C9A	OZ077559.1	583	81	277	357	66160126	66159884	30.864	4.50e-07	58.9
Protobothrops_mucrosquamatus_C9A	OZ077560.1	583	228	302	514	13724600	13723989	26.316	1.28e-07	60.5
Protobothrops_mucrosquamatus_C9A	OZ077565.1	583	228	302	514	49757317	49756706	26.316	1.35e-07	60.5
Chrysopelea_ornata_C9A	OZ077558.1	584	80	454	533	20609160	20608921	86.250	1.10e-35	149
Chrysopelea_ornata_C9A	OZ077558.1	584	87	274	360	20619267	20619007	80.460	3.50e-34	144
Chrysopelea_ornata_C9A	OZ077558.1	584	77	457	533	20574807	20574577	81.818	1.48e-33	142
Chrysopelea_ornata_C9A	OZ077558.1	584	92	276	367	20583863	20583597	70.652	2.37e-33	142
Chrysopelea_ornata_C9A	OZ077558.1	584	80	194	273	20624105	20623866	68.750	2.53e-25	117
Chrysopelea_ornata_C9A	OZ077558.1	584	68	397	464	20610717	20610514	77.941	6.50e-24	112
Chrysopelea_ornata_C9A	OZ077558.1	584	63	402	464	20575987	20575799	73.016	2.50e-19	98.2
Chrysopelea_ornata_C9A	OZ077558.1	584	50	107	156	20594198	20594049	90.000	4.68e-19	97.4
Chrysopelea_ornata_C9A	OZ077558.1	584	50	107	156	20627364	20627215	86.000	2.00e-18	95.5
Chrysopelea_ornata_C9A	OZ077558.1	584	52	533	584	20607899	20607744	78.846	4.72e-18	94.4
Chrysopelea_ornata_C9A	OZ077558.1	584	51	57	107	20595467	20595315	78.431	3.32e-17	91.7
Chrysopelea_ornata_C9A	OZ077558.1	584	47	157	203	20591889	20591749	82.979	6.64e-17	90.5
Chrysopelea_ornata_C9A	OZ077558.1	584	54	54	107	20629257	20629096	74.074	8.53e-17	90.1
Chrysopelea_ornata_C9A	OZ077558.1	584	47	157	203	20625568	20625428	78.723	4.68e-16	87.8
Chrysopelea_ornata_C9A	OZ077558.1	584	78	195	272	20590471	20590238	53.846	1.14e-15	86.7
Chrysopelea_ornata_C9A	OZ077558.1	584	54	531	584	21270915	21271076	50.000	1.73e-08	63.2
Chrysopelea_ornata_C9A	OZ077558.1	584	56	530	584	21341814	21341647	51.786	3.06e-08	62.4
Chrysopelea_ornata_C9A	OZ077558.1	584	86	446	526	21269498	21269755	39.535	5.51e-08	61.6
Chrysopelea_ornata_C9A	OZ077558.1	584	42	26	67	20630252	20630127	59.524	6.64e-08	61.6
Chrysopelea_ornata_C9A	OZ077558.1	584	82	277	358	21313712	21313467	34.146	2.83e-07	59.3
Chrysopelea_ornata_C9A	OZ077558.1	584	32	26	57	20595855	20595760	78.125	4.96e-07	58.5
Chrysopelea_ornata_C9A	OZ077558.1	584	79	277	355	21354454	21354218	34.177	1.04e-06	57.4
Chrysopelea_ornata_C9A	OZ077558.1	584	50	536	584	21302092	21301943	50.000	2.40e-06	56.2
Chrysopelea_ornata_C9A	OZ077558.1	584	43	354	396	20615307	20615182	62.791	2.70e-06	56.2
Chrysopelea_ornata_C9A	OZ077558.1	584	52	533	584	20573628	20573473	63.462	7.43e-06	54.7
Chrysopelea_ornata_C9A	OZ077559.1	584	81	277	357	66109237	66109479	39.506	1.31e-09	67.0
Chrysopelea_ornata_C9A	OZ077560.1	584	219	302	515	13724600	13723989	24.658	1.35e-07	60.5
Chrysopelea_ornata_C9A	OZ077565.1	584	219	302	515	49757317	49756706	24.658	1.72e-07	60.1
Pituophis_catenifer_C9A	OZ077558.1	583	95	273	367	20583872	20583597	78.947	1.42e-39	160
Pituophis_catenifer_C9A	OZ077558.1	583	80	453	532	20609160	20608921	85.000	2.07e-35	148
Pituophis_catenifer_C9A	OZ077558.1	583	77	456	532	20574807	20574577	81.818	2.00e-33	142
Pituophis_catenifer_C9A	OZ077558.1	583	96	277	372	20619258	20618980	68.750	7.92e-32	137
Pituophis_catenifer_C9A	OZ077558.1	583	75	198	272	20624093	20623869	70.667	3.45e-25	116
Pituophis_catenifer_C9A	OZ077558.1	583	64	400	463	20610705	20610514	76.562	2.39e-21	104
Pituophis_catenifer_C9A	OZ077558.1	583	67	397	463	20575999	20575799	73.134	1.45e-20	102
Pituophis_catenifer_C9A	OZ077558.1	583	50	107	156	20594198	20594049	88.000	9.26e-19	96.3
Pituophis_catenifer_C9A	OZ077558.1	583	51	57	107	20595467	20595315	80.392	1.37e-18	95.9
Pituophis_catenifer_C9A	OZ077558.1	583	50	107	156	20627364	20627215	86.000	2.72e-18	95.1
Pituophis_catenifer_C9A	OZ077558.1	583	47	157	203	20625568	20625428	87.234	4.27e-18	94.4
Pituophis_catenifer_C9A	OZ077558.1	583	52	532	583	20607899	20607744	76.923	1.14e-17	92.8
Pituophis_catenifer_C9A	OZ077558.1	583	54	54	107	20629257	20629096	77.778	2.95e-17	91.7
Pituophis_catenifer_C9A	OZ077558.1	583	47	157	203	20591889	20591749	80.851	6.58e-16	87.4
Pituophis_catenifer_C9A	OZ077558.1	583	76	198	273	20590462	20590235	55.263	2.95e-15	85.1
Pituophis_catenifer_C9A	OZ077558.1	583	42	26	67	20630252	20630127	71.429	5.20e-10	68.2
Pituophis_catenifer_C9A	OZ077558.1	583	41	355	395	20615304	20615182	78.049	1.04e-09	67.4
Pituophis_catenifer_C9A	OZ077558.1	583	54	530	583	21270915	21271076	50.000	5.21e-09	65.1
Pituophis_catenifer_C9A	OZ077558.1	583	56	529	583	21341814	21341647	51.786	6.62e-09	64.7
Pituophis_catenifer_C9A	OZ077558.1	583	39	26	64	20595855	20595739	69.231	3.77e-08	62.4
Pituophis_catenifer_C9A	OZ077558.1	583	52	532	583	20573628	20573473	65.385	9.77e-07	57.8
Pituophis_catenifer_C9A	OZ077558.1	583	50	535	583	21302092	21301943	52.000	1.19e-06	57.4
Pituophis_catenifer_C9A	OZ077558.1	583	69	457	525	21346305	21346102	44.928	2.10e-06	56.6
Pituophis_catenifer_C9A	OZ077558.1	583	86	445	525	21269498	21269755	37.209	5.14e-06	55.5
Pituophis_catenifer_C9A	OZ077559.1	583	79	277	355	66109237	66109473	40.506	1.15e-08	63.9
Pituophis_catenifer_C9A	OZ077559.1	583	47	537	583	66129559	66129699	46.809	9.53e-07	57.8
Pituophis_catenifer_C9A	OZ077560.1	583	220	302	516	13724600	13723983	24.091	1.16e-06	57.4
Pituophis_catenifer_C9A	OZ077560.1	583	229	293	514	11657814	11658431	24.891	4.84e-06	55.5
Pituophis_catenifer_C9A	OZ077565.1	583	218	302	514	49757317	49756706	23.853	2.93e-06	56.2
Pituophis_catenifer_C9A	OZ077565.1	583	229	293	514	65032831	65032214	24.891	4.84e-06	55.5
Pantherophis_obsoletus_C9A	OZ077558.1	583	99	274	372	20619267	20618980	73.737	6.98e-37	152
Pantherophis_obsoletus_C9A	OZ077558.1	583	92	276	367	20583863	20583597	71.739	1.66e-35	148
Pantherophis_obsoletus_C9A	OZ077558.1	583	80	453	532	20609160	20608921	85.000	2.07e-35	148
Pantherophis_obsoletus_C9A	OZ077558.1	583	77	456	532	20574807	20574577	81.818	1.81e-33	142
Pantherophis_obsoletus_C9A	OZ077558.1	583	75	199	273	20624090	20623866	76.000	2.07e-26	120
Pantherophis_obsoletus_C9A	OZ077558.1	583	68	396	463	20610717	20610514	77.941	2.81e-24	114
Pantherophis_obsoletus_C9A	OZ077558.1	583	63	401	463	20575987	20575799	73.016	4.05e-19	97.4
Pantherophis_obsoletus_C9A	OZ077558.1	583	47	157	203	20625568	20625428	89.362	7.51e-19	96.7
Pantherophis_obsoletus_C9A	OZ077558.1	583	52	532	583	20607899	20607744	78.846	5.26e-18	94.0
Pantherophis_obsoletus_C9A	OZ077558.1	583	50	107	156	20594198	20594049	82.000	2.42e-17	92.0
Pantherophis_obsoletus_C9A	OZ077558.1	583	51	57	107	20595467	20595315	78.431	7.26e-17	90.5
Pantherophis_obsoletus_C9A	OZ077558.1	583	50	107	156	20627364	20627215	80.000	8.27e-17	90.1
Pantherophis_obsoletus_C9A	OZ077558.1	583	47	157	203	20591889	20591749	82.979	1.45e-16	89.4
Pantherophis_obsoletus_C9A	OZ077558.1	583	54	54	107	20629257	20629096	75.926	5.08e-16	87.8
Pantherophis_obsoletus_C9A	OZ077558.1	583	74	199	272	20590459	20590238	54.054	4.64e-14	81.3
Pantherophis_obsoletus_C9A	OZ077558.1	583	42	354	395	20615307	20615182	78.571	2.17e-10	69.3
Pantherophis_obsoletus_C9A	OZ077558.1	583	42	26	67	20630252	20630127	69.048	2.40e-09	66.2
Pantherophis_obsoletus_C9A	OZ077558.1	583	54	530	583	21270915	21271076	50.000	8.55e-09	64.3
Pantherophis_obsoletus_C9A	OZ077558.1	583	56	529	583	21341814	21341647	51.786	2.01e-08	63.2
Pantherophis_obsoletus_C9A	OZ077558.1	583	79	277	355	21313712	21313476	34.177	2.59e-07	59.7
Pantherophis_obsoletus_C9A	OZ077558.1	583	39	26	64	20595855	20595739	66.667	2.82e-07	59.3
Pantherophis_obsoletus_C9A	OZ077558.1	583	52	532	583	20573628	20573473	67.308	3.80e-07	58.9
Pantherophis_obsoletus_C9A	OZ077558.1	583	79	277	355	21354454	21354218	34.177	5.62e-07	58.5
Pantherophis_obsoletus_C9A	OZ077558.1	583	50	535	583	21302092	21301943	52.000	1.06e-06	57.4
Pantherophis_obsoletus_C9A	OZ077558.1	583	69	457	525	21346305	21346102	44.928	2.07e-06	56.6
Pantherophis_obsoletus_C9A	OZ077558.1	583	86	445	525	21269498	21269755	37.209	5.10e-06	55.5
Pantherophis_obsoletus_C9A	OZ077559.1	583	86	270	355	66109216	66109473	37.209	9.86e-10	67.4
Pantherophis_obsoletus_C9A	OZ077559.1	583	82	277	358	66160126	66159881	30.488	6.12e-07	58.2
Pantherophis_obsoletus_C9A	OZ077559.1	583	47	537	583	66129559	66129699	46.809	1.00e-06	57.8
Pantherophis_obsoletus_C9A	OZ077560.1	583	226	302	516	13724600	13723983	26.106	6.51e-08	61.6
Pantherophis_obsoletus_C9A	OZ077565.1	583	224	302	514	49757317	49756706	25.893	1.54e-07	60.1
Bothrops_jararaca_C9A	OZ077558.1	583	81	274	354	20619267	20619025	92.593	1.28e-40	164
Bothrops_jararaca_C9A	OZ077558.1	583	80	453	532	20609160	20608921	95.000	5.81e-39	159
Bothrops_jararaca_C9A	OZ077558.1	583	77	456	532	20574807	20574577	84.416	1.12e-34	145
Bothrops_jararaca_C9A	OZ077558.1	583	92	276	367	20583863	20583597	71.739	1.24e-33	142
Bothrops_jararaca_C9A	OZ077558.1	583	74	199	272	20624090	20623869	83.784	1.34e-28	127
Bothrops_jararaca_C9A	OZ077558.1	583	68	396	463	20610717	20610514	85.294	1.65e-26	120
Bothrops_jararaca_C9A	OZ077558.1	583	52	532	583	20607899	20607744	90.385	1.36e-21	105
Bothrops_jararaca_C9A	OZ077558.1	583	63	401	463	20575987	20575799	79.365	5.07e-21	103
Bothrops_jararaca_C9A	OZ077558.1	583	47	157	203	20625568	20625428	95.745	6.04e-21	103
Bothrops_jararaca_C9A	OZ077558.1	583	51	57	107	20595467	20595315	90.196	2.04e-20	101
Bothrops_jararaca_C9A	OZ077558.1	583	54	54	107	20629257	20629096	85.185	3.44e-20	100
Bothrops_jararaca_C9A	OZ077558.1	583	50	107	156	20627364	20627215	92.000	3.17e-19	97.8
Bothrops_jararaca_C9A	OZ077558.1	583	47	157	203	20591889	20591749	87.234	4.16e-18	94.4
Bothrops_jararaca_C9A	OZ077558.1	583	50	107	156	20594198	20594049	82.000	7.85e-17	90.1
Bothrops_jararaca_C9A	OZ077558.1	583	42	354	395	20615307	20615182	92.857	6.77e-14	80.9
Bothrops_jararaca_C9A	OZ077558.1	583	74	199	272	20590459	20590238	56.757	1.56e-13	79.7
Bothrops_jararaca_C9A	OZ077558.1	583	42	26	67	20630252	20630127	69.048	1.96e-10	69.7
Bothrops_jararaca_C9A	OZ077558.1	583	52	532	583	20573628	20573473	73.077	5.98e-09	64.7
Bothrops_jararaca_C9A	OZ077558.1	583	50	530	579	21270915	21271064	52.000	6.03e-09	64.7
Bothrops_jararaca_C9A	OZ077558.1	583	79	277	355	21313712	21313476	34.177	1.43e-07	60.5
Bothrops_jararaca_C9A	OZ077558.1	583	79	277	355	21354454	21354218	34.177	4.10e-07	58.9
Bothrops_jararaca_C9A	OZ077558.1	583	69	457	525	21269552	21269755	40.580	7.57e-07	58.2
Bothrops_jararaca_C9A	OZ077558.1	583	39	26	64	20595855	20595739	64.103	7.97e-07	57.8
Bothrops_jararaca_C9A	OZ077558.1	583	42	535	575	21302092	21301967	61.905	2.58e-06	56.2
Bothrops_jararaca_C9A	OZ077558.1	583	42	535	575	21341796	21341671	54.762	3.11e-06	55.8
Bothrops_jararaca_C9A	OZ077559.1	583	82	274	355	66109228	66109473	36.585	9.47e-09	64.3
Bothrops_jararaca_C9A	OZ077559.1	583	43	537	579	66129559	66129687	53.488	1.87e-07	60.1
Bothrops_jararaca_C9A	OZ077559.1	583	80	277	356	66160126	66159887	30.000	5.79e-06	55.1
Bothrops_jararaca_C9A	OZ077565.1	583	220	302	514	49757317	49756706	25.000	4.35e-07	58.9
Bothrops_jararaca_C9A	OZ077560.1	583	220	302	514	13724600	13723989	25.000	4.39e-07	58.9
Ptyas_mucosa_C9A	OZ077558.1	583	80	453	532	20609160	20608921	85.000	1.39e-35	148
Ptyas_mucosa_C9A	OZ077558.1	583	81	274	354	20619267	20619025	85.185	2.69e-35	147
Ptyas_mucosa_C9A	OZ077558.1	583	92	276	367	20583863	20583597	70.652	5.95e-34	143
Ptyas_mucosa_C9A	OZ077558.1	583	77	456	532	20574807	20574577	80.519	2.67e-33	141
Ptyas_mucosa_C9A	OZ077558.1	583	76	198	273	20624093	20623866	68.421	3.76e-24	113
Ptyas_mucosa_C9A	OZ077558.1	583	67	397	463	20610714	20610514	73.134	1.62e-22	108
Ptyas_mucosa_C9A	OZ077558.1	583	50	107	156	20594198	20594049	90.000	4.19e-19	97.4
Ptyas_mucosa_C9A	OZ077558.1	583	50	107	156	20627364	20627215	88.000	8.94e-19	96.7
Ptyas_mucosa_C9A	OZ077558.1	583	63	401	463	20575987	20575799	68.254	3.75e-18	94.4
Ptyas_mucosa_C9A	OZ077558.1	583	52	532	583	20607899	20607744	78.846	5.14e-17	90.9
Ptyas_mucosa_C9A	OZ077558.1	583	51	57	107	20595467	20595315	78.431	5.65e-17	90.9
Ptyas_mucosa_C9A	OZ077558.1	583	54	54	107	20629257	20629096	75.926	3.75e-16	88.2
Ptyas_mucosa_C9A	OZ077558.1	583	47	157	203	20625568	20625428	78.723	6.14e-16	87.4
Ptyas_mucosa_C9A	OZ077558.1	583	75	198	272	20590462	20590238	56.000	9.28e-15	83.6
Ptyas_mucosa_C9A	OZ077558.1	583	47	157	203	20591889	20591749	72.340	7.19e-14	80.9
Ptyas_mucosa_C9A	OZ077558.1	583	54	530	583	21270915	21271076	51.852	9.06e-10	67.4
Ptyas_mucosa_C9A	OZ077558.1	583	42	26	67	20630252	20630127	69.048	1.11e-09	67.4
Ptyas_mucosa_C9A	OZ077558.1	583	42	354	395	20615307	20615182	71.429	7.72e-09	64.3
Ptyas_mucosa_C9A	OZ077558.1	583	48	529	575	21341814	21341671	58.333	7.21e-08	61.2
Ptyas_mucosa_C9A	OZ077558.1	583	39	26	64	20595855	20595739	66.667	1.38e-07	60.5
Ptyas_mucosa_C9A	OZ077558.1	583	95	445	534	21269498	21269776	38.947	1.94e-07	60.1
Ptyas_mucosa_C9A	OZ077558.1	583	82	274	355	21313721	21313476	31.707	1.56e-06	57.0
Ptyas_mucosa_C9A	OZ077558.1	583	79	277	355	21354454	21354218	34.177	3.75e-06	55.8
Ptyas_mucosa_C9A	OZ077558.1	583	50	535	583	21302092	21301943	52.000	4.97e-06	55.5
Ptyas_mucosa_C9A	OZ077559.1	583	82	274	355	66109228	66109473	37.805	3.52e-09	65.5
Ptyas_mucosa_C9A	OZ077559.1	583	82	277	358	66160126	66159881	29.268	3.56e-06	55.8
Ptyas_mucosa_C9A	OZ077560.1	583	220	302	514	13724600	13723989	24.545	1.08e-06	57.4
Ptyas_mucosa_C9A	OZ077565.1	583	220	302	514	49757317	49756706	24.545	1.16e-06	57.4
Vipera_berus_C9A	OZ077558.1	583	99	274	372	20619267	20618980	84.848	2.66e-43	172
Vipera_berus_C9A	OZ077558.1	583	80	453	532	20609160	20608921	93.750	6.13e-39	159
Vipera_berus_C9A	OZ077558.1	583	77	456	532	20574807	20574577	88.312	9.18e-37	152
Vipera_berus_C9A	OZ077558.1	583	78	199	276	20624090	20623857	91.026	5.58e-34	144
Vipera_berus_C9A	OZ077558.1	583	92	276	367	20583863	20583597	67.391	4.41e-32	138
Vipera_berus_C9A	OZ077558.1	583	68	396	463	20610717	20610514	91.176	1.21e-28	127
Vipera_berus_C9A	OZ077558.1	583	52	532	583	20607899	20607744	100.000	1.22e-24	115
Vipera_berus_C9A	OZ077558.1	583	54	54	107	20629257	20629096	96.296	2.27e-23	110
Vipera_berus_C9A	OZ077558.1	583	50	107	156	20627364	20627215	100.000	4.85e-22	106
Vipera_berus_C9A	OZ077558.1	583	63	401	463	20575987	20575799	82.540	8.20e-22	106
Vipera_berus_C9A	OZ077558.1	583	47	157	203	20625568	20625428	97.872	3.39e-21	104
Vipera_berus_C9A	OZ077558.1	583	51	57	107	20595467	20595315	88.235	1.02e-19	99.4
Vipera_berus_C9A	OZ077558.1	583	47	157	203	20591889	20591749	87.234	3.50e-18	94.7
Vipera_berus_C9A	OZ077558.1	583	50	107	156	20594198	20594049	84.000	3.89e-17	91.3
Vipera_berus_C9A	OZ077558.1	583	42	354	395	20615307	20615182	100.000	1.53e-15	86.3
Vipera_berus_C9A	OZ077558.1	583	74	199	272	20590459	20590238	56.757	4.54e-15	84.7
Vipera_berus_C9A	OZ077558.1	583	42	26	67	20630252	20630127	83.333	2.94e-13	79.0
Vipera_berus_C9A	OZ077558.1	583	52	532	583	20573628	20573473	75.000	2.81e-10	69.3
Vipera_berus_C9A	OZ077558.1	583	50	530	579	21270915	21271064	54.000	4.87e-09	65.1
Vipera_berus_C9A	OZ077558.1	583	69	457	525	21269552	21269755	42.029	5.17e-08	61.6
Vipera_berus_C9A	OZ077558.1	583	70	274	343	21313721	21313512	38.571	1.44e-07	60.5
Vipera_berus_C9A	OZ077558.1	583	39	26	64	20595855	20595739	66.667	3.12e-07	59.3
Vipera_berus_C9A	OZ077558.1	583	79	277	355	21354454	21354218	34.177	3.15e-07	59.3
Vipera_berus_C9A	OZ077558.1	583	42	535	575	21302092	21301967	61.905	4.80e-06	55.5
Vipera_berus_C9A	OZ077558.1	583	42	535	575	21341796	21341671	54.762	7.54e-06	54.7
Vipera_berus_C9A	OZ077559.1	583	79	277	355	66109237	66109473	35.443	7.03e-08	61.2
Vipera_berus_C9A	OZ077559.1	583	43	537	579	66129559	66129687	55.814	1.38e-07	60.5
Vipera_berus_C9A	OZ077559.1	583	82	274	355	66160135	66159890	30.488	3.39e-06	55.8
Vipera_berus_C9A	OZ077560.1	583	227	302	514	13724600	13723989	26.432	7.57e-07	58.2
Vipera_berus_C9A	OZ077565.1	583	227	302	514	49757317	49756706	26.432	8.75e-07	57.8
Sceloporus_undulatus_C9A	OZ077558.1	591	78	460	537	20609151	20608918	69.231	6.98e-29	128
Sceloporus_undulatus_C9A	OZ077558.1	591	78	460	537	20574807	20574574	66.667	9.37e-28	124
Sceloporus_undulatus_C9A	OZ077558.1	591	84	281	364	20619258	20619007	67.857	1.28e-26	121
Sceloporus_undulatus_C9A	OZ077558.1	591	92	280	371	20583863	20583597	58.696	1.81e-26	120
Sceloporus_undulatus_C9A	OZ077558.1	591	68	400	467	20610717	20610514	48.529	2.02e-12	76.3
Sceloporus_undulatus_C9A	OZ077558.1	591	53	150	202	20625586	20625428	54.717	1.27e-11	73.6
Sceloporus_undulatus_C9A	OZ077558.1	591	50	538	587	20607893	20607744	62.000	6.36e-11	71.2
Sceloporus_undulatus_C9A	OZ077558.1	591	63	405	467	20575987	20575799	50.794	1.16e-10	70.5
Sceloporus_undulatus_C9A	OZ077558.1	591	50	106	155	20594198	20594049	64.000	1.51e-10	70.1
Sceloporus_undulatus_C9A	OZ077558.1	591	53	156	208	20591889	20591731	54.717	3.06e-10	68.9
Sceloporus_undulatus_C9A	OZ077558.1	591	52	540	591	21270933	21271088	51.923	9.87e-10	67.4
Sceloporus_undulatus_C9A	OZ077558.1	591	84	193	276	20624105	20623869	40.476	1.24e-09	67.0
Sceloporus_undulatus_C9A	OZ077558.1	591	50	106	155	20627364	20627215	62.000	1.32e-09	67.0
Sceloporus_undulatus_C9A	OZ077558.1	591	61	528	587	21341829	21341647	49.180	2.46e-09	66.2
Sceloporus_undulatus_C9A	OZ077558.1	591	42	539	579	21302092	21301967	69.048	3.83e-08	62.4
Sceloporus_undulatus_C9A	OZ077558.1	591	85	277	361	21313724	21313470	31.765	8.18e-08	61.2
Sceloporus_undulatus_C9A	OZ077558.1	591	79	281	359	21354454	21354218	35.443	1.32e-07	60.5
Sceloporus_undulatus_C9A	OZ077558.1	591	69	463	531	21269558	21269761	42.029	1.79e-07	60.1
Sceloporus_undulatus_C9A	OZ077558.1	591	40	25	64	20630255	20630136	55.000	2.62e-06	56.2
Sceloporus_undulatus_C9A	OZ077558.1	591	51	57	106	20629248	20629096	50.980	3.61e-06	55.8
Sceloporus_undulatus_C9A	OZ077558.1	591	40	25	64	20595858	20595739	57.500	4.91e-06	55.5
Sceloporus_undulatus_C9A	OZ077558.1	591	51	57	106	20595467	20595315	50.980	5.21e-06	55.5
Sceloporus_undulatus_C9A	OZ077558.1	591	80	198	277	20590459	20590235	37.500	7.51e-06	54.7
Sceloporus_undulatus_C9A	OZ077560.1	591	223	303	520	13724609	13723983	24.664	3.32e-08	62.4
Sceloporus_undulatus_C9A	OZ077560.1	591	63	533	591	132491003	132490815	42.857	3.42e-07	59.3
Sceloporus_undulatus_C9A	OZ077565.1	591	221	303	518	49757326	49756706	24.887	4.78e-08	62.0
Sceloporus_undulatus_C9A	OZ077559.1	591	82	280	361	66109234	66109479	35.366	1.31e-07	60.5
Sceloporus_undulatus_C9A	OZ077559.1	591	54	534	587	66129541	66129699	48.148	7.62e-07	58.2
Sceloporus_undulatus_C9A	OZ077559.1	591	79	281	359	66160126	66159890	31.646	4.39e-06	55.5
Sceloporus_undulatus_C9A	OZ077559.1	591	72	457	527	66126672	66126887	34.722	6.02e-06	55.1
Anolis_carolinensis_C9B	OZ077558.1	538	154	223	371	20584037	20583597	43.506	5.51e-26	118
Anolis_carolinensis_C9B	OZ077558.1	538	89	280	368	20619261	20618995	60.674	5.23e-24	112
Anolis_carolinensis_C9B	OZ077558.1	538	68	462	529	20609145	20608942	70.588	3.00e-23	110
Anolis_carolinensis_C9B	OZ077558.1	538	68	462	529	20574801	20574598	66.176	1.84e-21	104
Anolis_carolinensis_C9B	OZ077558.1	538	46	156	201	20625568	20625431	69.565	2.02e-13	79.0
Anolis_carolinensis_C9B	OZ077558.1	538	47	156	202	20591889	20591749	68.085	3.76e-13	78.2
Anolis_carolinensis_C9B	OZ077558.1	538	68	400	467	20576002	20575799	54.412	1.25e-12	76.6
Anolis_carolinensis_C9B	OZ077558.1	538	56	405	460	20610702	20610535	55.357	7.69e-12	73.9
Anolis_carolinensis_C9B	OZ077558.1	538	50	106	155	20594198	20594049	68.000	2.18e-11	72.4
Anolis_carolinensis_C9B	OZ077558.1	538	50	106	155	20627364	20627215	68.000	4.05e-11	71.6
Anolis_carolinensis_C9B	OZ077558.1	538	71	462	532	21269555	21269764	43.662	2.31e-09	65.9
Anolis_carolinensis_C9B	OZ077558.1	538	83	194	276	20624102	20623869	39.759	1.29e-07	60.5
Anolis_carolinensis_C9B	OZ077558.1	538	75	281	355	21313712	21313488	37.333	2.10e-07	59.7
Anolis_carolinensis_C9B	OZ077558.1	538	79	281	359	21354454	21354218	35.443	2.26e-07	59.7
Anolis_carolinensis_C9B	OZ077558.1	538	40	25	64	20630255	20630136	50.000	1.88e-06	56.6
Anolis_carolinensis_C9B	OZ077558.1	538	84	194	277	20590471	20590235	38.095	2.33e-06	56.2
Anolis_carolinensis_C9B	OZ077558.1	538	48	17	64	20595870	20595739	50.000	2.91e-06	55.8
Anolis_carolinensis_C9B	OZ077558.1	538	52	57	107	20629248	20629093	48.077	7.70e-06	54.7
Anolis_carolinensis_C9B	OZ077559.1	538	74	281	354	66109237	66109458	37.838	6.28e-08	61.2
Anolis_carolinensis_C9B	OZ077559.1	538	77	281	357	66160126	66159896	33.766	3.21e-07	58.9
Anolis_carolinensis_C9B	OZ077560.1	538	220	306	518	13724600	13723989	27.727	6.50e-08	61.2
Anolis_carolinensis_C9B	OZ077560.1	538	218	306	520	11657841	11658437	25.688	1.02e-06	57.4
Anolis_carolinensis_C9B	OZ077565.1	538	220	306	518	49757317	49756706	27.727	8.92e-08	60.8
Anolis_carolinensis_C9B	OZ077565.1	538	218	306	520	65032804	65032208	25.688	1.02e-06	57.4
Hydrophis_cyanocinctus_C9B	OZ077558.1	582	99	273	371	20619267	20618980	73.737	6.30e-36	149
Hydrophis_cyanocinctus_C9B	OZ077558.1	582	80	452	531	20609160	20608921	82.500	8.35e-34	143
Hydrophis_cyanocinctus_C9B	OZ077558.1	582	92	275	366	20583863	20583597	68.478	8.58e-34	143
Hydrophis_cyanocinctus_C9B	OZ077558.1	582	77	455	531	20574807	20574577	80.519	7.96e-33	140
Hydrophis_cyanocinctus_C9B	OZ077558.1	582	75	198	272	20624090	20623866	76.000	1.58e-23	111
Hydrophis_cyanocinctus_C9B	OZ077558.1	582	66	397	462	20610711	20610514	69.697	8.97e-21	102
Hydrophis_cyanocinctus_C9B	OZ077558.1	582	50	106	155	20594198	20594049	90.000	2.49e-19	98.2
Hydrophis_cyanocinctus_C9B	OZ077558.1	582	50	106	155	20627364	20627215	88.000	6.28e-19	97.1
Hydrophis_cyanocinctus_C9B	OZ077558.1	582	63	400	462	20575987	20575799	66.667	1.08e-17	93.2
Hydrophis_cyanocinctus_C9B	OZ077558.1	582	47	156	202	20625568	20625428	82.979	5.11e-17	90.9
Hydrophis_cyanocinctus_C9B	OZ077558.1	582	52	531	582	20607899	20607744	71.154	3.25e-16	88.2
Hydrophis_cyanocinctus_C9B	OZ077558.1	582	74	198	271	20590459	20590238	59.459	1.29e-15	86.3
Hydrophis_cyanocinctus_C9B	OZ077558.1	582	47	156	202	20591889	20591749	78.723	2.49e-15	85.5
Hydrophis_cyanocinctus_C9B	OZ077558.1	582	50	57	106	20595464	20595315	78.000	1.60e-14	82.8
Hydrophis_cyanocinctus_C9B	OZ077558.1	582	54	53	106	20629257	20629096	70.370	2.73e-14	82.0
Hydrophis_cyanocinctus_C9B	OZ077558.1	582	54	529	582	21270915	21271076	50.000	8.10e-09	64.3
Hydrophis_cyanocinctus_C9B	OZ077558.1	582	86	444	524	21269498	21269755	39.535	1.32e-08	63.5
Hydrophis_cyanocinctus_C9B	OZ077558.1	582	43	353	395	20615307	20615182	67.442	2.72e-07	59.3
Hydrophis_cyanocinctus_C9B	OZ077558.1	582	55	529	582	21341811	21341647	47.273	4.23e-07	58.9
Hydrophis_cyanocinctus_C9B	OZ077558.1	582	74	456	529	21346305	21346087	41.892	1.34e-06	57.4
Hydrophis_cyanocinctus_C9B	OZ077558.1	582	38	25	62	20630252	20630139	68.421	1.61e-06	57.0
Hydrophis_cyanocinctus_C9B	OZ077558.1	582	52	531	582	20573628	20573473	61.538	3.90e-06	55.8
Hydrophis_cyanocinctus_C9B	OZ077558.1	582	79	276	354	21313712	21313476	31.646	4.36e-06	55.5
Hydrophis_cyanocinctus_C9B	OZ077558.1	582	79	276	354	21354454	21354218	32.911	5.17e-06	55.5
Hydrophis_cyanocinctus_C9B	OZ077558.1	582	50	534	582	21302092	21301943	48.000	9.38e-06	54.3
Hydrophis_cyanocinctus_C9B	OZ077559.1	582	79	276	354	66109237	66109473	35.443	4.98e-08	62.0
Hydrophis_cyanocinctus_C9B	OZ077559.1	582	82	276	357	66160126	66159881	31.707	7.61e-07	58.2
Hydrophis_cyanocinctus_C9B	OZ077559.1	582	47	536	582	66129559	66129699	44.681	7.33e-06	54.7
Hydrophis_cyanocinctus_C9B	OZ077560.1	582	218	301	513	13724600	13723989	24.771	1.15e-06	57.4
Hydrophis_cyanocinctus_C9B	OZ077565.1	582	218	301	513	49757317	49756706	24.771	1.24e-06	57.4
Bothrops_jararaca_C9B	OZ077558.1	583	81	274	354	20619267	20619025	92.593	1.26e-40	164
Bothrops_jararaca_C9B	OZ077558.1	583	80	453	532	20609160	20608921	95.000	7.71e-39	158
Bothrops_jararaca_C9B	OZ077558.1	583	77	456	532	20574807	20574577	84.416	1.24e-34	145
Bothrops_jararaca_C9B	OZ077558.1	583	92	276	367	20583863	20583597	71.739	1.67e-33	142
Bothrops_jararaca_C9B	OZ077558.1	583	79	194	272	20624105	20623869	78.481	4.28e-29	129
Bothrops_jararaca_C9B	OZ077558.1	583	68	396	463	20610717	20610514	88.235	1.01e-27	124
Bothrops_jararaca_C9B	OZ077558.1	583	63	401	463	20575987	20575799	82.540	4.60e-22	107
Bothrops_jararaca_C9B	OZ077558.1	583	51	57	107	20595467	20595315	92.157	5.12e-21	103
Bothrops_jararaca_C9B	OZ077558.1	583	52	532	583	20607899	20607744	88.462	5.73e-21	103
Bothrops_jararaca_C9B	OZ077558.1	583	54	54	107	20629257	20629096	87.037	8.80e-21	102
Bothrops_jararaca_C9B	OZ077558.1	583	50	107	156	20627364	20627215	96.000	1.03e-20	102
Bothrops_jararaca_C9B	OZ077558.1	583	47	157	203	20625568	20625428	93.617	2.20e-20	101
Bothrops_jararaca_C9B	OZ077558.1	583	50	107	156	20594198	20594049	88.000	1.13e-18	96.3
Bothrops_jararaca_C9B	OZ077558.1	583	47	157	203	20591889	20591749	89.362	1.64e-18	95.5
Bothrops_jararaca_C9B	OZ077558.1	583	78	195	272	20590471	20590238	53.846	3.18e-14	82.0
Bothrops_jararaca_C9B	OZ077558.1	583	42	354	395	20615307	20615182	90.476	2.61e-13	79.0
Bothrops_jararaca_C9B	OZ077558.1	583	42	26	67	20630252	20630127	71.429	1.34e-10	70.1
Bothrops_jararaca_C9B	OZ077558.1	583	50	530	579	21270915	21271064	50.000	2.30e-08	62.8
Bothrops_jararaca_C9B	OZ077558.1	583	52	532	583	20573628	20573473	71.154	2.68e-08	62.8
Bothrops_jararaca_C9B	OZ077558.1	583	79	277	355	21313712	21313476	34.177	1.39e-07	60.5
Bothrops_jararaca_C9B	OZ077558.1	583	79	277	355	21354454	21354218	34.177	4.28e-07	58.9
Bothrops_jararaca_C9B	OZ077558.1	583	39	26	64	20595855	20595739	66.667	5.43e-07	58.5
Bothrops_jararaca_C9B	OZ077558.1	583	69	457	525	21269552	21269755	40.580	8.17e-07	57.8
Bothrops_jararaca_C9B	OZ077558.1	583	42	535	575	21302092	21301967	61.905	3.50e-06	55.8
Bothrops_jararaca_C9B	OZ077558.1	583	42	535	575	21341796	21341671	54.762	4.19e-06	55.5
Bothrops_jararaca_C9B	OZ077559.1	583	82	274	355	66109228	66109473	36.585	9.80e-09	64.3
Bothrops_jararaca_C9B	OZ077559.1	583	43	537	579	66129559	66129687	53.488	2.42e-07	59.7
Bothrops_jararaca_C9B	OZ077559.1	583	81	277	357	66160126	66159884	30.864	1.60e-06	57.0
Bothrops_jararaca_C9B	OZ077560.1	583	220	302	514	13724600	13723989	25.000	7.57e-07	58.2
Bothrops_jararaca_C9B	OZ077565.1	583	220	302	514	49757317	49756706	25.000	8.46e-07	57.8
Laticauda_colubrina_C9B	OZ077558.1	583	93	274	366	20619267	20618998	74.194	3.23e-35	147
Laticauda_colubrina_C9B	OZ077558.1	583	80	453	532	20609160	20608921	85.000	7.86e-35	146
Laticauda_colubrina_C9B	OZ077558.1	583	94	274	367	20583869	20583597	68.085	2.58e-34	144
Laticauda_colubrina_C9B	OZ077558.1	583	77	456	532	20574807	20574577	77.922	3.39e-32	138
Laticauda_colubrina_C9B	OZ077558.1	583	66	398	463	20610711	20610514	74.242	3.03e-21	104
Laticauda_colubrina_C9B	OZ077558.1	583	78	199	276	20624090	20623857	66.667	2.58e-19	98.2
Laticauda_colubrina_C9B	OZ077558.1	583	50	107	156	20627364	20627215	86.000	5.45e-19	97.1
Laticauda_colubrina_C9B	OZ077558.1	583	63	401	463	20575987	20575799	71.429	3.91e-18	94.4
Laticauda_colubrina_C9B	OZ077558.1	583	46	157	202	20625568	20625431	84.783	3.70e-17	91.3
Laticauda_colubrina_C9B	OZ077558.1	583	50	107	156	20594198	20594049	80.000	2.77e-16	88.6
Laticauda_colubrina_C9B	OZ077558.1	583	52	532	583	20607899	20607744	73.077	3.00e-16	88.6
Laticauda_colubrina_C9B	OZ077558.1	583	46	157	202	20591889	20591752	80.435	1.19e-15	86.7
Laticauda_colubrina_C9B	OZ077558.1	583	50	58	107	20595464	20595315	78.000	4.13e-15	84.7
Laticauda_colubrina_C9B	OZ077558.1	583	50	58	107	20629245	20629096	76.000	5.93e-15	84.3
Laticauda_colubrina_C9B	OZ077558.1	583	73	199	271	20590459	20590241	53.425	1.53e-11	73.2
Laticauda_colubrina_C9B	OZ077558.1	583	86	445	525	21269498	21269755	39.535	2.28e-08	62.8
Laticauda_colubrina_C9B	OZ077558.1	583	114	274	387	21313721	21313386	28.947	2.40e-08	62.8
Laticauda_colubrina_C9B	OZ077558.1	583	38	26	63	20630252	20630139	71.053	1.31e-07	60.5
Laticauda_colubrina_C9B	OZ077558.1	583	54	530	583	21270915	21271076	46.296	1.35e-07	60.5
Laticauda_colubrina_C9B	OZ077558.1	583	79	277	355	21354454	21354218	35.443	1.40e-07	60.5
Laticauda_colubrina_C9B	OZ077558.1	583	56	529	583	21341814	21341647	48.214	2.36e-07	59.7
Laticauda_colubrina_C9B	OZ077558.1	583	52	532	583	20573628	20573473	61.538	8.86e-06	54.7
Laticauda_colubrina_C9B	OZ077560.1	583	218	302	514	13724600	13723989	24.312	5.04e-09	65.1
Laticauda_colubrina_C9B	OZ077565.1	583	218	302	514	49757317	49756706	24.312	8.06e-09	64.3
Laticauda_colubrina_C9B	OZ077559.1	583	81	277	357	66109237	66109479	32.099	3.07e-08	62.4
Laticauda_colubrina_C9B	OZ077559.1	583	82	274	355	66160135	66159890	32.927	2.97e-07	59.3
Pseudonaja_textilis_C9B	OZ077558.1	583	94	274	367	20583869	20583597	69.149	4.86e-35	147
Pseudonaja_textilis_C9B	OZ077558.1	583	80	453	532	20609160	20608921	85.000	1.00e-34	146
Pseudonaja_textilis_C9B	OZ077558.1	583	99	274	372	20619267	20618980	69.697	4.96e-34	144
Pseudonaja_textilis_C9B	OZ077558.1	583	77	456	532	20574807	20574577	79.221	1.99e-32	139
Pseudonaja_textilis_C9B	OZ077558.1	583	68	396	463	20610717	20610514	70.588	6.10e-21	103
Pseudonaja_textilis_C9B	OZ077558.1	583	75	199	273	20624090	20623866	66.667	1.85e-19	98.6
Pseudonaja_textilis_C9B	OZ077558.1	583	50	107	156	20627364	20627215	90.000	2.00e-19	98.6
Pseudonaja_textilis_C9B	OZ077558.1	583	50	107	156	20594198	20594049	88.000	8.34e-19	96.7
Pseudonaja_textilis_C9B	OZ077558.1	583	63	401	463	20575987	20575799	71.429	1.59e-18	95.5
Pseudonaja_textilis_C9B	OZ077558.1	583	47	157	203	20625568	20625428	85.106	6.36e-18	93.6
Pseudonaja_textilis_C9B	OZ077558.1	583	47	157	203	20591889	20591749	80.851	2.23e-16	89.0
Pseudonaja_textilis_C9B	OZ077558.1	583	51	57	107	20595467	20595315	76.471	9.28e-15	83.6
Pseudonaja_textilis_C9B	OZ077558.1	583	54	54	107	20629257	20629096	70.370	1.43e-14	83.2
Pseudonaja_textilis_C9B	OZ077558.1	583	52	532	583	20607899	20607744	65.385	1.63e-13	79.7
Pseudonaja_textilis_C9B	OZ077558.1	583	74	199	272	20590459	20590238	52.703	1.16e-11	73.6
Pseudonaja_textilis_C9B	OZ077558.1	583	86	445	525	21269498	21269755	39.535	1.12e-08	63.9
Pseudonaja_textilis_C9B	OZ077558.1	583	38	26	63	20630252	20630139	73.684	2.73e-08	62.8
Pseudonaja_textilis_C9B	OZ077558.1	583	56	529	583	21341808	21341647	51.786	4.67e-08	62.0
Pseudonaja_textilis_C9B	OZ077558.1	583	54	530	583	21270915	21271076	46.296	9.15e-08	60.8
Pseudonaja_textilis_C9B	OZ077558.1	583	42	354	395	20615307	20615185	69.048	4.24e-07	58.9
Pseudonaja_textilis_C9B	OZ077558.1	583	78	277	354	21313712	21313479	32.051	1.16e-06	57.4
Pseudonaja_textilis_C9B	OZ077558.1	583	78	277	354	21354454	21354221	33.333	1.80e-06	56.6
Pseudonaja_textilis_C9B	OZ077558.1	583	38	26	63	20595855	20595742	65.789	1.84e-06	56.6
Pseudonaja_textilis_C9B	OZ077558.1	583	69	457	525	21346305	21346102	43.478	5.69e-06	55.1
Pseudonaja_textilis_C9B	OZ077559.1	583	93	263	355	66109201	66109473	31.183	1.71e-08	63.5
Pseudonaja_textilis_C9B	OZ077559.1	583	111	274	384	66160135	66159830	28.829	2.87e-07	59.3
Pseudonaja_textilis_C9B	OZ077559.1	583	47	537	583	66129559	66129699	44.681	5.81e-07	58.5
Pseudonaja_textilis_C9B	OZ077560.1	583	218	302	514	13724600	13723989	25.229	6.17e-07	58.2
Pseudonaja_textilis_C9B	OZ077565.1	583	218	302	514	49757317	49756706	25.229	7.07e-07	58.2
Notechis_scutatus_C9B	OZ077558.1	583	82	451	532	20609166	20608921	85.366	8.95e-36	149
Notechis_scutatus_C9B	OZ077558.1	583	99	274	372	20619267	20618980	69.697	4.03e-34	144
Notechis_scutatus_C9B	OZ077558.1	583	94	274	367	20583869	20583597	67.021	7.73e-34	143
Notechis_scutatus_C9B	OZ077558.1	583	77	456	532	20574807	20574577	80.519	2.90e-33	141
Notechis_scutatus_C9B	OZ077558.1	583	75	199	273	20624090	20623866	77.333	1.60e-24	114
Notechis_scutatus_C9B	OZ077558.1	583	66	398	463	20610711	20610514	69.697	1.14e-20	102
Notechis_scutatus_C9B	OZ077558.1	583	50	107	156	20594198	20594049	90.000	2.71e-19	98.2
Notechis_scutatus_C9B	OZ077558.1	583	50	107	156	20627364	20627215	88.000	6.37e-19	97.1
Notechis_scutatus_C9B	OZ077558.1	583	47	157	203	20625568	20625428	87.234	2.60e-18	95.1
Notechis_scutatus_C9B	OZ077558.1	583	63	401	463	20575987	20575799	66.667	1.61e-17	92.4
Notechis_scutatus_C9B	OZ077558.1	583	47	157	203	20591889	20591749	82.979	9.91e-17	90.1
Notechis_scutatus_C9B	OZ077558.1	583	52	532	583	20607899	20607744	71.154	3.95e-16	88.2
Notechis_scutatus_C9B	OZ077558.1	583	50	58	107	20595464	20595315	78.000	1.36e-14	83.2
Notechis_scutatus_C9B	OZ077558.1	583	50	58	107	20629245	20629096	74.000	2.29e-14	82.4
Notechis_scutatus_C9B	OZ077558.1	583	74	199	272	20590459	20590238	58.108	3.04e-14	82.0
Notechis_scutatus_C9B	OZ077558.1	583	54	530	583	21270915	21271076	50.000	9.23e-09	64.3
Notechis_scutatus_C9B	OZ077558.1	583	69	457	525	21269552	21269755	43.478	1.23e-08	63.9
Notechis_scutatus_C9B	OZ077558.1	583	38	26	63	20630252	20630139	71.053	1.29e-07	60.5
Notechis_scutatus_C9B	OZ077558.1	583	82	274	355	21313721	21313476	31.707	2.42e-07	59.7
Notechis_scutatus_C9B	OZ077558.1	583	42	354	395	20615307	20615185	71.429	2.77e-07	59.3
Notechis_scutatus_C9B	OZ077558.1	583	55	530	583	21341811	21341647	47.273	4.14e-07	58.9
Notechis_scutatus_C9B	OZ077558.1	583	79	277	355	21354454	21354218	32.911	3.30e-06	55.8
Notechis_scutatus_C9B	OZ077558.1	583	52	532	583	20573628	20573473	61.538	3.95e-06	55.8
Notechis_scutatus_C9B	OZ077558.1	583	69	457	525	21346305	21346102	43.478	7.35e-06	54.7
Notechis_scutatus_C9B	OZ077558.1	583	50	535	583	21302092	21301943	48.000	9.56e-06	54.3
Notechis_scutatus_C9B	OZ077559.1	583	79	277	355	66109237	66109473	32.911	1.21e-07	60.5
Notechis_scutatus_C9B	OZ077559.1	583	85	274	358	66160135	66159881	30.588	4.54e-07	58.5
Notechis_scutatus_C9B	OZ077559.1	583	47	537	583	66129559	66129699	44.681	8.28e-06	54.7
Notechis_scutatus_C9B	OZ077560.1	583	218	302	514	13724600	13723989	25.229	1.00e-06	57.8
Notechis_scutatus_C9B	OZ077565.1	583	218	302	514	49757317	49756706	25.229	1.21e-06	57.4
Pituophis_catenifer_C9B	OZ077558.1	583	118	253	367	20583926	20583597	69.492	2.48e-39	160
Pituophis_catenifer_C9B	OZ077558.1	583	77	456	532	20609151	20608921	90.909	1.28e-37	154
Pituophis_catenifer_C9B	OZ077558.1	583	77	456	532	20574807	20574577	84.416	2.16e-35	148
Pituophis_catenifer_C9B	OZ077558.1	583	96	277	372	20619258	20618980	68.750	5.70e-31	134
Pituophis_catenifer_C9B	OZ077558.1	583	76	198	273	20590462	20590235	75.000	5.64e-24	112
Pituophis_catenifer_C9B	OZ077558.1	583	67	397	463	20575999	20575799	76.119	3.77e-21	103
Pituophis_catenifer_C9B	OZ077558.1	583	64	400	463	20610705	20610514	73.438	2.51e-19	98.2
Pituophis_catenifer_C9B	OZ077558.1	583	50	107	156	20594198	20594049	88.000	4.34e-18	94.4
Pituophis_catenifer_C9B	OZ077558.1	583	47	157	203	20625568	20625428	82.979	3.51e-17	91.3
Pituophis_catenifer_C9B	OZ077558.1	583	47	157	203	20591889	20591749	82.979	5.41e-17	90.9
Pituophis_catenifer_C9B	OZ077558.1	583	50	107	156	20627364	20627215	82.000	1.21e-16	89.7
Pituophis_catenifer_C9B	OZ077558.1	583	51	57	107	20595467	20595315	76.471	6.63e-16	87.4
Pituophis_catenifer_C9B	OZ077558.1	583	52	532	583	20607899	20607744	71.154	3.36e-15	85.1
Pituophis_catenifer_C9B	OZ077558.1	583	54	54	107	20629257	20629096	74.074	3.66e-15	85.1
Pituophis_catenifer_C9B	OZ077558.1	583	75	198	272	20624093	20623869	56.000	8.97e-15	83.6
Pituophis_catenifer_C9B	OZ077558.1	583	52	532	583	20573628	20573473	88.462	2.19e-14	82.4
Pituophis_catenifer_C9B	OZ077558.1	583	40	356	395	20615301	20615182	77.500	5.63e-09	65.1
Pituophis_catenifer_C9B	OZ077558.1	583	42	26	67	20630252	20630127	64.286	8.13e-09	64.3
Pituophis_catenifer_C9B	OZ077558.1	583	39	26	64	20595855	20595739	71.795	1.71e-08	63.5
Pituophis_catenifer_C9B	OZ077558.1	583	86	445	525	21269498	21269755	38.372	3.02e-07	59.3
Pituophis_catenifer_C9B	OZ077558.1	583	69	457	525	21346305	21346102	44.928	1.48e-06	57.0
Pituophis_catenifer_C9B	OZ077558.1	583	46	530	575	21270915	21271052	50.000	3.25e-06	55.8
Pituophis_catenifer_C9B	OZ077558.1	583	71	273	343	21313724	21313512	36.620	7.10e-06	54.7
Pituophis_catenifer_C9B	OZ077565.1	583	231	293	516	65032831	65032208	26.407	3.33e-10	68.9
Pituophis_catenifer_C9B	OZ077565.1	583	218	302	514	49757317	49756706	24.312	9.63e-08	60.8
Pituophis_catenifer_C9B	OZ077560.1	583	231	293	516	11657814	11658437	26.407	3.33e-10	68.9
Pituophis_catenifer_C9B	OZ077560.1	583	218	302	514	13724600	13723989	24.312	7.21e-08	61.2
Pituophis_catenifer_C9B	OZ077559.1	583	76	277	352	66109237	66109464	40.789	1.36e-08	63.5
Pituophis_catenifer_C9B	OZ077559.1	583	41	537	577	66129559	66129681	56.098	2.88e-06	56.2
Pituophis_catenifer_C9B	OZ077559.1	583	78	453	529	66126672	66126905	35.897	3.91e-06	55.8
Pantherophis_obsoletus_C9B	OZ077558.1	583	99	274	372	20619267	20618980	70.707	3.41e-35	147
Pantherophis_obsoletus_C9B	OZ077558.1	583	118	253	367	20583926	20583597	60.169	9.11e-34	143
Pantherophis_obsoletus_C9B	OZ077558.1	583	77	456	532	20574807	20574577	81.818	9.88e-34	143
Pantherophis_obsoletus_C9B	OZ077558.1	583	77	456	532	20609151	20608921	80.519	4.65e-33	140
Pantherophis_obsoletus_C9B	OZ077558.1	583	75	198	272	20590462	20590238	74.667	1.68e-23	111
Pantherophis_obsoletus_C9B	OZ077558.1	583	67	397	463	20575999	20575799	74.627	2.47e-20	101
Pantherophis_obsoletus_C9B	OZ077558.1	583	51	57	107	20595467	20595315	84.314	6.17e-20	100
Pantherophis_obsoletus_C9B	OZ077558.1	583	64	400	463	20610705	20610514	75.000	1.06e-19	99.4
Pantherophis_obsoletus_C9B	OZ077558.1	583	51	57	107	20629248	20629096	84.314	1.52e-18	95.9
Pantherophis_obsoletus_C9B	OZ077558.1	583	50	107	156	20594198	20594049	88.000	5.26e-18	94.0
Pantherophis_obsoletus_C9B	OZ077558.1	583	47	157	203	20625568	20625428	82.979	4.32e-17	91.3
Pantherophis_obsoletus_C9B	OZ077558.1	583	47	157	203	20591889	20591749	82.979	6.77e-17	90.5
Pantherophis_obsoletus_C9B	OZ077558.1	583	50	107	156	20627364	20627215	82.000	1.27e-16	89.7
Pantherophis_obsoletus_C9B	OZ077558.1	583	56	528	583	20607911	20607744	69.643	3.75e-16	88.2
Pantherophis_obsoletus_C9B	OZ077558.1	583	78	198	275	20624093	20623860	56.410	1.79e-15	85.9
Pantherophis_obsoletus_C9B	OZ077558.1	583	56	528	583	20573640	20573473	82.143	2.03e-14	82.4
Pantherophis_obsoletus_C9B	OZ077558.1	583	42	354	395	20615307	20615182	78.571	1.86e-10	69.7
Pantherophis_obsoletus_C9B	OZ077558.1	583	42	26	67	20630252	20630127	69.048	2.84e-09	65.9
Pantherophis_obsoletus_C9B	OZ077558.1	583	69	457	525	21269552	21269755	40.580	7.21e-08	61.2
Pantherophis_obsoletus_C9B	OZ077558.1	583	81	275	355	21313718	21313476	34.568	1.22e-07	60.5
Pantherophis_obsoletus_C9B	OZ077558.1	583	39	26	64	20595855	20595739	66.667	2.40e-07	59.7
Pantherophis_obsoletus_C9B	OZ077558.1	583	81	275	355	21354460	21354218	34.568	6.89e-07	58.2
Pantherophis_obsoletus_C9B	OZ077558.1	583	73	457	529	21346305	21346090	39.726	3.72e-06	55.8
Pantherophis_obsoletus_C9B	OZ077558.1	583	40	536	575	21270933	21271052	52.500	4.76e-06	55.5
Pantherophis_obsoletus_C9B	OZ077559.1	583	82	274	355	66109228	66109473	37.805	2.66e-09	65.9
Pantherophis_obsoletus_C9B	OZ077559.1	583	85	274	358	66160135	66159881	29.412	7.64e-07	58.2
Pantherophis_obsoletus_C9B	OZ077559.1	583	41	537	577	66129559	66129681	58.537	2.00e-06	56.6
Pantherophis_obsoletus_C9B	OZ077559.1	583	72	453	523	66126672	66126887	36.111	8.42e-06	54.7
Pantherophis_obsoletus_C9B	OZ077560.1	583	218	302	514	13724600	13723989	24.312	2.13e-07	59.7
Pantherophis_obsoletus_C9B	OZ077560.1	583	225	298	516	11657829	11658437	25.778	5.07e-07	58.5
Pantherophis_obsoletus_C9B	OZ077565.1	583	218	302	514	49757317	49756706	24.312	2.77e-07	59.3
Pantherophis_obsoletus_C9B	OZ077565.1	583	225	298	516	65032816	65032208	25.778	5.07e-07	58.5
Crotalus_tigris_C9B	OZ077558.1	583	94	274	367	20583869	20583597	81.915	9.55e-40	161
Crotalus_tigris_C9B	OZ077558.1	583	77	456	532	20574807	20574577	93.506	1.59e-38	157
Crotalus_tigris_C9B	OZ077558.1	583	80	453	532	20609160	20608921	83.750	1.11e-35	149
Crotalus_tigris_C9B	OZ077558.1	583	78	195	272	20590471	20590238	87.179	2.87e-31	135
Crotalus_tigris_C9B	OZ077558.1	583	106	276	380	20619261	20618944	60.377	1.20e-29	130
Crotalus_tigris_C9B	OZ077558.1	583	68	396	463	20576002	20575799	88.235	9.55e-26	118
Crotalus_tigris_C9B	OZ077558.1	583	51	57	107	20595467	20595315	96.078	1.16e-22	108
Crotalus_tigris_C9B	OZ077558.1	583	68	398	463	20610717	20610514	80.882	2.16e-22	107
Crotalus_tigris_C9B	OZ077558.1	583	50	107	156	20594198	20594049	96.000	6.71e-21	103
Crotalus_tigris_C9B	OZ077558.1	583	47	157	203	20591889	20591749	97.872	1.32e-20	102
Crotalus_tigris_C9B	OZ077558.1	583	54	54	107	20629257	20629096	85.185	5.00e-20	100
Crotalus_tigris_C9B	OZ077558.1	583	50	107	156	20627364	20627215	88.000	2.97e-18	94.7
Crotalus_tigris_C9B	OZ077558.1	583	47	157	203	20625568	20625428	87.234	4.16e-18	94.4
Crotalus_tigris_C9B	OZ077558.1	583	52	532	583	20607899	20607744	73.077	1.02e-16	89.7
Crotalus_tigris_C9B	OZ077558.1	583	52	532	583	20573628	20573473	94.231	3.21e-16	88.2
Crotalus_tigris_C9B	OZ077558.1	583	79	194	272	20624105	20623869	54.430	1.32e-15	86.3
Crotalus_tigris_C9B	OZ077558.1	583	42	354	395	20579951	20579826	92.857	5.05e-14	81.3
Crotalus_tigris_C9B	OZ077558.1	583	39	26	64	20595855	20595739	82.051	5.68e-11	71.2
Crotalus_tigris_C9B	OZ077558.1	583	42	26	67	20630252	20630127	66.667	2.36e-08	62.8
Crotalus_tigris_C9B	OZ077558.1	583	69	457	525	21269552	21269755	40.580	2.66e-07	59.3
Crotalus_tigris_C9B	OZ077558.1	583	50	530	579	21270915	21271064	46.000	1.39e-06	57.0
Crotalus_tigris_C9B	OZ077560.1	583	218	302	514	13724600	13723989	26.147	1.28e-08	63.9
Crotalus_tigris_C9B	OZ077565.1	583	218	302	514	49757317	49756706	26.147	1.77e-08	63.2
Crotalus_tigris_C9B	OZ077559.1	583	75	277	351	66109237	66109461	38.667	9.47e-08	60.8
Crotalus_tigris_C9B	OZ077559.1	583	43	537	579	66129559	66129687	53.488	7.90e-07	57.8
Ptyas_mucosa_C9B	OZ077558.1	583	118	253	367	20583926	20583597	71.186	3.17e-40	162
Ptyas_mucosa_C9B	OZ077558.1	583	77	456	532	20574807	20574577	80.519	1.24e-32	139
Ptyas_mucosa_C9B	OZ077558.1	583	77	456	532	20609151	20608921	79.221	5.99e-32	137
Ptyas_mucosa_C9B	OZ077558.1	583	90	277	366	20619258	20618998	72.222	3.38e-31	135
Ptyas_mucosa_C9B	OZ077558.1	583	76	198	273	20590462	20590235	73.684	2.19e-23	110
Ptyas_mucosa_C9B	OZ077558.1	583	67	397	463	20575999	20575799	73.134	4.66e-19	97.4
Ptyas_mucosa_C9B	OZ077558.1	583	58	400	457	20610705	20610532	79.310	2.19e-18	95.1
Ptyas_mucosa_C9B	OZ077558.1	583	50	107	156	20594198	20594049	86.000	2.71e-17	91.7
Ptyas_mucosa_C9B	OZ077558.1	583	47	157	203	20591889	20591749	82.979	5.00e-17	90.9
Ptyas_mucosa_C9B	OZ077558.1	583	51	57	107	20595467	20595315	78.431	5.05e-17	90.9
Ptyas_mucosa_C9B	OZ077558.1	583	56	528	583	20607911	20607744	71.429	6.16e-17	90.5
Ptyas_mucosa_C9B	OZ077558.1	583	47	157	203	20625568	20625428	80.851	1.58e-16	89.4
Ptyas_mucosa_C9B	OZ077558.1	583	54	54	107	20629257	20629096	74.074	1.75e-16	89.4
Ptyas_mucosa_C9B	OZ077558.1	583	56	528	583	20573640	20573473	87.500	4.46e-16	87.8
Ptyas_mucosa_C9B	OZ077558.1	583	50	107	156	20627364	20627215	80.000	8.16e-16	87.0
Ptyas_mucosa_C9B	OZ077558.1	583	79	194	272	20624105	20623869	54.430	5.17e-15	84.3
Ptyas_mucosa_C9B	OZ077558.1	583	44	536	579	21270933	21271064	52.273	2.87e-07	59.3
Ptyas_mucosa_C9B	OZ077558.1	583	36	32	67	20630234	20630127	66.667	7.32e-07	58.2
Ptyas_mucosa_C9B	OZ077558.1	583	69	457	525	21269552	21269755	39.130	8.17e-07	57.8
Ptyas_mucosa_C9B	OZ077558.1	583	39	355	393	20579948	20579832	66.667	3.27e-06	55.8
Ptyas_mucosa_C9B	OZ077558.1	583	70	460	529	21346296	21346090	41.429	4.23e-06	55.5
Ptyas_mucosa_C9B	OZ077559.1	583	76	277	352	66109237	66109464	40.789	1.40e-08	63.5
Ptyas_mucosa_C9B	OZ077559.1	583	43	537	579	66129559	66129687	53.488	3.52e-07	58.9
Ptyas_mucosa_C9B	OZ077560.1	583	218	302	514	13724600	13723989	25.229	4.21e-07	58.9
Ptyas_mucosa_C9B	OZ077565.1	583	218	302	514	49757317	49756706	25.229	6.17e-07	58.2
