# Elgaria_multicarinata DAB2/FYB1 anchors on NC_086176.1:96433139-100465014 (sstart/send relative to region; add 96433138)
Anolis_carolinensis_DAB2	1981028	1981675	325
Anolis_carolinensis_DAB2	1986619	1987200	236
Anolis_carolinensis_DAB2	1972810	1972950	101
Anolis_carolinensis_DAB2	1975302	1975436	100
Anolis_carolinensis_DAB2	1974140	1974247	73.6
Anolis_carolinensis_DAB2	1984590	1984751	73.2
Anolis_carolinensis_DAB2	1987929	1988048	54.7
Anolis_carolinensis_DAB2	1971616	1971717	54.3
Anolis_carolinensis_DAB2	1979324	1979464	47.8
Anolis_carolinensis_FYB1	2057721	2058932	354
Anolis_carolinensis_FYB1	2096188	2096361	95.9
Anolis_carolinensis_FYB1	2078277	2078429	94.0
Anolis_carolinensis_FYB1	2081616	2081756	72.8
Anolis_carolinensis_FYB1	2088255	2088404	56.6
Anolis_carolinensis_FYB1	2091800	2091961	50.8
Anolis_carolinensis_FYB1	2091275	2091415	50.4
Thamnophis_elegans_DAB2	1981028	1981675	305
Thamnophis_elegans_DAB2	1986649	1987194	218
Thamnophis_elegans_DAB2	1975302	1975436	99.0
Thamnophis_elegans_DAB2	1972810	1972950	96.7
Thamnophis_elegans_DAB2	1974140	1974247	71.6
Thamnophis_elegans_DAB2	1984590	1984751	67.4
Thamnophis_elegans_DAB2	1971616	1971714	51.6
Thamnophis_elegans_DAB2	1979324	1979464	50.1
Thamnophis_elegans_DAB2	1987926	1988045	48.1
Thamnophis_elegans_FYB1	2057721	2058929	266
Thamnophis_elegans_FYB1	2096188	2096361	96.7
Thamnophis_elegans_FYB1	2078277	2078432	85.1
Thamnophis_elegans_FYB1	2081616	2081756	79.0
Thamnophis_elegans_FYB1	2088255	2088389	60.5
Thamnophis_elegans_FYB1	2091800	2091961	51.6
