# Carinascincus_ocellatus DAB2/FYB1 anchors on OZ258364.1:241638674-245652063 (sstart/send relative to region; add 241638673)
Anolis_carolinensis_DAB2	1983636	1984277	283
Anolis_carolinensis_DAB2	1986951	1987490	226
Anolis_carolinensis_DAB2	1979800	1979934	100
Anolis_carolinensis_DAB2	1978161	1978301	93.2
Anolis_carolinensis_DAB2	1978913	1979020	74.3
Anolis_carolinensis_DAB2	1985485	1985643	61.6
Anolis_carolinensis_FYB1	2040505	2041650	299
Anolis_carolinensis_FYB1	2051951	2052175	108
Anolis_carolinensis_FYB1	2068089	2068262	93.2
Anolis_carolinensis_FYB1	2056472	2056612	71.2
Anolis_carolinensis_FYB1	2059488	2059607	60.1
Thamnophis_elegans_DAB2	1983636	1984277	287
Thamnophis_elegans_DAB2	1986951	1987583	188
Thamnophis_elegans_DAB2	1979791	1979934	99.0
Thamnophis_elegans_DAB2	1978167	1978301	89.7
Thamnophis_elegans_DAB2	1978913	1979020	72.4
Thamnophis_elegans_DAB2	1985485	1985643	56.6
Thamnophis_elegans_FYB1	2040505	2041656	228
Thamnophis_elegans_FYB1	2051951	2052130	90.9
Thamnophis_elegans_FYB1	2068089	2068262	85.9
Thamnophis_elegans_FYB1	2056472	2056612	79.7
Thamnophis_elegans_FYB1	2059488	2059622	68.6
Thamnophis_elegans_FYB1	2066724	2066855	52.8
