Lacerta_agilis_C9A	JBPPCB010000002.1	589	125	245	369	250388150	250388485	50.400	2.73e-30	132
Lacerta_agilis_C9A	JBPPCB010000002.1	589	78	279	356	250354656	250354889	70.513	4.68e-28	125
Lacerta_agilis_C9A	JBPPCB010000002.1	589	74	461	534	250365048	250365269	68.919	3.66e-26	119
Lacerta_agilis_C9A	JBPPCB010000002.1	589	74	461	534	250397555	250397776	67.568	5.85e-25	115
Lacerta_agilis_C9A	JBPPCB010000002.1	589	48	154	201	250350910	250351053	75.000	8.86e-16	86.7
Lacerta_agilis_C9A	JBPPCB010000002.1	589	47	155	201	250382074	250382214	74.468	6.65e-15	84.0
Lacerta_agilis_C9A	JBPPCB010000002.1	589	55	100	154	250349169	250349333	69.091	5.81e-14	80.9
Lacerta_agilis_C9A	JBPPCB010000002.1	589	50	105	154	250379766	250379915	70.000	5.41e-13	77.8
Lacerta_agilis_C9A	JBPPCB010000002.1	589	56	403	458	250362724	250362891	57.143	5.02e-11	71.6
Lacerta_agilis_C9A	JBPPCB010000002.1	589	52	534	584	250366617	250366772	63.462	1.83e-10	69.7
Lacerta_agilis_C9A	JBPPCB010000002.1	589	63	403	465	250395742	250395930	52.381	4.71e-10	68.2
Lacerta_agilis_C9A	JBPPCB010000002.1	589	51	56	105	250378500	250378652	58.824	1.07e-09	67.0
Lacerta_agilis_C9A	JBPPCB010000002.1	589	52	56	106	250347301	250347456	55.769	6.87e-09	64.7
Lacerta_agilis_C9A	JBPPCB010000002.1	589	60	470	529	249722204	249722025	46.667	1.17e-07	60.5
Lacerta_agilis_C9A	JBPPCB010000018.1	589	222	301	517	14135552	14134929	26.126	2.50e-10	69.3
Lacerta_agilis_C9A	JBPPCB010000003.1	589	81	279	359	66438986	66439228	37.037	6.59e-09	64.7
Zootoca_vivipara_C9A	JBPPCB010000002.1	589	102	276	369	250388189	250388485	58.824	6.02e-30	131
Zootoca_vivipara_C9A	JBPPCB010000002.1	589	78	279	356	250354656	250354889	71.795	1.43e-28	127
Zootoca_vivipara_C9A	JBPPCB010000002.1	589	74	461	534	250365048	250365269	70.270	2.52e-26	120
Zootoca_vivipara_C9A	JBPPCB010000002.1	589	74	461	534	250397555	250397776	66.216	1.50e-24	114
Zootoca_vivipara_C9A	JBPPCB010000002.1	589	48	154	201	250350910	250351053	75.000	8.13e-16	87.0
Zootoca_vivipara_C9A	JBPPCB010000002.1	589	47	155	201	250382074	250382214	74.468	6.48e-15	84.0
Zootoca_vivipara_C9A	JBPPCB010000002.1	589	55	100	154	250349169	250349333	69.091	7.78e-14	80.5
Zootoca_vivipara_C9A	JBPPCB010000002.1	589	50	105	154	250379766	250379915	70.000	7.18e-13	77.4
Zootoca_vivipara_C9A	JBPPCB010000002.1	589	61	398	458	250362709	250362891	55.738	8.05e-12	73.9
Zootoca_vivipara_C9A	JBPPCB010000002.1	589	63	403	465	250395742	250395930	53.968	1.33e-10	70.1
Zootoca_vivipara_C9A	JBPPCB010000002.1	589	52	534	584	250366617	250366772	63.462	4.33e-10	68.6
Zootoca_vivipara_C9A	JBPPCB010000002.1	589	51	56	105	250378500	250378652	58.824	8.21e-10	67.4
Zootoca_vivipara_C9A	JBPPCB010000002.1	589	52	56	106	250347301	250347456	55.769	4.56e-09	65.1
Zootoca_vivipara_C9A	JBPPCB010000002.1	589	60	470	529	249722204	249722025	45.000	1.94e-07	59.7
Zootoca_vivipara_C9A	JBPPCB010000002.1	589	79	279	357	249643963	249644199	30.380	8.79e-06	54.3
Zootoca_vivipara_C9A	JBPPCB010000018.1	589	222	301	517	14135552	14134929	25.676	1.65e-09	66.6
Zootoca_vivipara_C9A	JBPPCB010000018.1	589	221	300	518	12103311	12103919	24.887	1.54e-07	60.1
Zootoca_vivipara_C9A	JBPPCB010000003.1	589	109	279	387	66438986	66439303	31.193	4.89e-09	65.1
Podarcis_muralis_C9A	JBPPCB010000002.1	589	127	245	371	250388150	250388491	48.819	1.21e-29	130
Podarcis_muralis_C9A	JBPPCB010000002.1	589	79	278	356	250354653	250354889	72.152	4.98e-29	128
Podarcis_muralis_C9A	JBPPCB010000002.1	589	74	461	534	250365048	250365269	67.568	2.31e-25	117
Podarcis_muralis_C9A	JBPPCB010000002.1	589	74	461	534	250397555	250397776	64.865	6.23e-24	112
Podarcis_muralis_C9A	JBPPCB010000002.1	589	48	154	201	250350910	250351053	75.000	8.71e-16	87.0
Podarcis_muralis_C9A	JBPPCB010000002.1	589	47	155	201	250382074	250382214	74.468	7.01e-15	84.0
Podarcis_muralis_C9A	JBPPCB010000002.1	589	55	100	154	250349169	250349333	69.091	6.12e-14	80.9
Podarcis_muralis_C9A	JBPPCB010000002.1	589	50	105	154	250379766	250379915	70.000	5.41e-13	77.8
Podarcis_muralis_C9A	JBPPCB010000002.1	589	58	531	584	250366599	250366772	62.069	4.42e-11	71.6
Podarcis_muralis_C9A	JBPPCB010000002.1	589	59	400	458	250362715	250362891	50.847	1.10e-09	67.0
Podarcis_muralis_C9A	JBPPCB010000002.1	589	52	56	106	250378500	250378655	57.692	1.52e-09	66.6
Podarcis_muralis_C9A	JBPPCB010000002.1	589	64	402	465	250395739	250395930	51.562	2.05e-09	66.2
Podarcis_muralis_C9A	JBPPCB010000002.1	589	52	56	106	250347301	250347456	55.769	7.55e-09	64.3
Podarcis_muralis_C9A	JBPPCB010000002.1	589	112	422	529	249722357	249722025	32.143	1.14e-07	60.5
Podarcis_muralis_C9A	JBPPCB010000002.1	589	83	192	274	250352597	250352833	38.554	5.50e-06	55.1
Podarcis_muralis_C9A	JBPPCB010000002.1	589	79	279	357	249643963	249644199	30.380	8.86e-06	54.3
Podarcis_muralis_C9A	JBPPCB010000018.1	589	223	301	516	14135552	14134932	26.457	8.08e-09	64.3
Podarcis_muralis_C9A	JBPPCB010000003.1	589	109	279	387	66438986	66439303	30.275	1.88e-08	63.2
Podarcis_muralis_C9A	JBPPCB010000003.1	589	82	279	360	66500508	66500263	28.049	8.71e-06	54.3
Anolis_carolinensis_C9A	JBPPCB010000002.1	591	81	457	537	250365030	250365272	65.432	2.80e-28	126
Anolis_carolinensis_C9A	JBPPCB010000002.1	591	78	460	537	250397546	250397779	61.538	2.11e-26	120
Anolis_carolinensis_C9A	JBPPCB010000002.1	591	79	280	358	250354653	250354889	68.354	7.16e-25	115
Anolis_carolinensis_C9A	JBPPCB010000002.1	591	101	254	354	250388153	250388443	52.475	3.76e-24	113
Anolis_carolinensis_C9A	JBPPCB010000002.1	591	52	151	202	250350898	250351053	61.538	1.70e-14	82.8
Anolis_carolinensis_C9A	JBPPCB010000002.1	591	47	156	202	250382074	250382214	68.085	1.11e-13	80.1
Anolis_carolinensis_C9A	JBPPCB010000002.1	591	50	106	155	250349184	250349333	68.000	3.08e-11	72.0
Anolis_carolinensis_C9A	JBPPCB010000002.1	591	50	106	155	250379766	250379915	62.000	1.67e-10	69.7
Anolis_carolinensis_C9A	JBPPCB010000002.1	591	60	408	467	250362733	250362912	53.333	3.26e-10	68.9
Anolis_carolinensis_C9A	JBPPCB010000002.1	591	60	408	467	250395751	250395930	53.333	1.68e-09	66.6
Anolis_carolinensis_C9A	JBPPCB010000002.1	591	52	536	587	250366617	250366772	53.846	2.51e-09	65.9
Anolis_carolinensis_C9A	JBPPCB010000002.1	591	157	386	531	249722492	249722025	29.299	4.11e-08	62.0
Anolis_carolinensis_C9A	JBPPCB010000002.1	591	81	281	361	249682776	249683018	34.568	1.44e-07	60.5
Anolis_carolinensis_C9A	JBPPCB010000002.1	591	82	278	359	249643954	249644199	34.146	1.51e-07	60.1
Anolis_carolinensis_C9A	JBPPCB010000002.1	591	82	195	276	250352603	250352833	36.585	2.30e-07	59.7
Anolis_carolinensis_C9A	JBPPCB010000002.1	591	52	57	107	250378500	250378655	53.846	2.70e-07	59.3
Anolis_carolinensis_C9A	JBPPCB010000002.1	591	50	542	591	249720850	249720701	48.000	3.07e-07	59.3
Anolis_carolinensis_C9A	JBPPCB010000002.1	591	50	539	587	249690341	249690490	52.000	1.85e-06	56.6
Anolis_carolinensis_C9A	JBPPCB010000002.1	591	46	25	70	250346298	250346435	47.826	2.66e-06	56.2
Anolis_carolinensis_C9A	JBPPCB010000002.1	591	52	57	107	250347301	250347456	50.000	4.87e-06	55.5
Anolis_carolinensis_C9A	JBPPCB010000003.1	591	118	281	394	66500508	66500161	29.661	4.20e-07	58.9
Anolis_carolinensis_C9A	JBPPCB010000003.1	591	73	456	527	66455331	66455546	35.616	7.91e-06	54.7
Anolis_carolinensis_C9A	JBPPCB010000001.1	591	52	542	589	131600258	131600103	53.846	5.58e-06	55.1
Pogona_vitticeps_C9A	JBPPCB010000002.1	576	83	254	336	250388198	250388446	65.060	3.37e-26	119
Pogona_vitticeps_C9A	JBPPCB010000002.1	576	84	262	345	250354656	250354907	64.286	7.38e-26	118
Pogona_vitticeps_C9A	JBPPCB010000002.1	576	78	438	515	250365030	250365263	67.949	3.52e-25	116
Pogona_vitticeps_C9A	JBPPCB010000002.1	576	75	441	515	250397546	250397770	65.333	4.39e-24	113
Pogona_vitticeps_C9A	JBPPCB010000002.1	576	49	156	204	250350913	250351059	75.510	1.18e-16	89.7
Pogona_vitticeps_C9A	JBPPCB010000002.1	576	49	156	204	250382074	250382220	69.388	1.54e-14	82.8
Pogona_vitticeps_C9A	JBPPCB010000002.1	576	49	523	571	250366626	250366772	75.510	4.47e-14	81.3
Pogona_vitticeps_C9A	JBPPCB010000002.1	576	50	106	155	250379766	250379915	66.000	1.13e-11	73.6
Pogona_vitticeps_C9A	JBPPCB010000002.1	576	67	382	448	250362712	250362912	47.761	1.59e-10	69.7
Pogona_vitticeps_C9A	JBPPCB010000002.1	576	50	106	155	250349184	250349333	66.000	1.62e-10	69.7
Pogona_vitticeps_C9A	JBPPCB010000002.1	576	62	387	448	250395745	250395930	50.000	9.48e-10	67.4
Pogona_vitticeps_C9A	JBPPCB010000002.1	576	50	523	571	249690341	249690490	62.000	1.06e-09	67.0
Pogona_vitticeps_C9A	JBPPCB010000002.1	576	55	521	575	249720865	249720701	47.273	2.02e-08	63.2
Pogona_vitticeps_C9A	JBPPCB010000002.1	576	44	519	561	249655598	249655729	63.636	3.70e-08	62.0
Pogona_vitticeps_C9A	JBPPCB010000002.1	576	74	26	85	250378112	250378333	40.541	3.82e-08	62.0
Pogona_vitticeps_C9A	JBPPCB010000002.1	576	70	502	571	250398673	250398882	58.571	8.53e-08	60.8
Pogona_vitticeps_C9A	JBPPCB010000002.1	576	51	26	76	250346301	250346447	50.980	1.42e-07	60.1
Pogona_vitticeps_C9A	JBPPCB010000002.1	576	68	443	510	249722231	249722031	44.118	1.47e-07	60.1
Pogona_vitticeps_C9A	JBPPCB010000002.1	576	87	254	340	249682758	249683012	32.184	7.82e-07	57.8
Pogona_vitticeps_C9A	JBPPCB010000002.1	576	82	259	340	249643954	249644199	36.585	7.88e-07	57.8
Pogona_vitticeps_C9A	JBPPCB010000002.1	576	52	57	107	250378500	250378655	46.154	9.15e-06	54.3
Pogona_vitticeps_C9A	JBPPCB010000003.1	576	83	258	340	66438974	66439222	34.940	3.86e-08	62.0
Pogona_vitticeps_C9A	JBPPCB010000003.1	576	46	520	565	66463464	66463601	56.522	1.21e-06	57.4
Pogona_vitticeps_C9A	JBPPCB010000003.1	576	74	436	508	66455328	66455546	37.838	1.22e-06	57.4
Gekko_japonicus_C9A	JBPPCB010000002.1	582	96	273	368	250388168	250388443	52.083	3.29e-21	103
Gekko_japonicus_C9A	JBPPCB010000002.1	582	84	457	539	250365048	250365299	54.762	9.83e-21	102
Gekko_japonicus_C9A	JBPPCB010000002.1	582	78	295	372	250354656	250354889	58.974	1.98e-20	101
Gekko_japonicus_C9A	JBPPCB010000002.1	582	81	457	537	250397555	250397779	53.086	1.73e-18	95.5
Gekko_japonicus_C9A	JBPPCB010000002.1	582	45	173	217	250350913	250351047	66.667	6.96e-11	70.9
Gekko_japonicus_C9A	JBPPCB010000002.1	582	51	122	172	250379766	250379915	60.784	1.10e-10	70.5
Gekko_japonicus_C9A	JBPPCB010000002.1	582	51	531	581	250366620	250366772	62.745	1.89e-10	69.7
Gekko_japonicus_C9A	JBPPCB010000002.1	582	45	173	217	250382074	250382208	62.222	9.68e-10	67.4
Gekko_japonicus_C9A	JBPPCB010000002.1	582	51	122	172	250349184	250349333	60.784	1.59e-09	66.6
Gekko_japonicus_C9A	JBPPCB010000002.1	582	90	438	523	249722297	249722031	35.556	6.61e-09	64.7
Gekko_japonicus_C9A	JBPPCB010000002.1	582	46	536	581	249720850	249720713	52.174	9.06e-09	64.3
Gekko_japonicus_C9A	JBPPCB010000002.1	582	82	292	373	249643954	249644199	35.366	4.00e-08	62.0
Gekko_japonicus_C9A	JBPPCB010000002.1	582	52	71	122	250378503	250378652	53.846	5.72e-08	61.6
Gekko_japonicus_C9A	JBPPCB010000002.1	582	98	279	376	249682728	249683021	29.592	1.76e-07	60.1
Gekko_japonicus_C9A	JBPPCB010000002.1	582	64	466	527	249651493	249651684	40.625	2.25e-06	56.2
Gekko_japonicus_C9A	JBPPCB010000002.1	582	52	71	122	250347304	250347453	48.077	5.63e-06	55.1
Gekko_japonicus_C9A	JBPPCB010000002.1	582	77	210	286	250352597	250352821	37.662	5.98e-06	55.1
Gekko_japonicus_C9A	JBPPCB010000018.1	582	212	316	514	12103311	12103919	26.887	1.59e-09	66.6
Gekko_japonicus_C9A	JBPPCB010000003.1	582	81	295	375	66438986	66439228	34.568	8.18e-08	60.8
Gekko_japonicus_C9A	JBPPCB010000003.1	582	67	456	521	66455346	66455546	37.313	1.28e-06	57.0
Gekko_japonicus_C9A	JBPPCB010000003.1	582	101	279	376	66500565	66500263	29.703	4.01e-06	55.5
Crotalus_tigris_C9A	JBPPCB010000002.1	583	95	273	367	250388210	250388485	82.105	1.65e-40	163
Crotalus_tigris_C9A	JBPPCB010000002.1	583	77	456	532	250397546	250397776	92.208	1.01e-37	155
Crotalus_tigris_C9A	JBPPCB010000002.1	583	80	453	532	250365030	250365269	82.500	3.49e-35	147
Crotalus_tigris_C9A	JBPPCB010000002.1	583	79	195	273	250383467	250383703	86.076	6.05e-31	134
Crotalus_tigris_C9A	JBPPCB010000002.1	583	100	276	375	250354653	250354943	62.000	3.17e-29	129
Crotalus_tigris_C9A	JBPPCB010000002.1	583	68	396	463	250395727	250395930	86.765	1.48e-25	117
Crotalus_tigris_C9A	JBPPCB010000002.1	583	52	532	583	250398727	250398882	96.154	3.25e-24	113
Crotalus_tigris_C9A	JBPPCB010000002.1	583	63	401	463	250362724	250362912	85.714	9.33e-23	108
Crotalus_tigris_C9A	JBPPCB010000002.1	583	51	57	107	250378500	250378652	92.157	5.70e-22	106
Crotalus_tigris_C9A	JBPPCB010000002.1	583	50	107	156	250379766	250379915	96.000	1.21e-21	105
Crotalus_tigris_C9A	JBPPCB010000002.1	583	47	157	203	250382074	250382214	95.745	4.37e-20	100
Crotalus_tigris_C9A	JBPPCB010000002.1	583	47	157	203	250350913	250351053	87.234	2.39e-18	95.1
Crotalus_tigris_C9A	JBPPCB010000002.1	583	54	54	107	250347292	250347453	79.630	2.92e-18	94.7
Crotalus_tigris_C9A	JBPPCB010000002.1	583	50	107	156	250349184	250349333	86.000	1.52e-17	92.4
Crotalus_tigris_C9A	JBPPCB010000002.1	583	52	532	583	250366617	250366772	71.154	3.48e-16	88.2
Crotalus_tigris_C9A	JBPPCB010000002.1	583	42	354	395	250392189	250392314	92.857	4.45e-14	81.3
Crotalus_tigris_C9A	JBPPCB010000002.1	583	77	196	272	250352603	250352833	50.649	1.57e-13	79.7
Crotalus_tigris_C9A	JBPPCB010000002.1	583	39	26	64	250378112	250378228	79.487	1.66e-10	69.7
Crotalus_tigris_C9A	JBPPCB010000002.1	583	45	26	70	250346301	250346435	64.444	1.48e-08	63.5
Crotalus_tigris_C9A	JBPPCB010000002.1	583	54	530	583	249720874	249720713	44.444	1.30e-06	57.0
Crotalus_tigris_C9A	JBPPCB010000002.1	583	69	457	525	249722234	249722031	40.580	1.35e-06	57.0
Crotalus_tigris_C9A	JBPPCB010000018.1	583	218	302	514	14135543	14134932	25.688	1.25e-08	63.5
Crotalus_tigris_C9A	JBPPCB010000003.1	583	77	277	353	66438986	66439216	37.662	6.25e-08	61.2
Crotalus_tigris_C9A	JBPPCB010000003.1	583	43	537	579	66463479	66463607	53.488	6.79e-07	58.2
Thamnophis_elegans_C9A	JBPPCB010000002.1	583	87	274	360	250354647	250354907	77.011	7.51e-34	143
Thamnophis_elegans_C9A	JBPPCB010000002.1	583	80	453	532	250365030	250365269	82.500	1.02e-32	139
Thamnophis_elegans_C9A	JBPPCB010000002.1	583	92	276	367	250388219	250388485	68.478	1.13e-32	139
Thamnophis_elegans_C9A	JBPPCB010000002.1	583	77	456	532	250397546	250397776	76.623	9.54e-30	130
Thamnophis_elegans_C9A	JBPPCB010000002.1	583	67	397	463	250362712	250362912	71.642	4.78e-22	106
Thamnophis_elegans_C9A	JBPPCB010000002.1	583	63	401	463	250395742	250395930	73.016	1.12e-19	99.4
Thamnophis_elegans_C9A	JBPPCB010000002.1	583	50	107	156	250349184	250349333	86.000	1.80e-18	95.5
Thamnophis_elegans_C9A	JBPPCB010000002.1	583	78	196	273	250352603	250352836	61.538	4.36e-18	94.4
Thamnophis_elegans_C9A	JBPPCB010000002.1	583	47	157	203	250350913	250351053	80.851	1.31e-16	89.4
Thamnophis_elegans_C9A	JBPPCB010000002.1	583	52	532	583	250366617	250366772	73.077	1.82e-16	89.0
Thamnophis_elegans_C9A	JBPPCB010000002.1	583	50	107	156	250379766	250379915	82.000	2.32e-16	88.6
Thamnophis_elegans_C9A	JBPPCB010000002.1	583	51	57	107	250378500	250378652	78.431	7.83e-16	87.0
Thamnophis_elegans_C9A	JBPPCB010000002.1	583	54	54	107	250347292	250347453	74.074	1.11e-15	86.7
Thamnophis_elegans_C9A	JBPPCB010000002.1	583	47	157	203	250382074	250382214	76.596	1.16e-14	83.2
Thamnophis_elegans_C9A	JBPPCB010000002.1	583	45	351	395	250358745	250358879	73.333	3.34e-10	68.9
Thamnophis_elegans_C9A	JBPPCB010000002.1	583	77	195	271	250383467	250383697	46.753	4.50e-10	68.6
Thamnophis_elegans_C9A	JBPPCB010000002.1	583	45	26	70	250346301	250346435	64.444	7.26e-10	67.8
Thamnophis_elegans_C9A	JBPPCB010000002.1	583	46	529	573	249655598	249655729	60.870	9.09e-09	64.3
Thamnophis_elegans_C9A	JBPPCB010000002.1	583	54	530	583	249720874	249720713	48.148	2.21e-08	62.8
Thamnophis_elegans_C9A	JBPPCB010000002.1	583	50	535	583	249690341	249690490	52.000	4.22e-08	62.0
Thamnophis_elegans_C9A	JBPPCB010000002.1	583	39	26	64	250378112	250378228	64.103	1.42e-07	60.1
Thamnophis_elegans_C9A	JBPPCB010000002.1	583	72	272	343	249643954	249644163	41.667	3.89e-06	55.5
Thamnophis_elegans_C9A	JBPPCB010000002.1	583	52	532	583	250398727	250398882	63.462	4.38e-06	55.5
Thamnophis_elegans_C9A	JBPPCB010000002.1	583	67	277	343	249682776	249682976	37.313	5.70e-06	55.1
Thamnophis_elegans_C9A	JBPPCB010000003.1	583	81	274	354	66438977	66439219	34.568	4.28e-07	58.5
Thamnophis_elegans_C9A	JBPPCB010000003.1	583	47	537	583	66463479	66463619	46.809	5.02e-06	55.1
Thamnophis_elegans_C9A	JBPPCB010000018.1	583	218	302	514	14135543	14134932	23.394	5.41e-06	55.1
Naja_naja_C9A	JBPPCB010000002.1	582	95	273	367	250388210	250388485	76.842	2.73e-38	156
Naja_naja_C9A	JBPPCB010000002.1	582	77	455	531	250397546	250397776	87.013	7.19e-35	146
Naja_naja_C9A	JBPPCB010000002.1	582	77	455	531	250365039	250365269	87.013	1.47e-34	145
Naja_naja_C9A	JBPPCB010000002.1	582	78	276	353	250354653	250354886	73.077	4.80e-28	125
Naja_naja_C9A	JBPPCB010000002.1	582	79	195	273	250383467	250383703	79.747	1.15e-27	124
Naja_naja_C9A	JBPPCB010000002.1	582	67	396	462	250395730	250395930	74.627	7.76e-21	102
Naja_naja_C9A	JBPPCB010000002.1	582	64	399	462	250362721	250362912	73.438	1.80e-19	98.6
Naja_naja_C9A	JBPPCB010000002.1	582	50	107	156	250379766	250379915	86.000	3.55e-18	94.4
Naja_naja_C9A	JBPPCB010000002.1	582	47	157	203	250382074	250382214	85.106	1.89e-17	92.0
Naja_naja_C9A	JBPPCB010000002.1	582	50	107	156	250349184	250349333	82.000	3.18e-17	91.3
Naja_naja_C9A	JBPPCB010000002.1	582	51	57	107	250378500	250378652	74.510	4.12e-17	90.9
Naja_naja_C9A	JBPPCB010000002.1	582	56	527	582	250366605	250366772	69.643	1.17e-16	89.7
Naja_naja_C9A	JBPPCB010000002.1	582	47	157	203	250350913	250351053	78.723	2.91e-16	88.2
Naja_naja_C9A	JBPPCB010000002.1	582	56	527	582	250398715	250398882	82.143	3.24e-15	85.1
Naja_naja_C9A	JBPPCB010000002.1	582	54	54	107	250347292	250347453	68.519	8.35e-15	83.6
Naja_naja_C9A	JBPPCB010000002.1	582	77	196	272	250352603	250352833	53.247	4.28e-14	81.3
Naja_naja_C9A	JBPPCB010000002.1	582	39	26	64	250378112	250378228	76.923	1.70e-09	66.6
Naja_naja_C9A	JBPPCB010000002.1	582	45	26	70	250346301	250346435	62.222	3.02e-08	62.4
Naja_naja_C9A	JBPPCB010000002.1	582	69	456	524	249722234	249722031	42.029	4.78e-08	61.6
Naja_naja_C9A	JBPPCB010000002.1	582	44	535	578	249720856	249720725	56.818	1.30e-07	60.5
Naja_naja_C9A	JBPPCB010000002.1	582	67	277	343	249643963	249644163	37.313	5.35e-06	55.1
Naja_naja_C9A	JBPPCB010000018.1	582	225	293	515	12103296	12103919	24.889	7.26e-09	64.3
Naja_naja_C9A	JBPPCB010000018.1	582	217	302	513	14135543	14134932	24.424	1.63e-07	60.1
Naja_naja_C9A	JBPPCB010000003.1	582	76	277	352	66438986	66439213	40.789	2.77e-08	62.4
Naja_naja_C9A	JBPPCB010000003.1	582	47	536	582	66463479	66463619	51.064	1.11e-06	57.4
Pseudonaja_textilis_C9A	JBPPCB010000002.1	583	95	273	367	250388210	250388485	78.947	2.10e-39	160
Pseudonaja_textilis_C9A	JBPPCB010000002.1	583	77	456	532	250365039	250365269	84.416	2.01e-33	142
Pseudonaja_textilis_C9A	JBPPCB010000002.1	583	77	456	532	250397546	250397776	83.117	2.69e-33	141
Pseudonaja_textilis_C9A	JBPPCB010000002.1	583	99	276	374	250354653	250354940	64.646	9.20e-30	130
Pseudonaja_textilis_C9A	JBPPCB010000002.1	583	79	195	273	250383467	250383703	77.215	9.87e-27	121
Pseudonaja_textilis_C9A	JBPPCB010000002.1	583	68	396	463	250395727	250395930	75.000	5.70e-22	106
Pseudonaja_textilis_C9A	JBPPCB010000002.1	583	64	400	463	250362721	250362912	73.438	1.06e-19	99.4
Pseudonaja_textilis_C9A	JBPPCB010000002.1	583	50	107	156	250349184	250349333	86.000	3.48e-18	94.4
Pseudonaja_textilis_C9A	JBPPCB010000002.1	583	50	107	156	250379766	250379915	86.000	4.32e-18	94.4
Pseudonaja_textilis_C9A	JBPPCB010000002.1	583	47	157	203	250382074	250382214	85.106	2.28e-17	92.0
Pseudonaja_textilis_C9A	JBPPCB010000002.1	583	56	528	583	250366605	250366772	71.429	5.81e-17	90.5
Pseudonaja_textilis_C9A	JBPPCB010000002.1	583	47	157	203	250350913	250351053	78.723	2.93e-16	88.2
Pseudonaja_textilis_C9A	JBPPCB010000002.1	583	51	57	107	250378500	250378652	74.510	3.86e-16	87.8
Pseudonaja_textilis_C9A	JBPPCB010000002.1	583	56	528	583	250398715	250398882	83.929	2.17e-15	85.5
Pseudonaja_textilis_C9A	JBPPCB010000002.1	583	54	54	107	250347292	250347453	70.370	6.37e-15	84.0
Pseudonaja_textilis_C9A	JBPPCB010000002.1	583	77	196	272	250352603	250352833	51.948	5.91e-14	80.9
Pseudonaja_textilis_C9A	JBPPCB010000002.1	583	39	26	64	250378112	250378228	79.487	1.96e-10	69.7
Pseudonaja_textilis_C9A	JBPPCB010000002.1	583	45	26	70	250346301	250346435	64.444	8.28e-09	64.3
Pseudonaja_textilis_C9A	JBPPCB010000002.1	583	71	457	527	249722234	249722025	42.254	5.64e-08	61.6
Pseudonaja_textilis_C9A	JBPPCB010000002.1	583	48	536	583	249720856	249720713	52.083	1.11e-07	60.5
Pseudonaja_textilis_C9A	JBPPCB010000002.1	583	41	355	395	250392192	250392314	65.854	3.14e-06	55.8
Pseudonaja_textilis_C9A	JBPPCB010000018.1	583	218	302	514	14135543	14134932	25.229	2.20e-09	66.2
Pseudonaja_textilis_C9A	JBPPCB010000018.1	583	226	293	516	12103296	12103919	24.336	7.73e-08	61.2
Pseudonaja_textilis_C9A	JBPPCB010000003.1	583	76	277	352	66438986	66439213	40.789	1.56e-08	63.5
Pseudonaja_textilis_C9A	JBPPCB010000003.1	583	47	537	583	66463479	66463619	51.064	1.06e-06	57.4
Python_bivittatus_C9A	JBPPCB010000002.1	582	80	453	532	250365030	250365269	83.750	8.62e-35	146
Python_bivittatus_C9A	JBPPCB010000002.1	582	101	274	374	250354647	250354940	70.297	1.83e-33	142
Python_bivittatus_C9A	JBPPCB010000002.1	582	92	276	367	250388219	250388485	67.391	1.59e-32	139
Python_bivittatus_C9A	JBPPCB010000002.1	582	77	456	532	250397546	250397776	76.623	1.48e-30	133
Python_bivittatus_C9A	JBPPCB010000002.1	582	61	397	457	250362712	250362894	80.328	3.58e-22	107
Python_bivittatus_C9A	JBPPCB010000002.1	582	77	196	272	250352603	250352833	64.935	5.32e-22	106
Python_bivittatus_C9A	JBPPCB010000002.1	582	57	401	457	250395742	250395912	82.456	3.46e-20	100
Python_bivittatus_C9A	JBPPCB010000002.1	582	50	107	156	250379766	250379915	88.000	5.52e-19	97.1
Python_bivittatus_C9A	JBPPCB010000002.1	582	50	107	156	250349184	250349333	90.000	6.13e-19	97.1
Python_bivittatus_C9A	JBPPCB010000002.1	582	47	157	203	250350913	250351053	80.851	4.16e-17	90.9
Python_bivittatus_C9A	JBPPCB010000002.1	582	47	157	203	250382074	250382214	78.723	5.52e-16	87.4
Python_bivittatus_C9A	JBPPCB010000002.1	582	52	532	582	250366617	250366772	73.077	1.12e-14	83.2
Python_bivittatus_C9A	JBPPCB010000002.1	582	79	194	272	250383464	250383700	50.633	3.12e-13	78.6
Python_bivittatus_C9A	JBPPCB010000002.1	582	51	57	107	250378500	250378652	64.706	2.01e-12	75.9
Python_bivittatus_C9A	JBPPCB010000002.1	582	54	54	107	250347292	250347453	62.963	2.49e-12	75.9
Python_bivittatus_C9A	JBPPCB010000002.1	582	45	26	70	250346301	250346435	66.667	1.81e-10	69.7
Python_bivittatus_C9A	JBPPCB010000002.1	582	48	535	582	250398739	250398882	83.333	1.92e-10	69.7
Python_bivittatus_C9A	JBPPCB010000002.1	582	42	354	395	250358754	250358879	69.048	3.77e-08	62.0
Python_bivittatus_C9A	JBPPCB010000002.1	582	55	529	582	249690326	249690490	50.909	1.49e-07	60.1
Python_bivittatus_C9A	JBPPCB010000002.1	582	46	529	574	249720874	249720737	54.348	1.51e-07	60.1
Python_bivittatus_C9A	JBPPCB010000002.1	582	67	459	525	249722228	249722031	43.284	3.34e-07	58.9
Python_bivittatus_C9A	JBPPCB010000002.1	582	39	26	64	250378112	250378228	64.103	8.59e-07	57.8
Python_bivittatus_C9A	JBPPCB010000003.1	582	79	277	355	66438986	66439222	36.709	2.28e-08	62.8
Python_bivittatus_C9A	JBPPCB010000003.1	582	47	530	576	66463461	66463601	51.064	6.23e-08	61.2
Python_bivittatus_C9A	JBPPCB010000018.1	582	218	302	514	14135543	14134932	24.312	1.70e-06	56.6
Notechis_scutatus_C9A	JBPPCB010000002.1	583	95	273	367	250388210	250388485	78.947	2.04e-39	160
Notechis_scutatus_C9A	JBPPCB010000002.1	583	77	456	532	250365039	250365269	81.818	2.77e-32	138
Notechis_scutatus_C9A	JBPPCB010000002.1	583	77	456	532	250397546	250397776	81.818	3.29e-32	138
Notechis_scutatus_C9A	JBPPCB010000002.1	583	99	276	374	250354653	250354940	64.646	1.15e-29	130
Notechis_scutatus_C9A	JBPPCB010000002.1	583	79	195	273	250383467	250383703	79.747	1.27e-27	124
Notechis_scutatus_C9A	JBPPCB010000002.1	583	68	396	463	250395727	250395930	75.000	2.82e-22	107
Notechis_scutatus_C9A	JBPPCB010000002.1	583	71	393	463	250362700	250362912	67.606	7.63e-20	99.8
Notechis_scutatus_C9A	JBPPCB010000002.1	583	50	107	156	250379766	250379915	88.000	1.84e-18	95.5
Notechis_scutatus_C9A	JBPPCB010000002.1	583	50	107	156	250349184	250349333	84.000	1.76e-17	92.4
Notechis_scutatus_C9A	JBPPCB010000002.1	583	47	157	203	250382074	250382214	85.106	2.04e-17	92.0
Notechis_scutatus_C9A	JBPPCB010000002.1	583	56	528	583	250366605	250366772	71.429	5.38e-17	90.9
Notechis_scutatus_C9A	JBPPCB010000002.1	583	47	157	203	250350913	250351053	78.723	2.98e-16	88.2
Notechis_scutatus_C9A	JBPPCB010000002.1	583	51	57	107	250378500	250378652	74.510	4.39e-16	87.8
Notechis_scutatus_C9A	JBPPCB010000002.1	583	56	528	583	250398715	250398882	83.929	2.62e-15	85.1
Notechis_scutatus_C9A	JBPPCB010000002.1	583	54	54	107	250347292	250347453	70.370	6.53e-15	84.0
Notechis_scutatus_C9A	JBPPCB010000002.1	583	77	196	272	250352603	250352833	53.247	4.12e-14	81.3
Notechis_scutatus_C9A	JBPPCB010000002.1	583	39	26	64	250378112	250378228	79.487	1.85e-10	69.7
Notechis_scutatus_C9A	JBPPCB010000002.1	583	45	26	70	250346301	250346435	64.444	8.56e-09	64.3
Notechis_scutatus_C9A	JBPPCB010000002.1	583	71	457	527	249722234	249722025	42.254	9.81e-08	60.8
Notechis_scutatus_C9A	JBPPCB010000002.1	583	48	536	583	249720856	249720713	52.083	1.09e-07	60.5
Notechis_scutatus_C9A	JBPPCB010000002.1	583	41	355	395	250392192	250392314	65.854	3.19e-06	55.8
Notechis_scutatus_C9A	JBPPCB010000018.1	583	218	302	514	14135543	14134932	25.229	2.73e-09	65.9
Notechis_scutatus_C9A	JBPPCB010000018.1	583	226	293	516	12103296	12103919	24.336	1.03e-07	60.8
Notechis_scutatus_C9A	JBPPCB010000003.1	583	76	277	352	66438986	66439213	40.789	1.49e-08	63.5
Notechis_scutatus_C9A	JBPPCB010000003.1	583	47	537	583	66463479	66463619	51.064	9.87e-07	57.4
Hydrophis_cyanocinctus_C9A	JBPPCB010000002.1	583	95	273	367	250388210	250388485	78.947	2.47e-39	160
Hydrophis_cyanocinctus_C9A	JBPPCB010000002.1	583	77	456	532	250397546	250397776	80.519	1.16e-31	136
Hydrophis_cyanocinctus_C9A	JBPPCB010000002.1	583	77	456	532	250365039	250365269	80.519	1.22e-31	136
Hydrophis_cyanocinctus_C9A	JBPPCB010000002.1	583	101	274	374	250354647	250354940	64.356	1.39e-29	130
Hydrophis_cyanocinctus_C9A	JBPPCB010000002.1	583	79	195	273	250383467	250383703	78.481	4.43e-27	122
Hydrophis_cyanocinctus_C9A	JBPPCB010000002.1	583	67	397	463	250395730	250395930	73.134	1.66e-20	102
Hydrophis_cyanocinctus_C9A	JBPPCB010000002.1	583	71	393	463	250362700	250362912	66.197	8.44e-19	96.3
Hydrophis_cyanocinctus_C9A	JBPPCB010000002.1	583	50	107	156	250379766	250379915	88.000	1.80e-18	95.5
Hydrophis_cyanocinctus_C9A	JBPPCB010000002.1	583	47	157	203	250382074	250382214	85.106	1.07e-17	92.8
Hydrophis_cyanocinctus_C9A	JBPPCB010000002.1	583	50	107	156	250349184	250349333	84.000	1.68e-17	92.4
Hydrophis_cyanocinctus_C9A	JBPPCB010000002.1	583	56	528	583	250366605	250366772	71.429	5.38e-17	90.9
Hydrophis_cyanocinctus_C9A	JBPPCB010000002.1	583	47	157	203	250350913	250351053	78.723	1.68e-16	89.0
Hydrophis_cyanocinctus_C9A	JBPPCB010000002.1	583	51	57	107	250378500	250378652	74.510	4.36e-16	87.8
Hydrophis_cyanocinctus_C9A	JBPPCB010000002.1	583	56	528	583	250398715	250398882	83.929	2.69e-15	85.1
Hydrophis_cyanocinctus_C9A	JBPPCB010000002.1	583	54	54	107	250347292	250347453	70.370	6.70e-15	84.0
Hydrophis_cyanocinctus_C9A	JBPPCB010000002.1	583	77	196	272	250352603	250352833	53.247	7.52e-14	80.5
Hydrophis_cyanocinctus_C9A	JBPPCB010000002.1	583	39	26	64	250378112	250378228	79.487	1.90e-10	69.7
Hydrophis_cyanocinctus_C9A	JBPPCB010000002.1	583	45	26	70	250346301	250346435	64.444	8.86e-09	64.3
Hydrophis_cyanocinctus_C9A	JBPPCB010000002.1	583	42	355	396	250392192	250392317	71.429	1.42e-08	63.5
Hydrophis_cyanocinctus_C9A	JBPPCB010000002.1	583	71	457	527	249722234	249722025	42.254	1.03e-07	60.8
Hydrophis_cyanocinctus_C9A	JBPPCB010000002.1	583	48	536	583	249720856	249720713	52.083	1.14e-07	60.5
Hydrophis_cyanocinctus_C9A	JBPPCB010000018.1	583	218	302	514	14135543	14134932	25.688	1.37e-10	70.1
Hydrophis_cyanocinctus_C9A	JBPPCB010000018.1	583	232	293	516	12103296	12103919	25.000	9.56e-08	60.8
Hydrophis_cyanocinctus_C9A	JBPPCB010000003.1	583	80	273	352	66438974	66439213	40.000	1.35e-08	63.5
Hydrophis_cyanocinctus_C9A	JBPPCB010000003.1	583	47	537	583	66463479	66463619	51.064	1.02e-06	57.4
Laticauda_colubrina_C9A	JBPPCB010000002.1	583	95	273	367	250388210	250388485	80.000	1.29e-39	160
Laticauda_colubrina_C9A	JBPPCB010000002.1	583	77	456	532	250365039	250365269	83.117	1.70e-32	139
Laticauda_colubrina_C9A	JBPPCB010000002.1	583	77	456	532	250397546	250397776	81.818	2.21e-32	139
Laticauda_colubrina_C9A	JBPPCB010000002.1	583	78	276	353	250354653	250354886	76.923	1.28e-29	130
Laticauda_colubrina_C9A	JBPPCB010000002.1	583	79	195	273	250383467	250383703	77.215	1.14e-26	121
Laticauda_colubrina_C9A	JBPPCB010000002.1	583	67	397	463	250395730	250395930	76.119	1.62e-21	105
Laticauda_colubrina_C9A	JBPPCB010000002.1	583	64	400	463	250362721	250362912	75.000	4.72e-20	100
Laticauda_colubrina_C9A	JBPPCB010000002.1	583	50	107	156	250379766	250379915	86.000	4.47e-18	94.0
Laticauda_colubrina_C9A	JBPPCB010000002.1	583	47	157	203	250382074	250382214	85.106	2.47e-17	91.7
Laticauda_colubrina_C9A	JBPPCB010000002.1	583	50	107	156	250349184	250349333	82.000	4.22e-17	90.9
Laticauda_colubrina_C9A	JBPPCB010000002.1	583	51	57	107	250378500	250378652	76.471	1.00e-16	89.7
Laticauda_colubrina_C9A	JBPPCB010000002.1	583	56	528	583	250366605	250366772	69.643	1.08e-16	89.7
Laticauda_colubrina_C9A	JBPPCB010000002.1	583	47	157	203	250350913	250351053	78.723	3.36e-16	88.2
Laticauda_colubrina_C9A	JBPPCB010000002.1	583	85	27	107	250347199	250347453	52.941	5.31e-15	84.3
Laticauda_colubrina_C9A	JBPPCB010000002.1	583	56	528	583	250398715	250398882	82.143	5.74e-15	84.3
Laticauda_colubrina_C9A	JBPPCB010000002.1	583	77	196	272	250352603	250352833	51.948	1.60e-13	79.7
Laticauda_colubrina_C9A	JBPPCB010000002.1	583	39	26	64	250378112	250378228	79.487	6.12e-10	67.8
Laticauda_colubrina_C9A	JBPPCB010000002.1	583	45	26	70	250346301	250346435	64.444	1.42e-08	63.5
Laticauda_colubrina_C9A	JBPPCB010000002.1	583	71	457	527	249722234	249722025	42.254	5.13e-08	61.6
Laticauda_colubrina_C9A	JBPPCB010000002.1	583	48	536	583	249720856	249720713	52.083	1.22e-07	60.5
Laticauda_colubrina_C9A	JBPPCB010000018.1	583	218	302	514	14135543	14134932	24.312	5.22e-09	65.1
Laticauda_colubrina_C9A	JBPPCB010000018.1	583	232	293	516	12103296	12103919	25.431	2.80e-07	59.3
Laticauda_colubrina_C9A	JBPPCB010000003.1	583	76	277	352	66438986	66439213	40.789	1.56e-08	63.5
Laticauda_colubrina_C9A	JBPPCB010000003.1	583	47	537	583	66463479	66463619	51.064	1.22e-06	57.4
Protobothrops_mucrosquamatus_C9A	JBPPCB010000002.1	583	87	274	360	250354647	250354907	87.356	3.60e-40	162
Protobothrops_mucrosquamatus_C9A	JBPPCB010000002.1	583	80	453	532	250365030	250365269	93.750	6.83e-39	158
Protobothrops_mucrosquamatus_C9A	JBPPCB010000002.1	583	77	456	532	250397546	250397776	83.117	2.35e-34	144
Protobothrops_mucrosquamatus_C9A	JBPPCB010000002.1	583	92	276	367	250388219	250388485	70.652	1.42e-33	142
Protobothrops_mucrosquamatus_C9A	JBPPCB010000002.1	583	75	199	273	250352612	250352836	78.667	5.96e-28	125
Protobothrops_mucrosquamatus_C9A	JBPPCB010000002.1	583	67	397	463	250362712	250362912	83.582	1.16e-23	111
Protobothrops_mucrosquamatus_C9A	JBPPCB010000002.1	583	52	532	583	250366617	250366772	90.385	8.83e-22	105
Protobothrops_mucrosquamatus_C9A	JBPPCB010000002.1	583	47	157	203	250350913	250351053	95.745	3.26e-21	103
Protobothrops_mucrosquamatus_C9A	JBPPCB010000002.1	583	60	404	463	250395751	250395930	85.000	9.47e-21	102
Protobothrops_mucrosquamatus_C9A	JBPPCB010000002.1	583	50	107	156	250349184	250349333	92.000	1.29e-19	99.0
Protobothrops_mucrosquamatus_C9A	JBPPCB010000002.1	583	51	57	107	250378500	250378652	86.275	1.30e-19	99.0
Protobothrops_mucrosquamatus_C9A	JBPPCB010000002.1	583	54	54	107	250347292	250347453	83.333	1.73e-19	98.6
Protobothrops_mucrosquamatus_C9A	JBPPCB010000002.1	583	50	107	156	250379766	250379915	84.000	6.44e-18	93.6
Protobothrops_mucrosquamatus_C9A	JBPPCB010000002.1	583	47	157	203	250382074	250382214	85.106	2.07e-17	92.0
Protobothrops_mucrosquamatus_C9A	JBPPCB010000002.1	583	42	354	395	250358754	250358879	90.476	1.09e-13	80.1
Protobothrops_mucrosquamatus_C9A	JBPPCB010000002.1	583	74	199	272	250383479	250383700	56.757	1.20e-13	80.1
Protobothrops_mucrosquamatus_C9A	JBPPCB010000002.1	583	45	26	70	250346301	250346435	71.111	9.42e-12	73.9
Protobothrops_mucrosquamatus_C9A	JBPPCB010000002.1	583	52	532	583	250398727	250398882	75.000	1.43e-09	66.6
Protobothrops_mucrosquamatus_C9A	JBPPCB010000002.1	583	50	530	579	249720874	249720725	48.000	3.81e-08	62.0
Protobothrops_mucrosquamatus_C9A	JBPPCB010000002.1	583	50	535	583	249690341	249690490	58.000	4.88e-08	61.6
Protobothrops_mucrosquamatus_C9A	JBPPCB010000002.1	583	69	457	525	249722234	249722031	43.478	8.00e-08	61.2
Protobothrops_mucrosquamatus_C9A	JBPPCB010000002.1	583	39	26	64	250378112	250378228	66.667	1.80e-07	60.1
Protobothrops_mucrosquamatus_C9A	JBPPCB010000002.1	583	79	277	355	249643963	249644199	34.177	2.20e-07	59.7
Protobothrops_mucrosquamatus_C9A	JBPPCB010000002.1	583	79	277	355	249682776	249683012	32.911	6.29e-07	58.2
Protobothrops_mucrosquamatus_C9A	JBPPCB010000002.1	583	40	535	573	249655610	249655729	57.500	3.01e-06	55.8
Protobothrops_mucrosquamatus_C9A	JBPPCB010000003.1	583	79	277	355	66438986	66439222	36.709	4.52e-09	65.1
Protobothrops_mucrosquamatus_C9A	JBPPCB010000003.1	583	43	537	579	66463479	66463607	58.140	2.12e-08	62.8
Protobothrops_mucrosquamatus_C9A	JBPPCB010000003.1	583	81	277	357	66500508	66500266	29.630	1.22e-06	57.4
Protobothrops_mucrosquamatus_C9A	JBPPCB010000018.1	583	228	302	514	14135543	14134932	27.193	1.07e-07	60.8
Chrysopelea_ornata_C9A	JBPPCB010000002.1	584	80	454	533	250365030	250365269	85.000	3.09e-35	147
Chrysopelea_ornata_C9A	JBPPCB010000002.1	584	81	274	354	250354647	250354889	85.185	7.89e-34	143
Chrysopelea_ornata_C9A	JBPPCB010000002.1	584	92	276	367	250388219	250388485	70.652	3.68e-33	141
Chrysopelea_ornata_C9A	JBPPCB010000002.1	584	77	457	533	250397546	250397776	80.519	1.07e-32	139
Chrysopelea_ornata_C9A	JBPPCB010000002.1	584	78	196	273	250352603	250352836	70.513	2.50e-25	117
Chrysopelea_ornata_C9A	JBPPCB010000002.1	584	67	398	464	250362712	250362912	76.119	2.58e-22	107
Chrysopelea_ornata_C9A	JBPPCB010000002.1	584	63	402	464	250395742	250395930	73.016	4.02e-19	97.4
Chrysopelea_ornata_C9A	JBPPCB010000002.1	584	52	533	584	250366617	250366772	80.769	7.51e-19	96.7
Chrysopelea_ornata_C9A	JBPPCB010000002.1	584	50	107	156	250379766	250379915	88.000	1.04e-18	96.3
Chrysopelea_ornata_C9A	JBPPCB010000002.1	584	50	107	156	250349184	250349333	86.000	1.85e-18	95.5
Chrysopelea_ornata_C9A	JBPPCB010000002.1	584	54	54	107	250378491	250378652	75.926	3.42e-17	91.3
Chrysopelea_ornata_C9A	JBPPCB010000002.1	584	47	157	203	250382074	250382214	80.851	2.58e-16	88.6
Chrysopelea_ornata_C9A	JBPPCB010000002.1	584	47	157	203	250350913	250351053	78.723	4.69e-16	87.8
Chrysopelea_ornata_C9A	JBPPCB010000002.1	584	78	195	272	250383467	250383700	53.846	1.06e-15	86.7
Chrysopelea_ornata_C9A	JBPPCB010000002.1	584	54	54	107	250347292	250347453	70.370	1.85e-15	85.9
Chrysopelea_ornata_C9A	JBPPCB010000002.1	584	54	531	584	249720874	249720713	51.852	3.30e-09	65.5
Chrysopelea_ornata_C9A	JBPPCB010000002.1	584	45	26	70	250346301	250346435	57.778	3.95e-08	62.0
Chrysopelea_ornata_C9A	JBPPCB010000002.1	584	46	530	574	249655592	249655729	58.696	1.83e-07	60.1
Chrysopelea_ornata_C9A	JBPPCB010000002.1	584	32	26	57	250378112	250378207	78.125	4.60e-07	58.5
Chrysopelea_ornata_C9A	JBPPCB010000002.1	584	69	458	526	249722234	249722031	42.029	5.41e-07	58.5
Chrysopelea_ornata_C9A	JBPPCB010000002.1	584	79	277	355	249643963	249644199	34.177	9.65e-07	57.4
Chrysopelea_ornata_C9A	JBPPCB010000002.1	584	50	536	584	249690341	249690490	50.000	1.42e-06	57.0
Chrysopelea_ornata_C9A	JBPPCB010000002.1	584	82	277	358	249682776	249683021	32.927	2.28e-06	56.2
Chrysopelea_ornata_C9A	JBPPCB010000002.1	584	43	354	396	250358754	250358879	62.791	3.31e-06	55.8
Chrysopelea_ornata_C9A	JBPPCB010000002.1	584	52	533	584	250398727	250398882	63.462	6.89e-06	54.7
Chrysopelea_ornata_C9A	JBPPCB010000002.1	584	80	277	354	249727800	249727561	37.500	9.68e-06	54.3
Chrysopelea_ornata_C9A	JBPPCB010000003.1	584	81	277	357	66438986	66439228	39.506	1.22e-09	67.0
Chrysopelea_ornata_C9A	JBPPCB010000018.1	584	219	302	515	14135543	14134932	24.658	1.36e-07	60.5
Pituophis_catenifer_C9A	JBPPCB010000002.1	583	95	273	367	250388210	250388485	78.947	2.30e-39	160
Pituophis_catenifer_C9A	JBPPCB010000002.1	583	80	453	532	250365030	250365269	83.750	6.90e-35	146
Pituophis_catenifer_C9A	JBPPCB010000002.1	583	77	456	532	250397546	250397776	80.519	1.13e-32	139
Pituophis_catenifer_C9A	JBPPCB010000002.1	583	77	277	353	250354656	250354886	80.519	2.89e-30	132
Pituophis_catenifer_C9A	JBPPCB010000002.1	583	75	198	272	250352609	250352833	70.667	2.80e-25	117
Pituophis_catenifer_C9A	JBPPCB010000002.1	583	64	400	463	250362721	250362912	75.000	3.27e-20	100
Pituophis_catenifer_C9A	JBPPCB010000002.1	583	67	397	463	250395730	250395930	73.134	3.67e-20	100
Pituophis_catenifer_C9A	JBPPCB010000002.1	583	52	532	583	250366617	250366772	78.846	1.81e-18	95.5
Pituophis_catenifer_C9A	JBPPCB010000002.1	583	50	107	156	250379766	250379915	86.000	1.96e-18	95.1
Pituophis_catenifer_C9A	JBPPCB010000002.1	583	51	57	107	250378500	250378652	80.392	2.08e-18	95.1
Pituophis_catenifer_C9A	JBPPCB010000002.1	583	50	107	156	250349184	250349333	86.000	2.52e-18	95.1
Pituophis_catenifer_C9A	JBPPCB010000002.1	583	47	157	203	250350913	250351053	87.234	3.24e-18	94.7
Pituophis_catenifer_C9A	JBPPCB010000002.1	583	54	54	107	250347292	250347453	72.222	1.36e-15	86.3
Pituophis_catenifer_C9A	JBPPCB010000002.1	583	47	157	203	250382074	250382214	78.723	2.53e-15	85.5
Pituophis_catenifer_C9A	JBPPCB010000002.1	583	76	198	273	250383476	250383703	55.263	2.74e-15	85.1
Pituophis_catenifer_C9A	JBPPCB010000002.1	583	45	26	70	250346301	250346435	68.889	1.79e-10	69.7
Pituophis_catenifer_C9A	JBPPCB010000002.1	583	41	355	395	250358757	250358879	78.049	3.57e-10	68.6
Pituophis_catenifer_C9A	JBPPCB010000002.1	583	54	530	583	249720874	249720713	51.852	5.12e-10	68.2
Pituophis_catenifer_C9A	JBPPCB010000002.1	583	46	529	573	249655592	249655729	58.696	2.03e-08	63.2
Pituophis_catenifer_C9A	JBPPCB010000002.1	583	39	26	64	250378112	250378228	69.231	3.50e-08	62.4
Pituophis_catenifer_C9A	JBPPCB010000002.1	583	50	535	583	249690341	249690490	52.000	5.92e-07	58.2
Pituophis_catenifer_C9A	JBPPCB010000002.1	583	52	532	583	250398727	250398882	65.385	9.06e-07	57.8
Pituophis_catenifer_C9A	JBPPCB010000002.1	583	69	457	525	249651463	249651666	44.928	1.95e-06	56.6
Pituophis_catenifer_C9A	JBPPCB010000003.1	583	79	277	355	66438986	66439222	40.506	1.07e-08	63.9
Pituophis_catenifer_C9A	JBPPCB010000003.1	583	47	537	583	66463479	66463619	46.809	8.84e-07	57.8
Pituophis_catenifer_C9A	JBPPCB010000003.1	583	78	453	529	66455331	66455564	34.615	9.57e-06	54.3
Pituophis_catenifer_C9A	JBPPCB010000018.1	583	229	293	514	12103296	12103913	25.328	9.46e-07	57.8
Pituophis_catenifer_C9A	JBPPCB010000018.1	583	220	302	516	14135543	14134926	24.091	1.03e-06	57.4
Pantherophis_obsoletus_C9A	JBPPCB010000002.1	583	81	274	354	250354647	250354889	87.654	2.28e-36	150
Pantherophis_obsoletus_C9A	JBPPCB010000002.1	583	92	276	367	250388219	250388485	71.739	2.83e-35	147
Pantherophis_obsoletus_C9A	JBPPCB010000002.1	583	80	453	532	250365030	250365269	83.750	6.66e-35	146
Pantherophis_obsoletus_C9A	JBPPCB010000002.1	583	77	456	532	250397546	250397776	80.519	9.90e-33	140
Pantherophis_obsoletus_C9A	JBPPCB010000002.1	583	75	199	273	250352612	250352836	76.000	1.28e-26	120
Pantherophis_obsoletus_C9A	JBPPCB010000002.1	583	67	397	463	250362712	250362912	76.119	1.33e-22	108
Pantherophis_obsoletus_C9A	JBPPCB010000002.1	583	47	157	203	250350913	250351053	89.362	4.88e-19	97.1
Pantherophis_obsoletus_C9A	JBPPCB010000002.1	583	63	401	463	250395742	250395930	73.016	6.33e-19	97.1
Pantherophis_obsoletus_C9A	JBPPCB010000002.1	583	52	532	583	250366617	250366772	80.769	8.66e-19	96.3
Pantherophis_obsoletus_C9A	JBPPCB010000002.1	583	51	57	107	250378500	250378652	80.392	7.72e-18	93.6
Pantherophis_obsoletus_C9A	JBPPCB010000002.1	583	50	107	156	250379766	250379915	80.000	5.66e-17	90.5
Pantherophis_obsoletus_C9A	JBPPCB010000002.1	583	50	107	156	250349184	250349333	80.000	7.67e-17	90.1
Pantherophis_obsoletus_C9A	JBPPCB010000002.1	583	47	157	203	250382074	250382214	80.851	5.50e-16	87.4
Pantherophis_obsoletus_C9A	JBPPCB010000002.1	583	82	30	107	250347208	250347453	54.878	2.36e-14	82.0
Pantherophis_obsoletus_C9A	JBPPCB010000002.1	583	74	199	272	250383479	250383700	54.054	4.30e-14	81.3
Pantherophis_obsoletus_C9A	JBPPCB010000002.1	583	42	354	395	250358754	250358879	78.571	7.48e-11	70.9
Pantherophis_obsoletus_C9A	JBPPCB010000002.1	583	45	26	70	250346301	250346435	66.667	9.71e-10	67.4
Pantherophis_obsoletus_C9A	JBPPCB010000002.1	583	54	530	583	249720874	249720713	51.852	1.71e-09	66.6
Pantherophis_obsoletus_C9A	JBPPCB010000002.1	583	46	529	573	249655592	249655729	58.696	5.99e-08	61.6
Pantherophis_obsoletus_C9A	JBPPCB010000002.1	583	39	26	64	250378112	250378228	66.667	2.61e-07	59.3
Pantherophis_obsoletus_C9A	JBPPCB010000002.1	583	52	532	583	250398727	250398882	67.308	3.52e-07	58.9
Pantherophis_obsoletus_C9A	JBPPCB010000002.1	583	79	277	355	249643963	249644199	34.177	5.21e-07	58.5
Pantherophis_obsoletus_C9A	JBPPCB010000002.1	583	50	535	583	249690341	249690490	52.000	5.97e-07	58.2
Pantherophis_obsoletus_C9A	JBPPCB010000002.1	583	69	457	525	249651463	249651666	44.928	1.92e-06	56.6
Pantherophis_obsoletus_C9A	JBPPCB010000002.1	583	79	277	355	249682776	249683012	32.911	2.22e-06	56.2
Pantherophis_obsoletus_C9A	JBPPCB010000003.1	583	86	270	355	66438965	66439222	37.209	9.15e-10	67.4
Pantherophis_obsoletus_C9A	JBPPCB010000003.1	583	82	277	358	66500508	66500263	30.488	6.34e-07	58.2
Pantherophis_obsoletus_C9A	JBPPCB010000003.1	583	47	537	583	66463479	66463619	46.809	9.30e-07	57.8
Pantherophis_obsoletus_C9A	JBPPCB010000003.1	583	78	453	529	66455331	66455564	34.615	9.82e-06	54.3
Pantherophis_obsoletus_C9A	JBPPCB010000018.1	583	226	302	516	14135543	14134926	26.106	6.46e-08	61.2
Pantherophis_obsoletus_C9A	JBPPCB010000018.1	583	224	298	514	12103311	12103913	25.446	4.63e-07	58.5
Bothrops_jararaca_C9A	JBPPCB010000002.1	583	81	274	354	250354647	250354889	92.593	1.61e-40	163
Bothrops_jararaca_C9A	JBPPCB010000002.1	583	80	453	532	250365030	250365269	93.750	1.92e-38	157
Bothrops_jararaca_C9A	JBPPCB010000002.1	583	77	456	532	250397546	250397776	83.117	7.44e-34	143
Bothrops_jararaca_C9A	JBPPCB010000002.1	583	92	276	367	250388219	250388485	71.739	1.71e-33	142
Bothrops_jararaca_C9A	JBPPCB010000002.1	583	74	199	272	250352612	250352833	81.081	1.48e-27	124
Bothrops_jararaca_C9A	JBPPCB010000002.1	583	67	397	463	250362712	250362912	83.582	7.36e-25	115
Bothrops_jararaca_C9A	JBPPCB010000002.1	583	52	532	583	250366617	250366772	92.308	1.82e-22	108
Bothrops_jararaca_C9A	JBPPCB010000002.1	583	47	157	203	250350913	250351053	95.745	3.34e-21	103
Bothrops_jararaca_C9A	JBPPCB010000002.1	583	63	401	463	250395742	250395930	79.365	7.54e-21	102
Bothrops_jararaca_C9A	JBPPCB010000002.1	583	51	57	107	250378500	250378652	88.235	4.14e-20	100
Bothrops_jararaca_C9A	JBPPCB010000002.1	583	54	54	107	250347292	250347453	83.333	2.65e-19	98.2
Bothrops_jararaca_C9A	JBPPCB010000002.1	583	50	107	156	250349184	250349333	92.000	2.94e-19	97.8
Bothrops_jararaca_C9A	JBPPCB010000002.1	583	47	157	203	250382074	250382214	85.106	2.15e-17	92.0
Bothrops_jararaca_C9A	JBPPCB010000002.1	583	50	107	156	250379766	250379915	80.000	1.87e-16	89.0
Bothrops_jararaca_C9A	JBPPCB010000002.1	583	42	354	395	250358754	250358879	95.238	1.11e-14	83.2
Bothrops_jararaca_C9A	JBPPCB010000002.1	583	74	199	272	250383479	250383700	56.757	1.45e-13	79.7
Bothrops_jararaca_C9A	JBPPCB010000002.1	583	45	26	70	250346301	250346435	68.889	3.10e-11	72.0
Bothrops_jararaca_C9A	JBPPCB010000002.1	583	52	532	583	250398727	250398882	73.077	5.54e-09	64.7
Bothrops_jararaca_C9A	JBPPCB010000002.1	583	54	530	583	249720874	249720713	48.148	1.13e-08	63.9
Bothrops_jararaca_C9A	JBPPCB010000002.1	583	79	277	355	249643963	249644199	34.177	3.80e-07	58.9
Bothrops_jararaca_C9A	JBPPCB010000002.1	583	50	535	583	249690341	249690490	54.000	3.93e-07	58.9
Bothrops_jararaca_C9A	JBPPCB010000002.1	583	39	26	64	250378112	250378228	64.103	7.39e-07	57.8
Bothrops_jararaca_C9A	JBPPCB010000002.1	583	112	277	383	249682776	249683111	28.571	1.00e-06	57.4
Bothrops_jararaca_C9A	JBPPCB010000002.1	583	69	457	525	249722234	249722031	40.580	1.66e-06	56.6
Bothrops_jararaca_C9A	JBPPCB010000002.1	583	40	535	573	249655610	249655729	55.000	8.50e-06	54.3
Bothrops_jararaca_C9A	JBPPCB010000003.1	583	82	274	355	66438977	66439222	36.585	8.79e-09	64.3
Bothrops_jararaca_C9A	JBPPCB010000003.1	583	43	537	579	66463479	66463607	53.488	1.74e-07	60.1
Bothrops_jararaca_C9A	JBPPCB010000003.1	583	80	277	356	66500508	66500269	30.000	5.28e-06	55.1
Bothrops_jararaca_C9A	JBPPCB010000018.1	583	220	302	514	14135543	14134932	25.000	3.38e-07	58.9
Ptyas_mucosa_C9A	JBPPCB010000002.1	583	81	274	354	250354647	250354889	86.420	1.51e-35	148
Ptyas_mucosa_C9A	JBPPCB010000002.1	583	80	453	532	250365030	250365269	83.750	4.46e-35	147
Ptyas_mucosa_C9A	JBPPCB010000002.1	583	92	276	367	250388219	250388485	70.652	8.92e-34	143
Ptyas_mucosa_C9A	JBPPCB010000002.1	583	77	456	532	250397546	250397776	79.221	1.66e-32	139
Ptyas_mucosa_C9A	JBPPCB010000002.1	583	76	198	273	250352609	250352836	68.421	2.26e-24	114
Ptyas_mucosa_C9A	JBPPCB010000002.1	583	67	397	463	250362712	250362912	71.642	1.73e-21	105
Ptyas_mucosa_C9A	JBPPCB010000002.1	583	50	107	156	250349184	250349333	88.000	8.29e-19	96.7
Ptyas_mucosa_C9A	JBPPCB010000002.1	583	50	107	156	250379766	250379915	88.000	8.97e-19	96.3
Ptyas_mucosa_C9A	JBPPCB010000002.1	583	51	57	107	250378500	250378652	80.392	6.06e-18	93.6
Ptyas_mucosa_C9A	JBPPCB010000002.1	583	63	401	463	250395742	250395930	68.254	6.27e-18	93.6
Ptyas_mucosa_C9A	JBPPCB010000002.1	583	52	532	583	250366617	250366772	78.846	2.04e-17	92.0
Ptyas_mucosa_C9A	JBPPCB010000002.1	583	47	157	203	250350913	250351053	78.723	4.51e-16	87.8
Ptyas_mucosa_C9A	JBPPCB010000002.1	583	75	198	272	250383476	250383700	56.000	8.61e-15	83.6
Ptyas_mucosa_C9A	JBPPCB010000002.1	583	54	54	107	250347292	250347453	70.370	1.59e-14	82.8
Ptyas_mucosa_C9A	JBPPCB010000002.1	583	47	157	203	250382074	250382214	70.213	3.27e-13	78.6
Ptyas_mucosa_C9A	JBPPCB010000002.1	583	54	530	583	249720874	249720713	53.704	1.93e-10	69.7
Ptyas_mucosa_C9A	JBPPCB010000002.1	583	45	26	70	250346301	250346435	66.667	4.20e-10	68.6
Ptyas_mucosa_C9A	JBPPCB010000002.1	583	42	354	395	250358754	250358879	71.429	2.59e-09	65.9
Ptyas_mucosa_C9A	JBPPCB010000002.1	583	39	26	64	250378112	250378228	66.667	1.28e-07	60.5
Ptyas_mucosa_C9A	JBPPCB010000002.1	583	46	529	573	249655592	249655729	58.696	1.71e-07	60.1
Ptyas_mucosa_C9A	JBPPCB010000002.1	583	78	457	534	249722234	249722010	42.308	5.92e-07	58.2
Ptyas_mucosa_C9A	JBPPCB010000002.1	583	50	535	583	249690341	249690490	52.000	2.88e-06	55.8
Ptyas_mucosa_C9A	JBPPCB010000002.1	583	79	277	355	249643963	249644199	34.177	3.48e-06	55.8
Ptyas_mucosa_C9A	JBPPCB010000003.1	583	82	274	355	66438977	66439222	37.805	3.26e-09	65.5
Ptyas_mucosa_C9A	JBPPCB010000003.1	583	82	277	358	66500508	66500263	29.268	3.69e-06	55.8
Ptyas_mucosa_C9A	JBPPCB010000018.1	583	220	302	514	14135543	14134932	24.545	1.05e-06	57.4
Vipera_berus_C9A	JBPPCB010000002.1	583	81	274	354	250354647	250354889	95.062	9.87e-41	164
Vipera_berus_C9A	JBPPCB010000002.1	583	80	453	532	250365030	250365269	92.500	1.82e-38	157
Vipera_berus_C9A	JBPPCB010000002.1	583	77	456	532	250397546	250397776	87.013	5.51e-36	149
Vipera_berus_C9A	JBPPCB010000002.1	583	78	199	276	250352612	250352845	91.026	5.57e-34	143
Vipera_berus_C9A	JBPPCB010000002.1	583	92	276	367	250388219	250388485	67.391	6.47e-32	137
Vipera_berus_C9A	JBPPCB010000002.1	583	61	397	457	250362712	250362894	96.721	7.49e-27	121
Vipera_berus_C9A	JBPPCB010000002.1	583	52	532	583	250366617	250366772	98.077	9.53e-24	112
Vipera_berus_C9A	JBPPCB010000002.1	583	50	107	156	250349184	250349333	100.000	4.49e-22	106
Vipera_berus_C9A	JBPPCB010000002.1	583	63	401	463	250395742	250395930	82.540	1.02e-21	105
Vipera_berus_C9A	JBPPCB010000002.1	583	47	157	203	250350913	250351053	97.872	1.78e-21	105
Vipera_berus_C9A	JBPPCB010000002.1	583	54	54	107	250347292	250347453	88.889	1.14e-20	102
Vipera_berus_C9A	JBPPCB010000002.1	583	51	57	107	250378500	250378652	88.235	1.00e-19	99.4
Vipera_berus_C9A	JBPPCB010000002.1	583	47	157	203	250382074	250382214	85.106	1.56e-17	92.4
Vipera_berus_C9A	JBPPCB010000002.1	583	50	107	156	250379766	250379915	82.000	8.43e-17	90.1
Vipera_berus_C9A	JBPPCB010000002.1	583	74	199	272	250383479	250383700	56.757	4.21e-15	84.7
Vipera_berus_C9A	JBPPCB010000002.1	583	42	354	395	250358754	250358879	97.619	4.87e-15	84.3
Vipera_berus_C9A	JBPPCB010000002.1	583	45	26	70	250346301	250346435	77.778	9.00e-13	77.0
Vipera_berus_C9A	JBPPCB010000002.1	583	52	532	583	250398727	250398882	75.000	2.61e-10	69.3
Vipera_berus_C9A	JBPPCB010000002.1	583	54	530	583	249720874	249720713	50.000	8.00e-09	64.3
Vipera_berus_C9A	JBPPCB010000002.1	583	69	457	525	249722234	249722031	42.029	1.05e-07	60.8
Vipera_berus_C9A	JBPPCB010000002.1	583	39	26	64	250378112	250378228	66.667	2.90e-07	59.3
Vipera_berus_C9A	JBPPCB010000002.1	583	79	277	355	249643963	249644199	34.177	2.92e-07	59.3
Vipera_berus_C9A	JBPPCB010000002.1	583	50	535	583	249690341	249690490	54.000	8.25e-07	57.8
Vipera_berus_C9A	JBPPCB010000002.1	583	70	274	343	249682767	249682976	37.143	1.25e-06	57.0
Vipera_berus_C9A	JBPPCB010000003.1	583	79	277	355	66438986	66439222	35.443	6.52e-08	61.2
Vipera_berus_C9A	JBPPCB010000003.1	583	43	537	579	66463479	66463607	55.814	1.28e-07	60.5
Vipera_berus_C9A	JBPPCB010000003.1	583	82	274	355	66500517	66500272	30.488	3.06e-06	55.8
Vipera_berus_C9A	JBPPCB010000018.1	583	227	302	514	14135543	14134932	26.432	7.08e-07	58.2
Sceloporus_undulatus_C9A	JBPPCB010000002.1	591	78	460	537	250365039	250365272	69.231	1.73e-28	127
Sceloporus_undulatus_C9A	JBPPCB010000002.1	591	78	460	537	250397546	250397779	65.385	5.38e-27	122
Sceloporus_undulatus_C9A	JBPPCB010000002.1	591	94	280	373	250388219	250388491	57.447	2.48e-26	120
Sceloporus_undulatus_C9A	JBPPCB010000002.1	591	78	281	358	250354656	250354889	70.513	6.02e-26	119
Sceloporus_undulatus_C9A	JBPPCB010000002.1	591	53	150	202	250350895	250351053	54.717	9.70e-12	73.9
Sceloporus_undulatus_C9A	JBPPCB010000002.1	591	50	538	587	250366623	250366772	64.000	1.05e-11	73.6
Sceloporus_undulatus_C9A	JBPPCB010000002.1	591	67	401	467	250362712	250362912	47.761	2.28e-11	72.8
Sceloporus_undulatus_C9A	JBPPCB010000002.1	591	63	405	467	250395742	250395930	50.794	1.58e-10	69.7
Sceloporus_undulatus_C9A	JBPPCB010000002.1	591	50	106	155	250379766	250379915	62.000	3.20e-10	68.9
Sceloporus_undulatus_C9A	JBPPCB010000002.1	591	53	156	208	250382074	250382232	52.830	1.19e-09	67.0
Sceloporus_undulatus_C9A	JBPPCB010000002.1	591	50	106	155	250349184	250349333	62.000	1.22e-09	67.0
Sceloporus_undulatus_C9A	JBPPCB010000002.1	591	52	540	591	249720856	249720701	50.000	1.99e-09	66.2
Sceloporus_undulatus_C9A	JBPPCB010000002.1	591	82	195	276	250352603	250352833	40.244	2.34e-09	66.2
Sceloporus_undulatus_C9A	JBPPCB010000002.1	591	50	539	587	249690341	249690490	60.000	8.41e-09	64.3
Sceloporus_undulatus_C9A	JBPPCB010000002.1	591	61	528	587	249655577	249655759	49.180	2.19e-08	62.8
Sceloporus_undulatus_C9A	JBPPCB010000002.1	591	79	281	359	249643963	249644199	35.443	1.22e-07	60.5
Sceloporus_undulatus_C9A	JBPPCB010000002.1	591	85	277	361	249682764	249683018	31.765	1.78e-07	60.1
Sceloporus_undulatus_C9A	JBPPCB010000002.1	591	69	463	531	249722228	249722025	42.029	3.79e-07	58.9
Sceloporus_undulatus_C9A	JBPPCB010000002.1	591	52	57	107	250378500	250378655	51.923	5.15e-07	58.5
Sceloporus_undulatus_C9A	JBPPCB010000002.1	591	52	57	107	250347301	250347456	48.077	3.41e-06	55.8
Sceloporus_undulatus_C9A	JBPPCB010000002.1	591	40	25	64	250378109	250378228	57.500	4.55e-06	55.5
Sceloporus_undulatus_C9A	JBPPCB010000002.1	591	80	198	277	250383479	250383703	37.500	6.96e-06	54.7
Sceloporus_undulatus_C9A	JBPPCB010000002.1	591	46	25	70	250346298	250346435	47.826	8.54e-06	54.7
Sceloporus_undulatus_C9A	JBPPCB010000018.1	591	223	303	520	14135552	14134926	24.664	2.95e-08	62.4
Sceloporus_undulatus_C9A	JBPPCB010000018.1	591	56	540	591	118450134	118449967	46.429	2.88e-06	56.2
Sceloporus_undulatus_C9A	JBPPCB010000003.1	591	82	280	361	66438983	66439228	35.366	1.21e-07	60.5
Sceloporus_undulatus_C9A	JBPPCB010000003.1	591	54	534	587	66463461	66463619	48.148	7.06e-07	58.2
Sceloporus_undulatus_C9A	JBPPCB010000003.1	591	79	281	359	66500508	66500272	31.646	4.11e-06	55.5
Sceloporus_undulatus_C9A	JBPPCB010000003.1	591	72	457	527	66455331	66455546	34.722	5.58e-06	55.1
Anolis_carolinensis_C9B	JBPPCB010000002.1	538	154	223	371	250388045	250388485	43.506	9.32e-26	117
Anolis_carolinensis_C9B	JBPPCB010000002.1	538	75	280	354	250354653	250354877	69.333	1.67e-23	110
Anolis_carolinensis_C9B	JBPPCB010000002.1	538	68	462	529	250365045	250365248	70.588	8.44e-23	108
Anolis_carolinensis_C9B	JBPPCB010000002.1	538	68	462	529	250397552	250397755	64.706	1.02e-20	102
Anolis_carolinensis_C9B	JBPPCB010000002.1	538	46	156	201	250350913	250351050	69.565	1.91e-13	79.0
Anolis_carolinensis_C9B	JBPPCB010000002.1	538	47	156	202	250382074	250382214	65.957	1.30e-12	76.3
Anolis_carolinensis_C9B	JBPPCB010000002.1	538	61	400	460	250395727	250395909	57.377	2.37e-12	75.5
Anolis_carolinensis_C9B	JBPPCB010000002.1	538	56	405	460	250362724	250362891	57.143	3.12e-12	75.1
Anolis_carolinensis_C9B	JBPPCB010000002.1	538	50	106	155	250349184	250349333	68.000	3.75e-11	71.6
Anolis_carolinensis_C9B	JBPPCB010000002.1	538	50	106	155	250379766	250379915	66.000	4.69e-11	71.2
Anolis_carolinensis_C9B	JBPPCB010000002.1	538	147	400	532	249722459	249722022	29.932	1.88e-09	66.2
Anolis_carolinensis_C9B	JBPPCB010000002.1	538	139	140	276	250352441	250352833	32.374	9.48e-08	60.5
Anolis_carolinensis_C9B	JBPPCB010000002.1	538	79	281	359	249643963	249644199	35.443	2.10e-07	59.7
Anolis_carolinensis_C9B	JBPPCB010000002.1	538	46	25	70	250346298	250346435	47.826	3.92e-07	58.5
Anolis_carolinensis_C9B	JBPPCB010000002.1	538	81	281	361	249682776	249683018	34.568	4.53e-07	58.5
Anolis_carolinensis_C9B	JBPPCB010000002.1	538	52	57	107	250378500	250378655	50.000	7.12e-07	57.8
Anolis_carolinensis_C9B	JBPPCB010000002.1	538	48	17	64	250378097	250378228	50.000	1.76e-06	56.6
Anolis_carolinensis_C9B	JBPPCB010000002.1	538	84	194	277	250383467	250383703	38.095	2.16e-06	56.2
Anolis_carolinensis_C9B	JBPPCB010000003.1	538	74	281	354	66438986	66439207	37.838	5.82e-08	61.2
Anolis_carolinensis_C9B	JBPPCB010000003.1	538	77	281	357	66500508	66500278	33.766	2.98e-07	58.9
Anolis_carolinensis_C9B	JBPPCB010000018.1	538	220	306	518	14135543	14134932	27.727	6.08e-08	61.2
Anolis_carolinensis_C9B	JBPPCB010000018.1	538	218	306	520	12103323	12103919	24.771	5.85e-07	58.2
Hydrophis_cyanocinctus_C9B	JBPPCB010000002.1	582	81	273	353	250354647	250354889	88.889	6.43e-37	152
Hydrophis_cyanocinctus_C9B	JBPPCB010000002.1	582	92	275	366	250388219	250388485	68.478	1.28e-33	142
Hydrophis_cyanocinctus_C9B	JBPPCB010000002.1	582	80	452	531	250365030	250365269	81.250	2.12e-33	142
Hydrophis_cyanocinctus_C9B	JBPPCB010000002.1	582	77	455	531	250397546	250397776	79.221	5.06e-32	137
Hydrophis_cyanocinctus_C9B	JBPPCB010000002.1	582	75	198	272	250352612	250352836	76.000	1.07e-23	112
Hydrophis_cyanocinctus_C9B	JBPPCB010000002.1	582	66	397	462	250362715	250362912	68.182	1.06e-19	99.4
Hydrophis_cyanocinctus_C9B	JBPPCB010000002.1	582	50	106	155	250349184	250349333	88.000	5.82e-19	97.1
Hydrophis_cyanocinctus_C9B	JBPPCB010000002.1	582	50	106	155	250379766	250379915	88.000	5.82e-19	97.1
Hydrophis_cyanocinctus_C9B	JBPPCB010000002.1	582	63	400	462	250395742	250395930	66.667	1.84e-17	92.0
Hydrophis_cyanocinctus_C9B	JBPPCB010000002.1	582	47	156	202	250350913	250351053	82.979	3.29e-17	91.3
Hydrophis_cyanocinctus_C9B	JBPPCB010000002.1	582	52	531	582	250366617	250366772	73.077	5.21e-17	90.9
Hydrophis_cyanocinctus_C9B	JBPPCB010000002.1	582	74	198	271	250383479	250383700	59.459	1.20e-15	86.3
Hydrophis_cyanocinctus_C9B	JBPPCB010000002.1	582	50	57	106	250347304	250347453	76.000	6.67e-15	84.0
Hydrophis_cyanocinctus_C9B	JBPPCB010000002.1	582	47	156	202	250382074	250382214	76.596	9.83e-15	83.6
Hydrophis_cyanocinctus_C9B	JBPPCB010000002.1	582	50	57	106	250378503	250378652	78.000	1.71e-14	82.8
Hydrophis_cyanocinctus_C9B	JBPPCB010000002.1	582	54	529	582	249720874	249720713	51.852	8.89e-10	67.4
Hydrophis_cyanocinctus_C9B	JBPPCB010000002.1	582	69	456	524	249722234	249722031	43.478	5.72e-08	61.6
Hydrophis_cyanocinctus_C9B	JBPPCB010000002.1	582	43	353	395	250358754	250358879	67.442	9.06e-08	60.8
Hydrophis_cyanocinctus_C9B	JBPPCB010000002.1	582	38	25	62	250346301	250346414	68.421	6.06e-07	58.2
Hydrophis_cyanocinctus_C9B	JBPPCB010000002.1	582	74	456	529	249651463	249651681	41.892	1.24e-06	57.4
Hydrophis_cyanocinctus_C9B	JBPPCB010000002.1	582	45	529	572	249655595	249655729	53.333	2.95e-06	55.8
Hydrophis_cyanocinctus_C9B	JBPPCB010000002.1	582	52	531	582	250398727	250398882	61.538	3.62e-06	55.8
Hydrophis_cyanocinctus_C9B	JBPPCB010000002.1	582	79	276	354	249643963	249644199	32.911	4.79e-06	55.5
Hydrophis_cyanocinctus_C9B	JBPPCB010000002.1	582	50	534	582	249690341	249690490	48.000	6.57e-06	54.7
Hydrophis_cyanocinctus_C9B	JBPPCB010000002.1	582	79	276	354	249682776	249683012	31.646	9.88e-06	54.3
Hydrophis_cyanocinctus_C9B	JBPPCB010000003.1	582	79	276	354	66438986	66439222	35.443	4.62e-08	62.0
Hydrophis_cyanocinctus_C9B	JBPPCB010000003.1	582	82	276	357	66500508	66500263	31.707	7.37e-07	57.8
Hydrophis_cyanocinctus_C9B	JBPPCB010000003.1	582	47	536	582	66463479	66463619	44.681	6.79e-06	54.7
Hydrophis_cyanocinctus_C9B	JBPPCB010000018.1	582	218	301	513	14135543	14134932	24.771	9.76e-07	57.4
Bothrops_jararaca_C9B	JBPPCB010000002.1	583	87	274	360	250354647	250354907	87.356	7.36e-41	164
Bothrops_jararaca_C9B	JBPPCB010000002.1	583	80	453	532	250365030	250365269	93.750	2.20e-38	157
Bothrops_jararaca_C9B	JBPPCB010000002.1	583	77	456	532	250397546	250397776	83.117	7.44e-34	143
Bothrops_jararaca_C9B	JBPPCB010000002.1	583	92	276	367	250388219	250388485	71.739	2.31e-33	142
Bothrops_jararaca_C9B	JBPPCB010000002.1	583	77	196	272	250352603	250352833	77.922	4.48e-28	125
Bothrops_jararaca_C9B	JBPPCB010000002.1	583	67	397	463	250362712	250362912	86.567	4.89e-26	119
Bothrops_jararaca_C9B	JBPPCB010000002.1	583	63	401	463	250395742	250395930	82.540	5.50e-22	106
Bothrops_jararaca_C9B	JBPPCB010000002.1	583	52	532	583	250366617	250366772	90.385	7.16e-22	106
Bothrops_jararaca_C9B	JBPPCB010000002.1	583	50	107	156	250349184	250349333	96.000	9.55e-21	102
Bothrops_jararaca_C9B	JBPPCB010000002.1	583	51	57	107	250378500	250378652	90.196	1.06e-20	102
Bothrops_jararaca_C9B	JBPPCB010000002.1	583	47	157	203	250350913	250351053	93.617	1.30e-20	102
Bothrops_jararaca_C9B	JBPPCB010000002.1	583	54	54	107	250347292	250347453	83.333	2.15e-19	98.2
Bothrops_jararaca_C9B	JBPPCB010000002.1	583	50	107	156	250379766	250379915	86.000	2.66e-18	94.7
Bothrops_jararaca_C9B	JBPPCB010000002.1	583	47	157	203	250382074	250382214	87.234	7.52e-18	93.6
Bothrops_jararaca_C9B	JBPPCB010000002.1	583	78	195	272	250383467	250383700	53.846	2.95e-14	82.0
Bothrops_jararaca_C9B	JBPPCB010000002.1	583	42	354	395	250358754	250358879	92.857	4.85e-14	81.3
Bothrops_jararaca_C9B	JBPPCB010000002.1	583	45	26	70	250346301	250346435	71.111	2.16e-11	72.8
Bothrops_jararaca_C9B	JBPPCB010000002.1	583	52	532	583	250398727	250398882	71.154	2.49e-08	62.8
Bothrops_jararaca_C9B	JBPPCB010000002.1	583	54	530	583	249720874	249720713	46.296	4.56e-08	62.0
Bothrops_jararaca_C9B	JBPPCB010000002.1	583	79	277	355	249643963	249644199	34.177	3.97e-07	58.9
Bothrops_jararaca_C9B	JBPPCB010000002.1	583	39	26	64	250378112	250378228	66.667	5.04e-07	58.5
Bothrops_jararaca_C9B	JBPPCB010000002.1	583	50	535	583	249690341	249690490	54.000	6.13e-07	58.2
Bothrops_jararaca_C9B	JBPPCB010000002.1	583	79	277	355	249682776	249683012	32.911	1.21e-06	57.4
Bothrops_jararaca_C9B	JBPPCB010000002.1	583	69	457	525	249722234	249722031	40.580	1.78e-06	56.6
Bothrops_jararaca_C9B	JBPPCB010000003.1	583	82	274	355	66438977	66439222	36.585	9.09e-09	64.3
Bothrops_jararaca_C9B	JBPPCB010000003.1	583	43	537	579	66463479	66463607	53.488	2.24e-07	59.7
Bothrops_jararaca_C9B	JBPPCB010000003.1	583	81	277	357	66500508	66500266	29.630	4.38e-06	55.5
Bothrops_jararaca_C9B	JBPPCB010000018.1	583	220	302	514	14135543	14134932	25.000	7.33e-07	57.8
Laticauda_colubrina_C9B	JBPPCB010000002.1	583	99	276	374	250354653	250354940	72.727	4.63e-35	147
Laticauda_colubrina_C9B	JBPPCB010000002.1	583	80	453	532	250365030	250365269	83.750	2.39e-34	144
Laticauda_colubrina_C9B	JBPPCB010000002.1	583	94	274	367	250388213	250388485	68.085	4.05e-34	144
Laticauda_colubrina_C9B	JBPPCB010000002.1	583	77	456	532	250397546	250397776	76.623	1.91e-31	135
Laticauda_colubrina_C9B	JBPPCB010000002.1	583	60	398	457	250362715	250362894	78.333	3.16e-20	100
Laticauda_colubrina_C9B	JBPPCB010000002.1	583	78	199	276	250352612	250352845	66.667	1.51e-19	99.0
Laticauda_colubrina_C9B	JBPPCB010000002.1	583	50	107	156	250349184	250349333	86.000	5.05e-19	97.1
Laticauda_colubrina_C9B	JBPPCB010000002.1	583	63	401	463	250395742	250395930	71.429	6.66e-18	93.6
Laticauda_colubrina_C9B	JBPPCB010000002.1	583	46	157	202	250350913	250351050	84.783	3.74e-17	91.3
Laticauda_colubrina_C9B	JBPPCB010000002.1	583	52	532	583	250366617	250366772	75.000	4.41e-17	90.9
Laticauda_colubrina_C9B	JBPPCB010000002.1	583	50	107	156	250379766	250379915	78.000	6.15e-16	87.4
Laticauda_colubrina_C9B	JBPPCB010000002.1	583	50	58	107	250378503	250378652	78.000	4.14e-15	84.7
Laticauda_colubrina_C9B	JBPPCB010000002.1	583	46	157	202	250382074	250382211	78.261	4.96e-15	84.3
Laticauda_colubrina_C9B	JBPPCB010000002.1	583	50	58	107	250347304	250347453	76.000	6.31e-15	84.0
Laticauda_colubrina_C9B	JBPPCB010000002.1	583	73	199	271	250383479	250383697	53.425	1.42e-11	73.2
Laticauda_colubrina_C9B	JBPPCB010000002.1	583	54	530	583	249720874	249720713	48.148	1.25e-08	63.5
Laticauda_colubrina_C9B	JBPPCB010000002.1	583	45	26	70	250346301	250346435	62.222	4.33e-08	62.0
Laticauda_colubrina_C9B	JBPPCB010000002.1	583	114	274	387	249682767	249683102	28.947	5.83e-08	61.6
Laticauda_colubrina_C9B	JBPPCB010000002.1	583	69	457	525	249722234	249722031	43.478	1.03e-07	60.8
Laticauda_colubrina_C9B	JBPPCB010000002.1	583	79	277	355	249643963	249644199	35.443	1.30e-07	60.5
Laticauda_colubrina_C9B	JBPPCB010000002.1	583	46	529	573	249655592	249655729	54.348	1.38e-06	57.0
Laticauda_colubrina_C9B	JBPPCB010000002.1	583	50	535	583	249690341	249690490	50.000	6.15e-06	55.1
Laticauda_colubrina_C9B	JBPPCB010000002.1	583	52	532	583	250398727	250398882	61.538	8.22e-06	54.7
Laticauda_colubrina_C9B	JBPPCB010000018.1	583	218	302	514	14135543	14134932	24.312	4.01e-09	65.5
Laticauda_colubrina_C9B	JBPPCB010000003.1	583	81	277	357	66438986	66439228	32.099	2.85e-08	62.4
Laticauda_colubrina_C9B	JBPPCB010000003.1	583	82	274	355	66500517	66500272	32.927	2.64e-07	59.3
Pseudonaja_textilis_C9B	JBPPCB010000002.1	583	81	274	354	250354647	250354889	85.185	3.93e-35	147
Pseudonaja_textilis_C9B	JBPPCB010000002.1	583	94	274	367	250388213	250388485	69.149	7.63e-35	146
Pseudonaja_textilis_C9B	JBPPCB010000002.1	583	80	453	532	250365030	250365269	85.000	8.66e-35	146
Pseudonaja_textilis_C9B	JBPPCB010000002.1	583	77	456	532	250397546	250397776	77.922	1.27e-31	136
Pseudonaja_textilis_C9B	JBPPCB010000002.1	583	67	397	463	250362712	250362912	73.134	2.12e-21	104
Pseudonaja_textilis_C9B	JBPPCB010000002.1	583	75	199	273	250352612	250352836	66.667	1.28e-19	99.0
Pseudonaja_textilis_C9B	JBPPCB010000002.1	583	50	107	156	250349184	250349333	90.000	1.86e-19	98.6
Pseudonaja_textilis_C9B	JBPPCB010000002.1	583	50	107	156	250379766	250379915	86.000	1.86e-18	95.5
Pseudonaja_textilis_C9B	JBPPCB010000002.1	583	63	401	463	250395742	250395930	71.429	2.25e-18	95.1
Pseudonaja_textilis_C9B	JBPPCB010000002.1	583	47	157	203	250350913	250351053	85.106	5.00e-18	94.0
Pseudonaja_textilis_C9B	JBPPCB010000002.1	583	47	157	203	250382074	250382214	78.723	8.92e-16	86.7
Pseudonaja_textilis_C9B	JBPPCB010000002.1	583	51	57	107	250378500	250378652	76.471	8.98e-15	83.6
Pseudonaja_textilis_C9B	JBPPCB010000002.1	583	54	54	107	250347292	250347453	70.370	1.57e-14	82.8
Pseudonaja_textilis_C9B	JBPPCB010000002.1	583	52	532	583	250366617	250366772	67.308	2.82e-14	82.0
Pseudonaja_textilis_C9B	JBPPCB010000002.1	583	74	199	272	250383479	250383700	52.703	1.07e-11	73.6
Pseudonaja_textilis_C9B	JBPPCB010000002.1	583	54	530	583	249720874	249720713	48.148	8.94e-09	64.3
Pseudonaja_textilis_C9B	JBPPCB010000002.1	583	45	26	70	250346301	250346435	64.444	1.04e-08	63.9
Pseudonaja_textilis_C9B	JBPPCB010000002.1	583	69	457	525	249722234	249722031	43.478	2.97e-08	62.4
Pseudonaja_textilis_C9B	JBPPCB010000002.1	583	42	354	395	250358754	250358876	69.048	1.29e-07	60.5
Pseudonaja_textilis_C9B	JBPPCB010000002.1	583	46	529	573	249655598	249655729	58.696	3.55e-07	58.9
Pseudonaja_textilis_C9B	JBPPCB010000002.1	583	78	277	354	249643963	249644196	33.333	1.67e-06	56.6
Pseudonaja_textilis_C9B	JBPPCB010000002.1	583	38	26	63	250378112	250378225	65.789	1.70e-06	56.6
Pseudonaja_textilis_C9B	JBPPCB010000002.1	583	78	277	354	249682776	249683009	32.051	2.74e-06	56.2
Pseudonaja_textilis_C9B	JBPPCB010000002.1	583	69	457	525	249651463	249651666	43.478	5.28e-06	55.1
Pseudonaja_textilis_C9B	JBPPCB010000002.1	583	49	536	583	249690344	249690490	48.980	7.29e-06	54.7
Pseudonaja_textilis_C9B	JBPPCB010000003.1	583	93	263	355	66438950	66439222	31.183	1.58e-08	63.5
Pseudonaja_textilis_C9B	JBPPCB010000003.1	583	111	274	384	66500517	66500212	28.829	2.77e-07	59.3
Pseudonaja_textilis_C9B	JBPPCB010000003.1	583	47	537	583	66463479	66463619	44.681	5.39e-07	58.5
Pseudonaja_textilis_C9B	JBPPCB010000018.1	583	218	302	514	14135543	14134932	25.229	5.12e-07	58.5
Notechis_scutatus_C9B	JBPPCB010000002.1	583	82	451	532	250365024	250365269	84.146	2.73e-35	147
Notechis_scutatus_C9B	JBPPCB010000002.1	583	79	276	354	250354653	250354889	86.076	2.92e-34	144
Notechis_scutatus_C9B	JBPPCB010000002.1	583	94	274	367	250388213	250388485	67.021	1.08e-33	142
Notechis_scutatus_C9B	JBPPCB010000002.1	583	77	456	532	250397546	250397776	79.221	1.81e-32	139
Notechis_scutatus_C9B	JBPPCB010000002.1	583	75	199	273	250352612	250352836	77.333	1.21e-24	114
Notechis_scutatus_C9B	JBPPCB010000002.1	583	66	398	463	250362715	250362912	68.182	1.12e-19	99.4
Notechis_scutatus_C9B	JBPPCB010000002.1	583	50	107	156	250349184	250349333	88.000	5.91e-19	97.1
Notechis_scutatus_C9B	JBPPCB010000002.1	583	50	107	156	250379766	250379915	88.000	6.12e-19	97.1
Notechis_scutatus_C9B	JBPPCB010000002.1	583	47	157	203	250350913	250351053	87.234	1.78e-18	95.5
Notechis_scutatus_C9B	JBPPCB010000002.1	583	63	401	463	250395742	250395930	66.667	2.20e-17	92.0
Notechis_scutatus_C9B	JBPPCB010000002.1	583	52	532	583	250366617	250366772	73.077	5.71e-17	90.5
Notechis_scutatus_C9B	JBPPCB010000002.1	583	47	157	203	250382074	250382214	80.851	3.89e-16	87.8
Notechis_scutatus_C9B	JBPPCB010000002.1	583	50	58	107	250378503	250378652	78.000	1.45e-14	82.8
Notechis_scutatus_C9B	JBPPCB010000002.1	583	50	58	107	250347304	250347453	74.000	2.32e-14	82.4
Notechis_scutatus_C9B	JBPPCB010000002.1	583	74	199	272	250383479	250383700	58.108	2.82e-14	82.0
Notechis_scutatus_C9B	JBPPCB010000002.1	583	54	530	583	249720874	249720713	51.852	9.23e-10	67.4
Notechis_scutatus_C9B	JBPPCB010000002.1	583	69	457	525	249722234	249722031	43.478	3.18e-08	62.4
Notechis_scutatus_C9B	JBPPCB010000002.1	583	45	26	70	250346301	250346435	62.222	4.48e-08	62.0
Notechis_scutatus_C9B	JBPPCB010000002.1	583	42	354	395	250358754	250358876	71.429	8.63e-08	60.8
Notechis_scutatus_C9B	JBPPCB010000002.1	583	82	274	355	249682767	249683012	31.707	5.67e-07	58.2
Notechis_scutatus_C9B	JBPPCB010000002.1	583	45	530	573	249655595	249655729	53.333	2.93e-06	55.8
Notechis_scutatus_C9B	JBPPCB010000002.1	583	79	277	355	249643963	249644199	32.911	3.06e-06	55.8
Notechis_scutatus_C9B	JBPPCB010000002.1	583	52	532	583	250398727	250398882	61.538	3.66e-06	55.8
Notechis_scutatus_C9B	JBPPCB010000002.1	583	50	535	583	249690341	249690490	48.000	6.53e-06	54.7
Notechis_scutatus_C9B	JBPPCB010000002.1	583	69	457	525	249651463	249651666	43.478	6.81e-06	54.7
Notechis_scutatus_C9B	JBPPCB010000003.1	583	79	277	355	66438986	66439222	32.911	1.12e-07	60.5
Notechis_scutatus_C9B	JBPPCB010000003.1	583	85	274	358	66500517	66500263	30.588	4.67e-07	58.5
Notechis_scutatus_C9B	JBPPCB010000003.1	583	47	537	583	66463479	66463619	44.681	7.67e-06	54.7
Notechis_scutatus_C9B	JBPPCB010000018.1	583	221	298	516	12103311	12103919	25.339	4.21e-07	58.5
Notechis_scutatus_C9B	JBPPCB010000018.1	583	218	302	514	14135543	14134932	25.229	8.40e-07	57.8
Pituophis_catenifer_C9B	JBPPCB010000002.1	583	118	253	367	250388156	250388485	69.492	5.29e-39	159
Pituophis_catenifer_C9B	JBPPCB010000002.1	583	77	456	532	250365039	250365269	90.909	1.08e-37	155
Pituophis_catenifer_C9B	JBPPCB010000002.1	583	77	456	532	250397546	250397776	83.117	1.27e-34	145
Pituophis_catenifer_C9B	JBPPCB010000002.1	583	77	277	353	250354656	250354886	80.519	3.62e-30	132
Pituophis_catenifer_C9B	JBPPCB010000002.1	583	76	198	273	250383476	250383703	75.000	5.23e-24	112
Pituophis_catenifer_C9B	JBPPCB010000002.1	583	67	397	463	250395730	250395930	76.119	6.28e-21	103
Pituophis_catenifer_C9B	JBPPCB010000002.1	583	58	400	457	250362721	250362894	79.310	8.51e-19	96.3
Pituophis_catenifer_C9B	JBPPCB010000002.1	583	50	107	156	250379766	250379915	86.000	1.07e-17	92.8
Pituophis_catenifer_C9B	JBPPCB010000002.1	583	47	157	203	250350913	250351053	82.979	3.31e-17	91.3
Pituophis_catenifer_C9B	JBPPCB010000002.1	583	54	54	107	250378491	250378652	75.926	4.56e-17	90.9
Pituophis_catenifer_C9B	JBPPCB010000002.1	583	50	107	156	250349184	250349333	82.000	1.12e-16	89.7
Pituophis_catenifer_C9B	JBPPCB010000002.1	583	47	157	203	250382074	250382214	80.851	1.92e-16	89.0
Pituophis_catenifer_C9B	JBPPCB010000002.1	583	52	532	583	250366617	250366772	71.154	1.13e-14	83.2
Pituophis_catenifer_C9B	JBPPCB010000002.1	583	52	532	583	250398727	250398882	88.462	2.04e-14	82.4
Pituophis_catenifer_C9B	JBPPCB010000002.1	583	75	198	272	250352609	250352833	53.333	4.89e-14	81.3
Pituophis_catenifer_C9B	JBPPCB010000002.1	583	54	54	107	250347292	250347453	68.519	1.62e-13	79.3
Pituophis_catenifer_C9B	JBPPCB010000002.1	583	40	356	395	250358760	250358879	77.500	1.94e-09	66.2
Pituophis_catenifer_C9B	JBPPCB010000002.1	583	45	26	70	250346301	250346435	62.222	6.14e-09	64.7
Pituophis_catenifer_C9B	JBPPCB010000002.1	583	39	26	64	250378112	250378228	71.795	1.58e-08	63.5
Pituophis_catenifer_C9B	JBPPCB010000002.1	583	97	457	549	249722234	249721953	37.113	6.34e-07	58.2
Pituophis_catenifer_C9B	JBPPCB010000002.1	583	69	457	525	249651463	249651666	44.928	1.38e-06	57.0
Pituophis_catenifer_C9B	JBPPCB010000002.1	583	46	530	575	249720874	249720737	47.826	5.19e-06	55.1
Pituophis_catenifer_C9B	JBPPCB010000018.1	583	231	293	516	12103296	12103919	26.840	6.80e-11	70.9
Pituophis_catenifer_C9B	JBPPCB010000018.1	583	218	302	514	14135543	14134932	24.312	6.74e-08	61.2
Pituophis_catenifer_C9B	JBPPCB010000003.1	583	76	277	352	66438986	66439213	40.789	1.26e-08	63.5
Pituophis_catenifer_C9B	JBPPCB010000003.1	583	41	537	577	66463479	66463601	56.098	2.67e-06	56.2
Pituophis_catenifer_C9B	JBPPCB010000003.1	583	78	453	529	66455331	66455564	35.897	3.63e-06	55.8
Pantherophis_obsoletus_C9B	JBPPCB010000002.1	583	92	276	367	250388219	250388485	69.565	1.68e-33	142
Pantherophis_obsoletus_C9B	JBPPCB010000002.1	583	81	274	354	250354647	250354889	81.481	6.02e-33	140
Pantherophis_obsoletus_C9B	JBPPCB010000002.1	583	77	456	532	250397546	250397776	80.519	6.89e-33	140
Pantherophis_obsoletus_C9B	JBPPCB010000002.1	583	77	456	532	250365039	250365269	79.221	1.46e-32	139
Pantherophis_obsoletus_C9B	JBPPCB010000002.1	583	75	198	272	250383476	250383700	74.667	1.56e-23	111
Pantherophis_obsoletus_C9B	JBPPCB010000002.1	583	67	397	463	250395730	250395930	74.627	3.51e-20	100
Pantherophis_obsoletus_C9B	JBPPCB010000002.1	583	51	57	107	250378500	250378652	84.314	1.20e-19	99.0
Pantherophis_obsoletus_C9B	JBPPCB010000002.1	583	64	400	463	250362721	250362912	75.000	4.24e-19	97.4
Pantherophis_obsoletus_C9B	JBPPCB010000002.1	583	50	107	156	250379766	250379915	86.000	1.15e-17	92.8
Pantherophis_obsoletus_C9B	JBPPCB010000002.1	583	47	157	203	250350913	250351053	82.979	4.37e-17	90.9
Pantherophis_obsoletus_C9B	JBPPCB010000002.1	583	82	30	107	250347208	250347453	58.537	7.67e-17	90.1
Pantherophis_obsoletus_C9B	JBPPCB010000002.1	583	50	107	156	250349184	250349333	82.000	1.18e-16	89.7
Pantherophis_obsoletus_C9B	JBPPCB010000002.1	583	47	157	203	250382074	250382214	80.851	2.44e-16	88.6
Pantherophis_obsoletus_C9B	JBPPCB010000002.1	583	56	528	583	250366605	250366772	69.643	1.35e-15	86.3
Pantherophis_obsoletus_C9B	JBPPCB010000002.1	583	78	198	275	250352609	250352842	53.846	1.24e-14	83.2
Pantherophis_obsoletus_C9B	JBPPCB010000002.1	583	56	528	583	250398715	250398882	82.143	1.88e-14	82.4
Pantherophis_obsoletus_C9B	JBPPCB010000002.1	583	42	354	395	250358754	250358879	78.571	6.46e-11	71.2
Pantherophis_obsoletus_C9B	JBPPCB010000002.1	583	45	26	70	250346301	250346435	66.667	1.16e-09	67.0
Pantherophis_obsoletus_C9B	JBPPCB010000002.1	583	69	457	525	249722234	249722031	40.580	1.39e-07	60.5
Pantherophis_obsoletus_C9B	JBPPCB010000002.1	583	39	26	64	250378112	250378228	66.667	2.22e-07	59.7
Pantherophis_obsoletus_C9B	JBPPCB010000002.1	583	81	275	355	249643957	249644199	34.568	6.39e-07	58.2
Pantherophis_obsoletus_C9B	JBPPCB010000002.1	583	81	275	355	249682770	249683012	33.333	1.21e-06	57.4
Pantherophis_obsoletus_C9B	JBPPCB010000002.1	583	73	457	529	249651463	249651678	39.726	3.45e-06	55.8
Pantherophis_obsoletus_C9B	JBPPCB010000002.1	583	40	536	575	249720856	249720737	50.000	9.33e-06	54.3
Pantherophis_obsoletus_C9B	JBPPCB010000003.1	583	82	274	355	66438977	66439222	37.805	2.46e-09	65.9
Pantherophis_obsoletus_C9B	JBPPCB010000003.1	583	85	274	358	66500517	66500263	29.412	8.05e-07	57.8
Pantherophis_obsoletus_C9B	JBPPCB010000003.1	583	41	537	577	66463479	66463601	58.537	1.85e-06	56.6
Pantherophis_obsoletus_C9B	JBPPCB010000003.1	583	72	453	523	66455331	66455546	36.111	7.81e-06	54.7
Pantherophis_obsoletus_C9B	JBPPCB010000018.1	583	225	298	516	12103311	12103919	26.222	1.02e-07	60.8
Pantherophis_obsoletus_C9B	JBPPCB010000018.1	583	218	302	514	14135543	14134932	24.312	2.11e-07	59.7
Crotalus_tigris_C9B	JBPPCB010000002.1	583	94	274	367	250388213	250388485	81.915	1.61e-39	160
Crotalus_tigris_C9B	JBPPCB010000002.1	583	77	456	532	250397546	250397776	92.208	9.61e-38	155
Crotalus_tigris_C9B	JBPPCB010000002.1	583	80	453	532	250365030	250365269	83.750	2.61e-35	147
Crotalus_tigris_C9B	JBPPCB010000002.1	583	78	195	272	250383467	250383700	87.179	2.67e-31	135
Crotalus_tigris_C9B	JBPPCB010000002.1	583	100	276	375	250354653	250354943	62.000	5.62e-29	128
Crotalus_tigris_C9B	JBPPCB010000002.1	583	68	396	463	250395727	250395930	86.765	1.49e-25	117
Crotalus_tigris_C9B	JBPPCB010000002.1	583	63	401	463	250362724	250362912	85.714	8.85e-23	108
Crotalus_tigris_C9B	JBPPCB010000002.1	583	51	57	107	250378500	250378652	94.118	3.36e-22	107
Crotalus_tigris_C9B	JBPPCB010000002.1	583	50	107	156	250379766	250379915	94.000	1.49e-20	102
Crotalus_tigris_C9B	JBPPCB010000002.1	583	47	157	203	250382074	250382214	95.745	4.72e-20	100
Crotalus_tigris_C9B	JBPPCB010000002.1	583	54	54	107	250347292	250347453	81.481	1.84e-18	95.5
Crotalus_tigris_C9B	JBPPCB010000002.1	583	47	157	203	250350913	250351053	87.234	2.41e-18	95.1
Crotalus_tigris_C9B	JBPPCB010000002.1	583	50	107	156	250349184	250349333	88.000	2.75e-18	94.7
Crotalus_tigris_C9B	JBPPCB010000002.1	583	52	532	583	250398727	250398882	94.231	2.98e-16	88.2
Crotalus_tigris_C9B	JBPPCB010000002.1	583	52	532	583	250366617	250366772	71.154	9.72e-16	86.7
Crotalus_tigris_C9B	JBPPCB010000002.1	583	77	196	272	250352603	250352833	53.247	1.03e-14	83.2
Crotalus_tigris_C9B	JBPPCB010000002.1	583	42	354	395	250392189	250392314	92.857	4.69e-14	81.3
Crotalus_tigris_C9B	JBPPCB010000002.1	583	39	26	64	250378112	250378228	82.051	5.26e-11	71.2
Crotalus_tigris_C9B	JBPPCB010000002.1	583	45	26	70	250346301	250346435	66.667	3.94e-09	65.5
Crotalus_tigris_C9B	JBPPCB010000002.1	583	69	457	525	249722234	249722031	40.580	5.08e-07	58.5
Crotalus_tigris_C9B	JBPPCB010000002.1	583	54	530	583	249720874	249720713	42.593	2.45e-06	56.2
Crotalus_tigris_C9B	JBPPCB010000018.1	583	218	302	514	14135543	14134932	26.147	1.17e-08	63.9
Crotalus_tigris_C9B	JBPPCB010000003.1	583	75	277	351	66438986	66439210	38.667	8.78e-08	60.8
Crotalus_tigris_C9B	JBPPCB010000003.1	583	43	537	579	66463479	66463607	53.488	7.33e-07	57.8
Ptyas_mucosa_C9B	JBPPCB010000002.1	583	118	253	367	250388156	250388485	71.186	6.25e-40	161
Ptyas_mucosa_C9B	JBPPCB010000002.1	583	77	456	532	250397546	250397776	79.221	7.21e-32	137
Ptyas_mucosa_C9B	JBPPCB010000002.1	583	77	456	532	250365039	250365269	77.922	2.02e-31	135
Ptyas_mucosa_C9B	JBPPCB010000002.1	583	84	277	360	250354656	250354907	76.190	1.21e-30	133
Ptyas_mucosa_C9B	JBPPCB010000002.1	583	76	198	273	250383476	250383703	73.684	2.03e-23	110
Ptyas_mucosa_C9B	JBPPCB010000002.1	583	61	397	457	250395730	250395912	78.689	6.56e-19	96.7
Ptyas_mucosa_C9B	JBPPCB010000002.1	583	58	400	457	250362721	250362894	79.310	3.73e-18	94.4
Ptyas_mucosa_C9B	JBPPCB010000002.1	583	54	54	107	250378491	250378652	75.926	2.09e-17	92.0
Ptyas_mucosa_C9B	JBPPCB010000002.1	583	50	107	156	250379766	250379915	84.000	6.02e-17	90.5
Ptyas_mucosa_C9B	JBPPCB010000002.1	583	47	157	203	250350913	250351053	80.851	1.56e-16	89.4
Ptyas_mucosa_C9B	JBPPCB010000002.1	583	47	157	203	250382074	250382214	80.851	1.97e-16	89.0
Ptyas_mucosa_C9B	JBPPCB010000002.1	583	56	528	583	250366605	250366772	71.429	2.02e-16	89.0
Ptyas_mucosa_C9B	JBPPCB010000002.1	583	56	528	583	250398715	250398882	87.500	4.14e-16	87.8
Ptyas_mucosa_C9B	JBPPCB010000002.1	583	50	107	156	250349184	250349333	80.000	7.57e-16	87.0
Ptyas_mucosa_C9B	JBPPCB010000002.1	583	54	54	107	250347292	250347453	70.370	4.96e-15	84.3
Ptyas_mucosa_C9B	JBPPCB010000002.1	583	77	196	272	250352603	250352833	53.247	2.36e-14	82.0
Ptyas_mucosa_C9B	JBPPCB010000002.1	583	39	32	70	250346319	250346435	64.103	5.08e-07	58.5
Ptyas_mucosa_C9B	JBPPCB010000002.1	583	44	536	579	249720856	249720725	50.000	6.13e-07	58.2
Ptyas_mucosa_C9B	JBPPCB010000002.1	583	69	457	525	249722234	249722031	39.130	1.58e-06	57.0
Ptyas_mucosa_C9B	JBPPCB010000002.1	583	39	355	393	250392192	250392308	66.667	3.04e-06	55.8
Ptyas_mucosa_C9B	JBPPCB010000002.1	583	70	460	529	249651472	249651678	41.429	3.92e-06	55.5
Ptyas_mucosa_C9B	JBPPCB010000003.1	583	76	277	352	66438986	66439213	40.789	1.30e-08	63.5
Ptyas_mucosa_C9B	JBPPCB010000003.1	583	43	537	579	66463479	66463607	53.488	3.26e-07	58.9
Ptyas_mucosa_C9B	JBPPCB010000018.1	583	218	302	514	14135543	14134932	25.229	3.68e-07	58.9
