Vipera_seoanei_C9A	JBPPCB010000002.1	584	81	274	354	250354647	250354889	100.000	8.29e-44	173
Vipera_seoanei_C9A	JBPPCB010000002.1	584	80	453	532	250365030	250365269	96.250	7.35e-40	161
Vipera_seoanei_C9A	JBPPCB010000002.1	584	75	199	273	250352612	250352836	96.000	8.71e-35	146
Vipera_seoanei_C9A	JBPPCB010000002.1	584	77	456	532	250397546	250397776	83.117	3.05e-34	144
Vipera_seoanei_C9A	JBPPCB010000002.1	584	92	276	367	250388219	250388485	66.304	2.70e-31	135
Vipera_seoanei_C9A	JBPPCB010000002.1	584	68	396	463	250362709	250362912	91.176	6.52e-28	125
Vipera_seoanei_C9A	JBPPCB010000002.1	584	53	532	584	250366617	250366775	100.000	2.13e-24	114
Vipera_seoanei_C9A	JBPPCB010000002.1	584	54	54	107	250347292	250347453	96.296	8.17e-23	109
Vipera_seoanei_C9A	JBPPCB010000002.1	584	63	401	463	250395742	250395930	84.127	3.13e-22	107
Vipera_seoanei_C9A	JBPPCB010000002.1	584	50	107	156	250349184	250349333	100.000	4.00e-22	107
Vipera_seoanei_C9A	JBPPCB010000002.1	584	47	157	203	250350913	250351053	97.872	1.70e-21	105
Vipera_seoanei_C9A	JBPPCB010000002.1	584	51	57	107	250378500	250378652	84.314	5.12e-18	94.0
Vipera_seoanei_C9A	JBPPCB010000002.1	584	47	157	203	250382074	250382214	85.106	1.44e-17	92.4
Vipera_seoanei_C9A	JBPPCB010000002.1	584	50	107	156	250379766	250379915	82.000	8.62e-17	90.1
Vipera_seoanei_C9A	JBPPCB010000002.1	584	42	354	395	250358754	250358879	100.000	1.23e-15	86.3
Vipera_seoanei_C9A	JBPPCB010000002.1	584	74	199	272	250383479	250383700	56.757	3.00e-15	85.1
Vipera_seoanei_C9A	JBPPCB010000002.1	584	67	4	70	250346235	250346435	59.701	2.33e-13	79.0
Vipera_seoanei_C9A	JBPPCB010000002.1	584	53	532	584	250398727	250398885	73.585	2.71e-09	65.9
Vipera_seoanei_C9A	JBPPCB010000002.1	584	50	530	579	249720874	249720725	52.000	3.85e-09	65.5
Vipera_seoanei_C9A	JBPPCB010000002.1	584	39	26	64	250378112	250378228	69.231	7.95e-08	61.2
Vipera_seoanei_C9A	JBPPCB010000002.1	584	69	457	525	249722234	249722031	42.029	1.73e-07	60.1
Vipera_seoanei_C9A	JBPPCB010000002.1	584	50	535	583	249690341	249690490	54.000	3.33e-07	58.9
Vipera_seoanei_C9A	JBPPCB010000002.1	584	79	277	355	249643963	249644199	34.177	1.80e-06	56.6
Vipera_seoanei_C9A	JBPPCB010000002.1	584	112	277	383	249682776	249683111	28.571	2.44e-06	56.2
Vipera_seoanei_C9A	JBPPCB010000002.1	584	40	535	573	249655610	249655729	55.000	6.95e-06	54.7
Vipera_seoanei_C9A	JBPPCB010000018.1	584	220	302	514	14135543	14134932	26.364	1.84e-08	63.2
Vipera_seoanei_C9A	JBPPCB010000003.1	584	48	537	584	66463479	66463622	54.167	6.37e-08	61.2
Vipera_seoanei_C9B	JBPPCB010000002.1	584	95	273	367	250388210	250388485	87.368	5.32e-44	174
Vipera_seoanei_C9B	JBPPCB010000002.1	584	77	456	532	250397546	250397776	98.701	1.05e-40	164
Vipera_seoanei_C9B	JBPPCB010000002.1	584	80	453	532	250365030	250365269	81.250	1.64e-34	145
Vipera_seoanei_C9B	JBPPCB010000002.1	584	79	195	273	250383467	250383703	92.405	2.00e-33	142
Vipera_seoanei_C9B	JBPPCB010000002.1	584	100	276	375	250354653	250354943	64.000	5.30e-31	134
Vipera_seoanei_C9B	JBPPCB010000002.1	584	79	397	475	250395730	250395957	81.013	1.42e-27	124
Vipera_seoanei_C9B	JBPPCB010000002.1	584	53	532	584	250398727	250398885	100.000	3.12e-25	116
Vipera_seoanei_C9B	JBPPCB010000002.1	584	51	57	107	250378500	250378652	98.039	4.19e-23	110
Vipera_seoanei_C9B	JBPPCB010000002.1	584	71	395	463	250362700	250362912	78.873	2.00e-22	107
Vipera_seoanei_C9B	JBPPCB010000002.1	584	50	107	156	250379766	250379915	100.000	4.65e-22	106
Vipera_seoanei_C9B	JBPPCB010000002.1	584	47	157	203	250382074	250382214	97.872	5.08e-21	103
Vipera_seoanei_C9B	JBPPCB010000002.1	584	54	54	107	250347292	250347453	79.630	9.32e-18	93.2
Vipera_seoanei_C9B	JBPPCB010000002.1	584	47	157	203	250350913	250351053	85.106	1.38e-17	92.4
Vipera_seoanei_C9B	JBPPCB010000002.1	584	50	107	156	250349184	250349333	82.000	5.50e-17	90.5
Vipera_seoanei_C9B	JBPPCB010000002.1	584	53	532	584	250366617	250366775	73.585	1.53e-16	89.4
Vipera_seoanei_C9B	JBPPCB010000002.1	584	43	354	396	250392189	250392317	97.674	6.86e-16	87.0
Vipera_seoanei_C9B	JBPPCB010000002.1	584	77	196	272	250352603	250352833	55.844	1.04e-15	86.7
Vipera_seoanei_C9B	JBPPCB010000002.1	584	39	26	64	250378112	250378228	87.179	2.34e-12	75.9
Vipera_seoanei_C9B	JBPPCB010000002.1	584	45	26	70	250346301	250346435	64.444	2.58e-08	62.8
Vipera_seoanei_C9B	JBPPCB010000002.1	584	54	530	583	249720874	249720713	46.296	2.00e-07	59.7
Vipera_seoanei_C9B	JBPPCB010000002.1	584	69	457	525	249722234	249722031	40.580	5.50e-07	58.5
Vipera_seoanei_C9B	JBPPCB010000018.1	584	218	302	514	14135543	14134932	25.688	2.07e-09	66.2
Vipera_seoanei_C9B	JBPPCB010000018.1	584	226	293	516	12103296	12103919	22.124	4.54e-06	55.5
Vipera_seoanei_C9B	JBPPCB010000003.1	584	77	277	353	66438986	66439216	38.961	9.04e-09	64.3
Vipera_seoanei_C9B	JBPPCB010000003.1	584	48	537	584	66463479	66463622	52.083	5.14e-07	58.5
