# Pantherophis_obsoletus_copy2 subject=WJSR01000024.1 region_offset=11617735 (add to sstart/send)
Lacerta_agilis_C9A	region	589	78	279	356	20043	19810	73.077	6.14e-36	135
Lacerta_agilis_C9A	region	589	74	461	534	15223	15002	66.216	1.25e-28	113
Lacerta_agilis_C9A	region	589	47	155	201	21766	21626	74.468	1.24e-19	84.3
Lacerta_agilis_C9A	region	589	55	100	154	23388	23224	61.818	2.08e-16	73.9
Lacerta_agilis_C9A	region	589	63	403	465	16147	15959	50.794	4.34e-15	69.7
Lacerta_agilis_C9A	region	589	52	56	106	25068	24913	53.846	4.64e-13	63.2
Lacerta_agilis_C9A	region	589	101	194	293	21313	21023	34.653	3.15e-11	57.0
Lacerta_agilis_C9A	region	589	36	34	69	27689	27582	50.000	1.09e-07	45.8
Lacerta_agilis_C9A	region	589	26	1	26	30598	30521	69.231	2.07e-05	38.1
Lacerta_agilis_C9A	region	589	54	344	397	19422	19264	35.185	2.26e-04	34.7
Zootoca_vivipara_C9A	region	589	78	279	356	20043	19810	73.077	1.28e-35	134
Zootoca_vivipara_C9A	region	589	74	461	534	15223	15002	66.216	1.26e-28	112
Zootoca_vivipara_C9A	region	589	47	155	201	21766	21626	74.468	1.27e-19	84.3
Zootoca_vivipara_C9A	region	589	55	100	154	23388	23224	61.818	2.76e-16	73.6
Zootoca_vivipara_C9A	region	589	63	403	465	16147	15959	50.794	4.20e-15	69.7
Zootoca_vivipara_C9A	region	589	52	56	106	25068	24913	55.769	1.01e-13	65.5
Zootoca_vivipara_C9A	region	589	101	194	293	21313	21023	37.624	5.04e-12	59.7
Zootoca_vivipara_C9A	region	589	36	34	69	27689	27582	47.222	1.54e-07	45.1
Zootoca_vivipara_C9A	region	589	26	1	26	30598	30521	65.385	1.04e-04	35.8
Zootoca_vivipara_C9A	region	589	42	356	397	19389	19264	35.714	5.61e-04	33.5
Podarcis_muralis_C9A	region	589	79	278	356	20046	19810	72.152	8.64e-36	135
Podarcis_muralis_C9A	region	589	74	461	534	15223	15002	64.865	5.93e-28	110
Podarcis_muralis_C9A	region	589	47	155	201	21766	21626	74.468	1.33e-19	84.3
Podarcis_muralis_C9A	region	589	55	100	154	23388	23224	61.818	2.27e-16	73.9
Podarcis_muralis_C9A	region	589	52	56	106	25068	24913	57.692	1.04e-13	65.1
Podarcis_muralis_C9A	region	589	56	403	458	16147	15980	51.786	1.99e-13	64.3
Podarcis_muralis_C9A	region	589	101	194	293	21313	21023	38.614	3.31e-11	57.0
Podarcis_muralis_C9A	region	589	36	34	69	27689	27582	50.000	1.08e-07	45.8
Podarcis_muralis_C9A	region	589	22	5	26	30586	30521	68.182	5.85e-04	33.5
Podarcis_muralis_C9A	region	589	42	356	397	19389	19264	33.333	0.001	32.3
Anolis_carolinensis_C9A	region	591	81	457	537	15241	14999	65.432	9.33e-32	122
Anolis_carolinensis_C9A	region	591	79	280	358	20046	19810	64.557	1.21e-30	119
Anolis_carolinensis_C9A	region	591	58	156	213	21766	21593	62.069	6.19e-19	82.0
Anolis_carolinensis_C9A	region	591	50	106	155	23373	23224	62.000	3.40e-14	67.0
Anolis_carolinensis_C9A	region	591	74	394	467	16162	15959	44.595	6.96e-14	65.9
Anolis_carolinensis_C9A	region	591	52	57	107	25068	24913	55.769	2.38e-12	60.8
Anolis_carolinensis_C9A	region	591	98	195	292	21313	21035	35.714	4.70e-12	59.7
Anolis_carolinensis_C9A	region	591	40	25	64	27719	27600	52.500	4.03e-10	53.5
Anolis_carolinensis_C9A	region	591	53	346	398	19407	19267	30.189	0.086	26.2
Anolis_carolinensis_C9A	region	591	26	1	26	30598	30521	53.846	0.65	23.5
Pogona_vitticeps_C9A	region	576	84	262	345	20043	19792	64.286	4.00e-32	123
Pogona_vitticeps_C9A	region	576	78	438	515	15241	15008	66.667	1.43e-29	115
Pogona_vitticeps_C9A	region	576	51	156	206	21766	21614	70.588	3.83e-20	85.9
Pogona_vitticeps_C9A	region	576	50	106	155	23373	23224	64.000	1.39e-15	71.2
Pogona_vitticeps_C9A	region	576	68	381	448	16162	15959	48.529	6.64e-15	68.9
Pogona_vitticeps_C9A	region	576	39	26	64	27716	27600	64.103	1.93e-12	61.2
Pogona_vitticeps_C9A	region	576	52	57	107	25068	24913	48.077	4.22e-10	53.5
Pogona_vitticeps_C9A	region	576	42	339	380	19389	19264	42.857	9.15e-06	39.3
Pogona_vitticeps_C9A	region	576	26	1	26	30598	30521	57.692	0.053	26.9
Gekko_japonicus_C9A	region	582	78	295	372	20043	19810	58.974	7.79e-27	107
Gekko_japonicus_C9A	region	582	69	457	525	15223	15017	62.319	2.89e-24	99.4
Gekko_japonicus_C9A	region	582	68	122	189	23373	23173	51.471	8.55e-16	72.0
Gekko_japonicus_C9A	region	582	45	173	217	21766	21632	64.444	1.27e-14	68.2
Gekko_japonicus_C9A	region	582	52	71	122	25065	24916	53.846	1.79e-12	61.2
Gekko_japonicus_C9A	region	582	50	402	451	16138	15989	40.000	1.23e-08	48.5
Gekko_japonicus_C9A	region	582	58	27	84	27740	27582	44.828	1.31e-08	48.5
Gekko_japonicus_C9A	region	582	75	212	286	21313	21095	33.333	2.05e-08	48.1
Crotalus_tigris_C9A	region	583	78	276	353	20046	19813	82.051	2.69e-38	142
Crotalus_tigris_C9A	region	583	80	453	532	15241	15002	81.250	4.50e-38	142
Crotalus_tigris_C9A	region	583	54	54	107	25077	24916	85.185	6.67e-26	104
Crotalus_tigris_C9A	region	583	63	401	463	16147	15959	73.016	8.86e-24	97.8
Crotalus_tigris_C9A	region	583	50	107	156	23373	23224	84.000	5.16e-22	92.0
Crotalus_tigris_C9A	region	583	47	157	203	21766	21626	80.851	1.49e-20	87.4
Crotalus_tigris_C9A	region	583	97	196	291	21313	21023	43.299	7.73e-17	75.5
Crotalus_tigris_C9A	region	583	39	26	64	27716	27600	74.359	7.20e-14	65.9
Crotalus_tigris_C9A	region	583	26	1	26	30598	30521	84.615	4.85e-08	46.6
Crotalus_tigris_C9A	region	583	42	355	396	19386	19261	40.476	1.91e-05	38.1
Thamnophis_elegans_C9A	region	583	82	274	355	20052	19807	87.805	1.18e-42	156
Thamnophis_elegans_C9A	region	583	80	453	532	15241	15002	85.000	3.83e-38	142
Thamnophis_elegans_C9A	region	583	68	396	463	16162	15959	72.059	3.95e-27	108
Thamnophis_elegans_C9A	region	583	97	196	291	21313	21023	58.763	2.43e-26	105
Thamnophis_elegans_C9A	region	583	47	157	203	21766	21626	87.234	2.58e-22	92.8
Thamnophis_elegans_C9A	region	583	50	107	156	23373	23224	84.000	9.30e-22	91.3
Thamnophis_elegans_C9A	region	583	51	57	107	25068	24916	78.431	1.22e-20	87.4
Thamnophis_elegans_C9A	region	583	41	26	66	27716	27594	73.171	3.18e-15	70.1
Thamnophis_elegans_C9A	region	583	45	351	395	19398	19264	66.667	4.07e-13	63.2
Thamnophis_elegans_C9A	region	583	26	1	26	30598	30521	80.769	9.73e-07	42.4
Naja_naja_C9A	region	582	78	276	353	20046	19813	80.769	1.30e-37	140
Naja_naja_C9A	region	582	80	452	531	15241	15002	78.750	6.00e-36	135
Naja_naja_C9A	region	582	54	54	107	25077	24916	85.185	1.27e-25	103
Naja_naja_C9A	region	582	50	107	156	23373	23224	84.000	1.36e-22	94.0
Naja_naja_C9A	region	582	57	400	456	16147	15977	71.930	4.10e-22	92.4
Naja_naja_C9A	region	582	47	157	203	21766	21626	78.723	1.18e-19	84.3
Naja_naja_C9A	region	582	97	196	291	21313	21023	45.361	5.28e-17	75.9
Naja_naja_C9A	region	582	39	26	64	27716	27600	69.231	7.25e-13	62.4
Naja_naja_C9A	region	582	26	1	26	30598	30521	69.231	2.72e-05	37.7
Naja_naja_C9A	region	582	41	355	394	19386	19264	41.463	0.005	30.4
Pseudonaja_textilis_C9A	region	583	78	276	353	20046	19813	84.615	5.21e-39	145
Pseudonaja_textilis_C9A	region	583	77	456	532	15232	15002	77.922	7.68e-35	132
Pseudonaja_textilis_C9A	region	583	54	54	107	25077	24916	83.333	2.18e-24	99.8
Pseudonaja_textilis_C9A	region	583	50	107	156	23373	23224	88.000	1.76e-23	96.7
Pseudonaja_textilis_C9A	region	583	57	401	457	16147	15977	71.930	1.33e-22	94.0
Pseudonaja_textilis_C9A	region	583	47	157	203	21766	21626	78.723	1.16e-19	84.3
Pseudonaja_textilis_C9A	region	583	97	196	291	21313	21023	44.330	3.25e-17	76.6
Pseudonaja_textilis_C9A	region	583	39	26	64	27716	27600	71.795	1.72e-13	64.7
Pseudonaja_textilis_C9A	region	583	26	1	26	30598	30521	80.769	2.38e-07	44.7
Pseudonaja_textilis_C9A	region	583	42	355	396	19386	19261	45.238	1.42e-05	38.9
Python_bivittatus_C9A	region	582	81	274	354	20052	19810	85.185	7.02e-41	150
Python_bivittatus_C9A	region	582	77	456	532	15232	15002	77.922	1.97e-35	134
Python_bivittatus_C9A	region	582	62	396	457	16162	15977	75.806	2.22e-25	102
Python_bivittatus_C9A	region	582	91	196	286	21313	21041	53.846	8.80e-24	97.8
Python_bivittatus_C9A	region	582	68	107	174	23373	23170	64.706	9.21e-23	94.4
Python_bivittatus_C9A	region	582	47	157	203	21766	21626	80.851	1.62e-20	87.0
Python_bivittatus_C9A	region	582	54	54	107	25077	24916	62.963	2.95e-17	76.6
Python_bivittatus_C9A	region	582	39	26	64	27716	27600	74.359	2.19e-14	67.4
Python_bivittatus_C9A	region	582	54	342	395	19422	19264	57.407	8.68e-13	62.4
Python_bivittatus_C9A	region	582	26	1	26	30598	30521	80.769	1.95e-07	44.7
Notechis_scutatus_C9A	region	583	78	276	353	20046	19813	84.615	6.65e-39	144
Notechis_scutatus_C9A	region	583	77	456	532	15232	15002	76.623	6.98e-34	129
Notechis_scutatus_C9A	region	583	54	54	107	25077	24916	83.333	2.20e-24	99.8
Notechis_scutatus_C9A	region	583	50	107	156	23373	23224	86.000	7.33e-23	94.7
Notechis_scutatus_C9A	region	583	60	398	457	16156	15977	70.000	8.57e-23	94.4
Notechis_scutatus_C9A	region	583	47	157	203	21766	21626	78.723	1.12e-19	84.3
Notechis_scutatus_C9A	region	583	97	196	291	21313	21023	45.361	2.04e-17	77.4
Notechis_scutatus_C9A	region	583	39	26	64	27716	27600	71.795	1.73e-13	64.3
Notechis_scutatus_C9A	region	583	26	1	26	30598	30521	92.308	7.11e-09	49.7
Notechis_scutatus_C9A	region	583	42	355	396	19386	19261	45.238	1.35e-05	38.9
Hydrophis_cyanocinctus_C9A	region	583	80	274	353	20052	19813	83.750	5.07e-39	145
Hydrophis_cyanocinctus_C9A	region	583	77	456	532	15232	15002	75.325	2.87e-33	127
Hydrophis_cyanocinctus_C9A	region	583	54	54	107	25077	24916	83.333	2.12e-24	99.8
Hydrophis_cyanocinctus_C9A	region	583	50	107	156	23373	23224	86.000	7.72e-23	94.7
Hydrophis_cyanocinctus_C9A	region	583	60	398	457	16156	15977	68.333	7.42e-22	91.7
Hydrophis_cyanocinctus_C9A	region	583	47	157	203	21766	21626	78.723	6.94e-20	85.1
Hydrophis_cyanocinctus_C9A	region	583	97	196	291	21313	21023	45.361	6.62e-17	75.5
Hydrophis_cyanocinctus_C9A	region	583	39	26	64	27716	27600	71.795	1.76e-13	64.3
Hydrophis_cyanocinctus_C9A	region	583	26	1	26	30598	30521	80.769	2.32e-07	44.7
Hydrophis_cyanocinctus_C9A	region	583	41	355	395	19386	19264	43.902	1.06e-04	35.8
Laticauda_colubrina_C9A	region	583	78	276	353	20046	19813	84.615	3.05e-39	145
Laticauda_colubrina_C9A	region	583	77	456	532	15232	15002	76.623	6.38e-34	129
Laticauda_colubrina_C9A	region	583	54	54	107	25077	24916	85.185	5.16e-25	101
Laticauda_colubrina_C9A	region	583	57	401	457	16147	15977	73.684	6.00e-23	95.1
Laticauda_colubrina_C9A	region	583	50	107	156	23373	23224	84.000	1.73e-22	93.6
Laticauda_colubrina_C9A	region	583	47	157	203	21766	21626	78.723	1.29e-19	84.3
Laticauda_colubrina_C9A	region	583	97	196	291	21313	21023	44.330	1.32e-16	74.7
Laticauda_colubrina_C9A	region	583	39	26	64	27716	27600	71.795	3.18e-13	63.5
Laticauda_colubrina_C9A	region	583	26	1	26	30598	30521	80.769	2.44e-07	44.7
Laticauda_colubrina_C9A	region	583	41	355	395	19386	19264	43.902	3.11e-04	34.3
Protobothrops_mucrosquamatus_C9A	region	583	81	274	354	20052	19810	90.123	1.20e-43	159
Protobothrops_mucrosquamatus_C9A	region	583	80	453	532	15241	15002	85.000	1.42e-39	146
Protobothrops_mucrosquamatus_C9A	region	583	94	199	291	21304	21023	64.894	1.42e-31	122
Protobothrops_mucrosquamatus_C9A	region	583	62	396	457	16162	15977	74.194	7.65e-25	100
Protobothrops_mucrosquamatus_C9A	region	583	54	54	107	25077	24916	77.778	4.28e-23	95.5
Protobothrops_mucrosquamatus_C9A	region	583	47	157	203	21766	21626	89.362	6.43e-23	94.7
Protobothrops_mucrosquamatus_C9A	region	583	50	107	156	23373	23224	82.000	3.01e-22	92.8
Protobothrops_mucrosquamatus_C9A	region	583	54	342	395	19422	19264	64.815	9.03e-15	68.6
Protobothrops_mucrosquamatus_C9A	region	583	39	26	64	27716	27600	71.795	7.71e-14	65.5
Protobothrops_mucrosquamatus_C9A	region	583	26	1	26	30598	30521	80.769	4.69e-07	43.5
Chrysopelea_ornata_C9A	region	584	81	274	354	20052	19810	95.062	2.03e-44	161
Chrysopelea_ornata_C9A	region	584	80	454	533	15241	15002	86.250	1.44e-39	146
Chrysopelea_ornata_C9A	region	584	97	196	291	21313	21023	75.258	3.15e-39	145
Chrysopelea_ornata_C9A	region	584	62	397	458	16162	15977	93.548	6.79e-31	120
Chrysopelea_ornata_C9A	region	584	50	107	156	23373	23224	88.000	9.15e-24	97.4
Chrysopelea_ornata_C9A	region	584	54	54	107	25077	24916	79.630	2.18e-23	96.3
Chrysopelea_ornata_C9A	region	584	47	157	203	21766	21626	78.723	1.13e-19	84.3
Chrysopelea_ornata_C9A	region	584	39	26	64	27716	27600	69.231	1.80e-13	64.3
Chrysopelea_ornata_C9A	region	584	55	342	396	19422	19264	61.818	1.04e-12	62.0
Chrysopelea_ornata_C9A	region	584	26	1	26	30598	30521	84.615	8.24e-08	46.2
Pituophis_catenifer_C9A	region	583	80	453	532	15241	15002	96.250	6.75e-45	162
Pituophis_catenifer_C9A	region	583	77	277	353	20043	19813	88.312	6.87e-40	147
Pituophis_catenifer_C9A	region	583	95	198	291	21307	21023	74.737	4.71e-38	142
Pituophis_catenifer_C9A	region	583	51	57	107	25068	24916	94.118	6.52e-27	107
Pituophis_catenifer_C9A	region	583	60	404	463	16138	15959	86.667	9.03e-27	107
Pituophis_catenifer_C9A	region	583	47	157	203	21766	21626	93.617	6.42e-24	98.2
Pituophis_catenifer_C9A	region	583	50	107	156	23373	23224	88.000	8.33e-24	97.8
Pituophis_catenifer_C9A	region	583	41	355	395	19386	19264	100.000	1.17e-19	84.3
Pituophis_catenifer_C9A	region	583	39	26	64	27716	27600	87.179	6.40e-17	75.5
Pituophis_catenifer_C9A	region	583	26	1	26	30598	30521	84.615	2.01e-07	44.7
Pantherophis_obsoletus_C9A	region	583	81	274	354	20052	19810	100.000	1.37e-47	171
Pantherophis_obsoletus_C9A	region	583	80	453	532	15241	15002	96.250	6.75e-45	162
Pantherophis_obsoletus_C9A	region	583	94	199	291	21304	21023	80.851	1.24e-39	147
Pantherophis_obsoletus_C9A	region	583	68	396	463	16162	15959	88.235	2.10e-31	121
Pantherophis_obsoletus_C9A	region	583	50	107	156	23373	23224	100.000	3.15e-27	108
Pantherophis_obsoletus_C9A	region	583	51	57	107	25068	24916	90.196	1.14e-24	100
Pantherophis_obsoletus_C9A	region	583	47	157	203	21766	21626	95.745	1.36e-24	100
Pantherophis_obsoletus_C9A	region	583	54	342	395	19422	19264	85.185	6.46e-21	88.6
Pantherophis_obsoletus_C9A	region	583	41	26	66	27716	27594	80.488	1.13e-16	74.7
Pantherophis_obsoletus_C9A	region	583	26	1	26	30598	30521	88.462	5.07e-08	46.6
Bothrops_jararaca_C9A	region	583	81	274	354	20052	19810	88.889	5.15e-43	157
Bothrops_jararaca_C9A	region	583	80	453	532	15241	15002	83.750	1.20e-38	144
Bothrops_jararaca_C9A	region	583	94	199	291	21304	21023	64.894	3.70e-30	117
Bothrops_jararaca_C9A	region	583	62	396	457	16162	15977	79.032	6.41e-27	107
Bothrops_jararaca_C9A	region	583	54	54	107	25077	24916	79.630	1.57e-23	96.7
Bothrops_jararaca_C9A	region	583	47	157	203	21766	21626	89.362	6.38e-23	94.7
Bothrops_jararaca_C9A	region	583	50	107	156	23373	23224	78.000	9.05e-21	88.2
Bothrops_jararaca_C9A	region	583	54	342	395	19422	19264	68.519	1.02e-15	71.6
Bothrops_jararaca_C9A	region	583	39	26	64	27716	27600	69.231	2.30e-13	63.9
Bothrops_jararaca_C9A	region	583	26	1	26	30598	30521	88.462	1.91e-08	48.1
Ptyas_mucosa_C9A	region	583	81	274	354	20052	19810	93.827	2.62e-44	161
Ptyas_mucosa_C9A	region	583	80	453	532	15241	15002	86.250	5.83e-40	147
Ptyas_mucosa_C9A	region	583	95	198	291	21307	21023	70.526	5.89e-34	129
Ptyas_mucosa_C9A	region	583	67	397	463	16159	15959	85.075	3.42e-30	117
Ptyas_mucosa_C9A	region	583	51	57	107	25068	24916	90.196	8.95e-25	100
Ptyas_mucosa_C9A	region	583	50	107	156	23373	23224	90.000	4.65e-24	98.6
Ptyas_mucosa_C9A	region	583	47	157	203	21766	21626	89.362	4.43e-23	95.5
Ptyas_mucosa_C9A	region	583	41	26	66	27716	27594	75.610	1.89e-15	70.9
Ptyas_mucosa_C9A	region	583	54	342	395	19422	19264	68.519	7.35e-15	68.9
Ptyas_mucosa_C9A	region	583	26	1	26	30598	30521	84.615	5.07e-08	46.6
Vipera_berus_C9A	region	583	81	274	354	20052	19810	86.420	7.95e-41	150
Vipera_berus_C9A	region	583	80	453	532	15241	15002	83.750	3.08e-39	145
Vipera_berus_C9A	region	583	94	199	291	21304	21023	67.021	4.19e-32	124
Vipera_berus_C9A	region	583	62	396	457	16162	15977	82.258	1.65e-28	112
Vipera_berus_C9A	region	583	51	57	107	25068	24916	86.275	5.68e-24	98.2
Vipera_berus_C9A	region	583	47	157	203	21766	21626	87.234	8.13e-23	94.7
Vipera_berus_C9A	region	583	50	107	156	23373	23224	80.000	4.65e-21	89.0
Vipera_berus_C9A	region	583	54	342	395	19422	19264	68.519	6.25e-16	72.4
Vipera_berus_C9A	region	583	39	26	64	27716	27600	74.359	3.06e-14	67.0
Vipera_berus_C9A	region	583	26	1	26	30598	30521	84.615	1.06e-07	45.8
Sceloporus_undulatus_C9A	region	591	78	281	358	20043	19810	67.949	3.47e-32	124
Sceloporus_undulatus_C9A	region	591	81	457	537	15241	14999	65.432	5.33e-32	123
Sceloporus_undulatus_C9A	region	591	68	400	467	16162	15959	54.412	8.35e-18	78.6
Sceloporus_undulatus_C9A	region	591	47	156	202	21766	21626	55.319	2.37e-14	67.4
Sceloporus_undulatus_C9A	region	591	50	106	155	23373	23224	62.000	5.57e-14	66.2
Sceloporus_undulatus_C9A	region	591	52	57	107	25068	24913	55.769	2.52e-12	60.8
Sceloporus_undulatus_C9A	region	591	96	195	290	21313	21041	34.375	1.46e-11	58.2
Sceloporus_undulatus_C9A	region	591	40	25	64	27719	27600	57.500	3.25e-11	57.0
Sceloporus_undulatus_C9A	region	591	53	346	398	19407	19267	37.736	2.29e-05	38.1
Sceloporus_undulatus_C9A	region	591	26	1	26	30598	30521	65.385	0.010	29.3
Anolis_carolinensis_C9B	region	538	78	280	357	20046	19813	66.667	4.78e-30	116
Anolis_carolinensis_C9B	region	538	68	462	529	15226	15023	64.706	6.38e-25	100
Anolis_carolinensis_C9B	region	538	58	156	213	21766	21593	56.897	1.75e-17	77.0
Anolis_carolinensis_C9B	region	538	56	405	460	16147	15980	57.143	1.31e-16	74.3
Anolis_carolinensis_C9B	region	538	50	106	155	23373	23224	70.000	8.26e-16	71.6
Anolis_carolinensis_C9B	region	538	52	57	107	25068	24913	51.923	6.53e-12	59.3
Anolis_carolinensis_C9B	region	538	96	195	290	21313	21041	36.458	7.95e-12	58.9
Anolis_carolinensis_C9B	region	538	40	25	64	27719	27600	52.500	1.11e-10	55.1
Anolis_carolinensis_C9B	region	538	42	359	400	19386	19261	30.952	0.001	32.7
Hydrophis_cyanocinctus_C9B	region	582	81	273	353	20052	19810	91.358	3.07e-44	160
Hydrophis_cyanocinctus_C9B	region	582	80	452	531	15241	15002	82.500	4.15e-37	139
Hydrophis_cyanocinctus_C9B	region	582	91	195	285	21313	21041	67.033	6.91e-31	120
Hydrophis_cyanocinctus_C9B	region	582	60	397	456	16156	15977	80.000	1.50e-26	106
Hydrophis_cyanocinctus_C9B	region	582	50	106	155	23373	23224	90.000	3.29e-24	99.0
Hydrophis_cyanocinctus_C9B	region	582	47	156	202	21766	21626	89.362	5.47e-23	95.1
Hydrophis_cyanocinctus_C9B	region	582	50	57	106	25065	24916	76.000	1.07e-19	84.7
Hydrophis_cyanocinctus_C9B	region	582	61	341	401	19422	19246	60.656	1.90e-13	64.3
Hydrophis_cyanocinctus_C9B	region	582	38	25	62	27716	27603	73.684	1.87e-12	61.2
Hydrophis_cyanocinctus_C9B	region	582	24	2	25	30592	30521	91.667	1.39e-07	45.4
Bothrops_jararaca_C9B	region	583	81	274	354	20052	19810	88.889	5.34e-43	157
Bothrops_jararaca_C9B	region	583	80	453	532	15241	15002	83.750	1.24e-38	144
Bothrops_jararaca_C9B	region	583	97	196	291	21313	21023	63.918	2.16e-31	121
Bothrops_jararaca_C9B	region	583	62	396	457	16162	15977	82.258	5.18e-28	110
Bothrops_jararaca_C9B	region	583	54	54	107	25077	24916	81.481	3.87e-24	98.6
Bothrops_jararaca_C9B	region	583	50	107	156	23373	23224	84.000	1.35e-22	94.0
Bothrops_jararaca_C9B	region	583	47	157	203	21766	21626	87.234	2.51e-22	92.8
Bothrops_jararaca_C9B	region	583	54	342	395	19422	19264	66.667	3.74e-15	70.1
Bothrops_jararaca_C9B	region	583	39	26	64	27716	27600	71.795	1.59e-13	64.7
Bothrops_jararaca_C9B	region	583	26	1	26	30598	30521	84.615	3.04e-08	47.4
Laticauda_colubrina_C9B	region	583	79	276	354	20046	19810	92.405	8.76e-43	156
Laticauda_colubrina_C9B	region	583	80	453	532	15241	15002	82.500	7.75e-38	141
Laticauda_colubrina_C9B	region	583	97	196	291	21313	21023	61.856	5.18e-28	110
Laticauda_colubrina_C9B	region	583	60	398	457	16156	15977	85.000	4.39e-27	108
Laticauda_colubrina_C9B	region	583	46	157	202	21766	21629	91.304	5.36e-23	95.1
Laticauda_colubrina_C9B	region	583	50	107	156	23373	23224	80.000	3.62e-21	89.4
Laticauda_colubrina_C9B	region	583	50	58	107	25065	24916	80.000	5.03e-21	89.0
Laticauda_colubrina_C9B	region	583	38	26	63	27716	27603	76.316	1.62e-13	64.7
Laticauda_colubrina_C9B	region	583	26	1	26	30598	30521	92.308	6.53e-09	49.7
Laticauda_colubrina_C9B	region	583	54	342	395	19422	19264	42.593	2.57e-05	37.7
Pseudonaja_textilis_C9B	region	583	81	274	354	20052	19810	95.062	2.16e-45	164
Pseudonaja_textilis_C9B	region	583	80	453	532	15241	15002	83.750	6.24e-38	141
Pseudonaja_textilis_C9B	region	583	97	196	291	21313	21023	61.856	5.80e-29	114
Pseudonaja_textilis_C9B	region	583	64	394	457	16168	15977	78.125	6.08e-27	107
Pseudonaja_textilis_C9B	region	583	50	107	156	23373	23224	88.000	1.08e-23	97.4
Pseudonaja_textilis_C9B	region	583	47	157	203	21766	21626	87.234	1.20e-22	94.0
Pseudonaja_textilis_C9B	region	583	51	57	107	25068	24916	74.510	5.84e-20	85.5
Pseudonaja_textilis_C9B	region	583	38	26	63	27716	27603	78.947	2.65e-14	67.0
Pseudonaja_textilis_C9B	region	583	64	342	405	19422	19237	56.250	1.13e-13	65.1
Pseudonaja_textilis_C9B	region	583	26	1	26	30598	30521	92.308	6.37e-09	49.7
Notechis_scutatus_C9B	region	583	79	276	354	20046	19810	93.671	2.14e-43	158
Notechis_scutatus_C9B	region	583	80	453	532	15241	15002	85.000	8.35e-39	144
Notechis_scutatus_C9B	region	583	97	196	291	21313	21023	68.041	3.53e-33	127
Notechis_scutatus_C9B	region	583	60	398	457	16156	15977	80.000	2.78e-26	105
Notechis_scutatus_C9B	region	583	50	107	156	23373	23224	90.000	2.90e-24	99.4
Notechis_scutatus_C9B	region	583	47	157	203	21766	21626	89.362	5.18e-23	95.1
Notechis_scutatus_C9B	region	583	50	58	107	25065	24916	76.000	9.06e-20	84.7
Notechis_scutatus_C9B	region	583	38	26	63	27716	27603	76.316	1.59e-13	64.7
Notechis_scutatus_C9B	region	583	61	342	402	19422	19246	62.295	1.83e-13	64.3
Notechis_scutatus_C9B	region	583	26	1	26	30598	30521	92.308	6.76e-09	49.7
Pituophis_catenifer_C9B	region	583	80	453	532	15241	15002	90.000	4.66e-42	154
Pituophis_catenifer_C9B	region	583	77	277	353	20043	19813	88.312	1.02e-39	147
Pituophis_catenifer_C9B	region	583	54	54	107	25077	24916	85.185	7.13e-24	97.8
Pituophis_catenifer_C9B	region	583	50	107	156	23373	23224	86.000	1.19e-22	94.0
Pituophis_catenifer_C9B	region	583	54	404	457	16138	15977	75.926	7.69e-22	91.3
Pituophis_catenifer_C9B	region	583	47	157	203	21766	21626	82.979	9.95e-21	87.8
Pituophis_catenifer_C9B	region	583	99	198	291	21307	21023	47.475	2.25e-17	77.0
Pituophis_catenifer_C9B	region	583	41	355	395	19386	19264	87.805	3.55e-16	73.2
Pituophis_catenifer_C9B	region	583	39	26	64	27716	27600	71.795	5.03e-14	66.2
Pituophis_catenifer_C9B	region	583	26	1	26	30598	30521	96.154	3.23e-09	50.4
Pantherophis_obsoletus_C9B	region	583	81	274	354	20052	19810	93.827	3.27e-44	160
Pantherophis_obsoletus_C9B	region	583	80	453	532	15241	15002	75.000	4.02e-35	133
Pantherophis_obsoletus_C9B	region	583	51	57	107	25068	24916	98.039	3.67e-28	111
Pantherophis_obsoletus_C9B	region	583	50	107	156	23373	23224	86.000	1.33e-22	94.0
Pantherophis_obsoletus_C9B	region	583	57	401	457	16147	15977	73.684	4.94e-22	92.0
Pantherophis_obsoletus_C9B	region	583	54	342	395	19422	19264	85.185	6.13e-21	88.6
Pantherophis_obsoletus_C9B	region	583	47	157	203	21766	21626	82.979	1.20e-20	87.8
Pantherophis_obsoletus_C9B	region	583	99	198	291	21307	21023	49.495	5.08e-19	82.4
Pantherophis_obsoletus_C9B	region	583	39	26	64	27716	27600	89.744	1.17e-17	78.2
Pantherophis_obsoletus_C9B	region	583	26	1	26	30598	30521	96.154	3.14e-09	50.8
Crotalus_tigris_C9B	region	583	80	453	532	15241	15002	81.250	4.08e-38	142
Crotalus_tigris_C9B	region	583	76	276	351	20046	19819	84.211	5.40e-38	142
Crotalus_tigris_C9B	region	583	54	54	107	25077	24916	83.333	1.82e-25	102
Crotalus_tigris_C9B	region	583	63	401	463	16147	15959	73.016	7.44e-24	97.8
Crotalus_tigris_C9B	region	583	50	107	156	23373	23224	84.000	5.77e-22	91.7
Crotalus_tigris_C9B	region	583	47	157	203	21766	21626	80.851	2.83e-20	86.3
Crotalus_tigris_C9B	region	583	97	196	291	21313	21023	45.361	3.40e-18	79.7
Crotalus_tigris_C9B	region	583	39	26	64	27716	27600	71.795	2.36e-13	63.9
Crotalus_tigris_C9B	region	583	26	1	26	30598	30521	84.615	5.33e-08	46.6
Crotalus_tigris_C9B	region	583	42	355	396	19386	19261	40.476	1.82e-05	38.5
Ptyas_mucosa_C9B	region	583	84	277	360	20043	19792	83.333	5.83e-40	147
Ptyas_mucosa_C9B	region	583	77	456	532	15232	15002	75.325	6.05e-34	129
Ptyas_mucosa_C9B	region	583	54	54	107	25077	24916	79.630	9.67e-23	94.4
Ptyas_mucosa_C9B	region	583	50	107	156	23373	23224	84.000	7.62e-22	91.3
Ptyas_mucosa_C9B	region	583	57	401	457	16147	15977	71.930	4.69e-21	89.0
Ptyas_mucosa_C9B	region	583	47	157	203	21766	21626	80.851	3.86e-20	85.9
Ptyas_mucosa_C9B	region	583	101	196	291	21313	21023	46.535	9.77e-18	78.2
Ptyas_mucosa_C9B	region	583	35	30	64	27704	27600	68.571	3.43e-11	57.0
Ptyas_mucosa_C9B	region	583	24	1	24	30598	30527	91.667	2.75e-07	44.3
Ptyas_mucosa_C9B	region	583	39	355	393	19386	19270	38.462	2.88e-04	34.3
# Pantherophis_obsoletus_copy4 subject=WJSR01015476.1 region_offset=1 (add to sstart/send)
Lacerta_agilis_C9A	region	589	56	403	458	282	115	53.571	1.86e-15	67.4
Lacerta_agilis_C9A	region	589	54	344	397	3563	3405	35.185	2.11e-05	34.7
Lacerta_agilis_C9A	region	589	17	340	356	4001	3951	76.471	8.60e-05	32.7
Zootoca_vivipara_C9A	region	589	56	403	458	282	115	53.571	1.70e-15	67.4
Zootoca_vivipara_C9A	region	589	42	356	397	3530	3405	35.714	5.25e-05	33.5
Zootoca_vivipara_C9A	region	589	17	340	356	4001	3951	76.471	1.34e-04	32.3
Podarcis_muralis_C9A	region	589	56	403	458	282	115	50.000	7.56e-14	62.4
Podarcis_muralis_C9A	region	589	42	356	397	3530	3405	33.333	1.13e-04	32.3
Podarcis_muralis_C9A	region	589	17	340	356	4001	3951	76.471	1.47e-04	32.0
Anolis_carolinensis_C9A	region	591	74	394	467	297	94	45.946	3.24e-15	66.6
Anolis_carolinensis_C9A	region	591	17	342	358	4001	3951	58.824	0.005	26.9
Anolis_carolinensis_C9A	region	591	53	346	398	3548	3408	30.189	0.008	26.2
Pogona_vitticeps_C9A	region	576	68	381	448	297	94	47.059	1.66e-15	67.4
Pogona_vitticeps_C9A	region	576	42	339	380	3530	3405	42.857	8.39e-07	39.3
Pogona_vitticeps_C9A	region	576	22	324	345	3998	3933	45.455	0.006	26.9
Gekko_japonicus_C9A	region	582	50	402	451	273	124	40.000	9.88e-10	48.9
Gekko_japonicus_C9A	region	582	16	357	372	3998	3951	50.000	0.097	22.7
Crotalus_tigris_C9A	region	583	63	401	463	282	94	74.603	4.29e-25	98.2
Crotalus_tigris_C9A	region	583	42	355	396	3527	3402	40.476	1.76e-06	38.1
Crotalus_tigris_C9A	region	583	16	338	353	4001	3954	75.000	3.21e-04	30.8
Thamnophis_elegans_C9A	region	583	68	396	463	297	94	73.529	1.73e-28	108
Thamnophis_elegans_C9A	region	583	45	351	395	3539	3405	66.667	3.43e-14	63.2
Thamnophis_elegans_C9A	region	583	18	338	355	4001	3948	72.222	6.09e-05	33.1
Naja_naja_C9A	region	582	57	400	456	282	112	73.684	1.93e-23	92.8
Naja_naja_C9A	region	582	41	355	394	3527	3405	41.463	4.73e-04	30.4
Naja_naja_C9A	region	582	16	338	353	4001	3954	75.000	5.61e-04	30.0
Pseudonaja_textilis_C9A	region	583	57	401	457	282	112	73.684	7.33e-24	94.4
Pseudonaja_textilis_C9A	region	583	42	355	396	3527	3402	45.238	1.31e-06	38.9
Pseudonaja_textilis_C9A	region	583	16	338	353	4001	3954	75.000	5.92e-04	30.0
Python_bivittatus_C9A	region	582	62	396	457	297	112	77.419	7.64e-27	103
Python_bivittatus_C9A	region	582	54	342	395	3563	3405	57.407	7.33e-14	62.4
Python_bivittatus_C9A	region	582	17	338	354	4001	3951	94.118	2.90e-06	37.7
Notechis_scutatus_C9A	region	583	60	398	457	291	112	71.667	4.30e-24	95.1
Notechis_scutatus_C9A	region	583	42	355	396	3527	3402	45.238	1.24e-06	38.9
Notechis_scutatus_C9A	region	583	16	338	353	4001	3954	75.000	5.92e-04	30.0
Hydrophis_cyanocinctus_C9A	region	583	60	398	457	291	112	70.000	3.70e-23	92.0
Hydrophis_cyanocinctus_C9A	region	583	41	355	395	3527	3405	43.902	9.85e-06	35.8
Hydrophis_cyanocinctus_C9A	region	583	16	338	353	4001	3954	75.000	6.23e-04	30.0
Laticauda_colubrina_C9A	region	583	57	401	457	282	112	75.439	3.17e-24	95.5
Laticauda_colubrina_C9A	region	583	41	355	395	3527	3405	43.902	2.90e-05	34.3
Laticauda_colubrina_C9A	region	583	16	338	353	4001	3954	75.000	5.82e-04	30.0
Protobothrops_mucrosquamatus_C9A	region	583	62	396	457	297	112	75.806	3.80e-26	101
Protobothrops_mucrosquamatus_C9A	region	583	54	342	395	3563	3405	64.815	7.45e-16	68.6
Protobothrops_mucrosquamatus_C9A	region	583	17	338	354	4001	3951	94.118	3.20e-06	37.4
Chrysopelea_ornata_C9A	region	584	62	397	458	297	112	91.935	1.24e-31	118
Chrysopelea_ornata_C9A	region	584	55	342	396	3563	3405	61.818	8.76e-14	62.0
Chrysopelea_ornata_C9A	region	584	17	338	354	4001	3951	94.118	3.09e-05	34.3
Pituophis_catenifer_C9A	region	583	54	404	457	273	112	92.593	1.58e-27	105
Pituophis_catenifer_C9A	region	583	41	355	395	3527	3405	100.000	9.17e-21	84.3
Pituophis_catenifer_C9A	region	583	16	338	353	4001	3954	75.000	5.87e-04	30.0
Pantherophis_obsoletus_C9A	region	583	62	396	457	297	112	98.387	1.40e-33	124
Pantherophis_obsoletus_C9A	region	583	54	342	395	3563	3405	85.185	4.98e-22	88.6
Pantherophis_obsoletus_C9A	region	583	17	338	354	4001	3951	94.118	8.59e-06	36.2
Bothrops_jararaca_C9A	region	583	62	396	457	297	112	80.645	2.79e-28	108
Bothrops_jararaca_C9A	region	583	54	342	395	3563	3405	68.519	8.32e-17	71.6
Bothrops_jararaca_C9A	region	583	17	338	354	4001	3951	94.118	3.22e-06	37.4
Ptyas_mucosa_C9A	region	583	62	396	457	297	112	88.710	4.17e-31	117
Ptyas_mucosa_C9A	region	583	54	342	395	3563	3405	68.519	6.07e-16	68.9
Ptyas_mucosa_C9A	region	583	16	339	354	3998	3951	100.000	5.47e-06	36.6
Ptyas_mucosa_C9A	region	583	26	168	193	61	138	30.769	0.34	21.2
Vipera_berus_C9A	region	583	62	396	457	297	112	83.871	7.85e-30	113
Vipera_berus_C9A	region	583	54	342	395	3563	3405	68.519	5.10e-17	72.4
Vipera_berus_C9A	region	583	17	338	354	4001	3951	88.235	1.74e-05	35.0
Sceloporus_undulatus_C9A	region	591	68	400	467	297	94	52.941	1.76e-18	77.0
Sceloporus_undulatus_C9A	region	591	53	346	398	3548	3408	37.736	2.11e-06	38.1
Sceloporus_undulatus_C9A	region	591	17	342	358	4001	3951	52.941	0.016	25.4
Anolis_carolinensis_C9B	region	538	56	405	460	282	115	58.929	5.96e-18	75.1
Anolis_carolinensis_C9B	region	538	42	359	400	3527	3402	30.952	9.35e-05	32.7
Anolis_carolinensis_C9B	region	538	13	342	354	4001	3963	69.231	0.031	24.3
Hydrophis_cyanocinctus_C9B	region	582	60	397	456	291	112	81.667	2.01e-28	108
Hydrophis_cyanocinctus_C9B	region	582	61	341	401	3563	3387	60.656	1.59e-14	64.3
Hydrophis_cyanocinctus_C9B	region	582	17	337	353	4001	3951	94.118	3.36e-06	37.4
Bothrops_jararaca_C9B	region	583	62	396	457	297	112	83.871	2.52e-29	111
Bothrops_jararaca_C9B	region	583	54	342	395	3563	3405	66.667	3.08e-16	70.1
Bothrops_jararaca_C9B	region	583	17	338	354	4001	3951	94.118	3.34e-06	37.4
Laticauda_colubrina_C9B	region	583	60	398	457	291	112	86.667	6.11e-29	110
Laticauda_colubrina_C9B	region	583	54	342	395	3563	3405	42.593	2.37e-06	37.7
Laticauda_colubrina_C9B	region	583	17	338	354	4001	3951	94.118	3.92e-06	37.4
Pseudonaja_textilis_C9B	region	583	64	394	457	303	112	79.688	9.50e-29	109
Pseudonaja_textilis_C9B	region	583	64	342	405	3563	3378	56.250	9.47e-15	65.1
Pseudonaja_textilis_C9B	region	583	17	338	354	4001	3951	94.118	9.04e-06	35.8
Notechis_scutatus_C9B	region	583	60	398	457	291	112	81.667	4.22e-28	107
Notechis_scutatus_C9B	region	583	61	342	402	3563	3387	62.295	1.53e-14	64.3
Notechis_scutatus_C9B	region	583	17	338	354	4001	3951	88.235	2.00e-05	35.0
Pituophis_catenifer_C9B	region	583	54	404	457	273	112	77.778	4.15e-23	92.0
Pituophis_catenifer_C9B	region	583	41	355	395	3527	3405	87.805	2.89e-17	73.2
Pituophis_catenifer_C9B	region	583	16	338	353	4001	3954	75.000	5.77e-04	30.0
Pantherophis_obsoletus_C9B	region	583	57	401	457	282	112	75.439	2.33e-23	92.8
Pantherophis_obsoletus_C9B	region	583	54	342	395	3563	3405	85.185	4.73e-22	88.6
Pantherophis_obsoletus_C9B	region	583	17	338	354	4001	3951	94.118	8.96e-06	35.8
Crotalus_tigris_C9B	region	583	63	401	463	282	94	74.603	4.00e-25	98.2
Crotalus_tigris_C9B	region	583	42	355	396	3527	3402	40.476	1.67e-06	38.5
Crotalus_tigris_C9B	region	583	16	338	353	4001	3954	75.000	5.08e-04	30.4
Ptyas_mucosa_C9B	region	583	57	401	457	282	112	73.684	2.40e-22	89.4
Ptyas_mucosa_C9B	region	583	39	355	393	3527	3411	38.462	2.69e-05	34.3
Ptyas_mucosa_C9B	region	583	16	338	353	4001	3954	75.000	5.92e-04	30.0
Ptyas_mucosa_C9B	region	583	43	389	426	2666	2794	34.884	0.051	23.9
# Pantherophis_obsoletus_copy5 subject=WJSR01023848.1 region_offset=1 (add to sstart/send)
Lacerta_agilis_C9A	region	589	72	279	350	218	3	75.000	6.67e-36	128
Lacerta_agilis_C9A	region	589	81	194	274	1487	1257	34.568	7.42e-12	53.9
Lacerta_agilis_C9A	region	589	36	219	254	1255	1362	33.333	0.070	21.9
Zootoca_vivipara_C9A	region	589	72	279	350	218	3	75.000	1.34e-35	127
Zootoca_vivipara_C9A	region	589	81	194	274	1487	1257	38.272	1.05e-12	56.6
Podarcis_muralis_C9A	region	589	73	278	350	221	3	73.973	1.02e-35	127
Podarcis_muralis_C9A	region	589	81	194	274	1487	1257	39.506	7.68e-12	53.9
Anolis_carolinensis_C9A	region	591	73	280	352	221	3	67.123	5.22e-31	113
Anolis_carolinensis_C9A	region	591	82	195	276	1487	1257	35.366	7.08e-12	53.9
Pogona_vitticeps_C9A	region	576	72	262	333	218	3	69.444	1.13e-31	115
Gekko_japonicus_C9A	region	582	70	295	364	218	9	64.286	1.22e-27	103
Gekko_japonicus_C9A	region	582	70	217	286	1472	1269	37.143	9.33e-11	50.4
Crotalus_tigris_C9A	region	583	73	276	348	221	3	86.301	1.53e-39	139
Crotalus_tigris_C9A	region	583	77	196	272	1487	1257	46.753	4.36e-18	73.6
Thamnophis_elegans_C9A	region	583	75	274	348	227	3	92.000	2.88e-43	149
Thamnophis_elegans_C9A	region	583	78	196	273	1487	1254	64.103	8.82e-27	100
Naja_naja_C9A	region	582	73	276	348	221	3	82.192	1.18e-37	133
Naja_naja_C9A	region	582	77	196	272	1487	1257	49.351	6.98e-19	76.3
Pseudonaja_textilis_C9A	region	583	73	276	348	221	3	86.301	4.39e-39	137
Pseudonaja_textilis_C9A	region	583	77	196	272	1487	1257	48.052	1.02e-18	75.9
Python_bivittatus_C9A	region	582	75	274	348	227	3	86.667	8.64e-41	142
Python_bivittatus_C9A	region	582	77	196	272	1487	1257	61.039	8.62e-26	97.8
Notechis_scutatus_C9A	region	583	73	276	348	221	3	86.301	5.36e-39	137
Notechis_scutatus_C9A	region	583	77	196	272	1487	1257	49.351	6.08e-19	76.3
Hydrophis_cyanocinctus_C9A	region	583	75	274	348	227	3	85.333	3.77e-39	137
Hydrophis_cyanocinctus_C9A	region	583	77	196	272	1487	1257	49.351	1.25e-18	75.5
Laticauda_colubrina_C9A	region	583	73	276	348	221	3	86.301	2.40e-39	138
Laticauda_colubrina_C9A	region	583	77	196	272	1487	1257	48.052	3.35e-18	73.9
Protobothrops_mucrosquamatus_C9A	region	583	75	274	348	227	3	90.667	2.58e-43	149
Protobothrops_mucrosquamatus_C9A	region	583	75	199	273	1478	1254	73.333	6.39e-32	116
Chrysopelea_ornata_C9A	region	584	75	274	348	227	3	96.000	1.18e-44	153
Chrysopelea_ornata_C9A	region	584	78	196	273	1487	1254	82.051	7.45e-38	134
Pituophis_catenifer_C9A	region	583	72	277	348	218	3	90.278	4.98e-40	140
Pituophis_catenifer_C9A	region	583	75	198	272	1481	1257	84.000	1.39e-37	133
Pantherophis_obsoletus_C9A	region	583	75	274	348	227	3	100.000	8.48e-47	159
Pantherophis_obsoletus_C9A	region	583	75	199	273	1478	1254	96.000	2.15e-42	147
Bothrops_jararaca_C9A	region	583	75	274	348	227	3	89.333	1.08e-42	147
Bothrops_jararaca_C9A	region	583	74	199	272	1478	1257	74.324	4.06e-31	114
Ptyas_mucosa_C9A	region	583	75	274	348	227	3	94.667	4.09e-44	152
Ptyas_mucosa_C9A	region	583	76	198	273	1481	1254	82.895	5.83e-37	131
Vipera_berus_C9A	region	583	74	274	347	227	6	87.838	2.36e-40	141
Vipera_berus_C9A	region	583	77	199	275	1478	1248	76.623	5.75e-34	122
Sceloporus_undulatus_C9A	region	591	72	281	352	218	3	72.222	3.98e-33	120
Sceloporus_undulatus_C9A	region	591	79	198	276	1478	1257	36.709	6.61e-13	57.4
Anolis_carolinensis_C9B	region	538	73	280	352	221	3	69.863	6.32e-31	113
Anolis_carolinensis_C9B	region	538	82	195	276	1487	1257	36.585	1.07e-11	53.1
Hydrophis_cyanocinctus_C9B	region	582	75	273	347	227	3	92.000	5.41e-44	151
Hydrophis_cyanocinctus_C9B	region	582	78	195	272	1487	1254	74.359	2.16e-31	114
Bothrops_jararaca_C9B	region	583	75	274	348	227	3	89.333	1.26e-42	147
Bothrops_jararaca_C9B	region	583	77	196	272	1487	1257	70.130	2.57e-31	114
Laticauda_colubrina_C9B	region	583	73	276	348	221	3	93.151	2.15e-42	147
Laticauda_colubrina_C9B	region	583	81	196	276	1487	1245	66.667	1.08e-27	103
Pseudonaja_textilis_C9B	region	583	75	274	348	227	3	94.667	1.70e-44	152
Pseudonaja_textilis_C9B	region	583	78	196	273	1487	1254	69.231	3.33e-29	108
Notechis_scutatus_C9B	region	583	73	276	348	221	3	93.151	2.37e-42	147
Notechis_scutatus_C9B	region	583	78	196	273	1487	1254	76.923	2.80e-33	120
Pituophis_catenifer_C9B	region	583	72	277	348	218	3	90.278	6.40e-40	140
Pituophis_catenifer_C9B	region	583	79	198	272	1481	1257	53.165	2.11e-19	77.8
Pituophis_catenifer_C9B	region	583	26	11	36	1138	1076	34.615	0.34	19.6
Pituophis_catenifer_C9B	region	583	18	341	358	1490	1437	44.444	0.46	19.2
Pantherophis_obsoletus_C9B	region	583	75	274	348	227	3	93.333	2.96e-43	149
Pantherophis_obsoletus_C9B	region	583	82	198	275	1481	1248	53.659	4.14e-20	80.1
Pantherophis_obsoletus_C9B	region	583	44	11	46	1138	1022	29.545	0.21	20.4
Crotalus_tigris_C9B	region	583	73	276	348	221	3	86.301	1.70e-39	138
Crotalus_tigris_C9B	region	583	77	196	272	1487	1257	49.351	2.52e-19	77.4
Ptyas_mucosa_C9B	region	583	72	277	348	218	3	90.278	5.59e-40	140
Ptyas_mucosa_C9B	region	583	81	196	272	1487	1257	51.852	6.49e-20	79.3
