Pantherophis_obsoletus_C9A	WJSR01000024.1	584	81	274	354	11666701	11666459	100.000	1.00e-42	170
Pantherophis_obsoletus_C9A	WJSR01000024.1	584	80	453	532	11659200	11658961	96.250	2.63e-40	163
Pantherophis_obsoletus_C9A	WJSR01000024.1	584	81	274	354	11637786	11637544	93.827	1.36e-39	160
Pantherophis_obsoletus_C9A	WJSR01000024.1	584	80	453	532	11632975	11632736	88.750	5.33e-37	153
Pantherophis_obsoletus_C9A	WJSR01000024.1	584	77	199	275	11669271	11669041	94.805	7.42e-36	149
Pantherophis_obsoletus_C9A	WJSR01000024.1	584	94	274	367	11598021	11597749	72.340	3.31e-34	144
Pantherophis_obsoletus_C9A	WJSR01000024.1	584	94	199	291	11639038	11638757	75.532	1.52e-33	142
Pantherophis_obsoletus_C9A	WJSR01000024.1	584	80	453	532	11592815	11592576	75.000	8.08e-32	137
Pantherophis_obsoletus_C9A	WJSR01000024.1	584	62	396	457	11660666	11660481	96.774	2.26e-27	123
Pantherophis_obsoletus_C9A	WJSR01000024.1	584	67	397	463	11633893	11633693	88.060	2.93e-26	120
Pantherophis_obsoletus_C9A	WJSR01000024.1	584	53	532	584	11657392	11657234	100.000	8.58e-25	115
Pantherophis_obsoletus_C9A	WJSR01000024.1	584	55	102	156	11673262	11673098	94.545	4.68e-24	113
Pantherophis_obsoletus_C9A	WJSR01000024.1	584	51	57	107	11675648	11675496	98.039	9.19e-23	108
Pantherophis_obsoletus_C9A	WJSR01000024.1	584	46	157	202	11670936	11670799	100.000	1.55e-20	102
Pantherophis_obsoletus_C9A	WJSR01000024.1	584	55	102	156	11641122	11640958	83.636	4.99e-20	100
Pantherophis_obsoletus_C9A	WJSR01000024.1	584	47	157	203	11639500	11639360	95.745	5.68e-20	100
Pantherophis_obsoletus_C9A	WJSR01000024.1	584	50	107	156	11607544	11607395	90.000	8.98e-19	96.7
Pantherophis_obsoletus_C9A	WJSR01000024.1	584	68	401	468	11594103	11593900	67.647	2.18e-18	95.1
Pantherophis_obsoletus_C9A	WJSR01000024.1	584	51	57	107	11642802	11642650	80.392	2.21e-17	92.0
Pantherophis_obsoletus_C9A	WJSR01000024.1	584	46	157	202	11602975	11602838	86.957	1.01e-16	90.1
Pantherophis_obsoletus_C9A	WJSR01000024.1	584	54	54	107	11609522	11609361	74.074	1.26e-15	86.3
Pantherophis_obsoletus_C9A	WJSR01000024.1	584	49	26	74	11679550	11679404	75.510	1.76e-13	79.3
Pantherophis_obsoletus_C9A	WJSR01000024.1	584	75	198	272	11600337	11600113	52.000	2.30e-13	79.0
Pantherophis_obsoletus_C9A	WJSR01000024.1	584	53	532	584	11591168	11591010	64.151	7.92e-13	77.4
Pantherophis_obsoletus_C9A	WJSR01000024.1	584	54	342	395	11637156	11636998	75.926	1.41e-12	76.6
Pantherophis_obsoletus_C9A	WJSR01000024.1	584	41	26	66	11645450	11645328	80.488	7.10e-12	74.3
Pantherophis_obsoletus_C9A	WJSR01000024.1	584	42	354	395	11662572	11662447	100.000	4.15e-09	65.5
Pantherophis_obsoletus_C9A	WJSR01000024.1	584	45	26	70	11610714	11610580	62.222	9.99e-09	63.9
Pantherophis_obsoletus_C9A	WJSR01000024.1	584	56	529	583	12423339	12423172	51.786	5.54e-08	61.6
Pantherophis_obsoletus_C9A	WJSR01000024.1	584	110	266	370	12389478	12389155	29.091	2.78e-07	59.3
Pantherophis_obsoletus_C9A	WJSR01000024.1	584	54	530	583	12335487	12335648	46.296	6.96e-07	58.2
Pantherophis_obsoletus_C9A	WJSR01000024.1	584	94	275	365	12438045	12437764	32.979	1.41e-06	57.0
Pantherophis_obsoletus_C9A	WJSR01000024.1	584	50	535	583	12379347	12379198	52.000	2.43e-06	56.2
Pantherophis_obsoletus_C9A	WJSR01000024.1	584	69	457	525	12428867	12428664	43.478	4.02e-06	55.5
Pantherophis_obsoletus_C9A	WJSR01000024.1	584	69	457	525	12332215	12332418	40.580	4.45e-06	55.5
Pantherophis_obsoletus_C9A	WJSR01008124.1	584	80	453	532	1239	1000	88.750	3.96e-38	153
Pantherophis_obsoletus_C9A	WJSR01023848.1	584	75	274	348	227	3	93.333	2.83e-37	149
Pantherophis_obsoletus_C9A	WJSR01023848.1	584	77	199	275	1478	1248	84.416	1.20e-32	136
Pantherophis_obsoletus_C9A	WJSR01015476.1	584	62	396	457	297	112	96.774	1.53e-27	123
Pantherophis_obsoletus_C9A	WJSR01015476.1	584	54	342	395	3563	3405	75.926	1.09e-12	76.6
Pantherophis_obsoletus_C9A	WJSR01000031.1	584	237	289	514	554346	553696	27.426	3.14e-10	68.9
Pantherophis_obsoletus_C9A	WJSR01000070.1	584	81	274	354	16386507	16386265	34.568	1.64e-07	60.1
Pantherophis_obsoletus_C9A	WJSR01000070.1	584	81	274	354	16334535	16334777	29.630	7.02e-07	58.2
Pantherophis_obsoletus_C9A	WJSR01000070.1	584	48	537	584	16369479	16369336	47.917	3.31e-06	55.8
Pantherophis_obsoletus_C9B	WJSR01000024.1	532	81	274	354	11637786	11637544	100.000	4.04e-43	170
Pantherophis_obsoletus_C9B	WJSR01000024.1	532	80	453	532	11632975	11632736	96.250	1.47e-40	162
Pantherophis_obsoletus_C9B	WJSR01000024.1	532	81	274	354	11666701	11666459	93.827	5.02e-40	160
Pantherophis_obsoletus_C9B	WJSR01000024.1	532	94	199	291	11639038	11638757	82.979	2.05e-37	153
Pantherophis_obsoletus_C9B	WJSR01000024.1	532	80	453	532	11659200	11658961	88.750	2.49e-37	152
Pantherophis_obsoletus_C9B	WJSR01000024.1	532	94	274	367	11598021	11597749	75.532	1.35e-36	150
Pantherophis_obsoletus_C9B	WJSR01000024.1	532	75	199	273	11669271	11669047	85.333	1.41e-31	135
Pantherophis_obsoletus_C9B	WJSR01000024.1	532	80	453	532	11592815	11592576	73.750	1.56e-30	132
Pantherophis_obsoletus_C9B	WJSR01000024.1	532	68	396	463	11633896	11633693	91.176	5.53e-28	124
Pantherophis_obsoletus_C9B	WJSR01000024.1	532	62	396	457	11660666	11660481	95.161	3.92e-27	122
Pantherophis_obsoletus_C9B	WJSR01000024.1	532	51	57	107	11642802	11642650	98.039	7.87e-24	111
Pantherophis_obsoletus_C9B	WJSR01000024.1	532	49	107	155	11641107	11640961	100.000	3.08e-22	107
Pantherophis_obsoletus_C9B	WJSR01000024.1	532	46	157	202	11639500	11639363	100.000	7.29e-21	102
Pantherophis_obsoletus_C9B	WJSR01000024.1	532	54	54	107	11609522	11609361	87.037	1.73e-20	101
Pantherophis_obsoletus_C9B	WJSR01000024.1	532	46	157	202	11670936	11670799	97.826	3.48e-20	100
Pantherophis_obsoletus_C9B	WJSR01000024.1	532	49	107	155	11673247	11673101	87.755	6.37e-19	96.7
Pantherophis_obsoletus_C9B	WJSR01000024.1	532	68	401	468	11594103	11593900	66.176	1.92e-18	95.1
Pantherophis_obsoletus_C9B	WJSR01000024.1	532	51	57	107	11675648	11675496	80.392	3.92e-18	94.0
Pantherophis_obsoletus_C9B	WJSR01000024.1	532	49	107	155	11607544	11607398	85.714	1.00e-17	92.8
Pantherophis_obsoletus_C9B	WJSR01000024.1	532	54	342	395	11637156	11636998	85.185	2.04e-16	88.6
Pantherophis_obsoletus_C9B	WJSR01000024.1	532	46	157	202	11602975	11602838	84.783	2.84e-16	88.2
Pantherophis_obsoletus_C9B	WJSR01000024.1	532	39	26	64	11645450	11645334	89.744	2.77e-13	78.6
Pantherophis_obsoletus_C9B	WJSR01000024.1	532	49	26	74	11679550	11679404	71.429	8.01e-13	77.0
Pantherophis_obsoletus_C9B	WJSR01000024.1	532	93	184	272	11600355	11600113	45.161	7.41e-12	73.9
Pantherophis_obsoletus_C9B	WJSR01000024.1	532	45	26	70	11610714	11610580	62.222	3.40e-09	65.5
Pantherophis_obsoletus_C9B	WJSR01000024.1	532	79	277	355	12389451	12389215	31.646	3.61e-07	58.9
Pantherophis_obsoletus_C9B	WJSR01000024.1	532	92	277	365	12438039	12437764	32.609	4.78e-07	58.5
Pantherophis_obsoletus_C9B	WJSR01000024.1	532	46	354	399	11662572	11662435	80.435	1.30e-06	57.0
Pantherophis_obsoletus_C9B	WJSR01000024.1	532	69	457	525	12428867	12428664	43.478	3.41e-06	55.8
Pantherophis_obsoletus_C9B	WJSR01008124.1	532	80	453	532	1239	1000	96.250	7.68e-42	162
Pantherophis_obsoletus_C9B	WJSR01023848.1	532	75	274	348	227	3	100.000	8.14e-41	158
Pantherophis_obsoletus_C9B	WJSR01023848.1	532	75	199	273	1478	1254	93.333	4.11e-35	142
Pantherophis_obsoletus_C9B	WJSR01015476.1	532	62	396	457	297	112	95.161	2.74e-27	122
Pantherophis_obsoletus_C9B	WJSR01015476.1	532	54	342	395	3563	3405	85.185	1.53e-16	88.6
Pantherophis_obsoletus_C9B	WJSR01000031.1	532	237	289	514	554346	553696	27.004	2.33e-10	69.3
Pantherophis_obsoletus_C9B	WJSR01000070.1	532	82	274	355	16386507	16386262	35.366	2.12e-08	62.8
Pantherophis_obsoletus_C9B	WJSR01000070.1	532	82	277	358	16334544	16334789	29.268	5.97e-07	58.2
Pantherophis_obsoletus_C9B	WJSR01000070.1	532	81	450	529	16372476	16372234	33.333	8.42e-06	54.3
Pantherophis_obsoletus_C9C	WJSR01000024.1	584	94	274	367	11598021	11597749	89.362	1.22e-44	176
Pantherophis_obsoletus_C9C	WJSR01000024.1	584	80	453	532	11592815	11592576	97.500	5.95e-41	165
Pantherophis_obsoletus_C9C	WJSR01000024.1	584	84	277	360	11637777	11637526	83.333	2.65e-35	147
Pantherophis_obsoletus_C9C	WJSR01000024.1	584	76	198	273	11600337	11600110	96.053	1.48e-34	145
Pantherophis_obsoletus_C9C	WJSR01000024.1	584	84	277	360	11666692	11666441	79.762	2.54e-33	142
Pantherophis_obsoletus_C9C	WJSR01000024.1	584	80	453	532	11659200	11658961	76.250	6.81e-32	137
Pantherophis_obsoletus_C9C	WJSR01000024.1	584	80	453	532	11632975	11632736	75.000	2.05e-30	132
Pantherophis_obsoletus_C9C	WJSR01000024.1	584	82	396	477	11594118	11593873	78.049	2.85e-27	123
Pantherophis_obsoletus_C9C	WJSR01000024.1	584	57	528	584	11591180	11591010	96.491	3.26e-26	119
Pantherophis_obsoletus_C9C	WJSR01000024.1	584	54	54	107	11609522	11609361	94.444	1.37e-23	111
Pantherophis_obsoletus_C9C	WJSR01000024.1	584	50	107	156	11607544	11607395	100.000	5.01e-22	106
Pantherophis_obsoletus_C9C	WJSR01000024.1	584	46	157	202	11602975	11602838	100.000	8.70e-21	102
Pantherophis_obsoletus_C9C	WJSR01000024.1	584	54	54	107	11642811	11642650	87.037	5.88e-20	100
Pantherophis_obsoletus_C9C	WJSR01000024.1	584	69	107	173	11673247	11673041	68.116	1.10e-19	99.4
Pantherophis_obsoletus_C9C	WJSR01000024.1	584	50	107	156	11641107	11640958	86.000	6.73e-18	93.6
Pantherophis_obsoletus_C9C	WJSR01000024.1	584	57	401	457	11660651	11660481	75.439	1.28e-17	92.8
Pantherophis_obsoletus_C9C	WJSR01000024.1	584	57	401	457	11633881	11633711	73.684	2.02e-17	92.0
Pantherophis_obsoletus_C9C	WJSR01000024.1	584	47	157	203	11670936	11670796	85.106	1.39e-16	89.4
Pantherophis_obsoletus_C9C	WJSR01000024.1	584	51	57	107	11675648	11675496	76.471	4.96e-16	87.8
Pantherophis_obsoletus_C9C	WJSR01000024.1	584	47	157	203	11639500	11639360	82.979	5.01e-16	87.8
Pantherophis_obsoletus_C9C	WJSR01000024.1	584	41	355	395	11595539	11595417	100.000	7.97e-15	84.0
Pantherophis_obsoletus_C9C	WJSR01000024.1	584	75	198	272	11669274	11669050	53.333	1.08e-13	80.1
Pantherophis_obsoletus_C9C	WJSR01000024.1	584	91	496	584	11657500	11657234	49.451	1.47e-13	79.7
Pantherophis_obsoletus_C9C	WJSR01000024.1	584	45	26	70	11610714	11610580	77.778	2.04e-13	79.3
Pantherophis_obsoletus_C9C	WJSR01000024.1	584	99	198	291	11639041	11638757	47.475	1.19e-12	76.6
Pantherophis_obsoletus_C9C	WJSR01000024.1	584	49	26	74	11679550	11679404	61.224	7.52e-10	67.8
Pantherophis_obsoletus_C9C	WJSR01000024.1	584	39	26	64	11645450	11645334	71.795	2.78e-09	65.9
Pantherophis_obsoletus_C9C	WJSR01000024.1	584	69	457	525	12332215	12332418	39.130	6.73e-07	58.2
Pantherophis_obsoletus_C9C	WJSR01023848.1	584	72	277	348	218	3	90.278	6.87e-34	140
Pantherophis_obsoletus_C9C	WJSR01023848.1	584	79	198	272	1481	1257	53.165	2.28e-13	77.8
Pantherophis_obsoletus_C9C	WJSR01008124.1	584	80	453	532	1239	1000	75.000	3.28e-31	132
Pantherophis_obsoletus_C9C	WJSR01015476.1	584	57	401	457	282	112	75.439	9.34e-18	92.8
Pantherophis_obsoletus_C9C	WJSR01000031.1	584	231	289	514	554346	553696	26.407	1.00e-10	70.5
Pantherophis_obsoletus_C9C	WJSR01000070.1	584	48	537	584	16369479	16369336	56.250	4.80e-08	62.0
Pantherophis_obsoletus_C9C	WJSR01000070.1	584	80	273	352	16386510	16386271	37.500	1.20e-07	60.5
Pantherophis_obsoletus_C9C	WJSR01000070.1	584	114	277	388	16334544	16334885	26.316	4.73e-06	55.5
Pantherophis_obsoletus_C9C	WJSR01025071.1	584	193	295	486	33845	34369	25.389	7.08e-07	58.2
