Lacerta_agilis_C9A	NC_056523.1	589	72	461	532	307830124	307830339	76.389	9.96e-29	127
Lacerta_agilis_C9A	NC_056523.1	589	82	275	356	307821575	307821820	65.854	5.06e-28	125
Lacerta_agilis_C9A	NC_056523.1	589	65	400	464	307828284	307828478	61.538	2.12e-15	85.9
Lacerta_agilis_C9A	NC_056523.1	589	47	155	201	307812335	307812475	65.957	3.87e-12	75.5
Lacerta_agilis_C9A	NC_056523.1	589	50	56	105	307809162	307809311	64.000	4.04e-12	75.5
Lacerta_agilis_C9A	NC_056523.1	589	50	105	154	307810513	307810662	70.000	1.62e-11	73.2
Lacerta_agilis_C9A	NC_056523.1	589	47	540	585	307833074	307833214	70.213	2.60e-10	69.3
Lacerta_agilis_C9A	NC_056523.1	589	77	201	275	307813641	307813868	45.455	4.10e-08	62.4
Lacerta_agilis_C9A	NC_056523.1	589	60	470	529	306898394	306898215	46.667	1.84e-07	60.1
Lacerta_agilis_C9A	NC_056527.1	589	231	289	519	111207089	111206487	22.078	1.66e-09	67.0
Lacerta_agilis_C9A	NC_056527.1	589	211	299	504	109780557	109781147	23.697	1.67e-06	57.0
Lacerta_agilis_C9A	NC_056525.1	589	81	279	359	85291210	85291452	32.099	6.59e-07	58.5
Lacerta_agilis_C9A	NC_056525.1	589	44	539	581	85340790	85340659	56.818	1.48e-06	57.4
Lacerta_agilis_C9A	NC_056525.1	589	67	461	526	85318661	85318861	38.806	5.63e-06	55.5
Lacerta_agilis_C9A	NC_056525.1	589	85	279	363	85358949	85358695	27.059	8.76e-06	54.7
Zootoca_vivipara_C9A	NC_056523.1	589	138	224	356	307821419	307821820	50.000	8.25e-29	128
Zootoca_vivipara_C9A	NC_056523.1	589	72	461	532	307830124	307830339	76.389	1.27e-28	127
Zootoca_vivipara_C9A	NC_056523.1	589	65	400	464	307828284	307828478	61.538	3.02e-15	85.5
Zootoca_vivipara_C9A	NC_056523.1	589	50	56	105	307809162	307809311	66.000	6.73e-13	77.8
Zootoca_vivipara_C9A	NC_056523.1	589	47	155	201	307812335	307812475	65.957	4.67e-12	75.1
Zootoca_vivipara_C9A	NC_056523.1	589	50	105	154	307810513	307810662	68.000	2.38e-11	72.8
Zootoca_vivipara_C9A	NC_056523.1	589	47	540	585	307833074	307833214	68.085	9.62e-10	67.8
Zootoca_vivipara_C9A	NC_056523.1	589	76	201	275	307813641	307813868	42.105	3.14e-07	59.3
Zootoca_vivipara_C9A	NC_056523.1	589	60	470	529	306898394	306898215	45.000	3.51e-07	59.3
Zootoca_vivipara_C9A	NC_056527.1	589	235	289	519	111207089	111206487	21.702	2.34e-08	63.2
Zootoca_vivipara_C9A	NC_056525.1	589	44	539	581	85340790	85340659	59.091	1.15e-06	57.8
Zootoca_vivipara_C9A	NC_056525.1	589	81	279	359	85291210	85291452	32.099	1.35e-06	57.4
Zootoca_vivipara_C9A	NC_056525.1	589	67	461	526	85318661	85318861	38.806	5.77e-06	55.5
Podarcis_muralis_C9A	NC_056523.1	589	82	275	356	307821575	307821820	67.073	1.96e-28	127
Podarcis_muralis_C9A	NC_056523.1	589	72	461	532	307830124	307830339	75.000	1.46e-27	124
Podarcis_muralis_C9A	NC_056523.1	589	65	400	464	307828284	307828478	58.462	8.88e-14	80.5
Podarcis_muralis_C9A	NC_056523.1	589	50	56	105	307809162	307809311	66.000	2.41e-12	75.9
Podarcis_muralis_C9A	NC_056523.1	589	47	155	201	307812335	307812475	65.957	4.47e-12	75.1
Podarcis_muralis_C9A	NC_056523.1	589	50	105	154	307810513	307810662	70.000	1.98e-11	73.2
Podarcis_muralis_C9A	NC_056523.1	589	47	540	585	307833074	307833214	70.213	2.47e-10	69.7
Podarcis_muralis_C9A	NC_056523.1	589	60	470	529	306898394	306898215	43.333	1.69e-07	60.5
Podarcis_muralis_C9A	NC_056523.1	589	77	201	275	307813641	307813868	44.156	2.08e-06	56.6
Podarcis_muralis_C9A	NC_056527.1	589	236	289	516	111207089	111206448	22.881	8.98e-10	67.8
Podarcis_muralis_C9A	NC_056525.1	589	57	526	581	85340829	85340659	47.368	1.73e-06	57.0
Podarcis_muralis_C9A	NC_056525.1	589	81	279	359	85291210	85291452	30.864	3.27e-06	56.2
Podarcis_muralis_C9A	NC_056525.1	589	67	461	526	85318661	85318861	38.806	4.18e-06	55.8
Anolis_carolinensis_C9A	NC_056523.1	591	82	277	358	307821575	307821820	81.707	5.63e-35	147
Anolis_carolinensis_C9A	NC_056523.1	591	118	458	570	307830109	307830456	59.322	5.96e-33	140
Anolis_carolinensis_C9A	NC_056523.1	591	51	57	107	307809162	307809314	82.353	6.37e-19	97.1
Anolis_carolinensis_C9A	NC_056523.1	591	66	400	465	307828278	307828475	68.182	2.64e-18	95.1
Anolis_carolinensis_C9A	NC_056523.1	591	77	201	277	307813638	307813868	61.039	4.15e-17	91.3
Anolis_carolinensis_C9A	NC_056523.1	591	58	534	591	307833050	307833223	63.793	1.02e-15	87.0
Anolis_carolinensis_C9A	NC_056523.1	591	50	106	155	307810513	307810662	84.000	1.47e-15	86.3
Anolis_carolinensis_C9A	NC_056523.1	591	47	156	202	307812335	307812475	74.468	3.89e-14	81.6
Anolis_carolinensis_C9A	NC_056523.1	591	42	542	583	306893875	306893750	59.524	1.23e-07	60.8
Anolis_carolinensis_C9A	NC_056523.1	591	79	281	359	306811973	306812209	35.443	3.19e-07	59.3
Anolis_carolinensis_C9A	NC_056523.1	591	32	26	57	307802395	307802490	75.000	3.65e-07	59.3
Anolis_carolinensis_C9A	NC_056523.1	591	68	461	528	306898424	306898224	35.294	8.56e-07	58.2
Anolis_carolinensis_C9A	NC_056523.1	591	79	281	359	306857642	306857878	34.177	9.16e-07	57.8
Anolis_carolinensis_C9A	NC_056523.1	591	56	51	106	306848961	306849128	44.643	3.67e-06	55.8
Anolis_carolinensis_C9A	NC_056527.1	591	212	301	506	109780557	109781147	28.302	1.64e-07	60.5
Anolis_carolinensis_C9A	NC_056525.1	591	79	281	359	85358949	85358713	30.380	4.96e-07	58.9
Anolis_carolinensis_C9A	NC_056525.1	591	82	281	362	85291210	85291455	31.707	6.69e-07	58.5
Anolis_carolinensis_C9A	NC_056525.1	591	46	542	587	85321476	85321613	47.826	7.93e-07	58.2
Anolis_carolinensis_C9A	NC_056525.1	591	96	460	552	85318652	85318924	32.292	1.26e-06	57.4
Pogona_vitticeps_C9A	NC_056523.1	576	109	231	339	307821494	307821820	62.385	4.98e-35	147
Pogona_vitticeps_C9A	NC_056523.1	576	79	439	517	307830109	307830345	78.481	4.86e-32	137
Pogona_vitticeps_C9A	NC_056523.1	576	67	381	447	307828278	307828478	64.179	5.56e-17	90.9
Pogona_vitticeps_C9A	NC_056523.1	576	51	57	107	307809162	307809314	68.627	5.82e-15	84.3
Pogona_vitticeps_C9A	NC_056523.1	576	52	524	575	307833068	307833223	71.154	1.22e-14	83.2
Pogona_vitticeps_C9A	NC_056523.1	576	50	106	155	307810513	307810662	76.000	3.02e-14	82.0
Pogona_vitticeps_C9A	NC_056523.1	576	52	151	202	307812320	307812475	69.231	1.10e-13	80.1
Pogona_vitticeps_C9A	NC_056523.1	576	83	258	340	306857630	306857878	32.530	2.01e-07	60.1
Pogona_vitticeps_C9A	NC_056523.1	576	42	521	561	306823385	306823510	61.905	2.13e-07	60.1
Pogona_vitticeps_C9A	NC_056523.1	576	39	524	561	306863430	306863546	71.795	2.92e-07	59.3
Pogona_vitticeps_C9A	NC_056523.1	576	39	25	63	307802392	307802508	66.667	6.14e-07	58.5
Pogona_vitticeps_C9A	NC_056523.1	576	69	442	510	306898424	306898221	39.130	6.57e-07	58.2
Pogona_vitticeps_C9A	NC_056523.1	576	79	262	340	306811973	306812209	35.443	1.69e-06	57.0
Pogona_vitticeps_C9A	NC_056523.1	576	48	526	573	306893875	306893732	54.167	1.75e-06	57.0
Pogona_vitticeps_C9A	NC_056525.1	576	88	253	340	85291183	85291446	34.091	4.04e-09	65.5
Pogona_vitticeps_C9A	NC_056525.1	576	95	252	346	85358979	85358695	32.632	6.08e-09	65.1
Pogona_vitticeps_C9A	NC_056525.1	576	75	441	514	85318652	85318876	36.000	1.04e-06	57.8
Pogona_vitticeps_C9A	NC_056527.1	576	183	283	463	111207056	111206547	27.322	1.78e-08	63.5
Pogona_vitticeps_C9A	NC_056527.1	576	213	282	487	109780557	109781147	26.761	3.08e-08	62.8
Gekko_japonicus_C9A	NC_056523.1	582	82	291	372	307821575	307821820	62.195	6.90e-25	115
Gekko_japonicus_C9A	NC_056523.1	582	108	456	558	307830121	307830444	48.148	1.87e-22	108
Gekko_japonicus_C9A	NC_056523.1	582	47	173	219	307812335	307812475	59.574	4.58e-10	68.6
Gekko_japonicus_C9A	NC_056523.1	582	54	529	582	307833053	307833214	53.704	6.64e-09	64.7
Gekko_japonicus_C9A	NC_056523.1	582	52	71	122	307809165	307809311	59.615	6.70e-09	64.7
Gekko_japonicus_C9A	NC_056523.1	582	60	122	179	307810513	307810689	56.667	2.00e-08	63.2
Gekko_japonicus_C9A	NC_056523.1	582	46	536	581	306893875	306893738	56.522	2.78e-08	62.8
Gekko_japonicus_C9A	NC_056523.1	582	67	457	523	306898418	306898221	43.284	4.12e-08	62.4
Gekko_japonicus_C9A	NC_056523.1	582	95	291	384	306857630	306857914	30.526	6.00e-08	61.6
Gekko_japonicus_C9A	NC_056523.1	582	79	295	373	306811973	306812209	32.911	8.34e-07	58.2
Gekko_japonicus_C9A	NC_056523.1	582	131	457	577	306861716	306862105	32.061	1.80e-06	57.0
Gekko_japonicus_C9A	NC_056523.1	582	71	466	534	306821489	306821701	38.028	7.44e-06	55.1
Gekko_japonicus_C9A	NC_056523.1	582	60	392	451	307828272	307828451	36.667	7.89e-06	54.7
Gekko_japonicus_C9A	NC_056525.1	582	125	259	375	85291078	85291452	28.000	2.60e-08	62.8
Gekko_japonicus_C9A	NC_056525.1	582	49	529	577	85340808	85340662	53.061	2.19e-07	60.1
Gekko_japonicus_C9A	NC_056525.1	582	46	536	581	85321476	85321613	47.826	2.68e-06	56.2
Gekko_japonicus_C9A	NC_056525.1	582	85	295	379	85358949	85358695	29.412	5.25e-06	55.5
Gekko_japonicus_C9A	NC_056525.1	582	67	456	522	85318667	85318861	35.821	5.34e-06	55.5
Gekko_japonicus_C9A	NC_056527.1	582	50	536	581	1154447	1154596	54.000	7.63e-06	55.1
Crotalus_tigris_C9A	NC_056523.1	583	78	454	531	307830109	307830342	65.385	1.09e-26	121
Crotalus_tigris_C9A	NC_056523.1	583	107	245	351	307821530	307821811	54.206	1.52e-25	117
Crotalus_tigris_C9A	NC_056523.1	583	58	404	461	307828302	307828475	56.897	2.93e-11	72.4
Crotalus_tigris_C9A	NC_056523.1	583	50	107	156	307810513	307810662	66.000	1.20e-10	70.5
Crotalus_tigris_C9A	NC_056523.1	583	47	157	203	307812335	307812475	59.574	3.91e-10	68.9
Crotalus_tigris_C9A	NC_056523.1	583	54	530	583	307833050	307833211	50.000	5.66e-09	65.1
Crotalus_tigris_C9A	NC_056523.1	583	51	57	107	307809162	307809311	52.941	1.80e-06	57.0
Crotalus_tigris_C9A	NC_056523.1	583	69	457	525	306898424	306898221	36.232	5.54e-06	55.5
Crotalus_tigris_C9A	NC_056527.1	583	235	286	514	109780527	109781180	27.660	3.95e-11	72.0
Crotalus_tigris_C9A	NC_056527.1	583	192	287	478	111207089	111206547	24.479	1.62e-08	63.5
Crotalus_tigris_C9A	NC_056525.1	583	74	277	350	85291210	85291431	35.135	1.09e-06	57.8
Crotalus_tigris_C9A	NC_056525.1	583	72	456	524	85318652	85318861	36.111	5.78e-06	55.5
Thamnophis_elegans_C9A	NC_056523.1	583	105	255	358	307821530	307821832	56.190	4.34e-27	122
Thamnophis_elegans_C9A	NC_056523.1	583	72	460	531	307830127	307830342	69.444	2.89e-24	114
Thamnophis_elegans_C9A	NC_056523.1	583	54	530	583	307833050	307833211	61.111	1.94e-14	82.8
Thamnophis_elegans_C9A	NC_056523.1	583	66	396	461	307828278	307828475	56.061	7.41e-13	77.8
Thamnophis_elegans_C9A	NC_056523.1	583	47	157	203	307812335	307812475	61.702	2.69e-11	72.8
Thamnophis_elegans_C9A	NC_056523.1	583	50	107	156	307810513	307810662	62.000	2.07e-09	66.6
Thamnophis_elegans_C9A	NC_056523.1	583	51	57	107	307809162	307809311	56.863	4.31e-09	65.5
Thamnophis_elegans_C9A	NC_056523.1	583	45	530	573	306823376	306823510	55.556	4.31e-07	58.9
Thamnophis_elegans_C9A	NC_056523.1	583	39	536	573	306863430	306863546	61.538	8.92e-06	54.7
Thamnophis_elegans_C9A	NC_056523.1	583	32	26	57	307802395	307802490	65.625	9.07e-06	54.7
Thamnophis_elegans_C9A	NC_056523.1	583	70	274	343	306811964	306812173	37.143	9.96e-06	54.7
Thamnophis_elegans_C9A	NC_056525.1	583	51	530	580	85340811	85340659	49.020	3.55e-08	62.4
Thamnophis_elegans_C9A	NC_056525.1	583	47	537	583	85321473	85321613	46.809	2.06e-06	56.6
Thamnophis_elegans_C9A	NC_056525.1	583	70	277	346	85291210	85291419	34.286	6.08e-06	55.1
Thamnophis_elegans_C9A	NC_056527.1	583	229	297	514	109780557	109781180	25.764	2.12e-07	60.1
Naja_naja_C9A	NC_056523.1	582	73	458	530	307830124	307830342	69.863	1.28e-25	118
Naja_naja_C9A	NC_056523.1	582	77	277	353	307821587	307821817	66.234	2.18e-25	117
Naja_naja_C9A	NC_056523.1	582	50	107	156	307810513	307810662	68.000	1.51e-10	70.1
Naja_naja_C9A	NC_056523.1	582	58	403	460	307828302	307828475	53.448	1.60e-10	70.1
Naja_naja_C9A	NC_056523.1	582	47	157	203	307812335	307812475	61.702	2.31e-10	69.7
Naja_naja_C9A	NC_056523.1	582	54	529	582	307833050	307833211	51.852	6.34e-10	68.2
Naja_naja_C9A	NC_056523.1	582	69	456	524	306898424	306898221	36.232	8.13e-07	58.2
Naja_naja_C9A	NC_056523.1	582	51	57	107	307809162	307809311	50.980	9.81e-07	57.8
Naja_naja_C9A	NC_056523.1	582	61	1	61	307802347	307802502	42.623	3.58e-06	55.8
Naja_naja_C9A	NC_056523.1	582	43	536	578	306893878	306893750	58.140	5.43e-06	55.5
Naja_naja_C9A	NC_056527.1	582	199	287	485	111207089	111206535	24.121	8.95e-11	70.9
Naja_naja_C9A	NC_056527.1	582	234	286	513	109780527	109781180	25.641	6.47e-08	61.6
Naja_naja_C9A	NC_056525.1	582	50	529	578	85340811	85340662	50.000	1.37e-06	57.4
Naja_naja_C9A	NC_056525.1	582	76	277	352	85291210	85291437	35.526	3.26e-06	56.2
Pseudonaja_textilis_C9A	NC_056523.1	583	73	459	531	307830124	307830342	72.603	1.45e-26	121
Pseudonaja_textilis_C9A	NC_056523.1	583	77	277	353	307821587	307821817	64.935	4.80e-25	116
Pseudonaja_textilis_C9A	NC_056523.1	583	61	401	461	307828293	307828475	52.459	2.74e-11	72.4
Pseudonaja_textilis_C9A	NC_056523.1	583	47	157	203	307812335	307812475	61.702	2.34e-10	69.7
Pseudonaja_textilis_C9A	NC_056523.1	583	50	107	156	307810513	307810662	64.000	8.02e-10	67.8
Pseudonaja_textilis_C9A	NC_056523.1	583	54	530	583	307833050	307833211	51.852	1.22e-09	67.4
Pseudonaja_textilis_C9A	NC_056523.1	583	61	1	61	307802347	307802502	44.262	7.30e-07	58.2
Pseudonaja_textilis_C9A	NC_056523.1	583	51	57	107	307809162	307809311	50.980	7.30e-07	58.2
Pseudonaja_textilis_C9A	NC_056523.1	583	71	457	527	306898424	306898215	36.620	1.24e-06	57.4
Pseudonaja_textilis_C9A	NC_056523.1	583	47	537	583	306893878	306893738	55.319	2.78e-06	56.2
Pseudonaja_textilis_C9A	NC_056527.1	583	200	287	486	111207089	111206535	25.000	3.25e-11	72.4
Pseudonaja_textilis_C9A	NC_056527.1	583	234	286	514	109780527	109781180	24.786	1.59e-08	63.5
Pseudonaja_textilis_C9A	NC_056525.1	583	76	277	352	85291210	85291437	34.211	1.75e-06	57.0
Pseudonaja_textilis_C9A	NC_056525.1	583	50	530	579	85340811	85340662	48.000	3.00e-06	56.2
Python_bivittatus_C9A	NC_056523.1	582	84	454	537	307830109	307830360	67.857	1.50e-28	127
Python_bivittatus_C9A	NC_056523.1	582	78	277	354	307821587	307821820	65.385	2.47e-25	117
Python_bivittatus_C9A	NC_056523.1	582	66	396	461	307828278	307828475	56.061	1.39e-11	73.6
Python_bivittatus_C9A	NC_056523.1	582	47	157	203	307812335	307812475	63.830	3.52e-11	72.4
Python_bivittatus_C9A	NC_056523.1	582	48	535	582	307833068	307833211	62.500	4.47e-10	68.6
Python_bivittatus_C9A	NC_056523.1	582	75	203	272	307813641	307813865	41.333	7.94e-09	64.7
Python_bivittatus_C9A	NC_056523.1	582	50	107	156	307810513	307810662	60.000	1.28e-08	63.9
Python_bivittatus_C9A	NC_056523.1	582	69	457	525	306898424	306898221	40.580	3.62e-07	59.3
Python_bivittatus_C9A	NC_056523.1	582	51	57	107	307809162	307809311	52.941	6.63e-07	58.5
Python_bivittatus_C9A	NC_056523.1	582	45	13	57	307802356	307802490	48.889	2.18e-06	56.6
Python_bivittatus_C9A	NC_056523.1	582	43	536	578	306893878	306893750	60.465	2.30e-06	56.6
Python_bivittatus_C9A	NC_056523.1	582	45	529	572	306863412	306863546	55.556	8.17e-06	54.7
Python_bivittatus_C9A	NC_056527.1	582	229	297	514	109780557	109781180	26.638	2.09e-11	72.8
Python_bivittatus_C9A	NC_056527.1	582	226	298	514	111207056	111206448	26.106	2.93e-08	62.8
Python_bivittatus_C9A	NC_056525.1	582	45	538	582	85321479	85321613	53.333	1.73e-07	60.1
Python_bivittatus_C9A	NC_056525.1	582	80	452	524	85318628	85318861	37.500	3.78e-07	59.3
Python_bivittatus_C9A	NC_056525.1	582	79	277	355	85291210	85291446	32.911	6.74e-07	58.2
Python_bivittatus_C9A	NC_056525.1	582	46	529	574	85340811	85340674	54.348	2.07e-06	56.6
Notechis_scutatus_C9A	NC_056523.1	583	70	459	528	307830124	307830333	74.286	7.39e-26	119
Notechis_scutatus_C9A	NC_056523.1	583	77	277	353	307821587	307821817	64.935	6.15e-25	116
Notechis_scutatus_C9A	NC_056523.1	583	61	401	461	307828293	307828475	52.459	2.85e-11	72.4
Notechis_scutatus_C9A	NC_056523.1	583	47	157	203	307812335	307812475	61.702	2.19e-10	69.7
Notechis_scutatus_C9A	NC_056523.1	583	50	107	156	307810513	307810662	66.000	3.21e-10	68.9
Notechis_scutatus_C9A	NC_056523.1	583	48	536	583	307833068	307833211	54.167	2.31e-08	63.2
Notechis_scutatus_C9A	NC_056523.1	583	51	57	107	307809162	307809311	50.980	7.12e-07	58.2
Notechis_scutatus_C9A	NC_056523.1	583	57	1	57	307802347	307802490	47.368	1.30e-06	57.4
Notechis_scutatus_C9A	NC_056523.1	583	71	457	527	306898424	306898215	36.620	1.89e-06	57.0
Notechis_scutatus_C9A	NC_056523.1	583	47	537	583	306893878	306893738	55.319	2.76e-06	56.2
Notechis_scutatus_C9A	NC_056527.1	583	200	287	486	111207089	111206535	25.500	2.98e-11	72.4
Notechis_scutatus_C9A	NC_056527.1	583	234	286	514	109780527	109781180	24.786	1.46e-08	63.9
Notechis_scutatus_C9A	NC_056525.1	583	76	277	352	85291210	85291437	34.211	1.71e-06	57.0
Hydrophis_cyanocinctus_C9A	NC_056523.1	583	70	459	528	307830124	307830333	72.857	2.90e-25	117
Hydrophis_cyanocinctus_C9A	NC_056523.1	583	77	277	353	307821587	307821817	64.935	5.78e-25	116
Hydrophis_cyanocinctus_C9A	NC_056523.1	583	58	404	461	307828302	307828475	55.172	2.81e-11	72.4
Hydrophis_cyanocinctus_C9A	NC_056523.1	583	47	157	203	307812335	307812475	63.830	9.14e-11	70.9
Hydrophis_cyanocinctus_C9A	NC_056523.1	583	50	107	156	307810513	307810662	66.000	3.24e-10	68.9
Hydrophis_cyanocinctus_C9A	NC_056523.1	583	48	536	583	307833068	307833211	54.167	2.48e-08	63.2
Hydrophis_cyanocinctus_C9A	NC_056523.1	583	51	57	107	307809162	307809311	50.980	7.30e-07	58.2
Hydrophis_cyanocinctus_C9A	NC_056523.1	583	61	1	61	307802347	307802502	44.262	8.09e-07	58.2
Hydrophis_cyanocinctus_C9A	NC_056523.1	583	71	457	527	306898424	306898215	36.620	2.28e-06	56.6
Hydrophis_cyanocinctus_C9A	NC_056523.1	583	47	537	583	306893878	306893738	55.319	2.85e-06	56.2
Hydrophis_cyanocinctus_C9A	NC_056527.1	583	200	287	486	111207089	111206535	26.500	1.20e-11	73.6
Hydrophis_cyanocinctus_C9A	NC_056527.1	583	234	286	514	109780527	109781180	24.786	5.34e-09	65.1
Hydrophis_cyanocinctus_C9A	NC_056525.1	583	80	273	352	85291198	85291437	33.750	1.60e-06	57.0
Laticauda_colubrina_C9A	NC_056523.1	583	70	459	528	307830124	307830333	75.714	4.01e-26	119
Laticauda_colubrina_C9A	NC_056523.1	583	77	277	353	307821587	307821817	64.935	5.58e-25	116
Laticauda_colubrina_C9A	NC_056523.1	583	61	401	461	307828293	307828475	54.098	1.54e-11	73.6
Laticauda_colubrina_C9A	NC_056523.1	583	47	157	203	307812335	307812475	61.702	2.57e-10	69.3
Laticauda_colubrina_C9A	NC_056523.1	583	50	107	156	307810513	307810662	64.000	8.29e-10	67.8
Laticauda_colubrina_C9A	NC_056523.1	583	54	530	583	307833050	307833211	48.148	6.84e-08	61.6
Laticauda_colubrina_C9A	NC_056523.1	583	71	457	527	306898424	306898215	36.620	1.19e-06	57.4
Laticauda_colubrina_C9A	NC_056523.1	583	47	537	583	306893878	306893738	55.319	2.80e-06	56.2
Laticauda_colubrina_C9A	NC_056523.1	583	51	57	107	307809162	307809311	50.980	3.35e-06	56.2
Laticauda_colubrina_C9A	NC_056527.1	583	200	287	486	111207089	111206535	25.000	1.92e-10	69.7
Laticauda_colubrina_C9A	NC_056527.1	583	234	286	514	109780527	109781180	24.359	6.66e-08	61.6
Laticauda_colubrina_C9A	NC_056525.1	583	81	277	357	85291210	85291452	33.333	1.54e-06	57.0
Protobothrops_mucrosquamatus_C9A	NC_056523.1	583	78	277	354	307821587	307821820	69.231	5.43e-28	125
Protobothrops_mucrosquamatus_C9A	NC_056523.1	583	73	459	531	307830124	307830342	71.233	1.78e-27	124
Protobothrops_mucrosquamatus_C9A	NC_056523.1	583	54	530	583	307833050	307833211	62.963	3.42e-13	78.6
Protobothrops_mucrosquamatus_C9A	NC_056523.1	583	58	404	461	307828302	307828475	56.897	3.88e-12	75.5
Protobothrops_mucrosquamatus_C9A	NC_056523.1	583	47	157	203	307812335	307812475	59.574	3.72e-11	72.0
Protobothrops_mucrosquamatus_C9A	NC_056523.1	583	70	107	171	307810513	307810722	45.714	1.46e-08	63.9
Protobothrops_mucrosquamatus_C9A	NC_056523.1	583	75	203	272	307813641	307813865	38.667	2.24e-08	63.2
Protobothrops_mucrosquamatus_C9A	NC_056523.1	583	43	537	579	306893878	306893750	62.791	8.32e-08	61.2
Protobothrops_mucrosquamatus_C9A	NC_056523.1	583	69	457	525	306898424	306898221	40.580	1.03e-07	60.8
Protobothrops_mucrosquamatus_C9A	NC_056523.1	583	82	274	355	306811964	306812209	32.927	9.03e-07	57.8
Protobothrops_mucrosquamatus_C9A	NC_056527.1	583	229	297	514	109780557	109781180	27.948	1.38e-10	70.5
Protobothrops_mucrosquamatus_C9A	NC_056527.1	583	206	287	491	111207089	111206520	23.786	5.02e-07	58.9
Protobothrops_mucrosquamatus_C9A	NC_056525.1	583	50	530	579	85340811	85340662	56.000	9.21e-09	64.3
Protobothrops_mucrosquamatus_C9A	NC_056525.1	583	47	537	583	85321473	85321613	48.936	1.84e-07	60.1
Protobothrops_mucrosquamatus_C9A	NC_056525.1	583	79	277	355	85291210	85291446	31.646	2.43e-07	59.7
Protobothrops_mucrosquamatus_C9A	NC_056525.1	583	70	455	524	85318658	85318861	38.571	3.16e-06	56.2
Chrysopelea_ornata_C9A	NC_056523.1	584	76	457	532	307830115	307830342	69.737	2.02e-27	124
Chrysopelea_ornata_C9A	NC_056523.1	584	78	277	354	307821587	307821820	66.667	3.64e-26	120
Chrysopelea_ornata_C9A	NC_056523.1	584	66	397	462	307828278	307828475	57.576	1.90e-13	79.7
Chrysopelea_ornata_C9A	NC_056523.1	584	47	157	203	307812335	307812475	65.957	6.08e-12	74.7
Chrysopelea_ornata_C9A	NC_056523.1	584	54	531	584	307833050	307833211	55.556	1.17e-11	73.9
Chrysopelea_ornata_C9A	NC_056523.1	584	50	107	156	307810513	307810662	62.000	1.08e-09	67.4
Chrysopelea_ornata_C9A	NC_056523.1	584	69	458	526	306898424	306898221	40.580	1.13e-07	60.8
Chrysopelea_ornata_C9A	NC_056523.1	584	82	274	355	306811964	306812209	32.927	3.25e-06	56.2
Chrysopelea_ornata_C9A	NC_056523.1	584	47	538	584	306893878	306893738	53.191	6.93e-06	55.1
Chrysopelea_ornata_C9A	NC_056523.1	584	88	277	363	306857642	306857905	30.682	9.02e-06	54.7
Chrysopelea_ornata_C9A	NC_056527.1	584	230	297	515	109780557	109781180	26.957	1.27e-08	63.9
Chrysopelea_ornata_C9A	NC_056527.1	584	206	287	492	111207089	111206520	23.786	1.90e-06	57.0
Chrysopelea_ornata_C9A	NC_056525.1	584	51	531	581	85340811	85340659	52.941	1.38e-08	63.9
Chrysopelea_ornata_C9A	NC_056525.1	584	81	277	357	85291210	85291452	33.333	3.53e-08	62.4
Chrysopelea_ornata_C9A	NC_056525.1	584	47	538	584	85321473	85321613	46.809	3.11e-06	56.2
Chrysopelea_ornata_C9A	NC_056525.1	584	84	277	360	85358949	85358698	29.762	7.48e-06	55.1
Pituophis_catenifer_C9A	NC_056523.1	583	73	459	531	307830124	307830342	69.863	1.04e-26	121
Pituophis_catenifer_C9A	NC_056523.1	583	77	277	353	307821587	307821817	67.532	5.42e-26	119
Pituophis_catenifer_C9A	NC_056523.1	583	61	401	461	307828293	307828475	60.656	1.66e-13	79.7
Pituophis_catenifer_C9A	NC_056523.1	583	54	530	583	307833050	307833211	59.259	1.51e-12	76.6
Pituophis_catenifer_C9A	NC_056523.1	583	47	157	203	307812335	307812475	57.447	2.26e-10	69.7
Pituophis_catenifer_C9A	NC_056523.1	583	50	107	156	307810513	307810662	62.000	2.94e-09	65.9
Pituophis_catenifer_C9A	NC_056523.1	583	51	57	107	307809162	307809311	58.824	3.86e-08	62.4
Pituophis_catenifer_C9A	NC_056523.1	583	47	537	583	306893878	306893738	55.319	1.49e-06	57.4
Pituophis_catenifer_C9A	NC_056523.1	583	61	1	61	307802347	307802502	40.984	5.78e-06	55.5
Pituophis_catenifer_C9A	NC_056527.1	583	236	286	516	109780527	109781186	28.390	1.46e-13	80.1
Pituophis_catenifer_C9A	NC_056527.1	583	200	287	486	111207089	111206535	24.000	3.21e-06	56.2
Pituophis_catenifer_C9A	NC_056525.1	583	51	530	580	85340811	85340659	52.941	2.94e-08	62.8
Pituophis_catenifer_C9A	NC_056525.1	583	47	537	583	85321473	85321613	48.936	3.79e-07	59.3
Pituophis_catenifer_C9A	NC_056525.1	583	76	277	352	85291210	85291437	35.526	6.43e-07	58.5
Pituophis_catenifer_C9A	NC_056525.1	583	72	456	524	85318652	85318861	37.500	1.12e-06	57.8
Pantherophis_obsoletus_C9A	NC_056523.1	583	78	277	354	307821587	307821820	67.949	3.12e-28	126
Pantherophis_obsoletus_C9A	NC_056523.1	583	73	459	531	307830124	307830342	69.863	9.41e-27	121
Pantherophis_obsoletus_C9A	NC_056523.1	583	66	396	461	307828278	307828475	56.061	2.47e-13	79.3
Pantherophis_obsoletus_C9A	NC_056523.1	583	54	530	583	307833050	307833211	59.259	6.41e-13	77.8
Pantherophis_obsoletus_C9A	NC_056523.1	583	47	157	203	307812335	307812475	57.447	1.97e-10	69.7
Pantherophis_obsoletus_C9A	NC_056523.1	583	50	107	156	307810513	307810662	62.000	1.93e-09	66.6
Pantherophis_obsoletus_C9A	NC_056523.1	583	51	57	107	307809162	307809311	58.824	1.34e-08	63.9
Pantherophis_obsoletus_C9A	NC_056523.1	583	47	537	583	306893878	306893738	55.319	1.56e-06	57.0
Pantherophis_obsoletus_C9A	NC_056523.1	583	82	274	355	306811964	306812209	32.927	1.57e-06	57.0
Pantherophis_obsoletus_C9A	NC_056523.1	583	75	203	272	307813641	307813865	37.333	3.13e-06	56.2
Pantherophis_obsoletus_C9A	NC_056523.1	583	61	1	61	307802347	307802502	42.623	3.29e-06	56.2
Pantherophis_obsoletus_C9A	NC_056523.1	583	94	271	363	306857630	306857905	32.979	4.75e-06	55.5
Pantherophis_obsoletus_C9A	NC_056527.1	583	231	297	516	109780557	109781186	29.004	9.43e-13	77.4
Pantherophis_obsoletus_C9A	NC_056527.1	583	200	287	486	111207089	111206535	24.000	2.38e-06	56.6
Pantherophis_obsoletus_C9A	NC_056525.1	583	51	530	580	85340811	85340659	52.941	2.28e-08	63.2
Pantherophis_obsoletus_C9A	NC_056525.1	583	79	277	355	85291210	85291446	34.177	6.17e-08	61.6
Pantherophis_obsoletus_C9A	NC_056525.1	583	47	537	583	85321473	85321613	48.936	3.76e-07	59.3
Pantherophis_obsoletus_C9A	NC_056525.1	583	72	456	524	85318652	85318861	37.500	1.11e-06	57.8
Pantherophis_obsoletus_C9A	NC_056525.1	583	86	277	362	85358949	85358692	29.070	1.57e-06	57.0
Bothrops_jararaca_C9A	NC_056523.1	583	95	260	354	307821551	307821820	63.158	1.72e-27	124
Bothrops_jararaca_C9A	NC_056523.1	583	73	459	531	307830124	307830342	71.233	6.19e-27	122
Bothrops_jararaca_C9A	NC_056523.1	583	66	396	461	307828278	307828475	51.515	1.26e-12	77.0
Bothrops_jararaca_C9A	NC_056523.1	583	54	530	583	307833050	307833211	61.111	1.32e-12	77.0
Bothrops_jararaca_C9A	NC_056523.1	583	47	157	203	307812335	307812475	59.574	3.60e-11	72.0
Bothrops_jararaca_C9A	NC_056523.1	583	70	107	171	307810513	307810722	50.000	1.22e-09	67.4
Bothrops_jararaca_C9A	NC_056523.1	583	75	203	272	307813641	307813865	38.667	7.32e-08	61.6
Bothrops_jararaca_C9A	NC_056523.1	583	43	537	579	306893878	306893750	60.465	6.32e-07	58.5
Bothrops_jararaca_C9A	NC_056523.1	583	82	274	355	306811964	306812209	32.927	1.25e-06	57.4
Bothrops_jararaca_C9A	NC_056523.1	583	69	457	525	306898424	306898221	37.681	1.88e-06	57.0
Bothrops_jararaca_C9A	NC_056523.1	583	51	57	107	307809162	307809311	49.020	4.04e-06	55.8
Bothrops_jararaca_C9A	NC_056525.1	583	50	530	579	85340811	85340662	56.000	1.01e-08	64.3
Bothrops_jararaca_C9A	NC_056525.1	583	47	537	583	85321473	85321613	46.809	2.99e-07	59.3
Bothrops_jararaca_C9A	NC_056525.1	583	82	274	355	85291201	85291446	31.707	4.34e-07	58.9
Bothrops_jararaca_C9A	NC_056525.1	583	72	456	524	85318652	85318861	36.111	1.18e-06	57.4
Bothrops_jararaca_C9A	NC_056527.1	583	229	297	514	109780557	109781180	26.638	1.09e-08	64.3
Bothrops_jararaca_C9A	NC_056527.1	583	206	287	491	111207089	111206520	26.214	1.18e-08	63.9
Ptyas_mucosa_C9A	NC_056523.1	583	78	277	354	307821587	307821820	67.949	8.63e-28	125
Ptyas_mucosa_C9A	NC_056523.1	583	73	459	531	307830124	307830342	69.863	1.78e-26	120
Ptyas_mucosa_C9A	NC_056523.1	583	66	396	461	307828278	307828475	56.061	9.35e-13	77.4
Ptyas_mucosa_C9A	NC_056523.1	583	54	530	583	307833050	307833211	55.556	2.08e-11	72.8
Ptyas_mucosa_C9A	NC_056523.1	583	50	107	156	307810513	307810662	64.000	4.92e-10	68.6
Ptyas_mucosa_C9A	NC_056523.1	583	47	157	203	307812335	307812475	55.319	1.19e-09	67.4
Ptyas_mucosa_C9A	NC_056523.1	583	51	57	107	307809162	307809311	58.824	9.06e-09	64.3
Ptyas_mucosa_C9A	NC_056523.1	583	47	537	583	306893878	306893738	57.447	8.53e-08	61.2
Ptyas_mucosa_C9A	NC_056523.1	583	78	457	534	306898424	306898200	41.026	1.79e-07	60.1
Ptyas_mucosa_C9A	NC_056523.1	583	82	274	355	306811964	306812209	32.927	1.86e-06	57.0
Ptyas_mucosa_C9A	NC_056523.1	583	88	277	363	306857642	306857905	31.818	2.78e-06	56.2
Ptyas_mucosa_C9A	NC_056523.1	583	57	1	57	307802347	307802490	45.614	4.25e-06	55.8
Ptyas_mucosa_C9A	NC_056527.1	583	241	286	514	109780527	109781180	27.801	1.46e-10	70.1
Ptyas_mucosa_C9A	NC_056527.1	583	195	298	491	111207056	111206520	25.641	6.85e-06	55.1
Ptyas_mucosa_C9A	NC_056525.1	583	82	274	355	85291201	85291446	34.146	2.41e-07	59.7
Ptyas_mucosa_C9A	NC_056525.1	583	84	277	360	85358949	85358698	30.952	3.22e-07	59.3
Ptyas_mucosa_C9A	NC_056525.1	583	50	530	579	85340811	85340662	52.000	5.37e-07	58.5
Ptyas_mucosa_C9A	NC_056525.1	583	47	537	583	85321473	85321613	48.936	2.05e-06	56.6
Vipera_berus_C9A	NC_056523.1	583	78	277	354	307821587	307821820	70.513	1.64e-27	124
Vipera_berus_C9A	NC_056523.1	583	73	459	531	307830124	307830342	71.233	3.38e-27	123
Vipera_berus_C9A	NC_056523.1	583	66	396	461	307828278	307828475	51.515	6.35e-13	77.8
Vipera_berus_C9A	NC_056523.1	583	54	530	583	307833050	307833211	59.259	9.46e-12	73.9
Vipera_berus_C9A	NC_056523.1	583	47	157	203	307812335	307812475	61.702	2.36e-11	72.8
Vipera_berus_C9A	NC_056523.1	583	70	107	171	307810513	307810722	48.571	1.17e-09	67.4
Vipera_berus_C9A	NC_056523.1	583	75	203	272	307813641	307813865	42.667	2.39e-09	66.2
Vipera_berus_C9A	NC_056523.1	583	69	457	525	306898424	306898221	37.681	4.53e-07	58.9
Vipera_berus_C9A	NC_056523.1	583	70	274	343	306811964	306812173	37.143	9.27e-07	57.8
Vipera_berus_C9A	NC_056523.1	583	43	537	579	306893878	306893750	55.814	2.53e-06	56.6
Vipera_berus_C9A	NC_056523.1	583	51	57	107	307809162	307809311	52.941	3.87e-06	55.8
Vipera_berus_C9A	NC_056523.1	583	85	271	355	306857630	306857878	32.941	9.79e-06	54.7
Vipera_berus_C9A	NC_056527.1	583	241	286	514	109780527	109781180	27.386	9.35e-10	67.8
Vipera_berus_C9A	NC_056527.1	583	206	287	491	111207089	111206520	25.243	3.85e-07	59.3
Vipera_berus_C9A	NC_056525.1	583	50	530	579	85340811	85340662	54.000	9.45e-09	64.3
Vipera_berus_C9A	NC_056525.1	583	47	537	583	85321473	85321613	48.936	2.63e-07	59.7
Vipera_berus_C9A	NC_056525.1	583	79	277	355	85291210	85291446	31.646	1.48e-06	57.4
Vipera_berus_C9A	NC_056525.1	583	72	456	524	85318652	85318861	36.111	1.86e-06	57.0
Sceloporus_undulatus_C9A	NC_056523.1	591	82	277	358	307821575	307821820	98.780	6.74e-43	171
Sceloporus_undulatus_C9A	NC_056523.1	591	78	460	537	307830115	307830348	98.718	1.11e-40	164
Sceloporus_undulatus_C9A	NC_056523.1	591	77	201	277	307813638	307813868	98.701	2.63e-37	154
Sceloporus_undulatus_C9A	NC_056523.1	591	66	400	465	307828278	307828475	95.455	1.21e-28	127
Sceloporus_undulatus_C9A	NC_056523.1	591	58	534	591	307833050	307833223	94.828	7.46e-27	122
Sceloporus_undulatus_C9A	NC_056523.1	591	50	57	106	307809162	307809311	98.000	1.31e-22	108
Sceloporus_undulatus_C9A	NC_056523.1	591	50	106	155	307810513	307810662	100.000	2.87e-22	107
Sceloporus_undulatus_C9A	NC_056523.1	591	69	141	202	307812269	307812475	75.362	4.94e-22	107
Sceloporus_undulatus_C9A	NC_056523.1	591	42	358	399	307824438	307824563	100.000	4.78e-16	87.8
Sceloporus_undulatus_C9A	NC_056523.1	591	38	26	63	307802395	307802508	86.842	1.16e-11	73.9
Sceloporus_undulatus_C9A	NC_056523.1	591	51	541	591	306893878	306893726	49.020	1.43e-07	60.5
Sceloporus_undulatus_C9A	NC_056523.1	591	79	281	359	306811973	306812209	34.177	7.47e-07	58.2
Sceloporus_undulatus_C9A	NC_056523.1	591	41	538	577	306823388	306823510	63.415	8.07e-07	58.2
Sceloporus_undulatus_C9A	NC_056523.1	591	83	277	359	306857630	306857878	31.325	1.09e-06	57.8
Sceloporus_undulatus_C9A	NC_056523.1	591	39	540	577	306863430	306863546	66.667	2.18e-06	56.6
Sceloporus_undulatus_C9A	NC_056523.1	591	71	461	531	306898424	306898215	36.620	2.26e-06	56.6
Sceloporus_undulatus_C9A	NC_056525.1	591	52	528	579	85340829	85340674	53.846	3.17e-09	65.9
Sceloporus_undulatus_C9A	NC_056525.1	591	83	280	362	85291207	85291455	34.940	1.59e-08	63.5
Sceloporus_undulatus_C9A	NC_056525.1	591	47	541	587	85321473	85321613	51.064	1.95e-07	60.1
Sceloporus_undulatus_C9A	NC_056525.1	591	83	277	359	85358961	85358713	28.916	1.44e-06	57.4
Sceloporus_undulatus_C9A	NC_056525.1	591	96	460	552	85318652	85318924	32.292	1.69e-06	57.0
Sceloporus_undulatus_C9A	NC_056527.1	591	225	302	520	111207056	111206442	24.444	9.89e-07	57.8
Anolis_carolinensis_C9B	NC_056523.1	538	135	224	357	307821416	307821817	57.778	2.43e-33	141
Anolis_carolinensis_C9B	NC_056523.1	538	80	458	537	307830109	307830348	73.750	2.49e-28	125
Anolis_carolinensis_C9B	NC_056523.1	538	65	401	465	307828281	307828475	72.308	1.58e-20	101
Anolis_carolinensis_C9B	NC_056523.1	538	51	57	107	307809162	307809314	78.431	1.84e-18	95.1
Anolis_carolinensis_C9B	NC_056523.1	538	77	201	277	307813638	307813868	57.143	1.25e-16	89.4
Anolis_carolinensis_C9B	NC_056523.1	538	50	106	155	307810513	307810662	78.000	5.30e-15	84.3
Anolis_carolinensis_C9B	NC_056523.1	538	47	156	202	307812335	307812475	78.723	5.89e-15	84.0
Anolis_carolinensis_C9B	NC_056523.1	538	73	462	534	306898421	306898206	41.096	1.84e-09	66.6
Anolis_carolinensis_C9B	NC_056523.1	538	75	281	355	306811973	306812197	38.667	1.63e-07	60.1
Anolis_carolinensis_C9B	NC_056523.1	538	83	277	359	306857630	306857878	34.940	2.73e-07	59.3
Anolis_carolinensis_C9B	NC_056523.1	538	40	18	57	307802371	307802490	57.500	3.88e-06	55.8
Anolis_carolinensis_C9B	NC_056523.1	538	56	51	106	306848961	306849128	42.857	8.51e-06	54.7
Anolis_carolinensis_C9B	NC_056527.1	538	233	291	518	111207089	111206448	22.747	1.75e-09	66.6
Anolis_carolinensis_C9B	NC_056527.1	538	234	290	518	109780527	109781180	25.641	2.12e-06	56.6
Anolis_carolinensis_C9B	NC_056525.1	538	76	281	356	85358949	85358722	34.211	4.37e-08	62.0
Anolis_carolinensis_C9B	NC_056525.1	538	82	281	362	85291210	85291455	32.927	8.31e-08	61.2
Hydrophis_cyanocinctus_C9B	NC_056523.1	582	78	276	353	307821587	307821820	67.949	2.95e-27	123
Hydrophis_cyanocinctus_C9B	NC_056523.1	582	73	458	530	307830124	307830342	64.384	5.18e-24	113
Hydrophis_cyanocinctus_C9B	NC_056523.1	582	55	528	582	307833047	307833211	56.364	2.12e-12	76.3
Hydrophis_cyanocinctus_C9B	NC_056523.1	582	61	400	460	307828293	307828475	55.738	3.43e-11	72.4
Hydrophis_cyanocinctus_C9B	NC_056523.1	582	47	156	202	307812335	307812475	59.574	1.45e-10	70.1
Hydrophis_cyanocinctus_C9B	NC_056523.1	582	50	106	155	307810513	307810662	64.000	4.32e-10	68.6
Hydrophis_cyanocinctus_C9B	NC_056523.1	582	69	456	524	306898424	306898221	39.130	8.36e-08	61.2
Hydrophis_cyanocinctus_C9B	NC_056523.1	582	48	535	582	306893881	306893738	54.167	1.55e-06	57.0
Hydrophis_cyanocinctus_C9B	NC_056523.1	582	82	195	271	307813620	307813865	37.805	2.72e-06	56.2
Hydrophis_cyanocinctus_C9B	NC_056523.1	582	82	273	354	306811964	306812209	31.707	6.12e-06	55.1
Hydrophis_cyanocinctus_C9B	NC_056523.1	582	50	57	106	307809165	307809311	50.000	6.27e-06	55.1
Hydrophis_cyanocinctus_C9B	NC_056527.1	582	225	296	514	109780557	109781183	27.556	9.03e-09	64.3
Hydrophis_cyanocinctus_C9B	NC_056527.1	582	192	297	485	111207056	111206535	26.042	4.58e-06	55.5
Hydrophis_cyanocinctus_C9B	NC_056525.1	582	84	276	359	85358949	85358698	29.762	1.48e-06	57.4
Hydrophis_cyanocinctus_C9B	NC_056525.1	582	50	529	578	85340811	85340662	48.000	1.95e-06	57.0
Hydrophis_cyanocinctus_C9B	NC_056525.1	582	79	276	354	85291210	85291446	30.380	2.34e-06	56.6
Hydrophis_cyanocinctus_C9B	NC_056525.1	582	47	536	582	85321473	85321613	46.809	5.57e-06	55.5
Hydrophis_cyanocinctus_C9B	NC_056525.1	582	72	455	523	85318652	85318861	36.111	7.07e-06	55.1
Bothrops_jararaca_C9B	NC_056523.1	583	78	277	354	307821587	307821820	69.231	1.84e-27	124
Bothrops_jararaca_C9B	NC_056523.1	583	73	459	531	307830124	307830342	71.233	7.27e-27	122
Bothrops_jararaca_C9B	NC_056523.1	583	66	396	461	307828278	307828475	53.030	9.35e-13	77.4
Bothrops_jararaca_C9B	NC_056523.1	583	54	530	583	307833050	307833211	61.111	1.50e-12	76.6
Bothrops_jararaca_C9B	NC_056523.1	583	47	157	203	307812335	307812475	61.702	1.24e-11	73.6
Bothrops_jararaca_C9B	NC_056523.1	583	70	107	171	307810513	307810722	48.571	1.64e-09	67.0
Bothrops_jararaca_C9B	NC_056523.1	583	75	203	272	307813641	307813865	38.667	7.83e-08	61.2
Bothrops_jararaca_C9B	NC_056523.1	583	51	57	107	307809162	307809311	50.980	1.16e-06	57.4
Bothrops_jararaca_C9B	NC_056523.1	583	82	274	355	306811964	306812209	32.927	1.27e-06	57.4
Bothrops_jararaca_C9B	NC_056523.1	583	69	457	525	306898424	306898221	37.681	1.89e-06	57.0
Bothrops_jararaca_C9B	NC_056523.1	583	43	537	579	306893878	306893750	58.140	2.06e-06	56.6
Bothrops_jararaca_C9B	NC_056527.1	583	229	297	514	109780557	109781180	27.074	2.12e-09	66.6
Bothrops_jararaca_C9B	NC_056527.1	583	206	287	491	111207089	111206520	26.214	1.10e-08	64.3
Bothrops_jararaca_C9B	NC_056525.1	583	50	530	579	85340811	85340662	56.000	1.42e-08	63.9
Bothrops_jararaca_C9B	NC_056525.1	583	47	537	583	85321473	85321613	46.809	3.09e-07	59.3
Bothrops_jararaca_C9B	NC_056525.1	583	82	274	355	85291201	85291446	31.707	4.20e-07	58.9
Bothrops_jararaca_C9B	NC_056525.1	583	70	455	524	85318658	85318861	38.571	1.27e-06	57.4
Laticauda_colubrina_C9B	NC_056523.1	583	78	277	354	307821587	307821820	66.667	2.11e-27	123
Laticauda_colubrina_C9B	NC_056523.1	583	73	459	531	307830124	307830342	68.493	7.66e-26	119
Laticauda_colubrina_C9B	NC_056523.1	583	46	157	202	307812335	307812472	63.043	1.15e-11	73.9
Laticauda_colubrina_C9B	NC_056523.1	583	61	401	461	307828293	307828475	55.738	3.95e-11	72.0
Laticauda_colubrina_C9B	NC_056523.1	583	54	530	583	307833050	307833211	53.704	1.50e-10	70.1
Laticauda_colubrina_C9B	NC_056523.1	583	50	107	156	307810513	307810662	64.000	3.30e-10	68.9
Laticauda_colubrina_C9B	NC_056523.1	583	69	457	525	306898424	306898221	39.130	3.01e-07	59.3
Laticauda_colubrina_C9B	NC_056523.1	583	79	277	355	306811973	306812209	32.911	6.65e-07	58.5
Laticauda_colubrina_C9B	NC_056523.1	583	91	274	363	306857633	306857905	30.769	7.18e-07	58.2
Laticauda_colubrina_C9B	NC_056527.1	583	224	297	515	109780557	109781183	26.339	7.25e-09	64.7
Laticauda_colubrina_C9B	NC_056527.1	583	203	287	486	111207089	111206535	25.123	2.06e-06	56.6
Laticauda_colubrina_C9B	NC_056525.1	583	81	277	357	85291210	85291452	30.864	3.92e-07	58.9
Laticauda_colubrina_C9B	NC_056525.1	583	50	530	579	85340811	85340662	52.000	5.80e-07	58.5
Laticauda_colubrina_C9B	NC_056525.1	583	82	274	355	85358958	85358713	29.268	4.22e-06	55.8
Pseudonaja_textilis_C9B	NC_056523.1	583	78	277	354	307821587	307821820	67.949	5.48e-28	125
Pseudonaja_textilis_C9B	NC_056523.1	583	78	454	531	307830109	307830342	65.385	1.07e-25	118
Pseudonaja_textilis_C9B	NC_056523.1	583	66	396	461	307828278	307828475	54.545	2.01e-11	73.2
Pseudonaja_textilis_C9B	NC_056523.1	583	47	157	203	307812335	307812475	59.574	1.15e-10	70.5
Pseudonaja_textilis_C9B	NC_056523.1	583	54	530	583	307833050	307833211	51.852	9.84e-10	67.4
Pseudonaja_textilis_C9B	NC_056523.1	583	50	107	156	307810513	307810662	62.000	1.09e-09	67.4
Pseudonaja_textilis_C9B	NC_056523.1	583	69	457	525	306898424	306898221	39.130	4.82e-08	62.0
Pseudonaja_textilis_C9B	NC_056523.1	583	48	536	583	306893881	306893738	54.167	3.79e-07	59.3
Pseudonaja_textilis_C9B	NC_056523.1	583	51	57	107	307809162	307809311	49.020	2.17e-06	56.6
Pseudonaja_textilis_C9B	NC_056523.1	583	78	277	354	306811973	306812206	32.051	5.83e-06	55.5
Pseudonaja_textilis_C9B	NC_056523.1	583	88	277	363	306857642	306857905	29.545	7.59e-06	55.1
Pseudonaja_textilis_C9B	NC_056527.1	583	231	297	515	109780557	109781183	28.139	1.69e-08	63.5
Pseudonaja_textilis_C9B	NC_056525.1	583	78	277	354	85291210	85291443	32.051	2.84e-07	59.7
Pseudonaja_textilis_C9B	NC_056525.1	583	44	536	579	85340793	85340662	54.545	4.09e-07	58.9
Pseudonaja_textilis_C9B	NC_056525.1	583	84	277	360	85358949	85358698	29.762	1.03e-06	57.8
Pseudonaja_textilis_C9B	NC_056525.1	583	72	456	524	85318652	85318861	37.500	1.70e-06	57.0
Pseudonaja_textilis_C9B	NC_056525.1	583	47	537	583	85321473	85321613	44.681	4.36e-06	55.8
Notechis_scutatus_C9B	NC_056523.1	583	78	277	354	307821587	307821820	66.667	2.56e-27	123
Notechis_scutatus_C9B	NC_056523.1	583	73	459	531	307830124	307830342	68.493	9.65e-26	118
Notechis_scutatus_C9B	NC_056523.1	583	54	530	583	307833050	307833211	55.556	3.45e-11	72.4
Notechis_scutatus_C9B	NC_056523.1	583	47	157	203	307812335	307812475	59.574	7.90e-11	71.2
Notechis_scutatus_C9B	NC_056523.1	583	50	107	156	307810513	307810662	64.000	3.88e-10	68.9
Notechis_scutatus_C9B	NC_056523.1	583	61	401	461	307828293	307828475	52.459	5.01e-10	68.6
Notechis_scutatus_C9B	NC_056523.1	583	69	457	525	306898424	306898221	39.130	4.74e-08	62.0
Notechis_scutatus_C9B	NC_056523.1	583	48	536	583	306893881	306893738	54.167	1.58e-06	57.0
Notechis_scutatus_C9B	NC_056523.1	583	50	58	107	307809165	307809311	50.000	3.71e-06	55.8
Notechis_scutatus_C9B	NC_056523.1	583	91	274	363	306857633	306857905	29.670	6.45e-06	55.1
Notechis_scutatus_C9B	NC_056527.1	583	231	297	515	109780557	109781183	29.004	6.76e-10	68.2
Notechis_scutatus_C9B	NC_056527.1	583	203	287	486	111207089	111206535	26.601	1.15e-06	57.8
Notechis_scutatus_C9B	NC_056525.1	583	72	456	524	85318652	85318861	37.500	1.56e-06	57.0
Notechis_scutatus_C9B	NC_056525.1	583	50	530	579	85340811	85340662	48.000	2.03e-06	56.6
Notechis_scutatus_C9B	NC_056525.1	583	79	277	355	85291210	85291446	29.114	3.08e-06	56.2
Notechis_scutatus_C9B	NC_056525.1	583	84	277	360	85358949	85358698	28.571	3.32e-06	56.2
Notechis_scutatus_C9B	NC_056525.1	583	47	537	583	85321473	85321613	46.809	6.68e-06	55.1
Pituophis_catenifer_C9B	NC_056523.1	583	76	456	531	307830115	307830342	72.368	5.43e-28	125
Pituophis_catenifer_C9B	NC_056523.1	583	77	277	353	307821587	307821817	67.532	5.67e-26	119
Pituophis_catenifer_C9B	NC_056523.1	583	47	157	203	307812335	307812475	63.830	6.89e-12	74.7
Pituophis_catenifer_C9B	NC_056523.1	583	61	401	461	307828293	307828475	54.098	3.14e-11	72.4
Pituophis_catenifer_C9B	NC_056523.1	583	50	107	156	307810513	307810662	66.000	3.57e-11	72.4
Pituophis_catenifer_C9B	NC_056523.1	583	54	530	583	307833050	307833211	50.000	1.21e-08	63.9
Pituophis_catenifer_C9B	NC_056523.1	583	51	57	107	307809162	307809311	56.863	5.52e-08	62.0
Pituophis_catenifer_C9B	NC_056523.1	583	69	457	525	306898424	306898221	40.580	2.61e-07	59.7
Pituophis_catenifer_C9B	NC_056523.1	583	57	1	57	307802347	307802490	45.614	1.79e-06	57.0
Pituophis_catenifer_C9B	NC_056527.1	583	234	286	514	109780527	109781180	26.923	1.00e-10	70.9
Pituophis_catenifer_C9B	NC_056527.1	583	236	287	514	111207089	111206448	24.153	6.26e-07	58.5
Pituophis_catenifer_C9B	NC_056525.1	583	76	277	352	85291210	85291437	35.526	4.77e-07	58.9
Pituophis_catenifer_C9B	NC_056525.1	583	72	456	524	85318652	85318861	37.500	1.29e-06	57.4
Pantherophis_obsoletus_C9B	NC_056523.1	583	78	277	354	307821587	307821820	67.949	4.42e-28	125
Pantherophis_obsoletus_C9B	NC_056523.1	583	76	456	531	307830115	307830342	67.105	7.39e-26	119
Pantherophis_obsoletus_C9B	NC_056523.1	583	47	157	203	307812335	307812475	63.830	8.32e-12	74.3
Pantherophis_obsoletus_C9B	NC_056523.1	583	58	404	461	307828302	307828475	56.897	2.64e-11	72.8
Pantherophis_obsoletus_C9B	NC_056523.1	583	50	107	156	307810513	307810662	66.000	4.09e-11	72.0
Pantherophis_obsoletus_C9B	NC_056523.1	583	54	530	583	307833050	307833211	51.852	1.67e-09	66.6
Pantherophis_obsoletus_C9B	NC_056523.1	583	51	57	107	307809162	307809311	56.863	3.48e-07	59.3
Pantherophis_obsoletus_C9B	NC_056523.1	583	82	274	355	306811964	306812209	34.146	9.67e-07	57.8
Pantherophis_obsoletus_C9B	NC_056523.1	583	57	1	57	307802347	307802490	45.614	3.24e-06	56.2
Pantherophis_obsoletus_C9B	NC_056523.1	583	90	275	363	306857636	306857905	31.111	7.72e-06	55.1
Pantherophis_obsoletus_C9B	NC_056523.1	583	69	457	525	306898424	306898221	33.333	9.79e-06	54.7
Pantherophis_obsoletus_C9B	NC_056527.1	583	234	286	514	109780527	109781180	26.496	3.98e-10	68.9
Pantherophis_obsoletus_C9B	NC_056527.1	583	222	298	514	111207056	111206448	22.523	1.82e-07	60.1
Pantherophis_obsoletus_C9B	NC_056525.1	583	79	277	355	85291210	85291446	34.177	1.63e-07	60.5
Pantherophis_obsoletus_C9B	NC_056525.1	583	86	277	362	85358949	85358692	30.233	6.32e-07	58.5
Pantherophis_obsoletus_C9B	NC_056525.1	583	72	456	524	85318652	85318861	36.111	7.27e-06	55.1
Crotalus_tigris_C9B	NC_056523.1	583	78	454	531	307830109	307830342	67.949	7.09e-28	125
Crotalus_tigris_C9B	NC_056523.1	583	108	245	352	307821530	307821814	53.704	1.56e-25	117
Crotalus_tigris_C9B	NC_056523.1	583	50	107	156	307810513	307810662	68.000	2.17e-11	72.8
Crotalus_tigris_C9B	NC_056523.1	583	58	404	461	307828302	307828475	56.897	2.67e-11	72.8
Crotalus_tigris_C9B	NC_056523.1	583	47	157	203	307812335	307812475	59.574	4.48e-10	68.6
Crotalus_tigris_C9B	NC_056523.1	583	54	530	583	307833050	307833211	51.852	2.63e-09	66.2
Crotalus_tigris_C9B	NC_056523.1	583	69	457	525	306898424	306898221	36.232	2.06e-06	56.6
Crotalus_tigris_C9B	NC_056523.1	583	51	57	107	307809162	307809311	50.980	5.13e-06	55.5
Crotalus_tigris_C9B	NC_056527.1	583	235	286	514	109780527	109781180	28.085	5.52e-11	71.6
Crotalus_tigris_C9B	NC_056527.1	583	200	287	486	111207089	111206535	24.000	1.38e-08	63.9
Crotalus_tigris_C9B	NC_056525.1	583	74	277	350	85291210	85291431	35.135	1.14e-06	57.8
Crotalus_tigris_C9B	NC_056525.1	583	72	456	524	85318652	85318861	36.111	4.87e-06	55.5
Ptyas_mucosa_C9B	NC_056523.1	583	77	277	353	307821587	307821817	67.532	6.53e-26	119
Ptyas_mucosa_C9B	NC_056523.1	583	72	460	531	307830127	307830342	68.056	1.23e-24	115
Ptyas_mucosa_C9B	NC_056523.1	583	47	157	203	307812335	307812475	63.830	6.60e-12	74.7
Ptyas_mucosa_C9B	NC_056523.1	583	50	107	156	307810513	307810662	66.000	2.06e-10	69.7
Ptyas_mucosa_C9B	NC_056523.1	583	54	530	583	307833050	307833211	55.556	3.16e-10	69.3
Ptyas_mucosa_C9B	NC_056523.1	583	58	404	461	307828302	307828475	55.172	4.41e-10	68.6
Ptyas_mucosa_C9B	NC_056523.1	583	43	537	579	306893878	306893750	55.814	8.47e-06	54.7
Ptyas_mucosa_C9B	NC_056523.1	583	51	57	107	307809162	307809311	49.020	8.69e-06	54.7
Ptyas_mucosa_C9B	NC_056527.1	583	234	286	514	109780527	109781180	26.068	2.29e-09	66.2
Ptyas_mucosa_C9B	NC_056527.1	583	233	287	514	111207089	111206448	23.176	2.09e-07	60.1
Ptyas_mucosa_C9B	NC_056525.1	583	76	277	352	85291210	85291437	35.526	4.85e-07	58.9
Ptyas_mucosa_C9B	NC_056525.1	583	50	530	579	85340811	85340662	48.000	9.15e-06	54.7
