Sceloporus_undulatus_C9A	NC_056523.1	592	82	277	358	307821575	307821820	98.780	6.86e-43	171
Sceloporus_undulatus_C9A	NC_056523.1	592	78	460	537	307830115	307830348	98.718	1.13e-40	164
Sceloporus_undulatus_C9A	NC_056523.1	592	77	201	277	307813638	307813868	98.701	2.67e-37	154
Sceloporus_undulatus_C9A	NC_056523.1	592	66	400	465	307828278	307828475	95.455	1.22e-28	127
Sceloporus_undulatus_C9A	NC_056523.1	592	59	534	592	307833050	307833226	94.915	5.82e-27	122
Sceloporus_undulatus_C9A	NC_056523.1	592	50	57	106	307809162	307809311	98.000	1.32e-22	108
Sceloporus_undulatus_C9A	NC_056523.1	592	50	106	155	307810513	307810662	100.000	2.89e-22	107
Sceloporus_undulatus_C9A	NC_056523.1	592	69	141	202	307812269	307812475	75.362	4.97e-22	107
Sceloporus_undulatus_C9A	NC_056523.1	592	42	358	399	307824438	307824563	100.000	4.80e-16	87.8
Sceloporus_undulatus_C9A	NC_056523.1	592	38	26	63	307802395	307802508	86.842	1.16e-11	73.9
Sceloporus_undulatus_C9A	NC_056523.1	592	51	541	591	306893878	306893726	49.020	1.44e-07	60.5
Sceloporus_undulatus_C9A	NC_056523.1	592	79	281	359	306811973	306812209	34.177	7.49e-07	58.2
Sceloporus_undulatus_C9A	NC_056523.1	592	41	538	577	306823388	306823510	63.415	8.09e-07	58.2
Sceloporus_undulatus_C9A	NC_056523.1	592	83	277	359	306857630	306857878	31.325	1.09e-06	57.8
Sceloporus_undulatus_C9A	NC_056523.1	592	39	540	577	306863430	306863546	66.667	2.19e-06	56.6
Sceloporus_undulatus_C9A	NC_056523.1	592	71	461	531	306898424	306898215	36.620	2.26e-06	56.6
Sceloporus_undulatus_C9A	NC_056525.1	592	52	528	579	85340829	85340674	53.846	3.18e-09	65.9
Sceloporus_undulatus_C9A	NC_056525.1	592	83	280	362	85291207	85291455	34.940	1.59e-08	63.5
Sceloporus_undulatus_C9A	NC_056525.1	592	47	541	587	85321473	85321613	51.064	1.95e-07	60.1
Sceloporus_undulatus_C9A	NC_056525.1	592	83	277	359	85358961	85358713	28.916	1.44e-06	57.4
Sceloporus_undulatus_C9A	NC_056525.1	592	96	460	552	85318652	85318924	32.292	1.70e-06	57.0
Sceloporus_undulatus_C9A	NC_056527.1	592	225	302	520	111207056	111206442	24.444	9.92e-07	57.8
