# Vipera_berus DAB2/FYB1 anchors on OZ077558.1:18573463-22631914 (sstart/send relative to region; add 18573462)
Anolis_carolinensis_DAB2	2075353	2074742	301
Anolis_carolinensis_DAB2	2069996	2069460	213
Anolis_carolinensis_DAB2	2079394	2079260	99.4
Anolis_carolinensis_DAB2	2083064	2082924	97.4
Anolis_carolinensis_DAB2	2071615	2071457	73.9
Anolis_carolinensis_DAB2	2080981	2080880	72.8
Anolis_carolinensis_DAB2	2076732	2076649	47.0
Anolis_carolinensis_DAB2	2068065	2067943	46.2
Anolis_carolinensis_FYB1	1971508	1970390	307
Anolis_carolinensis_FYB1	1951442	1951266	92.4
Anolis_carolinensis_FYB1	1939396	1939214	90.1
Anolis_carolinensis_FYB1	1949090	1948950	69.7
Anolis_carolinensis_FYB1	1945137	1945015	54.7
Anolis_carolinensis_FYB1	1941773	1941654	52.4
Thamnophis_elegans_DAB2	2075353	2074742	380
Thamnophis_elegans_DAB2	2069996	2069451	285
Thamnophis_elegans_DAB2	2079394	2079260	100
Thamnophis_elegans_DAB2	2083064	2082924	99.0
Thamnophis_elegans_DAB2	2071615	2071457	93.2
Thamnophis_elegans_DAB2	2080981	2080880	73.9
Thamnophis_elegans_DAB2	2068068	2067946	64.7
Thamnophis_elegans_DAB2	2076732	2076649	49.7
Thamnophis_elegans_DAB2	2066747	2066682	47.4
Thamnophis_elegans_FYB1	1971508	1970387	595
Thamnophis_elegans_FYB1	1951442	1951266	109
Thamnophis_elegans_FYB1	1939396	1939214	95.5
Thamnophis_elegans_FYB1	1949090	1948950	89.7
Thamnophis_elegans_FYB1	1945134	1944985	89.0
Thamnophis_elegans_FYB1	1941773	1941654	70.5
Thamnophis_elegans_FYB1	1942147	1942034	48.9
