# Plestiodon_gilberti DAB2/FYB1 anchors on JANXHW010000002.1:17205573-21229130 (sstart/send relative to region; add 17205572)
Anolis_carolinensis_DAB2	2037231	2036587	288
Anolis_carolinensis_DAB2	2033460	2032927	238
Anolis_carolinensis_DAB2	2040329	2040186	102
Anolis_carolinensis_DAB2	2042324	2042184	94.0
Anolis_carolinensis_DAB2	2041319	2041212	73.6
Anolis_carolinensis_DAB2	2035830	2035672	67.8
Anolis_carolinensis_FYB1	1974459	1973308	282
Anolis_carolinensis_FYB1	1954066	1953911	105
Anolis_carolinensis_FYB1	1936622	1936458	95.9
Anolis_carolinensis_FYB1	1952328	1952188	76.6
Anolis_carolinensis_FYB1	1946587	1946465	52.4
Thamnophis_elegans_DAB2	2037231	2036587	271
Thamnophis_elegans_DAB2	2033460	2032927	207
Thamnophis_elegans_DAB2	2040329	2040186	100
Thamnophis_elegans_DAB2	2042318	2042184	91.3
Thamnophis_elegans_DAB2	2041319	2041212	72.8
Thamnophis_elegans_DAB2	2035830	2035672	65.1
Thamnophis_elegans_FYB1	1974459	1973302	214
Thamnophis_elegans_FYB1	1954066	1953899	90.5
Thamnophis_elegans_FYB1	1936622	1936458	87.0
Thamnophis_elegans_FYB1	1952328	1952188	74.3
Thamnophis_elegans_FYB1	1946587	1946357	67.4
Thamnophis_elegans_FYB1	1939051	1938941	52.8
