# Mediodactylus_kotschyi DAB2/FYB1 anchors on OZ281146.1:20323479-24349511 (sstart/send relative to region; add 20323478)
Anolis_carolinensis_DAB2	2043166	2042528	277
Anolis_carolinensis_DAB2	2040731	2040192	246
Anolis_carolinensis_DAB2	2053248	2053009	102
Anolis_carolinensis_DAB2	2049288	2049148	102
Anolis_carolinensis_DAB2	2050925	2050818	74.7
Anolis_carolinensis_DAB2	2041628	2041464	66.6
Anolis_carolinensis_DAB2	2045078	2044989	48.1
Anolis_carolinensis_FYB1	1975197	1974049	336
Anolis_carolinensis_FYB1	1959257	1959105	100
Anolis_carolinensis_FYB1	1943192	1943028	94.7
Anolis_carolinensis_FYB1	1957964	1957830	80.1
Anolis_carolinensis_FYB1	1953563	1953420	55.5
Thamnophis_elegans_DAB2	2043166	2042534	260
Thamnophis_elegans_DAB2	2040731	2040192	196
Thamnophis_elegans_DAB2	2049288	2049148	101
Thamnophis_elegans_DAB2	2053149	2053009	94.0
Thamnophis_elegans_DAB2	2050925	2050818	72.8
Thamnophis_elegans_DAB2	2041628	2041464	57.0
Thamnophis_elegans_DAB2	2045078	2044989	49.7
Thamnophis_elegans_FYB1	1975197	1974043	236
Thamnophis_elegans_FYB1	1959257	1959093	92.4
Thamnophis_elegans_FYB1	1943192	1943028	82.8
Thamnophis_elegans_FYB1	1957964	1957830	75.9
Thamnophis_elegans_FYB1	1953563	1953429	61.2
