Lacerta_agilis_C9A	CM123437.1	589	86	275	360	30196952	30196695	83.721	3.73e-39	160
Lacerta_agilis_C9A	CM123437.1	589	86	448	533	30190114	30189857	70.930	7.87e-31	134
Lacerta_agilis_C9A	CM123437.1	589	55	100	154	30206462	30206298	80.000	2.61e-19	98.6
Lacerta_agilis_C9A	CM123437.1	589	47	155	201	30204167	30204027	91.489	4.03e-19	98.2
Lacerta_agilis_C9A	CM123437.1	589	66	55	116	30210741	30210544	60.606	2.33e-15	85.9
Lacerta_agilis_C9A	CM123437.1	589	55	404	458	30193758	30193594	76.364	2.66e-15	85.9
Lacerta_agilis_C9A	CM123437.1	589	84	192	275	30201077	30200826	45.238	2.76e-14	82.8
Lacerta_agilis_C9A	CM123437.1	589	55	535	589	30187628	30187467	72.727	5.69e-08	62.0
Lacerta_agilis_C9A	CM123437.1	589	57	470	526	31125787	31125957	49.123	5.72e-07	58.9
Lacerta_agilis_C9A	CM123437.1	589	46	540	584	31127510	31127647	54.348	4.72e-06	55.8
Lacerta_agilis_C9A	CM123432.1	589	105	279	383	191913570	191913259	36.190	6.20e-11	71.6
Lacerta_agilis_C9A	CM123432.1	589	67	461	526	191891812	191891612	41.791	1.37e-06	57.8
Lacerta_agilis_C9A	CM123432.1	589	91	267	357	191830651	191830908	27.473	2.10e-06	57.0
Lacerta_agilis_C9A	CM123434.1	589	227	300	517	15152884	15152258	25.991	4.14e-10	68.9
Zootoca_vivipara_C9A	CM123437.1	589	86	275	360	30196952	30196695	83.721	5.00e-39	159
Zootoca_vivipara_C9A	CM123437.1	589	86	448	533	30190114	30189857	69.767	3.66e-30	132
Zootoca_vivipara_C9A	CM123437.1	589	47	155	201	30204167	30204027	91.489	4.80e-19	97.8
Zootoca_vivipara_C9A	CM123437.1	589	55	100	154	30206462	30206298	78.182	4.84e-19	97.8
Zootoca_vivipara_C9A	CM123437.1	589	66	55	116	30210741	30210544	63.636	5.92e-16	87.8
Zootoca_vivipara_C9A	CM123437.1	589	55	404	458	30193758	30193594	72.727	4.66e-14	82.0
Zootoca_vivipara_C9A	CM123437.1	589	75	201	275	30201050	30200826	52.000	9.94e-14	80.9
Zootoca_vivipara_C9A	CM123437.1	589	43	356	398	30195503	30195375	60.465	5.87e-07	58.9
Zootoca_vivipara_C9A	CM123437.1	589	55	535	589	30187628	30187467	70.909	7.71e-07	58.5
Zootoca_vivipara_C9A	CM123437.1	589	57	470	526	31125787	31125957	47.368	1.12e-06	57.8
Zootoca_vivipara_C9A	CM123432.1	589	103	279	381	191913570	191913265	36.893	1.90e-10	70.1
Zootoca_vivipara_C9A	CM123432.1	589	81	461	540	191891812	191891570	37.037	5.16e-07	58.9
Zootoca_vivipara_C9A	CM123432.1	589	90	268	357	191830654	191830908	27.778	4.60e-06	55.8
Zootoca_vivipara_C9A	CM123434.1	589	223	300	517	15152884	15152258	24.215	2.17e-08	63.5
Podarcis_muralis_C9A	CM123437.1	589	86	275	360	30196952	30196695	84.884	5.16e-40	162
Podarcis_muralis_C9A	CM123437.1	589	80	448	527	30190114	30189875	72.500	7.50e-30	131
Podarcis_muralis_C9A	CM123437.1	589	55	100	154	30206462	30206298	80.000	2.70e-19	98.6
Podarcis_muralis_C9A	CM123437.1	589	47	155	201	30204167	30204027	91.489	4.43e-19	97.8
Podarcis_muralis_C9A	CM123437.1	589	59	400	458	30193770	30193594	66.102	4.09e-15	85.1
Podarcis_muralis_C9A	CM123437.1	589	63	55	113	30210741	30210553	61.905	1.07e-14	84.0
Podarcis_muralis_C9A	CM123437.1	589	84	192	275	30201077	30200826	42.857	3.26e-12	75.9
Podarcis_muralis_C9A	CM123437.1	589	55	535	589	30187628	30187467	72.727	5.83e-08	62.0
Podarcis_muralis_C9A	CM123437.1	589	57	470	526	31125787	31125957	47.368	5.87e-07	58.9
Podarcis_muralis_C9A	CM123437.1	589	42	356	397	30195503	30195378	61.905	1.19e-06	57.8
Podarcis_muralis_C9A	CM123437.1	589	46	540	584	31127510	31127647	54.348	4.19e-06	56.2
Podarcis_muralis_C9A	CM123432.1	589	103	279	381	191913570	191913265	35.922	8.12e-10	68.2
Podarcis_muralis_C9A	CM123432.1	589	67	461	526	191891812	191891612	41.791	8.98e-07	58.2
Podarcis_muralis_C9A	CM123432.1	589	90	268	357	191830654	191830908	28.889	1.73e-06	57.4
Podarcis_muralis_C9A	CM123434.1	589	228	300	516	15152884	15152261	25.439	2.53e-07	60.1
Anolis_carolinensis_C9A	CM123437.1	591	82	277	358	30196952	30196707	70.732	3.71e-30	132
Anolis_carolinensis_C9A	CM123437.1	591	82	450	531	30190114	30189869	64.634	7.71e-26	119
Anolis_carolinensis_C9A	CM123437.1	591	47	156	202	30204167	30204027	80.851	1.54e-16	89.7
Anolis_carolinensis_C9A	CM123437.1	591	63	56	114	30210741	30210553	65.079	4.09e-15	85.1
Anolis_carolinensis_C9A	CM123437.1	591	50	106	155	30206447	30206298	74.000	3.76e-13	79.0
Anolis_carolinensis_C9A	CM123437.1	591	94	407	500	30193755	30193480	40.426	9.34e-11	71.2
Anolis_carolinensis_C9A	CM123437.1	591	94	184	277	30201092	30200826	40.426	1.18e-08	64.3
Anolis_carolinensis_C9A	CM123437.1	591	73	456	528	31125742	31125957	38.356	1.73e-07	60.5
Anolis_carolinensis_C9A	CM123437.1	591	79	281	359	31221646	31221410	32.911	1.85e-06	57.4
Anolis_carolinensis_C9A	CM123437.1	591	50	542	591	31127510	31127659	48.000	2.25e-06	57.0
Anolis_carolinensis_C9A	CM123437.1	591	33	29	61	30215493	30215395	66.667	3.50e-06	56.2
Anolis_carolinensis_C9A	CM123432.1	591	79	281	359	191830672	191830908	37.975	9.62e-10	67.8
Anolis_carolinensis_C9A	CM123432.1	591	109	281	389	191913570	191913247	28.440	7.14e-08	62.0
Anolis_carolinensis_C9A	CM123432.1	591	83	452	533	191891845	191891597	33.735	2.35e-07	60.1
Anolis_carolinensis_C9A	CM123432.1	591	47	541	587	191888923	191888783	53.191	1.28e-06	57.8
Anolis_carolinensis_C9A	CM123434.1	591	218	306	518	15152872	15152261	24.312	6.02e-08	62.0
Pogona_vitticeps_C9A	CM123437.1	576	122	256	371	30196958	30196608	52.459	1.28e-28	127
Pogona_vitticeps_C9A	CM123437.1	576	88	431	518	30190114	30189857	62.500	2.82e-25	117
Pogona_vitticeps_C9A	CM123437.1	576	67	143	209	30204206	30204006	64.179	1.66e-17	92.8
Pogona_vitticeps_C9A	CM123437.1	576	66	56	117	30210741	30210544	56.061	3.95e-13	79.0
Pogona_vitticeps_C9A	CM123437.1	576	50	106	155	30206447	30206298	72.000	4.02e-13	79.0
Pogona_vitticeps_C9A	CM123437.1	576	103	387	487	30193758	30193450	39.806	9.01e-13	77.8
Pogona_vitticeps_C9A	CM123437.1	576	78	500	575	31127429	31127659	43.590	4.72e-09	65.5
Pogona_vitticeps_C9A	CM123437.1	576	39	524	561	31164094	31163978	71.795	2.03e-07	60.5
Pogona_vitticeps_C9A	CM123437.1	576	43	19	61	30215511	30215395	60.465	3.51e-07	59.7
Pogona_vitticeps_C9A	CM123437.1	576	73	437	509	31125742	31125957	42.466	4.97e-07	58.9
Pogona_vitticeps_C9A	CM123437.1	576	53	521	573	30187628	30187473	69.811	1.02e-06	58.2
Pogona_vitticeps_C9A	CM123437.1	576	39	524	561	31213877	31213761	64.103	8.40e-06	55.1
Pogona_vitticeps_C9A	CM123434.1	576	218	287	499	15152872	15152261	24.771	4.73e-10	68.9
Pogona_vitticeps_C9A	CM123434.1	576	223	287	507	15142073	15141459	27.803	3.19e-08	62.8
Pogona_vitticeps_C9A	CM123432.1	576	102	253	354	191830645	191830929	31.373	9.79e-10	67.8
Pogona_vitticeps_C9A	CM123432.1	576	83	441	522	191891821	191891573	38.554	1.44e-08	63.9
Pogona_vitticeps_C9A	CM123432.1	576	83	257	339	191913585	191913337	33.735	2.93e-08	63.2
Pogona_vitticeps_C9A	CM123432.1	576	39	525	563	191888923	191888807	66.667	7.48e-07	58.5
Pogona_vitticeps_C9A	CM123432.1	576	44	524	567	191848672	191848794	61.364	8.01e-07	58.5
Gekko_japonicus_C9A	CM123437.1	582	115	288	402	30196961	30196617	53.913	1.20e-28	127
Gekko_japonicus_C9A	CM123437.1	582	81	444	524	30190114	30189872	65.432	1.85e-24	114
Gekko_japonicus_C9A	CM123437.1	582	45	173	217	30204167	30204033	75.556	8.05e-13	77.8
Gekko_japonicus_C9A	CM123437.1	582	71	69	135	30210741	30210538	54.930	4.04e-12	75.5
Gekko_japonicus_C9A	CM123437.1	582	51	122	172	30206447	30206298	64.706	3.55e-10	69.3
Gekko_japonicus_C9A	CM123437.1	582	89	401	487	30193755	30193489	37.079	7.87e-10	68.2
Gekko_japonicus_C9A	CM123437.1	582	46	536	581	31127510	31127647	58.696	5.66e-09	65.5
Gekko_japonicus_C9A	CM123437.1	582	66	457	522	31125763	31125957	42.424	2.21e-06	57.0
Gekko_japonicus_C9A	CM123437.1	582	79	295	373	31221646	31221410	32.911	8.26e-06	55.1
Gekko_japonicus_C9A	CM123434.1	582	194	316	498	15142085	15141522	29.381	2.86e-09	66.2
Gekko_japonicus_C9A	CM123434.1	582	213	316	512	15152884	15152261	24.883	2.96e-08	63.2
Gekko_japonicus_C9A	CM123432.1	582	78	295	372	191913570	191913337	34.615	5.91e-08	62.0
Gekko_japonicus_C9A	CM123432.1	582	68	456	522	191891815	191891612	38.235	6.10e-07	58.9
Gekko_japonicus_C9A	CM123432.1	582	133	284	412	191830639	191831037	27.068	7.68e-07	58.5
Gekko_japonicus_C9A	CM123432.1	582	47	535	581	191888923	191888783	48.936	8.92e-06	55.1
Crotalus_tigris_C9A	CM123437.1	583	75	276	350	30196943	30196719	69.333	1.70e-27	124
Crotalus_tigris_C9A	CM123437.1	583	78	450	527	30190102	30189869	61.538	5.01e-23	110
Crotalus_tigris_C9A	CM123437.1	583	60	144	203	30204206	30204027	61.667	6.84e-15	84.3
Crotalus_tigris_C9A	CM123437.1	583	50	107	156	30206447	30206298	74.000	2.15e-13	79.7
Crotalus_tigris_C9A	CM123437.1	583	96	396	489	30193776	30193489	38.542	5.90e-10	68.6
Crotalus_tigris_C9A	CM123437.1	583	66	56	118	30210741	30210544	43.939	1.09e-07	61.2
Crotalus_tigris_C9A	CM123437.1	583	57	523	579	31127465	31127635	42.105	9.10e-06	55.1
Crotalus_tigris_C9A	CM123434.1	583	226	294	514	15152896	15152261	25.664	2.06e-11	73.2
Crotalus_tigris_C9A	CM123434.1	583	219	298	514	15142085	15141483	26.027	1.31e-09	67.4
Crotalus_tigris_C9A	CM123432.1	583	98	277	374	191913570	191913298	32.653	6.19e-08	62.0
Crotalus_tigris_C9A	CM123432.1	583	104	265	364	191830651	191830947	31.731	6.07e-07	58.9
Crotalus_tigris_C9A	CM123432.1	583	43	537	579	191888923	191888795	53.488	4.05e-06	56.2
Crotalus_tigris_C9A	CM123432.1	583	70	456	524	191891821	191891612	38.571	7.35e-06	55.5
Thamnophis_elegans_C9A	CM123437.1	583	83	276	358	30196943	30196695	67.470	2.27e-29	130
Thamnophis_elegans_C9A	CM123437.1	583	77	450	526	30190102	30189872	59.740	6.26e-21	103
Thamnophis_elegans_C9A	CM123437.1	583	47	157	203	30204167	30204027	68.085	1.20e-12	77.4
Thamnophis_elegans_C9A	CM123437.1	583	50	107	156	30206447	30206298	72.000	2.78e-12	76.3
Thamnophis_elegans_C9A	CM123437.1	583	94	398	489	30193770	30193489	37.234	6.89e-10	68.6
Thamnophis_elegans_C9A	CM123437.1	583	66	56	118	30210741	30210544	45.455	5.08e-09	65.5
Thamnophis_elegans_C9A	CM123437.1	583	61	523	583	31127465	31127647	44.262	4.83e-08	62.4
Thamnophis_elegans_C9A	CM123437.1	583	45	530	573	31164112	31163978	55.556	1.39e-06	57.8
Thamnophis_elegans_C9A	CM123437.1	583	33	27	59	30215499	30215401	60.606	4.89e-06	55.8
Thamnophis_elegans_C9A	CM123432.1	583	91	277	367	191913570	191913319	31.868	1.38e-07	60.8
Thamnophis_elegans_C9A	CM123432.1	583	47	537	583	191888923	191888783	53.191	2.27e-06	57.0
Thamnophis_elegans_C9A	CM123432.1	583	104	265	364	191830651	191830947	29.808	3.75e-06	56.2
Thamnophis_elegans_C9A	CM123434.1	583	226	298	514	15152884	15152261	26.549	1.69e-07	60.5
Thamnophis_elegans_C9A	CM123434.1	583	223	298	514	15142085	15141483	28.251	2.03e-06	57.0
Naja_naja_C9A	CM123437.1	582	78	276	353	30196943	30196710	70.513	4.27e-29	129
Naja_naja_C9A	CM123437.1	582	78	449	526	30190102	30189869	62.821	4.80e-23	110
Naja_naja_C9A	CM123437.1	582	50	107	156	30206447	30206298	76.000	3.88e-13	79.0
Naja_naja_C9A	CM123437.1	582	47	157	203	30204167	30204027	65.957	1.63e-12	77.0
Naja_naja_C9A	CM123437.1	582	88	403	488	30193752	30193489	40.909	5.50e-10	68.6
Naja_naja_C9A	CM123437.1	582	66	56	118	30210741	30210544	43.939	3.83e-08	62.8
Naja_naja_C9A	CM123437.1	582	57	522	578	31127465	31127635	49.123	2.91e-07	59.7
Naja_naja_C9A	CM123437.1	582	73	451	523	31125742	31125957	35.616	9.23e-06	55.1
Naja_naja_C9A	CM123434.1	582	218	298	513	15142085	15141483	24.771	3.52e-10	69.3
Naja_naja_C9A	CM123434.1	582	228	294	513	15152896	15152261	22.368	1.74e-06	57.4
Naja_naja_C9A	CM123432.1	582	104	265	364	191830651	191830947	33.654	1.73e-07	60.5
Naja_naja_C9A	CM123432.1	582	91	277	367	191913570	191913319	34.066	2.00e-07	60.5
Pseudonaja_textilis_C9A	CM123437.1	583	78	276	353	30196943	30196710	70.513	2.27e-29	130
Pseudonaja_textilis_C9A	CM123437.1	583	78	450	527	30190102	30189869	65.385	5.83e-24	113
Pseudonaja_textilis_C9A	CM123437.1	583	50	107	156	30206447	30206298	72.000	1.53e-12	77.0
Pseudonaja_textilis_C9A	CM123437.1	583	47	157	203	30204167	30204027	65.957	1.59e-12	77.0
Pseudonaja_textilis_C9A	CM123437.1	583	99	393	489	30193785	30193489	34.343	1.17e-08	64.3
Pseudonaja_textilis_C9A	CM123437.1	583	63	56	115	30210741	30210553	47.619	4.59e-08	62.4
Pseudonaja_textilis_C9A	CM123437.1	583	61	523	583	31127465	31127647	47.541	1.83e-07	60.5
Pseudonaja_textilis_C9A	CM123434.1	583	219	298	514	15142085	15141483	23.744	1.54e-09	67.4
Pseudonaja_textilis_C9A	CM123434.1	583	228	294	514	15152896	15152261	23.684	5.83e-08	62.0
Pseudonaja_textilis_C9A	CM123432.1	583	98	277	374	191913570	191913298	32.653	5.68e-08	62.0
Pseudonaja_textilis_C9A	CM123432.1	583	104	265	364	191830651	191830947	32.692	1.58e-07	60.8
Pseudonaja_textilis_C9A	CM123432.1	583	70	456	524	191891821	191891612	37.143	7.87e-06	55.1
Python_bivittatus_C9A	CM123437.1	582	79	276	354	30196943	30196707	67.089	5.77e-28	125
Python_bivittatus_C9A	CM123437.1	582	77	450	526	30190102	30189872	64.935	1.52e-24	115
Python_bivittatus_C9A	CM123437.1	582	60	144	203	30204206	30204027	56.667	1.13e-13	80.5
Python_bivittatus_C9A	CM123437.1	582	50	107	156	30206447	30206298	68.000	2.61e-11	72.8
Python_bivittatus_C9A	CM123437.1	582	66	56	118	30210741	30210544	48.485	2.25e-09	66.6
Python_bivittatus_C9A	CM123437.1	582	94	398	489	30193770	30193489	36.170	7.89e-09	65.1
Python_bivittatus_C9A	CM123437.1	582	73	452	524	31125742	31125957	42.466	3.09e-07	59.7
Python_bivittatus_C9A	CM123437.1	582	46	533	578	31127498	31127635	54.348	7.49e-07	58.5
Python_bivittatus_C9A	CM123437.1	582	83	194	272	30201077	30200829	37.349	1.80e-06	57.4
Python_bivittatus_C9A	CM123432.1	582	109	277	385	191913570	191913265	28.440	4.61e-09	65.9
Python_bivittatus_C9A	CM123432.1	582	70	456	524	191891821	191891612	42.857	8.03e-08	61.6
Python_bivittatus_C9A	CM123432.1	582	104	265	364	191830651	191830947	30.769	9.92e-07	58.2
Python_bivittatus_C9A	CM123432.1	582	39	536	574	191888923	191888807	58.974	3.81e-06	56.2
Python_bivittatus_C9A	CM123434.1	582	221	298	514	15142085	15141483	26.697	5.42e-09	65.5
Python_bivittatus_C9A	CM123434.1	582	224	298	514	15152884	15152261	25.893	1.29e-08	64.3
Notechis_scutatus_C9A	CM123437.1	583	78	276	353	30196943	30196710	70.513	2.46e-29	130
Notechis_scutatus_C9A	CM123437.1	583	78	450	527	30190102	30189869	65.385	6.09e-24	113
Notechis_scutatus_C9A	CM123437.1	583	50	107	156	30206447	30206298	74.000	7.17e-13	78.2
Notechis_scutatus_C9A	CM123437.1	583	47	157	203	30204167	30204027	65.957	1.53e-12	77.0
Notechis_scutatus_C9A	CM123437.1	583	99	393	489	30193785	30193489	34.343	4.66e-09	65.9
Notechis_scutatus_C9A	CM123437.1	583	63	56	115	30210741	30210553	47.619	4.71e-08	62.4
Notechis_scutatus_C9A	CM123437.1	583	61	523	583	31127465	31127647	47.541	3.64e-07	59.7
Notechis_scutatus_C9A	CM123434.1	583	219	298	514	15142085	15141483	23.744	4.03e-09	65.9
Notechis_scutatus_C9A	CM123434.1	583	228	294	514	15152896	15152261	23.684	4.32e-08	62.4
Notechis_scutatus_C9A	CM123432.1	583	98	277	374	191913570	191913298	32.653	5.88e-08	62.0
Notechis_scutatus_C9A	CM123432.1	583	104	265	364	191830651	191830947	32.692	1.59e-07	60.8
Notechis_scutatus_C9A	CM123432.1	583	70	456	524	191891821	191891612	37.143	8.50e-06	55.1
Hydrophis_cyanocinctus_C9A	CM123437.1	583	78	276	353	30196943	30196710	70.513	3.10e-29	129
Hydrophis_cyanocinctus_C9A	CM123437.1	583	78	450	527	30190102	30189869	65.385	8.59e-24	112
Hydrophis_cyanocinctus_C9A	CM123437.1	583	50	107	156	30206447	30206298	74.000	7.55e-13	77.8
Hydrophis_cyanocinctus_C9A	CM123437.1	583	47	157	203	30204167	30204027	68.085	8.22e-13	77.8
Hydrophis_cyanocinctus_C9A	CM123437.1	583	63	56	115	30210741	30210553	47.619	5.00e-08	62.4
Hydrophis_cyanocinctus_C9A	CM123437.1	583	88	404	489	30193752	30193489	35.227	1.08e-07	61.2
Hydrophis_cyanocinctus_C9A	CM123437.1	583	61	523	583	31127465	31127647	47.541	3.70e-07	59.3
Hydrophis_cyanocinctus_C9A	CM123434.1	583	219	298	514	15142085	15141483	23.744	4.47e-08	62.4
Hydrophis_cyanocinctus_C9A	CM123434.1	583	226	294	514	15152896	15152261	22.124	4.58e-07	59.3
Hydrophis_cyanocinctus_C9A	CM123432.1	583	102	273	374	191913582	191913298	32.353	4.87e-08	62.4
Hydrophis_cyanocinctus_C9A	CM123432.1	583	104	265	364	191830651	191830947	32.692	1.65e-07	60.5
Hydrophis_cyanocinctus_C9A	CM123432.1	583	70	456	524	191891821	191891612	37.143	5.28e-06	55.8
Laticauda_colubrina_C9A	CM123437.1	583	78	276	353	30196943	30196710	70.513	3.13e-29	129
Laticauda_colubrina_C9A	CM123437.1	583	78	450	527	30190102	30189869	65.385	7.20e-24	113
Laticauda_colubrina_C9A	CM123437.1	583	60	144	203	30204206	30204027	56.667	6.75e-13	78.2
Laticauda_colubrina_C9A	CM123437.1	583	50	107	156	30206447	30206298	72.000	1.71e-12	76.6
Laticauda_colubrina_C9A	CM123437.1	583	88	404	489	30193752	30193489	39.773	2.77e-09	66.2
Laticauda_colubrina_C9A	CM123437.1	583	63	56	115	30210741	30210553	47.619	1.51e-07	60.8
Laticauda_colubrina_C9A	CM123437.1	583	61	523	583	31127465	31127647	47.541	2.63e-07	60.1
Laticauda_colubrina_C9A	CM123434.1	583	219	298	514	15142085	15141483	23.744	7.21e-09	65.1
Laticauda_colubrina_C9A	CM123432.1	583	98	277	374	191913570	191913298	32.653	1.16e-07	61.2
Laticauda_colubrina_C9A	CM123432.1	583	86	265	350	191830651	191830893	33.721	7.77e-07	58.5
Laticauda_colubrina_C9A	CM123432.1	583	70	456	524	191891821	191891612	37.143	7.61e-06	55.1
Protobothrops_mucrosquamatus_C9A	CM123437.1	583	79	276	354	30196943	30196707	75.949	7.29e-32	137
Protobothrops_mucrosquamatus_C9A	CM123437.1	583	77	450	526	30190102	30189872	64.935	1.28e-23	112
Protobothrops_mucrosquamatus_C9A	CM123437.1	583	60	144	203	30204206	30204027	60.000	4.64e-15	85.1
Protobothrops_mucrosquamatus_C9A	CM123437.1	583	50	107	156	30206447	30206298	66.000	2.31e-11	73.2
Protobothrops_mucrosquamatus_C9A	CM123437.1	583	94	398	489	30193770	30193489	36.170	2.72e-09	66.2
Protobothrops_mucrosquamatus_C9A	CM123437.1	583	57	523	579	31127465	31127635	49.123	2.06e-08	63.5
Protobothrops_mucrosquamatus_C9A	CM123437.1	583	63	56	115	30210741	30210553	46.032	7.34e-08	61.6
Protobothrops_mucrosquamatus_C9A	CM123437.1	583	54	530	583	30187637	30187479	66.667	3.06e-06	56.6
Protobothrops_mucrosquamatus_C9A	CM123437.1	583	45	530	573	31164112	31163978	60.000	4.26e-06	56.2
Protobothrops_mucrosquamatus_C9A	CM123437.1	583	69	456	524	31125754	31125957	39.130	7.35e-06	55.5
Protobothrops_mucrosquamatus_C9A	CM123434.1	583	221	298	514	15142085	15141483	27.602	1.08e-10	70.9
Protobothrops_mucrosquamatus_C9A	CM123434.1	583	224	298	514	15152884	15152261	25.446	2.00e-09	67.0
Protobothrops_mucrosquamatus_C9A	CM123432.1	583	104	265	364	191830651	191830947	32.692	4.87e-09	65.5
Protobothrops_mucrosquamatus_C9A	CM123432.1	583	91	277	367	191913570	191913319	31.868	9.00e-09	64.7
Protobothrops_mucrosquamatus_C9A	CM123432.1	583	43	537	579	191888923	191888795	58.140	3.61e-07	59.7
Protobothrops_mucrosquamatus_C9A	CM123432.1	583	70	456	524	191891821	191891612	38.571	2.16e-06	57.0
Chrysopelea_ornata_C9A	CM123437.1	584	83	276	358	30196943	30196695	68.675	1.42e-29	130
Chrysopelea_ornata_C9A	CM123437.1	584	77	451	527	30190102	30189872	64.935	3.91e-23	110
Chrysopelea_ornata_C9A	CM123437.1	584	47	157	203	30204167	30204027	70.213	4.45e-14	82.0
Chrysopelea_ornata_C9A	CM123437.1	584	50	107	156	30206447	30206298	70.000	2.20e-12	76.6
Chrysopelea_ornata_C9A	CM123437.1	584	94	399	490	30193770	30193489	37.234	3.90e-10	69.3
Chrysopelea_ornata_C9A	CM123437.1	584	61	524	584	31127465	31127647	45.902	2.31e-08	63.5
Chrysopelea_ornata_C9A	CM123437.1	584	51	57	107	30210738	30210586	50.980	1.57e-06	57.4
Chrysopelea_ornata_C9A	CM123437.1	584	69	457	525	31125754	31125957	42.029	1.59e-06	57.4
Chrysopelea_ornata_C9A	CM123432.1	584	98	277	374	191913570	191913298	33.673	3.72e-09	65.9
Chrysopelea_ornata_C9A	CM123432.1	584	103	266	364	191830654	191830947	31.068	4.11e-07	59.3
Chrysopelea_ornata_C9A	CM123432.1	584	83	449	530	191891845	191891597	34.940	1.97e-06	57.0
Chrysopelea_ornata_C9A	CM123434.1	584	224	298	515	15152884	15152261	26.786	4.60e-09	65.9
Chrysopelea_ornata_C9A	CM123434.1	584	221	298	515	15142085	15141483	25.792	1.20e-07	61.2
Pituophis_catenifer_C9A	CM123437.1	583	82	277	358	30196940	30196695	69.512	2.78e-29	129
Pituophis_catenifer_C9A	CM123437.1	583	77	450	526	30190102	30189872	62.338	3.04e-22	107
Pituophis_catenifer_C9A	CM123437.1	583	60	144	203	30204206	30204027	56.667	4.79e-13	78.6
Pituophis_catenifer_C9A	CM123437.1	583	50	107	156	30206447	30206298	70.000	4.34e-12	75.5
Pituophis_catenifer_C9A	CM123437.1	583	88	404	489	30193752	30193489	38.636	1.21e-09	67.4
Pituophis_catenifer_C9A	CM123437.1	583	61	523	583	31127465	31127647	45.902	6.73e-09	65.1
Pituophis_catenifer_C9A	CM123437.1	583	63	56	115	30210741	30210553	49.206	6.91e-09	65.1
Pituophis_catenifer_C9A	CM123437.1	583	45	530	573	31164112	31163978	55.556	2.10e-06	57.0
Pituophis_catenifer_C9A	CM123437.1	583	33	27	59	30215499	30215401	60.606	5.65e-06	55.5
Pituophis_catenifer_C9A	CM123434.1	583	228	294	516	15152896	15152255	24.123	8.97e-10	68.2
Pituophis_catenifer_C9A	CM123434.1	583	227	298	522	15142085	15141459	26.432	3.87e-08	62.8
Pituophis_catenifer_C9A	CM123432.1	583	83	448	529	191891845	191891597	37.349	5.13e-08	62.4
Pituophis_catenifer_C9A	CM123432.1	583	94	277	370	191913570	191913310	31.915	4.43e-07	59.3
Pituophis_catenifer_C9A	CM123432.1	583	85	266	350	191830654	191830893	34.118	1.56e-06	57.4
Pituophis_catenifer_C9A	CM123432.1	583	45	539	583	191888917	191888783	53.333	3.09e-06	56.6
Pantherophis_obsoletus_C9A	CM123437.1	583	83	276	358	30196943	30196695	73.494	8.19e-33	140
Pantherophis_obsoletus_C9A	CM123437.1	583	77	450	526	30190102	30189872	62.338	2.78e-22	108
Pantherophis_obsoletus_C9A	CM123437.1	583	47	157	203	30204167	30204027	68.085	2.58e-13	79.3
Pantherophis_obsoletus_C9A	CM123437.1	583	50	107	156	30206447	30206298	68.000	1.68e-11	73.6
Pantherophis_obsoletus_C9A	CM123437.1	583	94	398	489	30193770	30193489	34.043	3.18e-09	66.2
Pantherophis_obsoletus_C9A	CM123437.1	583	63	56	115	30210741	30210553	49.206	3.23e-09	66.2
Pantherophis_obsoletus_C9A	CM123437.1	583	61	523	583	31127465	31127647	45.902	9.08e-09	64.7
Pantherophis_obsoletus_C9A	CM123437.1	583	33	27	59	30215499	30215401	63.636	4.30e-06	55.8
Pantherophis_obsoletus_C9A	CM123434.1	583	224	298	516	15152884	15152255	24.554	1.14e-09	67.8
Pantherophis_obsoletus_C9A	CM123434.1	583	231	298	522	15142085	15141459	26.407	1.59e-08	63.9
Pantherophis_obsoletus_C9A	CM123432.1	583	94	277	370	191913570	191913310	32.979	1.57e-08	63.9
Pantherophis_obsoletus_C9A	CM123432.1	583	83	448	529	191891845	191891597	37.349	4.91e-08	62.4
Pantherophis_obsoletus_C9A	CM123432.1	583	79	277	355	191830672	191830908	32.911	3.52e-07	59.7
Pantherophis_obsoletus_C9A	CM123432.1	583	47	537	583	191888923	191888783	51.064	3.17e-06	56.6
Bothrops_jararaca_C9A	CM123437.1	583	79	276	354	30196943	30196707	75.949	2.38e-31	136
Bothrops_jararaca_C9A	CM123437.1	583	77	450	526	30190102	30189872	64.935	4.47e-24	113
Bothrops_jararaca_C9A	CM123437.1	583	60	144	203	30204206	30204027	60.000	4.11e-15	85.1
Bothrops_jararaca_C9A	CM123437.1	583	50	107	156	30206447	30206298	72.000	1.12e-12	77.4
Bothrops_jararaca_C9A	CM123437.1	583	63	56	115	30210741	30210553	47.619	2.52e-09	66.6
Bothrops_jararaca_C9A	CM123437.1	583	94	398	489	30193770	30193489	34.043	8.48e-09	64.7
Bothrops_jararaca_C9A	CM123437.1	583	57	523	579	31127465	31127635	49.123	2.92e-08	63.2
Bothrops_jararaca_C9A	CM123432.1	583	104	265	364	191830651	191830947	33.654	3.10e-09	66.2
Bothrops_jararaca_C9A	CM123432.1	583	117	274	390	191913579	191913250	27.350	1.13e-08	64.3
Bothrops_jararaca_C9A	CM123432.1	583	70	456	524	191891821	191891612	38.571	1.33e-06	57.8
Bothrops_jararaca_C9A	CM123432.1	583	41	539	579	191888917	191888795	56.098	3.25e-06	56.6
Bothrops_jararaca_C9A	CM123434.1	583	224	298	514	15152884	15152261	24.107	6.91e-09	65.1
Bothrops_jararaca_C9A	CM123434.1	583	222	298	514	15142085	15141483	27.477	1.45e-08	63.9
Ptyas_mucosa_C9A	CM123437.1	583	82	277	358	30196940	30196695	71.951	7.73e-31	134
Ptyas_mucosa_C9A	CM123437.1	583	77	450	526	30190102	30189872	62.338	8.65e-23	109
Ptyas_mucosa_C9A	CM123437.1	583	47	157	203	30204167	30204027	68.085	2.58e-13	79.3
Ptyas_mucosa_C9A	CM123437.1	583	50	107	156	30206447	30206298	72.000	9.85e-13	77.4
Ptyas_mucosa_C9A	CM123437.1	583	66	56	118	30210741	30210544	46.970	1.81e-09	67.0
Ptyas_mucosa_C9A	CM123437.1	583	94	398	489	30193770	30193489	35.106	3.61e-09	65.9
Ptyas_mucosa_C9A	CM123437.1	583	61	523	583	31127465	31127647	44.262	5.68e-08	62.0
Ptyas_mucosa_C9A	CM123437.1	583	33	27	59	30215499	30215401	63.636	1.82e-06	57.4
Ptyas_mucosa_C9A	CM123437.1	583	79	456	534	31125754	31125981	40.506	1.95e-06	57.0
Ptyas_mucosa_C9A	CM123434.1	583	224	298	514	15142085	15141483	28.125	1.38e-10	70.5
Ptyas_mucosa_C9A	CM123434.1	583	225	298	514	15152884	15152261	25.778	3.04e-09	66.2
Ptyas_mucosa_C9A	CM123432.1	583	117	274	390	191913579	191913250	29.060	5.04e-09	65.5
Ptyas_mucosa_C9A	CM123432.1	583	90	266	355	191830654	191830908	32.222	2.01e-07	60.5
Ptyas_mucosa_C9A	CM123432.1	583	83	448	529	191891845	191891597	36.145	4.28e-07	59.3
Ptyas_mucosa_C9A	CM123432.1	583	41	539	579	191888917	191888795	58.537	1.48e-06	57.4
Vipera_berus_C9A	CM123437.1	583	80	275	354	30196946	30196707	70.000	1.75e-29	130
Vipera_berus_C9A	CM123437.1	583	77	450	526	30190102	30189872	62.338	4.55e-23	110
Vipera_berus_C9A	CM123437.1	583	60	144	203	30204206	30204027	61.667	2.94e-15	85.9
Vipera_berus_C9A	CM123437.1	583	50	107	156	30206447	30206298	70.000	1.99e-12	76.6
Vipera_berus_C9A	CM123437.1	583	94	398	489	30193770	30193489	36.170	3.42e-10	69.3
Vipera_berus_C9A	CM123437.1	583	66	56	118	30210741	30210544	46.970	5.87e-09	65.5
Vipera_berus_C9A	CM123437.1	583	57	523	579	31127465	31127635	47.368	2.64e-08	63.2
Vipera_berus_C9A	CM123437.1	583	82	274	355	31221655	31221410	32.927	4.80e-06	55.8
Vipera_berus_C9A	CM123437.1	583	69	456	524	31125754	31125957	39.130	6.70e-06	55.5
Vipera_berus_C9A	CM123434.1	583	227	298	514	15152884	15152261	27.753	1.47e-10	70.5
Vipera_berus_C9A	CM123434.1	583	222	298	514	15142085	15141483	27.027	1.44e-08	63.9
Vipera_berus_C9A	CM123432.1	583	197	215	390	191913810	191913250	25.888	3.02e-09	66.2
Vipera_berus_C9A	CM123432.1	583	103	266	364	191830654	191830947	33.010	2.50e-08	63.2
Vipera_berus_C9A	CM123432.1	583	70	456	524	191891821	191891612	38.571	1.87e-06	57.4
Vipera_berus_C9A	CM123432.1	583	43	537	579	191888923	191888795	53.488	2.98e-06	56.6
Sceloporus_undulatus_C9A	CM123437.1	591	82	277	358	30196952	30196707	69.512	2.41e-29	130
Sceloporus_undulatus_C9A	CM123437.1	591	82	450	531	30190114	30189869	64.634	6.75e-26	119
Sceloporus_undulatus_C9A	CM123437.1	591	63	56	114	30210741	30210553	61.905	9.59e-15	84.0
Sceloporus_undulatus_C9A	CM123437.1	591	102	407	506	30193755	30193450	44.118	2.34e-14	82.8
Sceloporus_undulatus_C9A	CM123437.1	591	60	143	202	30204206	30204027	56.667	2.29e-12	76.3
Sceloporus_undulatus_C9A	CM123437.1	591	50	106	155	30206447	30206298	74.000	4.48e-12	75.5
Sceloporus_undulatus_C9A	CM123437.1	591	51	541	591	31127507	31127659	56.863	1.12e-10	70.9
Sceloporus_undulatus_C9A	CM123437.1	591	77	201	277	30201053	30200826	46.753	2.17e-08	63.5
Sceloporus_undulatus_C9A	CM123437.1	591	45	534	577	31164112	31163978	62.222	6.82e-07	58.5
Sceloporus_undulatus_C9A	CM123437.1	591	79	281	359	31221646	31221410	34.177	1.72e-06	57.4
Sceloporus_undulatus_C9A	CM123437.1	591	73	456	528	31125742	31125957	38.356	4.18e-06	56.2
Sceloporus_undulatus_C9A	CM123437.1	591	31	29	59	30215493	30215401	67.742	8.91e-06	55.1
Sceloporus_undulatus_C9A	CM123432.1	591	91	269	359	191830651	191830908	36.264	6.56e-09	65.1
Sceloporus_undulatus_C9A	CM123432.1	591	78	452	528	191891845	191891612	37.179	5.72e-08	62.0
Sceloporus_undulatus_C9A	CM123432.1	591	55	530	584	191848642	191848797	49.091	9.84e-07	58.2
Sceloporus_undulatus_C9A	CM123432.1	591	92	280	371	191913573	191913319	31.522	1.47e-06	57.8
Sceloporus_undulatus_C9A	CM123432.1	591	47	541	587	191888923	191888783	53.191	3.47e-06	56.2
Sceloporus_undulatus_C9A	CM123434.1	591	208	302	504	15142085	15141522	27.404	2.18e-07	60.5
Sceloporus_undulatus_C9A	CM123434.1	591	222	302	518	15152884	15152261	22.072	2.99e-07	59.7
Anolis_carolinensis_C9B	CM123437.1	538	81	277	357	30196952	30196710	71.605	1.73e-29	129
Anolis_carolinensis_C9B	CM123437.1	538	86	450	535	30190114	30189857	63.953	6.68e-27	121
Anolis_carolinensis_C9B	CM123437.1	538	47	156	202	30204167	30204027	76.596	3.71e-15	85.1
Anolis_carolinensis_C9B	CM123437.1	538	63	56	114	30210741	30210553	61.905	1.35e-14	83.2
Anolis_carolinensis_C9B	CM123437.1	538	110	399	506	30193779	30193450	40.000	1.02e-13	80.5
Anolis_carolinensis_C9B	CM123437.1	538	50	106	155	30206447	30206298	76.000	1.44e-13	80.1
Anolis_carolinensis_C9B	CM123437.1	538	94	184	277	30201092	30200826	39.362	5.91e-09	65.1
Anolis_carolinensis_C9B	CM123437.1	538	77	456	532	31125742	31125969	38.961	1.59e-07	60.5
Anolis_carolinensis_C9B	CM123437.1	538	79	281	359	31221646	31221410	34.177	1.14e-06	57.8
Anolis_carolinensis_C9B	CM123432.1	538	88	269	356	191830651	191830899	39.773	8.67e-11	70.9
Anolis_carolinensis_C9B	CM123432.1	538	112	281	392	191913570	191913244	34.821	4.21e-10	68.9
Anolis_carolinensis_C9B	CM123434.1	538	217	310	518	15152860	15152261	23.502	2.68e-07	59.7
Hydrophis_cyanocinctus_C9B	CM123437.1	582	83	275	357	30196943	30196695	69.880	3.75e-31	135
Hydrophis_cyanocinctus_C9B	CM123437.1	582	76	449	524	30190102	30189875	60.526	5.84e-21	103
Hydrophis_cyanocinctus_C9B	CM123437.1	582	47	156	202	30204167	30204027	68.085	2.13e-13	79.7
Hydrophis_cyanocinctus_C9B	CM123437.1	582	50	106	155	30206447	30206298	72.000	7.58e-13	77.8
Hydrophis_cyanocinctus_C9B	CM123437.1	582	63	55	114	30210741	30210553	49.206	4.94e-09	65.5
Hydrophis_cyanocinctus_C9B	CM123437.1	582	125	396	509	30193773	30193405	31.200	1.46e-08	63.9
Hydrophis_cyanocinctus_C9B	CM123437.1	582	61	522	582	31127465	31127647	44.262	8.03e-08	61.6
Hydrophis_cyanocinctus_C9B	CM123437.1	582	69	455	523	31125754	31125957	40.580	1.44e-06	57.4
Hydrophis_cyanocinctus_C9B	CM123434.1	582	222	297	514	15142085	15141480	27.027	5.45e-10	68.6
Hydrophis_cyanocinctus_C9B	CM123434.1	582	226	297	513	15152884	15152261	25.221	3.92e-08	62.8
Hydrophis_cyanocinctus_C9B	CM123432.1	582	91	276	366	191913570	191913319	29.670	5.28e-07	58.9
Hydrophis_cyanocinctus_C9B	CM123432.1	582	90	265	354	191830654	191830908	31.111	1.12e-06	57.8
Hydrophis_cyanocinctus_C9B	CM123432.1	582	82	447	527	191891845	191891600	35.366	1.18e-06	57.8
Bothrops_jararaca_C9B	CM123437.1	583	79	276	354	30196943	30196707	75.949	2.77e-31	135
Bothrops_jararaca_C9B	CM123437.1	583	77	450	526	30190102	30189872	64.935	4.67e-24	113
Bothrops_jararaca_C9B	CM123437.1	583	60	144	203	30204206	30204027	61.667	1.69e-15	86.7
Bothrops_jararaca_C9B	CM123437.1	583	50	107	156	30206447	30206298	70.000	2.21e-12	76.3
Bothrops_jararaca_C9B	CM123437.1	583	94	398	489	30193770	30193489	37.234	3.22e-10	69.3
Bothrops_jararaca_C9B	CM123437.1	583	66	56	118	30210741	30210544	45.455	1.02e-08	64.7
Bothrops_jararaca_C9B	CM123437.1	583	57	523	579	31127465	31127635	47.368	1.51e-07	60.8
Bothrops_jararaca_C9B	CM123434.1	583	221	298	514	15142085	15141483	26.697	1.99e-09	67.0
Bothrops_jararaca_C9B	CM123434.1	583	224	298	514	15152884	15152261	25.000	3.71e-08	62.8
Bothrops_jararaca_C9B	CM123432.1	583	104	265	364	191830651	191830947	33.654	4.32e-09	65.9
Bothrops_jararaca_C9B	CM123432.1	583	117	274	390	191913579	191913250	27.350	1.03e-08	64.7
Bothrops_jararaca_C9B	CM123432.1	583	43	537	579	191888923	191888795	53.488	9.78e-07	58.2
Bothrops_jararaca_C9B	CM123432.1	583	70	456	524	191891821	191891612	38.571	1.50e-06	57.4
Laticauda_colubrina_C9B	CM123437.1	583	79	276	354	30196943	30196707	72.152	9.77e-31	134
Laticauda_colubrina_C9B	CM123437.1	583	95	432	526	30190117	30189872	52.632	1.99e-21	105
Laticauda_colubrina_C9B	CM123437.1	583	46	157	202	30204167	30204030	69.565	7.42e-14	81.3
Laticauda_colubrina_C9B	CM123437.1	583	50	107	156	30206447	30206298	70.000	2.30e-12	76.3
Laticauda_colubrina_C9B	CM123437.1	583	63	56	115	30210741	30210553	49.206	8.19e-09	64.7
Laticauda_colubrina_C9B	CM123437.1	583	95	397	489	30193773	30193489	31.579	4.99e-07	58.9
Laticauda_colubrina_C9B	CM123437.1	583	61	523	583	31127465	31127647	40.984	9.37e-07	58.2
Laticauda_colubrina_C9B	CM123437.1	583	70	456	524	31125754	31125957	42.857	2.27e-06	57.0
Laticauda_colubrina_C9B	CM123437.1	583	39	27	65	30215499	30215383	56.410	3.51e-06	56.2
Laticauda_colubrina_C9B	CM123437.1	583	79	277	355	31221646	31221410	32.911	3.69e-06	56.2
Laticauda_colubrina_C9B	CM123434.1	583	220	298	515	15142085	15141480	27.273	2.27e-10	70.1
Laticauda_colubrina_C9B	CM123434.1	583	224	298	514	15152884	15152261	24.107	8.46e-07	58.2
Laticauda_colubrina_C9B	CM123432.1	583	98	277	374	191913570	191913298	30.612	2.82e-08	63.2
Laticauda_colubrina_C9B	CM123432.1	583	95	274	364	191830663	191830947	30.526	7.53e-08	61.6
Laticauda_colubrina_C9B	CM123432.1	583	78	448	524	191891845	191891612	37.179	2.09e-06	57.0
Pseudonaja_textilis_C9B	CM123437.1	583	83	276	358	30196943	30196695	73.494	2.25e-32	139
Pseudonaja_textilis_C9B	CM123437.1	583	77	450	526	30190102	30189872	62.338	6.24e-22	107
Pseudonaja_textilis_C9B	CM123437.1	583	47	157	203	30204167	30204027	68.085	2.35e-13	79.7
Pseudonaja_textilis_C9B	CM123437.1	583	50	107	156	30206447	30206298	70.000	2.02e-12	76.6
Pseudonaja_textilis_C9B	CM123437.1	583	66	56	118	30210741	30210544	46.970	3.07e-09	66.2
Pseudonaja_textilis_C9B	CM123437.1	583	61	523	583	31127465	31127647	45.902	6.34e-09	65.1
Pseudonaja_textilis_C9B	CM123437.1	583	73	452	524	31125742	31125957	41.096	1.33e-07	60.8
Pseudonaja_textilis_C9B	CM123437.1	583	94	398	489	30193770	30193489	32.979	2.24e-07	60.1
Pseudonaja_textilis_C9B	CM123437.1	583	39	27	65	30215499	30215383	53.846	5.94e-06	55.5
Pseudonaja_textilis_C9B	CM123434.1	583	222	298	515	15142085	15141480	26.577	2.34e-09	66.6
Pseudonaja_textilis_C9B	CM123434.1	583	223	298	514	15152884	15152261	25.561	5.97e-09	65.5
Pseudonaja_textilis_C9B	CM123432.1	583	98	277	374	191913570	191913298	29.592	1.01e-07	61.2
Pseudonaja_textilis_C9B	CM123432.1	583	78	448	524	191891845	191891612	38.462	2.36e-07	60.1
Pseudonaja_textilis_C9B	CM123432.1	583	89	266	354	191830654	191830905	31.461	4.28e-07	59.3
Pseudonaja_textilis_C9B	CM123432.1	583	47	537	583	191888923	191888783	46.809	7.74e-06	55.1
Notechis_scutatus_C9B	CM123437.1	583	83	276	358	30196943	30196695	72.289	4.81e-32	138
Notechis_scutatus_C9B	CM123437.1	583	77	450	526	30190102	30189872	61.039	7.91e-22	106
Notechis_scutatus_C9B	CM123437.1	583	47	157	203	30204167	30204027	68.085	1.68e-13	80.1
Notechis_scutatus_C9B	CM123437.1	583	50	107	156	30206447	30206298	72.000	7.42e-13	77.8
Notechis_scutatus_C9B	CM123437.1	583	66	56	118	30210741	30210544	46.970	4.25e-09	65.9
Notechis_scutatus_C9B	CM123437.1	583	125	397	510	30193773	30193405	30.400	7.09e-08	62.0
Notechis_scutatus_C9B	CM123437.1	583	61	523	583	31127465	31127647	44.262	1.08e-07	61.2
Notechis_scutatus_C9B	CM123437.1	583	69	456	524	31125754	31125957	40.580	7.02e-07	58.5
Notechis_scutatus_C9B	CM123437.1	583	39	27	65	30215499	30215383	56.410	2.21e-06	57.0
Notechis_scutatus_C9B	CM123434.1	583	222	298	515	15142085	15141480	27.928	3.92e-11	72.4
Notechis_scutatus_C9B	CM123434.1	583	226	298	514	15152884	15152261	25.664	2.18e-09	66.6
Notechis_scutatus_C9B	CM123432.1	583	70	456	524	191891821	191891612	41.429	5.48e-07	58.9
Notechis_scutatus_C9B	CM123432.1	583	91	277	367	191913570	191913319	28.571	9.53e-07	58.2
Notechis_scutatus_C9B	CM123432.1	583	82	274	355	191830663	191830908	30.488	1.40e-06	57.8
Pituophis_catenifer_C9B	CM123437.1	583	77	277	353	30196940	30196710	72.727	3.24e-29	129
Pituophis_catenifer_C9B	CM123437.1	583	77	450	526	30190102	30189872	66.234	2.41e-24	114
Pituophis_catenifer_C9B	CM123437.1	583	50	107	156	30206447	30206298	74.000	6.41e-14	81.3
Pituophis_catenifer_C9B	CM123437.1	583	47	157	203	30204167	30204027	68.085	6.69e-14	81.3
Pituophis_catenifer_C9B	CM123437.1	583	88	404	489	30193752	30193489	35.227	5.63e-08	62.0
Pituophis_catenifer_C9B	CM123437.1	583	84	452	535	31125742	31125984	40.476	5.12e-07	58.9
Pituophis_catenifer_C9B	CM123437.1	583	65	57	118	30210738	30210544	43.077	7.20e-07	58.5
Pituophis_catenifer_C9B	CM123434.1	583	228	294	514	15152896	15152261	25.000	3.58e-09	65.9
Pituophis_catenifer_C9B	CM123434.1	583	222	298	514	15142085	15141483	25.225	4.43e-09	65.9
Pituophis_catenifer_C9B	CM123432.1	583	75	456	529	191891821	191891597	41.333	6.03e-08	62.0
Pituophis_catenifer_C9B	CM123432.1	583	94	277	370	191913570	191913310	31.915	5.87e-07	58.9
Pituophis_catenifer_C9B	CM123432.1	583	85	266	350	191830654	191830893	34.118	1.50e-06	57.4
Pituophis_catenifer_C9B	CM123432.1	583	39	537	575	191888923	191888807	61.538	4.80e-06	55.8
Pantherophis_obsoletus_C9B	CM123437.1	583	83	276	358	30196943	30196695	69.880	9.59e-31	134
Pantherophis_obsoletus_C9B	CM123437.1	583	78	450	527	30190102	30189869	64.103	7.14e-24	113
Pantherophis_obsoletus_C9B	CM123437.1	583	50	107	156	30206447	30206298	74.000	7.68e-14	81.3
Pantherophis_obsoletus_C9B	CM123437.1	583	47	157	203	30204167	30204027	68.085	8.02e-14	81.3
Pantherophis_obsoletus_C9B	CM123437.1	583	90	402	489	30193758	30193489	37.778	5.63e-09	65.5
Pantherophis_obsoletus_C9B	CM123437.1	583	66	56	118	30210741	30210544	45.455	1.22e-07	61.2
Pantherophis_obsoletus_C9B	CM123437.1	583	37	25	61	30215505	30215395	56.757	6.47e-06	55.5
Pantherophis_obsoletus_C9B	CM123434.1	583	219	298	514	15142085	15141483	25.571	5.26e-09	65.5
Pantherophis_obsoletus_C9B	CM123434.1	583	222	298	514	15152884	15152261	22.072	1.28e-08	64.3
Pantherophis_obsoletus_C9B	CM123432.1	583	97	274	370	191913579	191913310	32.990	4.00e-08	62.8
Pantherophis_obsoletus_C9B	CM123432.1	583	82	274	355	191830663	191830908	32.927	9.08e-08	61.6
Pantherophis_obsoletus_C9B	CM123432.1	583	70	456	524	191891821	191891612	38.571	2.83e-06	56.6
Pantherophis_obsoletus_C9B	CM123432.1	583	39	537	575	191888923	191888807	61.538	3.82e-06	56.2
Crotalus_tigris_C9B	CM123437.1	583	75	276	350	30196943	30196719	69.333	1.88e-27	124
Crotalus_tigris_C9B	CM123437.1	583	78	450	527	30190102	30189869	64.103	3.28e-24	114
Crotalus_tigris_C9B	CM123437.1	583	60	144	203	30204206	30204027	61.667	7.02e-15	84.3
Crotalus_tigris_C9B	CM123437.1	583	50	107	156	30206447	30206298	76.000	4.39e-14	82.0
Crotalus_tigris_C9B	CM123437.1	583	96	396	489	30193776	30193489	38.542	3.79e-10	69.3
Crotalus_tigris_C9B	CM123437.1	583	66	56	118	30210741	30210544	45.455	6.35e-08	62.0
Crotalus_tigris_C9B	CM123437.1	583	73	452	524	31125742	31125957	38.356	5.89e-06	55.5
Crotalus_tigris_C9B	CM123434.1	583	226	294	514	15152896	15152261	26.106	2.86e-11	72.8
Crotalus_tigris_C9B	CM123434.1	583	219	298	514	15142085	15141483	26.484	1.50e-09	67.4
Crotalus_tigris_C9B	CM123432.1	583	98	277	374	191913570	191913298	32.653	1.54e-07	60.8
Crotalus_tigris_C9B	CM123432.1	583	104	265	364	191830651	191830947	31.731	3.07e-07	59.7
Crotalus_tigris_C9B	CM123432.1	583	45	535	579	191888929	191888795	55.556	4.32e-07	59.3
Crotalus_tigris_C9B	CM123432.1	583	70	456	524	191891821	191891612	38.571	5.37e-06	55.8
Ptyas_mucosa_C9B	CM123437.1	583	77	277	353	30196940	30196710	72.727	3.33e-29	129
Ptyas_mucosa_C9B	CM123437.1	583	82	446	527	30190114	30189869	60.976	5.28e-23	110
Ptyas_mucosa_C9B	CM123437.1	583	47	157	203	30204167	30204027	68.085	5.08e-14	81.6
Ptyas_mucosa_C9B	CM123437.1	583	50	107	156	30206447	30206298	74.000	1.05e-13	80.9
Ptyas_mucosa_C9B	CM123437.1	583	90	402	489	30193758	30193489	38.889	3.90e-09	65.9
Ptyas_mucosa_C9B	CM123437.1	583	62	57	115	30210738	30210553	46.774	1.03e-07	61.2
Ptyas_mucosa_C9B	CM123437.1	583	57	523	579	31127465	31127635	45.614	2.47e-06	57.0
Ptyas_mucosa_C9B	CM123434.1	583	226	294	514	15152896	15152261	23.894	1.40e-08	63.9
Ptyas_mucosa_C9B	CM123434.1	583	219	298	514	15142085	15141483	24.201	1.14e-06	57.8
Ptyas_mucosa_C9B	CM123432.1	583	99	277	375	191913570	191913295	31.313	4.07e-08	62.8
Ptyas_mucosa_C9B	CM123432.1	583	86	265	350	191830651	191830893	33.721	6.50e-07	58.5
Ptyas_mucosa_C9B	CM123432.1	583	43	537	579	191888923	191888795	53.488	4.93e-06	55.8
