# Xantusia_vigilis_copy1 subject=CM123437.1 region_offset=30172472 (add to sstart/send)
Lacerta_agilis_C9A	region	589	86	275	360	24481	24224	83.721	8.87e-44	160
Lacerta_agilis_C9A	region	589	86	448	533	17643	17386	70.930	1.87e-35	134
Lacerta_agilis_C9A	region	589	55	100	154	33991	33827	80.000	6.23e-24	98.6
Lacerta_agilis_C9A	region	589	47	155	201	31696	31556	91.489	9.62e-24	98.2
Lacerta_agilis_C9A	region	589	66	55	116	38270	38073	60.606	5.58e-20	85.9
Lacerta_agilis_C9A	region	589	55	404	458	21287	21123	76.364	6.35e-20	85.9
Lacerta_agilis_C9A	region	589	84	192	275	28606	28355	45.238	6.61e-19	82.8
Lacerta_agilis_C9A	region	589	55	535	589	15157	14996	72.727	1.37e-12	62.0
Lacerta_agilis_C9A	region	589	42	356	397	23032	22907	57.143	6.18e-10	53.5
Lacerta_agilis_C9A	region	589	31	29	58	43022	42930	64.516	2.78e-08	48.1
Lacerta_agilis_C9A	region	589	26	1	26	48942	48865	53.846	0.003	32.0
Zootoca_vivipara_C9A	region	589	86	275	360	24481	24224	83.721	1.19e-43	159
Zootoca_vivipara_C9A	region	589	86	448	533	17643	17386	69.767	8.70e-35	132
Zootoca_vivipara_C9A	region	589	47	155	201	31696	31556	91.489	1.14e-23	97.8
Zootoca_vivipara_C9A	region	589	55	100	154	33991	33827	78.182	1.15e-23	97.8
Zootoca_vivipara_C9A	region	589	66	55	116	38270	38073	63.636	1.42e-20	87.8
Zootoca_vivipara_C9A	region	589	55	404	458	21287	21123	72.727	1.12e-18	82.0
Zootoca_vivipara_C9A	region	589	75	201	275	28579	28355	52.000	2.38e-18	80.9
Zootoca_vivipara_C9A	region	589	43	356	398	23032	22904	60.465	1.41e-11	58.9
Zootoca_vivipara_C9A	region	589	55	535	589	15157	14996	70.909	1.85e-11	58.5
Zootoca_vivipara_C9A	region	589	24	35	58	43001	42930	75.000	4.56e-08	47.4
Zootoca_vivipara_C9A	region	589	26	1	26	48942	48865	53.846	0.001	32.7
Podarcis_muralis_C9A	region	589	86	275	360	24481	24224	84.884	1.23e-44	162
Podarcis_muralis_C9A	region	589	80	448	527	17643	17404	72.500	1.78e-34	131
Podarcis_muralis_C9A	region	589	55	100	154	33991	33827	80.000	6.45e-24	98.6
Podarcis_muralis_C9A	region	589	47	155	201	31696	31556	91.489	1.06e-23	97.8
Podarcis_muralis_C9A	region	589	59	400	458	21299	21123	66.102	9.77e-20	85.1
Podarcis_muralis_C9A	region	589	63	55	113	38270	38082	61.905	2.56e-19	84.0
Podarcis_muralis_C9A	region	589	84	192	275	28606	28355	42.857	7.82e-17	75.9
Podarcis_muralis_C9A	region	589	55	535	589	15157	14996	72.727	1.40e-12	62.0
Podarcis_muralis_C9A	region	589	42	356	397	23032	22907	61.905	2.86e-11	57.8
Podarcis_muralis_C9A	region	589	31	29	58	43022	42930	64.516	3.53e-08	47.8
Podarcis_muralis_C9A	region	589	26	1	26	48942	48865	50.000	0.002	32.3
Podarcis_muralis_C9A	region	589	45	473	517	35772	35638	28.889	0.84	23.5
Anolis_carolinensis_C9A	region	591	82	277	358	24481	24236	70.732	8.82e-35	132
Anolis_carolinensis_C9A	region	591	82	450	531	17643	17398	64.634	1.84e-30	119
Anolis_carolinensis_C9A	region	591	47	156	202	31696	31556	80.851	3.69e-21	89.7
Anolis_carolinensis_C9A	region	591	63	56	114	38270	38082	65.079	9.78e-20	85.1
Anolis_carolinensis_C9A	region	591	50	106	155	33976	33827	74.000	9.00e-18	79.0
Anolis_carolinensis_C9A	region	591	94	407	500	21284	21009	40.426	2.24e-15	71.2
Anolis_carolinensis_C9A	region	591	94	184	277	28621	28355	40.426	2.84e-13	64.3
Anolis_carolinensis_C9A	region	591	33	29	61	43022	42924	66.667	8.41e-11	56.2
Anolis_carolinensis_C9A	region	591	54	534	587	15166	15008	55.556	3.40e-07	44.7
Anolis_carolinensis_C9A	region	591	42	358	399	23032	22907	30.952	0.005	31.2
Pogona_vitticeps_C9A	region	576	122	256	371	24487	24137	52.459	3.04e-33	127
Pogona_vitticeps_C9A	region	576	88	431	518	17643	17386	62.500	6.71e-30	117
Pogona_vitticeps_C9A	region	576	67	143	209	31735	31535	64.179	3.97e-22	92.8
Pogona_vitticeps_C9A	region	576	66	56	117	38270	38073	56.061	9.47e-18	79.0
Pogona_vitticeps_C9A	region	576	50	106	155	33976	33827	72.000	9.63e-18	79.0
Pogona_vitticeps_C9A	region	576	103	387	487	21287	20979	39.806	2.16e-17	77.8
Pogona_vitticeps_C9A	region	576	43	19	61	43040	42924	60.465	8.43e-12	59.7
Pogona_vitticeps_C9A	region	576	53	521	573	15157	15002	69.811	2.45e-11	58.2
Pogona_vitticeps_C9A	region	576	42	339	380	23032	22907	33.333	0.002	32.7
Pogona_vitticeps_C9A	region	576	53	2	48	38074	37934	33.962	0.90	23.5
Gekko_japonicus_C9A	region	582	115	288	402	24490	24146	53.913	2.85e-33	127
Gekko_japonicus_C9A	region	582	81	444	524	17643	17401	65.432	4.40e-29	114
Gekko_japonicus_C9A	region	582	45	173	217	31696	31562	75.556	1.93e-17	77.8
Gekko_japonicus_C9A	region	582	71	69	135	38270	38067	54.930	9.68e-17	75.5
Gekko_japonicus_C9A	region	582	51	122	172	33976	33827	64.706	8.53e-15	69.3
Gekko_japonicus_C9A	region	582	89	401	487	21284	21018	37.079	1.89e-14	68.2
Gekko_japonicus_C9A	region	582	73	10	74	43142	42924	42.466	5.57e-10	53.5
Gekko_japonicus_C9A	region	582	53	529	581	15163	15008	58.491	4.07e-07	44.3
Gekko_japonicus_C9A	region	582	73	218	288	28582	28364	32.877	1.46e-06	42.4
Gekko_japonicus_C9A	region	582	14	372	385	23032	22991	78.571	0.057	27.3
Crotalus_tigris_C9A	region	583	75	276	350	24472	24248	69.333	4.05e-32	124
Crotalus_tigris_C9A	region	583	78	450	527	17631	17398	61.538	1.19e-27	110
Crotalus_tigris_C9A	region	583	60	144	203	31735	31556	61.667	1.64e-19	84.3
Crotalus_tigris_C9A	region	583	50	107	156	33976	33827	74.000	5.16e-18	79.7
Crotalus_tigris_C9A	region	583	96	396	489	21305	21018	38.542	1.42e-14	68.6
Crotalus_tigris_C9A	region	583	66	56	118	38270	38073	43.939	2.63e-12	61.2
Crotalus_tigris_C9A	region	583	54	530	583	15166	15008	61.111	3.19e-09	51.2
Crotalus_tigris_C9A	region	583	31	31	61	43016	42924	54.839	1.75e-08	48.9
Crotalus_tigris_C9A	region	583	45	471	515	35772	35638	31.111	0.24	25.4
Crotalus_tigris_C9A	region	583	42	355	396	23029	22904	30.952	0.39	24.6
Thamnophis_elegans_C9A	region	583	83	276	358	24472	24224	67.470	5.39e-34	130
Thamnophis_elegans_C9A	region	583	77	450	526	17631	17401	59.740	1.49e-25	103
Thamnophis_elegans_C9A	region	583	47	157	203	31696	31556	68.085	2.87e-17	77.4
Thamnophis_elegans_C9A	region	583	50	107	156	33976	33827	72.000	6.66e-17	76.3
Thamnophis_elegans_C9A	region	583	94	398	489	21299	21018	37.234	1.65e-14	68.6
Thamnophis_elegans_C9A	region	583	66	56	118	38270	38073	45.455	1.22e-13	65.5
Thamnophis_elegans_C9A	region	583	33	27	59	43028	42930	60.606	1.18e-10	55.8
Thamnophis_elegans_C9A	region	583	82	194	271	28606	28361	32.927	6.31e-08	47.0
Thamnophis_elegans_C9A	region	583	54	530	583	15166	15008	55.556	6.57e-07	43.5
Thamnophis_elegans_C9A	region	583	42	354	395	23032	22907	30.952	0.068	27.3
Naja_naja_C9A	region	582	78	276	353	24472	24239	70.513	1.02e-33	129
Naja_naja_C9A	region	582	78	449	526	17631	17398	62.821	1.14e-27	110
Naja_naja_C9A	region	582	50	107	156	33976	33827	76.000	9.30e-18	79.0
Naja_naja_C9A	region	582	47	157	203	31696	31556	65.957	3.90e-17	77.0
Naja_naja_C9A	region	582	88	403	488	21281	21018	40.909	1.32e-14	68.6
Naja_naja_C9A	region	582	66	56	118	38270	38073	43.939	9.19e-13	62.8
Naja_naja_C9A	region	582	55	528	582	15169	15008	60.000	3.58e-10	54.3
Naja_naja_C9A	region	582	35	27	61	43028	42924	51.429	3.27e-09	51.2
Naja_naja_C9A	region	582	84	194	273	28606	28355	33.333	7.98e-09	50.1
Pseudonaja_textilis_C9A	region	583	78	276	353	24472	24239	70.513	5.39e-34	130
Pseudonaja_textilis_C9A	region	583	78	450	527	17631	17398	65.385	1.39e-28	113
Pseudonaja_textilis_C9A	region	583	50	107	156	33976	33827	72.000	3.66e-17	77.0
Pseudonaja_textilis_C9A	region	583	47	157	203	31696	31556	65.957	3.82e-17	77.0
Pseudonaja_textilis_C9A	region	583	99	393	489	21314	21018	34.343	2.82e-13	64.3
Pseudonaja_textilis_C9A	region	583	63	56	115	38270	38082	47.619	1.10e-12	62.4
Pseudonaja_textilis_C9A	region	583	84	194	273	28606	28355	35.714	6.40e-10	53.5
Pseudonaja_textilis_C9A	region	583	55	529	583	15169	15008	60.000	6.79e-10	53.5
Pseudonaja_textilis_C9A	region	583	35	27	61	43028	42924	54.286	7.15e-10	53.1
Python_bivittatus_C9A	region	582	79	276	354	24472	24236	67.089	1.37e-32	125
Python_bivittatus_C9A	region	582	77	450	526	17631	17401	64.935	3.62e-29	115
Python_bivittatus_C9A	region	582	60	144	203	31735	31556	56.667	2.70e-18	80.5
Python_bivittatus_C9A	region	582	50	107	156	33976	33827	68.000	6.27e-16	72.8
Python_bivittatus_C9A	region	582	66	56	118	38270	38073	48.485	5.40e-14	66.6
Python_bivittatus_C9A	region	582	94	398	489	21299	21018	36.170	1.90e-13	65.1
Python_bivittatus_C9A	region	582	83	194	272	28606	28358	37.349	4.33e-11	57.4
Python_bivittatus_C9A	region	582	33	27	59	43028	42930	60.606	2.70e-10	54.7
Python_bivittatus_C9A	region	582	47	536	582	15145	15008	74.468	3.13e-09	51.2
Python_bivittatus_C9A	region	582	26	1	26	48942	48865	50.000	0.17	25.8
Python_bivittatus_C9A	region	582	42	354	395	23032	22907	30.952	0.36	25.0
Python_bivittatus_C9A	region	582	23	384	406	31335	31267	43.478	0.41	24.6
Python_bivittatus_C9A	region	582	47	469	515	35778	35638	25.532	0.43	24.6
Notechis_scutatus_C9A	region	583	78	276	353	24472	24239	70.513	5.84e-34	130
Notechis_scutatus_C9A	region	583	78	450	527	17631	17398	65.385	1.45e-28	113
Notechis_scutatus_C9A	region	583	50	107	156	33976	33827	74.000	1.72e-17	78.2
Notechis_scutatus_C9A	region	583	47	157	203	31696	31556	65.957	3.66e-17	77.0
Notechis_scutatus_C9A	region	583	99	393	489	21314	21018	34.343	1.12e-13	65.9
Notechis_scutatus_C9A	region	583	63	56	115	38270	38082	47.619	1.13e-12	62.4
Notechis_scutatus_C9A	region	583	35	27	61	43028	42924	54.286	6.97e-10	53.1
Notechis_scutatus_C9A	region	583	55	529	583	15169	15008	60.000	3.42e-09	51.2
Notechis_scutatus_C9A	region	583	84	194	273	28606	28355	33.333	5.99e-09	50.4
Notechis_scutatus_C9A	region	583	45	471	515	35772	35638	28.889	0.62	24.3
Hydrophis_cyanocinctus_C9A	region	583	78	276	353	24472	24239	70.513	7.37e-34	129
Hydrophis_cyanocinctus_C9A	region	583	78	450	527	17631	17398	65.385	2.05e-28	112
Hydrophis_cyanocinctus_C9A	region	583	50	107	156	33976	33827	74.000	1.81e-17	77.8
Hydrophis_cyanocinctus_C9A	region	583	47	157	203	31696	31556	68.085	1.97e-17	77.8
Hydrophis_cyanocinctus_C9A	region	583	63	56	115	38270	38082	47.619	1.20e-12	62.4
Hydrophis_cyanocinctus_C9A	region	583	88	404	489	21281	21018	35.227	2.59e-12	61.2
Hydrophis_cyanocinctus_C9A	region	583	33	27	59	43028	42930	57.576	7.21e-10	53.1
Hydrophis_cyanocinctus_C9A	region	583	55	529	583	15169	15008	60.000	3.82e-09	50.8
Hydrophis_cyanocinctus_C9A	region	583	84	194	273	28606	28355	33.333	4.34e-09	50.8
Hydrophis_cyanocinctus_C9A	region	583	45	471	515	35772	35638	28.889	0.69	23.9
Laticauda_colubrina_C9A	region	583	78	276	353	24472	24239	70.513	7.44e-34	129
Laticauda_colubrina_C9A	region	583	78	450	527	17631	17398	65.385	1.72e-28	113
Laticauda_colubrina_C9A	region	583	60	144	203	31735	31556	56.667	1.62e-17	78.2
Laticauda_colubrina_C9A	region	583	50	107	156	33976	33827	72.000	4.09e-17	76.6
Laticauda_colubrina_C9A	region	583	88	404	489	21281	21018	39.773	6.65e-14	66.2
Laticauda_colubrina_C9A	region	583	63	56	115	38270	38082	47.619	3.64e-12	60.8
Laticauda_colubrina_C9A	region	583	35	27	61	43028	42924	54.286	1.08e-09	52.8
Laticauda_colubrina_C9A	region	583	55	529	583	15169	15008	60.000	3.57e-09	50.8
Laticauda_colubrina_C9A	region	583	84	194	273	28606	28355	32.143	7.10e-09	50.1
Protobothrops_mucrosquamatus_C9A	region	583	79	276	354	24472	24236	75.949	1.73e-36	137
Protobothrops_mucrosquamatus_C9A	region	583	77	450	526	17631	17401	64.935	3.05e-28	112
Protobothrops_mucrosquamatus_C9A	region	583	60	144	203	31735	31556	60.000	1.11e-19	85.1
Protobothrops_mucrosquamatus_C9A	region	583	50	107	156	33976	33827	66.000	5.53e-16	73.2
Protobothrops_mucrosquamatus_C9A	region	583	94	398	489	21299	21018	36.170	6.54e-14	66.2
Protobothrops_mucrosquamatus_C9A	region	583	63	56	115	38270	38082	46.032	1.76e-12	61.6
Protobothrops_mucrosquamatus_C9A	region	583	54	530	583	15166	15008	66.667	7.37e-11	56.6
Protobothrops_mucrosquamatus_C9A	region	583	35	25	59	43034	42930	54.286	1.23e-09	52.4
Protobothrops_mucrosquamatus_C9A	region	583	74	203	272	28579	28358	35.135	1.61e-08	48.9
Protobothrops_mucrosquamatus_C9A	region	583	31	1	31	48942	48850	48.387	0.048	27.7
Protobothrops_mucrosquamatus_C9A	region	583	42	354	395	23032	22907	33.333	0.14	26.2
Protobothrops_mucrosquamatus_C9A	region	583	45	471	515	35772	35638	26.667	0.80	23.9
Chrysopelea_ornata_C9A	region	584	83	276	358	24472	24224	68.675	3.39e-34	130
Chrysopelea_ornata_C9A	region	584	77	451	527	17631	17401	64.935	9.32e-28	110
Chrysopelea_ornata_C9A	region	584	47	157	203	31696	31556	70.213	1.07e-18	82.0
Chrysopelea_ornata_C9A	region	584	50	107	156	33976	33827	70.000	5.26e-17	76.6
Chrysopelea_ornata_C9A	region	584	94	399	490	21299	21018	37.234	9.35e-15	69.3
Chrysopelea_ornata_C9A	region	584	51	57	107	38267	38115	50.980	3.77e-11	57.4
Chrysopelea_ornata_C9A	region	584	83	194	272	28606	28358	30.120	1.91e-09	52.0
Chrysopelea_ornata_C9A	region	584	37	27	61	43028	42918	54.054	2.24e-09	51.6
Chrysopelea_ornata_C9A	region	584	54	531	584	15166	15008	53.704	1.12e-06	42.7
Chrysopelea_ornata_C9A	region	584	47	354	391	23032	22892	36.170	0.14	26.2
Pituophis_catenifer_C9A	region	583	82	277	358	24469	24224	69.512	6.62e-34	129
Pituophis_catenifer_C9A	region	583	77	450	526	17631	17401	62.338	7.25e-27	107
Pituophis_catenifer_C9A	region	583	60	144	203	31735	31556	56.667	1.15e-17	78.6
Pituophis_catenifer_C9A	region	583	50	107	156	33976	33827	70.000	1.04e-16	75.5
Pituophis_catenifer_C9A	region	583	88	404	489	21281	21018	38.636	2.91e-14	67.4
Pituophis_catenifer_C9A	region	583	63	56	115	38270	38082	49.206	1.66e-13	65.1
Pituophis_catenifer_C9A	region	583	33	27	59	43028	42930	60.606	1.36e-10	55.5
Pituophis_catenifer_C9A	region	583	84	194	273	28606	28355	30.952	9.24e-09	49.7
Pituophis_catenifer_C9A	region	583	54	530	583	15166	15008	57.407	8.56e-08	46.6
Pituophis_catenifer_C9A	region	583	41	355	395	23029	22907	34.146	0.006	30.8
Pituophis_catenifer_C9A	region	583	45	471	515	35772	35638	28.889	0.79	23.9
Pantherophis_obsoletus_C9A	region	583	83	276	358	24472	24224	73.494	1.95e-37	140
Pantherophis_obsoletus_C9A	region	583	77	450	526	17631	17401	62.338	6.64e-27	108
Pantherophis_obsoletus_C9A	region	583	47	157	203	31696	31556	68.085	6.18e-18	79.3
Pantherophis_obsoletus_C9A	region	583	50	107	156	33976	33827	68.000	4.03e-16	73.6
Pantherophis_obsoletus_C9A	region	583	94	398	489	21299	21018	34.043	7.63e-14	66.2
Pantherophis_obsoletus_C9A	region	583	63	56	115	38270	38082	49.206	7.76e-14	66.2
Pantherophis_obsoletus_C9A	region	583	33	27	59	43028	42930	63.636	1.04e-10	55.8
Pantherophis_obsoletus_C9A	region	583	74	203	272	28579	28358	35.135	5.05e-09	50.4
Pantherophis_obsoletus_C9A	region	583	54	530	583	15166	15008	55.556	2.86e-07	44.7
Pantherophis_obsoletus_C9A	region	583	42	354	395	23032	22907	35.714	0.001	33.1
Pantherophis_obsoletus_C9A	region	583	45	471	515	35772	35638	28.889	0.83	23.5
Bothrops_jararaca_C9A	region	583	79	276	354	24472	24236	75.949	5.65e-36	136
Bothrops_jararaca_C9A	region	583	77	450	526	17631	17401	64.935	1.07e-28	113
Bothrops_jararaca_C9A	region	583	60	144	203	31735	31556	60.000	9.84e-20	85.1
Bothrops_jararaca_C9A	region	583	50	107	156	33976	33827	72.000	2.68e-17	77.4
Bothrops_jararaca_C9A	region	583	63	56	115	38270	38082	47.619	6.06e-14	66.6
Bothrops_jararaca_C9A	region	583	94	398	489	21299	21018	34.043	2.04e-13	64.7
Bothrops_jararaca_C9A	region	583	54	530	583	15166	15008	64.815	2.73e-10	54.7
Bothrops_jararaca_C9A	region	583	35	25	59	43034	42930	57.143	2.39e-09	51.6
Bothrops_jararaca_C9A	region	583	74	203	272	28579	28358	37.838	1.97e-08	48.5
Bothrops_jararaca_C9A	region	583	42	354	395	23032	22907	30.952	0.11	26.6
Bothrops_jararaca_C9A	region	583	45	471	515	35772	35638	26.667	0.54	24.3
Bothrops_jararaca_C9A	region	583	26	1	26	48942	48865	50.000	0.71	23.9
Ptyas_mucosa_C9A	region	583	82	277	358	24469	24224	71.951	1.84e-35	134
Ptyas_mucosa_C9A	region	583	77	450	526	17631	17401	62.338	2.06e-27	109
Ptyas_mucosa_C9A	region	583	47	157	203	31696	31556	68.085	6.18e-18	79.3
Ptyas_mucosa_C9A	region	583	50	107	156	33976	33827	72.000	2.36e-17	77.4
Ptyas_mucosa_C9A	region	583	66	56	118	38270	38073	46.970	4.34e-14	67.0
Ptyas_mucosa_C9A	region	583	94	398	489	21299	21018	35.106	8.67e-14	65.9
Ptyas_mucosa_C9A	region	583	33	27	59	43028	42930	63.636	4.38e-11	57.4
Ptyas_mucosa_C9A	region	583	83	194	272	28606	28358	32.530	5.36e-09	50.4
Ptyas_mucosa_C9A	region	583	54	530	583	15166	15008	59.259	1.62e-07	45.4
Ptyas_mucosa_C9A	region	583	42	354	395	23032	22907	30.952	0.17	25.8
Vipera_berus_C9A	region	583	80	275	354	24475	24236	70.000	4.15e-34	130
Vipera_berus_C9A	region	583	77	450	526	17631	17401	62.338	1.08e-27	110
Vipera_berus_C9A	region	583	60	144	203	31735	31556	61.667	7.03e-20	85.9
Vipera_berus_C9A	region	583	50	107	156	33976	33827	70.000	4.77e-17	76.6
Vipera_berus_C9A	region	583	94	398	489	21299	21018	36.170	8.20e-15	69.3
Vipera_berus_C9A	region	583	66	56	118	38270	38073	46.970	1.41e-13	65.5
Vipera_berus_C9A	region	583	54	530	583	15166	15008	64.815	2.53e-10	54.7
Vipera_berus_C9A	region	583	33	27	59	43028	42930	60.606	3.94e-10	54.3
Vipera_berus_C9A	region	583	74	203	272	28579	28358	36.486	1.62e-09	52.0
Vipera_berus_C9A	region	583	42	354	395	23032	22907	33.333	0.012	29.6
Sceloporus_undulatus_C9A	region	591	82	277	358	24481	24236	69.512	5.74e-34	130
Sceloporus_undulatus_C9A	region	591	82	450	531	17643	17398	64.634	1.61e-30	119
Sceloporus_undulatus_C9A	region	591	63	56	114	38270	38082	61.905	2.29e-19	84.0
Sceloporus_undulatus_C9A	region	591	102	407	506	21284	20979	44.118	5.61e-19	82.8
Sceloporus_undulatus_C9A	region	591	60	143	202	31735	31556	56.667	5.50e-17	76.3
Sceloporus_undulatus_C9A	region	591	50	106	155	33976	33827	74.000	1.07e-16	75.5
Sceloporus_undulatus_C9A	region	591	77	201	277	28582	28355	46.753	5.20e-13	63.5
Sceloporus_undulatus_C9A	region	591	31	29	59	43022	42930	67.742	2.15e-10	55.1
Sceloporus_undulatus_C9A	region	591	56	534	589	15166	15002	62.500	6.32e-10	53.5
Sceloporus_undulatus_C9A	region	591	41	358	398	23032	22910	39.024	1.33e-04	36.2
Anolis_carolinensis_C9B	region	538	81	277	357	24481	24239	71.605	4.11e-34	129
Anolis_carolinensis_C9B	region	538	86	450	535	17643	17386	63.953	1.59e-31	121
Anolis_carolinensis_C9B	region	538	47	156	202	31696	31556	76.596	8.88e-20	85.1
Anolis_carolinensis_C9B	region	538	63	56	114	38270	38082	61.905	3.24e-19	83.2
Anolis_carolinensis_C9B	region	538	110	399	506	21308	20979	40.000	2.46e-18	80.5
Anolis_carolinensis_C9B	region	538	50	106	155	33976	33827	76.000	3.44e-18	80.1
Anolis_carolinensis_C9B	region	538	94	184	277	28621	28355	39.362	1.42e-13	65.1
Anolis_carolinensis_C9B	region	538	35	27	61	43028	42924	54.286	1.90e-09	51.6
Anolis_carolinensis_C9B	region	538	45	359	403	23029	22901	44.444	3.71e-05	37.7
Hydrophis_cyanocinctus_C9B	region	582	83	275	357	24472	24224	69.880	8.91e-36	135
Hydrophis_cyanocinctus_C9B	region	582	76	449	524	17631	17404	60.526	1.39e-25	103
Hydrophis_cyanocinctus_C9B	region	582	47	156	202	31696	31556	68.085	5.09e-18	79.7
Hydrophis_cyanocinctus_C9B	region	582	50	106	155	33976	33827	72.000	1.82e-17	77.8
Hydrophis_cyanocinctus_C9B	region	582	63	55	114	38270	38082	49.206	1.19e-13	65.5
Hydrophis_cyanocinctus_C9B	region	582	125	396	509	21302	20934	31.200	3.51e-13	63.9
Hydrophis_cyanocinctus_C9B	region	582	39	26	64	43028	42912	53.846	4.78e-10	53.9
Hydrophis_cyanocinctus_C9B	region	582	54	529	582	15166	15008	61.111	4.55e-09	50.8
Hydrophis_cyanocinctus_C9B	region	582	92	184	271	28621	28358	29.348	4.63e-07	44.3
Hydrophis_cyanocinctus_C9B	region	582	43	353	395	23032	22907	39.535	0.017	29.3
Bothrops_jararaca_C9B	region	583	79	276	354	24472	24236	75.949	6.58e-36	135
Bothrops_jararaca_C9B	region	583	77	450	526	17631	17401	64.935	1.11e-28	113
Bothrops_jararaca_C9B	region	583	60	144	203	31735	31556	61.667	4.05e-20	86.7
Bothrops_jararaca_C9B	region	583	50	107	156	33976	33827	70.000	5.29e-17	76.3
Bothrops_jararaca_C9B	region	583	94	398	489	21299	21018	37.234	7.72e-15	69.3
Bothrops_jararaca_C9B	region	583	66	56	118	38270	38073	45.455	2.46e-13	64.7
Bothrops_jararaca_C9B	region	583	54	530	583	15166	15008	64.815	3.68e-10	54.3
Bothrops_jararaca_C9B	region	583	35	25	59	43034	42930	54.286	3.09e-09	51.2
Bothrops_jararaca_C9B	region	583	83	194	272	28606	28358	28.916	3.54e-08	47.8
Bothrops_jararaca_C9B	region	583	42	354	395	23032	22907	30.952	0.31	25.0
Bothrops_jararaca_C9B	region	583	45	471	515	35772	35638	26.667	0.58	24.3
Bothrops_jararaca_C9B	region	583	26	1	26	48942	48865	50.000	0.86	23.5
Laticauda_colubrina_C9B	region	583	79	276	354	24472	24236	72.152	2.32e-35	134
Laticauda_colubrina_C9B	region	583	95	432	526	17646	17401	52.632	4.74e-26	105
Laticauda_colubrina_C9B	region	583	46	157	202	31696	31559	69.565	1.78e-18	81.3
Laticauda_colubrina_C9B	region	583	50	107	156	33976	33827	70.000	5.52e-17	76.3
Laticauda_colubrina_C9B	region	583	63	56	115	38270	38082	49.206	1.97e-13	64.7
Laticauda_colubrina_C9B	region	583	95	397	489	21302	21018	31.579	1.20e-11	58.9
Laticauda_colubrina_C9B	region	583	39	27	65	43028	42912	56.410	8.44e-11	56.2
Laticauda_colubrina_C9B	region	583	54	530	583	15166	15008	55.556	1.69e-07	45.4
Laticauda_colubrina_C9B	region	583	72	203	274	28579	28364	30.556	1.16e-06	42.7
Laticauda_colubrina_C9B	region	583	25	20	44	49643	49717	44.000	0.70	23.9
Pseudonaja_textilis_C9B	region	583	83	276	358	24472	24224	73.494	5.36e-37	139
Pseudonaja_textilis_C9B	region	583	77	450	526	17631	17401	62.338	1.49e-26	107
Pseudonaja_textilis_C9B	region	583	47	157	203	31696	31556	68.085	5.62e-18	79.7
Pseudonaja_textilis_C9B	region	583	50	107	156	33976	33827	70.000	4.85e-17	76.6
Pseudonaja_textilis_C9B	region	583	66	56	118	38270	38073	46.970	7.37e-14	66.2
Pseudonaja_textilis_C9B	region	583	94	398	489	21299	21018	32.979	5.39e-12	60.1
Pseudonaja_textilis_C9B	region	583	39	27	65	43028	42912	53.846	1.43e-10	55.5
Pseudonaja_textilis_C9B	region	583	74	203	272	28579	28358	36.486	1.84e-09	52.0
Pseudonaja_textilis_C9B	region	583	54	530	583	15166	15008	55.556	3.63e-07	44.3
Pseudonaja_textilis_C9B	region	583	42	354	395	23032	22910	38.095	0.25	25.4
Pseudonaja_textilis_C9B	region	583	45	471	515	35772	35638	28.889	0.82	23.9
Pseudonaja_textilis_C9B	region	583	25	20	44	49643	49717	44.000	0.84	23.5
Notechis_scutatus_C9B	region	583	83	276	358	24472	24224	72.289	1.14e-36	138
Notechis_scutatus_C9B	region	583	77	450	526	17631	17401	61.039	1.89e-26	106
Notechis_scutatus_C9B	region	583	47	157	203	31696	31556	68.085	4.02e-18	80.1
Notechis_scutatus_C9B	region	583	50	107	156	33976	33827	72.000	1.78e-17	77.8
Notechis_scutatus_C9B	region	583	66	56	118	38270	38073	46.970	1.02e-13	65.9
Notechis_scutatus_C9B	region	583	125	397	510	21302	20934	30.400	1.70e-12	62.0
Notechis_scutatus_C9B	region	583	39	27	65	43028	42912	56.410	5.33e-11	57.0
Notechis_scutatus_C9B	region	583	54	530	583	15166	15008	61.111	4.45e-09	50.8
Notechis_scutatus_C9B	region	583	74	203	272	28579	28358	35.135	1.79e-08	48.9
Notechis_scutatus_C9B	region	583	42	354	395	23032	22910	38.095	0.065	27.3
Notechis_scutatus_C9B	region	583	25	20	44	49643	49717	44.000	0.80	23.9
Pituophis_catenifer_C9B	region	583	77	277	353	24469	24239	72.727	7.71e-34	129
Pituophis_catenifer_C9B	region	583	77	450	526	17631	17401	66.234	5.74e-29	114
Pituophis_catenifer_C9B	region	583	50	107	156	33976	33827	74.000	1.54e-18	81.3
Pituophis_catenifer_C9B	region	583	47	157	203	31696	31556	68.085	1.60e-18	81.3
Pituophis_catenifer_C9B	region	583	88	404	489	21281	21018	35.227	1.35e-12	62.0
Pituophis_catenifer_C9B	region	583	65	57	118	38267	38073	43.077	1.73e-11	58.5
Pituophis_catenifer_C9B	region	583	35	25	59	43034	42930	51.429	1.90e-09	52.0
Pituophis_catenifer_C9B	region	583	54	530	583	15166	15008	59.259	5.94e-09	50.4
Pituophis_catenifer_C9B	region	583	84	194	273	28606	28355	30.952	1.18e-08	49.3
Pituophis_catenifer_C9B	region	583	40	356	395	23026	22907	32.500	0.053	27.7
Pituophis_catenifer_C9B	region	583	66	450	515	35814	35638	28.788	0.11	26.6
Pituophis_catenifer_C9B	region	583	26	1	26	48942	48865	50.000	0.81	23.9
Pantherophis_obsoletus_C9B	region	583	83	276	358	24472	24224	69.880	2.28e-35	134
Pantherophis_obsoletus_C9B	region	583	78	450	527	17631	17398	64.103	1.70e-28	113
Pantherophis_obsoletus_C9B	region	583	50	107	156	33976	33827	74.000	1.84e-18	81.3
Pantherophis_obsoletus_C9B	region	583	47	157	203	31696	31556	68.085	1.92e-18	81.3
Pantherophis_obsoletus_C9B	region	583	90	402	489	21287	21018	37.778	1.35e-13	65.5
Pantherophis_obsoletus_C9B	region	583	66	56	118	38270	38073	45.455	2.94e-12	61.2
Pantherophis_obsoletus_C9B	region	583	37	25	61	43034	42924	56.757	1.56e-10	55.5
Pantherophis_obsoletus_C9B	region	583	55	529	583	15169	15008	58.182	7.72e-10	53.1
Pantherophis_obsoletus_C9B	region	583	83	194	272	28606	28358	30.120	3.54e-08	47.8
Pantherophis_obsoletus_C9B	region	583	42	354	395	23032	22907	35.714	0.001	33.1
Pantherophis_obsoletus_C9B	region	583	26	1	26	48942	48865	50.000	0.80	23.9
Pantherophis_obsoletus_C9B	region	583	45	471	515	35772	35638	26.667	0.94	23.5
Crotalus_tigris_C9B	region	583	75	276	350	24472	24248	69.333	4.47e-32	124
Crotalus_tigris_C9B	region	583	78	450	527	17631	17398	64.103	7.82e-29	114
Crotalus_tigris_C9B	region	583	60	144	203	31735	31556	61.667	1.68e-19	84.3
Crotalus_tigris_C9B	region	583	50	107	156	33976	33827	76.000	1.05e-18	82.0
Crotalus_tigris_C9B	region	583	96	396	489	21305	21018	38.542	9.09e-15	69.3
Crotalus_tigris_C9B	region	583	66	56	118	38270	38073	45.455	1.53e-12	62.0
Crotalus_tigris_C9B	region	583	35	27	61	43028	42924	51.429	5.89e-09	50.4
Crotalus_tigris_C9B	region	583	83	194	272	28606	28358	33.735	1.16e-08	49.3
Crotalus_tigris_C9B	region	583	54	530	583	15166	15008	57.407	1.39e-08	48.9
Crotalus_tigris_C9B	region	583	45	471	515	35772	35638	31.111	0.19	25.8
Crotalus_tigris_C9B	region	583	42	355	396	23029	22904	30.952	0.38	24.6
Ptyas_mucosa_C9B	region	583	77	277	353	24469	24239	72.727	7.92e-34	129
Ptyas_mucosa_C9B	region	583	82	446	527	17643	17398	60.976	1.26e-27	110
Ptyas_mucosa_C9B	region	583	47	157	203	31696	31556	68.085	1.22e-18	81.6
Ptyas_mucosa_C9B	region	583	50	107	156	33976	33827	74.000	2.51e-18	80.9
Ptyas_mucosa_C9B	region	583	90	402	489	21287	21018	38.889	9.36e-14	65.9
Ptyas_mucosa_C9B	region	583	62	57	115	38267	38082	46.774	2.48e-12	61.2
Ptyas_mucosa_C9B	region	583	55	529	583	15169	15008	60.000	1.45e-09	52.4
Ptyas_mucosa_C9B	region	583	84	194	273	28606	28355	29.762	1.06e-07	46.2
Ptyas_mucosa_C9B	region	583	34	30	61	43019	42918	47.059	1.06e-06	43.1
Ptyas_mucosa_C9B	region	583	39	355	393	23029	22913	30.769	0.21	25.8
Ptyas_mucosa_C9B	region	583	19	1	19	48942	48886	63.158	0.26	25.4
Ptyas_mucosa_C9B	region	583	45	471	515	35772	35638	26.667	0.95	23.5
