# Pseudonaja_textilis DAB2/FYB1 anchors on NW_020769310.1:9130815-13189196 (sstart/send relative to region; add 9130814)
Anolis_carolinensis_DAB2	2079689	2079060	296
Anolis_carolinensis_DAB2	2074754	2074227	205
Anolis_carolinensis_DAB2	2084031	2083897	99.4
Anolis_carolinensis_DAB2	2086071	2085931	97.1
Anolis_carolinensis_DAB2	2085099	2084998	72.4
Anolis_carolinensis_DAB2	2076082	2075924	70.9
Anolis_carolinensis_DAB2	2071894	2071769	48.5
Anolis_carolinensis_FYB1	1970151	1969027	296
Anolis_carolinensis_FYB1	1931991	1931809	96.7
Anolis_carolinensis_FYB1	1944263	1944087	91.3
Anolis_carolinensis_FYB1	1942308	1942168	71.2
Anolis_carolinensis_FYB1	1934537	1934433	50.4
Anolis_carolinensis_FYB1	1938193	1938071	49.7
Anolis_carolinensis_FYB1	1934773	1934654	47.8
Thamnophis_elegans_DAB2	2079689	2079060	385
Thamnophis_elegans_DAB2	2074754	2074221	338
Thamnophis_elegans_DAB2	2084031	2083897	100
Thamnophis_elegans_DAB2	2086071	2085931	98.6
Thamnophis_elegans_DAB2	2076082	2075924	96.7
Thamnophis_elegans_DAB2	2085099	2084998	74.7
Thamnophis_elegans_DAB2	2071897	2071769	74.3
Thamnophis_elegans_DAB2	2081024	2080950	47.8
Thamnophis_elegans_DAB2	2069993	2069928	46.6
Thamnophis_elegans_FYB1	1970151	1969024	588
Thamnophis_elegans_FYB1	1944263	1944084	108
Thamnophis_elegans_FYB1	1931991	1931809	104
Thamnophis_elegans_FYB1	1942308	1942168	93.6
Thamnophis_elegans_FYB1	1938190	1938041	91.3
Thamnophis_elegans_FYB1	1934552	1934433	66.2
