Lacerta_agilis_C9A	JBBPXQ010000006.1	589	85	277	361	20699553	20699299	75.294	8.72e-34	143
Lacerta_agilis_C9A	JBBPXQ010000006.1	589	77	458	534	20693281	20693051	75.325	4.00e-29	129
Lacerta_agilis_C9A	JBBPXQ010000006.1	589	63	139	201	20702408	20702226	65.079	6.99e-17	90.5
Lacerta_agilis_C9A	JBBPXQ010000006.1	589	56	100	154	20703952	20703785	73.214	2.76e-16	88.6
Lacerta_agilis_C9A	JBBPXQ010000006.1	589	67	53	115	20705275	20705075	55.224	8.17e-15	84.0
Lacerta_agilis_C9A	JBBPXQ010000006.1	589	59	400	458	20694380	20694204	59.322	1.17e-11	73.6
Lacerta_agilis_C9A	JBBPXQ010000006.1	589	47	539	584	20691501	20691361	72.340	3.16e-11	72.4
Lacerta_agilis_C9A	JBBPXQ010000006.1	589	89	201	277	20701136	20700870	43.820	1.02e-07	60.8
Lacerta_agilis_C9A	JBBPXQ010000006.1	589	57	470	526	21408131	21408301	47.368	3.10e-07	59.3
Lacerta_agilis_C9A	JBBPXQ010000006.1	589	107	260	366	21455535	21455215	27.103	2.72e-06	56.2
Lacerta_agilis_C9A	JBBPXQ010000014.1	589	223	300	517	35639239	35639865	26.009	3.59e-12	75.1
Lacerta_agilis_C9A	JBBPXQ010000004.1	589	78	279	356	69149947	69150180	39.744	8.07e-09	64.3
Lacerta_agilis_C9A	JBBPXQ010000004.1	589	76	457	526	69176765	69176992	38.158	1.14e-06	57.4
Lacerta_agilis_C9A	JBBPXQ010000013.1	589	51	90	138	51121957	51121805	50.980	2.19e-06	56.6
Zootoca_vivipara_C9A	JBBPXQ010000006.1	589	85	277	361	20699553	20699299	75.294	1.04e-33	143
Zootoca_vivipara_C9A	JBBPXQ010000006.1	589	77	458	534	20693281	20693051	75.325	8.26e-29	128
Zootoca_vivipara_C9A	JBBPXQ010000006.1	589	63	139	201	20702408	20702226	65.079	6.93e-17	90.5
Zootoca_vivipara_C9A	JBBPXQ010000006.1	589	56	100	154	20703952	20703785	71.429	5.01e-16	87.8
Zootoca_vivipara_C9A	JBBPXQ010000006.1	589	67	53	115	20705275	20705075	55.224	6.53e-15	84.0
Zootoca_vivipara_C9A	JBBPXQ010000006.1	589	59	400	458	20694380	20694204	57.627	7.18e-11	71.2
Zootoca_vivipara_C9A	JBBPXQ010000006.1	589	47	539	584	20691501	20691361	70.213	7.82e-11	70.9
Zootoca_vivipara_C9A	JBBPXQ010000006.1	589	89	201	277	20701136	20700870	42.697	2.85e-07	59.3
Zootoca_vivipara_C9A	JBBPXQ010000006.1	589	57	470	526	21408131	21408301	45.614	5.97e-07	58.2
Zootoca_vivipara_C9A	JBBPXQ010000006.1	589	92	275	366	21455490	21455215	27.174	9.40e-06	54.3
Zootoca_vivipara_C9A	JBBPXQ010000014.1	589	223	300	517	35639239	35639865	26.009	3.16e-11	72.4
Zootoca_vivipara_C9A	JBBPXQ010000004.1	589	78	279	356	69149947	69150180	39.744	1.53e-08	63.5
Zootoca_vivipara_C9A	JBBPXQ010000004.1	589	76	457	526	69176765	69176992	38.158	1.34e-06	57.0
Zootoca_vivipara_C9A	JBBPXQ010000013.1	589	51	90	138	51121957	51121805	49.020	3.27e-06	55.8
Podarcis_muralis_C9A	JBBPXQ010000006.1	589	85	277	361	20699553	20699299	76.471	6.95e-34	143
Podarcis_muralis_C9A	JBBPXQ010000006.1	589	80	455	534	20693290	20693051	68.750	1.63e-26	120
Podarcis_muralis_C9A	JBBPXQ010000006.1	589	63	139	201	20702408	20702226	65.079	7.24e-17	90.5
Podarcis_muralis_C9A	JBBPXQ010000006.1	589	56	100	154	20703952	20703785	73.214	2.69e-16	88.6
Podarcis_muralis_C9A	JBBPXQ010000006.1	589	67	53	115	20705275	20705075	56.716	9.96e-15	83.6
Podarcis_muralis_C9A	JBBPXQ010000006.1	589	47	539	584	20691501	20691361	74.468	8.76e-12	73.9
Podarcis_muralis_C9A	JBBPXQ010000006.1	589	59	400	458	20694380	20694204	55.932	3.16e-11	72.4
Podarcis_muralis_C9A	JBBPXQ010000006.1	589	57	470	526	21408131	21408301	45.614	3.83e-07	58.9
Podarcis_muralis_C9A	JBBPXQ010000006.1	589	90	201	278	20701136	20700867	42.222	7.14e-07	58.2
Podarcis_muralis_C9A	JBBPXQ010000006.1	589	107	260	366	21455535	21455215	26.168	9.01e-06	54.3
Podarcis_muralis_C9A	JBBPXQ010000014.1	589	222	300	516	35639239	35639862	25.225	3.55e-10	68.9
Podarcis_muralis_C9A	JBBPXQ010000004.1	589	78	279	356	69149947	69150180	38.462	4.22e-08	62.0
Podarcis_muralis_C9A	JBBPXQ010000004.1	589	76	457	526	69176765	69176992	38.158	8.68e-07	57.8
Podarcis_muralis_C9A	JBBPXQ010000013.1	589	51	90	138	51121957	51121805	50.980	2.67e-06	56.2
Anolis_carolinensis_C9A	JBBPXQ010000006.1	591	81	279	359	20699553	20699311	71.605	2.08e-28	126
Anolis_carolinensis_C9A	JBBPXQ010000006.1	591	82	457	538	20693290	20693045	65.854	1.48e-26	120
Anolis_carolinensis_C9A	JBBPXQ010000006.1	591	47	156	202	20702366	20702226	76.596	5.37e-16	87.8
Anolis_carolinensis_C9A	JBBPXQ010000006.1	591	56	532	587	20691528	20691361	62.500	1.15e-14	83.2
Anolis_carolinensis_C9A	JBBPXQ010000006.1	591	56	101	155	20703952	20703785	69.643	1.12e-13	80.1
Anolis_carolinensis_C9A	JBBPXQ010000006.1	591	51	56	106	20705269	20705117	66.667	7.95e-13	77.4
Anolis_carolinensis_C9A	JBBPXQ010000006.1	591	60	402	461	20694380	20694201	50.000	4.40e-09	65.1
Anolis_carolinensis_C9A	JBBPXQ010000006.1	591	88	281	368	21455478	21455215	32.955	1.14e-07	60.8
Anolis_carolinensis_C9A	JBBPXQ010000006.1	591	72	460	531	21408098	21408310	36.111	2.11e-07	59.7
Anolis_carolinensis_C9A	JBBPXQ010000006.1	591	78	281	358	21501099	21500866	34.615	9.83e-07	57.8
Anolis_carolinensis_C9A	JBBPXQ010000006.1	591	76	284	358	21401947	21402174	35.526	3.68e-06	55.8
Anolis_carolinensis_C9A	JBBPXQ010000006.1	591	32	26	57	20708322	20708227	71.875	6.28e-06	55.1
Anolis_carolinensis_C9A	JBBPXQ010000014.1	591	222	302	518	35639239	35639862	25.676	2.30e-09	66.2
Anolis_carolinensis_C9A	JBBPXQ010000004.1	591	78	281	358	69149947	69150180	35.897	1.04e-07	60.8
Anolis_carolinensis_C9A	JBBPXQ010000004.1	591	86	281	366	69207839	69207585	33.721	2.48e-07	59.7
Anolis_carolinensis_C9A	JBBPXQ010000004.1	591	46	542	587	69178336	69178473	52.174	9.92e-07	57.8
Anolis_carolinensis_C9A	JBBPXQ010000004.1	591	70	459	528	69176798	69176992	37.143	1.74e-06	57.0
Pogona_vitticeps_C9A	JBBPXQ010000006.1	576	84	257	340	20699562	20699311	64.286	1.41e-27	124
Pogona_vitticeps_C9A	JBBPXQ010000006.1	576	74	438	511	20693290	20693069	72.973	1.82e-26	120
Pogona_vitticeps_C9A	JBBPXQ010000006.1	576	51	156	206	20702366	20702214	76.471	6.48e-17	90.5
Pogona_vitticeps_C9A	JBBPXQ010000006.1	576	56	101	155	20703952	20703785	69.643	5.03e-14	81.3
Pogona_vitticeps_C9A	JBBPXQ010000006.1	576	49	525	573	20691501	20691355	71.429	1.03e-13	80.1
Pogona_vitticeps_C9A	JBBPXQ010000006.1	576	53	54	106	20705275	20705117	64.151	2.64e-12	75.5
Pogona_vitticeps_C9A	JBBPXQ010000006.1	576	65	378	441	20694398	20694204	50.769	2.72e-10	68.9
Pogona_vitticeps_C9A	JBBPXQ010000006.1	576	66	510	575	21409887	21410072	48.485	3.78e-09	65.5
Pogona_vitticeps_C9A	JBBPXQ010000006.1	576	44	521	563	21495098	21494967	61.364	9.20e-08	60.8
Pogona_vitticeps_C9A	JBBPXQ010000006.1	576	42	521	561	21448285	21448160	69.048	1.42e-07	60.5
Pogona_vitticeps_C9A	JBBPXQ010000006.1	576	39	19	57	20708343	20708227	66.667	2.93e-07	59.3
Pogona_vitticeps_C9A	JBBPXQ010000006.1	576	69	441	509	21408098	21408301	40.580	7.94e-07	57.8
Pogona_vitticeps_C9A	JBBPXQ010000006.1	576	83	257	339	21501114	21500866	33.735	9.50e-07	57.8
Pogona_vitticeps_C9A	JBBPXQ010000006.1	576	88	262	349	21455478	21455215	30.682	2.92e-06	55.8
Pogona_vitticeps_C9A	JBBPXQ010000014.1	576	223	283	499	35639239	35639862	26.009	1.12e-10	70.5
Pogona_vitticeps_C9A	JBBPXQ010000004.1	576	126	226	340	69207974	69207603	30.952	1.72e-09	66.6
Pogona_vitticeps_C9A	JBBPXQ010000004.1	576	83	257	339	69149932	69150180	37.349	7.24e-09	64.3
Pogona_vitticeps_C9A	JBBPXQ010000004.1	576	52	520	571	69178318	69178473	51.923	3.42e-07	58.9
Pogona_vitticeps_C9A	JBBPXQ010000004.1	576	66	445	509	69176795	69176992	39.394	7.94e-07	57.8
Gekko_japonicus_C9A	JBBPXQ010000006.1	582	97	280	376	20699580	20699302	64.948	6.80e-30	131
Gekko_japonicus_C9A	JBBPXQ010000006.1	582	73	455	527	20693278	20693060	73.973	2.04e-26	120
Gekko_japonicus_C9A	JBBPXQ010000006.1	582	56	117	172	20703952	20703785	66.071	7.65e-15	84.0
Gekko_japonicus_C9A	JBBPXQ010000006.1	582	45	173	217	20702366	20702232	77.778	1.41e-14	83.2
Gekko_japonicus_C9A	JBBPXQ010000006.1	582	52	530	581	20691516	20691361	71.154	2.45e-14	82.4
Gekko_japonicus_C9A	JBBPXQ010000006.1	582	54	69	122	20705269	20705117	66.667	4.39e-14	81.3
Gekko_japonicus_C9A	JBBPXQ010000006.1	582	71	396	464	20694380	20694168	53.521	1.46e-11	73.2
Gekko_japonicus_C9A	JBBPXQ010000006.1	582	66	457	522	21408107	21408301	45.455	1.50e-08	63.5
Gekko_japonicus_C9A	JBBPXQ010000006.1	582	38	32	69	20708343	20708230	73.684	2.12e-08	63.2
Gekko_japonicus_C9A	JBBPXQ010000006.1	582	46	536	581	21409923	21410060	56.522	1.77e-07	60.1
Gekko_japonicus_C9A	JBBPXQ010000006.1	582	107	276	382	21455535	21455215	28.972	2.14e-07	59.7
Gekko_japonicus_C9A	JBBPXQ010000006.1	582	78	295	372	21501099	21500866	32.051	3.74e-06	55.8
Gekko_japonicus_C9A	JBBPXQ010000014.1	582	213	316	512	35639239	35639862	27.700	2.80e-10	68.9
Gekko_japonicus_C9A	JBBPXQ010000004.1	582	71	302	372	69149968	69150180	39.437	2.56e-08	62.8
Gekko_japonicus_C9A	JBBPXQ010000004.1	582	66	458	522	69176795	69176992	40.909	3.04e-08	62.4
Gekko_japonicus_C9A	JBBPXQ010000012.1	582	76	508	582	21779632	21779408	38.158	3.27e-06	55.8
Crotalus_tigris_C9A	JBBPXQ010000006.1	583	83	277	359	20699547	20699299	62.651	1.55e-26	120
Crotalus_tigris_C9A	JBBPXQ010000006.1	583	82	453	534	20693290	20693045	56.098	1.24e-21	105
Crotalus_tigris_C9A	JBBPXQ010000006.1	583	67	95	156	20703985	20703785	61.194	6.83e-14	80.9
Crotalus_tigris_C9A	JBBPXQ010000006.1	583	47	157	203	20702366	20702226	65.957	1.45e-12	76.6
Crotalus_tigris_C9A	JBBPXQ010000006.1	583	56	528	583	20691528	20691361	55.357	2.72e-11	72.4
Crotalus_tigris_C9A	JBBPXQ010000006.1	583	84	38	117	20705317	20705075	42.857	1.79e-10	69.7
Crotalus_tigris_C9A	JBBPXQ010000006.1	583	56	402	457	20694368	20694201	50.000	2.46e-07	59.7
Crotalus_tigris_C9A	JBBPXQ010000006.1	583	69	456	524	21408098	21408301	39.130	4.47e-07	58.5
Crotalus_tigris_C9A	JBBPXQ010000006.1	583	55	525	579	21409887	21410048	50.909	5.50e-06	55.1
Crotalus_tigris_C9A	JBBPXQ010000014.1	583	222	298	514	35639239	35639862	25.225	1.59e-09	66.6
Crotalus_tigris_C9A	JBBPXQ010000004.1	583	47	537	583	69178333	69178473	51.064	5.21e-07	58.5
Crotalus_tigris_C9A	JBBPXQ010000004.1	583	70	456	524	69176783	69176992	37.143	5.23e-06	55.1
Crotalus_tigris_C9A	JBBPXQ010000004.1	583	74	277	350	69149947	69150168	35.135	5.79e-06	55.1
Thamnophis_elegans_C9A	JBBPXQ010000006.1	583	99	261	359	20699583	20699299	57.576	1.57e-28	127
Thamnophis_elegans_C9A	JBBPXQ010000006.1	583	77	458	534	20693275	20693045	61.039	2.87e-20	101
Thamnophis_elegans_C9A	JBBPXQ010000006.1	583	47	157	203	20702366	20702226	70.213	1.00e-12	77.0
Thamnophis_elegans_C9A	JBBPXQ010000006.1	583	57	527	583	20691531	20691361	57.895	2.99e-12	75.5
Thamnophis_elegans_C9A	JBBPXQ010000006.1	583	56	102	156	20703952	20703785	64.286	4.70e-11	71.6
Thamnophis_elegans_C9A	JBBPXQ010000006.1	583	84	38	117	20705317	20705075	42.857	5.58e-09	65.1
Thamnophis_elegans_C9A	JBBPXQ010000006.1	583	56	402	457	20694368	20694201	51.786	3.38e-08	62.4
Thamnophis_elegans_C9A	JBBPXQ010000006.1	583	59	525	583	21409887	21410060	49.153	5.44e-08	61.6
Thamnophis_elegans_C9A	JBBPXQ010000006.1	583	50	535	583	21495092	21494943	52.000	2.94e-07	59.3
Thamnophis_elegans_C9A	JBBPXQ010000006.1	583	39	19	57	20708343	20708227	58.974	7.02e-07	58.2
Thamnophis_elegans_C9A	JBBPXQ010000006.1	583	40	535	573	21448279	21448160	62.500	1.47e-06	57.0
Thamnophis_elegans_C9A	JBBPXQ010000014.1	583	264	298	549	35639239	35639970	25.000	1.82e-10	69.7
Thamnophis_elegans_C9A	JBBPXQ010000004.1	583	47	537	583	69178333	69178473	53.191	8.34e-08	61.2
Thamnophis_elegans_C9A	JBBPXQ010000004.1	583	81	274	354	69149938	69150180	35.802	5.82e-07	58.2
Naja_naja_C9A	JBBPXQ010000006.1	582	83	277	359	20699547	20699299	59.036	5.78e-25	115
Naja_naja_C9A	JBBPXQ010000006.1	582	82	452	533	20693290	20693045	54.878	2.17e-20	101
Naja_naja_C9A	JBBPXQ010000006.1	582	67	95	156	20703985	20703785	65.672	2.17e-14	82.4
Naja_naja_C9A	JBBPXQ010000006.1	582	47	157	203	20702366	20702226	68.085	8.21e-13	77.4
Naja_naja_C9A	JBBPXQ010000006.1	582	56	527	582	20691528	20691361	58.929	3.13e-12	75.5
Naja_naja_C9A	JBBPXQ010000006.1	582	68	54	117	20705275	20705075	45.588	1.40e-09	67.0
Naja_naja_C9A	JBBPXQ010000006.1	582	69	455	523	21408098	21408301	37.681	1.95e-07	59.7
Naja_naja_C9A	JBBPXQ010000006.1	582	55	524	578	21409887	21410048	56.364	3.01e-07	59.3
Naja_naja_C9A	JBBPXQ010000006.1	582	55	402	456	20694365	20694201	49.091	1.03e-06	57.4
Naja_naja_C9A	JBBPXQ010000014.1	582	224	298	513	35639239	35639862	24.107	3.04e-08	62.4
Naja_naja_C9A	JBBPXQ010000004.1	582	47	536	582	69178333	69178473	51.064	1.08e-06	57.4
Naja_naja_C9A	JBBPXQ010000004.1	582	74	277	350	69149947	69150168	37.838	1.88e-06	56.6
Naja_naja_C9A	JBBPXQ010000004.1	582	70	455	523	69176783	69176992	35.714	5.35e-06	55.1
Pseudonaja_textilis_C9A	JBBPXQ010000006.1	583	83	277	359	20699547	20699299	60.241	9.07e-26	118
Pseudonaja_textilis_C9A	JBBPXQ010000006.1	583	82	453	534	20693290	20693045	56.098	4.01e-21	103
Pseudonaja_textilis_C9A	JBBPXQ010000006.1	583	67	95	156	20703985	20703785	62.687	8.92e-14	80.5
Pseudonaja_textilis_C9A	JBBPXQ010000006.1	583	47	157	203	20702366	20702226	68.085	7.57e-13	77.4
Pseudonaja_textilis_C9A	JBBPXQ010000006.1	583	56	528	583	20691528	20691361	60.714	2.19e-12	75.9
Pseudonaja_textilis_C9A	JBBPXQ010000006.1	583	84	38	117	20705317	20705075	44.048	4.13e-10	68.6
Pseudonaja_textilis_C9A	JBBPXQ010000006.1	583	69	456	524	21408098	21408301	37.681	2.68e-07	59.3
Pseudonaja_textilis_C9A	JBBPXQ010000006.1	583	39	19	57	20708343	20708227	64.103	2.73e-07	59.3
Pseudonaja_textilis_C9A	JBBPXQ010000006.1	583	59	530	583	21409884	21410060	50.847	5.53e-07	58.5
Pseudonaja_textilis_C9A	JBBPXQ010000006.1	583	55	403	457	20694365	20694201	45.455	1.23e-06	57.4
Pseudonaja_textilis_C9A	JBBPXQ010000014.1	583	222	298	514	35639239	35639862	24.775	1.72e-09	66.6
Pseudonaja_textilis_C9A	JBBPXQ010000004.1	583	47	537	583	69178333	69178473	53.191	4.78e-07	58.5
Pseudonaja_textilis_C9A	JBBPXQ010000004.1	583	74	277	350	69149947	69150168	36.486	2.79e-06	56.2
Pseudonaja_textilis_C9A	JBBPXQ010000004.1	583	70	456	524	69176783	69176992	35.714	9.17e-06	54.3
Python_bivittatus_C9A	JBBPXQ010000006.1	582	95	261	355	20699583	20699311	54.737	2.36e-25	117
Python_bivittatus_C9A	JBBPXQ010000006.1	582	82	453	534	20693290	20693045	60.976	5.41e-24	112
Python_bivittatus_C9A	JBBPXQ010000006.1	582	47	157	203	20702366	20702226	65.957	1.00e-12	77.0
Python_bivittatus_C9A	JBBPXQ010000006.1	582	59	524	582	20691537	20691361	54.237	4.12e-12	75.1
Python_bivittatus_C9A	JBBPXQ010000006.1	582	56	102	156	20703952	20703785	62.500	6.89e-12	74.3
Python_bivittatus_C9A	JBBPXQ010000006.1	582	54	525	578	21409887	21410048	53.704	1.11e-08	63.9
Python_bivittatus_C9A	JBBPXQ010000006.1	582	68	54	117	20705275	20705075	42.647	7.70e-08	61.2
Python_bivittatus_C9A	JBBPXQ010000006.1	582	39	19	57	20708343	20708227	64.103	2.20e-07	59.7
Python_bivittatus_C9A	JBBPXQ010000006.1	582	69	456	524	21408098	21408301	40.580	2.31e-07	59.7
Python_bivittatus_C9A	JBBPXQ010000006.1	582	56	402	457	20694368	20694201	48.214	2.54e-07	59.7
Python_bivittatus_C9A	JBBPXQ010000014.1	582	222	298	514	35639239	35639862	23.423	1.73e-09	66.6
Python_bivittatus_C9A	JBBPXQ010000004.1	582	49	534	582	69178327	69178473	53.061	7.44e-08	61.2
Python_bivittatus_C9A	JBBPXQ010000004.1	582	78	277	354	69149947	69150180	37.179	9.45e-08	60.8
Python_bivittatus_C9A	JBBPXQ010000004.1	582	70	455	524	69176798	69176992	35.714	8.95e-07	57.8
Notechis_scutatus_C9A	JBBPXQ010000006.1	583	83	277	359	20699547	20699299	60.241	9.56e-26	118
Notechis_scutatus_C9A	JBBPXQ010000006.1	583	82	453	534	20693290	20693045	54.878	2.70e-21	104
Notechis_scutatus_C9A	JBBPXQ010000006.1	583	67	95	156	20703985	20703785	64.179	3.12e-14	82.0
Notechis_scutatus_C9A	JBBPXQ010000006.1	583	47	157	203	20702366	20702226	68.085	7.63e-13	77.4
Notechis_scutatus_C9A	JBBPXQ010000006.1	583	56	528	583	20691528	20691361	60.714	2.17e-12	75.9
Notechis_scutatus_C9A	JBBPXQ010000006.1	583	68	54	117	20705275	20705075	50.000	2.49e-10	69.3
Notechis_scutatus_C9A	JBBPXQ010000006.1	583	59	525	583	21409887	21410060	52.542	3.83e-07	58.9
Notechis_scutatus_C9A	JBBPXQ010000006.1	583	69	456	524	21408098	21408301	37.681	4.39e-07	58.9
Notechis_scutatus_C9A	JBBPXQ010000006.1	583	39	19	57	20708343	20708227	64.103	5.25e-07	58.5
Notechis_scutatus_C9A	JBBPXQ010000006.1	583	55	403	457	20694365	20694201	45.455	2.16e-06	56.6
Notechis_scutatus_C9A	JBBPXQ010000014.1	583	222	298	514	35639239	35639862	24.775	1.23e-09	67.0
Notechis_scutatus_C9A	JBBPXQ010000004.1	583	47	537	583	69178333	69178473	53.191	4.91e-07	58.5
Notechis_scutatus_C9A	JBBPXQ010000004.1	583	74	277	350	69149947	69150168	36.486	2.81e-06	56.2
Hydrophis_cyanocinctus_C9A	JBBPXQ010000006.1	583	83	277	359	20699547	20699299	60.241	9.82e-26	118
Hydrophis_cyanocinctus_C9A	JBBPXQ010000006.1	583	82	453	534	20693290	20693045	54.878	3.37e-21	103
Hydrophis_cyanocinctus_C9A	JBBPXQ010000006.1	583	67	95	156	20703985	20703785	64.179	2.94e-14	82.0
Hydrophis_cyanocinctus_C9A	JBBPXQ010000006.1	583	47	157	203	20702366	20702226	68.085	8.76e-13	77.4
Hydrophis_cyanocinctus_C9A	JBBPXQ010000006.1	583	56	528	583	20691528	20691361	60.714	2.31e-12	75.9
Hydrophis_cyanocinctus_C9A	JBBPXQ010000006.1	583	84	38	117	20705317	20705075	45.238	2.72e-10	69.3
Hydrophis_cyanocinctus_C9A	JBBPXQ010000006.1	583	39	19	57	20708343	20708227	64.103	2.97e-07	59.3
Hydrophis_cyanocinctus_C9A	JBBPXQ010000006.1	583	59	525	583	21409887	21410060	52.542	3.83e-07	58.9
Hydrophis_cyanocinctus_C9A	JBBPXQ010000006.1	583	69	456	524	21408098	21408301	37.681	4.21e-07	58.9
Hydrophis_cyanocinctus_C9A	JBBPXQ010000006.1	583	54	404	457	20694362	20694201	46.296	3.17e-06	55.8
Hydrophis_cyanocinctus_C9A	JBBPXQ010000014.1	583	222	298	514	35639239	35639862	24.775	2.83e-10	68.9
Hydrophis_cyanocinctus_C9A	JBBPXQ010000004.1	583	47	537	583	69178333	69178473	53.191	4.99e-07	58.5
Hydrophis_cyanocinctus_C9A	JBBPXQ010000004.1	583	78	273	350	69149935	69150168	35.897	1.84e-06	56.6
Hydrophis_cyanocinctus_C9A	JBBPXQ010000004.1	583	70	456	524	69176783	69176992	35.714	7.16e-06	54.7
Laticauda_colubrina_C9A	JBBPXQ010000006.1	583	77	277	353	20699547	20699317	63.636	3.03e-25	117
Laticauda_colubrina_C9A	JBBPXQ010000006.1	583	82	453	534	20693290	20693045	56.098	1.35e-21	105
Laticauda_colubrina_C9A	JBBPXQ010000006.1	583	67	95	156	20703985	20703785	62.687	8.47e-14	80.5
Laticauda_colubrina_C9A	JBBPXQ010000006.1	583	47	157	203	20702366	20702226	68.085	8.76e-13	77.4
Laticauda_colubrina_C9A	JBBPXQ010000006.1	583	56	528	583	20691528	20691361	58.929	7.93e-12	73.9
Laticauda_colubrina_C9A	JBBPXQ010000006.1	583	83	39	117	20705320	20705075	43.373	1.22e-09	67.0
Laticauda_colubrina_C9A	JBBPXQ010000006.1	583	69	456	524	21408098	21408301	37.681	2.50e-07	59.7
Laticauda_colubrina_C9A	JBBPXQ010000006.1	583	55	403	457	20694365	20694201	50.909	3.74e-07	58.9
Laticauda_colubrina_C9A	JBBPXQ010000006.1	583	39	19	57	20708343	20708227	64.103	4.03e-07	58.9
Laticauda_colubrina_C9A	JBBPXQ010000006.1	583	59	525	583	21409887	21410060	52.542	4.32e-07	58.9
Laticauda_colubrina_C9A	JBBPXQ010000014.1	583	222	298	514	35639239	35639862	24.324	7.03e-09	64.7
Laticauda_colubrina_C9A	JBBPXQ010000004.1	583	47	537	583	69178333	69178473	51.064	1.58e-06	57.0
Laticauda_colubrina_C9A	JBBPXQ010000004.1	583	74	277	350	69149947	69150168	36.486	2.79e-06	56.2
Laticauda_colubrina_C9A	JBBPXQ010000004.1	583	70	456	524	69176783	69176992	35.714	8.49e-06	54.7
Protobothrops_mucrosquamatus_C9A	JBBPXQ010000006.1	583	94	262	355	20699580	20699311	60.638	9.94e-29	127
Protobothrops_mucrosquamatus_C9A	JBBPXQ010000006.1	583	82	453	534	20693290	20693045	60.976	1.41e-23	111
Protobothrops_mucrosquamatus_C9A	JBBPXQ010000006.1	583	57	527	583	20691531	20691361	61.404	2.52e-13	79.0
Protobothrops_mucrosquamatus_C9A	JBBPXQ010000006.1	583	47	157	203	20702366	20702226	63.830	1.09e-12	77.0
Protobothrops_mucrosquamatus_C9A	JBBPXQ010000006.1	583	67	95	156	20703985	20703785	56.716	4.06e-12	75.1
Protobothrops_mucrosquamatus_C9A	JBBPXQ010000006.1	583	68	54	117	20705275	20705075	44.118	1.59e-09	66.6
Protobothrops_mucrosquamatus_C9A	JBBPXQ010000006.1	583	55	525	579	21409887	21410048	54.545	4.75e-08	62.0
Protobothrops_mucrosquamatus_C9A	JBBPXQ010000006.1	583	69	456	524	21408098	21408301	42.029	7.59e-08	61.2
Protobothrops_mucrosquamatus_C9A	JBBPXQ010000006.1	583	39	19	57	20708343	20708227	61.538	8.93e-08	60.8
Protobothrops_mucrosquamatus_C9A	JBBPXQ010000006.1	583	54	404	457	20694362	20694201	48.148	4.58e-07	58.5
Protobothrops_mucrosquamatus_C9A	JBBPXQ010000006.1	583	83	274	356	21455487	21455239	30.120	5.50e-06	55.1
Protobothrops_mucrosquamatus_C9A	JBBPXQ010000006.1	583	81	274	354	21501108	21500866	32.099	5.99e-06	55.1
Protobothrops_mucrosquamatus_C9A	JBBPXQ010000014.1	583	228	298	514	35639239	35639862	27.193	4.25e-11	71.6
Protobothrops_mucrosquamatus_C9A	JBBPXQ010000004.1	583	81	274	354	69149938	69150180	35.802	3.74e-08	62.4
Protobothrops_mucrosquamatus_C9A	JBBPXQ010000004.1	583	47	537	583	69178333	69178473	55.319	9.08e-08	60.8
Protobothrops_mucrosquamatus_C9A	JBBPXQ010000004.1	583	72	454	524	69176777	69176992	34.722	7.73e-06	54.7
Chrysopelea_ornata_C9A	JBBPXQ010000006.1	584	99	261	359	20699583	20699299	56.566	2.00e-27	123
Chrysopelea_ornata_C9A	JBBPXQ010000006.1	584	82	454	535	20693290	20693045	60.976	1.21e-22	108
Chrysopelea_ornata_C9A	JBBPXQ010000006.1	584	47	157	203	20702366	20702226	72.340	1.91e-14	82.4
Chrysopelea_ornata_C9A	JBBPXQ010000006.1	584	56	102	156	20703952	20703785	66.071	4.31e-13	78.2
Chrysopelea_ornata_C9A	JBBPXQ010000006.1	584	57	528	584	20691531	20691361	52.632	2.36e-10	69.3
Chrysopelea_ornata_C9A	JBBPXQ010000006.1	584	68	54	117	20705275	20705075	47.059	6.41e-10	67.8
Chrysopelea_ornata_C9A	JBBPXQ010000006.1	584	56	403	458	20694368	20694201	51.786	2.45e-08	62.8
Chrysopelea_ornata_C9A	JBBPXQ010000006.1	584	69	457	525	21408098	21408301	40.580	1.01e-07	60.8
Chrysopelea_ornata_C9A	JBBPXQ010000006.1	584	59	526	584	21409887	21410060	47.458	1.57e-06	57.0
Chrysopelea_ornata_C9A	JBBPXQ010000006.1	584	91	274	364	21455487	21455215	30.769	2.77e-06	56.2
Chrysopelea_ornata_C9A	JBBPXQ010000006.1	584	39	19	57	20708343	20708227	56.410	6.27e-06	55.1
Chrysopelea_ornata_C9A	JBBPXQ010000014.1	584	228	298	515	35639239	35639862	25.439	6.41e-10	67.8
Chrysopelea_ornata_C9A	JBBPXQ010000004.1	584	81	274	354	69149938	69150180	38.272	4.64e-08	62.0
Chrysopelea_ornata_C9A	JBBPXQ010000004.1	584	47	538	584	69178333	69178473	48.936	5.98e-07	58.2
Chrysopelea_ornata_C9A	JBBPXQ010000012.1	584	78	508	584	21779641	21779411	38.462	7.06e-06	54.7
Pituophis_catenifer_C9A	JBBPXQ010000006.1	583	99	261	359	20699583	20699299	56.566	1.86e-27	123
Pituophis_catenifer_C9A	JBBPXQ010000006.1	583	80	453	532	20693290	20693051	61.250	1.25e-22	108
Pituophis_catenifer_C9A	JBBPXQ010000006.1	583	67	95	156	20703985	20703785	59.701	6.71e-13	77.4
Pituophis_catenifer_C9A	JBBPXQ010000006.1	583	47	157	203	20702366	20702226	63.830	1.10e-11	73.6
Pituophis_catenifer_C9A	JBBPXQ010000006.1	583	57	527	583	20691531	20691361	54.386	3.58e-11	72.0
Pituophis_catenifer_C9A	JBBPXQ010000006.1	583	68	54	117	20705275	20705075	48.529	3.06e-10	68.9
Pituophis_catenifer_C9A	JBBPXQ010000006.1	583	65	397	457	20694395	20694201	50.769	9.48e-09	64.3
Pituophis_catenifer_C9A	JBBPXQ010000006.1	583	39	19	57	20708343	20708227	61.538	6.02e-07	58.2
Pituophis_catenifer_C9A	JBBPXQ010000006.1	583	48	536	583	21409917	21410060	50.000	1.22e-06	57.4
Pituophis_catenifer_C9A	JBBPXQ010000006.1	583	69	456	524	21408098	21408301	39.130	4.97e-06	55.5
Pituophis_catenifer_C9A	JBBPXQ010000006.1	583	52	533	583	21495098	21494943	48.077	7.67e-06	54.7
Pituophis_catenifer_C9A	JBBPXQ010000014.1	583	222	298	514	35639239	35639862	25.676	2.54e-10	69.3
Pituophis_catenifer_C9A	JBBPXQ010000004.1	583	54	530	583	69178312	69178473	46.296	2.38e-08	62.8
Pituophis_catenifer_C9A	JBBPXQ010000004.1	583	77	454	529	69176777	69177007	36.364	1.47e-06	57.0
Pituophis_catenifer_C9A	JBBPXQ010000004.1	583	74	277	350	69149947	69150168	36.486	2.76e-06	56.2
Pituophis_catenifer_C9A	JBBPXQ010000012.1	583	75	510	583	21779632	21779411	40.000	5.36e-06	55.1
Pantherophis_obsoletus_C9A	JBBPXQ010000006.1	583	99	261	359	20699583	20699299	59.596	2.80e-30	132
Pantherophis_obsoletus_C9A	JBBPXQ010000006.1	583	82	453	534	20693290	20693045	59.756	7.02e-23	109
Pantherophis_obsoletus_C9A	JBBPXQ010000006.1	583	67	95	156	20703985	20703785	58.209	2.69e-12	75.5
Pantherophis_obsoletus_C9A	JBBPXQ010000006.1	583	47	157	203	20702366	20702226	63.830	4.74e-12	74.7
Pantherophis_obsoletus_C9A	JBBPXQ010000006.1	583	57	527	583	20691531	20691361	56.140	1.21e-11	73.6
Pantherophis_obsoletus_C9A	JBBPXQ010000006.1	583	84	38	117	20705317	20705075	45.238	2.72e-11	72.4
Pantherophis_obsoletus_C9A	JBBPXQ010000006.1	583	66	393	457	20694398	20694201	48.485	1.81e-08	63.2
Pantherophis_obsoletus_C9A	JBBPXQ010000006.1	583	39	19	57	20708343	20708227	64.103	4.99e-07	58.5
Pantherophis_obsoletus_C9A	JBBPXQ010000006.1	583	59	525	583	21409887	21410060	47.458	5.43e-07	58.5
Pantherophis_obsoletus_C9A	JBBPXQ010000006.1	583	99	266	364	21455511	21455215	29.293	1.51e-06	57.0
Pantherophis_obsoletus_C9A	JBBPXQ010000006.1	583	69	456	524	21408098	21408301	39.130	4.76e-06	55.5
Pantherophis_obsoletus_C9A	JBBPXQ010000014.1	583	228	298	514	35639239	35639862	25.877	1.13e-10	70.5
Pantherophis_obsoletus_C9A	JBBPXQ010000004.1	583	81	274	354	69149938	69150180	38.272	1.44e-08	63.5
Pantherophis_obsoletus_C9A	JBBPXQ010000004.1	583	47	537	583	69178333	69178473	53.191	3.00e-08	62.4
Pantherophis_obsoletus_C9A	JBBPXQ010000004.1	583	82	277	358	69207839	69207594	31.707	9.21e-07	57.8
Pantherophis_obsoletus_C9A	JBBPXQ010000004.1	583	77	454	529	69176777	69177007	36.364	1.39e-06	57.0
Bothrops_jararaca_C9A	JBBPXQ010000006.1	583	96	262	357	20699580	20699305	60.417	4.62e-28	125
Bothrops_jararaca_C9A	JBBPXQ010000006.1	583	82	453	534	20693290	20693045	60.976	9.51e-24	112
Bothrops_jararaca_C9A	JBBPXQ010000006.1	583	57	527	583	20691531	20691361	59.649	8.68e-13	77.4
Bothrops_jararaca_C9A	JBBPXQ010000006.1	583	47	157	203	20702366	20702226	63.830	1.01e-12	77.0
Bothrops_jararaca_C9A	JBBPXQ010000006.1	583	67	95	156	20703985	20703785	59.701	1.15e-12	77.0
Bothrops_jararaca_C9A	JBBPXQ010000006.1	583	54	54	107	20705275	20705117	51.852	1.18e-09	67.0
Bothrops_jararaca_C9A	JBBPXQ010000006.1	583	55	525	579	21409887	21410048	54.545	4.14e-08	62.0
Bothrops_jararaca_C9A	JBBPXQ010000006.1	583	62	398	457	20694386	20694201	48.387	4.29e-08	62.0
Bothrops_jararaca_C9A	JBBPXQ010000006.1	583	39	19	57	20708343	20708227	56.410	8.75e-07	57.8
Bothrops_jararaca_C9A	JBBPXQ010000006.1	583	69	456	524	21408098	21408301	39.130	1.59e-06	57.0
Bothrops_jararaca_C9A	JBBPXQ010000006.1	583	91	274	364	21455487	21455215	28.571	6.36e-06	55.1
Bothrops_jararaca_C9A	JBBPXQ010000006.1	583	81	274	354	21501108	21500866	32.099	8.57e-06	54.7
Bothrops_jararaca_C9A	JBBPXQ010000014.1	583	227	298	514	35639239	35639862	25.551	5.96e-10	68.2
Bothrops_jararaca_C9A	JBBPXQ010000004.1	583	66	289	354	69149983	69150180	42.424	5.68e-08	61.6
Bothrops_jararaca_C9A	JBBPXQ010000004.1	583	47	537	583	69178333	69178473	51.064	8.39e-07	57.8
Bothrops_jararaca_C9A	JBBPXQ010000004.1	583	72	454	524	69176777	69176992	34.722	4.09e-06	55.5
Ptyas_mucosa_C9A	JBBPXQ010000006.1	583	99	261	359	20699583	20699299	59.596	3.10e-29	129
Ptyas_mucosa_C9A	JBBPXQ010000006.1	583	82	453	534	20693290	20693045	57.317	1.44e-21	105
Ptyas_mucosa_C9A	JBBPXQ010000006.1	583	67	95	156	20703985	20703785	62.687	8.12e-14	80.5
Ptyas_mucosa_C9A	JBBPXQ010000006.1	583	47	157	203	20702366	20702226	65.957	3.01e-12	75.5
Ptyas_mucosa_C9A	JBBPXQ010000006.1	583	57	527	583	20691531	20691361	56.140	3.96e-12	75.1
Ptyas_mucosa_C9A	JBBPXQ010000006.1	583	68	54	117	20705275	20705075	50.000	2.99e-11	72.4
Ptyas_mucosa_C9A	JBBPXQ010000006.1	583	67	392	457	20694401	20694201	49.254	1.71e-08	63.2
Ptyas_mucosa_C9A	JBBPXQ010000006.1	583	79	456	534	21408098	21408325	40.506	9.80e-08	60.8
Ptyas_mucosa_C9A	JBBPXQ010000006.1	583	59	525	583	21409887	21410060	49.153	1.36e-07	60.5
Ptyas_mucosa_C9A	JBBPXQ010000006.1	583	39	19	57	20708343	20708227	64.103	2.38e-07	59.7
Ptyas_mucosa_C9A	JBBPXQ010000014.1	583	226	298	514	35639239	35639862	28.319	1.95e-11	72.8
Ptyas_mucosa_C9A	JBBPXQ010000004.1	583	81	274	354	69149938	69150180	38.272	2.24e-08	62.8
Ptyas_mucosa_C9A	JBBPXQ010000004.1	583	47	537	583	69178333	69178473	53.191	3.81e-08	62.0
Ptyas_mucosa_C9A	JBBPXQ010000004.1	583	82	277	358	69207839	69207594	31.707	1.62e-06	57.0
Ptyas_mucosa_C9A	JBBPXQ010000004.1	583	77	454	529	69176777	69177007	36.364	2.54e-06	56.2
Vipera_berus_C9A	JBBPXQ010000006.1	583	94	262	355	20699580	20699311	56.383	4.46e-26	119
Vipera_berus_C9A	JBBPXQ010000006.1	583	82	453	534	20693290	20693045	58.537	1.01e-22	108
Vipera_berus_C9A	JBBPXQ010000006.1	583	47	157	203	20702366	20702226	65.957	6.89e-13	77.4
Vipera_berus_C9A	JBBPXQ010000006.1	583	57	527	583	20691531	20691361	57.895	2.23e-12	75.9
Vipera_berus_C9A	JBBPXQ010000006.1	583	67	95	156	20703985	20703785	55.224	7.47e-11	70.9
Vipera_berus_C9A	JBBPXQ010000006.1	583	68	54	117	20705275	20705075	45.588	1.38e-09	67.0
Vipera_berus_C9A	JBBPXQ010000006.1	583	69	456	524	21408098	21408301	43.478	1.17e-08	63.9
Vipera_berus_C9A	JBBPXQ010000006.1	583	56	402	457	20694368	20694201	51.786	1.21e-08	63.9
Vipera_berus_C9A	JBBPXQ010000006.1	583	55	525	579	21409887	21410048	54.545	5.93e-08	61.6
Vipera_berus_C9A	JBBPXQ010000006.1	583	50	8	57	20708367	20708227	50.000	3.12e-07	59.3
Vipera_berus_C9A	JBBPXQ010000006.1	583	91	274	364	21455487	21455215	30.769	8.46e-07	57.8
Vipera_berus_C9A	JBBPXQ010000006.1	583	70	274	343	21501108	21500899	35.714	3.09e-06	55.8
Vipera_berus_C9A	JBBPXQ010000014.1	583	226	298	514	35639239	35639862	26.106	7.77e-10	67.8
Vipera_berus_C9A	JBBPXQ010000004.1	583	81	274	354	69149938	69150180	35.802	1.96e-07	59.7
Vipera_berus_C9A	JBBPXQ010000004.1	583	47	537	583	69178333	69178473	48.936	1.51e-06	57.0
Vipera_berus_C9A	JBBPXQ010000004.1	583	72	454	524	69176777	69176992	34.722	7.41e-06	54.7
Vipera_berus_C9A	JBBPXQ010000013.1	583	49	91	138	51121957	51121811	51.020	6.25e-06	55.1
Sceloporus_undulatus_C9A	JBBPXQ010000006.1	591	81	279	359	20699553	20699311	71.605	3.64e-29	129
Sceloporus_undulatus_C9A	JBBPXQ010000006.1	591	82	457	538	20693290	20693045	64.634	1.85e-27	124
Sceloporus_undulatus_C9A	JBBPXQ010000006.1	591	56	534	589	20691522	20691355	58.929	2.41e-13	79.0
Sceloporus_undulatus_C9A	JBBPXQ010000006.1	591	47	156	202	20702366	20702226	68.085	5.40e-13	77.8
Sceloporus_undulatus_C9A	JBBPXQ010000006.1	591	67	54	116	20705275	20705075	50.746	1.05e-12	77.0
Sceloporus_undulatus_C9A	JBBPXQ010000006.1	591	56	101	155	20703952	20703785	64.286	7.81e-11	70.9
Sceloporus_undulatus_C9A	JBBPXQ010000006.1	591	77	385	461	20694416	20694201	48.052	8.84e-10	67.4
Sceloporus_undulatus_C9A	JBBPXQ010000006.1	591	63	529	591	21409887	21410072	46.032	1.63e-08	63.5
Sceloporus_undulatus_C9A	JBBPXQ010000006.1	591	92	277	368	21455490	21455215	31.522	3.80e-08	62.4
Sceloporus_undulatus_C9A	JBBPXQ010000006.1	591	50	539	587	21495092	21494943	58.000	1.41e-07	60.5
Sceloporus_undulatus_C9A	JBBPXQ010000006.1	591	40	539	577	21448279	21448160	67.500	4.34e-07	58.9
Sceloporus_undulatus_C9A	JBBPXQ010000006.1	591	78	281	358	21501099	21500866	33.333	2.08e-06	56.6
Sceloporus_undulatus_C9A	JBBPXQ010000006.1	591	69	460	528	21408098	21408301	37.681	2.24e-06	56.6
Sceloporus_undulatus_C9A	JBBPXQ010000004.1	591	47	541	587	69178333	69178473	57.447	6.97e-09	64.7
Sceloporus_undulatus_C9A	JBBPXQ010000004.1	591	79	280	358	69149944	69150180	37.975	1.44e-07	60.5
Sceloporus_undulatus_C9A	JBBPXQ010000004.1	591	66	464	528	69176795	69176992	39.394	1.96e-06	56.6
Sceloporus_undulatus_C9A	JBBPXQ010000004.1	591	79	281	359	69207839	69207603	34.177	2.12e-06	56.6
Sceloporus_undulatus_C9A	JBBPXQ010000014.1	591	222	302	518	35639239	35639862	22.523	1.79e-07	60.1
Anolis_carolinensis_C9B	JBBPXQ010000006.1	538	93	265	357	20699583	20699317	63.441	8.27e-26	117
Anolis_carolinensis_C9B	JBBPXQ010000006.1	538	73	457	529	20693290	20693072	67.123	2.90e-23	110
Anolis_carolinensis_C9B	JBBPXQ010000006.1	538	63	140	202	20702408	20702226	60.317	8.89e-15	83.2
Anolis_carolinensis_C9B	JBBPXQ010000006.1	538	54	54	107	20705275	20705114	64.815	9.29e-14	80.1
Anolis_carolinensis_C9B	JBBPXQ010000006.1	538	56	101	155	20703952	20703785	66.071	2.21e-12	75.5
Anolis_carolinensis_C9B	JBBPXQ010000006.1	538	58	403	460	20694377	20694204	55.172	7.78e-11	70.9
Anolis_carolinensis_C9B	JBBPXQ010000006.1	538	121	281	401	21455478	21455116	29.752	4.20e-09	65.1
Anolis_carolinensis_C9B	JBBPXQ010000006.1	538	71	462	532	21408104	21408313	40.845	3.57e-08	62.0
Anolis_carolinensis_C9B	JBBPXQ010000006.1	538	75	281	355	21501099	21500875	37.333	4.41e-07	58.5
Anolis_carolinensis_C9B	JBBPXQ010000006.1	538	32	26	57	20708322	20708227	71.875	4.68e-07	58.5
Anolis_carolinensis_C9B	JBBPXQ010000014.1	538	235	290	518	35639200	35639862	25.957	3.22e-09	65.5
Anolis_carolinensis_C9B	JBBPXQ010000004.1	538	77	281	357	69149947	69150177	38.961	9.16e-09	63.9
Anolis_carolinensis_C9B	JBBPXQ010000004.1	538	76	281	356	69207839	69207612	36.842	1.11e-07	60.5
Hydrophis_cyanocinctus_C9B	JBBPXQ010000006.1	582	102	260	361	20699583	20699290	57.843	1.36e-29	130
Hydrophis_cyanocinctus_C9B	JBBPXQ010000006.1	582	80	452	531	20693290	20693051	56.250	7.43e-20	99.8
Hydrophis_cyanocinctus_C9B	JBBPXQ010000006.1	582	56	101	155	20703952	20703785	67.857	3.01e-13	78.6
Hydrophis_cyanocinctus_C9B	JBBPXQ010000006.1	582	47	156	202	20702366	20702226	61.702	1.13e-11	73.6
Hydrophis_cyanocinctus_C9B	JBBPXQ010000006.1	582	57	526	582	20691531	20691361	54.386	1.33e-10	70.1
Hydrophis_cyanocinctus_C9B	JBBPXQ010000006.1	582	69	455	523	21408098	21408301	40.580	2.00e-08	63.2
Hydrophis_cyanocinctus_C9B	JBBPXQ010000006.1	582	68	53	116	20705275	20705075	45.588	5.91e-08	61.6
Hydrophis_cyanocinctus_C9B	JBBPXQ010000006.1	582	56	401	456	20694368	20694201	50.000	1.32e-07	60.5
Hydrophis_cyanocinctus_C9B	JBBPXQ010000006.1	582	48	535	582	21409917	21410060	50.000	9.11e-07	57.8
Hydrophis_cyanocinctus_C9B	JBBPXQ010000014.1	582	225	297	513	35639239	35639862	26.667	3.14e-09	65.9
Hydrophis_cyanocinctus_C9B	JBBPXQ010000004.1	582	98	430	526	69176708	69177001	29.592	2.43e-07	59.7
Hydrophis_cyanocinctus_C9B	JBBPXQ010000004.1	582	55	528	582	69178309	69178473	43.636	2.76e-07	59.3
Hydrophis_cyanocinctus_C9B	JBBPXQ010000004.1	582	81	273	353	69149938	69150180	34.568	5.80e-07	58.2
Hydrophis_cyanocinctus_C9B	JBBPXQ010000004.1	582	82	276	357	69207839	69207594	30.488	3.32e-06	55.8
Bothrops_jararaca_C9B	JBBPXQ010000006.1	583	94	262	355	20699580	20699311	60.638	4.15e-28	125
Bothrops_jararaca_C9B	JBBPXQ010000006.1	583	82	453	534	20693290	20693045	60.976	1.10e-23	112
Bothrops_jararaca_C9B	JBBPXQ010000006.1	583	47	157	203	20702366	20702226	65.957	3.56e-13	78.6
Bothrops_jararaca_C9B	JBBPXQ010000006.1	583	57	527	583	20691531	20691361	59.649	1.44e-12	76.6
Bothrops_jararaca_C9B	JBBPXQ010000006.1	583	67	95	156	20703985	20703785	56.716	6.08e-12	74.3
Bothrops_jararaca_C9B	JBBPXQ010000006.1	583	68	54	117	20705275	20705075	45.588	3.25e-10	68.9
Bothrops_jararaca_C9B	JBBPXQ010000006.1	583	56	402	457	20694368	20694201	51.786	2.57e-08	62.8
Bothrops_jararaca_C9B	JBBPXQ010000006.1	583	55	525	579	21409887	21410048	52.727	1.50e-07	60.1
Bothrops_jararaca_C9B	JBBPXQ010000006.1	583	39	19	57	20708343	20708227	58.974	6.67e-07	58.2
Bothrops_jararaca_C9B	JBBPXQ010000006.1	583	69	456	524	21408098	21408301	39.130	1.69e-06	57.0
Bothrops_jararaca_C9B	JBBPXQ010000006.1	583	81	274	354	21501108	21500866	32.099	8.86e-06	54.3
Bothrops_jararaca_C9B	JBBPXQ010000006.1	583	83	274	356	21455487	21455239	30.120	9.65e-06	54.3
Bothrops_jararaca_C9B	JBBPXQ010000014.1	583	228	298	514	35639239	35639862	25.877	3.69e-10	68.6
Bothrops_jararaca_C9B	JBBPXQ010000004.1	583	81	274	354	69149938	69150180	35.802	5.59e-08	61.6
Bothrops_jararaca_C9B	JBBPXQ010000004.1	583	47	537	583	69178333	69178473	51.064	1.52e-06	57.0
Bothrops_jararaca_C9B	JBBPXQ010000004.1	583	72	454	524	69176777	69176992	34.722	4.45e-06	55.5
Laticauda_colubrina_C9B	JBBPXQ010000006.1	583	106	250	355	20699616	20699311	56.604	3.16e-29	129
Laticauda_colubrina_C9B	JBBPXQ010000006.1	583	80	453	532	20693290	20693051	60.000	2.85e-21	104
Laticauda_colubrina_C9B	JBBPXQ010000006.1	583	46	157	202	20702366	20702229	65.217	1.12e-12	77.0
Laticauda_colubrina_C9B	JBBPXQ010000006.1	583	56	102	156	20703952	20703785	62.500	3.09e-11	72.4
Laticauda_colubrina_C9B	JBBPXQ010000006.1	583	57	527	583	20691531	20691361	52.632	1.35e-10	70.1
Laticauda_colubrina_C9B	JBBPXQ010000006.1	583	68	54	117	20705275	20705075	45.588	2.13e-08	63.2
Laticauda_colubrina_C9B	JBBPXQ010000006.1	583	69	456	524	21408098	21408301	40.580	6.74e-08	61.2
Laticauda_colubrina_C9B	JBBPXQ010000006.1	583	56	402	457	20694368	20694201	50.000	8.78e-08	60.8
Laticauda_colubrina_C9B	JBBPXQ010000006.1	583	88	277	364	21455478	21455215	28.409	6.96e-07	58.2
Laticauda_colubrina_C9B	JBBPXQ010000006.1	583	38	19	56	20708343	20708230	60.526	2.00e-06	56.6
Laticauda_colubrina_C9B	JBBPXQ010000006.1	583	80	275	354	21501105	21500866	32.500	4.84e-06	55.5
Laticauda_colubrina_C9B	JBBPXQ010000014.1	583	222	298	514	35639239	35639862	26.126	6.55e-10	67.8
Laticauda_colubrina_C9B	JBBPXQ010000004.1	583	78	277	354	69149947	69150180	34.615	1.83e-07	60.1
Laticauda_colubrina_C9B	JBBPXQ010000004.1	583	54	530	583	69178312	69178473	40.741	2.56e-06	56.2
Laticauda_colubrina_C9B	JBBPXQ010000004.1	583	82	274	355	69207848	69207603	30.488	7.54e-06	54.7
Pseudonaja_textilis_C9B	JBBPXQ010000006.1	583	102	261	362	20699583	20699290	59.804	2.70e-30	132
Pseudonaja_textilis_C9B	JBBPXQ010000006.1	583	80	453	532	20693290	20693051	61.250	1.66e-21	105
Pseudonaja_textilis_C9B	JBBPXQ010000006.1	583	56	102	156	20703952	20703785	66.071	7.44e-13	77.4
Pseudonaja_textilis_C9B	JBBPXQ010000006.1	583	47	157	203	20702366	20702226	63.830	4.50e-12	75.1
Pseudonaja_textilis_C9B	JBBPXQ010000006.1	583	69	456	524	21408098	21408301	40.580	1.11e-08	63.9
Pseudonaja_textilis_C9B	JBBPXQ010000006.1	583	57	527	583	20691531	20691361	49.123	1.75e-08	63.2
Pseudonaja_textilis_C9B	JBBPXQ010000006.1	583	68	54	117	20705275	20705075	45.588	1.84e-08	63.2
Pseudonaja_textilis_C9B	JBBPXQ010000006.1	583	56	402	457	20694368	20694201	51.786	1.34e-07	60.5
Pseudonaja_textilis_C9B	JBBPXQ010000006.1	583	59	525	583	21409887	21410060	47.458	1.53e-07	60.1
Pseudonaja_textilis_C9B	JBBPXQ010000006.1	583	39	19	57	20708343	20708227	58.974	2.74e-06	56.2
Pseudonaja_textilis_C9B	JBBPXQ010000014.1	583	227	298	514	35639239	35639862	27.753	1.20e-09	67.0
Pseudonaja_textilis_C9B	JBBPXQ010000004.1	583	93	277	365	69149947	69150225	34.409	3.02e-09	65.9
Pseudonaja_textilis_C9B	JBBPXQ010000004.1	583	47	537	583	69178333	69178473	48.936	7.28e-08	61.2
Pseudonaja_textilis_C9B	JBBPXQ010000004.1	583	106	253	358	69207872	69207594	28.302	9.95e-07	57.8
Pseudonaja_textilis_C9B	JBBPXQ010000004.1	583	95	431	524	69176708	69176992	28.421	8.14e-06	54.7
Notechis_scutatus_C9B	JBBPXQ010000006.1	583	102	261	362	20699583	20699290	58.824	3.39e-30	132
Notechis_scutatus_C9B	JBBPXQ010000006.1	583	80	453	532	20693290	20693051	60.000	9.05e-22	105
Notechis_scutatus_C9B	JBBPXQ010000006.1	583	56	102	156	20703952	20703785	67.857	2.87e-13	79.0
Notechis_scutatus_C9B	JBBPXQ010000006.1	583	47	157	203	20702366	20702226	61.702	8.20e-12	73.9
Notechis_scutatus_C9B	JBBPXQ010000006.1	583	57	527	583	20691531	20691361	54.386	1.42e-10	70.1
Notechis_scutatus_C9B	JBBPXQ010000006.1	583	69	456	524	21408098	21408301	40.580	1.13e-08	63.9
Notechis_scutatus_C9B	JBBPXQ010000006.1	583	68	54	117	20705275	20705075	45.588	4.18e-08	62.0
Notechis_scutatus_C9B	JBBPXQ010000006.1	583	56	402	457	20694368	20694201	50.000	8.13e-08	61.2
Notechis_scutatus_C9B	JBBPXQ010000006.1	583	48	536	583	21409917	21410060	50.000	1.00e-06	57.4
Notechis_scutatus_C9B	JBBPXQ010000006.1	583	38	19	56	20708343	20708230	60.526	2.16e-06	56.6
Notechis_scutatus_C9B	JBBPXQ010000014.1	583	225	298	514	35639239	35639862	26.667	4.06e-10	68.6
Notechis_scutatus_C9B	JBBPXQ010000004.1	583	47	537	583	69178333	69178473	51.064	3.70e-07	58.9
Notechis_scutatus_C9B	JBBPXQ010000004.1	583	95	431	524	69176708	69176992	29.474	8.98e-07	57.8
Notechis_scutatus_C9B	JBBPXQ010000004.1	583	78	277	354	69149947	69150180	33.333	9.61e-07	57.8
Notechis_scutatus_C9B	JBBPXQ010000004.1	583	85	274	358	69207848	69207594	29.412	3.45e-06	55.8
Pituophis_catenifer_C9B	JBBPXQ010000006.1	583	99	261	359	20699583	20699299	57.576	2.18e-27	123
Pituophis_catenifer_C9B	JBBPXQ010000006.1	583	82	453	534	20693290	20693045	60.976	3.86e-23	110
Pituophis_catenifer_C9B	JBBPXQ010000006.1	583	67	95	156	20703985	20703785	65.672	1.82e-15	85.9
Pituophis_catenifer_C9B	JBBPXQ010000006.1	583	47	157	203	20702366	20702226	70.213	5.37e-14	81.3
Pituophis_catenifer_C9B	JBBPXQ010000006.1	583	57	527	583	20691531	20691361	56.140	3.23e-11	72.0
Pituophis_catenifer_C9B	JBBPXQ010000006.1	583	68	54	117	20705275	20705075	50.000	4.98e-10	68.2
Pituophis_catenifer_C9B	JBBPXQ010000006.1	583	67	395	457	20694401	20694201	46.269	6.46e-08	61.6
Pituophis_catenifer_C9B	JBBPXQ010000006.1	583	69	456	524	21408098	21408301	42.029	8.63e-08	60.8
Pituophis_catenifer_C9B	JBBPXQ010000006.1	583	55	530	579	21409884	21410048	47.273	4.30e-06	55.5
Pituophis_catenifer_C9B	JBBPXQ010000014.1	583	228	298	514	35639239	35639862	27.193	3.86e-11	72.0
Pituophis_catenifer_C9B	JBBPXQ010000004.1	583	47	537	583	69178333	69178473	53.191	5.97e-07	58.2
Pituophis_catenifer_C9B	JBBPXQ010000004.1	583	77	454	529	69176777	69177007	36.364	9.78e-07	57.8
Pituophis_catenifer_C9B	JBBPXQ010000004.1	583	74	277	350	69149947	69150168	36.486	2.41e-06	56.2
Pantherophis_obsoletus_C9B	JBBPXQ010000006.1	583	99	261	359	20699583	20699299	58.586	1.30e-28	127
Pantherophis_obsoletus_C9B	JBBPXQ010000006.1	583	82	453	534	20693290	20693045	53.659	4.24e-20	100
Pantherophis_obsoletus_C9B	JBBPXQ010000006.1	583	67	95	156	20703985	20703785	65.672	2.36e-15	85.5
Pantherophis_obsoletus_C9B	JBBPXQ010000006.1	583	47	157	203	20702366	20702226	70.213	6.16e-14	80.9
Pantherophis_obsoletus_C9B	JBBPXQ010000006.1	583	56	528	583	20691528	20691361	60.714	1.54e-12	76.3
Pantherophis_obsoletus_C9B	JBBPXQ010000006.1	583	84	38	117	20705317	20705075	44.048	6.57e-11	71.2
Pantherophis_obsoletus_C9B	JBBPXQ010000006.1	583	62	396	457	20694386	20694201	45.161	3.61e-07	58.9
Pantherophis_obsoletus_C9B	JBBPXQ010000006.1	583	69	456	524	21408098	21408301	36.232	8.32e-07	57.8
Pantherophis_obsoletus_C9B	JBBPXQ010000006.1	583	91	274	364	21455487	21455215	30.769	1.36e-06	57.0
Pantherophis_obsoletus_C9B	JBBPXQ010000006.1	583	39	19	57	20708343	20708227	61.538	1.56e-06	57.0
Pantherophis_obsoletus_C9B	JBBPXQ010000006.1	583	55	530	579	21409884	21410048	47.273	2.60e-06	56.2
Pantherophis_obsoletus_C9B	JBBPXQ010000006.1	583	81	274	354	21501108	21500866	33.333	5.84e-06	55.1
Pantherophis_obsoletus_C9B	JBBPXQ010000014.1	583	222	298	514	35639239	35639862	25.676	2.58e-10	69.3
Pantherophis_obsoletus_C9B	JBBPXQ010000004.1	583	81	274	354	69149938	69150180	38.272	1.81e-08	63.2
Pantherophis_obsoletus_C9B	JBBPXQ010000004.1	583	85	274	358	69207848	69207594	31.765	4.78e-07	58.5
Pantherophis_obsoletus_C9B	JBBPXQ010000004.1	583	47	537	583	69178333	69178473	51.064	7.08e-07	58.2
Pantherophis_obsoletus_C9B	JBBPXQ010000004.1	583	72	454	524	69176777	69176992	36.111	1.76e-06	56.6
Crotalus_tigris_C9B	JBBPXQ010000006.1	583	99	261	359	20699583	20699299	57.576	3.41e-27	122
Crotalus_tigris_C9B	JBBPXQ010000006.1	583	83	453	535	20693290	20693042	57.831	5.30e-23	109
Crotalus_tigris_C9B	JBBPXQ010000006.1	583	67	95	156	20703985	20703785	61.194	6.27e-14	80.9
Crotalus_tigris_C9B	JBBPXQ010000006.1	583	47	157	203	20702366	20702226	65.957	1.58e-12	76.3
Crotalus_tigris_C9B	JBBPXQ010000006.1	583	56	528	583	20691528	20691361	57.143	8.00e-12	73.9
Crotalus_tigris_C9B	JBBPXQ010000006.1	583	84	38	117	20705317	20705075	42.857	2.07e-10	69.7
Crotalus_tigris_C9B	JBBPXQ010000006.1	583	69	456	524	21408098	21408301	39.130	1.63e-07	60.1
Crotalus_tigris_C9B	JBBPXQ010000006.1	583	56	402	457	20694368	20694201	50.000	2.57e-07	59.3
Crotalus_tigris_C9B	JBBPXQ010000006.1	583	55	525	579	21409887	21410048	50.909	4.97e-06	55.5
Crotalus_tigris_C9B	JBBPXQ010000014.1	583	222	298	514	35639239	35639862	25.676	1.44e-09	66.6
Crotalus_tigris_C9B	JBBPXQ010000004.1	583	47	537	583	69178333	69178473	53.191	2.57e-07	59.3
Crotalus_tigris_C9B	JBBPXQ010000004.1	583	70	456	524	69176783	69176992	37.143	2.56e-06	56.2
Crotalus_tigris_C9B	JBBPXQ010000004.1	583	74	277	350	69149947	69150168	35.135	5.79e-06	55.1
Crotalus_tigris_C9B	JBBPXQ010000013.1	583	51	91	140	51121957	51121805	49.020	8.86e-06	54.3
Ptyas_mucosa_C9B	JBBPXQ010000006.1	583	93	261	353	20699583	20699317	60.215	3.56e-27	122
Ptyas_mucosa_C9B	JBBPXQ010000006.1	583	82	453	534	20693290	20693045	52.439	3.82e-19	97.8
Ptyas_mucosa_C9B	JBBPXQ010000006.1	583	56	102	156	20703952	20703785	71.429	9.95e-15	83.6
Ptyas_mucosa_C9B	JBBPXQ010000006.1	583	47	157	203	20702366	20702226	70.213	4.56e-14	81.3
Ptyas_mucosa_C9B	JBBPXQ010000006.1	583	56	528	583	20691528	20691361	60.714	1.02e-12	77.0
Ptyas_mucosa_C9B	JBBPXQ010000006.1	583	94	54	143	20705275	20705021	39.362	2.43e-10	69.3
Ptyas_mucosa_C9B	JBBPXQ010000006.1	583	56	402	457	20694368	20694201	50.000	2.13e-07	59.7
Ptyas_mucosa_C9B	JBBPXQ010000006.1	583	55	530	579	21409884	21410048	50.909	3.80e-07	58.9
Ptyas_mucosa_C9B	JBBPXQ010000006.1	583	69	456	524	21408098	21408301	34.783	9.90e-06	54.3
Ptyas_mucosa_C9B	JBBPXQ010000014.1	583	222	298	514	35639239	35639862	24.775	3.58e-09	65.5
Ptyas_mucosa_C9B	JBBPXQ010000004.1	583	47	537	583	69178333	69178473	51.064	4.66e-07	58.5
Ptyas_mucosa_C9B	JBBPXQ010000004.1	583	74	277	350	69149947	69150168	36.486	2.67e-06	56.2
Ptyas_mucosa_C9B	JBBPXQ010000004.1	583	70	456	524	69176783	69176992	37.143	2.74e-06	56.2
