# Correlophus_ciliatus_copy1 subject=JBBPXQ010000006.1 region_offset=20676372 (add to sstart/send)
Lacerta_agilis_C9A	region	589	85	277	361	23182	22928	75.294	2.40e-38	143
Lacerta_agilis_C9A	region	589	77	458	534	16910	16680	75.325	1.11e-33	129
Lacerta_agilis_C9A	region	589	63	139	201	26037	25855	65.079	1.94e-21	90.5
Lacerta_agilis_C9A	region	589	56	100	154	27581	27414	73.214	7.67e-21	88.6
Lacerta_agilis_C9A	region	589	67	53	115	28904	28704	55.224	2.27e-19	84.0
Lacerta_agilis_C9A	region	589	59	400	458	18009	17833	59.322	3.27e-16	73.6
Lacerta_agilis_C9A	region	589	47	539	584	15130	14990	72.340	8.82e-16	72.4
Lacerta_agilis_C9A	region	589	89	201	277	24765	24499	43.820	2.84e-12	60.8
Lacerta_agilis_C9A	region	589	53	5	56	32014	31856	49.057	2.57e-09	51.2
Lacerta_agilis_C9A	region	589	26	1	26	36630	36556	61.538	0.010	29.6
Lacerta_agilis_C9A	region	589	54	342	390	21498	21337	31.481	0.011	29.6
Lacerta_agilis_C9A	region	589	44	41	84	15115	14987	36.364	0.23	25.0
Zootoca_vivipara_C9A	region	589	85	277	361	23182	22928	75.294	2.86e-38	143
Zootoca_vivipara_C9A	region	589	77	458	534	16910	16680	75.325	2.28e-33	128
Zootoca_vivipara_C9A	region	589	63	139	201	26037	25855	65.079	1.93e-21	90.5
Zootoca_vivipara_C9A	region	589	56	100	154	27581	27414	71.429	1.39e-20	87.8
Zootoca_vivipara_C9A	region	589	67	53	115	28904	28704	55.224	1.82e-19	84.0
Zootoca_vivipara_C9A	region	589	59	400	458	18009	17833	57.627	2.01e-15	71.2
Zootoca_vivipara_C9A	region	589	47	539	584	15130	14990	70.213	2.18e-15	70.9
Zootoca_vivipara_C9A	region	589	89	201	277	24765	24499	42.697	7.97e-12	59.3
Zootoca_vivipara_C9A	region	589	53	5	56	32014	31856	47.170	7.39e-09	49.7
Zootoca_vivipara_C9A	region	589	54	342	390	21498	21337	31.481	0.002	31.6
Zootoca_vivipara_C9A	region	589	26	1	26	36630	36556	61.538	0.010	29.6
Zootoca_vivipara_C9A	region	589	44	41	84	15115	14987	36.364	0.29	25.0
Podarcis_muralis_C9A	region	589	85	277	361	23182	22928	76.471	1.92e-38	143
Podarcis_muralis_C9A	region	589	80	455	534	16919	16680	68.750	4.50e-31	120
Podarcis_muralis_C9A	region	589	63	139	201	26037	25855	65.079	2.01e-21	90.5
Podarcis_muralis_C9A	region	589	56	100	154	27581	27414	73.214	7.48e-21	88.6
Podarcis_muralis_C9A	region	589	67	53	115	28904	28704	56.716	2.77e-19	83.6
Podarcis_muralis_C9A	region	589	47	539	584	15130	14990	74.468	2.44e-16	73.9
Podarcis_muralis_C9A	region	589	59	400	458	18009	17833	55.932	8.82e-16	72.4
Podarcis_muralis_C9A	region	589	90	201	278	24765	24496	42.222	2.00e-11	58.2
Podarcis_muralis_C9A	region	589	53	5	56	32014	31856	50.943	2.78e-09	51.2
Podarcis_muralis_C9A	region	589	54	342	390	21498	21337	29.630	0.012	29.3
Podarcis_muralis_C9A	region	589	44	41	84	15115	14987	36.364	0.17	25.8
Anolis_carolinensis_C9A	region	591	81	279	359	23182	22940	71.605	5.74e-33	126
Anolis_carolinensis_C9A	region	591	82	457	538	16919	16674	65.854	4.08e-31	120
Anolis_carolinensis_C9A	region	591	47	156	202	25995	25855	76.596	1.49e-20	87.8
Anolis_carolinensis_C9A	region	591	56	532	587	15157	14990	62.500	3.21e-19	83.2
Anolis_carolinensis_C9A	region	591	56	101	155	27581	27414	69.643	3.13e-18	80.1
Anolis_carolinensis_C9A	region	591	51	56	106	28898	28746	66.667	2.21e-17	77.4
Anolis_carolinensis_C9A	region	591	60	402	461	18009	17830	50.000	1.23e-13	65.1
Anolis_carolinensis_C9A	region	591	32	26	57	31951	31856	71.875	1.76e-10	55.1
Anolis_carolinensis_C9A	region	591	81	202	274	24765	24523	41.975	6.94e-09	49.7
Anolis_carolinensis_C9A	region	591	13	358	370	21441	21403	69.231	0.74	23.5
Pogona_vitticeps_C9A	region	576	84	257	340	23191	22940	64.286	3.89e-32	124
Pogona_vitticeps_C9A	region	576	74	438	511	16919	16698	72.973	5.03e-31	120
Pogona_vitticeps_C9A	region	576	51	156	206	25995	25843	76.471	1.80e-21	90.5
Pogona_vitticeps_C9A	region	576	56	101	155	27581	27414	69.643	1.40e-18	81.3
Pogona_vitticeps_C9A	region	576	49	525	573	15130	14984	71.429	2.86e-18	80.1
Pogona_vitticeps_C9A	region	576	53	54	106	28904	28746	64.151	7.37e-17	75.5
Pogona_vitticeps_C9A	region	576	65	378	441	18027	17833	50.769	7.60e-15	68.9
Pogona_vitticeps_C9A	region	576	39	19	57	31972	31856	66.667	8.21e-12	59.3
Pogona_vitticeps_C9A	region	576	26	1	26	36630	36553	53.846	0.059	26.9
Pogona_vitticeps_C9A	region	576	35	339	373	21441	21337	34.286	0.074	26.9
Pogona_vitticeps_C9A	region	576	31	494	524	35397	35489	38.710	0.48	24.3
Gekko_japonicus_C9A	region	582	97	280	376	23209	22931	64.948	1.88e-34	131
Gekko_japonicus_C9A	region	582	73	455	527	16907	16689	73.973	5.63e-31	120
Gekko_japonicus_C9A	region	582	56	117	172	27581	27414	66.071	2.13e-19	84.0
Gekko_japonicus_C9A	region	582	45	173	217	25995	25861	77.778	3.92e-19	83.2
Gekko_japonicus_C9A	region	582	52	530	581	15145	14990	71.154	6.81e-19	82.4
Gekko_japonicus_C9A	region	582	54	69	122	28898	28746	66.667	1.22e-18	81.3
Gekko_japonicus_C9A	region	582	71	396	464	18009	17797	53.521	4.08e-16	73.2
Gekko_japonicus_C9A	region	582	38	32	69	31972	31859	73.684	5.94e-13	63.2
Gekko_japonicus_C9A	region	582	81	222	291	24756	24514	33.333	3.15e-07	44.3
Gekko_japonicus_C9A	region	582	21	372	392	21441	21379	52.381	0.068	26.9
Crotalus_tigris_C9A	region	583	83	277	359	23176	22928	62.651	4.28e-31	120
Crotalus_tigris_C9A	region	583	82	453	534	16919	16674	56.098	3.44e-26	105
Crotalus_tigris_C9A	region	583	67	95	156	27614	27414	61.194	1.90e-18	80.9
Crotalus_tigris_C9A	region	583	47	157	203	25995	25855	65.957	4.05e-17	76.6
Crotalus_tigris_C9A	region	583	56	528	583	15157	14990	55.357	7.59e-16	72.4
Crotalus_tigris_C9A	region	583	84	38	117	28946	28704	42.857	4.99e-15	69.7
Crotalus_tigris_C9A	region	583	56	402	457	17997	17830	50.000	6.89e-12	59.7
Crotalus_tigris_C9A	region	583	39	19	57	31972	31856	56.410	1.02e-09	52.4
Crotalus_tigris_C9A	region	583	26	1	26	36630	36553	53.846	0.005	30.8
Crotalus_tigris_C9A	region	583	46	44	89	15109	14975	32.609	0.27	25.0
Thamnophis_elegans_C9A	region	583	99	261	359	23212	22928	57.576	4.33e-33	127
Thamnophis_elegans_C9A	region	583	77	458	534	16904	16674	61.039	7.94e-25	101
Thamnophis_elegans_C9A	region	583	47	157	203	25995	25855	70.213	2.80e-17	77.0
Thamnophis_elegans_C9A	region	583	57	527	583	15160	14990	57.895	8.32e-17	75.5
Thamnophis_elegans_C9A	region	583	56	102	156	27581	27414	64.286	1.31e-15	71.6
Thamnophis_elegans_C9A	region	583	84	38	117	28946	28704	42.857	1.56e-13	65.1
Thamnophis_elegans_C9A	region	583	56	402	457	17997	17830	51.786	9.45e-13	62.4
Thamnophis_elegans_C9A	region	583	39	19	57	31972	31856	58.974	1.97e-11	58.2
Thamnophis_elegans_C9A	region	583	100	203	296	24765	24481	34.000	5.54e-07	43.5
Thamnophis_elegans_C9A	region	583	26	1	26	36630	36553	53.846	0.031	28.1
Naja_naja_C9A	region	582	83	277	359	23176	22928	59.036	1.60e-29	115
Naja_naja_C9A	region	582	82	452	533	16919	16674	54.878	6.02e-25	101
Naja_naja_C9A	region	582	67	95	156	27614	27414	65.672	6.03e-19	82.4
Naja_naja_C9A	region	582	47	157	203	25995	25855	68.085	2.29e-17	77.4
Naja_naja_C9A	region	582	56	527	582	15157	14990	58.929	8.73e-17	75.5
Naja_naja_C9A	region	582	68	54	117	28904	28704	45.588	3.90e-14	67.0
Naja_naja_C9A	region	582	55	402	456	17994	17830	49.091	2.87e-11	57.4
Naja_naja_C9A	region	582	32	26	57	31951	31856	68.750	6.71e-10	53.1
Naja_naja_C9A	region	582	40	203	242	24765	24646	37.500	7.22e-04	33.5
Naja_naja_C9A	region	582	26	1	26	36630	36553	42.308	0.27	25.0
Pseudonaja_textilis_C9A	region	583	83	277	359	23176	22928	60.241	2.51e-30	118
Pseudonaja_textilis_C9A	region	583	82	453	534	16919	16674	56.098	1.11e-25	103
Pseudonaja_textilis_C9A	region	583	67	95	156	27614	27414	62.687	2.48e-18	80.5
Pseudonaja_textilis_C9A	region	583	47	157	203	25995	25855	68.085	2.11e-17	77.4
Pseudonaja_textilis_C9A	region	583	56	528	583	15157	14990	60.714	6.11e-17	75.9
Pseudonaja_textilis_C9A	region	583	84	38	117	28946	28704	44.048	1.15e-14	68.6
Pseudonaja_textilis_C9A	region	583	39	19	57	31972	31856	64.103	7.63e-12	59.3
Pseudonaja_textilis_C9A	region	583	55	403	457	17994	17830	45.455	3.45e-11	57.4
Pseudonaja_textilis_C9A	region	583	103	203	296	24765	24481	25.243	0.001	32.7
Pseudonaja_textilis_C9A	region	583	26	1	26	36630	36553	50.000	0.020	28.5
Pseudonaja_textilis_C9A	region	583	44	42	85	15115	14987	31.818	0.62	23.9
Python_bivittatus_C9A	region	582	95	261	355	23212	22940	54.737	6.53e-30	117
Python_bivittatus_C9A	region	582	82	453	534	16919	16674	60.976	1.50e-28	112
Python_bivittatus_C9A	region	582	47	157	203	25995	25855	65.957	2.79e-17	77.0
Python_bivittatus_C9A	region	582	59	524	582	15166	14990	54.237	1.15e-16	75.1
Python_bivittatus_C9A	region	582	56	102	156	27581	27414	62.500	1.92e-16	74.3
Python_bivittatus_C9A	region	582	68	54	117	28904	28704	42.647	2.15e-12	61.2
Python_bivittatus_C9A	region	582	39	19	57	31972	31856	64.103	6.15e-12	59.7
Python_bivittatus_C9A	region	582	56	402	457	17997	17830	48.214	7.11e-12	59.7
Python_bivittatus_C9A	region	582	98	203	296	24765	24481	36.735	2.15e-09	51.6
Python_bivittatus_C9A	region	582	26	1	26	36630	36553	65.385	8.70e-04	33.1
Python_bivittatus_C9A	region	582	45	42	85	15115	14987	33.333	0.097	26.6
Notechis_scutatus_C9A	region	583	83	277	359	23176	22928	60.241	2.64e-30	118
Notechis_scutatus_C9A	region	583	82	453	534	16919	16674	54.878	7.49e-26	104
Notechis_scutatus_C9A	region	583	67	95	156	27614	27414	64.179	8.70e-19	82.0
Notechis_scutatus_C9A	region	583	47	157	203	25995	25855	68.085	2.13e-17	77.4
Notechis_scutatus_C9A	region	583	56	528	583	15157	14990	60.714	6.06e-17	75.9
Notechis_scutatus_C9A	region	583	68	54	117	28904	28704	50.000	6.96e-15	69.3
Notechis_scutatus_C9A	region	583	39	19	57	31972	31856	64.103	1.47e-11	58.5
Notechis_scutatus_C9A	region	583	55	403	457	17994	17830	45.455	6.05e-11	56.6
Notechis_scutatus_C9A	region	583	40	203	242	24765	24646	37.500	0.001	33.1
Notechis_scutatus_C9A	region	583	26	1	26	36630	36553	57.692	0.005	30.8
Notechis_scutatus_C9A	region	583	44	42	85	15115	14987	31.818	0.57	23.9
Hydrophis_cyanocinctus_C9A	region	583	83	277	359	23176	22928	60.241	2.72e-30	118
Hydrophis_cyanocinctus_C9A	region	583	82	453	534	16919	16674	54.878	9.33e-26	103
Hydrophis_cyanocinctus_C9A	region	583	67	95	156	27614	27414	64.179	8.19e-19	82.0
Hydrophis_cyanocinctus_C9A	region	583	47	157	203	25995	25855	68.085	2.44e-17	77.4
Hydrophis_cyanocinctus_C9A	region	583	56	528	583	15157	14990	60.714	6.43e-17	75.9
Hydrophis_cyanocinctus_C9A	region	583	84	38	117	28946	28704	45.238	7.59e-15	69.3
Hydrophis_cyanocinctus_C9A	region	583	39	19	57	31972	31856	64.103	8.31e-12	59.3
Hydrophis_cyanocinctus_C9A	region	583	54	404	457	17991	17830	46.296	8.87e-11	55.8
Hydrophis_cyanocinctus_C9A	region	583	103	203	296	24765	24481	25.243	5.11e-04	33.9
Hydrophis_cyanocinctus_C9A	region	583	26	1	26	36630	36553	50.000	0.021	28.5
Hydrophis_cyanocinctus_C9A	region	583	44	42	85	15115	14987	31.818	0.59	23.9
Laticauda_colubrina_C9A	region	583	77	277	353	23176	22946	63.636	8.37e-30	117
Laticauda_colubrina_C9A	region	583	82	453	534	16919	16674	56.098	3.75e-26	105
Laticauda_colubrina_C9A	region	583	67	95	156	27614	27414	62.687	2.36e-18	80.5
Laticauda_colubrina_C9A	region	583	47	157	203	25995	25855	68.085	2.44e-17	77.4
Laticauda_colubrina_C9A	region	583	56	528	583	15157	14990	58.929	2.21e-16	73.9
Laticauda_colubrina_C9A	region	583	83	39	117	28949	28704	43.373	3.41e-14	67.0
Laticauda_colubrina_C9A	region	583	55	403	457	17994	17830	50.909	1.05e-11	58.9
Laticauda_colubrina_C9A	region	583	39	19	57	31972	31856	64.103	1.13e-11	58.9
Laticauda_colubrina_C9A	region	583	40	203	242	24765	24646	32.500	0.014	29.3
Laticauda_colubrina_C9A	region	583	26	1	26	36630	36553	50.000	0.020	28.9
Laticauda_colubrina_C9A	region	583	44	44	85	15118	14987	36.364	0.71	23.5
Protobothrops_mucrosquamatus_C9A	region	583	94	262	355	23209	22940	60.638	2.75e-33	127
Protobothrops_mucrosquamatus_C9A	region	583	82	453	534	16919	16674	60.976	3.91e-28	111
Protobothrops_mucrosquamatus_C9A	region	583	57	527	583	15160	14990	61.404	7.03e-18	79.0
Protobothrops_mucrosquamatus_C9A	region	583	47	157	203	25995	25855	63.830	3.05e-17	77.0
Protobothrops_mucrosquamatus_C9A	region	583	67	95	156	27614	27414	56.716	1.13e-16	75.1
Protobothrops_mucrosquamatus_C9A	region	583	68	54	117	28904	28704	44.118	4.45e-14	66.6
Protobothrops_mucrosquamatus_C9A	region	583	39	19	57	31972	31856	61.538	2.50e-12	60.8
Protobothrops_mucrosquamatus_C9A	region	583	54	404	457	17991	17830	48.148	1.28e-11	58.5
Protobothrops_mucrosquamatus_C9A	region	583	107	203	296	24765	24481	28.037	3.16e-06	41.2
Protobothrops_mucrosquamatus_C9A	region	583	26	1	26	36630	36553	61.538	4.10e-04	34.3
Protobothrops_mucrosquamatus_C9A	region	583	46	44	89	15109	14975	34.783	0.003	31.2
Protobothrops_mucrosquamatus_C9A	region	583	28	75	101	46753	46836	35.714	0.17	25.4
Chrysopelea_ornata_C9A	region	584	99	261	359	23212	22928	56.566	5.53e-32	123
Chrysopelea_ornata_C9A	region	584	82	454	535	16919	16674	60.976	3.35e-27	108
Chrysopelea_ornata_C9A	region	584	47	157	203	25995	25855	72.340	5.30e-19	82.4
Chrysopelea_ornata_C9A	region	584	56	102	156	27581	27414	66.071	1.20e-17	78.2
Chrysopelea_ornata_C9A	region	584	57	528	584	15160	14990	52.632	6.58e-15	69.3
Chrysopelea_ornata_C9A	region	584	68	54	117	28904	28704	47.059	1.79e-14	67.8
Chrysopelea_ornata_C9A	region	584	56	403	458	17997	17830	51.786	6.86e-13	62.8
Chrysopelea_ornata_C9A	region	584	39	19	57	31972	31856	56.410	1.76e-10	55.1
Chrysopelea_ornata_C9A	region	584	107	203	296	24765	24481	29.907	3.08e-06	41.2
Chrysopelea_ornata_C9A	region	584	26	1	26	36630	36553	53.846	0.009	29.6
Pituophis_catenifer_C9A	region	583	99	261	359	23212	22928	56.566	5.14e-32	123
Pituophis_catenifer_C9A	region	583	80	453	532	16919	16680	61.250	3.47e-27	108
Pituophis_catenifer_C9A	region	583	67	95	156	27614	27414	59.701	1.87e-17	77.4
Pituophis_catenifer_C9A	region	583	47	157	203	25995	25855	63.830	3.06e-16	73.6
Pituophis_catenifer_C9A	region	583	57	527	583	15160	14990	54.386	9.98e-16	72.0
Pituophis_catenifer_C9A	region	583	68	54	117	28904	28704	48.529	8.55e-15	68.9
Pituophis_catenifer_C9A	region	583	65	397	457	18024	17830	50.769	2.65e-13	64.3
Pituophis_catenifer_C9A	region	583	39	19	57	31972	31856	61.538	1.69e-11	58.2
Pituophis_catenifer_C9A	region	583	88	203	277	24765	24502	30.682	5.81e-06	40.0
Pituophis_catenifer_C9A	region	583	26	1	26	36630	36553	53.846	0.015	28.9
Pantherophis_obsoletus_C9A	region	583	99	261	359	23212	22928	59.596	7.74e-35	132
Pantherophis_obsoletus_C9A	region	583	82	453	534	16919	16674	59.756	1.94e-27	109
Pantherophis_obsoletus_C9A	region	583	67	95	156	27614	27414	58.209	7.51e-17	75.5
Pantherophis_obsoletus_C9A	region	583	47	157	203	25995	25855	63.830	1.32e-16	74.7
Pantherophis_obsoletus_C9A	region	583	57	527	583	15160	14990	56.140	3.36e-16	73.6
Pantherophis_obsoletus_C9A	region	583	84	38	117	28946	28704	45.238	7.59e-16	72.4
Pantherophis_obsoletus_C9A	region	583	66	393	457	18027	17830	48.485	5.07e-13	63.2
Pantherophis_obsoletus_C9A	region	583	39	19	57	31972	31856	64.103	1.40e-11	58.5
Pantherophis_obsoletus_C9A	region	583	107	203	296	24765	24481	28.972	1.73e-06	42.0
Pantherophis_obsoletus_C9A	region	583	26	1	26	36630	36553	57.692	0.005	30.8
Pantherophis_obsoletus_C9A	region	583	45	42	85	15115	14987	33.333	0.19	25.4
Pantherophis_obsoletus_C9A	region	583	33	507	539	22436	22531	36.364	0.48	24.3
Bothrops_jararaca_C9A	region	583	96	262	357	23209	22934	60.417	1.28e-32	125
Bothrops_jararaca_C9A	region	583	82	453	534	16919	16674	60.976	2.63e-28	112
Bothrops_jararaca_C9A	region	583	57	527	583	15160	14990	59.649	2.42e-17	77.4
Bothrops_jararaca_C9A	region	583	47	157	203	25995	25855	63.830	2.82e-17	77.0
Bothrops_jararaca_C9A	region	583	67	95	156	27614	27414	59.701	3.21e-17	77.0
Bothrops_jararaca_C9A	region	583	54	54	107	28904	28746	51.852	3.30e-14	67.0
Bothrops_jararaca_C9A	region	583	62	398	457	18015	17830	48.387	1.20e-12	62.0
Bothrops_jararaca_C9A	region	583	39	19	57	31972	31856	56.410	2.45e-11	57.8
Bothrops_jararaca_C9A	region	583	43	203	245	24765	24637	41.860	1.66e-06	42.0
Bothrops_jararaca_C9A	region	583	26	1	26	36630	36553	53.846	0.010	29.6
Bothrops_jararaca_C9A	region	583	46	44	89	15109	14975	30.435	0.11	26.2
Ptyas_mucosa_C9A	region	583	99	261	359	23212	22928	59.596	8.57e-34	129
Ptyas_mucosa_C9A	region	583	82	453	534	16919	16674	57.317	3.99e-26	105
Ptyas_mucosa_C9A	region	583	67	95	156	27614	27414	62.687	2.26e-18	80.5
Ptyas_mucosa_C9A	region	583	47	157	203	25995	25855	65.957	8.39e-17	75.5
Ptyas_mucosa_C9A	region	583	57	527	583	15160	14990	56.140	1.10e-16	75.1
Ptyas_mucosa_C9A	region	583	68	54	117	28904	28704	50.000	8.34e-16	72.4
Ptyas_mucosa_C9A	region	583	67	392	457	18030	17830	49.254	4.78e-13	63.2
Ptyas_mucosa_C9A	region	583	39	19	57	31972	31856	64.103	6.66e-12	59.7
Ptyas_mucosa_C9A	region	583	107	203	296	24765	24481	29.907	7.19e-06	40.0
Ptyas_mucosa_C9A	region	583	26	1	26	36630	36553	57.692	0.004	31.2
Vipera_berus_C9A	region	583	94	262	355	23209	22940	56.383	1.23e-30	119
Vipera_berus_C9A	region	583	82	453	534	16919	16674	58.537	2.79e-27	108
Vipera_berus_C9A	region	583	47	157	203	25995	25855	65.957	1.92e-17	77.4
Vipera_berus_C9A	region	583	57	527	583	15160	14990	57.895	6.22e-17	75.9
Vipera_berus_C9A	region	583	67	95	156	27614	27414	55.224	2.08e-15	70.9
Vipera_berus_C9A	region	583	68	54	117	28904	28704	45.588	3.85e-14	67.0
Vipera_berus_C9A	region	583	56	402	457	17997	17830	51.786	3.39e-13	63.9
Vipera_berus_C9A	region	583	50	8	57	31996	31856	50.000	8.75e-12	59.3
Vipera_berus_C9A	region	583	107	203	296	24765	24481	29.907	9.45e-07	42.7
Vipera_berus_C9A	region	583	26	1	26	36630	36553	50.000	0.076	26.9
Vipera_berus_C9A	region	583	47	44	89	15109	14975	34.043	0.12	26.2
Sceloporus_undulatus_C9A	region	591	81	279	359	23182	22940	71.605	1.01e-33	129
Sceloporus_undulatus_C9A	region	591	82	457	538	16919	16674	64.634	5.10e-32	124
Sceloporus_undulatus_C9A	region	591	56	534	589	15151	14984	58.929	6.72e-18	79.0
Sceloporus_undulatus_C9A	region	591	47	156	202	25995	25855	68.085	1.50e-17	77.8
Sceloporus_undulatus_C9A	region	591	67	54	116	28904	28704	50.746	2.91e-17	77.0
Sceloporus_undulatus_C9A	region	591	56	101	155	27581	27414	64.286	2.18e-15	70.9
Sceloporus_undulatus_C9A	region	591	77	385	461	18045	17830	48.052	2.47e-14	67.4
Sceloporus_undulatus_C9A	region	591	39	19	57	31972	31856	58.974	9.57e-10	52.8
Sceloporus_undulatus_C9A	region	591	58	189	243	24813	24640	48.276	1.53e-09	52.0
Sceloporus_undulatus_C9A	region	591	42	358	399	21441	21316	35.714	0.004	31.2
Sceloporus_undulatus_C9A	region	591	26	1	26	36630	36553	61.538	0.006	30.4
Anolis_carolinensis_C9B	region	538	93	265	357	23212	22946	63.441	2.29e-30	117
Anolis_carolinensis_C9B	region	538	73	457	529	16919	16701	67.123	8.03e-28	110
Anolis_carolinensis_C9B	region	538	63	140	202	26037	25855	60.317	2.48e-19	83.2
Anolis_carolinensis_C9B	region	538	54	54	107	28904	28743	64.815	2.59e-18	80.1
Anolis_carolinensis_C9B	region	538	56	101	155	27581	27414	66.071	6.16e-17	75.5
Anolis_carolinensis_C9B	region	538	58	403	460	18006	17833	55.172	2.17e-15	70.9
Anolis_carolinensis_C9B	region	538	32	26	57	31951	31856	71.875	1.31e-11	58.5
Anolis_carolinensis_C9B	region	538	81	202	274	24765	24523	41.975	9.20e-09	49.3
Hydrophis_cyanocinctus_C9B	region	582	102	260	361	23212	22919	57.843	3.75e-34	130
Hydrophis_cyanocinctus_C9B	region	582	80	452	531	16919	16680	56.250	2.06e-24	99.8
Hydrophis_cyanocinctus_C9B	region	582	56	101	155	27581	27414	67.857	8.38e-18	78.6
Hydrophis_cyanocinctus_C9B	region	582	47	156	202	25995	25855	61.702	3.16e-16	73.6
Hydrophis_cyanocinctus_C9B	region	582	57	526	582	15160	14990	54.386	3.72e-15	70.1
Hydrophis_cyanocinctus_C9B	region	582	68	53	116	28904	28704	45.588	1.65e-12	61.6
Hydrophis_cyanocinctus_C9B	region	582	56	401	456	17997	17830	50.000	3.69e-12	60.5
Hydrophis_cyanocinctus_C9B	region	582	38	18	55	31972	31859	57.895	1.37e-09	52.0
Hydrophis_cyanocinctus_C9B	region	582	107	202	295	24765	24481	28.037	1.10e-05	39.3
Hydrophis_cyanocinctus_C9B	region	582	22	4	25	36618	36553	68.182	7.35e-04	33.5
Bothrops_jararaca_C9B	region	583	94	262	355	23209	22940	60.638	1.15e-32	125
Bothrops_jararaca_C9B	region	583	82	453	534	16919	16674	60.976	3.03e-28	112
Bothrops_jararaca_C9B	region	583	47	157	203	25995	25855	65.957	9.91e-18	78.6
Bothrops_jararaca_C9B	region	583	57	527	583	15160	14990	59.649	4.01e-17	76.6
Bothrops_jararaca_C9B	region	583	67	95	156	27614	27414	56.716	1.70e-16	74.3
Bothrops_jararaca_C9B	region	583	68	54	117	28904	28704	45.588	9.08e-15	68.9
Bothrops_jararaca_C9B	region	583	56	402	457	17997	17830	51.786	7.19e-13	62.8
Bothrops_jararaca_C9B	region	583	39	19	57	31972	31856	58.974	1.87e-11	58.2
Bothrops_jararaca_C9B	region	583	43	203	245	24765	24637	41.860	2.06e-06	41.6
Bothrops_jararaca_C9B	region	583	26	1	26	36630	36553	53.846	0.014	29.3
Bothrops_jararaca_C9B	region	583	46	44	89	15109	14975	30.435	0.11	26.2
Laticauda_colubrina_C9B	region	583	106	250	355	23245	22940	56.604	8.73e-34	129
Laticauda_colubrina_C9B	region	583	80	453	532	16919	16680	60.000	7.90e-26	104
Laticauda_colubrina_C9B	region	583	46	157	202	25995	25858	65.217	3.13e-17	77.0
Laticauda_colubrina_C9B	region	583	56	102	156	27581	27414	62.500	8.63e-16	72.4
Laticauda_colubrina_C9B	region	583	57	527	583	15160	14990	52.632	3.76e-15	70.1
Laticauda_colubrina_C9B	region	583	68	54	117	28904	28704	45.588	5.96e-13	63.2
Laticauda_colubrina_C9B	region	583	56	402	457	17997	17830	50.000	2.46e-12	60.8
Laticauda_colubrina_C9B	region	583	38	19	56	31972	31859	60.526	5.60e-11	56.6
Laticauda_colubrina_C9B	region	583	107	203	296	24765	24481	29.907	2.22e-05	38.5
Laticauda_colubrina_C9B	region	583	26	1	26	36630	36553	57.692	0.005	30.8
Pseudonaja_textilis_C9B	region	583	102	261	362	23212	22919	59.804	7.47e-35	132
Pseudonaja_textilis_C9B	region	583	80	453	532	16919	16680	61.250	4.59e-26	105
Pseudonaja_textilis_C9B	region	583	56	102	156	27581	27414	66.071	2.07e-17	77.4
Pseudonaja_textilis_C9B	region	583	47	157	203	25995	25855	63.830	1.26e-16	75.1
Pseudonaja_textilis_C9B	region	583	57	527	583	15160	14990	49.123	4.90e-13	63.2
Pseudonaja_textilis_C9B	region	583	68	54	117	28904	28704	45.588	5.16e-13	63.2
Pseudonaja_textilis_C9B	region	583	56	402	457	17997	17830	51.786	3.76e-12	60.5
Pseudonaja_textilis_C9B	region	583	39	19	57	31972	31856	58.974	7.68e-11	56.2
Pseudonaja_textilis_C9B	region	583	107	203	296	24765	24481	30.841	7.02e-07	43.1
Pseudonaja_textilis_C9B	region	583	26	1	26	36630	36553	57.692	0.004	30.8
Notechis_scutatus_C9B	region	583	102	261	362	23212	22919	58.824	9.35e-35	132
Notechis_scutatus_C9B	region	583	80	453	532	16919	16680	60.000	2.51e-26	105
Notechis_scutatus_C9B	region	583	56	102	156	27581	27414	67.857	7.99e-18	79.0
Notechis_scutatus_C9B	region	583	47	157	203	25995	25855	61.702	2.29e-16	73.9
Notechis_scutatus_C9B	region	583	57	527	583	15160	14990	54.386	3.96e-15	70.1
Notechis_scutatus_C9B	region	583	68	54	117	28904	28704	45.588	1.17e-12	62.0
Notechis_scutatus_C9B	region	583	56	402	457	17997	17830	50.000	2.27e-12	61.2
Notechis_scutatus_C9B	region	583	38	19	56	31972	31859	60.526	6.05e-11	56.6
Notechis_scutatus_C9B	region	583	107	203	296	24765	24481	27.103	2.94e-05	38.1
Notechis_scutatus_C9B	region	583	26	1	26	36630	36553	57.692	0.004	30.8
Notechis_scutatus_C9B	region	583	68	415	476	6663	6866	30.882	0.33	24.6
Pituophis_catenifer_C9B	region	583	99	261	359	23212	22928	57.576	6.03e-32	123
Pituophis_catenifer_C9B	region	583	82	453	534	16919	16674	60.976	1.07e-27	110
Pituophis_catenifer_C9B	region	583	67	95	156	27614	27414	65.672	5.07e-20	85.9
Pituophis_catenifer_C9B	region	583	47	157	203	25995	25855	70.213	1.50e-18	81.3
Pituophis_catenifer_C9B	region	583	57	527	583	15160	14990	56.140	9.01e-16	72.0
Pituophis_catenifer_C9B	region	583	68	54	117	28904	28704	50.000	1.39e-14	68.2
Pituophis_catenifer_C9B	region	583	67	395	457	18030	17830	46.269	1.81e-12	61.6
Pituophis_catenifer_C9B	region	583	40	19	58	31972	31853	52.500	9.53e-10	52.8
Pituophis_catenifer_C9B	region	583	26	1	26	36630	36553	57.692	0.003	31.6
Pituophis_catenifer_C9B	region	583	41	203	243	24765	24643	34.146	0.016	28.9
Pantherophis_obsoletus_C9B	region	583	99	261	359	23212	22928	58.586	3.59e-33	127
Pantherophis_obsoletus_C9B	region	583	82	453	534	16919	16674	53.659	1.18e-24	100
Pantherophis_obsoletus_C9B	region	583	67	95	156	27614	27414	65.672	6.56e-20	85.5
Pantherophis_obsoletus_C9B	region	583	47	157	203	25995	25855	70.213	1.72e-18	80.9
Pantherophis_obsoletus_C9B	region	583	56	528	583	15157	14990	60.714	4.30e-17	76.3
Pantherophis_obsoletus_C9B	region	583	84	38	117	28946	28704	44.048	1.83e-15	71.2
Pantherophis_obsoletus_C9B	region	583	62	396	457	18015	17830	45.161	1.01e-11	58.9
Pantherophis_obsoletus_C9B	region	583	39	19	57	31972	31856	61.538	4.38e-11	57.0
Pantherophis_obsoletus_C9B	region	583	26	1	26	36630	36553	57.692	0.003	31.6
Pantherophis_obsoletus_C9B	region	583	41	203	243	24765	24643	34.146	0.016	28.9
Pantherophis_obsoletus_C9B	region	583	43	44	85	15109	14987	34.884	0.48	24.3
Crotalus_tigris_C9B	region	583	99	261	359	23212	22928	57.576	9.42e-32	122
Crotalus_tigris_C9B	region	583	83	453	535	16919	16671	57.831	1.47e-27	109
Crotalus_tigris_C9B	region	583	67	95	156	27614	27414	61.194	1.75e-18	80.9
Crotalus_tigris_C9B	region	583	47	157	203	25995	25855	65.957	4.41e-17	76.3
Crotalus_tigris_C9B	region	583	56	528	583	15157	14990	57.143	2.23e-16	73.9
Crotalus_tigris_C9B	region	583	84	38	117	28946	28704	42.857	5.77e-15	69.7
Crotalus_tigris_C9B	region	583	56	402	457	17997	17830	50.000	7.19e-12	59.3
Crotalus_tigris_C9B	region	583	39	19	57	31972	31856	58.974	3.40e-10	53.9
Crotalus_tigris_C9B	region	583	26	1	26	36630	36553	53.846	0.005	30.4
Crotalus_tigris_C9B	region	583	46	44	89	15109	14975	32.609	0.17	25.4
Ptyas_mucosa_C9B	region	583	93	261	353	23212	22946	60.215	9.85e-32	122
Ptyas_mucosa_C9B	region	583	82	453	534	16919	16674	52.439	1.06e-23	97.8
Ptyas_mucosa_C9B	region	583	56	102	156	27581	27414	71.429	2.77e-19	83.6
Ptyas_mucosa_C9B	region	583	47	157	203	25995	25855	70.213	1.27e-18	81.3
Ptyas_mucosa_C9B	region	583	56	528	583	15157	14990	60.714	2.85e-17	77.0
Ptyas_mucosa_C9B	region	583	94	54	143	28904	28650	39.362	6.79e-15	69.3
Ptyas_mucosa_C9B	region	583	56	402	457	17997	17830	50.000	5.96e-12	59.7
Ptyas_mucosa_C9B	region	583	39	19	57	31972	31856	43.590	2.25e-07	44.7
Ptyas_mucosa_C9B	region	583	24	1	24	36630	36559	62.500	0.002	32.0
Ptyas_mucosa_C9B	region	583	41	203	243	24765	24643	36.585	0.002	31.6
Ptyas_mucosa_C9B	region	583	36	502	537	19485	19580	38.889	0.52	23.9
