Correlophus_ciliatus_C9A	JBBPXQ010000006.1	610	86	294	379	20699559	20699302	95.349	4.24e-44	175
Correlophus_ciliatus_C9A	JBBPXQ010000006.1	610	85	211	295	20701136	20700882	100.000	1.01e-43	174
Correlophus_ciliatus_C9A	JBBPXQ010000006.1	610	82	474	555	20693290	20693045	92.683	8.57e-41	165
Correlophus_ciliatus_C9A	JBBPXQ010000006.1	610	62	549	610	20691528	20691343	93.548	1.53e-28	127
Correlophus_ciliatus_C9A	JBBPXQ010000006.1	610	61	417	477	20694386	20694204	100.000	3.42e-27	123
Correlophus_ciliatus_C9A	JBBPXQ010000006.1	610	56	109	164	20703952	20703785	92.857	1.26e-22	108
Correlophus_ciliatus_C9A	JBBPXQ010000006.1	610	65	64	124	20705269	20705075	78.462	1.70e-22	108
Correlophus_ciliatus_C9A	JBBPXQ010000006.1	610	47	165	211	20702366	20702226	97.872	2.87e-21	104
Correlophus_ciliatus_C9A	JBBPXQ010000006.1	610	40	26	65	20708346	20708227	100.000	4.02e-17	91.3
Correlophus_ciliatus_C9A	JBBPXQ010000006.1	610	42	375	416	20697812	20697687	100.000	2.33e-16	89.0
Correlophus_ciliatus_C9A	JBBPXQ010000006.1	610	65	545	609	21409884	21410075	47.692	4.72e-08	62.0
Correlophus_ciliatus_C9A	JBBPXQ010000006.1	610	88	298	385	21455478	21455215	34.091	2.28e-07	59.7
Correlophus_ciliatus_C9A	JBBPXQ010000006.1	610	59	57	115	21508840	21508664	44.068	6.54e-07	58.2
Correlophus_ciliatus_C9A	JBBPXQ010000006.1	610	26	1	26	20713001	20712924	100.000	2.47e-06	56.2
Correlophus_ciliatus_C9A	JBBPXQ010000006.1	610	80	296	375	21501105	21500866	33.750	2.62e-06	56.2
Correlophus_ciliatus_C9A	JBBPXQ010000006.1	610	67	479	545	21408104	21408301	38.806	8.82e-06	54.7
Correlophus_ciliatus_C9A	JBBPXQ010000014.1	610	233	319	544	35639239	35639895	25.322	2.44e-09	66.2
Correlophus_ciliatus_C9A	JBBPXQ010000004.1	610	46	559	604	69178336	69178473	60.870	3.48e-08	62.4
Correlophus_ciliatus_C9A	JBBPXQ010000004.1	610	66	481	545	69176795	69176992	42.424	1.84e-07	60.1
Correlophus_ciliatus_C9A	JBBPXQ010000004.1	610	78	298	375	69149947	69150180	35.897	4.21e-07	58.9
